INFO:root:2021-07-21-10--47--23 Parameter Generation Success
INFO:root:2021-07-21-10--47--23 Colour Conversion Completed
INFO:root:2021-07-21-10--47--23 Sleep Check Completed
INFO:root:2021-07-21-10--47--23 Frame manipulations completed
INFO:root:2021-07-21-10--47--23 Bounding Box Drawn
INFO:root:2021-07-21-10--47--29 MovingFrameQueue Appended
INFO:root:2021-07-21-10--47--29 anomallyFrameTracker resetted to 200
INFO:root:2021-07-21-10--47--29 Colour Conversion Completed
INFO:root:2021-07-21-10--47--29 Sleep Check Completed
INFO:root:2021-07-21-10--47--29 Frame manipulations completed
INFO:root:2021-07-21-10--47--29 Bounding Box Drawn
INFO:root:2021-07-21-10--47--29 MovingFrameQueue Appended
INFO:root:2021-07-21-10--47--29 anomallyFrameTracker resetted to 200
INFO:root:2021-07-21-10--47--29 Colour Conversion Completed
INFO:root:2021-07-21-10--47--29 Sleep Check Completed
INFO:root:2021-07-21-10--47--29 Frame manipulations completed
INFO:root:2021-07-21-10--47--29 Bounding Box Drawn
INFO:root:2021-07-21-10--47--29 MovingFrameQueue Appended
INFO:root:2021-07-21-10--47--29 anomallyFrameTracker resetted to 200
INFO:root:2021-07-21-10--47--29 Colour Conversion Completed
INFO:root:2021-07-21-10--47--29 Sleep Check Completed
INFO:root:2021-07-21-10--47--29 Frame manipulations completed
INFO:root:2021-07-21-10--47--29 Bounding Box Drawn
INFO:root:2021-07-21-10--47--29 MovingFrameQueue Appended
INFO:root:2021-07-21-10--47--29 anomallyFrameTracker resetted to 200
INFO:root:2021-07-21-10--47--29 Colour Conversion Completed
INFO:root:2021-07-21-10--47--29 Sleep Check Completed
INFO:root:2021-07-21-10--47--29 Frame manipulations completed
INFO:root:2021-07-21-10--47--29 Bounding Box Drawn
INFO:root:2021-07-21-10--47--30 MovingFrameQueue Appended
INFO:root:2021-07-21-10--47--30 anomallyFrameTracker resetted to 200
INFO:root:2021-07-21-10--47--30 Colour Conversion Completed
INFO:root:2021-07-21-10--47--30 Sleep Check Completed
INFO:root:2021-07-21-10--47--30 Frame manipulations completed
INFO:root:2021-07-21-10--47--30 Bounding Box Drawn
INFO:root:2021-07-21-10--47--30 MovingFrameQueue Appended
INFO:root:2021-07-21-10--47--30 anomallyFrameTracker resetted to 200
INFO:root:2021-07-21-10--47--30 Colour Conversion Completed
INFO:root:2021-07-21-10--47--30 Sleep Check Completed
INFO:root:2021-07-21-10--47--30 Frame manipulations completed
INFO:root:2021-07-21-10--47--30 Bounding Box Drawn
INFO:root:2021-07-21-10--47--30 MovingFrameQueue Appended
INFO:root:2021-07-21-10--47--30 anomallyFrameTracker resetted to 200
INFO:root:2021-07-21-10--47--30 Colour Conversion Completed
INFO:root:2021-07-21-10--47--30 Sleep Check Completed
INFO:root:2021-07-21-10--47--30 Frame manipulations completed
INFO:root:2021-07-21-10--47--30 Bounding Box Drawn
INFO:root:2021-07-21-10--47--30 MovingFrameQueue Appended
INFO:root:2021-07-21-10--47--30 anomallyFrameTracker resetted to 200
INFO:root:2021-07-21-10--47--30 Colour Conversion Completed
INFO:root:2021-07-21-10--47--30 Sleep Check Completed
INFO:root:2021-07-21-10--47--30 Frame manipulations completed
INFO:root:2021-07-21-10--47--30 Bounding Box Drawn
INFO:root:2021-07-21-10--47--31 MovingFrameQueue Appended
INFO:root:2021-07-21-10--47--31 anomallyFrameTracker resetted to 200
INFO:root:2021-07-21-10--47--31 Colour Conversion Completed
INFO:root:2021-07-21-10--47--31 Sleep Check Completed
INFO:root:2021-07-21-10--47--31 Frame manipulations completed
INFO:root:2021-07-21-10--47--31 Bounding Box Drawn
INFO:root:2021-07-21-10--47--31 MovingFrameQueue Appended
INFO:root:2021-07-21-10--47--31 anomallyFrameTracker resetted to 200
INFO:root:2021-07-21-10--47--31 Colour Conversion Completed
INFO:root:2021-07-21-10--47--31 Sleep Check Completed
INFO:root:2021-07-21-10--47--31 Frame manipulations completed
INFO:root:2021-07-21-10--47--31 Bounding Box Drawn
INFO:root:2021-07-21-10--47--31 MovingFrameQueue Appended
INFO:root:2021-07-21-10--47--31 anomallyFrameTracker resetted to 200
INFO:root:2021-07-21-10--47--31 Colour Conversion Completed
INFO:root:2021-07-21-10--47--31 Sleep Check Completed
INFO:root:2021-07-21-10--47--31 Frame manipulations completed
INFO:root:2021-07-21-10--47--31 Bounding Box Drawn
INFO:root:2021-07-21-10--47--31 MovingFrameQueue Appended
INFO:root:2021-07-21-10--47--31 anomallyFrameTracker resetted to 200
INFO:root:2021-07-21-10--47--31 Colour Conversion Completed
INFO:root:2021-07-21-10--47--31 Sleep Check Completed
INFO:root:2021-07-21-10--47--31 Frame manipulations completed
INFO:root:2021-07-21-10--47--31 Bounding Box Drawn
INFO:root:2021-07-21-10--47--32 MovingFrameQueue Appended
INFO:root:2021-07-21-10--47--32 anomallyFrameTracker resetted to 200
INFO:root:2021-07-21-10--47--32 Colour Conversion Completed
INFO:root:2021-07-21-10--47--32 Sleep Check Completed
INFO:root:2021-07-21-10--47--32 Frame manipulations completed
INFO:root:2021-07-21-10--47--32 Bounding Box Drawn
INFO:root:2021-07-21-10--47--32 MovingFrameQueue Appended
INFO:root:2021-07-21-10--47--32 anomallyFrameTracker resetted to 200
INFO:root:2021-07-21-10--47--32 Colour Conversion Completed
INFO:root:2021-07-21-10--47--32 Sleep Check Completed
INFO:root:2021-07-21-10--47--32 Frame manipulations completed
INFO:root:2021-07-21-10--47--32 Bounding Box Drawn
INFO:root:2021-07-21-10--47--32 MovingFrameQueue Appended
INFO:root:2021-07-21-10--47--32 anomallyFrameTracker resetted to 200
INFO:root:2021-07-21-10--47--32 Colour Conversion Completed
INFO:root:2021-07-21-10--47--32 Sleep Check Completed
INFO:root:2021-07-21-10--47--32 Frame manipulations completed
INFO:root:2021-07-21-10--47--32 Bounding Box Drawn
INFO:root:2021-07-21-10--47--32 MovingFrameQueue Appended
INFO:root:2021-07-21-10--47--32 anomallyFrameTracker resetted to 200
INFO:root:2021-07-21-10--47--32 Colour Conversion Completed
INFO:root:2021-07-21-10--47--32 Sleep Check Completed
INFO:root:2021-07-21-10--47--32 Frame manipulations completed
INFO:root:2021-07-21-10--47--32 Bounding Box Drawn
INFO:root:2021-07-21-10--47--32 MovingFrameQueue Appended
INFO:root:2021-07-21-10--47--32 anomallyFrameTracker resetted to 200
INFO:root:2021-07-21-10--47--32 Colour Conversion Completed
INFO:root:2021-07-21-10--47--32 Sleep Check Completed
INFO:root:2021-07-21-10--47--32 Frame manipulations completed
INFO:root:2021-07-21-10--47--32 Bounding Box Drawn
INFO:root:2021-07-21-10--47--33 MovingFrameQueue Appended
INFO:root:2021-07-21-10--47--33 anomallyFrameTracker resetted to 200
INFO:root:2021-07-21-10--47--33 Colour Conversion Completed
INFO:root:2021-07-21-10--47--33 Sleep Check Completed
INFO:root:2021-07-21-10--47--33 Frame manipulations completed
INFO:root:2021-07-21-10--47--33 Bounding Box Drawn
INFO:root:2021-07-21-10--47--33 MovingFrameQueue Appended
INFO:root:2021-07-21-10--47--33 anomallyFrameTracker resetted to 200
INFO:root:2021-07-21-10--47--33 Colour Conversion Completed
INFO:root:2021-07-21-10--47--33 Sleep Check Completed
INFO:root:2021-07-21-10--47--33 Frame manipulations completed
INFO:root:2021-07-21-10--47--33 Bounding Box Drawn
INFO:root:2021-07-21-10--47--33 MovingFrameQueue Appended
INFO:root:2021-07-21-10--47--33 anomallyFrameTracker resetted to 200
INFO:root:2021-07-21-10--47--33 Colour Conversion Completed
INFO:root:2021-07-21-10--47--33 Sleep Check Completed
INFO:root:2021-07-21-10--47--33 Frame manipulations completed
INFO:root:2021-07-21-10--47--33 Bounding Box Drawn
INFO:root:2021-07-21-10--47--33 MovingFrameQueue Appended
INFO:root:2021-07-21-10--47--33 anomallyFrameTracker resetted to 200
INFO:root:2021-07-21-10--47--33 Colour Conversion Completed
INFO:root:2021-07-21-10--47--34 Sleep Check Completed
INFO:root:2021-07-21-10--47--34 Frame manipulations completed
INFO:root:2021-07-21-10--47--34 Bounding Box Drawn
INFO:root:2021-07-21-10--47--34 MovingFrameQueue Appended
INFO:root:2021-07-21-10--47--34 anomallyFrameTracker resetted to 200
INFO:root:2021-07-21-10--47--34 Colour Conversion Completed
INFO:root:2021-07-21-10--47--34 Sleep Check Completed
INFO:root:2021-07-21-10--47--34 Frame manipulations completed
INFO:root:2021-07-21-10--47--34 Bounding Box Drawn
INFO:root:2021-07-21-10--47--34 MovingFrameQueue Appended
INFO:root:2021-07-21-10--47--34 anomallyFrameTracker resetted to 200
INFO:root:2021-07-21-10--47--34 Colour Conversion Completed
INFO:root:2021-07-21-10--47--34 Sleep Check Completed
INFO:root:2021-07-21-10--47--34 Frame manipulations completed
INFO:root:2021-07-21-10--47--34 Bounding Box Drawn
INFO:root:2021-07-21-10--47--34 MovingFrameQueue Appended
INFO:root:2021-07-21-10--47--34 anomallyFrameTracker resetted to 200
INFO:root:2021-07-21-10--47--34 Colour Conversion Completed
INFO:root:2021-07-21-10--47--34 Sleep Check Completed
INFO:root:2021-07-21-10--47--34 Frame manipulations completed
INFO:root:2021-07-21-10--47--34 Bounding Box Drawn
INFO:root:2021-07-21-10--47--34 MovingFrameQueue Appended
INFO:root:2021-07-21-10--47--34 anomallyFrameTracker resetted to 200
INFO:root:2021-07-21-10--47--34 Colour Conversion Completed
INFO:root:2021-07-21-10--47--35 Sleep Check Completed
INFO:root:2021-07-21-10--47--35 Frame manipulations completed
INFO:root:2021-07-21-10--47--35 Bounding Box Drawn
INFO:root:2021-07-21-10--47--35 MovingFrameQueue Appended
INFO:root:2021-07-21-10--47--35 anomallyFrameTracker resetted to 200
INFO:root:2021-07-21-10--47--35 Colour Conversion Completed
INFO:root:2021-07-21-10--47--35 Sleep Check Completed
INFO:root:2021-07-21-10--47--35 Frame manipulations completed
INFO:root:2021-07-21-10--47--35 Bounding Box Drawn
INFO:root:2021-07-21-10--47--35 MovingFrameQueue Appended
INFO:root:2021-07-21-10--47--35 anomallyFrameTracker resetted to 200
INFO:root:2021-07-21-10--47--35 Colour Conversion Completed
INFO:root:2021-07-21-10--47--35 Sleep Check Completed
INFO:root:2021-07-21-10--47--35 Frame manipulations completed
INFO:root:2021-07-21-10--47--35 Bounding Box Drawn
INFO:root:2021-07-21-10--47--35 MovingFrameQueue Appended
INFO:root:2021-07-21-10--47--35 anomallyFrameTracker resetted to 200
INFO:root:2021-07-21-10--47--35 Colour Conversion Completed
INFO:root:2021-07-21-10--47--35 Sleep Check Completed
INFO:root:2021-07-21-10--47--35 Frame manipulations completed
INFO:root:2021-07-21-10--47--35 Bounding Box Drawn
INFO:root:2021-07-21-10--47--35 MovingFrameQueue Appended
INFO:root:2021-07-21-10--47--35 anomallyFrameTracker resetted to 200
INFO:root:2021-07-21-10--47--35 Colour Conversion Completed
INFO:root:2021-07-21-10--47--35 Sleep Check Completed
INFO:root:2021-07-21-10--47--35 Frame manipulations completed
INFO:root:2021-07-21-10--47--35 Bounding Box Drawn
INFO:root:2021-07-21-10--47--35 MovingFrameQueue Appended
INFO:root:2021-07-21-10--47--35 anomallyFrameTracker resetted to 200
INFO:root:2021-07-21-10--47--35 Colour Conversion Completed
INFO:root:2021-07-21-10--47--35 Sleep Check Completed
INFO:root:2021-07-21-10--47--35 Frame manipulations completed
INFO:root:2021-07-21-10--47--35 Bounding Box Drawn
INFO:root:2021-07-21-10--47--36 MovingFrameQueue Appended
INFO:root:2021-07-21-10--47--36 anomallyFrameTracker resetted to 200
INFO:root:2021-07-21-10--47--36 Colour Conversion Completed
INFO:root:2021-07-21-10--47--36 Sleep Check Completed
INFO:root:2021-07-21-10--47--36 Frame manipulations completed
INFO:root:2021-07-21-10--47--36 Bounding Box Drawn
INFO:root:2021-07-21-10--47--36 MovingFrameQueue Appended
INFO:root:2021-07-21-10--47--36 anomallyFrameTracker resetted to 200
INFO:root:2021-07-21-10--47--36 Colour Conversion Completed
INFO:root:2021-07-21-10--47--36 Sleep Check Completed
INFO:root:2021-07-21-10--47--36 Frame manipulations completed
INFO:root:2021-07-21-10--47--36 Bounding Box Drawn
INFO:root:2021-07-21-10--47--36 MovingFrameQueue Appended
INFO:root:2021-07-21-10--47--36 anomallyFrameTracker resetted to 200
INFO:root:2021-07-21-10--47--36 Colour Conversion Completed
INFO:root:2021-07-21-10--47--36 Sleep Check Completed
INFO:root:2021-07-21-10--47--36 Frame manipulations completed
INFO:root:2021-07-21-10--47--36 Bounding Box Drawn
INFO:root:2021-07-21-10--47--36 MovingFrameQueue Appended
INFO:root:2021-07-21-10--47--36 anomallyFrameTracker resetted to 200
INFO:root:2021-07-21-10--47--36 Colour Conversion Completed
INFO:root:2021-07-21-10--47--36 Sleep Check Completed
INFO:root:2021-07-21-10--47--36 Frame manipulations completed
INFO:root:2021-07-21-10--47--36 Bounding Box Drawn
INFO:root:2021-07-21-10--47--36 MovingFrameQueue Appended
INFO:root:2021-07-21-10--47--36 anomallyFrameTracker resetted to 200
INFO:root:2021-07-21-10--47--36 Colour Conversion Completed
INFO:root:2021-07-21-10--47--36 Sleep Check Completed
INFO:root:2021-07-21-10--47--36 Frame manipulations completed
INFO:root:2021-07-21-10--47--36 Bounding Box Drawn
INFO:root:2021-07-21-10--47--36 MovingFrameQueue Appended
INFO:root:2021-07-21-10--47--36 anomallyFrameTracker resetted to 200
INFO:root:2021-07-21-10--47--36 Colour Conversion Completed
INFO:root:2021-07-21-10--47--36 Sleep Check Completed
INFO:root:2021-07-21-10--47--36 Frame manipulations completed
INFO:root:2021-07-21-10--47--36 Bounding Box Drawn
INFO:root:2021-07-21-10--47--37 MovingFrameQueue Appended
INFO:root:2021-07-21-10--47--37 anomallyFrameTracker resetted to 200
INFO:root:2021-07-21-10--47--37 Colour Conversion Completed
INFO:root:2021-07-21-10--47--37 Sleep Check Completed
INFO:root:2021-07-21-10--47--37 Frame manipulations completed
INFO:root:2021-07-21-10--47--37 Bounding Box Drawn
INFO:root:2021-07-21-10--47--37 MovingFrameQueue Appended
INFO:root:2021-07-21-10--47--37 anomallyFrameTracker resetted to 200
INFO:root:2021-07-21-10--47--37 Colour Conversion Completed
INFO:root:2021-07-21-10--47--37 Sleep Check Completed
INFO:root:2021-07-21-10--47--37 Frame manipulations completed
INFO:root:2021-07-21-10--47--37 Bounding Box Drawn
INFO:root:2021-07-21-10--47--37 MovingFrameQueue Appended
INFO:root:2021-07-21-10--47--37 anomallyFrameTracker resetted to 200
INFO:root:2021-07-21-10--47--37 Colour Conversion Completed
INFO:root:2021-07-21-10--47--37 Sleep Check Completed
INFO:root:2021-07-21-10--47--37 Frame manipulations completed
INFO:root:2021-07-21-10--47--37 Bounding Box Drawn
INFO:root:2021-07-21-10--47--37 MovingFrameQueue Appended
INFO:root:2021-07-21-10--47--37 anomallyFrameTracker resetted to 200
INFO:root:2021-07-21-10--47--37 Colour Conversion Completed
INFO:root:2021-07-21-10--47--37 Sleep Check Completed
INFO:root:2021-07-21-10--47--37 Frame manipulations completed
INFO:root:2021-07-21-10--47--37 Bounding Box Drawn
INFO:root:2021-07-21-10--47--37 MovingFrameQueue Appended
INFO:root:2021-07-21-10--47--37 anomallyFrameTracker resetted to 200
INFO:root:2021-07-21-10--47--37 Colour Conversion Completed
INFO:root:2021-07-21-10--47--37 Sleep Check Completed
INFO:root:2021-07-21-10--47--37 Frame manipulations completed
INFO:root:2021-07-21-10--47--37 Bounding Box Drawn
INFO:root:2021-07-21-10--47--37 MovingFrameQueue Appended
INFO:root:2021-07-21-10--47--37 anomallyFrameTracker resetted to 200
INFO:root:2021-07-21-10--47--37 Colour Conversion Completed
INFO:root:2021-07-21-10--47--37 Sleep Check Completed
INFO:root:2021-07-21-10--47--37 Frame manipulations completed
INFO:root:2021-07-21-10--47--37 Bounding Box Drawn
INFO:root:2021-07-21-10--47--38 MovingFrameQueue Appended
INFO:root:2021-07-21-10--47--38 anomallyFrameTracker resetted to 200
INFO:root:2021-07-21-10--47--38 Colour Conversion Completed
INFO:root:2021-07-21-10--47--38 Sleep Check Completed
INFO:root:2021-07-21-10--47--38 Frame manipulations completed
INFO:root:2021-07-21-10--47--38 Bounding Box Drawn
INFO:root:2021-07-21-10--47--38 MovingFrameQueue Appended
INFO:root:2021-07-21-10--47--38 anomallyFrameTracker resetted to 200
INFO:root:2021-07-21-10--47--38 Colour Conversion Completed
INFO:root:2021-07-21-10--47--38 Sleep Check Completed
INFO:root:2021-07-21-10--47--38 Frame manipulations completed
INFO:root:2021-07-21-10--47--38 Bounding Box Drawn
INFO:root:2021-07-21-10--47--38 MovingFrameQueue Appended
INFO:root:2021-07-21-10--47--38 anomallyFrameTracker resetted to 200
INFO:root:2021-07-21-10--47--38 Colour Conversion Completed
INFO:root:2021-07-21-10--47--38 Sleep Check Completed
INFO:root:2021-07-21-10--47--38 Frame manipulations completed
INFO:root:2021-07-21-10--47--38 Bounding Box Drawn
INFO:root:2021-07-21-10--47--38 MovingFrameQueue Appended
INFO:root:2021-07-21-10--47--38 anomallyFrameTracker resetted to 200
INFO:root:2021-07-21-10--47--38 Colour Conversion Completed
INFO:root:2021-07-21-10--47--38 Sleep Check Completed
INFO:root:2021-07-21-10--47--38 Frame manipulations completed
INFO:root:2021-07-21-10--47--38 Bounding Box Drawn
INFO:root:2021-07-21-10--47--38 MovingFrameQueue Appended
INFO:root:2021-07-21-10--47--38 anomallyFrameTracker resetted to 200
INFO:root:2021-07-21-10--47--38 Colour Conversion Completed
INFO:root:2021-07-21-10--47--38 Sleep Check Completed
INFO:root:2021-07-21-10--47--38 Frame manipulations completed
INFO:root:2021-07-21-10--47--38 Bounding Box Drawn
INFO:root:2021-07-21-10--47--38 MovingFrameQueue Appended
INFO:root:2021-07-21-10--47--38 anomallyFrameTracker resetted to 200
INFO:root:2021-07-21-10--47--38 Colour Conversion Completed
INFO:root:2021-07-21-10--47--38 Sleep Check Completed
INFO:root:2021-07-21-10--47--38 Frame manipulations completed
INFO:root:2021-07-21-10--47--38 Bounding Box Drawn
INFO:root:2021-07-21-10--47--39 MovingFrameQueue Appended
INFO:root:2021-07-21-10--47--39 anomallyFrameTracker resetted to 200
INFO:root:2021-07-21-10--47--39 Colour Conversion Completed
INFO:root:2021-07-21-10--47--39 Sleep Check Completed
INFO:root:2021-07-21-10--47--39 Frame manipulations completed
INFO:root:2021-07-21-10--47--39 Bounding Box Drawn
INFO:root:2021-07-21-10--47--39 MovingFrameQueue Appended
INFO:root:2021-07-21-10--47--39 anomallyFrameTracker resetted to 200
INFO:root:2021-07-21-10--47--39 Colour Conversion Completed
INFO:root:2021-07-21-10--47--39 Sleep Check Completed
INFO:root:2021-07-21-10--47--39 Frame manipulations completed
INFO:root:2021-07-21-10--47--39 Bounding Box Drawn
INFO:root:2021-07-21-10--47--39 MovingFrameQueue Appended
INFO:root:2021-07-21-10--47--39 anomallyFrameTracker resetted to 200
INFO:root:2021-07-21-10--47--39 Colour Conversion Completed
INFO:root:2021-07-21-10--47--39 Sleep Check Completed
INFO:root:2021-07-21-10--47--39 Frame manipulations completed
INFO:root:2021-07-21-10--47--39 Bounding Box Drawn
INFO:root:2021-07-21-10--47--39 MovingFrameQueue Popped
INFO:root:2021-07-21-10--47--39 anomallyFrameTracker resetted to 200
INFO:root:2021-07-21-10--47--39 Colour Conversion Completed
INFO:root:2021-07-21-10--47--39 Sleep Check Completed
INFO:root:2021-07-21-10--47--39 Frame manipulations completed
INFO:root:2021-07-21-10--47--39 Bounding Box Drawn
INFO:root:2021-07-21-10--47--39 MovingFrameQueue Appended
INFO:root:2021-07-21-10--47--39 anomallyFrameTracker resetted to 200
INFO:root:2021-07-21-10--47--39 Colour Conversion Completed
INFO:root:2021-07-21-10--47--39 Sleep Check Completed
INFO:root:2021-07-21-10--47--39 Frame manipulations completed
INFO:root:2021-07-21-10--47--39 Bounding Box Drawn
INFO:root:2021-07-21-10--47--39 MovingFrameQueue Popped
INFO:root:2021-07-21-10--47--39 anomallyFrameTracker resetted to 200
INFO:root:2021-07-21-10--47--39 Colour Conversion Completed
INFO:root:2021-07-21-10--47--39 Sleep Check Completed
INFO:root:2021-07-21-10--47--39 Frame manipulations completed
INFO:root:2021-07-21-10--47--39 Bounding Box Drawn
INFO:root:2021-07-21-10--47--40 MovingFrameQueue Appended
INFO:root:2021-07-21-10--47--40 anomallyFrameTracker resetted to 200
INFO:root:2021-07-21-10--47--40 Colour Conversion Completed
INFO:root:2021-07-21-10--47--40 Sleep Check Completed
INFO:root:2021-07-21-10--47--40 Frame manipulations completed
INFO:root:2021-07-21-10--47--40 Bounding Box Drawn
INFO:root:2021-07-21-10--47--40 MovingFrameQueue Popped
INFO:root:2021-07-21-10--47--40 anomallyFrameTracker resetted to 200
INFO:root:2021-07-21-10--47--40 Colour Conversion Completed
INFO:root:2021-07-21-10--47--40 Sleep Check Completed
INFO:root:2021-07-21-10--47--40 Frame manipulations completed
INFO:root:2021-07-21-10--47--40 Bounding Box Drawn
INFO:root:2021-07-21-10--47--40 MovingFrameQueue Appended
INFO:root:2021-07-21-10--47--40 anomallyFrameTracker resetted to 200
INFO:root:2021-07-21-10--47--40 Colour Conversion Completed
INFO:root:2021-07-21-10--47--40 Sleep Check Completed
INFO:root:2021-07-21-10--47--40 Frame manipulations completed
INFO:root:2021-07-21-10--47--40 Bounding Box Drawn
INFO:root:2021-07-21-10--47--40 MovingFrameQueue Popped
INFO:root:2021-07-21-10--47--40 anomallyFrameTracker resetted to 200
INFO:root:2021-07-21-10--47--40 Colour Conversion Completed
INFO:root:2021-07-21-10--47--40 Sleep Check Completed
INFO:root:2021-07-21-10--47--40 Frame manipulations completed
INFO:root:2021-07-21-10--47--40 Bounding Box Drawn
INFO:root:2021-07-21-10--47--40 MovingFrameQueue Appended
INFO:root:2021-07-21-10--47--40 anomallyFrameTracker resetted to 200
INFO:root:2021-07-21-10--47--40 Colour Conversion Completed
INFO:root:2021-07-21-10--47--40 Sleep Check Completed
INFO:root:2021-07-21-10--47--40 Frame manipulations completed
INFO:root:2021-07-21-10--47--40 Bounding Box Drawn
INFO:root:2021-07-21-10--47--40 MovingFrameQueue Popped
INFO:root:2021-07-21-10--47--40 anomallyFrameTracker resetted to 200
INFO:root:2021-07-21-10--47--40 Colour Conversion Completed
INFO:root:2021-07-21-10--47--40 Sleep Check Completed
INFO:root:2021-07-21-10--47--40 Frame manipulations completed
INFO:root:2021-07-21-10--47--40 Bounding Box Drawn
INFO:root:2021-07-21-10--47--41 MovingFrameQueue Appended
INFO:root:2021-07-21-10--47--41 anomallyFrameTracker resetted to 200
INFO:root:2021-07-21-10--47--41 Colour Conversion Completed
INFO:root:2021-07-21-10--47--41 Sleep Check Completed
INFO:root:2021-07-21-10--47--41 Frame manipulations completed
INFO:root:2021-07-21-10--47--41 Bounding Box Drawn
INFO:root:2021-07-21-10--47--41 MovingFrameQueue Popped
INFO:root:2021-07-21-10--47--41 anomallyFrameTracker resetted to 200
INFO:root:2021-07-21-10--47--41 Colour Conversion Completed
INFO:root:2021-07-21-10--47--41 Sleep Check Completed
INFO:root:2021-07-21-10--47--41 Frame manipulations completed
INFO:root:2021-07-21-10--47--41 Bounding Box Drawn
INFO:root:2021-07-21-10--47--41 MovingFrameQueue Appended
INFO:root:2021-07-21-10--47--41 anomallyFrameTracker resetted to 200
INFO:root:2021-07-21-10--47--41 Colour Conversion Completed
INFO:root:2021-07-21-10--47--41 Sleep Check Completed
INFO:root:2021-07-21-10--47--41 Frame manipulations completed
INFO:root:2021-07-21-10--47--41 Bounding Box Drawn
INFO:root:2021-07-21-10--47--41 MovingFrameQueue Popped
INFO:root:2021-07-21-10--47--41 anomallyFrameTracker resetted to 200
INFO:root:2021-07-21-10--47--41 Colour Conversion Completed
INFO:root:2021-07-21-10--47--41 Sleep Check Completed
INFO:root:2021-07-21-10--47--41 Frame manipulations completed
INFO:root:2021-07-21-10--47--41 Bounding Box Drawn
INFO:root:2021-07-21-10--47--41 MovingFrameQueue Appended
INFO:root:2021-07-21-10--47--41 anomallyFrameTracker resetted to 200
INFO:root:2021-07-21-10--47--41 Colour Conversion Completed
INFO:root:2021-07-21-10--47--41 Sleep Check Completed
INFO:root:2021-07-21-10--47--41 Frame manipulations completed
INFO:root:2021-07-21-10--47--41 Bounding Box Drawn
INFO:root:2021-07-21-10--47--41 MovingFrameQueue Popped
INFO:root:2021-07-21-10--47--41 anomallyFrameTracker resetted to 200
INFO:root:2021-07-21-10--47--41 Colour Conversion Completed
INFO:root:2021-07-21-10--47--41 Sleep Check Completed
INFO:root:2021-07-21-10--47--41 Frame manipulations completed
INFO:root:2021-07-21-10--47--41 Bounding Box Drawn
INFO:root:2021-07-21-10--47--42 MovingFrameQueue Appended
INFO:root:2021-07-21-10--47--42 anomallyFrameTracker resetted to 200
INFO:root:2021-07-21-10--47--42 Colour Conversion Completed
INFO:root:2021-07-21-10--47--42 Sleep Check Completed
INFO:root:2021-07-21-10--47--42 Frame manipulations completed
INFO:root:2021-07-21-10--47--42 Bounding Box Drawn
INFO:root:2021-07-21-10--47--42 MovingFrameQueue Popped
INFO:root:2021-07-21-10--47--42 anomallyFrameTracker resetted to 200
INFO:root:2021-07-21-10--47--42 Colour Conversion Completed
INFO:root:2021-07-21-10--47--42 Sleep Check Completed
INFO:root:2021-07-21-10--47--42 Frame manipulations completed
INFO:root:2021-07-21-10--47--42 Bounding Box Drawn
INFO:root:2021-07-21-10--47--42 MovingFrameQueue Appended
INFO:root:2021-07-21-10--47--42 anomallyFrameTracker resetted to 200
INFO:root:2021-07-21-10--47--42 Colour Conversion Completed
INFO:root:2021-07-21-10--47--42 Sleep Check Completed
INFO:root:2021-07-21-10--47--42 Frame manipulations completed
INFO:root:2021-07-21-10--47--42 Bounding Box Drawn
INFO:root:2021-07-21-10--47--42 MovingFrameQueue Popped
INFO:root:2021-07-21-10--47--42 anomallyFrameTracker resetted to 200
INFO:root:2021-07-21-10--47--42 Colour Conversion Completed
INFO:root:2021-07-21-10--47--42 Sleep Check Completed
INFO:root:2021-07-21-10--47--42 Frame manipulations completed
INFO:root:2021-07-21-10--47--42 Bounding Box Drawn
INFO:root:2021-07-21-10--47--42 MovingFrameQueue Appended
INFO:root:2021-07-21-10--47--42 anomallyFrameTracker resetted to 200
INFO:root:2021-07-21-10--47--42 Colour Conversion Completed
INFO:root:2021-07-21-10--47--42 Sleep Check Completed
INFO:root:2021-07-21-10--47--42 Frame manipulations completed
INFO:root:2021-07-21-10--47--42 Bounding Box Drawn
INFO:root:2021-07-21-10--47--42 MovingFrameQueue Popped
INFO:root:2021-07-21-10--47--42 anomallyFrameTracker resetted to 200
INFO:root:2021-07-21-10--47--42 Colour Conversion Completed
INFO:root:2021-07-21-10--47--42 Sleep Check Completed
INFO:root:2021-07-21-10--47--42 Frame manipulations completed
INFO:root:2021-07-21-10--47--42 Bounding Box Drawn
INFO:root:2021-07-21-10--47--43 MovingFrameQueue Appended
INFO:root:2021-07-21-10--47--43 anomallyFrameTracker resetted to 200
INFO:root:2021-07-21-10--47--43 Colour Conversion Completed
INFO:root:2021-07-21-10--47--43 Sleep Check Completed
INFO:root:2021-07-21-10--47--43 Frame manipulations completed
INFO:root:2021-07-21-10--47--43 Bounding Box Drawn
INFO:root:2021-07-21-10--47--43 MovingFrameQueue Popped
INFO:root:2021-07-21-10--47--43 anomallyFrameTracker resetted to 200
INFO:root:2021-07-21-10--47--43 Colour Conversion Completed
INFO:root:2021-07-21-10--47--43 Sleep Check Completed
INFO:root:2021-07-21-10--47--43 Frame manipulations completed
INFO:root:2021-07-21-10--47--43 Bounding Box Drawn
INFO:root:2021-07-21-10--47--43 MovingFrameQueue Appended
INFO:root:2021-07-21-10--47--43 anomallyFrameTracker resetted to 200
INFO:root:2021-07-21-10--47--43 Colour Conversion Completed
INFO:root:2021-07-21-10--47--43 Sleep Check Completed
INFO:root:2021-07-21-10--47--43 Frame manipulations completed
INFO:root:2021-07-21-10--47--43 Bounding Box Drawn
INFO:root:2021-07-21-10--47--43 MovingFrameQueue Popped
INFO:root:2021-07-21-10--47--43 anomallyFrameTracker resetted to 200
INFO:root:2021-07-21-10--47--43 Colour Conversion Completed
INFO:root:2021-07-21-10--47--43 Sleep Check Completed
INFO:root:2021-07-21-10--47--43 Frame manipulations completed
INFO:root:2021-07-21-10--47--43 Bounding Box Drawn
INFO:root:2021-07-21-10--47--43 MovingFrameQueue Appended
INFO:root:2021-07-21-10--47--43 anomallyFrameTracker resetted to 200
INFO:root:2021-07-21-10--47--43 Colour Conversion Completed
INFO:root:2021-07-21-10--47--43 Sleep Check Completed
INFO:root:2021-07-21-10--47--43 Frame manipulations completed
INFO:root:2021-07-21-10--47--43 Bounding Box Drawn
INFO:root:2021-07-21-10--47--43 MovingFrameQueue Popped
INFO:root:2021-07-21-10--47--43 anomallyFrameTracker resetted to 200
INFO:root:2021-07-21-10--47--43 Colour Conversion Completed
INFO:root:2021-07-21-10--47--43 Sleep Check Completed
INFO:root:2021-07-21-10--47--43 Frame manipulations completed
INFO:root:2021-07-21-10--47--43 Bounding Box Drawn
INFO:root:2021-07-21-10--47--44 MovingFrameQueue Appended
INFO:root:2021-07-21-10--47--44 anomallyFrameTracker resetted to 200
INFO:root:2021-07-21-10--47--44 Colour Conversion Completed
INFO:root:2021-07-21-10--47--44 Sleep Check Completed
INFO:root:2021-07-21-10--47--44 Frame manipulations completed
INFO:root:2021-07-21-10--47--44 Bounding Box Drawn
INFO:root:2021-07-21-10--47--44 MovingFrameQueue Popped
INFO:root:2021-07-21-10--47--44 anomallyFrameTracker resetted to 200
INFO:root:2021-07-21-10--47--44 Colour Conversion Completed
INFO:root:2021-07-21-10--47--44 Sleep Check Completed
INFO:root:2021-07-21-10--47--44 Frame manipulations completed
INFO:root:2021-07-21-10--47--44 Bounding Box Drawn
INFO:root:2021-07-21-10--47--44 MovingFrameQueue Appended
INFO:root:2021-07-21-10--47--44 anomallyFrameTracker resetted to 200
INFO:root:2021-07-21-10--47--44 Colour Conversion Completed
INFO:root:2021-07-21-10--47--44 Sleep Check Completed
INFO:root:2021-07-21-10--47--44 Frame manipulations completed
INFO:root:2021-07-21-10--47--44 Bounding Box Drawn
INFO:root:2021-07-21-10--47--44 MovingFrameQueue Popped
INFO:root:2021-07-21-10--47--44 anomallyFrameTracker resetted to 200
INFO:root:2021-07-21-10--47--44 Colour Conversion Completed
INFO:root:2021-07-21-10--47--44 Sleep Check Completed
INFO:root:2021-07-21-10--47--44 Frame manipulations completed
INFO:root:2021-07-21-10--47--44 Bounding Box Drawn
INFO:root:2021-07-21-10--47--44 MovingFrameQueue Appended
INFO:root:2021-07-21-10--47--44 anomallyFrameTracker resetted to 200
INFO:root:2021-07-21-10--47--44 Colour Conversion Completed
INFO:root:2021-07-21-10--47--44 Sleep Check Completed
INFO:root:2021-07-21-10--47--44 Frame manipulations completed
INFO:root:2021-07-21-10--47--44 Bounding Box Drawn
INFO:root:2021-07-21-10--47--44 MovingFrameQueue Popped
INFO:root:2021-07-21-10--47--44 anomallyFrameTracker resetted to 200
INFO:root:2021-07-21-10--47--44 Colour Conversion Completed
INFO:root:2021-07-21-10--47--44 Sleep Check Completed
INFO:root:2021-07-21-10--47--44 Frame manipulations completed
INFO:root:2021-07-21-10--47--44 Bounding Box Drawn
INFO:root:2021-07-21-10--47--45 MovingFrameQueue Appended
INFO:root:2021-07-21-10--47--45 anomallyFrameTracker resetted to 200
INFO:root:2021-07-21-10--47--45 Colour Conversion Completed
INFO:root:2021-07-21-10--47--45 Sleep Check Completed
INFO:root:2021-07-21-10--47--45 Frame manipulations completed
INFO:root:2021-07-21-10--47--45 Bounding Box Drawn
INFO:root:2021-07-21-10--47--45 MovingFrameQueue Popped
INFO:root:2021-07-21-10--47--45 anomallyFrameTracker resetted to 200
INFO:root:2021-07-21-10--47--45 Colour Conversion Completed
INFO:root:2021-07-21-10--47--45 Sleep Check Completed
INFO:root:2021-07-21-10--47--45 Frame manipulations completed
INFO:root:2021-07-21-10--47--45 Bounding Box Drawn
INFO:root:2021-07-21-10--47--45 MovingFrameQueue Appended
INFO:root:2021-07-21-10--47--45 anomallyFrameTracker resetted to 200
INFO:root:2021-07-21-10--47--45 Colour Conversion Completed
INFO:root:2021-07-21-10--47--45 Sleep Check Completed
INFO:root:2021-07-21-10--47--45 Frame manipulations completed
INFO:root:2021-07-21-10--47--45 Bounding Box Drawn
INFO:root:2021-07-21-10--47--45 MovingFrameQueue Popped
INFO:root:2021-07-21-10--47--45 anomallyFrameTracker resetted to 200
INFO:root:2021-07-21-10--47--45 Colour Conversion Completed
INFO:root:2021-07-21-10--47--45 Sleep Check Completed
INFO:root:2021-07-21-10--47--45 Frame manipulations completed
INFO:root:2021-07-21-10--47--45 Bounding Box Drawn
INFO:root:2021-07-21-10--47--45 MovingFrameQueue Appended
INFO:root:2021-07-21-10--47--45 anomallyFrameTracker resetted to 200
INFO:root:2021-07-21-10--47--45 Colour Conversion Completed
INFO:root:2021-07-21-10--47--45 Sleep Check Completed
INFO:root:2021-07-21-10--47--45 Frame manipulations completed
INFO:root:2021-07-21-10--47--45 Bounding Box Drawn
INFO:root:2021-07-21-10--47--45 MovingFrameQueue Popped
INFO:root:2021-07-21-10--47--45 anomallyFrameTracker resetted to 200
INFO:root:2021-07-21-10--47--45 Colour Conversion Completed
INFO:root:2021-07-21-10--47--45 Sleep Check Completed
INFO:root:2021-07-21-10--47--45 Frame manipulations completed
INFO:root:2021-07-21-10--47--45 Bounding Box Drawn
INFO:root:2021-07-21-10--47--46 MovingFrameQueue Appended
INFO:root:2021-07-21-10--47--46 anomallyFrameTracker resetted to 200
INFO:root:2021-07-21-10--47--46 Colour Conversion Completed
INFO:root:2021-07-21-10--47--46 Sleep Check Completed
INFO:root:2021-07-21-10--47--46 Frame manipulations completed
INFO:root:2021-07-21-10--47--46 Bounding Box Drawn
INFO:root:2021-07-21-10--47--46 MovingFrameQueue Popped
INFO:root:2021-07-21-10--47--46 anomallyFrameTracker resetted to 200
INFO:root:2021-07-21-10--47--46 Colour Conversion Completed
INFO:root:2021-07-21-10--47--46 Sleep Check Completed
INFO:root:2021-07-21-10--47--46 Frame manipulations completed
INFO:root:2021-07-21-10--47--46 Bounding Box Drawn
INFO:root:2021-07-21-10--47--46 MovingFrameQueue Appended
INFO:root:2021-07-21-10--47--46 anomallyFrameTracker resetted to 200
INFO:root:2021-07-21-10--47--46 Colour Conversion Completed
INFO:root:2021-07-21-10--47--46 Sleep Check Completed
INFO:root:2021-07-21-10--47--46 Frame manipulations completed
INFO:root:2021-07-21-10--47--46 Bounding Box Drawn
INFO:root:2021-07-21-10--47--46 MovingFrameQueue Popped
INFO:root:2021-07-21-10--47--46 anomallyFrameTracker resetted to 200
INFO:root:2021-07-21-10--47--46 Colour Conversion Completed
INFO:root:2021-07-21-10--47--46 Sleep Check Completed
INFO:root:2021-07-21-10--47--46 Frame manipulations completed
INFO:root:2021-07-21-10--47--46 Bounding Box Drawn
INFO:root:2021-07-21-10--47--47 MovingFrameQueue Appended
INFO:root:2021-07-21-10--47--47 anomallyFrameTracker resetted to 200
INFO:root:2021-07-21-10--47--47 Colour Conversion Completed
INFO:root:2021-07-21-10--47--47 Sleep Check Completed
INFO:root:2021-07-21-10--47--47 Frame manipulations completed
INFO:root:2021-07-21-10--47--47 Bounding Box Drawn
INFO:root:2021-07-21-10--47--47 MovingFrameQueue Popped
INFO:root:2021-07-21-10--47--47 anomallyFrameTracker resetted to 200
INFO:root:2021-07-21-10--47--47 Colour Conversion Completed
INFO:root:2021-07-21-10--47--47 Sleep Check Completed
INFO:root:2021-07-21-10--47--47 Frame manipulations completed
INFO:root:2021-07-21-10--47--47 Bounding Box Drawn
INFO:root:2021-07-21-10--47--47 MovingFrameQueue Appended
INFO:root:2021-07-21-10--47--47 anomallyFrameTracker resetted to 200
INFO:root:2021-07-21-10--47--47 Colour Conversion Completed
INFO:root:2021-07-21-10--47--47 Sleep Check Completed
INFO:root:2021-07-21-10--47--47 Frame manipulations completed
INFO:root:2021-07-21-10--47--47 Bounding Box Drawn
INFO:root:2021-07-21-10--47--47 MovingFrameQueue Popped
INFO:root:2021-07-21-10--47--47 anomallyFrameTracker resetted to 200
INFO:root:2021-07-21-10--47--47 Colour Conversion Completed
INFO:root:2021-07-21-10--47--47 Sleep Check Completed
INFO:root:2021-07-21-10--47--47 Frame manipulations completed
INFO:root:2021-07-21-10--47--47 Bounding Box Drawn
INFO:root:2021-07-21-10--47--48 MovingFrameQueue Appended
INFO:root:2021-07-21-10--47--48 anomallyFrameTracker resetted to 200
INFO:root:2021-07-21-10--47--48 Colour Conversion Completed
INFO:root:2021-07-21-10--47--48 Sleep Check Completed
INFO:root:2021-07-21-10--47--48 Frame manipulations completed
INFO:root:2021-07-21-10--47--48 Bounding Box Drawn
INFO:root:2021-07-21-10--47--48 MovingFrameQueue Popped
INFO:root:2021-07-21-10--47--48 anomallyFrameTracker resetted to 200
INFO:root:2021-07-21-10--47--48 Colour Conversion Completed
INFO:root:2021-07-21-10--47--48 Sleep Check Completed
INFO:root:2021-07-21-10--47--48 Frame manipulations completed
INFO:root:2021-07-21-10--47--48 Bounding Box Drawn
INFO:root:2021-07-21-10--47--48 MovingFrameQueue Appended
INFO:root:2021-07-21-10--47--48 anomallyFrameTracker resetted to 200
INFO:root:2021-07-21-10--47--48 Colour Conversion Completed
INFO:root:2021-07-21-10--47--48 Sleep Check Completed
INFO:root:2021-07-21-10--47--48 Frame manipulations completed
INFO:root:2021-07-21-10--47--48 Bounding Box Drawn
INFO:root:2021-07-21-10--47--48 MovingFrameQueue Popped
INFO:root:2021-07-21-10--47--48 anomallyFrameTracker resetted to 200
INFO:root:2021-07-21-10--47--48 Colour Conversion Completed
INFO:root:2021-07-21-10--47--48 Sleep Check Completed
INFO:root:2021-07-21-10--47--48 Frame manipulations completed
INFO:root:2021-07-21-10--47--48 Bounding Box Drawn
INFO:root:2021-07-21-10--47--48 MovingFrameQueue Appended
INFO:root:2021-07-21-10--47--48 anomallyFrameTracker resetted to 200
INFO:root:2021-07-21-10--47--48 Colour Conversion Completed
INFO:root:2021-07-21-10--47--48 Sleep Check Completed
INFO:root:2021-07-21-10--47--48 Frame manipulations completed
INFO:root:2021-07-21-10--47--48 Bounding Box Drawn
INFO:root:2021-07-21-10--47--49 MovingFrameQueue Popped
INFO:root:2021-07-21-10--47--49 anomallyFrameTracker resetted to 200
INFO:root:2021-07-21-10--47--49 Colour Conversion Completed
INFO:root:2021-07-21-10--47--49 Sleep Check Completed
INFO:root:2021-07-21-10--47--49 Frame manipulations completed
INFO:root:2021-07-21-10--47--49 Bounding Box Drawn
INFO:root:2021-07-21-10--47--49 MovingFrameQueue Appended
INFO:root:2021-07-21-10--47--49 anomallyFrameTracker resetted to 200
INFO:root:2021-07-21-10--47--49 Colour Conversion Completed
INFO:root:2021-07-21-10--47--49 Sleep Check Completed
INFO:root:2021-07-21-10--47--49 Frame manipulations completed
INFO:root:2021-07-21-10--47--49 Bounding Box Drawn
INFO:root:2021-07-21-10--47--49 MovingFrameQueue Popped
INFO:root:2021-07-21-10--47--49 anomallyFrameTracker resetted to 200
INFO:root:2021-07-21-10--47--49 Colour Conversion Completed
INFO:root:2021-07-21-10--47--49 Sleep Check Completed
INFO:root:2021-07-21-10--47--49 Frame manipulations completed
INFO:root:2021-07-21-10--47--49 Bounding Box Drawn
INFO:root:2021-07-21-10--47--49 MovingFrameQueue Appended
INFO:root:2021-07-21-10--47--49 anomallyFrameTracker resetted to 200
INFO:root:2021-07-21-10--47--49 Colour Conversion Completed
INFO:root:2021-07-21-10--47--49 Sleep Check Completed
INFO:root:2021-07-21-10--47--49 Frame manipulations completed
INFO:root:2021-07-21-10--47--49 Bounding Box Drawn
INFO:root:2021-07-21-10--47--50 MovingFrameQueue Popped
INFO:root:2021-07-21-10--47--50 anomallyFrameTracker resetted to 200
INFO:root:2021-07-21-10--47--50 Colour Conversion Completed
INFO:root:2021-07-21-10--47--50 Sleep Check Completed
INFO:root:2021-07-21-10--47--50 Frame manipulations completed
INFO:root:2021-07-21-10--47--50 Bounding Box Drawn
INFO:root:2021-07-21-10--47--50 MovingFrameQueue Appended
INFO:root:2021-07-21-10--47--50 anomallyFrameTracker resetted to 200
INFO:root:2021-07-21-10--47--50 Colour Conversion Completed
INFO:root:2021-07-21-10--47--50 Sleep Check Completed
INFO:root:2021-07-21-10--47--50 Frame manipulations completed
INFO:root:2021-07-21-10--47--50 Bounding Box Drawn
INFO:root:2021-07-21-10--47--50 MovingFrameQueue Popped
INFO:root:2021-07-21-10--47--50 anomallyFrameTracker resetted to 200
INFO:root:2021-07-21-10--47--50 Colour Conversion Completed
INFO:root:2021-07-21-10--47--50 Sleep Check Completed
INFO:root:2021-07-21-10--47--50 Frame manipulations completed
INFO:root:2021-07-21-10--47--50 Bounding Box Drawn
INFO:root:2021-07-21-10--47--50 MovingFrameQueue Appended
INFO:root:2021-07-21-10--47--50 anomallyFrameTracker resetted to 200
INFO:root:2021-07-21-10--47--50 Colour Conversion Completed
INFO:root:2021-07-21-10--47--50 Sleep Check Completed
INFO:root:2021-07-21-10--47--50 Frame manipulations completed
INFO:root:2021-07-21-10--47--50 Bounding Box Drawn
INFO:root:2021-07-21-10--47--50 MovingFrameQueue Popped
INFO:root:2021-07-21-10--47--50 anomallyFrameTracker resetted to 200
INFO:root:2021-07-21-10--47--50 Colour Conversion Completed
INFO:root:2021-07-21-10--47--50 Sleep Check Completed
INFO:root:2021-07-21-10--47--50 Frame manipulations completed
INFO:root:2021-07-21-10--47--50 Bounding Box Drawn
INFO:root:2021-07-21-10--47--51 MovingFrameQueue Appended
INFO:root:2021-07-21-10--47--51 anomallyFrameTracker resetted to 200
INFO:root:2021-07-21-10--47--51 Colour Conversion Completed
INFO:root:2021-07-21-10--47--51 Sleep Check Completed
INFO:root:2021-07-21-10--47--51 Frame manipulations completed
INFO:root:2021-07-21-10--47--51 Bounding Box Drawn
INFO:root:2021-07-21-10--47--51 MovingFrameQueue Popped
INFO:root:2021-07-21-10--47--51 anomallyFrameTracker resetted to 200
INFO:root:2021-07-21-10--47--51 Colour Conversion Completed
INFO:root:2021-07-21-10--47--51 Sleep Check Completed
INFO:root:2021-07-21-10--47--51 Frame manipulations completed
INFO:root:2021-07-21-10--47--51 Bounding Box Drawn
INFO:root:2021-07-21-10--47--51 MovingFrameQueue Appended
INFO:root:2021-07-21-10--47--51 anomallyFrameTracker resetted to 200
INFO:root:2021-07-21-10--47--51 Colour Conversion Completed
INFO:root:2021-07-21-10--47--51 Sleep Check Completed
INFO:root:2021-07-21-10--47--51 Frame manipulations completed
INFO:root:2021-07-21-10--47--51 Bounding Box Drawn
INFO:root:2021-07-21-10--47--51 MovingFrameQueue Popped
INFO:root:2021-07-21-10--47--51 anomallyFrameTracker resetted to 200
INFO:root:2021-07-21-10--47--51 Colour Conversion Completed
INFO:root:2021-07-21-10--47--51 Sleep Check Completed
INFO:root:2021-07-21-10--47--51 Frame manipulations completed
INFO:root:2021-07-21-10--47--51 Bounding Box Drawn
INFO:root:2021-07-21-10--47--52 MovingFrameQueue Appended
INFO:root:2021-07-21-10--47--52 anomallyFrameTracker resetted to 200
INFO:root:2021-07-21-10--47--52 Colour Conversion Completed
INFO:root:2021-07-21-10--47--52 Sleep Check Completed
INFO:root:2021-07-21-10--47--52 Frame manipulations completed
INFO:root:2021-07-21-10--47--52 Bounding Box Drawn
INFO:root:2021-07-21-10--47--52 MovingFrameQueue Popped
INFO:root:2021-07-21-10--47--52 anomallyFrameTracker resetted to 200
INFO:root:2021-07-21-10--47--52 Colour Conversion Completed
INFO:root:2021-07-21-10--47--52 Sleep Check Completed
INFO:root:2021-07-21-10--47--52 Frame manipulations completed
INFO:root:2021-07-21-10--47--52 Bounding Box Drawn
INFO:root:2021-07-21-10--47--52 MovingFrameQueue Appended
INFO:root:2021-07-21-10--47--52 anomallyFrameTracker resetted to 200
INFO:root:2021-07-21-10--47--52 Colour Conversion Completed
INFO:root:2021-07-21-10--47--52 Sleep Check Completed
INFO:root:2021-07-21-10--47--52 Frame manipulations completed
INFO:root:2021-07-21-10--47--52 Bounding Box Drawn
INFO:root:2021-07-21-10--47--52 MovingFrameQueue Popped
INFO:root:2021-07-21-10--47--52 anomallyFrameTracker resetted to 200
INFO:root:2021-07-21-10--47--52 Colour Conversion Completed
INFO:root:2021-07-21-10--47--52 Sleep Check Completed
INFO:root:2021-07-21-10--47--52 Frame manipulations completed
INFO:root:2021-07-21-10--47--52 Bounding Box Drawn
INFO:root:2021-07-21-10--47--52 MovingFrameQueue Appended
INFO:root:2021-07-21-10--47--52 anomallyFrameTracker resetted to 200
INFO:root:2021-07-21-10--47--52 Colour Conversion Completed
INFO:root:2021-07-21-10--47--52 Sleep Check Completed
INFO:root:2021-07-21-10--47--52 Frame manipulations completed
INFO:root:2021-07-21-10--47--52 Bounding Box Drawn
INFO:root:2021-07-21-10--47--53 MovingFrameQueue Popped
INFO:root:2021-07-21-10--47--53 anomallyFrameTracker resetted to 200
INFO:root:2021-07-21-10--47--53 Colour Conversion Completed
INFO:root:2021-07-21-10--47--53 Sleep Check Completed
INFO:root:2021-07-21-10--47--53 Frame manipulations completed
INFO:root:2021-07-21-10--47--53 Bounding Box Drawn
INFO:root:2021-07-21-10--47--53 MovingFrameQueue Appended
INFO:root:2021-07-21-10--47--53 anomallyFrameTracker resetted to 200
INFO:root:2021-07-21-10--47--53 Colour Conversion Completed
INFO:root:2021-07-21-10--47--53 Sleep Check Completed
INFO:root:2021-07-21-10--47--53 Frame manipulations completed
INFO:root:2021-07-21-10--47--53 Bounding Box Drawn
INFO:root:2021-07-21-10--47--53 MovingFrameQueue Popped
INFO:root:2021-07-21-10--47--53 anomallyFrameTracker resetted to 200
INFO:root:2021-07-21-10--47--53 Colour Conversion Completed
INFO:root:2021-07-21-10--47--53 Sleep Check Completed
INFO:root:2021-07-21-10--47--53 Frame manipulations completed
INFO:root:2021-07-21-10--47--53 Bounding Box Drawn
INFO:root:2021-07-21-10--47--53 MovingFrameQueue Appended
INFO:root:2021-07-21-10--47--53 anomallyFrameTracker resetted to 200
INFO:root:2021-07-21-10--47--53 Colour Conversion Completed
INFO:root:2021-07-21-10--47--53 Sleep Check Completed
INFO:root:2021-07-21-10--47--53 Frame manipulations completed
INFO:root:2021-07-21-10--47--53 Bounding Box Drawn
INFO:root:2021-07-21-10--47--54 MovingFrameQueue Popped
INFO:root:2021-07-21-10--47--54 anomallyFrameTracker resetted to 200
INFO:root:2021-07-21-10--47--54 Colour Conversion Completed
INFO:root:2021-07-21-10--47--54 Sleep Check Completed
INFO:root:2021-07-21-10--47--54 Frame manipulations completed
INFO:root:2021-07-21-10--47--54 Bounding Box Drawn
INFO:root:2021-07-21-10--47--54 MovingFrameQueue Appended
INFO:root:2021-07-21-10--47--54 anomallyFrameTracker resetted to 200
INFO:root:2021-07-21-10--47--54 Colour Conversion Completed
INFO:root:2021-07-21-10--47--54 Sleep Check Completed
INFO:root:2021-07-21-10--47--54 Frame manipulations completed
INFO:root:2021-07-21-10--47--54 Bounding Box Drawn
INFO:root:2021-07-21-10--47--54 MovingFrameQueue Popped
INFO:root:2021-07-21-10--47--54 anomallyFrameTracker resetted to 200
INFO:root:2021-07-21-10--47--54 Colour Conversion Completed
INFO:root:2021-07-21-10--47--54 Sleep Check Completed
INFO:root:2021-07-21-10--47--54 Frame manipulations completed
INFO:root:2021-07-21-10--47--54 Bounding Box Drawn
INFO:root:2021-07-21-10--47--54 MovingFrameQueue Appended
INFO:root:2021-07-21-10--47--54 anomallyFrameTracker resetted to 200
INFO:root:2021-07-21-10--47--54 Colour Conversion Completed
INFO:root:2021-07-21-10--47--54 Sleep Check Completed
INFO:root:2021-07-21-10--47--54 Frame manipulations completed
INFO:root:2021-07-21-10--47--54 Bounding Box Drawn
INFO:root:2021-07-21-10--47--54 MovingFrameQueue Popped
INFO:root:2021-07-21-10--47--54 anomallyFrameTracker resetted to 200
INFO:root:2021-07-21-10--47--54 Colour Conversion Completed
INFO:root:2021-07-21-10--47--55 Sleep Check Completed
INFO:root:2021-07-21-10--47--55 Frame manipulations completed
INFO:root:2021-07-21-10--47--55 Bounding Box Drawn
INFO:root:2021-07-21-10--47--55 MovingFrameQueue Appended
INFO:root:2021-07-21-10--47--55 anomallyFrameTracker resetted to 200
INFO:root:2021-07-21-10--47--55 Colour Conversion Completed
INFO:root:2021-07-21-10--47--55 Sleep Check Completed
INFO:root:2021-07-21-10--47--55 Frame manipulations completed
INFO:root:2021-07-21-10--47--55 Bounding Box Drawn
INFO:root:2021-07-21-10--47--55 MovingFrameQueue Popped
INFO:root:2021-07-21-10--47--55 anomallyFrameTracker resetted to 200
INFO:root:2021-07-21-10--47--55 Colour Conversion Completed
INFO:root:2021-07-21-10--47--55 Sleep Check Completed
INFO:root:2021-07-21-10--47--55 Frame manipulations completed
INFO:root:2021-07-21-10--47--55 Bounding Box Drawn
INFO:root:2021-07-21-10--47--55 MovingFrameQueue Appended
INFO:root:2021-07-21-10--47--55 anomallyFrameTracker resetted to 200
INFO:root:2021-07-21-10--47--55 Colour Conversion Completed
INFO:root:2021-07-21-10--47--55 Sleep Check Completed
INFO:root:2021-07-21-10--47--55 Frame manipulations completed
INFO:root:2021-07-21-10--47--55 Bounding Box Drawn
INFO:root:2021-07-21-10--47--55 MovingFrameQueue Popped
INFO:root:2021-07-21-10--47--55 anomallyFrameTracker resetted to 200
INFO:root:2021-07-21-10--47--55 Colour Conversion Completed
INFO:root:2021-07-21-10--47--55 Sleep Check Completed
INFO:root:2021-07-21-10--47--55 Frame manipulations completed
INFO:root:2021-07-21-10--47--55 Bounding Box Drawn
INFO:root:2021-07-21-10--47--56 MovingFrameQueue Appended
INFO:root:2021-07-21-10--47--56 anomallyFrameTracker resetted to 200
INFO:root:2021-07-21-10--47--56 Colour Conversion Completed
INFO:root:2021-07-21-10--47--56 Sleep Check Completed
INFO:root:2021-07-21-10--47--56 Frame manipulations completed
INFO:root:2021-07-21-10--47--56 Bounding Box Drawn
INFO:root:2021-07-21-10--47--56 MovingFrameQueue Popped
INFO:root:2021-07-21-10--47--56 anomallyFrameTracker resetted to 200
INFO:root:2021-07-21-10--47--56 Colour Conversion Completed
INFO:root:2021-07-21-10--47--56 Sleep Check Completed
INFO:root:2021-07-21-10--47--56 Frame manipulations completed
INFO:root:2021-07-21-10--47--56 Bounding Box Drawn
INFO:root:2021-07-21-10--47--56 MovingFrameQueue Appended
INFO:root:2021-07-21-10--47--56 anomallyFrameTracker resetted to 200
INFO:root:2021-07-21-10--47--56 Colour Conversion Completed
INFO:root:2021-07-21-10--47--56 Sleep Check Completed
INFO:root:2021-07-21-10--47--56 Frame manipulations completed
INFO:root:2021-07-21-10--47--56 Bounding Box Drawn
INFO:root:2021-07-21-10--47--56 MovingFrameQueue Popped
INFO:root:2021-07-21-10--47--56 anomallyFrameTracker resetted to 200
INFO:root:2021-07-21-10--47--56 Colour Conversion Completed
INFO:root:2021-07-21-10--47--56 Sleep Check Completed
INFO:root:2021-07-21-10--47--56 Frame manipulations completed
INFO:root:2021-07-21-10--47--56 Bounding Box Drawn
INFO:root:2021-07-21-10--47--56 MovingFrameQueue Appended
INFO:root:2021-07-21-10--47--56 anomallyFrameTracker resetted to 200
INFO:root:2021-07-21-10--47--56 Colour Conversion Completed
INFO:root:2021-07-21-10--47--56 Sleep Check Completed
INFO:root:2021-07-21-10--47--56 Frame manipulations completed
INFO:root:2021-07-21-10--47--56 Bounding Box Drawn
INFO:root:2021-07-21-10--47--56 MovingFrameQueue Popped
INFO:root:2021-07-21-10--47--56 anomallyFrameTracker resetted to 200
INFO:root:2021-07-21-10--47--56 Colour Conversion Completed
INFO:root:2021-07-21-10--47--56 Sleep Check Completed
INFO:root:2021-07-21-10--47--56 Frame manipulations completed
INFO:root:2021-07-21-10--47--56 Bounding Box Drawn
INFO:root:2021-07-21-10--47--56 MovingFrameQueue Appended
INFO:root:2021-07-21-10--47--56 anomallyFrameTracker resetted to 200
INFO:root:2021-07-21-10--47--56 Colour Conversion Completed
INFO:root:2021-07-21-10--47--56 Sleep Check Completed
INFO:root:2021-07-21-10--47--56 Frame manipulations completed
INFO:root:2021-07-21-10--47--56 Bounding Box Drawn
INFO:root:2021-07-21-10--47--57 MovingFrameQueue Popped
INFO:root:2021-07-21-10--47--57 anomallyFrameTracker resetted to 200
INFO:root:2021-07-21-10--47--57 Colour Conversion Completed
INFO:root:2021-07-21-10--47--57 Sleep Check Completed
INFO:root:2021-07-21-10--47--57 Frame manipulations completed
INFO:root:2021-07-21-10--47--57 Bounding Box Drawn
INFO:root:2021-07-21-10--47--57 MovingFrameQueue Appended
INFO:root:2021-07-21-10--47--57 anomallyFrameTracker resetted to 200
INFO:root:2021-07-21-10--47--57 Colour Conversion Completed
INFO:root:2021-07-21-10--47--57 Sleep Check Completed
INFO:root:2021-07-21-10--47--57 Frame manipulations completed
INFO:root:2021-07-21-10--47--57 Bounding Box Drawn
INFO:root:2021-07-21-10--47--57 MovingFrameQueue Popped
INFO:root:2021-07-21-10--47--57 anomallyFrameTracker resetted to 200
INFO:root:2021-07-21-10--47--57 Colour Conversion Completed
INFO:root:2021-07-21-10--47--57 Sleep Check Completed
INFO:root:2021-07-21-10--47--57 Frame manipulations completed
INFO:root:2021-07-21-10--47--57 Bounding Box Drawn
INFO:root:2021-07-21-10--47--57 MovingFrameQueue Appended
INFO:root:2021-07-21-10--47--57 anomallyFrameTracker resetted to 200
INFO:root:2021-07-21-10--47--57 Colour Conversion Completed
INFO:root:2021-07-21-10--47--57 Sleep Check Completed
INFO:root:2021-07-21-10--47--57 Frame manipulations completed
INFO:root:2021-07-21-10--47--57 Bounding Box Drawn
INFO:root:2021-07-21-10--47--57 MovingFrameQueue Popped
INFO:root:2021-07-21-10--47--57 anomallyFrameTracker resetted to 200
INFO:root:2021-07-21-10--47--57 Colour Conversion Completed
INFO:root:2021-07-21-10--47--57 Sleep Check Completed
INFO:root:2021-07-21-10--47--57 Frame manipulations completed
INFO:root:2021-07-21-10--47--57 Bounding Box Drawn
INFO:root:2021-07-21-10--47--57 MovingFrameQueue Appended
INFO:root:2021-07-21-10--47--57 anomallyFrameTracker resetted to 200
INFO:root:2021-07-21-10--47--57 Colour Conversion Completed
INFO:root:2021-07-21-10--47--57 Sleep Check Completed
INFO:root:2021-07-21-10--47--57 Frame manipulations completed
INFO:root:2021-07-21-10--47--57 Bounding Box Drawn
INFO:root:2021-07-21-10--47--58 MovingFrameQueue Popped
INFO:root:2021-07-21-10--47--58 anomallyFrameTracker resetted to 200
INFO:root:2021-07-21-10--47--58 Colour Conversion Completed
INFO:root:2021-07-21-10--47--58 Sleep Check Completed
INFO:root:2021-07-21-10--47--58 Frame manipulations completed
INFO:root:2021-07-21-10--47--58 Bounding Box Drawn
INFO:root:2021-07-21-10--47--58 MovingFrameQueue Appended
INFO:root:2021-07-21-10--47--58 anomallyFrameTracker resetted to 200
INFO:root:2021-07-21-10--47--58 Colour Conversion Completed
INFO:root:2021-07-21-10--47--58 Sleep Check Completed
INFO:root:2021-07-21-10--47--58 Frame manipulations completed
INFO:root:2021-07-21-10--47--58 Bounding Box Drawn
INFO:root:2021-07-21-10--47--58 MovingFrameQueue Popped
INFO:root:2021-07-21-10--47--58 anomallyFrameTracker resetted to 200
INFO:root:2021-07-21-10--47--58 Colour Conversion Completed
INFO:root:2021-07-21-10--47--58 Sleep Check Completed
INFO:root:2021-07-21-10--47--58 Frame manipulations completed
INFO:root:2021-07-21-10--47--58 Bounding Box Drawn
INFO:root:2021-07-21-10--47--58 MovingFrameQueue Appended
INFO:root:2021-07-21-10--47--58 anomallyFrameTracker resetted to 200
INFO:root:2021-07-21-10--47--58 Colour Conversion Completed
INFO:root:2021-07-21-10--47--58 Sleep Check Completed
INFO:root:2021-07-21-10--47--58 Frame manipulations completed
INFO:root:2021-07-21-10--47--58 Bounding Box Drawn
INFO:root:2021-07-21-10--47--58 MovingFrameQueue Popped
INFO:root:2021-07-21-10--47--58 anomallyFrameTracker resetted to 200
INFO:root:2021-07-21-10--47--58 Colour Conversion Completed
INFO:root:2021-07-21-10--47--58 Sleep Check Completed
INFO:root:2021-07-21-10--47--58 Frame manipulations completed
INFO:root:2021-07-21-10--47--58 Bounding Box Drawn
INFO:root:2021-07-21-10--47--58 MovingFrameQueue Appended
INFO:root:2021-07-21-10--47--58 anomallyFrameTracker resetted to 200
INFO:root:2021-07-21-10--47--58 Colour Conversion Completed
INFO:root:2021-07-21-10--47--58 Sleep Check Completed
INFO:root:2021-07-21-10--47--58 Frame manipulations completed
INFO:root:2021-07-21-10--47--58 Bounding Box Drawn
INFO:root:2021-07-21-10--47--58 MovingFrameQueue Popped
INFO:root:2021-07-21-10--47--58 anomallyFrameTracker resetted to 200
INFO:root:2021-07-21-10--47--58 Colour Conversion Completed
INFO:root:2021-07-21-10--47--58 Sleep Check Completed
INFO:root:2021-07-21-10--47--58 Frame manipulations completed
INFO:root:2021-07-21-10--47--58 Bounding Box Drawn
INFO:root:2021-07-21-10--47--59 MovingFrameQueue Appended
INFO:root:2021-07-21-10--47--59 anomallyFrameTracker resetted to 200
INFO:root:2021-07-21-10--47--59 Colour Conversion Completed
INFO:root:2021-07-21-10--47--59 Sleep Check Completed
INFO:root:2021-07-21-10--47--59 Frame manipulations completed
INFO:root:2021-07-21-10--47--59 Bounding Box Drawn
INFO:root:2021-07-21-10--47--59 MovingFrameQueue Popped
INFO:root:2021-07-21-10--47--59 anomallyFrameTracker resetted to 200
INFO:root:2021-07-21-10--47--59 Colour Conversion Completed
INFO:root:2021-07-21-10--47--59 Sleep Check Completed
INFO:root:2021-07-21-10--47--59 Frame manipulations completed
INFO:root:2021-07-21-10--47--59 Bounding Box Drawn
INFO:root:2021-07-21-10--47--59 MovingFrameQueue Appended
INFO:root:2021-07-21-10--47--59 anomallyFrameTracker resetted to 200
INFO:root:2021-07-21-10--47--59 Colour Conversion Completed
INFO:root:2021-07-21-10--47--59 Sleep Check Completed
INFO:root:2021-07-21-10--47--59 Frame manipulations completed
INFO:root:2021-07-21-10--47--59 Bounding Box Drawn
INFO:root:2021-07-21-10--47--59 MovingFrameQueue Popped
INFO:root:2021-07-21-10--47--59 anomallyFrameTracker resetted to 200
INFO:root:2021-07-21-10--47--59 Colour Conversion Completed
INFO:root:2021-07-21-10--47--59 Sleep Check Completed
INFO:root:2021-07-21-10--47--59 Frame manipulations completed
INFO:root:2021-07-21-10--47--59 Bounding Box Drawn
INFO:root:2021-07-21-10--47--59 MovingFrameQueue Appended
INFO:root:2021-07-21-10--47--59 anomallyFrameTracker resetted to 200
INFO:root:2021-07-21-10--47--59 Colour Conversion Completed
INFO:root:2021-07-21-10--47--59 Sleep Check Completed
INFO:root:2021-07-21-10--47--59 Frame manipulations completed
INFO:root:2021-07-21-10--47--59 Bounding Box Drawn
INFO:root:2021-07-21-10--47--59 MovingFrameQueue Popped
INFO:root:2021-07-21-10--47--59 anomallyFrameTracker resetted to 200
INFO:root:2021-07-21-10--47--59 Colour Conversion Completed
INFO:root:2021-07-21-10--47--59 Sleep Check Completed
INFO:root:2021-07-21-10--47--59 Frame manipulations completed
INFO:root:2021-07-21-10--47--59 Bounding Box Drawn
INFO:root:2021-07-21-10--48--00 MovingFrameQueue Appended
INFO:root:2021-07-21-10--48--00 anomallyFrameTracker resetted to 200
INFO:root:2021-07-21-10--48--00 Colour Conversion Completed
INFO:root:2021-07-21-10--48--00 Sleep Check Completed
INFO:root:2021-07-21-10--48--00 Frame manipulations completed
INFO:root:2021-07-21-10--48--00 Bounding Box Drawn
INFO:root:2021-07-21-10--48--00 MovingFrameQueue Popped
INFO:root:2021-07-21-10--48--00 anomallyFrameTracker resetted to 200
INFO:root:2021-07-21-10--48--00 Colour Conversion Completed
INFO:root:2021-07-21-10--48--00 Sleep Check Completed
INFO:root:2021-07-21-10--48--00 Frame manipulations completed
INFO:root:2021-07-21-10--48--00 Bounding Box Drawn
INFO:root:2021-07-21-10--48--00 MovingFrameQueue Appended
INFO:root:2021-07-21-10--48--00 anomallyFrameTracker resetted to 200
INFO:root:2021-07-21-10--48--00 Colour Conversion Completed
INFO:root:2021-07-21-10--48--00 Sleep Check Completed
INFO:root:2021-07-21-10--48--00 Frame manipulations completed
INFO:root:2021-07-21-10--48--00 Bounding Box Drawn
INFO:root:2021-07-21-10--48--00 MovingFrameQueue Popped
INFO:root:2021-07-21-10--48--00 anomallyFrameTracker resetted to 200
INFO:root:2021-07-21-10--48--00 Colour Conversion Completed
INFO:root:2021-07-21-10--48--00 Sleep Check Completed
INFO:root:2021-07-21-10--48--00 Frame manipulations completed
INFO:root:2021-07-21-10--48--00 Bounding Box Drawn
INFO:root:2021-07-21-10--48--00 MovingFrameQueue Appended
INFO:root:2021-07-21-10--48--00 anomallyFrameTracker resetted to 200
INFO:root:2021-07-21-10--48--00 Colour Conversion Completed
INFO:root:2021-07-21-10--48--00 Sleep Check Completed
INFO:root:2021-07-21-10--48--00 Frame manipulations completed
INFO:root:2021-07-21-10--48--00 Bounding Box Drawn
INFO:root:2021-07-21-10--48--00 MovingFrameQueue Popped
INFO:root:2021-07-21-10--48--00 anomallyFrameTracker resetted to 200
INFO:root:2021-07-21-10--48--00 Colour Conversion Completed
INFO:root:2021-07-21-10--48--00 Sleep Check Completed
INFO:root:2021-07-21-10--48--00 Frame manipulations completed
INFO:root:2021-07-21-10--48--00 Bounding Box Drawn
INFO:root:2021-07-21-10--48--01 MovingFrameQueue Appended
INFO:root:2021-07-21-10--48--01 anomallyFrameTracker resetted to 200
INFO:root:2021-07-21-10--48--01 Colour Conversion Completed
INFO:root:2021-07-21-10--48--01 Sleep Check Completed
INFO:root:2021-07-21-10--48--01 Frame manipulations completed
INFO:root:2021-07-21-10--48--01 Bounding Box Drawn
INFO:root:2021-07-21-10--48--01 MovingFrameQueue Popped
INFO:root:2021-07-21-10--48--01 anomallyFrameTracker resetted to 200
INFO:root:2021-07-21-10--48--01 Colour Conversion Completed
INFO:root:2021-07-21-10--48--01 Sleep Check Completed
INFO:root:2021-07-21-10--48--01 Frame manipulations completed
INFO:root:2021-07-21-10--48--01 Bounding Box Drawn
INFO:root:2021-07-21-10--48--01 MovingFrameQueue Appended
INFO:root:2021-07-21-10--48--01 anomallyFrameTracker resetted to 200
INFO:root:2021-07-21-10--48--01 Colour Conversion Completed
INFO:root:2021-07-21-10--48--01 Sleep Check Completed
INFO:root:2021-07-21-10--48--01 Frame manipulations completed
INFO:root:2021-07-21-10--48--01 Bounding Box Drawn
INFO:root:2021-07-21-10--48--01 MovingFrameQueue Popped
INFO:root:2021-07-21-10--48--01 anomallyFrameTracker resetted to 200
INFO:root:2021-07-21-10--48--01 Colour Conversion Completed
INFO:root:2021-07-21-10--48--01 Sleep Check Completed
INFO:root:2021-07-21-10--48--01 Frame manipulations completed
INFO:root:2021-07-21-10--48--01 Bounding Box Drawn
INFO:root:2021-07-21-10--48--01 MovingFrameQueue Appended
INFO:root:2021-07-21-10--48--01 anomallyFrameTracker resetted to 200
INFO:root:2021-07-21-10--48--01 Colour Conversion Completed
INFO:root:2021-07-21-10--48--01 Sleep Check Completed
INFO:root:2021-07-21-10--48--01 Frame manipulations completed
INFO:root:2021-07-21-10--48--01 Bounding Box Drawn
INFO:root:2021-07-21-10--48--01 MovingFrameQueue Popped
INFO:root:2021-07-21-10--48--01 anomallyFrameTracker resetted to 200
INFO:root:2021-07-21-10--48--01 Colour Conversion Completed
INFO:root:2021-07-21-10--48--01 Sleep Check Completed
INFO:root:2021-07-21-10--48--01 Frame manipulations completed
INFO:root:2021-07-21-10--48--01 Bounding Box Drawn
INFO:root:2021-07-21-10--48--02 MovingFrameQueue Appended
INFO:root:2021-07-21-10--48--02 anomallyFrameTracker resetted to 200
INFO:root:2021-07-21-10--48--02 Colour Conversion Completed
INFO:root:2021-07-21-10--48--02 Sleep Check Completed
INFO:root:2021-07-21-10--48--02 Frame manipulations completed
INFO:root:2021-07-21-10--48--02 Bounding Box Drawn
INFO:root:2021-07-21-10--48--02 MovingFrameQueue Popped
INFO:root:2021-07-21-10--48--02 anomallyFrameTracker resetted to 200
INFO:root:2021-07-21-10--48--02 Colour Conversion Completed
INFO:root:2021-07-21-10--48--02 Sleep Check Completed
INFO:root:2021-07-21-10--48--02 Frame manipulations completed
INFO:root:2021-07-21-10--48--02 Bounding Box Drawn
INFO:root:2021-07-21-10--48--02 MovingFrameQueue Appended
INFO:root:2021-07-21-10--48--02 anomallyFrameTracker resetted to 200
INFO:root:2021-07-21-10--48--02 Colour Conversion Completed
INFO:root:2021-07-21-10--48--02 Sleep Check Completed
INFO:root:2021-07-21-10--48--02 Frame manipulations completed
INFO:root:2021-07-21-10--48--02 Bounding Box Drawn
INFO:root:2021-07-21-10--48--02 MovingFrameQueue Popped
INFO:root:2021-07-21-10--48--02 anomallyFrameTracker resetted to 200
INFO:root:2021-07-21-10--48--02 Colour Conversion Completed
INFO:root:2021-07-21-10--48--02 Sleep Check Completed
INFO:root:2021-07-21-10--48--02 Frame manipulations completed
INFO:root:2021-07-21-10--48--02 Bounding Box Drawn
INFO:root:2021-07-21-10--48--02 MovingFrameQueue Appended
INFO:root:2021-07-21-10--48--02 anomallyFrameTracker resetted to 200
INFO:root:2021-07-21-10--48--02 Colour Conversion Completed
INFO:root:2021-07-21-10--48--02 Sleep Check Completed
INFO:root:2021-07-21-10--48--02 Frame manipulations completed
INFO:root:2021-07-21-10--48--02 Bounding Box Drawn
INFO:root:2021-07-21-10--48--02 MovingFrameQueue Popped
INFO:root:2021-07-21-10--48--02 anomallyFrameTracker resetted to 200
INFO:root:2021-07-21-10--48--02 Colour Conversion Completed
INFO:root:2021-07-21-10--48--02 Sleep Check Completed
INFO:root:2021-07-21-10--48--02 Frame manipulations completed
INFO:root:2021-07-21-10--48--02 Bounding Box Drawn
INFO:root:2021-07-21-10--48--03 MovingFrameQueue Appended
INFO:root:2021-07-21-10--48--03 anomallyFrameTracker resetted to 200
INFO:root:2021-07-21-10--48--03 Colour Conversion Completed
INFO:root:2021-07-21-10--48--03 Sleep Check Completed
INFO:root:2021-07-21-10--48--03 Frame manipulations completed
INFO:root:2021-07-21-10--48--03 Bounding Box Drawn
INFO:root:2021-07-21-10--48--03 MovingFrameQueue Popped
INFO:root:2021-07-21-10--48--03 anomallyFrameTracker resetted to 200
INFO:root:2021-07-21-10--48--03 Colour Conversion Completed
INFO:root:2021-07-21-10--48--03 Sleep Check Completed
INFO:root:2021-07-21-10--48--03 Frame manipulations completed
INFO:root:2021-07-21-10--48--03 Bounding Box Drawn
INFO:root:2021-07-21-10--48--03 MovingFrameQueue Appended
INFO:root:2021-07-21-10--48--03 anomallyFrameTracker resetted to 200
INFO:root:2021-07-21-10--48--03 Colour Conversion Completed
INFO:root:2021-07-21-10--48--03 Sleep Check Completed
INFO:root:2021-07-21-10--48--03 Frame manipulations completed
INFO:root:2021-07-21-10--48--03 Bounding Box Drawn
INFO:root:2021-07-21-10--48--03 MovingFrameQueue Popped
INFO:root:2021-07-21-10--48--03 anomallyFrameTracker resetted to 200
INFO:root:2021-07-21-10--48--03 Colour Conversion Completed
INFO:root:2021-07-21-10--48--03 Sleep Check Completed
INFO:root:2021-07-21-10--48--03 Frame manipulations completed
INFO:root:2021-07-21-10--48--03 Bounding Box Drawn
INFO:root:2021-07-21-10--48--03 MovingFrameQueue Appended
INFO:root:2021-07-21-10--48--03 anomallyFrameTracker resetted to 200
INFO:root:2021-07-21-10--48--03 Colour Conversion Completed
INFO:root:2021-07-21-10--48--03 Sleep Check Completed
INFO:root:2021-07-21-10--48--03 Frame manipulations completed
INFO:root:2021-07-21-10--48--03 Bounding Box Drawn
INFO:root:2021-07-21-10--48--03 MovingFrameQueue Popped
INFO:root:2021-07-21-10--48--03 anomallyFrameTracker resetted to 200
INFO:root:2021-07-21-10--48--03 Colour Conversion Completed
INFO:root:2021-07-21-10--48--03 Sleep Check Completed
INFO:root:2021-07-21-10--48--03 Frame manipulations completed
INFO:root:2021-07-21-10--48--03 Bounding Box Drawn
INFO:root:2021-07-21-10--48--03 MovingFrameQueue Appended
INFO:root:2021-07-21-10--48--03 anomallyFrameTracker resetted to 200
INFO:root:2021-07-21-10--48--03 Colour Conversion Completed
INFO:root:2021-07-21-10--48--03 Sleep Check Completed
INFO:root:2021-07-21-10--48--03 Frame manipulations completed
INFO:root:2021-07-21-10--48--03 Bounding Box Drawn
INFO:root:2021-07-21-10--48--04 MovingFrameQueue Popped
INFO:root:2021-07-21-10--48--04 anomallyFrameTracker resetted to 200
INFO:root:2021-07-21-10--48--04 Colour Conversion Completed
INFO:root:2021-07-21-10--48--04 Sleep Check Completed
INFO:root:2021-07-21-10--48--04 Frame manipulations completed
INFO:root:2021-07-21-10--48--04 Bounding Box Drawn
INFO:root:2021-07-21-10--48--04 MovingFrameQueue Appended
INFO:root:2021-07-21-10--48--04 anomallyFrameTracker resetted to 200
INFO:root:2021-07-21-10--48--04 Colour Conversion Completed
INFO:root:2021-07-21-10--48--04 Sleep Check Completed
INFO:root:2021-07-21-10--48--04 Frame manipulations completed
INFO:root:2021-07-21-10--48--04 Bounding Box Drawn
INFO:root:2021-07-21-10--48--04 MovingFrameQueue Popped
INFO:root:2021-07-21-10--48--04 anomallyFrameTracker resetted to 200
INFO:root:2021-07-21-10--48--04 Colour Conversion Completed
INFO:root:2021-07-21-10--48--04 Sleep Check Completed
INFO:root:2021-07-21-10--48--04 Frame manipulations completed
INFO:root:2021-07-21-10--48--04 Bounding Box Drawn
INFO:root:2021-07-21-10--48--04 MovingFrameQueue Appended
INFO:root:2021-07-21-10--48--04 anomallyFrameTracker resetted to 200
INFO:root:2021-07-21-10--48--04 Colour Conversion Completed
INFO:root:2021-07-21-10--48--04 Sleep Check Completed
INFO:root:2021-07-21-10--48--04 Frame manipulations completed
INFO:root:2021-07-21-10--48--04 Bounding Box Drawn
INFO:root:2021-07-21-10--48--04 MovingFrameQueue Popped
INFO:root:2021-07-21-10--48--04 anomallyFrameTracker resetted to 200
INFO:root:2021-07-21-10--48--04 Colour Conversion Completed
INFO:root:2021-07-21-10--48--04 Sleep Check Completed
INFO:root:2021-07-21-10--48--04 Frame manipulations completed
INFO:root:2021-07-21-10--48--04 Bounding Box Drawn
INFO:root:2021-07-21-10--48--05 MovingFrameQueue Appended
INFO:root:2021-07-21-10--48--05 anomallyFrameTracker resetted to 200
INFO:root:2021-07-21-10--48--05 Colour Conversion Completed
INFO:root:2021-07-21-10--48--05 Sleep Check Completed
INFO:root:2021-07-21-10--48--05 Frame manipulations completed
INFO:root:2021-07-21-10--48--05 Bounding Box Drawn
INFO:root:2021-07-21-10--48--05 MovingFrameQueue Popped
INFO:root:2021-07-21-10--48--05 anomallyFrameTracker resetted to 200
INFO:root:2021-07-21-10--48--05 Colour Conversion Completed
INFO:root:2021-07-21-10--48--05 Sleep Check Completed
INFO:root:2021-07-21-10--48--05 Frame manipulations completed
INFO:root:2021-07-21-10--48--05 Bounding Box Drawn
INFO:root:2021-07-21-10--48--05 MovingFrameQueue Appended
INFO:root:2021-07-21-10--48--05 anomallyFrameTracker resetted to 200
INFO:root:2021-07-21-10--48--05 Colour Conversion Completed
INFO:root:2021-07-21-10--48--05 Sleep Check Completed
INFO:root:2021-07-21-10--48--05 Frame manipulations completed
INFO:root:2021-07-21-10--48--05 Bounding Box Drawn
INFO:root:2021-07-21-10--48--05 MovingFrameQueue Popped
INFO:root:2021-07-21-10--48--05 anomallyFrameTracker resetted to 200
INFO:root:2021-07-21-10--48--05 Colour Conversion Completed
INFO:root:2021-07-21-10--48--05 Sleep Check Completed
INFO:root:2021-07-21-10--48--05 Frame manipulations completed
INFO:root:2021-07-21-10--48--05 Bounding Box Drawn
INFO:root:2021-07-21-10--48--05 MovingFrameQueue Appended
INFO:root:2021-07-21-10--48--05 anomallyFrameTracker resetted to 200
INFO:root:2021-07-21-10--48--05 Colour Conversion Completed
INFO:root:2021-07-21-10--48--05 Sleep Check Completed
INFO:root:2021-07-21-10--48--05 Frame manipulations completed
INFO:root:2021-07-21-10--48--05 Bounding Box Drawn
INFO:root:2021-07-21-10--48--05 MovingFrameQueue Popped
INFO:root:2021-07-21-10--48--05 anomallyFrameTracker resetted to 200
INFO:root:2021-07-21-10--48--05 Colour Conversion Completed
INFO:root:2021-07-21-10--48--06 Sleep Check Completed
INFO:root:2021-07-21-10--48--06 Frame manipulations completed
INFO:root:2021-07-21-10--48--06 Bounding Box Drawn
INFO:root:2021-07-21-10--48--06 MovingFrameQueue Appended
INFO:root:2021-07-21-10--48--06 anomallyFrameTracker resetted to 200
INFO:root:2021-07-21-10--48--06 Colour Conversion Completed
INFO:root:2021-07-21-10--48--06 Sleep Check Completed
INFO:root:2021-07-21-10--48--06 Frame manipulations completed
INFO:root:2021-07-21-10--48--06 Bounding Box Drawn
INFO:root:2021-07-21-10--48--06 MovingFrameQueue Popped
INFO:root:2021-07-21-10--48--06 anomallyFrameTracker resetted to 200
INFO:root:2021-07-21-10--48--06 Colour Conversion Completed
INFO:root:2021-07-21-10--48--06 Sleep Check Completed
INFO:root:2021-07-21-10--48--06 Frame manipulations completed
INFO:root:2021-07-21-10--48--06 Bounding Box Drawn
INFO:root:2021-07-21-10--48--06 MovingFrameQueue Appended
INFO:root:2021-07-21-10--48--06 anomallyFrameTracker resetted to 200
INFO:root:2021-07-21-10--48--06 Colour Conversion Completed
INFO:root:2021-07-21-10--48--06 Sleep Check Completed
INFO:root:2021-07-21-10--48--06 Frame manipulations completed
INFO:root:2021-07-21-10--48--06 Bounding Box Drawn
INFO:root:2021-07-21-10--48--06 MovingFrameQueue Popped
INFO:root:2021-07-21-10--48--06 anomallyFrameTracker resetted to 200
INFO:root:2021-07-21-10--48--06 Colour Conversion Completed
INFO:root:2021-07-21-10--48--06 Sleep Check Completed
INFO:root:2021-07-21-10--48--06 Frame manipulations completed
INFO:root:2021-07-21-10--48--06 Bounding Box Drawn
INFO:root:2021-07-21-10--48--07 MovingFrameQueue Appended
INFO:root:2021-07-21-10--48--07 anomallyFrameTracker resetted to 200
INFO:root:2021-07-21-10--48--07 Colour Conversion Completed
INFO:root:2021-07-21-10--48--07 Sleep Check Completed
INFO:root:2021-07-21-10--48--07 Frame manipulations completed
INFO:root:2021-07-21-10--48--07 Bounding Box Drawn
INFO:root:2021-07-21-10--48--07 MovingFrameQueue Popped
INFO:root:2021-07-21-10--48--07 anomallyFrameTracker resetted to 200
INFO:root:2021-07-21-10--48--07 Colour Conversion Completed
INFO:root:2021-07-21-10--48--07 Sleep Check Completed
INFO:root:2021-07-21-10--48--07 Frame manipulations completed
INFO:root:2021-07-21-10--48--07 Bounding Box Drawn
INFO:root:2021-07-21-10--48--07 MovingFrameQueue Appended
INFO:root:2021-07-21-10--48--07 anomallyFrameTracker resetted to 200
INFO:root:2021-07-21-10--48--07 Colour Conversion Completed
INFO:root:2021-07-21-10--48--07 Sleep Check Completed
INFO:root:2021-07-21-10--48--07 Frame manipulations completed
INFO:root:2021-07-21-10--48--07 Bounding Box Drawn
INFO:root:2021-07-21-10--48--07 MovingFrameQueue Popped
INFO:root:2021-07-21-10--48--07 anomallyFrameTracker resetted to 200
INFO:root:2021-07-21-10--48--07 Colour Conversion Completed
INFO:root:2021-07-21-10--48--07 Sleep Check Completed
INFO:root:2021-07-21-10--48--07 Frame manipulations completed
INFO:root:2021-07-21-10--48--07 Bounding Box Drawn
INFO:root:2021-07-21-10--48--08 MovingFrameQueue Appended
INFO:root:2021-07-21-10--48--08 anomallyFrameTracker resetted to 200
INFO:root:2021-07-21-10--48--08 Colour Conversion Completed
INFO:root:2021-07-21-10--48--08 Sleep Check Completed
INFO:root:2021-07-21-10--48--08 Frame manipulations completed
INFO:root:2021-07-21-10--48--08 Bounding Box Drawn
INFO:root:2021-07-21-10--48--08 MovingFrameQueue Popped
INFO:root:2021-07-21-10--48--08 anomallyFrameTracker resetted to 200
INFO:root:2021-07-21-10--48--08 Colour Conversion Completed
INFO:root:2021-07-21-10--48--08 Sleep Check Completed
INFO:root:2021-07-21-10--48--08 Frame manipulations completed
INFO:root:2021-07-21-10--48--08 Bounding Box Drawn
INFO:root:2021-07-21-10--48--08 MovingFrameQueue Appended
INFO:root:2021-07-21-10--48--08 anomallyFrameTracker resetted to 200
INFO:root:2021-07-21-10--48--08 Colour Conversion Completed
INFO:root:2021-07-21-10--48--08 Sleep Check Completed
INFO:root:2021-07-21-10--48--08 Frame manipulations completed
INFO:root:2021-07-21-10--48--08 Bounding Box Drawn
INFO:root:2021-07-21-10--48--08 MovingFrameQueue Popped
INFO:root:2021-07-21-10--48--08 anomallyFrameTracker resetted to 200
INFO:root:2021-07-21-10--48--08 Colour Conversion Completed
INFO:root:2021-07-21-10--48--08 Sleep Check Completed
INFO:root:2021-07-21-10--48--08 Frame manipulations completed
INFO:root:2021-07-21-10--48--08 Bounding Box Drawn
INFO:root:2021-07-21-10--48--08 MovingFrameQueue Appended
INFO:root:2021-07-21-10--48--08 anomallyFrameTracker resetted to 200
INFO:root:2021-07-21-10--48--08 Colour Conversion Completed
INFO:root:2021-07-21-10--48--08 Sleep Check Completed
INFO:root:2021-07-21-10--48--08 Frame manipulations completed
INFO:root:2021-07-21-10--48--08 Bounding Box Drawn
INFO:root:2021-07-21-10--48--09 MovingFrameQueue Popped
INFO:root:2021-07-21-10--48--09 anomallyFrameTracker resetted to 200
INFO:root:2021-07-21-10--48--09 Colour Conversion Completed
INFO:root:2021-07-21-10--48--09 Sleep Check Completed
INFO:root:2021-07-21-10--48--09 Frame manipulations completed
INFO:root:2021-07-21-10--48--09 Bounding Box Drawn
INFO:root:2021-07-21-10--48--09 MovingFrameQueue Appended
INFO:root:2021-07-21-10--48--09 anomallyFrameTracker resetted to 200
INFO:root:2021-07-21-10--48--09 Colour Conversion Completed
INFO:root:2021-07-21-10--48--09 Sleep Check Completed
INFO:root:2021-07-21-10--48--09 Frame manipulations completed
INFO:root:2021-07-21-10--48--09 Bounding Box Drawn
INFO:root:2021-07-21-10--48--09 MovingFrameQueue Popped
INFO:root:2021-07-21-10--48--09 anomallyFrameTracker resetted to 200
INFO:root:2021-07-21-10--48--09 Colour Conversion Completed
INFO:root:2021-07-21-10--48--09 Sleep Check Completed
INFO:root:2021-07-21-10--48--09 Frame manipulations completed
INFO:root:2021-07-21-10--48--09 Bounding Box Drawn
INFO:root:2021-07-21-10--48--09 MovingFrameQueue Appended
INFO:root:2021-07-21-10--48--09 anomallyFrameTracker resetted to 200
INFO:root:2021-07-21-10--48--09 Colour Conversion Completed
INFO:root:2021-07-21-10--48--09 Sleep Check Completed
INFO:root:2021-07-21-10--48--09 Frame manipulations completed
INFO:root:2021-07-21-10--48--09 Bounding Box Drawn
INFO:root:2021-07-21-10--48--09 MovingFrameQueue Popped
INFO:root:2021-07-21-10--48--09 anomallyFrameTracker resetted to 200
INFO:root:2021-07-21-10--48--09 Colour Conversion Completed
INFO:root:2021-07-21-10--48--09 Sleep Check Completed
INFO:root:2021-07-21-10--48--09 Frame manipulations completed
INFO:root:2021-07-21-10--48--09 Bounding Box Drawn
INFO:root:2021-07-21-10--48--09 MovingFrameQueue Appended
INFO:root:2021-07-21-10--48--09 anomallyFrameTracker resetted to 200
INFO:root:2021-07-21-10--48--09 Colour Conversion Completed
INFO:root:2021-07-21-10--48--09 Sleep Check Completed
INFO:root:2021-07-21-10--48--09 Frame manipulations completed
INFO:root:2021-07-21-10--48--09 Bounding Box Drawn
INFO:root:2021-07-21-10--48--10 MovingFrameQueue Popped
INFO:root:2021-07-21-10--48--10 anomallyFrameTracker resetted to 200
INFO:root:2021-07-21-10--48--10 Colour Conversion Completed
INFO:root:2021-07-21-10--48--10 Sleep Check Completed
INFO:root:2021-07-21-10--48--10 Frame manipulations completed
INFO:root:2021-07-21-10--48--10 Bounding Box Drawn
INFO:root:2021-07-21-10--48--10 MovingFrameQueue Appended
INFO:root:2021-07-21-10--48--10 anomallyFrameTracker resetted to 200
INFO:root:2021-07-21-10--48--10 Colour Conversion Completed
INFO:root:2021-07-21-10--48--10 Sleep Check Completed
INFO:root:2021-07-21-10--48--10 Frame manipulations completed
INFO:root:2021-07-21-10--48--10 Bounding Box Drawn
INFO:root:2021-07-21-10--48--10 MovingFrameQueue Popped
INFO:root:2021-07-21-10--48--10 anomallyFrameTracker resetted to 200
INFO:root:2021-07-21-10--48--10 Colour Conversion Completed
INFO:root:2021-07-21-10--48--10 Sleep Check Completed
INFO:root:2021-07-21-10--48--10 Frame manipulations completed
INFO:root:2021-07-21-10--48--10 Bounding Box Drawn
INFO:root:2021-07-21-10--48--10 MovingFrameQueue Appended
INFO:root:2021-07-21-10--48--10 anomallyFrameTracker resetted to 200
INFO:root:2021-07-21-10--48--10 Colour Conversion Completed
INFO:root:2021-07-21-10--48--10 Sleep Check Completed
INFO:root:2021-07-21-10--48--10 Frame manipulations completed
INFO:root:2021-07-21-10--48--10 Bounding Box Drawn
INFO:root:2021-07-21-10--48--10 MovingFrameQueue Popped
INFO:root:2021-07-21-10--48--10 anomallyFrameTracker resetted to 200
INFO:root:2021-07-21-10--48--10 Colour Conversion Completed
INFO:root:2021-07-21-10--48--11 Sleep Check Completed
INFO:root:2021-07-21-10--48--11 Frame manipulations completed
INFO:root:2021-07-21-10--48--11 Bounding Box Drawn
INFO:root:2021-07-21-10--48--11 MovingFrameQueue Appended
INFO:root:2021-07-21-10--48--11 anomallyFrameTracker resetted to 200
INFO:root:2021-07-21-10--48--11 Colour Conversion Completed
INFO:root:2021-07-21-10--48--11 Sleep Check Completed
INFO:root:2021-07-21-10--48--11 Frame manipulations completed
INFO:root:2021-07-21-10--48--11 Bounding Box Drawn
INFO:root:2021-07-21-10--48--11 MovingFrameQueue Popped
INFO:root:2021-07-21-10--48--11 anomallyFrameTracker resetted to 200
INFO:root:2021-07-21-10--48--11 Colour Conversion Completed
INFO:root:2021-07-21-10--48--11 Sleep Check Completed
INFO:root:2021-07-21-10--48--11 Frame manipulations completed
INFO:root:2021-07-21-10--48--11 Bounding Box Drawn
INFO:root:2021-07-21-10--48--11 MovingFrameQueue Appended
INFO:root:2021-07-21-10--48--11 anomallyFrameTracker resetted to 200
INFO:root:2021-07-21-10--48--11 Colour Conversion Completed
INFO:root:2021-07-21-10--48--11 Sleep Check Completed
INFO:root:2021-07-21-10--48--11 Frame manipulations completed
INFO:root:2021-07-21-10--48--11 Bounding Box Drawn
INFO:root:2021-07-21-10--48--11 MovingFrameQueue Popped
INFO:root:2021-07-21-10--48--11 anomallyFrameTracker resetted to 200
INFO:root:2021-07-21-10--48--11 Colour Conversion Completed
INFO:root:2021-07-21-10--48--11 Sleep Check Completed
INFO:root:2021-07-21-10--48--11 Frame manipulations completed
INFO:root:2021-07-21-10--48--11 Bounding Box Drawn
INFO:root:2021-07-21-10--48--11 MovingFrameQueue Appended
INFO:root:2021-07-21-10--48--11 anomallyFrameTracker resetted to 200
INFO:root:2021-07-21-10--48--11 Colour Conversion Completed
INFO:root:2021-07-21-10--48--12 Sleep Check Completed
INFO:root:2021-07-21-10--48--12 Frame manipulations completed
INFO:root:2021-07-21-10--48--12 Bounding Box Drawn
INFO:root:2021-07-21-10--48--12 MovingFrameQueue Popped
INFO:root:2021-07-21-10--48--12 anomallyFrameTracker resetted to 200
INFO:root:2021-07-21-10--48--12 Colour Conversion Completed
INFO:root:2021-07-21-10--48--12 Sleep Check Completed
INFO:root:2021-07-21-10--48--12 Frame manipulations completed
INFO:root:2021-07-21-10--48--12 Bounding Box Drawn
INFO:root:2021-07-21-10--48--12 MovingFrameQueue Appended
INFO:root:2021-07-21-10--48--12 anomallyFrameTracker resetted to 200
INFO:root:2021-07-21-10--48--12 Colour Conversion Completed
INFO:root:2021-07-21-10--48--12 Sleep Check Completed
INFO:root:2021-07-21-10--48--12 Frame manipulations completed
INFO:root:2021-07-21-10--48--12 Bounding Box Drawn
INFO:root:2021-07-21-10--48--12 MovingFrameQueue Popped
INFO:root:2021-07-21-10--48--12 anomallyFrameTracker resetted to 200
INFO:root:2021-07-21-10--48--12 Colour Conversion Completed
INFO:root:2021-07-21-10--48--12 Sleep Check Completed
INFO:root:2021-07-21-10--48--12 Frame manipulations completed
INFO:root:2021-07-21-10--48--12 Bounding Box Drawn
INFO:root:2021-07-21-10--48--12 MovingFrameQueue Appended
INFO:root:2021-07-21-10--48--12 anomallyFrameTracker resetted to 200
INFO:root:2021-07-21-10--48--12 Colour Conversion Completed
INFO:root:2021-07-21-10--48--12 Sleep Check Completed
INFO:root:2021-07-21-10--48--12 Frame manipulations completed
INFO:root:2021-07-21-10--48--12 Bounding Box Drawn
INFO:root:2021-07-21-10--48--12 MovingFrameQueue Popped
INFO:root:2021-07-21-10--48--12 anomallyFrameTracker resetted to 200
INFO:root:2021-07-21-10--48--12 Colour Conversion Completed
INFO:root:2021-07-21-10--48--13 Sleep Check Completed
INFO:root:2021-07-21-10--48--13 Frame manipulations completed
INFO:root:2021-07-21-10--48--13 Bounding Box Drawn
INFO:root:2021-07-21-10--48--13 MovingFrameQueue Appended
INFO:root:2021-07-21-10--48--13 anomallyFrameTracker resetted to 200
INFO:root:2021-07-21-10--48--13 Colour Conversion Completed
INFO:root:2021-07-21-10--48--13 Sleep Check Completed
INFO:root:2021-07-21-10--48--13 Frame manipulations completed
INFO:root:2021-07-21-10--48--13 Bounding Box Drawn
INFO:root:2021-07-21-10--48--13 MovingFrameQueue Popped
INFO:root:2021-07-21-10--48--13 anomallyFrameTracker resetted to 200
INFO:root:2021-07-21-10--48--13 Colour Conversion Completed
INFO:root:2021-07-21-10--48--13 Sleep Check Completed
INFO:root:2021-07-21-10--48--13 Frame manipulations completed
INFO:root:2021-07-21-10--48--13 Bounding Box Drawn
INFO:root:2021-07-21-10--48--13 MovingFrameQueue Appended
INFO:root:2021-07-21-10--48--13 anomallyFrameTracker resetted to 200
INFO:root:2021-07-21-10--48--13 Colour Conversion Completed
INFO:root:2021-07-21-10--48--13 Sleep Check Completed
INFO:root:2021-07-21-10--48--13 Frame manipulations completed
INFO:root:2021-07-21-10--48--13 Bounding Box Drawn
INFO:root:2021-07-21-10--48--13 MovingFrameQueue Popped
INFO:root:2021-07-21-10--48--13 anomallyFrameTracker resetted to 200
INFO:root:2021-07-21-10--48--13 Colour Conversion Completed
INFO:root:2021-07-21-10--48--13 Sleep Check Completed
INFO:root:2021-07-21-10--48--13 Frame manipulations completed
INFO:root:2021-07-21-10--48--13 Bounding Box Drawn
INFO:root:2021-07-21-10--48--13 MovingFrameQueue Appended
INFO:root:2021-07-21-10--48--13 anomallyFrameTracker resetted to 200
INFO:root:2021-07-21-10--48--13 Colour Conversion Completed
INFO:root:2021-07-21-10--48--13 Sleep Check Completed
INFO:root:2021-07-21-10--48--13 Frame manipulations completed
INFO:root:2021-07-21-10--48--13 Bounding Box Drawn
INFO:root:2021-07-21-10--48--14 MovingFrameQueue Popped
INFO:root:2021-07-21-10--48--14 anomallyFrameTracker resetted to 200
INFO:root:2021-07-21-10--48--14 Colour Conversion Completed
INFO:root:2021-07-21-10--48--14 Sleep Check Completed
INFO:root:2021-07-21-10--48--14 Frame manipulations completed
INFO:root:2021-07-21-10--48--14 Bounding Box Drawn
INFO:root:2021-07-21-10--48--14 MovingFrameQueue Appended
INFO:root:2021-07-21-10--48--14 anomallyFrameTracker resetted to 200
INFO:root:2021-07-21-10--48--14 Colour Conversion Completed
INFO:root:2021-07-21-10--48--14 Sleep Check Completed
INFO:root:2021-07-21-10--48--14 Frame manipulations completed
INFO:root:2021-07-21-10--48--14 Bounding Box Drawn
INFO:root:2021-07-21-10--48--14 MovingFrameQueue Popped
INFO:root:2021-07-21-10--48--14 anomallyFrameTracker resetted to 200
INFO:root:2021-07-21-10--48--14 Colour Conversion Completed
INFO:root:2021-07-21-10--48--14 Sleep Check Completed
INFO:root:2021-07-21-10--48--14 Frame manipulations completed
INFO:root:2021-07-21-10--48--14 Bounding Box Drawn
INFO:root:2021-07-21-10--48--14 MovingFrameQueue Appended
INFO:root:2021-07-21-10--48--14 anomallyFrameTracker resetted to 200
INFO:root:2021-07-21-10--48--14 Colour Conversion Completed
INFO:root:2021-07-21-10--48--14 Sleep Check Completed
INFO:root:2021-07-21-10--48--14 Frame manipulations completed
INFO:root:2021-07-21-10--48--14 Bounding Box Drawn
INFO:root:2021-07-21-10--48--14 MovingFrameQueue Popped
INFO:root:2021-07-21-10--48--14 anomallyFrameTracker resetted to 200
INFO:root:2021-07-21-10--48--14 Colour Conversion Completed
INFO:root:2021-07-21-10--48--14 Sleep Check Completed
INFO:root:2021-07-21-10--48--14 Frame manipulations completed
INFO:root:2021-07-21-10--48--14 Bounding Box Drawn
INFO:root:2021-07-21-10--48--15 MovingFrameQueue Appended
INFO:root:2021-07-21-10--48--15 anomallyFrameTracker resetted to 200
INFO:root:2021-07-21-10--48--15 Colour Conversion Completed
INFO:root:2021-07-21-10--48--15 Sleep Check Completed
INFO:root:2021-07-21-10--48--15 Frame manipulations completed
INFO:root:2021-07-21-10--48--15 Bounding Box Drawn
INFO:root:2021-07-21-10--48--15 MovingFrameQueue Popped
INFO:root:2021-07-21-10--48--15 anomallyFrameTracker resetted to 200
INFO:root:2021-07-21-10--48--15 Colour Conversion Completed
INFO:root:2021-07-21-10--48--15 Sleep Check Completed
INFO:root:2021-07-21-10--48--15 Frame manipulations completed
INFO:root:2021-07-21-10--48--15 Bounding Box Drawn
INFO:root:2021-07-21-10--48--15 MovingFrameQueue Appended
INFO:root:2021-07-21-10--48--15 anomallyFrameTracker resetted to 200
INFO:root:2021-07-21-10--48--15 Colour Conversion Completed
INFO:root:2021-07-21-10--48--15 Sleep Check Completed
INFO:root:2021-07-21-10--48--15 Frame manipulations completed
INFO:root:2021-07-21-10--48--15 Bounding Box Drawn
INFO:root:2021-07-21-10--48--15 MovingFrameQueue Popped
INFO:root:2021-07-21-10--48--15 anomallyFrameTracker resetted to 200
INFO:root:2021-07-21-10--48--15 Colour Conversion Completed
INFO:root:2021-07-21-10--48--15 Sleep Check Completed
INFO:root:2021-07-21-10--48--15 Frame manipulations completed
INFO:root:2021-07-21-10--48--15 Bounding Box Drawn
INFO:root:2021-07-21-10--48--16 MovingFrameQueue Appended
INFO:root:2021-07-21-10--48--16 anomallyFrameTracker resetted to 200
INFO:root:2021-07-21-10--48--16 Colour Conversion Completed
INFO:root:2021-07-21-10--48--16 Sleep Check Completed
INFO:root:2021-07-21-10--48--16 Frame manipulations completed
INFO:root:2021-07-21-10--48--16 Bounding Box Drawn
INFO:root:2021-07-21-10--48--16 MovingFrameQueue Popped
INFO:root:2021-07-21-10--48--16 anomallyFrameTracker resetted to 200
INFO:root:2021-07-21-10--48--16 Colour Conversion Completed
INFO:root:2021-07-21-10--48--16 Sleep Check Completed
INFO:root:2021-07-21-10--48--16 Frame manipulations completed
INFO:root:2021-07-21-10--48--16 Bounding Box Drawn
INFO:root:2021-07-21-10--48--16 MovingFrameQueue Appended
INFO:root:2021-07-21-10--48--16 anomallyFrameTracker resetted to 200
INFO:root:2021-07-21-10--48--16 Colour Conversion Completed
INFO:root:2021-07-21-10--48--16 Sleep Check Completed
INFO:root:2021-07-21-10--48--16 Frame manipulations completed
INFO:root:2021-07-21-10--48--16 Bounding Box Drawn
INFO:root:2021-07-21-10--48--16 MovingFrameQueue Popped
INFO:root:2021-07-21-10--48--16 anomallyFrameTracker resetted to 200
INFO:root:2021-07-21-10--48--16 Colour Conversion Completed
INFO:root:2021-07-21-10--48--16 Sleep Check Completed
INFO:root:2021-07-21-10--48--16 Frame manipulations completed
INFO:root:2021-07-21-10--48--16 Bounding Box Drawn
INFO:root:2021-07-21-10--48--16 MovingFrameQueue Appended
INFO:root:2021-07-21-10--48--16 anomallyFrameTracker resetted to 200
INFO:root:2021-07-21-10--48--16 Colour Conversion Completed
INFO:root:2021-07-21-10--48--16 Sleep Check Completed
INFO:root:2021-07-21-10--48--16 Frame manipulations completed
INFO:root:2021-07-21-10--48--16 Bounding Box Drawn
INFO:root:2021-07-21-10--48--16 MovingFrameQueue Popped
INFO:root:2021-07-21-10--48--16 anomallyFrameTracker resetted to 200
INFO:root:2021-07-21-10--48--16 Colour Conversion Completed
INFO:root:2021-07-21-10--48--16 Sleep Check Completed
INFO:root:2021-07-21-10--48--16 Frame manipulations completed
INFO:root:2021-07-21-10--48--16 Bounding Box Drawn
INFO:root:2021-07-21-10--48--17 MovingFrameQueue Appended
INFO:root:2021-07-21-10--48--17 anomallyFrameTracker resetted to 200
INFO:root:2021-07-21-10--48--17 Colour Conversion Completed
INFO:root:2021-07-21-10--48--17 Sleep Check Completed
INFO:root:2021-07-21-10--48--17 Frame manipulations completed
INFO:root:2021-07-21-10--48--17 Bounding Box Drawn
INFO:root:2021-07-21-10--48--17 MovingFrameQueue Popped
INFO:root:2021-07-21-10--48--17 anomallyFrameTracker resetted to 200
INFO:root:2021-07-21-10--48--17 Colour Conversion Completed
INFO:root:2021-07-21-10--48--17 Sleep Check Completed
INFO:root:2021-07-21-10--48--17 Frame manipulations completed
INFO:root:2021-07-21-10--48--17 Bounding Box Drawn
INFO:root:2021-07-21-10--48--17 MovingFrameQueue Appended
INFO:root:2021-07-21-10--48--17 anomallyFrameTracker resetted to 200
INFO:root:2021-07-21-10--48--17 Colour Conversion Completed
INFO:root:2021-07-21-10--48--17 Sleep Check Completed
INFO:root:2021-07-21-10--48--17 Frame manipulations completed
INFO:root:2021-07-21-10--48--17 Bounding Box Drawn
INFO:root:2021-07-21-10--48--17 MovingFrameQueue Popped
INFO:root:2021-07-21-10--48--17 anomallyFrameTracker resetted to 200
INFO:root:2021-07-21-10--48--17 Colour Conversion Completed
INFO:root:2021-07-21-10--48--17 Sleep Check Completed
INFO:root:2021-07-21-10--48--17 Frame manipulations completed
INFO:root:2021-07-21-10--48--17 Bounding Box Drawn
INFO:root:2021-07-21-10--48--17 MovingFrameQueue Appended
INFO:root:2021-07-21-10--48--17 anomallyFrameTracker resetted to 200
INFO:root:2021-07-21-10--48--17 Colour Conversion Completed
INFO:root:2021-07-21-10--48--17 Sleep Check Completed
INFO:root:2021-07-21-10--48--17 Frame manipulations completed
INFO:root:2021-07-21-10--48--17 Bounding Box Drawn
INFO:root:2021-07-21-10--48--17[INFO] elapsed time: 54.08
INFO:root:2021-07-21-10--48--17[INFO] approx. FPS: 4.72
INFO:root:2021-07-21-10--48--18 Getting Auth Token Success
INFO:root:2021-07-21-10--48--18 BedTime Upload Completed
