INFO:root:2021-07-23-15--09--27 Parameter Generation Success
INFO:root:2021-07-23-15--09--27 Colour Conversion Completed
INFO:root:2021-07-23-15--09--27 Sleep Check Completed
INFO:root:2021-07-23-15--09--27 Frame manipulations completed
INFO:root:2021-07-23-15--09--27 Bounding Box Drawn
INFO:root:2021-07-23-15--09--32 MovingFrameQueue Appended
INFO:root:2021-07-23-15--09--32 anomallyFrameTracker resetted to 200
INFO:root:2021-07-23-15--09--32 Colour Conversion Completed
INFO:root:2021-07-23-15--09--32 Sleep Check Completed
INFO:root:2021-07-23-15--09--32 Frame manipulations completed
INFO:root:2021-07-23-15--09--32 Bounding Box Drawn
INFO:root:2021-07-23-15--09--32 MovingFrameQueue Appended
INFO:root:2021-07-23-15--09--32 anomallyFrameTracker resetted to 200
INFO:root:2021-07-23-15--09--32 Colour Conversion Completed
INFO:root:2021-07-23-15--09--32 Sleep Check Completed
INFO:root:2021-07-23-15--09--32 Frame manipulations completed
INFO:root:2021-07-23-15--09--32 Bounding Box Drawn
INFO:root:2021-07-23-15--09--32 MovingFrameQueue Appended
INFO:root:2021-07-23-15--09--32 anomallyFrameTracker resetted to 200
INFO:root:2021-07-23-15--09--32 Colour Conversion Completed
INFO:root:2021-07-23-15--09--32 Sleep Check Completed
INFO:root:2021-07-23-15--09--32 Frame manipulations completed
INFO:root:2021-07-23-15--09--32 Bounding Box Drawn
INFO:root:2021-07-23-15--09--32 MovingFrameQueue Appended
INFO:root:2021-07-23-15--09--32 anomallyFrameTracker resetted to 200
INFO:root:2021-07-23-15--09--32 Colour Conversion Completed
INFO:root:2021-07-23-15--09--32 Sleep Check Completed
INFO:root:2021-07-23-15--09--32 Frame manipulations completed
INFO:root:2021-07-23-15--09--32 Bounding Box Drawn
INFO:root:2021-07-23-15--09--32 MovingFrameQueue Appended
INFO:root:2021-07-23-15--09--32 anomallyFrameTracker resetted to 200
INFO:root:2021-07-23-15--09--32 Colour Conversion Completed
INFO:root:2021-07-23-15--09--32 Sleep Check Completed
INFO:root:2021-07-23-15--09--32 Frame manipulations completed
INFO:root:2021-07-23-15--09--32 Bounding Box Drawn
INFO:root:2021-07-23-15--09--32 MovingFrameQueue Appended
INFO:root:2021-07-23-15--09--32 anomallyFrameTracker resetted to 200
INFO:root:2021-07-23-15--09--32 Colour Conversion Completed
INFO:root:2021-07-23-15--09--32 Sleep Check Completed
INFO:root:2021-07-23-15--09--32 Frame manipulations completed
INFO:root:2021-07-23-15--09--32 Bounding Box Drawn
INFO:root:2021-07-23-15--09--32 MovingFrameQueue Appended
INFO:root:2021-07-23-15--09--32 anomallyFrameTracker resetted to 200
INFO:root:2021-07-23-15--09--32 Colour Conversion Completed
INFO:root:2021-07-23-15--09--32 Sleep Check Completed
INFO:root:2021-07-23-15--09--32 Frame manipulations completed
INFO:root:2021-07-23-15--09--32 Bounding Box Drawn
INFO:root:2021-07-23-15--09--33 MovingFrameQueue Appended
INFO:root:2021-07-23-15--09--33 anomallyFrameTracker resetted to 200
INFO:root:2021-07-23-15--09--33 Colour Conversion Completed
INFO:root:2021-07-23-15--09--33 Sleep Check Completed
INFO:root:2021-07-23-15--09--33 Frame manipulations completed
INFO:root:2021-07-23-15--09--33 Bounding Box Drawn
INFO:root:2021-07-23-15--09--33 MovingFrameQueue Appended
INFO:root:2021-07-23-15--09--33 anomallyFrameTracker resetted to 200
INFO:root:2021-07-23-15--09--33 Colour Conversion Completed
INFO:root:2021-07-23-15--09--33 Sleep Check Completed
INFO:root:2021-07-23-15--09--33 Frame manipulations completed
INFO:root:2021-07-23-15--09--33 Bounding Box Drawn
INFO:root:2021-07-23-15--09--33 MovingFrameQueue Appended
INFO:root:2021-07-23-15--09--33 anomallyFrameTracker resetted to 200
INFO:root:2021-07-23-15--09--33 Colour Conversion Completed
INFO:root:2021-07-23-15--09--33 Sleep Check Completed
INFO:root:2021-07-23-15--09--33 Frame manipulations completed
INFO:root:2021-07-23-15--09--33 Bounding Box Drawn
INFO:root:2021-07-23-15--09--33 MovingFrameQueue Appended
INFO:root:2021-07-23-15--09--33 anomallyFrameTracker resetted to 200
INFO:root:2021-07-23-15--09--33 Colour Conversion Completed
INFO:root:2021-07-23-15--09--33 Sleep Check Completed
INFO:root:2021-07-23-15--09--33 Frame manipulations completed
INFO:root:2021-07-23-15--09--33 Bounding Box Drawn
INFO:root:2021-07-23-15--09--33 MovingFrameQueue Appended
INFO:root:2021-07-23-15--09--33 anomallyFrameTracker resetted to 200
INFO:root:2021-07-23-15--09--33 Colour Conversion Completed
INFO:root:2021-07-23-15--09--33 Sleep Check Completed
INFO:root:2021-07-23-15--09--33 Frame manipulations completed
INFO:root:2021-07-23-15--09--33 Bounding Box Drawn
INFO:root:2021-07-23-15--09--33 MovingFrameQueue Appended
INFO:root:2021-07-23-15--09--33 anomallyFrameTracker resetted to 200
INFO:root:2021-07-23-15--09--33 Colour Conversion Completed
INFO:root:2021-07-23-15--09--33 Sleep Check Completed
INFO:root:2021-07-23-15--09--33 Frame manipulations completed
INFO:root:2021-07-23-15--09--33 Bounding Box Drawn
INFO:root:2021-07-23-15--09--33 MovingFrameQueue Appended
INFO:root:2021-07-23-15--09--33 anomallyFrameTracker resetted to 200
INFO:root:2021-07-23-15--09--33 Colour Conversion Completed
INFO:root:2021-07-23-15--09--33 Sleep Check Completed
INFO:root:2021-07-23-15--09--33 Frame manipulations completed
INFO:root:2021-07-23-15--09--33 Bounding Box Drawn
INFO:root:2021-07-23-15--09--33 MovingFrameQueue Appended
INFO:root:2021-07-23-15--09--33 anomallyFrameTracker resetted to 200
INFO:root:2021-07-23-15--09--33 Colour Conversion Completed
INFO:root:2021-07-23-15--09--33 Sleep Check Completed
INFO:root:2021-07-23-15--09--33 Frame manipulations completed
INFO:root:2021-07-23-15--09--33 Bounding Box Drawn
INFO:root:2021-07-23-15--09--34 MovingFrameQueue Appended
INFO:root:2021-07-23-15--09--34 anomallyFrameTracker resetted to 200
INFO:root:2021-07-23-15--09--34 Colour Conversion Completed
INFO:root:2021-07-23-15--09--34 Sleep Check Completed
INFO:root:2021-07-23-15--09--34 Frame manipulations completed
INFO:root:2021-07-23-15--09--34 Bounding Box Drawn
INFO:root:2021-07-23-15--09--34 MovingFrameQueue Appended
INFO:root:2021-07-23-15--09--34 anomallyFrameTracker resetted to 200
INFO:root:2021-07-23-15--09--34 Colour Conversion Completed
INFO:root:2021-07-23-15--09--34 Sleep Check Completed
INFO:root:2021-07-23-15--09--34 Frame manipulations completed
INFO:root:2021-07-23-15--09--34 Bounding Box Drawn
INFO:root:2021-07-23-15--09--34 MovingFrameQueue Appended
INFO:root:2021-07-23-15--09--34 anomallyFrameTracker resetted to 200
INFO:root:2021-07-23-15--09--34 Colour Conversion Completed
INFO:root:2021-07-23-15--09--34 Sleep Check Completed
INFO:root:2021-07-23-15--09--34 Frame manipulations completed
INFO:root:2021-07-23-15--09--34 Bounding Box Drawn
INFO:root:2021-07-23-15--09--34 MovingFrameQueue Appended
INFO:root:2021-07-23-15--09--34 anomallyFrameTracker resetted to 200
INFO:root:2021-07-23-15--09--34 Colour Conversion Completed
INFO:root:2021-07-23-15--09--34 Sleep Check Completed
INFO:root:2021-07-23-15--09--34 Frame manipulations completed
INFO:root:2021-07-23-15--09--34 Bounding Box Drawn
INFO:root:2021-07-23-15--09--34 MovingFrameQueue Appended
INFO:root:2021-07-23-15--09--34 anomallyFrameTracker resetted to 200
INFO:root:2021-07-23-15--09--34 Colour Conversion Completed
INFO:root:2021-07-23-15--09--34 Sleep Check Completed
INFO:root:2021-07-23-15--09--34 Frame manipulations completed
INFO:root:2021-07-23-15--09--34 Bounding Box Drawn
INFO:root:2021-07-23-15--09--35 MovingFrameQueue Appended
INFO:root:2021-07-23-15--09--35 anomallyFrameTracker resetted to 200
INFO:root:2021-07-23-15--09--35 Colour Conversion Completed
INFO:root:2021-07-23-15--09--35 Sleep Check Completed
INFO:root:2021-07-23-15--09--35 Frame manipulations completed
INFO:root:2021-07-23-15--09--35 Bounding Box Drawn
INFO:root:2021-07-23-15--09--36 MovingFrameQueue Appended
INFO:root:2021-07-23-15--09--36 anomallyFrameTracker resetted to 200
INFO:root:2021-07-23-15--09--36 Colour Conversion Completed
INFO:root:2021-07-23-15--09--36 Sleep Check Completed
INFO:root:2021-07-23-15--09--36 Frame manipulations completed
INFO:root:2021-07-23-15--09--36 Bounding Box Drawn
INFO:root:2021-07-23-15--09--36 MovingFrameQueue Appended
INFO:root:2021-07-23-15--09--36 anomallyFrameTracker resetted to 200
INFO:root:2021-07-23-15--09--36 Colour Conversion Completed
INFO:root:2021-07-23-15--09--36 Sleep Check Completed
INFO:root:2021-07-23-15--09--36 Frame manipulations completed
INFO:root:2021-07-23-15--09--36 Bounding Box Drawn
INFO:root:2021-07-23-15--09--36 MovingFrameQueue Appended
INFO:root:2021-07-23-15--09--36 anomallyFrameTracker resetted to 200
INFO:root:2021-07-23-15--09--36 Colour Conversion Completed
INFO:root:2021-07-23-15--09--36 Sleep Check Completed
INFO:root:2021-07-23-15--09--36 Frame manipulations completed
INFO:root:2021-07-23-15--09--36 Bounding Box Drawn
INFO:root:2021-07-23-15--09--36 MovingFrameQueue Appended
INFO:root:2021-07-23-15--09--36 anomallyFrameTracker resetted to 200
INFO:root:2021-07-23-15--09--36 Colour Conversion Completed
INFO:root:2021-07-23-15--09--36 Sleep Check Completed
INFO:root:2021-07-23-15--09--36 Frame manipulations completed
INFO:root:2021-07-23-15--09--36 Bounding Box Drawn
INFO:root:2021-07-23-15--09--36 MovingFrameQueue Appended
INFO:root:2021-07-23-15--09--36 anomallyFrameTracker resetted to 200
INFO:root:2021-07-23-15--09--36 Colour Conversion Completed
INFO:root:2021-07-23-15--09--36 Sleep Check Completed
INFO:root:2021-07-23-15--09--36 Frame manipulations completed
INFO:root:2021-07-23-15--09--36 Bounding Box Drawn
INFO:root:2021-07-23-15--09--36 MovingFrameQueue Appended
INFO:root:2021-07-23-15--09--36 anomallyFrameTracker resetted to 200
INFO:root:2021-07-23-15--09--36 Colour Conversion Completed
INFO:root:2021-07-23-15--09--36 Sleep Check Completed
INFO:root:2021-07-23-15--09--36 Frame manipulations completed
INFO:root:2021-07-23-15--09--36 Bounding Box Drawn
INFO:root:2021-07-23-15--09--36 MovingFrameQueue Appended
INFO:root:2021-07-23-15--09--36 anomallyFrameTracker resetted to 200
INFO:root:2021-07-23-15--09--36 Colour Conversion Completed
INFO:root:2021-07-23-15--09--36 Sleep Check Completed
INFO:root:2021-07-23-15--09--36 Frame manipulations completed
INFO:root:2021-07-23-15--09--36 Bounding Box Drawn
INFO:root:2021-07-23-15--09--36 MovingFrameQueue Appended
INFO:root:2021-07-23-15--09--36 anomallyFrameTracker resetted to 200
INFO:root:2021-07-23-15--09--36 Colour Conversion Completed
INFO:root:2021-07-23-15--09--36 Sleep Check Completed
INFO:root:2021-07-23-15--09--36 Frame manipulations completed
INFO:root:2021-07-23-15--09--36 Bounding Box Drawn
INFO:root:2021-07-23-15--09--36 MovingFrameQueue Appended
INFO:root:2021-07-23-15--09--36 anomallyFrameTracker resetted to 200
INFO:root:2021-07-23-15--09--36 Colour Conversion Completed
INFO:root:2021-07-23-15--09--36 Sleep Check Completed
INFO:root:2021-07-23-15--09--36 Frame manipulations completed
INFO:root:2021-07-23-15--09--36 Bounding Box Drawn
INFO:root:2021-07-23-15--09--36 MovingFrameQueue Appended
INFO:root:2021-07-23-15--09--36 anomallyFrameTracker resetted to 200
INFO:root:2021-07-23-15--09--37 Colour Conversion Completed
INFO:root:2021-07-23-15--09--37 Sleep Check Completed
INFO:root:2021-07-23-15--09--37 Frame manipulations completed
INFO:root:2021-07-23-15--09--37 Bounding Box Drawn
INFO:root:2021-07-23-15--09--37 MovingFrameQueue Appended
INFO:root:2021-07-23-15--09--37 anomallyFrameTracker resetted to 200
INFO:root:2021-07-23-15--09--37 Colour Conversion Completed
INFO:root:2021-07-23-15--09--37 Sleep Check Completed
INFO:root:2021-07-23-15--09--37 Frame manipulations completed
INFO:root:2021-07-23-15--09--37 Bounding Box Drawn
INFO:root:2021-07-23-15--09--37 MovingFrameQueue Appended
INFO:root:2021-07-23-15--09--37 anomallyFrameTracker resetted to 200
INFO:root:2021-07-23-15--09--37 Colour Conversion Completed
INFO:root:2021-07-23-15--09--37 Sleep Check Completed
INFO:root:2021-07-23-15--09--37 Frame manipulations completed
INFO:root:2021-07-23-15--09--37 Bounding Box Drawn
INFO:root:2021-07-23-15--09--37 MovingFrameQueue Appended
INFO:root:2021-07-23-15--09--37 anomallyFrameTracker resetted to 200
INFO:root:2021-07-23-15--09--37 Colour Conversion Completed
INFO:root:2021-07-23-15--09--37 Sleep Check Completed
INFO:root:2021-07-23-15--09--37 Frame manipulations completed
INFO:root:2021-07-23-15--09--37 Bounding Box Drawn
INFO:root:2021-07-23-15--09--37 MovingFrameQueue Appended
INFO:root:2021-07-23-15--09--37 anomallyFrameTracker resetted to 200
INFO:root:2021-07-23-15--09--37 Colour Conversion Completed
INFO:root:2021-07-23-15--09--37 Sleep Check Completed
INFO:root:2021-07-23-15--09--37 Frame manipulations completed
INFO:root:2021-07-23-15--09--37 Bounding Box Drawn
INFO:root:2021-07-23-15--09--37 MovingFrameQueue Appended
INFO:root:2021-07-23-15--09--37 anomallyFrameTracker resetted to 200
INFO:root:2021-07-23-15--09--37 Colour Conversion Completed
INFO:root:2021-07-23-15--09--37 Sleep Check Completed
INFO:root:2021-07-23-15--09--37 Frame manipulations completed
INFO:root:2021-07-23-15--09--37 Bounding Box Drawn
INFO:root:2021-07-23-15--09--37 MovingFrameQueue Appended
INFO:root:2021-07-23-15--09--37 anomallyFrameTracker resetted to 200
INFO:root:2021-07-23-15--09--37 Colour Conversion Completed
INFO:root:2021-07-23-15--09--37 Sleep Check Completed
INFO:root:2021-07-23-15--09--37 Frame manipulations completed
INFO:root:2021-07-23-15--09--37 Bounding Box Drawn
INFO:root:2021-07-23-15--09--37 MovingFrameQueue Appended
INFO:root:2021-07-23-15--09--37 anomallyFrameTracker resetted to 200
INFO:root:2021-07-23-15--09--37 Colour Conversion Completed
INFO:root:2021-07-23-15--09--37 Sleep Check Completed
INFO:root:2021-07-23-15--09--37 Frame manipulations completed
INFO:root:2021-07-23-15--09--37 Bounding Box Drawn
INFO:root:2021-07-23-15--09--37 MovingFrameQueue Appended
INFO:root:2021-07-23-15--09--37 anomallyFrameTracker resetted to 200
INFO:root:2021-07-23-15--09--37 Colour Conversion Completed
INFO:root:2021-07-23-15--09--38 Sleep Check Completed
INFO:root:2021-07-23-15--09--38 Frame manipulations completed
INFO:root:2021-07-23-15--09--38 Bounding Box Drawn
INFO:root:2021-07-23-15--09--38 MovingFrameQueue Appended
INFO:root:2021-07-23-15--09--38 anomallyFrameTracker resetted to 200
INFO:root:2021-07-23-15--09--38 Colour Conversion Completed
INFO:root:2021-07-23-15--09--38 Sleep Check Completed
INFO:root:2021-07-23-15--09--38 Frame manipulations completed
INFO:root:2021-07-23-15--09--38 Bounding Box Drawn
INFO:root:2021-07-23-15--09--38 MovingFrameQueue Appended
INFO:root:2021-07-23-15--09--38 anomallyFrameTracker resetted to 200
INFO:root:2021-07-23-15--09--38 Colour Conversion Completed
INFO:root:2021-07-23-15--09--38 Sleep Check Completed
INFO:root:2021-07-23-15--09--38 Frame manipulations completed
INFO:root:2021-07-23-15--09--38 Bounding Box Drawn
INFO:root:2021-07-23-15--09--38 MovingFrameQueue Appended
INFO:root:2021-07-23-15--09--38 anomallyFrameTracker resetted to 200
INFO:root:2021-07-23-15--09--38 Colour Conversion Completed
INFO:root:2021-07-23-15--09--38 Sleep Check Completed
INFO:root:2021-07-23-15--09--38 Frame manipulations completed
INFO:root:2021-07-23-15--09--38 Bounding Box Drawn
INFO:root:2021-07-23-15--09--38 MovingFrameQueue Appended
INFO:root:2021-07-23-15--09--38 anomallyFrameTracker resetted to 200
INFO:root:2021-07-23-15--09--38 Colour Conversion Completed
INFO:root:2021-07-23-15--09--38 Sleep Check Completed
INFO:root:2021-07-23-15--09--38 Frame manipulations completed
INFO:root:2021-07-23-15--09--38 Bounding Box Drawn
INFO:root:2021-07-23-15--09--38 MovingFrameQueue Appended
INFO:root:2021-07-23-15--09--38 anomallyFrameTracker resetted to 200
INFO:root:2021-07-23-15--09--38 Colour Conversion Completed
INFO:root:2021-07-23-15--09--38 Sleep Check Completed
INFO:root:2021-07-23-15--09--38 Frame manipulations completed
INFO:root:2021-07-23-15--09--38 Bounding Box Drawn
INFO:root:2021-07-23-15--09--38 MovingFrameQueue Appended
INFO:root:2021-07-23-15--09--38 anomallyFrameTracker resetted to 200
INFO:root:2021-07-23-15--09--38 Colour Conversion Completed
INFO:root:2021-07-23-15--09--38 Sleep Check Completed
INFO:root:2021-07-23-15--09--38 Frame manipulations completed
INFO:root:2021-07-23-15--09--38 Bounding Box Drawn
INFO:root:2021-07-23-15--09--38 MovingFrameQueue Appended
INFO:root:2021-07-23-15--09--38 anomallyFrameTracker resetted to 200
INFO:root:2021-07-23-15--09--38 Colour Conversion Completed
INFO:root:2021-07-23-15--09--38 Sleep Check Completed
INFO:root:2021-07-23-15--09--38 Frame manipulations completed
INFO:root:2021-07-23-15--09--38 Bounding Box Drawn
INFO:root:2021-07-23-15--09--38 MovingFrameQueue Appended
INFO:root:2021-07-23-15--09--38 anomallyFrameTracker resetted to 200
INFO:root:2021-07-23-15--09--38 Colour Conversion Completed
INFO:root:2021-07-23-15--09--38 Sleep Check Completed
INFO:root:2021-07-23-15--09--38 Frame manipulations completed
INFO:root:2021-07-23-15--09--38 Bounding Box Drawn
INFO:root:2021-07-23-15--09--39 MovingFrameQueue Appended
INFO:root:2021-07-23-15--09--39 anomallyFrameTracker resetted to 200
INFO:root:2021-07-23-15--09--39 Colour Conversion Completed
INFO:root:2021-07-23-15--09--39 Sleep Check Completed
INFO:root:2021-07-23-15--09--39 Frame manipulations completed
INFO:root:2021-07-23-15--09--39 Bounding Box Drawn
INFO:root:2021-07-23-15--09--39 MovingFrameQueue Appended
INFO:root:2021-07-23-15--09--39 anomallyFrameTracker resetted to 200
INFO:root:2021-07-23-15--09--39 Colour Conversion Completed
INFO:root:2021-07-23-15--09--39 Sleep Check Completed
INFO:root:2021-07-23-15--09--39 Frame manipulations completed
INFO:root:2021-07-23-15--09--39 Bounding Box Drawn
INFO:root:2021-07-23-15--09--39 MovingFrameQueue Appended
INFO:root:2021-07-23-15--09--39 anomallyFrameTracker resetted to 200
INFO:root:2021-07-23-15--09--39 Colour Conversion Completed
INFO:root:2021-07-23-15--09--39 Sleep Check Completed
INFO:root:2021-07-23-15--09--39 Frame manipulations completed
INFO:root:2021-07-23-15--09--39 Bounding Box Drawn
INFO:root:2021-07-23-15--09--39 MovingFrameQueue Appended
INFO:root:2021-07-23-15--09--39 anomallyFrameTracker resetted to 200
INFO:root:2021-07-23-15--09--39 Colour Conversion Completed
INFO:root:2021-07-23-15--09--39 Sleep Check Completed
INFO:root:2021-07-23-15--09--39 Frame manipulations completed
INFO:root:2021-07-23-15--09--39 Bounding Box Drawn
INFO:root:2021-07-23-15--09--39 MovingFrameQueue Popped
INFO:root:2021-07-23-15--09--39 anomallyFrameTracker resetted to 200
INFO:root:2021-07-23-15--09--39 Colour Conversion Completed
INFO:root:2021-07-23-15--09--39 Sleep Check Completed
INFO:root:2021-07-23-15--09--39 Frame manipulations completed
INFO:root:2021-07-23-15--09--39 Bounding Box Drawn
INFO:root:2021-07-23-15--09--39 MovingFrameQueue Appended
INFO:root:2021-07-23-15--09--39 anomallyFrameTracker resetted to 200
INFO:root:2021-07-23-15--09--39 Colour Conversion Completed
INFO:root:2021-07-23-15--09--39 Sleep Check Completed
INFO:root:2021-07-23-15--09--39 Frame manipulations completed
INFO:root:2021-07-23-15--09--39 Bounding Box Drawn
INFO:root:2021-07-23-15--09--39 MovingFrameQueue Popped
INFO:root:2021-07-23-15--09--39 anomallyFrameTracker resetted to 200
INFO:root:2021-07-23-15--09--39 Colour Conversion Completed
INFO:root:2021-07-23-15--09--39 Sleep Check Completed
INFO:root:2021-07-23-15--09--39 Frame manipulations completed
INFO:root:2021-07-23-15--09--39 Bounding Box Drawn
INFO:root:2021-07-23-15--09--39 MovingFrameQueue Appended
INFO:root:2021-07-23-15--09--39 anomallyFrameTracker resetted to 200
INFO:root:2021-07-23-15--09--39 Colour Conversion Completed
INFO:root:2021-07-23-15--09--39 Sleep Check Completed
INFO:root:2021-07-23-15--09--39 Frame manipulations completed
INFO:root:2021-07-23-15--09--39 Bounding Box Drawn
INFO:root:2021-07-23-15--09--39 MovingFrameQueue Popped
INFO:root:2021-07-23-15--09--39 anomallyFrameTracker resetted to 200
INFO:root:2021-07-23-15--09--39 Colour Conversion Completed
INFO:root:2021-07-23-15--09--39 Sleep Check Completed
INFO:root:2021-07-23-15--09--39 Frame manipulations completed
INFO:root:2021-07-23-15--09--39 Bounding Box Drawn
INFO:root:2021-07-23-15--09--40 MovingFrameQueue Appended
INFO:root:2021-07-23-15--09--40 anomallyFrameTracker resetted to 200
INFO:root:2021-07-23-15--09--40 Colour Conversion Completed
INFO:root:2021-07-23-15--09--40 Sleep Check Completed
INFO:root:2021-07-23-15--09--40 Frame manipulations completed
INFO:root:2021-07-23-15--09--40 Bounding Box Drawn
INFO:root:2021-07-23-15--09--40 MovingFrameQueue Popped
INFO:root:2021-07-23-15--09--40 anomallyFrameTracker resetted to 200
INFO:root:2021-07-23-15--09--40 Colour Conversion Completed
INFO:root:2021-07-23-15--09--40 Sleep Check Completed
INFO:root:2021-07-23-15--09--40 Frame manipulations completed
INFO:root:2021-07-23-15--09--40 Bounding Box Drawn
INFO:root:2021-07-23-15--09--40 MovingFrameQueue Appended
INFO:root:2021-07-23-15--09--40 anomallyFrameTracker resetted to 200
INFO:root:2021-07-23-15--09--40 Colour Conversion Completed
INFO:root:2021-07-23-15--09--40 Sleep Check Completed
INFO:root:2021-07-23-15--09--40 Frame manipulations completed
INFO:root:2021-07-23-15--09--40 Bounding Box Drawn
INFO:root:2021-07-23-15--09--40 MovingFrameQueue Popped
INFO:root:2021-07-23-15--09--40 anomallyFrameTracker resetted to 200
INFO:root:2021-07-23-15--09--40 Colour Conversion Completed
INFO:root:2021-07-23-15--09--40 Sleep Check Completed
INFO:root:2021-07-23-15--09--40 Frame manipulations completed
INFO:root:2021-07-23-15--09--40 Bounding Box Drawn
INFO:root:2021-07-23-15--09--40 MovingFrameQueue Appended
INFO:root:2021-07-23-15--09--40 anomallyFrameTracker resetted to 200
INFO:root:2021-07-23-15--09--40 Colour Conversion Completed
INFO:root:2021-07-23-15--09--40 Sleep Check Completed
INFO:root:2021-07-23-15--09--40 Frame manipulations completed
INFO:root:2021-07-23-15--09--40 Bounding Box Drawn
INFO:root:2021-07-23-15--09--40 MovingFrameQueue Popped
INFO:root:2021-07-23-15--09--40 anomallyFrameTracker resetted to 200
INFO:root:2021-07-23-15--09--40 Colour Conversion Completed
INFO:root:2021-07-23-15--09--40 Sleep Check Completed
INFO:root:2021-07-23-15--09--40 Frame manipulations completed
INFO:root:2021-07-23-15--09--40 Bounding Box Drawn
INFO:root:2021-07-23-15--09--40 MovingFrameQueue Appended
INFO:root:2021-07-23-15--09--40 anomallyFrameTracker resetted to 200
INFO:root:2021-07-23-15--09--40 Colour Conversion Completed
INFO:root:2021-07-23-15--09--40 Sleep Check Completed
INFO:root:2021-07-23-15--09--40 Frame manipulations completed
INFO:root:2021-07-23-15--09--40 Bounding Box Drawn
INFO:root:2021-07-23-15--09--41 MovingFrameQueue Popped
INFO:root:2021-07-23-15--09--41 anomallyFrameTracker resetted to 200
INFO:root:2021-07-23-15--09--41 Colour Conversion Completed
INFO:root:2021-07-23-15--09--41 Sleep Check Completed
INFO:root:2021-07-23-15--09--41 Frame manipulations completed
INFO:root:2021-07-23-15--09--41 Bounding Box Drawn
INFO:root:2021-07-23-15--09--41 MovingFrameQueue Appended
INFO:root:2021-07-23-15--09--41 anomallyFrameTracker resetted to 200
INFO:root:2021-07-23-15--09--41 Colour Conversion Completed
INFO:root:2021-07-23-15--09--41 Sleep Check Completed
INFO:root:2021-07-23-15--09--41 Frame manipulations completed
INFO:root:2021-07-23-15--09--41 Bounding Box Drawn
INFO:root:2021-07-23-15--09--41 MovingFrameQueue Popped
INFO:root:2021-07-23-15--09--41 anomallyFrameTracker resetted to 200
INFO:root:2021-07-23-15--09--41 Colour Conversion Completed
INFO:root:2021-07-23-15--09--41 Sleep Check Completed
INFO:root:2021-07-23-15--09--41 Frame manipulations completed
INFO:root:2021-07-23-15--09--41 Bounding Box Drawn
INFO:root:2021-07-23-15--09--41 MovingFrameQueue Appended
INFO:root:2021-07-23-15--09--41 anomallyFrameTracker resetted to 200
INFO:root:2021-07-23-15--09--41 Colour Conversion Completed
INFO:root:2021-07-23-15--09--41 Sleep Check Completed
INFO:root:2021-07-23-15--09--41 Frame manipulations completed
INFO:root:2021-07-23-15--09--41 Bounding Box Drawn
INFO:root:2021-07-23-15--09--41 MovingFrameQueue Popped
INFO:root:2021-07-23-15--09--41 anomallyFrameTracker resetted to 200
INFO:root:2021-07-23-15--09--41 Colour Conversion Completed
INFO:root:2021-07-23-15--09--41 Sleep Check Completed
INFO:root:2021-07-23-15--09--41 Frame manipulations completed
INFO:root:2021-07-23-15--09--41 Bounding Box Drawn
INFO:root:2021-07-23-15--09--42 MovingFrameQueue Appended
INFO:root:2021-07-23-15--09--42 anomallyFrameTracker resetted to 200
INFO:root:2021-07-23-15--09--42 Colour Conversion Completed
INFO:root:2021-07-23-15--09--42 Sleep Check Completed
INFO:root:2021-07-23-15--09--42 Frame manipulations completed
INFO:root:2021-07-23-15--09--42 Bounding Box Drawn
INFO:root:2021-07-23-15--09--42 MovingFrameQueue Popped
INFO:root:2021-07-23-15--09--42 anomallyFrameTracker resetted to 200
INFO:root:2021-07-23-15--09--42 Colour Conversion Completed
INFO:root:2021-07-23-15--09--42 Sleep Check Completed
INFO:root:2021-07-23-15--09--42 Frame manipulations completed
INFO:root:2021-07-23-15--09--42 Bounding Box Drawn
INFO:root:2021-07-23-15--09--42 MovingFrameQueue Appended
INFO:root:2021-07-23-15--09--42 anomallyFrameTracker resetted to 200
INFO:root:2021-07-23-15--09--42 Colour Conversion Completed
INFO:root:2021-07-23-15--09--42 Sleep Check Completed
INFO:root:2021-07-23-15--09--42 Frame manipulations completed
INFO:root:2021-07-23-15--09--42 Bounding Box Drawn
INFO:root:2021-07-23-15--09--42 MovingFrameQueue Popped
INFO:root:2021-07-23-15--09--42 anomallyFrameTracker resetted to 200
INFO:root:2021-07-23-15--09--42 Colour Conversion Completed
INFO:root:2021-07-23-15--09--42 Sleep Check Completed
INFO:root:2021-07-23-15--09--42 Frame manipulations completed
INFO:root:2021-07-23-15--09--42 Bounding Box Drawn
INFO:root:2021-07-23-15--09--42 MovingFrameQueue Appended
INFO:root:2021-07-23-15--09--42 anomallyFrameTracker resetted to 200
INFO:root:2021-07-23-15--09--42 Colour Conversion Completed
INFO:root:2021-07-23-15--09--42 Sleep Check Completed
INFO:root:2021-07-23-15--09--42 Frame manipulations completed
INFO:root:2021-07-23-15--09--42 Bounding Box Drawn
INFO:root:2021-07-23-15--09--42 MovingFrameQueue Popped
INFO:root:2021-07-23-15--09--42 anomallyFrameTracker resetted to 200
INFO:root:2021-07-23-15--09--42 Colour Conversion Completed
INFO:root:2021-07-23-15--09--43 Sleep Check Completed
INFO:root:2021-07-23-15--09--43 Frame manipulations completed
INFO:root:2021-07-23-15--09--43 Bounding Box Drawn
INFO:root:2021-07-23-15--09--43 MovingFrameQueue Appended
INFO:root:2021-07-23-15--09--43 anomallyFrameTracker resetted to 200
INFO:root:2021-07-23-15--09--43 Colour Conversion Completed
INFO:root:2021-07-23-15--09--43 Sleep Check Completed
INFO:root:2021-07-23-15--09--43 Frame manipulations completed
INFO:root:2021-07-23-15--09--43 Bounding Box Drawn
INFO:root:2021-07-23-15--09--43 MovingFrameQueue Popped
INFO:root:2021-07-23-15--09--43 anomallyFrameTracker resetted to 200
INFO:root:2021-07-23-15--09--43 Colour Conversion Completed
INFO:root:2021-07-23-15--09--43 Sleep Check Completed
INFO:root:2021-07-23-15--09--43 Frame manipulations completed
INFO:root:2021-07-23-15--09--43 Bounding Box Drawn
INFO:root:2021-07-23-15--09--43 MovingFrameQueue Appended
INFO:root:2021-07-23-15--09--43 anomallyFrameTracker resetted to 200
INFO:root:2021-07-23-15--09--43 Colour Conversion Completed
INFO:root:2021-07-23-15--09--43 Sleep Check Completed
INFO:root:2021-07-23-15--09--43 Frame manipulations completed
INFO:root:2021-07-23-15--09--43 Bounding Box Drawn
INFO:root:2021-07-23-15--09--43 MovingFrameQueue Popped
INFO:root:2021-07-23-15--09--43 anomallyFrameTracker resetted to 200
INFO:root:2021-07-23-15--09--43 Colour Conversion Completed
INFO:root:2021-07-23-15--09--43 Sleep Check Completed
INFO:root:2021-07-23-15--09--43 Frame manipulations completed
INFO:root:2021-07-23-15--09--43 Bounding Box Drawn
INFO:root:2021-07-23-15--09--44 MovingFrameQueue Appended
INFO:root:2021-07-23-15--09--44 anomallyFrameTracker resetted to 200
INFO:root:2021-07-23-15--09--44 Colour Conversion Completed
INFO:root:2021-07-23-15--09--44 Sleep Check Completed
INFO:root:2021-07-23-15--09--44 Frame manipulations completed
INFO:root:2021-07-23-15--09--44 Bounding Box Drawn
INFO:root:2021-07-23-15--09--44 MovingFrameQueue Popped
INFO:root:2021-07-23-15--09--44 anomallyFrameTracker resetted to 200
INFO:root:2021-07-23-15--09--44 Colour Conversion Completed
INFO:root:2021-07-23-15--09--44 Sleep Check Completed
INFO:root:2021-07-23-15--09--44 Frame manipulations completed
INFO:root:2021-07-23-15--09--44 Bounding Box Drawn
INFO:root:2021-07-23-15--09--44 MovingFrameQueue Appended
INFO:root:2021-07-23-15--09--44 anomallyFrameTracker resetted to 200
INFO:root:2021-07-23-15--09--44 Colour Conversion Completed
INFO:root:2021-07-23-15--09--44 Sleep Check Completed
INFO:root:2021-07-23-15--09--44 Frame manipulations completed
INFO:root:2021-07-23-15--09--44 Bounding Box Drawn
INFO:root:2021-07-23-15--09--44 MovingFrameQueue Popped
INFO:root:2021-07-23-15--09--44 anomallyFrameTracker resetted to 200
INFO:root:2021-07-23-15--09--44 Colour Conversion Completed
INFO:root:2021-07-23-15--09--44 Sleep Check Completed
INFO:root:2021-07-23-15--09--44 Frame manipulations completed
INFO:root:2021-07-23-15--09--44 Bounding Box Drawn
INFO:root:2021-07-23-15--09--44 MovingFrameQueue Appended
INFO:root:2021-07-23-15--09--44 anomallyFrameTracker resetted to 200
INFO:root:2021-07-23-15--09--44 Colour Conversion Completed
INFO:root:2021-07-23-15--09--44 Sleep Check Completed
INFO:root:2021-07-23-15--09--44 Frame manipulations completed
INFO:root:2021-07-23-15--09--44 Bounding Box Drawn
INFO:root:2021-07-23-15--09--45[INFO] elapsed time: 17.99
INFO:root:2021-07-23-15--09--45[INFO] approx. FPS: 4.61
INFO:root:2021-07-23-15--09--45 Getting Auth Token Success
INFO:root:2021-07-23-15--09--45 BedTime Upload Completed
