INFO:root:2021-07-13-12--06--00 Parameter Generation Success
INFO:root:2021-07-13-12--06--00 Colour Conversion Completed
INFO:root:2021-07-13-12--06--00 Sleep Check Completed
INFO:root:2021-07-13-12--06--00 Frame manipulations completed
INFO:root:2021-07-13-12--06--00 Bounding Box Drawn
INFO:root:2021-07-13-12--06--00 MovingFrameQueue Appended
INFO:root:2021-07-13-12--06--00 Colour Conversion Completed
INFO:root:2021-07-13-12--06--00 Sleep Check Completed
INFO:root:2021-07-13-12--06--00 Frame manipulations completed
INFO:root:2021-07-13-12--06--00 Bounding Box Drawn
INFO:root:2021-07-13-12--06--00 MovingFrameQueue Appended
INFO:root:2021-07-13-12--06--00 Colour Conversion Completed
INFO:root:2021-07-13-12--06--00 Sleep Check Completed
INFO:root:2021-07-13-12--06--00 Frame manipulations completed
INFO:root:2021-07-13-12--06--00 Bounding Box Drawn
INFO:root:2021-07-13-12--06--00 MovingFrameQueue Appended
INFO:root:2021-07-13-12--06--00 Colour Conversion Completed
INFO:root:2021-07-13-12--06--00 Sleep Check Completed
INFO:root:2021-07-13-12--06--00 Frame manipulations completed
INFO:root:2021-07-13-12--06--00 Bounding Box Drawn
INFO:root:2021-07-13-12--06--00 MovingFrameQueue Appended
INFO:root:2021-07-13-12--06--01 Colour Conversion Completed
INFO:root:2021-07-13-12--06--01 Sleep Check Completed
INFO:root:2021-07-13-12--06--01 Frame manipulations completed
INFO:root:2021-07-13-12--06--01 Bounding Box Drawn
INFO:root:2021-07-13-12--06--01 MovingFrameQueue Appended
INFO:root:2021-07-13-12--06--01 Colour Conversion Completed
INFO:root:2021-07-13-12--06--01 Sleep Check Completed
INFO:root:2021-07-13-12--06--01 Frame manipulations completed
INFO:root:2021-07-13-12--06--01 Bounding Box Drawn
INFO:root:2021-07-13-12--06--01 MovingFrameQueue Appended
INFO:root:2021-07-13-12--06--01 Colour Conversion Completed
INFO:root:2021-07-13-12--06--01 Sleep Check Completed
INFO:root:2021-07-13-12--06--01 Frame manipulations completed
INFO:root:2021-07-13-12--06--01 Bounding Box Drawn
INFO:root:2021-07-13-12--06--01 MovingFrameQueue Appended
INFO:root:2021-07-13-12--06--01 Colour Conversion Completed
INFO:root:2021-07-13-12--06--01 Sleep Check Completed
INFO:root:2021-07-13-12--06--01 Frame manipulations completed
INFO:root:2021-07-13-12--06--01 Bounding Box Drawn
INFO:root:2021-07-13-12--06--01 MovingFrameQueue Appended
INFO:root:2021-07-13-12--06--01 Colour Conversion Completed
INFO:root:2021-07-13-12--06--01 Sleep Check Completed
INFO:root:2021-07-13-12--06--01 Frame manipulations completed
INFO:root:2021-07-13-12--06--01 Bounding Box Drawn
INFO:root:2021-07-13-12--06--01 MovingFrameQueue Appended
INFO:root:2021-07-13-12--06--01 Colour Conversion Completed
INFO:root:2021-07-13-12--06--01 Sleep Check Completed
INFO:root:2021-07-13-12--06--01 Frame manipulations completed
INFO:root:2021-07-13-12--06--01 Bounding Box Drawn
INFO:root:2021-07-13-12--06--01 MovingFrameQueue Appended
INFO:root:2021-07-13-12--06--01 Colour Conversion Completed
INFO:root:2021-07-13-12--06--01 Sleep Check Completed
INFO:root:2021-07-13-12--06--01 Frame manipulations completed
INFO:root:2021-07-13-12--06--01 Bounding Box Drawn
INFO:root:2021-07-13-12--06--01 MovingFrameQueue Appended
INFO:root:2021-07-13-12--06--01 Colour Conversion Completed
INFO:root:2021-07-13-12--06--01 Sleep Check Completed
INFO:root:2021-07-13-12--06--01 Frame manipulations completed
INFO:root:2021-07-13-12--06--01 Bounding Box Drawn
INFO:root:2021-07-13-12--06--01 MovingFrameQueue Appended
INFO:root:2021-07-13-12--06--01 Colour Conversion Completed
INFO:root:2021-07-13-12--06--01 Sleep Check Completed
INFO:root:2021-07-13-12--06--01 Frame manipulations completed
INFO:root:2021-07-13-12--06--01 Bounding Box Drawn
INFO:root:2021-07-13-12--06--01 MovingFrameQueue Appended
INFO:root:2021-07-13-12--06--02 Colour Conversion Completed
INFO:root:2021-07-13-12--06--02 Sleep Check Completed
INFO:root:2021-07-13-12--06--02 Frame manipulations completed
INFO:root:2021-07-13-12--06--02 Bounding Box Drawn
INFO:root:2021-07-13-12--06--02 MovingFrameQueue Appended
INFO:root:2021-07-13-12--06--02 Colour Conversion Completed
INFO:root:2021-07-13-12--06--02 Sleep Check Completed
INFO:root:2021-07-13-12--06--02 Frame manipulations completed
INFO:root:2021-07-13-12--06--02 Bounding Box Drawn
INFO:root:2021-07-13-12--06--02 MovingFrameQueue Appended
INFO:root:2021-07-13-12--06--02 Colour Conversion Completed
INFO:root:2021-07-13-12--06--02 Sleep Check Completed
INFO:root:2021-07-13-12--06--02 Frame manipulations completed
INFO:root:2021-07-13-12--06--02 Bounding Box Drawn
INFO:root:2021-07-13-12--06--02 MovingFrameQueue Appended
INFO:root:2021-07-13-12--06--02 Colour Conversion Completed
INFO:root:2021-07-13-12--06--02 Sleep Check Completed
INFO:root:2021-07-13-12--06--02 Frame manipulations completed
INFO:root:2021-07-13-12--06--02 Bounding Box Drawn
INFO:root:2021-07-13-12--06--02 MovingFrameQueue Appended
INFO:root:2021-07-13-12--06--02 Colour Conversion Completed
INFO:root:2021-07-13-12--06--02 Sleep Check Completed
INFO:root:2021-07-13-12--06--02 Frame manipulations completed
INFO:root:2021-07-13-12--06--02 Bounding Box Drawn
INFO:root:2021-07-13-12--06--02 MovingFrameQueue Appended
INFO:root:2021-07-13-12--06--02 Colour Conversion Completed
INFO:root:2021-07-13-12--06--02 Sleep Check Completed
INFO:root:2021-07-13-12--06--02 Frame manipulations completed
INFO:root:2021-07-13-12--06--02 Bounding Box Drawn
INFO:root:2021-07-13-12--06--02 MovingFrameQueue Appended
INFO:root:2021-07-13-12--06--02 Colour Conversion Completed
INFO:root:2021-07-13-12--06--02 Sleep Check Completed
INFO:root:2021-07-13-12--06--02 Frame manipulations completed
INFO:root:2021-07-13-12--06--02 Bounding Box Drawn
INFO:root:2021-07-13-12--06--02 MovingFrameQueue Appended
INFO:root:2021-07-13-12--06--02 Colour Conversion Completed
INFO:root:2021-07-13-12--06--02 Sleep Check Completed
INFO:root:2021-07-13-12--06--02 Frame manipulations completed
INFO:root:2021-07-13-12--06--02 Bounding Box Drawn
INFO:root:2021-07-13-12--06--02 MovingFrameQueue Appended
INFO:root:2021-07-13-12--06--02 Colour Conversion Completed
INFO:root:2021-07-13-12--06--02 Sleep Check Completed
INFO:root:2021-07-13-12--06--02 Frame manipulations completed
INFO:root:2021-07-13-12--06--02 Bounding Box Drawn
INFO:root:2021-07-13-12--06--02 MovingFrameQueue Appended
INFO:root:2021-07-13-12--06--03 Colour Conversion Completed
INFO:root:2021-07-13-12--06--03 Sleep Check Completed
INFO:root:2021-07-13-12--06--03 Frame manipulations completed
INFO:root:2021-07-13-12--06--03 Bounding Box Drawn
INFO:root:2021-07-13-12--06--03 MovingFrameQueue Appended
INFO:root:2021-07-13-12--06--03 Colour Conversion Completed
INFO:root:2021-07-13-12--06--03 Sleep Check Completed
INFO:root:2021-07-13-12--06--03 Frame manipulations completed
INFO:root:2021-07-13-12--06--03 Bounding Box Drawn
INFO:root:2021-07-13-12--06--03 MovingFrameQueue Appended
INFO:root:2021-07-13-12--06--03 Colour Conversion Completed
INFO:root:2021-07-13-12--06--03 Sleep Check Completed
INFO:root:2021-07-13-12--06--03 Frame manipulations completed
INFO:root:2021-07-13-12--06--03 Bounding Box Drawn
INFO:root:2021-07-13-12--06--03 MovingFrameQueue Appended
INFO:root:2021-07-13-12--06--03 Colour Conversion Completed
INFO:root:2021-07-13-12--06--03 Sleep Check Completed
INFO:root:2021-07-13-12--06--03 Frame manipulations completed
INFO:root:2021-07-13-12--06--03 Bounding Box Drawn
INFO:root:2021-07-13-12--06--03 MovingFrameQueue Appended
INFO:root:2021-07-13-12--06--03 Colour Conversion Completed
INFO:root:2021-07-13-12--06--03 Sleep Check Completed
INFO:root:2021-07-13-12--06--03 Frame manipulations completed
INFO:root:2021-07-13-12--06--03 Bounding Box Drawn
INFO:root:2021-07-13-12--06--03 MovingFrameQueue Appended
INFO:root:2021-07-13-12--06--03 Colour Conversion Completed
INFO:root:2021-07-13-12--06--03 Sleep Check Completed
INFO:root:2021-07-13-12--06--03 Frame manipulations completed
INFO:root:2021-07-13-12--06--03 Bounding Box Drawn
INFO:root:2021-07-13-12--06--03 MovingFrameQueue Appended
INFO:root:2021-07-13-12--06--03 Colour Conversion Completed
INFO:root:2021-07-13-12--06--03 Sleep Check Completed
INFO:root:2021-07-13-12--06--03 Frame manipulations completed
INFO:root:2021-07-13-12--06--03 Bounding Box Drawn
INFO:root:2021-07-13-12--06--03 MovingFrameQueue Appended
INFO:root:2021-07-13-12--06--03 Colour Conversion Completed
INFO:root:2021-07-13-12--06--03 Sleep Check Completed
INFO:root:2021-07-13-12--06--03 Frame manipulations completed
INFO:root:2021-07-13-12--06--03 Bounding Box Drawn
INFO:root:2021-07-13-12--06--03 MovingFrameQueue Appended
INFO:root:2021-07-13-12--06--03 Colour Conversion Completed
INFO:root:2021-07-13-12--06--03 Sleep Check Completed
INFO:root:2021-07-13-12--06--03 Frame manipulations completed
INFO:root:2021-07-13-12--06--03 Bounding Box Drawn
INFO:root:2021-07-13-12--06--03 MovingFrameQueue Appended
