INFO:root:2021-08-02-12--07--59 Parameter Generation Success
INFO:root:2021-08-02-12--07--59 Colour Conversion Completed
INFO:root:2021-08-02-12--07--59 Sleep Check Completed
INFO:root:2021-08-02-12--07--59 Frame manipulations completed
INFO:root:2021-08-02-12--07--59 Bounding Box Drawn
INFO:root:2021-08-02-12--08--05 MovingFrameQueue Appended
INFO:root:2021-08-02-12--08--05 Anomally Detected, starting call for more frames
INFO:root:2021-08-02-12--08--05 anomallyFrameTracker resetted to 50
INFO:root:2021-08-02-12--08--05 Colour Conversion Completed
INFO:root:2021-08-02-12--08--05 Sleep Check Completed
INFO:root:2021-08-02-12--08--05 Frame manipulations completed
INFO:root:2021-08-02-12--08--05 Bounding Box Drawn
INFO:root:2021-08-02-12--08--05 MovingFrameQueue Appended
INFO:root:2021-08-02-12--08--05 Anomally Detected, starting call for more frames
INFO:root:2021-08-02-12--08--05 Colour Conversion Completed
INFO:root:2021-08-02-12--08--05 Sleep Check Completed
INFO:root:2021-08-02-12--08--05 Frame manipulations completed
INFO:root:2021-08-02-12--08--05 Bounding Box Drawn
INFO:root:2021-08-02-12--08--05 MovingFrameQueue Appended
INFO:root:2021-08-02-12--08--05 Anomally Detected, starting call for more frames
INFO:root:2021-08-02-12--08--05 Colour Conversion Completed
INFO:root:2021-08-02-12--08--05 Sleep Check Completed
INFO:root:2021-08-02-12--08--05 Frame manipulations completed
INFO:root:2021-08-02-12--08--05 Bounding Box Drawn
INFO:root:2021-08-02-12--08--05 MovingFrameQueue Appended
INFO:root:2021-08-02-12--08--05 Anomally Detected, starting call for more frames
INFO:root:2021-08-02-12--08--05 Colour Conversion Completed
INFO:root:2021-08-02-12--08--05 Sleep Check Completed
INFO:root:2021-08-02-12--08--05 Frame manipulations completed
INFO:root:2021-08-02-12--08--05 Bounding Box Drawn
INFO:root:2021-08-02-12--08--05 MovingFrameQueue Appended
INFO:root:2021-08-02-12--08--05 Anomally Detected, starting call for more frames
INFO:root:2021-08-02-12--08--05 Colour Conversion Completed
INFO:root:2021-08-02-12--08--05 Sleep Check Completed
INFO:root:2021-08-02-12--08--05 Frame manipulations completed
INFO:root:2021-08-02-12--08--05 Bounding Box Drawn
INFO:root:2021-08-02-12--08--05 MovingFrameQueue Appended
INFO:root:2021-08-02-12--08--05 Anomally Detected, starting call for more frames
INFO:root:2021-08-02-12--08--05 Colour Conversion Completed
INFO:root:2021-08-02-12--08--05 Sleep Check Completed
INFO:root:2021-08-02-12--08--05 Frame manipulations completed
INFO:root:2021-08-02-12--08--05 Bounding Box Drawn
INFO:root:2021-08-02-12--08--05 MovingFrameQueue Appended
INFO:root:2021-08-02-12--08--05 Anomally Detected, starting call for more frames
INFO:root:2021-08-02-12--08--05 Colour Conversion Completed
INFO:root:2021-08-02-12--08--05 Sleep Check Completed
INFO:root:2021-08-02-12--08--05 Frame manipulations completed
INFO:root:2021-08-02-12--08--05 Bounding Box Drawn
INFO:root:2021-08-02-12--08--06 MovingFrameQueue Appended
INFO:root:2021-08-02-12--08--06 Anomally Detected, starting call for more frames
INFO:root:2021-08-02-12--08--06 Colour Conversion Completed
INFO:root:2021-08-02-12--08--06 Sleep Check Completed
INFO:root:2021-08-02-12--08--06 Frame manipulations completed
INFO:root:2021-08-02-12--08--06 Bounding Box Drawn
INFO:root:2021-08-02-12--08--06 MovingFrameQueue Appended
INFO:root:2021-08-02-12--08--06 Anomally Detected, starting call for more frames
INFO:root:2021-08-02-12--08--06 Colour Conversion Completed
INFO:root:2021-08-02-12--08--06 Sleep Check Completed
INFO:root:2021-08-02-12--08--06 Frame manipulations completed
INFO:root:2021-08-02-12--08--06 Bounding Box Drawn
INFO:root:2021-08-02-12--08--06 MovingFrameQueue Appended
INFO:root:2021-08-02-12--08--06 Anomally Detected, starting call for more frames
INFO:root:2021-08-02-12--08--06 Colour Conversion Completed
INFO:root:2021-08-02-12--08--06 Sleep Check Completed
INFO:root:2021-08-02-12--08--06 Frame manipulations completed
INFO:root:2021-08-02-12--08--06 Bounding Box Drawn
INFO:root:2021-08-02-12--08--06 MovingFrameQueue Appended
INFO:root:2021-08-02-12--08--06 Anomally Detected, starting call for more frames
INFO:root:2021-08-02-12--08--06 Colour Conversion Completed
INFO:root:2021-08-02-12--08--06 Sleep Check Completed
INFO:root:2021-08-02-12--08--06 Frame manipulations completed
INFO:root:2021-08-02-12--08--06 Bounding Box Drawn
INFO:root:2021-08-02-12--08--06 MovingFrameQueue Appended
INFO:root:2021-08-02-12--08--06 Anomally Detected, starting call for more frames
INFO:root:2021-08-02-12--08--06 Colour Conversion Completed
INFO:root:2021-08-02-12--08--06 Sleep Check Completed
INFO:root:2021-08-02-12--08--06 Frame manipulations completed
INFO:root:2021-08-02-12--08--06 Bounding Box Drawn
INFO:root:2021-08-02-12--08--06 MovingFrameQueue Appended
INFO:root:2021-08-02-12--08--06 Anomally Detected, starting call for more frames
INFO:root:2021-08-02-12--08--06 Colour Conversion Completed
INFO:root:2021-08-02-12--08--06 Sleep Check Completed
INFO:root:2021-08-02-12--08--06 Frame manipulations completed
INFO:root:2021-08-02-12--08--06 Bounding Box Drawn
INFO:root:2021-08-02-12--08--07 MovingFrameQueue Appended
INFO:root:2021-08-02-12--08--07 Anomally Detected, starting call for more frames
INFO:root:2021-08-02-12--08--07 Colour Conversion Completed
INFO:root:2021-08-02-12--08--07 Sleep Check Completed
INFO:root:2021-08-02-12--08--07 Frame manipulations completed
INFO:root:2021-08-02-12--08--07 Bounding Box Drawn
INFO:root:2021-08-02-12--08--07 MovingFrameQueue Appended
INFO:root:2021-08-02-12--08--07 Anomally Detected, starting call for more frames
INFO:root:2021-08-02-12--08--07 Colour Conversion Completed
INFO:root:2021-08-02-12--08--07 Sleep Check Completed
INFO:root:2021-08-02-12--08--07 Frame manipulations completed
INFO:root:2021-08-02-12--08--07 Bounding Box Drawn
INFO:root:2021-08-02-12--08--07 MovingFrameQueue Appended
INFO:root:2021-08-02-12--08--07 Anomally Detected, starting call for more frames
INFO:root:2021-08-02-12--08--07 Colour Conversion Completed
INFO:root:2021-08-02-12--08--07 Sleep Check Completed
INFO:root:2021-08-02-12--08--07 Frame manipulations completed
INFO:root:2021-08-02-12--08--07 Bounding Box Drawn
INFO:root:2021-08-02-12--08--07 MovingFrameQueue Appended
INFO:root:2021-08-02-12--08--07 Anomally Detected, starting call for more frames
INFO:root:2021-08-02-12--08--07 Colour Conversion Completed
INFO:root:2021-08-02-12--08--07 Sleep Check Completed
INFO:root:2021-08-02-12--08--07 Frame manipulations completed
INFO:root:2021-08-02-12--08--07 Bounding Box Drawn
INFO:root:2021-08-02-12--08--07 MovingFrameQueue Appended
INFO:root:2021-08-02-12--08--07 Anomally Detected, starting call for more frames
INFO:root:2021-08-02-12--08--07 Colour Conversion Completed
INFO:root:2021-08-02-12--08--07 Sleep Check Completed
INFO:root:2021-08-02-12--08--07 Frame manipulations completed
INFO:root:2021-08-02-12--08--07 Bounding Box Drawn
INFO:root:2021-08-02-12--08--07 MovingFrameQueue Appended
INFO:root:2021-08-02-12--08--07 Anomally Detected, starting call for more frames
INFO:root:2021-08-02-12--08--07 Colour Conversion Completed
INFO:root:2021-08-02-12--08--07 Sleep Check Completed
INFO:root:2021-08-02-12--08--07 Frame manipulations completed
INFO:root:2021-08-02-12--08--07 Bounding Box Drawn
INFO:root:2021-08-02-12--08--08 MovingFrameQueue Appended
INFO:root:2021-08-02-12--08--08 Anomally Detected, starting call for more frames
INFO:root:2021-08-02-12--08--08 Colour Conversion Completed
INFO:root:2021-08-02-12--08--08 Sleep Check Completed
INFO:root:2021-08-02-12--08--08 Frame manipulations completed
INFO:root:2021-08-02-12--08--08 Bounding Box Drawn
INFO:root:2021-08-02-12--08--08 MovingFrameQueue Appended
INFO:root:2021-08-02-12--08--08 Anomally Detected, starting call for more frames
INFO:root:2021-08-02-12--08--08 Colour Conversion Completed
INFO:root:2021-08-02-12--08--08 Sleep Check Completed
INFO:root:2021-08-02-12--08--08 Frame manipulations completed
INFO:root:2021-08-02-12--08--08 Bounding Box Drawn
INFO:root:2021-08-02-12--08--08 MovingFrameQueue Appended
INFO:root:2021-08-02-12--08--08 Anomally Detected, starting call for more frames
INFO:root:2021-08-02-12--08--08 Colour Conversion Completed
INFO:root:2021-08-02-12--08--08 Sleep Check Completed
INFO:root:2021-08-02-12--08--08 Frame manipulations completed
INFO:root:2021-08-02-12--08--08 Bounding Box Drawn
INFO:root:2021-08-02-12--08--08 MovingFrameQueue Appended
INFO:root:2021-08-02-12--08--08 Anomally Detected, starting call for more frames
INFO:root:2021-08-02-12--08--08 Colour Conversion Completed
INFO:root:2021-08-02-12--08--08 Sleep Check Completed
INFO:root:2021-08-02-12--08--08 Frame manipulations completed
INFO:root:2021-08-02-12--08--08 Bounding Box Drawn
INFO:root:2021-08-02-12--08--08 MovingFrameQueue Appended
INFO:root:2021-08-02-12--08--08 Anomally Detected, starting call for more frames
INFO:root:2021-08-02-12--08--08 Colour Conversion Completed
INFO:root:2021-08-02-12--08--08 Sleep Check Completed
INFO:root:2021-08-02-12--08--08 Frame manipulations completed
INFO:root:2021-08-02-12--08--08 Bounding Box Drawn
INFO:root:2021-08-02-12--08--08 MovingFrameQueue Appended
INFO:root:2021-08-02-12--08--08 Anomally Detected, starting call for more frames
INFO:root:2021-08-02-12--08--08 Colour Conversion Completed
INFO:root:2021-08-02-12--08--08 Sleep Check Completed
INFO:root:2021-08-02-12--08--08 Frame manipulations completed
INFO:root:2021-08-02-12--08--08 Bounding Box Drawn
INFO:root:2021-08-02-12--08--09 MovingFrameQueue Appended
INFO:root:2021-08-02-12--08--09 Anomally Detected, starting call for more frames
INFO:root:2021-08-02-12--08--09 Colour Conversion Completed
INFO:root:2021-08-02-12--08--09 Sleep Check Completed
INFO:root:2021-08-02-12--08--09 Frame manipulations completed
INFO:root:2021-08-02-12--08--09 Bounding Box Drawn
INFO:root:2021-08-02-12--08--09 MovingFrameQueue Appended
INFO:root:2021-08-02-12--08--09 Anomally Detected, starting call for more frames
INFO:root:2021-08-02-12--08--09 Colour Conversion Completed
INFO:root:2021-08-02-12--08--09 Sleep Check Completed
INFO:root:2021-08-02-12--08--09 Frame manipulations completed
INFO:root:2021-08-02-12--08--09 Bounding Box Drawn
INFO:root:2021-08-02-12--08--09 MovingFrameQueue Appended
INFO:root:2021-08-02-12--08--09 Anomally Detected, starting call for more frames
INFO:root:2021-08-02-12--08--09 Colour Conversion Completed
INFO:root:2021-08-02-12--08--09 Sleep Check Completed
INFO:root:2021-08-02-12--08--09 Frame manipulations completed
INFO:root:2021-08-02-12--08--09 Bounding Box Drawn
INFO:root:2021-08-02-12--08--09 MovingFrameQueue Appended
INFO:root:2021-08-02-12--08--09 Anomally Detected, starting call for more frames
INFO:root:2021-08-02-12--08--09 Colour Conversion Completed
INFO:root:2021-08-02-12--08--09 Sleep Check Completed
INFO:root:2021-08-02-12--08--09 Frame manipulations completed
INFO:root:2021-08-02-12--08--09 Bounding Box Drawn
INFO:root:2021-08-02-12--08--09 MovingFrameQueue Appended
INFO:root:2021-08-02-12--08--09 Anomally Detected, starting call for more frames
INFO:root:2021-08-02-12--08--09 Colour Conversion Completed
INFO:root:2021-08-02-12--08--09 Sleep Check Completed
INFO:root:2021-08-02-12--08--09 Frame manipulations completed
INFO:root:2021-08-02-12--08--09 Bounding Box Drawn
INFO:root:2021-08-02-12--08--09 MovingFrameQueue Appended
INFO:root:2021-08-02-12--08--09 Anomally Detected, starting call for more frames
INFO:root:2021-08-02-12--08--09 Colour Conversion Completed
INFO:root:2021-08-02-12--08--09 Sleep Check Completed
INFO:root:2021-08-02-12--08--09 Frame manipulations completed
INFO:root:2021-08-02-12--08--09 Bounding Box Drawn
INFO:root:2021-08-02-12--08--09 MovingFrameQueue Appended
INFO:root:2021-08-02-12--08--09 Anomally Detected, starting call for more frames
INFO:root:2021-08-02-12--08--09 Colour Conversion Completed
INFO:root:2021-08-02-12--08--09 Sleep Check Completed
INFO:root:2021-08-02-12--08--09 Frame manipulations completed
INFO:root:2021-08-02-12--08--09 Bounding Box Drawn
INFO:root:2021-08-02-12--08--10 MovingFrameQueue Appended
INFO:root:2021-08-02-12--08--10 Anomally Detected, starting call for more frames
INFO:root:2021-08-02-12--08--10 Colour Conversion Completed
INFO:root:2021-08-02-12--08--10 Sleep Check Completed
INFO:root:2021-08-02-12--08--10 Frame manipulations completed
INFO:root:2021-08-02-12--08--10 Bounding Box Drawn
INFO:root:2021-08-02-12--08--10 MovingFrameQueue Appended
INFO:root:2021-08-02-12--08--10 Anomally Detected, starting call for more frames
INFO:root:2021-08-02-12--08--10 Colour Conversion Completed
INFO:root:2021-08-02-12--08--10 Sleep Check Completed
INFO:root:2021-08-02-12--08--10 Frame manipulations completed
INFO:root:2021-08-02-12--08--10 Bounding Box Drawn
INFO:root:2021-08-02-12--08--10 MovingFrameQueue Appended
INFO:root:2021-08-02-12--08--10 Anomally Detected, starting call for more frames
INFO:root:2021-08-02-12--08--10 Colour Conversion Completed
INFO:root:2021-08-02-12--08--10 Sleep Check Completed
INFO:root:2021-08-02-12--08--10 Frame manipulations completed
INFO:root:2021-08-02-12--08--10 Bounding Box Drawn
INFO:root:2021-08-02-12--08--10 MovingFrameQueue Appended
INFO:root:2021-08-02-12--08--10 Anomally Detected, starting call for more frames
INFO:root:2021-08-02-12--08--10 Colour Conversion Completed
INFO:root:2021-08-02-12--08--10 Sleep Check Completed
INFO:root:2021-08-02-12--08--10 Frame manipulations completed
INFO:root:2021-08-02-12--08--10 Bounding Box Drawn
INFO:root:2021-08-02-12--08--10 MovingFrameQueue Appended
INFO:root:2021-08-02-12--08--10 Anomally Detected, starting call for more frames
INFO:root:2021-08-02-12--08--10 Colour Conversion Completed
INFO:root:2021-08-02-12--08--10 Sleep Check Completed
INFO:root:2021-08-02-12--08--10 Frame manipulations completed
INFO:root:2021-08-02-12--08--10 Bounding Box Drawn
INFO:root:2021-08-02-12--08--10 MovingFrameQueue Appended
INFO:root:2021-08-02-12--08--10 Anomally Detected, starting call for more frames
INFO:root:2021-08-02-12--08--10 Colour Conversion Completed
INFO:root:2021-08-02-12--08--10 Sleep Check Completed
INFO:root:2021-08-02-12--08--10 Frame manipulations completed
INFO:root:2021-08-02-12--08--10 Bounding Box Drawn
INFO:root:2021-08-02-12--08--11 MovingFrameQueue Appended
INFO:root:2021-08-02-12--08--11 Colour Conversion Completed
INFO:root:2021-08-02-12--08--11 Sleep Check Completed
INFO:root:2021-08-02-12--08--11 Frame manipulations completed
INFO:root:2021-08-02-12--08--11 Bounding Box Drawn
INFO:root:2021-08-02-12--08--11 MovingFrameQueue Appended
INFO:root:2021-08-02-12--08--11 Colour Conversion Completed
INFO:root:2021-08-02-12--08--11 Sleep Check Completed
INFO:root:2021-08-02-12--08--11 Frame manipulations completed
INFO:root:2021-08-02-12--08--11 Bounding Box Drawn
INFO:root:2021-08-02-12--08--11 MovingFrameQueue Appended
INFO:root:2021-08-02-12--08--11 Colour Conversion Completed
INFO:root:2021-08-02-12--08--11 Sleep Check Completed
INFO:root:2021-08-02-12--08--11 Frame manipulations completed
INFO:root:2021-08-02-12--08--11 Bounding Box Drawn
INFO:root:2021-08-02-12--08--11 MovingFrameQueue Appended
INFO:root:2021-08-02-12--08--11 Colour Conversion Completed
INFO:root:2021-08-02-12--08--11 Sleep Check Completed
INFO:root:2021-08-02-12--08--11 Frame manipulations completed
INFO:root:2021-08-02-12--08--11 Bounding Box Drawn
INFO:root:2021-08-02-12--08--11 MovingFrameQueue Appended
INFO:root:2021-08-02-12--08--11 Colour Conversion Completed
INFO:root:2021-08-02-12--08--11 Sleep Check Completed
INFO:root:2021-08-02-12--08--11 Frame manipulations completed
INFO:root:2021-08-02-12--08--11 Bounding Box Drawn
INFO:root:2021-08-02-12--08--11 MovingFrameQueue Appended
INFO:root:2021-08-02-12--08--11 Colour Conversion Completed
INFO:root:2021-08-02-12--08--11 Sleep Check Completed
INFO:root:2021-08-02-12--08--11 Frame manipulations completed
INFO:root:2021-08-02-12--08--11 Bounding Box Drawn
INFO:root:2021-08-02-12--08--12 MovingFrameQueue Appended
INFO:root:2021-08-02-12--08--12 Colour Conversion Completed
INFO:root:2021-08-02-12--08--12 Sleep Check Completed
INFO:root:2021-08-02-12--08--12 Frame manipulations completed
INFO:root:2021-08-02-12--08--12 Bounding Box Drawn
INFO:root:2021-08-02-12--08--12 MovingFrameQueue Appended
INFO:root:2021-08-02-12--08--12 Colour Conversion Completed
INFO:root:2021-08-02-12--08--12 Sleep Check Completed
INFO:root:2021-08-02-12--08--12 Frame manipulations completed
INFO:root:2021-08-02-12--08--12 Bounding Box Drawn
INFO:root:2021-08-02-12--08--12 MovingFrameQueue Appended
INFO:root:2021-08-02-12--08--12 Colour Conversion Completed
INFO:root:2021-08-02-12--08--12 Sleep Check Completed
INFO:root:2021-08-02-12--08--12 Frame manipulations completed
INFO:root:2021-08-02-12--08--12 Bounding Box Drawn
INFO:root:2021-08-02-12--08--12 MovingFrameQueue Appended
INFO:root:2021-08-02-12--08--12 Colour Conversion Completed
INFO:root:2021-08-02-12--08--12 Sleep Check Completed
INFO:root:2021-08-02-12--08--12 Frame manipulations completed
INFO:root:2021-08-02-12--08--12 Bounding Box Drawn
INFO:root:2021-08-02-12--08--13 MovingFrameQueue Appended
INFO:root:2021-08-02-12--08--13 Colour Conversion Completed
INFO:root:2021-08-02-12--08--13 Sleep Check Completed
INFO:root:2021-08-02-12--08--13 Frame manipulations completed
INFO:root:2021-08-02-12--08--13 Bounding Box Drawn
INFO:root:2021-08-02-12--08--13 MovingFrameQueue Appended
INFO:root:2021-08-02-12--08--13 Getting Auth Token Success
INFO:root:2021-08-02-12--08--14 Anomalous Detection Video Upload Completed
INFO:root:2021-08-02-12--08--14 Colour Conversion Completed
INFO:root:2021-08-02-12--08--14 Sleep Check Completed
INFO:root:2021-08-02-12--08--14 Frame manipulations completed
INFO:root:2021-08-02-12--08--14 Bounding Box Drawn
INFO:root:2021-08-02-12--08--14 MovingFrameQueue Appended
INFO:root:2021-08-02-12--08--14 Colour Conversion Completed
INFO:root:2021-08-02-12--08--14 Sleep Check Completed
INFO:root:2021-08-02-12--08--14 Frame manipulations completed
INFO:root:2021-08-02-12--08--14 Bounding Box Drawn
INFO:root:2021-08-02-12--08--14 MovingFrameQueue Popped
INFO:root:2021-08-02-12--08--14 Colour Conversion Completed
INFO:root:2021-08-02-12--08--14 Sleep Check Completed
INFO:root:2021-08-02-12--08--14 Frame manipulations completed
INFO:root:2021-08-02-12--08--14 Bounding Box Drawn
INFO:root:2021-08-02-12--08--14 MovingFrameQueue Appended
INFO:root:2021-08-02-12--08--14 Colour Conversion Completed
INFO:root:2021-08-02-12--08--14 Sleep Check Completed
INFO:root:2021-08-02-12--08--14 Frame manipulations completed
INFO:root:2021-08-02-12--08--14 Bounding Box Drawn
INFO:root:2021-08-02-12--08--15 MovingFrameQueue Popped
INFO:root:2021-08-02-12--08--15 Colour Conversion Completed
INFO:root:2021-08-02-12--08--15 Sleep Check Completed
INFO:root:2021-08-02-12--08--15 Frame manipulations completed
INFO:root:2021-08-02-12--08--15 Bounding Box Drawn
INFO:root:2021-08-02-12--08--15 MovingFrameQueue Appended
INFO:root:2021-08-02-12--08--15 Colour Conversion Completed
INFO:root:2021-08-02-12--08--15 Sleep Check Completed
INFO:root:2021-08-02-12--08--15 Frame manipulations completed
INFO:root:2021-08-02-12--08--15 Bounding Box Drawn
INFO:root:2021-08-02-12--08--15 MovingFrameQueue Popped
INFO:root:2021-08-02-12--08--15 Colour Conversion Completed
INFO:root:2021-08-02-12--08--15 Sleep Check Completed
INFO:root:2021-08-02-12--08--15 Frame manipulations completed
INFO:root:2021-08-02-12--08--15 Bounding Box Drawn
INFO:root:2021-08-02-12--08--15 MovingFrameQueue Appended
INFO:root:2021-08-02-12--08--15 Colour Conversion Completed
INFO:root:2021-08-02-12--08--15 Sleep Check Completed
INFO:root:2021-08-02-12--08--15 Frame manipulations completed
INFO:root:2021-08-02-12--08--15 Bounding Box Drawn
INFO:root:2021-08-02-12--08--15 MovingFrameQueue Popped
INFO:root:2021-08-02-12--08--15 Colour Conversion Completed
INFO:root:2021-08-02-12--08--15 Sleep Check Completed
INFO:root:2021-08-02-12--08--15 Frame manipulations completed
INFO:root:2021-08-02-12--08--15 Bounding Box Drawn
INFO:root:2021-08-02-12--08--16 MovingFrameQueue Appended
INFO:root:2021-08-02-12--08--16 Colour Conversion Completed
INFO:root:2021-08-02-12--08--16 Sleep Check Completed
INFO:root:2021-08-02-12--08--16 Frame manipulations completed
INFO:root:2021-08-02-12--08--16 Bounding Box Drawn
INFO:root:2021-08-02-12--08--16[INFO] elapsed time: 16.50
INFO:root:2021-08-02-12--08--16[INFO] approx. FPS: 3.58
INFO:root:2021-08-02-12--08--16 Getting Auth Token Success
INFO:root:2021-08-02-12--08--16 BedTime Upload Completed
