INFO:root:2021-07-16-11--25--07 Parameter Generation Success
INFO:root:2021-07-16-11--25--07 Colour Conversion Completed
INFO:root:2021-07-16-11--25--07 Sleep Check Completed
INFO:root:2021-07-16-11--25--07 Frame manipulations completed
INFO:root:2021-07-16-11--25--07 Bounding Box Drawn
INFO:root:2021-07-16-11--25--07 MovingFrameQueue Appended
INFO:root:2021-07-16-11--25--07 anomallyFrameTracker resetted to 200
INFO:root:2021-07-16-11--25--07 anomallyFrameTracker resetted to 200
INFO:root:2021-07-16-11--25--07 anomallyFrameTracker resetted to 200
INFO:root:2021-07-16-11--25--07 Colour Conversion Completed
INFO:root:2021-07-16-11--25--07 Sleep Check Completed
INFO:root:2021-07-16-11--25--07 Frame manipulations completed
INFO:root:2021-07-16-11--25--07 Bounding Box Drawn
INFO:root:2021-07-16-11--25--07 MovingFrameQueue Appended
INFO:root:2021-07-16-11--25--07 anomallyFrameTracker resetted to 200
INFO:root:2021-07-16-11--25--07 anomallyFrameTracker resetted to 200
INFO:root:2021-07-16-11--25--07 anomallyFrameTracker resetted to 200
INFO:root:2021-07-16-11--25--07 Colour Conversion Completed
INFO:root:2021-07-16-11--25--07 Sleep Check Completed
INFO:root:2021-07-16-11--25--07 Frame manipulations completed
INFO:root:2021-07-16-11--25--07 Bounding Box Drawn
INFO:root:2021-07-16-11--25--07 MovingFrameQueue Appended
INFO:root:2021-07-16-11--25--07 anomallyFrameTracker resetted to 200
INFO:root:2021-07-16-11--25--07 anomallyFrameTracker resetted to 200
INFO:root:2021-07-16-11--25--07 anomallyFrameTracker resetted to 200
INFO:root:2021-07-16-11--25--07 Colour Conversion Completed
INFO:root:2021-07-16-11--25--07 Sleep Check Completed
INFO:root:2021-07-16-11--25--07 Frame manipulations completed
INFO:root:2021-07-16-11--25--07 Bounding Box Drawn
INFO:root:2021-07-16-11--25--07 MovingFrameQueue Appended
INFO:root:2021-07-16-11--25--07 anomallyFrameTracker resetted to 200
INFO:root:2021-07-16-11--25--07 anomallyFrameTracker resetted to 200
INFO:root:2021-07-16-11--25--07 anomallyFrameTracker resetted to 200
INFO:root:2021-07-16-11--25--07 Colour Conversion Completed
INFO:root:2021-07-16-11--25--07 Sleep Check Completed
INFO:root:2021-07-16-11--25--07 Frame manipulations completed
INFO:root:2021-07-16-11--25--07 Bounding Box Drawn
INFO:root:2021-07-16-11--25--07 MovingFrameQueue Appended
INFO:root:2021-07-16-11--25--07 anomallyFrameTracker resetted to 200
INFO:root:2021-07-16-11--25--07 anomallyFrameTracker resetted to 200
INFO:root:2021-07-16-11--25--07 anomallyFrameTracker resetted to 200
INFO:root:2021-07-16-11--25--07 Colour Conversion Completed
INFO:root:2021-07-16-11--25--07 Sleep Check Completed
INFO:root:2021-07-16-11--25--07 Frame manipulations completed
INFO:root:2021-07-16-11--25--07 Bounding Box Drawn
INFO:root:2021-07-16-11--25--07 MovingFrameQueue Appended
INFO:root:2021-07-16-11--25--07 anomallyFrameTracker resetted to 200
INFO:root:2021-07-16-11--25--07 anomallyFrameTracker resetted to 200
INFO:root:2021-07-16-11--25--07 anomallyFrameTracker resetted to 200
INFO:root:2021-07-16-11--25--07 Colour Conversion Completed
INFO:root:2021-07-16-11--25--08 Sleep Check Completed
INFO:root:2021-07-16-11--25--08 Frame manipulations completed
INFO:root:2021-07-16-11--25--08 Bounding Box Drawn
INFO:root:2021-07-16-11--25--08 MovingFrameQueue Appended
INFO:root:2021-07-16-11--25--08 anomallyFrameTracker resetted to 200
INFO:root:2021-07-16-11--25--08 anomallyFrameTracker resetted to 200
INFO:root:2021-07-16-11--25--08 anomallyFrameTracker resetted to 200
INFO:root:2021-07-16-11--25--08 Colour Conversion Completed
INFO:root:2021-07-16-11--25--08 Sleep Check Completed
INFO:root:2021-07-16-11--25--08 Frame manipulations completed
INFO:root:2021-07-16-11--25--08 Bounding Box Drawn
INFO:root:2021-07-16-11--25--08 MovingFrameQueue Appended
INFO:root:2021-07-16-11--25--08 anomallyFrameTracker resetted to 200
INFO:root:2021-07-16-11--25--08 anomallyFrameTracker resetted to 200
INFO:root:2021-07-16-11--25--08 anomallyFrameTracker resetted to 200
INFO:root:2021-07-16-11--25--08 Colour Conversion Completed
INFO:root:2021-07-16-11--25--08 Sleep Check Completed
INFO:root:2021-07-16-11--25--08 Frame manipulations completed
INFO:root:2021-07-16-11--25--08 Bounding Box Drawn
INFO:root:2021-07-16-11--25--08 MovingFrameQueue Appended
INFO:root:2021-07-16-11--25--08 anomallyFrameTracker resetted to 200
INFO:root:2021-07-16-11--25--08 anomallyFrameTracker resetted to 200
INFO:root:2021-07-16-11--25--08 anomallyFrameTracker resetted to 200
INFO:root:2021-07-16-11--25--08 Colour Conversion Completed
INFO:root:2021-07-16-11--25--08 Sleep Check Completed
INFO:root:2021-07-16-11--25--08 Frame manipulations completed
INFO:root:2021-07-16-11--25--08 Bounding Box Drawn
INFO:root:2021-07-16-11--25--08 MovingFrameQueue Appended
INFO:root:2021-07-16-11--25--08 anomallyFrameTracker resetted to 200
INFO:root:2021-07-16-11--25--08 anomallyFrameTracker resetted to 200
INFO:root:2021-07-16-11--25--08 anomallyFrameTracker resetted to 200
INFO:root:2021-07-16-11--25--08 Colour Conversion Completed
INFO:root:2021-07-16-11--25--08 Sleep Check Completed
INFO:root:2021-07-16-11--25--08 Frame manipulations completed
INFO:root:2021-07-16-11--25--08 Bounding Box Drawn
INFO:root:2021-07-16-11--25--08 MovingFrameQueue Appended
INFO:root:2021-07-16-11--25--08 anomallyFrameTracker resetted to 200
INFO:root:2021-07-16-11--25--08 anomallyFrameTracker resetted to 200
INFO:root:2021-07-16-11--25--08 anomallyFrameTracker resetted to 200
INFO:root:2021-07-16-11--25--08 Colour Conversion Completed
INFO:root:2021-07-16-11--25--08 Sleep Check Completed
INFO:root:2021-07-16-11--25--08 Frame manipulations completed
INFO:root:2021-07-16-11--25--08 Bounding Box Drawn
INFO:root:2021-07-16-11--25--08 MovingFrameQueue Appended
INFO:root:2021-07-16-11--25--08 anomallyFrameTracker resetted to 200
INFO:root:2021-07-16-11--25--08 anomallyFrameTracker resetted to 200
INFO:root:2021-07-16-11--25--08 anomallyFrameTracker resetted to 200
INFO:root:2021-07-16-11--25--08 Colour Conversion Completed
INFO:root:2021-07-16-11--25--08 Sleep Check Completed
INFO:root:2021-07-16-11--25--08 Frame manipulations completed
INFO:root:2021-07-16-11--25--08 Bounding Box Drawn
INFO:root:2021-07-16-11--25--08 MovingFrameQueue Appended
INFO:root:2021-07-16-11--25--08 anomallyFrameTracker resetted to 200
INFO:root:2021-07-16-11--25--08 anomallyFrameTracker resetted to 200
INFO:root:2021-07-16-11--25--08 anomallyFrameTracker resetted to 200
INFO:root:2021-07-16-11--25--08 Colour Conversion Completed
INFO:root:2021-07-16-11--25--09 Sleep Check Completed
INFO:root:2021-07-16-11--25--09 Frame manipulations completed
INFO:root:2021-07-16-11--25--09 Bounding Box Drawn
INFO:root:2021-07-16-11--25--09 MovingFrameQueue Appended
INFO:root:2021-07-16-11--25--09 anomallyFrameTracker resetted to 200
INFO:root:2021-07-16-11--25--09 anomallyFrameTracker resetted to 200
INFO:root:2021-07-16-11--25--09 anomallyFrameTracker resetted to 200
INFO:root:2021-07-16-11--25--09 Colour Conversion Completed
INFO:root:2021-07-16-11--25--09 Sleep Check Completed
INFO:root:2021-07-16-11--25--09 Frame manipulations completed
INFO:root:2021-07-16-11--25--09 Bounding Box Drawn
INFO:root:2021-07-16-11--25--09 MovingFrameQueue Appended
INFO:root:2021-07-16-11--25--09 anomallyFrameTracker resetted to 200
INFO:root:2021-07-16-11--25--09 anomallyFrameTracker resetted to 200
INFO:root:2021-07-16-11--25--09 anomallyFrameTracker resetted to 200
INFO:root:2021-07-16-11--25--09 Colour Conversion Completed
INFO:root:2021-07-16-11--25--09 Sleep Check Completed
INFO:root:2021-07-16-11--25--09 Frame manipulations completed
INFO:root:2021-07-16-11--25--09 Bounding Box Drawn
INFO:root:2021-07-16-11--25--09 MovingFrameQueue Appended
INFO:root:2021-07-16-11--25--09 anomallyFrameTracker resetted to 200
INFO:root:2021-07-16-11--25--09 anomallyFrameTracker resetted to 200
INFO:root:2021-07-16-11--25--09 anomallyFrameTracker resetted to 200
INFO:root:2021-07-16-11--25--09 Colour Conversion Completed
INFO:root:2021-07-16-11--25--09 Sleep Check Completed
INFO:root:2021-07-16-11--25--09 Frame manipulations completed
INFO:root:2021-07-16-11--25--09 Bounding Box Drawn
INFO:root:2021-07-16-11--25--09 MovingFrameQueue Appended
INFO:root:2021-07-16-11--25--09 anomallyFrameTracker resetted to 200
INFO:root:2021-07-16-11--25--09 anomallyFrameTracker resetted to 200
INFO:root:2021-07-16-11--25--09 anomallyFrameTracker resetted to 200
INFO:root:2021-07-16-11--25--09 Colour Conversion Completed
INFO:root:2021-07-16-11--25--09 Sleep Check Completed
INFO:root:2021-07-16-11--25--09 Frame manipulations completed
INFO:root:2021-07-16-11--25--09 Bounding Box Drawn
INFO:root:2021-07-16-11--25--09 MovingFrameQueue Appended
INFO:root:2021-07-16-11--25--09 anomallyFrameTracker resetted to 200
INFO:root:2021-07-16-11--25--09 anomallyFrameTracker resetted to 200
INFO:root:2021-07-16-11--25--09 anomallyFrameTracker resetted to 200
ERROR:root:2021-07-16-11--25--09 Colour Conversion Failed
ERROR:root:2021-07-16-11--25--09 Sleep Check Failed
INFO:root:2021-07-16-11--25--09 Frame manipulations completed
INFO:root:2021-07-16-11--25--09 Bounding Box Drawn
INFO:root:2021-07-16-11--25--09 MovingFrameQueue Appended
INFO:root:2021-07-16-11--25--09 anomallyFrameTracker resetted to 200
INFO:root:2021-07-16-11--25--09 anomallyFrameTracker resetted to 200
INFO:root:2021-07-16-11--25--09 anomallyFrameTracker resetted to 200
INFO:root:2021-07-16-11--25--09 Colour Conversion Completed
ERROR:root:2021-07-16-11--25--09 Sleep Check Failed
INFO:root:2021-07-16-11--25--09 Frame manipulations completed
INFO:root:2021-07-16-11--25--09 Bounding Box Drawn
INFO:root:2021-07-16-11--25--09 MovingFrameQueue Appended
INFO:root:2021-07-16-11--25--09 anomallyFrameTracker resetted to 200
INFO:root:2021-07-16-11--25--09 anomallyFrameTracker resetted to 200
INFO:root:2021-07-16-11--25--09 anomallyFrameTracker resetted to 200
INFO:root:2021-07-16-11--25--09 Colour Conversion Completed
INFO:root:2021-07-16-11--25--09 Sleep Check Completed
INFO:root:2021-07-16-11--25--10 Frame manipulations completed
INFO:root:2021-07-16-11--25--10 Bounding Box Drawn
INFO:root:2021-07-16-11--25--10 MovingFrameQueue Appended
INFO:root:2021-07-16-11--25--10 anomallyFrameTracker resetted to 200
INFO:root:2021-07-16-11--25--10 anomallyFrameTracker resetted to 200
INFO:root:2021-07-16-11--25--10 anomallyFrameTracker resetted to 200
ERROR:root:2021-07-16-11--25--10 Colour Conversion Failed
ERROR:root:2021-07-16-11--25--10 Sleep Check Failed
INFO:root:2021-07-16-11--25--10 Frame manipulations completed
INFO:root:2021-07-16-11--25--10 Bounding Box Drawn
INFO:root:2021-07-16-11--25--10 MovingFrameQueue Appended
INFO:root:2021-07-16-11--25--10 anomallyFrameTracker resetted to 200
INFO:root:2021-07-16-11--25--10 anomallyFrameTracker resetted to 200
INFO:root:2021-07-16-11--25--10 anomallyFrameTracker resetted to 200
INFO:root:2021-07-16-11--25--10 Colour Conversion Completed
ERROR:root:2021-07-16-11--25--10 Sleep Check Failed
INFO:root:2021-07-16-11--25--10 Frame manipulations completed
INFO:root:2021-07-16-11--25--10 Bounding Box Drawn
INFO:root:2021-07-16-11--25--10 MovingFrameQueue Appended
INFO:root:2021-07-16-11--25--10 anomallyFrameTracker resetted to 200
INFO:root:2021-07-16-11--25--10 anomallyFrameTracker resetted to 200
INFO:root:2021-07-16-11--25--10 anomallyFrameTracker resetted to 200
INFO:root:2021-07-16-11--25--10 Colour Conversion Completed
INFO:root:2021-07-16-11--25--10 Sleep Check Completed
INFO:root:2021-07-16-11--25--10 Frame manipulations completed
INFO:root:2021-07-16-11--25--10 Bounding Box Drawn
INFO:root:2021-07-16-11--25--10 MovingFrameQueue Appended
INFO:root:2021-07-16-11--25--10 anomallyFrameTracker resetted to 200
INFO:root:2021-07-16-11--25--10 anomallyFrameTracker resetted to 200
INFO:root:2021-07-16-11--25--10 anomallyFrameTracker resetted to 200
INFO:root:2021-07-16-11--25--10 Colour Conversion Completed
ERROR:root:2021-07-16-11--25--10 Sleep Check Failed
INFO:root:2021-07-16-11--25--10 Frame manipulations completed
INFO:root:2021-07-16-11--25--10 Bounding Box Drawn
INFO:root:2021-07-16-11--25--10 MovingFrameQueue Appended
INFO:root:2021-07-16-11--25--10 anomallyFrameTracker resetted to 200
INFO:root:2021-07-16-11--25--10 anomallyFrameTracker resetted to 200
INFO:root:2021-07-16-11--25--10 anomallyFrameTracker resetted to 200
INFO:root:2021-07-16-11--25--10 Colour Conversion Completed
INFO:root:2021-07-16-11--25--10 Sleep Check Completed
INFO:root:2021-07-16-11--25--10 Frame manipulations completed
INFO:root:2021-07-16-11--25--10 Bounding Box Drawn
INFO:root:2021-07-16-11--25--10 MovingFrameQueue Appended
INFO:root:2021-07-16-11--25--10 anomallyFrameTracker resetted to 200
INFO:root:2021-07-16-11--25--10 anomallyFrameTracker resetted to 200
INFO:root:2021-07-16-11--25--10 anomallyFrameTracker resetted to 200
INFO:root:2021-07-16-11--25--10 Colour Conversion Completed
INFO:root:2021-07-16-11--25--10 Sleep Check Completed
INFO:root:2021-07-16-11--25--10 Frame manipulations completed
INFO:root:2021-07-16-11--25--10 Bounding Box Drawn
INFO:root:2021-07-16-11--25--10 MovingFrameQueue Appended
INFO:root:2021-07-16-11--25--10 anomallyFrameTracker resetted to 200
INFO:root:2021-07-16-11--25--10 anomallyFrameTracker resetted to 200
INFO:root:2021-07-16-11--25--10 anomallyFrameTracker resetted to 200
INFO:root:2021-07-16-11--25--10 Colour Conversion Completed
INFO:root:2021-07-16-11--25--10 Sleep Check Completed
INFO:root:2021-07-16-11--25--10 Frame manipulations completed
INFO:root:2021-07-16-11--25--10 Bounding Box Drawn
INFO:root:2021-07-16-11--25--10 MovingFrameQueue Appended
INFO:root:2021-07-16-11--25--10 anomallyFrameTracker resetted to 200
INFO:root:2021-07-16-11--25--10 anomallyFrameTracker resetted to 200
INFO:root:2021-07-16-11--25--10 anomallyFrameTracker resetted to 200
INFO:root:2021-07-16-11--25--10 Colour Conversion Completed
INFO:root:2021-07-16-11--25--11 Sleep Check Completed
INFO:root:2021-07-16-11--25--11 Frame manipulations completed
INFO:root:2021-07-16-11--25--11 Bounding Box Drawn
INFO:root:2021-07-16-11--25--11 MovingFrameQueue Appended
INFO:root:2021-07-16-11--25--11 anomallyFrameTracker resetted to 200
INFO:root:2021-07-16-11--25--11 anomallyFrameTracker resetted to 200
INFO:root:2021-07-16-11--25--11 anomallyFrameTracker resetted to 200
INFO:root:2021-07-16-11--25--11 Colour Conversion Completed
INFO:root:2021-07-16-11--25--11 Sleep Check Completed
INFO:root:2021-07-16-11--25--11 Frame manipulations completed
INFO:root:2021-07-16-11--25--11 Bounding Box Drawn
INFO:root:2021-07-16-11--25--11 MovingFrameQueue Appended
INFO:root:2021-07-16-11--25--11 anomallyFrameTracker resetted to 200
INFO:root:2021-07-16-11--25--11 anomallyFrameTracker resetted to 200
INFO:root:2021-07-16-11--25--11 anomallyFrameTracker resetted to 200
INFO:root:2021-07-16-11--25--11 Colour Conversion Completed
INFO:root:2021-07-16-11--25--11 Sleep Check Completed
INFO:root:2021-07-16-11--25--11 Frame manipulations completed
INFO:root:2021-07-16-11--25--11 Bounding Box Drawn
INFO:root:2021-07-16-11--25--11 MovingFrameQueue Appended
INFO:root:2021-07-16-11--25--11 anomallyFrameTracker resetted to 200
INFO:root:2021-07-16-11--25--11 anomallyFrameTracker resetted to 200
INFO:root:2021-07-16-11--25--11 anomallyFrameTracker resetted to 200
INFO:root:2021-07-16-11--25--11 Colour Conversion Completed
INFO:root:2021-07-16-11--25--11 Sleep Check Completed
INFO:root:2021-07-16-11--25--11 Frame manipulations completed
INFO:root:2021-07-16-11--25--11 Bounding Box Drawn
INFO:root:2021-07-16-11--25--11 MovingFrameQueue Appended
INFO:root:2021-07-16-11--25--11 anomallyFrameTracker resetted to 200
INFO:root:2021-07-16-11--25--11 anomallyFrameTracker resetted to 200
INFO:root:2021-07-16-11--25--11 anomallyFrameTracker resetted to 200
INFO:root:2021-07-16-11--25--11 Colour Conversion Completed
INFO:root:2021-07-16-11--25--11 Sleep Check Completed
INFO:root:2021-07-16-11--25--11 Frame manipulations completed
INFO:root:2021-07-16-11--25--11 Bounding Box Drawn
INFO:root:2021-07-16-11--25--11 MovingFrameQueue Appended
INFO:root:2021-07-16-11--25--11 anomallyFrameTracker resetted to 200
INFO:root:2021-07-16-11--25--11 anomallyFrameTracker resetted to 200
INFO:root:2021-07-16-11--25--11 anomallyFrameTracker resetted to 200
INFO:root:2021-07-16-11--25--11 Colour Conversion Completed
INFO:root:2021-07-16-11--25--11 Sleep Check Completed
INFO:root:2021-07-16-11--25--11 Frame manipulations completed
INFO:root:2021-07-16-11--25--11 Bounding Box Drawn
INFO:root:2021-07-16-11--25--11 MovingFrameQueue Appended
INFO:root:2021-07-16-11--25--11 anomallyFrameTracker resetted to 200
INFO:root:2021-07-16-11--25--11 anomallyFrameTracker resetted to 200
INFO:root:2021-07-16-11--25--11 anomallyFrameTracker resetted to 200
INFO:root:2021-07-16-11--25--11 Colour Conversion Completed
INFO:root:2021-07-16-11--25--11 Sleep Check Completed
INFO:root:2021-07-16-11--25--11 Frame manipulations completed
INFO:root:2021-07-16-11--25--11 Bounding Box Drawn
INFO:root:2021-07-16-11--25--11 MovingFrameQueue Appended
INFO:root:2021-07-16-11--25--11 anomallyFrameTracker resetted to 200
INFO:root:2021-07-16-11--25--11 anomallyFrameTracker resetted to 200
INFO:root:2021-07-16-11--25--11 anomallyFrameTracker resetted to 200
INFO:root:2021-07-16-11--25--11 Colour Conversion Completed
INFO:root:2021-07-16-11--25--12 Sleep Check Completed
INFO:root:2021-07-16-11--25--12 Frame manipulations completed
INFO:root:2021-07-16-11--25--12 Bounding Box Drawn
INFO:root:2021-07-16-11--25--12 MovingFrameQueue Appended
INFO:root:2021-07-16-11--25--12 anomallyFrameTracker resetted to 200
INFO:root:2021-07-16-11--25--12 anomallyFrameTracker resetted to 200
INFO:root:2021-07-16-11--25--12 anomallyFrameTracker resetted to 200
INFO:root:2021-07-16-11--25--12 Colour Conversion Completed
INFO:root:2021-07-16-11--25--12 Sleep Check Completed
INFO:root:2021-07-16-11--25--12 Frame manipulations completed
INFO:root:2021-07-16-11--25--12 Bounding Box Drawn
INFO:root:2021-07-16-11--25--12 MovingFrameQueue Appended
INFO:root:2021-07-16-11--25--12 anomallyFrameTracker resetted to 200
INFO:root:2021-07-16-11--25--12 anomallyFrameTracker resetted to 200
INFO:root:2021-07-16-11--25--12 anomallyFrameTracker resetted to 200
INFO:root:2021-07-16-11--25--12 Colour Conversion Completed
INFO:root:2021-07-16-11--25--12 Sleep Check Completed
INFO:root:2021-07-16-11--25--12 Frame manipulations completed
INFO:root:2021-07-16-11--25--12 Bounding Box Drawn
INFO:root:2021-07-16-11--25--12 MovingFrameQueue Appended
INFO:root:2021-07-16-11--25--12 anomallyFrameTracker resetted to 200
INFO:root:2021-07-16-11--25--12 anomallyFrameTracker resetted to 200
INFO:root:2021-07-16-11--25--12 anomallyFrameTracker resetted to 200
INFO:root:2021-07-16-11--25--12 Colour Conversion Completed
INFO:root:2021-07-16-11--25--12 Sleep Check Completed
INFO:root:2021-07-16-11--25--12 Frame manipulations completed
INFO:root:2021-07-16-11--25--12 Bounding Box Drawn
INFO:root:2021-07-16-11--25--12 MovingFrameQueue Appended
INFO:root:2021-07-16-11--25--12 anomallyFrameTracker resetted to 200
INFO:root:2021-07-16-11--25--12 anomallyFrameTracker resetted to 200
INFO:root:2021-07-16-11--25--12 anomallyFrameTracker resetted to 200
INFO:root:2021-07-16-11--25--12 Colour Conversion Completed
INFO:root:2021-07-16-11--25--12 Sleep Check Completed
INFO:root:2021-07-16-11--25--12 Frame manipulations completed
INFO:root:2021-07-16-11--25--12 Bounding Box Drawn
INFO:root:2021-07-16-11--25--12 MovingFrameQueue Appended
INFO:root:2021-07-16-11--25--12 anomallyFrameTracker resetted to 200
INFO:root:2021-07-16-11--25--12 anomallyFrameTracker resetted to 200
INFO:root:2021-07-16-11--25--12 anomallyFrameTracker resetted to 200
INFO:root:2021-07-16-11--25--12 Colour Conversion Completed
INFO:root:2021-07-16-11--25--12 Sleep Check Completed
INFO:root:2021-07-16-11--25--12 Frame manipulations completed
INFO:root:2021-07-16-11--25--12 Bounding Box Drawn
INFO:root:2021-07-16-11--25--12 MovingFrameQueue Appended
INFO:root:2021-07-16-11--25--12 anomallyFrameTracker resetted to 200
INFO:root:2021-07-16-11--25--12 anomallyFrameTracker resetted to 200
INFO:root:2021-07-16-11--25--12 anomallyFrameTracker resetted to 200
INFO:root:2021-07-16-11--25--12 Colour Conversion Completed
INFO:root:2021-07-16-11--25--12 Sleep Check Completed
INFO:root:2021-07-16-11--25--12 Frame manipulations completed
INFO:root:2021-07-16-11--25--12 Bounding Box Drawn
INFO:root:2021-07-16-11--25--12 MovingFrameQueue Appended
INFO:root:2021-07-16-11--25--12 anomallyFrameTracker resetted to 200
INFO:root:2021-07-16-11--25--12 anomallyFrameTracker resetted to 200
INFO:root:2021-07-16-11--25--12 anomallyFrameTracker resetted to 200
INFO:root:2021-07-16-11--25--12 Colour Conversion Completed
INFO:root:2021-07-16-11--25--13 Sleep Check Completed
INFO:root:2021-07-16-11--25--13 Frame manipulations completed
INFO:root:2021-07-16-11--25--13 Bounding Box Drawn
INFO:root:2021-07-16-11--25--13 MovingFrameQueue Appended
INFO:root:2021-07-16-11--25--13 anomallyFrameTracker resetted to 200
INFO:root:2021-07-16-11--25--13 anomallyFrameTracker resetted to 200
INFO:root:2021-07-16-11--25--13 anomallyFrameTracker resetted to 200
INFO:root:2021-07-16-11--25--13 Colour Conversion Completed
INFO:root:2021-07-16-11--25--13 Sleep Check Completed
INFO:root:2021-07-16-11--25--13 Frame manipulations completed
INFO:root:2021-07-16-11--25--13 Bounding Box Drawn
INFO:root:2021-07-16-11--25--13 MovingFrameQueue Appended
INFO:root:2021-07-16-11--25--13 anomallyFrameTracker resetted to 200
INFO:root:2021-07-16-11--25--13 anomallyFrameTracker resetted to 200
INFO:root:2021-07-16-11--25--13 anomallyFrameTracker resetted to 200
INFO:root:2021-07-16-11--25--13 Colour Conversion Completed
INFO:root:2021-07-16-11--25--13 Sleep Check Completed
INFO:root:2021-07-16-11--25--13 Frame manipulations completed
INFO:root:2021-07-16-11--25--13 Bounding Box Drawn
INFO:root:2021-07-16-11--25--13 MovingFrameQueue Appended
INFO:root:2021-07-16-11--25--13 anomallyFrameTracker resetted to 200
INFO:root:2021-07-16-11--25--13 anomallyFrameTracker resetted to 200
INFO:root:2021-07-16-11--25--13 anomallyFrameTracker resetted to 200
INFO:root:2021-07-16-11--25--13 Colour Conversion Completed
INFO:root:2021-07-16-11--25--13 Sleep Check Completed
INFO:root:2021-07-16-11--25--13 Frame manipulations completed
INFO:root:2021-07-16-11--25--13 Bounding Box Drawn
INFO:root:2021-07-16-11--25--13 MovingFrameQueue Appended
INFO:root:2021-07-16-11--25--13 anomallyFrameTracker resetted to 200
INFO:root:2021-07-16-11--25--13 anomallyFrameTracker resetted to 200
INFO:root:2021-07-16-11--25--13 anomallyFrameTracker resetted to 200
INFO:root:2021-07-16-11--25--13 Colour Conversion Completed
INFO:root:2021-07-16-11--25--13 Sleep Check Completed
INFO:root:2021-07-16-11--25--13 Frame manipulations completed
INFO:root:2021-07-16-11--25--13 Bounding Box Drawn
INFO:root:2021-07-16-11--25--13 MovingFrameQueue Appended
INFO:root:2021-07-16-11--25--13 anomallyFrameTracker resetted to 200
INFO:root:2021-07-16-11--25--13 anomallyFrameTracker resetted to 200
INFO:root:2021-07-16-11--25--13 anomallyFrameTracker resetted to 200
INFO:root:2021-07-16-11--25--13 Colour Conversion Completed
INFO:root:2021-07-16-11--25--13 Sleep Check Completed
INFO:root:2021-07-16-11--25--13 Frame manipulations completed
INFO:root:2021-07-16-11--25--13 Bounding Box Drawn
INFO:root:2021-07-16-11--25--13 MovingFrameQueue Appended
INFO:root:2021-07-16-11--25--13 anomallyFrameTracker resetted to 200
INFO:root:2021-07-16-11--25--13 anomallyFrameTracker resetted to 200
INFO:root:2021-07-16-11--25--13 anomallyFrameTracker resetted to 200
INFO:root:2021-07-16-11--25--13 Colour Conversion Completed
INFO:root:2021-07-16-11--25--13 Sleep Check Completed
INFO:root:2021-07-16-11--25--13 Frame manipulations completed
INFO:root:2021-07-16-11--25--13 Bounding Box Drawn
INFO:root:2021-07-16-11--25--13 MovingFrameQueue Appended
INFO:root:2021-07-16-11--25--13 anomallyFrameTracker resetted to 200
INFO:root:2021-07-16-11--25--13 anomallyFrameTracker resetted to 200
INFO:root:2021-07-16-11--25--13 anomallyFrameTracker resetted to 200
INFO:root:2021-07-16-11--25--13 Colour Conversion Completed
INFO:root:2021-07-16-11--25--14 Sleep Check Completed
INFO:root:2021-07-16-11--25--14 Frame manipulations completed
INFO:root:2021-07-16-11--25--14 Bounding Box Drawn
INFO:root:2021-07-16-11--25--14 MovingFrameQueue Appended
INFO:root:2021-07-16-11--25--14 anomallyFrameTracker resetted to 200
INFO:root:2021-07-16-11--25--14 anomallyFrameTracker resetted to 200
INFO:root:2021-07-16-11--25--14 anomallyFrameTracker resetted to 200
INFO:root:2021-07-16-11--25--14 Colour Conversion Completed
INFO:root:2021-07-16-11--25--14 Sleep Check Completed
INFO:root:2021-07-16-11--25--14 Frame manipulations completed
INFO:root:2021-07-16-11--25--14 Bounding Box Drawn
INFO:root:2021-07-16-11--25--14 MovingFrameQueue Appended
INFO:root:2021-07-16-11--25--14 anomallyFrameTracker resetted to 200
INFO:root:2021-07-16-11--25--14 anomallyFrameTracker resetted to 200
INFO:root:2021-07-16-11--25--14 anomallyFrameTracker resetted to 200
INFO:root:2021-07-16-11--25--14 Colour Conversion Completed
INFO:root:2021-07-16-11--25--14 Sleep Check Completed
INFO:root:2021-07-16-11--25--14 Frame manipulations completed
INFO:root:2021-07-16-11--25--14 Bounding Box Drawn
INFO:root:2021-07-16-11--25--14 MovingFrameQueue Popped
INFO:root:2021-07-16-11--25--14 anomallyFrameTracker resetted to 200
INFO:root:2021-07-16-11--25--14 anomallyFrameTracker resetted to 200
INFO:root:2021-07-16-11--25--14 anomallyFrameTracker resetted to 200
INFO:root:2021-07-16-11--25--14 Colour Conversion Completed
INFO:root:2021-07-16-11--25--14 Sleep Check Completed
INFO:root:2021-07-16-11--25--14 Frame manipulations completed
INFO:root:2021-07-16-11--25--14 Bounding Box Drawn
INFO:root:2021-07-16-11--25--14 MovingFrameQueue Appended
INFO:root:2021-07-16-11--25--14 anomallyFrameTracker resetted to 200
INFO:root:2021-07-16-11--25--14 anomallyFrameTracker resetted to 200
INFO:root:2021-07-16-11--25--14 anomallyFrameTracker resetted to 200
INFO:root:2021-07-16-11--25--14 Colour Conversion Completed
INFO:root:2021-07-16-11--25--14 Sleep Check Completed
INFO:root:2021-07-16-11--25--14 Frame manipulations completed
INFO:root:2021-07-16-11--25--14 Bounding Box Drawn
INFO:root:2021-07-16-11--25--14 MovingFrameQueue Popped
INFO:root:2021-07-16-11--25--14 anomallyFrameTracker resetted to 200
INFO:root:2021-07-16-11--25--14 anomallyFrameTracker resetted to 200
INFO:root:2021-07-16-11--25--14 anomallyFrameTracker resetted to 200
INFO:root:2021-07-16-11--25--14 Colour Conversion Completed
INFO:root:2021-07-16-11--25--14 Sleep Check Completed
INFO:root:2021-07-16-11--25--14 Frame manipulations completed
INFO:root:2021-07-16-11--25--14 Bounding Box Drawn
INFO:root:2021-07-16-11--25--14 MovingFrameQueue Appended
INFO:root:2021-07-16-11--25--14 anomallyFrameTracker resetted to 200
INFO:root:2021-07-16-11--25--14 anomallyFrameTracker resetted to 200
INFO:root:2021-07-16-11--25--14 anomallyFrameTracker resetted to 200
INFO:root:2021-07-16-11--25--14 Colour Conversion Completed
INFO:root:2021-07-16-11--25--14 Sleep Check Completed
INFO:root:2021-07-16-11--25--14 Frame manipulations completed
INFO:root:2021-07-16-11--25--14 Bounding Box Drawn
INFO:root:2021-07-16-11--25--14 MovingFrameQueue Popped
INFO:root:2021-07-16-11--25--14 anomallyFrameTracker resetted to 200
INFO:root:2021-07-16-11--25--14 anomallyFrameTracker resetted to 200
INFO:root:2021-07-16-11--25--14 anomallyFrameTracker resetted to 200
INFO:root:2021-07-16-11--25--14 Colour Conversion Completed
INFO:root:2021-07-16-11--25--15 Sleep Check Completed
INFO:root:2021-07-16-11--25--15 Frame manipulations completed
INFO:root:2021-07-16-11--25--15 Bounding Box Drawn
INFO:root:2021-07-16-11--25--15 MovingFrameQueue Appended
INFO:root:2021-07-16-11--25--15 anomallyFrameTracker resetted to 200
INFO:root:2021-07-16-11--25--15 anomallyFrameTracker resetted to 200
INFO:root:2021-07-16-11--25--15 anomallyFrameTracker resetted to 200
INFO:root:2021-07-16-11--25--15 Colour Conversion Completed
INFO:root:2021-07-16-11--25--15 Sleep Check Completed
INFO:root:2021-07-16-11--25--15 Frame manipulations completed
INFO:root:2021-07-16-11--25--15 Bounding Box Drawn
INFO:root:2021-07-16-11--25--15 MovingFrameQueue Popped
INFO:root:2021-07-16-11--25--15 anomallyFrameTracker resetted to 200
INFO:root:2021-07-16-11--25--15 anomallyFrameTracker resetted to 200
INFO:root:2021-07-16-11--25--15 anomallyFrameTracker resetted to 200
