INFO:root:2021-07-21-10--39--24 Parameter Generation Success
INFO:root:2021-07-21-10--39--25 Colour Conversion Completed
INFO:root:2021-07-21-10--39--25 Sleep Check Completed
INFO:root:2021-07-21-10--39--25 Frame manipulations completed
INFO:root:2021-07-21-10--39--25 Bounding Box Drawn
INFO:root:2021-07-21-10--39--30 MovingFrameQueue Appended
INFO:root:2021-07-21-10--39--30 anomallyFrameTracker resetted to 200
INFO:root:2021-07-21-10--39--30 Colour Conversion Completed
INFO:root:2021-07-21-10--39--30 Sleep Check Completed
INFO:root:2021-07-21-10--39--30 Frame manipulations completed
INFO:root:2021-07-21-10--39--30 Bounding Box Drawn
INFO:root:2021-07-21-10--39--30 MovingFrameQueue Appended
INFO:root:2021-07-21-10--39--30 anomallyFrameTracker resetted to 200
INFO:root:2021-07-21-10--39--30 Colour Conversion Completed
INFO:root:2021-07-21-10--39--30 Sleep Check Completed
INFO:root:2021-07-21-10--39--30 Frame manipulations completed
INFO:root:2021-07-21-10--39--30 Bounding Box Drawn
INFO:root:2021-07-21-10--39--30 MovingFrameQueue Appended
INFO:root:2021-07-21-10--39--30 anomallyFrameTracker resetted to 200
INFO:root:2021-07-21-10--39--30 Colour Conversion Completed
INFO:root:2021-07-21-10--39--30 Sleep Check Completed
INFO:root:2021-07-21-10--39--30 Frame manipulations completed
INFO:root:2021-07-21-10--39--30 Bounding Box Drawn
INFO:root:2021-07-21-10--39--30 MovingFrameQueue Appended
INFO:root:2021-07-21-10--39--30 anomallyFrameTracker resetted to 200
INFO:root:2021-07-21-10--39--30 Colour Conversion Completed
INFO:root:2021-07-21-10--39--30 Sleep Check Completed
INFO:root:2021-07-21-10--39--30 Frame manipulations completed
INFO:root:2021-07-21-10--39--30 Bounding Box Drawn
INFO:root:2021-07-21-10--39--30 MovingFrameQueue Appended
INFO:root:2021-07-21-10--39--30 anomallyFrameTracker resetted to 200
INFO:root:2021-07-21-10--39--30 Colour Conversion Completed
INFO:root:2021-07-21-10--39--30 Sleep Check Completed
INFO:root:2021-07-21-10--39--30 Frame manipulations completed
INFO:root:2021-07-21-10--39--30 Bounding Box Drawn
INFO:root:2021-07-21-10--39--30 MovingFrameQueue Appended
INFO:root:2021-07-21-10--39--30 anomallyFrameTracker resetted to 200
INFO:root:2021-07-21-10--39--30 Colour Conversion Completed
INFO:root:2021-07-21-10--39--30 Sleep Check Completed
INFO:root:2021-07-21-10--39--30 Frame manipulations completed
INFO:root:2021-07-21-10--39--30 Bounding Box Drawn
INFO:root:2021-07-21-10--39--30 MovingFrameQueue Appended
INFO:root:2021-07-21-10--39--30 anomallyFrameTracker resetted to 200
INFO:root:2021-07-21-10--39--30 Colour Conversion Completed
INFO:root:2021-07-21-10--39--31 Sleep Check Completed
INFO:root:2021-07-21-10--39--31 Frame manipulations completed
INFO:root:2021-07-21-10--39--31 Bounding Box Drawn
INFO:root:2021-07-21-10--39--31 MovingFrameQueue Appended
INFO:root:2021-07-21-10--39--31 anomallyFrameTracker resetted to 200
INFO:root:2021-07-21-10--39--31 Colour Conversion Completed
INFO:root:2021-07-21-10--39--31 Sleep Check Completed
INFO:root:2021-07-21-10--39--31 Frame manipulations completed
INFO:root:2021-07-21-10--39--31 Bounding Box Drawn
INFO:root:2021-07-21-10--39--31 MovingFrameQueue Appended
INFO:root:2021-07-21-10--39--31 anomallyFrameTracker resetted to 200
INFO:root:2021-07-21-10--39--31 Colour Conversion Completed
INFO:root:2021-07-21-10--39--31 Sleep Check Completed
INFO:root:2021-07-21-10--39--31 Frame manipulations completed
INFO:root:2021-07-21-10--39--31 Bounding Box Drawn
INFO:root:2021-07-21-10--39--31 MovingFrameQueue Appended
INFO:root:2021-07-21-10--39--31 anomallyFrameTracker resetted to 200
INFO:root:2021-07-21-10--39--31 Colour Conversion Completed
INFO:root:2021-07-21-10--39--31 Sleep Check Completed
INFO:root:2021-07-21-10--39--31 Frame manipulations completed
INFO:root:2021-07-21-10--39--31 Bounding Box Drawn
INFO:root:2021-07-21-10--39--31 MovingFrameQueue Appended
INFO:root:2021-07-21-10--39--31 anomallyFrameTracker resetted to 200
INFO:root:2021-07-21-10--39--31 Colour Conversion Completed
INFO:root:2021-07-21-10--39--31 Sleep Check Completed
INFO:root:2021-07-21-10--39--31 Frame manipulations completed
INFO:root:2021-07-21-10--39--31 Bounding Box Drawn
INFO:root:2021-07-21-10--39--31 MovingFrameQueue Appended
INFO:root:2021-07-21-10--39--31 anomallyFrameTracker resetted to 200
INFO:root:2021-07-21-10--39--31 Colour Conversion Completed
INFO:root:2021-07-21-10--39--32 Sleep Check Completed
INFO:root:2021-07-21-10--39--32 Frame manipulations completed
INFO:root:2021-07-21-10--39--32 Bounding Box Drawn
INFO:root:2021-07-21-10--39--32 MovingFrameQueue Appended
INFO:root:2021-07-21-10--39--32 anomallyFrameTracker resetted to 200
INFO:root:2021-07-21-10--39--32 Colour Conversion Completed
INFO:root:2021-07-21-10--39--32 Sleep Check Completed
INFO:root:2021-07-21-10--39--32 Frame manipulations completed
INFO:root:2021-07-21-10--39--32 Bounding Box Drawn
INFO:root:2021-07-21-10--39--32 MovingFrameQueue Appended
INFO:root:2021-07-21-10--39--32 anomallyFrameTracker resetted to 200
INFO:root:2021-07-21-10--39--32 Colour Conversion Completed
INFO:root:2021-07-21-10--39--32 Sleep Check Completed
INFO:root:2021-07-21-10--39--32 Frame manipulations completed
INFO:root:2021-07-21-10--39--32 Bounding Box Drawn
INFO:root:2021-07-21-10--39--32 MovingFrameQueue Appended
INFO:root:2021-07-21-10--39--32 anomallyFrameTracker resetted to 200
INFO:root:2021-07-21-10--39--32 Colour Conversion Completed
INFO:root:2021-07-21-10--39--32 Sleep Check Completed
INFO:root:2021-07-21-10--39--32 Frame manipulations completed
INFO:root:2021-07-21-10--39--32 Bounding Box Drawn
INFO:root:2021-07-21-10--39--32 MovingFrameQueue Appended
INFO:root:2021-07-21-10--39--32 anomallyFrameTracker resetted to 200
INFO:root:2021-07-21-10--39--32 Colour Conversion Completed
INFO:root:2021-07-21-10--39--32 Sleep Check Completed
INFO:root:2021-07-21-10--39--32 Frame manipulations completed
INFO:root:2021-07-21-10--39--32 Bounding Box Drawn
INFO:root:2021-07-21-10--39--33 MovingFrameQueue Appended
INFO:root:2021-07-21-10--39--33 anomallyFrameTracker resetted to 200
INFO:root:2021-07-21-10--39--33 Colour Conversion Completed
INFO:root:2021-07-21-10--39--33 Sleep Check Completed
INFO:root:2021-07-21-10--39--33 Frame manipulations completed
INFO:root:2021-07-21-10--39--33 Bounding Box Drawn
INFO:root:2021-07-21-10--39--33 MovingFrameQueue Appended
INFO:root:2021-07-21-10--39--33 anomallyFrameTracker resetted to 200
INFO:root:2021-07-21-10--39--33 Colour Conversion Completed
INFO:root:2021-07-21-10--39--33 Sleep Check Completed
INFO:root:2021-07-21-10--39--33 Frame manipulations completed
INFO:root:2021-07-21-10--39--33 Bounding Box Drawn
INFO:root:2021-07-21-10--39--33 MovingFrameQueue Appended
INFO:root:2021-07-21-10--39--33 anomallyFrameTracker resetted to 200
INFO:root:2021-07-21-10--39--33 Colour Conversion Completed
INFO:root:2021-07-21-10--39--33 Sleep Check Completed
INFO:root:2021-07-21-10--39--33 Frame manipulations completed
INFO:root:2021-07-21-10--39--33 Bounding Box Drawn
INFO:root:2021-07-21-10--39--33 MovingFrameQueue Appended
INFO:root:2021-07-21-10--39--33 anomallyFrameTracker resetted to 200
INFO:root:2021-07-21-10--39--33 Colour Conversion Completed
INFO:root:2021-07-21-10--39--33 Sleep Check Completed
INFO:root:2021-07-21-10--39--33 Frame manipulations completed
INFO:root:2021-07-21-10--39--33 Bounding Box Drawn
INFO:root:2021-07-21-10--39--33 MovingFrameQueue Appended
INFO:root:2021-07-21-10--39--33 anomallyFrameTracker resetted to 200
INFO:root:2021-07-21-10--39--33 Colour Conversion Completed
INFO:root:2021-07-21-10--39--33 Sleep Check Completed
INFO:root:2021-07-21-10--39--33 Frame manipulations completed
INFO:root:2021-07-21-10--39--33 Bounding Box Drawn
INFO:root:2021-07-21-10--39--34 MovingFrameQueue Appended
INFO:root:2021-07-21-10--39--34 anomallyFrameTracker resetted to 200
INFO:root:2021-07-21-10--39--34 Colour Conversion Completed
INFO:root:2021-07-21-10--39--34 Sleep Check Completed
INFO:root:2021-07-21-10--39--34 Frame manipulations completed
INFO:root:2021-07-21-10--39--34 Bounding Box Drawn
INFO:root:2021-07-21-10--39--34 MovingFrameQueue Appended
INFO:root:2021-07-21-10--39--34 anomallyFrameTracker resetted to 200
INFO:root:2021-07-21-10--39--34 Colour Conversion Completed
INFO:root:2021-07-21-10--39--34 Sleep Check Completed
INFO:root:2021-07-21-10--39--34 Frame manipulations completed
INFO:root:2021-07-21-10--39--34 Bounding Box Drawn
INFO:root:2021-07-21-10--39--34 MovingFrameQueue Appended
INFO:root:2021-07-21-10--39--34 anomallyFrameTracker resetted to 200
INFO:root:2021-07-21-10--39--34 Colour Conversion Completed
INFO:root:2021-07-21-10--39--34 Sleep Check Completed
INFO:root:2021-07-21-10--39--34 Frame manipulations completed
INFO:root:2021-07-21-10--39--34 Bounding Box Drawn
INFO:root:2021-07-21-10--39--34 MovingFrameQueue Appended
INFO:root:2021-07-21-10--39--34 anomallyFrameTracker resetted to 200
INFO:root:2021-07-21-10--39--34 Colour Conversion Completed
INFO:root:2021-07-21-10--39--34 Sleep Check Completed
INFO:root:2021-07-21-10--39--34 Frame manipulations completed
INFO:root:2021-07-21-10--39--34 Bounding Box Drawn
INFO:root:2021-07-21-10--39--34 MovingFrameQueue Appended
INFO:root:2021-07-21-10--39--34 anomallyFrameTracker resetted to 200
INFO:root:2021-07-21-10--39--34 Colour Conversion Completed
INFO:root:2021-07-21-10--39--34 Sleep Check Completed
INFO:root:2021-07-21-10--39--34 Frame manipulations completed
INFO:root:2021-07-21-10--39--34 Bounding Box Drawn
INFO:root:2021-07-21-10--39--35 MovingFrameQueue Appended
INFO:root:2021-07-21-10--39--35 anomallyFrameTracker resetted to 200
INFO:root:2021-07-21-10--39--35 Colour Conversion Completed
INFO:root:2021-07-21-10--39--35 Sleep Check Completed
INFO:root:2021-07-21-10--39--35 Frame manipulations completed
INFO:root:2021-07-21-10--39--35 Bounding Box Drawn
INFO:root:2021-07-21-10--39--35 MovingFrameQueue Appended
INFO:root:2021-07-21-10--39--35 anomallyFrameTracker resetted to 200
INFO:root:2021-07-21-10--39--35 Colour Conversion Completed
INFO:root:2021-07-21-10--39--35 Sleep Check Completed
INFO:root:2021-07-21-10--39--35 Frame manipulations completed
INFO:root:2021-07-21-10--39--35 Bounding Box Drawn
INFO:root:2021-07-21-10--39--35 MovingFrameQueue Appended
INFO:root:2021-07-21-10--39--35 anomallyFrameTracker resetted to 200
INFO:root:2021-07-21-10--39--35 Colour Conversion Completed
INFO:root:2021-07-21-10--39--35 Sleep Check Completed
INFO:root:2021-07-21-10--39--35 Frame manipulations completed
INFO:root:2021-07-21-10--39--35 Bounding Box Drawn
INFO:root:2021-07-21-10--39--35 MovingFrameQueue Appended
INFO:root:2021-07-21-10--39--35 anomallyFrameTracker resetted to 200
INFO:root:2021-07-21-10--39--35 Colour Conversion Completed
INFO:root:2021-07-21-10--39--35 Sleep Check Completed
INFO:root:2021-07-21-10--39--35 Frame manipulations completed
INFO:root:2021-07-21-10--39--35 Bounding Box Drawn
INFO:root:2021-07-21-10--39--35 MovingFrameQueue Appended
INFO:root:2021-07-21-10--39--35 anomallyFrameTracker resetted to 200
INFO:root:2021-07-21-10--39--35 Colour Conversion Completed
INFO:root:2021-07-21-10--39--35 Sleep Check Completed
INFO:root:2021-07-21-10--39--35 Frame manipulations completed
INFO:root:2021-07-21-10--39--35 Bounding Box Drawn
INFO:root:2021-07-21-10--39--36 MovingFrameQueue Appended
INFO:root:2021-07-21-10--39--36 anomallyFrameTracker resetted to 200
INFO:root:2021-07-21-10--39--36 Colour Conversion Completed
INFO:root:2021-07-21-10--39--36 Sleep Check Completed
INFO:root:2021-07-21-10--39--36 Frame manipulations completed
INFO:root:2021-07-21-10--39--36 Bounding Box Drawn
INFO:root:2021-07-21-10--39--36 MovingFrameQueue Appended
INFO:root:2021-07-21-10--39--36 anomallyFrameTracker resetted to 200
INFO:root:2021-07-21-10--39--36 Colour Conversion Completed
INFO:root:2021-07-21-10--39--36 Sleep Check Completed
INFO:root:2021-07-21-10--39--36 Frame manipulations completed
INFO:root:2021-07-21-10--39--36 Bounding Box Drawn
INFO:root:2021-07-21-10--39--36 MovingFrameQueue Appended
INFO:root:2021-07-21-10--39--36 anomallyFrameTracker resetted to 200
INFO:root:2021-07-21-10--39--36 Colour Conversion Completed
INFO:root:2021-07-21-10--39--36 Sleep Check Completed
INFO:root:2021-07-21-10--39--36 Frame manipulations completed
INFO:root:2021-07-21-10--39--36 Bounding Box Drawn
INFO:root:2021-07-21-10--39--36 MovingFrameQueue Appended
INFO:root:2021-07-21-10--39--36 anomallyFrameTracker resetted to 200
INFO:root:2021-07-21-10--39--36 Colour Conversion Completed
INFO:root:2021-07-21-10--39--36 Sleep Check Completed
INFO:root:2021-07-21-10--39--36 Frame manipulations completed
INFO:root:2021-07-21-10--39--36 Bounding Box Drawn
INFO:root:2021-07-21-10--39--36 MovingFrameQueue Appended
INFO:root:2021-07-21-10--39--36 anomallyFrameTracker resetted to 200
INFO:root:2021-07-21-10--39--36 Colour Conversion Completed
INFO:root:2021-07-21-10--39--36 Sleep Check Completed
INFO:root:2021-07-21-10--39--36 Frame manipulations completed
INFO:root:2021-07-21-10--39--36 Bounding Box Drawn
INFO:root:2021-07-21-10--39--36 MovingFrameQueue Appended
INFO:root:2021-07-21-10--39--36 anomallyFrameTracker resetted to 200
INFO:root:2021-07-21-10--39--36 Colour Conversion Completed
INFO:root:2021-07-21-10--39--36 Sleep Check Completed
INFO:root:2021-07-21-10--39--36 Frame manipulations completed
INFO:root:2021-07-21-10--39--36 Bounding Box Drawn
INFO:root:2021-07-21-10--39--36 MovingFrameQueue Appended
INFO:root:2021-07-21-10--39--36 anomallyFrameTracker resetted to 200
INFO:root:2021-07-21-10--39--36 Colour Conversion Completed
INFO:root:2021-07-21-10--39--36 Sleep Check Completed
INFO:root:2021-07-21-10--39--36 Frame manipulations completed
INFO:root:2021-07-21-10--39--36 Bounding Box Drawn
INFO:root:2021-07-21-10--39--37 MovingFrameQueue Appended
INFO:root:2021-07-21-10--39--37 anomallyFrameTracker resetted to 200
INFO:root:2021-07-21-10--39--37 Colour Conversion Completed
INFO:root:2021-07-21-10--39--37 Sleep Check Completed
INFO:root:2021-07-21-10--39--37 Frame manipulations completed
INFO:root:2021-07-21-10--39--37 Bounding Box Drawn
INFO:root:2021-07-21-10--39--37 MovingFrameQueue Appended
INFO:root:2021-07-21-10--39--37 anomallyFrameTracker resetted to 200
INFO:root:2021-07-21-10--39--37 Colour Conversion Completed
INFO:root:2021-07-21-10--39--37 Sleep Check Completed
INFO:root:2021-07-21-10--39--37 Frame manipulations completed
INFO:root:2021-07-21-10--39--37 Bounding Box Drawn
INFO:root:2021-07-21-10--39--37 MovingFrameQueue Appended
INFO:root:2021-07-21-10--39--37 anomallyFrameTracker resetted to 200
INFO:root:2021-07-21-10--39--37 Colour Conversion Completed
INFO:root:2021-07-21-10--39--37 Sleep Check Completed
INFO:root:2021-07-21-10--39--37 Frame manipulations completed
INFO:root:2021-07-21-10--39--37 Bounding Box Drawn
INFO:root:2021-07-21-10--39--37 MovingFrameQueue Appended
INFO:root:2021-07-21-10--39--37 anomallyFrameTracker resetted to 200
INFO:root:2021-07-21-10--39--37 Colour Conversion Completed
INFO:root:2021-07-21-10--39--37 Sleep Check Completed
INFO:root:2021-07-21-10--39--37 Frame manipulations completed
INFO:root:2021-07-21-10--39--37 Bounding Box Drawn
INFO:root:2021-07-21-10--39--37 MovingFrameQueue Appended
INFO:root:2021-07-21-10--39--37 anomallyFrameTracker resetted to 200
INFO:root:2021-07-21-10--39--37 Colour Conversion Completed
INFO:root:2021-07-21-10--39--37 Sleep Check Completed
INFO:root:2021-07-21-10--39--37 Frame manipulations completed
INFO:root:2021-07-21-10--39--37 Bounding Box Drawn
INFO:root:2021-07-21-10--39--37 MovingFrameQueue Appended
INFO:root:2021-07-21-10--39--37 anomallyFrameTracker resetted to 200
INFO:root:2021-07-21-10--39--37 Colour Conversion Completed
INFO:root:2021-07-21-10--39--37 Sleep Check Completed
INFO:root:2021-07-21-10--39--37 Frame manipulations completed
INFO:root:2021-07-21-10--39--37 Bounding Box Drawn
INFO:root:2021-07-21-10--39--38 MovingFrameQueue Appended
INFO:root:2021-07-21-10--39--38 anomallyFrameTracker resetted to 200
INFO:root:2021-07-21-10--39--38 Colour Conversion Completed
INFO:root:2021-07-21-10--39--38 Sleep Check Completed
INFO:root:2021-07-21-10--39--38 Frame manipulations completed
INFO:root:2021-07-21-10--39--38 Bounding Box Drawn
INFO:root:2021-07-21-10--39--38 MovingFrameQueue Appended
INFO:root:2021-07-21-10--39--38 anomallyFrameTracker resetted to 200
INFO:root:2021-07-21-10--39--38 Colour Conversion Completed
INFO:root:2021-07-21-10--39--38 Sleep Check Completed
INFO:root:2021-07-21-10--39--38 Frame manipulations completed
INFO:root:2021-07-21-10--39--38 Bounding Box Drawn
INFO:root:2021-07-21-10--39--38 MovingFrameQueue Appended
INFO:root:2021-07-21-10--39--38 anomallyFrameTracker resetted to 200
INFO:root:2021-07-21-10--39--38 Colour Conversion Completed
INFO:root:2021-07-21-10--39--38 Sleep Check Completed
INFO:root:2021-07-21-10--39--38 Frame manipulations completed
INFO:root:2021-07-21-10--39--38 Bounding Box Drawn
INFO:root:2021-07-21-10--39--38 MovingFrameQueue Appended
INFO:root:2021-07-21-10--39--38 anomallyFrameTracker resetted to 200
INFO:root:2021-07-21-10--39--38 Colour Conversion Completed
INFO:root:2021-07-21-10--39--38 Sleep Check Completed
INFO:root:2021-07-21-10--39--38 Frame manipulations completed
INFO:root:2021-07-21-10--39--38 Bounding Box Drawn
INFO:root:2021-07-21-10--39--38 MovingFrameQueue Appended
INFO:root:2021-07-21-10--39--38 anomallyFrameTracker resetted to 200
INFO:root:2021-07-21-10--39--38 Colour Conversion Completed
INFO:root:2021-07-21-10--39--38 Sleep Check Completed
INFO:root:2021-07-21-10--39--38 Frame manipulations completed
INFO:root:2021-07-21-10--39--38 Bounding Box Drawn
INFO:root:2021-07-21-10--39--38 MovingFrameQueue Appended
INFO:root:2021-07-21-10--39--38 anomallyFrameTracker resetted to 200
INFO:root:2021-07-21-10--39--38 Colour Conversion Completed
INFO:root:2021-07-21-10--39--38 Sleep Check Completed
INFO:root:2021-07-21-10--39--38 Frame manipulations completed
INFO:root:2021-07-21-10--39--38 Bounding Box Drawn
INFO:root:2021-07-21-10--39--38 MovingFrameQueue Appended
INFO:root:2021-07-21-10--39--38 anomallyFrameTracker resetted to 200
INFO:root:2021-07-21-10--39--38 Colour Conversion Completed
INFO:root:2021-07-21-10--39--38 Sleep Check Completed
INFO:root:2021-07-21-10--39--38 Frame manipulations completed
INFO:root:2021-07-21-10--39--38 Bounding Box Drawn
INFO:root:2021-07-21-10--39--39 MovingFrameQueue Popped
INFO:root:2021-07-21-10--39--39 anomallyFrameTracker resetted to 200
INFO:root:2021-07-21-10--39--39 Colour Conversion Completed
INFO:root:2021-07-21-10--39--39 Sleep Check Completed
INFO:root:2021-07-21-10--39--39 Frame manipulations completed
INFO:root:2021-07-21-10--39--39 Bounding Box Drawn
INFO:root:2021-07-21-10--39--39 MovingFrameQueue Appended
INFO:root:2021-07-21-10--39--39 anomallyFrameTracker resetted to 200
INFO:root:2021-07-21-10--39--39 Colour Conversion Completed
INFO:root:2021-07-21-10--39--39 Sleep Check Completed
INFO:root:2021-07-21-10--39--39 Frame manipulations completed
INFO:root:2021-07-21-10--39--39 Bounding Box Drawn
INFO:root:2021-07-21-10--39--39 MovingFrameQueue Popped
INFO:root:2021-07-21-10--39--39 anomallyFrameTracker resetted to 200
INFO:root:2021-07-21-10--39--39 Colour Conversion Completed
INFO:root:2021-07-21-10--39--39 Sleep Check Completed
INFO:root:2021-07-21-10--39--39 Frame manipulations completed
INFO:root:2021-07-21-10--39--39 Bounding Box Drawn
INFO:root:2021-07-21-10--39--39 MovingFrameQueue Appended
INFO:root:2021-07-21-10--39--39 anomallyFrameTracker resetted to 200
INFO:root:2021-07-21-10--39--39 Colour Conversion Completed
INFO:root:2021-07-21-10--39--39 Sleep Check Completed
INFO:root:2021-07-21-10--39--39 Frame manipulations completed
INFO:root:2021-07-21-10--39--39 Bounding Box Drawn
INFO:root:2021-07-21-10--39--39 MovingFrameQueue Popped
INFO:root:2021-07-21-10--39--39 anomallyFrameTracker resetted to 200
INFO:root:2021-07-21-10--39--39 Colour Conversion Completed
INFO:root:2021-07-21-10--39--39 Sleep Check Completed
INFO:root:2021-07-21-10--39--39 Frame manipulations completed
INFO:root:2021-07-21-10--39--39 Bounding Box Drawn
INFO:root:2021-07-21-10--39--39 MovingFrameQueue Appended
INFO:root:2021-07-21-10--39--39 anomallyFrameTracker resetted to 200
INFO:root:2021-07-21-10--39--39 Colour Conversion Completed
INFO:root:2021-07-21-10--39--39 Sleep Check Completed
INFO:root:2021-07-21-10--39--39 Frame manipulations completed
INFO:root:2021-07-21-10--39--39 Bounding Box Drawn
INFO:root:2021-07-21-10--39--40 MovingFrameQueue Popped
INFO:root:2021-07-21-10--39--40 anomallyFrameTracker resetted to 200
INFO:root:2021-07-21-10--39--40 Colour Conversion Completed
INFO:root:2021-07-21-10--39--40 Sleep Check Completed
INFO:root:2021-07-21-10--39--40 Frame manipulations completed
INFO:root:2021-07-21-10--39--40 Bounding Box Drawn
INFO:root:2021-07-21-10--39--40 MovingFrameQueue Appended
INFO:root:2021-07-21-10--39--40 anomallyFrameTracker resetted to 200
INFO:root:2021-07-21-10--39--40 Colour Conversion Completed
INFO:root:2021-07-21-10--39--40 Sleep Check Completed
INFO:root:2021-07-21-10--39--40 Frame manipulations completed
INFO:root:2021-07-21-10--39--40 Bounding Box Drawn
INFO:root:2021-07-21-10--39--40 MovingFrameQueue Popped
INFO:root:2021-07-21-10--39--40 anomallyFrameTracker resetted to 200
INFO:root:2021-07-21-10--39--40 Colour Conversion Completed
INFO:root:2021-07-21-10--39--40 Sleep Check Completed
INFO:root:2021-07-21-10--39--40 Frame manipulations completed
INFO:root:2021-07-21-10--39--40 Bounding Box Drawn
INFO:root:2021-07-21-10--39--40 MovingFrameQueue Appended
INFO:root:2021-07-21-10--39--40 anomallyFrameTracker resetted to 200
INFO:root:2021-07-21-10--39--40 Colour Conversion Completed
INFO:root:2021-07-21-10--39--40 Sleep Check Completed
INFO:root:2021-07-21-10--39--40 Frame manipulations completed
INFO:root:2021-07-21-10--39--40 Bounding Box Drawn
INFO:root:2021-07-21-10--39--40 MovingFrameQueue Popped
INFO:root:2021-07-21-10--39--40 anomallyFrameTracker resetted to 200
INFO:root:2021-07-21-10--39--40 Colour Conversion Completed
INFO:root:2021-07-21-10--39--40 Sleep Check Completed
INFO:root:2021-07-21-10--39--40 Frame manipulations completed
INFO:root:2021-07-21-10--39--40 Bounding Box Drawn
INFO:root:2021-07-21-10--39--40 MovingFrameQueue Appended
INFO:root:2021-07-21-10--39--40 anomallyFrameTracker resetted to 200
INFO:root:2021-07-21-10--39--40 Colour Conversion Completed
INFO:root:2021-07-21-10--39--40 Sleep Check Completed
INFO:root:2021-07-21-10--39--40 Frame manipulations completed
INFO:root:2021-07-21-10--39--40 Bounding Box Drawn
INFO:root:2021-07-21-10--39--41 MovingFrameQueue Popped
INFO:root:2021-07-21-10--39--41 anomallyFrameTracker resetted to 200
INFO:root:2021-07-21-10--39--41 Colour Conversion Completed
INFO:root:2021-07-21-10--39--41 Sleep Check Completed
INFO:root:2021-07-21-10--39--41 Frame manipulations completed
INFO:root:2021-07-21-10--39--41 Bounding Box Drawn
INFO:root:2021-07-21-10--39--41 MovingFrameQueue Appended
INFO:root:2021-07-21-10--39--41 anomallyFrameTracker resetted to 200
INFO:root:2021-07-21-10--39--41 Colour Conversion Completed
INFO:root:2021-07-21-10--39--41 Sleep Check Completed
INFO:root:2021-07-21-10--39--41 Frame manipulations completed
INFO:root:2021-07-21-10--39--41 Bounding Box Drawn
INFO:root:2021-07-21-10--39--41 MovingFrameQueue Popped
INFO:root:2021-07-21-10--39--41 anomallyFrameTracker resetted to 200
INFO:root:2021-07-21-10--39--41 Colour Conversion Completed
INFO:root:2021-07-21-10--39--41 Sleep Check Completed
INFO:root:2021-07-21-10--39--41 Frame manipulations completed
INFO:root:2021-07-21-10--39--41 Bounding Box Drawn
INFO:root:2021-07-21-10--39--41 MovingFrameQueue Appended
INFO:root:2021-07-21-10--39--41 anomallyFrameTracker resetted to 200
INFO:root:2021-07-21-10--39--41 Colour Conversion Completed
INFO:root:2021-07-21-10--39--41 Sleep Check Completed
INFO:root:2021-07-21-10--39--41 Frame manipulations completed
INFO:root:2021-07-21-10--39--41 Bounding Box Drawn
INFO:root:2021-07-21-10--39--41 MovingFrameQueue Popped
INFO:root:2021-07-21-10--39--41 anomallyFrameTracker resetted to 200
INFO:root:2021-07-21-10--39--41 Colour Conversion Completed
INFO:root:2021-07-21-10--39--41 Sleep Check Completed
INFO:root:2021-07-21-10--39--41 Frame manipulations completed
INFO:root:2021-07-21-10--39--41 Bounding Box Drawn
INFO:root:2021-07-21-10--39--41 MovingFrameQueue Appended
INFO:root:2021-07-21-10--39--41 anomallyFrameTracker resetted to 200
INFO:root:2021-07-21-10--39--41 Colour Conversion Completed
INFO:root:2021-07-21-10--39--41 Sleep Check Completed
INFO:root:2021-07-21-10--39--41 Frame manipulations completed
INFO:root:2021-07-21-10--39--41 Bounding Box Drawn
INFO:root:2021-07-21-10--39--41 MovingFrameQueue Popped
INFO:root:2021-07-21-10--39--41 anomallyFrameTracker resetted to 200
INFO:root:2021-07-21-10--39--41 Colour Conversion Completed
INFO:root:2021-07-21-10--39--41 Sleep Check Completed
INFO:root:2021-07-21-10--39--41 Frame manipulations completed
INFO:root:2021-07-21-10--39--41 Bounding Box Drawn
INFO:root:2021-07-21-10--39--42 MovingFrameQueue Appended
INFO:root:2021-07-21-10--39--42 anomallyFrameTracker resetted to 200
INFO:root:2021-07-21-10--39--42 Colour Conversion Completed
INFO:root:2021-07-21-10--39--42 Sleep Check Completed
INFO:root:2021-07-21-10--39--42 Frame manipulations completed
INFO:root:2021-07-21-10--39--42 Bounding Box Drawn
INFO:root:2021-07-21-10--39--42 MovingFrameQueue Popped
INFO:root:2021-07-21-10--39--42 anomallyFrameTracker resetted to 200
INFO:root:2021-07-21-10--39--42 Colour Conversion Completed
INFO:root:2021-07-21-10--39--42 Sleep Check Completed
INFO:root:2021-07-21-10--39--42 Frame manipulations completed
INFO:root:2021-07-21-10--39--42 Bounding Box Drawn
INFO:root:2021-07-21-10--39--42 MovingFrameQueue Appended
INFO:root:2021-07-21-10--39--42 anomallyFrameTracker resetted to 200
INFO:root:2021-07-21-10--39--42 Colour Conversion Completed
INFO:root:2021-07-21-10--39--42 Sleep Check Completed
INFO:root:2021-07-21-10--39--42 Frame manipulations completed
INFO:root:2021-07-21-10--39--42 Bounding Box Drawn
INFO:root:2021-07-21-10--39--42 MovingFrameQueue Popped
INFO:root:2021-07-21-10--39--42 anomallyFrameTracker resetted to 200
INFO:root:2021-07-21-10--39--42 Colour Conversion Completed
INFO:root:2021-07-21-10--39--42 Sleep Check Completed
INFO:root:2021-07-21-10--39--42 Frame manipulations completed
INFO:root:2021-07-21-10--39--42 Bounding Box Drawn
INFO:root:2021-07-21-10--39--42 MovingFrameQueue Appended
INFO:root:2021-07-21-10--39--42 anomallyFrameTracker resetted to 200
INFO:root:2021-07-21-10--39--42 Colour Conversion Completed
INFO:root:2021-07-21-10--39--42 Sleep Check Completed
INFO:root:2021-07-21-10--39--42 Frame manipulations completed
INFO:root:2021-07-21-10--39--42 Bounding Box Drawn
INFO:root:2021-07-21-10--39--42 MovingFrameQueue Popped
INFO:root:2021-07-21-10--39--42 anomallyFrameTracker resetted to 200
INFO:root:2021-07-21-10--39--42 Colour Conversion Completed
INFO:root:2021-07-21-10--39--42 Sleep Check Completed
INFO:root:2021-07-21-10--39--42 Frame manipulations completed
INFO:root:2021-07-21-10--39--42 Bounding Box Drawn
INFO:root:2021-07-21-10--39--43 MovingFrameQueue Appended
INFO:root:2021-07-21-10--39--43 anomallyFrameTracker resetted to 200
INFO:root:2021-07-21-10--39--43 Colour Conversion Completed
INFO:root:2021-07-21-10--39--43 Sleep Check Completed
INFO:root:2021-07-21-10--39--43 Frame manipulations completed
INFO:root:2021-07-21-10--39--43 Bounding Box Drawn
INFO:root:2021-07-21-10--39--43 MovingFrameQueue Popped
INFO:root:2021-07-21-10--39--43 anomallyFrameTracker resetted to 200
INFO:root:2021-07-21-10--39--43 Colour Conversion Completed
INFO:root:2021-07-21-10--39--43 Sleep Check Completed
INFO:root:2021-07-21-10--39--43 Frame manipulations completed
INFO:root:2021-07-21-10--39--43 Bounding Box Drawn
INFO:root:2021-07-21-10--39--43 MovingFrameQueue Appended
INFO:root:2021-07-21-10--39--43 anomallyFrameTracker resetted to 200
INFO:root:2021-07-21-10--39--43 Colour Conversion Completed
INFO:root:2021-07-21-10--39--43 Sleep Check Completed
INFO:root:2021-07-21-10--39--43 Frame manipulations completed
INFO:root:2021-07-21-10--39--43 Bounding Box Drawn
INFO:root:2021-07-21-10--39--43 MovingFrameQueue Popped
INFO:root:2021-07-21-10--39--43 anomallyFrameTracker resetted to 200
INFO:root:2021-07-21-10--39--43 Colour Conversion Completed
INFO:root:2021-07-21-10--39--43 Sleep Check Completed
INFO:root:2021-07-21-10--39--43 Frame manipulations completed
INFO:root:2021-07-21-10--39--43 Bounding Box Drawn
INFO:root:2021-07-21-10--39--43 MovingFrameQueue Appended
INFO:root:2021-07-21-10--39--43 anomallyFrameTracker resetted to 200
INFO:root:2021-07-21-10--39--43 Colour Conversion Completed
INFO:root:2021-07-21-10--39--43 Sleep Check Completed
INFO:root:2021-07-21-10--39--43 Frame manipulations completed
INFO:root:2021-07-21-10--39--43 Bounding Box Drawn
INFO:root:2021-07-21-10--39--43 MovingFrameQueue Popped
INFO:root:2021-07-21-10--39--43 anomallyFrameTracker resetted to 200
INFO:root:2021-07-21-10--39--43 Colour Conversion Completed
INFO:root:2021-07-21-10--39--43 Sleep Check Completed
INFO:root:2021-07-21-10--39--43 Frame manipulations completed
INFO:root:2021-07-21-10--39--43 Bounding Box Drawn
INFO:root:2021-07-21-10--39--43 MovingFrameQueue Appended
INFO:root:2021-07-21-10--39--43 anomallyFrameTracker resetted to 200
INFO:root:2021-07-21-10--39--43 Colour Conversion Completed
INFO:root:2021-07-21-10--39--43 Sleep Check Completed
INFO:root:2021-07-21-10--39--43 Frame manipulations completed
INFO:root:2021-07-21-10--39--43 Bounding Box Drawn
INFO:root:2021-07-21-10--39--44 MovingFrameQueue Popped
INFO:root:2021-07-21-10--39--44 anomallyFrameTracker resetted to 200
INFO:root:2021-07-21-10--39--44 Colour Conversion Completed
INFO:root:2021-07-21-10--39--44 Sleep Check Completed
INFO:root:2021-07-21-10--39--44 Frame manipulations completed
INFO:root:2021-07-21-10--39--44 Bounding Box Drawn
INFO:root:2021-07-21-10--39--44 MovingFrameQueue Appended
INFO:root:2021-07-21-10--39--44 anomallyFrameTracker resetted to 200
INFO:root:2021-07-21-10--39--44 Colour Conversion Completed
INFO:root:2021-07-21-10--39--44 Sleep Check Completed
INFO:root:2021-07-21-10--39--44 Frame manipulations completed
INFO:root:2021-07-21-10--39--44 Bounding Box Drawn
INFO:root:2021-07-21-10--39--44 MovingFrameQueue Popped
INFO:root:2021-07-21-10--39--44 anomallyFrameTracker resetted to 200
INFO:root:2021-07-21-10--39--44 Colour Conversion Completed
INFO:root:2021-07-21-10--39--44 Sleep Check Completed
INFO:root:2021-07-21-10--39--44 Frame manipulations completed
INFO:root:2021-07-21-10--39--44 Bounding Box Drawn
INFO:root:2021-07-21-10--39--44 MovingFrameQueue Appended
INFO:root:2021-07-21-10--39--44 anomallyFrameTracker resetted to 200
INFO:root:2021-07-21-10--39--44 Colour Conversion Completed
INFO:root:2021-07-21-10--39--44 Sleep Check Completed
INFO:root:2021-07-21-10--39--44 Frame manipulations completed
INFO:root:2021-07-21-10--39--44 Bounding Box Drawn
INFO:root:2021-07-21-10--39--44 MovingFrameQueue Popped
INFO:root:2021-07-21-10--39--44 anomallyFrameTracker resetted to 200
INFO:root:2021-07-21-10--39--44 Colour Conversion Completed
INFO:root:2021-07-21-10--39--44 Sleep Check Completed
INFO:root:2021-07-21-10--39--44 Frame manipulations completed
INFO:root:2021-07-21-10--39--44 Bounding Box Drawn
INFO:root:2021-07-21-10--39--44 MovingFrameQueue Appended
INFO:root:2021-07-21-10--39--44 anomallyFrameTracker resetted to 200
INFO:root:2021-07-21-10--39--44 Colour Conversion Completed
INFO:root:2021-07-21-10--39--44 Sleep Check Completed
INFO:root:2021-07-21-10--39--44 Frame manipulations completed
INFO:root:2021-07-21-10--39--44 Bounding Box Drawn
INFO:root:2021-07-21-10--39--44 MovingFrameQueue Popped
INFO:root:2021-07-21-10--39--44 anomallyFrameTracker resetted to 200
INFO:root:2021-07-21-10--39--44 Colour Conversion Completed
INFO:root:2021-07-21-10--39--44 Sleep Check Completed
INFO:root:2021-07-21-10--39--44 Frame manipulations completed
INFO:root:2021-07-21-10--39--44 Bounding Box Drawn
INFO:root:2021-07-21-10--39--45 MovingFrameQueue Appended
INFO:root:2021-07-21-10--39--45 anomallyFrameTracker resetted to 200
INFO:root:2021-07-21-10--39--45 Colour Conversion Completed
INFO:root:2021-07-21-10--39--45 Sleep Check Completed
INFO:root:2021-07-21-10--39--45 Frame manipulations completed
INFO:root:2021-07-21-10--39--45 Bounding Box Drawn
INFO:root:2021-07-21-10--39--45 MovingFrameQueue Popped
INFO:root:2021-07-21-10--39--45 anomallyFrameTracker resetted to 200
INFO:root:2021-07-21-10--39--45 Colour Conversion Completed
INFO:root:2021-07-21-10--39--45 Sleep Check Completed
INFO:root:2021-07-21-10--39--45 Frame manipulations completed
INFO:root:2021-07-21-10--39--45 Bounding Box Drawn
INFO:root:2021-07-21-10--39--45 MovingFrameQueue Appended
INFO:root:2021-07-21-10--39--45 anomallyFrameTracker resetted to 200
INFO:root:2021-07-21-10--39--45 Colour Conversion Completed
INFO:root:2021-07-21-10--39--45 Sleep Check Completed
INFO:root:2021-07-21-10--39--45 Frame manipulations completed
INFO:root:2021-07-21-10--39--45 Bounding Box Drawn
INFO:root:2021-07-21-10--39--45 MovingFrameQueue Popped
INFO:root:2021-07-21-10--39--45 anomallyFrameTracker resetted to 200
INFO:root:2021-07-21-10--39--45 Colour Conversion Completed
INFO:root:2021-07-21-10--39--45 Sleep Check Completed
INFO:root:2021-07-21-10--39--45 Frame manipulations completed
INFO:root:2021-07-21-10--39--45 Bounding Box Drawn
INFO:root:2021-07-21-10--39--45 MovingFrameQueue Appended
INFO:root:2021-07-21-10--39--45 anomallyFrameTracker resetted to 200
INFO:root:2021-07-21-10--39--45 Colour Conversion Completed
INFO:root:2021-07-21-10--39--45 Sleep Check Completed
INFO:root:2021-07-21-10--39--45 Frame manipulations completed
INFO:root:2021-07-21-10--39--45 Bounding Box Drawn
INFO:root:2021-07-21-10--39--45 MovingFrameQueue Popped
INFO:root:2021-07-21-10--39--45 anomallyFrameTracker resetted to 200
INFO:root:2021-07-21-10--39--46 Colour Conversion Completed
INFO:root:2021-07-21-10--39--46 Sleep Check Completed
INFO:root:2021-07-21-10--39--46 Frame manipulations completed
INFO:root:2021-07-21-10--39--46 Bounding Box Drawn
INFO:root:2021-07-21-10--39--46 MovingFrameQueue Appended
INFO:root:2021-07-21-10--39--46 anomallyFrameTracker resetted to 200
INFO:root:2021-07-21-10--39--46 Colour Conversion Completed
INFO:root:2021-07-21-10--39--46 Sleep Check Completed
INFO:root:2021-07-21-10--39--46 Frame manipulations completed
INFO:root:2021-07-21-10--39--46 Bounding Box Drawn
INFO:root:2021-07-21-10--39--46 MovingFrameQueue Popped
INFO:root:2021-07-21-10--39--46 anomallyFrameTracker resetted to 200
INFO:root:2021-07-21-10--39--46 Colour Conversion Completed
INFO:root:2021-07-21-10--39--46 Sleep Check Completed
INFO:root:2021-07-21-10--39--46 Frame manipulations completed
INFO:root:2021-07-21-10--39--46 Bounding Box Drawn
INFO:root:2021-07-21-10--39--46 MovingFrameQueue Appended
INFO:root:2021-07-21-10--39--46 anomallyFrameTracker resetted to 200
INFO:root:2021-07-21-10--39--46 Colour Conversion Completed
INFO:root:2021-07-21-10--39--46 Sleep Check Completed
INFO:root:2021-07-21-10--39--46 Frame manipulations completed
INFO:root:2021-07-21-10--39--46 Bounding Box Drawn
INFO:root:2021-07-21-10--39--46 MovingFrameQueue Popped
INFO:root:2021-07-21-10--39--46 anomallyFrameTracker resetted to 200
INFO:root:2021-07-21-10--39--46 Colour Conversion Completed
INFO:root:2021-07-21-10--39--46 Sleep Check Completed
INFO:root:2021-07-21-10--39--46 Frame manipulations completed
INFO:root:2021-07-21-10--39--46 Bounding Box Drawn
INFO:root:2021-07-21-10--39--46 MovingFrameQueue Appended
INFO:root:2021-07-21-10--39--46 anomallyFrameTracker resetted to 200
INFO:root:2021-07-21-10--39--46 Colour Conversion Completed
INFO:root:2021-07-21-10--39--46 Sleep Check Completed
INFO:root:2021-07-21-10--39--46 Frame manipulations completed
INFO:root:2021-07-21-10--39--46 Bounding Box Drawn
INFO:root:2021-07-21-10--39--47 MovingFrameQueue Popped
INFO:root:2021-07-21-10--39--47 anomallyFrameTracker resetted to 200
INFO:root:2021-07-21-10--39--47 Colour Conversion Completed
INFO:root:2021-07-21-10--39--47 Sleep Check Completed
INFO:root:2021-07-21-10--39--47 Frame manipulations completed
INFO:root:2021-07-21-10--39--47 Bounding Box Drawn
INFO:root:2021-07-21-10--39--47 MovingFrameQueue Appended
INFO:root:2021-07-21-10--39--47 anomallyFrameTracker resetted to 200
INFO:root:2021-07-21-10--39--47 Colour Conversion Completed
INFO:root:2021-07-21-10--39--47 Sleep Check Completed
INFO:root:2021-07-21-10--39--47 Frame manipulations completed
INFO:root:2021-07-21-10--39--47 Bounding Box Drawn
INFO:root:2021-07-21-10--39--47 MovingFrameQueue Popped
INFO:root:2021-07-21-10--39--47 anomallyFrameTracker resetted to 200
INFO:root:2021-07-21-10--39--47 Colour Conversion Completed
INFO:root:2021-07-21-10--39--47 Sleep Check Completed
INFO:root:2021-07-21-10--39--47 Frame manipulations completed
INFO:root:2021-07-21-10--39--47 Bounding Box Drawn
INFO:root:2021-07-21-10--39--47 MovingFrameQueue Appended
INFO:root:2021-07-21-10--39--47 anomallyFrameTracker resetted to 200
INFO:root:2021-07-21-10--39--47 Colour Conversion Completed
INFO:root:2021-07-21-10--39--47 Sleep Check Completed
INFO:root:2021-07-21-10--39--47 Frame manipulations completed
INFO:root:2021-07-21-10--39--47 Bounding Box Drawn
INFO:root:2021-07-21-10--39--47 MovingFrameQueue Popped
INFO:root:2021-07-21-10--39--47 anomallyFrameTracker resetted to 200
INFO:root:2021-07-21-10--39--47 Colour Conversion Completed
INFO:root:2021-07-21-10--39--48 Sleep Check Completed
INFO:root:2021-07-21-10--39--48 Frame manipulations completed
INFO:root:2021-07-21-10--39--48 Bounding Box Drawn
INFO:root:2021-07-21-10--39--48 MovingFrameQueue Appended
INFO:root:2021-07-21-10--39--48 anomallyFrameTracker resetted to 200
INFO:root:2021-07-21-10--39--48 Colour Conversion Completed
INFO:root:2021-07-21-10--39--48 Sleep Check Completed
INFO:root:2021-07-21-10--39--48 Frame manipulations completed
INFO:root:2021-07-21-10--39--48 Bounding Box Drawn
INFO:root:2021-07-21-10--39--48 MovingFrameQueue Popped
INFO:root:2021-07-21-10--39--48 anomallyFrameTracker resetted to 200
INFO:root:2021-07-21-10--39--48 Colour Conversion Completed
INFO:root:2021-07-21-10--39--48 Sleep Check Completed
INFO:root:2021-07-21-10--39--48 Frame manipulations completed
INFO:root:2021-07-21-10--39--48 Bounding Box Drawn
INFO:root:2021-07-21-10--39--48 MovingFrameQueue Appended
INFO:root:2021-07-21-10--39--48 anomallyFrameTracker resetted to 200
INFO:root:2021-07-21-10--39--48 Colour Conversion Completed
INFO:root:2021-07-21-10--39--48 Sleep Check Completed
INFO:root:2021-07-21-10--39--48 Frame manipulations completed
INFO:root:2021-07-21-10--39--48 Bounding Box Drawn
INFO:root:2021-07-21-10--39--48 MovingFrameQueue Popped
INFO:root:2021-07-21-10--39--48 anomallyFrameTracker resetted to 200
INFO:root:2021-07-21-10--39--48 Colour Conversion Completed
INFO:root:2021-07-21-10--39--48 Sleep Check Completed
INFO:root:2021-07-21-10--39--48 Frame manipulations completed
INFO:root:2021-07-21-10--39--48 Bounding Box Drawn
INFO:root:2021-07-21-10--39--48 MovingFrameQueue Appended
INFO:root:2021-07-21-10--39--48 anomallyFrameTracker resetted to 200
INFO:root:2021-07-21-10--39--48 Colour Conversion Completed
INFO:root:2021-07-21-10--39--49 Sleep Check Completed
INFO:root:2021-07-21-10--39--49 Frame manipulations completed
INFO:root:2021-07-21-10--39--49 Bounding Box Drawn
INFO:root:2021-07-21-10--39--49 MovingFrameQueue Popped
INFO:root:2021-07-21-10--39--49 anomallyFrameTracker resetted to 200
INFO:root:2021-07-21-10--39--49 Colour Conversion Completed
INFO:root:2021-07-21-10--39--49 Sleep Check Completed
INFO:root:2021-07-21-10--39--49 Frame manipulations completed
INFO:root:2021-07-21-10--39--49 Bounding Box Drawn
INFO:root:2021-07-21-10--39--49 MovingFrameQueue Appended
INFO:root:2021-07-21-10--39--49 anomallyFrameTracker resetted to 200
INFO:root:2021-07-21-10--39--49 Colour Conversion Completed
INFO:root:2021-07-21-10--39--49 Sleep Check Completed
INFO:root:2021-07-21-10--39--49 Frame manipulations completed
INFO:root:2021-07-21-10--39--49 Bounding Box Drawn
INFO:root:2021-07-21-10--39--49 MovingFrameQueue Popped
INFO:root:2021-07-21-10--39--49 anomallyFrameTracker resetted to 200
INFO:root:2021-07-21-10--39--49 Colour Conversion Completed
INFO:root:2021-07-21-10--39--49 Sleep Check Completed
INFO:root:2021-07-21-10--39--49 Frame manipulations completed
INFO:root:2021-07-21-10--39--49 Bounding Box Drawn
INFO:root:2021-07-21-10--39--49 MovingFrameQueue Appended
INFO:root:2021-07-21-10--39--49 anomallyFrameTracker resetted to 200
INFO:root:2021-07-21-10--39--49 Colour Conversion Completed
INFO:root:2021-07-21-10--39--49 Sleep Check Completed
INFO:root:2021-07-21-10--39--49 Frame manipulations completed
INFO:root:2021-07-21-10--39--49 Bounding Box Drawn
INFO:root:2021-07-21-10--39--49 MovingFrameQueue Popped
INFO:root:2021-07-21-10--39--49 anomallyFrameTracker resetted to 200
INFO:root:2021-07-21-10--39--49 Colour Conversion Completed
INFO:root:2021-07-21-10--39--50 Sleep Check Completed
INFO:root:2021-07-21-10--39--50 Frame manipulations completed
INFO:root:2021-07-21-10--39--50 Bounding Box Drawn
INFO:root:2021-07-21-10--39--50 MovingFrameQueue Appended
INFO:root:2021-07-21-10--39--50 anomallyFrameTracker resetted to 200
INFO:root:2021-07-21-10--39--50 Colour Conversion Completed
INFO:root:2021-07-21-10--39--50 Sleep Check Completed
INFO:root:2021-07-21-10--39--50 Frame manipulations completed
INFO:root:2021-07-21-10--39--50 Bounding Box Drawn
INFO:root:2021-07-21-10--39--50 MovingFrameQueue Popped
INFO:root:2021-07-21-10--39--50 anomallyFrameTracker resetted to 200
INFO:root:2021-07-21-10--39--50 Colour Conversion Completed
INFO:root:2021-07-21-10--39--50 Sleep Check Completed
INFO:root:2021-07-21-10--39--50 Frame manipulations completed
INFO:root:2021-07-21-10--39--50 Bounding Box Drawn
INFO:root:2021-07-21-10--39--50 MovingFrameQueue Appended
INFO:root:2021-07-21-10--39--50 anomallyFrameTracker resetted to 200
INFO:root:2021-07-21-10--39--50 Colour Conversion Completed
INFO:root:2021-07-21-10--39--50 Sleep Check Completed
INFO:root:2021-07-21-10--39--50 Frame manipulations completed
INFO:root:2021-07-21-10--39--50 Bounding Box Drawn
INFO:root:2021-07-21-10--39--50 MovingFrameQueue Popped
INFO:root:2021-07-21-10--39--50 anomallyFrameTracker resetted to 200
INFO:root:2021-07-21-10--39--50 Colour Conversion Completed
INFO:root:2021-07-21-10--39--50 Sleep Check Completed
INFO:root:2021-07-21-10--39--50 Frame manipulations completed
INFO:root:2021-07-21-10--39--50 Bounding Box Drawn
INFO:root:2021-07-21-10--39--50 MovingFrameQueue Appended
INFO:root:2021-07-21-10--39--50 anomallyFrameTracker resetted to 200
INFO:root:2021-07-21-10--39--50 Colour Conversion Completed
INFO:root:2021-07-21-10--39--50 Sleep Check Completed
INFO:root:2021-07-21-10--39--50 Frame manipulations completed
INFO:root:2021-07-21-10--39--50 Bounding Box Drawn
INFO:root:2021-07-21-10--39--51 MovingFrameQueue Popped
INFO:root:2021-07-21-10--39--51 anomallyFrameTracker resetted to 200
INFO:root:2021-07-21-10--39--51 Colour Conversion Completed
INFO:root:2021-07-21-10--39--51 Sleep Check Completed
INFO:root:2021-07-21-10--39--51 Frame manipulations completed
INFO:root:2021-07-21-10--39--51 Bounding Box Drawn
INFO:root:2021-07-21-10--39--51 MovingFrameQueue Appended
INFO:root:2021-07-21-10--39--51 anomallyFrameTracker resetted to 200
INFO:root:2021-07-21-10--39--51 Colour Conversion Completed
INFO:root:2021-07-21-10--39--51 Sleep Check Completed
INFO:root:2021-07-21-10--39--51 Frame manipulations completed
INFO:root:2021-07-21-10--39--51 Bounding Box Drawn
INFO:root:2021-07-21-10--39--51 MovingFrameQueue Popped
INFO:root:2021-07-21-10--39--51 anomallyFrameTracker resetted to 200
INFO:root:2021-07-21-10--39--51 Colour Conversion Completed
INFO:root:2021-07-21-10--39--51 Sleep Check Completed
INFO:root:2021-07-21-10--39--51 Frame manipulations completed
INFO:root:2021-07-21-10--39--51 Bounding Box Drawn
INFO:root:2021-07-21-10--39--51 MovingFrameQueue Appended
INFO:root:2021-07-21-10--39--51 Anomally Detected, starting call for more frames
INFO:root:2021-07-21-10--39--51 anomallyFrameTracker resetted to 200
INFO:root:2021-07-21-10--39--51 Colour Conversion Completed
INFO:root:2021-07-21-10--39--51 Sleep Check Completed
INFO:root:2021-07-21-10--39--51 Frame manipulations completed
INFO:root:2021-07-21-10--39--51 Bounding Box Drawn
INFO:root:2021-07-21-10--39--51 MovingFrameQueue Popped
INFO:root:2021-07-21-10--39--51 anomallyFrameTracker resetted to 200
INFO:root:2021-07-21-10--39--51 Colour Conversion Completed
INFO:root:2021-07-21-10--39--51 Sleep Check Completed
INFO:root:2021-07-21-10--39--51 Frame manipulations completed
INFO:root:2021-07-21-10--39--51 Bounding Box Drawn
INFO:root:2021-07-21-10--39--51 MovingFrameQueue Appended
INFO:root:2021-07-21-10--39--51 anomallyFrameTracker resetted to 200
INFO:root:2021-07-21-10--39--51 Colour Conversion Completed
INFO:root:2021-07-21-10--39--52 Sleep Check Completed
INFO:root:2021-07-21-10--39--52 Frame manipulations completed
INFO:root:2021-07-21-10--39--52 Bounding Box Drawn
INFO:root:2021-07-21-10--39--52 MovingFrameQueue Popped
INFO:root:2021-07-21-10--39--52 anomallyFrameTracker resetted to 200
INFO:root:2021-07-21-10--39--52 Colour Conversion Completed
INFO:root:2021-07-21-10--39--52 Sleep Check Completed
INFO:root:2021-07-21-10--39--52 Frame manipulations completed
INFO:root:2021-07-21-10--39--52 Bounding Box Drawn
INFO:root:2021-07-21-10--39--52 MovingFrameQueue Appended
INFO:root:2021-07-21-10--39--52 anomallyFrameTracker resetted to 200
INFO:root:2021-07-21-10--39--52 Colour Conversion Completed
INFO:root:2021-07-21-10--39--52 Sleep Check Completed
INFO:root:2021-07-21-10--39--52 Frame manipulations completed
INFO:root:2021-07-21-10--39--52 Bounding Box Drawn
INFO:root:2021-07-21-10--39--52 MovingFrameQueue Popped
INFO:root:2021-07-21-10--39--52 anomallyFrameTracker resetted to 200
INFO:root:2021-07-21-10--39--52 Colour Conversion Completed
INFO:root:2021-07-21-10--39--52 Sleep Check Completed
INFO:root:2021-07-21-10--39--52 Frame manipulations completed
INFO:root:2021-07-21-10--39--52 Bounding Box Drawn
INFO:root:2021-07-21-10--39--52 MovingFrameQueue Appended
INFO:root:2021-07-21-10--39--52 anomallyFrameTracker resetted to 200
INFO:root:2021-07-21-10--39--52 Colour Conversion Completed
INFO:root:2021-07-21-10--39--52 Sleep Check Completed
INFO:root:2021-07-21-10--39--52 Frame manipulations completed
INFO:root:2021-07-21-10--39--52 Bounding Box Drawn
INFO:root:2021-07-21-10--39--52 MovingFrameQueue Popped
INFO:root:2021-07-21-10--39--52 anomallyFrameTracker resetted to 200
INFO:root:2021-07-21-10--39--52 Colour Conversion Completed
INFO:root:2021-07-21-10--39--52 Sleep Check Completed
INFO:root:2021-07-21-10--39--52 Frame manipulations completed
INFO:root:2021-07-21-10--39--52 Bounding Box Drawn
INFO:root:2021-07-21-10--39--53 MovingFrameQueue Appended
INFO:root:2021-07-21-10--39--53 anomallyFrameTracker resetted to 200
INFO:root:2021-07-21-10--39--53 Colour Conversion Completed
INFO:root:2021-07-21-10--39--53 Sleep Check Completed
INFO:root:2021-07-21-10--39--53 Frame manipulations completed
INFO:root:2021-07-21-10--39--53 Bounding Box Drawn
INFO:root:2021-07-21-10--39--53 MovingFrameQueue Popped
INFO:root:2021-07-21-10--39--53 anomallyFrameTracker resetted to 200
INFO:root:2021-07-21-10--39--53 Colour Conversion Completed
INFO:root:2021-07-21-10--39--53 Sleep Check Completed
INFO:root:2021-07-21-10--39--53 Frame manipulations completed
INFO:root:2021-07-21-10--39--53 Bounding Box Drawn
INFO:root:2021-07-21-10--39--53 MovingFrameQueue Appended
INFO:root:2021-07-21-10--39--53 anomallyFrameTracker resetted to 200
INFO:root:2021-07-21-10--39--53 Colour Conversion Completed
INFO:root:2021-07-21-10--39--53 Sleep Check Completed
INFO:root:2021-07-21-10--39--53 Frame manipulations completed
INFO:root:2021-07-21-10--39--53 Bounding Box Drawn
INFO:root:2021-07-21-10--39--53 MovingFrameQueue Popped
INFO:root:2021-07-21-10--39--53 anomallyFrameTracker resetted to 200
INFO:root:2021-07-21-10--39--53 Colour Conversion Completed
INFO:root:2021-07-21-10--39--53 Sleep Check Completed
INFO:root:2021-07-21-10--39--53 Frame manipulations completed
INFO:root:2021-07-21-10--39--53 Bounding Box Drawn
INFO:root:2021-07-21-10--39--53 MovingFrameQueue Appended
INFO:root:2021-07-21-10--39--53 anomallyFrameTracker resetted to 200
INFO:root:2021-07-21-10--39--53 Colour Conversion Completed
INFO:root:2021-07-21-10--39--53 Sleep Check Completed
INFO:root:2021-07-21-10--39--53 Frame manipulations completed
INFO:root:2021-07-21-10--39--53 Bounding Box Drawn
INFO:root:2021-07-21-10--39--54 MovingFrameQueue Popped
INFO:root:2021-07-21-10--39--54 anomallyFrameTracker resetted to 200
INFO:root:2021-07-21-10--39--54 Colour Conversion Completed
INFO:root:2021-07-21-10--39--54 Sleep Check Completed
INFO:root:2021-07-21-10--39--54 Frame manipulations completed
INFO:root:2021-07-21-10--39--54 Bounding Box Drawn
INFO:root:2021-07-21-10--39--54 MovingFrameQueue Appended
INFO:root:2021-07-21-10--39--54 anomallyFrameTracker resetted to 200
INFO:root:2021-07-21-10--39--54 Colour Conversion Completed
INFO:root:2021-07-21-10--39--54 Sleep Check Completed
INFO:root:2021-07-21-10--39--54 Frame manipulations completed
INFO:root:2021-07-21-10--39--54 Bounding Box Drawn
INFO:root:2021-07-21-10--39--54 MovingFrameQueue Popped
INFO:root:2021-07-21-10--39--54 anomallyFrameTracker resetted to 200
INFO:root:2021-07-21-10--39--54 Colour Conversion Completed
INFO:root:2021-07-21-10--39--54 Sleep Check Completed
INFO:root:2021-07-21-10--39--54 Frame manipulations completed
INFO:root:2021-07-21-10--39--54 Bounding Box Drawn
INFO:root:2021-07-21-10--39--54 MovingFrameQueue Appended
INFO:root:2021-07-21-10--39--54 anomallyFrameTracker resetted to 200
INFO:root:2021-07-21-10--39--54 Colour Conversion Completed
INFO:root:2021-07-21-10--39--54 Sleep Check Completed
INFO:root:2021-07-21-10--39--54 Frame manipulations completed
INFO:root:2021-07-21-10--39--54 Bounding Box Drawn
INFO:root:2021-07-21-10--39--54 MovingFrameQueue Popped
INFO:root:2021-07-21-10--39--54 anomallyFrameTracker resetted to 200
INFO:root:2021-07-21-10--39--54 Colour Conversion Completed
INFO:root:2021-07-21-10--39--54 Sleep Check Completed
INFO:root:2021-07-21-10--39--54 Frame manipulations completed
INFO:root:2021-07-21-10--39--54 Bounding Box Drawn
INFO:root:2021-07-21-10--39--55 MovingFrameQueue Appended
INFO:root:2021-07-21-10--39--55 anomallyFrameTracker resetted to 200
INFO:root:2021-07-21-10--39--55 Colour Conversion Completed
INFO:root:2021-07-21-10--39--55 Sleep Check Completed
INFO:root:2021-07-21-10--39--55 Frame manipulations completed
INFO:root:2021-07-21-10--39--55 Bounding Box Drawn
INFO:root:2021-07-21-10--39--55 MovingFrameQueue Popped
INFO:root:2021-07-21-10--39--55 anomallyFrameTracker resetted to 200
INFO:root:2021-07-21-10--39--55 Colour Conversion Completed
INFO:root:2021-07-21-10--39--55 Sleep Check Completed
INFO:root:2021-07-21-10--39--55 Frame manipulations completed
INFO:root:2021-07-21-10--39--55 Bounding Box Drawn
INFO:root:2021-07-21-10--39--55 MovingFrameQueue Appended
INFO:root:2021-07-21-10--39--55 Anomally Detected, starting call for more frames
INFO:root:2021-07-21-10--39--55 anomallyFrameTracker resetted to 200
INFO:root:2021-07-21-10--39--55 Colour Conversion Completed
INFO:root:2021-07-21-10--39--55 Sleep Check Completed
INFO:root:2021-07-21-10--39--55 Frame manipulations completed
INFO:root:2021-07-21-10--39--55 Bounding Box Drawn
INFO:root:2021-07-21-10--39--55 MovingFrameQueue Popped
INFO:root:2021-07-21-10--39--55 anomallyFrameTracker resetted to 200
INFO:root:2021-07-21-10--39--55 Colour Conversion Completed
INFO:root:2021-07-21-10--39--55 Sleep Check Completed
INFO:root:2021-07-21-10--39--55 Frame manipulations completed
INFO:root:2021-07-21-10--39--55 Bounding Box Drawn
INFO:root:2021-07-21-10--39--55 MovingFrameQueue Appended
INFO:root:2021-07-21-10--39--55 Anomally Detected, starting call for more frames
INFO:root:2021-07-21-10--39--55 anomallyFrameTracker resetted to 200
INFO:root:2021-07-21-10--39--55 Colour Conversion Completed
INFO:root:2021-07-21-10--39--55 Sleep Check Completed
INFO:root:2021-07-21-10--39--55 Frame manipulations completed
INFO:root:2021-07-21-10--39--55 Bounding Box Drawn
INFO:root:2021-07-21-10--39--55 MovingFrameQueue Popped
INFO:root:2021-07-21-10--39--55 Anomally Detected, starting call for more frames
INFO:root:2021-07-21-10--39--55 anomallyFrameTracker resetted to 200
INFO:root:2021-07-21-10--39--55 Colour Conversion Completed
INFO:root:2021-07-21-10--39--55 Sleep Check Completed
INFO:root:2021-07-21-10--39--55 Frame manipulations completed
INFO:root:2021-07-21-10--39--55 Bounding Box Drawn
INFO:root:2021-07-21-10--39--56 MovingFrameQueue Appended
INFO:root:2021-07-21-10--39--56 Anomally Detected, starting call for more frames
INFO:root:2021-07-21-10--39--56 anomallyFrameTracker resetted to 200
INFO:root:2021-07-21-10--39--56 Colour Conversion Completed
INFO:root:2021-07-21-10--39--56 Sleep Check Completed
INFO:root:2021-07-21-10--39--56 Frame manipulations completed
INFO:root:2021-07-21-10--39--56 Bounding Box Drawn
INFO:root:2021-07-21-10--39--56 MovingFrameQueue Popped
INFO:root:2021-07-21-10--39--56 Anomally Detected, starting call for more frames
INFO:root:2021-07-21-10--39--56 anomallyFrameTracker resetted to 200
INFO:root:2021-07-21-10--39--56 Colour Conversion Completed
INFO:root:2021-07-21-10--39--56 Sleep Check Completed
INFO:root:2021-07-21-10--39--56 Frame manipulations completed
INFO:root:2021-07-21-10--39--56 Bounding Box Drawn
INFO:root:2021-07-21-10--39--56 MovingFrameQueue Appended
INFO:root:2021-07-21-10--39--56 Anomally Detected, starting call for more frames
INFO:root:2021-07-21-10--39--56 anomallyFrameTracker resetted to 200
INFO:root:2021-07-21-10--39--56 Colour Conversion Completed
INFO:root:2021-07-21-10--39--56 Sleep Check Completed
INFO:root:2021-07-21-10--39--56 Frame manipulations completed
INFO:root:2021-07-21-10--39--56 Bounding Box Drawn
INFO:root:2021-07-21-10--39--56 MovingFrameQueue Popped
INFO:root:2021-07-21-10--39--56 Anomally Detected, starting call for more frames
INFO:root:2021-07-21-10--39--56 anomallyFrameTracker resetted to 200
INFO:root:2021-07-21-10--39--56 Colour Conversion Completed
INFO:root:2021-07-21-10--39--56 Sleep Check Completed
INFO:root:2021-07-21-10--39--56 Frame manipulations completed
INFO:root:2021-07-21-10--39--56 Bounding Box Drawn
INFO:root:2021-07-21-10--39--56 MovingFrameQueue Appended
INFO:root:2021-07-21-10--39--56 Anomally Detected, starting call for more frames
INFO:root:2021-07-21-10--39--56 anomallyFrameTracker resetted to 200
INFO:root:2021-07-21-10--39--56 Colour Conversion Completed
INFO:root:2021-07-21-10--39--56 Sleep Check Completed
INFO:root:2021-07-21-10--39--56 Frame manipulations completed
INFO:root:2021-07-21-10--39--56 Bounding Box Drawn
INFO:root:2021-07-21-10--39--56 MovingFrameQueue Popped
INFO:root:2021-07-21-10--39--56 Anomally Detected, starting call for more frames
INFO:root:2021-07-21-10--39--56 anomallyFrameTracker resetted to 200
INFO:root:2021-07-21-10--39--56 Colour Conversion Completed
INFO:root:2021-07-21-10--39--56 Sleep Check Completed
INFO:root:2021-07-21-10--39--56 Frame manipulations completed
INFO:root:2021-07-21-10--39--56 Bounding Box Drawn
INFO:root:2021-07-21-10--39--56 MovingFrameQueue Appended
INFO:root:2021-07-21-10--39--56 Anomally Detected, starting call for more frames
INFO:root:2021-07-21-10--39--56 anomallyFrameTracker resetted to 200
INFO:root:2021-07-21-10--39--56 Colour Conversion Completed
INFO:root:2021-07-21-10--39--56 Sleep Check Completed
INFO:root:2021-07-21-10--39--56 Frame manipulations completed
INFO:root:2021-07-21-10--39--56 Bounding Box Drawn
INFO:root:2021-07-21-10--39--57 MovingFrameQueue Popped
INFO:root:2021-07-21-10--39--57 Anomally Detected, starting call for more frames
INFO:root:2021-07-21-10--39--57 anomallyFrameTracker resetted to 200
INFO:root:2021-07-21-10--39--57 Colour Conversion Completed
INFO:root:2021-07-21-10--39--57 Sleep Check Completed
INFO:root:2021-07-21-10--39--57 Frame manipulations completed
INFO:root:2021-07-21-10--39--57 Bounding Box Drawn
INFO:root:2021-07-21-10--39--57 MovingFrameQueue Appended
INFO:root:2021-07-21-10--39--57 Anomally Detected, starting call for more frames
INFO:root:2021-07-21-10--39--57 anomallyFrameTracker resetted to 200
INFO:root:2021-07-21-10--39--57 Colour Conversion Completed
INFO:root:2021-07-21-10--39--57 Sleep Check Completed
INFO:root:2021-07-21-10--39--57 Frame manipulations completed
INFO:root:2021-07-21-10--39--57 Bounding Box Drawn
INFO:root:2021-07-21-10--39--57 MovingFrameQueue Popped
INFO:root:2021-07-21-10--39--57 Anomally Detected, starting call for more frames
INFO:root:2021-07-21-10--39--57 anomallyFrameTracker resetted to 200
INFO:root:2021-07-21-10--39--57 Colour Conversion Completed
INFO:root:2021-07-21-10--39--57 Sleep Check Completed
INFO:root:2021-07-21-10--39--57 Frame manipulations completed
INFO:root:2021-07-21-10--39--57 Bounding Box Drawn
INFO:root:2021-07-21-10--39--57 MovingFrameQueue Appended
INFO:root:2021-07-21-10--39--57 Anomally Detected, starting call for more frames
INFO:root:2021-07-21-10--39--57 anomallyFrameTracker resetted to 200
INFO:root:2021-07-21-10--39--57 Colour Conversion Completed
INFO:root:2021-07-21-10--39--57 Sleep Check Completed
INFO:root:2021-07-21-10--39--57 Frame manipulations completed
INFO:root:2021-07-21-10--39--57 Bounding Box Drawn
INFO:root:2021-07-21-10--39--57 MovingFrameQueue Popped
INFO:root:2021-07-21-10--39--57 Anomally Detected, starting call for more frames
INFO:root:2021-07-21-10--39--57 anomallyFrameTracker resetted to 200
INFO:root:2021-07-21-10--39--57 Colour Conversion Completed
INFO:root:2021-07-21-10--39--57 Sleep Check Completed
INFO:root:2021-07-21-10--39--57 Frame manipulations completed
INFO:root:2021-07-21-10--39--57 Bounding Box Drawn
INFO:root:2021-07-21-10--39--57 MovingFrameQueue Appended
INFO:root:2021-07-21-10--39--57 Anomally Detected, starting call for more frames
INFO:root:2021-07-21-10--39--57 anomallyFrameTracker resetted to 200
INFO:root:2021-07-21-10--39--57 Colour Conversion Completed
INFO:root:2021-07-21-10--39--57 Sleep Check Completed
INFO:root:2021-07-21-10--39--57 Frame manipulations completed
INFO:root:2021-07-21-10--39--57 Bounding Box Drawn
INFO:root:2021-07-21-10--39--57 MovingFrameQueue Popped
INFO:root:2021-07-21-10--39--57 Anomally Detected, starting call for more frames
INFO:root:2021-07-21-10--39--57 anomallyFrameTracker resetted to 200
INFO:root:2021-07-21-10--39--57 Colour Conversion Completed
INFO:root:2021-07-21-10--39--58 Sleep Check Completed
INFO:root:2021-07-21-10--39--58 Frame manipulations completed
INFO:root:2021-07-21-10--39--58 Bounding Box Drawn
INFO:root:2021-07-21-10--39--58 MovingFrameQueue Appended
INFO:root:2021-07-21-10--39--58 Anomally Detected, starting call for more frames
INFO:root:2021-07-21-10--39--58 anomallyFrameTracker resetted to 200
INFO:root:2021-07-21-10--39--58 Colour Conversion Completed
INFO:root:2021-07-21-10--39--58 Sleep Check Completed
INFO:root:2021-07-21-10--39--58 Frame manipulations completed
INFO:root:2021-07-21-10--39--58 Bounding Box Drawn
INFO:root:2021-07-21-10--39--58 MovingFrameQueue Popped
INFO:root:2021-07-21-10--39--58 Anomally Detected, starting call for more frames
INFO:root:2021-07-21-10--39--58 anomallyFrameTracker resetted to 200
INFO:root:2021-07-21-10--39--58 Colour Conversion Completed
INFO:root:2021-07-21-10--39--58 Sleep Check Completed
INFO:root:2021-07-21-10--39--58 Frame manipulations completed
INFO:root:2021-07-21-10--39--58 Bounding Box Drawn
INFO:root:2021-07-21-10--39--58 MovingFrameQueue Appended
INFO:root:2021-07-21-10--39--58 Anomally Detected, starting call for more frames
INFO:root:2021-07-21-10--39--58 anomallyFrameTracker resetted to 200
INFO:root:2021-07-21-10--39--58 Colour Conversion Completed
INFO:root:2021-07-21-10--39--58 Sleep Check Completed
INFO:root:2021-07-21-10--39--58 Frame manipulations completed
INFO:root:2021-07-21-10--39--58 Bounding Box Drawn
INFO:root:2021-07-21-10--39--58 MovingFrameQueue Popped
INFO:root:2021-07-21-10--39--58 Anomally Detected, starting call for more frames
INFO:root:2021-07-21-10--39--58 anomallyFrameTracker resetted to 200
INFO:root:2021-07-21-10--39--58 Colour Conversion Completed
INFO:root:2021-07-21-10--39--58 Sleep Check Completed
INFO:root:2021-07-21-10--39--58 Frame manipulations completed
INFO:root:2021-07-21-10--39--58 Bounding Box Drawn
INFO:root:2021-07-21-10--39--58 MovingFrameQueue Appended
INFO:root:2021-07-21-10--39--58 Anomally Detected, starting call for more frames
INFO:root:2021-07-21-10--39--58 anomallyFrameTracker resetted to 200
INFO:root:2021-07-21-10--39--58 Colour Conversion Completed
INFO:root:2021-07-21-10--39--58 Sleep Check Completed
INFO:root:2021-07-21-10--39--58 Frame manipulations completed
INFO:root:2021-07-21-10--39--58 Bounding Box Drawn
INFO:root:2021-07-21-10--39--58 MovingFrameQueue Popped
INFO:root:2021-07-21-10--39--58 Anomally Detected, starting call for more frames
INFO:root:2021-07-21-10--39--58 anomallyFrameTracker resetted to 200
INFO:root:2021-07-21-10--39--58 Colour Conversion Completed
INFO:root:2021-07-21-10--39--58 Sleep Check Completed
INFO:root:2021-07-21-10--39--58 Frame manipulations completed
INFO:root:2021-07-21-10--39--58 Bounding Box Drawn
INFO:root:2021-07-21-10--39--59 MovingFrameQueue Appended
INFO:root:2021-07-21-10--39--59 Anomally Detected, starting call for more frames
INFO:root:2021-07-21-10--39--59 anomallyFrameTracker resetted to 200
INFO:root:2021-07-21-10--39--59 Colour Conversion Completed
INFO:root:2021-07-21-10--39--59 Sleep Check Completed
INFO:root:2021-07-21-10--39--59 Frame manipulations completed
INFO:root:2021-07-21-10--39--59 Bounding Box Drawn
INFO:root:2021-07-21-10--39--59 MovingFrameQueue Popped
INFO:root:2021-07-21-10--39--59 Anomally Detected, starting call for more frames
INFO:root:2021-07-21-10--39--59 anomallyFrameTracker resetted to 200
INFO:root:2021-07-21-10--39--59 Colour Conversion Completed
INFO:root:2021-07-21-10--39--59 Sleep Check Completed
INFO:root:2021-07-21-10--39--59 Frame manipulations completed
INFO:root:2021-07-21-10--39--59 Bounding Box Drawn
INFO:root:2021-07-21-10--39--59 MovingFrameQueue Appended
INFO:root:2021-07-21-10--39--59 Anomally Detected, starting call for more frames
INFO:root:2021-07-21-10--39--59 anomallyFrameTracker resetted to 200
INFO:root:2021-07-21-10--39--59 Colour Conversion Completed
INFO:root:2021-07-21-10--39--59 Sleep Check Completed
INFO:root:2021-07-21-10--39--59 Frame manipulations completed
INFO:root:2021-07-21-10--39--59 Bounding Box Drawn
INFO:root:2021-07-21-10--39--59 MovingFrameQueue Popped
INFO:root:2021-07-21-10--39--59 Anomally Detected, starting call for more frames
INFO:root:2021-07-21-10--39--59 anomallyFrameTracker resetted to 200
INFO:root:2021-07-21-10--39--59 Colour Conversion Completed
INFO:root:2021-07-21-10--39--59 Sleep Check Completed
INFO:root:2021-07-21-10--39--59 Frame manipulations completed
INFO:root:2021-07-21-10--39--59 Bounding Box Drawn
INFO:root:2021-07-21-10--39--59 MovingFrameQueue Appended
INFO:root:2021-07-21-10--39--59 Anomally Detected, starting call for more frames
INFO:root:2021-07-21-10--39--59 anomallyFrameTracker resetted to 200
INFO:root:2021-07-21-10--39--59 Colour Conversion Completed
INFO:root:2021-07-21-10--39--59 Sleep Check Completed
INFO:root:2021-07-21-10--39--59 Frame manipulations completed
INFO:root:2021-07-21-10--39--59 Bounding Box Drawn
INFO:root:2021-07-21-10--39--59 MovingFrameQueue Popped
INFO:root:2021-07-21-10--39--59 Anomally Detected, starting call for more frames
INFO:root:2021-07-21-10--39--59 anomallyFrameTracker resetted to 200
INFO:root:2021-07-21-10--40--00 Getting Auth Token Success
INFO:root:2021-07-21-10--40--00 Anomalous Detection Video Upload Completed
INFO:root:2021-07-21-10--40--00 Colour Conversion Completed
INFO:root:2021-07-21-10--40--00 Sleep Check Completed
INFO:root:2021-07-21-10--40--00 Frame manipulations completed
INFO:root:2021-07-21-10--40--00 Bounding Box Drawn
INFO:root:2021-07-21-10--40--01 MovingFrameQueue Appended
INFO:root:2021-07-21-10--40--01 Anomally Detected, starting call for more frames
INFO:root:2021-07-21-10--40--01 anomallyFrameTracker resetted to 200
INFO:root:2021-07-21-10--40--01 Colour Conversion Completed
INFO:root:2021-07-21-10--40--01 Sleep Check Completed
INFO:root:2021-07-21-10--40--01 Frame manipulations completed
INFO:root:2021-07-21-10--40--01 Bounding Box Drawn
INFO:root:2021-07-21-10--40--01 MovingFrameQueue Popped
INFO:root:2021-07-21-10--40--01 Anomally Detected, starting call for more frames
INFO:root:2021-07-21-10--40--01 anomallyFrameTracker resetted to 200
INFO:root:2021-07-21-10--40--01 Colour Conversion Completed
INFO:root:2021-07-21-10--40--01 Sleep Check Completed
INFO:root:2021-07-21-10--40--01 Frame manipulations completed
INFO:root:2021-07-21-10--40--01 Bounding Box Drawn
INFO:root:2021-07-21-10--40--01 MovingFrameQueue Appended
INFO:root:2021-07-21-10--40--01 Anomally Detected, starting call for more frames
INFO:root:2021-07-21-10--40--01 anomallyFrameTracker resetted to 200
INFO:root:2021-07-21-10--40--01 Colour Conversion Completed
INFO:root:2021-07-21-10--40--01 Sleep Check Completed
INFO:root:2021-07-21-10--40--01 Frame manipulations completed
INFO:root:2021-07-21-10--40--01 Bounding Box Drawn
INFO:root:2021-07-21-10--40--01 MovingFrameQueue Popped
INFO:root:2021-07-21-10--40--01 Anomally Detected, starting call for more frames
INFO:root:2021-07-21-10--40--01 anomallyFrameTracker resetted to 200
INFO:root:2021-07-21-10--40--01 Colour Conversion Completed
INFO:root:2021-07-21-10--40--01 Sleep Check Completed
INFO:root:2021-07-21-10--40--01 Frame manipulations completed
INFO:root:2021-07-21-10--40--01 Bounding Box Drawn
INFO:root:2021-07-21-10--40--02 MovingFrameQueue Appended
INFO:root:2021-07-21-10--40--02 Anomally Detected, starting call for more frames
INFO:root:2021-07-21-10--40--02 anomallyFrameTracker resetted to 200
INFO:root:2021-07-21-10--40--02 Colour Conversion Completed
INFO:root:2021-07-21-10--40--02 Sleep Check Completed
INFO:root:2021-07-21-10--40--02 Frame manipulations completed
INFO:root:2021-07-21-10--40--02 Bounding Box Drawn
INFO:root:2021-07-21-10--40--02 MovingFrameQueue Popped
INFO:root:2021-07-21-10--40--02 Anomally Detected, starting call for more frames
INFO:root:2021-07-21-10--40--02 anomallyFrameTracker resetted to 200
INFO:root:2021-07-21-10--40--02 Colour Conversion Completed
INFO:root:2021-07-21-10--40--02 Sleep Check Completed
INFO:root:2021-07-21-10--40--02 Frame manipulations completed
INFO:root:2021-07-21-10--40--02 Bounding Box Drawn
INFO:root:2021-07-21-10--40--02 MovingFrameQueue Appended
INFO:root:2021-07-21-10--40--02 anomallyFrameTracker resetted to 200
INFO:root:2021-07-21-10--40--02 Colour Conversion Completed
INFO:root:2021-07-21-10--40--02 Sleep Check Completed
INFO:root:2021-07-21-10--40--02 Frame manipulations completed
INFO:root:2021-07-21-10--40--02 Bounding Box Drawn
INFO:root:2021-07-21-10--40--02 MovingFrameQueue Popped
INFO:root:2021-07-21-10--40--02 anomallyFrameTracker resetted to 200
INFO:root:2021-07-21-10--40--02 Colour Conversion Completed
INFO:root:2021-07-21-10--40--02 Sleep Check Completed
INFO:root:2021-07-21-10--40--02 Frame manipulations completed
INFO:root:2021-07-21-10--40--02 Bounding Box Drawn
INFO:root:2021-07-21-10--40--02 MovingFrameQueue Appended
INFO:root:2021-07-21-10--40--02 Anomally Detected, starting call for more frames
INFO:root:2021-07-21-10--40--02 anomallyFrameTracker resetted to 200
INFO:root:2021-07-21-10--40--02 Colour Conversion Completed
INFO:root:2021-07-21-10--40--02 Sleep Check Completed
INFO:root:2021-07-21-10--40--02 Frame manipulations completed
INFO:root:2021-07-21-10--40--02 Bounding Box Drawn
INFO:root:2021-07-21-10--40--02 MovingFrameQueue Popped
INFO:root:2021-07-21-10--40--02 anomallyFrameTracker resetted to 200
INFO:root:2021-07-21-10--40--02 Colour Conversion Completed
INFO:root:2021-07-21-10--40--02 Sleep Check Completed
INFO:root:2021-07-21-10--40--02 Frame manipulations completed
INFO:root:2021-07-21-10--40--02 Bounding Box Drawn
INFO:root:2021-07-21-10--40--02 MovingFrameQueue Appended
INFO:root:2021-07-21-10--40--02 anomallyFrameTracker resetted to 200
INFO:root:2021-07-21-10--40--02 Colour Conversion Completed
INFO:root:2021-07-21-10--40--02 Sleep Check Completed
INFO:root:2021-07-21-10--40--02 Frame manipulations completed
INFO:root:2021-07-21-10--40--02 Bounding Box Drawn
INFO:root:2021-07-21-10--40--03 MovingFrameQueue Popped
INFO:root:2021-07-21-10--40--03 Anomally Detected, starting call for more frames
INFO:root:2021-07-21-10--40--03 anomallyFrameTracker resetted to 200
INFO:root:2021-07-21-10--40--03 Colour Conversion Completed
INFO:root:2021-07-21-10--40--03 Sleep Check Completed
INFO:root:2021-07-21-10--40--03 Frame manipulations completed
INFO:root:2021-07-21-10--40--03 Bounding Box Drawn
INFO:root:2021-07-21-10--40--03 MovingFrameQueue Appended
INFO:root:2021-07-21-10--40--03 Anomally Detected, starting call for more frames
INFO:root:2021-07-21-10--40--03 anomallyFrameTracker resetted to 200
INFO:root:2021-07-21-10--40--03 Colour Conversion Completed
INFO:root:2021-07-21-10--40--03 Sleep Check Completed
INFO:root:2021-07-21-10--40--03 Frame manipulations completed
INFO:root:2021-07-21-10--40--03 Bounding Box Drawn
INFO:root:2021-07-21-10--40--03 MovingFrameQueue Popped
INFO:root:2021-07-21-10--40--03 Anomally Detected, starting call for more frames
INFO:root:2021-07-21-10--40--03 anomallyFrameTracker resetted to 200
INFO:root:2021-07-21-10--40--03 Colour Conversion Completed
INFO:root:2021-07-21-10--40--03 Sleep Check Completed
INFO:root:2021-07-21-10--40--03 Frame manipulations completed
INFO:root:2021-07-21-10--40--03 Bounding Box Drawn
INFO:root:2021-07-21-10--40--03 MovingFrameQueue Appended
INFO:root:2021-07-21-10--40--03 Anomally Detected, starting call for more frames
INFO:root:2021-07-21-10--40--03 anomallyFrameTracker resetted to 200
INFO:root:2021-07-21-10--40--03 Colour Conversion Completed
INFO:root:2021-07-21-10--40--03 Sleep Check Completed
INFO:root:2021-07-21-10--40--03 Frame manipulations completed
INFO:root:2021-07-21-10--40--03 Bounding Box Drawn
INFO:root:2021-07-21-10--40--03 MovingFrameQueue Popped
INFO:root:2021-07-21-10--40--03 Anomally Detected, starting call for more frames
INFO:root:2021-07-21-10--40--03 anomallyFrameTracker resetted to 200
INFO:root:2021-07-21-10--40--03 Colour Conversion Completed
INFO:root:2021-07-21-10--40--03 Sleep Check Completed
INFO:root:2021-07-21-10--40--03 Frame manipulations completed
INFO:root:2021-07-21-10--40--03 Bounding Box Drawn
INFO:root:2021-07-21-10--40--03 MovingFrameQueue Appended
INFO:root:2021-07-21-10--40--03 Anomally Detected, starting call for more frames
INFO:root:2021-07-21-10--40--03 anomallyFrameTracker resetted to 200
INFO:root:2021-07-21-10--40--03 Colour Conversion Completed
INFO:root:2021-07-21-10--40--03 Sleep Check Completed
INFO:root:2021-07-21-10--40--03 Frame manipulations completed
INFO:root:2021-07-21-10--40--03 Bounding Box Drawn
INFO:root:2021-07-21-10--40--03 MovingFrameQueue Popped
INFO:root:2021-07-21-10--40--03 Anomally Detected, starting call for more frames
INFO:root:2021-07-21-10--40--03 anomallyFrameTracker resetted to 200
INFO:root:2021-07-21-10--40--03 Colour Conversion Completed
INFO:root:2021-07-21-10--40--03 Sleep Check Completed
INFO:root:2021-07-21-10--40--03 Frame manipulations completed
INFO:root:2021-07-21-10--40--03 Bounding Box Drawn
INFO:root:2021-07-21-10--40--04 MovingFrameQueue Appended
INFO:root:2021-07-21-10--40--04 Anomally Detected, starting call for more frames
INFO:root:2021-07-21-10--40--04 anomallyFrameTracker resetted to 200
INFO:root:2021-07-21-10--40--04 Colour Conversion Completed
INFO:root:2021-07-21-10--40--04 Sleep Check Completed
INFO:root:2021-07-21-10--40--04 Frame manipulations completed
INFO:root:2021-07-21-10--40--04 Bounding Box Drawn
INFO:root:2021-07-21-10--40--04 MovingFrameQueue Popped
INFO:root:2021-07-21-10--40--04 Anomally Detected, starting call for more frames
INFO:root:2021-07-21-10--40--04 anomallyFrameTracker resetted to 200
INFO:root:2021-07-21-10--40--04 Colour Conversion Completed
INFO:root:2021-07-21-10--40--04 Sleep Check Completed
INFO:root:2021-07-21-10--40--04 Frame manipulations completed
INFO:root:2021-07-21-10--40--04 Bounding Box Drawn
INFO:root:2021-07-21-10--40--04 MovingFrameQueue Appended
INFO:root:2021-07-21-10--40--04 Anomally Detected, starting call for more frames
INFO:root:2021-07-21-10--40--04 anomallyFrameTracker resetted to 200
INFO:root:2021-07-21-10--40--04 Colour Conversion Completed
INFO:root:2021-07-21-10--40--04 Sleep Check Completed
INFO:root:2021-07-21-10--40--04 Frame manipulations completed
INFO:root:2021-07-21-10--40--04 Bounding Box Drawn
INFO:root:2021-07-21-10--40--04 MovingFrameQueue Popped
INFO:root:2021-07-21-10--40--04 Anomally Detected, starting call for more frames
INFO:root:2021-07-21-10--40--04 anomallyFrameTracker resetted to 200
INFO:root:2021-07-21-10--40--04 Colour Conversion Completed
INFO:root:2021-07-21-10--40--04 Sleep Check Completed
INFO:root:2021-07-21-10--40--04 Frame manipulations completed
INFO:root:2021-07-21-10--40--04 Bounding Box Drawn
INFO:root:2021-07-21-10--40--04 MovingFrameQueue Appended
INFO:root:2021-07-21-10--40--04 Anomally Detected, starting call for more frames
INFO:root:2021-07-21-10--40--04 anomallyFrameTracker resetted to 200
INFO:root:2021-07-21-10--40--04 Colour Conversion Completed
INFO:root:2021-07-21-10--40--04 Sleep Check Completed
INFO:root:2021-07-21-10--40--04 Frame manipulations completed
INFO:root:2021-07-21-10--40--04 Bounding Box Drawn
INFO:root:2021-07-21-10--40--04 MovingFrameQueue Popped
INFO:root:2021-07-21-10--40--04 anomallyFrameTracker resetted to 200
INFO:root:2021-07-21-10--40--04 Colour Conversion Completed
INFO:root:2021-07-21-10--40--04 Sleep Check Completed
INFO:root:2021-07-21-10--40--04 Frame manipulations completed
INFO:root:2021-07-21-10--40--04 Bounding Box Drawn
INFO:root:2021-07-21-10--40--04 MovingFrameQueue Appended
INFO:root:2021-07-21-10--40--04 anomallyFrameTracker resetted to 200
INFO:root:2021-07-21-10--40--04 Colour Conversion Completed
INFO:root:2021-07-21-10--40--04 Sleep Check Completed
INFO:root:2021-07-21-10--40--04 Frame manipulations completed
INFO:root:2021-07-21-10--40--04 Bounding Box Drawn
INFO:root:2021-07-21-10--40--04 MovingFrameQueue Popped
INFO:root:2021-07-21-10--40--04 anomallyFrameTracker resetted to 200
INFO:root:2021-07-21-10--40--04 Colour Conversion Completed
INFO:root:2021-07-21-10--40--04 Sleep Check Completed
INFO:root:2021-07-21-10--40--04 Frame manipulations completed
INFO:root:2021-07-21-10--40--04 Bounding Box Drawn
INFO:root:2021-07-21-10--40--05 MovingFrameQueue Appended
INFO:root:2021-07-21-10--40--05 anomallyFrameTracker resetted to 200
INFO:root:2021-07-21-10--40--05 Colour Conversion Completed
INFO:root:2021-07-21-10--40--05 Sleep Check Completed
INFO:root:2021-07-21-10--40--05 Frame manipulations completed
INFO:root:2021-07-21-10--40--05 Bounding Box Drawn
INFO:root:2021-07-21-10--40--05 MovingFrameQueue Popped
INFO:root:2021-07-21-10--40--05 anomallyFrameTracker resetted to 200
INFO:root:2021-07-21-10--40--05 Colour Conversion Completed
INFO:root:2021-07-21-10--40--05 Sleep Check Completed
INFO:root:2021-07-21-10--40--05 Frame manipulations completed
INFO:root:2021-07-21-10--40--05 Bounding Box Drawn
INFO:root:2021-07-21-10--40--05 MovingFrameQueue Appended
INFO:root:2021-07-21-10--40--05 anomallyFrameTracker resetted to 200
INFO:root:2021-07-21-10--40--05 Colour Conversion Completed
INFO:root:2021-07-21-10--40--05 Sleep Check Completed
INFO:root:2021-07-21-10--40--05 Frame manipulations completed
INFO:root:2021-07-21-10--40--05 Bounding Box Drawn
INFO:root:2021-07-21-10--40--05 MovingFrameQueue Popped
INFO:root:2021-07-21-10--40--05 anomallyFrameTracker resetted to 200
INFO:root:2021-07-21-10--40--05 Colour Conversion Completed
INFO:root:2021-07-21-10--40--05 Sleep Check Completed
INFO:root:2021-07-21-10--40--05 Frame manipulations completed
INFO:root:2021-07-21-10--40--05 Bounding Box Drawn
INFO:root:2021-07-21-10--40--05 MovingFrameQueue Appended
INFO:root:2021-07-21-10--40--05 anomallyFrameTracker resetted to 200
INFO:root:2021-07-21-10--40--05 Colour Conversion Completed
INFO:root:2021-07-21-10--40--05 Sleep Check Completed
INFO:root:2021-07-21-10--40--05 Frame manipulations completed
INFO:root:2021-07-21-10--40--05 Bounding Box Drawn
INFO:root:2021-07-21-10--40--05 MovingFrameQueue Popped
INFO:root:2021-07-21-10--40--05 anomallyFrameTracker resetted to 200
INFO:root:2021-07-21-10--40--05 Colour Conversion Completed
INFO:root:2021-07-21-10--40--05 Sleep Check Completed
INFO:root:2021-07-21-10--40--05 Frame manipulations completed
INFO:root:2021-07-21-10--40--05 Bounding Box Drawn
INFO:root:2021-07-21-10--40--05 MovingFrameQueue Appended
INFO:root:2021-07-21-10--40--05 anomallyFrameTracker resetted to 200
INFO:root:2021-07-21-10--40--05 Colour Conversion Completed
INFO:root:2021-07-21-10--40--05 Sleep Check Completed
INFO:root:2021-07-21-10--40--05 Frame manipulations completed
INFO:root:2021-07-21-10--40--05 Bounding Box Drawn
INFO:root:2021-07-21-10--40--06 MovingFrameQueue Popped
INFO:root:2021-07-21-10--40--06 anomallyFrameTracker resetted to 200
INFO:root:2021-07-21-10--40--06 Colour Conversion Completed
INFO:root:2021-07-21-10--40--06 Sleep Check Completed
INFO:root:2021-07-21-10--40--06 Frame manipulations completed
INFO:root:2021-07-21-10--40--06 Bounding Box Drawn
INFO:root:2021-07-21-10--40--06 MovingFrameQueue Appended
INFO:root:2021-07-21-10--40--06 Anomally Detected, starting call for more frames
INFO:root:2021-07-21-10--40--06 anomallyFrameTracker resetted to 200
INFO:root:2021-07-21-10--40--06 Colour Conversion Completed
INFO:root:2021-07-21-10--40--06 Sleep Check Completed
INFO:root:2021-07-21-10--40--06 Frame manipulations completed
INFO:root:2021-07-21-10--40--06 Bounding Box Drawn
INFO:root:2021-07-21-10--40--06 MovingFrameQueue Popped
INFO:root:2021-07-21-10--40--06 Anomally Detected, starting call for more frames
INFO:root:2021-07-21-10--40--06 anomallyFrameTracker resetted to 200
INFO:root:2021-07-21-10--40--06 Colour Conversion Completed
INFO:root:2021-07-21-10--40--06 Sleep Check Completed
INFO:root:2021-07-21-10--40--06 Frame manipulations completed
INFO:root:2021-07-21-10--40--06 Bounding Box Drawn
INFO:root:2021-07-21-10--40--06 MovingFrameQueue Appended
INFO:root:2021-07-21-10--40--06 Anomally Detected, starting call for more frames
INFO:root:2021-07-21-10--40--06 anomallyFrameTracker resetted to 200
INFO:root:2021-07-21-10--40--06 Colour Conversion Completed
INFO:root:2021-07-21-10--40--06 Sleep Check Completed
INFO:root:2021-07-21-10--40--06 Frame manipulations completed
INFO:root:2021-07-21-10--40--06 Bounding Box Drawn
INFO:root:2021-07-21-10--40--06 MovingFrameQueue Popped
INFO:root:2021-07-21-10--40--06 Anomally Detected, starting call for more frames
INFO:root:2021-07-21-10--40--06 anomallyFrameTracker resetted to 200
INFO:root:2021-07-21-10--40--06 Colour Conversion Completed
INFO:root:2021-07-21-10--40--06 Sleep Check Completed
INFO:root:2021-07-21-10--40--06 Frame manipulations completed
INFO:root:2021-07-21-10--40--06 Bounding Box Drawn
INFO:root:2021-07-21-10--40--06 MovingFrameQueue Appended
INFO:root:2021-07-21-10--40--06 Anomally Detected, starting call for more frames
INFO:root:2021-07-21-10--40--06 anomallyFrameTracker resetted to 200
INFO:root:2021-07-21-10--40--06 Colour Conversion Completed
INFO:root:2021-07-21-10--40--07 Sleep Check Completed
INFO:root:2021-07-21-10--40--07 Frame manipulations completed
INFO:root:2021-07-21-10--40--07 Bounding Box Drawn
INFO:root:2021-07-21-10--40--07 MovingFrameQueue Popped
INFO:root:2021-07-21-10--40--07 Anomally Detected, starting call for more frames
INFO:root:2021-07-21-10--40--07 anomallyFrameTracker resetted to 200
INFO:root:2021-07-21-10--40--07 Colour Conversion Completed
INFO:root:2021-07-21-10--40--07 Sleep Check Completed
INFO:root:2021-07-21-10--40--07 Frame manipulations completed
INFO:root:2021-07-21-10--40--07 Bounding Box Drawn
INFO:root:2021-07-21-10--40--07 MovingFrameQueue Appended
INFO:root:2021-07-21-10--40--07 Anomally Detected, starting call for more frames
INFO:root:2021-07-21-10--40--07 anomallyFrameTracker resetted to 200
INFO:root:2021-07-21-10--40--07 Colour Conversion Completed
INFO:root:2021-07-21-10--40--07 Sleep Check Completed
INFO:root:2021-07-21-10--40--07 Frame manipulations completed
INFO:root:2021-07-21-10--40--07 Bounding Box Drawn
INFO:root:2021-07-21-10--40--07 MovingFrameQueue Popped
INFO:root:2021-07-21-10--40--07 Anomally Detected, starting call for more frames
INFO:root:2021-07-21-10--40--07 anomallyFrameTracker resetted to 200
INFO:root:2021-07-21-10--40--07 Colour Conversion Completed
INFO:root:2021-07-21-10--40--07 Sleep Check Completed
INFO:root:2021-07-21-10--40--07 Frame manipulations completed
INFO:root:2021-07-21-10--40--07 Bounding Box Drawn
INFO:root:2021-07-21-10--40--07 MovingFrameQueue Appended
INFO:root:2021-07-21-10--40--07 Anomally Detected, starting call for more frames
INFO:root:2021-07-21-10--40--07 anomallyFrameTracker resetted to 200
INFO:root:2021-07-21-10--40--07 Colour Conversion Completed
INFO:root:2021-07-21-10--40--07 Sleep Check Completed
INFO:root:2021-07-21-10--40--07 Frame manipulations completed
INFO:root:2021-07-21-10--40--07 Bounding Box Drawn
INFO:root:2021-07-21-10--40--07 MovingFrameQueue Popped
INFO:root:2021-07-21-10--40--07 Anomally Detected, starting call for more frames
INFO:root:2021-07-21-10--40--07 anomallyFrameTracker resetted to 200
INFO:root:2021-07-21-10--40--07 Colour Conversion Completed
INFO:root:2021-07-21-10--40--07 Sleep Check Completed
INFO:root:2021-07-21-10--40--07 Frame manipulations completed
INFO:root:2021-07-21-10--40--07 Bounding Box Drawn
INFO:root:2021-07-21-10--40--08 MovingFrameQueue Appended
INFO:root:2021-07-21-10--40--08 Anomally Detected, starting call for more frames
INFO:root:2021-07-21-10--40--08 anomallyFrameTracker resetted to 200
INFO:root:2021-07-21-10--40--08 Colour Conversion Completed
INFO:root:2021-07-21-10--40--08 Sleep Check Completed
INFO:root:2021-07-21-10--40--08 Frame manipulations completed
INFO:root:2021-07-21-10--40--08 Bounding Box Drawn
INFO:root:2021-07-21-10--40--08[INFO] elapsed time: 43.19
INFO:root:2021-07-21-10--40--08[INFO] approx. FPS: 5.07
INFO:root:2021-07-21-10--40--08 Getting Auth Token Success
INFO:root:2021-07-21-10--40--08 BedTime Upload Completed
