INFO:root:2021-07-16-12--51--05 Parameter Generation Success
INFO:root:2021-07-16-12--51--05 Colour Conversion Completed
INFO:root:2021-07-16-12--51--05 Sleep Check Completed
INFO:root:2021-07-16-12--51--05 Frame manipulations completed
INFO:root:2021-07-16-12--51--05 Bounding Box Drawn
INFO:root:2021-07-16-12--51--10 MovingFrameQueue Appended
INFO:root:2021-07-16-12--51--10 anomallyFrameTracker resetted to 200
INFO:root:2021-07-16-12--51--10 anomallyFrameTracker resetted to 200
INFO:root:2021-07-16-12--51--10 anomallyFrameTracker resetted to 200
INFO:root:2021-07-16-12--51--10 Colour Conversion Completed
INFO:root:2021-07-16-12--51--10 Sleep Check Completed
INFO:root:2021-07-16-12--51--10 Frame manipulations completed
INFO:root:2021-07-16-12--51--10 Bounding Box Drawn
INFO:root:2021-07-16-12--51--10 MovingFrameQueue Appended
INFO:root:2021-07-16-12--51--10 anomallyFrameTracker resetted to 200
INFO:root:2021-07-16-12--51--10 anomallyFrameTracker resetted to 200
INFO:root:2021-07-16-12--51--10 anomallyFrameTracker resetted to 200
INFO:root:2021-07-16-12--51--10 Colour Conversion Completed
INFO:root:2021-07-16-12--51--10 Sleep Check Completed
INFO:root:2021-07-16-12--51--10 Frame manipulations completed
INFO:root:2021-07-16-12--51--10 Bounding Box Drawn
INFO:root:2021-07-16-12--51--10 MovingFrameQueue Appended
INFO:root:2021-07-16-12--51--10 anomallyFrameTracker resetted to 200
INFO:root:2021-07-16-12--51--10 anomallyFrameTracker resetted to 200
INFO:root:2021-07-16-12--51--10 anomallyFrameTracker resetted to 200
INFO:root:2021-07-16-12--51--10 Colour Conversion Completed
INFO:root:2021-07-16-12--51--10 Sleep Check Completed
INFO:root:2021-07-16-12--51--10 Frame manipulations completed
INFO:root:2021-07-16-12--51--10 Bounding Box Drawn
INFO:root:2021-07-16-12--51--10 MovingFrameQueue Appended
INFO:root:2021-07-16-12--51--10 anomallyFrameTracker resetted to 200
INFO:root:2021-07-16-12--51--10 anomallyFrameTracker resetted to 200
INFO:root:2021-07-16-12--51--10 anomallyFrameTracker resetted to 200
INFO:root:2021-07-16-12--51--10 Colour Conversion Completed
INFO:root:2021-07-16-12--51--11 Sleep Check Completed
INFO:root:2021-07-16-12--51--11 Frame manipulations completed
INFO:root:2021-07-16-12--51--11 Bounding Box Drawn
INFO:root:2021-07-16-12--51--11 MovingFrameQueue Appended
INFO:root:2021-07-16-12--51--11 anomallyFrameTracker resetted to 200
INFO:root:2021-07-16-12--51--11 anomallyFrameTracker resetted to 200
INFO:root:2021-07-16-12--51--11 anomallyFrameTracker resetted to 200
INFO:root:2021-07-16-12--51--11 Colour Conversion Completed
INFO:root:2021-07-16-12--51--11 Sleep Check Completed
INFO:root:2021-07-16-12--51--11 Frame manipulations completed
INFO:root:2021-07-16-12--51--11 Bounding Box Drawn
INFO:root:2021-07-16-12--51--11 MovingFrameQueue Appended
INFO:root:2021-07-16-12--51--11 anomallyFrameTracker resetted to 200
INFO:root:2021-07-16-12--51--11 anomallyFrameTracker resetted to 200
INFO:root:2021-07-16-12--51--11 anomallyFrameTracker resetted to 200
INFO:root:2021-07-16-12--51--11 Colour Conversion Completed
INFO:root:2021-07-16-12--51--11 Sleep Check Completed
INFO:root:2021-07-16-12--51--11 Frame manipulations completed
INFO:root:2021-07-16-12--51--11 Bounding Box Drawn
INFO:root:2021-07-16-12--51--11 MovingFrameQueue Appended
INFO:root:2021-07-16-12--51--11 anomallyFrameTracker resetted to 200
INFO:root:2021-07-16-12--51--11 anomallyFrameTracker resetted to 200
INFO:root:2021-07-16-12--51--11 anomallyFrameTracker resetted to 200
INFO:root:2021-07-16-12--51--11 Colour Conversion Completed
INFO:root:2021-07-16-12--51--11 Sleep Check Completed
INFO:root:2021-07-16-12--51--11 Frame manipulations completed
INFO:root:2021-07-16-12--51--11 Bounding Box Drawn
INFO:root:2021-07-16-12--51--12 MovingFrameQueue Appended
INFO:root:2021-07-16-12--51--12 anomallyFrameTracker resetted to 200
INFO:root:2021-07-16-12--51--12 anomallyFrameTracker resetted to 200
INFO:root:2021-07-16-12--51--12 anomallyFrameTracker resetted to 200
INFO:root:2021-07-16-12--51--12 Colour Conversion Completed
INFO:root:2021-07-16-12--51--12 Sleep Check Completed
INFO:root:2021-07-16-12--51--12 Frame manipulations completed
INFO:root:2021-07-16-12--51--12 Bounding Box Drawn
INFO:root:2021-07-16-12--51--13 MovingFrameQueue Appended
INFO:root:2021-07-16-12--51--13 anomallyFrameTracker resetted to 200
INFO:root:2021-07-16-12--51--13 anomallyFrameTracker resetted to 200
INFO:root:2021-07-16-12--51--13 anomallyFrameTracker resetted to 200
INFO:root:2021-07-16-12--51--13 Colour Conversion Completed
INFO:root:2021-07-16-12--51--13 Sleep Check Completed
INFO:root:2021-07-16-12--51--13 Frame manipulations completed
INFO:root:2021-07-16-12--51--13 Bounding Box Drawn
INFO:root:2021-07-16-12--51--13 MovingFrameQueue Appended
INFO:root:2021-07-16-12--51--13 anomallyFrameTracker resetted to 200
INFO:root:2021-07-16-12--51--13 anomallyFrameTracker resetted to 200
INFO:root:2021-07-16-12--51--13 anomallyFrameTracker resetted to 200
INFO:root:2021-07-16-12--51--13 Colour Conversion Completed
INFO:root:2021-07-16-12--51--13 Sleep Check Completed
INFO:root:2021-07-16-12--51--13 Frame manipulations completed
INFO:root:2021-07-16-12--51--13 Bounding Box Drawn
INFO:root:2021-07-16-12--51--14 MovingFrameQueue Appended
INFO:root:2021-07-16-12--51--14 anomallyFrameTracker resetted to 200
INFO:root:2021-07-16-12--51--14 anomallyFrameTracker resetted to 200
INFO:root:2021-07-16-12--51--14 anomallyFrameTracker resetted to 200
INFO:root:2021-07-16-12--51--14 Colour Conversion Completed
INFO:root:2021-07-16-12--51--14 Sleep Check Completed
INFO:root:2021-07-16-12--51--14 Frame manipulations completed
INFO:root:2021-07-16-12--51--14 Bounding Box Drawn
INFO:root:2021-07-16-12--51--14 MovingFrameQueue Appended
INFO:root:2021-07-16-12--51--14 anomallyFrameTracker resetted to 200
INFO:root:2021-07-16-12--51--14 anomallyFrameTracker resetted to 200
INFO:root:2021-07-16-12--51--14 anomallyFrameTracker resetted to 200
INFO:root:2021-07-16-12--51--14 Colour Conversion Completed
INFO:root:2021-07-16-12--51--15 Sleep Check Completed
INFO:root:2021-07-16-12--51--15 Frame manipulations completed
INFO:root:2021-07-16-12--51--15 Bounding Box Drawn
INFO:root:2021-07-16-12--51--15 MovingFrameQueue Appended
INFO:root:2021-07-16-12--51--15 anomallyFrameTracker resetted to 200
INFO:root:2021-07-16-12--51--15 anomallyFrameTracker resetted to 200
INFO:root:2021-07-16-12--51--15 anomallyFrameTracker resetted to 200
INFO:root:2021-07-16-12--51--15 Colour Conversion Completed
INFO:root:2021-07-16-12--51--15 Sleep Check Completed
INFO:root:2021-07-16-12--51--15 Frame manipulations completed
INFO:root:2021-07-16-12--51--15 Bounding Box Drawn
INFO:root:2021-07-16-12--51--16 MovingFrameQueue Appended
INFO:root:2021-07-16-12--51--16 anomallyFrameTracker resetted to 200
INFO:root:2021-07-16-12--51--16 anomallyFrameTracker resetted to 200
INFO:root:2021-07-16-12--51--16 anomallyFrameTracker resetted to 200
INFO:root:2021-07-16-12--51--16 Colour Conversion Completed
INFO:root:2021-07-16-12--51--16 Sleep Check Completed
INFO:root:2021-07-16-12--51--16 Frame manipulations completed
INFO:root:2021-07-16-12--51--16 Bounding Box Drawn
INFO:root:2021-07-16-12--51--16 MovingFrameQueue Appended
INFO:root:2021-07-16-12--51--16 anomallyFrameTracker resetted to 200
INFO:root:2021-07-16-12--51--16 anomallyFrameTracker resetted to 200
INFO:root:2021-07-16-12--51--16 anomallyFrameTracker resetted to 200
INFO:root:2021-07-16-12--51--16 Colour Conversion Completed
INFO:root:2021-07-16-12--51--16 Sleep Check Completed
INFO:root:2021-07-16-12--51--16 Frame manipulations completed
INFO:root:2021-07-16-12--51--16 Bounding Box Drawn
INFO:root:2021-07-16-12--51--17 MovingFrameQueue Appended
INFO:root:2021-07-16-12--51--17 anomallyFrameTracker resetted to 200
INFO:root:2021-07-16-12--51--17 anomallyFrameTracker resetted to 200
INFO:root:2021-07-16-12--51--17 anomallyFrameTracker resetted to 200
INFO:root:2021-07-16-12--51--17 Colour Conversion Completed
INFO:root:2021-07-16-12--51--17 Sleep Check Completed
INFO:root:2021-07-16-12--51--17 Frame manipulations completed
INFO:root:2021-07-16-12--51--17 Bounding Box Drawn
INFO:root:2021-07-16-12--51--17 MovingFrameQueue Appended
INFO:root:2021-07-16-12--51--17 anomallyFrameTracker resetted to 200
INFO:root:2021-07-16-12--51--17 anomallyFrameTracker resetted to 200
INFO:root:2021-07-16-12--51--17 anomallyFrameTracker resetted to 200
INFO:root:2021-07-16-12--51--17 Colour Conversion Completed
INFO:root:2021-07-16-12--51--17 Sleep Check Completed
INFO:root:2021-07-16-12--51--17 Frame manipulations completed
INFO:root:2021-07-16-12--51--17 Bounding Box Drawn
INFO:root:2021-07-16-12--51--18 MovingFrameQueue Appended
INFO:root:2021-07-16-12--51--18 anomallyFrameTracker resetted to 200
INFO:root:2021-07-16-12--51--18 anomallyFrameTracker resetted to 200
INFO:root:2021-07-16-12--51--18 anomallyFrameTracker resetted to 200
INFO:root:2021-07-16-12--51--18 Colour Conversion Completed
INFO:root:2021-07-16-12--51--18 Sleep Check Completed
INFO:root:2021-07-16-12--51--18 Frame manipulations completed
INFO:root:2021-07-16-12--51--18 Bounding Box Drawn
INFO:root:2021-07-16-12--51--18[INFO] elapsed time: 12.52
INFO:root:2021-07-16-12--51--18[INFO] approx. FPS: 1.44
