INFO:root:2021-07-21-11--06--39 Parameter Generation Success
INFO:root:2021-07-21-11--06--39 Colour Conversion Completed
INFO:root:2021-07-21-11--06--39 Sleep Check Completed
INFO:root:2021-07-21-11--06--39 Frame manipulations completed
INFO:root:2021-07-21-11--06--39 Bounding Box Drawn
INFO:root:2021-07-21-11--06--45 MovingFrameQueue Appended
INFO:root:2021-07-21-11--06--45 anomallyFrameTracker resetted to 200
INFO:root:2021-07-21-11--06--45 Colour Conversion Completed
INFO:root:2021-07-21-11--06--45 Sleep Check Completed
INFO:root:2021-07-21-11--06--45 Frame manipulations completed
INFO:root:2021-07-21-11--06--45 Bounding Box Drawn
INFO:root:2021-07-21-11--06--45 MovingFrameQueue Appended
INFO:root:2021-07-21-11--06--45 anomallyFrameTracker resetted to 200
INFO:root:2021-07-21-11--06--45 Colour Conversion Completed
INFO:root:2021-07-21-11--06--45 Sleep Check Completed
INFO:root:2021-07-21-11--06--45 Frame manipulations completed
INFO:root:2021-07-21-11--06--45 Bounding Box Drawn
INFO:root:2021-07-21-11--06--45 MovingFrameQueue Appended
INFO:root:2021-07-21-11--06--45 anomallyFrameTracker resetted to 200
INFO:root:2021-07-21-11--06--45 Colour Conversion Completed
INFO:root:2021-07-21-11--06--46 Sleep Check Completed
INFO:root:2021-07-21-11--06--46 Frame manipulations completed
INFO:root:2021-07-21-11--06--46 Bounding Box Drawn
INFO:root:2021-07-21-11--06--46 MovingFrameQueue Appended
INFO:root:2021-07-21-11--06--46 anomallyFrameTracker resetted to 200
INFO:root:2021-07-21-11--06--46 Colour Conversion Completed
INFO:root:2021-07-21-11--06--46 Sleep Check Completed
INFO:root:2021-07-21-11--06--46 Frame manipulations completed
INFO:root:2021-07-21-11--06--46 Bounding Box Drawn
INFO:root:2021-07-21-11--06--46 MovingFrameQueue Appended
INFO:root:2021-07-21-11--06--46 anomallyFrameTracker resetted to 200
INFO:root:2021-07-21-11--06--46 Colour Conversion Completed
INFO:root:2021-07-21-11--06--46 Sleep Check Completed
INFO:root:2021-07-21-11--06--46 Frame manipulations completed
INFO:root:2021-07-21-11--06--46 Bounding Box Drawn
INFO:root:2021-07-21-11--06--46 MovingFrameQueue Appended
INFO:root:2021-07-21-11--06--46 anomallyFrameTracker resetted to 200
INFO:root:2021-07-21-11--06--46 Colour Conversion Completed
INFO:root:2021-07-21-11--06--46 Sleep Check Completed
INFO:root:2021-07-21-11--06--46 Frame manipulations completed
INFO:root:2021-07-21-11--06--46 Bounding Box Drawn
INFO:root:2021-07-21-11--06--46 MovingFrameQueue Appended
INFO:root:2021-07-21-11--06--46 anomallyFrameTracker resetted to 200
INFO:root:2021-07-21-11--06--46 Colour Conversion Completed
INFO:root:2021-07-21-11--06--46 Sleep Check Completed
INFO:root:2021-07-21-11--06--46 Frame manipulations completed
INFO:root:2021-07-21-11--06--46 Bounding Box Drawn
INFO:root:2021-07-21-11--06--46 MovingFrameQueue Appended
INFO:root:2021-07-21-11--06--46 anomallyFrameTracker resetted to 200
INFO:root:2021-07-21-11--06--46 Colour Conversion Completed
INFO:root:2021-07-21-11--06--46 Sleep Check Completed
INFO:root:2021-07-21-11--06--46 Frame manipulations completed
INFO:root:2021-07-21-11--06--46 Bounding Box Drawn
INFO:root:2021-07-21-11--06--47 MovingFrameQueue Appended
INFO:root:2021-07-21-11--06--47 anomallyFrameTracker resetted to 200
INFO:root:2021-07-21-11--06--47 Colour Conversion Completed
INFO:root:2021-07-21-11--06--47 Sleep Check Completed
INFO:root:2021-07-21-11--06--47 Frame manipulations completed
INFO:root:2021-07-21-11--06--47 Bounding Box Drawn
INFO:root:2021-07-21-11--06--47 MovingFrameQueue Appended
INFO:root:2021-07-21-11--06--47 anomallyFrameTracker resetted to 200
INFO:root:2021-07-21-11--06--47 Colour Conversion Completed
INFO:root:2021-07-21-11--06--47 Sleep Check Completed
INFO:root:2021-07-21-11--06--47 Frame manipulations completed
INFO:root:2021-07-21-11--06--47 Bounding Box Drawn
INFO:root:2021-07-21-11--06--47 MovingFrameQueue Appended
INFO:root:2021-07-21-11--06--47 anomallyFrameTracker resetted to 200
INFO:root:2021-07-21-11--06--47 Colour Conversion Completed
INFO:root:2021-07-21-11--06--47 Sleep Check Completed
INFO:root:2021-07-21-11--06--47 Frame manipulations completed
INFO:root:2021-07-21-11--06--47 Bounding Box Drawn
INFO:root:2021-07-21-11--06--47 MovingFrameQueue Appended
INFO:root:2021-07-21-11--06--47 anomallyFrameTracker resetted to 200
INFO:root:2021-07-21-11--06--47 Colour Conversion Completed
INFO:root:2021-07-21-11--06--47 Sleep Check Completed
INFO:root:2021-07-21-11--06--47 Frame manipulations completed
INFO:root:2021-07-21-11--06--47 Bounding Box Drawn
INFO:root:2021-07-21-11--06--47 MovingFrameQueue Appended
INFO:root:2021-07-21-11--06--47 anomallyFrameTracker resetted to 200
INFO:root:2021-07-21-11--06--47 Colour Conversion Completed
INFO:root:2021-07-21-11--06--47 Sleep Check Completed
INFO:root:2021-07-21-11--06--47 Frame manipulations completed
INFO:root:2021-07-21-11--06--47 Bounding Box Drawn
INFO:root:2021-07-21-11--06--47 MovingFrameQueue Appended
INFO:root:2021-07-21-11--06--47 anomallyFrameTracker resetted to 200
INFO:root:2021-07-21-11--06--47 Colour Conversion Completed
INFO:root:2021-07-21-11--06--48 Sleep Check Completed
INFO:root:2021-07-21-11--06--48 Frame manipulations completed
INFO:root:2021-07-21-11--06--48 Bounding Box Drawn
INFO:root:2021-07-21-11--06--48 MovingFrameQueue Appended
INFO:root:2021-07-21-11--06--48 anomallyFrameTracker resetted to 200
INFO:root:2021-07-21-11--06--48 Colour Conversion Completed
INFO:root:2021-07-21-11--06--48 Sleep Check Completed
INFO:root:2021-07-21-11--06--48 Frame manipulations completed
INFO:root:2021-07-21-11--06--48 Bounding Box Drawn
INFO:root:2021-07-21-11--06--48 MovingFrameQueue Appended
INFO:root:2021-07-21-11--06--48 anomallyFrameTracker resetted to 200
INFO:root:2021-07-21-11--06--48 Colour Conversion Completed
INFO:root:2021-07-21-11--06--48 Sleep Check Completed
INFO:root:2021-07-21-11--06--48 Frame manipulations completed
INFO:root:2021-07-21-11--06--48 Bounding Box Drawn
INFO:root:2021-07-21-11--06--48 MovingFrameQueue Appended
INFO:root:2021-07-21-11--06--48 anomallyFrameTracker resetted to 200
INFO:root:2021-07-21-11--06--48 Colour Conversion Completed
INFO:root:2021-07-21-11--06--48 Sleep Check Completed
INFO:root:2021-07-21-11--06--48 Frame manipulations completed
INFO:root:2021-07-21-11--06--48 Bounding Box Drawn
INFO:root:2021-07-21-11--06--48 MovingFrameQueue Appended
INFO:root:2021-07-21-11--06--48 anomallyFrameTracker resetted to 200
INFO:root:2021-07-21-11--06--48 Colour Conversion Completed
INFO:root:2021-07-21-11--06--48 Sleep Check Completed
INFO:root:2021-07-21-11--06--48 Frame manipulations completed
INFO:root:2021-07-21-11--06--48 Bounding Box Drawn
INFO:root:2021-07-21-11--06--48 MovingFrameQueue Appended
INFO:root:2021-07-21-11--06--48 anomallyFrameTracker resetted to 200
INFO:root:2021-07-21-11--06--48 Colour Conversion Completed
INFO:root:2021-07-21-11--06--48 Sleep Check Completed
INFO:root:2021-07-21-11--06--48 Frame manipulations completed
INFO:root:2021-07-21-11--06--48 Bounding Box Drawn
INFO:root:2021-07-21-11--06--48 MovingFrameQueue Appended
INFO:root:2021-07-21-11--06--48 anomallyFrameTracker resetted to 200
INFO:root:2021-07-21-11--06--48 Colour Conversion Completed
INFO:root:2021-07-21-11--06--48 Sleep Check Completed
INFO:root:2021-07-21-11--06--48 Frame manipulations completed
INFO:root:2021-07-21-11--06--48 Bounding Box Drawn
INFO:root:2021-07-21-11--06--49 MovingFrameQueue Appended
INFO:root:2021-07-21-11--06--49 anomallyFrameTracker resetted to 200
INFO:root:2021-07-21-11--06--49 Colour Conversion Completed
INFO:root:2021-07-21-11--06--49 Sleep Check Completed
INFO:root:2021-07-21-11--06--49 Frame manipulations completed
INFO:root:2021-07-21-11--06--49 Bounding Box Drawn
INFO:root:2021-07-21-11--06--49 MovingFrameQueue Appended
INFO:root:2021-07-21-11--06--49 anomallyFrameTracker resetted to 200
INFO:root:2021-07-21-11--06--49 Colour Conversion Completed
INFO:root:2021-07-21-11--06--49 Sleep Check Completed
INFO:root:2021-07-21-11--06--49 Frame manipulations completed
INFO:root:2021-07-21-11--06--49 Bounding Box Drawn
INFO:root:2021-07-21-11--06--49 MovingFrameQueue Appended
INFO:root:2021-07-21-11--06--49 anomallyFrameTracker resetted to 200
INFO:root:2021-07-21-11--06--49 Colour Conversion Completed
INFO:root:2021-07-21-11--06--49 Sleep Check Completed
INFO:root:2021-07-21-11--06--49 Frame manipulations completed
INFO:root:2021-07-21-11--06--49 Bounding Box Drawn
INFO:root:2021-07-21-11--06--49 MovingFrameQueue Appended
INFO:root:2021-07-21-11--06--49 anomallyFrameTracker resetted to 200
INFO:root:2021-07-21-11--06--49 Colour Conversion Completed
INFO:root:2021-07-21-11--06--49 Sleep Check Completed
INFO:root:2021-07-21-11--06--49 Frame manipulations completed
INFO:root:2021-07-21-11--06--49 Bounding Box Drawn
INFO:root:2021-07-21-11--06--49 MovingFrameQueue Appended
INFO:root:2021-07-21-11--06--49 anomallyFrameTracker resetted to 200
INFO:root:2021-07-21-11--06--49 Colour Conversion Completed
INFO:root:2021-07-21-11--06--49 Sleep Check Completed
INFO:root:2021-07-21-11--06--49 Frame manipulations completed
INFO:root:2021-07-21-11--06--49 Bounding Box Drawn
INFO:root:2021-07-21-11--06--49 MovingFrameQueue Appended
INFO:root:2021-07-21-11--06--49 anomallyFrameTracker resetted to 200
INFO:root:2021-07-21-11--06--49 Colour Conversion Completed
INFO:root:2021-07-21-11--06--49 Sleep Check Completed
INFO:root:2021-07-21-11--06--49 Frame manipulations completed
INFO:root:2021-07-21-11--06--49 Bounding Box Drawn
INFO:root:2021-07-21-11--06--49 MovingFrameQueue Appended
INFO:root:2021-07-21-11--06--49 anomallyFrameTracker resetted to 200
INFO:root:2021-07-21-11--06--49 Colour Conversion Completed
INFO:root:2021-07-21-11--06--49 Sleep Check Completed
INFO:root:2021-07-21-11--06--49 Frame manipulations completed
INFO:root:2021-07-21-11--06--49 Bounding Box Drawn
INFO:root:2021-07-21-11--06--50 MovingFrameQueue Appended
INFO:root:2021-07-21-11--06--50 anomallyFrameTracker resetted to 200
INFO:root:2021-07-21-11--06--50 Colour Conversion Completed
INFO:root:2021-07-21-11--06--50 Sleep Check Completed
INFO:root:2021-07-21-11--06--50 Frame manipulations completed
INFO:root:2021-07-21-11--06--50 Bounding Box Drawn
INFO:root:2021-07-21-11--06--50 MovingFrameQueue Appended
INFO:root:2021-07-21-11--06--50 anomallyFrameTracker resetted to 200
INFO:root:2021-07-21-11--06--50 Colour Conversion Completed
INFO:root:2021-07-21-11--06--50 Sleep Check Completed
INFO:root:2021-07-21-11--06--50 Frame manipulations completed
INFO:root:2021-07-21-11--06--50 Bounding Box Drawn
INFO:root:2021-07-21-11--06--50 MovingFrameQueue Appended
INFO:root:2021-07-21-11--06--50 anomallyFrameTracker resetted to 200
INFO:root:2021-07-21-11--06--50 Colour Conversion Completed
INFO:root:2021-07-21-11--06--50 Sleep Check Completed
INFO:root:2021-07-21-11--06--50 Frame manipulations completed
INFO:root:2021-07-21-11--06--50 Bounding Box Drawn
INFO:root:2021-07-21-11--06--50 MovingFrameQueue Appended
INFO:root:2021-07-21-11--06--50 anomallyFrameTracker resetted to 200
INFO:root:2021-07-21-11--06--50 Colour Conversion Completed
INFO:root:2021-07-21-11--06--50 Sleep Check Completed
INFO:root:2021-07-21-11--06--50 Frame manipulations completed
INFO:root:2021-07-21-11--06--50 Bounding Box Drawn
INFO:root:2021-07-21-11--06--50 MovingFrameQueue Appended
INFO:root:2021-07-21-11--06--50 anomallyFrameTracker resetted to 200
INFO:root:2021-07-21-11--06--50 Colour Conversion Completed
INFO:root:2021-07-21-11--06--50 Sleep Check Completed
INFO:root:2021-07-21-11--06--50 Frame manipulations completed
INFO:root:2021-07-21-11--06--50 Bounding Box Drawn
INFO:root:2021-07-21-11--06--50 MovingFrameQueue Appended
INFO:root:2021-07-21-11--06--50 anomallyFrameTracker resetted to 200
INFO:root:2021-07-21-11--06--50 Colour Conversion Completed
INFO:root:2021-07-21-11--06--50 Sleep Check Completed
INFO:root:2021-07-21-11--06--50 Frame manipulations completed
INFO:root:2021-07-21-11--06--50 Bounding Box Drawn
INFO:root:2021-07-21-11--06--50 MovingFrameQueue Appended
INFO:root:2021-07-21-11--06--50 anomallyFrameTracker resetted to 200
INFO:root:2021-07-21-11--06--51 Colour Conversion Completed
INFO:root:2021-07-21-11--06--51 Sleep Check Completed
INFO:root:2021-07-21-11--06--51 Frame manipulations completed
INFO:root:2021-07-21-11--06--51 Bounding Box Drawn
INFO:root:2021-07-21-11--06--51 MovingFrameQueue Appended
INFO:root:2021-07-21-11--06--51 anomallyFrameTracker resetted to 200
INFO:root:2021-07-21-11--06--51 Colour Conversion Completed
INFO:root:2021-07-21-11--06--51 Sleep Check Completed
INFO:root:2021-07-21-11--06--51 Frame manipulations completed
INFO:root:2021-07-21-11--06--51 Bounding Box Drawn
INFO:root:2021-07-21-11--06--51 MovingFrameQueue Appended
INFO:root:2021-07-21-11--06--51 anomallyFrameTracker resetted to 200
INFO:root:2021-07-21-11--06--51 Colour Conversion Completed
INFO:root:2021-07-21-11--06--51 Sleep Check Completed
INFO:root:2021-07-21-11--06--51 Frame manipulations completed
INFO:root:2021-07-21-11--06--51 Bounding Box Drawn
INFO:root:2021-07-21-11--06--51 MovingFrameQueue Appended
INFO:root:2021-07-21-11--06--51 anomallyFrameTracker resetted to 200
INFO:root:2021-07-21-11--06--51 Colour Conversion Completed
INFO:root:2021-07-21-11--06--51 Sleep Check Completed
INFO:root:2021-07-21-11--06--51 Frame manipulations completed
INFO:root:2021-07-21-11--06--51 Bounding Box Drawn
INFO:root:2021-07-21-11--06--51 MovingFrameQueue Appended
INFO:root:2021-07-21-11--06--51 anomallyFrameTracker resetted to 200
INFO:root:2021-07-21-11--06--51 Colour Conversion Completed
INFO:root:2021-07-21-11--06--51 Sleep Check Completed
INFO:root:2021-07-21-11--06--51 Frame manipulations completed
INFO:root:2021-07-21-11--06--51 Bounding Box Drawn
INFO:root:2021-07-21-11--06--51 MovingFrameQueue Appended
INFO:root:2021-07-21-11--06--51 anomallyFrameTracker resetted to 200
INFO:root:2021-07-21-11--06--51 Colour Conversion Completed
INFO:root:2021-07-21-11--06--51 Sleep Check Completed
INFO:root:2021-07-21-11--06--51 Frame manipulations completed
INFO:root:2021-07-21-11--06--51 Bounding Box Drawn
INFO:root:2021-07-21-11--06--52 MovingFrameQueue Appended
INFO:root:2021-07-21-11--06--52 anomallyFrameTracker resetted to 200
INFO:root:2021-07-21-11--06--52 Colour Conversion Completed
INFO:root:2021-07-21-11--06--52 Sleep Check Completed
INFO:root:2021-07-21-11--06--52 Frame manipulations completed
INFO:root:2021-07-21-11--06--52 Bounding Box Drawn
INFO:root:2021-07-21-11--06--52 MovingFrameQueue Appended
INFO:root:2021-07-21-11--06--52 anomallyFrameTracker resetted to 200
INFO:root:2021-07-21-11--06--52 Colour Conversion Completed
INFO:root:2021-07-21-11--06--52 Sleep Check Completed
INFO:root:2021-07-21-11--06--52 Frame manipulations completed
INFO:root:2021-07-21-11--06--52 Bounding Box Drawn
INFO:root:2021-07-21-11--06--52 MovingFrameQueue Appended
INFO:root:2021-07-21-11--06--52 anomallyFrameTracker resetted to 200
INFO:root:2021-07-21-11--06--52 Colour Conversion Completed
INFO:root:2021-07-21-11--06--52 Sleep Check Completed
INFO:root:2021-07-21-11--06--52 Frame manipulations completed
INFO:root:2021-07-21-11--06--52 Bounding Box Drawn
INFO:root:2021-07-21-11--06--52 MovingFrameQueue Appended
INFO:root:2021-07-21-11--06--52 anomallyFrameTracker resetted to 200
INFO:root:2021-07-21-11--06--52 Colour Conversion Completed
INFO:root:2021-07-21-11--06--52 Sleep Check Completed
INFO:root:2021-07-21-11--06--52 Frame manipulations completed
INFO:root:2021-07-21-11--06--52 Bounding Box Drawn
INFO:root:2021-07-21-11--06--52 MovingFrameQueue Appended
INFO:root:2021-07-21-11--06--52 anomallyFrameTracker resetted to 200
INFO:root:2021-07-21-11--06--52 Colour Conversion Completed
INFO:root:2021-07-21-11--06--52 Sleep Check Completed
INFO:root:2021-07-21-11--06--52 Frame manipulations completed
INFO:root:2021-07-21-11--06--52 Bounding Box Drawn
INFO:root:2021-07-21-11--06--52 MovingFrameQueue Appended
INFO:root:2021-07-21-11--06--52 anomallyFrameTracker resetted to 200
INFO:root:2021-07-21-11--06--52 Colour Conversion Completed
INFO:root:2021-07-21-11--06--52 Sleep Check Completed
INFO:root:2021-07-21-11--06--52 Frame manipulations completed
INFO:root:2021-07-21-11--06--52 Bounding Box Drawn
INFO:root:2021-07-21-11--06--53 MovingFrameQueue Appended
INFO:root:2021-07-21-11--06--53 anomallyFrameTracker resetted to 200
INFO:root:2021-07-21-11--06--53 Colour Conversion Completed
INFO:root:2021-07-21-11--06--53 Sleep Check Completed
INFO:root:2021-07-21-11--06--53 Frame manipulations completed
INFO:root:2021-07-21-11--06--53 Bounding Box Drawn
INFO:root:2021-07-21-11--06--53 MovingFrameQueue Appended
INFO:root:2021-07-21-11--06--53 anomallyFrameTracker resetted to 200
INFO:root:2021-07-21-11--06--53 Colour Conversion Completed
INFO:root:2021-07-21-11--06--53 Sleep Check Completed
INFO:root:2021-07-21-11--06--53 Frame manipulations completed
INFO:root:2021-07-21-11--06--53 Bounding Box Drawn
INFO:root:2021-07-21-11--06--53 MovingFrameQueue Appended
INFO:root:2021-07-21-11--06--53 anomallyFrameTracker resetted to 200
INFO:root:2021-07-21-11--06--53 Colour Conversion Completed
INFO:root:2021-07-21-11--06--53 Sleep Check Completed
INFO:root:2021-07-21-11--06--53 Frame manipulations completed
INFO:root:2021-07-21-11--06--53 Bounding Box Drawn
INFO:root:2021-07-21-11--06--53 MovingFrameQueue Appended
INFO:root:2021-07-21-11--06--53 anomallyFrameTracker resetted to 200
INFO:root:2021-07-21-11--06--53 Colour Conversion Completed
INFO:root:2021-07-21-11--06--53 Sleep Check Completed
INFO:root:2021-07-21-11--06--53 Frame manipulations completed
INFO:root:2021-07-21-11--06--53 Bounding Box Drawn
INFO:root:2021-07-21-11--06--53 MovingFrameQueue Appended
INFO:root:2021-07-21-11--06--53 anomallyFrameTracker resetted to 200
INFO:root:2021-07-21-11--06--53 Colour Conversion Completed
INFO:root:2021-07-21-11--06--53 Sleep Check Completed
INFO:root:2021-07-21-11--06--53 Frame manipulations completed
INFO:root:2021-07-21-11--06--53 Bounding Box Drawn
INFO:root:2021-07-21-11--06--53 MovingFrameQueue Appended
INFO:root:2021-07-21-11--06--53 anomallyFrameTracker resetted to 200
INFO:root:2021-07-21-11--06--53 Colour Conversion Completed
INFO:root:2021-07-21-11--06--53 Sleep Check Completed
INFO:root:2021-07-21-11--06--53 Frame manipulations completed
INFO:root:2021-07-21-11--06--53 Bounding Box Drawn
INFO:root:2021-07-21-11--06--54 MovingFrameQueue Popped
INFO:root:2021-07-21-11--06--54 anomallyFrameTracker resetted to 200
INFO:root:2021-07-21-11--06--54 Colour Conversion Completed
INFO:root:2021-07-21-11--06--54 Sleep Check Completed
INFO:root:2021-07-21-11--06--54 Frame manipulations completed
INFO:root:2021-07-21-11--06--54 Bounding Box Drawn
INFO:root:2021-07-21-11--06--54 MovingFrameQueue Appended
INFO:root:2021-07-21-11--06--54 anomallyFrameTracker resetted to 200
INFO:root:2021-07-21-11--06--54 Colour Conversion Completed
INFO:root:2021-07-21-11--06--54 Sleep Check Completed
INFO:root:2021-07-21-11--06--54 Frame manipulations completed
INFO:root:2021-07-21-11--06--54 Bounding Box Drawn
INFO:root:2021-07-21-11--06--54 MovingFrameQueue Popped
INFO:root:2021-07-21-11--06--54 anomallyFrameTracker resetted to 200
INFO:root:2021-07-21-11--06--54 Colour Conversion Completed
INFO:root:2021-07-21-11--06--54 Sleep Check Completed
INFO:root:2021-07-21-11--06--54 Frame manipulations completed
INFO:root:2021-07-21-11--06--54 Bounding Box Drawn
INFO:root:2021-07-21-11--06--54 MovingFrameQueue Appended
INFO:root:2021-07-21-11--06--54 anomallyFrameTracker resetted to 200
INFO:root:2021-07-21-11--06--54 Colour Conversion Completed
INFO:root:2021-07-21-11--06--54 Sleep Check Completed
INFO:root:2021-07-21-11--06--54 Frame manipulations completed
INFO:root:2021-07-21-11--06--54 Bounding Box Drawn
INFO:root:2021-07-21-11--06--54 MovingFrameQueue Popped
INFO:root:2021-07-21-11--06--54 anomallyFrameTracker resetted to 200
INFO:root:2021-07-21-11--06--54 Colour Conversion Completed
INFO:root:2021-07-21-11--06--54 Sleep Check Completed
INFO:root:2021-07-21-11--06--54 Frame manipulations completed
INFO:root:2021-07-21-11--06--54 Bounding Box Drawn
INFO:root:2021-07-21-11--06--54 MovingFrameQueue Appended
INFO:root:2021-07-21-11--06--54 anomallyFrameTracker resetted to 200
INFO:root:2021-07-21-11--06--54 Colour Conversion Completed
INFO:root:2021-07-21-11--06--54 Sleep Check Completed
INFO:root:2021-07-21-11--06--54 Frame manipulations completed
INFO:root:2021-07-21-11--06--54 Bounding Box Drawn
INFO:root:2021-07-21-11--06--55 MovingFrameQueue Popped
INFO:root:2021-07-21-11--06--55 anomallyFrameTracker resetted to 200
INFO:root:2021-07-21-11--06--55 Colour Conversion Completed
INFO:root:2021-07-21-11--06--55 Sleep Check Completed
INFO:root:2021-07-21-11--06--55 Frame manipulations completed
INFO:root:2021-07-21-11--06--55 Bounding Box Drawn
INFO:root:2021-07-21-11--06--55 MovingFrameQueue Appended
INFO:root:2021-07-21-11--06--55 anomallyFrameTracker resetted to 200
INFO:root:2021-07-21-11--06--55 Colour Conversion Completed
INFO:root:2021-07-21-11--06--55 Sleep Check Completed
INFO:root:2021-07-21-11--06--55 Frame manipulations completed
INFO:root:2021-07-21-11--06--55 Bounding Box Drawn
INFO:root:2021-07-21-11--06--55 MovingFrameQueue Popped
INFO:root:2021-07-21-11--06--55 anomallyFrameTracker resetted to 200
INFO:root:2021-07-21-11--06--55 Colour Conversion Completed
INFO:root:2021-07-21-11--06--55 Sleep Check Completed
INFO:root:2021-07-21-11--06--55 Frame manipulations completed
INFO:root:2021-07-21-11--06--55 Bounding Box Drawn
INFO:root:2021-07-21-11--06--55 MovingFrameQueue Appended
INFO:root:2021-07-21-11--06--55 anomallyFrameTracker resetted to 200
INFO:root:2021-07-21-11--06--55 Colour Conversion Completed
INFO:root:2021-07-21-11--06--55 Sleep Check Completed
INFO:root:2021-07-21-11--06--55 Frame manipulations completed
INFO:root:2021-07-21-11--06--55 Bounding Box Drawn
INFO:root:2021-07-21-11--06--55 MovingFrameQueue Popped
INFO:root:2021-07-21-11--06--55 anomallyFrameTracker resetted to 200
INFO:root:2021-07-21-11--06--55 Colour Conversion Completed
INFO:root:2021-07-21-11--06--55 Sleep Check Completed
INFO:root:2021-07-21-11--06--55 Frame manipulations completed
INFO:root:2021-07-21-11--06--55 Bounding Box Drawn
INFO:root:2021-07-21-11--06--55 MovingFrameQueue Appended
INFO:root:2021-07-21-11--06--55 anomallyFrameTracker resetted to 200
INFO:root:2021-07-21-11--06--55 Colour Conversion Completed
INFO:root:2021-07-21-11--06--56 Sleep Check Completed
INFO:root:2021-07-21-11--06--56 Frame manipulations completed
INFO:root:2021-07-21-11--06--56 Bounding Box Drawn
INFO:root:2021-07-21-11--06--56 MovingFrameQueue Popped
INFO:root:2021-07-21-11--06--56 anomallyFrameTracker resetted to 200
INFO:root:2021-07-21-11--06--56 Colour Conversion Completed
INFO:root:2021-07-21-11--06--56 Sleep Check Completed
INFO:root:2021-07-21-11--06--56 Frame manipulations completed
INFO:root:2021-07-21-11--06--56 Bounding Box Drawn
INFO:root:2021-07-21-11--06--56 MovingFrameQueue Appended
INFO:root:2021-07-21-11--06--56 anomallyFrameTracker resetted to 200
INFO:root:2021-07-21-11--06--56 Colour Conversion Completed
INFO:root:2021-07-21-11--06--56 Sleep Check Completed
INFO:root:2021-07-21-11--06--56 Frame manipulations completed
INFO:root:2021-07-21-11--06--56 Bounding Box Drawn
INFO:root:2021-07-21-11--06--56 MovingFrameQueue Popped
INFO:root:2021-07-21-11--06--56 anomallyFrameTracker resetted to 200
INFO:root:2021-07-21-11--06--56 Colour Conversion Completed
INFO:root:2021-07-21-11--06--56 Sleep Check Completed
INFO:root:2021-07-21-11--06--56 Frame manipulations completed
INFO:root:2021-07-21-11--06--56 Bounding Box Drawn
INFO:root:2021-07-21-11--06--57 MovingFrameQueue Appended
INFO:root:2021-07-21-11--06--57 anomallyFrameTracker resetted to 200
INFO:root:2021-07-21-11--06--57 Colour Conversion Completed
INFO:root:2021-07-21-11--06--57 Sleep Check Completed
INFO:root:2021-07-21-11--06--57 Frame manipulations completed
INFO:root:2021-07-21-11--06--57 Bounding Box Drawn
INFO:root:2021-07-21-11--06--57 MovingFrameQueue Popped
INFO:root:2021-07-21-11--06--57 anomallyFrameTracker resetted to 200
INFO:root:2021-07-21-11--06--57 Colour Conversion Completed
INFO:root:2021-07-21-11--06--57 Sleep Check Completed
INFO:root:2021-07-21-11--06--57 Frame manipulations completed
INFO:root:2021-07-21-11--06--57 Bounding Box Drawn
INFO:root:2021-07-21-11--06--57 MovingFrameQueue Appended
INFO:root:2021-07-21-11--06--57 anomallyFrameTracker resetted to 200
INFO:root:2021-07-21-11--06--57 Colour Conversion Completed
INFO:root:2021-07-21-11--06--57 Sleep Check Completed
INFO:root:2021-07-21-11--06--57 Frame manipulations completed
INFO:root:2021-07-21-11--06--57 Bounding Box Drawn
INFO:root:2021-07-21-11--06--57 MovingFrameQueue Popped
INFO:root:2021-07-21-11--06--57 anomallyFrameTracker resetted to 200
INFO:root:2021-07-21-11--06--57 Colour Conversion Completed
INFO:root:2021-07-21-11--06--57 Sleep Check Completed
INFO:root:2021-07-21-11--06--57 Frame manipulations completed
INFO:root:2021-07-21-11--06--57 Bounding Box Drawn
INFO:root:2021-07-21-11--06--58 MovingFrameQueue Appended
INFO:root:2021-07-21-11--06--58 anomallyFrameTracker resetted to 200
INFO:root:2021-07-21-11--06--58 Colour Conversion Completed
INFO:root:2021-07-21-11--06--58 Sleep Check Completed
INFO:root:2021-07-21-11--06--58 Frame manipulations completed
INFO:root:2021-07-21-11--06--58 Bounding Box Drawn
INFO:root:2021-07-21-11--06--58 MovingFrameQueue Popped
INFO:root:2021-07-21-11--06--58 anomallyFrameTracker resetted to 200
INFO:root:2021-07-21-11--06--58 Colour Conversion Completed
INFO:root:2021-07-21-11--06--58 Sleep Check Completed
INFO:root:2021-07-21-11--06--58 Frame manipulations completed
INFO:root:2021-07-21-11--06--58 Bounding Box Drawn
INFO:root:2021-07-21-11--06--58 MovingFrameQueue Appended
INFO:root:2021-07-21-11--06--58 anomallyFrameTracker resetted to 200
INFO:root:2021-07-21-11--06--58 Colour Conversion Completed
INFO:root:2021-07-21-11--06--58 Sleep Check Completed
INFO:root:2021-07-21-11--06--58 Frame manipulations completed
INFO:root:2021-07-21-11--06--58 Bounding Box Drawn
INFO:root:2021-07-21-11--06--58 MovingFrameQueue Popped
INFO:root:2021-07-21-11--06--58 anomallyFrameTracker resetted to 200
INFO:root:2021-07-21-11--06--58 Colour Conversion Completed
INFO:root:2021-07-21-11--06--58 Sleep Check Completed
INFO:root:2021-07-21-11--06--58 Frame manipulations completed
INFO:root:2021-07-21-11--06--58 Bounding Box Drawn
INFO:root:2021-07-21-11--06--58 MovingFrameQueue Appended
INFO:root:2021-07-21-11--06--58 anomallyFrameTracker resetted to 200
INFO:root:2021-07-21-11--06--58 Colour Conversion Completed
INFO:root:2021-07-21-11--06--58 Sleep Check Completed
INFO:root:2021-07-21-11--06--58 Frame manipulations completed
INFO:root:2021-07-21-11--06--58 Bounding Box Drawn
INFO:root:2021-07-21-11--06--59 MovingFrameQueue Popped
INFO:root:2021-07-21-11--06--59 anomallyFrameTracker resetted to 200
INFO:root:2021-07-21-11--06--59 Colour Conversion Completed
INFO:root:2021-07-21-11--06--59 Sleep Check Completed
INFO:root:2021-07-21-11--06--59 Frame manipulations completed
INFO:root:2021-07-21-11--06--59 Bounding Box Drawn
INFO:root:2021-07-21-11--06--59 MovingFrameQueue Appended
INFO:root:2021-07-21-11--06--59 anomallyFrameTracker resetted to 200
INFO:root:2021-07-21-11--06--59 Colour Conversion Completed
INFO:root:2021-07-21-11--06--59 Sleep Check Completed
INFO:root:2021-07-21-11--06--59 Frame manipulations completed
INFO:root:2021-07-21-11--06--59 Bounding Box Drawn
INFO:root:2021-07-21-11--06--59 MovingFrameQueue Popped
INFO:root:2021-07-21-11--06--59 anomallyFrameTracker resetted to 200
INFO:root:2021-07-21-11--06--59 Colour Conversion Completed
INFO:root:2021-07-21-11--06--59 Sleep Check Completed
INFO:root:2021-07-21-11--06--59 Frame manipulations completed
INFO:root:2021-07-21-11--06--59 Bounding Box Drawn
INFO:root:2021-07-21-11--06--59 MovingFrameQueue Appended
INFO:root:2021-07-21-11--06--59 anomallyFrameTracker resetted to 200
INFO:root:2021-07-21-11--06--59 Colour Conversion Completed
INFO:root:2021-07-21-11--07--00 Sleep Check Completed
INFO:root:2021-07-21-11--07--00 Frame manipulations completed
INFO:root:2021-07-21-11--07--00 Bounding Box Drawn
INFO:root:2021-07-21-11--07--00 MovingFrameQueue Popped
INFO:root:2021-07-21-11--07--00 anomallyFrameTracker resetted to 200
INFO:root:2021-07-21-11--07--00 Colour Conversion Completed
INFO:root:2021-07-21-11--07--00 Sleep Check Completed
INFO:root:2021-07-21-11--07--00 Frame manipulations completed
INFO:root:2021-07-21-11--07--00 Bounding Box Drawn
INFO:root:2021-07-21-11--07--00 MovingFrameQueue Appended
INFO:root:2021-07-21-11--07--00 anomallyFrameTracker resetted to 200
INFO:root:2021-07-21-11--07--00 Colour Conversion Completed
INFO:root:2021-07-21-11--07--00 Sleep Check Completed
INFO:root:2021-07-21-11--07--00 Frame manipulations completed
INFO:root:2021-07-21-11--07--00 Bounding Box Drawn
INFO:root:2021-07-21-11--07--00 MovingFrameQueue Popped
INFO:root:2021-07-21-11--07--00 anomallyFrameTracker resetted to 200
INFO:root:2021-07-21-11--07--00 Colour Conversion Completed
INFO:root:2021-07-21-11--07--00 Sleep Check Completed
INFO:root:2021-07-21-11--07--00 Frame manipulations completed
INFO:root:2021-07-21-11--07--00 Bounding Box Drawn
INFO:root:2021-07-21-11--07--00 MovingFrameQueue Appended
INFO:root:2021-07-21-11--07--00 anomallyFrameTracker resetted to 200
INFO:root:2021-07-21-11--07--00 Colour Conversion Completed
INFO:root:2021-07-21-11--07--00 Sleep Check Completed
INFO:root:2021-07-21-11--07--00 Frame manipulations completed
INFO:root:2021-07-21-11--07--00 Bounding Box Drawn
INFO:root:2021-07-21-11--07--01 MovingFrameQueue Popped
INFO:root:2021-07-21-11--07--01 anomallyFrameTracker resetted to 200
INFO:root:2021-07-21-11--07--01 Colour Conversion Completed
INFO:root:2021-07-21-11--07--01 Sleep Check Completed
INFO:root:2021-07-21-11--07--01 Frame manipulations completed
INFO:root:2021-07-21-11--07--01 Bounding Box Drawn
INFO:root:2021-07-21-11--07--01 MovingFrameQueue Appended
INFO:root:2021-07-21-11--07--01 anomallyFrameTracker resetted to 200
INFO:root:2021-07-21-11--07--01 Colour Conversion Completed
INFO:root:2021-07-21-11--07--01 Sleep Check Completed
INFO:root:2021-07-21-11--07--01 Frame manipulations completed
INFO:root:2021-07-21-11--07--01 Bounding Box Drawn
INFO:root:2021-07-21-11--07--01 MovingFrameQueue Popped
INFO:root:2021-07-21-11--07--01 anomallyFrameTracker resetted to 200
INFO:root:2021-07-21-11--07--01 Colour Conversion Completed
INFO:root:2021-07-21-11--07--01 Sleep Check Completed
INFO:root:2021-07-21-11--07--01 Frame manipulations completed
INFO:root:2021-07-21-11--07--01 Bounding Box Drawn
INFO:root:2021-07-21-11--07--01 MovingFrameQueue Appended
INFO:root:2021-07-21-11--07--01 anomallyFrameTracker resetted to 200
INFO:root:2021-07-21-11--07--01 Colour Conversion Completed
INFO:root:2021-07-21-11--07--01 Sleep Check Completed
INFO:root:2021-07-21-11--07--01 Frame manipulations completed
INFO:root:2021-07-21-11--07--01 Bounding Box Drawn
INFO:root:2021-07-21-11--07--01 MovingFrameQueue Popped
INFO:root:2021-07-21-11--07--01 anomallyFrameTracker resetted to 200
INFO:root:2021-07-21-11--07--01 Colour Conversion Completed
INFO:root:2021-07-21-11--07--01 Sleep Check Completed
INFO:root:2021-07-21-11--07--01 Frame manipulations completed
INFO:root:2021-07-21-11--07--01 Bounding Box Drawn
INFO:root:2021-07-21-11--07--02 MovingFrameQueue Appended
INFO:root:2021-07-21-11--07--02 anomallyFrameTracker resetted to 200
INFO:root:2021-07-21-11--07--02 Colour Conversion Completed
INFO:root:2021-07-21-11--07--02 Sleep Check Completed
INFO:root:2021-07-21-11--07--02 Frame manipulations completed
INFO:root:2021-07-21-11--07--02 Bounding Box Drawn
INFO:root:2021-07-21-11--07--02 MovingFrameQueue Popped
INFO:root:2021-07-21-11--07--02 anomallyFrameTracker resetted to 200
INFO:root:2021-07-21-11--07--02 Colour Conversion Completed
INFO:root:2021-07-21-11--07--02 Sleep Check Completed
INFO:root:2021-07-21-11--07--02 Frame manipulations completed
INFO:root:2021-07-21-11--07--02 Bounding Box Drawn
INFO:root:2021-07-21-11--07--02 MovingFrameQueue Appended
INFO:root:2021-07-21-11--07--02 anomallyFrameTracker resetted to 200
INFO:root:2021-07-21-11--07--02 Colour Conversion Completed
INFO:root:2021-07-21-11--07--02 Sleep Check Completed
INFO:root:2021-07-21-11--07--02 Frame manipulations completed
INFO:root:2021-07-21-11--07--02 Bounding Box Drawn
INFO:root:2021-07-21-11--07--02 MovingFrameQueue Popped
INFO:root:2021-07-21-11--07--02 anomallyFrameTracker resetted to 200
INFO:root:2021-07-21-11--07--02 Colour Conversion Completed
INFO:root:2021-07-21-11--07--02 Sleep Check Completed
INFO:root:2021-07-21-11--07--02 Frame manipulations completed
INFO:root:2021-07-21-11--07--02 Bounding Box Drawn
INFO:root:2021-07-21-11--07--02 MovingFrameQueue Appended
INFO:root:2021-07-21-11--07--02 anomallyFrameTracker resetted to 200
INFO:root:2021-07-21-11--07--02 Colour Conversion Completed
INFO:root:2021-07-21-11--07--02 Sleep Check Completed
INFO:root:2021-07-21-11--07--02 Frame manipulations completed
INFO:root:2021-07-21-11--07--02 Bounding Box Drawn
INFO:root:2021-07-21-11--07--02 MovingFrameQueue Popped
INFO:root:2021-07-21-11--07--02 anomallyFrameTracker resetted to 200
INFO:root:2021-07-21-11--07--02 Colour Conversion Completed
INFO:root:2021-07-21-11--07--02 Sleep Check Completed
INFO:root:2021-07-21-11--07--02 Frame manipulations completed
INFO:root:2021-07-21-11--07--02 Bounding Box Drawn
INFO:root:2021-07-21-11--07--02 MovingFrameQueue Appended
INFO:root:2021-07-21-11--07--02 anomallyFrameTracker resetted to 200
INFO:root:2021-07-21-11--07--02 Colour Conversion Completed
INFO:root:2021-07-21-11--07--03 Sleep Check Completed
INFO:root:2021-07-21-11--07--03 Frame manipulations completed
INFO:root:2021-07-21-11--07--03 Bounding Box Drawn
INFO:root:2021-07-21-11--07--03 MovingFrameQueue Popped
INFO:root:2021-07-21-11--07--03 anomallyFrameTracker resetted to 200
INFO:root:2021-07-21-11--07--03 Colour Conversion Completed
INFO:root:2021-07-21-11--07--03 Sleep Check Completed
INFO:root:2021-07-21-11--07--03 Frame manipulations completed
INFO:root:2021-07-21-11--07--03 Bounding Box Drawn
INFO:root:2021-07-21-11--07--03 MovingFrameQueue Appended
INFO:root:2021-07-21-11--07--03 anomallyFrameTracker resetted to 200
INFO:root:2021-07-21-11--07--03 Colour Conversion Completed
INFO:root:2021-07-21-11--07--03 Sleep Check Completed
INFO:root:2021-07-21-11--07--03 Frame manipulations completed
INFO:root:2021-07-21-11--07--03 Bounding Box Drawn
INFO:root:2021-07-21-11--07--03 MovingFrameQueue Popped
INFO:root:2021-07-21-11--07--03 anomallyFrameTracker resetted to 200
INFO:root:2021-07-21-11--07--03 Colour Conversion Completed
INFO:root:2021-07-21-11--07--03 Sleep Check Completed
INFO:root:2021-07-21-11--07--03 Frame manipulations completed
INFO:root:2021-07-21-11--07--03 Bounding Box Drawn
INFO:root:2021-07-21-11--07--03 MovingFrameQueue Appended
INFO:root:2021-07-21-11--07--03 anomallyFrameTracker resetted to 200
INFO:root:2021-07-21-11--07--03 Colour Conversion Completed
INFO:root:2021-07-21-11--07--04 Sleep Check Completed
INFO:root:2021-07-21-11--07--04 Frame manipulations completed
INFO:root:2021-07-21-11--07--04 Bounding Box Drawn
INFO:root:2021-07-21-11--07--04 MovingFrameQueue Popped
INFO:root:2021-07-21-11--07--04 anomallyFrameTracker resetted to 200
INFO:root:2021-07-21-11--07--04 Colour Conversion Completed
INFO:root:2021-07-21-11--07--04 Sleep Check Completed
INFO:root:2021-07-21-11--07--04 Frame manipulations completed
INFO:root:2021-07-21-11--07--04 Bounding Box Drawn
INFO:root:2021-07-21-11--07--04 MovingFrameQueue Appended
INFO:root:2021-07-21-11--07--04 anomallyFrameTracker resetted to 200
INFO:root:2021-07-21-11--07--04 Colour Conversion Completed
INFO:root:2021-07-21-11--07--04 Sleep Check Completed
INFO:root:2021-07-21-11--07--04 Frame manipulations completed
INFO:root:2021-07-21-11--07--04 Bounding Box Drawn
INFO:root:2021-07-21-11--07--04 MovingFrameQueue Popped
INFO:root:2021-07-21-11--07--04 anomallyFrameTracker resetted to 200
INFO:root:2021-07-21-11--07--04 Colour Conversion Completed
INFO:root:2021-07-21-11--07--04 Sleep Check Completed
INFO:root:2021-07-21-11--07--04 Frame manipulations completed
INFO:root:2021-07-21-11--07--04 Bounding Box Drawn
INFO:root:2021-07-21-11--07--04 MovingFrameQueue Appended
INFO:root:2021-07-21-11--07--04 anomallyFrameTracker resetted to 200
INFO:root:2021-07-21-11--07--04 Colour Conversion Completed
INFO:root:2021-07-21-11--07--04 Sleep Check Completed
INFO:root:2021-07-21-11--07--04 Frame manipulations completed
INFO:root:2021-07-21-11--07--04 Bounding Box Drawn
INFO:root:2021-07-21-11--07--05 MovingFrameQueue Popped
INFO:root:2021-07-21-11--07--05 anomallyFrameTracker resetted to 200
INFO:root:2021-07-21-11--07--05 Colour Conversion Completed
INFO:root:2021-07-21-11--07--05 Sleep Check Completed
INFO:root:2021-07-21-11--07--05 Frame manipulations completed
INFO:root:2021-07-21-11--07--05 Bounding Box Drawn
INFO:root:2021-07-21-11--07--05 MovingFrameQueue Appended
INFO:root:2021-07-21-11--07--05 anomallyFrameTracker resetted to 200
INFO:root:2021-07-21-11--07--05 Colour Conversion Completed
INFO:root:2021-07-21-11--07--05 Sleep Check Completed
INFO:root:2021-07-21-11--07--05 Frame manipulations completed
INFO:root:2021-07-21-11--07--05 Bounding Box Drawn
INFO:root:2021-07-21-11--07--05 MovingFrameQueue Popped
INFO:root:2021-07-21-11--07--05 anomallyFrameTracker resetted to 200
INFO:root:2021-07-21-11--07--05 Colour Conversion Completed
INFO:root:2021-07-21-11--07--05 Sleep Check Completed
INFO:root:2021-07-21-11--07--05 Frame manipulations completed
INFO:root:2021-07-21-11--07--05 Bounding Box Drawn
INFO:root:2021-07-21-11--07--05 MovingFrameQueue Appended
INFO:root:2021-07-21-11--07--05 anomallyFrameTracker resetted to 200
INFO:root:2021-07-21-11--07--05 Colour Conversion Completed
INFO:root:2021-07-21-11--07--05 Sleep Check Completed
INFO:root:2021-07-21-11--07--05 Frame manipulations completed
INFO:root:2021-07-21-11--07--05 Bounding Box Drawn
INFO:root:2021-07-21-11--07--05 MovingFrameQueue Popped
INFO:root:2021-07-21-11--07--05 anomallyFrameTracker resetted to 200
INFO:root:2021-07-21-11--07--05 Colour Conversion Completed
INFO:root:2021-07-21-11--07--05 Sleep Check Completed
INFO:root:2021-07-21-11--07--05 Frame manipulations completed
INFO:root:2021-07-21-11--07--05 Bounding Box Drawn
INFO:root:2021-07-21-11--07--05 MovingFrameQueue Appended
INFO:root:2021-07-21-11--07--05 anomallyFrameTracker resetted to 200
INFO:root:2021-07-21-11--07--05 Colour Conversion Completed
INFO:root:2021-07-21-11--07--05 Sleep Check Completed
INFO:root:2021-07-21-11--07--05 Frame manipulations completed
INFO:root:2021-07-21-11--07--05 Bounding Box Drawn
INFO:root:2021-07-21-11--07--06 MovingFrameQueue Popped
INFO:root:2021-07-21-11--07--06 anomallyFrameTracker resetted to 200
INFO:root:2021-07-21-11--07--06 Colour Conversion Completed
INFO:root:2021-07-21-11--07--06 Sleep Check Completed
INFO:root:2021-07-21-11--07--06 Frame manipulations completed
INFO:root:2021-07-21-11--07--06 Bounding Box Drawn
INFO:root:2021-07-21-11--07--06 MovingFrameQueue Appended
INFO:root:2021-07-21-11--07--06 anomallyFrameTracker resetted to 200
INFO:root:2021-07-21-11--07--06 Colour Conversion Completed
INFO:root:2021-07-21-11--07--06 Sleep Check Completed
INFO:root:2021-07-21-11--07--06 Frame manipulations completed
INFO:root:2021-07-21-11--07--06 Bounding Box Drawn
INFO:root:2021-07-21-11--07--06 MovingFrameQueue Popped
INFO:root:2021-07-21-11--07--06 anomallyFrameTracker resetted to 200
INFO:root:2021-07-21-11--07--06 Colour Conversion Completed
INFO:root:2021-07-21-11--07--06 Sleep Check Completed
INFO:root:2021-07-21-11--07--06 Frame manipulations completed
INFO:root:2021-07-21-11--07--06 Bounding Box Drawn
INFO:root:2021-07-21-11--07--06 MovingFrameQueue Appended
INFO:root:2021-07-21-11--07--06 anomallyFrameTracker resetted to 200
INFO:root:2021-07-21-11--07--06 Colour Conversion Completed
INFO:root:2021-07-21-11--07--06 Sleep Check Completed
INFO:root:2021-07-21-11--07--06 Frame manipulations completed
INFO:root:2021-07-21-11--07--06 Bounding Box Drawn
INFO:root:2021-07-21-11--07--06 MovingFrameQueue Popped
INFO:root:2021-07-21-11--07--06 anomallyFrameTracker resetted to 200
INFO:root:2021-07-21-11--07--06 Colour Conversion Completed
INFO:root:2021-07-21-11--07--06 Sleep Check Completed
INFO:root:2021-07-21-11--07--06 Frame manipulations completed
INFO:root:2021-07-21-11--07--06 Bounding Box Drawn
INFO:root:2021-07-21-11--07--06 MovingFrameQueue Appended
INFO:root:2021-07-21-11--07--06 anomallyFrameTracker resetted to 200
INFO:root:2021-07-21-11--07--06 Colour Conversion Completed
INFO:root:2021-07-21-11--07--06 Sleep Check Completed
INFO:root:2021-07-21-11--07--06 Frame manipulations completed
INFO:root:2021-07-21-11--07--06 Bounding Box Drawn
INFO:root:2021-07-21-11--07--06 MovingFrameQueue Popped
INFO:root:2021-07-21-11--07--06 anomallyFrameTracker resetted to 200
INFO:root:2021-07-21-11--07--06 Colour Conversion Completed
INFO:root:2021-07-21-11--07--06 Sleep Check Completed
INFO:root:2021-07-21-11--07--06 Frame manipulations completed
INFO:root:2021-07-21-11--07--06 Bounding Box Drawn
INFO:root:2021-07-21-11--07--07 MovingFrameQueue Appended
INFO:root:2021-07-21-11--07--07 anomallyFrameTracker resetted to 200
INFO:root:2021-07-21-11--07--07 Colour Conversion Completed
INFO:root:2021-07-21-11--07--07 Sleep Check Completed
INFO:root:2021-07-21-11--07--07 Frame manipulations completed
INFO:root:2021-07-21-11--07--07 Bounding Box Drawn
INFO:root:2021-07-21-11--07--07 MovingFrameQueue Popped
INFO:root:2021-07-21-11--07--07 anomallyFrameTracker resetted to 200
INFO:root:2021-07-21-11--07--07 Colour Conversion Completed
INFO:root:2021-07-21-11--07--07 Sleep Check Completed
INFO:root:2021-07-21-11--07--07 Frame manipulations completed
INFO:root:2021-07-21-11--07--07 Bounding Box Drawn
INFO:root:2021-07-21-11--07--07 MovingFrameQueue Appended
INFO:root:2021-07-21-11--07--07 anomallyFrameTracker resetted to 200
INFO:root:2021-07-21-11--07--07 Colour Conversion Completed
INFO:root:2021-07-21-11--07--07 Sleep Check Completed
INFO:root:2021-07-21-11--07--07 Frame manipulations completed
INFO:root:2021-07-21-11--07--07 Bounding Box Drawn
INFO:root:2021-07-21-11--07--07 MovingFrameQueue Popped
INFO:root:2021-07-21-11--07--07 anomallyFrameTracker resetted to 200
INFO:root:2021-07-21-11--07--07 Colour Conversion Completed
INFO:root:2021-07-21-11--07--07 Sleep Check Completed
INFO:root:2021-07-21-11--07--07 Frame manipulations completed
INFO:root:2021-07-21-11--07--07 Bounding Box Drawn
INFO:root:2021-07-21-11--07--07 MovingFrameQueue Appended
INFO:root:2021-07-21-11--07--07 anomallyFrameTracker resetted to 200
INFO:root:2021-07-21-11--07--07 Colour Conversion Completed
INFO:root:2021-07-21-11--07--07 Sleep Check Completed
INFO:root:2021-07-21-11--07--07 Frame manipulations completed
INFO:root:2021-07-21-11--07--07 Bounding Box Drawn
INFO:root:2021-07-21-11--07--07 MovingFrameQueue Popped
INFO:root:2021-07-21-11--07--07 anomallyFrameTracker resetted to 200
INFO:root:2021-07-21-11--07--07 Colour Conversion Completed
INFO:root:2021-07-21-11--07--07 Sleep Check Completed
INFO:root:2021-07-21-11--07--07 Frame manipulations completed
INFO:root:2021-07-21-11--07--07 Bounding Box Drawn
INFO:root:2021-07-21-11--07--07 MovingFrameQueue Appended
INFO:root:2021-07-21-11--07--07 anomallyFrameTracker resetted to 200
INFO:root:2021-07-21-11--07--07 Colour Conversion Completed
INFO:root:2021-07-21-11--07--07 Sleep Check Completed
INFO:root:2021-07-21-11--07--07 Frame manipulations completed
INFO:root:2021-07-21-11--07--07 Bounding Box Drawn
INFO:root:2021-07-21-11--07--08 MovingFrameQueue Popped
INFO:root:2021-07-21-11--07--08 anomallyFrameTracker resetted to 200
INFO:root:2021-07-21-11--07--08 Colour Conversion Completed
INFO:root:2021-07-21-11--07--08 Sleep Check Completed
INFO:root:2021-07-21-11--07--08 Frame manipulations completed
INFO:root:2021-07-21-11--07--08 Bounding Box Drawn
INFO:root:2021-07-21-11--07--08 MovingFrameQueue Appended
INFO:root:2021-07-21-11--07--08 anomallyFrameTracker resetted to 200
INFO:root:2021-07-21-11--07--08 Colour Conversion Completed
INFO:root:2021-07-21-11--07--08 Sleep Check Completed
INFO:root:2021-07-21-11--07--08 Frame manipulations completed
INFO:root:2021-07-21-11--07--08 Bounding Box Drawn
INFO:root:2021-07-21-11--07--08 MovingFrameQueue Popped
INFO:root:2021-07-21-11--07--08 anomallyFrameTracker resetted to 200
INFO:root:2021-07-21-11--07--08 Colour Conversion Completed
INFO:root:2021-07-21-11--07--08 Sleep Check Completed
INFO:root:2021-07-21-11--07--08 Frame manipulations completed
INFO:root:2021-07-21-11--07--08 Bounding Box Drawn
INFO:root:2021-07-21-11--07--08 MovingFrameQueue Appended
INFO:root:2021-07-21-11--07--08 anomallyFrameTracker resetted to 200
INFO:root:2021-07-21-11--07--08 Colour Conversion Completed
INFO:root:2021-07-21-11--07--08 Sleep Check Completed
INFO:root:2021-07-21-11--07--08 Frame manipulations completed
INFO:root:2021-07-21-11--07--08 Bounding Box Drawn
INFO:root:2021-07-21-11--07--08 MovingFrameQueue Popped
INFO:root:2021-07-21-11--07--08 anomallyFrameTracker resetted to 200
INFO:root:2021-07-21-11--07--08 Colour Conversion Completed
INFO:root:2021-07-21-11--07--08 Sleep Check Completed
INFO:root:2021-07-21-11--07--08 Frame manipulations completed
INFO:root:2021-07-21-11--07--08 Bounding Box Drawn
INFO:root:2021-07-21-11--07--08 MovingFrameQueue Appended
INFO:root:2021-07-21-11--07--08 anomallyFrameTracker resetted to 200
INFO:root:2021-07-21-11--07--08 Colour Conversion Completed
INFO:root:2021-07-21-11--07--08 Sleep Check Completed
INFO:root:2021-07-21-11--07--08 Frame manipulations completed
INFO:root:2021-07-21-11--07--08 Bounding Box Drawn
INFO:root:2021-07-21-11--07--08 MovingFrameQueue Popped
INFO:root:2021-07-21-11--07--08 anomallyFrameTracker resetted to 200
INFO:root:2021-07-21-11--07--08 Colour Conversion Completed
INFO:root:2021-07-21-11--07--08 Sleep Check Completed
INFO:root:2021-07-21-11--07--08 Frame manipulations completed
INFO:root:2021-07-21-11--07--08 Bounding Box Drawn
INFO:root:2021-07-21-11--07--08 MovingFrameQueue Appended
INFO:root:2021-07-21-11--07--08 anomallyFrameTracker resetted to 200
INFO:root:2021-07-21-11--07--09 Colour Conversion Completed
INFO:root:2021-07-21-11--07--09 Sleep Check Completed
INFO:root:2021-07-21-11--07--09 Frame manipulations completed
INFO:root:2021-07-21-11--07--09 Bounding Box Drawn
INFO:root:2021-07-21-11--07--09 MovingFrameQueue Popped
INFO:root:2021-07-21-11--07--09 anomallyFrameTracker resetted to 200
INFO:root:2021-07-21-11--07--09 Colour Conversion Completed
INFO:root:2021-07-21-11--07--09 Sleep Check Completed
INFO:root:2021-07-21-11--07--09 Frame manipulations completed
INFO:root:2021-07-21-11--07--09 Bounding Box Drawn
INFO:root:2021-07-21-11--07--09 MovingFrameQueue Appended
INFO:root:2021-07-21-11--07--09 anomallyFrameTracker resetted to 200
INFO:root:2021-07-21-11--07--09 Colour Conversion Completed
INFO:root:2021-07-21-11--07--09 Sleep Check Completed
INFO:root:2021-07-21-11--07--09 Frame manipulations completed
INFO:root:2021-07-21-11--07--09 Bounding Box Drawn
INFO:root:2021-07-21-11--07--09 MovingFrameQueue Popped
INFO:root:2021-07-21-11--07--09 anomallyFrameTracker resetted to 200
INFO:root:2021-07-21-11--07--09 Colour Conversion Completed
INFO:root:2021-07-21-11--07--09 Sleep Check Completed
INFO:root:2021-07-21-11--07--09 Frame manipulations completed
INFO:root:2021-07-21-11--07--09 Bounding Box Drawn
INFO:root:2021-07-21-11--07--09 MovingFrameQueue Appended
INFO:root:2021-07-21-11--07--09 anomallyFrameTracker resetted to 200
INFO:root:2021-07-21-11--07--09 Colour Conversion Completed
INFO:root:2021-07-21-11--07--09 Sleep Check Completed
INFO:root:2021-07-21-11--07--09 Frame manipulations completed
INFO:root:2021-07-21-11--07--09 Bounding Box Drawn
INFO:root:2021-07-21-11--07--09 MovingFrameQueue Popped
INFO:root:2021-07-21-11--07--09 anomallyFrameTracker resetted to 200
INFO:root:2021-07-21-11--07--09 Colour Conversion Completed
INFO:root:2021-07-21-11--07--09 Sleep Check Completed
INFO:root:2021-07-21-11--07--09 Frame manipulations completed
INFO:root:2021-07-21-11--07--09 Bounding Box Drawn
INFO:root:2021-07-21-11--07--09 MovingFrameQueue Appended
INFO:root:2021-07-21-11--07--09 anomallyFrameTracker resetted to 200
INFO:root:2021-07-21-11--07--09 Colour Conversion Completed
INFO:root:2021-07-21-11--07--09 Sleep Check Completed
INFO:root:2021-07-21-11--07--09 Frame manipulations completed
INFO:root:2021-07-21-11--07--09 Bounding Box Drawn
INFO:root:2021-07-21-11--07--10 MovingFrameQueue Popped
INFO:root:2021-07-21-11--07--10 anomallyFrameTracker resetted to 200
INFO:root:2021-07-21-11--07--10 Colour Conversion Completed
INFO:root:2021-07-21-11--07--10 Sleep Check Completed
INFO:root:2021-07-21-11--07--10 Frame manipulations completed
INFO:root:2021-07-21-11--07--10 Bounding Box Drawn
INFO:root:2021-07-21-11--07--10 MovingFrameQueue Appended
INFO:root:2021-07-21-11--07--10 anomallyFrameTracker resetted to 200
INFO:root:2021-07-21-11--07--10 Colour Conversion Completed
INFO:root:2021-07-21-11--07--10 Sleep Check Completed
INFO:root:2021-07-21-11--07--10 Frame manipulations completed
INFO:root:2021-07-21-11--07--10 Bounding Box Drawn
INFO:root:2021-07-21-11--07--10 MovingFrameQueue Popped
INFO:root:2021-07-21-11--07--10 anomallyFrameTracker resetted to 200
INFO:root:2021-07-21-11--07--10 Colour Conversion Completed
INFO:root:2021-07-21-11--07--10 Sleep Check Completed
INFO:root:2021-07-21-11--07--10 Frame manipulations completed
INFO:root:2021-07-21-11--07--10 Bounding Box Drawn
INFO:root:2021-07-21-11--07--10 MovingFrameQueue Appended
INFO:root:2021-07-21-11--07--10 anomallyFrameTracker resetted to 200
INFO:root:2021-07-21-11--07--10 Colour Conversion Completed
INFO:root:2021-07-21-11--07--10 Sleep Check Completed
INFO:root:2021-07-21-11--07--10 Frame manipulations completed
INFO:root:2021-07-21-11--07--10 Bounding Box Drawn
INFO:root:2021-07-21-11--07--10 MovingFrameQueue Popped
INFO:root:2021-07-21-11--07--10 anomallyFrameTracker resetted to 200
INFO:root:2021-07-21-11--07--10 Colour Conversion Completed
INFO:root:2021-07-21-11--07--10 Sleep Check Completed
INFO:root:2021-07-21-11--07--10 Frame manipulations completed
INFO:root:2021-07-21-11--07--10 Bounding Box Drawn
INFO:root:2021-07-21-11--07--10 MovingFrameQueue Appended
INFO:root:2021-07-21-11--07--10 anomallyFrameTracker resetted to 200
INFO:root:2021-07-21-11--07--10 Colour Conversion Completed
INFO:root:2021-07-21-11--07--10 Sleep Check Completed
INFO:root:2021-07-21-11--07--10 Frame manipulations completed
INFO:root:2021-07-21-11--07--10 Bounding Box Drawn
INFO:root:2021-07-21-11--07--11 MovingFrameQueue Popped
INFO:root:2021-07-21-11--07--11 anomallyFrameTracker resetted to 200
INFO:root:2021-07-21-11--07--11 Colour Conversion Completed
INFO:root:2021-07-21-11--07--11 Sleep Check Completed
INFO:root:2021-07-21-11--07--11 Frame manipulations completed
INFO:root:2021-07-21-11--07--11 Bounding Box Drawn
INFO:root:2021-07-21-11--07--11 MovingFrameQueue Appended
INFO:root:2021-07-21-11--07--11 anomallyFrameTracker resetted to 200
INFO:root:2021-07-21-11--07--11 Colour Conversion Completed
INFO:root:2021-07-21-11--07--11 Sleep Check Completed
INFO:root:2021-07-21-11--07--11 Frame manipulations completed
INFO:root:2021-07-21-11--07--11 Bounding Box Drawn
INFO:root:2021-07-21-11--07--11 MovingFrameQueue Popped
INFO:root:2021-07-21-11--07--11 anomallyFrameTracker resetted to 200
INFO:root:2021-07-21-11--07--11 Colour Conversion Completed
INFO:root:2021-07-21-11--07--11 Sleep Check Completed
INFO:root:2021-07-21-11--07--11 Frame manipulations completed
INFO:root:2021-07-21-11--07--11 Bounding Box Drawn
INFO:root:2021-07-21-11--07--11 MovingFrameQueue Appended
INFO:root:2021-07-21-11--07--11 anomallyFrameTracker resetted to 200
INFO:root:2021-07-21-11--07--11 Colour Conversion Completed
INFO:root:2021-07-21-11--07--11 Sleep Check Completed
INFO:root:2021-07-21-11--07--11 Frame manipulations completed
INFO:root:2021-07-21-11--07--11 Bounding Box Drawn
INFO:root:2021-07-21-11--07--11 MovingFrameQueue Popped
INFO:root:2021-07-21-11--07--11 anomallyFrameTracker resetted to 200
INFO:root:2021-07-21-11--07--11 Colour Conversion Completed
INFO:root:2021-07-21-11--07--11 Sleep Check Completed
INFO:root:2021-07-21-11--07--11 Frame manipulations completed
INFO:root:2021-07-21-11--07--11 Bounding Box Drawn
INFO:root:2021-07-21-11--07--12 MovingFrameQueue Appended
INFO:root:2021-07-21-11--07--12 anomallyFrameTracker resetted to 200
INFO:root:2021-07-21-11--07--12 Colour Conversion Completed
INFO:root:2021-07-21-11--07--12 Sleep Check Completed
INFO:root:2021-07-21-11--07--12 Frame manipulations completed
INFO:root:2021-07-21-11--07--12 Bounding Box Drawn
INFO:root:2021-07-21-11--07--12 MovingFrameQueue Popped
INFO:root:2021-07-21-11--07--12 anomallyFrameTracker resetted to 200
INFO:root:2021-07-21-11--07--12 Colour Conversion Completed
INFO:root:2021-07-21-11--07--12 Sleep Check Completed
INFO:root:2021-07-21-11--07--12 Frame manipulations completed
INFO:root:2021-07-21-11--07--12 Bounding Box Drawn
INFO:root:2021-07-21-11--07--12 MovingFrameQueue Appended
INFO:root:2021-07-21-11--07--12 anomallyFrameTracker resetted to 200
INFO:root:2021-07-21-11--07--12 Colour Conversion Completed
INFO:root:2021-07-21-11--07--12 Sleep Check Completed
INFO:root:2021-07-21-11--07--12 Frame manipulations completed
INFO:root:2021-07-21-11--07--12 Bounding Box Drawn
INFO:root:2021-07-21-11--07--12 MovingFrameQueue Popped
INFO:root:2021-07-21-11--07--12 anomallyFrameTracker resetted to 200
INFO:root:2021-07-21-11--07--12 Colour Conversion Completed
INFO:root:2021-07-21-11--07--12 Sleep Check Completed
INFO:root:2021-07-21-11--07--12 Frame manipulations completed
INFO:root:2021-07-21-11--07--12 Bounding Box Drawn
INFO:root:2021-07-21-11--07--12 MovingFrameQueue Appended
INFO:root:2021-07-21-11--07--12 anomallyFrameTracker resetted to 200
INFO:root:2021-07-21-11--07--12 Colour Conversion Completed
INFO:root:2021-07-21-11--07--12 Sleep Check Completed
INFO:root:2021-07-21-11--07--12 Frame manipulations completed
INFO:root:2021-07-21-11--07--12 Bounding Box Drawn
INFO:root:2021-07-21-11--07--12 MovingFrameQueue Popped
INFO:root:2021-07-21-11--07--12 anomallyFrameTracker resetted to 200
INFO:root:2021-07-21-11--07--12 Colour Conversion Completed
INFO:root:2021-07-21-11--07--12 Sleep Check Completed
INFO:root:2021-07-21-11--07--12 Frame manipulations completed
INFO:root:2021-07-21-11--07--12 Bounding Box Drawn
INFO:root:2021-07-21-11--07--12 MovingFrameQueue Appended
INFO:root:2021-07-21-11--07--12 anomallyFrameTracker resetted to 200
INFO:root:2021-07-21-11--07--12 Colour Conversion Completed
INFO:root:2021-07-21-11--07--12 Sleep Check Completed
INFO:root:2021-07-21-11--07--12 Frame manipulations completed
INFO:root:2021-07-21-11--07--12 Bounding Box Drawn
INFO:root:2021-07-21-11--07--12 MovingFrameQueue Popped
INFO:root:2021-07-21-11--07--12 anomallyFrameTracker resetted to 200
INFO:root:2021-07-21-11--07--12 Colour Conversion Completed
INFO:root:2021-07-21-11--07--13 Sleep Check Completed
INFO:root:2021-07-21-11--07--13 Frame manipulations completed
INFO:root:2021-07-21-11--07--13 Bounding Box Drawn
INFO:root:2021-07-21-11--07--13 MovingFrameQueue Appended
INFO:root:2021-07-21-11--07--13 anomallyFrameTracker resetted to 200
INFO:root:2021-07-21-11--07--13 Colour Conversion Completed
INFO:root:2021-07-21-11--07--13 Sleep Check Completed
INFO:root:2021-07-21-11--07--13 Frame manipulations completed
INFO:root:2021-07-21-11--07--13 Bounding Box Drawn
INFO:root:2021-07-21-11--07--13 MovingFrameQueue Popped
INFO:root:2021-07-21-11--07--13 anomallyFrameTracker resetted to 200
INFO:root:2021-07-21-11--07--13 Colour Conversion Completed
INFO:root:2021-07-21-11--07--13 Sleep Check Completed
INFO:root:2021-07-21-11--07--13 Frame manipulations completed
INFO:root:2021-07-21-11--07--13 Bounding Box Drawn
INFO:root:2021-07-21-11--07--13 MovingFrameQueue Appended
INFO:root:2021-07-21-11--07--13 anomallyFrameTracker resetted to 200
INFO:root:2021-07-21-11--07--13 Colour Conversion Completed
INFO:root:2021-07-21-11--07--13 Sleep Check Completed
INFO:root:2021-07-21-11--07--13 Frame manipulations completed
INFO:root:2021-07-21-11--07--13 Bounding Box Drawn
INFO:root:2021-07-21-11--07--13 MovingFrameQueue Popped
INFO:root:2021-07-21-11--07--13 anomallyFrameTracker resetted to 200
INFO:root:2021-07-21-11--07--13 Colour Conversion Completed
INFO:root:2021-07-21-11--07--13 Sleep Check Completed
INFO:root:2021-07-21-11--07--13 Frame manipulations completed
INFO:root:2021-07-21-11--07--13 Bounding Box Drawn
INFO:root:2021-07-21-11--07--13 MovingFrameQueue Appended
INFO:root:2021-07-21-11--07--13 anomallyFrameTracker resetted to 200
INFO:root:2021-07-21-11--07--13 Colour Conversion Completed
INFO:root:2021-07-21-11--07--13 Sleep Check Completed
INFO:root:2021-07-21-11--07--13 Frame manipulations completed
INFO:root:2021-07-21-11--07--13 Bounding Box Drawn
INFO:root:2021-07-21-11--07--13 MovingFrameQueue Popped
INFO:root:2021-07-21-11--07--13 anomallyFrameTracker resetted to 200
INFO:root:2021-07-21-11--07--13 Colour Conversion Completed
INFO:root:2021-07-21-11--07--13 Sleep Check Completed
INFO:root:2021-07-21-11--07--13 Frame manipulations completed
INFO:root:2021-07-21-11--07--13 Bounding Box Drawn
INFO:root:2021-07-21-11--07--13 MovingFrameQueue Appended
INFO:root:2021-07-21-11--07--13 anomallyFrameTracker resetted to 200
INFO:root:2021-07-21-11--07--13 Colour Conversion Completed
INFO:root:2021-07-21-11--07--13 Sleep Check Completed
INFO:root:2021-07-21-11--07--13 Frame manipulations completed
INFO:root:2021-07-21-11--07--13 Bounding Box Drawn
INFO:root:2021-07-21-11--07--14 MovingFrameQueue Popped
INFO:root:2021-07-21-11--07--14 anomallyFrameTracker resetted to 200
INFO:root:2021-07-21-11--07--14 Colour Conversion Completed
INFO:root:2021-07-21-11--07--14 Sleep Check Completed
INFO:root:2021-07-21-11--07--14 Frame manipulations completed
INFO:root:2021-07-21-11--07--14 Bounding Box Drawn
INFO:root:2021-07-21-11--07--14 MovingFrameQueue Appended
INFO:root:2021-07-21-11--07--14 anomallyFrameTracker resetted to 200
INFO:root:2021-07-21-11--07--14 Colour Conversion Completed
INFO:root:2021-07-21-11--07--14 Sleep Check Completed
INFO:root:2021-07-21-11--07--14 Frame manipulations completed
INFO:root:2021-07-21-11--07--14 Bounding Box Drawn
INFO:root:2021-07-21-11--07--14 MovingFrameQueue Popped
INFO:root:2021-07-21-11--07--14 anomallyFrameTracker resetted to 200
INFO:root:2021-07-21-11--07--14 Colour Conversion Completed
INFO:root:2021-07-21-11--07--14 Sleep Check Completed
INFO:root:2021-07-21-11--07--14 Frame manipulations completed
INFO:root:2021-07-21-11--07--14 Bounding Box Drawn
INFO:root:2021-07-21-11--07--14 MovingFrameQueue Appended
INFO:root:2021-07-21-11--07--14 anomallyFrameTracker resetted to 200
INFO:root:2021-07-21-11--07--14 Colour Conversion Completed
INFO:root:2021-07-21-11--07--14 Sleep Check Completed
INFO:root:2021-07-21-11--07--14 Frame manipulations completed
INFO:root:2021-07-21-11--07--14 Bounding Box Drawn
INFO:root:2021-07-21-11--07--14 MovingFrameQueue Popped
INFO:root:2021-07-21-11--07--14 anomallyFrameTracker resetted to 200
INFO:root:2021-07-21-11--07--14 Colour Conversion Completed
INFO:root:2021-07-21-11--07--14 Sleep Check Completed
INFO:root:2021-07-21-11--07--14 Frame manipulations completed
INFO:root:2021-07-21-11--07--14 Bounding Box Drawn
INFO:root:2021-07-21-11--07--14 MovingFrameQueue Appended
INFO:root:2021-07-21-11--07--14 anomallyFrameTracker resetted to 200
INFO:root:2021-07-21-11--07--14 Colour Conversion Completed
INFO:root:2021-07-21-11--07--14 Sleep Check Completed
INFO:root:2021-07-21-11--07--14 Frame manipulations completed
INFO:root:2021-07-21-11--07--14 Bounding Box Drawn
INFO:root:2021-07-21-11--07--14 MovingFrameQueue Popped
INFO:root:2021-07-21-11--07--14 anomallyFrameTracker resetted to 200
INFO:root:2021-07-21-11--07--14 Colour Conversion Completed
INFO:root:2021-07-21-11--07--14 Sleep Check Completed
INFO:root:2021-07-21-11--07--14 Frame manipulations completed
INFO:root:2021-07-21-11--07--14 Bounding Box Drawn
INFO:root:2021-07-21-11--07--15 MovingFrameQueue Appended
INFO:root:2021-07-21-11--07--15 anomallyFrameTracker resetted to 200
INFO:root:2021-07-21-11--07--15 Colour Conversion Completed
INFO:root:2021-07-21-11--07--15 Sleep Check Completed
INFO:root:2021-07-21-11--07--15 Frame manipulations completed
INFO:root:2021-07-21-11--07--15 Bounding Box Drawn
INFO:root:2021-07-21-11--07--15 MovingFrameQueue Popped
INFO:root:2021-07-21-11--07--15 anomallyFrameTracker resetted to 200
INFO:root:2021-07-21-11--07--15 Colour Conversion Completed
INFO:root:2021-07-21-11--07--15 Sleep Check Completed
INFO:root:2021-07-21-11--07--15 Frame manipulations completed
INFO:root:2021-07-21-11--07--15 Bounding Box Drawn
INFO:root:2021-07-21-11--07--15 MovingFrameQueue Appended
INFO:root:2021-07-21-11--07--15 anomallyFrameTracker resetted to 200
INFO:root:2021-07-21-11--07--15 Colour Conversion Completed
INFO:root:2021-07-21-11--07--15 Sleep Check Completed
INFO:root:2021-07-21-11--07--15 Frame manipulations completed
INFO:root:2021-07-21-11--07--15 Bounding Box Drawn
INFO:root:2021-07-21-11--07--15 MovingFrameQueue Popped
INFO:root:2021-07-21-11--07--15 anomallyFrameTracker resetted to 200
INFO:root:2021-07-21-11--07--15 Colour Conversion Completed
INFO:root:2021-07-21-11--07--15 Sleep Check Completed
INFO:root:2021-07-21-11--07--15 Frame manipulations completed
INFO:root:2021-07-21-11--07--15 Bounding Box Drawn
INFO:root:2021-07-21-11--07--15 MovingFrameQueue Appended
INFO:root:2021-07-21-11--07--15 anomallyFrameTracker resetted to 200
INFO:root:2021-07-21-11--07--15 Colour Conversion Completed
INFO:root:2021-07-21-11--07--15 Sleep Check Completed
INFO:root:2021-07-21-11--07--15 Frame manipulations completed
INFO:root:2021-07-21-11--07--15 Bounding Box Drawn
INFO:root:2021-07-21-11--07--15 MovingFrameQueue Popped
INFO:root:2021-07-21-11--07--15 anomallyFrameTracker resetted to 200
INFO:root:2021-07-21-11--07--15 Colour Conversion Completed
INFO:root:2021-07-21-11--07--15 Sleep Check Completed
INFO:root:2021-07-21-11--07--15 Frame manipulations completed
INFO:root:2021-07-21-11--07--15 Bounding Box Drawn
INFO:root:2021-07-21-11--07--15 MovingFrameQueue Appended
INFO:root:2021-07-21-11--07--15 anomallyFrameTracker resetted to 200
INFO:root:2021-07-21-11--07--15 Colour Conversion Completed
INFO:root:2021-07-21-11--07--15 Sleep Check Completed
INFO:root:2021-07-21-11--07--15 Frame manipulations completed
INFO:root:2021-07-21-11--07--15 Bounding Box Drawn
INFO:root:2021-07-21-11--07--16 MovingFrameQueue Popped
INFO:root:2021-07-21-11--07--16 anomallyFrameTracker resetted to 200
INFO:root:2021-07-21-11--07--16 Colour Conversion Completed
INFO:root:2021-07-21-11--07--16 Sleep Check Completed
INFO:root:2021-07-21-11--07--16 Frame manipulations completed
INFO:root:2021-07-21-11--07--16 Bounding Box Drawn
INFO:root:2021-07-21-11--07--16 MovingFrameQueue Appended
INFO:root:2021-07-21-11--07--16 anomallyFrameTracker resetted to 200
INFO:root:2021-07-21-11--07--16 Colour Conversion Completed
INFO:root:2021-07-21-11--07--16 Sleep Check Completed
INFO:root:2021-07-21-11--07--16 Frame manipulations completed
INFO:root:2021-07-21-11--07--16 Bounding Box Drawn
INFO:root:2021-07-21-11--07--16 MovingFrameQueue Popped
INFO:root:2021-07-21-11--07--16 anomallyFrameTracker resetted to 200
INFO:root:2021-07-21-11--07--16 Colour Conversion Completed
INFO:root:2021-07-21-11--07--16 Sleep Check Completed
INFO:root:2021-07-21-11--07--16 Frame manipulations completed
INFO:root:2021-07-21-11--07--16 Bounding Box Drawn
INFO:root:2021-07-21-11--07--16 MovingFrameQueue Appended
INFO:root:2021-07-21-11--07--16 anomallyFrameTracker resetted to 200
INFO:root:2021-07-21-11--07--16 Colour Conversion Completed
INFO:root:2021-07-21-11--07--16 Sleep Check Completed
INFO:root:2021-07-21-11--07--16 Frame manipulations completed
INFO:root:2021-07-21-11--07--16 Bounding Box Drawn
INFO:root:2021-07-21-11--07--16 MovingFrameQueue Popped
INFO:root:2021-07-21-11--07--16 anomallyFrameTracker resetted to 200
INFO:root:2021-07-21-11--07--16 Colour Conversion Completed
INFO:root:2021-07-21-11--07--16 Sleep Check Completed
INFO:root:2021-07-21-11--07--16 Frame manipulations completed
INFO:root:2021-07-21-11--07--16 Bounding Box Drawn
INFO:root:2021-07-21-11--07--16 MovingFrameQueue Appended
INFO:root:2021-07-21-11--07--16 anomallyFrameTracker resetted to 200
INFO:root:2021-07-21-11--07--16 Colour Conversion Completed
INFO:root:2021-07-21-11--07--17 Sleep Check Completed
INFO:root:2021-07-21-11--07--17 Frame manipulations completed
INFO:root:2021-07-21-11--07--17 Bounding Box Drawn
INFO:root:2021-07-21-11--07--17 MovingFrameQueue Popped
INFO:root:2021-07-21-11--07--17 anomallyFrameTracker resetted to 200
INFO:root:2021-07-21-11--07--17 Colour Conversion Completed
INFO:root:2021-07-21-11--07--17 Sleep Check Completed
INFO:root:2021-07-21-11--07--17 Frame manipulations completed
INFO:root:2021-07-21-11--07--17 Bounding Box Drawn
INFO:root:2021-07-21-11--07--17 MovingFrameQueue Appended
INFO:root:2021-07-21-11--07--17 anomallyFrameTracker resetted to 200
INFO:root:2021-07-21-11--07--17 Colour Conversion Completed
INFO:root:2021-07-21-11--07--17 Sleep Check Completed
INFO:root:2021-07-21-11--07--17 Frame manipulations completed
INFO:root:2021-07-21-11--07--17 Bounding Box Drawn
INFO:root:2021-07-21-11--07--17 MovingFrameQueue Popped
INFO:root:2021-07-21-11--07--17 anomallyFrameTracker resetted to 200
INFO:root:2021-07-21-11--07--17 Colour Conversion Completed
INFO:root:2021-07-21-11--07--17 Sleep Check Completed
INFO:root:2021-07-21-11--07--17 Frame manipulations completed
INFO:root:2021-07-21-11--07--17 Bounding Box Drawn
INFO:root:2021-07-21-11--07--17 MovingFrameQueue Appended
INFO:root:2021-07-21-11--07--17 anomallyFrameTracker resetted to 200
INFO:root:2021-07-21-11--07--17 Colour Conversion Completed
INFO:root:2021-07-21-11--07--17 Sleep Check Completed
INFO:root:2021-07-21-11--07--17 Frame manipulations completed
INFO:root:2021-07-21-11--07--17 Bounding Box Drawn
INFO:root:2021-07-21-11--07--18 MovingFrameQueue Popped
INFO:root:2021-07-21-11--07--18 anomallyFrameTracker resetted to 200
INFO:root:2021-07-21-11--07--18 Colour Conversion Completed
INFO:root:2021-07-21-11--07--18 Sleep Check Completed
INFO:root:2021-07-21-11--07--18 Frame manipulations completed
INFO:root:2021-07-21-11--07--18 Bounding Box Drawn
INFO:root:2021-07-21-11--07--18 MovingFrameQueue Appended
INFO:root:2021-07-21-11--07--18 anomallyFrameTracker resetted to 200
INFO:root:2021-07-21-11--07--18 Colour Conversion Completed
INFO:root:2021-07-21-11--07--18 Sleep Check Completed
INFO:root:2021-07-21-11--07--18 Frame manipulations completed
INFO:root:2021-07-21-11--07--18 Bounding Box Drawn
INFO:root:2021-07-21-11--07--18 MovingFrameQueue Popped
INFO:root:2021-07-21-11--07--18 anomallyFrameTracker resetted to 200
INFO:root:2021-07-21-11--07--18 Colour Conversion Completed
INFO:root:2021-07-21-11--07--18 Sleep Check Completed
INFO:root:2021-07-21-11--07--18 Frame manipulations completed
INFO:root:2021-07-21-11--07--18 Bounding Box Drawn
INFO:root:2021-07-21-11--07--18 MovingFrameQueue Appended
INFO:root:2021-07-21-11--07--18 anomallyFrameTracker resetted to 200
INFO:root:2021-07-21-11--07--18 Colour Conversion Completed
INFO:root:2021-07-21-11--07--18 Sleep Check Completed
INFO:root:2021-07-21-11--07--18 Frame manipulations completed
INFO:root:2021-07-21-11--07--18 Bounding Box Drawn
INFO:root:2021-07-21-11--07--18 MovingFrameQueue Popped
INFO:root:2021-07-21-11--07--18 anomallyFrameTracker resetted to 200
INFO:root:2021-07-21-11--07--18 Colour Conversion Completed
INFO:root:2021-07-21-11--07--18 Sleep Check Completed
INFO:root:2021-07-21-11--07--18 Frame manipulations completed
INFO:root:2021-07-21-11--07--18 Bounding Box Drawn
INFO:root:2021-07-21-11--07--18 MovingFrameQueue Appended
INFO:root:2021-07-21-11--07--18 anomallyFrameTracker resetted to 200
INFO:root:2021-07-21-11--07--18 Colour Conversion Completed
INFO:root:2021-07-21-11--07--19 Sleep Check Completed
INFO:root:2021-07-21-11--07--19 Frame manipulations completed
INFO:root:2021-07-21-11--07--19 Bounding Box Drawn
INFO:root:2021-07-21-11--07--19 MovingFrameQueue Popped
INFO:root:2021-07-21-11--07--19 anomallyFrameTracker resetted to 200
INFO:root:2021-07-21-11--07--19 Colour Conversion Completed
INFO:root:2021-07-21-11--07--19 Sleep Check Completed
INFO:root:2021-07-21-11--07--19 Frame manipulations completed
INFO:root:2021-07-21-11--07--19 Bounding Box Drawn
INFO:root:2021-07-21-11--07--19 MovingFrameQueue Appended
INFO:root:2021-07-21-11--07--19 anomallyFrameTracker resetted to 200
INFO:root:2021-07-21-11--07--19 Colour Conversion Completed
INFO:root:2021-07-21-11--07--19 Sleep Check Completed
INFO:root:2021-07-21-11--07--19 Frame manipulations completed
INFO:root:2021-07-21-11--07--19 Bounding Box Drawn
INFO:root:2021-07-21-11--07--19 MovingFrameQueue Popped
INFO:root:2021-07-21-11--07--19 anomallyFrameTracker resetted to 200
INFO:root:2021-07-21-11--07--19 Colour Conversion Completed
INFO:root:2021-07-21-11--07--19 Sleep Check Completed
INFO:root:2021-07-21-11--07--19 Frame manipulations completed
INFO:root:2021-07-21-11--07--19 Bounding Box Drawn
INFO:root:2021-07-21-11--07--19 MovingFrameQueue Appended
INFO:root:2021-07-21-11--07--19 anomallyFrameTracker resetted to 200
INFO:root:2021-07-21-11--07--19 Colour Conversion Completed
INFO:root:2021-07-21-11--07--19 Sleep Check Completed
INFO:root:2021-07-21-11--07--19 Frame manipulations completed
INFO:root:2021-07-21-11--07--19 Bounding Box Drawn
INFO:root:2021-07-21-11--07--20 MovingFrameQueue Popped
INFO:root:2021-07-21-11--07--20 anomallyFrameTracker resetted to 200
INFO:root:2021-07-21-11--07--20 Colour Conversion Completed
INFO:root:2021-07-21-11--07--20 Sleep Check Completed
INFO:root:2021-07-21-11--07--20 Frame manipulations completed
INFO:root:2021-07-21-11--07--20 Bounding Box Drawn
INFO:root:2021-07-21-11--07--20 MovingFrameQueue Appended
INFO:root:2021-07-21-11--07--20 anomallyFrameTracker resetted to 200
INFO:root:2021-07-21-11--07--20 Colour Conversion Completed
INFO:root:2021-07-21-11--07--20 Sleep Check Completed
INFO:root:2021-07-21-11--07--20 Frame manipulations completed
INFO:root:2021-07-21-11--07--20 Bounding Box Drawn
INFO:root:2021-07-21-11--07--20 MovingFrameQueue Popped
INFO:root:2021-07-21-11--07--20 anomallyFrameTracker resetted to 200
INFO:root:2021-07-21-11--07--20 Colour Conversion Completed
INFO:root:2021-07-21-11--07--20 Sleep Check Completed
INFO:root:2021-07-21-11--07--20 Frame manipulations completed
INFO:root:2021-07-21-11--07--20 Bounding Box Drawn
INFO:root:2021-07-21-11--07--20 MovingFrameQueue Appended
INFO:root:2021-07-21-11--07--20 anomallyFrameTracker resetted to 200
INFO:root:2021-07-21-11--07--20 Colour Conversion Completed
INFO:root:2021-07-21-11--07--21 Sleep Check Completed
INFO:root:2021-07-21-11--07--21 Frame manipulations completed
INFO:root:2021-07-21-11--07--21 Bounding Box Drawn
INFO:root:2021-07-21-11--07--21 MovingFrameQueue Popped
INFO:root:2021-07-21-11--07--21 anomallyFrameTracker resetted to 200
INFO:root:2021-07-21-11--07--21 Colour Conversion Completed
INFO:root:2021-07-21-11--07--21 Sleep Check Completed
INFO:root:2021-07-21-11--07--21 Frame manipulations completed
INFO:root:2021-07-21-11--07--21 Bounding Box Drawn
INFO:root:2021-07-21-11--07--21 MovingFrameQueue Appended
INFO:root:2021-07-21-11--07--21 anomallyFrameTracker resetted to 200
INFO:root:2021-07-21-11--07--21 Colour Conversion Completed
INFO:root:2021-07-21-11--07--21 Sleep Check Completed
INFO:root:2021-07-21-11--07--21 Frame manipulations completed
INFO:root:2021-07-21-11--07--21 Bounding Box Drawn
INFO:root:2021-07-21-11--07--21 MovingFrameQueue Popped
INFO:root:2021-07-21-11--07--21 anomallyFrameTracker resetted to 200
INFO:root:2021-07-21-11--07--21 Colour Conversion Completed
INFO:root:2021-07-21-11--07--21 Sleep Check Completed
INFO:root:2021-07-21-11--07--21 Frame manipulations completed
INFO:root:2021-07-21-11--07--21 Bounding Box Drawn
INFO:root:2021-07-21-11--07--21 MovingFrameQueue Appended
INFO:root:2021-07-21-11--07--21 anomallyFrameTracker resetted to 200
INFO:root:2021-07-21-11--07--21 Colour Conversion Completed
INFO:root:2021-07-21-11--07--21 Sleep Check Completed
INFO:root:2021-07-21-11--07--21 Frame manipulations completed
INFO:root:2021-07-21-11--07--21 Bounding Box Drawn
INFO:root:2021-07-21-11--07--22 MovingFrameQueue Popped
INFO:root:2021-07-21-11--07--22 anomallyFrameTracker resetted to 200
INFO:root:2021-07-21-11--07--22 Colour Conversion Completed
INFO:root:2021-07-21-11--07--22 Sleep Check Completed
INFO:root:2021-07-21-11--07--22 Frame manipulations completed
INFO:root:2021-07-21-11--07--22 Bounding Box Drawn
INFO:root:2021-07-21-11--07--22 MovingFrameQueue Appended
INFO:root:2021-07-21-11--07--22 anomallyFrameTracker resetted to 200
INFO:root:2021-07-21-11--07--22 Colour Conversion Completed
INFO:root:2021-07-21-11--07--22 Sleep Check Completed
INFO:root:2021-07-21-11--07--22 Frame manipulations completed
INFO:root:2021-07-21-11--07--22 Bounding Box Drawn
INFO:root:2021-07-21-11--07--22 MovingFrameQueue Popped
INFO:root:2021-07-21-11--07--22 anomallyFrameTracker resetted to 200
INFO:root:2021-07-21-11--07--22 Colour Conversion Completed
INFO:root:2021-07-21-11--07--22 Sleep Check Completed
INFO:root:2021-07-21-11--07--22 Frame manipulations completed
INFO:root:2021-07-21-11--07--22 Bounding Box Drawn
INFO:root:2021-07-21-11--07--22 MovingFrameQueue Appended
INFO:root:2021-07-21-11--07--22 anomallyFrameTracker resetted to 200
INFO:root:2021-07-21-11--07--22 Colour Conversion Completed
INFO:root:2021-07-21-11--07--22 Sleep Check Completed
INFO:root:2021-07-21-11--07--22 Frame manipulations completed
INFO:root:2021-07-21-11--07--22 Bounding Box Drawn
INFO:root:2021-07-21-11--07--22 MovingFrameQueue Popped
INFO:root:2021-07-21-11--07--22 anomallyFrameTracker resetted to 200
INFO:root:2021-07-21-11--07--22 Colour Conversion Completed
INFO:root:2021-07-21-11--07--22 Sleep Check Completed
INFO:root:2021-07-21-11--07--22 Frame manipulations completed
INFO:root:2021-07-21-11--07--22 Bounding Box Drawn
INFO:root:2021-07-21-11--07--22 MovingFrameQueue Appended
INFO:root:2021-07-21-11--07--22 anomallyFrameTracker resetted to 200
INFO:root:2021-07-21-11--07--22 Colour Conversion Completed
INFO:root:2021-07-21-11--07--22 Sleep Check Completed
INFO:root:2021-07-21-11--07--22 Frame manipulations completed
INFO:root:2021-07-21-11--07--22 Bounding Box Drawn
INFO:root:2021-07-21-11--07--23 MovingFrameQueue Popped
INFO:root:2021-07-21-11--07--23 anomallyFrameTracker resetted to 200
INFO:root:2021-07-21-11--07--23 Colour Conversion Completed
INFO:root:2021-07-21-11--07--23 Sleep Check Completed
INFO:root:2021-07-21-11--07--23 Frame manipulations completed
INFO:root:2021-07-21-11--07--23 Bounding Box Drawn
INFO:root:2021-07-21-11--07--23 MovingFrameQueue Appended
INFO:root:2021-07-21-11--07--23 anomallyFrameTracker resetted to 200
INFO:root:2021-07-21-11--07--23 Colour Conversion Completed
INFO:root:2021-07-21-11--07--23 Sleep Check Completed
INFO:root:2021-07-21-11--07--23 Frame manipulations completed
INFO:root:2021-07-21-11--07--23 Bounding Box Drawn
INFO:root:2021-07-21-11--07--23 MovingFrameQueue Popped
INFO:root:2021-07-21-11--07--23 anomallyFrameTracker resetted to 200
INFO:root:2021-07-21-11--07--23 Colour Conversion Completed
INFO:root:2021-07-21-11--07--23 Sleep Check Completed
INFO:root:2021-07-21-11--07--23 Frame manipulations completed
INFO:root:2021-07-21-11--07--23 Bounding Box Drawn
INFO:root:2021-07-21-11--07--23 MovingFrameQueue Appended
INFO:root:2021-07-21-11--07--23 anomallyFrameTracker resetted to 200
INFO:root:2021-07-21-11--07--23 Colour Conversion Completed
INFO:root:2021-07-21-11--07--23 Sleep Check Completed
INFO:root:2021-07-21-11--07--23 Frame manipulations completed
INFO:root:2021-07-21-11--07--23 Bounding Box Drawn
INFO:root:2021-07-21-11--07--24 MovingFrameQueue Popped
INFO:root:2021-07-21-11--07--24 anomallyFrameTracker resetted to 200
INFO:root:2021-07-21-11--07--24 Colour Conversion Completed
INFO:root:2021-07-21-11--07--24 Sleep Check Completed
INFO:root:2021-07-21-11--07--24 Frame manipulations completed
INFO:root:2021-07-21-11--07--24 Bounding Box Drawn
INFO:root:2021-07-21-11--07--24 MovingFrameQueue Appended
INFO:root:2021-07-21-11--07--24 anomallyFrameTracker resetted to 200
INFO:root:2021-07-21-11--07--24 Colour Conversion Completed
INFO:root:2021-07-21-11--07--24 Sleep Check Completed
INFO:root:2021-07-21-11--07--24 Frame manipulations completed
INFO:root:2021-07-21-11--07--24 Bounding Box Drawn
INFO:root:2021-07-21-11--07--24 MovingFrameQueue Popped
INFO:root:2021-07-21-11--07--24 anomallyFrameTracker resetted to 200
INFO:root:2021-07-21-11--07--24 Colour Conversion Completed
INFO:root:2021-07-21-11--07--24 Sleep Check Completed
INFO:root:2021-07-21-11--07--24 Frame manipulations completed
INFO:root:2021-07-21-11--07--24 Bounding Box Drawn
INFO:root:2021-07-21-11--07--24 MovingFrameQueue Appended
INFO:root:2021-07-21-11--07--24 anomallyFrameTracker resetted to 200
INFO:root:2021-07-21-11--07--24 Colour Conversion Completed
INFO:root:2021-07-21-11--07--24 Sleep Check Completed
INFO:root:2021-07-21-11--07--24 Frame manipulations completed
INFO:root:2021-07-21-11--07--24 Bounding Box Drawn
INFO:root:2021-07-21-11--07--25 MovingFrameQueue Popped
INFO:root:2021-07-21-11--07--25 anomallyFrameTracker resetted to 200
INFO:root:2021-07-21-11--07--25 Colour Conversion Completed
INFO:root:2021-07-21-11--07--25 Sleep Check Completed
INFO:root:2021-07-21-11--07--25 Frame manipulations completed
INFO:root:2021-07-21-11--07--25 Bounding Box Drawn
INFO:root:2021-07-21-11--07--25 MovingFrameQueue Appended
INFO:root:2021-07-21-11--07--25 anomallyFrameTracker resetted to 200
INFO:root:2021-07-21-11--07--25 Colour Conversion Completed
INFO:root:2021-07-21-11--07--25 Sleep Check Completed
INFO:root:2021-07-21-11--07--25 Frame manipulations completed
INFO:root:2021-07-21-11--07--25 Bounding Box Drawn
INFO:root:2021-07-21-11--07--25 MovingFrameQueue Popped
INFO:root:2021-07-21-11--07--25 anomallyFrameTracker resetted to 200
INFO:root:2021-07-21-11--07--25 Colour Conversion Completed
INFO:root:2021-07-21-11--07--25 Sleep Check Completed
INFO:root:2021-07-21-11--07--25 Frame manipulations completed
INFO:root:2021-07-21-11--07--25 Bounding Box Drawn
INFO:root:2021-07-21-11--07--25 MovingFrameQueue Appended
INFO:root:2021-07-21-11--07--25 anomallyFrameTracker resetted to 200
INFO:root:2021-07-21-11--07--25 Colour Conversion Completed
INFO:root:2021-07-21-11--07--25 Sleep Check Completed
INFO:root:2021-07-21-11--07--25 Frame manipulations completed
INFO:root:2021-07-21-11--07--25 Bounding Box Drawn
INFO:root:2021-07-21-11--07--25 MovingFrameQueue Popped
INFO:root:2021-07-21-11--07--25 anomallyFrameTracker resetted to 200
INFO:root:2021-07-21-11--07--25 Colour Conversion Completed
INFO:root:2021-07-21-11--07--25 Sleep Check Completed
INFO:root:2021-07-21-11--07--25 Frame manipulations completed
INFO:root:2021-07-21-11--07--25 Bounding Box Drawn
INFO:root:2021-07-21-11--07--26 MovingFrameQueue Appended
INFO:root:2021-07-21-11--07--26 anomallyFrameTracker resetted to 200
INFO:root:2021-07-21-11--07--26 Colour Conversion Completed
INFO:root:2021-07-21-11--07--26 Sleep Check Completed
INFO:root:2021-07-21-11--07--26 Frame manipulations completed
INFO:root:2021-07-21-11--07--26 Bounding Box Drawn
INFO:root:2021-07-21-11--07--26 MovingFrameQueue Popped
INFO:root:2021-07-21-11--07--26 anomallyFrameTracker resetted to 200
INFO:root:2021-07-21-11--07--26 Colour Conversion Completed
INFO:root:2021-07-21-11--07--26 Sleep Check Completed
INFO:root:2021-07-21-11--07--26 Frame manipulations completed
INFO:root:2021-07-21-11--07--26 Bounding Box Drawn
INFO:root:2021-07-21-11--07--26 MovingFrameQueue Appended
INFO:root:2021-07-21-11--07--26 anomallyFrameTracker resetted to 200
INFO:root:2021-07-21-11--07--26 Colour Conversion Completed
INFO:root:2021-07-21-11--07--26 Sleep Check Completed
INFO:root:2021-07-21-11--07--26 Frame manipulations completed
INFO:root:2021-07-21-11--07--26 Bounding Box Drawn
INFO:root:2021-07-21-11--07--26 MovingFrameQueue Popped
INFO:root:2021-07-21-11--07--26 anomallyFrameTracker resetted to 200
INFO:root:2021-07-21-11--07--26 Colour Conversion Completed
INFO:root:2021-07-21-11--07--26 Sleep Check Completed
INFO:root:2021-07-21-11--07--26 Frame manipulations completed
INFO:root:2021-07-21-11--07--26 Bounding Box Drawn
INFO:root:2021-07-21-11--07--26 MovingFrameQueue Appended
INFO:root:2021-07-21-11--07--26 anomallyFrameTracker resetted to 200
INFO:root:2021-07-21-11--07--26 Colour Conversion Completed
INFO:root:2021-07-21-11--07--26 Sleep Check Completed
INFO:root:2021-07-21-11--07--26 Frame manipulations completed
INFO:root:2021-07-21-11--07--26 Bounding Box Drawn
INFO:root:2021-07-21-11--07--26 MovingFrameQueue Popped
INFO:root:2021-07-21-11--07--26 anomallyFrameTracker resetted to 200
INFO:root:2021-07-21-11--07--26 Colour Conversion Completed
INFO:root:2021-07-21-11--07--26 Sleep Check Completed
INFO:root:2021-07-21-11--07--26 Frame manipulations completed
INFO:root:2021-07-21-11--07--26 Bounding Box Drawn
INFO:root:2021-07-21-11--07--26 MovingFrameQueue Appended
INFO:root:2021-07-21-11--07--26 anomallyFrameTracker resetted to 200
INFO:root:2021-07-21-11--07--26 Colour Conversion Completed
INFO:root:2021-07-21-11--07--26 Sleep Check Completed
INFO:root:2021-07-21-11--07--26 Frame manipulations completed
INFO:root:2021-07-21-11--07--26 Bounding Box Drawn
INFO:root:2021-07-21-11--07--27 MovingFrameQueue Popped
INFO:root:2021-07-21-11--07--27 anomallyFrameTracker resetted to 200
INFO:root:2021-07-21-11--07--27 Colour Conversion Completed
INFO:root:2021-07-21-11--07--27 Sleep Check Completed
INFO:root:2021-07-21-11--07--27 Frame manipulations completed
INFO:root:2021-07-21-11--07--27 Bounding Box Drawn
INFO:root:2021-07-21-11--07--27 MovingFrameQueue Appended
INFO:root:2021-07-21-11--07--27 anomallyFrameTracker resetted to 200
INFO:root:2021-07-21-11--07--27 Colour Conversion Completed
INFO:root:2021-07-21-11--07--27 Sleep Check Completed
INFO:root:2021-07-21-11--07--27 Frame manipulations completed
INFO:root:2021-07-21-11--07--27 Bounding Box Drawn
INFO:root:2021-07-21-11--07--27 MovingFrameQueue Popped
INFO:root:2021-07-21-11--07--27 anomallyFrameTracker resetted to 200
INFO:root:2021-07-21-11--07--27 Colour Conversion Completed
INFO:root:2021-07-21-11--07--27 Sleep Check Completed
INFO:root:2021-07-21-11--07--27 Frame manipulations completed
INFO:root:2021-07-21-11--07--27 Bounding Box Drawn
INFO:root:2021-07-21-11--07--27 MovingFrameQueue Appended
INFO:root:2021-07-21-11--07--27 anomallyFrameTracker resetted to 200
INFO:root:2021-07-21-11--07--27 Colour Conversion Completed
INFO:root:2021-07-21-11--07--27 Sleep Check Completed
INFO:root:2021-07-21-11--07--27 Frame manipulations completed
INFO:root:2021-07-21-11--07--27 Bounding Box Drawn
INFO:root:2021-07-21-11--07--27 MovingFrameQueue Popped
INFO:root:2021-07-21-11--07--27 anomallyFrameTracker resetted to 200
INFO:root:2021-07-21-11--07--27 Colour Conversion Completed
INFO:root:2021-07-21-11--07--27 Sleep Check Completed
INFO:root:2021-07-21-11--07--27 Frame manipulations completed
INFO:root:2021-07-21-11--07--27 Bounding Box Drawn
INFO:root:2021-07-21-11--07--27 MovingFrameQueue Appended
INFO:root:2021-07-21-11--07--27 anomallyFrameTracker resetted to 200
INFO:root:2021-07-21-11--07--27 Colour Conversion Completed
INFO:root:2021-07-21-11--07--27 Sleep Check Completed
INFO:root:2021-07-21-11--07--27 Frame manipulations completed
INFO:root:2021-07-21-11--07--27 Bounding Box Drawn
INFO:root:2021-07-21-11--07--27 MovingFrameQueue Popped
INFO:root:2021-07-21-11--07--27 anomallyFrameTracker resetted to 200
INFO:root:2021-07-21-11--07--27 Colour Conversion Completed
INFO:root:2021-07-21-11--07--28 Sleep Check Completed
INFO:root:2021-07-21-11--07--28 Frame manipulations completed
INFO:root:2021-07-21-11--07--28 Bounding Box Drawn
INFO:root:2021-07-21-11--07--28 MovingFrameQueue Appended
INFO:root:2021-07-21-11--07--28 anomallyFrameTracker resetted to 200
INFO:root:2021-07-21-11--07--28 Colour Conversion Completed
INFO:root:2021-07-21-11--07--28 Sleep Check Completed
INFO:root:2021-07-21-11--07--28 Frame manipulations completed
INFO:root:2021-07-21-11--07--28 Bounding Box Drawn
INFO:root:2021-07-21-11--07--28 MovingFrameQueue Popped
INFO:root:2021-07-21-11--07--28 anomallyFrameTracker resetted to 200
INFO:root:2021-07-21-11--07--28 Colour Conversion Completed
INFO:root:2021-07-21-11--07--28 Sleep Check Completed
INFO:root:2021-07-21-11--07--28 Frame manipulations completed
INFO:root:2021-07-21-11--07--28 Bounding Box Drawn
INFO:root:2021-07-21-11--07--28 MovingFrameQueue Appended
INFO:root:2021-07-21-11--07--28 anomallyFrameTracker resetted to 200
INFO:root:2021-07-21-11--07--28 Colour Conversion Completed
INFO:root:2021-07-21-11--07--28 Sleep Check Completed
INFO:root:2021-07-21-11--07--28 Frame manipulations completed
INFO:root:2021-07-21-11--07--28 Bounding Box Drawn
INFO:root:2021-07-21-11--07--28 MovingFrameQueue Popped
INFO:root:2021-07-21-11--07--28 anomallyFrameTracker resetted to 200
INFO:root:2021-07-21-11--07--28 Colour Conversion Completed
INFO:root:2021-07-21-11--07--28 Sleep Check Completed
INFO:root:2021-07-21-11--07--28 Frame manipulations completed
INFO:root:2021-07-21-11--07--28 Bounding Box Drawn
INFO:root:2021-07-21-11--07--28 MovingFrameQueue Appended
INFO:root:2021-07-21-11--07--28 anomallyFrameTracker resetted to 200
INFO:root:2021-07-21-11--07--28 Colour Conversion Completed
INFO:root:2021-07-21-11--07--28 Sleep Check Completed
INFO:root:2021-07-21-11--07--28 Frame manipulations completed
INFO:root:2021-07-21-11--07--28 Bounding Box Drawn
INFO:root:2021-07-21-11--07--28 MovingFrameQueue Popped
INFO:root:2021-07-21-11--07--28 anomallyFrameTracker resetted to 200
INFO:root:2021-07-21-11--07--28 Colour Conversion Completed
INFO:root:2021-07-21-11--07--28 Sleep Check Completed
INFO:root:2021-07-21-11--07--28 Frame manipulations completed
INFO:root:2021-07-21-11--07--28 Bounding Box Drawn
INFO:root:2021-07-21-11--07--29 MovingFrameQueue Appended
INFO:root:2021-07-21-11--07--29 anomallyFrameTracker resetted to 200
INFO:root:2021-07-21-11--07--29 Colour Conversion Completed
INFO:root:2021-07-21-11--07--29 Sleep Check Completed
INFO:root:2021-07-21-11--07--29 Frame manipulations completed
INFO:root:2021-07-21-11--07--29 Bounding Box Drawn
INFO:root:2021-07-21-11--07--29 MovingFrameQueue Popped
INFO:root:2021-07-21-11--07--29 anomallyFrameTracker resetted to 200
INFO:root:2021-07-21-11--07--29 Colour Conversion Completed
INFO:root:2021-07-21-11--07--29 Sleep Check Completed
INFO:root:2021-07-21-11--07--29 Frame manipulations completed
INFO:root:2021-07-21-11--07--29 Bounding Box Drawn
INFO:root:2021-07-21-11--07--29 MovingFrameQueue Appended
INFO:root:2021-07-21-11--07--29 anomallyFrameTracker resetted to 200
INFO:root:2021-07-21-11--07--29 Colour Conversion Completed
INFO:root:2021-07-21-11--07--29 Sleep Check Completed
INFO:root:2021-07-21-11--07--29 Frame manipulations completed
INFO:root:2021-07-21-11--07--29 Bounding Box Drawn
INFO:root:2021-07-21-11--07--29 MovingFrameQueue Popped
INFO:root:2021-07-21-11--07--29 anomallyFrameTracker resetted to 200
INFO:root:2021-07-21-11--07--29 Colour Conversion Completed
INFO:root:2021-07-21-11--07--29 Sleep Check Completed
INFO:root:2021-07-21-11--07--29 Frame manipulations completed
INFO:root:2021-07-21-11--07--29 Bounding Box Drawn
INFO:root:2021-07-21-11--07--29 MovingFrameQueue Appended
INFO:root:2021-07-21-11--07--29 anomallyFrameTracker resetted to 200
INFO:root:2021-07-21-11--07--29 Colour Conversion Completed
INFO:root:2021-07-21-11--07--29 Sleep Check Completed
INFO:root:2021-07-21-11--07--29 Frame manipulations completed
INFO:root:2021-07-21-11--07--29 Bounding Box Drawn
INFO:root:2021-07-21-11--07--29 MovingFrameQueue Popped
INFO:root:2021-07-21-11--07--29 anomallyFrameTracker resetted to 200
INFO:root:2021-07-21-11--07--29 Colour Conversion Completed
INFO:root:2021-07-21-11--07--30 Sleep Check Completed
INFO:root:2021-07-21-11--07--30 Frame manipulations completed
INFO:root:2021-07-21-11--07--30 Bounding Box Drawn
INFO:root:2021-07-21-11--07--30 MovingFrameQueue Appended
INFO:root:2021-07-21-11--07--30 anomallyFrameTracker resetted to 200
INFO:root:2021-07-21-11--07--30 Colour Conversion Completed
INFO:root:2021-07-21-11--07--30 Sleep Check Completed
INFO:root:2021-07-21-11--07--30 Frame manipulations completed
INFO:root:2021-07-21-11--07--30 Bounding Box Drawn
INFO:root:2021-07-21-11--07--30 MovingFrameQueue Popped
INFO:root:2021-07-21-11--07--30 anomallyFrameTracker resetted to 200
INFO:root:2021-07-21-11--07--30 Colour Conversion Completed
INFO:root:2021-07-21-11--07--30 Sleep Check Completed
INFO:root:2021-07-21-11--07--30 Frame manipulations completed
INFO:root:2021-07-21-11--07--30 Bounding Box Drawn
INFO:root:2021-07-21-11--07--30 MovingFrameQueue Appended
INFO:root:2021-07-21-11--07--30 anomallyFrameTracker resetted to 200
INFO:root:2021-07-21-11--07--30 Colour Conversion Completed
INFO:root:2021-07-21-11--07--30 Sleep Check Completed
INFO:root:2021-07-21-11--07--30 Frame manipulations completed
INFO:root:2021-07-21-11--07--30 Bounding Box Drawn
INFO:root:2021-07-21-11--07--30 MovingFrameQueue Popped
INFO:root:2021-07-21-11--07--30 anomallyFrameTracker resetted to 200
INFO:root:2021-07-21-11--07--30 Colour Conversion Completed
INFO:root:2021-07-21-11--07--30 Sleep Check Completed
INFO:root:2021-07-21-11--07--30 Frame manipulations completed
INFO:root:2021-07-21-11--07--30 Bounding Box Drawn
INFO:root:2021-07-21-11--07--30 MovingFrameQueue Appended
INFO:root:2021-07-21-11--07--30 anomallyFrameTracker resetted to 200
INFO:root:2021-07-21-11--07--30 Colour Conversion Completed
INFO:root:2021-07-21-11--07--30 Sleep Check Completed
INFO:root:2021-07-21-11--07--30 Frame manipulations completed
INFO:root:2021-07-21-11--07--30 Bounding Box Drawn
INFO:root:2021-07-21-11--07--31 MovingFrameQueue Popped
INFO:root:2021-07-21-11--07--31 anomallyFrameTracker resetted to 200
INFO:root:2021-07-21-11--07--31 Colour Conversion Completed
INFO:root:2021-07-21-11--07--31 Sleep Check Completed
INFO:root:2021-07-21-11--07--31 Frame manipulations completed
INFO:root:2021-07-21-11--07--31 Bounding Box Drawn
INFO:root:2021-07-21-11--07--31 MovingFrameQueue Appended
INFO:root:2021-07-21-11--07--31 anomallyFrameTracker resetted to 200
INFO:root:2021-07-21-11--07--31 Colour Conversion Completed
INFO:root:2021-07-21-11--07--31 Sleep Check Completed
INFO:root:2021-07-21-11--07--31 Frame manipulations completed
INFO:root:2021-07-21-11--07--31 Bounding Box Drawn
INFO:root:2021-07-21-11--07--31 MovingFrameQueue Popped
INFO:root:2021-07-21-11--07--31 anomallyFrameTracker resetted to 200
INFO:root:2021-07-21-11--07--31 Colour Conversion Completed
INFO:root:2021-07-21-11--07--31 Sleep Check Completed
INFO:root:2021-07-21-11--07--31 Frame manipulations completed
INFO:root:2021-07-21-11--07--31 Bounding Box Drawn
INFO:root:2021-07-21-11--07--31 MovingFrameQueue Appended
INFO:root:2021-07-21-11--07--31 anomallyFrameTracker resetted to 200
INFO:root:2021-07-21-11--07--31 Colour Conversion Completed
INFO:root:2021-07-21-11--07--31 Sleep Check Completed
INFO:root:2021-07-21-11--07--31 Frame manipulations completed
INFO:root:2021-07-21-11--07--31 Bounding Box Drawn
INFO:root:2021-07-21-11--07--31 MovingFrameQueue Popped
INFO:root:2021-07-21-11--07--31 anomallyFrameTracker resetted to 200
INFO:root:2021-07-21-11--07--31 Colour Conversion Completed
INFO:root:2021-07-21-11--07--31 Sleep Check Completed
INFO:root:2021-07-21-11--07--31 Frame manipulations completed
INFO:root:2021-07-21-11--07--31 Bounding Box Drawn
INFO:root:2021-07-21-11--07--31 MovingFrameQueue Appended
INFO:root:2021-07-21-11--07--31 anomallyFrameTracker resetted to 200
INFO:root:2021-07-21-11--07--31 Colour Conversion Completed
INFO:root:2021-07-21-11--07--31 Sleep Check Completed
INFO:root:2021-07-21-11--07--31 Frame manipulations completed
INFO:root:2021-07-21-11--07--31 Bounding Box Drawn
INFO:root:2021-07-21-11--07--32 MovingFrameQueue Popped
INFO:root:2021-07-21-11--07--32 anomallyFrameTracker resetted to 200
INFO:root:2021-07-21-11--07--32 Colour Conversion Completed
INFO:root:2021-07-21-11--07--32 Sleep Check Completed
INFO:root:2021-07-21-11--07--32 Frame manipulations completed
INFO:root:2021-07-21-11--07--32 Bounding Box Drawn
INFO:root:2021-07-21-11--07--32 MovingFrameQueue Appended
INFO:root:2021-07-21-11--07--32 anomallyFrameTracker resetted to 200
INFO:root:2021-07-21-11--07--32 Colour Conversion Completed
INFO:root:2021-07-21-11--07--32 Sleep Check Completed
INFO:root:2021-07-21-11--07--32 Frame manipulations completed
INFO:root:2021-07-21-11--07--32 Bounding Box Drawn
INFO:root:2021-07-21-11--07--32 MovingFrameQueue Popped
INFO:root:2021-07-21-11--07--32 anomallyFrameTracker resetted to 200
INFO:root:2021-07-21-11--07--32 Colour Conversion Completed
INFO:root:2021-07-21-11--07--32 Sleep Check Completed
INFO:root:2021-07-21-11--07--32 Frame manipulations completed
INFO:root:2021-07-21-11--07--32 Bounding Box Drawn
INFO:root:2021-07-21-11--07--32 MovingFrameQueue Appended
INFO:root:2021-07-21-11--07--32 anomallyFrameTracker resetted to 200
INFO:root:2021-07-21-11--07--32 Colour Conversion Completed
INFO:root:2021-07-21-11--07--32 Sleep Check Completed
INFO:root:2021-07-21-11--07--32 Frame manipulations completed
INFO:root:2021-07-21-11--07--32 Bounding Box Drawn
INFO:root:2021-07-21-11--07--32 MovingFrameQueue Popped
INFO:root:2021-07-21-11--07--32 anomallyFrameTracker resetted to 200
INFO:root:2021-07-21-11--07--32 Colour Conversion Completed
INFO:root:2021-07-21-11--07--32 Sleep Check Completed
INFO:root:2021-07-21-11--07--32 Frame manipulations completed
INFO:root:2021-07-21-11--07--32 Bounding Box Drawn
INFO:root:2021-07-21-11--07--33 MovingFrameQueue Appended
INFO:root:2021-07-21-11--07--33 anomallyFrameTracker resetted to 200
INFO:root:2021-07-21-11--07--33 Colour Conversion Completed
INFO:root:2021-07-21-11--07--33 Sleep Check Completed
INFO:root:2021-07-21-11--07--33 Frame manipulations completed
INFO:root:2021-07-21-11--07--33 Bounding Box Drawn
INFO:root:2021-07-21-11--07--33 MovingFrameQueue Popped
INFO:root:2021-07-21-11--07--33 anomallyFrameTracker resetted to 200
INFO:root:2021-07-21-11--07--33 Colour Conversion Completed
INFO:root:2021-07-21-11--07--33 Sleep Check Completed
INFO:root:2021-07-21-11--07--33 Frame manipulations completed
INFO:root:2021-07-21-11--07--33 Bounding Box Drawn
INFO:root:2021-07-21-11--07--33 MovingFrameQueue Appended
INFO:root:2021-07-21-11--07--33 anomallyFrameTracker resetted to 200
INFO:root:2021-07-21-11--07--33 Colour Conversion Completed
INFO:root:2021-07-21-11--07--33 Sleep Check Completed
INFO:root:2021-07-21-11--07--33 Frame manipulations completed
INFO:root:2021-07-21-11--07--33 Bounding Box Drawn
INFO:root:2021-07-21-11--07--33 MovingFrameQueue Popped
INFO:root:2021-07-21-11--07--33 anomallyFrameTracker resetted to 200
INFO:root:2021-07-21-11--07--33 Colour Conversion Completed
INFO:root:2021-07-21-11--07--33 Sleep Check Completed
INFO:root:2021-07-21-11--07--33 Frame manipulations completed
INFO:root:2021-07-21-11--07--33 Bounding Box Drawn
INFO:root:2021-07-21-11--07--33 MovingFrameQueue Appended
INFO:root:2021-07-21-11--07--33 anomallyFrameTracker resetted to 200
INFO:root:2021-07-21-11--07--33 Colour Conversion Completed
INFO:root:2021-07-21-11--07--33 Sleep Check Completed
INFO:root:2021-07-21-11--07--33 Frame manipulations completed
INFO:root:2021-07-21-11--07--33 Bounding Box Drawn
INFO:root:2021-07-21-11--07--33 MovingFrameQueue Popped
INFO:root:2021-07-21-11--07--33 anomallyFrameTracker resetted to 200
INFO:root:2021-07-21-11--07--33 Colour Conversion Completed
INFO:root:2021-07-21-11--07--33 Sleep Check Completed
INFO:root:2021-07-21-11--07--33 Frame manipulations completed
INFO:root:2021-07-21-11--07--33 Bounding Box Drawn
INFO:root:2021-07-21-11--07--33 MovingFrameQueue Appended
INFO:root:2021-07-21-11--07--33 anomallyFrameTracker resetted to 200
INFO:root:2021-07-21-11--07--33 Colour Conversion Completed
INFO:root:2021-07-21-11--07--33 Sleep Check Completed
INFO:root:2021-07-21-11--07--33 Frame manipulations completed
INFO:root:2021-07-21-11--07--33 Bounding Box Drawn
INFO:root:2021-07-21-11--07--34 MovingFrameQueue Popped
INFO:root:2021-07-21-11--07--34 anomallyFrameTracker resetted to 200
INFO:root:2021-07-21-11--07--34 Colour Conversion Completed
INFO:root:2021-07-21-11--07--34 Sleep Check Completed
INFO:root:2021-07-21-11--07--34 Frame manipulations completed
INFO:root:2021-07-21-11--07--34 Bounding Box Drawn
INFO:root:2021-07-21-11--07--34 MovingFrameQueue Appended
INFO:root:2021-07-21-11--07--34 anomallyFrameTracker resetted to 200
INFO:root:2021-07-21-11--07--34 Colour Conversion Completed
INFO:root:2021-07-21-11--07--34 Sleep Check Completed
INFO:root:2021-07-21-11--07--34 Frame manipulations completed
INFO:root:2021-07-21-11--07--34 Bounding Box Drawn
INFO:root:2021-07-21-11--07--34 MovingFrameQueue Popped
INFO:root:2021-07-21-11--07--34 anomallyFrameTracker resetted to 200
INFO:root:2021-07-21-11--07--34 Colour Conversion Completed
INFO:root:2021-07-21-11--07--34 Sleep Check Completed
INFO:root:2021-07-21-11--07--34 Frame manipulations completed
INFO:root:2021-07-21-11--07--34 Bounding Box Drawn
INFO:root:2021-07-21-11--07--34 MovingFrameQueue Appended
INFO:root:2021-07-21-11--07--34 anomallyFrameTracker resetted to 200
INFO:root:2021-07-21-11--07--34 Colour Conversion Completed
INFO:root:2021-07-21-11--07--34 Sleep Check Completed
INFO:root:2021-07-21-11--07--34 Frame manipulations completed
INFO:root:2021-07-21-11--07--34 Bounding Box Drawn
INFO:root:2021-07-21-11--07--34[INFO] elapsed time: 55.05
INFO:root:2021-07-21-11--07--34[INFO] approx. FPS: 5.03
INFO:root:2021-07-21-11--07--35 Getting Auth Token Success
INFO:root:2021-07-21-11--07--35 BedTime Upload Completed
