INFO:root:2021-08-10-15--04--04 Parameter Generation Success
INFO:root:2021-08-10-15--04--04 Colour Conversion Completed
INFO:root:2021-08-10-15--04--04 Sleep Check Completed
INFO:root:2021-08-10-15--04--04 Frame manipulations completed
INFO:root:2021-08-10-15--04--04 Bounding Box Drawn
INFO:root:2021-08-10-15--04--10 MovingFrameQueue Appended
INFO:root:2021-08-10-15--04--10 Colour Conversion Completed
INFO:root:2021-08-10-15--04--10 Sleep Check Completed
INFO:root:2021-08-10-15--04--10 Frame manipulations completed
INFO:root:2021-08-10-15--04--10 Bounding Box Drawn
INFO:root:2021-08-10-15--04--10 MovingFrameQueue Appended
INFO:root:2021-08-10-15--04--10 Colour Conversion Completed
INFO:root:2021-08-10-15--04--10 Sleep Check Completed
INFO:root:2021-08-10-15--04--10 Frame manipulations completed
INFO:root:2021-08-10-15--04--10 Bounding Box Drawn
INFO:root:2021-08-10-15--04--10 MovingFrameQueue Appended
INFO:root:2021-08-10-15--04--10 Colour Conversion Completed
INFO:root:2021-08-10-15--04--10 Sleep Check Completed
INFO:root:2021-08-10-15--04--10 Frame manipulations completed
INFO:root:2021-08-10-15--04--10 Bounding Box Drawn
INFO:root:2021-08-10-15--04--10 MovingFrameQueue Appended
INFO:root:2021-08-10-15--04--10 Colour Conversion Completed
INFO:root:2021-08-10-15--04--10 Sleep Check Completed
INFO:root:2021-08-10-15--04--10 Frame manipulations completed
INFO:root:2021-08-10-15--04--10 Bounding Box Drawn
INFO:root:2021-08-10-15--04--10 MovingFrameQueue Appended
INFO:root:2021-08-10-15--04--10 Colour Conversion Completed
INFO:root:2021-08-10-15--04--10 Sleep Check Completed
INFO:root:2021-08-10-15--04--10 Frame manipulations completed
INFO:root:2021-08-10-15--04--10 Bounding Box Drawn
INFO:root:2021-08-10-15--04--10 MovingFrameQueue Appended
INFO:root:2021-08-10-15--04--10 Colour Conversion Completed
INFO:root:2021-08-10-15--04--10 Sleep Check Completed
INFO:root:2021-08-10-15--04--10 Frame manipulations completed
INFO:root:2021-08-10-15--04--10 Bounding Box Drawn
INFO:root:2021-08-10-15--04--11 MovingFrameQueue Appended
INFO:root:2021-08-10-15--04--11 Colour Conversion Completed
INFO:root:2021-08-10-15--04--11 Sleep Check Completed
INFO:root:2021-08-10-15--04--11 Frame manipulations completed
INFO:root:2021-08-10-15--04--11 Bounding Box Drawn
INFO:root:2021-08-10-15--04--11 MovingFrameQueue Appended
INFO:root:2021-08-10-15--04--11 Colour Conversion Completed
INFO:root:2021-08-10-15--04--11 Sleep Check Completed
INFO:root:2021-08-10-15--04--11 Frame manipulations completed
INFO:root:2021-08-10-15--04--11 Bounding Box Drawn
INFO:root:2021-08-10-15--04--11 MovingFrameQueue Appended
INFO:root:2021-08-10-15--04--11 Colour Conversion Completed
INFO:root:2021-08-10-15--04--11 Sleep Check Completed
INFO:root:2021-08-10-15--04--11 Frame manipulations completed
INFO:root:2021-08-10-15--04--11 Bounding Box Drawn
INFO:root:2021-08-10-15--04--11 MovingFrameQueue Appended
INFO:root:2021-08-10-15--04--11 Colour Conversion Completed
INFO:root:2021-08-10-15--04--11 Sleep Check Completed
INFO:root:2021-08-10-15--04--11 Frame manipulations completed
INFO:root:2021-08-10-15--04--11 Bounding Box Drawn
INFO:root:2021-08-10-15--04--11 MovingFrameQueue Appended
INFO:root:2021-08-10-15--04--11 Colour Conversion Completed
INFO:root:2021-08-10-15--04--11 Sleep Check Completed
INFO:root:2021-08-10-15--04--11 Frame manipulations completed
INFO:root:2021-08-10-15--04--11 Bounding Box Drawn
INFO:root:2021-08-10-15--04--12 MovingFrameQueue Appended
INFO:root:2021-08-10-15--04--12 Colour Conversion Completed
INFO:root:2021-08-10-15--04--12 Sleep Check Completed
INFO:root:2021-08-10-15--04--12 Frame manipulations completed
INFO:root:2021-08-10-15--04--12 Bounding Box Drawn
INFO:root:2021-08-10-15--04--12 MovingFrameQueue Appended
INFO:root:2021-08-10-15--04--12 Colour Conversion Completed
INFO:root:2021-08-10-15--04--12 Sleep Check Completed
INFO:root:2021-08-10-15--04--12 Frame manipulations completed
INFO:root:2021-08-10-15--04--12 Bounding Box Drawn
INFO:root:2021-08-10-15--04--12 MovingFrameQueue Appended
INFO:root:2021-08-10-15--04--12 Colour Conversion Completed
INFO:root:2021-08-10-15--04--12 Sleep Check Completed
INFO:root:2021-08-10-15--04--12 Frame manipulations completed
INFO:root:2021-08-10-15--04--12 Bounding Box Drawn
INFO:root:2021-08-10-15--04--12 MovingFrameQueue Appended
INFO:root:2021-08-10-15--04--12 Colour Conversion Completed
INFO:root:2021-08-10-15--04--12 Sleep Check Completed
INFO:root:2021-08-10-15--04--12 Frame manipulations completed
INFO:root:2021-08-10-15--04--12 Bounding Box Drawn
INFO:root:2021-08-10-15--04--13 MovingFrameQueue Appended
INFO:root:2021-08-10-15--04--13 Colour Conversion Completed
INFO:root:2021-08-10-15--04--13 Sleep Check Completed
INFO:root:2021-08-10-15--04--13 Frame manipulations completed
INFO:root:2021-08-10-15--04--13 Bounding Box Drawn
INFO:root:2021-08-10-15--04--14 MovingFrameQueue Appended
INFO:root:2021-08-10-15--04--14 Colour Conversion Completed
INFO:root:2021-08-10-15--04--14 Sleep Check Completed
INFO:root:2021-08-10-15--04--14 Frame manipulations completed
INFO:root:2021-08-10-15--04--14 Bounding Box Drawn
INFO:root:2021-08-10-15--04--14 MovingFrameQueue Appended
INFO:root:2021-08-10-15--04--14 Colour Conversion Completed
INFO:root:2021-08-10-15--04--14 Sleep Check Completed
INFO:root:2021-08-10-15--04--14 Frame manipulations completed
INFO:root:2021-08-10-15--04--14 Bounding Box Drawn
INFO:root:2021-08-10-15--04--14 MovingFrameQueue Appended
INFO:root:2021-08-10-15--04--14 Colour Conversion Completed
INFO:root:2021-08-10-15--04--15 Sleep Check Completed
INFO:root:2021-08-10-15--04--15 Frame manipulations completed
INFO:root:2021-08-10-15--04--15 Bounding Box Drawn
INFO:root:2021-08-10-15--04--15 MovingFrameQueue Appended
INFO:root:2021-08-10-15--04--15 Colour Conversion Completed
INFO:root:2021-08-10-15--04--15 Sleep Check Completed
INFO:root:2021-08-10-15--04--15 Frame manipulations completed
INFO:root:2021-08-10-15--04--15 Bounding Box Drawn
INFO:root:2021-08-10-15--04--15 MovingFrameQueue Appended
INFO:root:2021-08-10-15--04--15 Colour Conversion Completed
INFO:root:2021-08-10-15--04--15 Sleep Check Completed
INFO:root:2021-08-10-15--04--15 Frame manipulations completed
INFO:root:2021-08-10-15--04--15 Bounding Box Drawn
INFO:root:2021-08-10-15--04--15 MovingFrameQueue Appended
INFO:root:2021-08-10-15--04--15 Colour Conversion Completed
INFO:root:2021-08-10-15--04--15 Sleep Check Completed
INFO:root:2021-08-10-15--04--15 Frame manipulations completed
INFO:root:2021-08-10-15--04--15 Bounding Box Drawn
INFO:root:2021-08-10-15--04--15 MovingFrameQueue Appended
INFO:root:2021-08-10-15--04--15 Colour Conversion Completed
INFO:root:2021-08-10-15--04--15 Sleep Check Completed
INFO:root:2021-08-10-15--04--15 Frame manipulations completed
INFO:root:2021-08-10-15--04--15 Bounding Box Drawn
INFO:root:2021-08-10-15--04--15 MovingFrameQueue Appended
INFO:root:2021-08-10-15--04--15 Colour Conversion Completed
INFO:root:2021-08-10-15--04--15 Sleep Check Completed
INFO:root:2021-08-10-15--04--15 Frame manipulations completed
INFO:root:2021-08-10-15--04--15 Bounding Box Drawn
INFO:root:2021-08-10-15--04--15 MovingFrameQueue Appended
INFO:root:2021-08-10-15--04--15 Colour Conversion Completed
INFO:root:2021-08-10-15--04--15 Sleep Check Completed
INFO:root:2021-08-10-15--04--15 Frame manipulations completed
INFO:root:2021-08-10-15--04--15 Bounding Box Drawn
INFO:root:2021-08-10-15--04--15 MovingFrameQueue Appended
INFO:root:2021-08-10-15--04--15 Colour Conversion Completed
INFO:root:2021-08-10-15--04--15 Sleep Check Completed
INFO:root:2021-08-10-15--04--15 Frame manipulations completed
INFO:root:2021-08-10-15--04--15 Bounding Box Drawn
INFO:root:2021-08-10-15--04--15 MovingFrameQueue Appended
INFO:root:2021-08-10-15--04--15 Colour Conversion Completed
INFO:root:2021-08-10-15--04--15 Sleep Check Completed
INFO:root:2021-08-10-15--04--15 Frame manipulations completed
INFO:root:2021-08-10-15--04--15 Bounding Box Drawn
INFO:root:2021-08-10-15--04--15 MovingFrameQueue Appended
INFO:root:2021-08-10-15--04--15 Colour Conversion Completed
INFO:root:2021-08-10-15--04--15 Sleep Check Completed
INFO:root:2021-08-10-15--04--15 Frame manipulations completed
INFO:root:2021-08-10-15--04--15 Bounding Box Drawn
INFO:root:2021-08-10-15--04--15 MovingFrameQueue Appended
INFO:root:2021-08-10-15--04--16 Colour Conversion Completed
INFO:root:2021-08-10-15--04--16 Sleep Check Completed
INFO:root:2021-08-10-15--04--16 Frame manipulations completed
INFO:root:2021-08-10-15--04--16 Bounding Box Drawn
INFO:root:2021-08-10-15--04--16 MovingFrameQueue Appended
INFO:root:2021-08-10-15--04--16 Colour Conversion Completed
INFO:root:2021-08-10-15--04--16 Sleep Check Completed
INFO:root:2021-08-10-15--04--16 Frame manipulations completed
INFO:root:2021-08-10-15--04--16 Bounding Box Drawn
INFO:root:2021-08-10-15--04--16 MovingFrameQueue Appended
INFO:root:2021-08-10-15--04--16 Colour Conversion Completed
INFO:root:2021-08-10-15--04--16 Sleep Check Completed
INFO:root:2021-08-10-15--04--16 Frame manipulations completed
INFO:root:2021-08-10-15--04--16 Bounding Box Drawn
INFO:root:2021-08-10-15--04--16 MovingFrameQueue Appended
INFO:root:2021-08-10-15--04--16 Colour Conversion Completed
INFO:root:2021-08-10-15--04--16 Sleep Check Completed
INFO:root:2021-08-10-15--04--16 Frame manipulations completed
INFO:root:2021-08-10-15--04--16 Bounding Box Drawn
INFO:root:2021-08-10-15--04--16 MovingFrameQueue Appended
INFO:root:2021-08-10-15--04--16 Colour Conversion Completed
INFO:root:2021-08-10-15--04--16 Sleep Check Completed
INFO:root:2021-08-10-15--04--16 Frame manipulations completed
INFO:root:2021-08-10-15--04--16 Bounding Box Drawn
INFO:root:2021-08-10-15--04--16 MovingFrameQueue Appended
INFO:root:2021-08-10-15--04--16 Colour Conversion Completed
INFO:root:2021-08-10-15--04--16 Sleep Check Completed
INFO:root:2021-08-10-15--04--16 Frame manipulations completed
INFO:root:2021-08-10-15--04--16 Bounding Box Drawn
INFO:root:2021-08-10-15--04--16 MovingFrameQueue Appended
INFO:root:2021-08-10-15--04--16 Colour Conversion Completed
INFO:root:2021-08-10-15--04--16 Sleep Check Completed
INFO:root:2021-08-10-15--04--16 Frame manipulations completed
INFO:root:2021-08-10-15--04--16 Bounding Box Drawn
INFO:root:2021-08-10-15--04--16 MovingFrameQueue Appended
INFO:root:2021-08-10-15--04--16 Colour Conversion Completed
INFO:root:2021-08-10-15--04--16 Sleep Check Completed
INFO:root:2021-08-10-15--04--16 Frame manipulations completed
INFO:root:2021-08-10-15--04--16 Bounding Box Drawn
INFO:root:2021-08-10-15--04--16 MovingFrameQueue Appended
INFO:root:2021-08-10-15--04--16 Colour Conversion Completed
INFO:root:2021-08-10-15--04--16 Sleep Check Completed
INFO:root:2021-08-10-15--04--16 Frame manipulations completed
INFO:root:2021-08-10-15--04--16 Bounding Box Drawn
INFO:root:2021-08-10-15--04--16 MovingFrameQueue Appended
INFO:root:2021-08-10-15--04--17 Colour Conversion Completed
INFO:root:2021-08-10-15--04--17 Sleep Check Completed
INFO:root:2021-08-10-15--04--17 Frame manipulations completed
INFO:root:2021-08-10-15--04--17 Bounding Box Drawn
INFO:root:2021-08-10-15--04--17 MovingFrameQueue Appended
INFO:root:2021-08-10-15--04--17 Colour Conversion Completed
INFO:root:2021-08-10-15--04--17 Sleep Check Completed
INFO:root:2021-08-10-15--04--17 Frame manipulations completed
INFO:root:2021-08-10-15--04--17 Bounding Box Drawn
INFO:root:2021-08-10-15--04--17 MovingFrameQueue Appended
INFO:root:2021-08-10-15--04--17 Colour Conversion Completed
INFO:root:2021-08-10-15--04--17 Sleep Check Completed
INFO:root:2021-08-10-15--04--17 Frame manipulations completed
INFO:root:2021-08-10-15--04--17 Bounding Box Drawn
INFO:root:2021-08-10-15--04--17 MovingFrameQueue Appended
INFO:root:2021-08-10-15--04--17 Colour Conversion Completed
INFO:root:2021-08-10-15--04--17 Sleep Check Completed
INFO:root:2021-08-10-15--04--17 Frame manipulations completed
INFO:root:2021-08-10-15--04--17 Bounding Box Drawn
INFO:root:2021-08-10-15--04--17 MovingFrameQueue Appended
INFO:root:2021-08-10-15--04--17 Colour Conversion Completed
INFO:root:2021-08-10-15--04--17 Sleep Check Completed
INFO:root:2021-08-10-15--04--17 Frame manipulations completed
INFO:root:2021-08-10-15--04--17 Bounding Box Drawn
INFO:root:2021-08-10-15--04--17 MovingFrameQueue Appended
INFO:root:2021-08-10-15--04--17 Colour Conversion Completed
INFO:root:2021-08-10-15--04--17 Sleep Check Completed
INFO:root:2021-08-10-15--04--17 Frame manipulations completed
INFO:root:2021-08-10-15--04--17 Bounding Box Drawn
INFO:root:2021-08-10-15--04--17 MovingFrameQueue Appended
INFO:root:2021-08-10-15--04--17 Colour Conversion Completed
INFO:root:2021-08-10-15--04--17 Sleep Check Completed
INFO:root:2021-08-10-15--04--17 Frame manipulations completed
INFO:root:2021-08-10-15--04--17 Bounding Box Drawn
INFO:root:2021-08-10-15--04--17 MovingFrameQueue Appended
INFO:root:2021-08-10-15--04--17 Colour Conversion Completed
INFO:root:2021-08-10-15--04--17 Sleep Check Completed
INFO:root:2021-08-10-15--04--17 Frame manipulations completed
INFO:root:2021-08-10-15--04--17 Bounding Box Drawn
INFO:root:2021-08-10-15--04--17 MovingFrameQueue Appended
INFO:root:2021-08-10-15--04--17 Colour Conversion Completed
INFO:root:2021-08-10-15--04--17 Sleep Check Completed
INFO:root:2021-08-10-15--04--17 Frame manipulations completed
INFO:root:2021-08-10-15--04--17 Bounding Box Drawn
INFO:root:2021-08-10-15--04--17 MovingFrameQueue Appended
INFO:root:2021-08-10-15--04--18 Colour Conversion Completed
INFO:root:2021-08-10-15--04--18 Sleep Check Completed
INFO:root:2021-08-10-15--04--18 Frame manipulations completed
INFO:root:2021-08-10-15--04--18 Bounding Box Drawn
INFO:root:2021-08-10-15--04--18 MovingFrameQueue Appended
INFO:root:2021-08-10-15--04--18 Colour Conversion Completed
INFO:root:2021-08-10-15--04--18 Sleep Check Completed
INFO:root:2021-08-10-15--04--18 Frame manipulations completed
INFO:root:2021-08-10-15--04--18 Bounding Box Drawn
INFO:root:2021-08-10-15--04--18 MovingFrameQueue Appended
INFO:root:2021-08-10-15--04--18 Colour Conversion Completed
INFO:root:2021-08-10-15--04--18 Sleep Check Completed
INFO:root:2021-08-10-15--04--18 Frame manipulations completed
INFO:root:2021-08-10-15--04--18 Bounding Box Drawn
INFO:root:2021-08-10-15--04--18 MovingFrameQueue Appended
INFO:root:2021-08-10-15--04--18 Colour Conversion Completed
INFO:root:2021-08-10-15--04--18 Sleep Check Completed
INFO:root:2021-08-10-15--04--18 Frame manipulations completed
INFO:root:2021-08-10-15--04--18 Bounding Box Drawn
INFO:root:2021-08-10-15--04--18 MovingFrameQueue Appended
INFO:root:2021-08-10-15--04--18 Colour Conversion Completed
INFO:root:2021-08-10-15--04--18 Sleep Check Completed
INFO:root:2021-08-10-15--04--18 Frame manipulations completed
INFO:root:2021-08-10-15--04--18 Bounding Box Drawn
INFO:root:2021-08-10-15--04--18 MovingFrameQueue Popped
INFO:root:2021-08-10-15--04--18 Colour Conversion Completed
INFO:root:2021-08-10-15--04--18 Sleep Check Completed
INFO:root:2021-08-10-15--04--18 Frame manipulations completed
INFO:root:2021-08-10-15--04--18 Bounding Box Drawn
INFO:root:2021-08-10-15--04--18 MovingFrameQueue Appended
INFO:root:2021-08-10-15--04--18 Colour Conversion Completed
INFO:root:2021-08-10-15--04--18 Sleep Check Completed
INFO:root:2021-08-10-15--04--18 Frame manipulations completed
INFO:root:2021-08-10-15--04--18 Bounding Box Drawn
INFO:root:2021-08-10-15--04--19 MovingFrameQueue Popped
INFO:root:2021-08-10-15--04--19 Colour Conversion Completed
INFO:root:2021-08-10-15--04--19 Sleep Check Completed
INFO:root:2021-08-10-15--04--19 Frame manipulations completed
INFO:root:2021-08-10-15--04--19 Bounding Box Drawn
INFO:root:2021-08-10-15--04--19 MovingFrameQueue Appended
INFO:root:2021-08-10-15--04--19 Colour Conversion Completed
INFO:root:2021-08-10-15--04--19 Sleep Check Completed
INFO:root:2021-08-10-15--04--19 Frame manipulations completed
INFO:root:2021-08-10-15--04--19 Bounding Box Drawn
INFO:root:2021-08-10-15--04--19 MovingFrameQueue Popped
INFO:root:2021-08-10-15--04--19 Colour Conversion Completed
INFO:root:2021-08-10-15--04--19 Sleep Check Completed
INFO:root:2021-08-10-15--04--19 Frame manipulations completed
INFO:root:2021-08-10-15--04--19 Bounding Box Drawn
INFO:root:2021-08-10-15--04--20 MovingFrameQueue Appended
INFO:root:2021-08-10-15--04--20 Colour Conversion Completed
INFO:root:2021-08-10-15--04--20 Sleep Check Completed
INFO:root:2021-08-10-15--04--20 Frame manipulations completed
INFO:root:2021-08-10-15--04--20 Bounding Box Drawn
INFO:root:2021-08-10-15--04--20 MovingFrameQueue Popped
INFO:root:2021-08-10-15--04--20 Colour Conversion Completed
INFO:root:2021-08-10-15--04--20 Sleep Check Completed
INFO:root:2021-08-10-15--04--20 Frame manipulations completed
INFO:root:2021-08-10-15--04--20 Bounding Box Drawn
INFO:root:2021-08-10-15--04--20 MovingFrameQueue Appended
INFO:root:2021-08-10-15--04--20 Colour Conversion Completed
INFO:root:2021-08-10-15--04--20 Sleep Check Completed
INFO:root:2021-08-10-15--04--20 Frame manipulations completed
INFO:root:2021-08-10-15--04--20 Bounding Box Drawn
INFO:root:2021-08-10-15--04--20 MovingFrameQueue Popped
INFO:root:2021-08-10-15--04--20 Colour Conversion Completed
INFO:root:2021-08-10-15--04--20 Sleep Check Completed
INFO:root:2021-08-10-15--04--20 Frame manipulations completed
INFO:root:2021-08-10-15--04--20 Bounding Box Drawn
INFO:root:2021-08-10-15--04--21 MovingFrameQueue Appended
INFO:root:2021-08-10-15--04--21 Colour Conversion Completed
INFO:root:2021-08-10-15--04--21 Sleep Check Completed
INFO:root:2021-08-10-15--04--21 Frame manipulations completed
INFO:root:2021-08-10-15--04--21 Bounding Box Drawn
INFO:root:2021-08-10-15--04--21 MovingFrameQueue Popped
INFO:root:2021-08-10-15--04--21 Colour Conversion Completed
INFO:root:2021-08-10-15--04--21 Sleep Check Completed
INFO:root:2021-08-10-15--04--21 Frame manipulations completed
INFO:root:2021-08-10-15--04--21 Bounding Box Drawn
INFO:root:2021-08-10-15--04--21 MovingFrameQueue Appended
INFO:root:2021-08-10-15--04--21 Colour Conversion Completed
INFO:root:2021-08-10-15--04--21 Sleep Check Completed
INFO:root:2021-08-10-15--04--21 Frame manipulations completed
INFO:root:2021-08-10-15--04--21 Bounding Box Drawn
INFO:root:2021-08-10-15--04--21 MovingFrameQueue Popped
INFO:root:2021-08-10-15--04--21 Colour Conversion Completed
INFO:root:2021-08-10-15--04--21 Sleep Check Completed
INFO:root:2021-08-10-15--04--21 Frame manipulations completed
INFO:root:2021-08-10-15--04--21 Bounding Box Drawn
INFO:root:2021-08-10-15--04--22 MovingFrameQueue Appended
INFO:root:2021-08-10-15--04--22 Colour Conversion Completed
INFO:root:2021-08-10-15--04--22 Sleep Check Completed
INFO:root:2021-08-10-15--04--22 Frame manipulations completed
INFO:root:2021-08-10-15--04--22 Bounding Box Drawn
INFO:root:2021-08-10-15--04--22 MovingFrameQueue Popped
INFO:root:2021-08-10-15--04--22 Colour Conversion Completed
INFO:root:2021-08-10-15--04--22 Sleep Check Completed
INFO:root:2021-08-10-15--04--22 Frame manipulations completed
INFO:root:2021-08-10-15--04--22 Bounding Box Drawn
INFO:root:2021-08-10-15--04--22 MovingFrameQueue Appended
INFO:root:2021-08-10-15--04--22 Colour Conversion Completed
INFO:root:2021-08-10-15--04--22 Sleep Check Completed
INFO:root:2021-08-10-15--04--22 Frame manipulations completed
INFO:root:2021-08-10-15--04--22 Bounding Box Drawn
INFO:root:2021-08-10-15--04--22 MovingFrameQueue Popped
INFO:root:2021-08-10-15--04--22 Colour Conversion Completed
INFO:root:2021-08-10-15--04--22 Sleep Check Completed
INFO:root:2021-08-10-15--04--22 Frame manipulations completed
INFO:root:2021-08-10-15--04--22 Bounding Box Drawn
INFO:root:2021-08-10-15--04--22 MovingFrameQueue Appended
INFO:root:2021-08-10-15--04--22 Colour Conversion Completed
INFO:root:2021-08-10-15--04--22 Sleep Check Completed
INFO:root:2021-08-10-15--04--22 Frame manipulations completed
INFO:root:2021-08-10-15--04--22 Bounding Box Drawn
INFO:root:2021-08-10-15--04--22 MovingFrameQueue Popped
INFO:root:2021-08-10-15--04--22 Colour Conversion Completed
INFO:root:2021-08-10-15--04--23 Sleep Check Completed
INFO:root:2021-08-10-15--04--23 Frame manipulations completed
INFO:root:2021-08-10-15--04--23 Bounding Box Drawn
INFO:root:2021-08-10-15--04--23 MovingFrameQueue Appended
INFO:root:2021-08-10-15--04--23 Colour Conversion Completed
INFO:root:2021-08-10-15--04--23 Sleep Check Completed
INFO:root:2021-08-10-15--04--23 Frame manipulations completed
INFO:root:2021-08-10-15--04--23 Bounding Box Drawn
INFO:root:2021-08-10-15--04--23 MovingFrameQueue Popped
INFO:root:2021-08-10-15--04--23 Colour Conversion Completed
INFO:root:2021-08-10-15--04--23 Sleep Check Completed
INFO:root:2021-08-10-15--04--23 Frame manipulations completed
INFO:root:2021-08-10-15--04--23 Bounding Box Drawn
INFO:root:2021-08-10-15--04--23 MovingFrameQueue Appended
INFO:root:2021-08-10-15--04--23 Colour Conversion Completed
INFO:root:2021-08-10-15--04--23 Sleep Check Completed
INFO:root:2021-08-10-15--04--23 Frame manipulations completed
INFO:root:2021-08-10-15--04--23 Bounding Box Drawn
INFO:root:2021-08-10-15--04--23 MovingFrameQueue Popped
INFO:root:2021-08-10-15--04--23 Colour Conversion Completed
INFO:root:2021-08-10-15--04--23 Sleep Check Completed
INFO:root:2021-08-10-15--04--23 Frame manipulations completed
INFO:root:2021-08-10-15--04--23 Bounding Box Drawn
INFO:root:2021-08-10-15--04--23 MovingFrameQueue Appended
INFO:root:2021-08-10-15--04--23 Colour Conversion Completed
INFO:root:2021-08-10-15--04--23 Sleep Check Completed
INFO:root:2021-08-10-15--04--23 Frame manipulations completed
INFO:root:2021-08-10-15--04--23 Bounding Box Drawn
INFO:root:2021-08-10-15--04--24 MovingFrameQueue Popped
INFO:root:2021-08-10-15--04--24 Colour Conversion Completed
INFO:root:2021-08-10-15--04--24 Sleep Check Completed
INFO:root:2021-08-10-15--04--24 Frame manipulations completed
INFO:root:2021-08-10-15--04--24 Bounding Box Drawn
INFO:root:2021-08-10-15--04--24 MovingFrameQueue Appended
INFO:root:2021-08-10-15--04--24 Colour Conversion Completed
INFO:root:2021-08-10-15--04--24 Sleep Check Completed
INFO:root:2021-08-10-15--04--24 Frame manipulations completed
INFO:root:2021-08-10-15--04--24 Bounding Box Drawn
INFO:root:2021-08-10-15--04--24 MovingFrameQueue Popped
INFO:root:2021-08-10-15--04--24 Colour Conversion Completed
INFO:root:2021-08-10-15--04--24 Sleep Check Completed
INFO:root:2021-08-10-15--04--24 Frame manipulations completed
INFO:root:2021-08-10-15--04--24 Bounding Box Drawn
INFO:root:2021-08-10-15--04--24 MovingFrameQueue Appended
INFO:root:2021-08-10-15--04--24 Colour Conversion Completed
INFO:root:2021-08-10-15--04--25 Sleep Check Completed
INFO:root:2021-08-10-15--04--25 Frame manipulations completed
INFO:root:2021-08-10-15--04--25 Bounding Box Drawn
INFO:root:2021-08-10-15--04--25 MovingFrameQueue Popped
INFO:root:2021-08-10-15--04--25 Colour Conversion Completed
INFO:root:2021-08-10-15--04--25 Sleep Check Completed
INFO:root:2021-08-10-15--04--25 Frame manipulations completed
INFO:root:2021-08-10-15--04--25 Bounding Box Drawn
INFO:root:2021-08-10-15--04--25 MovingFrameQueue Appended
INFO:root:2021-08-10-15--04--25 Colour Conversion Completed
INFO:root:2021-08-10-15--04--25 Sleep Check Completed
INFO:root:2021-08-10-15--04--25 Frame manipulations completed
INFO:root:2021-08-10-15--04--25 Bounding Box Drawn
INFO:root:2021-08-10-15--04--25 MovingFrameQueue Popped
INFO:root:2021-08-10-15--04--25 Colour Conversion Completed
INFO:root:2021-08-10-15--04--25 Sleep Check Completed
INFO:root:2021-08-10-15--04--25 Frame manipulations completed
INFO:root:2021-08-10-15--04--25 Bounding Box Drawn
INFO:root:2021-08-10-15--04--26 MovingFrameQueue Appended
INFO:root:2021-08-10-15--04--26 Colour Conversion Completed
INFO:root:2021-08-10-15--04--26 Sleep Check Completed
INFO:root:2021-08-10-15--04--26 Frame manipulations completed
INFO:root:2021-08-10-15--04--26 Bounding Box Drawn
INFO:root:2021-08-10-15--04--26 MovingFrameQueue Popped
INFO:root:2021-08-10-15--04--26 Colour Conversion Completed
INFO:root:2021-08-10-15--04--26 Sleep Check Completed
INFO:root:2021-08-10-15--04--26 Frame manipulations completed
INFO:root:2021-08-10-15--04--26 Bounding Box Drawn
INFO:root:2021-08-10-15--04--26 MovingFrameQueue Appended
INFO:root:2021-08-10-15--04--26 Colour Conversion Completed
INFO:root:2021-08-10-15--04--26 Sleep Check Completed
INFO:root:2021-08-10-15--04--26 Frame manipulations completed
INFO:root:2021-08-10-15--04--26 Bounding Box Drawn
INFO:root:2021-08-10-15--04--26 MovingFrameQueue Popped
INFO:root:2021-08-10-15--04--26 Colour Conversion Completed
INFO:root:2021-08-10-15--04--26 Sleep Check Completed
INFO:root:2021-08-10-15--04--26 Frame manipulations completed
INFO:root:2021-08-10-15--04--26 Bounding Box Drawn
INFO:root:2021-08-10-15--04--26 MovingFrameQueue Appended
INFO:root:2021-08-10-15--04--26 Colour Conversion Completed
INFO:root:2021-08-10-15--04--26 Sleep Check Completed
INFO:root:2021-08-10-15--04--26 Frame manipulations completed
INFO:root:2021-08-10-15--04--26 Bounding Box Drawn
INFO:root:2021-08-10-15--04--26 MovingFrameQueue Popped
INFO:root:2021-08-10-15--04--26 Colour Conversion Completed
INFO:root:2021-08-10-15--04--26 Sleep Check Completed
INFO:root:2021-08-10-15--04--26 Frame manipulations completed
INFO:root:2021-08-10-15--04--26 Bounding Box Drawn
INFO:root:2021-08-10-15--04--27 MovingFrameQueue Appended
INFO:root:2021-08-10-15--04--27 Colour Conversion Completed
INFO:root:2021-08-10-15--04--27 Sleep Check Completed
INFO:root:2021-08-10-15--04--27 Frame manipulations completed
INFO:root:2021-08-10-15--04--27 Bounding Box Drawn
INFO:root:2021-08-10-15--04--27 MovingFrameQueue Popped
INFO:root:2021-08-10-15--04--27 Colour Conversion Completed
INFO:root:2021-08-10-15--04--27 Sleep Check Completed
INFO:root:2021-08-10-15--04--27 Frame manipulations completed
INFO:root:2021-08-10-15--04--27 Bounding Box Drawn
INFO:root:2021-08-10-15--04--27 MovingFrameQueue Appended
INFO:root:2021-08-10-15--04--27 Colour Conversion Completed
INFO:root:2021-08-10-15--04--27 Sleep Check Completed
INFO:root:2021-08-10-15--04--27 Frame manipulations completed
INFO:root:2021-08-10-15--04--27 Bounding Box Drawn
INFO:root:2021-08-10-15--04--27 MovingFrameQueue Popped
INFO:root:2021-08-10-15--04--27 Colour Conversion Completed
INFO:root:2021-08-10-15--04--27 Sleep Check Completed
INFO:root:2021-08-10-15--04--27 Frame manipulations completed
INFO:root:2021-08-10-15--04--27 Bounding Box Drawn
INFO:root:2021-08-10-15--04--27 MovingFrameQueue Appended
INFO:root:2021-08-10-15--04--27 Colour Conversion Completed
INFO:root:2021-08-10-15--04--27 Sleep Check Completed
INFO:root:2021-08-10-15--04--27 Frame manipulations completed
INFO:root:2021-08-10-15--04--27 Bounding Box Drawn
INFO:root:2021-08-10-15--04--28 MovingFrameQueue Popped
INFO:root:2021-08-10-15--04--28 Colour Conversion Completed
INFO:root:2021-08-10-15--04--28 Sleep Check Completed
INFO:root:2021-08-10-15--04--28 Frame manipulations completed
INFO:root:2021-08-10-15--04--28 Bounding Box Drawn
INFO:root:2021-08-10-15--04--28 MovingFrameQueue Appended
INFO:root:2021-08-10-15--04--28 Colour Conversion Completed
INFO:root:2021-08-10-15--04--28 Sleep Check Completed
INFO:root:2021-08-10-15--04--28 Frame manipulations completed
INFO:root:2021-08-10-15--04--28 Bounding Box Drawn
INFO:root:2021-08-10-15--04--28 MovingFrameQueue Popped
INFO:root:2021-08-10-15--04--28 Colour Conversion Completed
INFO:root:2021-08-10-15--04--28 Sleep Check Completed
INFO:root:2021-08-10-15--04--28 Frame manipulations completed
INFO:root:2021-08-10-15--04--28 Bounding Box Drawn
INFO:root:2021-08-10-15--04--28 MovingFrameQueue Appended
INFO:root:2021-08-10-15--04--28 Colour Conversion Completed
INFO:root:2021-08-10-15--04--28 Sleep Check Completed
INFO:root:2021-08-10-15--04--28 Frame manipulations completed
INFO:root:2021-08-10-15--04--28 Bounding Box Drawn
INFO:root:2021-08-10-15--04--28 MovingFrameQueue Popped
INFO:root:2021-08-10-15--04--28 Colour Conversion Completed
INFO:root:2021-08-10-15--04--28 Sleep Check Completed
INFO:root:2021-08-10-15--04--28 Frame manipulations completed
INFO:root:2021-08-10-15--04--28 Bounding Box Drawn
INFO:root:2021-08-10-15--04--29 MovingFrameQueue Appended
INFO:root:2021-08-10-15--04--29 Colour Conversion Completed
INFO:root:2021-08-10-15--04--29 Sleep Check Completed
INFO:root:2021-08-10-15--04--29 Frame manipulations completed
INFO:root:2021-08-10-15--04--29 Bounding Box Drawn
INFO:root:2021-08-10-15--04--29 MovingFrameQueue Popped
INFO:root:2021-08-10-15--04--29 Colour Conversion Completed
INFO:root:2021-08-10-15--04--29 Sleep Check Completed
INFO:root:2021-08-10-15--04--29 Frame manipulations completed
INFO:root:2021-08-10-15--04--29 Bounding Box Drawn
INFO:root:2021-08-10-15--04--29 MovingFrameQueue Appended
INFO:root:2021-08-10-15--04--29 Colour Conversion Completed
INFO:root:2021-08-10-15--04--29 Sleep Check Completed
INFO:root:2021-08-10-15--04--29 Frame manipulations completed
INFO:root:2021-08-10-15--04--29 Bounding Box Drawn
INFO:root:2021-08-10-15--04--29 MovingFrameQueue Popped
INFO:root:2021-08-10-15--04--29 Colour Conversion Completed
INFO:root:2021-08-10-15--04--29 Sleep Check Completed
INFO:root:2021-08-10-15--04--29 Frame manipulations completed
INFO:root:2021-08-10-15--04--29 Bounding Box Drawn
INFO:root:2021-08-10-15--04--29 MovingFrameQueue Appended
INFO:root:2021-08-10-15--04--29 Colour Conversion Completed
INFO:root:2021-08-10-15--04--29 Sleep Check Completed
INFO:root:2021-08-10-15--04--29 Frame manipulations completed
INFO:root:2021-08-10-15--04--29 Bounding Box Drawn
INFO:root:2021-08-10-15--04--29 MovingFrameQueue Popped
INFO:root:2021-08-10-15--04--29 Colour Conversion Completed
INFO:root:2021-08-10-15--04--29 Sleep Check Completed
INFO:root:2021-08-10-15--04--29 Frame manipulations completed
INFO:root:2021-08-10-15--04--29 Bounding Box Drawn
INFO:root:2021-08-10-15--04--30 MovingFrameQueue Appended
INFO:root:2021-08-10-15--04--30 Colour Conversion Completed
INFO:root:2021-08-10-15--04--30 Sleep Check Completed
INFO:root:2021-08-10-15--04--30 Frame manipulations completed
INFO:root:2021-08-10-15--04--30 Bounding Box Drawn
INFO:root:2021-08-10-15--04--30 MovingFrameQueue Popped
INFO:root:2021-08-10-15--04--30 Colour Conversion Completed
INFO:root:2021-08-10-15--04--30 Sleep Check Completed
INFO:root:2021-08-10-15--04--30 Frame manipulations completed
INFO:root:2021-08-10-15--04--30 Bounding Box Drawn
INFO:root:2021-08-10-15--04--30 MovingFrameQueue Appended
INFO:root:2021-08-10-15--04--30 Colour Conversion Completed
INFO:root:2021-08-10-15--04--30 Sleep Check Completed
INFO:root:2021-08-10-15--04--30 Frame manipulations completed
INFO:root:2021-08-10-15--04--30 Bounding Box Drawn
INFO:root:2021-08-10-15--04--30 MovingFrameQueue Popped
INFO:root:2021-08-10-15--04--30 Colour Conversion Completed
INFO:root:2021-08-10-15--04--30 Sleep Check Completed
INFO:root:2021-08-10-15--04--30 Frame manipulations completed
INFO:root:2021-08-10-15--04--30 Bounding Box Drawn
INFO:root:2021-08-10-15--04--30 MovingFrameQueue Appended
INFO:root:2021-08-10-15--04--30 Colour Conversion Completed
INFO:root:2021-08-10-15--04--30 Sleep Check Completed
INFO:root:2021-08-10-15--04--30 Frame manipulations completed
INFO:root:2021-08-10-15--04--30 Bounding Box Drawn
INFO:root:2021-08-10-15--04--31 MovingFrameQueue Popped
INFO:root:2021-08-10-15--04--31 Colour Conversion Completed
INFO:root:2021-08-10-15--04--31 Sleep Check Completed
INFO:root:2021-08-10-15--04--31 Frame manipulations completed
INFO:root:2021-08-10-15--04--31 Bounding Box Drawn
INFO:root:2021-08-10-15--04--31 MovingFrameQueue Appended
INFO:root:2021-08-10-15--04--31 Colour Conversion Completed
INFO:root:2021-08-10-15--04--31 Sleep Check Completed
INFO:root:2021-08-10-15--04--31 Frame manipulations completed
INFO:root:2021-08-10-15--04--31 Bounding Box Drawn
INFO:root:2021-08-10-15--04--31 MovingFrameQueue Popped
INFO:root:2021-08-10-15--04--31 Colour Conversion Completed
INFO:root:2021-08-10-15--04--31 Sleep Check Completed
INFO:root:2021-08-10-15--04--31 Frame manipulations completed
INFO:root:2021-08-10-15--04--31 Bounding Box Drawn
INFO:root:2021-08-10-15--04--31 MovingFrameQueue Appended
INFO:root:2021-08-10-15--04--32 Colour Conversion Completed
INFO:root:2021-08-10-15--04--32 Sleep Check Completed
INFO:root:2021-08-10-15--04--32 Frame manipulations completed
INFO:root:2021-08-10-15--04--32 Bounding Box Drawn
INFO:root:2021-08-10-15--04--32 MovingFrameQueue Popped
INFO:root:2021-08-10-15--04--32 Colour Conversion Completed
INFO:root:2021-08-10-15--04--32 Sleep Check Completed
INFO:root:2021-08-10-15--04--32 Frame manipulations completed
INFO:root:2021-08-10-15--04--32 Bounding Box Drawn
INFO:root:2021-08-10-15--04--32 MovingFrameQueue Appended
INFO:root:2021-08-10-15--04--32 Colour Conversion Completed
INFO:root:2021-08-10-15--04--32 Sleep Check Completed
INFO:root:2021-08-10-15--04--32 Frame manipulations completed
INFO:root:2021-08-10-15--04--32 Bounding Box Drawn
INFO:root:2021-08-10-15--04--32 MovingFrameQueue Popped
INFO:root:2021-08-10-15--04--32 Colour Conversion Completed
INFO:root:2021-08-10-15--04--32 Sleep Check Completed
INFO:root:2021-08-10-15--04--32 Frame manipulations completed
INFO:root:2021-08-10-15--04--32 Bounding Box Drawn
INFO:root:2021-08-10-15--04--33 MovingFrameQueue Appended
INFO:root:2021-08-10-15--04--33 Colour Conversion Completed
INFO:root:2021-08-10-15--04--33 Sleep Check Completed
INFO:root:2021-08-10-15--04--33 Frame manipulations completed
INFO:root:2021-08-10-15--04--33 Bounding Box Drawn
INFO:root:2021-08-10-15--04--33 MovingFrameQueue Popped
INFO:root:2021-08-10-15--04--33 Colour Conversion Completed
INFO:root:2021-08-10-15--04--33 Sleep Check Completed
INFO:root:2021-08-10-15--04--33 Frame manipulations completed
INFO:root:2021-08-10-15--04--33 Bounding Box Drawn
INFO:root:2021-08-10-15--04--33 MovingFrameQueue Appended
INFO:root:2021-08-10-15--04--33 Colour Conversion Completed
INFO:root:2021-08-10-15--04--33 Sleep Check Completed
INFO:root:2021-08-10-15--04--33 Frame manipulations completed
INFO:root:2021-08-10-15--04--33 Bounding Box Drawn
INFO:root:2021-08-10-15--04--33 MovingFrameQueue Popped
INFO:root:2021-08-10-15--04--33 Colour Conversion Completed
INFO:root:2021-08-10-15--04--33 Sleep Check Completed
INFO:root:2021-08-10-15--04--33 Frame manipulations completed
INFO:root:2021-08-10-15--04--33 Bounding Box Drawn
INFO:root:2021-08-10-15--04--33 MovingFrameQueue Appended
INFO:root:2021-08-10-15--04--33 Colour Conversion Completed
INFO:root:2021-08-10-15--04--33 Sleep Check Completed
INFO:root:2021-08-10-15--04--33 Frame manipulations completed
INFO:root:2021-08-10-15--04--33 Bounding Box Drawn
INFO:root:2021-08-10-15--04--34 MovingFrameQueue Popped
INFO:root:2021-08-10-15--04--34 Colour Conversion Completed
INFO:root:2021-08-10-15--04--34 Sleep Check Completed
INFO:root:2021-08-10-15--04--34 Frame manipulations completed
INFO:root:2021-08-10-15--04--34 Bounding Box Drawn
INFO:root:2021-08-10-15--04--34 MovingFrameQueue Appended
INFO:root:2021-08-10-15--04--34 Colour Conversion Completed
INFO:root:2021-08-10-15--04--34 Sleep Check Completed
INFO:root:2021-08-10-15--04--34 Frame manipulations completed
INFO:root:2021-08-10-15--04--34 Bounding Box Drawn
INFO:root:2021-08-10-15--04--34 MovingFrameQueue Popped
INFO:root:2021-08-10-15--04--34 Colour Conversion Completed
INFO:root:2021-08-10-15--04--34 Sleep Check Completed
INFO:root:2021-08-10-15--04--34 Frame manipulations completed
INFO:root:2021-08-10-15--04--34 Bounding Box Drawn
INFO:root:2021-08-10-15--04--34 MovingFrameQueue Appended
INFO:root:2021-08-10-15--04--34 Colour Conversion Completed
INFO:root:2021-08-10-15--04--34 Sleep Check Completed
INFO:root:2021-08-10-15--04--34 Frame manipulations completed
INFO:root:2021-08-10-15--04--34 Bounding Box Drawn
INFO:root:2021-08-10-15--04--34 MovingFrameQueue Popped
INFO:root:2021-08-10-15--04--34 Colour Conversion Completed
INFO:root:2021-08-10-15--04--34 Sleep Check Completed
INFO:root:2021-08-10-15--04--34 Frame manipulations completed
INFO:root:2021-08-10-15--04--34 Bounding Box Drawn
INFO:root:2021-08-10-15--04--35 MovingFrameQueue Appended
INFO:root:2021-08-10-15--04--35 Colour Conversion Completed
INFO:root:2021-08-10-15--04--35 Sleep Check Completed
INFO:root:2021-08-10-15--04--35 Frame manipulations completed
INFO:root:2021-08-10-15--04--35 Bounding Box Drawn
INFO:root:2021-08-10-15--04--35 MovingFrameQueue Popped
INFO:root:2021-08-10-15--04--35 Colour Conversion Completed
INFO:root:2021-08-10-15--04--35 Sleep Check Completed
INFO:root:2021-08-10-15--04--35 Frame manipulations completed
INFO:root:2021-08-10-15--04--35 Bounding Box Drawn
INFO:root:2021-08-10-15--04--35 MovingFrameQueue Appended
INFO:root:2021-08-10-15--04--35 Colour Conversion Completed
INFO:root:2021-08-10-15--04--35 Sleep Check Completed
INFO:root:2021-08-10-15--04--35 Frame manipulations completed
INFO:root:2021-08-10-15--04--35 Bounding Box Drawn
INFO:root:2021-08-10-15--04--35 MovingFrameQueue Popped
INFO:root:2021-08-10-15--04--35 Colour Conversion Completed
INFO:root:2021-08-10-15--04--35 Sleep Check Completed
INFO:root:2021-08-10-15--04--35 Frame manipulations completed
INFO:root:2021-08-10-15--04--35 Bounding Box Drawn
INFO:root:2021-08-10-15--04--35 MovingFrameQueue Appended
INFO:root:2021-08-10-15--04--35 Colour Conversion Completed
INFO:root:2021-08-10-15--04--35 Sleep Check Completed
INFO:root:2021-08-10-15--04--35 Frame manipulations completed
INFO:root:2021-08-10-15--04--35 Bounding Box Drawn
INFO:root:2021-08-10-15--04--35 MovingFrameQueue Popped
INFO:root:2021-08-10-15--04--35 Colour Conversion Completed
INFO:root:2021-08-10-15--04--35 Sleep Check Completed
INFO:root:2021-08-10-15--04--35 Frame manipulations completed
INFO:root:2021-08-10-15--04--35 Bounding Box Drawn
INFO:root:2021-08-10-15--04--36 MovingFrameQueue Appended
INFO:root:2021-08-10-15--04--36 Colour Conversion Completed
INFO:root:2021-08-10-15--04--36 Sleep Check Completed
INFO:root:2021-08-10-15--04--36 Frame manipulations completed
INFO:root:2021-08-10-15--04--36 Bounding Box Drawn
INFO:root:2021-08-10-15--04--36 MovingFrameQueue Popped
INFO:root:2021-08-10-15--04--36 Colour Conversion Completed
INFO:root:2021-08-10-15--04--36 Sleep Check Completed
INFO:root:2021-08-10-15--04--36 Frame manipulations completed
INFO:root:2021-08-10-15--04--36 Bounding Box Drawn
INFO:root:2021-08-10-15--04--36 MovingFrameQueue Appended
INFO:root:2021-08-10-15--04--36 Colour Conversion Completed
INFO:root:2021-08-10-15--04--36 Sleep Check Completed
INFO:root:2021-08-10-15--04--36 Frame manipulations completed
INFO:root:2021-08-10-15--04--36 Bounding Box Drawn
INFO:root:2021-08-10-15--04--36 MovingFrameQueue Popped
INFO:root:2021-08-10-15--04--36 Colour Conversion Completed
INFO:root:2021-08-10-15--04--36 Sleep Check Completed
INFO:root:2021-08-10-15--04--36 Frame manipulations completed
INFO:root:2021-08-10-15--04--36 Bounding Box Drawn
INFO:root:2021-08-10-15--04--36 MovingFrameQueue Appended
INFO:root:2021-08-10-15--04--36 Colour Conversion Completed
INFO:root:2021-08-10-15--04--36 Sleep Check Completed
INFO:root:2021-08-10-15--04--36 Frame manipulations completed
INFO:root:2021-08-10-15--04--36 Bounding Box Drawn
INFO:root:2021-08-10-15--04--37 MovingFrameQueue Popped
INFO:root:2021-08-10-15--04--37 Colour Conversion Completed
INFO:root:2021-08-10-15--04--37 Sleep Check Completed
INFO:root:2021-08-10-15--04--37 Frame manipulations completed
INFO:root:2021-08-10-15--04--37 Bounding Box Drawn
INFO:root:2021-08-10-15--04--37 MovingFrameQueue Appended
INFO:root:2021-08-10-15--04--37 Colour Conversion Completed
INFO:root:2021-08-10-15--04--37 Sleep Check Completed
INFO:root:2021-08-10-15--04--37 Frame manipulations completed
INFO:root:2021-08-10-15--04--37 Bounding Box Drawn
INFO:root:2021-08-10-15--04--37 MovingFrameQueue Popped
INFO:root:2021-08-10-15--04--37 Colour Conversion Completed
INFO:root:2021-08-10-15--04--37 Sleep Check Completed
INFO:root:2021-08-10-15--04--37 Frame manipulations completed
INFO:root:2021-08-10-15--04--37 Bounding Box Drawn
INFO:root:2021-08-10-15--04--37 MovingFrameQueue Appended
INFO:root:2021-08-10-15--04--37 Colour Conversion Completed
INFO:root:2021-08-10-15--04--37 Sleep Check Completed
INFO:root:2021-08-10-15--04--37 Frame manipulations completed
INFO:root:2021-08-10-15--04--37 Bounding Box Drawn
INFO:root:2021-08-10-15--04--37 MovingFrameQueue Popped
INFO:root:2021-08-10-15--04--37 Colour Conversion Completed
INFO:root:2021-08-10-15--04--37 Sleep Check Completed
INFO:root:2021-08-10-15--04--37 Frame manipulations completed
INFO:root:2021-08-10-15--04--37 Bounding Box Drawn
INFO:root:2021-08-10-15--04--37 MovingFrameQueue Appended
INFO:root:2021-08-10-15--04--37 Colour Conversion Completed
INFO:root:2021-08-10-15--04--37 Sleep Check Completed
INFO:root:2021-08-10-15--04--37 Frame manipulations completed
INFO:root:2021-08-10-15--04--37 Bounding Box Drawn
INFO:root:2021-08-10-15--04--37 MovingFrameQueue Popped
INFO:root:2021-08-10-15--04--38 Colour Conversion Completed
INFO:root:2021-08-10-15--04--38 Sleep Check Completed
INFO:root:2021-08-10-15--04--38 Frame manipulations completed
INFO:root:2021-08-10-15--04--38 Bounding Box Drawn
INFO:root:2021-08-10-15--04--38 MovingFrameQueue Appended
INFO:root:2021-08-10-15--04--38 Colour Conversion Completed
INFO:root:2021-08-10-15--04--38 Sleep Check Completed
INFO:root:2021-08-10-15--04--38 Frame manipulations completed
INFO:root:2021-08-10-15--04--38 Bounding Box Drawn
INFO:root:2021-08-10-15--04--38 MovingFrameQueue Popped
INFO:root:2021-08-10-15--04--38 Colour Conversion Completed
INFO:root:2021-08-10-15--04--38 Sleep Check Completed
INFO:root:2021-08-10-15--04--38 Frame manipulations completed
INFO:root:2021-08-10-15--04--38 Bounding Box Drawn
INFO:root:2021-08-10-15--04--38 MovingFrameQueue Appended
INFO:root:2021-08-10-15--04--38 Colour Conversion Completed
INFO:root:2021-08-10-15--04--38 Sleep Check Completed
INFO:root:2021-08-10-15--04--38 Frame manipulations completed
INFO:root:2021-08-10-15--04--38 Bounding Box Drawn
INFO:root:2021-08-10-15--04--38 MovingFrameQueue Popped
INFO:root:2021-08-10-15--04--38 Colour Conversion Completed
INFO:root:2021-08-10-15--04--38 Sleep Check Completed
INFO:root:2021-08-10-15--04--38 Frame manipulations completed
INFO:root:2021-08-10-15--04--38 Bounding Box Drawn
INFO:root:2021-08-10-15--04--39 MovingFrameQueue Appended
INFO:root:2021-08-10-15--04--39 Colour Conversion Completed
INFO:root:2021-08-10-15--04--39 Sleep Check Completed
INFO:root:2021-08-10-15--04--39 Frame manipulations completed
INFO:root:2021-08-10-15--04--39 Bounding Box Drawn
INFO:root:2021-08-10-15--04--39 MovingFrameQueue Popped
INFO:root:2021-08-10-15--04--39 Colour Conversion Completed
INFO:root:2021-08-10-15--04--39 Sleep Check Completed
INFO:root:2021-08-10-15--04--39 Frame manipulations completed
INFO:root:2021-08-10-15--04--39 Bounding Box Drawn
INFO:root:2021-08-10-15--04--39 MovingFrameQueue Appended
INFO:root:2021-08-10-15--04--39 Colour Conversion Completed
INFO:root:2021-08-10-15--04--39 Sleep Check Completed
INFO:root:2021-08-10-15--04--39 Frame manipulations completed
INFO:root:2021-08-10-15--04--39 Bounding Box Drawn
INFO:root:2021-08-10-15--04--39 MovingFrameQueue Popped
INFO:root:2021-08-10-15--04--39 Colour Conversion Completed
INFO:root:2021-08-10-15--04--39 Sleep Check Completed
INFO:root:2021-08-10-15--04--39 Frame manipulations completed
INFO:root:2021-08-10-15--04--39 Bounding Box Drawn
INFO:root:2021-08-10-15--04--39 MovingFrameQueue Appended
INFO:root:2021-08-10-15--04--39 Colour Conversion Completed
INFO:root:2021-08-10-15--04--39 Sleep Check Completed
INFO:root:2021-08-10-15--04--39 Frame manipulations completed
INFO:root:2021-08-10-15--04--39 Bounding Box Drawn
INFO:root:2021-08-10-15--04--39 MovingFrameQueue Popped
INFO:root:2021-08-10-15--04--39 Colour Conversion Completed
INFO:root:2021-08-10-15--04--39 Sleep Check Completed
INFO:root:2021-08-10-15--04--39 Frame manipulations completed
INFO:root:2021-08-10-15--04--39 Bounding Box Drawn
INFO:root:2021-08-10-15--04--40 MovingFrameQueue Appended
INFO:root:2021-08-10-15--04--40 Colour Conversion Completed
INFO:root:2021-08-10-15--04--40 Sleep Check Completed
INFO:root:2021-08-10-15--04--40 Frame manipulations completed
INFO:root:2021-08-10-15--04--40 Bounding Box Drawn
INFO:root:2021-08-10-15--04--40 MovingFrameQueue Popped
INFO:root:2021-08-10-15--04--40 Colour Conversion Completed
INFO:root:2021-08-10-15--04--40 Sleep Check Completed
INFO:root:2021-08-10-15--04--40 Frame manipulations completed
INFO:root:2021-08-10-15--04--40 Bounding Box Drawn
INFO:root:2021-08-10-15--04--40 MovingFrameQueue Appended
INFO:root:2021-08-10-15--04--40 Colour Conversion Completed
INFO:root:2021-08-10-15--04--40 Sleep Check Completed
INFO:root:2021-08-10-15--04--40 Frame manipulations completed
INFO:root:2021-08-10-15--04--40 Bounding Box Drawn
INFO:root:2021-08-10-15--04--40 MovingFrameQueue Popped
INFO:root:2021-08-10-15--04--40 Colour Conversion Completed
INFO:root:2021-08-10-15--04--40 Sleep Check Completed
INFO:root:2021-08-10-15--04--40 Frame manipulations completed
INFO:root:2021-08-10-15--04--40 Bounding Box Drawn
INFO:root:2021-08-10-15--04--40 MovingFrameQueue Appended
INFO:root:2021-08-10-15--04--40 Colour Conversion Completed
INFO:root:2021-08-10-15--04--40 Sleep Check Completed
INFO:root:2021-08-10-15--04--40 Frame manipulations completed
INFO:root:2021-08-10-15--04--40 Bounding Box Drawn
INFO:root:2021-08-10-15--04--41 MovingFrameQueue Popped
INFO:root:2021-08-10-15--04--41 Colour Conversion Completed
INFO:root:2021-08-10-15--04--41 Sleep Check Completed
INFO:root:2021-08-10-15--04--41 Frame manipulations completed
INFO:root:2021-08-10-15--04--41 Bounding Box Drawn
INFO:root:2021-08-10-15--04--41 MovingFrameQueue Appended
INFO:root:2021-08-10-15--04--41 Colour Conversion Completed
INFO:root:2021-08-10-15--04--41 Sleep Check Completed
INFO:root:2021-08-10-15--04--41 Frame manipulations completed
INFO:root:2021-08-10-15--04--41 Bounding Box Drawn
INFO:root:2021-08-10-15--04--41 MovingFrameQueue Popped
INFO:root:2021-08-10-15--04--41 Colour Conversion Completed
INFO:root:2021-08-10-15--04--41 Sleep Check Completed
INFO:root:2021-08-10-15--04--41 Frame manipulations completed
INFO:root:2021-08-10-15--04--41 Bounding Box Drawn
INFO:root:2021-08-10-15--04--41 MovingFrameQueue Appended
INFO:root:2021-08-10-15--04--41 Colour Conversion Completed
INFO:root:2021-08-10-15--04--41 Sleep Check Completed
INFO:root:2021-08-10-15--04--41 Frame manipulations completed
INFO:root:2021-08-10-15--04--41 Bounding Box Drawn
INFO:root:2021-08-10-15--04--41 MovingFrameQueue Popped
INFO:root:2021-08-10-15--04--41 Colour Conversion Completed
INFO:root:2021-08-10-15--04--41 Sleep Check Completed
INFO:root:2021-08-10-15--04--41 Frame manipulations completed
INFO:root:2021-08-10-15--04--41 Bounding Box Drawn
INFO:root:2021-08-10-15--04--41 MovingFrameQueue Appended
INFO:root:2021-08-10-15--04--41 Colour Conversion Completed
INFO:root:2021-08-10-15--04--41 Sleep Check Completed
INFO:root:2021-08-10-15--04--41 Frame manipulations completed
INFO:root:2021-08-10-15--04--41 Bounding Box Drawn
INFO:root:2021-08-10-15--04--42 MovingFrameQueue Popped
INFO:root:2021-08-10-15--04--42 Colour Conversion Completed
INFO:root:2021-08-10-15--04--42 Sleep Check Completed
INFO:root:2021-08-10-15--04--42 Frame manipulations completed
INFO:root:2021-08-10-15--04--42 Bounding Box Drawn
INFO:root:2021-08-10-15--04--42 MovingFrameQueue Appended
INFO:root:2021-08-10-15--04--42 Colour Conversion Completed
INFO:root:2021-08-10-15--04--42 Sleep Check Completed
INFO:root:2021-08-10-15--04--42 Frame manipulations completed
INFO:root:2021-08-10-15--04--42 Bounding Box Drawn
INFO:root:2021-08-10-15--04--42 MovingFrameQueue Popped
INFO:root:2021-08-10-15--04--42 Colour Conversion Completed
INFO:root:2021-08-10-15--04--42 Sleep Check Completed
INFO:root:2021-08-10-15--04--42 Frame manipulations completed
INFO:root:2021-08-10-15--04--42 Bounding Box Drawn
INFO:root:2021-08-10-15--04--42 MovingFrameQueue Appended
INFO:root:2021-08-10-15--04--42 Colour Conversion Completed
INFO:root:2021-08-10-15--04--42 Sleep Check Completed
INFO:root:2021-08-10-15--04--42 Frame manipulations completed
INFO:root:2021-08-10-15--04--42 Bounding Box Drawn
INFO:root:2021-08-10-15--04--42 MovingFrameQueue Popped
INFO:root:2021-08-10-15--04--42 Colour Conversion Completed
INFO:root:2021-08-10-15--04--42 Sleep Check Completed
INFO:root:2021-08-10-15--04--42 Frame manipulations completed
INFO:root:2021-08-10-15--04--42 Bounding Box Drawn
INFO:root:2021-08-10-15--04--43 MovingFrameQueue Appended
INFO:root:2021-08-10-15--04--43 Colour Conversion Completed
INFO:root:2021-08-10-15--04--43 Sleep Check Completed
INFO:root:2021-08-10-15--04--43 Frame manipulations completed
INFO:root:2021-08-10-15--04--43 Bounding Box Drawn
INFO:root:2021-08-10-15--04--43 MovingFrameQueue Popped
INFO:root:2021-08-10-15--04--43 Colour Conversion Completed
INFO:root:2021-08-10-15--04--43 Sleep Check Completed
INFO:root:2021-08-10-15--04--43 Frame manipulations completed
INFO:root:2021-08-10-15--04--43 Bounding Box Drawn
INFO:root:2021-08-10-15--04--43 MovingFrameQueue Appended
INFO:root:2021-08-10-15--04--43 Colour Conversion Completed
INFO:root:2021-08-10-15--04--43 Sleep Check Completed
INFO:root:2021-08-10-15--04--43 Frame manipulations completed
INFO:root:2021-08-10-15--04--43 Bounding Box Drawn
INFO:root:2021-08-10-15--04--43 MovingFrameQueue Popped
INFO:root:2021-08-10-15--04--43 Colour Conversion Completed
INFO:root:2021-08-10-15--04--43 Sleep Check Completed
INFO:root:2021-08-10-15--04--43 Frame manipulations completed
INFO:root:2021-08-10-15--04--43 Bounding Box Drawn
INFO:root:2021-08-10-15--04--43 MovingFrameQueue Appended
INFO:root:2021-08-10-15--04--43 Colour Conversion Completed
INFO:root:2021-08-10-15--04--43 Sleep Check Completed
INFO:root:2021-08-10-15--04--43 Frame manipulations completed
INFO:root:2021-08-10-15--04--43 Bounding Box Drawn
INFO:root:2021-08-10-15--04--43 MovingFrameQueue Popped
INFO:root:2021-08-10-15--04--43 Colour Conversion Completed
INFO:root:2021-08-10-15--04--43 Sleep Check Completed
INFO:root:2021-08-10-15--04--43 Frame manipulations completed
INFO:root:2021-08-10-15--04--43 Bounding Box Drawn
INFO:root:2021-08-10-15--04--44 MovingFrameQueue Appended
INFO:root:2021-08-10-15--04--44 Colour Conversion Completed
INFO:root:2021-08-10-15--04--44 Sleep Check Completed
INFO:root:2021-08-10-15--04--44 Frame manipulations completed
INFO:root:2021-08-10-15--04--44 Bounding Box Drawn
INFO:root:2021-08-10-15--04--44 MovingFrameQueue Popped
INFO:root:2021-08-10-15--04--44 Colour Conversion Completed
INFO:root:2021-08-10-15--04--44 Sleep Check Completed
INFO:root:2021-08-10-15--04--44 Frame manipulations completed
INFO:root:2021-08-10-15--04--44 Bounding Box Drawn
INFO:root:2021-08-10-15--04--44[INFO] elapsed time: 39.93
INFO:root:2021-08-10-15--04--44[INFO] approx. FPS: 4.46
ERROR:root:2021-08-10-15--04--44 Getting Auth Token Failure
ERROR:root:2021-08-10-15--04--44 BedTime Upload Failed
