INFO:root:2021-07-16-14--07--35 Parameter Generation Success
INFO:root:2021-07-16-14--07--35 Colour Conversion Completed
INFO:root:2021-07-16-14--07--35 Sleep Check Completed
INFO:root:2021-07-16-14--07--35 Frame manipulations completed
INFO:root:2021-07-16-14--07--35 Bounding Box Drawn
INFO:root:2021-07-16-14--07--40 MovingFrameQueue Appended
INFO:root:2021-07-16-14--07--40 anomallyFrameTracker resetted to 200
INFO:root:2021-07-16-14--07--40 Colour Conversion Completed
INFO:root:2021-07-16-14--07--40 Sleep Check Completed
INFO:root:2021-07-16-14--07--40 Frame manipulations completed
INFO:root:2021-07-16-14--07--40 Bounding Box Drawn
INFO:root:2021-07-16-14--07--40 MovingFrameQueue Appended
INFO:root:2021-07-16-14--07--40 anomallyFrameTracker resetted to 200
INFO:root:2021-07-16-14--07--40 Colour Conversion Completed
INFO:root:2021-07-16-14--07--40 Sleep Check Completed
INFO:root:2021-07-16-14--07--40 Frame manipulations completed
INFO:root:2021-07-16-14--07--40 Bounding Box Drawn
INFO:root:2021-07-16-14--07--40 MovingFrameQueue Appended
INFO:root:2021-07-16-14--07--40 anomallyFrameTracker resetted to 200
INFO:root:2021-07-16-14--07--40 Colour Conversion Completed
INFO:root:2021-07-16-14--07--40 Sleep Check Completed
INFO:root:2021-07-16-14--07--40 Frame manipulations completed
INFO:root:2021-07-16-14--07--40 Bounding Box Drawn
INFO:root:2021-07-16-14--07--41 MovingFrameQueue Appended
INFO:root:2021-07-16-14--07--41 anomallyFrameTracker resetted to 200
INFO:root:2021-07-16-14--07--41 Colour Conversion Completed
INFO:root:2021-07-16-14--07--41 Sleep Check Completed
INFO:root:2021-07-16-14--07--41 Frame manipulations completed
INFO:root:2021-07-16-14--07--41 Bounding Box Drawn
INFO:root:2021-07-16-14--07--41 MovingFrameQueue Appended
INFO:root:2021-07-16-14--07--41 anomallyFrameTracker resetted to 200
INFO:root:2021-07-16-14--07--41 Colour Conversion Completed
INFO:root:2021-07-16-14--07--41 Sleep Check Completed
INFO:root:2021-07-16-14--07--41 Frame manipulations completed
INFO:root:2021-07-16-14--07--41 Bounding Box Drawn
INFO:root:2021-07-16-14--07--41 MovingFrameQueue Appended
INFO:root:2021-07-16-14--07--41 anomallyFrameTracker resetted to 200
INFO:root:2021-07-16-14--07--41 Colour Conversion Completed
INFO:root:2021-07-16-14--07--41 Sleep Check Completed
INFO:root:2021-07-16-14--07--41 Frame manipulations completed
INFO:root:2021-07-16-14--07--41 Bounding Box Drawn
INFO:root:2021-07-16-14--07--41 MovingFrameQueue Appended
INFO:root:2021-07-16-14--07--41 anomallyFrameTracker resetted to 200
INFO:root:2021-07-16-14--07--41 Colour Conversion Completed
INFO:root:2021-07-16-14--07--41 Sleep Check Completed
INFO:root:2021-07-16-14--07--41 Frame manipulations completed
INFO:root:2021-07-16-14--07--41 Bounding Box Drawn
INFO:root:2021-07-16-14--07--41 MovingFrameQueue Appended
INFO:root:2021-07-16-14--07--41 anomallyFrameTracker resetted to 200
INFO:root:2021-07-16-14--07--41 Colour Conversion Completed
INFO:root:2021-07-16-14--07--41 Sleep Check Completed
INFO:root:2021-07-16-14--07--41 Frame manipulations completed
INFO:root:2021-07-16-14--07--41 Bounding Box Drawn
INFO:root:2021-07-16-14--07--42 MovingFrameQueue Appended
INFO:root:2021-07-16-14--07--42 anomallyFrameTracker resetted to 200
INFO:root:2021-07-16-14--07--42 Colour Conversion Completed
INFO:root:2021-07-16-14--07--42 Sleep Check Completed
INFO:root:2021-07-16-14--07--42 Frame manipulations completed
INFO:root:2021-07-16-14--07--42 Bounding Box Drawn
INFO:root:2021-07-16-14--07--42 MovingFrameQueue Appended
INFO:root:2021-07-16-14--07--42 anomallyFrameTracker resetted to 200
INFO:root:2021-07-16-14--07--42 Colour Conversion Completed
INFO:root:2021-07-16-14--07--42 Sleep Check Completed
INFO:root:2021-07-16-14--07--42 Frame manipulations completed
INFO:root:2021-07-16-14--07--42 Bounding Box Drawn
INFO:root:2021-07-16-14--07--42 MovingFrameQueue Appended
INFO:root:2021-07-16-14--07--42 anomallyFrameTracker resetted to 200
INFO:root:2021-07-16-14--07--42 Colour Conversion Completed
INFO:root:2021-07-16-14--07--42 Sleep Check Completed
INFO:root:2021-07-16-14--07--42 Frame manipulations completed
INFO:root:2021-07-16-14--07--42 Bounding Box Drawn
INFO:root:2021-07-16-14--07--42 MovingFrameQueue Appended
INFO:root:2021-07-16-14--07--42 anomallyFrameTracker resetted to 200
INFO:root:2021-07-16-14--07--42 Colour Conversion Completed
INFO:root:2021-07-16-14--07--42 Sleep Check Completed
INFO:root:2021-07-16-14--07--42 Frame manipulations completed
INFO:root:2021-07-16-14--07--42 Bounding Box Drawn
INFO:root:2021-07-16-14--07--42 MovingFrameQueue Appended
INFO:root:2021-07-16-14--07--42 anomallyFrameTracker resetted to 200
INFO:root:2021-07-16-14--07--42 Colour Conversion Completed
INFO:root:2021-07-16-14--07--42 Sleep Check Completed
INFO:root:2021-07-16-14--07--42 Frame manipulations completed
INFO:root:2021-07-16-14--07--42 Bounding Box Drawn
INFO:root:2021-07-16-14--07--42 MovingFrameQueue Appended
INFO:root:2021-07-16-14--07--42 anomallyFrameTracker resetted to 200
INFO:root:2021-07-16-14--07--42 Colour Conversion Completed
INFO:root:2021-07-16-14--07--42 Sleep Check Completed
INFO:root:2021-07-16-14--07--42 Frame manipulations completed
INFO:root:2021-07-16-14--07--42 Bounding Box Drawn
INFO:root:2021-07-16-14--07--42 MovingFrameQueue Appended
INFO:root:2021-07-16-14--07--42 anomallyFrameTracker resetted to 200
INFO:root:2021-07-16-14--07--42 Colour Conversion Completed
INFO:root:2021-07-16-14--07--42 Sleep Check Completed
INFO:root:2021-07-16-14--07--42 Frame manipulations completed
INFO:root:2021-07-16-14--07--42 Bounding Box Drawn
INFO:root:2021-07-16-14--07--42 MovingFrameQueue Appended
INFO:root:2021-07-16-14--07--42 anomallyFrameTracker resetted to 200
INFO:root:2021-07-16-14--07--42 Colour Conversion Completed
INFO:root:2021-07-16-14--07--42 Sleep Check Completed
INFO:root:2021-07-16-14--07--42 Frame manipulations completed
INFO:root:2021-07-16-14--07--42 Bounding Box Drawn
INFO:root:2021-07-16-14--07--43 MovingFrameQueue Appended
INFO:root:2021-07-16-14--07--43 anomallyFrameTracker resetted to 200
INFO:root:2021-07-16-14--07--43 Colour Conversion Completed
INFO:root:2021-07-16-14--07--43 Sleep Check Completed
INFO:root:2021-07-16-14--07--43 Frame manipulations completed
INFO:root:2021-07-16-14--07--43 Bounding Box Drawn
INFO:root:2021-07-16-14--07--43 MovingFrameQueue Appended
INFO:root:2021-07-16-14--07--43 anomallyFrameTracker resetted to 200
INFO:root:2021-07-16-14--07--43 Colour Conversion Completed
INFO:root:2021-07-16-14--07--43 Sleep Check Completed
INFO:root:2021-07-16-14--07--43 Frame manipulations completed
INFO:root:2021-07-16-14--07--43 Bounding Box Drawn
INFO:root:2021-07-16-14--07--43 MovingFrameQueue Appended
INFO:root:2021-07-16-14--07--43 anomallyFrameTracker resetted to 200
INFO:root:2021-07-16-14--07--43 Colour Conversion Completed
INFO:root:2021-07-16-14--07--43 Sleep Check Completed
INFO:root:2021-07-16-14--07--43 Frame manipulations completed
INFO:root:2021-07-16-14--07--43 Bounding Box Drawn
INFO:root:2021-07-16-14--07--43 MovingFrameQueue Appended
INFO:root:2021-07-16-14--07--43 anomallyFrameTracker resetted to 200
INFO:root:2021-07-16-14--07--43 Colour Conversion Completed
INFO:root:2021-07-16-14--07--43 Sleep Check Completed
INFO:root:2021-07-16-14--07--43 Frame manipulations completed
INFO:root:2021-07-16-14--07--43 Bounding Box Drawn
INFO:root:2021-07-16-14--07--43 MovingFrameQueue Appended
INFO:root:2021-07-16-14--07--43 anomallyFrameTracker resetted to 200
INFO:root:2021-07-16-14--07--43 Colour Conversion Completed
INFO:root:2021-07-16-14--07--43 Sleep Check Completed
INFO:root:2021-07-16-14--07--43 Frame manipulations completed
INFO:root:2021-07-16-14--07--43 Bounding Box Drawn
INFO:root:2021-07-16-14--07--43 MovingFrameQueue Appended
INFO:root:2021-07-16-14--07--43 anomallyFrameTracker resetted to 200
INFO:root:2021-07-16-14--07--43 Colour Conversion Completed
INFO:root:2021-07-16-14--07--44 Sleep Check Completed
INFO:root:2021-07-16-14--07--44 Frame manipulations completed
INFO:root:2021-07-16-14--07--44 Bounding Box Drawn
INFO:root:2021-07-16-14--07--44 MovingFrameQueue Appended
INFO:root:2021-07-16-14--07--44 anomallyFrameTracker resetted to 200
INFO:root:2021-07-16-14--07--44 Colour Conversion Completed
INFO:root:2021-07-16-14--07--44 Sleep Check Completed
INFO:root:2021-07-16-14--07--44 Frame manipulations completed
INFO:root:2021-07-16-14--07--44 Bounding Box Drawn
INFO:root:2021-07-16-14--07--44 MovingFrameQueue Appended
INFO:root:2021-07-16-14--07--44 anomallyFrameTracker resetted to 200
INFO:root:2021-07-16-14--07--44 Colour Conversion Completed
INFO:root:2021-07-16-14--07--44 Sleep Check Completed
INFO:root:2021-07-16-14--07--44 Frame manipulations completed
INFO:root:2021-07-16-14--07--44 Bounding Box Drawn
INFO:root:2021-07-16-14--07--44 MovingFrameQueue Appended
INFO:root:2021-07-16-14--07--44 anomallyFrameTracker resetted to 200
INFO:root:2021-07-16-14--07--44 Colour Conversion Completed
INFO:root:2021-07-16-14--07--44 Sleep Check Completed
INFO:root:2021-07-16-14--07--44 Frame manipulations completed
INFO:root:2021-07-16-14--07--44 Bounding Box Drawn
INFO:root:2021-07-16-14--07--44 MovingFrameQueue Appended
INFO:root:2021-07-16-14--07--44 anomallyFrameTracker resetted to 200
INFO:root:2021-07-16-14--07--44 Colour Conversion Completed
INFO:root:2021-07-16-14--07--44 Sleep Check Completed
INFO:root:2021-07-16-14--07--44 Frame manipulations completed
INFO:root:2021-07-16-14--07--44 Bounding Box Drawn
INFO:root:2021-07-16-14--07--44 MovingFrameQueue Appended
INFO:root:2021-07-16-14--07--44 anomallyFrameTracker resetted to 200
INFO:root:2021-07-16-14--07--44 Colour Conversion Completed
INFO:root:2021-07-16-14--07--45 Sleep Check Completed
INFO:root:2021-07-16-14--07--45 Frame manipulations completed
INFO:root:2021-07-16-14--07--45 Bounding Box Drawn
INFO:root:2021-07-16-14--07--45 MovingFrameQueue Appended
INFO:root:2021-07-16-14--07--45 anomallyFrameTracker resetted to 200
INFO:root:2021-07-16-14--07--45 Colour Conversion Completed
INFO:root:2021-07-16-14--07--45 Sleep Check Completed
INFO:root:2021-07-16-14--07--45 Frame manipulations completed
INFO:root:2021-07-16-14--07--45 Bounding Box Drawn
INFO:root:2021-07-16-14--07--45 MovingFrameQueue Appended
INFO:root:2021-07-16-14--07--45 anomallyFrameTracker resetted to 200
INFO:root:2021-07-16-14--07--45 Colour Conversion Completed
INFO:root:2021-07-16-14--07--45 Sleep Check Completed
INFO:root:2021-07-16-14--07--45 Frame manipulations completed
INFO:root:2021-07-16-14--07--45 Bounding Box Drawn
INFO:root:2021-07-16-14--07--45 MovingFrameQueue Appended
INFO:root:2021-07-16-14--07--45 anomallyFrameTracker resetted to 200
INFO:root:2021-07-16-14--07--45 Colour Conversion Completed
INFO:root:2021-07-16-14--07--45 Sleep Check Completed
INFO:root:2021-07-16-14--07--45 Frame manipulations completed
INFO:root:2021-07-16-14--07--45 Bounding Box Drawn
INFO:root:2021-07-16-14--07--45 MovingFrameQueue Appended
INFO:root:2021-07-16-14--07--45 anomallyFrameTracker resetted to 200
INFO:root:2021-07-16-14--07--45 Colour Conversion Completed
INFO:root:2021-07-16-14--07--45 Sleep Check Completed
INFO:root:2021-07-16-14--07--45 Frame manipulations completed
INFO:root:2021-07-16-14--07--45 Bounding Box Drawn
INFO:root:2021-07-16-14--07--45 MovingFrameQueue Appended
INFO:root:2021-07-16-14--07--45 anomallyFrameTracker resetted to 200
INFO:root:2021-07-16-14--07--46 Colour Conversion Completed
INFO:root:2021-07-16-14--07--46 Sleep Check Completed
INFO:root:2021-07-16-14--07--46 Frame manipulations completed
INFO:root:2021-07-16-14--07--46 Bounding Box Drawn
INFO:root:2021-07-16-14--07--46 MovingFrameQueue Appended
INFO:root:2021-07-16-14--07--46 anomallyFrameTracker resetted to 200
INFO:root:2021-07-16-14--07--46 Colour Conversion Completed
INFO:root:2021-07-16-14--07--46 Sleep Check Completed
INFO:root:2021-07-16-14--07--46 Frame manipulations completed
INFO:root:2021-07-16-14--07--46 Bounding Box Drawn
INFO:root:2021-07-16-14--07--46 MovingFrameQueue Appended
INFO:root:2021-07-16-14--07--46 anomallyFrameTracker resetted to 200
INFO:root:2021-07-16-14--07--46 Colour Conversion Completed
INFO:root:2021-07-16-14--07--46 Sleep Check Completed
INFO:root:2021-07-16-14--07--46 Frame manipulations completed
INFO:root:2021-07-16-14--07--46 Bounding Box Drawn
INFO:root:2021-07-16-14--07--46 MovingFrameQueue Appended
INFO:root:2021-07-16-14--07--46 anomallyFrameTracker resetted to 200
INFO:root:2021-07-16-14--07--46 Colour Conversion Completed
INFO:root:2021-07-16-14--07--46 Sleep Check Completed
INFO:root:2021-07-16-14--07--46 Frame manipulations completed
INFO:root:2021-07-16-14--07--46 Bounding Box Drawn
INFO:root:2021-07-16-14--07--46 MovingFrameQueue Appended
INFO:root:2021-07-16-14--07--46 anomallyFrameTracker resetted to 200
INFO:root:2021-07-16-14--07--46 Colour Conversion Completed
INFO:root:2021-07-16-14--07--46 Sleep Check Completed
INFO:root:2021-07-16-14--07--46 Frame manipulations completed
INFO:root:2021-07-16-14--07--46 Bounding Box Drawn
INFO:root:2021-07-16-14--07--46 MovingFrameQueue Appended
INFO:root:2021-07-16-14--07--46 anomallyFrameTracker resetted to 200
INFO:root:2021-07-16-14--07--46 Colour Conversion Completed
INFO:root:2021-07-16-14--07--46 Sleep Check Completed
INFO:root:2021-07-16-14--07--46 Frame manipulations completed
INFO:root:2021-07-16-14--07--46 Bounding Box Drawn
INFO:root:2021-07-16-14--07--47 MovingFrameQueue Appended
INFO:root:2021-07-16-14--07--47 anomallyFrameTracker resetted to 200
INFO:root:2021-07-16-14--07--47 Colour Conversion Completed
INFO:root:2021-07-16-14--07--47 Sleep Check Completed
INFO:root:2021-07-16-14--07--47 Frame manipulations completed
INFO:root:2021-07-16-14--07--47 Bounding Box Drawn
INFO:root:2021-07-16-14--07--47 MovingFrameQueue Appended
INFO:root:2021-07-16-14--07--47 anomallyFrameTracker resetted to 200
INFO:root:2021-07-16-14--07--47 Colour Conversion Completed
INFO:root:2021-07-16-14--07--47 Sleep Check Completed
INFO:root:2021-07-16-14--07--47 Frame manipulations completed
INFO:root:2021-07-16-14--07--47 Bounding Box Drawn
INFO:root:2021-07-16-14--07--47 MovingFrameQueue Appended
INFO:root:2021-07-16-14--07--47 anomallyFrameTracker resetted to 200
INFO:root:2021-07-16-14--07--47 Colour Conversion Completed
INFO:root:2021-07-16-14--07--47 Sleep Check Completed
INFO:root:2021-07-16-14--07--47 Frame manipulations completed
INFO:root:2021-07-16-14--07--47 Bounding Box Drawn
INFO:root:2021-07-16-14--07--47 MovingFrameQueue Appended
INFO:root:2021-07-16-14--07--47 anomallyFrameTracker resetted to 200
INFO:root:2021-07-16-14--07--47 Colour Conversion Completed
INFO:root:2021-07-16-14--07--47 Sleep Check Completed
INFO:root:2021-07-16-14--07--47 Frame manipulations completed
INFO:root:2021-07-16-14--07--47 Bounding Box Drawn
INFO:root:2021-07-16-14--07--47 MovingFrameQueue Appended
INFO:root:2021-07-16-14--07--47 anomallyFrameTracker resetted to 200
INFO:root:2021-07-16-14--07--47 Colour Conversion Completed
INFO:root:2021-07-16-14--07--47 Sleep Check Completed
INFO:root:2021-07-16-14--07--47 Frame manipulations completed
INFO:root:2021-07-16-14--07--47 Bounding Box Drawn
INFO:root:2021-07-16-14--07--48 MovingFrameQueue Appended
INFO:root:2021-07-16-14--07--48 anomallyFrameTracker resetted to 200
INFO:root:2021-07-16-14--07--48 Colour Conversion Completed
INFO:root:2021-07-16-14--07--48 Sleep Check Completed
INFO:root:2021-07-16-14--07--48 Frame manipulations completed
INFO:root:2021-07-16-14--07--48 Bounding Box Drawn
INFO:root:2021-07-16-14--07--48 MovingFrameQueue Appended
INFO:root:2021-07-16-14--07--48 anomallyFrameTracker resetted to 200
INFO:root:2021-07-16-14--07--48 Colour Conversion Completed
INFO:root:2021-07-16-14--07--48 Sleep Check Completed
INFO:root:2021-07-16-14--07--48 Frame manipulations completed
INFO:root:2021-07-16-14--07--48 Bounding Box Drawn
INFO:root:2021-07-16-14--07--48 MovingFrameQueue Appended
INFO:root:2021-07-16-14--07--48 anomallyFrameTracker resetted to 200
INFO:root:2021-07-16-14--07--48 Colour Conversion Completed
INFO:root:2021-07-16-14--07--48 Sleep Check Completed
INFO:root:2021-07-16-14--07--48 Frame manipulations completed
INFO:root:2021-07-16-14--07--48 Bounding Box Drawn
INFO:root:2021-07-16-14--07--48 MovingFrameQueue Appended
INFO:root:2021-07-16-14--07--48 anomallyFrameTracker resetted to 200
INFO:root:2021-07-16-14--07--48 Colour Conversion Completed
INFO:root:2021-07-16-14--07--48 Sleep Check Completed
INFO:root:2021-07-16-14--07--48 Frame manipulations completed
INFO:root:2021-07-16-14--07--48 Bounding Box Drawn
INFO:root:2021-07-16-14--07--48 MovingFrameQueue Appended
INFO:root:2021-07-16-14--07--48 anomallyFrameTracker resetted to 200
INFO:root:2021-07-16-14--07--48 Colour Conversion Completed
INFO:root:2021-07-16-14--07--48 Sleep Check Completed
INFO:root:2021-07-16-14--07--48 Frame manipulations completed
INFO:root:2021-07-16-14--07--48 Bounding Box Drawn
INFO:root:2021-07-16-14--07--49 MovingFrameQueue Appended
INFO:root:2021-07-16-14--07--49 anomallyFrameTracker resetted to 200
INFO:root:2021-07-16-14--07--49 Colour Conversion Completed
INFO:root:2021-07-16-14--07--49 Sleep Check Completed
INFO:root:2021-07-16-14--07--49 Frame manipulations completed
INFO:root:2021-07-16-14--07--49 Bounding Box Drawn
INFO:root:2021-07-16-14--07--49 MovingFrameQueue Appended
INFO:root:2021-07-16-14--07--49 anomallyFrameTracker resetted to 200
INFO:root:2021-07-16-14--07--49 Colour Conversion Completed
INFO:root:2021-07-16-14--07--49 Sleep Check Completed
INFO:root:2021-07-16-14--07--49 Frame manipulations completed
INFO:root:2021-07-16-14--07--49 Bounding Box Drawn
INFO:root:2021-07-16-14--07--49 MovingFrameQueue Appended
INFO:root:2021-07-16-14--07--49 anomallyFrameTracker resetted to 200
INFO:root:2021-07-16-14--07--49 Colour Conversion Completed
INFO:root:2021-07-16-14--07--49 Sleep Check Completed
INFO:root:2021-07-16-14--07--49 Frame manipulations completed
INFO:root:2021-07-16-14--07--49 Bounding Box Drawn
INFO:root:2021-07-16-14--07--49 MovingFrameQueue Appended
INFO:root:2021-07-16-14--07--49 anomallyFrameTracker resetted to 200
INFO:root:2021-07-16-14--07--49 Colour Conversion Completed
INFO:root:2021-07-16-14--07--49 Sleep Check Completed
INFO:root:2021-07-16-14--07--49 Frame manipulations completed
INFO:root:2021-07-16-14--07--49 Bounding Box Drawn
INFO:root:2021-07-16-14--07--49 MovingFrameQueue Popped
INFO:root:2021-07-16-14--07--49 anomallyFrameTracker resetted to 200
INFO:root:2021-07-16-14--07--49 Colour Conversion Completed
INFO:root:2021-07-16-14--07--49 Sleep Check Completed
INFO:root:2021-07-16-14--07--49 Frame manipulations completed
INFO:root:2021-07-16-14--07--49 Bounding Box Drawn
INFO:root:2021-07-16-14--07--49 MovingFrameQueue Appended
INFO:root:2021-07-16-14--07--49 anomallyFrameTracker resetted to 200
INFO:root:2021-07-16-14--07--49 Colour Conversion Completed
INFO:root:2021-07-16-14--07--50 Sleep Check Completed
INFO:root:2021-07-16-14--07--50 Frame manipulations completed
INFO:root:2021-07-16-14--07--50 Bounding Box Drawn
INFO:root:2021-07-16-14--07--50 MovingFrameQueue Popped
INFO:root:2021-07-16-14--07--50 anomallyFrameTracker resetted to 200
INFO:root:2021-07-16-14--07--50 Colour Conversion Completed
INFO:root:2021-07-16-14--07--50 Sleep Check Completed
INFO:root:2021-07-16-14--07--50 Frame manipulations completed
INFO:root:2021-07-16-14--07--50 Bounding Box Drawn
INFO:root:2021-07-16-14--07--50 MovingFrameQueue Appended
INFO:root:2021-07-16-14--07--50 anomallyFrameTracker resetted to 200
INFO:root:2021-07-16-14--07--50 Colour Conversion Completed
INFO:root:2021-07-16-14--07--50 Sleep Check Completed
INFO:root:2021-07-16-14--07--50 Frame manipulations completed
INFO:root:2021-07-16-14--07--50 Bounding Box Drawn
INFO:root:2021-07-16-14--07--50 MovingFrameQueue Popped
INFO:root:2021-07-16-14--07--50 anomallyFrameTracker resetted to 200
INFO:root:2021-07-16-14--07--50 Colour Conversion Completed
INFO:root:2021-07-16-14--07--50 Sleep Check Completed
INFO:root:2021-07-16-14--07--50 Frame manipulations completed
INFO:root:2021-07-16-14--07--50 Bounding Box Drawn
INFO:root:2021-07-16-14--07--50 MovingFrameQueue Appended
INFO:root:2021-07-16-14--07--50 anomallyFrameTracker resetted to 200
INFO:root:2021-07-16-14--07--50 Colour Conversion Completed
INFO:root:2021-07-16-14--07--50 Sleep Check Completed
INFO:root:2021-07-16-14--07--50 Frame manipulations completed
INFO:root:2021-07-16-14--07--50 Bounding Box Drawn
INFO:root:2021-07-16-14--07--50 MovingFrameQueue Popped
INFO:root:2021-07-16-14--07--50 anomallyFrameTracker resetted to 200
INFO:root:2021-07-16-14--07--50 Colour Conversion Completed
INFO:root:2021-07-16-14--07--50 Sleep Check Completed
INFO:root:2021-07-16-14--07--50 Frame manipulations completed
INFO:root:2021-07-16-14--07--50 Bounding Box Drawn
INFO:root:2021-07-16-14--07--50 MovingFrameQueue Appended
INFO:root:2021-07-16-14--07--50 anomallyFrameTracker resetted to 200
INFO:root:2021-07-16-14--07--50 Colour Conversion Completed
INFO:root:2021-07-16-14--07--50 Sleep Check Completed
INFO:root:2021-07-16-14--07--50 Frame manipulations completed
INFO:root:2021-07-16-14--07--50 Bounding Box Drawn
INFO:root:2021-07-16-14--07--51 MovingFrameQueue Popped
INFO:root:2021-07-16-14--07--51 anomallyFrameTracker resetted to 200
INFO:root:2021-07-16-14--07--51 Colour Conversion Completed
INFO:root:2021-07-16-14--07--51 Sleep Check Completed
INFO:root:2021-07-16-14--07--51 Frame manipulations completed
INFO:root:2021-07-16-14--07--51 Bounding Box Drawn
INFO:root:2021-07-16-14--07--51 MovingFrameQueue Appended
INFO:root:2021-07-16-14--07--51 anomallyFrameTracker resetted to 200
INFO:root:2021-07-16-14--07--51 Colour Conversion Completed
INFO:root:2021-07-16-14--07--51 Sleep Check Completed
INFO:root:2021-07-16-14--07--51 Frame manipulations completed
INFO:root:2021-07-16-14--07--51 Bounding Box Drawn
INFO:root:2021-07-16-14--07--51 MovingFrameQueue Popped
INFO:root:2021-07-16-14--07--51 anomallyFrameTracker resetted to 200
INFO:root:2021-07-16-14--07--51 Colour Conversion Completed
INFO:root:2021-07-16-14--07--51 Sleep Check Completed
INFO:root:2021-07-16-14--07--51 Frame manipulations completed
INFO:root:2021-07-16-14--07--51 Bounding Box Drawn
INFO:root:2021-07-16-14--07--51 MovingFrameQueue Appended
INFO:root:2021-07-16-14--07--51 anomallyFrameTracker resetted to 200
INFO:root:2021-07-16-14--07--51 Colour Conversion Completed
INFO:root:2021-07-16-14--07--51 Sleep Check Completed
INFO:root:2021-07-16-14--07--51 Frame manipulations completed
INFO:root:2021-07-16-14--07--51 Bounding Box Drawn
INFO:root:2021-07-16-14--07--51 MovingFrameQueue Popped
INFO:root:2021-07-16-14--07--51 anomallyFrameTracker resetted to 200
INFO:root:2021-07-16-14--07--51 Colour Conversion Completed
INFO:root:2021-07-16-14--07--51 Sleep Check Completed
INFO:root:2021-07-16-14--07--51 Frame manipulations completed
INFO:root:2021-07-16-14--07--51 Bounding Box Drawn
INFO:root:2021-07-16-14--07--51 MovingFrameQueue Appended
INFO:root:2021-07-16-14--07--51 anomallyFrameTracker resetted to 200
INFO:root:2021-07-16-14--07--51 Colour Conversion Completed
INFO:root:2021-07-16-14--07--51 Sleep Check Completed
INFO:root:2021-07-16-14--07--51 Frame manipulations completed
INFO:root:2021-07-16-14--07--51 Bounding Box Drawn
INFO:root:2021-07-16-14--07--52 MovingFrameQueue Popped
INFO:root:2021-07-16-14--07--52 anomallyFrameTracker resetted to 200
INFO:root:2021-07-16-14--07--52 Colour Conversion Completed
INFO:root:2021-07-16-14--07--52 Sleep Check Completed
INFO:root:2021-07-16-14--07--52 Frame manipulations completed
INFO:root:2021-07-16-14--07--52 Bounding Box Drawn
INFO:root:2021-07-16-14--07--52 MovingFrameQueue Appended
INFO:root:2021-07-16-14--07--52 anomallyFrameTracker resetted to 200
INFO:root:2021-07-16-14--07--52 Colour Conversion Completed
INFO:root:2021-07-16-14--07--52 Sleep Check Completed
INFO:root:2021-07-16-14--07--52 Frame manipulations completed
INFO:root:2021-07-16-14--07--52 Bounding Box Drawn
INFO:root:2021-07-16-14--07--52 MovingFrameQueue Popped
INFO:root:2021-07-16-14--07--52 anomallyFrameTracker resetted to 200
INFO:root:2021-07-16-14--07--52 Colour Conversion Completed
INFO:root:2021-07-16-14--07--52 Sleep Check Completed
INFO:root:2021-07-16-14--07--52 Frame manipulations completed
INFO:root:2021-07-16-14--07--52 Bounding Box Drawn
INFO:root:2021-07-16-14--07--52 MovingFrameQueue Appended
INFO:root:2021-07-16-14--07--52 anomallyFrameTracker resetted to 200
INFO:root:2021-07-16-14--07--52 Colour Conversion Completed
INFO:root:2021-07-16-14--07--52 Sleep Check Completed
INFO:root:2021-07-16-14--07--52 Frame manipulations completed
INFO:root:2021-07-16-14--07--52 Bounding Box Drawn
INFO:root:2021-07-16-14--07--52 MovingFrameQueue Popped
INFO:root:2021-07-16-14--07--52 anomallyFrameTracker resetted to 200
INFO:root:2021-07-16-14--07--52 Colour Conversion Completed
INFO:root:2021-07-16-14--07--52 Sleep Check Completed
INFO:root:2021-07-16-14--07--52 Frame manipulations completed
INFO:root:2021-07-16-14--07--52 Bounding Box Drawn
INFO:root:2021-07-16-14--07--52 MovingFrameQueue Appended
INFO:root:2021-07-16-14--07--52 anomallyFrameTracker resetted to 200
INFO:root:2021-07-16-14--07--52 Colour Conversion Completed
INFO:root:2021-07-16-14--07--52 Sleep Check Completed
INFO:root:2021-07-16-14--07--52 Frame manipulations completed
INFO:root:2021-07-16-14--07--52 Bounding Box Drawn
INFO:root:2021-07-16-14--07--53 MovingFrameQueue Popped
INFO:root:2021-07-16-14--07--53 anomallyFrameTracker resetted to 200
INFO:root:2021-07-16-14--07--53 Colour Conversion Completed
INFO:root:2021-07-16-14--07--53 Sleep Check Completed
INFO:root:2021-07-16-14--07--53 Frame manipulations completed
INFO:root:2021-07-16-14--07--53 Bounding Box Drawn
INFO:root:2021-07-16-14--07--53 MovingFrameQueue Appended
INFO:root:2021-07-16-14--07--53 anomallyFrameTracker resetted to 200
INFO:root:2021-07-16-14--07--53 Colour Conversion Completed
INFO:root:2021-07-16-14--07--53 Sleep Check Completed
INFO:root:2021-07-16-14--07--53 Frame manipulations completed
INFO:root:2021-07-16-14--07--53 Bounding Box Drawn
INFO:root:2021-07-16-14--07--53 MovingFrameQueue Popped
INFO:root:2021-07-16-14--07--53 anomallyFrameTracker resetted to 200
INFO:root:2021-07-16-14--07--53 Colour Conversion Completed
INFO:root:2021-07-16-14--07--53 Sleep Check Completed
INFO:root:2021-07-16-14--07--53 Frame manipulations completed
INFO:root:2021-07-16-14--07--53 Bounding Box Drawn
INFO:root:2021-07-16-14--07--53 MovingFrameQueue Appended
INFO:root:2021-07-16-14--07--53 anomallyFrameTracker resetted to 200
INFO:root:2021-07-16-14--07--53 Colour Conversion Completed
INFO:root:2021-07-16-14--07--53 Sleep Check Completed
INFO:root:2021-07-16-14--07--53 Frame manipulations completed
INFO:root:2021-07-16-14--07--53 Bounding Box Drawn
INFO:root:2021-07-16-14--07--53 MovingFrameQueue Popped
INFO:root:2021-07-16-14--07--53 anomallyFrameTracker resetted to 200
INFO:root:2021-07-16-14--07--53 Colour Conversion Completed
INFO:root:2021-07-16-14--07--53 Sleep Check Completed
INFO:root:2021-07-16-14--07--53 Frame manipulations completed
INFO:root:2021-07-16-14--07--53 Bounding Box Drawn
INFO:root:2021-07-16-14--07--53 MovingFrameQueue Appended
INFO:root:2021-07-16-14--07--53 anomallyFrameTracker resetted to 200
INFO:root:2021-07-16-14--07--53 Colour Conversion Completed
INFO:root:2021-07-16-14--07--53 Sleep Check Completed
INFO:root:2021-07-16-14--07--53 Frame manipulations completed
INFO:root:2021-07-16-14--07--53 Bounding Box Drawn
INFO:root:2021-07-16-14--07--53 MovingFrameQueue Popped
INFO:root:2021-07-16-14--07--53 anomallyFrameTracker resetted to 200
INFO:root:2021-07-16-14--07--53 Colour Conversion Completed
INFO:root:2021-07-16-14--07--53 Sleep Check Completed
INFO:root:2021-07-16-14--07--53 Frame manipulations completed
INFO:root:2021-07-16-14--07--53 Bounding Box Drawn
INFO:root:2021-07-16-14--07--54 MovingFrameQueue Appended
INFO:root:2021-07-16-14--07--54 anomallyFrameTracker resetted to 200
INFO:root:2021-07-16-14--07--54 Colour Conversion Completed
INFO:root:2021-07-16-14--07--54 Sleep Check Completed
INFO:root:2021-07-16-14--07--54 Frame manipulations completed
INFO:root:2021-07-16-14--07--54 Bounding Box Drawn
INFO:root:2021-07-16-14--07--54 MovingFrameQueue Popped
INFO:root:2021-07-16-14--07--54 anomallyFrameTracker resetted to 200
INFO:root:2021-07-16-14--07--54 Colour Conversion Completed
INFO:root:2021-07-16-14--07--54 Sleep Check Completed
INFO:root:2021-07-16-14--07--54 Frame manipulations completed
INFO:root:2021-07-16-14--07--54 Bounding Box Drawn
INFO:root:2021-07-16-14--07--54 MovingFrameQueue Appended
INFO:root:2021-07-16-14--07--54 anomallyFrameTracker resetted to 200
INFO:root:2021-07-16-14--07--54 Colour Conversion Completed
INFO:root:2021-07-16-14--07--54 Sleep Check Completed
INFO:root:2021-07-16-14--07--54 Frame manipulations completed
INFO:root:2021-07-16-14--07--54 Bounding Box Drawn
INFO:root:2021-07-16-14--07--54 MovingFrameQueue Popped
INFO:root:2021-07-16-14--07--54 anomallyFrameTracker resetted to 200
INFO:root:2021-07-16-14--07--54 Colour Conversion Completed
INFO:root:2021-07-16-14--07--54 Sleep Check Completed
INFO:root:2021-07-16-14--07--54 Frame manipulations completed
INFO:root:2021-07-16-14--07--54 Bounding Box Drawn
INFO:root:2021-07-16-14--07--54 MovingFrameQueue Appended
INFO:root:2021-07-16-14--07--54 anomallyFrameTracker resetted to 200
INFO:root:2021-07-16-14--07--54 Colour Conversion Completed
INFO:root:2021-07-16-14--07--54 Sleep Check Completed
INFO:root:2021-07-16-14--07--54 Frame manipulations completed
INFO:root:2021-07-16-14--07--54 Bounding Box Drawn
INFO:root:2021-07-16-14--07--54 MovingFrameQueue Popped
INFO:root:2021-07-16-14--07--54 anomallyFrameTracker resetted to 200
INFO:root:2021-07-16-14--07--54 Colour Conversion Completed
INFO:root:2021-07-16-14--07--54 Sleep Check Completed
INFO:root:2021-07-16-14--07--54 Frame manipulations completed
INFO:root:2021-07-16-14--07--54 Bounding Box Drawn
INFO:root:2021-07-16-14--07--54 MovingFrameQueue Appended
INFO:root:2021-07-16-14--07--54 anomallyFrameTracker resetted to 200
INFO:root:2021-07-16-14--07--54 Colour Conversion Completed
INFO:root:2021-07-16-14--07--54 Sleep Check Completed
INFO:root:2021-07-16-14--07--54 Frame manipulations completed
INFO:root:2021-07-16-14--07--54 Bounding Box Drawn
INFO:root:2021-07-16-14--07--54 MovingFrameQueue Popped
INFO:root:2021-07-16-14--07--54 anomallyFrameTracker resetted to 200
INFO:root:2021-07-16-14--07--54 Colour Conversion Completed
INFO:root:2021-07-16-14--07--54 Sleep Check Completed
INFO:root:2021-07-16-14--07--54 Frame manipulations completed
INFO:root:2021-07-16-14--07--54 Bounding Box Drawn
INFO:root:2021-07-16-14--07--55 MovingFrameQueue Appended
INFO:root:2021-07-16-14--07--55 anomallyFrameTracker resetted to 200
INFO:root:2021-07-16-14--07--55 Colour Conversion Completed
INFO:root:2021-07-16-14--07--55 Sleep Check Completed
INFO:root:2021-07-16-14--07--55 Frame manipulations completed
INFO:root:2021-07-16-14--07--55 Bounding Box Drawn
INFO:root:2021-07-16-14--07--55 MovingFrameQueue Popped
INFO:root:2021-07-16-14--07--55 anomallyFrameTracker resetted to 200
INFO:root:2021-07-16-14--07--55 Colour Conversion Completed
INFO:root:2021-07-16-14--07--55 Sleep Check Completed
INFO:root:2021-07-16-14--07--55 Frame manipulations completed
INFO:root:2021-07-16-14--07--55 Bounding Box Drawn
INFO:root:2021-07-16-14--07--55 MovingFrameQueue Appended
INFO:root:2021-07-16-14--07--55 anomallyFrameTracker resetted to 200
INFO:root:2021-07-16-14--07--55 Colour Conversion Completed
INFO:root:2021-07-16-14--07--55 Sleep Check Completed
INFO:root:2021-07-16-14--07--55 Frame manipulations completed
INFO:root:2021-07-16-14--07--55 Bounding Box Drawn
INFO:root:2021-07-16-14--07--55 MovingFrameQueue Popped
INFO:root:2021-07-16-14--07--55 anomallyFrameTracker resetted to 200
INFO:root:2021-07-16-14--07--55 Colour Conversion Completed
INFO:root:2021-07-16-14--07--55 Sleep Check Completed
INFO:root:2021-07-16-14--07--55 Frame manipulations completed
INFO:root:2021-07-16-14--07--55 Bounding Box Drawn
INFO:root:2021-07-16-14--07--55 MovingFrameQueue Appended
INFO:root:2021-07-16-14--07--55 anomallyFrameTracker resetted to 200
INFO:root:2021-07-16-14--07--55 Colour Conversion Completed
INFO:root:2021-07-16-14--07--55 Sleep Check Completed
INFO:root:2021-07-16-14--07--55 Frame manipulations completed
INFO:root:2021-07-16-14--07--55 Bounding Box Drawn
INFO:root:2021-07-16-14--07--55 MovingFrameQueue Popped
INFO:root:2021-07-16-14--07--55 anomallyFrameTracker resetted to 200
INFO:root:2021-07-16-14--07--55 Colour Conversion Completed
INFO:root:2021-07-16-14--07--55 Sleep Check Completed
INFO:root:2021-07-16-14--07--55 Frame manipulations completed
INFO:root:2021-07-16-14--07--55 Bounding Box Drawn
INFO:root:2021-07-16-14--07--55 MovingFrameQueue Appended
INFO:root:2021-07-16-14--07--55 anomallyFrameTracker resetted to 200
INFO:root:2021-07-16-14--07--55 Colour Conversion Completed
INFO:root:2021-07-16-14--07--55 Sleep Check Completed
INFO:root:2021-07-16-14--07--55 Frame manipulations completed
INFO:root:2021-07-16-14--07--55 Bounding Box Drawn
INFO:root:2021-07-16-14--07--55 MovingFrameQueue Popped
INFO:root:2021-07-16-14--07--55 anomallyFrameTracker resetted to 200
INFO:root:2021-07-16-14--07--55 Colour Conversion Completed
INFO:root:2021-07-16-14--07--55 Sleep Check Completed
INFO:root:2021-07-16-14--07--55 Frame manipulations completed
INFO:root:2021-07-16-14--07--55 Bounding Box Drawn
INFO:root:2021-07-16-14--07--56 MovingFrameQueue Appended
INFO:root:2021-07-16-14--07--56 anomallyFrameTracker resetted to 200
INFO:root:2021-07-16-14--07--56 Colour Conversion Completed
INFO:root:2021-07-16-14--07--56 Sleep Check Completed
INFO:root:2021-07-16-14--07--56 Frame manipulations completed
INFO:root:2021-07-16-14--07--56 Bounding Box Drawn
INFO:root:2021-07-16-14--07--56 MovingFrameQueue Popped
INFO:root:2021-07-16-14--07--56 Anomally Detected, starting call for more frames
INFO:root:2021-07-16-14--07--56 anomallyFrameTracker resetted to 200
INFO:root:2021-07-16-14--07--56 Colour Conversion Completed
INFO:root:2021-07-16-14--07--56 Sleep Check Completed
INFO:root:2021-07-16-14--07--56 Frame manipulations completed
INFO:root:2021-07-16-14--07--56 Bounding Box Drawn
INFO:root:2021-07-16-14--07--56 MovingFrameQueue Appended
INFO:root:2021-07-16-14--07--56 Anomally Detected, starting call for more frames
INFO:root:2021-07-16-14--07--56 anomallyFrameTracker resetted to 200
INFO:root:2021-07-16-14--07--56 Colour Conversion Completed
INFO:root:2021-07-16-14--07--56 Sleep Check Completed
INFO:root:2021-07-16-14--07--56 Frame manipulations completed
INFO:root:2021-07-16-14--07--56 Bounding Box Drawn
INFO:root:2021-07-16-14--07--56 MovingFrameQueue Popped
INFO:root:2021-07-16-14--07--56 anomallyFrameTracker resetted to 200
INFO:root:2021-07-16-14--07--56 Colour Conversion Completed
INFO:root:2021-07-16-14--07--56 Sleep Check Completed
INFO:root:2021-07-16-14--07--56 Frame manipulations completed
INFO:root:2021-07-16-14--07--56 Bounding Box Drawn
INFO:root:2021-07-16-14--07--56 MovingFrameQueue Appended
INFO:root:2021-07-16-14--07--56 anomallyFrameTracker resetted to 200
INFO:root:2021-07-16-14--07--56 Colour Conversion Completed
INFO:root:2021-07-16-14--07--56 Sleep Check Completed
INFO:root:2021-07-16-14--07--56 Frame manipulations completed
INFO:root:2021-07-16-14--07--56 Bounding Box Drawn
INFO:root:2021-07-16-14--07--56 MovingFrameQueue Popped
INFO:root:2021-07-16-14--07--56 anomallyFrameTracker resetted to 200
INFO:root:2021-07-16-14--07--56 Colour Conversion Completed
INFO:root:2021-07-16-14--07--56 Sleep Check Completed
INFO:root:2021-07-16-14--07--56 Frame manipulations completed
INFO:root:2021-07-16-14--07--56 Bounding Box Drawn
INFO:root:2021-07-16-14--07--56 MovingFrameQueue Appended
INFO:root:2021-07-16-14--07--56 anomallyFrameTracker resetted to 200
INFO:root:2021-07-16-14--07--56 Colour Conversion Completed
INFO:root:2021-07-16-14--07--56 Sleep Check Completed
INFO:root:2021-07-16-14--07--56 Frame manipulations completed
INFO:root:2021-07-16-14--07--56 Bounding Box Drawn
INFO:root:2021-07-16-14--07--56 MovingFrameQueue Popped
INFO:root:2021-07-16-14--07--56 anomallyFrameTracker resetted to 200
INFO:root:2021-07-16-14--07--56 Colour Conversion Completed
INFO:root:2021-07-16-14--07--56 Sleep Check Completed
INFO:root:2021-07-16-14--07--56 Frame manipulations completed
INFO:root:2021-07-16-14--07--56 Bounding Box Drawn
INFO:root:2021-07-16-14--07--57 MovingFrameQueue Appended
INFO:root:2021-07-16-14--07--57 anomallyFrameTracker resetted to 200
INFO:root:2021-07-16-14--07--57 Colour Conversion Completed
INFO:root:2021-07-16-14--07--57 Sleep Check Completed
INFO:root:2021-07-16-14--07--57 Frame manipulations completed
INFO:root:2021-07-16-14--07--57 Bounding Box Drawn
INFO:root:2021-07-16-14--07--57 MovingFrameQueue Popped
INFO:root:2021-07-16-14--07--57 anomallyFrameTracker resetted to 200
INFO:root:2021-07-16-14--07--57 Colour Conversion Completed
INFO:root:2021-07-16-14--07--57 Sleep Check Completed
INFO:root:2021-07-16-14--07--57 Frame manipulations completed
INFO:root:2021-07-16-14--07--57 Bounding Box Drawn
INFO:root:2021-07-16-14--07--57 MovingFrameQueue Appended
INFO:root:2021-07-16-14--07--57 anomallyFrameTracker resetted to 200
INFO:root:2021-07-16-14--07--57 Colour Conversion Completed
INFO:root:2021-07-16-14--07--57 Sleep Check Completed
INFO:root:2021-07-16-14--07--57 Frame manipulations completed
INFO:root:2021-07-16-14--07--57 Bounding Box Drawn
INFO:root:2021-07-16-14--07--57 MovingFrameQueue Popped
INFO:root:2021-07-16-14--07--57 anomallyFrameTracker resetted to 200
INFO:root:2021-07-16-14--07--57 Colour Conversion Completed
INFO:root:2021-07-16-14--07--57 Sleep Check Completed
INFO:root:2021-07-16-14--07--57 Frame manipulations completed
INFO:root:2021-07-16-14--07--57 Bounding Box Drawn
INFO:root:2021-07-16-14--07--57 MovingFrameQueue Appended
INFO:root:2021-07-16-14--07--57 anomallyFrameTracker resetted to 200
INFO:root:2021-07-16-14--07--57 Colour Conversion Completed
INFO:root:2021-07-16-14--07--57 Sleep Check Completed
INFO:root:2021-07-16-14--07--57 Frame manipulations completed
INFO:root:2021-07-16-14--07--57 Bounding Box Drawn
INFO:root:2021-07-16-14--07--57 MovingFrameQueue Popped
INFO:root:2021-07-16-14--07--57 anomallyFrameTracker resetted to 200
INFO:root:2021-07-16-14--07--57 Colour Conversion Completed
INFO:root:2021-07-16-14--07--57 Sleep Check Completed
INFO:root:2021-07-16-14--07--57 Frame manipulations completed
INFO:root:2021-07-16-14--07--57 Bounding Box Drawn
INFO:root:2021-07-16-14--07--57 MovingFrameQueue Appended
INFO:root:2021-07-16-14--07--57 anomallyFrameTracker resetted to 200
INFO:root:2021-07-16-14--07--57 Colour Conversion Completed
INFO:root:2021-07-16-14--07--57 Sleep Check Completed
INFO:root:2021-07-16-14--07--57 Frame manipulations completed
INFO:root:2021-07-16-14--07--57 Bounding Box Drawn
INFO:root:2021-07-16-14--07--58 MovingFrameQueue Popped
INFO:root:2021-07-16-14--07--58 anomallyFrameTracker resetted to 200
INFO:root:2021-07-16-14--07--58 Colour Conversion Completed
INFO:root:2021-07-16-14--07--58 Sleep Check Completed
INFO:root:2021-07-16-14--07--58 Frame manipulations completed
INFO:root:2021-07-16-14--07--58 Bounding Box Drawn
INFO:root:2021-07-16-14--07--58 MovingFrameQueue Appended
INFO:root:2021-07-16-14--07--58 anomallyFrameTracker resetted to 200
INFO:root:2021-07-16-14--07--58 Colour Conversion Completed
INFO:root:2021-07-16-14--07--58 Sleep Check Completed
INFO:root:2021-07-16-14--07--58 Frame manipulations completed
INFO:root:2021-07-16-14--07--58 Bounding Box Drawn
INFO:root:2021-07-16-14--07--58 MovingFrameQueue Popped
INFO:root:2021-07-16-14--07--58 anomallyFrameTracker resetted to 200
INFO:root:2021-07-16-14--07--58 Colour Conversion Completed
INFO:root:2021-07-16-14--07--58 Sleep Check Completed
INFO:root:2021-07-16-14--07--58 Frame manipulations completed
INFO:root:2021-07-16-14--07--58 Bounding Box Drawn
INFO:root:2021-07-16-14--07--58 MovingFrameQueue Appended
INFO:root:2021-07-16-14--07--58 anomallyFrameTracker resetted to 200
INFO:root:2021-07-16-14--07--58 Colour Conversion Completed
INFO:root:2021-07-16-14--07--58 Sleep Check Completed
INFO:root:2021-07-16-14--07--58 Frame manipulations completed
INFO:root:2021-07-16-14--07--58 Bounding Box Drawn
INFO:root:2021-07-16-14--07--58 MovingFrameQueue Popped
INFO:root:2021-07-16-14--07--58 anomallyFrameTracker resetted to 200
INFO:root:2021-07-16-14--07--58 Colour Conversion Completed
INFO:root:2021-07-16-14--07--58 Sleep Check Completed
INFO:root:2021-07-16-14--07--58 Frame manipulations completed
INFO:root:2021-07-16-14--07--58 Bounding Box Drawn
INFO:root:2021-07-16-14--07--58 MovingFrameQueue Appended
INFO:root:2021-07-16-14--07--58 anomallyFrameTracker resetted to 200
INFO:root:2021-07-16-14--08--00 Colour Conversion Completed
INFO:root:2021-07-16-14--08--00 Sleep Check Completed
INFO:root:2021-07-16-14--08--00 Frame manipulations completed
INFO:root:2021-07-16-14--08--00 Bounding Box Drawn
INFO:root:2021-07-16-14--08--00 MovingFrameQueue Popped
INFO:root:2021-07-16-14--08--00 anomallyFrameTracker resetted to 200
INFO:root:2021-07-16-14--08--00 Colour Conversion Completed
INFO:root:2021-07-16-14--08--00 Sleep Check Completed
INFO:root:2021-07-16-14--08--00 Frame manipulations completed
INFO:root:2021-07-16-14--08--00 Bounding Box Drawn
INFO:root:2021-07-16-14--08--00 MovingFrameQueue Appended
INFO:root:2021-07-16-14--08--00 anomallyFrameTracker resetted to 200
INFO:root:2021-07-16-14--08--00 Colour Conversion Completed
INFO:root:2021-07-16-14--08--00 Sleep Check Completed
INFO:root:2021-07-16-14--08--00 Frame manipulations completed
INFO:root:2021-07-16-14--08--00 Bounding Box Drawn
INFO:root:2021-07-16-14--08--00 MovingFrameQueue Popped
INFO:root:2021-07-16-14--08--00 anomallyFrameTracker resetted to 200
INFO:root:2021-07-16-14--08--00 Colour Conversion Completed
INFO:root:2021-07-16-14--08--00 Sleep Check Completed
INFO:root:2021-07-16-14--08--00 Frame manipulations completed
INFO:root:2021-07-16-14--08--00 Bounding Box Drawn
INFO:root:2021-07-16-14--08--00 MovingFrameQueue Appended
INFO:root:2021-07-16-14--08--00 anomallyFrameTracker resetted to 200
INFO:root:2021-07-16-14--08--00 Colour Conversion Completed
INFO:root:2021-07-16-14--08--00 Sleep Check Completed
INFO:root:2021-07-16-14--08--00 Frame manipulations completed
INFO:root:2021-07-16-14--08--00 Bounding Box Drawn
INFO:root:2021-07-16-14--08--00 MovingFrameQueue Popped
INFO:root:2021-07-16-14--08--00 anomallyFrameTracker resetted to 200
INFO:root:2021-07-16-14--08--00 Colour Conversion Completed
INFO:root:2021-07-16-14--08--01 Sleep Check Completed
INFO:root:2021-07-16-14--08--01 Frame manipulations completed
INFO:root:2021-07-16-14--08--01 Bounding Box Drawn
INFO:root:2021-07-16-14--08--01 MovingFrameQueue Appended
INFO:root:2021-07-16-14--08--01 anomallyFrameTracker resetted to 200
INFO:root:2021-07-16-14--08--01 Colour Conversion Completed
INFO:root:2021-07-16-14--08--01 Sleep Check Completed
INFO:root:2021-07-16-14--08--01 Frame manipulations completed
INFO:root:2021-07-16-14--08--01 Bounding Box Drawn
INFO:root:2021-07-16-14--08--01 MovingFrameQueue Popped
INFO:root:2021-07-16-14--08--01 anomallyFrameTracker resetted to 200
INFO:root:2021-07-16-14--08--01 Colour Conversion Completed
INFO:root:2021-07-16-14--08--01 Sleep Check Completed
INFO:root:2021-07-16-14--08--01 Frame manipulations completed
INFO:root:2021-07-16-14--08--01 Bounding Box Drawn
INFO:root:2021-07-16-14--08--01 MovingFrameQueue Appended
INFO:root:2021-07-16-14--08--01 anomallyFrameTracker resetted to 200
INFO:root:2021-07-16-14--08--01 Colour Conversion Completed
INFO:root:2021-07-16-14--08--01 Sleep Check Completed
INFO:root:2021-07-16-14--08--01 Frame manipulations completed
INFO:root:2021-07-16-14--08--01 Bounding Box Drawn
INFO:root:2021-07-16-14--08--01 MovingFrameQueue Popped
INFO:root:2021-07-16-14--08--01 anomallyFrameTracker resetted to 200
INFO:root:2021-07-16-14--08--01 Colour Conversion Completed
INFO:root:2021-07-16-14--08--01 Sleep Check Completed
INFO:root:2021-07-16-14--08--01 Frame manipulations completed
INFO:root:2021-07-16-14--08--01 Bounding Box Drawn
INFO:root:2021-07-16-14--08--01 MovingFrameQueue Appended
INFO:root:2021-07-16-14--08--01 anomallyFrameTracker resetted to 200
INFO:root:2021-07-16-14--08--01 Colour Conversion Completed
INFO:root:2021-07-16-14--08--01 Sleep Check Completed
INFO:root:2021-07-16-14--08--01 Frame manipulations completed
INFO:root:2021-07-16-14--08--01 Bounding Box Drawn
INFO:root:2021-07-16-14--08--01 MovingFrameQueue Popped
INFO:root:2021-07-16-14--08--01 anomallyFrameTracker resetted to 200
INFO:root:2021-07-16-14--08--01 Colour Conversion Completed
INFO:root:2021-07-16-14--08--01 Sleep Check Completed
INFO:root:2021-07-16-14--08--01 Frame manipulations completed
INFO:root:2021-07-16-14--08--01 Bounding Box Drawn
INFO:root:2021-07-16-14--08--01 MovingFrameQueue Appended
INFO:root:2021-07-16-14--08--01 anomallyFrameTracker resetted to 200
INFO:root:2021-07-16-14--08--01 Colour Conversion Completed
INFO:root:2021-07-16-14--08--01 Sleep Check Completed
INFO:root:2021-07-16-14--08--01 Frame manipulations completed
INFO:root:2021-07-16-14--08--01 Bounding Box Drawn
INFO:root:2021-07-16-14--08--01 MovingFrameQueue Popped
INFO:root:2021-07-16-14--08--01 anomallyFrameTracker resetted to 200
INFO:root:2021-07-16-14--08--01 Colour Conversion Completed
INFO:root:2021-07-16-14--08--02 Sleep Check Completed
INFO:root:2021-07-16-14--08--02 Frame manipulations completed
INFO:root:2021-07-16-14--08--02 Bounding Box Drawn
INFO:root:2021-07-16-14--08--02 MovingFrameQueue Appended
INFO:root:2021-07-16-14--08--02 anomallyFrameTracker resetted to 200
INFO:root:2021-07-16-14--08--02 Colour Conversion Completed
INFO:root:2021-07-16-14--08--02 Sleep Check Completed
INFO:root:2021-07-16-14--08--02 Frame manipulations completed
INFO:root:2021-07-16-14--08--02 Bounding Box Drawn
INFO:root:2021-07-16-14--08--02 MovingFrameQueue Popped
INFO:root:2021-07-16-14--08--02 anomallyFrameTracker resetted to 200
INFO:root:2021-07-16-14--08--02 Colour Conversion Completed
INFO:root:2021-07-16-14--08--02 Sleep Check Completed
INFO:root:2021-07-16-14--08--02 Frame manipulations completed
INFO:root:2021-07-16-14--08--02 Bounding Box Drawn
INFO:root:2021-07-16-14--08--02 MovingFrameQueue Appended
INFO:root:2021-07-16-14--08--02 anomallyFrameTracker resetted to 200
INFO:root:2021-07-16-14--08--02 Colour Conversion Completed
INFO:root:2021-07-16-14--08--02 Sleep Check Completed
INFO:root:2021-07-16-14--08--02 Frame manipulations completed
INFO:root:2021-07-16-14--08--02 Bounding Box Drawn
INFO:root:2021-07-16-14--08--02 MovingFrameQueue Popped
INFO:root:2021-07-16-14--08--02 anomallyFrameTracker resetted to 200
INFO:root:2021-07-16-14--08--02 Colour Conversion Completed
INFO:root:2021-07-16-14--08--02 Sleep Check Completed
INFO:root:2021-07-16-14--08--02 Frame manipulations completed
INFO:root:2021-07-16-14--08--02 Bounding Box Drawn
INFO:root:2021-07-16-14--08--02 MovingFrameQueue Appended
INFO:root:2021-07-16-14--08--02 anomallyFrameTracker resetted to 200
INFO:root:2021-07-16-14--08--02 Colour Conversion Completed
INFO:root:2021-07-16-14--08--02 Sleep Check Completed
INFO:root:2021-07-16-14--08--02 Frame manipulations completed
INFO:root:2021-07-16-14--08--02 Bounding Box Drawn
INFO:root:2021-07-16-14--08--02 MovingFrameQueue Popped
INFO:root:2021-07-16-14--08--02 anomallyFrameTracker resetted to 200
INFO:root:2021-07-16-14--08--02 Colour Conversion Completed
INFO:root:2021-07-16-14--08--02 Sleep Check Completed
INFO:root:2021-07-16-14--08--02 Frame manipulations completed
INFO:root:2021-07-16-14--08--02 Bounding Box Drawn
INFO:root:2021-07-16-14--08--02 MovingFrameQueue Appended
INFO:root:2021-07-16-14--08--02 anomallyFrameTracker resetted to 200
INFO:root:2021-07-16-14--08--02 Colour Conversion Completed
INFO:root:2021-07-16-14--08--02 Sleep Check Completed
INFO:root:2021-07-16-14--08--02 Frame manipulations completed
INFO:root:2021-07-16-14--08--02 Bounding Box Drawn
INFO:root:2021-07-16-14--08--02 MovingFrameQueue Popped
INFO:root:2021-07-16-14--08--02 anomallyFrameTracker resetted to 200
INFO:root:2021-07-16-14--08--02 Colour Conversion Completed
INFO:root:2021-07-16-14--08--02 Sleep Check Completed
INFO:root:2021-07-16-14--08--02 Frame manipulations completed
INFO:root:2021-07-16-14--08--02 Bounding Box Drawn
INFO:root:2021-07-16-14--08--03 MovingFrameQueue Appended
INFO:root:2021-07-16-14--08--03 anomallyFrameTracker resetted to 200
INFO:root:2021-07-16-14--08--03 Colour Conversion Completed
INFO:root:2021-07-16-14--08--03 Sleep Check Completed
INFO:root:2021-07-16-14--08--03 Frame manipulations completed
INFO:root:2021-07-16-14--08--03 Bounding Box Drawn
INFO:root:2021-07-16-14--08--03 MovingFrameQueue Popped
INFO:root:2021-07-16-14--08--03 anomallyFrameTracker resetted to 200
INFO:root:2021-07-16-14--08--03 Colour Conversion Completed
INFO:root:2021-07-16-14--08--03 Sleep Check Completed
INFO:root:2021-07-16-14--08--03 Frame manipulations completed
INFO:root:2021-07-16-14--08--03 Bounding Box Drawn
INFO:root:2021-07-16-14--08--03 MovingFrameQueue Appended
INFO:root:2021-07-16-14--08--03 anomallyFrameTracker resetted to 200
INFO:root:2021-07-16-14--08--03 Colour Conversion Completed
INFO:root:2021-07-16-14--08--03 Sleep Check Completed
INFO:root:2021-07-16-14--08--03 Frame manipulations completed
INFO:root:2021-07-16-14--08--03 Bounding Box Drawn
INFO:root:2021-07-16-14--08--03 MovingFrameQueue Popped
INFO:root:2021-07-16-14--08--03 anomallyFrameTracker resetted to 200
INFO:root:2021-07-16-14--08--03 Colour Conversion Completed
INFO:root:2021-07-16-14--08--03 Sleep Check Completed
INFO:root:2021-07-16-14--08--03 Frame manipulations completed
INFO:root:2021-07-16-14--08--03 Bounding Box Drawn
INFO:root:2021-07-16-14--08--03 MovingFrameQueue Appended
INFO:root:2021-07-16-14--08--03 anomallyFrameTracker resetted to 200
INFO:root:2021-07-16-14--08--03 Colour Conversion Completed
INFO:root:2021-07-16-14--08--03 Sleep Check Completed
INFO:root:2021-07-16-14--08--03 Frame manipulations completed
INFO:root:2021-07-16-14--08--03 Bounding Box Drawn
INFO:root:2021-07-16-14--08--03 MovingFrameQueue Popped
INFO:root:2021-07-16-14--08--03 anomallyFrameTracker resetted to 200
INFO:root:2021-07-16-14--08--03 Colour Conversion Completed
INFO:root:2021-07-16-14--08--04 Sleep Check Completed
INFO:root:2021-07-16-14--08--04 Frame manipulations completed
INFO:root:2021-07-16-14--08--04 Bounding Box Drawn
INFO:root:2021-07-16-14--08--04 MovingFrameQueue Appended
INFO:root:2021-07-16-14--08--04 anomallyFrameTracker resetted to 200
INFO:root:2021-07-16-14--08--04 Colour Conversion Completed
INFO:root:2021-07-16-14--08--04 Sleep Check Completed
INFO:root:2021-07-16-14--08--04 Frame manipulations completed
INFO:root:2021-07-16-14--08--04 Bounding Box Drawn
INFO:root:2021-07-16-14--08--04 MovingFrameQueue Popped
INFO:root:2021-07-16-14--08--04 anomallyFrameTracker resetted to 200
INFO:root:2021-07-16-14--08--04 Colour Conversion Completed
INFO:root:2021-07-16-14--08--04 Sleep Check Completed
INFO:root:2021-07-16-14--08--04 Frame manipulations completed
INFO:root:2021-07-16-14--08--04 Bounding Box Drawn
INFO:root:2021-07-16-14--08--04 MovingFrameQueue Appended
INFO:root:2021-07-16-14--08--04 anomallyFrameTracker resetted to 200
INFO:root:2021-07-16-14--08--05 Getting Auth Token Success
INFO:root:2021-07-16-14--08--05 Anomalous Detection Video Upload Completed
INFO:root:2021-07-16-14--08--05 Colour Conversion Completed
INFO:root:2021-07-16-14--08--05 Sleep Check Completed
INFO:root:2021-07-16-14--08--05 Frame manipulations completed
INFO:root:2021-07-16-14--08--05 Bounding Box Drawn
INFO:root:2021-07-16-14--08--05 MovingFrameQueue Popped
INFO:root:2021-07-16-14--08--05 anomallyFrameTracker resetted to 200
INFO:root:2021-07-16-14--08--05 Colour Conversion Completed
INFO:root:2021-07-16-14--08--05 Sleep Check Completed
INFO:root:2021-07-16-14--08--05 Frame manipulations completed
INFO:root:2021-07-16-14--08--05 Bounding Box Drawn
INFO:root:2021-07-16-14--08--05 MovingFrameQueue Appended
INFO:root:2021-07-16-14--08--05 anomallyFrameTracker resetted to 200
INFO:root:2021-07-16-14--08--05 Colour Conversion Completed
INFO:root:2021-07-16-14--08--05 Sleep Check Completed
INFO:root:2021-07-16-14--08--05 Frame manipulations completed
INFO:root:2021-07-16-14--08--05 Bounding Box Drawn
INFO:root:2021-07-16-14--08--05 MovingFrameQueue Popped
INFO:root:2021-07-16-14--08--05 anomallyFrameTracker resetted to 200
INFO:root:2021-07-16-14--08--05 Colour Conversion Completed
INFO:root:2021-07-16-14--08--05 Sleep Check Completed
INFO:root:2021-07-16-14--08--05 Frame manipulations completed
INFO:root:2021-07-16-14--08--05 Bounding Box Drawn
INFO:root:2021-07-16-14--08--05 MovingFrameQueue Appended
INFO:root:2021-07-16-14--08--05 anomallyFrameTracker resetted to 200
INFO:root:2021-07-16-14--08--05 Colour Conversion Completed
INFO:root:2021-07-16-14--08--05 Sleep Check Completed
INFO:root:2021-07-16-14--08--05 Frame manipulations completed
INFO:root:2021-07-16-14--08--05 Bounding Box Drawn
INFO:root:2021-07-16-14--08--06 MovingFrameQueue Popped
INFO:root:2021-07-16-14--08--06 anomallyFrameTracker resetted to 200
INFO:root:2021-07-16-14--08--06 Colour Conversion Completed
INFO:root:2021-07-16-14--08--06 Sleep Check Completed
INFO:root:2021-07-16-14--08--06 Frame manipulations completed
INFO:root:2021-07-16-14--08--06 Bounding Box Drawn
INFO:root:2021-07-16-14--08--06 MovingFrameQueue Appended
INFO:root:2021-07-16-14--08--06 anomallyFrameTracker resetted to 200
INFO:root:2021-07-16-14--08--06 Colour Conversion Completed
INFO:root:2021-07-16-14--08--06 Sleep Check Completed
INFO:root:2021-07-16-14--08--06 Frame manipulations completed
INFO:root:2021-07-16-14--08--06 Bounding Box Drawn
INFO:root:2021-07-16-14--08--06 MovingFrameQueue Popped
INFO:root:2021-07-16-14--08--06 anomallyFrameTracker resetted to 200
INFO:root:2021-07-16-14--08--06 Colour Conversion Completed
INFO:root:2021-07-16-14--08--06 Sleep Check Completed
INFO:root:2021-07-16-14--08--06 Frame manipulations completed
INFO:root:2021-07-16-14--08--06 Bounding Box Drawn
INFO:root:2021-07-16-14--08--06 MovingFrameQueue Appended
INFO:root:2021-07-16-14--08--06 anomallyFrameTracker resetted to 200
INFO:root:2021-07-16-14--08--06 Colour Conversion Completed
INFO:root:2021-07-16-14--08--06 Sleep Check Completed
INFO:root:2021-07-16-14--08--06 Frame manipulations completed
INFO:root:2021-07-16-14--08--06 Bounding Box Drawn
INFO:root:2021-07-16-14--08--06 MovingFrameQueue Popped
INFO:root:2021-07-16-14--08--06 anomallyFrameTracker resetted to 200
INFO:root:2021-07-16-14--08--06 Colour Conversion Completed
INFO:root:2021-07-16-14--08--06 Sleep Check Completed
INFO:root:2021-07-16-14--08--06 Frame manipulations completed
INFO:root:2021-07-16-14--08--06 Bounding Box Drawn
INFO:root:2021-07-16-14--08--06 MovingFrameQueue Appended
INFO:root:2021-07-16-14--08--06 anomallyFrameTracker resetted to 200
INFO:root:2021-07-16-14--08--06 Colour Conversion Completed
INFO:root:2021-07-16-14--08--06 Sleep Check Completed
INFO:root:2021-07-16-14--08--06 Frame manipulations completed
INFO:root:2021-07-16-14--08--06 Bounding Box Drawn
INFO:root:2021-07-16-14--08--07 MovingFrameQueue Popped
INFO:root:2021-07-16-14--08--07 anomallyFrameTracker resetted to 200
INFO:root:2021-07-16-14--08--07 Colour Conversion Completed
INFO:root:2021-07-16-14--08--07 Sleep Check Completed
INFO:root:2021-07-16-14--08--07 Frame manipulations completed
INFO:root:2021-07-16-14--08--07 Bounding Box Drawn
INFO:root:2021-07-16-14--08--07 MovingFrameQueue Appended
INFO:root:2021-07-16-14--08--07 anomallyFrameTracker resetted to 200
INFO:root:2021-07-16-14--08--07 Colour Conversion Completed
INFO:root:2021-07-16-14--08--07 Sleep Check Completed
INFO:root:2021-07-16-14--08--07 Frame manipulations completed
INFO:root:2021-07-16-14--08--07 Bounding Box Drawn
INFO:root:2021-07-16-14--08--07 MovingFrameQueue Popped
INFO:root:2021-07-16-14--08--07 anomallyFrameTracker resetted to 200
INFO:root:2021-07-16-14--08--07 Colour Conversion Completed
INFO:root:2021-07-16-14--08--07 Sleep Check Completed
INFO:root:2021-07-16-14--08--07 Frame manipulations completed
INFO:root:2021-07-16-14--08--07 Bounding Box Drawn
INFO:root:2021-07-16-14--08--07 MovingFrameQueue Appended
INFO:root:2021-07-16-14--08--07 anomallyFrameTracker resetted to 200
INFO:root:2021-07-16-14--08--07 Colour Conversion Completed
INFO:root:2021-07-16-14--08--07 Sleep Check Completed
INFO:root:2021-07-16-14--08--07 Frame manipulations completed
INFO:root:2021-07-16-14--08--07 Bounding Box Drawn
INFO:root:2021-07-16-14--08--07 MovingFrameQueue Popped
INFO:root:2021-07-16-14--08--07 anomallyFrameTracker resetted to 200
INFO:root:2021-07-16-14--08--07 Colour Conversion Completed
INFO:root:2021-07-16-14--08--07 Sleep Check Completed
INFO:root:2021-07-16-14--08--07 Frame manipulations completed
INFO:root:2021-07-16-14--08--07 Bounding Box Drawn
INFO:root:2021-07-16-14--08--07 MovingFrameQueue Appended
INFO:root:2021-07-16-14--08--07 anomallyFrameTracker resetted to 200
INFO:root:2021-07-16-14--08--07 Colour Conversion Completed
INFO:root:2021-07-16-14--08--07 Sleep Check Completed
INFO:root:2021-07-16-14--08--07 Frame manipulations completed
INFO:root:2021-07-16-14--08--07 Bounding Box Drawn
INFO:root:2021-07-16-14--08--08 MovingFrameQueue Popped
INFO:root:2021-07-16-14--08--08 anomallyFrameTracker resetted to 200
INFO:root:2021-07-16-14--08--08 Colour Conversion Completed
INFO:root:2021-07-16-14--08--08 Sleep Check Completed
INFO:root:2021-07-16-14--08--08 Frame manipulations completed
INFO:root:2021-07-16-14--08--08 Bounding Box Drawn
INFO:root:2021-07-16-14--08--08 MovingFrameQueue Appended
INFO:root:2021-07-16-14--08--08 anomallyFrameTracker resetted to 200
INFO:root:2021-07-16-14--08--08 Colour Conversion Completed
INFO:root:2021-07-16-14--08--08 Sleep Check Completed
INFO:root:2021-07-16-14--08--08 Frame manipulations completed
INFO:root:2021-07-16-14--08--08 Bounding Box Drawn
INFO:root:2021-07-16-14--08--08 MovingFrameQueue Popped
INFO:root:2021-07-16-14--08--08 anomallyFrameTracker resetted to 200
INFO:root:2021-07-16-14--08--08 Colour Conversion Completed
INFO:root:2021-07-16-14--08--08 Sleep Check Completed
INFO:root:2021-07-16-14--08--08 Frame manipulations completed
INFO:root:2021-07-16-14--08--08 Bounding Box Drawn
INFO:root:2021-07-16-14--08--08 MovingFrameQueue Appended
INFO:root:2021-07-16-14--08--08 anomallyFrameTracker resetted to 200
INFO:root:2021-07-16-14--08--08 Colour Conversion Completed
INFO:root:2021-07-16-14--08--08 Sleep Check Completed
INFO:root:2021-07-16-14--08--08 Frame manipulations completed
INFO:root:2021-07-16-14--08--08 Bounding Box Drawn
INFO:root:2021-07-16-14--08--08 MovingFrameQueue Popped
INFO:root:2021-07-16-14--08--08 anomallyFrameTracker resetted to 200
INFO:root:2021-07-16-14--08--08 Colour Conversion Completed
INFO:root:2021-07-16-14--08--08 Sleep Check Completed
INFO:root:2021-07-16-14--08--08 Frame manipulations completed
INFO:root:2021-07-16-14--08--08 Bounding Box Drawn
INFO:root:2021-07-16-14--08--08 MovingFrameQueue Appended
INFO:root:2021-07-16-14--08--08 anomallyFrameTracker resetted to 200
INFO:root:2021-07-16-14--08--08 Colour Conversion Completed
INFO:root:2021-07-16-14--08--08 Sleep Check Completed
INFO:root:2021-07-16-14--08--09 Frame manipulations completed
INFO:root:2021-07-16-14--08--09 Bounding Box Drawn
INFO:root:2021-07-16-14--08--09 MovingFrameQueue Popped
INFO:root:2021-07-16-14--08--09 anomallyFrameTracker resetted to 200
INFO:root:2021-07-16-14--08--09 Colour Conversion Completed
INFO:root:2021-07-16-14--08--09 Sleep Check Completed
INFO:root:2021-07-16-14--08--09 Frame manipulations completed
INFO:root:2021-07-16-14--08--09 Bounding Box Drawn
INFO:root:2021-07-16-14--08--09 MovingFrameQueue Appended
INFO:root:2021-07-16-14--08--09 anomallyFrameTracker resetted to 200
INFO:root:2021-07-16-14--08--09 Colour Conversion Completed
INFO:root:2021-07-16-14--08--09 Sleep Check Completed
INFO:root:2021-07-16-14--08--09 Frame manipulations completed
INFO:root:2021-07-16-14--08--09 Bounding Box Drawn
INFO:root:2021-07-16-14--08--09 MovingFrameQueue Popped
INFO:root:2021-07-16-14--08--09 anomallyFrameTracker resetted to 200
INFO:root:2021-07-16-14--08--09 Colour Conversion Completed
INFO:root:2021-07-16-14--08--09 Sleep Check Completed
INFO:root:2021-07-16-14--08--09 Frame manipulations completed
INFO:root:2021-07-16-14--08--09 Bounding Box Drawn
INFO:root:2021-07-16-14--08--09 MovingFrameQueue Appended
INFO:root:2021-07-16-14--08--09 anomallyFrameTracker resetted to 200
INFO:root:2021-07-16-14--08--09 Colour Conversion Completed
INFO:root:2021-07-16-14--08--09 Sleep Check Completed
INFO:root:2021-07-16-14--08--09 Frame manipulations completed
INFO:root:2021-07-16-14--08--09 Bounding Box Drawn
INFO:root:2021-07-16-14--08--09 MovingFrameQueue Popped
INFO:root:2021-07-16-14--08--09 anomallyFrameTracker resetted to 200
INFO:root:2021-07-16-14--08--09 Colour Conversion Completed
INFO:root:2021-07-16-14--08--09 Sleep Check Completed
INFO:root:2021-07-16-14--08--09 Frame manipulations completed
INFO:root:2021-07-16-14--08--09 Bounding Box Drawn
INFO:root:2021-07-16-14--08--09 MovingFrameQueue Appended
INFO:root:2021-07-16-14--08--09 anomallyFrameTracker resetted to 200
INFO:root:2021-07-16-14--08--09 Colour Conversion Completed
INFO:root:2021-07-16-14--08--10 Sleep Check Completed
INFO:root:2021-07-16-14--08--10 Frame manipulations completed
INFO:root:2021-07-16-14--08--10 Bounding Box Drawn
INFO:root:2021-07-16-14--08--10 MovingFrameQueue Popped
INFO:root:2021-07-16-14--08--10 anomallyFrameTracker resetted to 200
INFO:root:2021-07-16-14--08--10 Colour Conversion Completed
INFO:root:2021-07-16-14--08--10 Sleep Check Completed
INFO:root:2021-07-16-14--08--10 Frame manipulations completed
INFO:root:2021-07-16-14--08--10 Bounding Box Drawn
INFO:root:2021-07-16-14--08--10 MovingFrameQueue Appended
INFO:root:2021-07-16-14--08--10 anomallyFrameTracker resetted to 200
INFO:root:2021-07-16-14--08--10 Colour Conversion Completed
INFO:root:2021-07-16-14--08--10 Sleep Check Completed
INFO:root:2021-07-16-14--08--10 Frame manipulations completed
INFO:root:2021-07-16-14--08--10 Bounding Box Drawn
INFO:root:2021-07-16-14--08--10 MovingFrameQueue Popped
INFO:root:2021-07-16-14--08--10 anomallyFrameTracker resetted to 200
INFO:root:2021-07-16-14--08--10 Colour Conversion Completed
INFO:root:2021-07-16-14--08--10 Sleep Check Completed
INFO:root:2021-07-16-14--08--10 Frame manipulations completed
INFO:root:2021-07-16-14--08--10 Bounding Box Drawn
INFO:root:2021-07-16-14--08--10 MovingFrameQueue Appended
INFO:root:2021-07-16-14--08--10 anomallyFrameTracker resetted to 200
INFO:root:2021-07-16-14--08--10 Colour Conversion Completed
INFO:root:2021-07-16-14--08--10 Sleep Check Completed
INFO:root:2021-07-16-14--08--10 Frame manipulations completed
INFO:root:2021-07-16-14--08--10 Bounding Box Drawn
INFO:root:2021-07-16-14--08--10 MovingFrameQueue Popped
INFO:root:2021-07-16-14--08--10 anomallyFrameTracker resetted to 200
INFO:root:2021-07-16-14--08--10 Colour Conversion Completed
INFO:root:2021-07-16-14--08--10 Sleep Check Completed
INFO:root:2021-07-16-14--08--10 Frame manipulations completed
INFO:root:2021-07-16-14--08--10 Bounding Box Drawn
INFO:root:2021-07-16-14--08--10 MovingFrameQueue Appended
INFO:root:2021-07-16-14--08--10 anomallyFrameTracker resetted to 200
INFO:root:2021-07-16-14--08--10 Colour Conversion Completed
INFO:root:2021-07-16-14--08--11 Sleep Check Completed
INFO:root:2021-07-16-14--08--11 Frame manipulations completed
INFO:root:2021-07-16-14--08--11 Bounding Box Drawn
INFO:root:2021-07-16-14--08--11 MovingFrameQueue Popped
INFO:root:2021-07-16-14--08--11 anomallyFrameTracker resetted to 200
INFO:root:2021-07-16-14--08--11 Colour Conversion Completed
INFO:root:2021-07-16-14--08--11 Sleep Check Completed
INFO:root:2021-07-16-14--08--11 Frame manipulations completed
INFO:root:2021-07-16-14--08--11 Bounding Box Drawn
INFO:root:2021-07-16-14--08--11 MovingFrameQueue Appended
INFO:root:2021-07-16-14--08--11 anomallyFrameTracker resetted to 200
INFO:root:2021-07-16-14--08--11 Colour Conversion Completed
INFO:root:2021-07-16-14--08--11 Sleep Check Completed
INFO:root:2021-07-16-14--08--11 Frame manipulations completed
INFO:root:2021-07-16-14--08--11 Bounding Box Drawn
INFO:root:2021-07-16-14--08--11 MovingFrameQueue Popped
INFO:root:2021-07-16-14--08--11 anomallyFrameTracker resetted to 200
INFO:root:2021-07-16-14--08--11 Colour Conversion Completed
INFO:root:2021-07-16-14--08--11 Sleep Check Completed
INFO:root:2021-07-16-14--08--11 Frame manipulations completed
INFO:root:2021-07-16-14--08--11 Bounding Box Drawn
INFO:root:2021-07-16-14--08--11 MovingFrameQueue Appended
INFO:root:2021-07-16-14--08--11 anomallyFrameTracker resetted to 200
INFO:root:2021-07-16-14--08--11 Colour Conversion Completed
INFO:root:2021-07-16-14--08--11 Sleep Check Completed
INFO:root:2021-07-16-14--08--11 Frame manipulations completed
INFO:root:2021-07-16-14--08--11 Bounding Box Drawn
INFO:root:2021-07-16-14--08--11 MovingFrameQueue Popped
INFO:root:2021-07-16-14--08--11 anomallyFrameTracker resetted to 200
INFO:root:2021-07-16-14--08--11 Colour Conversion Completed
INFO:root:2021-07-16-14--08--11 Sleep Check Completed
INFO:root:2021-07-16-14--08--11 Frame manipulations completed
INFO:root:2021-07-16-14--08--11 Bounding Box Drawn
INFO:root:2021-07-16-14--08--11 MovingFrameQueue Appended
INFO:root:2021-07-16-14--08--11 anomallyFrameTracker resetted to 200
INFO:root:2021-07-16-14--08--11 Colour Conversion Completed
INFO:root:2021-07-16-14--08--12 Sleep Check Completed
INFO:root:2021-07-16-14--08--12 Frame manipulations completed
INFO:root:2021-07-16-14--08--12 Bounding Box Drawn
INFO:root:2021-07-16-14--08--12 MovingFrameQueue Popped
INFO:root:2021-07-16-14--08--12 anomallyFrameTracker resetted to 200
INFO:root:2021-07-16-14--08--12 Colour Conversion Completed
INFO:root:2021-07-16-14--08--12 Sleep Check Completed
INFO:root:2021-07-16-14--08--12 Frame manipulations completed
INFO:root:2021-07-16-14--08--12 Bounding Box Drawn
INFO:root:2021-07-16-14--08--12 MovingFrameQueue Appended
INFO:root:2021-07-16-14--08--12 anomallyFrameTracker resetted to 200
INFO:root:2021-07-16-14--08--12 Colour Conversion Completed
INFO:root:2021-07-16-14--08--12 Sleep Check Completed
INFO:root:2021-07-16-14--08--12 Frame manipulations completed
INFO:root:2021-07-16-14--08--12 Bounding Box Drawn
INFO:root:2021-07-16-14--08--12 MovingFrameQueue Popped
INFO:root:2021-07-16-14--08--12 anomallyFrameTracker resetted to 200
INFO:root:2021-07-16-14--08--12 Colour Conversion Completed
INFO:root:2021-07-16-14--08--12 Sleep Check Completed
INFO:root:2021-07-16-14--08--12 Frame manipulations completed
INFO:root:2021-07-16-14--08--12 Bounding Box Drawn
INFO:root:2021-07-16-14--08--12 MovingFrameQueue Appended
INFO:root:2021-07-16-14--08--12 anomallyFrameTracker resetted to 200
INFO:root:2021-07-16-14--08--12 Colour Conversion Completed
INFO:root:2021-07-16-14--08--12 Sleep Check Completed
INFO:root:2021-07-16-14--08--12 Frame manipulations completed
INFO:root:2021-07-16-14--08--12 Bounding Box Drawn
INFO:root:2021-07-16-14--08--12 MovingFrameQueue Popped
INFO:root:2021-07-16-14--08--12 anomallyFrameTracker resetted to 200
INFO:root:2021-07-16-14--08--12 Colour Conversion Completed
INFO:root:2021-07-16-14--08--12 Sleep Check Completed
INFO:root:2021-07-16-14--08--12 Frame manipulations completed
INFO:root:2021-07-16-14--08--12 Bounding Box Drawn
INFO:root:2021-07-16-14--08--12 MovingFrameQueue Appended
INFO:root:2021-07-16-14--08--12 anomallyFrameTracker resetted to 200
INFO:root:2021-07-16-14--08--12 Colour Conversion Completed
INFO:root:2021-07-16-14--08--12 Sleep Check Completed
INFO:root:2021-07-16-14--08--12 Frame manipulations completed
INFO:root:2021-07-16-14--08--12 Bounding Box Drawn
INFO:root:2021-07-16-14--08--13 MovingFrameQueue Popped
INFO:root:2021-07-16-14--08--13 anomallyFrameTracker resetted to 200
INFO:root:2021-07-16-14--08--13 Colour Conversion Completed
INFO:root:2021-07-16-14--08--13 Sleep Check Completed
INFO:root:2021-07-16-14--08--13 Frame manipulations completed
INFO:root:2021-07-16-14--08--13 Bounding Box Drawn
INFO:root:2021-07-16-14--08--13 MovingFrameQueue Appended
INFO:root:2021-07-16-14--08--13 anomallyFrameTracker resetted to 200
INFO:root:2021-07-16-14--08--13 Colour Conversion Completed
INFO:root:2021-07-16-14--08--13 Sleep Check Completed
INFO:root:2021-07-16-14--08--13 Frame manipulations completed
INFO:root:2021-07-16-14--08--13 Bounding Box Drawn
INFO:root:2021-07-16-14--08--13 MovingFrameQueue Popped
INFO:root:2021-07-16-14--08--13 anomallyFrameTracker resetted to 200
INFO:root:2021-07-16-14--08--13 Colour Conversion Completed
INFO:root:2021-07-16-14--08--13 Sleep Check Completed
INFO:root:2021-07-16-14--08--13 Frame manipulations completed
INFO:root:2021-07-16-14--08--13 Bounding Box Drawn
INFO:root:2021-07-16-14--08--13 MovingFrameQueue Appended
INFO:root:2021-07-16-14--08--13 anomallyFrameTracker resetted to 200
INFO:root:2021-07-16-14--08--13 Colour Conversion Completed
INFO:root:2021-07-16-14--08--13 Sleep Check Completed
INFO:root:2021-07-16-14--08--13 Frame manipulations completed
INFO:root:2021-07-16-14--08--13 Bounding Box Drawn
INFO:root:2021-07-16-14--08--13 MovingFrameQueue Popped
INFO:root:2021-07-16-14--08--13 anomallyFrameTracker resetted to 200
INFO:root:2021-07-16-14--08--13 Colour Conversion Completed
INFO:root:2021-07-16-14--08--13 Sleep Check Completed
INFO:root:2021-07-16-14--08--13 Frame manipulations completed
INFO:root:2021-07-16-14--08--13 Bounding Box Drawn
INFO:root:2021-07-16-14--08--13 MovingFrameQueue Appended
INFO:root:2021-07-16-14--08--13 anomallyFrameTracker resetted to 200
INFO:root:2021-07-16-14--08--13 Colour Conversion Completed
INFO:root:2021-07-16-14--08--13 Sleep Check Completed
INFO:root:2021-07-16-14--08--13 Frame manipulations completed
INFO:root:2021-07-16-14--08--13 Bounding Box Drawn
INFO:root:2021-07-16-14--08--13 MovingFrameQueue Popped
INFO:root:2021-07-16-14--08--13 anomallyFrameTracker resetted to 200
INFO:root:2021-07-16-14--08--13 Colour Conversion Completed
INFO:root:2021-07-16-14--08--13 Sleep Check Completed
INFO:root:2021-07-16-14--08--13 Frame manipulations completed
INFO:root:2021-07-16-14--08--14 Bounding Box Drawn
INFO:root:2021-07-16-14--08--14 MovingFrameQueue Appended
INFO:root:2021-07-16-14--08--14 anomallyFrameTracker resetted to 200
INFO:root:2021-07-16-14--08--14 Colour Conversion Completed
INFO:root:2021-07-16-14--08--14 Sleep Check Completed
INFO:root:2021-07-16-14--08--14 Frame manipulations completed
INFO:root:2021-07-16-14--08--14 Bounding Box Drawn
INFO:root:2021-07-16-14--08--14 MovingFrameQueue Popped
INFO:root:2021-07-16-14--08--14 anomallyFrameTracker resetted to 200
INFO:root:2021-07-16-14--08--14 Colour Conversion Completed
INFO:root:2021-07-16-14--08--14 Sleep Check Completed
INFO:root:2021-07-16-14--08--14 Frame manipulations completed
INFO:root:2021-07-16-14--08--14 Bounding Box Drawn
INFO:root:2021-07-16-14--08--14 MovingFrameQueue Appended
INFO:root:2021-07-16-14--08--14 anomallyFrameTracker resetted to 200
INFO:root:2021-07-16-14--08--14 Colour Conversion Completed
INFO:root:2021-07-16-14--08--14 Sleep Check Completed
INFO:root:2021-07-16-14--08--14 Frame manipulations completed
INFO:root:2021-07-16-14--08--14 Bounding Box Drawn
INFO:root:2021-07-16-14--08--14 MovingFrameQueue Popped
INFO:root:2021-07-16-14--08--14 anomallyFrameTracker resetted to 200
INFO:root:2021-07-16-14--08--14 Colour Conversion Completed
INFO:root:2021-07-16-14--08--14 Sleep Check Completed
INFO:root:2021-07-16-14--08--14 Frame manipulations completed
INFO:root:2021-07-16-14--08--14 Bounding Box Drawn
INFO:root:2021-07-16-14--08--14 MovingFrameQueue Appended
INFO:root:2021-07-16-14--08--14 anomallyFrameTracker resetted to 200
INFO:root:2021-07-16-14--08--14 Colour Conversion Completed
INFO:root:2021-07-16-14--08--14 Sleep Check Completed
INFO:root:2021-07-16-14--08--14 Frame manipulations completed
INFO:root:2021-07-16-14--08--14 Bounding Box Drawn
INFO:root:2021-07-16-14--08--14 MovingFrameQueue Popped
INFO:root:2021-07-16-14--08--14 anomallyFrameTracker resetted to 200
INFO:root:2021-07-16-14--08--14 Colour Conversion Completed
INFO:root:2021-07-16-14--08--14 Sleep Check Completed
INFO:root:2021-07-16-14--08--14 Frame manipulations completed
INFO:root:2021-07-16-14--08--14 Bounding Box Drawn
INFO:root:2021-07-16-14--08--14 MovingFrameQueue Appended
INFO:root:2021-07-16-14--08--14 anomallyFrameTracker resetted to 200
INFO:root:2021-07-16-14--08--14 Colour Conversion Completed
INFO:root:2021-07-16-14--08--14 Sleep Check Completed
INFO:root:2021-07-16-14--08--14 Frame manipulations completed
INFO:root:2021-07-16-14--08--14 Bounding Box Drawn
INFO:root:2021-07-16-14--08--14 MovingFrameQueue Popped
INFO:root:2021-07-16-14--08--14 anomallyFrameTracker resetted to 200
INFO:root:2021-07-16-14--08--14 Colour Conversion Completed
INFO:root:2021-07-16-14--08--15 Sleep Check Completed
INFO:root:2021-07-16-14--08--15 Frame manipulations completed
INFO:root:2021-07-16-14--08--15 Bounding Box Drawn
INFO:root:2021-07-16-14--08--15 MovingFrameQueue Appended
INFO:root:2021-07-16-14--08--15 anomallyFrameTracker resetted to 200
INFO:root:2021-07-16-14--08--15 Colour Conversion Completed
INFO:root:2021-07-16-14--08--15 Sleep Check Completed
INFO:root:2021-07-16-14--08--15 Frame manipulations completed
INFO:root:2021-07-16-14--08--15 Bounding Box Drawn
INFO:root:2021-07-16-14--08--15 MovingFrameQueue Popped
INFO:root:2021-07-16-14--08--15 anomallyFrameTracker resetted to 200
INFO:root:2021-07-16-14--08--15 Colour Conversion Completed
INFO:root:2021-07-16-14--08--15 Sleep Check Completed
INFO:root:2021-07-16-14--08--15 Frame manipulations completed
INFO:root:2021-07-16-14--08--15 Bounding Box Drawn
INFO:root:2021-07-16-14--08--15 MovingFrameQueue Appended
INFO:root:2021-07-16-14--08--15 anomallyFrameTracker resetted to 200
INFO:root:2021-07-16-14--08--15 Colour Conversion Completed
INFO:root:2021-07-16-14--08--15 Sleep Check Completed
INFO:root:2021-07-16-14--08--15 Frame manipulations completed
INFO:root:2021-07-16-14--08--15 Bounding Box Drawn
INFO:root:2021-07-16-14--08--15 MovingFrameQueue Popped
INFO:root:2021-07-16-14--08--15 anomallyFrameTracker resetted to 200
INFO:root:2021-07-16-14--08--15 Colour Conversion Completed
INFO:root:2021-07-16-14--08--15 Sleep Check Completed
INFO:root:2021-07-16-14--08--15 Frame manipulations completed
INFO:root:2021-07-16-14--08--15 Bounding Box Drawn
INFO:root:2021-07-16-14--08--15 MovingFrameQueue Appended
INFO:root:2021-07-16-14--08--15 anomallyFrameTracker resetted to 200
INFO:root:2021-07-16-14--08--15 Colour Conversion Completed
INFO:root:2021-07-16-14--08--15 Sleep Check Completed
INFO:root:2021-07-16-14--08--15 Frame manipulations completed
INFO:root:2021-07-16-14--08--15 Bounding Box Drawn
INFO:root:2021-07-16-14--08--15 MovingFrameQueue Popped
INFO:root:2021-07-16-14--08--15 anomallyFrameTracker resetted to 200
INFO:root:2021-07-16-14--08--15 Colour Conversion Completed
INFO:root:2021-07-16-14--08--15 Sleep Check Completed
INFO:root:2021-07-16-14--08--15 Frame manipulations completed
INFO:root:2021-07-16-14--08--15 Bounding Box Drawn
INFO:root:2021-07-16-14--08--15 MovingFrameQueue Appended
INFO:root:2021-07-16-14--08--15 anomallyFrameTracker resetted to 200
INFO:root:2021-07-16-14--08--15 Colour Conversion Completed
INFO:root:2021-07-16-14--08--16 Sleep Check Completed
INFO:root:2021-07-16-14--08--16 Frame manipulations completed
INFO:root:2021-07-16-14--08--16 Bounding Box Drawn
INFO:root:2021-07-16-14--08--16 MovingFrameQueue Popped
INFO:root:2021-07-16-14--08--16 anomallyFrameTracker resetted to 200
INFO:root:2021-07-16-14--08--16 Colour Conversion Completed
INFO:root:2021-07-16-14--08--16 Sleep Check Completed
INFO:root:2021-07-16-14--08--16 Frame manipulations completed
INFO:root:2021-07-16-14--08--16 Bounding Box Drawn
INFO:root:2021-07-16-14--08--16 MovingFrameQueue Appended
INFO:root:2021-07-16-14--08--16 anomallyFrameTracker resetted to 200
INFO:root:2021-07-16-14--08--16 Colour Conversion Completed
INFO:root:2021-07-16-14--08--16 Sleep Check Completed
INFO:root:2021-07-16-14--08--16 Frame manipulations completed
INFO:root:2021-07-16-14--08--16 Bounding Box Drawn
INFO:root:2021-07-16-14--08--16 MovingFrameQueue Popped
INFO:root:2021-07-16-14--08--16 anomallyFrameTracker resetted to 200
INFO:root:2021-07-16-14--08--16 Colour Conversion Completed
INFO:root:2021-07-16-14--08--16 Sleep Check Completed
INFO:root:2021-07-16-14--08--16 Frame manipulations completed
INFO:root:2021-07-16-14--08--16 Bounding Box Drawn
INFO:root:2021-07-16-14--08--16 MovingFrameQueue Appended
INFO:root:2021-07-16-14--08--16 anomallyFrameTracker resetted to 200
INFO:root:2021-07-16-14--08--16 Colour Conversion Completed
INFO:root:2021-07-16-14--08--16 Sleep Check Completed
INFO:root:2021-07-16-14--08--16 Frame manipulations completed
INFO:root:2021-07-16-14--08--16 Bounding Box Drawn
INFO:root:2021-07-16-14--08--16 MovingFrameQueue Popped
INFO:root:2021-07-16-14--08--16 anomallyFrameTracker resetted to 200
INFO:root:2021-07-16-14--08--16 Colour Conversion Completed
INFO:root:2021-07-16-14--08--16 Sleep Check Completed
INFO:root:2021-07-16-14--08--16 Frame manipulations completed
INFO:root:2021-07-16-14--08--16 Bounding Box Drawn
INFO:root:2021-07-16-14--08--16 MovingFrameQueue Appended
INFO:root:2021-07-16-14--08--16 anomallyFrameTracker resetted to 200
INFO:root:2021-07-16-14--08--16 Colour Conversion Completed
INFO:root:2021-07-16-14--08--16 Sleep Check Completed
INFO:root:2021-07-16-14--08--16 Frame manipulations completed
INFO:root:2021-07-16-14--08--16 Bounding Box Drawn
INFO:root:2021-07-16-14--08--16 MovingFrameQueue Popped
INFO:root:2021-07-16-14--08--16 anomallyFrameTracker resetted to 200
INFO:root:2021-07-16-14--08--16 Colour Conversion Completed
INFO:root:2021-07-16-14--08--16 Sleep Check Completed
INFO:root:2021-07-16-14--08--16 Frame manipulations completed
INFO:root:2021-07-16-14--08--16 Bounding Box Drawn
INFO:root:2021-07-16-14--08--16 MovingFrameQueue Appended
INFO:root:2021-07-16-14--08--16 anomallyFrameTracker resetted to 200
INFO:root:2021-07-16-14--08--16 Colour Conversion Completed
INFO:root:2021-07-16-14--08--16 Sleep Check Completed
INFO:root:2021-07-16-14--08--16 Frame manipulations completed
INFO:root:2021-07-16-14--08--16 Bounding Box Drawn
INFO:root:2021-07-16-14--08--17 MovingFrameQueue Popped
INFO:root:2021-07-16-14--08--17 anomallyFrameTracker resetted to 200
INFO:root:2021-07-16-14--08--17 Colour Conversion Completed
INFO:root:2021-07-16-14--08--17 Sleep Check Completed
INFO:root:2021-07-16-14--08--17 Frame manipulations completed
INFO:root:2021-07-16-14--08--17 Bounding Box Drawn
INFO:root:2021-07-16-14--08--17 MovingFrameQueue Appended
INFO:root:2021-07-16-14--08--17 anomallyFrameTracker resetted to 200
INFO:root:2021-07-16-14--08--17 Colour Conversion Completed
INFO:root:2021-07-16-14--08--17 Sleep Check Completed
INFO:root:2021-07-16-14--08--17 Frame manipulations completed
INFO:root:2021-07-16-14--08--17 Bounding Box Drawn
INFO:root:2021-07-16-14--08--17 MovingFrameQueue Popped
INFO:root:2021-07-16-14--08--17 anomallyFrameTracker resetted to 200
INFO:root:2021-07-16-14--08--17 Colour Conversion Completed
INFO:root:2021-07-16-14--08--17 Sleep Check Completed
INFO:root:2021-07-16-14--08--17 Frame manipulations completed
INFO:root:2021-07-16-14--08--17 Bounding Box Drawn
INFO:root:2021-07-16-14--08--17 MovingFrameQueue Appended
INFO:root:2021-07-16-14--08--17 anomallyFrameTracker resetted to 200
INFO:root:2021-07-16-14--08--17 Colour Conversion Completed
INFO:root:2021-07-16-14--08--17 Sleep Check Completed
INFO:root:2021-07-16-14--08--17 Frame manipulations completed
INFO:root:2021-07-16-14--08--17 Bounding Box Drawn
INFO:root:2021-07-16-14--08--17 MovingFrameQueue Popped
INFO:root:2021-07-16-14--08--17 anomallyFrameTracker resetted to 200
INFO:root:2021-07-16-14--08--17 Colour Conversion Completed
INFO:root:2021-07-16-14--08--17 Sleep Check Completed
INFO:root:2021-07-16-14--08--17 Frame manipulations completed
INFO:root:2021-07-16-14--08--17 Bounding Box Drawn
INFO:root:2021-07-16-14--08--17 MovingFrameQueue Appended
INFO:root:2021-07-16-14--08--17 anomallyFrameTracker resetted to 200
INFO:root:2021-07-16-14--08--17 Colour Conversion Completed
INFO:root:2021-07-16-14--08--18 Sleep Check Completed
INFO:root:2021-07-16-14--08--18 Frame manipulations completed
INFO:root:2021-07-16-14--08--18 Bounding Box Drawn
INFO:root:2021-07-16-14--08--18 MovingFrameQueue Popped
INFO:root:2021-07-16-14--08--18 anomallyFrameTracker resetted to 200
INFO:root:2021-07-16-14--08--18 Colour Conversion Completed
INFO:root:2021-07-16-14--08--18 Sleep Check Completed
INFO:root:2021-07-16-14--08--18 Frame manipulations completed
INFO:root:2021-07-16-14--08--18 Bounding Box Drawn
INFO:root:2021-07-16-14--08--18 MovingFrameQueue Appended
INFO:root:2021-07-16-14--08--18 anomallyFrameTracker resetted to 200
INFO:root:2021-07-16-14--08--18 Colour Conversion Completed
INFO:root:2021-07-16-14--08--18 Sleep Check Completed
INFO:root:2021-07-16-14--08--18 Frame manipulations completed
INFO:root:2021-07-16-14--08--18 Bounding Box Drawn
INFO:root:2021-07-16-14--08--18 MovingFrameQueue Popped
INFO:root:2021-07-16-14--08--18 anomallyFrameTracker resetted to 200
INFO:root:2021-07-16-14--08--18 Colour Conversion Completed
INFO:root:2021-07-16-14--08--18 Sleep Check Completed
INFO:root:2021-07-16-14--08--18 Frame manipulations completed
INFO:root:2021-07-16-14--08--18 Bounding Box Drawn
INFO:root:2021-07-16-14--08--18 MovingFrameQueue Appended
INFO:root:2021-07-16-14--08--18 anomallyFrameTracker resetted to 200
INFO:root:2021-07-16-14--08--18 Colour Conversion Completed
INFO:root:2021-07-16-14--08--18 Sleep Check Completed
INFO:root:2021-07-16-14--08--18 Frame manipulations completed
INFO:root:2021-07-16-14--08--18 Bounding Box Drawn
INFO:root:2021-07-16-14--08--18 MovingFrameQueue Popped
INFO:root:2021-07-16-14--08--18 anomallyFrameTracker resetted to 200
INFO:root:2021-07-16-14--08--18 Colour Conversion Completed
INFO:root:2021-07-16-14--08--18 Sleep Check Completed
INFO:root:2021-07-16-14--08--18 Frame manipulations completed
INFO:root:2021-07-16-14--08--18 Bounding Box Drawn
INFO:root:2021-07-16-14--08--18 MovingFrameQueue Appended
INFO:root:2021-07-16-14--08--18 anomallyFrameTracker resetted to 200
INFO:root:2021-07-16-14--08--18 Colour Conversion Completed
INFO:root:2021-07-16-14--08--18 Sleep Check Completed
INFO:root:2021-07-16-14--08--18 Frame manipulations completed
INFO:root:2021-07-16-14--08--18 Bounding Box Drawn
INFO:root:2021-07-16-14--08--19 MovingFrameQueue Popped
INFO:root:2021-07-16-14--08--19 anomallyFrameTracker resetted to 200
INFO:root:2021-07-16-14--08--19 Colour Conversion Completed
INFO:root:2021-07-16-14--08--19 Sleep Check Completed
INFO:root:2021-07-16-14--08--19 Frame manipulations completed
INFO:root:2021-07-16-14--08--19 Bounding Box Drawn
INFO:root:2021-07-16-14--08--19 MovingFrameQueue Appended
INFO:root:2021-07-16-14--08--19 anomallyFrameTracker resetted to 200
INFO:root:2021-07-16-14--08--19 Colour Conversion Completed
INFO:root:2021-07-16-14--08--19 Sleep Check Completed
INFO:root:2021-07-16-14--08--19 Frame manipulations completed
INFO:root:2021-07-16-14--08--19 Bounding Box Drawn
INFO:root:2021-07-16-14--08--19 MovingFrameQueue Popped
INFO:root:2021-07-16-14--08--19 anomallyFrameTracker resetted to 200
INFO:root:2021-07-16-14--08--19 Colour Conversion Completed
INFO:root:2021-07-16-14--08--19 Sleep Check Completed
INFO:root:2021-07-16-14--08--19 Frame manipulations completed
INFO:root:2021-07-16-14--08--19 Bounding Box Drawn
INFO:root:2021-07-16-14--08--19 MovingFrameQueue Appended
INFO:root:2021-07-16-14--08--19 anomallyFrameTracker resetted to 200
INFO:root:2021-07-16-14--08--19 Colour Conversion Completed
INFO:root:2021-07-16-14--08--19 Sleep Check Completed
INFO:root:2021-07-16-14--08--19 Frame manipulations completed
INFO:root:2021-07-16-14--08--19 Bounding Box Drawn
INFO:root:2021-07-16-14--08--19 MovingFrameQueue Popped
INFO:root:2021-07-16-14--08--19 anomallyFrameTracker resetted to 200
INFO:root:2021-07-16-14--08--19 Colour Conversion Completed
INFO:root:2021-07-16-14--08--19 Sleep Check Completed
INFO:root:2021-07-16-14--08--19 Frame manipulations completed
INFO:root:2021-07-16-14--08--19 Bounding Box Drawn
INFO:root:2021-07-16-14--08--19[INFO] elapsed time: 44.73
INFO:root:2021-07-16-14--08--19[INFO] approx. FPS: 5.32
INFO:root:2021-07-16-14--08--19 Getting Auth Token Success
INFO:root:2021-07-16-14--08--20 BedTime Upload Completed
