INFO:root:2021-07-21-11--13--48 Parameter Generation Success
INFO:root:2021-07-21-11--13--48 Colour Conversion Completed
INFO:root:2021-07-21-11--13--48 Sleep Check Completed
INFO:root:2021-07-21-11--13--48 Frame manipulations completed
INFO:root:2021-07-21-11--13--48 Bounding Box Drawn
INFO:root:2021-07-21-11--13--53 MovingFrameQueue Appended
INFO:root:2021-07-21-11--13--53 anomallyFrameTracker resetted to 200
INFO:root:2021-07-21-11--13--53 Colour Conversion Completed
INFO:root:2021-07-21-11--13--53 Sleep Check Completed
INFO:root:2021-07-21-11--13--53 Frame manipulations completed
INFO:root:2021-07-21-11--13--53 Bounding Box Drawn
INFO:root:2021-07-21-11--13--53 MovingFrameQueue Appended
INFO:root:2021-07-21-11--13--53 anomallyFrameTracker resetted to 200
INFO:root:2021-07-21-11--13--54 Colour Conversion Completed
INFO:root:2021-07-21-11--13--54 Sleep Check Completed
INFO:root:2021-07-21-11--13--54 Frame manipulations completed
INFO:root:2021-07-21-11--13--54 Bounding Box Drawn
INFO:root:2021-07-21-11--13--54 MovingFrameQueue Appended
INFO:root:2021-07-21-11--13--54 anomallyFrameTracker resetted to 200
INFO:root:2021-07-21-11--13--54 Colour Conversion Completed
INFO:root:2021-07-21-11--13--54 Sleep Check Completed
INFO:root:2021-07-21-11--13--54 Frame manipulations completed
INFO:root:2021-07-21-11--13--54 Bounding Box Drawn
INFO:root:2021-07-21-11--13--54 MovingFrameQueue Appended
INFO:root:2021-07-21-11--13--54 anomallyFrameTracker resetted to 200
INFO:root:2021-07-21-11--13--54 Colour Conversion Completed
INFO:root:2021-07-21-11--13--54 Sleep Check Completed
INFO:root:2021-07-21-11--13--54 Frame manipulations completed
INFO:root:2021-07-21-11--13--54 Bounding Box Drawn
INFO:root:2021-07-21-11--13--54 MovingFrameQueue Appended
INFO:root:2021-07-21-11--13--54 anomallyFrameTracker resetted to 200
INFO:root:2021-07-21-11--13--54 Colour Conversion Completed
INFO:root:2021-07-21-11--13--54 Sleep Check Completed
INFO:root:2021-07-21-11--13--54 Frame manipulations completed
INFO:root:2021-07-21-11--13--54 Bounding Box Drawn
INFO:root:2021-07-21-11--13--54 MovingFrameQueue Appended
INFO:root:2021-07-21-11--13--54 anomallyFrameTracker resetted to 200
INFO:root:2021-07-21-11--13--54 Colour Conversion Completed
INFO:root:2021-07-21-11--13--54 Sleep Check Completed
INFO:root:2021-07-21-11--13--54 Frame manipulations completed
INFO:root:2021-07-21-11--13--54 Bounding Box Drawn
INFO:root:2021-07-21-11--13--54 MovingFrameQueue Appended
INFO:root:2021-07-21-11--13--54 anomallyFrameTracker resetted to 200
INFO:root:2021-07-21-11--13--54 Colour Conversion Completed
INFO:root:2021-07-21-11--13--54 Sleep Check Completed
INFO:root:2021-07-21-11--13--54 Frame manipulations completed
INFO:root:2021-07-21-11--13--54 Bounding Box Drawn
INFO:root:2021-07-21-11--13--55 MovingFrameQueue Appended
INFO:root:2021-07-21-11--13--55 anomallyFrameTracker resetted to 200
INFO:root:2021-07-21-11--13--55 Colour Conversion Completed
INFO:root:2021-07-21-11--13--55 Sleep Check Completed
INFO:root:2021-07-21-11--13--55 Frame manipulations completed
INFO:root:2021-07-21-11--13--55 Bounding Box Drawn
INFO:root:2021-07-21-11--13--55 MovingFrameQueue Appended
INFO:root:2021-07-21-11--13--55 anomallyFrameTracker resetted to 200
INFO:root:2021-07-21-11--13--55 Colour Conversion Completed
INFO:root:2021-07-21-11--13--55 Sleep Check Completed
INFO:root:2021-07-21-11--13--55 Frame manipulations completed
INFO:root:2021-07-21-11--13--55 Bounding Box Drawn
INFO:root:2021-07-21-11--13--55 MovingFrameQueue Appended
INFO:root:2021-07-21-11--13--55 anomallyFrameTracker resetted to 200
INFO:root:2021-07-21-11--13--55 Colour Conversion Completed
INFO:root:2021-07-21-11--13--55 Sleep Check Completed
INFO:root:2021-07-21-11--13--55 Frame manipulations completed
INFO:root:2021-07-21-11--13--55 Bounding Box Drawn
INFO:root:2021-07-21-11--13--55 MovingFrameQueue Appended
INFO:root:2021-07-21-11--13--55 anomallyFrameTracker resetted to 200
INFO:root:2021-07-21-11--13--55 Colour Conversion Completed
INFO:root:2021-07-21-11--13--55 Sleep Check Completed
INFO:root:2021-07-21-11--13--55 Frame manipulations completed
INFO:root:2021-07-21-11--13--55 Bounding Box Drawn
INFO:root:2021-07-21-11--13--56 MovingFrameQueue Appended
INFO:root:2021-07-21-11--13--56 anomallyFrameTracker resetted to 200
INFO:root:2021-07-21-11--13--56 Colour Conversion Completed
INFO:root:2021-07-21-11--13--56 Sleep Check Completed
INFO:root:2021-07-21-11--13--56 Frame manipulations completed
INFO:root:2021-07-21-11--13--56 Bounding Box Drawn
INFO:root:2021-07-21-11--13--56 MovingFrameQueue Appended
INFO:root:2021-07-21-11--13--56 anomallyFrameTracker resetted to 200
INFO:root:2021-07-21-11--13--56 Colour Conversion Completed
INFO:root:2021-07-21-11--13--56 Sleep Check Completed
INFO:root:2021-07-21-11--13--56 Frame manipulations completed
INFO:root:2021-07-21-11--13--56 Bounding Box Drawn
INFO:root:2021-07-21-11--13--56 MovingFrameQueue Appended
INFO:root:2021-07-21-11--13--56 anomallyFrameTracker resetted to 200
INFO:root:2021-07-21-11--13--56 Colour Conversion Completed
INFO:root:2021-07-21-11--13--56 Sleep Check Completed
INFO:root:2021-07-21-11--13--56 Frame manipulations completed
INFO:root:2021-07-21-11--13--56 Bounding Box Drawn
INFO:root:2021-07-21-11--13--56 MovingFrameQueue Appended
INFO:root:2021-07-21-11--13--56 anomallyFrameTracker resetted to 200
INFO:root:2021-07-21-11--13--56 Colour Conversion Completed
INFO:root:2021-07-21-11--13--57 Sleep Check Completed
INFO:root:2021-07-21-11--13--57 Frame manipulations completed
INFO:root:2021-07-21-11--13--57 Bounding Box Drawn
INFO:root:2021-07-21-11--13--57 MovingFrameQueue Appended
INFO:root:2021-07-21-11--13--57 anomallyFrameTracker resetted to 200
INFO:root:2021-07-21-11--13--57 Colour Conversion Completed
INFO:root:2021-07-21-11--13--57 Sleep Check Completed
INFO:root:2021-07-21-11--13--57 Frame manipulations completed
INFO:root:2021-07-21-11--13--57 Bounding Box Drawn
INFO:root:2021-07-21-11--13--57 MovingFrameQueue Appended
INFO:root:2021-07-21-11--13--57 anomallyFrameTracker resetted to 200
INFO:root:2021-07-21-11--13--57 Colour Conversion Completed
INFO:root:2021-07-21-11--13--57 Sleep Check Completed
INFO:root:2021-07-21-11--13--57 Frame manipulations completed
INFO:root:2021-07-21-11--13--57 Bounding Box Drawn
INFO:root:2021-07-21-11--13--57 MovingFrameQueue Appended
INFO:root:2021-07-21-11--13--57 anomallyFrameTracker resetted to 200
INFO:root:2021-07-21-11--13--57 Colour Conversion Completed
INFO:root:2021-07-21-11--13--57 Sleep Check Completed
INFO:root:2021-07-21-11--13--57 Frame manipulations completed
INFO:root:2021-07-21-11--13--57 Bounding Box Drawn
INFO:root:2021-07-21-11--13--57 MovingFrameQueue Appended
INFO:root:2021-07-21-11--13--57 anomallyFrameTracker resetted to 200
INFO:root:2021-07-21-11--13--57 Colour Conversion Completed
INFO:root:2021-07-21-11--13--58 Sleep Check Completed
INFO:root:2021-07-21-11--13--58 Frame manipulations completed
INFO:root:2021-07-21-11--13--58 Bounding Box Drawn
INFO:root:2021-07-21-11--13--58 MovingFrameQueue Appended
INFO:root:2021-07-21-11--13--58 anomallyFrameTracker resetted to 200
INFO:root:2021-07-21-11--13--58 Colour Conversion Completed
INFO:root:2021-07-21-11--13--58 Sleep Check Completed
INFO:root:2021-07-21-11--13--58 Frame manipulations completed
INFO:root:2021-07-21-11--13--58 Bounding Box Drawn
INFO:root:2021-07-21-11--13--58 MovingFrameQueue Appended
INFO:root:2021-07-21-11--13--58 anomallyFrameTracker resetted to 200
INFO:root:2021-07-21-11--13--58 Colour Conversion Completed
INFO:root:2021-07-21-11--13--58 Sleep Check Completed
INFO:root:2021-07-21-11--13--58 Frame manipulations completed
INFO:root:2021-07-21-11--13--58 Bounding Box Drawn
INFO:root:2021-07-21-11--13--58 MovingFrameQueue Appended
INFO:root:2021-07-21-11--13--58 anomallyFrameTracker resetted to 200
INFO:root:2021-07-21-11--13--58 Colour Conversion Completed
INFO:root:2021-07-21-11--13--58 Sleep Check Completed
INFO:root:2021-07-21-11--13--58 Frame manipulations completed
INFO:root:2021-07-21-11--13--58 Bounding Box Drawn
INFO:root:2021-07-21-11--13--59 MovingFrameQueue Appended
INFO:root:2021-07-21-11--13--59 anomallyFrameTracker resetted to 200
INFO:root:2021-07-21-11--13--59 Colour Conversion Completed
INFO:root:2021-07-21-11--13--59 Sleep Check Completed
INFO:root:2021-07-21-11--13--59 Frame manipulations completed
INFO:root:2021-07-21-11--13--59 Bounding Box Drawn
INFO:root:2021-07-21-11--13--59 MovingFrameQueue Appended
INFO:root:2021-07-21-11--13--59 anomallyFrameTracker resetted to 200
INFO:root:2021-07-21-11--13--59 Colour Conversion Completed
INFO:root:2021-07-21-11--13--59 Sleep Check Completed
INFO:root:2021-07-21-11--13--59 Frame manipulations completed
INFO:root:2021-07-21-11--13--59 Bounding Box Drawn
INFO:root:2021-07-21-11--13--59 MovingFrameQueue Appended
INFO:root:2021-07-21-11--13--59 anomallyFrameTracker resetted to 200
INFO:root:2021-07-21-11--13--59 Colour Conversion Completed
INFO:root:2021-07-21-11--13--59 Sleep Check Completed
INFO:root:2021-07-21-11--13--59 Frame manipulations completed
INFO:root:2021-07-21-11--13--59 Bounding Box Drawn
INFO:root:2021-07-21-11--13--59 MovingFrameQueue Appended
INFO:root:2021-07-21-11--13--59 anomallyFrameTracker resetted to 200
INFO:root:2021-07-21-11--13--59 Colour Conversion Completed
INFO:root:2021-07-21-11--13--59 Sleep Check Completed
INFO:root:2021-07-21-11--13--59 Frame manipulations completed
INFO:root:2021-07-21-11--13--59 Bounding Box Drawn
INFO:root:2021-07-21-11--14--00 MovingFrameQueue Appended
INFO:root:2021-07-21-11--14--00 anomallyFrameTracker resetted to 200
INFO:root:2021-07-21-11--14--00 Colour Conversion Completed
INFO:root:2021-07-21-11--14--00 Sleep Check Completed
INFO:root:2021-07-21-11--14--00 Frame manipulations completed
INFO:root:2021-07-21-11--14--00 Bounding Box Drawn
INFO:root:2021-07-21-11--14--00 MovingFrameQueue Appended
INFO:root:2021-07-21-11--14--00 anomallyFrameTracker resetted to 200
INFO:root:2021-07-21-11--14--00 Colour Conversion Completed
INFO:root:2021-07-21-11--14--00 Sleep Check Completed
INFO:root:2021-07-21-11--14--00 Frame manipulations completed
INFO:root:2021-07-21-11--14--00 Bounding Box Drawn
INFO:root:2021-07-21-11--14--00 MovingFrameQueue Appended
INFO:root:2021-07-21-11--14--00 anomallyFrameTracker resetted to 200
INFO:root:2021-07-21-11--14--00 Colour Conversion Completed
INFO:root:2021-07-21-11--14--00 Sleep Check Completed
INFO:root:2021-07-21-11--14--00 Frame manipulations completed
INFO:root:2021-07-21-11--14--00 Bounding Box Drawn
INFO:root:2021-07-21-11--14--00 MovingFrameQueue Appended
INFO:root:2021-07-21-11--14--00 anomallyFrameTracker resetted to 200
INFO:root:2021-07-21-11--14--00 Colour Conversion Completed
INFO:root:2021-07-21-11--14--00 Sleep Check Completed
INFO:root:2021-07-21-11--14--00 Frame manipulations completed
INFO:root:2021-07-21-11--14--00 Bounding Box Drawn
INFO:root:2021-07-21-11--14--01 MovingFrameQueue Appended
INFO:root:2021-07-21-11--14--01 anomallyFrameTracker resetted to 200
INFO:root:2021-07-21-11--14--01 Colour Conversion Completed
INFO:root:2021-07-21-11--14--01 Sleep Check Completed
INFO:root:2021-07-21-11--14--01 Frame manipulations completed
INFO:root:2021-07-21-11--14--01 Bounding Box Drawn
INFO:root:2021-07-21-11--14--01 MovingFrameQueue Appended
INFO:root:2021-07-21-11--14--01 anomallyFrameTracker resetted to 200
INFO:root:2021-07-21-11--14--01 Colour Conversion Completed
INFO:root:2021-07-21-11--14--01 Sleep Check Completed
INFO:root:2021-07-21-11--14--01 Frame manipulations completed
INFO:root:2021-07-21-11--14--01 Bounding Box Drawn
INFO:root:2021-07-21-11--14--01 MovingFrameQueue Appended
INFO:root:2021-07-21-11--14--01 anomallyFrameTracker resetted to 200
INFO:root:2021-07-21-11--14--01 Colour Conversion Completed
INFO:root:2021-07-21-11--14--01 Sleep Check Completed
INFO:root:2021-07-21-11--14--01 Frame manipulations completed
INFO:root:2021-07-21-11--14--01 Bounding Box Drawn
INFO:root:2021-07-21-11--14--01 MovingFrameQueue Appended
INFO:root:2021-07-21-11--14--01 anomallyFrameTracker resetted to 200
INFO:root:2021-07-21-11--14--01 Colour Conversion Completed
INFO:root:2021-07-21-11--14--01 Sleep Check Completed
INFO:root:2021-07-21-11--14--01 Frame manipulations completed
INFO:root:2021-07-21-11--14--01 Bounding Box Drawn
INFO:root:2021-07-21-11--14--02 MovingFrameQueue Appended
INFO:root:2021-07-21-11--14--02 anomallyFrameTracker resetted to 200
INFO:root:2021-07-21-11--14--02 Colour Conversion Completed
INFO:root:2021-07-21-11--14--02 Sleep Check Completed
INFO:root:2021-07-21-11--14--02 Frame manipulations completed
INFO:root:2021-07-21-11--14--02 Bounding Box Drawn
INFO:root:2021-07-21-11--14--02 MovingFrameQueue Appended
INFO:root:2021-07-21-11--14--02 anomallyFrameTracker resetted to 200
INFO:root:2021-07-21-11--14--02 Colour Conversion Completed
INFO:root:2021-07-21-11--14--02 Sleep Check Completed
INFO:root:2021-07-21-11--14--02 Frame manipulations completed
INFO:root:2021-07-21-11--14--02 Bounding Box Drawn
INFO:root:2021-07-21-11--14--02 MovingFrameQueue Appended
INFO:root:2021-07-21-11--14--02 anomallyFrameTracker resetted to 200
INFO:root:2021-07-21-11--14--02 Colour Conversion Completed
INFO:root:2021-07-21-11--14--02 Sleep Check Completed
INFO:root:2021-07-21-11--14--02 Frame manipulations completed
INFO:root:2021-07-21-11--14--02 Bounding Box Drawn
INFO:root:2021-07-21-11--14--02 MovingFrameQueue Appended
INFO:root:2021-07-21-11--14--02 anomallyFrameTracker resetted to 200
INFO:root:2021-07-21-11--14--02 Colour Conversion Completed
INFO:root:2021-07-21-11--14--03 Sleep Check Completed
INFO:root:2021-07-21-11--14--03 Frame manipulations completed
INFO:root:2021-07-21-11--14--03 Bounding Box Drawn
INFO:root:2021-07-21-11--14--03 MovingFrameQueue Appended
INFO:root:2021-07-21-11--14--03 anomallyFrameTracker resetted to 200
INFO:root:2021-07-21-11--14--03 Colour Conversion Completed
INFO:root:2021-07-21-11--14--03 Sleep Check Completed
INFO:root:2021-07-21-11--14--03 Frame manipulations completed
INFO:root:2021-07-21-11--14--03 Bounding Box Drawn
INFO:root:2021-07-21-11--14--03 MovingFrameQueue Appended
INFO:root:2021-07-21-11--14--03 anomallyFrameTracker resetted to 200
INFO:root:2021-07-21-11--14--03 Colour Conversion Completed
INFO:root:2021-07-21-11--14--03 Sleep Check Completed
INFO:root:2021-07-21-11--14--03 Frame manipulations completed
INFO:root:2021-07-21-11--14--03 Bounding Box Drawn
INFO:root:2021-07-21-11--14--03 MovingFrameQueue Appended
INFO:root:2021-07-21-11--14--03 anomallyFrameTracker resetted to 200
INFO:root:2021-07-21-11--14--03 Colour Conversion Completed
INFO:root:2021-07-21-11--14--03 Sleep Check Completed
INFO:root:2021-07-21-11--14--03 Frame manipulations completed
INFO:root:2021-07-21-11--14--03 Bounding Box Drawn
INFO:root:2021-07-21-11--14--03 MovingFrameQueue Appended
INFO:root:2021-07-21-11--14--03 anomallyFrameTracker resetted to 200
INFO:root:2021-07-21-11--14--03 Colour Conversion Completed
INFO:root:2021-07-21-11--14--03 Sleep Check Completed
INFO:root:2021-07-21-11--14--03 Frame manipulations completed
INFO:root:2021-07-21-11--14--03 Bounding Box Drawn
INFO:root:2021-07-21-11--14--04 MovingFrameQueue Appended
INFO:root:2021-07-21-11--14--04 anomallyFrameTracker resetted to 200
INFO:root:2021-07-21-11--14--04 Colour Conversion Completed
INFO:root:2021-07-21-11--14--04 Sleep Check Completed
INFO:root:2021-07-21-11--14--04 Frame manipulations completed
INFO:root:2021-07-21-11--14--04 Bounding Box Drawn
INFO:root:2021-07-21-11--14--04 MovingFrameQueue Appended
INFO:root:2021-07-21-11--14--04 anomallyFrameTracker resetted to 200
INFO:root:2021-07-21-11--14--04 Colour Conversion Completed
INFO:root:2021-07-21-11--14--04 Sleep Check Completed
INFO:root:2021-07-21-11--14--04 Frame manipulations completed
INFO:root:2021-07-21-11--14--04 Bounding Box Drawn
INFO:root:2021-07-21-11--14--04 MovingFrameQueue Appended
INFO:root:2021-07-21-11--14--04 anomallyFrameTracker resetted to 200
INFO:root:2021-07-21-11--14--04 Colour Conversion Completed
INFO:root:2021-07-21-11--14--04 Sleep Check Completed
INFO:root:2021-07-21-11--14--04 Frame manipulations completed
INFO:root:2021-07-21-11--14--04 Bounding Box Drawn
INFO:root:2021-07-21-11--14--04 MovingFrameQueue Appended
INFO:root:2021-07-21-11--14--04 anomallyFrameTracker resetted to 200
INFO:root:2021-07-21-11--14--04 Colour Conversion Completed
INFO:root:2021-07-21-11--14--04 Sleep Check Completed
INFO:root:2021-07-21-11--14--04 Frame manipulations completed
INFO:root:2021-07-21-11--14--04 Bounding Box Drawn
INFO:root:2021-07-21-11--14--05 MovingFrameQueue Appended
INFO:root:2021-07-21-11--14--05 anomallyFrameTracker resetted to 200
INFO:root:2021-07-21-11--14--05 Colour Conversion Completed
INFO:root:2021-07-21-11--14--05 Sleep Check Completed
INFO:root:2021-07-21-11--14--05 Frame manipulations completed
INFO:root:2021-07-21-11--14--05 Bounding Box Drawn
INFO:root:2021-07-21-11--14--05 MovingFrameQueue Appended
INFO:root:2021-07-21-11--14--05 anomallyFrameTracker resetted to 200
INFO:root:2021-07-21-11--14--05 Colour Conversion Completed
INFO:root:2021-07-21-11--14--05 Sleep Check Completed
INFO:root:2021-07-21-11--14--05 Frame manipulations completed
INFO:root:2021-07-21-11--14--05 Bounding Box Drawn
INFO:root:2021-07-21-11--14--05 MovingFrameQueue Appended
INFO:root:2021-07-21-11--14--05 anomallyFrameTracker resetted to 200
INFO:root:2021-07-21-11--14--05 Colour Conversion Completed
INFO:root:2021-07-21-11--14--05 Sleep Check Completed
INFO:root:2021-07-21-11--14--05 Frame manipulations completed
INFO:root:2021-07-21-11--14--05 Bounding Box Drawn
INFO:root:2021-07-21-11--14--05 MovingFrameQueue Appended
INFO:root:2021-07-21-11--14--05 anomallyFrameTracker resetted to 200
INFO:root:2021-07-21-11--14--05 Colour Conversion Completed
INFO:root:2021-07-21-11--14--06 Sleep Check Completed
INFO:root:2021-07-21-11--14--06 Frame manipulations completed
INFO:root:2021-07-21-11--14--06 Bounding Box Drawn
INFO:root:2021-07-21-11--14--06 MovingFrameQueue Appended
INFO:root:2021-07-21-11--14--06 anomallyFrameTracker resetted to 200
INFO:root:2021-07-21-11--14--06 Colour Conversion Completed
INFO:root:2021-07-21-11--14--06 Sleep Check Completed
INFO:root:2021-07-21-11--14--06 Frame manipulations completed
INFO:root:2021-07-21-11--14--06 Bounding Box Drawn
INFO:root:2021-07-21-11--14--06 MovingFrameQueue Popped
INFO:root:2021-07-21-11--14--06 anomallyFrameTracker resetted to 200
INFO:root:2021-07-21-11--14--06 Colour Conversion Completed
INFO:root:2021-07-21-11--14--06 Sleep Check Completed
INFO:root:2021-07-21-11--14--06 Frame manipulations completed
INFO:root:2021-07-21-11--14--06 Bounding Box Drawn
INFO:root:2021-07-21-11--14--06 MovingFrameQueue Appended
INFO:root:2021-07-21-11--14--06 anomallyFrameTracker resetted to 200
INFO:root:2021-07-21-11--14--06 Colour Conversion Completed
INFO:root:2021-07-21-11--14--06 Sleep Check Completed
INFO:root:2021-07-21-11--14--06 Frame manipulations completed
INFO:root:2021-07-21-11--14--06 Bounding Box Drawn
INFO:root:2021-07-21-11--14--06 MovingFrameQueue Popped
INFO:root:2021-07-21-11--14--06 anomallyFrameTracker resetted to 200
INFO:root:2021-07-21-11--14--06 Colour Conversion Completed
INFO:root:2021-07-21-11--14--06 Sleep Check Completed
INFO:root:2021-07-21-11--14--06 Frame manipulations completed
INFO:root:2021-07-21-11--14--06 Bounding Box Drawn
INFO:root:2021-07-21-11--14--06 MovingFrameQueue Appended
INFO:root:2021-07-21-11--14--06 anomallyFrameTracker resetted to 200
INFO:root:2021-07-21-11--14--06 Colour Conversion Completed
INFO:root:2021-07-21-11--14--06 Sleep Check Completed
INFO:root:2021-07-21-11--14--06 Frame manipulations completed
INFO:root:2021-07-21-11--14--06 Bounding Box Drawn
INFO:root:2021-07-21-11--14--07 MovingFrameQueue Popped
INFO:root:2021-07-21-11--14--07 anomallyFrameTracker resetted to 200
INFO:root:2021-07-21-11--14--07 Colour Conversion Completed
INFO:root:2021-07-21-11--14--07 Sleep Check Completed
INFO:root:2021-07-21-11--14--07 Frame manipulations completed
INFO:root:2021-07-21-11--14--07 Bounding Box Drawn
INFO:root:2021-07-21-11--14--07 MovingFrameQueue Appended
INFO:root:2021-07-21-11--14--07 anomallyFrameTracker resetted to 200
INFO:root:2021-07-21-11--14--07 Colour Conversion Completed
INFO:root:2021-07-21-11--14--07 Sleep Check Completed
INFO:root:2021-07-21-11--14--07 Frame manipulations completed
INFO:root:2021-07-21-11--14--07 Bounding Box Drawn
INFO:root:2021-07-21-11--14--07 MovingFrameQueue Popped
INFO:root:2021-07-21-11--14--07 anomallyFrameTracker resetted to 200
INFO:root:2021-07-21-11--14--07 Colour Conversion Completed
INFO:root:2021-07-21-11--14--07 Sleep Check Completed
INFO:root:2021-07-21-11--14--07 Frame manipulations completed
INFO:root:2021-07-21-11--14--07 Bounding Box Drawn
INFO:root:2021-07-21-11--14--07 MovingFrameQueue Appended
INFO:root:2021-07-21-11--14--07 anomallyFrameTracker resetted to 200
INFO:root:2021-07-21-11--14--07 Colour Conversion Completed
INFO:root:2021-07-21-11--14--07 Sleep Check Completed
INFO:root:2021-07-21-11--14--07 Frame manipulations completed
INFO:root:2021-07-21-11--14--07 Bounding Box Drawn
INFO:root:2021-07-21-11--14--07 MovingFrameQueue Popped
INFO:root:2021-07-21-11--14--07 anomallyFrameTracker resetted to 200
INFO:root:2021-07-21-11--14--07 Colour Conversion Completed
INFO:root:2021-07-21-11--14--07 Sleep Check Completed
INFO:root:2021-07-21-11--14--07 Frame manipulations completed
INFO:root:2021-07-21-11--14--07 Bounding Box Drawn
INFO:root:2021-07-21-11--14--07 MovingFrameQueue Appended
INFO:root:2021-07-21-11--14--07 anomallyFrameTracker resetted to 200
INFO:root:2021-07-21-11--14--07 Colour Conversion Completed
INFO:root:2021-07-21-11--14--07 Sleep Check Completed
INFO:root:2021-07-21-11--14--07 Frame manipulations completed
INFO:root:2021-07-21-11--14--07 Bounding Box Drawn
INFO:root:2021-07-21-11--14--08 MovingFrameQueue Popped
INFO:root:2021-07-21-11--14--08 anomallyFrameTracker resetted to 200
INFO:root:2021-07-21-11--14--08 Colour Conversion Completed
INFO:root:2021-07-21-11--14--08 Sleep Check Completed
INFO:root:2021-07-21-11--14--08 Frame manipulations completed
INFO:root:2021-07-21-11--14--08 Bounding Box Drawn
INFO:root:2021-07-21-11--14--08 MovingFrameQueue Appended
INFO:root:2021-07-21-11--14--08 anomallyFrameTracker resetted to 200
INFO:root:2021-07-21-11--14--08 Colour Conversion Completed
INFO:root:2021-07-21-11--14--08 Sleep Check Completed
INFO:root:2021-07-21-11--14--08 Frame manipulations completed
INFO:root:2021-07-21-11--14--08 Bounding Box Drawn
INFO:root:2021-07-21-11--14--08 MovingFrameQueue Popped
INFO:root:2021-07-21-11--14--08 anomallyFrameTracker resetted to 200
INFO:root:2021-07-21-11--14--08 Colour Conversion Completed
INFO:root:2021-07-21-11--14--08 Sleep Check Completed
INFO:root:2021-07-21-11--14--08 Frame manipulations completed
INFO:root:2021-07-21-11--14--08 Bounding Box Drawn
INFO:root:2021-07-21-11--14--08 MovingFrameQueue Appended
INFO:root:2021-07-21-11--14--08 anomallyFrameTracker resetted to 200
INFO:root:2021-07-21-11--14--08 Colour Conversion Completed
INFO:root:2021-07-21-11--14--08 Sleep Check Completed
INFO:root:2021-07-21-11--14--08 Frame manipulations completed
INFO:root:2021-07-21-11--14--08 Bounding Box Drawn
INFO:root:2021-07-21-11--14--08 MovingFrameQueue Popped
INFO:root:2021-07-21-11--14--08 anomallyFrameTracker resetted to 200
INFO:root:2021-07-21-11--14--08 Colour Conversion Completed
INFO:root:2021-07-21-11--14--08 Sleep Check Completed
INFO:root:2021-07-21-11--14--08 Frame manipulations completed
INFO:root:2021-07-21-11--14--08 Bounding Box Drawn
INFO:root:2021-07-21-11--14--08 MovingFrameQueue Appended
INFO:root:2021-07-21-11--14--08 anomallyFrameTracker resetted to 200
INFO:root:2021-07-21-11--14--08 Colour Conversion Completed
INFO:root:2021-07-21-11--14--08 Sleep Check Completed
INFO:root:2021-07-21-11--14--08 Frame manipulations completed
INFO:root:2021-07-21-11--14--08 Bounding Box Drawn
INFO:root:2021-07-21-11--14--09 MovingFrameQueue Popped
INFO:root:2021-07-21-11--14--09 anomallyFrameTracker resetted to 200
INFO:root:2021-07-21-11--14--09 Colour Conversion Completed
INFO:root:2021-07-21-11--14--09 Sleep Check Completed
INFO:root:2021-07-21-11--14--09 Frame manipulations completed
INFO:root:2021-07-21-11--14--09 Bounding Box Drawn
INFO:root:2021-07-21-11--14--09 MovingFrameQueue Appended
INFO:root:2021-07-21-11--14--09 anomallyFrameTracker resetted to 200
INFO:root:2021-07-21-11--14--09 Colour Conversion Completed
INFO:root:2021-07-21-11--14--09 Sleep Check Completed
INFO:root:2021-07-21-11--14--09 Frame manipulations completed
INFO:root:2021-07-21-11--14--09 Bounding Box Drawn
INFO:root:2021-07-21-11--14--09 MovingFrameQueue Popped
INFO:root:2021-07-21-11--14--09 anomallyFrameTracker resetted to 200
INFO:root:2021-07-21-11--14--09 Colour Conversion Completed
INFO:root:2021-07-21-11--14--09 Sleep Check Completed
INFO:root:2021-07-21-11--14--09 Frame manipulations completed
INFO:root:2021-07-21-11--14--09 Bounding Box Drawn
INFO:root:2021-07-21-11--14--09 MovingFrameQueue Appended
INFO:root:2021-07-21-11--14--09 anomallyFrameTracker resetted to 200
INFO:root:2021-07-21-11--14--09 Colour Conversion Completed
INFO:root:2021-07-21-11--14--09 Sleep Check Completed
INFO:root:2021-07-21-11--14--09 Frame manipulations completed
INFO:root:2021-07-21-11--14--09 Bounding Box Drawn
INFO:root:2021-07-21-11--14--09 MovingFrameQueue Popped
INFO:root:2021-07-21-11--14--09 anomallyFrameTracker resetted to 200
INFO:root:2021-07-21-11--14--09 Colour Conversion Completed
INFO:root:2021-07-21-11--14--09 Sleep Check Completed
INFO:root:2021-07-21-11--14--09 Frame manipulations completed
INFO:root:2021-07-21-11--14--09 Bounding Box Drawn
INFO:root:2021-07-21-11--14--09 MovingFrameQueue Appended
INFO:root:2021-07-21-11--14--09 anomallyFrameTracker resetted to 200
INFO:root:2021-07-21-11--14--09 Colour Conversion Completed
INFO:root:2021-07-21-11--14--09 Sleep Check Completed
INFO:root:2021-07-21-11--14--09 Frame manipulations completed
INFO:root:2021-07-21-11--14--09 Bounding Box Drawn
INFO:root:2021-07-21-11--14--10 MovingFrameQueue Popped
INFO:root:2021-07-21-11--14--10 anomallyFrameTracker resetted to 200
INFO:root:2021-07-21-11--14--10 Colour Conversion Completed
INFO:root:2021-07-21-11--14--10 Sleep Check Completed
INFO:root:2021-07-21-11--14--10 Frame manipulations completed
INFO:root:2021-07-21-11--14--10 Bounding Box Drawn
INFO:root:2021-07-21-11--14--10 MovingFrameQueue Appended
INFO:root:2021-07-21-11--14--10 anomallyFrameTracker resetted to 200
INFO:root:2021-07-21-11--14--10 Colour Conversion Completed
INFO:root:2021-07-21-11--14--10 Sleep Check Completed
INFO:root:2021-07-21-11--14--10 Frame manipulations completed
INFO:root:2021-07-21-11--14--10 Bounding Box Drawn
INFO:root:2021-07-21-11--14--10 MovingFrameQueue Popped
INFO:root:2021-07-21-11--14--10 anomallyFrameTracker resetted to 200
INFO:root:2021-07-21-11--14--10 Colour Conversion Completed
INFO:root:2021-07-21-11--14--10 Sleep Check Completed
INFO:root:2021-07-21-11--14--10 Frame manipulations completed
INFO:root:2021-07-21-11--14--10 Bounding Box Drawn
INFO:root:2021-07-21-11--14--10 MovingFrameQueue Appended
INFO:root:2021-07-21-11--14--10 Anomally Detected, starting call for more frames
INFO:root:2021-07-21-11--14--10 anomallyFrameTracker resetted to 200
INFO:root:2021-07-21-11--14--10 Colour Conversion Completed
INFO:root:2021-07-21-11--14--10 Sleep Check Completed
INFO:root:2021-07-21-11--14--10 Frame manipulations completed
INFO:root:2021-07-21-11--14--10 Bounding Box Drawn
INFO:root:2021-07-21-11--14--10 MovingFrameQueue Popped
INFO:root:2021-07-21-11--14--10 anomallyFrameTracker resetted to 200
INFO:root:2021-07-21-11--14--10 Colour Conversion Completed
INFO:root:2021-07-21-11--14--10 Sleep Check Completed
INFO:root:2021-07-21-11--14--10 Frame manipulations completed
INFO:root:2021-07-21-11--14--10 Bounding Box Drawn
INFO:root:2021-07-21-11--14--10 MovingFrameQueue Appended
INFO:root:2021-07-21-11--14--10 anomallyFrameTracker resetted to 200
INFO:root:2021-07-21-11--14--10 Colour Conversion Completed
INFO:root:2021-07-21-11--14--10 Sleep Check Completed
INFO:root:2021-07-21-11--14--10 Frame manipulations completed
INFO:root:2021-07-21-11--14--10 Bounding Box Drawn
INFO:root:2021-07-21-11--14--11 MovingFrameQueue Popped
INFO:root:2021-07-21-11--14--11 anomallyFrameTracker resetted to 200
INFO:root:2021-07-21-11--14--11 Colour Conversion Completed
INFO:root:2021-07-21-11--14--11 Sleep Check Completed
INFO:root:2021-07-21-11--14--11 Frame manipulations completed
INFO:root:2021-07-21-11--14--11 Bounding Box Drawn
INFO:root:2021-07-21-11--14--11 MovingFrameQueue Appended
INFO:root:2021-07-21-11--14--11 anomallyFrameTracker resetted to 200
INFO:root:2021-07-21-11--14--11 Colour Conversion Completed
INFO:root:2021-07-21-11--14--11 Sleep Check Completed
INFO:root:2021-07-21-11--14--11 Frame manipulations completed
INFO:root:2021-07-21-11--14--11 Bounding Box Drawn
INFO:root:2021-07-21-11--14--11 MovingFrameQueue Popped
INFO:root:2021-07-21-11--14--11 anomallyFrameTracker resetted to 200
INFO:root:2021-07-21-11--14--11 Colour Conversion Completed
INFO:root:2021-07-21-11--14--11 Sleep Check Completed
INFO:root:2021-07-21-11--14--11 Frame manipulations completed
INFO:root:2021-07-21-11--14--11 Bounding Box Drawn
INFO:root:2021-07-21-11--14--11 MovingFrameQueue Appended
INFO:root:2021-07-21-11--14--11 anomallyFrameTracker resetted to 200
INFO:root:2021-07-21-11--14--11 Colour Conversion Completed
INFO:root:2021-07-21-11--14--11 Sleep Check Completed
INFO:root:2021-07-21-11--14--11 Frame manipulations completed
INFO:root:2021-07-21-11--14--11 Bounding Box Drawn
INFO:root:2021-07-21-11--14--11 MovingFrameQueue Popped
INFO:root:2021-07-21-11--14--11 anomallyFrameTracker resetted to 200
INFO:root:2021-07-21-11--14--11 Colour Conversion Completed
INFO:root:2021-07-21-11--14--11 Sleep Check Completed
INFO:root:2021-07-21-11--14--11 Frame manipulations completed
INFO:root:2021-07-21-11--14--11 Bounding Box Drawn
INFO:root:2021-07-21-11--14--11 MovingFrameQueue Appended
INFO:root:2021-07-21-11--14--11 Anomally Detected, starting call for more frames
INFO:root:2021-07-21-11--14--11 anomallyFrameTracker resetted to 200
INFO:root:2021-07-21-11--14--11 Colour Conversion Completed
INFO:root:2021-07-21-11--14--11 Sleep Check Completed
INFO:root:2021-07-21-11--14--11 Frame manipulations completed
INFO:root:2021-07-21-11--14--11 Bounding Box Drawn
INFO:root:2021-07-21-11--14--12 MovingFrameQueue Popped
INFO:root:2021-07-21-11--14--12 Anomally Detected, starting call for more frames
INFO:root:2021-07-21-11--14--12 anomallyFrameTracker resetted to 200
INFO:root:2021-07-21-11--14--12 Colour Conversion Completed
INFO:root:2021-07-21-11--14--12 Sleep Check Completed
INFO:root:2021-07-21-11--14--12 Frame manipulations completed
INFO:root:2021-07-21-11--14--12 Bounding Box Drawn
INFO:root:2021-07-21-11--14--12 MovingFrameQueue Appended
INFO:root:2021-07-21-11--14--12 Anomally Detected, starting call for more frames
INFO:root:2021-07-21-11--14--12 anomallyFrameTracker resetted to 200
INFO:root:2021-07-21-11--14--12 Colour Conversion Completed
INFO:root:2021-07-21-11--14--12 Sleep Check Completed
INFO:root:2021-07-21-11--14--12 Frame manipulations completed
INFO:root:2021-07-21-11--14--12 Bounding Box Drawn
INFO:root:2021-07-21-11--14--12 MovingFrameQueue Popped
INFO:root:2021-07-21-11--14--12 Anomally Detected, starting call for more frames
INFO:root:2021-07-21-11--14--12 anomallyFrameTracker resetted to 200
INFO:root:2021-07-21-11--14--12 Colour Conversion Completed
INFO:root:2021-07-21-11--14--12 Sleep Check Completed
INFO:root:2021-07-21-11--14--12 Frame manipulations completed
INFO:root:2021-07-21-11--14--12 Bounding Box Drawn
INFO:root:2021-07-21-11--14--12 MovingFrameQueue Appended
INFO:root:2021-07-21-11--14--12 Anomally Detected, starting call for more frames
INFO:root:2021-07-21-11--14--12 anomallyFrameTracker resetted to 200
INFO:root:2021-07-21-11--14--12 Colour Conversion Completed
INFO:root:2021-07-21-11--14--12 Sleep Check Completed
INFO:root:2021-07-21-11--14--12 Frame manipulations completed
INFO:root:2021-07-21-11--14--12 Bounding Box Drawn
INFO:root:2021-07-21-11--14--12 MovingFrameQueue Popped
INFO:root:2021-07-21-11--14--12 anomallyFrameTracker resetted to 200
INFO:root:2021-07-21-11--14--12 Colour Conversion Completed
INFO:root:2021-07-21-11--14--12 Sleep Check Completed
INFO:root:2021-07-21-11--14--12 Frame manipulations completed
INFO:root:2021-07-21-11--14--12 Bounding Box Drawn
INFO:root:2021-07-21-11--14--12 MovingFrameQueue Appended
INFO:root:2021-07-21-11--14--12 anomallyFrameTracker resetted to 200
INFO:root:2021-07-21-11--14--12 Colour Conversion Completed
INFO:root:2021-07-21-11--14--12 Sleep Check Completed
INFO:root:2021-07-21-11--14--12 Frame manipulations completed
INFO:root:2021-07-21-11--14--12 Bounding Box Drawn
INFO:root:2021-07-21-11--14--13 MovingFrameQueue Popped
INFO:root:2021-07-21-11--14--13 anomallyFrameTracker resetted to 200
INFO:root:2021-07-21-11--14--13 Colour Conversion Completed
INFO:root:2021-07-21-11--14--13 Sleep Check Completed
INFO:root:2021-07-21-11--14--13 Frame manipulations completed
INFO:root:2021-07-21-11--14--13 Bounding Box Drawn
INFO:root:2021-07-21-11--14--13 MovingFrameQueue Appended
INFO:root:2021-07-21-11--14--13 anomallyFrameTracker resetted to 200
INFO:root:2021-07-21-11--14--13 Colour Conversion Completed
INFO:root:2021-07-21-11--14--13 Sleep Check Completed
INFO:root:2021-07-21-11--14--13 Frame manipulations completed
INFO:root:2021-07-21-11--14--13 Bounding Box Drawn
INFO:root:2021-07-21-11--14--13 MovingFrameQueue Popped
INFO:root:2021-07-21-11--14--13 anomallyFrameTracker resetted to 200
INFO:root:2021-07-21-11--14--13 Colour Conversion Completed
INFO:root:2021-07-21-11--14--13 Sleep Check Completed
INFO:root:2021-07-21-11--14--13 Frame manipulations completed
INFO:root:2021-07-21-11--14--13 Bounding Box Drawn
INFO:root:2021-07-21-11--14--13 MovingFrameQueue Appended
INFO:root:2021-07-21-11--14--13 anomallyFrameTracker resetted to 200
INFO:root:2021-07-21-11--14--13 Colour Conversion Completed
INFO:root:2021-07-21-11--14--13 Sleep Check Completed
INFO:root:2021-07-21-11--14--13 Frame manipulations completed
INFO:root:2021-07-21-11--14--13 Bounding Box Drawn
INFO:root:2021-07-21-11--14--13 MovingFrameQueue Popped
INFO:root:2021-07-21-11--14--13 anomallyFrameTracker resetted to 200
INFO:root:2021-07-21-11--14--13 Colour Conversion Completed
INFO:root:2021-07-21-11--14--13 Sleep Check Completed
INFO:root:2021-07-21-11--14--13 Frame manipulations completed
INFO:root:2021-07-21-11--14--13 Bounding Box Drawn
INFO:root:2021-07-21-11--14--13 MovingFrameQueue Appended
INFO:root:2021-07-21-11--14--13 anomallyFrameTracker resetted to 200
INFO:root:2021-07-21-11--14--13 Colour Conversion Completed
INFO:root:2021-07-21-11--14--13 Sleep Check Completed
INFO:root:2021-07-21-11--14--13 Frame manipulations completed
INFO:root:2021-07-21-11--14--13 Bounding Box Drawn
INFO:root:2021-07-21-11--14--13 MovingFrameQueue Popped
INFO:root:2021-07-21-11--14--13 anomallyFrameTracker resetted to 200
INFO:root:2021-07-21-11--14--14 Colour Conversion Completed
INFO:root:2021-07-21-11--14--14 Sleep Check Completed
INFO:root:2021-07-21-11--14--14 Frame manipulations completed
INFO:root:2021-07-21-11--14--14 Bounding Box Drawn
INFO:root:2021-07-21-11--14--14 MovingFrameQueue Appended
INFO:root:2021-07-21-11--14--14 anomallyFrameTracker resetted to 200
INFO:root:2021-07-21-11--14--14 Colour Conversion Completed
INFO:root:2021-07-21-11--14--14 Sleep Check Completed
INFO:root:2021-07-21-11--14--14 Frame manipulations completed
INFO:root:2021-07-21-11--14--14 Bounding Box Drawn
INFO:root:2021-07-21-11--14--14 MovingFrameQueue Popped
INFO:root:2021-07-21-11--14--14 anomallyFrameTracker resetted to 200
INFO:root:2021-07-21-11--14--14 Colour Conversion Completed
INFO:root:2021-07-21-11--14--14 Sleep Check Completed
INFO:root:2021-07-21-11--14--14 Frame manipulations completed
INFO:root:2021-07-21-11--14--14 Bounding Box Drawn
INFO:root:2021-07-21-11--14--14 MovingFrameQueue Appended
INFO:root:2021-07-21-11--14--14 anomallyFrameTracker resetted to 200
INFO:root:2021-07-21-11--14--14 Colour Conversion Completed
INFO:root:2021-07-21-11--14--14 Sleep Check Completed
INFO:root:2021-07-21-11--14--14 Frame manipulations completed
INFO:root:2021-07-21-11--14--14 Bounding Box Drawn
INFO:root:2021-07-21-11--14--14 MovingFrameQueue Popped
INFO:root:2021-07-21-11--14--14 anomallyFrameTracker resetted to 200
INFO:root:2021-07-21-11--14--14 Colour Conversion Completed
INFO:root:2021-07-21-11--14--14 Sleep Check Completed
INFO:root:2021-07-21-11--14--14 Frame manipulations completed
INFO:root:2021-07-21-11--14--14 Bounding Box Drawn
INFO:root:2021-07-21-11--14--14 MovingFrameQueue Appended
INFO:root:2021-07-21-11--14--14 anomallyFrameTracker resetted to 200
INFO:root:2021-07-21-11--14--14 Colour Conversion Completed
INFO:root:2021-07-21-11--14--14 Sleep Check Completed
INFO:root:2021-07-21-11--14--14 Frame manipulations completed
INFO:root:2021-07-21-11--14--14 Bounding Box Drawn
INFO:root:2021-07-21-11--14--15 MovingFrameQueue Popped
INFO:root:2021-07-21-11--14--15 anomallyFrameTracker resetted to 200
INFO:root:2021-07-21-11--14--15 Colour Conversion Completed
INFO:root:2021-07-21-11--14--15 Sleep Check Completed
INFO:root:2021-07-21-11--14--15 Frame manipulations completed
INFO:root:2021-07-21-11--14--15 Bounding Box Drawn
INFO:root:2021-07-21-11--14--15 MovingFrameQueue Appended
INFO:root:2021-07-21-11--14--15 anomallyFrameTracker resetted to 200
INFO:root:2021-07-21-11--14--15 Colour Conversion Completed
INFO:root:2021-07-21-11--14--15 Sleep Check Completed
INFO:root:2021-07-21-11--14--15 Frame manipulations completed
INFO:root:2021-07-21-11--14--15 Bounding Box Drawn
INFO:root:2021-07-21-11--14--15 MovingFrameQueue Popped
INFO:root:2021-07-21-11--14--15 anomallyFrameTracker resetted to 200
INFO:root:2021-07-21-11--14--15 Colour Conversion Completed
INFO:root:2021-07-21-11--14--15 Sleep Check Completed
INFO:root:2021-07-21-11--14--15 Frame manipulations completed
INFO:root:2021-07-21-11--14--15 Bounding Box Drawn
INFO:root:2021-07-21-11--14--15 MovingFrameQueue Appended
INFO:root:2021-07-21-11--14--15 anomallyFrameTracker resetted to 200
INFO:root:2021-07-21-11--14--15 Colour Conversion Completed
INFO:root:2021-07-21-11--14--15 Sleep Check Completed
INFO:root:2021-07-21-11--14--15 Frame manipulations completed
INFO:root:2021-07-21-11--14--15 Bounding Box Drawn
INFO:root:2021-07-21-11--14--15 MovingFrameQueue Popped
INFO:root:2021-07-21-11--14--15 anomallyFrameTracker resetted to 200
INFO:root:2021-07-21-11--14--15 Colour Conversion Completed
INFO:root:2021-07-21-11--14--15 Sleep Check Completed
INFO:root:2021-07-21-11--14--15 Frame manipulations completed
INFO:root:2021-07-21-11--14--15 Bounding Box Drawn
INFO:root:2021-07-21-11--14--15 MovingFrameQueue Appended
INFO:root:2021-07-21-11--14--15 anomallyFrameTracker resetted to 200
INFO:root:2021-07-21-11--14--15 Colour Conversion Completed
INFO:root:2021-07-21-11--14--15 Sleep Check Completed
INFO:root:2021-07-21-11--14--15 Frame manipulations completed
INFO:root:2021-07-21-11--14--15 Bounding Box Drawn
INFO:root:2021-07-21-11--14--16 MovingFrameQueue Popped
INFO:root:2021-07-21-11--14--16 anomallyFrameTracker resetted to 200
INFO:root:2021-07-21-11--14--16 Colour Conversion Completed
INFO:root:2021-07-21-11--14--16 Sleep Check Completed
INFO:root:2021-07-21-11--14--16 Frame manipulations completed
INFO:root:2021-07-21-11--14--16 Bounding Box Drawn
INFO:root:2021-07-21-11--14--16 MovingFrameQueue Appended
INFO:root:2021-07-21-11--14--16 anomallyFrameTracker resetted to 200
INFO:root:2021-07-21-11--14--16 Colour Conversion Completed
INFO:root:2021-07-21-11--14--16 Sleep Check Completed
INFO:root:2021-07-21-11--14--16 Frame manipulations completed
INFO:root:2021-07-21-11--14--16 Bounding Box Drawn
INFO:root:2021-07-21-11--14--16 MovingFrameQueue Popped
INFO:root:2021-07-21-11--14--16 Anomally Detected, starting call for more frames
INFO:root:2021-07-21-11--14--16 anomallyFrameTracker resetted to 200
INFO:root:2021-07-21-11--14--16 Colour Conversion Completed
INFO:root:2021-07-21-11--14--16 Sleep Check Completed
INFO:root:2021-07-21-11--14--16 Frame manipulations completed
INFO:root:2021-07-21-11--14--16 Bounding Box Drawn
INFO:root:2021-07-21-11--14--16 MovingFrameQueue Appended
INFO:root:2021-07-21-11--14--16 anomallyFrameTracker resetted to 200
INFO:root:2021-07-21-11--14--16 Colour Conversion Completed
INFO:root:2021-07-21-11--14--16 Sleep Check Completed
INFO:root:2021-07-21-11--14--16 Frame manipulations completed
INFO:root:2021-07-21-11--14--16 Bounding Box Drawn
INFO:root:2021-07-21-11--14--17 MovingFrameQueue Popped
INFO:root:2021-07-21-11--14--17 anomallyFrameTracker resetted to 200
INFO:root:2021-07-21-11--14--17 Colour Conversion Completed
INFO:root:2021-07-21-11--14--17 Sleep Check Completed
INFO:root:2021-07-21-11--14--17 Frame manipulations completed
INFO:root:2021-07-21-11--14--17 Bounding Box Drawn
INFO:root:2021-07-21-11--14--17 MovingFrameQueue Appended
INFO:root:2021-07-21-11--14--17 anomallyFrameTracker resetted to 200
INFO:root:2021-07-21-11--14--17 Colour Conversion Completed
INFO:root:2021-07-21-11--14--17 Sleep Check Completed
INFO:root:2021-07-21-11--14--17 Frame manipulations completed
INFO:root:2021-07-21-11--14--17 Bounding Box Drawn
INFO:root:2021-07-21-11--14--17 MovingFrameQueue Popped
INFO:root:2021-07-21-11--14--17 anomallyFrameTracker resetted to 200
INFO:root:2021-07-21-11--14--17 Colour Conversion Completed
INFO:root:2021-07-21-11--14--17 Sleep Check Completed
INFO:root:2021-07-21-11--14--17 Frame manipulations completed
INFO:root:2021-07-21-11--14--17 Bounding Box Drawn
INFO:root:2021-07-21-11--14--17 MovingFrameQueue Appended
INFO:root:2021-07-21-11--14--17 anomallyFrameTracker resetted to 200
INFO:root:2021-07-21-11--14--17 Colour Conversion Completed
INFO:root:2021-07-21-11--14--17 Sleep Check Completed
INFO:root:2021-07-21-11--14--17 Frame manipulations completed
INFO:root:2021-07-21-11--14--17 Bounding Box Drawn
INFO:root:2021-07-21-11--14--18 MovingFrameQueue Popped
INFO:root:2021-07-21-11--14--18 anomallyFrameTracker resetted to 200
INFO:root:2021-07-21-11--14--18 Colour Conversion Completed
INFO:root:2021-07-21-11--14--18 Sleep Check Completed
INFO:root:2021-07-21-11--14--18 Frame manipulations completed
INFO:root:2021-07-21-11--14--18 Bounding Box Drawn
INFO:root:2021-07-21-11--14--18 MovingFrameQueue Appended
INFO:root:2021-07-21-11--14--18 anomallyFrameTracker resetted to 200
INFO:root:2021-07-21-11--14--18 Colour Conversion Completed
INFO:root:2021-07-21-11--14--18 Sleep Check Completed
INFO:root:2021-07-21-11--14--18 Frame manipulations completed
INFO:root:2021-07-21-11--14--18 Bounding Box Drawn
INFO:root:2021-07-21-11--14--18 MovingFrameQueue Popped
INFO:root:2021-07-21-11--14--18 anomallyFrameTracker resetted to 200
INFO:root:2021-07-21-11--14--18 Colour Conversion Completed
INFO:root:2021-07-21-11--14--18 Sleep Check Completed
INFO:root:2021-07-21-11--14--18 Frame manipulations completed
INFO:root:2021-07-21-11--14--18 Bounding Box Drawn
INFO:root:2021-07-21-11--14--18 MovingFrameQueue Appended
INFO:root:2021-07-21-11--14--18 anomallyFrameTracker resetted to 200
INFO:root:2021-07-21-11--14--18 Colour Conversion Completed
INFO:root:2021-07-21-11--14--18 Sleep Check Completed
INFO:root:2021-07-21-11--14--18 Frame manipulations completed
INFO:root:2021-07-21-11--14--18 Bounding Box Drawn
INFO:root:2021-07-21-11--14--19 MovingFrameQueue Popped
INFO:root:2021-07-21-11--14--19 anomallyFrameTracker resetted to 200
INFO:root:2021-07-21-11--14--19 Colour Conversion Completed
INFO:root:2021-07-21-11--14--19 Sleep Check Completed
INFO:root:2021-07-21-11--14--19 Frame manipulations completed
INFO:root:2021-07-21-11--14--19 Bounding Box Drawn
INFO:root:2021-07-21-11--14--19 MovingFrameQueue Appended
INFO:root:2021-07-21-11--14--19 anomallyFrameTracker resetted to 200
INFO:root:2021-07-21-11--14--19 Colour Conversion Completed
INFO:root:2021-07-21-11--14--19 Sleep Check Completed
INFO:root:2021-07-21-11--14--19 Frame manipulations completed
INFO:root:2021-07-21-11--14--19 Bounding Box Drawn
INFO:root:2021-07-21-11--14--19 MovingFrameQueue Popped
INFO:root:2021-07-21-11--14--19 anomallyFrameTracker resetted to 200
INFO:root:2021-07-21-11--14--19 Colour Conversion Completed
INFO:root:2021-07-21-11--14--19 Sleep Check Completed
INFO:root:2021-07-21-11--14--19 Frame manipulations completed
INFO:root:2021-07-21-11--14--19 Bounding Box Drawn
INFO:root:2021-07-21-11--14--19 MovingFrameQueue Appended
INFO:root:2021-07-21-11--14--19 anomallyFrameTracker resetted to 200
INFO:root:2021-07-21-11--14--19 Colour Conversion Completed
INFO:root:2021-07-21-11--14--19 Sleep Check Completed
INFO:root:2021-07-21-11--14--19 Frame manipulations completed
INFO:root:2021-07-21-11--14--19 Bounding Box Drawn
INFO:root:2021-07-21-11--14--20 MovingFrameQueue Popped
INFO:root:2021-07-21-11--14--20 anomallyFrameTracker resetted to 200
INFO:root:2021-07-21-11--14--20 Getting Auth Token Success
INFO:root:2021-07-21-11--14--21 Anomalous Detection Video Upload Completed
INFO:root:2021-07-21-11--14--21 Colour Conversion Completed
INFO:root:2021-07-21-11--14--21 Sleep Check Completed
INFO:root:2021-07-21-11--14--21 Frame manipulations completed
INFO:root:2021-07-21-11--14--21 Bounding Box Drawn
INFO:root:2021-07-21-11--14--21 MovingFrameQueue Appended
INFO:root:2021-07-21-11--14--21 anomallyFrameTracker resetted to 200
INFO:root:2021-07-21-11--14--21 Colour Conversion Completed
INFO:root:2021-07-21-11--14--21 Sleep Check Completed
INFO:root:2021-07-21-11--14--21 Frame manipulations completed
INFO:root:2021-07-21-11--14--21 Bounding Box Drawn
INFO:root:2021-07-21-11--14--21 MovingFrameQueue Popped
INFO:root:2021-07-21-11--14--21 anomallyFrameTracker resetted to 200
INFO:root:2021-07-21-11--14--21 Colour Conversion Completed
INFO:root:2021-07-21-11--14--21 Sleep Check Completed
INFO:root:2021-07-21-11--14--21 Frame manipulations completed
INFO:root:2021-07-21-11--14--21 Bounding Box Drawn
INFO:root:2021-07-21-11--14--21 MovingFrameQueue Appended
INFO:root:2021-07-21-11--14--21 anomallyFrameTracker resetted to 200
INFO:root:2021-07-21-11--14--21 Colour Conversion Completed
INFO:root:2021-07-21-11--14--21 Sleep Check Completed
INFO:root:2021-07-21-11--14--21 Frame manipulations completed
INFO:root:2021-07-21-11--14--21 Bounding Box Drawn
INFO:root:2021-07-21-11--14--21 MovingFrameQueue Popped
INFO:root:2021-07-21-11--14--21 anomallyFrameTracker resetted to 200
INFO:root:2021-07-21-11--14--21 Colour Conversion Completed
INFO:root:2021-07-21-11--14--21 Sleep Check Completed
INFO:root:2021-07-21-11--14--21 Frame manipulations completed
INFO:root:2021-07-21-11--14--21 Bounding Box Drawn
INFO:root:2021-07-21-11--14--22 MovingFrameQueue Appended
INFO:root:2021-07-21-11--14--22 anomallyFrameTracker resetted to 200
INFO:root:2021-07-21-11--14--22 Colour Conversion Completed
INFO:root:2021-07-21-11--14--22 Sleep Check Completed
INFO:root:2021-07-21-11--14--22 Frame manipulations completed
INFO:root:2021-07-21-11--14--22 Bounding Box Drawn
INFO:root:2021-07-21-11--14--22 MovingFrameQueue Popped
INFO:root:2021-07-21-11--14--22 anomallyFrameTracker resetted to 200
INFO:root:2021-07-21-11--14--22 Colour Conversion Completed
INFO:root:2021-07-21-11--14--22 Sleep Check Completed
INFO:root:2021-07-21-11--14--22 Frame manipulations completed
INFO:root:2021-07-21-11--14--22 Bounding Box Drawn
INFO:root:2021-07-21-11--14--22 MovingFrameQueue Appended
INFO:root:2021-07-21-11--14--22 anomallyFrameTracker resetted to 200
INFO:root:2021-07-21-11--14--22 Colour Conversion Completed
INFO:root:2021-07-21-11--14--22 Sleep Check Completed
INFO:root:2021-07-21-11--14--22 Frame manipulations completed
INFO:root:2021-07-21-11--14--22 Bounding Box Drawn
INFO:root:2021-07-21-11--14--22 MovingFrameQueue Popped
INFO:root:2021-07-21-11--14--22 anomallyFrameTracker resetted to 200
INFO:root:2021-07-21-11--14--22 Colour Conversion Completed
INFO:root:2021-07-21-11--14--22 Sleep Check Completed
INFO:root:2021-07-21-11--14--22 Frame manipulations completed
INFO:root:2021-07-21-11--14--22 Bounding Box Drawn
INFO:root:2021-07-21-11--14--23 MovingFrameQueue Appended
INFO:root:2021-07-21-11--14--23 anomallyFrameTracker resetted to 200
INFO:root:2021-07-21-11--14--23 Colour Conversion Completed
INFO:root:2021-07-21-11--14--23 Sleep Check Completed
INFO:root:2021-07-21-11--14--23 Frame manipulations completed
INFO:root:2021-07-21-11--14--23 Bounding Box Drawn
INFO:root:2021-07-21-11--14--23[INFO] elapsed time: 35.38
INFO:root:2021-07-21-11--14--23[INFO] approx. FPS: 3.82
INFO:root:2021-07-21-11--14--23 Getting Auth Token Success
INFO:root:2021-07-21-11--14--23 BedTime Upload Completed
