INFO:root:2021-08-02-12--01--59 Parameter Generation Success
INFO:root:2021-08-02-12--02--07 Colour Conversion Completed
INFO:root:2021-08-02-12--02--07 Sleep Check Completed
INFO:root:2021-08-02-12--02--07 Frame manipulations completed
INFO:root:2021-08-02-12--02--07 Bounding Box Drawn
INFO:root:2021-08-02-12--02--12 MovingFrameQueue Appended
INFO:root:2021-08-02-12--02--12 Colour Conversion Completed
INFO:root:2021-08-02-12--02--12 Sleep Check Completed
INFO:root:2021-08-02-12--02--12 Frame manipulations completed
INFO:root:2021-08-02-12--02--12 Bounding Box Drawn
INFO:root:2021-08-02-12--02--12 MovingFrameQueue Appended
INFO:root:2021-08-02-12--02--12 Colour Conversion Completed
INFO:root:2021-08-02-12--02--12 Sleep Check Completed
INFO:root:2021-08-02-12--02--12 Frame manipulations completed
INFO:root:2021-08-02-12--02--12 Bounding Box Drawn
INFO:root:2021-08-02-12--02--12 MovingFrameQueue Appended
INFO:root:2021-08-02-12--02--12 Colour Conversion Completed
INFO:root:2021-08-02-12--02--12 Sleep Check Completed
INFO:root:2021-08-02-12--02--12 Frame manipulations completed
INFO:root:2021-08-02-12--02--12 Bounding Box Drawn
INFO:root:2021-08-02-12--02--12 MovingFrameQueue Appended
INFO:root:2021-08-02-12--02--12 Colour Conversion Completed
INFO:root:2021-08-02-12--02--12 Sleep Check Completed
INFO:root:2021-08-02-12--02--12 Frame manipulations completed
INFO:root:2021-08-02-12--02--12 Bounding Box Drawn
INFO:root:2021-08-02-12--02--12 MovingFrameQueue Appended
INFO:root:2021-08-02-12--02--12 Colour Conversion Completed
INFO:root:2021-08-02-12--02--12 Sleep Check Completed
INFO:root:2021-08-02-12--02--12 Frame manipulations completed
INFO:root:2021-08-02-12--02--12 Bounding Box Drawn
INFO:root:2021-08-02-12--02--12 MovingFrameQueue Appended
INFO:root:2021-08-02-12--02--12 Colour Conversion Completed
INFO:root:2021-08-02-12--02--12 Sleep Check Completed
INFO:root:2021-08-02-12--02--12 Frame manipulations completed
INFO:root:2021-08-02-12--02--12 Bounding Box Drawn
INFO:root:2021-08-02-12--02--12 MovingFrameQueue Appended
INFO:root:2021-08-02-12--02--13 Colour Conversion Completed
INFO:root:2021-08-02-12--02--13 Sleep Check Completed
INFO:root:2021-08-02-12--02--13 Frame manipulations completed
INFO:root:2021-08-02-12--02--13 Bounding Box Drawn
INFO:root:2021-08-02-12--02--13 MovingFrameQueue Appended
INFO:root:2021-08-02-12--02--13 Colour Conversion Completed
INFO:root:2021-08-02-12--02--13 Sleep Check Completed
INFO:root:2021-08-02-12--02--13 Frame manipulations completed
INFO:root:2021-08-02-12--02--13 Bounding Box Drawn
INFO:root:2021-08-02-12--02--13 MovingFrameQueue Appended
INFO:root:2021-08-02-12--02--13 Colour Conversion Completed
INFO:root:2021-08-02-12--02--13 Sleep Check Completed
INFO:root:2021-08-02-12--02--13 Frame manipulations completed
INFO:root:2021-08-02-12--02--13 Bounding Box Drawn
INFO:root:2021-08-02-12--02--13 MovingFrameQueue Appended
INFO:root:2021-08-02-12--02--13 Colour Conversion Completed
INFO:root:2021-08-02-12--02--13 Sleep Check Completed
INFO:root:2021-08-02-12--02--13 Frame manipulations completed
INFO:root:2021-08-02-12--02--13 Bounding Box Drawn
INFO:root:2021-08-02-12--02--13 MovingFrameQueue Appended
INFO:root:2021-08-02-12--02--13 Colour Conversion Completed
INFO:root:2021-08-02-12--02--13 Sleep Check Completed
INFO:root:2021-08-02-12--02--13 Frame manipulations completed
INFO:root:2021-08-02-12--02--13 Bounding Box Drawn
INFO:root:2021-08-02-12--02--14 MovingFrameQueue Appended
INFO:root:2021-08-02-12--02--14 Colour Conversion Completed
INFO:root:2021-08-02-12--02--14 Sleep Check Completed
INFO:root:2021-08-02-12--02--14 Frame manipulations completed
INFO:root:2021-08-02-12--02--14 Bounding Box Drawn
INFO:root:2021-08-02-12--02--14 MovingFrameQueue Appended
INFO:root:2021-08-02-12--02--14 Colour Conversion Completed
INFO:root:2021-08-02-12--02--14 Sleep Check Completed
INFO:root:2021-08-02-12--02--14 Frame manipulations completed
INFO:root:2021-08-02-12--02--14 Bounding Box Drawn
INFO:root:2021-08-02-12--02--14 MovingFrameQueue Appended
INFO:root:2021-08-02-12--02--14 Colour Conversion Completed
INFO:root:2021-08-02-12--02--14 Sleep Check Completed
INFO:root:2021-08-02-12--02--14 Frame manipulations completed
INFO:root:2021-08-02-12--02--14 Bounding Box Drawn
INFO:root:2021-08-02-12--02--14 MovingFrameQueue Appended
INFO:root:2021-08-02-12--02--14 Colour Conversion Completed
INFO:root:2021-08-02-12--02--14 Sleep Check Completed
INFO:root:2021-08-02-12--02--14 Frame manipulations completed
INFO:root:2021-08-02-12--02--14 Bounding Box Drawn
INFO:root:2021-08-02-12--02--14 MovingFrameQueue Appended
INFO:root:2021-08-02-12--02--14 Colour Conversion Completed
INFO:root:2021-08-02-12--02--14 Sleep Check Completed
INFO:root:2021-08-02-12--02--14 Frame manipulations completed
INFO:root:2021-08-02-12--02--14 Bounding Box Drawn
INFO:root:2021-08-02-12--02--14 MovingFrameQueue Appended
INFO:root:2021-08-02-12--02--14 Colour Conversion Completed
INFO:root:2021-08-02-12--02--15 Sleep Check Completed
INFO:root:2021-08-02-12--02--15 Frame manipulations completed
INFO:root:2021-08-02-12--02--15 Bounding Box Drawn
INFO:root:2021-08-02-12--02--15 MovingFrameQueue Appended
INFO:root:2021-08-02-12--02--15 Colour Conversion Completed
INFO:root:2021-08-02-12--02--15 Sleep Check Completed
INFO:root:2021-08-02-12--02--15 Frame manipulations completed
INFO:root:2021-08-02-12--02--15 Bounding Box Drawn
INFO:root:2021-08-02-12--02--15 MovingFrameQueue Appended
INFO:root:2021-08-02-12--02--15 Colour Conversion Completed
INFO:root:2021-08-02-12--02--15 Sleep Check Completed
INFO:root:2021-08-02-12--02--15 Frame manipulations completed
INFO:root:2021-08-02-12--02--15 Bounding Box Drawn
INFO:root:2021-08-02-12--02--15 MovingFrameQueue Appended
INFO:root:2021-08-02-12--02--15 Colour Conversion Completed
INFO:root:2021-08-02-12--02--15 Sleep Check Completed
INFO:root:2021-08-02-12--02--15 Frame manipulations completed
INFO:root:2021-08-02-12--02--15 Bounding Box Drawn
INFO:root:2021-08-02-12--02--15 MovingFrameQueue Appended
INFO:root:2021-08-02-12--02--15 Colour Conversion Completed
INFO:root:2021-08-02-12--02--15 Sleep Check Completed
INFO:root:2021-08-02-12--02--15 Frame manipulations completed
INFO:root:2021-08-02-12--02--15 Bounding Box Drawn
INFO:root:2021-08-02-12--02--16 MovingFrameQueue Appended
INFO:root:2021-08-02-12--02--16 Colour Conversion Completed
INFO:root:2021-08-02-12--02--16 Sleep Check Completed
INFO:root:2021-08-02-12--02--16 Frame manipulations completed
INFO:root:2021-08-02-12--02--16 Bounding Box Drawn
INFO:root:2021-08-02-12--02--16 MovingFrameQueue Appended
INFO:root:2021-08-02-12--02--16 Anomally Detected, starting call for more frames
INFO:root:2021-08-02-12--02--16 anomallyFrameTracker resetted to 50
INFO:root:2021-08-02-12--02--16 Colour Conversion Completed
INFO:root:2021-08-02-12--02--16 Sleep Check Completed
INFO:root:2021-08-02-12--02--16 Frame manipulations completed
INFO:root:2021-08-02-12--02--16 Bounding Box Drawn
INFO:root:2021-08-02-12--02--16 MovingFrameQueue Appended
INFO:root:2021-08-02-12--02--16 Anomally Detected, starting call for more frames
INFO:root:2021-08-02-12--02--16 Colour Conversion Completed
INFO:root:2021-08-02-12--02--16 Sleep Check Completed
INFO:root:2021-08-02-12--02--16 Frame manipulations completed
INFO:root:2021-08-02-12--02--16 Bounding Box Drawn
INFO:root:2021-08-02-12--02--16 MovingFrameQueue Appended
INFO:root:2021-08-02-12--02--16 Anomally Detected, starting call for more frames
INFO:root:2021-08-02-12--02--16 Colour Conversion Completed
INFO:root:2021-08-02-12--02--16 Sleep Check Completed
INFO:root:2021-08-02-12--02--16 Frame manipulations completed
INFO:root:2021-08-02-12--02--16 Bounding Box Drawn
INFO:root:2021-08-02-12--02--16 MovingFrameQueue Appended
INFO:root:2021-08-02-12--02--16 Anomally Detected, starting call for more frames
INFO:root:2021-08-02-12--02--16 Colour Conversion Completed
INFO:root:2021-08-02-12--02--16 Sleep Check Completed
INFO:root:2021-08-02-12--02--16 Frame manipulations completed
INFO:root:2021-08-02-12--02--16 Bounding Box Drawn
INFO:root:2021-08-02-12--02--16 MovingFrameQueue Appended
INFO:root:2021-08-02-12--02--16 Anomally Detected, starting call for more frames
INFO:root:2021-08-02-12--02--16 Colour Conversion Completed
INFO:root:2021-08-02-12--02--16 Sleep Check Completed
INFO:root:2021-08-02-12--02--16 Frame manipulations completed
INFO:root:2021-08-02-12--02--16 Bounding Box Drawn
INFO:root:2021-08-02-12--02--17 MovingFrameQueue Appended
INFO:root:2021-08-02-12--02--17 Anomally Detected, starting call for more frames
INFO:root:2021-08-02-12--02--17 Colour Conversion Completed
INFO:root:2021-08-02-12--02--17 Sleep Check Completed
INFO:root:2021-08-02-12--02--17 Frame manipulations completed
INFO:root:2021-08-02-12--02--17 Bounding Box Drawn
INFO:root:2021-08-02-12--02--17 MovingFrameQueue Appended
INFO:root:2021-08-02-12--02--17 Anomally Detected, starting call for more frames
INFO:root:2021-08-02-12--02--17 Colour Conversion Completed
INFO:root:2021-08-02-12--02--17 Sleep Check Completed
INFO:root:2021-08-02-12--02--17 Frame manipulations completed
INFO:root:2021-08-02-12--02--17 Bounding Box Drawn
INFO:root:2021-08-02-12--02--17 MovingFrameQueue Appended
INFO:root:2021-08-02-12--02--17 Anomally Detected, starting call for more frames
INFO:root:2021-08-02-12--02--17 Colour Conversion Completed
INFO:root:2021-08-02-12--02--17 Sleep Check Completed
INFO:root:2021-08-02-12--02--17 Frame manipulations completed
INFO:root:2021-08-02-12--02--17 Bounding Box Drawn
INFO:root:2021-08-02-12--02--17 MovingFrameQueue Appended
INFO:root:2021-08-02-12--02--17 Anomally Detected, starting call for more frames
INFO:root:2021-08-02-12--02--17 Colour Conversion Completed
INFO:root:2021-08-02-12--02--17 Sleep Check Completed
INFO:root:2021-08-02-12--02--17 Frame manipulations completed
INFO:root:2021-08-02-12--02--17 Bounding Box Drawn
INFO:root:2021-08-02-12--02--17 MovingFrameQueue Appended
INFO:root:2021-08-02-12--02--17 Anomally Detected, starting call for more frames
INFO:root:2021-08-02-12--02--17 Colour Conversion Completed
INFO:root:2021-08-02-12--02--17 Sleep Check Completed
INFO:root:2021-08-02-12--02--17 Frame manipulations completed
INFO:root:2021-08-02-12--02--17 Bounding Box Drawn
INFO:root:2021-08-02-12--02--17 MovingFrameQueue Appended
INFO:root:2021-08-02-12--02--17 Anomally Detected, starting call for more frames
INFO:root:2021-08-02-12--02--17 Colour Conversion Completed
INFO:root:2021-08-02-12--02--17 Sleep Check Completed
INFO:root:2021-08-02-12--02--17 Frame manipulations completed
INFO:root:2021-08-02-12--02--17 Bounding Box Drawn
INFO:root:2021-08-02-12--02--18 MovingFrameQueue Appended
INFO:root:2021-08-02-12--02--18 Anomally Detected, starting call for more frames
INFO:root:2021-08-02-12--02--18 Colour Conversion Completed
INFO:root:2021-08-02-12--02--18 Sleep Check Completed
INFO:root:2021-08-02-12--02--18 Frame manipulations completed
INFO:root:2021-08-02-12--02--18 Bounding Box Drawn
INFO:root:2021-08-02-12--02--18 MovingFrameQueue Appended
INFO:root:2021-08-02-12--02--18 Anomally Detected, starting call for more frames
INFO:root:2021-08-02-12--02--18 Colour Conversion Completed
INFO:root:2021-08-02-12--02--18 Sleep Check Completed
INFO:root:2021-08-02-12--02--18 Frame manipulations completed
INFO:root:2021-08-02-12--02--18 Bounding Box Drawn
INFO:root:2021-08-02-12--02--18 MovingFrameQueue Appended
INFO:root:2021-08-02-12--02--18 Anomally Detected, starting call for more frames
INFO:root:2021-08-02-12--02--18 Colour Conversion Completed
INFO:root:2021-08-02-12--02--18 Sleep Check Completed
INFO:root:2021-08-02-12--02--18 Frame manipulations completed
INFO:root:2021-08-02-12--02--18 Bounding Box Drawn
INFO:root:2021-08-02-12--02--18 MovingFrameQueue Appended
INFO:root:2021-08-02-12--02--18 Anomally Detected, starting call for more frames
INFO:root:2021-08-02-12--02--18 Colour Conversion Completed
INFO:root:2021-08-02-12--02--18 Sleep Check Completed
INFO:root:2021-08-02-12--02--18 Frame manipulations completed
INFO:root:2021-08-02-12--02--18 Bounding Box Drawn
INFO:root:2021-08-02-12--02--18 MovingFrameQueue Appended
INFO:root:2021-08-02-12--02--18 Anomally Detected, starting call for more frames
INFO:root:2021-08-02-12--02--18 Colour Conversion Completed
INFO:root:2021-08-02-12--02--18 Sleep Check Completed
INFO:root:2021-08-02-12--02--18 Frame manipulations completed
INFO:root:2021-08-02-12--02--18 Bounding Box Drawn
INFO:root:2021-08-02-12--02--18 MovingFrameQueue Appended
INFO:root:2021-08-02-12--02--18 Anomally Detected, starting call for more frames
INFO:root:2021-08-02-12--02--18 Colour Conversion Completed
INFO:root:2021-08-02-12--02--18 Sleep Check Completed
INFO:root:2021-08-02-12--02--18 Frame manipulations completed
INFO:root:2021-08-02-12--02--18 Bounding Box Drawn
INFO:root:2021-08-02-12--02--19 MovingFrameQueue Appended
INFO:root:2021-08-02-12--02--19 Anomally Detected, starting call for more frames
INFO:root:2021-08-02-12--02--19 Colour Conversion Completed
INFO:root:2021-08-02-12--02--19 Sleep Check Completed
INFO:root:2021-08-02-12--02--19 Frame manipulations completed
INFO:root:2021-08-02-12--02--19 Bounding Box Drawn
INFO:root:2021-08-02-12--02--19 MovingFrameQueue Appended
INFO:root:2021-08-02-12--02--19 Anomally Detected, starting call for more frames
INFO:root:2021-08-02-12--02--19 Colour Conversion Completed
INFO:root:2021-08-02-12--02--19 Sleep Check Completed
INFO:root:2021-08-02-12--02--19 Frame manipulations completed
INFO:root:2021-08-02-12--02--19 Bounding Box Drawn
INFO:root:2021-08-02-12--02--19 MovingFrameQueue Appended
INFO:root:2021-08-02-12--02--19 Anomally Detected, starting call for more frames
INFO:root:2021-08-02-12--02--19 Colour Conversion Completed
INFO:root:2021-08-02-12--02--19 Sleep Check Completed
INFO:root:2021-08-02-12--02--19 Frame manipulations completed
INFO:root:2021-08-02-12--02--19 Bounding Box Drawn
INFO:root:2021-08-02-12--02--19 MovingFrameQueue Appended
INFO:root:2021-08-02-12--02--19 Anomally Detected, starting call for more frames
INFO:root:2021-08-02-12--02--19 Colour Conversion Completed
INFO:root:2021-08-02-12--02--19 Sleep Check Completed
INFO:root:2021-08-02-12--02--19 Frame manipulations completed
INFO:root:2021-08-02-12--02--19 Bounding Box Drawn
INFO:root:2021-08-02-12--02--19 MovingFrameQueue Appended
INFO:root:2021-08-02-12--02--19 Anomally Detected, starting call for more frames
INFO:root:2021-08-02-12--02--19 Colour Conversion Completed
INFO:root:2021-08-02-12--02--19 Sleep Check Completed
INFO:root:2021-08-02-12--02--19 Frame manipulations completed
INFO:root:2021-08-02-12--02--19 Bounding Box Drawn
INFO:root:2021-08-02-12--02--20 MovingFrameQueue Appended
INFO:root:2021-08-02-12--02--20 Anomally Detected, starting call for more frames
INFO:root:2021-08-02-12--02--20 Colour Conversion Completed
INFO:root:2021-08-02-12--02--20 Sleep Check Completed
INFO:root:2021-08-02-12--02--20 Frame manipulations completed
INFO:root:2021-08-02-12--02--20 Bounding Box Drawn
INFO:root:2021-08-02-12--02--20 MovingFrameQueue Appended
INFO:root:2021-08-02-12--02--20 Anomally Detected, starting call for more frames
INFO:root:2021-08-02-12--02--20 Colour Conversion Completed
INFO:root:2021-08-02-12--02--20 Sleep Check Completed
INFO:root:2021-08-02-12--02--20 Frame manipulations completed
INFO:root:2021-08-02-12--02--20 Bounding Box Drawn
INFO:root:2021-08-02-12--02--20 MovingFrameQueue Appended
INFO:root:2021-08-02-12--02--20 Colour Conversion Completed
INFO:root:2021-08-02-12--02--20 Sleep Check Completed
INFO:root:2021-08-02-12--02--20 Frame manipulations completed
INFO:root:2021-08-02-12--02--20 Bounding Box Drawn
INFO:root:2021-08-02-12--02--20 MovingFrameQueue Appended
INFO:root:2021-08-02-12--02--20 Colour Conversion Completed
INFO:root:2021-08-02-12--02--20 Sleep Check Completed
INFO:root:2021-08-02-12--02--20 Frame manipulations completed
INFO:root:2021-08-02-12--02--20 Bounding Box Drawn
INFO:root:2021-08-02-12--02--20 MovingFrameQueue Appended
INFO:root:2021-08-02-12--02--20 Colour Conversion Completed
INFO:root:2021-08-02-12--02--20 Sleep Check Completed
INFO:root:2021-08-02-12--02--20 Frame manipulations completed
INFO:root:2021-08-02-12--02--20 Bounding Box Drawn
INFO:root:2021-08-02-12--02--20 MovingFrameQueue Appended
INFO:root:2021-08-02-12--02--20 Colour Conversion Completed
INFO:root:2021-08-02-12--02--20 Sleep Check Completed
INFO:root:2021-08-02-12--02--20 Frame manipulations completed
INFO:root:2021-08-02-12--02--20 Bounding Box Drawn
INFO:root:2021-08-02-12--02--21 MovingFrameQueue Appended
INFO:root:2021-08-02-12--02--21 Colour Conversion Completed
INFO:root:2021-08-02-12--02--21 Sleep Check Completed
INFO:root:2021-08-02-12--02--21 Frame manipulations completed
INFO:root:2021-08-02-12--02--21 Bounding Box Drawn
INFO:root:2021-08-02-12--02--21 MovingFrameQueue Popped
INFO:root:2021-08-02-12--02--21 Colour Conversion Completed
INFO:root:2021-08-02-12--02--21 Sleep Check Completed
INFO:root:2021-08-02-12--02--21 Frame manipulations completed
INFO:root:2021-08-02-12--02--21 Bounding Box Drawn
INFO:root:2021-08-02-12--02--21 MovingFrameQueue Appended
INFO:root:2021-08-02-12--02--21 Colour Conversion Completed
INFO:root:2021-08-02-12--02--21 Sleep Check Completed
INFO:root:2021-08-02-12--02--21 Frame manipulations completed
INFO:root:2021-08-02-12--02--21 Bounding Box Drawn
INFO:root:2021-08-02-12--02--21 MovingFrameQueue Popped
INFO:root:2021-08-02-12--02--21 Colour Conversion Completed
INFO:root:2021-08-02-12--02--21 Sleep Check Completed
INFO:root:2021-08-02-12--02--21 Frame manipulations completed
INFO:root:2021-08-02-12--02--21 Bounding Box Drawn
INFO:root:2021-08-02-12--02--21 MovingFrameQueue Appended
INFO:root:2021-08-02-12--02--21 Colour Conversion Completed
INFO:root:2021-08-02-12--02--21 Sleep Check Completed
INFO:root:2021-08-02-12--02--21 Frame manipulations completed
INFO:root:2021-08-02-12--02--21 Bounding Box Drawn
INFO:root:2021-08-02-12--02--22 MovingFrameQueue Popped
INFO:root:2021-08-02-12--02--22 Colour Conversion Completed
INFO:root:2021-08-02-12--02--22 Sleep Check Completed
INFO:root:2021-08-02-12--02--22 Frame manipulations completed
INFO:root:2021-08-02-12--02--22 Bounding Box Drawn
INFO:root:2021-08-02-12--02--22 MovingFrameQueue Appended
INFO:root:2021-08-02-12--02--22 Colour Conversion Completed
INFO:root:2021-08-02-12--02--22 Sleep Check Completed
INFO:root:2021-08-02-12--02--22 Frame manipulations completed
INFO:root:2021-08-02-12--02--22 Bounding Box Drawn
INFO:root:2021-08-02-12--02--22 MovingFrameQueue Popped
INFO:root:2021-08-02-12--02--22 Colour Conversion Completed
INFO:root:2021-08-02-12--02--22 Sleep Check Completed
INFO:root:2021-08-02-12--02--22 Frame manipulations completed
INFO:root:2021-08-02-12--02--22 Bounding Box Drawn
INFO:root:2021-08-02-12--02--22 MovingFrameQueue Appended
INFO:root:2021-08-02-12--02--22 Colour Conversion Completed
INFO:root:2021-08-02-12--02--22 Sleep Check Completed
INFO:root:2021-08-02-12--02--22 Frame manipulations completed
INFO:root:2021-08-02-12--02--22 Bounding Box Drawn
INFO:root:2021-08-02-12--02--22 MovingFrameQueue Popped
INFO:root:2021-08-02-12--02--22 Colour Conversion Completed
INFO:root:2021-08-02-12--02--22 Sleep Check Completed
INFO:root:2021-08-02-12--02--22 Frame manipulations completed
INFO:root:2021-08-02-12--02--22 Bounding Box Drawn
INFO:root:2021-08-02-12--02--22 MovingFrameQueue Appended
INFO:root:2021-08-02-12--02--22 Colour Conversion Completed
INFO:root:2021-08-02-12--02--22 Sleep Check Completed
INFO:root:2021-08-02-12--02--22 Frame manipulations completed
INFO:root:2021-08-02-12--02--22 Bounding Box Drawn
INFO:root:2021-08-02-12--02--23 MovingFrameQueue Popped
INFO:root:2021-08-02-12--02--23 Colour Conversion Completed
INFO:root:2021-08-02-12--02--23 Sleep Check Completed
INFO:root:2021-08-02-12--02--23 Frame manipulations completed
INFO:root:2021-08-02-12--02--23 Bounding Box Drawn
INFO:root:2021-08-02-12--02--23 MovingFrameQueue Appended
INFO:root:2021-08-02-12--02--23 Colour Conversion Completed
INFO:root:2021-08-02-12--02--23 Sleep Check Completed
INFO:root:2021-08-02-12--02--23 Frame manipulations completed
INFO:root:2021-08-02-12--02--23 Bounding Box Drawn
INFO:root:2021-08-02-12--02--23 MovingFrameQueue Popped
INFO:root:2021-08-02-12--02--23 Colour Conversion Completed
INFO:root:2021-08-02-12--02--23 Sleep Check Completed
INFO:root:2021-08-02-12--02--23 Frame manipulations completed
INFO:root:2021-08-02-12--02--23 Bounding Box Drawn
INFO:root:2021-08-02-12--02--23 MovingFrameQueue Appended
INFO:root:2021-08-02-12--02--23 Colour Conversion Completed
INFO:root:2021-08-02-12--02--23 Sleep Check Completed
INFO:root:2021-08-02-12--02--23 Frame manipulations completed
INFO:root:2021-08-02-12--02--23 Bounding Box Drawn
INFO:root:2021-08-02-12--02--23 MovingFrameQueue Popped
INFO:root:2021-08-02-12--02--23 Colour Conversion Completed
INFO:root:2021-08-02-12--02--23 Sleep Check Completed
INFO:root:2021-08-02-12--02--23 Frame manipulations completed
INFO:root:2021-08-02-12--02--23 Bounding Box Drawn
INFO:root:2021-08-02-12--02--23 MovingFrameQueue Appended
INFO:root:2021-08-02-12--02--23 Colour Conversion Completed
INFO:root:2021-08-02-12--02--24 Sleep Check Completed
INFO:root:2021-08-02-12--02--24 Frame manipulations completed
INFO:root:2021-08-02-12--02--24 Bounding Box Drawn
INFO:root:2021-08-02-12--02--24 MovingFrameQueue Popped
INFO:root:2021-08-02-12--02--24 Colour Conversion Completed
INFO:root:2021-08-02-12--02--24 Sleep Check Completed
INFO:root:2021-08-02-12--02--24 Frame manipulations completed
INFO:root:2021-08-02-12--02--24 Bounding Box Drawn
INFO:root:2021-08-02-12--02--24 MovingFrameQueue Appended
INFO:root:2021-08-02-12--02--24 Colour Conversion Completed
INFO:root:2021-08-02-12--02--24 Sleep Check Completed
INFO:root:2021-08-02-12--02--24 Frame manipulations completed
INFO:root:2021-08-02-12--02--24 Bounding Box Drawn
INFO:root:2021-08-02-12--02--24 MovingFrameQueue Popped
INFO:root:2021-08-02-12--02--24 Colour Conversion Completed
INFO:root:2021-08-02-12--02--24 Sleep Check Completed
INFO:root:2021-08-02-12--02--24 Frame manipulations completed
INFO:root:2021-08-02-12--02--24 Bounding Box Drawn
INFO:root:2021-08-02-12--02--24 MovingFrameQueue Appended
INFO:root:2021-08-02-12--02--24 Colour Conversion Completed
INFO:root:2021-08-02-12--02--24 Sleep Check Completed
INFO:root:2021-08-02-12--02--24 Frame manipulations completed
INFO:root:2021-08-02-12--02--24 Bounding Box Drawn
INFO:root:2021-08-02-12--02--24 MovingFrameQueue Popped
INFO:root:2021-08-02-12--02--24 Anomally Video Output unsuccessful
INFO:root:2021-08-02-12--02--24 Colour Conversion Completed
INFO:root:2021-08-02-12--02--24 Sleep Check Completed
INFO:root:2021-08-02-12--02--24 Frame manipulations completed
INFO:root:2021-08-02-12--02--24 Bounding Box Drawn
INFO:root:2021-08-02-12--02--25 MovingFrameQueue Appended
INFO:root:2021-08-02-12--02--25 Anomally Video Output unsuccessful
INFO:root:2021-08-02-12--02--25 Colour Conversion Completed
INFO:root:2021-08-02-12--02--25 Sleep Check Completed
INFO:root:2021-08-02-12--02--25 Frame manipulations completed
INFO:root:2021-08-02-12--02--25 Bounding Box Drawn
INFO:root:2021-08-02-12--02--25 MovingFrameQueue Popped
INFO:root:2021-08-02-12--02--25 Anomally Video Output unsuccessful
INFO:root:2021-08-02-12--02--25 Colour Conversion Completed
INFO:root:2021-08-02-12--02--25 Sleep Check Completed
INFO:root:2021-08-02-12--02--25 Frame manipulations completed
INFO:root:2021-08-02-12--02--25 Bounding Box Drawn
INFO:root:2021-08-02-12--02--25 MovingFrameQueue Appended
INFO:root:2021-08-02-12--02--25 Anomally Video Output unsuccessful
INFO:root:2021-08-02-12--02--25 Colour Conversion Completed
INFO:root:2021-08-02-12--02--25 Sleep Check Completed
INFO:root:2021-08-02-12--02--25 Frame manipulations completed
INFO:root:2021-08-02-12--02--25 Bounding Box Drawn
INFO:root:2021-08-02-12--02--25 MovingFrameQueue Popped
INFO:root:2021-08-02-12--02--25 Anomally Video Output unsuccessful
INFO:root:2021-08-02-12--02--25 Colour Conversion Completed
INFO:root:2021-08-02-12--02--25 Sleep Check Completed
INFO:root:2021-08-02-12--02--25 Frame manipulations completed
INFO:root:2021-08-02-12--02--25 Bounding Box Drawn
INFO:root:2021-08-02-12--02--25 MovingFrameQueue Appended
INFO:root:2021-08-02-12--02--25 Anomally Video Output unsuccessful
INFO:root:2021-08-02-12--02--25 Colour Conversion Completed
INFO:root:2021-08-02-12--02--25 Sleep Check Completed
INFO:root:2021-08-02-12--02--25 Frame manipulations completed
INFO:root:2021-08-02-12--02--25 Bounding Box Drawn
INFO:root:2021-08-02-12--02--26 MovingFrameQueue Popped
INFO:root:2021-08-02-12--02--26 Anomally Video Output unsuccessful
INFO:root:2021-08-02-12--02--26 Colour Conversion Completed
INFO:root:2021-08-02-12--02--26 Sleep Check Completed
INFO:root:2021-08-02-12--02--26 Frame manipulations completed
INFO:root:2021-08-02-12--02--26 Bounding Box Drawn
INFO:root:2021-08-02-12--02--26 MovingFrameQueue Appended
INFO:root:2021-08-02-12--02--26 Anomally Video Output unsuccessful
INFO:root:2021-08-02-12--02--26 Colour Conversion Completed
INFO:root:2021-08-02-12--02--26 Sleep Check Completed
INFO:root:2021-08-02-12--02--26 Frame manipulations completed
INFO:root:2021-08-02-12--02--26 Bounding Box Drawn
INFO:root:2021-08-02-12--02--26 MovingFrameQueue Popped
INFO:root:2021-08-02-12--02--26 Anomally Video Output unsuccessful
INFO:root:2021-08-02-12--02--26 Colour Conversion Completed
INFO:root:2021-08-02-12--02--26 Sleep Check Completed
INFO:root:2021-08-02-12--02--26 Frame manipulations completed
INFO:root:2021-08-02-12--02--26 Bounding Box Drawn
INFO:root:2021-08-02-12--02--26 MovingFrameQueue Appended
INFO:root:2021-08-02-12--02--26 Anomally Video Output unsuccessful
INFO:root:2021-08-02-12--02--26 Colour Conversion Completed
INFO:root:2021-08-02-12--02--26 Sleep Check Completed
INFO:root:2021-08-02-12--02--26 Frame manipulations completed
INFO:root:2021-08-02-12--02--26 Bounding Box Drawn
INFO:root:2021-08-02-12--02--26 MovingFrameQueue Popped
INFO:root:2021-08-02-12--02--26 Anomally Video Output unsuccessful
INFO:root:2021-08-02-12--02--26 Colour Conversion Completed
INFO:root:2021-08-02-12--02--27 Sleep Check Completed
INFO:root:2021-08-02-12--02--27 Frame manipulations completed
INFO:root:2021-08-02-12--02--27 Bounding Box Drawn
INFO:root:2021-08-02-12--02--27 MovingFrameQueue Appended
INFO:root:2021-08-02-12--02--27 Anomally Video Output unsuccessful
INFO:root:2021-08-02-12--02--27 Colour Conversion Completed
INFO:root:2021-08-02-12--02--27 Sleep Check Completed
INFO:root:2021-08-02-12--02--27 Frame manipulations completed
INFO:root:2021-08-02-12--02--27 Bounding Box Drawn
INFO:root:2021-08-02-12--02--27 MovingFrameQueue Popped
INFO:root:2021-08-02-12--02--27 Anomally Video Output unsuccessful
INFO:root:2021-08-02-12--02--27 Colour Conversion Completed
INFO:root:2021-08-02-12--02--27 Sleep Check Completed
INFO:root:2021-08-02-12--02--27 Frame manipulations completed
INFO:root:2021-08-02-12--02--27 Bounding Box Drawn
INFO:root:2021-08-02-12--02--27 MovingFrameQueue Appended
INFO:root:2021-08-02-12--02--27 Anomally Video Output unsuccessful
INFO:root:2021-08-02-12--02--27 Colour Conversion Completed
INFO:root:2021-08-02-12--02--27 Sleep Check Completed
INFO:root:2021-08-02-12--02--27 Frame manipulations completed
INFO:root:2021-08-02-12--02--27 Bounding Box Drawn
INFO:root:2021-08-02-12--02--27 MovingFrameQueue Popped
INFO:root:2021-08-02-12--02--27 Anomally Video Output unsuccessful
INFO:root:2021-08-02-12--02--27 Colour Conversion Completed
INFO:root:2021-08-02-12--02--27 Sleep Check Completed
INFO:root:2021-08-02-12--02--27 Frame manipulations completed
INFO:root:2021-08-02-12--02--27 Bounding Box Drawn
INFO:root:2021-08-02-12--02--28 MovingFrameQueue Appended
INFO:root:2021-08-02-12--02--28 Anomally Video Output unsuccessful
INFO:root:2021-08-02-12--02--28 Colour Conversion Completed
INFO:root:2021-08-02-12--02--28 Sleep Check Completed
INFO:root:2021-08-02-12--02--28 Frame manipulations completed
INFO:root:2021-08-02-12--02--28 Bounding Box Drawn
INFO:root:2021-08-02-12--02--28 MovingFrameQueue Popped
INFO:root:2021-08-02-12--02--28 Anomally Video Output unsuccessful
INFO:root:2021-08-02-12--02--28 Colour Conversion Completed
INFO:root:2021-08-02-12--02--28 Sleep Check Completed
INFO:root:2021-08-02-12--02--28 Frame manipulations completed
INFO:root:2021-08-02-12--02--28 Bounding Box Drawn
INFO:root:2021-08-02-12--02--28 MovingFrameQueue Appended
INFO:root:2021-08-02-12--02--28 Anomally Video Output unsuccessful
INFO:root:2021-08-02-12--02--28 Colour Conversion Completed
INFO:root:2021-08-02-12--02--28 Sleep Check Completed
INFO:root:2021-08-02-12--02--28 Frame manipulations completed
INFO:root:2021-08-02-12--02--28 Bounding Box Drawn
INFO:root:2021-08-02-12--02--28 MovingFrameQueue Popped
INFO:root:2021-08-02-12--02--28 Anomally Video Output unsuccessful
INFO:root:2021-08-02-12--02--28 Colour Conversion Completed
INFO:root:2021-08-02-12--02--28 Sleep Check Completed
INFO:root:2021-08-02-12--02--28 Frame manipulations completed
INFO:root:2021-08-02-12--02--28 Bounding Box Drawn
INFO:root:2021-08-02-12--02--28 MovingFrameQueue Appended
INFO:root:2021-08-02-12--02--28 Anomally Video Output unsuccessful
INFO:root:2021-08-02-12--02--28 Colour Conversion Completed
INFO:root:2021-08-02-12--02--28 Sleep Check Completed
INFO:root:2021-08-02-12--02--28 Frame manipulations completed
INFO:root:2021-08-02-12--02--28 Bounding Box Drawn
INFO:root:2021-08-02-12--02--29 MovingFrameQueue Popped
INFO:root:2021-08-02-12--02--29 Anomally Video Output unsuccessful
INFO:root:2021-08-02-12--02--29 Colour Conversion Completed
INFO:root:2021-08-02-12--02--29 Sleep Check Completed
INFO:root:2021-08-02-12--02--29 Frame manipulations completed
INFO:root:2021-08-02-12--02--29 Bounding Box Drawn
INFO:root:2021-08-02-12--02--29 MovingFrameQueue Appended
INFO:root:2021-08-02-12--02--29 Anomally Video Output unsuccessful
INFO:root:2021-08-02-12--02--29 Colour Conversion Completed
INFO:root:2021-08-02-12--02--29 Sleep Check Completed
INFO:root:2021-08-02-12--02--29 Frame manipulations completed
INFO:root:2021-08-02-12--02--29 Bounding Box Drawn
INFO:root:2021-08-02-12--02--29 MovingFrameQueue Popped
INFO:root:2021-08-02-12--02--29 Anomally Video Output unsuccessful
INFO:root:2021-08-02-12--02--29 Colour Conversion Completed
INFO:root:2021-08-02-12--02--29 Sleep Check Completed
INFO:root:2021-08-02-12--02--29 Frame manipulations completed
INFO:root:2021-08-02-12--02--29 Bounding Box Drawn
INFO:root:2021-08-02-12--02--29 MovingFrameQueue Appended
INFO:root:2021-08-02-12--02--29 Anomally Video Output unsuccessful
INFO:root:2021-08-02-12--02--29 Colour Conversion Completed
INFO:root:2021-08-02-12--02--29 Sleep Check Completed
INFO:root:2021-08-02-12--02--29 Frame manipulations completed
INFO:root:2021-08-02-12--02--29 Bounding Box Drawn
INFO:root:2021-08-02-12--02--29 MovingFrameQueue Popped
INFO:root:2021-08-02-12--02--29 Anomally Video Output unsuccessful
INFO:root:2021-08-02-12--02--29 Colour Conversion Completed
INFO:root:2021-08-02-12--02--29 Sleep Check Completed
INFO:root:2021-08-02-12--02--29 Frame manipulations completed
INFO:root:2021-08-02-12--02--29 Bounding Box Drawn
INFO:root:2021-08-02-12--02--29 MovingFrameQueue Appended
INFO:root:2021-08-02-12--02--29 Anomally Video Output unsuccessful
INFO:root:2021-08-02-12--02--29 Colour Conversion Completed
INFO:root:2021-08-02-12--02--29 Sleep Check Completed
INFO:root:2021-08-02-12--02--29 Frame manipulations completed
INFO:root:2021-08-02-12--02--29 Bounding Box Drawn
INFO:root:2021-08-02-12--02--30 MovingFrameQueue Popped
INFO:root:2021-08-02-12--02--30 Anomally Video Output unsuccessful
INFO:root:2021-08-02-12--02--30 Colour Conversion Completed
INFO:root:2021-08-02-12--02--30 Sleep Check Completed
INFO:root:2021-08-02-12--02--30 Frame manipulations completed
INFO:root:2021-08-02-12--02--30 Bounding Box Drawn
INFO:root:2021-08-02-12--02--30 MovingFrameQueue Appended
INFO:root:2021-08-02-12--02--30 Anomally Video Output unsuccessful
INFO:root:2021-08-02-12--02--30 Colour Conversion Completed
INFO:root:2021-08-02-12--02--30 Sleep Check Completed
INFO:root:2021-08-02-12--02--30 Frame manipulations completed
INFO:root:2021-08-02-12--02--30 Bounding Box Drawn
INFO:root:2021-08-02-12--02--30 MovingFrameQueue Popped
INFO:root:2021-08-02-12--02--30 Anomally Video Output unsuccessful
INFO:root:2021-08-02-12--02--30 Colour Conversion Completed
INFO:root:2021-08-02-12--02--30 Sleep Check Completed
INFO:root:2021-08-02-12--02--30 Frame manipulations completed
INFO:root:2021-08-02-12--02--30 Bounding Box Drawn
INFO:root:2021-08-02-12--02--30 MovingFrameQueue Appended
INFO:root:2021-08-02-12--02--30 Anomally Video Output unsuccessful
INFO:root:2021-08-02-12--02--30 Colour Conversion Completed
INFO:root:2021-08-02-12--02--30 Sleep Check Completed
INFO:root:2021-08-02-12--02--30 Frame manipulations completed
INFO:root:2021-08-02-12--02--30 Bounding Box Drawn
INFO:root:2021-08-02-12--02--30 MovingFrameQueue Popped
INFO:root:2021-08-02-12--02--30 Anomally Video Output unsuccessful
INFO:root:2021-08-02-12--02--30 Colour Conversion Completed
INFO:root:2021-08-02-12--02--30 Sleep Check Completed
INFO:root:2021-08-02-12--02--30 Frame manipulations completed
INFO:root:2021-08-02-12--02--30 Bounding Box Drawn
INFO:root:2021-08-02-12--02--31 MovingFrameQueue Appended
INFO:root:2021-08-02-12--02--31 Anomally Video Output unsuccessful
INFO:root:2021-08-02-12--02--31 Colour Conversion Completed
INFO:root:2021-08-02-12--02--31 Sleep Check Completed
INFO:root:2021-08-02-12--02--31 Frame manipulations completed
INFO:root:2021-08-02-12--02--31 Bounding Box Drawn
INFO:root:2021-08-02-12--02--31 MovingFrameQueue Popped
INFO:root:2021-08-02-12--02--31 Anomally Video Output unsuccessful
INFO:root:2021-08-02-12--02--31 Colour Conversion Completed
INFO:root:2021-08-02-12--02--31 Sleep Check Completed
INFO:root:2021-08-02-12--02--31 Frame manipulations completed
INFO:root:2021-08-02-12--02--31 Bounding Box Drawn
INFO:root:2021-08-02-12--02--31[INFO] elapsed time: 24.59
INFO:root:2021-08-02-12--02--31[INFO] approx. FPS: 4.23
INFO:root:2021-08-02-12--02--31 Getting Auth Token Success
INFO:root:2021-08-02-12--02--32 BedTime Upload Completed
