INFO:root:2021-07-27-15--05--31 Parameter Generation Success
INFO:root:2021-07-27-15--05--31 Colour Conversion Completed
INFO:root:2021-07-27-15--05--31 Sleep Check Completed
INFO:root:2021-07-27-15--05--31 Frame manipulations completed
INFO:root:2021-07-27-15--05--31 Bounding Box Drawn
INFO:root:2021-07-27-15--05--35 MovingFrameQueue Appended
INFO:root:2021-07-27-15--05--35 anomallyFrameTracker resetted to 200
INFO:root:2021-07-27-15--05--35 Colour Conversion Completed
INFO:root:2021-07-27-15--05--36 Sleep Check Completed
INFO:root:2021-07-27-15--05--36 Frame manipulations completed
INFO:root:2021-07-27-15--05--36 Bounding Box Drawn
INFO:root:2021-07-27-15--05--36 MovingFrameQueue Appended
INFO:root:2021-07-27-15--05--36 anomallyFrameTracker resetted to 200
INFO:root:2021-07-27-15--05--36 Colour Conversion Completed
INFO:root:2021-07-27-15--05--36 Sleep Check Completed
INFO:root:2021-07-27-15--05--36 Frame manipulations completed
INFO:root:2021-07-27-15--05--36 Bounding Box Drawn
INFO:root:2021-07-27-15--05--36 MovingFrameQueue Appended
INFO:root:2021-07-27-15--05--36 anomallyFrameTracker resetted to 200
INFO:root:2021-07-27-15--05--36 Colour Conversion Completed
INFO:root:2021-07-27-15--05--36 Sleep Check Completed
INFO:root:2021-07-27-15--05--36 Frame manipulations completed
INFO:root:2021-07-27-15--05--36 Bounding Box Drawn
INFO:root:2021-07-27-15--05--36 MovingFrameQueue Appended
INFO:root:2021-07-27-15--05--36 anomallyFrameTracker resetted to 200
INFO:root:2021-07-27-15--05--36 Colour Conversion Completed
INFO:root:2021-07-27-15--05--36 Sleep Check Completed
INFO:root:2021-07-27-15--05--36 Frame manipulations completed
INFO:root:2021-07-27-15--05--36 Bounding Box Drawn
INFO:root:2021-07-27-15--05--36 MovingFrameQueue Appended
INFO:root:2021-07-27-15--05--36 anomallyFrameTracker resetted to 200
INFO:root:2021-07-27-15--05--36 Colour Conversion Completed
INFO:root:2021-07-27-15--05--36 Sleep Check Completed
INFO:root:2021-07-27-15--05--36 Frame manipulations completed
INFO:root:2021-07-27-15--05--36 Bounding Box Drawn
INFO:root:2021-07-27-15--05--36 MovingFrameQueue Appended
INFO:root:2021-07-27-15--05--36 anomallyFrameTracker resetted to 200
INFO:root:2021-07-27-15--05--36 Colour Conversion Completed
INFO:root:2021-07-27-15--05--36 Sleep Check Completed
INFO:root:2021-07-27-15--05--36 Frame manipulations completed
INFO:root:2021-07-27-15--05--36 Bounding Box Drawn
INFO:root:2021-07-27-15--05--37 MovingFrameQueue Appended
INFO:root:2021-07-27-15--05--37 anomallyFrameTracker resetted to 200
INFO:root:2021-07-27-15--05--37 Colour Conversion Completed
INFO:root:2021-07-27-15--05--37 Sleep Check Completed
INFO:root:2021-07-27-15--05--37 Frame manipulations completed
INFO:root:2021-07-27-15--05--37 Bounding Box Drawn
INFO:root:2021-07-27-15--05--37 MovingFrameQueue Appended
INFO:root:2021-07-27-15--05--37 anomallyFrameTracker resetted to 200
INFO:root:2021-07-27-15--05--37 Colour Conversion Completed
INFO:root:2021-07-27-15--05--37 Sleep Check Completed
INFO:root:2021-07-27-15--05--37 Frame manipulations completed
INFO:root:2021-07-27-15--05--37 Bounding Box Drawn
INFO:root:2021-07-27-15--05--37 MovingFrameQueue Appended
INFO:root:2021-07-27-15--05--37 anomallyFrameTracker resetted to 200
INFO:root:2021-07-27-15--05--37 Colour Conversion Completed
INFO:root:2021-07-27-15--05--37 Sleep Check Completed
INFO:root:2021-07-27-15--05--37 Frame manipulations completed
INFO:root:2021-07-27-15--05--37 Bounding Box Drawn
INFO:root:2021-07-27-15--05--37 MovingFrameQueue Appended
INFO:root:2021-07-27-15--05--37 anomallyFrameTracker resetted to 200
INFO:root:2021-07-27-15--05--37 Colour Conversion Completed
INFO:root:2021-07-27-15--05--37 Sleep Check Completed
INFO:root:2021-07-27-15--05--37 Frame manipulations completed
INFO:root:2021-07-27-15--05--37 Bounding Box Drawn
INFO:root:2021-07-27-15--05--38 MovingFrameQueue Appended
INFO:root:2021-07-27-15--05--38 anomallyFrameTracker resetted to 200
INFO:root:2021-07-27-15--05--38 Colour Conversion Completed
INFO:root:2021-07-27-15--05--38 Sleep Check Completed
INFO:root:2021-07-27-15--05--38 Frame manipulations completed
INFO:root:2021-07-27-15--05--38 Bounding Box Drawn
INFO:root:2021-07-27-15--05--38 MovingFrameQueue Appended
INFO:root:2021-07-27-15--05--38 anomallyFrameTracker resetted to 200
INFO:root:2021-07-27-15--05--38 Colour Conversion Completed
INFO:root:2021-07-27-15--05--38 Sleep Check Completed
INFO:root:2021-07-27-15--05--38 Frame manipulations completed
INFO:root:2021-07-27-15--05--38 Bounding Box Drawn
INFO:root:2021-07-27-15--05--38 MovingFrameQueue Appended
INFO:root:2021-07-27-15--05--38 anomallyFrameTracker resetted to 200
INFO:root:2021-07-27-15--05--38 Colour Conversion Completed
INFO:root:2021-07-27-15--05--38 Sleep Check Completed
INFO:root:2021-07-27-15--05--38 Frame manipulations completed
INFO:root:2021-07-27-15--05--38 Bounding Box Drawn
INFO:root:2021-07-27-15--05--38 MovingFrameQueue Appended
INFO:root:2021-07-27-15--05--38 anomallyFrameTracker resetted to 200
INFO:root:2021-07-27-15--05--38 Colour Conversion Completed
INFO:root:2021-07-27-15--05--38 Sleep Check Completed
INFO:root:2021-07-27-15--05--38 Frame manipulations completed
INFO:root:2021-07-27-15--05--38 Bounding Box Drawn
INFO:root:2021-07-27-15--05--38 MovingFrameQueue Appended
INFO:root:2021-07-27-15--05--38 anomallyFrameTracker resetted to 200
INFO:root:2021-07-27-15--05--38 Colour Conversion Completed
INFO:root:2021-07-27-15--05--38 Sleep Check Completed
INFO:root:2021-07-27-15--05--38 Frame manipulations completed
INFO:root:2021-07-27-15--05--38 Bounding Box Drawn
INFO:root:2021-07-27-15--05--39 MovingFrameQueue Appended
INFO:root:2021-07-27-15--05--39 anomallyFrameTracker resetted to 200
INFO:root:2021-07-27-15--05--39 Colour Conversion Completed
INFO:root:2021-07-27-15--05--39 Sleep Check Completed
INFO:root:2021-07-27-15--05--39 Frame manipulations completed
INFO:root:2021-07-27-15--05--39 Bounding Box Drawn
INFO:root:2021-07-27-15--05--39 MovingFrameQueue Appended
INFO:root:2021-07-27-15--05--39 anomallyFrameTracker resetted to 200
INFO:root:2021-07-27-15--05--39 Colour Conversion Completed
INFO:root:2021-07-27-15--05--39 Sleep Check Completed
INFO:root:2021-07-27-15--05--39 Frame manipulations completed
INFO:root:2021-07-27-15--05--39 Bounding Box Drawn
INFO:root:2021-07-27-15--05--39 MovingFrameQueue Appended
INFO:root:2021-07-27-15--05--39 anomallyFrameTracker resetted to 200
INFO:root:2021-07-27-15--05--39 Colour Conversion Completed
INFO:root:2021-07-27-15--05--39 Sleep Check Completed
INFO:root:2021-07-27-15--05--39 Frame manipulations completed
INFO:root:2021-07-27-15--05--39 Bounding Box Drawn
INFO:root:2021-07-27-15--05--39 MovingFrameQueue Appended
INFO:root:2021-07-27-15--05--39 anomallyFrameTracker resetted to 200
INFO:root:2021-07-27-15--05--39 Colour Conversion Completed
INFO:root:2021-07-27-15--05--39 Sleep Check Completed
INFO:root:2021-07-27-15--05--39 Frame manipulations completed
INFO:root:2021-07-27-15--05--39 Bounding Box Drawn
INFO:root:2021-07-27-15--05--39 MovingFrameQueue Appended
INFO:root:2021-07-27-15--05--39 anomallyFrameTracker resetted to 200
INFO:root:2021-07-27-15--05--39 Colour Conversion Completed
INFO:root:2021-07-27-15--05--39 Sleep Check Completed
INFO:root:2021-07-27-15--05--39 Frame manipulations completed
INFO:root:2021-07-27-15--05--39 Bounding Box Drawn
INFO:root:2021-07-27-15--05--39 MovingFrameQueue Appended
INFO:root:2021-07-27-15--05--39 anomallyFrameTracker resetted to 200
INFO:root:2021-07-27-15--05--39 Colour Conversion Completed
INFO:root:2021-07-27-15--05--39 Sleep Check Completed
INFO:root:2021-07-27-15--05--39 Frame manipulations completed
INFO:root:2021-07-27-15--05--39 Bounding Box Drawn
INFO:root:2021-07-27-15--05--40 MovingFrameQueue Appended
INFO:root:2021-07-27-15--05--40 anomallyFrameTracker resetted to 200
INFO:root:2021-07-27-15--05--40 Colour Conversion Completed
INFO:root:2021-07-27-15--05--40 Sleep Check Completed
INFO:root:2021-07-27-15--05--40 Frame manipulations completed
INFO:root:2021-07-27-15--05--40 Bounding Box Drawn
INFO:root:2021-07-27-15--05--40 MovingFrameQueue Appended
INFO:root:2021-07-27-15--05--40 anomallyFrameTracker resetted to 200
INFO:root:2021-07-27-15--05--40 Colour Conversion Completed
INFO:root:2021-07-27-15--05--40 Sleep Check Completed
INFO:root:2021-07-27-15--05--40 Frame manipulations completed
INFO:root:2021-07-27-15--05--40 Bounding Box Drawn
INFO:root:2021-07-27-15--05--40 MovingFrameQueue Appended
INFO:root:2021-07-27-15--05--40 anomallyFrameTracker resetted to 200
INFO:root:2021-07-27-15--05--40 Colour Conversion Completed
INFO:root:2021-07-27-15--05--40 Sleep Check Completed
INFO:root:2021-07-27-15--05--40 Frame manipulations completed
INFO:root:2021-07-27-15--05--40 Bounding Box Drawn
INFO:root:2021-07-27-15--05--40 MovingFrameQueue Appended
INFO:root:2021-07-27-15--05--40 anomallyFrameTracker resetted to 200
INFO:root:2021-07-27-15--05--40 Colour Conversion Completed
INFO:root:2021-07-27-15--05--40 Sleep Check Completed
INFO:root:2021-07-27-15--05--40 Frame manipulations completed
INFO:root:2021-07-27-15--05--40 Bounding Box Drawn
INFO:root:2021-07-27-15--05--40 MovingFrameQueue Appended
INFO:root:2021-07-27-15--05--40 anomallyFrameTracker resetted to 200
INFO:root:2021-07-27-15--05--40 Colour Conversion Completed
INFO:root:2021-07-27-15--05--40 Sleep Check Completed
INFO:root:2021-07-27-15--05--40 Frame manipulations completed
INFO:root:2021-07-27-15--05--40 Bounding Box Drawn
INFO:root:2021-07-27-15--05--41 MovingFrameQueue Appended
INFO:root:2021-07-27-15--05--41 anomallyFrameTracker resetted to 200
INFO:root:2021-07-27-15--05--41 Colour Conversion Completed
INFO:root:2021-07-27-15--05--41 Sleep Check Completed
INFO:root:2021-07-27-15--05--41 Frame manipulations completed
INFO:root:2021-07-27-15--05--41 Bounding Box Drawn
INFO:root:2021-07-27-15--05--41 MovingFrameQueue Appended
INFO:root:2021-07-27-15--05--41 anomallyFrameTracker resetted to 200
INFO:root:2021-07-27-15--05--41 Colour Conversion Completed
INFO:root:2021-07-27-15--05--41 Sleep Check Completed
INFO:root:2021-07-27-15--05--41 Frame manipulations completed
INFO:root:2021-07-27-15--05--41 Bounding Box Drawn
INFO:root:2021-07-27-15--05--41 MovingFrameQueue Appended
INFO:root:2021-07-27-15--05--41 anomallyFrameTracker resetted to 200
INFO:root:2021-07-27-15--05--41 Colour Conversion Completed
INFO:root:2021-07-27-15--05--41 Sleep Check Completed
INFO:root:2021-07-27-15--05--41 Frame manipulations completed
INFO:root:2021-07-27-15--05--41 Bounding Box Drawn
INFO:root:2021-07-27-15--05--41 MovingFrameQueue Appended
INFO:root:2021-07-27-15--05--41 anomallyFrameTracker resetted to 200
INFO:root:2021-07-27-15--05--41 Colour Conversion Completed
INFO:root:2021-07-27-15--05--41 Sleep Check Completed
INFO:root:2021-07-27-15--05--41 Frame manipulations completed
INFO:root:2021-07-27-15--05--41 Bounding Box Drawn
INFO:root:2021-07-27-15--05--41 MovingFrameQueue Appended
INFO:root:2021-07-27-15--05--41 anomallyFrameTracker resetted to 200
INFO:root:2021-07-27-15--05--41 Colour Conversion Completed
INFO:root:2021-07-27-15--05--41 Sleep Check Completed
INFO:root:2021-07-27-15--05--41 Frame manipulations completed
INFO:root:2021-07-27-15--05--41 Bounding Box Drawn
INFO:root:2021-07-27-15--05--41 MovingFrameQueue Appended
INFO:root:2021-07-27-15--05--41 anomallyFrameTracker resetted to 200
INFO:root:2021-07-27-15--05--41 Colour Conversion Completed
INFO:root:2021-07-27-15--05--41 Sleep Check Completed
INFO:root:2021-07-27-15--05--41 Frame manipulations completed
INFO:root:2021-07-27-15--05--41 Bounding Box Drawn
INFO:root:2021-07-27-15--05--42 MovingFrameQueue Appended
INFO:root:2021-07-27-15--05--42 anomallyFrameTracker resetted to 200
INFO:root:2021-07-27-15--05--42 Colour Conversion Completed
INFO:root:2021-07-27-15--05--42 Sleep Check Completed
INFO:root:2021-07-27-15--05--42 Frame manipulations completed
INFO:root:2021-07-27-15--05--42 Bounding Box Drawn
INFO:root:2021-07-27-15--05--42 MovingFrameQueue Appended
INFO:root:2021-07-27-15--05--42 anomallyFrameTracker resetted to 200
INFO:root:2021-07-27-15--05--42 Colour Conversion Completed
INFO:root:2021-07-27-15--05--42 Sleep Check Completed
INFO:root:2021-07-27-15--05--42 Frame manipulations completed
INFO:root:2021-07-27-15--05--42 Bounding Box Drawn
INFO:root:2021-07-27-15--05--42 MovingFrameQueue Appended
INFO:root:2021-07-27-15--05--42 anomallyFrameTracker resetted to 200
INFO:root:2021-07-27-15--05--42 Colour Conversion Completed
INFO:root:2021-07-27-15--05--42 Sleep Check Completed
INFO:root:2021-07-27-15--05--42 Frame manipulations completed
INFO:root:2021-07-27-15--05--42 Bounding Box Drawn
INFO:root:2021-07-27-15--05--42 MovingFrameQueue Appended
INFO:root:2021-07-27-15--05--42 anomallyFrameTracker resetted to 200
INFO:root:2021-07-27-15--05--42 Colour Conversion Completed
INFO:root:2021-07-27-15--05--42 Sleep Check Completed
INFO:root:2021-07-27-15--05--42 Frame manipulations completed
INFO:root:2021-07-27-15--05--42 Bounding Box Drawn
INFO:root:2021-07-27-15--05--42 MovingFrameQueue Appended
INFO:root:2021-07-27-15--05--42 anomallyFrameTracker resetted to 200
INFO:root:2021-07-27-15--05--42 Colour Conversion Completed
INFO:root:2021-07-27-15--05--42 Sleep Check Completed
INFO:root:2021-07-27-15--05--42 Frame manipulations completed
INFO:root:2021-07-27-15--05--42 Bounding Box Drawn
INFO:root:2021-07-27-15--05--43 MovingFrameQueue Appended
INFO:root:2021-07-27-15--05--43 anomallyFrameTracker resetted to 200
INFO:root:2021-07-27-15--05--43 Colour Conversion Completed
INFO:root:2021-07-27-15--05--43 Sleep Check Completed
INFO:root:2021-07-27-15--05--43 Frame manipulations completed
INFO:root:2021-07-27-15--05--43 Bounding Box Drawn
INFO:root:2021-07-27-15--05--43 MovingFrameQueue Appended
INFO:root:2021-07-27-15--05--43 anomallyFrameTracker resetted to 200
INFO:root:2021-07-27-15--05--43 Colour Conversion Completed
INFO:root:2021-07-27-15--05--43 Sleep Check Completed
INFO:root:2021-07-27-15--05--43 Frame manipulations completed
INFO:root:2021-07-27-15--05--43 Bounding Box Drawn
INFO:root:2021-07-27-15--05--43 MovingFrameQueue Appended
INFO:root:2021-07-27-15--05--43 anomallyFrameTracker resetted to 200
INFO:root:2021-07-27-15--05--43 Colour Conversion Completed
INFO:root:2021-07-27-15--05--43 Sleep Check Completed
INFO:root:2021-07-27-15--05--43 Frame manipulations completed
INFO:root:2021-07-27-15--05--43 Bounding Box Drawn
INFO:root:2021-07-27-15--05--43 MovingFrameQueue Appended
INFO:root:2021-07-27-15--05--43 anomallyFrameTracker resetted to 200
INFO:root:2021-07-27-15--05--43 Colour Conversion Completed
INFO:root:2021-07-27-15--05--43 Sleep Check Completed
INFO:root:2021-07-27-15--05--43 Frame manipulations completed
INFO:root:2021-07-27-15--05--43 Bounding Box Drawn
INFO:root:2021-07-27-15--05--43 MovingFrameQueue Appended
INFO:root:2021-07-27-15--05--43 anomallyFrameTracker resetted to 200
INFO:root:2021-07-27-15--05--43 Colour Conversion Completed
INFO:root:2021-07-27-15--05--43 Sleep Check Completed
INFO:root:2021-07-27-15--05--43 Frame manipulations completed
INFO:root:2021-07-27-15--05--43 Bounding Box Drawn
INFO:root:2021-07-27-15--05--44 MovingFrameQueue Appended
INFO:root:2021-07-27-15--05--44 anomallyFrameTracker resetted to 200
INFO:root:2021-07-27-15--05--44 Colour Conversion Completed
INFO:root:2021-07-27-15--05--44 Sleep Check Completed
INFO:root:2021-07-27-15--05--44 Frame manipulations completed
INFO:root:2021-07-27-15--05--44 Bounding Box Drawn
INFO:root:2021-07-27-15--05--44 MovingFrameQueue Appended
INFO:root:2021-07-27-15--05--44 anomallyFrameTracker resetted to 200
INFO:root:2021-07-27-15--05--44 Colour Conversion Completed
INFO:root:2021-07-27-15--05--44 Sleep Check Completed
INFO:root:2021-07-27-15--05--44 Frame manipulations completed
INFO:root:2021-07-27-15--05--44 Bounding Box Drawn
INFO:root:2021-07-27-15--05--44 MovingFrameQueue Appended
INFO:root:2021-07-27-15--05--44 anomallyFrameTracker resetted to 200
INFO:root:2021-07-27-15--05--44 Colour Conversion Completed
INFO:root:2021-07-27-15--05--44 Sleep Check Completed
INFO:root:2021-07-27-15--05--44 Frame manipulations completed
INFO:root:2021-07-27-15--05--44 Bounding Box Drawn
INFO:root:2021-07-27-15--05--44 MovingFrameQueue Appended
INFO:root:2021-07-27-15--05--44 anomallyFrameTracker resetted to 200
INFO:root:2021-07-27-15--05--44 Colour Conversion Completed
INFO:root:2021-07-27-15--05--44 Sleep Check Completed
INFO:root:2021-07-27-15--05--44 Frame manipulations completed
INFO:root:2021-07-27-15--05--44 Bounding Box Drawn
INFO:root:2021-07-27-15--05--44 MovingFrameQueue Appended
INFO:root:2021-07-27-15--05--44 anomallyFrameTracker resetted to 200
INFO:root:2021-07-27-15--05--44 Colour Conversion Completed
INFO:root:2021-07-27-15--05--44 Sleep Check Completed
INFO:root:2021-07-27-15--05--44 Frame manipulations completed
INFO:root:2021-07-27-15--05--44 Bounding Box Drawn
INFO:root:2021-07-27-15--05--44 MovingFrameQueue Appended
INFO:root:2021-07-27-15--05--44 anomallyFrameTracker resetted to 200
INFO:root:2021-07-27-15--05--44 Colour Conversion Completed
INFO:root:2021-07-27-15--05--44 Sleep Check Completed
INFO:root:2021-07-27-15--05--44 Frame manipulations completed
INFO:root:2021-07-27-15--05--44 Bounding Box Drawn
INFO:root:2021-07-27-15--05--45 MovingFrameQueue Appended
INFO:root:2021-07-27-15--05--45 anomallyFrameTracker resetted to 200
INFO:root:2021-07-27-15--05--45 Colour Conversion Completed
INFO:root:2021-07-27-15--05--45 Sleep Check Completed
INFO:root:2021-07-27-15--05--45 Frame manipulations completed
INFO:root:2021-07-27-15--05--45 Bounding Box Drawn
INFO:root:2021-07-27-15--05--45 MovingFrameQueue Appended
INFO:root:2021-07-27-15--05--45 anomallyFrameTracker resetted to 200
INFO:root:2021-07-27-15--05--45 Colour Conversion Completed
INFO:root:2021-07-27-15--05--45 Sleep Check Completed
INFO:root:2021-07-27-15--05--45 Frame manipulations completed
INFO:root:2021-07-27-15--05--45 Bounding Box Drawn
INFO:root:2021-07-27-15--05--45 MovingFrameQueue Appended
INFO:root:2021-07-27-15--05--45 anomallyFrameTracker resetted to 200
INFO:root:2021-07-27-15--05--45 Colour Conversion Completed
INFO:root:2021-07-27-15--05--45 Sleep Check Completed
INFO:root:2021-07-27-15--05--45 Frame manipulations completed
INFO:root:2021-07-27-15--05--45 Bounding Box Drawn
INFO:root:2021-07-27-15--05--45 MovingFrameQueue Popped
INFO:root:2021-07-27-15--05--45 anomallyFrameTracker resetted to 200
INFO:root:2021-07-27-15--05--45 Colour Conversion Completed
INFO:root:2021-07-27-15--05--45 Sleep Check Completed
INFO:root:2021-07-27-15--05--45 Frame manipulations completed
INFO:root:2021-07-27-15--05--45 Bounding Box Drawn
INFO:root:2021-07-27-15--05--45 MovingFrameQueue Appended
INFO:root:2021-07-27-15--05--45 anomallyFrameTracker resetted to 200
INFO:root:2021-07-27-15--05--45 Colour Conversion Completed
INFO:root:2021-07-27-15--05--45 Sleep Check Completed
INFO:root:2021-07-27-15--05--45 Frame manipulations completed
INFO:root:2021-07-27-15--05--45 Bounding Box Drawn
INFO:root:2021-07-27-15--05--46 MovingFrameQueue Popped
INFO:root:2021-07-27-15--05--46 anomallyFrameTracker resetted to 200
INFO:root:2021-07-27-15--05--46 Colour Conversion Completed
INFO:root:2021-07-27-15--05--46 Sleep Check Completed
INFO:root:2021-07-27-15--05--46 Frame manipulations completed
INFO:root:2021-07-27-15--05--46 Bounding Box Drawn
INFO:root:2021-07-27-15--05--46 MovingFrameQueue Appended
INFO:root:2021-07-27-15--05--46 anomallyFrameTracker resetted to 200
INFO:root:2021-07-27-15--05--46 Colour Conversion Completed
INFO:root:2021-07-27-15--05--46 Sleep Check Completed
INFO:root:2021-07-27-15--05--46 Frame manipulations completed
INFO:root:2021-07-27-15--05--46 Bounding Box Drawn
INFO:root:2021-07-27-15--05--46 MovingFrameQueue Popped
INFO:root:2021-07-27-15--05--46 anomallyFrameTracker resetted to 200
INFO:root:2021-07-27-15--05--46 Colour Conversion Completed
INFO:root:2021-07-27-15--05--46 Sleep Check Completed
INFO:root:2021-07-27-15--05--46 Frame manipulations completed
INFO:root:2021-07-27-15--05--46 Bounding Box Drawn
INFO:root:2021-07-27-15--05--46 MovingFrameQueue Appended
INFO:root:2021-07-27-15--05--46 anomallyFrameTracker resetted to 200
INFO:root:2021-07-27-15--05--46 Colour Conversion Completed
INFO:root:2021-07-27-15--05--46 Sleep Check Completed
INFO:root:2021-07-27-15--05--46 Frame manipulations completed
INFO:root:2021-07-27-15--05--46 Bounding Box Drawn
INFO:root:2021-07-27-15--05--46 MovingFrameQueue Popped
INFO:root:2021-07-27-15--05--46 anomallyFrameTracker resetted to 200
INFO:root:2021-07-27-15--05--46 Colour Conversion Completed
INFO:root:2021-07-27-15--05--46 Sleep Check Completed
INFO:root:2021-07-27-15--05--46 Frame manipulations completed
INFO:root:2021-07-27-15--05--46 Bounding Box Drawn
INFO:root:2021-07-27-15--05--47 MovingFrameQueue Appended
INFO:root:2021-07-27-15--05--47 anomallyFrameTracker resetted to 200
INFO:root:2021-07-27-15--05--47 Colour Conversion Completed
INFO:root:2021-07-27-15--05--47 Sleep Check Completed
INFO:root:2021-07-27-15--05--47 Frame manipulations completed
INFO:root:2021-07-27-15--05--47 Bounding Box Drawn
INFO:root:2021-07-27-15--05--47[INFO] elapsed time: 16.28
INFO:root:2021-07-27-15--05--47[INFO] approx. FPS: 3.62
