INFO:root:2021-08-10-15--06--12 Parameter Generation Success
INFO:root:2021-08-10-15--06--19 Colour Conversion Completed
INFO:root:2021-08-10-15--06--19 Sleep Check Completed
INFO:root:2021-08-10-15--06--19 Frame manipulations completed
INFO:root:2021-08-10-15--06--19 Bounding Box Drawn
INFO:root:2021-08-10-15--06--24 MovingFrameQueue Appended
INFO:root:2021-08-10-15--06--24 Colour Conversion Completed
INFO:root:2021-08-10-15--06--24 Sleep Check Completed
INFO:root:2021-08-10-15--06--24 Frame manipulations completed
INFO:root:2021-08-10-15--06--24 Bounding Box Drawn
INFO:root:2021-08-10-15--06--24 MovingFrameQueue Appended
INFO:root:2021-08-10-15--06--24 Colour Conversion Completed
INFO:root:2021-08-10-15--06--24 Sleep Check Completed
INFO:root:2021-08-10-15--06--24 Frame manipulations completed
INFO:root:2021-08-10-15--06--24 Bounding Box Drawn
INFO:root:2021-08-10-15--06--24 MovingFrameQueue Appended
INFO:root:2021-08-10-15--06--25 Colour Conversion Completed
INFO:root:2021-08-10-15--06--25 Sleep Check Completed
INFO:root:2021-08-10-15--06--25 Frame manipulations completed
INFO:root:2021-08-10-15--06--25 Bounding Box Drawn
INFO:root:2021-08-10-15--06--25 MovingFrameQueue Appended
INFO:root:2021-08-10-15--06--25 Colour Conversion Completed
INFO:root:2021-08-10-15--06--25 Sleep Check Completed
INFO:root:2021-08-10-15--06--25 Frame manipulations completed
INFO:root:2021-08-10-15--06--25 Bounding Box Drawn
INFO:root:2021-08-10-15--06--25 MovingFrameQueue Appended
INFO:root:2021-08-10-15--06--25 Colour Conversion Completed
INFO:root:2021-08-10-15--06--25 Sleep Check Completed
INFO:root:2021-08-10-15--06--25 Frame manipulations completed
INFO:root:2021-08-10-15--06--25 Bounding Box Drawn
INFO:root:2021-08-10-15--06--25 MovingFrameQueue Appended
INFO:root:2021-08-10-15--06--25 Colour Conversion Completed
INFO:root:2021-08-10-15--06--25 Sleep Check Completed
INFO:root:2021-08-10-15--06--25 Frame manipulations completed
INFO:root:2021-08-10-15--06--25 Bounding Box Drawn
INFO:root:2021-08-10-15--06--25 MovingFrameQueue Appended
INFO:root:2021-08-10-15--06--25 Colour Conversion Completed
INFO:root:2021-08-10-15--06--25 Sleep Check Completed
INFO:root:2021-08-10-15--06--25 Frame manipulations completed
INFO:root:2021-08-10-15--06--25 Bounding Box Drawn
INFO:root:2021-08-10-15--06--25 MovingFrameQueue Appended
INFO:root:2021-08-10-15--06--25 Colour Conversion Completed
INFO:root:2021-08-10-15--06--25 Sleep Check Completed
INFO:root:2021-08-10-15--06--25 Frame manipulations completed
INFO:root:2021-08-10-15--06--25 Bounding Box Drawn
INFO:root:2021-08-10-15--06--26 MovingFrameQueue Appended
INFO:root:2021-08-10-15--06--26 Colour Conversion Completed
INFO:root:2021-08-10-15--06--26 Sleep Check Completed
INFO:root:2021-08-10-15--06--26 Frame manipulations completed
INFO:root:2021-08-10-15--06--26 Bounding Box Drawn
INFO:root:2021-08-10-15--06--26 MovingFrameQueue Appended
INFO:root:2021-08-10-15--06--26 Colour Conversion Completed
INFO:root:2021-08-10-15--06--26 Sleep Check Completed
INFO:root:2021-08-10-15--06--26 Frame manipulations completed
INFO:root:2021-08-10-15--06--26 Bounding Box Drawn
INFO:root:2021-08-10-15--06--26 MovingFrameQueue Appended
INFO:root:2021-08-10-15--06--26 Colour Conversion Completed
INFO:root:2021-08-10-15--06--26 Sleep Check Completed
INFO:root:2021-08-10-15--06--26 Frame manipulations completed
INFO:root:2021-08-10-15--06--26 Bounding Box Drawn
INFO:root:2021-08-10-15--06--26 MovingFrameQueue Appended
INFO:root:2021-08-10-15--06--26 Colour Conversion Completed
INFO:root:2021-08-10-15--06--26 Sleep Check Completed
INFO:root:2021-08-10-15--06--26 Frame manipulations completed
INFO:root:2021-08-10-15--06--26 Bounding Box Drawn
INFO:root:2021-08-10-15--06--26 MovingFrameQueue Appended
INFO:root:2021-08-10-15--06--26 Colour Conversion Completed
INFO:root:2021-08-10-15--06--26 Sleep Check Completed
INFO:root:2021-08-10-15--06--26 Frame manipulations completed
INFO:root:2021-08-10-15--06--26 Bounding Box Drawn
INFO:root:2021-08-10-15--06--26 MovingFrameQueue Appended
INFO:root:2021-08-10-15--06--26 Colour Conversion Completed
INFO:root:2021-08-10-15--06--26 Sleep Check Completed
INFO:root:2021-08-10-15--06--26 Frame manipulations completed
INFO:root:2021-08-10-15--06--26 Bounding Box Drawn
INFO:root:2021-08-10-15--06--27 MovingFrameQueue Appended
INFO:root:2021-08-10-15--06--27 Colour Conversion Completed
INFO:root:2021-08-10-15--06--27 Sleep Check Completed
INFO:root:2021-08-10-15--06--27 Frame manipulations completed
INFO:root:2021-08-10-15--06--27 Bounding Box Drawn
INFO:root:2021-08-10-15--06--27 MovingFrameQueue Appended
INFO:root:2021-08-10-15--06--27 Colour Conversion Completed
INFO:root:2021-08-10-15--06--27 Sleep Check Completed
INFO:root:2021-08-10-15--06--27 Frame manipulations completed
INFO:root:2021-08-10-15--06--27 Bounding Box Drawn
INFO:root:2021-08-10-15--06--27 MovingFrameQueue Appended
INFO:root:2021-08-10-15--06--27 Colour Conversion Completed
INFO:root:2021-08-10-15--06--27 Sleep Check Completed
INFO:root:2021-08-10-15--06--27 Frame manipulations completed
INFO:root:2021-08-10-15--06--27 Bounding Box Drawn
INFO:root:2021-08-10-15--06--27 MovingFrameQueue Appended
INFO:root:2021-08-10-15--06--27 Colour Conversion Completed
INFO:root:2021-08-10-15--06--27 Sleep Check Completed
INFO:root:2021-08-10-15--06--27 Frame manipulations completed
INFO:root:2021-08-10-15--06--27 Bounding Box Drawn
INFO:root:2021-08-10-15--06--27 MovingFrameQueue Appended
INFO:root:2021-08-10-15--06--27 Colour Conversion Completed
INFO:root:2021-08-10-15--06--27 Sleep Check Completed
INFO:root:2021-08-10-15--06--27 Frame manipulations completed
INFO:root:2021-08-10-15--06--27 Bounding Box Drawn
INFO:root:2021-08-10-15--06--28 MovingFrameQueue Appended
INFO:root:2021-08-10-15--06--28 Colour Conversion Completed
INFO:root:2021-08-10-15--06--28 Sleep Check Completed
INFO:root:2021-08-10-15--06--28 Frame manipulations completed
INFO:root:2021-08-10-15--06--28 Bounding Box Drawn
INFO:root:2021-08-10-15--06--28 MovingFrameQueue Appended
INFO:root:2021-08-10-15--06--28 Colour Conversion Completed
INFO:root:2021-08-10-15--06--28 Sleep Check Completed
INFO:root:2021-08-10-15--06--28 Frame manipulations completed
INFO:root:2021-08-10-15--06--28 Bounding Box Drawn
INFO:root:2021-08-10-15--06--28 MovingFrameQueue Appended
INFO:root:2021-08-10-15--06--28 Colour Conversion Completed
INFO:root:2021-08-10-15--06--28 Sleep Check Completed
INFO:root:2021-08-10-15--06--28 Frame manipulations completed
INFO:root:2021-08-10-15--06--28 Bounding Box Drawn
INFO:root:2021-08-10-15--06--28 MovingFrameQueue Appended
INFO:root:2021-08-10-15--06--28 Colour Conversion Completed
INFO:root:2021-08-10-15--06--28 Sleep Check Completed
INFO:root:2021-08-10-15--06--28 Frame manipulations completed
INFO:root:2021-08-10-15--06--28 Bounding Box Drawn
INFO:root:2021-08-10-15--06--28 MovingFrameQueue Appended
INFO:root:2021-08-10-15--06--28 Colour Conversion Completed
INFO:root:2021-08-10-15--06--29 Sleep Check Completed
INFO:root:2021-08-10-15--06--29 Frame manipulations completed
INFO:root:2021-08-10-15--06--29 Bounding Box Drawn
INFO:root:2021-08-10-15--06--29 MovingFrameQueue Appended
INFO:root:2021-08-10-15--06--29 Colour Conversion Completed
INFO:root:2021-08-10-15--06--29 Sleep Check Completed
INFO:root:2021-08-10-15--06--29 Frame manipulations completed
INFO:root:2021-08-10-15--06--29 Bounding Box Drawn
INFO:root:2021-08-10-15--06--29 MovingFrameQueue Appended
INFO:root:2021-08-10-15--06--29 Colour Conversion Completed
INFO:root:2021-08-10-15--06--29 Sleep Check Completed
INFO:root:2021-08-10-15--06--29 Frame manipulations completed
INFO:root:2021-08-10-15--06--29 Bounding Box Drawn
INFO:root:2021-08-10-15--06--29 MovingFrameQueue Appended
INFO:root:2021-08-10-15--06--29 Colour Conversion Completed
INFO:root:2021-08-10-15--06--29 Sleep Check Completed
INFO:root:2021-08-10-15--06--29 Frame manipulations completed
INFO:root:2021-08-10-15--06--29 Bounding Box Drawn
INFO:root:2021-08-10-15--06--30 MovingFrameQueue Appended
INFO:root:2021-08-10-15--06--30 Colour Conversion Completed
INFO:root:2021-08-10-15--06--30 Sleep Check Completed
INFO:root:2021-08-10-15--06--30 Frame manipulations completed
INFO:root:2021-08-10-15--06--30 Bounding Box Drawn
INFO:root:2021-08-10-15--06--30 MovingFrameQueue Appended
INFO:root:2021-08-10-15--06--30 Colour Conversion Completed
INFO:root:2021-08-10-15--06--30 Sleep Check Completed
INFO:root:2021-08-10-15--06--30 Frame manipulations completed
INFO:root:2021-08-10-15--06--30 Bounding Box Drawn
INFO:root:2021-08-10-15--06--30 MovingFrameQueue Appended
INFO:root:2021-08-10-15--06--30 Colour Conversion Completed
INFO:root:2021-08-10-15--06--30 Sleep Check Completed
INFO:root:2021-08-10-15--06--30 Frame manipulations completed
INFO:root:2021-08-10-15--06--30 Bounding Box Drawn
INFO:root:2021-08-10-15--06--30 MovingFrameQueue Appended
INFO:root:2021-08-10-15--06--30 Colour Conversion Completed
INFO:root:2021-08-10-15--06--30 Sleep Check Completed
INFO:root:2021-08-10-15--06--30 Frame manipulations completed
INFO:root:2021-08-10-15--06--30 Bounding Box Drawn
INFO:root:2021-08-10-15--06--30 MovingFrameQueue Appended
INFO:root:2021-08-10-15--06--30 Colour Conversion Completed
INFO:root:2021-08-10-15--06--30 Sleep Check Completed
INFO:root:2021-08-10-15--06--30 Frame manipulations completed
INFO:root:2021-08-10-15--06--30 Bounding Box Drawn
INFO:root:2021-08-10-15--06--30 MovingFrameQueue Appended
INFO:root:2021-08-10-15--06--30 Colour Conversion Completed
INFO:root:2021-08-10-15--06--30 Sleep Check Completed
INFO:root:2021-08-10-15--06--30 Frame manipulations completed
INFO:root:2021-08-10-15--06--30 Bounding Box Drawn
INFO:root:2021-08-10-15--06--31 MovingFrameQueue Appended
INFO:root:2021-08-10-15--06--31 Colour Conversion Completed
INFO:root:2021-08-10-15--06--31 Sleep Check Completed
INFO:root:2021-08-10-15--06--31 Frame manipulations completed
INFO:root:2021-08-10-15--06--31 Bounding Box Drawn
INFO:root:2021-08-10-15--06--31 MovingFrameQueue Appended
INFO:root:2021-08-10-15--06--31 Colour Conversion Completed
INFO:root:2021-08-10-15--06--31 Sleep Check Completed
INFO:root:2021-08-10-15--06--31 Frame manipulations completed
INFO:root:2021-08-10-15--06--31 Bounding Box Drawn
INFO:root:2021-08-10-15--06--31 MovingFrameQueue Appended
INFO:root:2021-08-10-15--06--31 Colour Conversion Completed
INFO:root:2021-08-10-15--06--31 Sleep Check Completed
INFO:root:2021-08-10-15--06--31 Frame manipulations completed
INFO:root:2021-08-10-15--06--31 Bounding Box Drawn
INFO:root:2021-08-10-15--06--31 MovingFrameQueue Appended
INFO:root:2021-08-10-15--06--31 Colour Conversion Completed
INFO:root:2021-08-10-15--06--31 Sleep Check Completed
INFO:root:2021-08-10-15--06--31 Frame manipulations completed
INFO:root:2021-08-10-15--06--31 Bounding Box Drawn
INFO:root:2021-08-10-15--06--31 MovingFrameQueue Appended
INFO:root:2021-08-10-15--06--31 Colour Conversion Completed
INFO:root:2021-08-10-15--06--31 Sleep Check Completed
INFO:root:2021-08-10-15--06--31 Frame manipulations completed
INFO:root:2021-08-10-15--06--31 Bounding Box Drawn
INFO:root:2021-08-10-15--06--32 MovingFrameQueue Appended
INFO:root:2021-08-10-15--06--32 Colour Conversion Completed
INFO:root:2021-08-10-15--06--32 Sleep Check Completed
INFO:root:2021-08-10-15--06--32 Frame manipulations completed
INFO:root:2021-08-10-15--06--32 Bounding Box Drawn
INFO:root:2021-08-10-15--06--32 MovingFrameQueue Appended
INFO:root:2021-08-10-15--06--32 Colour Conversion Completed
INFO:root:2021-08-10-15--06--32 Sleep Check Completed
INFO:root:2021-08-10-15--06--32 Frame manipulations completed
INFO:root:2021-08-10-15--06--32 Bounding Box Drawn
INFO:root:2021-08-10-15--06--32 MovingFrameQueue Appended
INFO:root:2021-08-10-15--06--32 Colour Conversion Completed
INFO:root:2021-08-10-15--06--32 Sleep Check Completed
INFO:root:2021-08-10-15--06--32 Frame manipulations completed
INFO:root:2021-08-10-15--06--32 Bounding Box Drawn
INFO:root:2021-08-10-15--06--32 MovingFrameQueue Appended
INFO:root:2021-08-10-15--06--32 Colour Conversion Completed
INFO:root:2021-08-10-15--06--32 Sleep Check Completed
INFO:root:2021-08-10-15--06--32 Frame manipulations completed
INFO:root:2021-08-10-15--06--32 Bounding Box Drawn
INFO:root:2021-08-10-15--06--32 MovingFrameQueue Appended
INFO:root:2021-08-10-15--06--32 Colour Conversion Completed
INFO:root:2021-08-10-15--06--32 Sleep Check Completed
INFO:root:2021-08-10-15--06--32 Frame manipulations completed
INFO:root:2021-08-10-15--06--32 Bounding Box Drawn
INFO:root:2021-08-10-15--06--32 MovingFrameQueue Appended
INFO:root:2021-08-10-15--06--32 Colour Conversion Completed
INFO:root:2021-08-10-15--06--33 Sleep Check Completed
INFO:root:2021-08-10-15--06--33 Frame manipulations completed
INFO:root:2021-08-10-15--06--33 Bounding Box Drawn
INFO:root:2021-08-10-15--06--33 MovingFrameQueue Appended
INFO:root:2021-08-10-15--06--33 Colour Conversion Completed
INFO:root:2021-08-10-15--06--33 Sleep Check Completed
INFO:root:2021-08-10-15--06--33 Frame manipulations completed
INFO:root:2021-08-10-15--06--33 Bounding Box Drawn
INFO:root:2021-08-10-15--06--33 MovingFrameQueue Appended
INFO:root:2021-08-10-15--06--33 Colour Conversion Completed
INFO:root:2021-08-10-15--06--33 Sleep Check Completed
INFO:root:2021-08-10-15--06--33 Frame manipulations completed
INFO:root:2021-08-10-15--06--33 Bounding Box Drawn
INFO:root:2021-08-10-15--06--33 MovingFrameQueue Appended
INFO:root:2021-08-10-15--06--33 Colour Conversion Completed
INFO:root:2021-08-10-15--06--33 Sleep Check Completed
INFO:root:2021-08-10-15--06--33 Frame manipulations completed
INFO:root:2021-08-10-15--06--33 Bounding Box Drawn
INFO:root:2021-08-10-15--06--33 MovingFrameQueue Appended
INFO:root:2021-08-10-15--06--33 Colour Conversion Completed
INFO:root:2021-08-10-15--06--33 Sleep Check Completed
INFO:root:2021-08-10-15--06--33 Frame manipulations completed
INFO:root:2021-08-10-15--06--33 Bounding Box Drawn
INFO:root:2021-08-10-15--06--33 MovingFrameQueue Appended
INFO:root:2021-08-10-15--06--33 Colour Conversion Completed
INFO:root:2021-08-10-15--06--33 Sleep Check Completed
INFO:root:2021-08-10-15--06--33 Frame manipulations completed
INFO:root:2021-08-10-15--06--33 Bounding Box Drawn
INFO:root:2021-08-10-15--06--34 MovingFrameQueue Appended
INFO:root:2021-08-10-15--06--34 Colour Conversion Completed
INFO:root:2021-08-10-15--06--34 Sleep Check Completed
INFO:root:2021-08-10-15--06--34 Frame manipulations completed
INFO:root:2021-08-10-15--06--34 Bounding Box Drawn
INFO:root:2021-08-10-15--06--34 MovingFrameQueue Appended
INFO:root:2021-08-10-15--06--34 Colour Conversion Completed
INFO:root:2021-08-10-15--06--34 Sleep Check Completed
INFO:root:2021-08-10-15--06--34 Frame manipulations completed
INFO:root:2021-08-10-15--06--34 Bounding Box Drawn
INFO:root:2021-08-10-15--06--34 MovingFrameQueue Popped
INFO:root:2021-08-10-15--06--34 Colour Conversion Completed
INFO:root:2021-08-10-15--06--34 Sleep Check Completed
INFO:root:2021-08-10-15--06--34 Frame manipulations completed
INFO:root:2021-08-10-15--06--34 Bounding Box Drawn
INFO:root:2021-08-10-15--06--34 MovingFrameQueue Appended
INFO:root:2021-08-10-15--06--34 Colour Conversion Completed
INFO:root:2021-08-10-15--06--34 Sleep Check Completed
INFO:root:2021-08-10-15--06--34 Frame manipulations completed
INFO:root:2021-08-10-15--06--34 Bounding Box Drawn
INFO:root:2021-08-10-15--06--34 MovingFrameQueue Popped
INFO:root:2021-08-10-15--06--34 Colour Conversion Completed
INFO:root:2021-08-10-15--06--34 Sleep Check Completed
INFO:root:2021-08-10-15--06--34 Frame manipulations completed
INFO:root:2021-08-10-15--06--34 Bounding Box Drawn
INFO:root:2021-08-10-15--06--34 MovingFrameQueue Appended
INFO:root:2021-08-10-15--06--34 Colour Conversion Completed
INFO:root:2021-08-10-15--06--34 Sleep Check Completed
INFO:root:2021-08-10-15--06--34 Frame manipulations completed
INFO:root:2021-08-10-15--06--34 Bounding Box Drawn
INFO:root:2021-08-10-15--06--35 MovingFrameQueue Popped
INFO:root:2021-08-10-15--06--35 Colour Conversion Completed
INFO:root:2021-08-10-15--06--35 Sleep Check Completed
INFO:root:2021-08-10-15--06--35 Frame manipulations completed
INFO:root:2021-08-10-15--06--35 Bounding Box Drawn
INFO:root:2021-08-10-15--06--35 MovingFrameQueue Appended
INFO:root:2021-08-10-15--06--35 Colour Conversion Completed
INFO:root:2021-08-10-15--06--35 Sleep Check Completed
INFO:root:2021-08-10-15--06--35 Frame manipulations completed
INFO:root:2021-08-10-15--06--35 Bounding Box Drawn
INFO:root:2021-08-10-15--06--35 MovingFrameQueue Popped
INFO:root:2021-08-10-15--06--35 Colour Conversion Completed
INFO:root:2021-08-10-15--06--35 Sleep Check Completed
INFO:root:2021-08-10-15--06--35 Frame manipulations completed
INFO:root:2021-08-10-15--06--35 Bounding Box Drawn
INFO:root:2021-08-10-15--06--35 MovingFrameQueue Appended
INFO:root:2021-08-10-15--06--35 Colour Conversion Completed
INFO:root:2021-08-10-15--06--35 Sleep Check Completed
INFO:root:2021-08-10-15--06--35 Frame manipulations completed
INFO:root:2021-08-10-15--06--35 Bounding Box Drawn
INFO:root:2021-08-10-15--06--35 MovingFrameQueue Popped
INFO:root:2021-08-10-15--06--35 Colour Conversion Completed
INFO:root:2021-08-10-15--06--35 Sleep Check Completed
INFO:root:2021-08-10-15--06--35 Frame manipulations completed
INFO:root:2021-08-10-15--06--35 Bounding Box Drawn
INFO:root:2021-08-10-15--06--36 MovingFrameQueue Appended
INFO:root:2021-08-10-15--06--36 Colour Conversion Completed
INFO:root:2021-08-10-15--06--36 Sleep Check Completed
INFO:root:2021-08-10-15--06--36 Frame manipulations completed
INFO:root:2021-08-10-15--06--36 Bounding Box Drawn
INFO:root:2021-08-10-15--06--36 MovingFrameQueue Popped
INFO:root:2021-08-10-15--06--36 Colour Conversion Completed
INFO:root:2021-08-10-15--06--36 Sleep Check Completed
INFO:root:2021-08-10-15--06--36 Frame manipulations completed
INFO:root:2021-08-10-15--06--36 Bounding Box Drawn
INFO:root:2021-08-10-15--06--36 MovingFrameQueue Appended
INFO:root:2021-08-10-15--06--36 Colour Conversion Completed
INFO:root:2021-08-10-15--06--36 Sleep Check Completed
INFO:root:2021-08-10-15--06--36 Frame manipulations completed
INFO:root:2021-08-10-15--06--36 Bounding Box Drawn
INFO:root:2021-08-10-15--06--36 MovingFrameQueue Popped
INFO:root:2021-08-10-15--06--36 Colour Conversion Completed
INFO:root:2021-08-10-15--06--36 Sleep Check Completed
INFO:root:2021-08-10-15--06--36 Frame manipulations completed
INFO:root:2021-08-10-15--06--36 Bounding Box Drawn
INFO:root:2021-08-10-15--06--37 MovingFrameQueue Appended
INFO:root:2021-08-10-15--06--37 Colour Conversion Completed
INFO:root:2021-08-10-15--06--37 Sleep Check Completed
INFO:root:2021-08-10-15--06--37 Frame manipulations completed
INFO:root:2021-08-10-15--06--37 Bounding Box Drawn
INFO:root:2021-08-10-15--06--37 MovingFrameQueue Popped
INFO:root:2021-08-10-15--06--37 Colour Conversion Completed
INFO:root:2021-08-10-15--06--37 Sleep Check Completed
INFO:root:2021-08-10-15--06--37 Frame manipulations completed
INFO:root:2021-08-10-15--06--37 Bounding Box Drawn
INFO:root:2021-08-10-15--06--37 MovingFrameQueue Appended
INFO:root:2021-08-10-15--06--37 Colour Conversion Completed
INFO:root:2021-08-10-15--06--37 Sleep Check Completed
INFO:root:2021-08-10-15--06--37 Frame manipulations completed
INFO:root:2021-08-10-15--06--37 Bounding Box Drawn
INFO:root:2021-08-10-15--06--38 MovingFrameQueue Popped
INFO:root:2021-08-10-15--06--38 Colour Conversion Completed
INFO:root:2021-08-10-15--06--38 Sleep Check Completed
INFO:root:2021-08-10-15--06--38 Frame manipulations completed
INFO:root:2021-08-10-15--06--38 Bounding Box Drawn
INFO:root:2021-08-10-15--06--38 MovingFrameQueue Appended
INFO:root:2021-08-10-15--06--38 Colour Conversion Completed
INFO:root:2021-08-10-15--06--38 Sleep Check Completed
INFO:root:2021-08-10-15--06--38 Frame manipulations completed
INFO:root:2021-08-10-15--06--38 Bounding Box Drawn
INFO:root:2021-08-10-15--06--38 MovingFrameQueue Popped
INFO:root:2021-08-10-15--06--38 Colour Conversion Completed
INFO:root:2021-08-10-15--06--38 Sleep Check Completed
INFO:root:2021-08-10-15--06--38 Frame manipulations completed
INFO:root:2021-08-10-15--06--38 Bounding Box Drawn
INFO:root:2021-08-10-15--06--39 MovingFrameQueue Appended
INFO:root:2021-08-10-15--06--39 Colour Conversion Completed
INFO:root:2021-08-10-15--06--39 Sleep Check Completed
INFO:root:2021-08-10-15--06--39 Frame manipulations completed
INFO:root:2021-08-10-15--06--39 Bounding Box Drawn
INFO:root:2021-08-10-15--06--39 MovingFrameQueue Popped
INFO:root:2021-08-10-15--06--39 Colour Conversion Completed
INFO:root:2021-08-10-15--06--39 Sleep Check Completed
INFO:root:2021-08-10-15--06--39 Frame manipulations completed
INFO:root:2021-08-10-15--06--39 Bounding Box Drawn
INFO:root:2021-08-10-15--06--39 MovingFrameQueue Appended
INFO:root:2021-08-10-15--06--39 Colour Conversion Completed
INFO:root:2021-08-10-15--06--39 Sleep Check Completed
INFO:root:2021-08-10-15--06--39 Frame manipulations completed
INFO:root:2021-08-10-15--06--39 Bounding Box Drawn
INFO:root:2021-08-10-15--06--39 MovingFrameQueue Popped
INFO:root:2021-08-10-15--06--39 Colour Conversion Completed
INFO:root:2021-08-10-15--06--39 Sleep Check Completed
INFO:root:2021-08-10-15--06--39 Frame manipulations completed
INFO:root:2021-08-10-15--06--39 Bounding Box Drawn
INFO:root:2021-08-10-15--06--40 MovingFrameQueue Appended
INFO:root:2021-08-10-15--06--40 Colour Conversion Completed
INFO:root:2021-08-10-15--06--40 Sleep Check Completed
INFO:root:2021-08-10-15--06--40 Frame manipulations completed
INFO:root:2021-08-10-15--06--40 Bounding Box Drawn
INFO:root:2021-08-10-15--06--40 MovingFrameQueue Popped
INFO:root:2021-08-10-15--06--40 Colour Conversion Completed
INFO:root:2021-08-10-15--06--40 Sleep Check Completed
INFO:root:2021-08-10-15--06--40 Frame manipulations completed
INFO:root:2021-08-10-15--06--40 Bounding Box Drawn
INFO:root:2021-08-10-15--06--40 MovingFrameQueue Appended
INFO:root:2021-08-10-15--06--40 Colour Conversion Completed
INFO:root:2021-08-10-15--06--40 Sleep Check Completed
INFO:root:2021-08-10-15--06--40 Frame manipulations completed
INFO:root:2021-08-10-15--06--40 Bounding Box Drawn
INFO:root:2021-08-10-15--06--40 MovingFrameQueue Popped
INFO:root:2021-08-10-15--06--40 Colour Conversion Completed
INFO:root:2021-08-10-15--06--40 Sleep Check Completed
INFO:root:2021-08-10-15--06--40 Frame manipulations completed
INFO:root:2021-08-10-15--06--40 Bounding Box Drawn
INFO:root:2021-08-10-15--06--40 MovingFrameQueue Appended
INFO:root:2021-08-10-15--06--40 Colour Conversion Completed
INFO:root:2021-08-10-15--06--40 Sleep Check Completed
INFO:root:2021-08-10-15--06--40 Frame manipulations completed
INFO:root:2021-08-10-15--06--40 Bounding Box Drawn
INFO:root:2021-08-10-15--06--41 MovingFrameQueue Popped
INFO:root:2021-08-10-15--06--41 Colour Conversion Completed
INFO:root:2021-08-10-15--06--41 Sleep Check Completed
INFO:root:2021-08-10-15--06--41 Frame manipulations completed
INFO:root:2021-08-10-15--06--41 Bounding Box Drawn
INFO:root:2021-08-10-15--06--41 MovingFrameQueue Appended
INFO:root:2021-08-10-15--06--41 Colour Conversion Completed
INFO:root:2021-08-10-15--06--41 Sleep Check Completed
INFO:root:2021-08-10-15--06--41 Frame manipulations completed
INFO:root:2021-08-10-15--06--41 Bounding Box Drawn
INFO:root:2021-08-10-15--06--41 MovingFrameQueue Popped
INFO:root:2021-08-10-15--06--41 Colour Conversion Completed
INFO:root:2021-08-10-15--06--41 Sleep Check Completed
INFO:root:2021-08-10-15--06--41 Frame manipulations completed
INFO:root:2021-08-10-15--06--41 Bounding Box Drawn
INFO:root:2021-08-10-15--06--41 MovingFrameQueue Appended
INFO:root:2021-08-10-15--06--41 Colour Conversion Completed
INFO:root:2021-08-10-15--06--41 Sleep Check Completed
INFO:root:2021-08-10-15--06--41 Frame manipulations completed
INFO:root:2021-08-10-15--06--41 Bounding Box Drawn
INFO:root:2021-08-10-15--06--41 MovingFrameQueue Popped
INFO:root:2021-08-10-15--06--41 Colour Conversion Completed
INFO:root:2021-08-10-15--06--41 Sleep Check Completed
INFO:root:2021-08-10-15--06--41 Frame manipulations completed
INFO:root:2021-08-10-15--06--41 Bounding Box Drawn
INFO:root:2021-08-10-15--06--41 MovingFrameQueue Appended
INFO:root:2021-08-10-15--06--41 Colour Conversion Completed
INFO:root:2021-08-10-15--06--41 Sleep Check Completed
INFO:root:2021-08-10-15--06--41 Frame manipulations completed
INFO:root:2021-08-10-15--06--41 Bounding Box Drawn
INFO:root:2021-08-10-15--06--42 MovingFrameQueue Popped
INFO:root:2021-08-10-15--06--42 Colour Conversion Completed
INFO:root:2021-08-10-15--06--42 Sleep Check Completed
INFO:root:2021-08-10-15--06--42 Frame manipulations completed
INFO:root:2021-08-10-15--06--42 Bounding Box Drawn
INFO:root:2021-08-10-15--06--42 MovingFrameQueue Appended
INFO:root:2021-08-10-15--06--42 Colour Conversion Completed
INFO:root:2021-08-10-15--06--42 Sleep Check Completed
INFO:root:2021-08-10-15--06--42 Frame manipulations completed
INFO:root:2021-08-10-15--06--42 Bounding Box Drawn
INFO:root:2021-08-10-15--06--42 MovingFrameQueue Popped
INFO:root:2021-08-10-15--06--42 Colour Conversion Completed
INFO:root:2021-08-10-15--06--42 Sleep Check Completed
INFO:root:2021-08-10-15--06--42 Frame manipulations completed
INFO:root:2021-08-10-15--06--42 Bounding Box Drawn
INFO:root:2021-08-10-15--06--42 MovingFrameQueue Appended
INFO:root:2021-08-10-15--06--42 Colour Conversion Completed
INFO:root:2021-08-10-15--06--42 Sleep Check Completed
INFO:root:2021-08-10-15--06--42 Frame manipulations completed
INFO:root:2021-08-10-15--06--42 Bounding Box Drawn
INFO:root:2021-08-10-15--06--43 MovingFrameQueue Popped
INFO:root:2021-08-10-15--06--43 Colour Conversion Completed
INFO:root:2021-08-10-15--06--43 Sleep Check Completed
INFO:root:2021-08-10-15--06--43 Frame manipulations completed
INFO:root:2021-08-10-15--06--43 Bounding Box Drawn
INFO:root:2021-08-10-15--06--43 MovingFrameQueue Appended
INFO:root:2021-08-10-15--06--43 Colour Conversion Completed
INFO:root:2021-08-10-15--06--43 Sleep Check Completed
INFO:root:2021-08-10-15--06--43 Frame manipulations completed
INFO:root:2021-08-10-15--06--43 Bounding Box Drawn
INFO:root:2021-08-10-15--06--43 MovingFrameQueue Popped
INFO:root:2021-08-10-15--06--43 Colour Conversion Completed
INFO:root:2021-08-10-15--06--43 Sleep Check Completed
INFO:root:2021-08-10-15--06--43 Frame manipulations completed
INFO:root:2021-08-10-15--06--43 Bounding Box Drawn
INFO:root:2021-08-10-15--06--43 MovingFrameQueue Appended
INFO:root:2021-08-10-15--06--43 Colour Conversion Completed
INFO:root:2021-08-10-15--06--43 Sleep Check Completed
INFO:root:2021-08-10-15--06--43 Frame manipulations completed
INFO:root:2021-08-10-15--06--43 Bounding Box Drawn
INFO:root:2021-08-10-15--06--43 MovingFrameQueue Popped
INFO:root:2021-08-10-15--06--43 Colour Conversion Completed
INFO:root:2021-08-10-15--06--43 Sleep Check Completed
INFO:root:2021-08-10-15--06--43 Frame manipulations completed
INFO:root:2021-08-10-15--06--43 Bounding Box Drawn
INFO:root:2021-08-10-15--06--43 MovingFrameQueue Appended
INFO:root:2021-08-10-15--06--43 Colour Conversion Completed
INFO:root:2021-08-10-15--06--43 Sleep Check Completed
INFO:root:2021-08-10-15--06--43 Frame manipulations completed
INFO:root:2021-08-10-15--06--43 Bounding Box Drawn
INFO:root:2021-08-10-15--06--44 MovingFrameQueue Popped
INFO:root:2021-08-10-15--06--44 Colour Conversion Completed
INFO:root:2021-08-10-15--06--44 Sleep Check Completed
INFO:root:2021-08-10-15--06--44 Frame manipulations completed
INFO:root:2021-08-10-15--06--44 Bounding Box Drawn
INFO:root:2021-08-10-15--06--44 MovingFrameQueue Appended
INFO:root:2021-08-10-15--06--44 Colour Conversion Completed
INFO:root:2021-08-10-15--06--44 Sleep Check Completed
INFO:root:2021-08-10-15--06--44 Frame manipulations completed
INFO:root:2021-08-10-15--06--44 Bounding Box Drawn
INFO:root:2021-08-10-15--06--44 MovingFrameQueue Popped
INFO:root:2021-08-10-15--06--44 Colour Conversion Completed
INFO:root:2021-08-10-15--06--44 Sleep Check Completed
INFO:root:2021-08-10-15--06--44 Frame manipulations completed
INFO:root:2021-08-10-15--06--44 Bounding Box Drawn
INFO:root:2021-08-10-15--06--44 MovingFrameQueue Appended
INFO:root:2021-08-10-15--06--44 Colour Conversion Completed
INFO:root:2021-08-10-15--06--44 Sleep Check Completed
INFO:root:2021-08-10-15--06--44 Frame manipulations completed
INFO:root:2021-08-10-15--06--44 Bounding Box Drawn
INFO:root:2021-08-10-15--06--45 MovingFrameQueue Popped
INFO:root:2021-08-10-15--06--45 Colour Conversion Completed
INFO:root:2021-08-10-15--06--45 Sleep Check Completed
INFO:root:2021-08-10-15--06--45 Frame manipulations completed
INFO:root:2021-08-10-15--06--45 Bounding Box Drawn
INFO:root:2021-08-10-15--06--45 MovingFrameQueue Appended
INFO:root:2021-08-10-15--06--45 Colour Conversion Completed
INFO:root:2021-08-10-15--06--45 Sleep Check Completed
INFO:root:2021-08-10-15--06--45 Frame manipulations completed
INFO:root:2021-08-10-15--06--45 Bounding Box Drawn
INFO:root:2021-08-10-15--06--45 MovingFrameQueue Popped
INFO:root:2021-08-10-15--06--45 Colour Conversion Completed
INFO:root:2021-08-10-15--06--45 Sleep Check Completed
INFO:root:2021-08-10-15--06--45 Frame manipulations completed
INFO:root:2021-08-10-15--06--45 Bounding Box Drawn
INFO:root:2021-08-10-15--06--45 MovingFrameQueue Appended
INFO:root:2021-08-10-15--06--45 Colour Conversion Completed
INFO:root:2021-08-10-15--06--45 Sleep Check Completed
INFO:root:2021-08-10-15--06--45 Frame manipulations completed
INFO:root:2021-08-10-15--06--45 Bounding Box Drawn
INFO:root:2021-08-10-15--06--45 MovingFrameQueue Popped
INFO:root:2021-08-10-15--06--45 Colour Conversion Completed
INFO:root:2021-08-10-15--06--45 Sleep Check Completed
INFO:root:2021-08-10-15--06--45 Frame manipulations completed
INFO:root:2021-08-10-15--06--45 Bounding Box Drawn
INFO:root:2021-08-10-15--06--45 MovingFrameQueue Appended
INFO:root:2021-08-10-15--06--47 Colour Conversion Completed
INFO:root:2021-08-10-15--06--47 Sleep Check Completed
INFO:root:2021-08-10-15--06--47 Frame manipulations completed
INFO:root:2021-08-10-15--06--47 Bounding Box Drawn
INFO:root:2021-08-10-15--06--47 MovingFrameQueue Popped
INFO:root:2021-08-10-15--06--47 Colour Conversion Completed
INFO:root:2021-08-10-15--06--47 Sleep Check Completed
INFO:root:2021-08-10-15--06--47 Frame manipulations completed
INFO:root:2021-08-10-15--06--47 Bounding Box Drawn
INFO:root:2021-08-10-15--06--48 MovingFrameQueue Appended
INFO:root:2021-08-10-15--06--48 Colour Conversion Completed
INFO:root:2021-08-10-15--06--48 Sleep Check Completed
INFO:root:2021-08-10-15--06--48 Frame manipulations completed
INFO:root:2021-08-10-15--06--48 Bounding Box Drawn
INFO:root:2021-08-10-15--06--48 MovingFrameQueue Popped
INFO:root:2021-08-10-15--06--48 Colour Conversion Completed
INFO:root:2021-08-10-15--06--48 Sleep Check Completed
INFO:root:2021-08-10-15--06--48 Frame manipulations completed
INFO:root:2021-08-10-15--06--48 Bounding Box Drawn
INFO:root:2021-08-10-15--06--48 MovingFrameQueue Appended
INFO:root:2021-08-10-15--06--48 Colour Conversion Completed
INFO:root:2021-08-10-15--06--48 Sleep Check Completed
INFO:root:2021-08-10-15--06--48 Frame manipulations completed
INFO:root:2021-08-10-15--06--48 Bounding Box Drawn
INFO:root:2021-08-10-15--06--48 MovingFrameQueue Popped
INFO:root:2021-08-10-15--06--48 Colour Conversion Completed
INFO:root:2021-08-10-15--06--48 Sleep Check Completed
INFO:root:2021-08-10-15--06--48 Frame manipulations completed
INFO:root:2021-08-10-15--06--48 Bounding Box Drawn
INFO:root:2021-08-10-15--06--49 MovingFrameQueue Appended
INFO:root:2021-08-10-15--06--49 Colour Conversion Completed
INFO:root:2021-08-10-15--06--49 Sleep Check Completed
INFO:root:2021-08-10-15--06--49 Frame manipulations completed
INFO:root:2021-08-10-15--06--49 Bounding Box Drawn
INFO:root:2021-08-10-15--06--49 MovingFrameQueue Popped
INFO:root:2021-08-10-15--06--49 Colour Conversion Completed
INFO:root:2021-08-10-15--06--49 Sleep Check Completed
INFO:root:2021-08-10-15--06--49 Frame manipulations completed
INFO:root:2021-08-10-15--06--49 Bounding Box Drawn
INFO:root:2021-08-10-15--06--49 MovingFrameQueue Appended
INFO:root:2021-08-10-15--06--49 Colour Conversion Completed
INFO:root:2021-08-10-15--06--49 Sleep Check Completed
INFO:root:2021-08-10-15--06--49 Frame manipulations completed
INFO:root:2021-08-10-15--06--49 Bounding Box Drawn
INFO:root:2021-08-10-15--06--49 MovingFrameQueue Popped
INFO:root:2021-08-10-15--06--49 Colour Conversion Completed
INFO:root:2021-08-10-15--06--49 Sleep Check Completed
INFO:root:2021-08-10-15--06--49 Frame manipulations completed
INFO:root:2021-08-10-15--06--49 Bounding Box Drawn
INFO:root:2021-08-10-15--06--49 MovingFrameQueue Appended
INFO:root:2021-08-10-15--06--49 Colour Conversion Completed
INFO:root:2021-08-10-15--06--49 Sleep Check Completed
INFO:root:2021-08-10-15--06--49 Frame manipulations completed
INFO:root:2021-08-10-15--06--49 Bounding Box Drawn
INFO:root:2021-08-10-15--06--50 MovingFrameQueue Popped
INFO:root:2021-08-10-15--06--50 Colour Conversion Completed
INFO:root:2021-08-10-15--06--50 Sleep Check Completed
INFO:root:2021-08-10-15--06--50 Frame manipulations completed
INFO:root:2021-08-10-15--06--50 Bounding Box Drawn
INFO:root:2021-08-10-15--06--50 MovingFrameQueue Appended
INFO:root:2021-08-10-15--06--50 Colour Conversion Completed
INFO:root:2021-08-10-15--06--50 Sleep Check Completed
INFO:root:2021-08-10-15--06--50 Frame manipulations completed
INFO:root:2021-08-10-15--06--50 Bounding Box Drawn
INFO:root:2021-08-10-15--06--50 MovingFrameQueue Popped
INFO:root:2021-08-10-15--06--50 Colour Conversion Completed
INFO:root:2021-08-10-15--06--50 Sleep Check Completed
INFO:root:2021-08-10-15--06--50 Frame manipulations completed
INFO:root:2021-08-10-15--06--50 Bounding Box Drawn
INFO:root:2021-08-10-15--06--50 MovingFrameQueue Appended
INFO:root:2021-08-10-15--06--50 Colour Conversion Completed
INFO:root:2021-08-10-15--06--50 Sleep Check Completed
INFO:root:2021-08-10-15--06--50 Frame manipulations completed
INFO:root:2021-08-10-15--06--50 Bounding Box Drawn
INFO:root:2021-08-10-15--06--50 MovingFrameQueue Popped
INFO:root:2021-08-10-15--06--50 Colour Conversion Completed
INFO:root:2021-08-10-15--06--50 Sleep Check Completed
INFO:root:2021-08-10-15--06--50 Frame manipulations completed
INFO:root:2021-08-10-15--06--50 Bounding Box Drawn
INFO:root:2021-08-10-15--06--50 MovingFrameQueue Appended
INFO:root:2021-08-10-15--06--50 Colour Conversion Completed
INFO:root:2021-08-10-15--06--51 Sleep Check Completed
INFO:root:2021-08-10-15--06--51 Frame manipulations completed
INFO:root:2021-08-10-15--06--51 Bounding Box Drawn
INFO:root:2021-08-10-15--06--51 MovingFrameQueue Popped
INFO:root:2021-08-10-15--06--51 Colour Conversion Completed
INFO:root:2021-08-10-15--06--51 Sleep Check Completed
INFO:root:2021-08-10-15--06--51 Frame manipulations completed
INFO:root:2021-08-10-15--06--51 Bounding Box Drawn
INFO:root:2021-08-10-15--06--51 MovingFrameQueue Appended
INFO:root:2021-08-10-15--06--51 Colour Conversion Completed
INFO:root:2021-08-10-15--06--51 Sleep Check Completed
INFO:root:2021-08-10-15--06--51 Frame manipulations completed
INFO:root:2021-08-10-15--06--51 Bounding Box Drawn
INFO:root:2021-08-10-15--06--51 MovingFrameQueue Popped
INFO:root:2021-08-10-15--06--51 Colour Conversion Completed
INFO:root:2021-08-10-15--06--51 Sleep Check Completed
INFO:root:2021-08-10-15--06--51 Frame manipulations completed
INFO:root:2021-08-10-15--06--51 Bounding Box Drawn
INFO:root:2021-08-10-15--06--51 MovingFrameQueue Appended
INFO:root:2021-08-10-15--06--51 Colour Conversion Completed
INFO:root:2021-08-10-15--06--51 Sleep Check Completed
INFO:root:2021-08-10-15--06--51 Frame manipulations completed
INFO:root:2021-08-10-15--06--51 Bounding Box Drawn
INFO:root:2021-08-10-15--06--51 MovingFrameQueue Popped
INFO:root:2021-08-10-15--06--51 Colour Conversion Completed
INFO:root:2021-08-10-15--06--51 Sleep Check Completed
INFO:root:2021-08-10-15--06--51 Frame manipulations completed
INFO:root:2021-08-10-15--06--51 Bounding Box Drawn
INFO:root:2021-08-10-15--06--52 MovingFrameQueue Appended
INFO:root:2021-08-10-15--06--52 Colour Conversion Completed
INFO:root:2021-08-10-15--06--52 Sleep Check Completed
INFO:root:2021-08-10-15--06--52 Frame manipulations completed
INFO:root:2021-08-10-15--06--52 Bounding Box Drawn
INFO:root:2021-08-10-15--06--52 MovingFrameQueue Popped
INFO:root:2021-08-10-15--06--52 Colour Conversion Completed
INFO:root:2021-08-10-15--06--52 Sleep Check Completed
INFO:root:2021-08-10-15--06--52 Frame manipulations completed
INFO:root:2021-08-10-15--06--52 Bounding Box Drawn
INFO:root:2021-08-10-15--06--52 MovingFrameQueue Appended
INFO:root:2021-08-10-15--06--52 Colour Conversion Completed
INFO:root:2021-08-10-15--06--52 Sleep Check Completed
INFO:root:2021-08-10-15--06--52 Frame manipulations completed
INFO:root:2021-08-10-15--06--52 Bounding Box Drawn
INFO:root:2021-08-10-15--06--52 MovingFrameQueue Popped
INFO:root:2021-08-10-15--06--52 Colour Conversion Completed
INFO:root:2021-08-10-15--06--52 Sleep Check Completed
INFO:root:2021-08-10-15--06--52 Frame manipulations completed
INFO:root:2021-08-10-15--06--52 Bounding Box Drawn
INFO:root:2021-08-10-15--06--52 MovingFrameQueue Appended
INFO:root:2021-08-10-15--06--52 Colour Conversion Completed
INFO:root:2021-08-10-15--06--52 Sleep Check Completed
INFO:root:2021-08-10-15--06--52 Frame manipulations completed
INFO:root:2021-08-10-15--06--52 Bounding Box Drawn
INFO:root:2021-08-10-15--06--53 MovingFrameQueue Popped
INFO:root:2021-08-10-15--06--53 Colour Conversion Completed
INFO:root:2021-08-10-15--06--53 Sleep Check Completed
INFO:root:2021-08-10-15--06--53 Frame manipulations completed
INFO:root:2021-08-10-15--06--53 Bounding Box Drawn
INFO:root:2021-08-10-15--06--53 MovingFrameQueue Appended
INFO:root:2021-08-10-15--06--53 Colour Conversion Completed
INFO:root:2021-08-10-15--06--53 Sleep Check Completed
INFO:root:2021-08-10-15--06--53 Frame manipulations completed
INFO:root:2021-08-10-15--06--53 Bounding Box Drawn
INFO:root:2021-08-10-15--06--53 MovingFrameQueue Popped
INFO:root:2021-08-10-15--06--53 Colour Conversion Completed
INFO:root:2021-08-10-15--06--53 Sleep Check Completed
INFO:root:2021-08-10-15--06--53 Frame manipulations completed
INFO:root:2021-08-10-15--06--53 Bounding Box Drawn
INFO:root:2021-08-10-15--06--53 MovingFrameQueue Appended
INFO:root:2021-08-10-15--06--53 Colour Conversion Completed
INFO:root:2021-08-10-15--06--53 Sleep Check Completed
INFO:root:2021-08-10-15--06--53 Frame manipulations completed
INFO:root:2021-08-10-15--06--53 Bounding Box Drawn
INFO:root:2021-08-10-15--06--53 MovingFrameQueue Popped
INFO:root:2021-08-10-15--06--53 Colour Conversion Completed
INFO:root:2021-08-10-15--06--54 Sleep Check Completed
INFO:root:2021-08-10-15--06--54 Frame manipulations completed
INFO:root:2021-08-10-15--06--54 Bounding Box Drawn
INFO:root:2021-08-10-15--06--54 MovingFrameQueue Appended
INFO:root:2021-08-10-15--06--54 Colour Conversion Completed
INFO:root:2021-08-10-15--06--54 Sleep Check Completed
INFO:root:2021-08-10-15--06--54 Frame manipulations completed
INFO:root:2021-08-10-15--06--54 Bounding Box Drawn
INFO:root:2021-08-10-15--06--54 MovingFrameQueue Popped
INFO:root:2021-08-10-15--06--54 Colour Conversion Completed
INFO:root:2021-08-10-15--06--54 Sleep Check Completed
INFO:root:2021-08-10-15--06--54 Frame manipulations completed
INFO:root:2021-08-10-15--06--54 Bounding Box Drawn
INFO:root:2021-08-10-15--06--54[INFO] elapsed time: 35.44
INFO:root:2021-08-10-15--06--54[INFO] approx. FPS: 3.89
ERROR:root:2021-08-10-15--06--54 Getting Auth Token Failure
ERROR:root:2021-08-10-15--06--54 BedTime Upload Failed
