INFO:root:2021-07-16-16--03--37 Parameter Generation Success
INFO:root:2021-07-16-16--03--37 Colour Conversion Completed
INFO:root:2021-07-16-16--03--37 Sleep Check Completed
INFO:root:2021-07-16-16--03--37 Frame manipulations completed
INFO:root:2021-07-16-16--03--37 Bounding Box Drawn
INFO:root:2021-07-16-16--03--42 MovingFrameQueue Appended
INFO:root:2021-07-16-16--03--42 anomallyFrameTracker resetted to 200
INFO:root:2021-07-16-16--03--42 Colour Conversion Completed
INFO:root:2021-07-16-16--03--42 Sleep Check Completed
INFO:root:2021-07-16-16--03--42 Frame manipulations completed
INFO:root:2021-07-16-16--03--42 Bounding Box Drawn
INFO:root:2021-07-16-16--03--42 MovingFrameQueue Appended
INFO:root:2021-07-16-16--03--42 anomallyFrameTracker resetted to 200
INFO:root:2021-07-16-16--03--42 Colour Conversion Completed
INFO:root:2021-07-16-16--03--42 Sleep Check Completed
INFO:root:2021-07-16-16--03--42 Frame manipulations completed
INFO:root:2021-07-16-16--03--42 Bounding Box Drawn
INFO:root:2021-07-16-16--03--42 MovingFrameQueue Appended
INFO:root:2021-07-16-16--03--42 anomallyFrameTracker resetted to 200
INFO:root:2021-07-16-16--03--42 Colour Conversion Completed
INFO:root:2021-07-16-16--03--42 Sleep Check Completed
INFO:root:2021-07-16-16--03--42 Frame manipulations completed
INFO:root:2021-07-16-16--03--42 Bounding Box Drawn
INFO:root:2021-07-16-16--03--42 MovingFrameQueue Appended
INFO:root:2021-07-16-16--03--42 anomallyFrameTracker resetted to 200
INFO:root:2021-07-16-16--03--42 Colour Conversion Completed
INFO:root:2021-07-16-16--03--42 Sleep Check Completed
INFO:root:2021-07-16-16--03--42 Frame manipulations completed
INFO:root:2021-07-16-16--03--42 Bounding Box Drawn
INFO:root:2021-07-16-16--03--42 MovingFrameQueue Appended
INFO:root:2021-07-16-16--03--42 anomallyFrameTracker resetted to 200
INFO:root:2021-07-16-16--03--42 Colour Conversion Completed
INFO:root:2021-07-16-16--03--42 Sleep Check Completed
INFO:root:2021-07-16-16--03--42 Frame manipulations completed
INFO:root:2021-07-16-16--03--42 Bounding Box Drawn
INFO:root:2021-07-16-16--03--42 MovingFrameQueue Appended
INFO:root:2021-07-16-16--03--42 anomallyFrameTracker resetted to 200
INFO:root:2021-07-16-16--03--42 Colour Conversion Completed
INFO:root:2021-07-16-16--03--42 Sleep Check Completed
INFO:root:2021-07-16-16--03--42 Frame manipulations completed
INFO:root:2021-07-16-16--03--42 Bounding Box Drawn
INFO:root:2021-07-16-16--03--42 MovingFrameQueue Appended
INFO:root:2021-07-16-16--03--42 anomallyFrameTracker resetted to 200
INFO:root:2021-07-16-16--03--42 Colour Conversion Completed
INFO:root:2021-07-16-16--03--42 Sleep Check Completed
INFO:root:2021-07-16-16--03--42 Frame manipulations completed
INFO:root:2021-07-16-16--03--42 Bounding Box Drawn
INFO:root:2021-07-16-16--03--43 MovingFrameQueue Appended
INFO:root:2021-07-16-16--03--43 anomallyFrameTracker resetted to 200
INFO:root:2021-07-16-16--03--43 Colour Conversion Completed
INFO:root:2021-07-16-16--03--43 Sleep Check Completed
INFO:root:2021-07-16-16--03--43 Frame manipulations completed
INFO:root:2021-07-16-16--03--43 Bounding Box Drawn
INFO:root:2021-07-16-16--03--43 MovingFrameQueue Appended
INFO:root:2021-07-16-16--03--43 anomallyFrameTracker resetted to 200
INFO:root:2021-07-16-16--03--43 Colour Conversion Completed
INFO:root:2021-07-16-16--03--43 Sleep Check Completed
INFO:root:2021-07-16-16--03--43 Frame manipulations completed
INFO:root:2021-07-16-16--03--43 Bounding Box Drawn
INFO:root:2021-07-16-16--03--43 MovingFrameQueue Appended
INFO:root:2021-07-16-16--03--43 anomallyFrameTracker resetted to 200
INFO:root:2021-07-16-16--03--43 Colour Conversion Completed
INFO:root:2021-07-16-16--03--43 Sleep Check Completed
INFO:root:2021-07-16-16--03--43 Frame manipulations completed
INFO:root:2021-07-16-16--03--43 Bounding Box Drawn
INFO:root:2021-07-16-16--03--43 MovingFrameQueue Appended
INFO:root:2021-07-16-16--03--43 anomallyFrameTracker resetted to 200
INFO:root:2021-07-16-16--03--43 Colour Conversion Completed
INFO:root:2021-07-16-16--03--43 Sleep Check Completed
INFO:root:2021-07-16-16--03--43 Frame manipulations completed
INFO:root:2021-07-16-16--03--43 Bounding Box Drawn
INFO:root:2021-07-16-16--03--43 MovingFrameQueue Appended
INFO:root:2021-07-16-16--03--43 anomallyFrameTracker resetted to 200
INFO:root:2021-07-16-16--03--43 Colour Conversion Completed
INFO:root:2021-07-16-16--03--43 Sleep Check Completed
INFO:root:2021-07-16-16--03--43 Frame manipulations completed
INFO:root:2021-07-16-16--03--43 Bounding Box Drawn
INFO:root:2021-07-16-16--03--43 MovingFrameQueue Appended
INFO:root:2021-07-16-16--03--43 anomallyFrameTracker resetted to 200
INFO:root:2021-07-16-16--03--43 Colour Conversion Completed
INFO:root:2021-07-16-16--03--43 Sleep Check Completed
INFO:root:2021-07-16-16--03--43 Frame manipulations completed
INFO:root:2021-07-16-16--03--43 Bounding Box Drawn
INFO:root:2021-07-16-16--03--43 MovingFrameQueue Appended
INFO:root:2021-07-16-16--03--43 anomallyFrameTracker resetted to 200
INFO:root:2021-07-16-16--03--43 Colour Conversion Completed
INFO:root:2021-07-16-16--03--43 Sleep Check Completed
INFO:root:2021-07-16-16--03--43 Frame manipulations completed
INFO:root:2021-07-16-16--03--43 Bounding Box Drawn
INFO:root:2021-07-16-16--03--43 MovingFrameQueue Appended
INFO:root:2021-07-16-16--03--43 anomallyFrameTracker resetted to 200
INFO:root:2021-07-16-16--03--43 Colour Conversion Completed
INFO:root:2021-07-16-16--03--43 Sleep Check Completed
INFO:root:2021-07-16-16--03--43 Frame manipulations completed
INFO:root:2021-07-16-16--03--43 Bounding Box Drawn
INFO:root:2021-07-16-16--03--43 MovingFrameQueue Appended
INFO:root:2021-07-16-16--03--43 anomallyFrameTracker resetted to 200
INFO:root:2021-07-16-16--03--43 Colour Conversion Completed
INFO:root:2021-07-16-16--03--43 Sleep Check Completed
INFO:root:2021-07-16-16--03--43 Frame manipulations completed
INFO:root:2021-07-16-16--03--43 Bounding Box Drawn
INFO:root:2021-07-16-16--03--43 MovingFrameQueue Appended
INFO:root:2021-07-16-16--03--43 anomallyFrameTracker resetted to 200
INFO:root:2021-07-16-16--03--44 Colour Conversion Completed
INFO:root:2021-07-16-16--03--44 Sleep Check Completed
INFO:root:2021-07-16-16--03--44 Frame manipulations completed
INFO:root:2021-07-16-16--03--44 Bounding Box Drawn
INFO:root:2021-07-16-16--03--44 MovingFrameQueue Appended
INFO:root:2021-07-16-16--03--44 anomallyFrameTracker resetted to 200
INFO:root:2021-07-16-16--03--44 Colour Conversion Completed
INFO:root:2021-07-16-16--03--44 Sleep Check Completed
INFO:root:2021-07-16-16--03--44 Frame manipulations completed
INFO:root:2021-07-16-16--03--44 Bounding Box Drawn
INFO:root:2021-07-16-16--03--44 MovingFrameQueue Appended
INFO:root:2021-07-16-16--03--44 anomallyFrameTracker resetted to 200
INFO:root:2021-07-16-16--03--44 Colour Conversion Completed
INFO:root:2021-07-16-16--03--44 Sleep Check Completed
INFO:root:2021-07-16-16--03--44 Frame manipulations completed
INFO:root:2021-07-16-16--03--44 Bounding Box Drawn
INFO:root:2021-07-16-16--03--44 MovingFrameQueue Appended
INFO:root:2021-07-16-16--03--44 anomallyFrameTracker resetted to 200
INFO:root:2021-07-16-16--03--44 Colour Conversion Completed
INFO:root:2021-07-16-16--03--44 Sleep Check Completed
INFO:root:2021-07-16-16--03--44 Frame manipulations completed
INFO:root:2021-07-16-16--03--44 Bounding Box Drawn
INFO:root:2021-07-16-16--03--44 MovingFrameQueue Appended
INFO:root:2021-07-16-16--03--44 anomallyFrameTracker resetted to 200
INFO:root:2021-07-16-16--03--44 Colour Conversion Completed
INFO:root:2021-07-16-16--03--44 Sleep Check Completed
INFO:root:2021-07-16-16--03--44 Frame manipulations completed
INFO:root:2021-07-16-16--03--44 Bounding Box Drawn
INFO:root:2021-07-16-16--03--44 MovingFrameQueue Appended
INFO:root:2021-07-16-16--03--44 anomallyFrameTracker resetted to 200
INFO:root:2021-07-16-16--03--44 Colour Conversion Completed
INFO:root:2021-07-16-16--03--44 Sleep Check Completed
INFO:root:2021-07-16-16--03--44 Frame manipulations completed
INFO:root:2021-07-16-16--03--44 Bounding Box Drawn
INFO:root:2021-07-16-16--03--44 MovingFrameQueue Appended
INFO:root:2021-07-16-16--03--44 anomallyFrameTracker resetted to 200
INFO:root:2021-07-16-16--03--44 Colour Conversion Completed
INFO:root:2021-07-16-16--03--44 Sleep Check Completed
INFO:root:2021-07-16-16--03--44 Frame manipulations completed
INFO:root:2021-07-16-16--03--44 Bounding Box Drawn
INFO:root:2021-07-16-16--03--44 MovingFrameQueue Appended
INFO:root:2021-07-16-16--03--44 anomallyFrameTracker resetted to 200
INFO:root:2021-07-16-16--03--44 Colour Conversion Completed
INFO:root:2021-07-16-16--03--44 Sleep Check Completed
INFO:root:2021-07-16-16--03--44 Frame manipulations completed
INFO:root:2021-07-16-16--03--44 Bounding Box Drawn
INFO:root:2021-07-16-16--03--44 MovingFrameQueue Appended
INFO:root:2021-07-16-16--03--44 anomallyFrameTracker resetted to 200
INFO:root:2021-07-16-16--03--44 Colour Conversion Completed
INFO:root:2021-07-16-16--03--44 Sleep Check Completed
INFO:root:2021-07-16-16--03--44 Frame manipulations completed
INFO:root:2021-07-16-16--03--44 Bounding Box Drawn
INFO:root:2021-07-16-16--03--45 MovingFrameQueue Appended
INFO:root:2021-07-16-16--03--45 anomallyFrameTracker resetted to 200
INFO:root:2021-07-16-16--03--45 Colour Conversion Completed
INFO:root:2021-07-16-16--03--45 Sleep Check Completed
INFO:root:2021-07-16-16--03--45 Frame manipulations completed
INFO:root:2021-07-16-16--03--45 Bounding Box Drawn
INFO:root:2021-07-16-16--03--45 MovingFrameQueue Appended
INFO:root:2021-07-16-16--03--45 anomallyFrameTracker resetted to 200
INFO:root:2021-07-16-16--03--45 Colour Conversion Completed
INFO:root:2021-07-16-16--03--45 Sleep Check Completed
INFO:root:2021-07-16-16--03--45 Frame manipulations completed
INFO:root:2021-07-16-16--03--45 Bounding Box Drawn
INFO:root:2021-07-16-16--03--45 MovingFrameQueue Appended
INFO:root:2021-07-16-16--03--45 anomallyFrameTracker resetted to 200
INFO:root:2021-07-16-16--03--45 Colour Conversion Completed
INFO:root:2021-07-16-16--03--45 Sleep Check Completed
INFO:root:2021-07-16-16--03--45 Frame manipulations completed
INFO:root:2021-07-16-16--03--45 Bounding Box Drawn
INFO:root:2021-07-16-16--03--45[INFO] elapsed time: 8.26
INFO:root:2021-07-16-16--03--45[INFO] approx. FPS: 3.39
INFO:root:2021-07-16-16--03--45 Getting Auth Token Success
INFO:root:2021-07-16-16--03--45 BedTime Upload Completed
