INFO:root:2021-08-02-11--47--28 Parameter Generation Success
INFO:root:2021-08-02-11--47--32 Colour Conversion Completed
INFO:root:2021-08-02-11--47--32 Sleep Check Completed
INFO:root:2021-08-02-11--47--32 Frame manipulations completed
INFO:root:2021-08-02-11--47--32 Bounding Box Drawn
INFO:root:2021-08-02-11--47--38 MovingFrameQueue Appended
INFO:root:2021-08-02-11--47--38 Colour Conversion Completed
INFO:root:2021-08-02-11--47--38 Sleep Check Completed
INFO:root:2021-08-02-11--47--38 Frame manipulations completed
INFO:root:2021-08-02-11--47--38 Bounding Box Drawn
INFO:root:2021-08-02-11--47--38 MovingFrameQueue Appended
INFO:root:2021-08-02-11--47--38 Colour Conversion Completed
INFO:root:2021-08-02-11--47--38 Sleep Check Completed
INFO:root:2021-08-02-11--47--38 Frame manipulations completed
INFO:root:2021-08-02-11--47--38 Bounding Box Drawn
INFO:root:2021-08-02-11--47--38 MovingFrameQueue Appended
INFO:root:2021-08-02-11--47--38 Colour Conversion Completed
INFO:root:2021-08-02-11--47--39 Sleep Check Completed
INFO:root:2021-08-02-11--47--39 Frame manipulations completed
INFO:root:2021-08-02-11--47--39 Bounding Box Drawn
INFO:root:2021-08-02-11--47--39 MovingFrameQueue Appended
INFO:root:2021-08-02-11--47--39 Colour Conversion Completed
INFO:root:2021-08-02-11--47--39 Sleep Check Completed
INFO:root:2021-08-02-11--47--39 Frame manipulations completed
INFO:root:2021-08-02-11--47--39 Bounding Box Drawn
INFO:root:2021-08-02-11--47--39 MovingFrameQueue Appended
INFO:root:2021-08-02-11--47--39 Colour Conversion Completed
INFO:root:2021-08-02-11--47--39 Sleep Check Completed
INFO:root:2021-08-02-11--47--39 Frame manipulations completed
INFO:root:2021-08-02-11--47--39 Bounding Box Drawn
INFO:root:2021-08-02-11--47--39 MovingFrameQueue Appended
INFO:root:2021-08-02-11--47--39 Colour Conversion Completed
INFO:root:2021-08-02-11--47--39 Sleep Check Completed
INFO:root:2021-08-02-11--47--39 Frame manipulations completed
INFO:root:2021-08-02-11--47--39 Bounding Box Drawn
INFO:root:2021-08-02-11--47--39 MovingFrameQueue Appended
INFO:root:2021-08-02-11--47--39 Colour Conversion Completed
INFO:root:2021-08-02-11--47--39 Sleep Check Completed
INFO:root:2021-08-02-11--47--39 Frame manipulations completed
INFO:root:2021-08-02-11--47--39 Bounding Box Drawn
INFO:root:2021-08-02-11--47--39 MovingFrameQueue Appended
INFO:root:2021-08-02-11--47--39 Colour Conversion Completed
INFO:root:2021-08-02-11--47--39 Sleep Check Completed
INFO:root:2021-08-02-11--47--39 Frame manipulations completed
INFO:root:2021-08-02-11--47--39 Bounding Box Drawn
INFO:root:2021-08-02-11--47--39 MovingFrameQueue Appended
INFO:root:2021-08-02-11--47--39 Colour Conversion Completed
INFO:root:2021-08-02-11--47--39 Sleep Check Completed
INFO:root:2021-08-02-11--47--39 Frame manipulations completed
INFO:root:2021-08-02-11--47--39 Bounding Box Drawn
INFO:root:2021-08-02-11--47--40 MovingFrameQueue Appended
INFO:root:2021-08-02-11--47--40 Colour Conversion Completed
INFO:root:2021-08-02-11--47--40 Sleep Check Completed
INFO:root:2021-08-02-11--47--40 Frame manipulations completed
INFO:root:2021-08-02-11--47--40 Bounding Box Drawn
INFO:root:2021-08-02-11--47--40 MovingFrameQueue Appended
INFO:root:2021-08-02-11--47--40 Colour Conversion Completed
INFO:root:2021-08-02-11--47--40 Sleep Check Completed
INFO:root:2021-08-02-11--47--40 Frame manipulations completed
INFO:root:2021-08-02-11--47--40 Bounding Box Drawn
INFO:root:2021-08-02-11--47--40 MovingFrameQueue Appended
INFO:root:2021-08-02-11--47--40 Colour Conversion Completed
INFO:root:2021-08-02-11--47--40 Sleep Check Completed
INFO:root:2021-08-02-11--47--40 Frame manipulations completed
INFO:root:2021-08-02-11--47--40 Bounding Box Drawn
INFO:root:2021-08-02-11--47--40 MovingFrameQueue Appended
INFO:root:2021-08-02-11--47--40 Colour Conversion Completed
INFO:root:2021-08-02-11--47--40 Sleep Check Completed
INFO:root:2021-08-02-11--47--40 Frame manipulations completed
INFO:root:2021-08-02-11--47--40 Bounding Box Drawn
INFO:root:2021-08-02-11--47--40 MovingFrameQueue Appended
INFO:root:2021-08-02-11--47--40 Colour Conversion Completed
INFO:root:2021-08-02-11--47--40 Sleep Check Completed
INFO:root:2021-08-02-11--47--40 Frame manipulations completed
INFO:root:2021-08-02-11--47--40 Bounding Box Drawn
INFO:root:2021-08-02-11--47--40 MovingFrameQueue Appended
INFO:root:2021-08-02-11--47--40 Colour Conversion Completed
INFO:root:2021-08-02-11--47--40 Sleep Check Completed
INFO:root:2021-08-02-11--47--40 Frame manipulations completed
INFO:root:2021-08-02-11--47--40 Bounding Box Drawn
INFO:root:2021-08-02-11--47--40 MovingFrameQueue Appended
INFO:root:2021-08-02-11--47--40 Colour Conversion Completed
INFO:root:2021-08-02-11--47--40 Sleep Check Completed
INFO:root:2021-08-02-11--47--40 Frame manipulations completed
INFO:root:2021-08-02-11--47--40 Bounding Box Drawn
INFO:root:2021-08-02-11--47--41 MovingFrameQueue Appended
INFO:root:2021-08-02-11--47--41 Colour Conversion Completed
INFO:root:2021-08-02-11--47--41 Sleep Check Completed
INFO:root:2021-08-02-11--47--41 Frame manipulations completed
INFO:root:2021-08-02-11--47--41 Bounding Box Drawn
INFO:root:2021-08-02-11--47--41 MovingFrameQueue Appended
INFO:root:2021-08-02-11--47--41 Colour Conversion Completed
INFO:root:2021-08-02-11--47--41 Sleep Check Completed
INFO:root:2021-08-02-11--47--41 Frame manipulations completed
INFO:root:2021-08-02-11--47--41 Bounding Box Drawn
INFO:root:2021-08-02-11--47--41 MovingFrameQueue Appended
INFO:root:2021-08-02-11--47--41 Colour Conversion Completed
INFO:root:2021-08-02-11--47--41 Sleep Check Completed
INFO:root:2021-08-02-11--47--41 Frame manipulations completed
INFO:root:2021-08-02-11--47--41 Bounding Box Drawn
INFO:root:2021-08-02-11--47--41 MovingFrameQueue Appended
INFO:root:2021-08-02-11--47--41 Colour Conversion Completed
INFO:root:2021-08-02-11--47--41 Sleep Check Completed
INFO:root:2021-08-02-11--47--41 Frame manipulations completed
INFO:root:2021-08-02-11--47--41 Bounding Box Drawn
INFO:root:2021-08-02-11--47--41 MovingFrameQueue Appended
INFO:root:2021-08-02-11--47--41 Colour Conversion Completed
INFO:root:2021-08-02-11--47--41 Sleep Check Completed
INFO:root:2021-08-02-11--47--41 Frame manipulations completed
INFO:root:2021-08-02-11--47--41 Bounding Box Drawn
INFO:root:2021-08-02-11--47--41 MovingFrameQueue Appended
INFO:root:2021-08-02-11--47--41 Colour Conversion Completed
INFO:root:2021-08-02-11--47--41 Sleep Check Completed
INFO:root:2021-08-02-11--47--41 Frame manipulations completed
INFO:root:2021-08-02-11--47--41 Bounding Box Drawn
INFO:root:2021-08-02-11--47--41 MovingFrameQueue Appended
INFO:root:2021-08-02-11--47--41 Colour Conversion Completed
INFO:root:2021-08-02-11--47--41 Sleep Check Completed
INFO:root:2021-08-02-11--47--41 Frame manipulations completed
INFO:root:2021-08-02-11--47--41 Bounding Box Drawn
INFO:root:2021-08-02-11--47--42 MovingFrameQueue Appended
INFO:root:2021-08-02-11--47--42 Colour Conversion Completed
INFO:root:2021-08-02-11--47--42 Sleep Check Completed
INFO:root:2021-08-02-11--47--42 Frame manipulations completed
INFO:root:2021-08-02-11--47--42 Bounding Box Drawn
INFO:root:2021-08-02-11--47--42 MovingFrameQueue Appended
INFO:root:2021-08-02-11--47--42 Colour Conversion Completed
INFO:root:2021-08-02-11--47--42 Sleep Check Completed
INFO:root:2021-08-02-11--47--42 Frame manipulations completed
INFO:root:2021-08-02-11--47--42 Bounding Box Drawn
INFO:root:2021-08-02-11--47--42 MovingFrameQueue Appended
INFO:root:2021-08-02-11--47--42 Colour Conversion Completed
INFO:root:2021-08-02-11--47--42 Sleep Check Completed
INFO:root:2021-08-02-11--47--42 Frame manipulations completed
INFO:root:2021-08-02-11--47--42 Bounding Box Drawn
INFO:root:2021-08-02-11--47--42 MovingFrameQueue Appended
INFO:root:2021-08-02-11--47--42 Colour Conversion Completed
INFO:root:2021-08-02-11--47--42 Sleep Check Completed
INFO:root:2021-08-02-11--47--42 Frame manipulations completed
INFO:root:2021-08-02-11--47--42 Bounding Box Drawn
INFO:root:2021-08-02-11--47--42 MovingFrameQueue Appended
INFO:root:2021-08-02-11--47--42 Colour Conversion Completed
INFO:root:2021-08-02-11--47--42 Sleep Check Completed
INFO:root:2021-08-02-11--47--42 Frame manipulations completed
INFO:root:2021-08-02-11--47--42 Bounding Box Drawn
INFO:root:2021-08-02-11--47--42 MovingFrameQueue Appended
INFO:root:2021-08-02-11--47--42 Colour Conversion Completed
INFO:root:2021-08-02-11--47--42 Sleep Check Completed
INFO:root:2021-08-02-11--47--42 Frame manipulations completed
INFO:root:2021-08-02-11--47--42 Bounding Box Drawn
INFO:root:2021-08-02-11--47--42 MovingFrameQueue Appended
INFO:root:2021-08-02-11--47--42 Colour Conversion Completed
INFO:root:2021-08-02-11--47--42 Sleep Check Completed
INFO:root:2021-08-02-11--47--42 Frame manipulations completed
INFO:root:2021-08-02-11--47--42 Bounding Box Drawn
INFO:root:2021-08-02-11--47--42 MovingFrameQueue Appended
INFO:root:2021-08-02-11--47--42 Colour Conversion Completed
INFO:root:2021-08-02-11--47--42 Sleep Check Completed
INFO:root:2021-08-02-11--47--42 Frame manipulations completed
INFO:root:2021-08-02-11--47--42 Bounding Box Drawn
INFO:root:2021-08-02-11--47--43 MovingFrameQueue Appended
INFO:root:2021-08-02-11--47--43 Colour Conversion Completed
INFO:root:2021-08-02-11--47--43 Sleep Check Completed
INFO:root:2021-08-02-11--47--43 Frame manipulations completed
INFO:root:2021-08-02-11--47--43 Bounding Box Drawn
INFO:root:2021-08-02-11--47--43 MovingFrameQueue Appended
INFO:root:2021-08-02-11--47--43 Colour Conversion Completed
INFO:root:2021-08-02-11--47--43 Sleep Check Completed
INFO:root:2021-08-02-11--47--43 Frame manipulations completed
INFO:root:2021-08-02-11--47--43 Bounding Box Drawn
INFO:root:2021-08-02-11--47--43 MovingFrameQueue Appended
INFO:root:2021-08-02-11--47--43 Colour Conversion Completed
INFO:root:2021-08-02-11--47--43 Sleep Check Completed
INFO:root:2021-08-02-11--47--43 Frame manipulations completed
INFO:root:2021-08-02-11--47--43 Bounding Box Drawn
INFO:root:2021-08-02-11--47--43 MovingFrameQueue Appended
INFO:root:2021-08-02-11--47--43 Colour Conversion Completed
INFO:root:2021-08-02-11--47--43 Sleep Check Completed
INFO:root:2021-08-02-11--47--43 Frame manipulations completed
INFO:root:2021-08-02-11--47--43 Bounding Box Drawn
INFO:root:2021-08-02-11--47--43 MovingFrameQueue Appended
INFO:root:2021-08-02-11--47--43 Colour Conversion Completed
INFO:root:2021-08-02-11--47--43 Sleep Check Completed
INFO:root:2021-08-02-11--47--43 Frame manipulations completed
INFO:root:2021-08-02-11--47--43 Bounding Box Drawn
INFO:root:2021-08-02-11--47--43 MovingFrameQueue Appended
INFO:root:2021-08-02-11--47--43 Colour Conversion Completed
INFO:root:2021-08-02-11--47--43 Sleep Check Completed
INFO:root:2021-08-02-11--47--43 Frame manipulations completed
INFO:root:2021-08-02-11--47--43 Bounding Box Drawn
INFO:root:2021-08-02-11--47--43 MovingFrameQueue Appended
INFO:root:2021-08-02-11--47--43 Colour Conversion Completed
INFO:root:2021-08-02-11--47--43 Sleep Check Completed
INFO:root:2021-08-02-11--47--43 Frame manipulations completed
INFO:root:2021-08-02-11--47--43 Bounding Box Drawn
INFO:root:2021-08-02-11--47--43 MovingFrameQueue Appended
INFO:root:2021-08-02-11--47--43 Colour Conversion Completed
INFO:root:2021-08-02-11--47--43 Sleep Check Completed
INFO:root:2021-08-02-11--47--43 Frame manipulations completed
INFO:root:2021-08-02-11--47--43 Bounding Box Drawn
INFO:root:2021-08-02-11--47--44 MovingFrameQueue Appended
INFO:root:2021-08-02-11--47--44 Colour Conversion Completed
INFO:root:2021-08-02-11--47--44 Sleep Check Completed
INFO:root:2021-08-02-11--47--44 Frame manipulations completed
INFO:root:2021-08-02-11--47--44 Bounding Box Drawn
INFO:root:2021-08-02-11--47--44 MovingFrameQueue Appended
INFO:root:2021-08-02-11--47--44 Colour Conversion Completed
INFO:root:2021-08-02-11--47--44 Sleep Check Completed
INFO:root:2021-08-02-11--47--44 Frame manipulations completed
INFO:root:2021-08-02-11--47--44 Bounding Box Drawn
INFO:root:2021-08-02-11--47--44 MovingFrameQueue Appended
INFO:root:2021-08-02-11--47--44 Colour Conversion Completed
INFO:root:2021-08-02-11--47--44 Sleep Check Completed
INFO:root:2021-08-02-11--47--44 Frame manipulations completed
INFO:root:2021-08-02-11--47--44 Bounding Box Drawn
INFO:root:2021-08-02-11--47--44 MovingFrameQueue Appended
INFO:root:2021-08-02-11--47--44 Colour Conversion Completed
INFO:root:2021-08-02-11--47--44 Sleep Check Completed
INFO:root:2021-08-02-11--47--44 Frame manipulations completed
INFO:root:2021-08-02-11--47--44 Bounding Box Drawn
INFO:root:2021-08-02-11--47--44 MovingFrameQueue Appended
INFO:root:2021-08-02-11--47--44 Colour Conversion Completed
INFO:root:2021-08-02-11--47--44 Sleep Check Completed
INFO:root:2021-08-02-11--47--44 Frame manipulations completed
INFO:root:2021-08-02-11--47--44 Bounding Box Drawn
INFO:root:2021-08-02-11--47--44 MovingFrameQueue Appended
INFO:root:2021-08-02-11--47--44 Colour Conversion Completed
INFO:root:2021-08-02-11--47--44 Sleep Check Completed
INFO:root:2021-08-02-11--47--44 Frame manipulations completed
INFO:root:2021-08-02-11--47--44 Bounding Box Drawn
INFO:root:2021-08-02-11--47--45 MovingFrameQueue Appended
INFO:root:2021-08-02-11--47--45 Colour Conversion Completed
INFO:root:2021-08-02-11--47--45 Sleep Check Completed
INFO:root:2021-08-02-11--47--45 Frame manipulations completed
INFO:root:2021-08-02-11--47--45 Bounding Box Drawn
INFO:root:2021-08-02-11--47--45 MovingFrameQueue Appended
INFO:root:2021-08-02-11--47--45 Colour Conversion Completed
INFO:root:2021-08-02-11--47--45 Sleep Check Completed
INFO:root:2021-08-02-11--47--45 Frame manipulations completed
INFO:root:2021-08-02-11--47--45 Bounding Box Drawn
INFO:root:2021-08-02-11--47--45 MovingFrameQueue Appended
INFO:root:2021-08-02-11--47--45 Colour Conversion Completed
INFO:root:2021-08-02-11--47--45 Sleep Check Completed
INFO:root:2021-08-02-11--47--45 Frame manipulations completed
INFO:root:2021-08-02-11--47--45 Bounding Box Drawn
INFO:root:2021-08-02-11--47--45 MovingFrameQueue Appended
INFO:root:2021-08-02-11--47--45 Colour Conversion Completed
INFO:root:2021-08-02-11--47--45 Sleep Check Completed
INFO:root:2021-08-02-11--47--45 Frame manipulations completed
INFO:root:2021-08-02-11--47--45 Bounding Box Drawn
INFO:root:2021-08-02-11--47--45 MovingFrameQueue Appended
INFO:root:2021-08-02-11--47--45 Colour Conversion Completed
INFO:root:2021-08-02-11--47--45 Sleep Check Completed
INFO:root:2021-08-02-11--47--45 Frame manipulations completed
INFO:root:2021-08-02-11--47--45 Bounding Box Drawn
INFO:root:2021-08-02-11--47--45 MovingFrameQueue Appended
INFO:root:2021-08-02-11--47--45 Colour Conversion Completed
INFO:root:2021-08-02-11--47--45 Sleep Check Completed
INFO:root:2021-08-02-11--47--45 Frame manipulations completed
INFO:root:2021-08-02-11--47--45 Bounding Box Drawn
INFO:root:2021-08-02-11--47--46 MovingFrameQueue Popped
INFO:root:2021-08-02-11--47--46 Colour Conversion Completed
INFO:root:2021-08-02-11--47--46 Sleep Check Completed
INFO:root:2021-08-02-11--47--46 Frame manipulations completed
INFO:root:2021-08-02-11--47--46 Bounding Box Drawn
INFO:root:2021-08-02-11--47--46 MovingFrameQueue Appended
INFO:root:2021-08-02-11--47--46 Colour Conversion Completed
INFO:root:2021-08-02-11--47--46 Sleep Check Completed
INFO:root:2021-08-02-11--47--46 Frame manipulations completed
INFO:root:2021-08-02-11--47--46 Bounding Box Drawn
INFO:root:2021-08-02-11--47--46 MovingFrameQueue Popped
INFO:root:2021-08-02-11--47--46 Colour Conversion Completed
INFO:root:2021-08-02-11--47--46 Sleep Check Completed
INFO:root:2021-08-02-11--47--46 Frame manipulations completed
INFO:root:2021-08-02-11--47--46 Bounding Box Drawn
INFO:root:2021-08-02-11--47--46 MovingFrameQueue Appended
INFO:root:2021-08-02-11--47--46 Colour Conversion Completed
INFO:root:2021-08-02-11--47--46 Sleep Check Completed
INFO:root:2021-08-02-11--47--46 Frame manipulations completed
INFO:root:2021-08-02-11--47--46 Bounding Box Drawn
INFO:root:2021-08-02-11--47--46 MovingFrameQueue Popped
INFO:root:2021-08-02-11--47--46 Colour Conversion Completed
INFO:root:2021-08-02-11--47--46 Sleep Check Completed
INFO:root:2021-08-02-11--47--46 Frame manipulations completed
INFO:root:2021-08-02-11--47--46 Bounding Box Drawn
INFO:root:2021-08-02-11--47--46 MovingFrameQueue Appended
INFO:root:2021-08-02-11--47--46 Colour Conversion Completed
INFO:root:2021-08-02-11--47--46 Sleep Check Completed
INFO:root:2021-08-02-11--47--46 Frame manipulations completed
INFO:root:2021-08-02-11--47--46 Bounding Box Drawn
INFO:root:2021-08-02-11--47--46 MovingFrameQueue Popped
INFO:root:2021-08-02-11--47--46 Colour Conversion Completed
INFO:root:2021-08-02-11--47--46 Sleep Check Completed
INFO:root:2021-08-02-11--47--46 Frame manipulations completed
INFO:root:2021-08-02-11--47--46 Bounding Box Drawn
INFO:root:2021-08-02-11--47--46 MovingFrameQueue Appended
INFO:root:2021-08-02-11--47--46 Colour Conversion Completed
INFO:root:2021-08-02-11--47--46 Sleep Check Completed
INFO:root:2021-08-02-11--47--46 Frame manipulations completed
INFO:root:2021-08-02-11--47--46 Bounding Box Drawn
INFO:root:2021-08-02-11--47--47 MovingFrameQueue Popped
INFO:root:2021-08-02-11--47--47 Colour Conversion Completed
INFO:root:2021-08-02-11--47--47 Sleep Check Completed
INFO:root:2021-08-02-11--47--47 Frame manipulations completed
INFO:root:2021-08-02-11--47--47 Bounding Box Drawn
INFO:root:2021-08-02-11--47--47 MovingFrameQueue Appended
INFO:root:2021-08-02-11--47--47 Colour Conversion Completed
INFO:root:2021-08-02-11--47--47 Sleep Check Completed
INFO:root:2021-08-02-11--47--47 Frame manipulations completed
INFO:root:2021-08-02-11--47--47 Bounding Box Drawn
INFO:root:2021-08-02-11--47--47 MovingFrameQueue Popped
INFO:root:2021-08-02-11--47--47 Colour Conversion Completed
INFO:root:2021-08-02-11--47--47 Sleep Check Completed
INFO:root:2021-08-02-11--47--47 Frame manipulations completed
INFO:root:2021-08-02-11--47--47 Bounding Box Drawn
INFO:root:2021-08-02-11--47--47 MovingFrameQueue Appended
INFO:root:2021-08-02-11--47--47 Colour Conversion Completed
INFO:root:2021-08-02-11--47--47 Sleep Check Completed
INFO:root:2021-08-02-11--47--47 Frame manipulations completed
INFO:root:2021-08-02-11--47--47 Bounding Box Drawn
INFO:root:2021-08-02-11--47--47 MovingFrameQueue Popped
INFO:root:2021-08-02-11--47--47 Colour Conversion Completed
INFO:root:2021-08-02-11--47--47 Sleep Check Completed
INFO:root:2021-08-02-11--47--47 Frame manipulations completed
INFO:root:2021-08-02-11--47--47 Bounding Box Drawn
INFO:root:2021-08-02-11--47--47 MovingFrameQueue Appended
INFO:root:2021-08-02-11--47--47 Colour Conversion Completed
INFO:root:2021-08-02-11--47--47 Sleep Check Completed
INFO:root:2021-08-02-11--47--47 Frame manipulations completed
INFO:root:2021-08-02-11--47--47 Bounding Box Drawn
INFO:root:2021-08-02-11--47--47 MovingFrameQueue Popped
INFO:root:2021-08-02-11--47--47 Colour Conversion Completed
INFO:root:2021-08-02-11--47--47 Sleep Check Completed
INFO:root:2021-08-02-11--47--47 Frame manipulations completed
INFO:root:2021-08-02-11--47--47 Bounding Box Drawn
INFO:root:2021-08-02-11--47--48 MovingFrameQueue Appended
INFO:root:2021-08-02-11--47--48 Colour Conversion Completed
INFO:root:2021-08-02-11--47--48 Sleep Check Completed
INFO:root:2021-08-02-11--47--48 Frame manipulations completed
INFO:root:2021-08-02-11--47--48 Bounding Box Drawn
INFO:root:2021-08-02-11--47--48 MovingFrameQueue Popped
INFO:root:2021-08-02-11--47--48 Colour Conversion Completed
INFO:root:2021-08-02-11--47--48 Sleep Check Completed
INFO:root:2021-08-02-11--47--48 Frame manipulations completed
INFO:root:2021-08-02-11--47--48 Bounding Box Drawn
INFO:root:2021-08-02-11--47--48 MovingFrameQueue Appended
INFO:root:2021-08-02-11--47--48 Colour Conversion Completed
INFO:root:2021-08-02-11--47--48 Sleep Check Completed
INFO:root:2021-08-02-11--47--48 Frame manipulations completed
INFO:root:2021-08-02-11--47--48 Bounding Box Drawn
INFO:root:2021-08-02-11--47--48 MovingFrameQueue Popped
INFO:root:2021-08-02-11--47--48 Colour Conversion Completed
INFO:root:2021-08-02-11--47--48 Sleep Check Completed
INFO:root:2021-08-02-11--47--48 Frame manipulations completed
INFO:root:2021-08-02-11--47--48 Bounding Box Drawn
INFO:root:2021-08-02-11--47--48 MovingFrameQueue Appended
INFO:root:2021-08-02-11--47--48 Colour Conversion Completed
INFO:root:2021-08-02-11--47--48 Sleep Check Completed
INFO:root:2021-08-02-11--47--48 Frame manipulations completed
INFO:root:2021-08-02-11--47--48 Bounding Box Drawn
INFO:root:2021-08-02-11--47--48 MovingFrameQueue Popped
INFO:root:2021-08-02-11--47--48 Colour Conversion Completed
INFO:root:2021-08-02-11--47--48 Sleep Check Completed
INFO:root:2021-08-02-11--47--48 Frame manipulations completed
INFO:root:2021-08-02-11--47--48 Bounding Box Drawn
INFO:root:2021-08-02-11--47--49 MovingFrameQueue Appended
INFO:root:2021-08-02-11--47--49 Colour Conversion Completed
INFO:root:2021-08-02-11--47--49 Sleep Check Completed
INFO:root:2021-08-02-11--47--49 Frame manipulations completed
INFO:root:2021-08-02-11--47--49 Bounding Box Drawn
INFO:root:2021-08-02-11--47--49 MovingFrameQueue Popped
INFO:root:2021-08-02-11--47--49 Colour Conversion Completed
INFO:root:2021-08-02-11--47--49 Sleep Check Completed
INFO:root:2021-08-02-11--47--49 Frame manipulations completed
INFO:root:2021-08-02-11--47--49 Bounding Box Drawn
INFO:root:2021-08-02-11--47--49 MovingFrameQueue Appended
INFO:root:2021-08-02-11--47--49 Colour Conversion Completed
INFO:root:2021-08-02-11--47--49 Sleep Check Completed
INFO:root:2021-08-02-11--47--49 Frame manipulations completed
INFO:root:2021-08-02-11--47--49 Bounding Box Drawn
INFO:root:2021-08-02-11--47--49 MovingFrameQueue Popped
INFO:root:2021-08-02-11--47--49 Colour Conversion Completed
INFO:root:2021-08-02-11--47--49 Sleep Check Completed
INFO:root:2021-08-02-11--47--49 Frame manipulations completed
INFO:root:2021-08-02-11--47--49 Bounding Box Drawn
INFO:root:2021-08-02-11--47--49 MovingFrameQueue Appended
INFO:root:2021-08-02-11--47--49 Colour Conversion Completed
INFO:root:2021-08-02-11--47--49 Sleep Check Completed
INFO:root:2021-08-02-11--47--49 Frame manipulations completed
INFO:root:2021-08-02-11--47--49 Bounding Box Drawn
INFO:root:2021-08-02-11--47--49 MovingFrameQueue Popped
INFO:root:2021-08-02-11--47--49 Colour Conversion Completed
INFO:root:2021-08-02-11--47--49 Sleep Check Completed
INFO:root:2021-08-02-11--47--49 Frame manipulations completed
INFO:root:2021-08-02-11--47--49 Bounding Box Drawn
INFO:root:2021-08-02-11--47--49 MovingFrameQueue Appended
INFO:root:2021-08-02-11--47--49 Colour Conversion Completed
INFO:root:2021-08-02-11--47--49 Sleep Check Completed
INFO:root:2021-08-02-11--47--49 Frame manipulations completed
INFO:root:2021-08-02-11--47--49 Bounding Box Drawn
INFO:root:2021-08-02-11--47--49 MovingFrameQueue Popped
INFO:root:2021-08-02-11--47--49 Colour Conversion Completed
INFO:root:2021-08-02-11--47--49 Sleep Check Completed
INFO:root:2021-08-02-11--47--49 Frame manipulations completed
INFO:root:2021-08-02-11--47--49 Bounding Box Drawn
INFO:root:2021-08-02-11--47--50 MovingFrameQueue Appended
INFO:root:2021-08-02-11--47--50 Colour Conversion Completed
INFO:root:2021-08-02-11--47--50 Sleep Check Completed
INFO:root:2021-08-02-11--47--50 Frame manipulations completed
INFO:root:2021-08-02-11--47--50 Bounding Box Drawn
INFO:root:2021-08-02-11--47--50 MovingFrameQueue Popped
INFO:root:2021-08-02-11--47--50 Colour Conversion Completed
INFO:root:2021-08-02-11--47--50 Sleep Check Completed
INFO:root:2021-08-02-11--47--50 Frame manipulations completed
INFO:root:2021-08-02-11--47--50 Bounding Box Drawn
INFO:root:2021-08-02-11--47--50 MovingFrameQueue Appended
INFO:root:2021-08-02-11--47--50 Colour Conversion Completed
INFO:root:2021-08-02-11--47--50 Sleep Check Completed
INFO:root:2021-08-02-11--47--50 Frame manipulations completed
INFO:root:2021-08-02-11--47--50 Bounding Box Drawn
INFO:root:2021-08-02-11--47--50 MovingFrameQueue Popped
INFO:root:2021-08-02-11--47--50 Colour Conversion Completed
INFO:root:2021-08-02-11--47--50 Sleep Check Completed
INFO:root:2021-08-02-11--47--50 Frame manipulations completed
INFO:root:2021-08-02-11--47--50 Bounding Box Drawn
INFO:root:2021-08-02-11--47--50 MovingFrameQueue Appended
INFO:root:2021-08-02-11--47--50 Colour Conversion Completed
INFO:root:2021-08-02-11--47--50 Sleep Check Completed
INFO:root:2021-08-02-11--47--50 Frame manipulations completed
INFO:root:2021-08-02-11--47--50 Bounding Box Drawn
INFO:root:2021-08-02-11--47--50 MovingFrameQueue Popped
INFO:root:2021-08-02-11--47--50 Colour Conversion Completed
INFO:root:2021-08-02-11--47--50 Sleep Check Completed
INFO:root:2021-08-02-11--47--50 Frame manipulations completed
INFO:root:2021-08-02-11--47--50 Bounding Box Drawn
INFO:root:2021-08-02-11--47--50 MovingFrameQueue Appended
INFO:root:2021-08-02-11--47--50 Colour Conversion Completed
INFO:root:2021-08-02-11--47--50 Sleep Check Completed
INFO:root:2021-08-02-11--47--50 Frame manipulations completed
INFO:root:2021-08-02-11--47--50 Bounding Box Drawn
INFO:root:2021-08-02-11--47--51 MovingFrameQueue Popped
INFO:root:2021-08-02-11--47--51 Colour Conversion Completed
INFO:root:2021-08-02-11--47--51 Sleep Check Completed
INFO:root:2021-08-02-11--47--51 Frame manipulations completed
INFO:root:2021-08-02-11--47--51 Bounding Box Drawn
INFO:root:2021-08-02-11--47--51 MovingFrameQueue Appended
INFO:root:2021-08-02-11--47--51 Colour Conversion Completed
INFO:root:2021-08-02-11--47--51 Sleep Check Completed
INFO:root:2021-08-02-11--47--51 Frame manipulations completed
INFO:root:2021-08-02-11--47--51 Bounding Box Drawn
INFO:root:2021-08-02-11--47--51 MovingFrameQueue Popped
INFO:root:2021-08-02-11--47--51 Colour Conversion Completed
INFO:root:2021-08-02-11--47--51 Sleep Check Completed
INFO:root:2021-08-02-11--47--51 Frame manipulations completed
INFO:root:2021-08-02-11--47--51 Bounding Box Drawn
INFO:root:2021-08-02-11--47--51 MovingFrameQueue Appended
INFO:root:2021-08-02-11--47--51 Colour Conversion Completed
INFO:root:2021-08-02-11--47--51 Sleep Check Completed
INFO:root:2021-08-02-11--47--51 Frame manipulations completed
INFO:root:2021-08-02-11--47--51 Bounding Box Drawn
INFO:root:2021-08-02-11--47--51 MovingFrameQueue Popped
INFO:root:2021-08-02-11--47--51 Colour Conversion Completed
INFO:root:2021-08-02-11--47--51 Sleep Check Completed
INFO:root:2021-08-02-11--47--51 Frame manipulations completed
INFO:root:2021-08-02-11--47--51 Bounding Box Drawn
INFO:root:2021-08-02-11--47--52 MovingFrameQueue Appended
INFO:root:2021-08-02-11--47--52 Colour Conversion Completed
INFO:root:2021-08-02-11--47--52 Sleep Check Completed
INFO:root:2021-08-02-11--47--52 Frame manipulations completed
INFO:root:2021-08-02-11--47--52 Bounding Box Drawn
INFO:root:2021-08-02-11--47--52 MovingFrameQueue Popped
INFO:root:2021-08-02-11--47--52 Colour Conversion Completed
INFO:root:2021-08-02-11--47--52 Sleep Check Completed
INFO:root:2021-08-02-11--47--52 Frame manipulations completed
INFO:root:2021-08-02-11--47--52 Bounding Box Drawn
INFO:root:2021-08-02-11--47--52 MovingFrameQueue Appended
INFO:root:2021-08-02-11--47--52 Colour Conversion Completed
INFO:root:2021-08-02-11--47--52 Sleep Check Completed
INFO:root:2021-08-02-11--47--52 Frame manipulations completed
INFO:root:2021-08-02-11--47--52 Bounding Box Drawn
INFO:root:2021-08-02-11--47--52 MovingFrameQueue Popped
INFO:root:2021-08-02-11--47--52 Colour Conversion Completed
INFO:root:2021-08-02-11--47--52 Sleep Check Completed
INFO:root:2021-08-02-11--47--52 Frame manipulations completed
INFO:root:2021-08-02-11--47--52 Bounding Box Drawn
INFO:root:2021-08-02-11--47--52 MovingFrameQueue Appended
INFO:root:2021-08-02-11--47--52 Colour Conversion Completed
INFO:root:2021-08-02-11--47--52 Sleep Check Completed
INFO:root:2021-08-02-11--47--52 Frame manipulations completed
INFO:root:2021-08-02-11--47--52 Bounding Box Drawn
INFO:root:2021-08-02-11--47--52 MovingFrameQueue Popped
INFO:root:2021-08-02-11--47--52 Colour Conversion Completed
INFO:root:2021-08-02-11--47--52 Sleep Check Completed
INFO:root:2021-08-02-11--47--52 Frame manipulations completed
INFO:root:2021-08-02-11--47--52 Bounding Box Drawn
INFO:root:2021-08-02-11--47--52 MovingFrameQueue Appended
INFO:root:2021-08-02-11--47--52 Colour Conversion Completed
INFO:root:2021-08-02-11--47--52 Sleep Check Completed
INFO:root:2021-08-02-11--47--52 Frame manipulations completed
INFO:root:2021-08-02-11--47--52 Bounding Box Drawn
INFO:root:2021-08-02-11--47--52 MovingFrameQueue Popped
INFO:root:2021-08-02-11--47--52 Colour Conversion Completed
INFO:root:2021-08-02-11--47--52 Sleep Check Completed
INFO:root:2021-08-02-11--47--52 Frame manipulations completed
INFO:root:2021-08-02-11--47--52 Bounding Box Drawn
INFO:root:2021-08-02-11--47--52 MovingFrameQueue Appended
INFO:root:2021-08-02-11--47--52 Colour Conversion Completed
INFO:root:2021-08-02-11--47--52 Sleep Check Completed
INFO:root:2021-08-02-11--47--52 Frame manipulations completed
INFO:root:2021-08-02-11--47--52 Bounding Box Drawn
INFO:root:2021-08-02-11--47--53 MovingFrameQueue Popped
INFO:root:2021-08-02-11--47--53 Colour Conversion Completed
INFO:root:2021-08-02-11--47--53 Sleep Check Completed
INFO:root:2021-08-02-11--47--53 Frame manipulations completed
INFO:root:2021-08-02-11--47--53 Bounding Box Drawn
INFO:root:2021-08-02-11--47--53 MovingFrameQueue Appended
INFO:root:2021-08-02-11--47--53 Colour Conversion Completed
INFO:root:2021-08-02-11--47--53 Sleep Check Completed
INFO:root:2021-08-02-11--47--53 Frame manipulations completed
INFO:root:2021-08-02-11--47--53 Bounding Box Drawn
INFO:root:2021-08-02-11--47--53 MovingFrameQueue Popped
INFO:root:2021-08-02-11--47--53 Colour Conversion Completed
INFO:root:2021-08-02-11--47--53 Sleep Check Completed
INFO:root:2021-08-02-11--47--53 Frame manipulations completed
INFO:root:2021-08-02-11--47--53 Bounding Box Drawn
INFO:root:2021-08-02-11--47--53 MovingFrameQueue Appended
INFO:root:2021-08-02-11--47--53 Colour Conversion Completed
INFO:root:2021-08-02-11--47--53 Sleep Check Completed
INFO:root:2021-08-02-11--47--53 Frame manipulations completed
INFO:root:2021-08-02-11--47--53 Bounding Box Drawn
INFO:root:2021-08-02-11--47--54 MovingFrameQueue Popped
INFO:root:2021-08-02-11--47--54 Colour Conversion Completed
INFO:root:2021-08-02-11--47--54 Sleep Check Completed
INFO:root:2021-08-02-11--47--54 Frame manipulations completed
INFO:root:2021-08-02-11--47--54 Bounding Box Drawn
INFO:root:2021-08-02-11--47--54[INFO] elapsed time: 21.76
INFO:root:2021-08-02-11--47--54[INFO] approx. FPS: 4.87
INFO:root:2021-08-02-11--47--54 Getting Auth Token Success
INFO:root:2021-08-02-11--47--54 BedTime Upload Completed
