INFO:root:2021-07-27-10--38--00 Parameter Generation Success
INFO:root:2021-07-27-10--38--03 Colour Conversion Completed
INFO:root:2021-07-27-10--38--03 Sleep Check Completed
INFO:root:2021-07-27-10--38--03 Frame manipulations completed
INFO:root:2021-07-27-10--38--03 Writer Initialized
INFO:root:2021-07-27-10--38--03 Bounding Box Drawn
INFO:root:2021-07-27-10--38--03 MovingFrameQueue Appended
INFO:root:2021-07-27-10--38--03 anomallyFrameTracker resetted to 200
INFO:root:2021-07-27-10--38--03 Colour Conversion Completed
INFO:root:2021-07-27-10--38--03 Sleep Check Completed
INFO:root:2021-07-27-10--38--03 Frame manipulations completed
INFO:root:2021-07-27-10--38--03 Bounding Box Drawn
INFO:root:2021-07-27-10--38--03 MovingFrameQueue Appended
INFO:root:2021-07-27-10--38--03 anomallyFrameTracker resetted to 200
INFO:root:2021-07-27-10--38--03 Colour Conversion Completed
INFO:root:2021-07-27-10--38--03 Sleep Check Completed
INFO:root:2021-07-27-10--38--03 Frame manipulations completed
INFO:root:2021-07-27-10--38--03 Bounding Box Drawn
INFO:root:2021-07-27-10--38--03 MovingFrameQueue Appended
INFO:root:2021-07-27-10--38--03 anomallyFrameTracker resetted to 200
INFO:root:2021-07-27-10--38--03 Colour Conversion Completed
INFO:root:2021-07-27-10--38--03 Sleep Check Completed
INFO:root:2021-07-27-10--38--03 Frame manipulations completed
INFO:root:2021-07-27-10--38--03 Bounding Box Drawn
INFO:root:2021-07-27-10--38--03 MovingFrameQueue Appended
INFO:root:2021-07-27-10--38--03 anomallyFrameTracker resetted to 200
INFO:root:2021-07-27-10--38--03 Colour Conversion Completed
INFO:root:2021-07-27-10--38--03 Sleep Check Completed
INFO:root:2021-07-27-10--38--03 Frame manipulations completed
INFO:root:2021-07-27-10--38--03 Bounding Box Drawn
INFO:root:2021-07-27-10--38--03 MovingFrameQueue Appended
INFO:root:2021-07-27-10--38--03 anomallyFrameTracker resetted to 200
INFO:root:2021-07-27-10--38--04 Colour Conversion Completed
INFO:root:2021-07-27-10--38--04 Sleep Check Completed
INFO:root:2021-07-27-10--38--04 Frame manipulations completed
INFO:root:2021-07-27-10--38--04 Bounding Box Drawn
INFO:root:2021-07-27-10--38--04 MovingFrameQueue Appended
INFO:root:2021-07-27-10--38--04 anomallyFrameTracker resetted to 200
INFO:root:2021-07-27-10--38--04 Colour Conversion Completed
INFO:root:2021-07-27-10--38--04 Sleep Check Completed
INFO:root:2021-07-27-10--38--04 Frame manipulations completed
INFO:root:2021-07-27-10--38--04 Bounding Box Drawn
INFO:root:2021-07-27-10--38--04 MovingFrameQueue Appended
INFO:root:2021-07-27-10--38--04 anomallyFrameTracker resetted to 200
INFO:root:2021-07-27-10--38--04 Colour Conversion Completed
INFO:root:2021-07-27-10--38--04 Sleep Check Completed
INFO:root:2021-07-27-10--38--04 Frame manipulations completed
INFO:root:2021-07-27-10--38--04 Bounding Box Drawn
INFO:root:2021-07-27-10--38--04 MovingFrameQueue Appended
INFO:root:2021-07-27-10--38--04 anomallyFrameTracker resetted to 200
INFO:root:2021-07-27-10--38--04 Colour Conversion Completed
INFO:root:2021-07-27-10--38--04 Sleep Check Completed
INFO:root:2021-07-27-10--38--04 Frame manipulations completed
INFO:root:2021-07-27-10--38--04 Bounding Box Drawn
INFO:root:2021-07-27-10--38--04 MovingFrameQueue Appended
INFO:root:2021-07-27-10--38--04 anomallyFrameTracker resetted to 200
INFO:root:2021-07-27-10--38--04 Colour Conversion Completed
INFO:root:2021-07-27-10--38--04 Sleep Check Completed
INFO:root:2021-07-27-10--38--04 Frame manipulations completed
INFO:root:2021-07-27-10--38--04 Bounding Box Drawn
INFO:root:2021-07-27-10--38--04 MovingFrameQueue Appended
INFO:root:2021-07-27-10--38--04 anomallyFrameTracker resetted to 200
INFO:root:2021-07-27-10--38--04 Colour Conversion Completed
INFO:root:2021-07-27-10--38--04 Sleep Check Completed
INFO:root:2021-07-27-10--38--04 Frame manipulations completed
INFO:root:2021-07-27-10--38--04 Bounding Box Drawn
INFO:root:2021-07-27-10--38--04 MovingFrameQueue Appended
INFO:root:2021-07-27-10--38--04 anomallyFrameTracker resetted to 200
INFO:root:2021-07-27-10--38--04 Colour Conversion Completed
INFO:root:2021-07-27-10--38--04 Sleep Check Completed
INFO:root:2021-07-27-10--38--04 Frame manipulations completed
INFO:root:2021-07-27-10--38--04 Bounding Box Drawn
INFO:root:2021-07-27-10--38--04 MovingFrameQueue Appended
INFO:root:2021-07-27-10--38--04 anomallyFrameTracker resetted to 200
INFO:root:2021-07-27-10--38--04 Colour Conversion Completed
INFO:root:2021-07-27-10--38--04 Sleep Check Completed
INFO:root:2021-07-27-10--38--04 Frame manipulations completed
INFO:root:2021-07-27-10--38--04 Bounding Box Drawn
INFO:root:2021-07-27-10--38--04 MovingFrameQueue Appended
INFO:root:2021-07-27-10--38--04 anomallyFrameTracker resetted to 200
INFO:root:2021-07-27-10--38--04 Colour Conversion Completed
INFO:root:2021-07-27-10--38--04 Sleep Check Completed
INFO:root:2021-07-27-10--38--04 Frame manipulations completed
INFO:root:2021-07-27-10--38--04 Bounding Box Drawn
INFO:root:2021-07-27-10--38--04 MovingFrameQueue Appended
INFO:root:2021-07-27-10--38--04 anomallyFrameTracker resetted to 200
INFO:root:2021-07-27-10--38--05 Colour Conversion Completed
INFO:root:2021-07-27-10--38--05 Sleep Check Completed
INFO:root:2021-07-27-10--38--05 Frame manipulations completed
INFO:root:2021-07-27-10--38--05 Bounding Box Drawn
INFO:root:2021-07-27-10--38--05 MovingFrameQueue Appended
INFO:root:2021-07-27-10--38--05 anomallyFrameTracker resetted to 200
INFO:root:2021-07-27-10--38--05 Colour Conversion Completed
INFO:root:2021-07-27-10--38--05 Sleep Check Completed
INFO:root:2021-07-27-10--38--05 Frame manipulations completed
INFO:root:2021-07-27-10--38--05 Bounding Box Drawn
INFO:root:2021-07-27-10--38--05 MovingFrameQueue Appended
INFO:root:2021-07-27-10--38--05 anomallyFrameTracker resetted to 200
INFO:root:2021-07-27-10--38--05 Colour Conversion Completed
INFO:root:2021-07-27-10--38--05 Sleep Check Completed
INFO:root:2021-07-27-10--38--05 Frame manipulations completed
INFO:root:2021-07-27-10--38--05 Bounding Box Drawn
INFO:root:2021-07-27-10--38--05 MovingFrameQueue Appended
INFO:root:2021-07-27-10--38--05 anomallyFrameTracker resetted to 200
INFO:root:2021-07-27-10--38--05 Colour Conversion Completed
INFO:root:2021-07-27-10--38--05 Sleep Check Completed
INFO:root:2021-07-27-10--38--05 Frame manipulations completed
INFO:root:2021-07-27-10--38--05 Bounding Box Drawn
INFO:root:2021-07-27-10--38--05 MovingFrameQueue Appended
INFO:root:2021-07-27-10--38--05 anomallyFrameTracker resetted to 200
INFO:root:2021-07-27-10--38--05 Colour Conversion Completed
INFO:root:2021-07-27-10--38--05 Sleep Check Completed
INFO:root:2021-07-27-10--38--05 Frame manipulations completed
INFO:root:2021-07-27-10--38--05 Bounding Box Drawn
INFO:root:2021-07-27-10--38--05 MovingFrameQueue Appended
INFO:root:2021-07-27-10--38--05 anomallyFrameTracker resetted to 200
INFO:root:2021-07-27-10--38--05 Colour Conversion Completed
INFO:root:2021-07-27-10--38--05 Sleep Check Completed
INFO:root:2021-07-27-10--38--05 Frame manipulations completed
INFO:root:2021-07-27-10--38--05 Bounding Box Drawn
INFO:root:2021-07-27-10--38--05 MovingFrameQueue Appended
INFO:root:2021-07-27-10--38--05 anomallyFrameTracker resetted to 200
INFO:root:2021-07-27-10--38--05 Colour Conversion Completed
INFO:root:2021-07-27-10--38--05 Sleep Check Completed
INFO:root:2021-07-27-10--38--05 Frame manipulations completed
INFO:root:2021-07-27-10--38--05 Bounding Box Drawn
INFO:root:2021-07-27-10--38--05 MovingFrameQueue Appended
INFO:root:2021-07-27-10--38--05 anomallyFrameTracker resetted to 200
INFO:root:2021-07-27-10--38--05 Colour Conversion Completed
INFO:root:2021-07-27-10--38--05 Sleep Check Completed
INFO:root:2021-07-27-10--38--05 Frame manipulations completed
INFO:root:2021-07-27-10--38--05 Bounding Box Drawn
INFO:root:2021-07-27-10--38--05 MovingFrameQueue Appended
INFO:root:2021-07-27-10--38--05 anomallyFrameTracker resetted to 200
INFO:root:2021-07-27-10--38--05 Colour Conversion Completed
INFO:root:2021-07-27-10--38--06 Sleep Check Completed
INFO:root:2021-07-27-10--38--06 Frame manipulations completed
INFO:root:2021-07-27-10--38--06 Bounding Box Drawn
INFO:root:2021-07-27-10--38--06 MovingFrameQueue Appended
INFO:root:2021-07-27-10--38--06 anomallyFrameTracker resetted to 200
INFO:root:2021-07-27-10--38--06 Colour Conversion Completed
INFO:root:2021-07-27-10--38--06 Sleep Check Completed
INFO:root:2021-07-27-10--38--06 Frame manipulations completed
INFO:root:2021-07-27-10--38--06 Bounding Box Drawn
INFO:root:2021-07-27-10--38--06 MovingFrameQueue Appended
INFO:root:2021-07-27-10--38--06 anomallyFrameTracker resetted to 200
INFO:root:2021-07-27-10--38--06 Colour Conversion Completed
INFO:root:2021-07-27-10--38--06 Sleep Check Completed
INFO:root:2021-07-27-10--38--06 Frame manipulations completed
INFO:root:2021-07-27-10--38--06 Bounding Box Drawn
INFO:root:2021-07-27-10--38--06 MovingFrameQueue Appended
INFO:root:2021-07-27-10--38--06 anomallyFrameTracker resetted to 200
INFO:root:2021-07-27-10--38--08 Colour Conversion Completed
INFO:root:2021-07-27-10--38--08 Sleep Check Completed
INFO:root:2021-07-27-10--38--08 Frame manipulations completed
INFO:root:2021-07-27-10--38--08 Bounding Box Drawn
INFO:root:2021-07-27-10--38--08 MovingFrameQueue Appended
INFO:root:2021-07-27-10--38--08 anomallyFrameTracker resetted to 200
INFO:root:2021-07-27-10--38--09 Colour Conversion Completed
INFO:root:2021-07-27-10--38--09 Sleep Check Completed
INFO:root:2021-07-27-10--38--09 Frame manipulations completed
INFO:root:2021-07-27-10--38--09 Bounding Box Drawn
INFO:root:2021-07-27-10--38--09 MovingFrameQueue Appended
INFO:root:2021-07-27-10--38--09 anomallyFrameTracker resetted to 200
INFO:root:2021-07-27-10--38--09 Colour Conversion Completed
INFO:root:2021-07-27-10--38--09 Sleep Check Completed
INFO:root:2021-07-27-10--38--09 Frame manipulations completed
INFO:root:2021-07-27-10--38--09 Bounding Box Drawn
INFO:root:2021-07-27-10--38--09 MovingFrameQueue Appended
INFO:root:2021-07-27-10--38--09 anomallyFrameTracker resetted to 200
INFO:root:2021-07-27-10--38--09 Colour Conversion Completed
INFO:root:2021-07-27-10--38--09 Sleep Check Completed
INFO:root:2021-07-27-10--38--09 Frame manipulations completed
INFO:root:2021-07-27-10--38--09 Bounding Box Drawn
INFO:root:2021-07-27-10--38--09 MovingFrameQueue Appended
INFO:root:2021-07-27-10--38--09 anomallyFrameTracker resetted to 200
INFO:root:2021-07-27-10--38--09 Colour Conversion Completed
INFO:root:2021-07-27-10--38--09 Sleep Check Completed
INFO:root:2021-07-27-10--38--09 Frame manipulations completed
INFO:root:2021-07-27-10--38--09 Bounding Box Drawn
INFO:root:2021-07-27-10--38--09 MovingFrameQueue Appended
INFO:root:2021-07-27-10--38--09 anomallyFrameTracker resetted to 200
INFO:root:2021-07-27-10--38--09 Colour Conversion Completed
INFO:root:2021-07-27-10--38--09 Sleep Check Completed
INFO:root:2021-07-27-10--38--09 Frame manipulations completed
INFO:root:2021-07-27-10--38--09 Bounding Box Drawn
INFO:root:2021-07-27-10--38--09 MovingFrameQueue Appended
INFO:root:2021-07-27-10--38--09 anomallyFrameTracker resetted to 200
INFO:root:2021-07-27-10--38--09 Colour Conversion Completed
INFO:root:2021-07-27-10--38--09 Sleep Check Completed
INFO:root:2021-07-27-10--38--09 Frame manipulations completed
INFO:root:2021-07-27-10--38--09 Bounding Box Drawn
INFO:root:2021-07-27-10--38--09 MovingFrameQueue Appended
INFO:root:2021-07-27-10--38--09 anomallyFrameTracker resetted to 200
INFO:root:2021-07-27-10--38--09 Colour Conversion Completed
INFO:root:2021-07-27-10--38--09 Sleep Check Completed
INFO:root:2021-07-27-10--38--09 Frame manipulations completed
INFO:root:2021-07-27-10--38--09 Bounding Box Drawn
INFO:root:2021-07-27-10--38--09 MovingFrameQueue Appended
INFO:root:2021-07-27-10--38--09 anomallyFrameTracker resetted to 200
INFO:root:2021-07-27-10--38--09 Colour Conversion Completed
INFO:root:2021-07-27-10--38--09 Sleep Check Completed
INFO:root:2021-07-27-10--38--09 Frame manipulations completed
INFO:root:2021-07-27-10--38--09 Bounding Box Drawn
INFO:root:2021-07-27-10--38--09 MovingFrameQueue Appended
INFO:root:2021-07-27-10--38--09 anomallyFrameTracker resetted to 200
INFO:root:2021-07-27-10--38--09 Colour Conversion Completed
INFO:root:2021-07-27-10--38--09 Sleep Check Completed
INFO:root:2021-07-27-10--38--09 Frame manipulations completed
INFO:root:2021-07-27-10--38--09 Bounding Box Drawn
INFO:root:2021-07-27-10--38--09 MovingFrameQueue Appended
INFO:root:2021-07-27-10--38--09 anomallyFrameTracker resetted to 200
INFO:root:2021-07-27-10--38--09 Colour Conversion Completed
INFO:root:2021-07-27-10--38--09 Sleep Check Completed
INFO:root:2021-07-27-10--38--09 Frame manipulations completed
INFO:root:2021-07-27-10--38--09 Bounding Box Drawn
INFO:root:2021-07-27-10--38--09 MovingFrameQueue Appended
INFO:root:2021-07-27-10--38--09 anomallyFrameTracker resetted to 200
INFO:root:2021-07-27-10--38--10 Colour Conversion Completed
INFO:root:2021-07-27-10--38--10 Sleep Check Completed
INFO:root:2021-07-27-10--38--10 Frame manipulations completed
INFO:root:2021-07-27-10--38--10 Bounding Box Drawn
INFO:root:2021-07-27-10--38--10 MovingFrameQueue Appended
INFO:root:2021-07-27-10--38--10 anomallyFrameTracker resetted to 200
INFO:root:2021-07-27-10--38--10 Colour Conversion Completed
INFO:root:2021-07-27-10--38--10 Sleep Check Completed
INFO:root:2021-07-27-10--38--10 Frame manipulations completed
INFO:root:2021-07-27-10--38--10 Bounding Box Drawn
INFO:root:2021-07-27-10--38--10 MovingFrameQueue Appended
INFO:root:2021-07-27-10--38--10 anomallyFrameTracker resetted to 200
INFO:root:2021-07-27-10--38--10 Colour Conversion Completed
INFO:root:2021-07-27-10--38--10 Sleep Check Completed
INFO:root:2021-07-27-10--38--10 Frame manipulations completed
INFO:root:2021-07-27-10--38--10 Bounding Box Drawn
INFO:root:2021-07-27-10--38--10 MovingFrameQueue Appended
INFO:root:2021-07-27-10--38--10 anomallyFrameTracker resetted to 200
INFO:root:2021-07-27-10--38--10 Colour Conversion Completed
INFO:root:2021-07-27-10--38--10 Sleep Check Completed
INFO:root:2021-07-27-10--38--10 Frame manipulations completed
INFO:root:2021-07-27-10--38--10 Bounding Box Drawn
INFO:root:2021-07-27-10--38--10 MovingFrameQueue Appended
INFO:root:2021-07-27-10--38--10 anomallyFrameTracker resetted to 200
INFO:root:2021-07-27-10--38--10 Colour Conversion Completed
INFO:root:2021-07-27-10--38--10 Sleep Check Completed
INFO:root:2021-07-27-10--38--10 Frame manipulations completed
INFO:root:2021-07-27-10--38--10 Bounding Box Drawn
INFO:root:2021-07-27-10--38--10 MovingFrameQueue Appended
INFO:root:2021-07-27-10--38--10 anomallyFrameTracker resetted to 200
INFO:root:2021-07-27-10--38--10 Colour Conversion Completed
INFO:root:2021-07-27-10--38--10 Sleep Check Completed
INFO:root:2021-07-27-10--38--10 Frame manipulations completed
INFO:root:2021-07-27-10--38--10 Bounding Box Drawn
INFO:root:2021-07-27-10--38--10 MovingFrameQueue Appended
INFO:root:2021-07-27-10--38--10 anomallyFrameTracker resetted to 200
INFO:root:2021-07-27-10--38--10 Colour Conversion Completed
INFO:root:2021-07-27-10--38--10 Sleep Check Completed
INFO:root:2021-07-27-10--38--10 Frame manipulations completed
INFO:root:2021-07-27-10--38--10 Bounding Box Drawn
INFO:root:2021-07-27-10--38--10 MovingFrameQueue Appended
INFO:root:2021-07-27-10--38--10 anomallyFrameTracker resetted to 200
INFO:root:2021-07-27-10--38--10 Colour Conversion Completed
INFO:root:2021-07-27-10--38--10 Sleep Check Completed
INFO:root:2021-07-27-10--38--10 Frame manipulations completed
INFO:root:2021-07-27-10--38--10 Bounding Box Drawn
INFO:root:2021-07-27-10--38--10 MovingFrameQueue Appended
INFO:root:2021-07-27-10--38--10 anomallyFrameTracker resetted to 200
INFO:root:2021-07-27-10--38--10 Colour Conversion Completed
INFO:root:2021-07-27-10--38--10 Sleep Check Completed
INFO:root:2021-07-27-10--38--10 Frame manipulations completed
INFO:root:2021-07-27-10--38--10 Bounding Box Drawn
INFO:root:2021-07-27-10--38--10 MovingFrameQueue Appended
INFO:root:2021-07-27-10--38--10 anomallyFrameTracker resetted to 200
INFO:root:2021-07-27-10--38--11 Colour Conversion Completed
INFO:root:2021-07-27-10--38--11 Sleep Check Completed
INFO:root:2021-07-27-10--38--11 Frame manipulations completed
INFO:root:2021-07-27-10--38--11 Bounding Box Drawn
INFO:root:2021-07-27-10--38--11 MovingFrameQueue Appended
INFO:root:2021-07-27-10--38--11 anomallyFrameTracker resetted to 200
INFO:root:2021-07-27-10--38--11 Colour Conversion Completed
INFO:root:2021-07-27-10--38--11 Sleep Check Completed
INFO:root:2021-07-27-10--38--11 Frame manipulations completed
INFO:root:2021-07-27-10--38--11 Bounding Box Drawn
INFO:root:2021-07-27-10--38--11 MovingFrameQueue Appended
INFO:root:2021-07-27-10--38--11 anomallyFrameTracker resetted to 200
INFO:root:2021-07-27-10--38--11 Colour Conversion Completed
INFO:root:2021-07-27-10--38--11 Sleep Check Completed
INFO:root:2021-07-27-10--38--11 Frame manipulations completed
INFO:root:2021-07-27-10--38--11 Bounding Box Drawn
INFO:root:2021-07-27-10--38--11 MovingFrameQueue Appended
INFO:root:2021-07-27-10--38--11 anomallyFrameTracker resetted to 200
INFO:root:2021-07-27-10--38--11 Colour Conversion Completed
INFO:root:2021-07-27-10--38--11 Sleep Check Completed
INFO:root:2021-07-27-10--38--11 Frame manipulations completed
INFO:root:2021-07-27-10--38--11 Bounding Box Drawn
INFO:root:2021-07-27-10--38--11 MovingFrameQueue Appended
INFO:root:2021-07-27-10--38--11 anomallyFrameTracker resetted to 200
INFO:root:2021-07-27-10--38--11 Colour Conversion Completed
INFO:root:2021-07-27-10--38--11 Sleep Check Completed
INFO:root:2021-07-27-10--38--11 Frame manipulations completed
INFO:root:2021-07-27-10--38--11 Bounding Box Drawn
INFO:root:2021-07-27-10--38--11 MovingFrameQueue Appended
INFO:root:2021-07-27-10--38--11 anomallyFrameTracker resetted to 200
INFO:root:2021-07-27-10--38--14 Colour Conversion Completed
INFO:root:2021-07-27-10--38--14 Sleep Check Completed
INFO:root:2021-07-27-10--38--14 Frame manipulations completed
INFO:root:2021-07-27-10--38--14 Bounding Box Drawn
INFO:root:2021-07-27-10--38--14 MovingFrameQueue Appended
INFO:root:2021-07-27-10--38--14 anomallyFrameTracker resetted to 200
INFO:root:2021-07-27-10--38--14 Colour Conversion Completed
INFO:root:2021-07-27-10--38--14 Sleep Check Completed
INFO:root:2021-07-27-10--38--14 Frame manipulations completed
INFO:root:2021-07-27-10--38--14 Bounding Box Drawn
INFO:root:2021-07-27-10--38--14 MovingFrameQueue Popped
INFO:root:2021-07-27-10--38--14 anomallyFrameTracker resetted to 200
INFO:root:2021-07-27-10--38--14 Colour Conversion Completed
INFO:root:2021-07-27-10--38--14 Sleep Check Completed
INFO:root:2021-07-27-10--38--14 Frame manipulations completed
INFO:root:2021-07-27-10--38--14 Bounding Box Drawn
INFO:root:2021-07-27-10--38--14 MovingFrameQueue Appended
INFO:root:2021-07-27-10--38--14 anomallyFrameTracker resetted to 200
INFO:root:2021-07-27-10--38--14 Colour Conversion Completed
INFO:root:2021-07-27-10--38--14 Sleep Check Completed
INFO:root:2021-07-27-10--38--14 Frame manipulations completed
INFO:root:2021-07-27-10--38--14 Bounding Box Drawn
INFO:root:2021-07-27-10--38--14 MovingFrameQueue Popped
INFO:root:2021-07-27-10--38--14 anomallyFrameTracker resetted to 200
INFO:root:2021-07-27-10--38--14 Colour Conversion Completed
INFO:root:2021-07-27-10--38--14 Sleep Check Completed
INFO:root:2021-07-27-10--38--14 Frame manipulations completed
INFO:root:2021-07-27-10--38--14 Bounding Box Drawn
INFO:root:2021-07-27-10--38--14 MovingFrameQueue Appended
INFO:root:2021-07-27-10--38--14 anomallyFrameTracker resetted to 200
INFO:root:2021-07-27-10--38--14 Colour Conversion Completed
INFO:root:2021-07-27-10--38--14 Sleep Check Completed
INFO:root:2021-07-27-10--38--14 Frame manipulations completed
INFO:root:2021-07-27-10--38--14 Bounding Box Drawn
INFO:root:2021-07-27-10--38--14 MovingFrameQueue Popped
INFO:root:2021-07-27-10--38--14 anomallyFrameTracker resetted to 200
INFO:root:2021-07-27-10--38--14 Colour Conversion Completed
INFO:root:2021-07-27-10--38--14 Sleep Check Completed
INFO:root:2021-07-27-10--38--14 Frame manipulations completed
INFO:root:2021-07-27-10--38--14 Bounding Box Drawn
INFO:root:2021-07-27-10--38--14 MovingFrameQueue Appended
INFO:root:2021-07-27-10--38--14 anomallyFrameTracker resetted to 200
INFO:root:2021-07-27-10--38--14 Colour Conversion Completed
INFO:root:2021-07-27-10--38--14 Sleep Check Completed
INFO:root:2021-07-27-10--38--14 Frame manipulations completed
INFO:root:2021-07-27-10--38--14 Bounding Box Drawn
INFO:root:2021-07-27-10--38--14 MovingFrameQueue Popped
INFO:root:2021-07-27-10--38--14 anomallyFrameTracker resetted to 200
INFO:root:2021-07-27-10--38--14 Colour Conversion Completed
INFO:root:2021-07-27-10--38--14 Sleep Check Completed
INFO:root:2021-07-27-10--38--14 Frame manipulations completed
INFO:root:2021-07-27-10--38--14 Bounding Box Drawn
INFO:root:2021-07-27-10--38--14 MovingFrameQueue Appended
INFO:root:2021-07-27-10--38--14 anomallyFrameTracker resetted to 200
INFO:root:2021-07-27-10--38--14 Colour Conversion Completed
INFO:root:2021-07-27-10--38--14 Sleep Check Completed
INFO:root:2021-07-27-10--38--14 Frame manipulations completed
INFO:root:2021-07-27-10--38--14 Bounding Box Drawn
INFO:root:2021-07-27-10--38--14 MovingFrameQueue Popped
INFO:root:2021-07-27-10--38--14 anomallyFrameTracker resetted to 200
INFO:root:2021-07-27-10--38--15 Colour Conversion Completed
INFO:root:2021-07-27-10--38--15 Sleep Check Completed
INFO:root:2021-07-27-10--38--15 Frame manipulations completed
INFO:root:2021-07-27-10--38--15 Bounding Box Drawn
INFO:root:2021-07-27-10--38--15 MovingFrameQueue Appended
INFO:root:2021-07-27-10--38--15 anomallyFrameTracker resetted to 200
INFO:root:2021-07-27-10--38--15 Colour Conversion Completed
INFO:root:2021-07-27-10--38--15 Sleep Check Completed
INFO:root:2021-07-27-10--38--15 Frame manipulations completed
INFO:root:2021-07-27-10--38--15 Bounding Box Drawn
INFO:root:2021-07-27-10--38--15 MovingFrameQueue Popped
INFO:root:2021-07-27-10--38--15 anomallyFrameTracker resetted to 200
INFO:root:2021-07-27-10--38--15 Colour Conversion Completed
INFO:root:2021-07-27-10--38--15 Sleep Check Completed
INFO:root:2021-07-27-10--38--15 Frame manipulations completed
INFO:root:2021-07-27-10--38--15 Bounding Box Drawn
INFO:root:2021-07-27-10--38--15 MovingFrameQueue Appended
INFO:root:2021-07-27-10--38--15 anomallyFrameTracker resetted to 200
INFO:root:2021-07-27-10--38--15 Colour Conversion Completed
INFO:root:2021-07-27-10--38--15 Sleep Check Completed
INFO:root:2021-07-27-10--38--15 Frame manipulations completed
INFO:root:2021-07-27-10--38--15 Bounding Box Drawn
INFO:root:2021-07-27-10--38--15 MovingFrameQueue Popped
INFO:root:2021-07-27-10--38--15 anomallyFrameTracker resetted to 200
INFO:root:2021-07-27-10--38--15 Colour Conversion Completed
INFO:root:2021-07-27-10--38--15 Sleep Check Completed
INFO:root:2021-07-27-10--38--15 Frame manipulations completed
INFO:root:2021-07-27-10--38--15 Bounding Box Drawn
INFO:root:2021-07-27-10--38--15 MovingFrameQueue Appended
INFO:root:2021-07-27-10--38--15 anomallyFrameTracker resetted to 200
INFO:root:2021-07-27-10--38--15 Colour Conversion Completed
INFO:root:2021-07-27-10--38--15 Sleep Check Completed
INFO:root:2021-07-27-10--38--15 Frame manipulations completed
INFO:root:2021-07-27-10--38--15 Bounding Box Drawn
INFO:root:2021-07-27-10--38--15 MovingFrameQueue Popped
INFO:root:2021-07-27-10--38--15 anomallyFrameTracker resetted to 200
INFO:root:2021-07-27-10--38--15 Colour Conversion Completed
INFO:root:2021-07-27-10--38--15 Sleep Check Completed
INFO:root:2021-07-27-10--38--15 Frame manipulations completed
INFO:root:2021-07-27-10--38--15 Bounding Box Drawn
INFO:root:2021-07-27-10--38--15 MovingFrameQueue Appended
INFO:root:2021-07-27-10--38--15 anomallyFrameTracker resetted to 200
INFO:root:2021-07-27-10--38--15 Colour Conversion Completed
INFO:root:2021-07-27-10--38--15 Sleep Check Completed
INFO:root:2021-07-27-10--38--15 Frame manipulations completed
INFO:root:2021-07-27-10--38--15 Bounding Box Drawn
INFO:root:2021-07-27-10--38--15 MovingFrameQueue Popped
INFO:root:2021-07-27-10--38--15 anomallyFrameTracker resetted to 200
INFO:root:2021-07-27-10--38--16 Colour Conversion Completed
INFO:root:2021-07-27-10--38--16 Sleep Check Completed
INFO:root:2021-07-27-10--38--16 Frame manipulations completed
INFO:root:2021-07-27-10--38--16 Bounding Box Drawn
INFO:root:2021-07-27-10--38--16 MovingFrameQueue Appended
INFO:root:2021-07-27-10--38--16 anomallyFrameTracker resetted to 200
INFO:root:2021-07-27-10--38--16 Colour Conversion Completed
INFO:root:2021-07-27-10--38--16 Sleep Check Completed
INFO:root:2021-07-27-10--38--16 Frame manipulations completed
INFO:root:2021-07-27-10--38--16 Bounding Box Drawn
INFO:root:2021-07-27-10--38--16 MovingFrameQueue Popped
INFO:root:2021-07-27-10--38--16 anomallyFrameTracker resetted to 200
INFO:root:2021-07-27-10--38--16 Colour Conversion Completed
INFO:root:2021-07-27-10--38--16 Sleep Check Completed
INFO:root:2021-07-27-10--38--16 Frame manipulations completed
INFO:root:2021-07-27-10--38--16 Bounding Box Drawn
INFO:root:2021-07-27-10--38--16 MovingFrameQueue Appended
INFO:root:2021-07-27-10--38--16 anomallyFrameTracker resetted to 200
INFO:root:2021-07-27-10--38--16 Colour Conversion Completed
INFO:root:2021-07-27-10--38--16 Sleep Check Completed
INFO:root:2021-07-27-10--38--16 Frame manipulations completed
INFO:root:2021-07-27-10--38--16 Bounding Box Drawn
INFO:root:2021-07-27-10--38--16 MovingFrameQueue Popped
INFO:root:2021-07-27-10--38--16 anomallyFrameTracker resetted to 200
INFO:root:2021-07-27-10--38--16 Colour Conversion Completed
INFO:root:2021-07-27-10--38--16 Sleep Check Completed
INFO:root:2021-07-27-10--38--16 Frame manipulations completed
INFO:root:2021-07-27-10--38--16 Bounding Box Drawn
INFO:root:2021-07-27-10--38--16 MovingFrameQueue Appended
INFO:root:2021-07-27-10--38--16 anomallyFrameTracker resetted to 200
INFO:root:2021-07-27-10--38--16 Colour Conversion Completed
INFO:root:2021-07-27-10--38--16 Sleep Check Completed
INFO:root:2021-07-27-10--38--16 Frame manipulations completed
INFO:root:2021-07-27-10--38--16 Bounding Box Drawn
INFO:root:2021-07-27-10--38--16 MovingFrameQueue Popped
INFO:root:2021-07-27-10--38--16 anomallyFrameTracker resetted to 200
INFO:root:2021-07-27-10--38--16 Colour Conversion Completed
INFO:root:2021-07-27-10--38--16 Sleep Check Completed
INFO:root:2021-07-27-10--38--16 Frame manipulations completed
INFO:root:2021-07-27-10--38--16 Bounding Box Drawn
INFO:root:2021-07-27-10--38--16 MovingFrameQueue Appended
INFO:root:2021-07-27-10--38--16 anomallyFrameTracker resetted to 200
INFO:root:2021-07-27-10--38--19 Colour Conversion Completed
INFO:root:2021-07-27-10--38--19 Sleep Check Completed
INFO:root:2021-07-27-10--38--19 Frame manipulations completed
INFO:root:2021-07-27-10--38--19 Bounding Box Drawn
INFO:root:2021-07-27-10--38--19 MovingFrameQueue Popped
INFO:root:2021-07-27-10--38--19 anomallyFrameTracker resetted to 200
INFO:root:2021-07-27-10--38--19 Colour Conversion Completed
INFO:root:2021-07-27-10--38--19 Sleep Check Completed
INFO:root:2021-07-27-10--38--19 Frame manipulations completed
INFO:root:2021-07-27-10--38--19 Bounding Box Drawn
INFO:root:2021-07-27-10--38--19 MovingFrameQueue Appended
INFO:root:2021-07-27-10--38--19 anomallyFrameTracker resetted to 200
INFO:root:2021-07-27-10--38--19 Colour Conversion Completed
INFO:root:2021-07-27-10--38--19 Sleep Check Completed
INFO:root:2021-07-27-10--38--19 Frame manipulations completed
INFO:root:2021-07-27-10--38--19 Bounding Box Drawn
INFO:root:2021-07-27-10--38--19 MovingFrameQueue Popped
INFO:root:2021-07-27-10--38--19 anomallyFrameTracker resetted to 200
INFO:root:2021-07-27-10--38--19 Colour Conversion Completed
INFO:root:2021-07-27-10--38--19 Sleep Check Completed
INFO:root:2021-07-27-10--38--19 Frame manipulations completed
INFO:root:2021-07-27-10--38--19 Bounding Box Drawn
INFO:root:2021-07-27-10--38--19 MovingFrameQueue Appended
INFO:root:2021-07-27-10--38--19 anomallyFrameTracker resetted to 200
INFO:root:2021-07-27-10--38--19 Colour Conversion Completed
INFO:root:2021-07-27-10--38--19 Sleep Check Completed
INFO:root:2021-07-27-10--38--19 Frame manipulations completed
INFO:root:2021-07-27-10--38--19 Bounding Box Drawn
INFO:root:2021-07-27-10--38--19 MovingFrameQueue Popped
INFO:root:2021-07-27-10--38--19 anomallyFrameTracker resetted to 200
INFO:root:2021-07-27-10--38--19 Colour Conversion Completed
INFO:root:2021-07-27-10--38--19 Sleep Check Completed
INFO:root:2021-07-27-10--38--19 Frame manipulations completed
INFO:root:2021-07-27-10--38--19 Bounding Box Drawn
INFO:root:2021-07-27-10--38--19 MovingFrameQueue Appended
INFO:root:2021-07-27-10--38--19 anomallyFrameTracker resetted to 200
INFO:root:2021-07-27-10--38--19 Colour Conversion Completed
INFO:root:2021-07-27-10--38--19 Sleep Check Completed
INFO:root:2021-07-27-10--38--19 Frame manipulations completed
INFO:root:2021-07-27-10--38--19 Bounding Box Drawn
INFO:root:2021-07-27-10--38--19 MovingFrameQueue Popped
INFO:root:2021-07-27-10--38--19 anomallyFrameTracker resetted to 200
INFO:root:2021-07-27-10--38--19 Colour Conversion Completed
INFO:root:2021-07-27-10--38--19 Sleep Check Completed
INFO:root:2021-07-27-10--38--19 Frame manipulations completed
INFO:root:2021-07-27-10--38--19 Bounding Box Drawn
INFO:root:2021-07-27-10--38--19 MovingFrameQueue Appended
INFO:root:2021-07-27-10--38--19 anomallyFrameTracker resetted to 200
INFO:root:2021-07-27-10--38--20 Colour Conversion Completed
INFO:root:2021-07-27-10--38--20 Sleep Check Completed
INFO:root:2021-07-27-10--38--20 Frame manipulations completed
INFO:root:2021-07-27-10--38--20 Bounding Box Drawn
INFO:root:2021-07-27-10--38--20 MovingFrameQueue Popped
INFO:root:2021-07-27-10--38--20 anomallyFrameTracker resetted to 200
INFO:root:2021-07-27-10--38--20 Colour Conversion Completed
INFO:root:2021-07-27-10--38--20 Sleep Check Completed
INFO:root:2021-07-27-10--38--20 Frame manipulations completed
INFO:root:2021-07-27-10--38--20 Bounding Box Drawn
INFO:root:2021-07-27-10--38--20 MovingFrameQueue Appended
INFO:root:2021-07-27-10--38--20 anomallyFrameTracker resetted to 200
INFO:root:2021-07-27-10--38--20 Colour Conversion Completed
INFO:root:2021-07-27-10--38--20 Sleep Check Completed
INFO:root:2021-07-27-10--38--20 Frame manipulations completed
INFO:root:2021-07-27-10--38--20 Bounding Box Drawn
INFO:root:2021-07-27-10--38--20 MovingFrameQueue Popped
INFO:root:2021-07-27-10--38--20 anomallyFrameTracker resetted to 200
INFO:root:2021-07-27-10--38--20 Colour Conversion Completed
INFO:root:2021-07-27-10--38--20 Sleep Check Completed
INFO:root:2021-07-27-10--38--20 Frame manipulations completed
INFO:root:2021-07-27-10--38--20 Bounding Box Drawn
INFO:root:2021-07-27-10--38--20 MovingFrameQueue Appended
INFO:root:2021-07-27-10--38--20 anomallyFrameTracker resetted to 200
INFO:root:2021-07-27-10--38--20 Colour Conversion Completed
INFO:root:2021-07-27-10--38--20 Sleep Check Completed
INFO:root:2021-07-27-10--38--20 Frame manipulations completed
INFO:root:2021-07-27-10--38--20 Bounding Box Drawn
INFO:root:2021-07-27-10--38--20 MovingFrameQueue Popped
INFO:root:2021-07-27-10--38--20 anomallyFrameTracker resetted to 200
INFO:root:2021-07-27-10--38--20 Colour Conversion Completed
INFO:root:2021-07-27-10--38--20 Sleep Check Completed
INFO:root:2021-07-27-10--38--20 Frame manipulations completed
INFO:root:2021-07-27-10--38--20 Bounding Box Drawn
INFO:root:2021-07-27-10--38--20 MovingFrameQueue Appended
INFO:root:2021-07-27-10--38--20 anomallyFrameTracker resetted to 200
INFO:root:2021-07-27-10--38--20 Colour Conversion Completed
INFO:root:2021-07-27-10--38--20 Sleep Check Completed
INFO:root:2021-07-27-10--38--20 Frame manipulations completed
INFO:root:2021-07-27-10--38--20 Bounding Box Drawn
INFO:root:2021-07-27-10--38--20 MovingFrameQueue Popped
INFO:root:2021-07-27-10--38--20 anomallyFrameTracker resetted to 200
INFO:root:2021-07-27-10--38--20 Colour Conversion Completed
INFO:root:2021-07-27-10--38--20 Sleep Check Completed
INFO:root:2021-07-27-10--38--20 Frame manipulations completed
INFO:root:2021-07-27-10--38--20 Bounding Box Drawn
INFO:root:2021-07-27-10--38--20 MovingFrameQueue Appended
INFO:root:2021-07-27-10--38--20 anomallyFrameTracker resetted to 200
INFO:root:2021-07-27-10--38--20 Colour Conversion Completed
INFO:root:2021-07-27-10--38--20 Sleep Check Completed
INFO:root:2021-07-27-10--38--20 Frame manipulations completed
INFO:root:2021-07-27-10--38--20 Bounding Box Drawn
INFO:root:2021-07-27-10--38--20 MovingFrameQueue Popped
INFO:root:2021-07-27-10--38--20 anomallyFrameTracker resetted to 200
INFO:root:2021-07-27-10--38--21 Colour Conversion Completed
INFO:root:2021-07-27-10--38--21 Sleep Check Completed
INFO:root:2021-07-27-10--38--21 Frame manipulations completed
INFO:root:2021-07-27-10--38--21 Bounding Box Drawn
INFO:root:2021-07-27-10--38--21 MovingFrameQueue Appended
INFO:root:2021-07-27-10--38--21 anomallyFrameTracker resetted to 200
INFO:root:2021-07-27-10--38--21 Colour Conversion Completed
INFO:root:2021-07-27-10--38--21 Sleep Check Completed
INFO:root:2021-07-27-10--38--21 Frame manipulations completed
INFO:root:2021-07-27-10--38--21 Bounding Box Drawn
INFO:root:2021-07-27-10--38--21 MovingFrameQueue Popped
INFO:root:2021-07-27-10--38--21 anomallyFrameTracker resetted to 200
INFO:root:2021-07-27-10--38--21 Colour Conversion Completed
INFO:root:2021-07-27-10--38--21 Sleep Check Completed
INFO:root:2021-07-27-10--38--21 Frame manipulations completed
INFO:root:2021-07-27-10--38--21 Bounding Box Drawn
INFO:root:2021-07-27-10--38--21 MovingFrameQueue Appended
INFO:root:2021-07-27-10--38--21 anomallyFrameTracker resetted to 200
INFO:root:2021-07-27-10--38--21 Colour Conversion Completed
INFO:root:2021-07-27-10--38--21 Sleep Check Completed
INFO:root:2021-07-27-10--38--21 Frame manipulations completed
INFO:root:2021-07-27-10--38--21 Bounding Box Drawn
INFO:root:2021-07-27-10--38--21 MovingFrameQueue Popped
INFO:root:2021-07-27-10--38--21 anomallyFrameTracker resetted to 200
INFO:root:2021-07-27-10--38--21 Colour Conversion Completed
INFO:root:2021-07-27-10--38--21 Sleep Check Completed
INFO:root:2021-07-27-10--38--21 Frame manipulations completed
INFO:root:2021-07-27-10--38--21 Bounding Box Drawn
INFO:root:2021-07-27-10--38--21 MovingFrameQueue Appended
INFO:root:2021-07-27-10--38--21 anomallyFrameTracker resetted to 200
INFO:root:2021-07-27-10--38--21 Colour Conversion Completed
INFO:root:2021-07-27-10--38--21 Sleep Check Completed
INFO:root:2021-07-27-10--38--21 Frame manipulations completed
INFO:root:2021-07-27-10--38--21 Bounding Box Drawn
INFO:root:2021-07-27-10--38--21 MovingFrameQueue Popped
INFO:root:2021-07-27-10--38--21 anomallyFrameTracker resetted to 200
INFO:root:2021-07-27-10--38--21 Colour Conversion Completed
INFO:root:2021-07-27-10--38--21 Sleep Check Completed
INFO:root:2021-07-27-10--38--21 Frame manipulations completed
INFO:root:2021-07-27-10--38--21 Bounding Box Drawn
INFO:root:2021-07-27-10--38--21 MovingFrameQueue Appended
INFO:root:2021-07-27-10--38--21 anomallyFrameTracker resetted to 200
INFO:root:2021-07-27-10--38--21 Colour Conversion Completed
INFO:root:2021-07-27-10--38--21 Sleep Check Completed
INFO:root:2021-07-27-10--38--21 Frame manipulations completed
INFO:root:2021-07-27-10--38--21 Bounding Box Drawn
INFO:root:2021-07-27-10--38--21 MovingFrameQueue Popped
INFO:root:2021-07-27-10--38--21 anomallyFrameTracker resetted to 200
INFO:root:2021-07-27-10--38--24 Colour Conversion Completed
INFO:root:2021-07-27-10--38--24 Sleep Check Completed
INFO:root:2021-07-27-10--38--24 Frame manipulations completed
INFO:root:2021-07-27-10--38--24 Bounding Box Drawn
INFO:root:2021-07-27-10--38--24 MovingFrameQueue Appended
INFO:root:2021-07-27-10--38--24 anomallyFrameTracker resetted to 200
INFO:root:2021-07-27-10--38--24 Colour Conversion Completed
INFO:root:2021-07-27-10--38--24 Sleep Check Completed
INFO:root:2021-07-27-10--38--24 Frame manipulations completed
INFO:root:2021-07-27-10--38--24 Bounding Box Drawn
INFO:root:2021-07-27-10--38--24 MovingFrameQueue Popped
INFO:root:2021-07-27-10--38--24 anomallyFrameTracker resetted to 200
INFO:root:2021-07-27-10--38--24 Colour Conversion Completed
INFO:root:2021-07-27-10--38--24 Sleep Check Completed
INFO:root:2021-07-27-10--38--24 Frame manipulations completed
INFO:root:2021-07-27-10--38--24 Bounding Box Drawn
INFO:root:2021-07-27-10--38--24 MovingFrameQueue Appended
INFO:root:2021-07-27-10--38--24 anomallyFrameTracker resetted to 200
INFO:root:2021-07-27-10--38--24 Colour Conversion Completed
INFO:root:2021-07-27-10--38--24 Sleep Check Completed
INFO:root:2021-07-27-10--38--24 Frame manipulations completed
INFO:root:2021-07-27-10--38--24 Bounding Box Drawn
INFO:root:2021-07-27-10--38--24 MovingFrameQueue Popped
INFO:root:2021-07-27-10--38--24 anomallyFrameTracker resetted to 200
INFO:root:2021-07-27-10--38--24 Colour Conversion Completed
INFO:root:2021-07-27-10--38--24 Sleep Check Completed
INFO:root:2021-07-27-10--38--24 Frame manipulations completed
INFO:root:2021-07-27-10--38--24 Bounding Box Drawn
INFO:root:2021-07-27-10--38--24 MovingFrameQueue Appended
INFO:root:2021-07-27-10--38--24 anomallyFrameTracker resetted to 200
INFO:root:2021-07-27-10--38--24 Colour Conversion Completed
INFO:root:2021-07-27-10--38--24 Sleep Check Completed
INFO:root:2021-07-27-10--38--24 Frame manipulations completed
INFO:root:2021-07-27-10--38--24 Bounding Box Drawn
INFO:root:2021-07-27-10--38--24 MovingFrameQueue Popped
INFO:root:2021-07-27-10--38--24 anomallyFrameTracker resetted to 200
INFO:root:2021-07-27-10--38--24 Colour Conversion Completed
INFO:root:2021-07-27-10--38--24 Sleep Check Completed
INFO:root:2021-07-27-10--38--24 Frame manipulations completed
INFO:root:2021-07-27-10--38--24 Bounding Box Drawn
INFO:root:2021-07-27-10--38--24 MovingFrameQueue Appended
INFO:root:2021-07-27-10--38--24 anomallyFrameTracker resetted to 200
INFO:root:2021-07-27-10--38--24 Colour Conversion Completed
INFO:root:2021-07-27-10--38--24 Sleep Check Completed
INFO:root:2021-07-27-10--38--24 Frame manipulations completed
INFO:root:2021-07-27-10--38--24 Bounding Box Drawn
INFO:root:2021-07-27-10--38--24 MovingFrameQueue Popped
INFO:root:2021-07-27-10--38--24 anomallyFrameTracker resetted to 200
INFO:root:2021-07-27-10--38--25 Colour Conversion Completed
INFO:root:2021-07-27-10--38--25 Sleep Check Completed
INFO:root:2021-07-27-10--38--25 Frame manipulations completed
INFO:root:2021-07-27-10--38--25 Bounding Box Drawn
INFO:root:2021-07-27-10--38--25 MovingFrameQueue Appended
INFO:root:2021-07-27-10--38--25 anomallyFrameTracker resetted to 200
INFO:root:2021-07-27-10--38--25 Colour Conversion Completed
INFO:root:2021-07-27-10--38--25 Sleep Check Completed
INFO:root:2021-07-27-10--38--25 Frame manipulations completed
INFO:root:2021-07-27-10--38--25 Bounding Box Drawn
INFO:root:2021-07-27-10--38--25 MovingFrameQueue Popped
INFO:root:2021-07-27-10--38--25 anomallyFrameTracker resetted to 200
INFO:root:2021-07-27-10--38--25 Colour Conversion Completed
INFO:root:2021-07-27-10--38--25 Sleep Check Completed
INFO:root:2021-07-27-10--38--25 Frame manipulations completed
INFO:root:2021-07-27-10--38--25 Bounding Box Drawn
INFO:root:2021-07-27-10--38--25 MovingFrameQueue Appended
INFO:root:2021-07-27-10--38--25 anomallyFrameTracker resetted to 200
INFO:root:2021-07-27-10--38--25 Colour Conversion Completed
INFO:root:2021-07-27-10--38--25 Sleep Check Completed
INFO:root:2021-07-27-10--38--25 Frame manipulations completed
INFO:root:2021-07-27-10--38--25 Bounding Box Drawn
INFO:root:2021-07-27-10--38--25 MovingFrameQueue Popped
INFO:root:2021-07-27-10--38--25 anomallyFrameTracker resetted to 200
INFO:root:2021-07-27-10--38--25 Colour Conversion Completed
INFO:root:2021-07-27-10--38--25 Sleep Check Completed
INFO:root:2021-07-27-10--38--25 Frame manipulations completed
INFO:root:2021-07-27-10--38--25 Bounding Box Drawn
INFO:root:2021-07-27-10--38--25 MovingFrameQueue Appended
INFO:root:2021-07-27-10--38--25 anomallyFrameTracker resetted to 200
INFO:root:2021-07-27-10--38--25 Colour Conversion Completed
INFO:root:2021-07-27-10--38--25 Sleep Check Completed
INFO:root:2021-07-27-10--38--25 Frame manipulations completed
INFO:root:2021-07-27-10--38--25 Bounding Box Drawn
INFO:root:2021-07-27-10--38--25 MovingFrameQueue Popped
INFO:root:2021-07-27-10--38--25 anomallyFrameTracker resetted to 200
INFO:root:2021-07-27-10--38--25 Colour Conversion Completed
INFO:root:2021-07-27-10--38--25 Sleep Check Completed
INFO:root:2021-07-27-10--38--25 Frame manipulations completed
INFO:root:2021-07-27-10--38--25 Bounding Box Drawn
INFO:root:2021-07-27-10--38--25 MovingFrameQueue Appended
INFO:root:2021-07-27-10--38--25 anomallyFrameTracker resetted to 200
INFO:root:2021-07-27-10--38--25 Colour Conversion Completed
INFO:root:2021-07-27-10--38--25 Sleep Check Completed
INFO:root:2021-07-27-10--38--25 Frame manipulations completed
INFO:root:2021-07-27-10--38--25 Bounding Box Drawn
INFO:root:2021-07-27-10--38--25 MovingFrameQueue Popped
INFO:root:2021-07-27-10--38--25 anomallyFrameTracker resetted to 200
INFO:root:2021-07-27-10--38--25 Colour Conversion Completed
INFO:root:2021-07-27-10--38--25 Sleep Check Completed
INFO:root:2021-07-27-10--38--25 Frame manipulations completed
INFO:root:2021-07-27-10--38--25 Bounding Box Drawn
INFO:root:2021-07-27-10--38--25 MovingFrameQueue Appended
INFO:root:2021-07-27-10--38--25 anomallyFrameTracker resetted to 200
INFO:root:2021-07-27-10--38--26 Colour Conversion Completed
INFO:root:2021-07-27-10--38--26 Sleep Check Completed
INFO:root:2021-07-27-10--38--26 Frame manipulations completed
INFO:root:2021-07-27-10--38--26 Bounding Box Drawn
INFO:root:2021-07-27-10--38--26 MovingFrameQueue Popped
INFO:root:2021-07-27-10--38--26 anomallyFrameTracker resetted to 200
INFO:root:2021-07-27-10--38--26 Colour Conversion Completed
INFO:root:2021-07-27-10--38--26 Sleep Check Completed
INFO:root:2021-07-27-10--38--26 Frame manipulations completed
INFO:root:2021-07-27-10--38--26 Bounding Box Drawn
INFO:root:2021-07-27-10--38--26 MovingFrameQueue Appended
INFO:root:2021-07-27-10--38--26 anomallyFrameTracker resetted to 200
INFO:root:2021-07-27-10--38--26 Colour Conversion Completed
INFO:root:2021-07-27-10--38--26 Sleep Check Completed
INFO:root:2021-07-27-10--38--26 Frame manipulations completed
INFO:root:2021-07-27-10--38--26 Bounding Box Drawn
INFO:root:2021-07-27-10--38--26 MovingFrameQueue Popped
INFO:root:2021-07-27-10--38--26 anomallyFrameTracker resetted to 200
INFO:root:2021-07-27-10--38--26 Colour Conversion Completed
INFO:root:2021-07-27-10--38--26 Sleep Check Completed
INFO:root:2021-07-27-10--38--26 Frame manipulations completed
INFO:root:2021-07-27-10--38--26 Bounding Box Drawn
INFO:root:2021-07-27-10--38--26 MovingFrameQueue Appended
INFO:root:2021-07-27-10--38--26 anomallyFrameTracker resetted to 200
INFO:root:2021-07-27-10--38--26 Colour Conversion Completed
INFO:root:2021-07-27-10--38--26 Sleep Check Completed
INFO:root:2021-07-27-10--38--26 Frame manipulations completed
INFO:root:2021-07-27-10--38--26 Bounding Box Drawn
INFO:root:2021-07-27-10--38--26 MovingFrameQueue Popped
INFO:root:2021-07-27-10--38--26 anomallyFrameTracker resetted to 200
INFO:root:2021-07-27-10--38--26 Colour Conversion Completed
INFO:root:2021-07-27-10--38--26 Sleep Check Completed
INFO:root:2021-07-27-10--38--26 Frame manipulations completed
INFO:root:2021-07-27-10--38--26 Bounding Box Drawn
INFO:root:2021-07-27-10--38--26 MovingFrameQueue Appended
INFO:root:2021-07-27-10--38--26 anomallyFrameTracker resetted to 200
INFO:root:2021-07-27-10--38--26 Colour Conversion Completed
INFO:root:2021-07-27-10--38--26 Sleep Check Completed
INFO:root:2021-07-27-10--38--26 Frame manipulations completed
INFO:root:2021-07-27-10--38--26 Bounding Box Drawn
INFO:root:2021-07-27-10--38--26 MovingFrameQueue Popped
INFO:root:2021-07-27-10--38--26 anomallyFrameTracker resetted to 200
INFO:root:2021-07-27-10--38--26 Colour Conversion Completed
INFO:root:2021-07-27-10--38--26 Sleep Check Completed
INFO:root:2021-07-27-10--38--26 Frame manipulations completed
INFO:root:2021-07-27-10--38--26 Bounding Box Drawn
INFO:root:2021-07-27-10--38--26 MovingFrameQueue Appended
INFO:root:2021-07-27-10--38--26 anomallyFrameTracker resetted to 200
INFO:root:2021-07-27-10--38--29 Colour Conversion Completed
INFO:root:2021-07-27-10--38--29 Sleep Check Completed
INFO:root:2021-07-27-10--38--29 Frame manipulations completed
INFO:root:2021-07-27-10--38--29 Bounding Box Drawn
INFO:root:2021-07-27-10--38--29 MovingFrameQueue Popped
INFO:root:2021-07-27-10--38--29 anomallyFrameTracker resetted to 200
INFO:root:2021-07-27-10--38--29 Colour Conversion Completed
INFO:root:2021-07-27-10--38--29 Sleep Check Completed
INFO:root:2021-07-27-10--38--29 Frame manipulations completed
INFO:root:2021-07-27-10--38--29 Bounding Box Drawn
INFO:root:2021-07-27-10--38--29 MovingFrameQueue Appended
INFO:root:2021-07-27-10--38--29 anomallyFrameTracker resetted to 200
INFO:root:2021-07-27-10--38--29 Colour Conversion Completed
INFO:root:2021-07-27-10--38--29 Sleep Check Completed
INFO:root:2021-07-27-10--38--29 Frame manipulations completed
INFO:root:2021-07-27-10--38--29 Bounding Box Drawn
INFO:root:2021-07-27-10--38--29 MovingFrameQueue Popped
INFO:root:2021-07-27-10--38--29 anomallyFrameTracker resetted to 200
INFO:root:2021-07-27-10--38--29 Colour Conversion Completed
INFO:root:2021-07-27-10--38--29 Sleep Check Completed
INFO:root:2021-07-27-10--38--29 Frame manipulations completed
INFO:root:2021-07-27-10--38--29 Bounding Box Drawn
INFO:root:2021-07-27-10--38--29 MovingFrameQueue Appended
INFO:root:2021-07-27-10--38--29 anomallyFrameTracker resetted to 200
INFO:root:2021-07-27-10--38--29 Colour Conversion Completed
INFO:root:2021-07-27-10--38--29 Sleep Check Completed
INFO:root:2021-07-27-10--38--29 Frame manipulations completed
INFO:root:2021-07-27-10--38--29 Bounding Box Drawn
INFO:root:2021-07-27-10--38--29 MovingFrameQueue Popped
INFO:root:2021-07-27-10--38--29 anomallyFrameTracker resetted to 200
INFO:root:2021-07-27-10--38--29 Colour Conversion Completed
INFO:root:2021-07-27-10--38--29 Sleep Check Completed
INFO:root:2021-07-27-10--38--29 Frame manipulations completed
INFO:root:2021-07-27-10--38--29 Bounding Box Drawn
INFO:root:2021-07-27-10--38--29 MovingFrameQueue Appended
INFO:root:2021-07-27-10--38--29 anomallyFrameTracker resetted to 200
INFO:root:2021-07-27-10--38--29 Colour Conversion Completed
INFO:root:2021-07-27-10--38--29 Sleep Check Completed
INFO:root:2021-07-27-10--38--29 Frame manipulations completed
INFO:root:2021-07-27-10--38--29 Bounding Box Drawn
INFO:root:2021-07-27-10--38--29 MovingFrameQueue Popped
INFO:root:2021-07-27-10--38--29 anomallyFrameTracker resetted to 200
INFO:root:2021-07-27-10--38--30 Colour Conversion Completed
INFO:root:2021-07-27-10--38--30 Sleep Check Completed
INFO:root:2021-07-27-10--38--30 Frame manipulations completed
INFO:root:2021-07-27-10--38--30 Bounding Box Drawn
INFO:root:2021-07-27-10--38--30 MovingFrameQueue Appended
INFO:root:2021-07-27-10--38--30 anomallyFrameTracker resetted to 200
INFO:root:2021-07-27-10--38--30 Colour Conversion Completed
INFO:root:2021-07-27-10--38--30 Sleep Check Completed
INFO:root:2021-07-27-10--38--30 Frame manipulations completed
INFO:root:2021-07-27-10--38--30 Bounding Box Drawn
INFO:root:2021-07-27-10--38--30 MovingFrameQueue Popped
INFO:root:2021-07-27-10--38--30 anomallyFrameTracker resetted to 200
INFO:root:2021-07-27-10--38--30 Colour Conversion Completed
INFO:root:2021-07-27-10--38--30 Sleep Check Completed
INFO:root:2021-07-27-10--38--30 Frame manipulations completed
INFO:root:2021-07-27-10--38--30 Bounding Box Drawn
INFO:root:2021-07-27-10--38--30 MovingFrameQueue Appended
INFO:root:2021-07-27-10--38--30 anomallyFrameTracker resetted to 200
INFO:root:2021-07-27-10--38--30 Colour Conversion Completed
INFO:root:2021-07-27-10--38--30 Sleep Check Completed
INFO:root:2021-07-27-10--38--30 Frame manipulations completed
INFO:root:2021-07-27-10--38--30 Bounding Box Drawn
INFO:root:2021-07-27-10--38--30 MovingFrameQueue Popped
INFO:root:2021-07-27-10--38--30 anomallyFrameTracker resetted to 200
INFO:root:2021-07-27-10--38--30 Colour Conversion Completed
INFO:root:2021-07-27-10--38--30 Sleep Check Completed
INFO:root:2021-07-27-10--38--30 Frame manipulations completed
INFO:root:2021-07-27-10--38--30 Bounding Box Drawn
INFO:root:2021-07-27-10--38--30 MovingFrameQueue Appended
INFO:root:2021-07-27-10--38--30 anomallyFrameTracker resetted to 200
INFO:root:2021-07-27-10--38--30 Colour Conversion Completed
INFO:root:2021-07-27-10--38--30 Sleep Check Completed
INFO:root:2021-07-27-10--38--30 Frame manipulations completed
INFO:root:2021-07-27-10--38--30 Bounding Box Drawn
INFO:root:2021-07-27-10--38--30 MovingFrameQueue Popped
INFO:root:2021-07-27-10--38--30 anomallyFrameTracker resetted to 200
INFO:root:2021-07-27-10--38--30 Colour Conversion Completed
INFO:root:2021-07-27-10--38--30 Sleep Check Completed
INFO:root:2021-07-27-10--38--30 Frame manipulations completed
INFO:root:2021-07-27-10--38--30 Bounding Box Drawn
INFO:root:2021-07-27-10--38--30 MovingFrameQueue Appended
INFO:root:2021-07-27-10--38--30 anomallyFrameTracker resetted to 200
INFO:root:2021-07-27-10--38--30 Colour Conversion Completed
INFO:root:2021-07-27-10--38--30 Sleep Check Completed
INFO:root:2021-07-27-10--38--30 Frame manipulations completed
INFO:root:2021-07-27-10--38--30 Bounding Box Drawn
INFO:root:2021-07-27-10--38--30 MovingFrameQueue Popped
INFO:root:2021-07-27-10--38--30 anomallyFrameTracker resetted to 200
INFO:root:2021-07-27-10--38--30 Colour Conversion Completed
INFO:root:2021-07-27-10--38--30 Sleep Check Completed
INFO:root:2021-07-27-10--38--30 Frame manipulations completed
INFO:root:2021-07-27-10--38--30 Bounding Box Drawn
INFO:root:2021-07-27-10--38--30 MovingFrameQueue Appended
INFO:root:2021-07-27-10--38--30 anomallyFrameTracker resetted to 200
INFO:root:2021-07-27-10--38--31 Colour Conversion Completed
INFO:root:2021-07-27-10--38--31 Sleep Check Completed
INFO:root:2021-07-27-10--38--31 Frame manipulations completed
INFO:root:2021-07-27-10--38--31 Bounding Box Drawn
INFO:root:2021-07-27-10--38--31 MovingFrameQueue Popped
INFO:root:2021-07-27-10--38--31 anomallyFrameTracker resetted to 200
INFO:root:2021-07-27-10--38--31 Colour Conversion Completed
INFO:root:2021-07-27-10--38--31 Sleep Check Completed
INFO:root:2021-07-27-10--38--31 Frame manipulations completed
INFO:root:2021-07-27-10--38--31 Bounding Box Drawn
INFO:root:2021-07-27-10--38--31 MovingFrameQueue Appended
INFO:root:2021-07-27-10--38--31 anomallyFrameTracker resetted to 200
INFO:root:2021-07-27-10--38--31 Colour Conversion Completed
INFO:root:2021-07-27-10--38--31 Sleep Check Completed
INFO:root:2021-07-27-10--38--31 Frame manipulations completed
INFO:root:2021-07-27-10--38--31 Bounding Box Drawn
INFO:root:2021-07-27-10--38--31 MovingFrameQueue Popped
INFO:root:2021-07-27-10--38--31 anomallyFrameTracker resetted to 200
INFO:root:2021-07-27-10--38--31 Colour Conversion Completed
INFO:root:2021-07-27-10--38--31 Sleep Check Completed
INFO:root:2021-07-27-10--38--31 Frame manipulations completed
INFO:root:2021-07-27-10--38--31 Bounding Box Drawn
INFO:root:2021-07-27-10--38--31 MovingFrameQueue Appended
INFO:root:2021-07-27-10--38--31 anomallyFrameTracker resetted to 200
INFO:root:2021-07-27-10--38--31 Colour Conversion Completed
INFO:root:2021-07-27-10--38--31 Sleep Check Completed
INFO:root:2021-07-27-10--38--31 Frame manipulations completed
INFO:root:2021-07-27-10--38--31 Bounding Box Drawn
INFO:root:2021-07-27-10--38--31 MovingFrameQueue Popped
INFO:root:2021-07-27-10--38--31 anomallyFrameTracker resetted to 200
INFO:root:2021-07-27-10--38--31 Colour Conversion Completed
INFO:root:2021-07-27-10--38--31 Sleep Check Completed
INFO:root:2021-07-27-10--38--31 Frame manipulations completed
INFO:root:2021-07-27-10--38--31 Bounding Box Drawn
INFO:root:2021-07-27-10--38--31 MovingFrameQueue Appended
INFO:root:2021-07-27-10--38--31 anomallyFrameTracker resetted to 200
INFO:root:2021-07-27-10--38--31 Colour Conversion Completed
INFO:root:2021-07-27-10--38--31 Sleep Check Completed
INFO:root:2021-07-27-10--38--31 Frame manipulations completed
INFO:root:2021-07-27-10--38--31 Bounding Box Drawn
INFO:root:2021-07-27-10--38--31 MovingFrameQueue Popped
INFO:root:2021-07-27-10--38--31 anomallyFrameTracker resetted to 200
INFO:root:2021-07-27-10--38--31 Colour Conversion Completed
INFO:root:2021-07-27-10--38--31 Sleep Check Completed
INFO:root:2021-07-27-10--38--31 Frame manipulations completed
INFO:root:2021-07-27-10--38--31 Bounding Box Drawn
INFO:root:2021-07-27-10--38--31 MovingFrameQueue Appended
INFO:root:2021-07-27-10--38--31 anomallyFrameTracker resetted to 200
INFO:root:2021-07-27-10--38--31 Colour Conversion Completed
INFO:root:2021-07-27-10--38--32 Sleep Check Completed
INFO:root:2021-07-27-10--38--32 Frame manipulations completed
INFO:root:2021-07-27-10--38--32 Bounding Box Drawn
INFO:root:2021-07-27-10--38--32 MovingFrameQueue Popped
INFO:root:2021-07-27-10--38--32 anomallyFrameTracker resetted to 200
INFO:root:2021-07-27-10--38--37 Colour Conversion Completed
INFO:root:2021-07-27-10--38--37 Sleep Check Completed
INFO:root:2021-07-27-10--38--37 Frame manipulations completed
INFO:root:2021-07-27-10--38--37 Bounding Box Drawn
INFO:root:2021-07-27-10--38--37 MovingFrameQueue Appended
INFO:root:2021-07-27-10--38--37 anomallyFrameTracker resetted to 200
INFO:root:2021-07-27-10--38--37 Colour Conversion Completed
INFO:root:2021-07-27-10--38--37 Sleep Check Completed
INFO:root:2021-07-27-10--38--37 Frame manipulations completed
INFO:root:2021-07-27-10--38--37 Bounding Box Drawn
INFO:root:2021-07-27-10--38--37 MovingFrameQueue Popped
INFO:root:2021-07-27-10--38--37 anomallyFrameTracker resetted to 200
INFO:root:2021-07-27-10--38--37 Colour Conversion Completed
INFO:root:2021-07-27-10--38--37 Sleep Check Completed
INFO:root:2021-07-27-10--38--37 Frame manipulations completed
INFO:root:2021-07-27-10--38--37 Bounding Box Drawn
INFO:root:2021-07-27-10--38--37 MovingFrameQueue Appended
INFO:root:2021-07-27-10--38--37 anomallyFrameTracker resetted to 200
INFO:root:2021-07-27-10--38--38 Colour Conversion Completed
INFO:root:2021-07-27-10--38--38 Sleep Check Completed
INFO:root:2021-07-27-10--38--38 Frame manipulations completed
INFO:root:2021-07-27-10--38--38 Bounding Box Drawn
INFO:root:2021-07-27-10--38--38 MovingFrameQueue Popped
INFO:root:2021-07-27-10--38--38 anomallyFrameTracker resetted to 200
INFO:root:2021-07-27-10--38--38 Colour Conversion Completed
INFO:root:2021-07-27-10--38--38 Sleep Check Completed
INFO:root:2021-07-27-10--38--38 Frame manipulations completed
INFO:root:2021-07-27-10--38--38 Bounding Box Drawn
INFO:root:2021-07-27-10--38--38 MovingFrameQueue Appended
INFO:root:2021-07-27-10--38--38 anomallyFrameTracker resetted to 200
INFO:root:2021-07-27-10--38--38 Colour Conversion Completed
INFO:root:2021-07-27-10--38--38 Sleep Check Completed
INFO:root:2021-07-27-10--38--38 Frame manipulations completed
INFO:root:2021-07-27-10--38--38 Bounding Box Drawn
INFO:root:2021-07-27-10--38--38 MovingFrameQueue Popped
INFO:root:2021-07-27-10--38--38 anomallyFrameTracker resetted to 200
INFO:root:2021-07-27-10--38--38 Colour Conversion Completed
INFO:root:2021-07-27-10--38--38 Sleep Check Completed
INFO:root:2021-07-27-10--38--38 Frame manipulations completed
INFO:root:2021-07-27-10--38--38 Bounding Box Drawn
INFO:root:2021-07-27-10--38--38 MovingFrameQueue Appended
INFO:root:2021-07-27-10--38--38 anomallyFrameTracker resetted to 200
INFO:root:2021-07-27-10--38--38 Colour Conversion Completed
INFO:root:2021-07-27-10--38--38 Sleep Check Completed
INFO:root:2021-07-27-10--38--38 Frame manipulations completed
INFO:root:2021-07-27-10--38--38 Bounding Box Drawn
INFO:root:2021-07-27-10--38--38 MovingFrameQueue Popped
INFO:root:2021-07-27-10--38--38 anomallyFrameTracker resetted to 200
INFO:root:2021-07-27-10--38--38 Colour Conversion Completed
INFO:root:2021-07-27-10--38--38 Sleep Check Completed
INFO:root:2021-07-27-10--38--38 Frame manipulations completed
INFO:root:2021-07-27-10--38--38 Bounding Box Drawn
INFO:root:2021-07-27-10--38--38 MovingFrameQueue Appended
INFO:root:2021-07-27-10--38--38 anomallyFrameTracker resetted to 200
INFO:root:2021-07-27-10--38--38 Colour Conversion Completed
INFO:root:2021-07-27-10--38--38 Sleep Check Completed
INFO:root:2021-07-27-10--38--38 Frame manipulations completed
INFO:root:2021-07-27-10--38--38 Bounding Box Drawn
INFO:root:2021-07-27-10--38--38 MovingFrameQueue Popped
INFO:root:2021-07-27-10--38--38 anomallyFrameTracker resetted to 200
INFO:root:2021-07-27-10--38--38 Colour Conversion Completed
INFO:root:2021-07-27-10--38--38 Sleep Check Completed
INFO:root:2021-07-27-10--38--38 Frame manipulations completed
INFO:root:2021-07-27-10--38--38 Bounding Box Drawn
INFO:root:2021-07-27-10--38--38 MovingFrameQueue Appended
INFO:root:2021-07-27-10--38--38 anomallyFrameTracker resetted to 200
INFO:root:2021-07-27-10--38--38 Colour Conversion Completed
INFO:root:2021-07-27-10--38--38 Sleep Check Completed
INFO:root:2021-07-27-10--38--38 Frame manipulations completed
INFO:root:2021-07-27-10--38--38 Bounding Box Drawn
INFO:root:2021-07-27-10--38--38 MovingFrameQueue Popped
INFO:root:2021-07-27-10--38--38 anomallyFrameTracker resetted to 200
INFO:root:2021-07-27-10--38--39 Colour Conversion Completed
INFO:root:2021-07-27-10--38--39 Sleep Check Completed
INFO:root:2021-07-27-10--38--39 Frame manipulations completed
INFO:root:2021-07-27-10--38--39 Bounding Box Drawn
INFO:root:2021-07-27-10--38--39 MovingFrameQueue Appended
INFO:root:2021-07-27-10--38--39 anomallyFrameTracker resetted to 200
INFO:root:2021-07-27-10--38--39 Colour Conversion Completed
INFO:root:2021-07-27-10--38--39 Sleep Check Completed
INFO:root:2021-07-27-10--38--39 Frame manipulations completed
INFO:root:2021-07-27-10--38--39 Bounding Box Drawn
INFO:root:2021-07-27-10--38--39 MovingFrameQueue Popped
INFO:root:2021-07-27-10--38--39 anomallyFrameTracker resetted to 200
INFO:root:2021-07-27-10--38--39 Colour Conversion Completed
INFO:root:2021-07-27-10--38--39 Sleep Check Completed
INFO:root:2021-07-27-10--38--39 Frame manipulations completed
INFO:root:2021-07-27-10--38--39 Bounding Box Drawn
INFO:root:2021-07-27-10--38--39 MovingFrameQueue Appended
INFO:root:2021-07-27-10--38--39 anomallyFrameTracker resetted to 200
INFO:root:2021-07-27-10--38--39 Colour Conversion Completed
INFO:root:2021-07-27-10--38--39 Sleep Check Completed
INFO:root:2021-07-27-10--38--39 Frame manipulations completed
INFO:root:2021-07-27-10--38--39 Bounding Box Drawn
INFO:root:2021-07-27-10--38--39 MovingFrameQueue Popped
INFO:root:2021-07-27-10--38--39 anomallyFrameTracker resetted to 200
INFO:root:2021-07-27-10--38--39 Colour Conversion Completed
INFO:root:2021-07-27-10--38--39 Sleep Check Completed
INFO:root:2021-07-27-10--38--39 Frame manipulations completed
INFO:root:2021-07-27-10--38--39 Bounding Box Drawn
INFO:root:2021-07-27-10--38--39 MovingFrameQueue Appended
INFO:root:2021-07-27-10--38--39 anomallyFrameTracker resetted to 200
INFO:root:2021-07-27-10--38--39 Colour Conversion Completed
INFO:root:2021-07-27-10--38--39 Sleep Check Completed
INFO:root:2021-07-27-10--38--39 Frame manipulations completed
INFO:root:2021-07-27-10--38--39 Bounding Box Drawn
INFO:root:2021-07-27-10--38--39 MovingFrameQueue Popped
INFO:root:2021-07-27-10--38--39 anomallyFrameTracker resetted to 200
INFO:root:2021-07-27-10--38--39 Colour Conversion Completed
INFO:root:2021-07-27-10--38--39 Sleep Check Completed
INFO:root:2021-07-27-10--38--39 Frame manipulations completed
INFO:root:2021-07-27-10--38--39 Bounding Box Drawn
INFO:root:2021-07-27-10--38--39 MovingFrameQueue Appended
INFO:root:2021-07-27-10--38--39 anomallyFrameTracker resetted to 200
INFO:root:2021-07-27-10--38--39 Colour Conversion Completed
INFO:root:2021-07-27-10--38--39 Sleep Check Completed
INFO:root:2021-07-27-10--38--39 Frame manipulations completed
INFO:root:2021-07-27-10--38--39 Bounding Box Drawn
INFO:root:2021-07-27-10--38--39 MovingFrameQueue Popped
INFO:root:2021-07-27-10--38--39 anomallyFrameTracker resetted to 200
INFO:root:2021-07-27-10--38--39 Colour Conversion Completed
INFO:root:2021-07-27-10--38--40 Sleep Check Completed
INFO:root:2021-07-27-10--38--40 Frame manipulations completed
INFO:root:2021-07-27-10--38--40 Bounding Box Drawn
INFO:root:2021-07-27-10--38--40 MovingFrameQueue Appended
INFO:root:2021-07-27-10--38--40 anomallyFrameTracker resetted to 200
INFO:root:2021-07-27-10--38--40 Colour Conversion Completed
INFO:root:2021-07-27-10--38--40 Sleep Check Completed
INFO:root:2021-07-27-10--38--40 Frame manipulations completed
INFO:root:2021-07-27-10--38--40 Bounding Box Drawn
INFO:root:2021-07-27-10--38--40 MovingFrameQueue Popped
INFO:root:2021-07-27-10--38--40 anomallyFrameTracker resetted to 200
INFO:root:2021-07-27-10--38--40 Colour Conversion Completed
INFO:root:2021-07-27-10--38--40 Sleep Check Completed
INFO:root:2021-07-27-10--38--40 Frame manipulations completed
INFO:root:2021-07-27-10--38--40 Bounding Box Drawn
INFO:root:2021-07-27-10--38--40 MovingFrameQueue Appended
INFO:root:2021-07-27-10--38--40 anomallyFrameTracker resetted to 200
INFO:root:2021-07-27-10--38--40 Colour Conversion Completed
INFO:root:2021-07-27-10--38--40 Sleep Check Completed
INFO:root:2021-07-27-10--38--40 Frame manipulations completed
INFO:root:2021-07-27-10--38--40 Bounding Box Drawn
INFO:root:2021-07-27-10--38--40 MovingFrameQueue Popped
INFO:root:2021-07-27-10--38--40 anomallyFrameTracker resetted to 200
INFO:root:2021-07-27-10--38--40 Colour Conversion Completed
INFO:root:2021-07-27-10--38--40 Sleep Check Completed
INFO:root:2021-07-27-10--38--40 Frame manipulations completed
INFO:root:2021-07-27-10--38--40 Bounding Box Drawn
INFO:root:2021-07-27-10--38--40 MovingFrameQueue Appended
INFO:root:2021-07-27-10--38--40 anomallyFrameTracker resetted to 200
INFO:root:2021-07-27-10--38--42 Colour Conversion Completed
INFO:root:2021-07-27-10--38--42 Sleep Check Completed
INFO:root:2021-07-27-10--38--42 Frame manipulations completed
INFO:root:2021-07-27-10--38--42 Bounding Box Drawn
INFO:root:2021-07-27-10--38--42 MovingFrameQueue Popped
INFO:root:2021-07-27-10--38--42 anomallyFrameTracker resetted to 200
INFO:root:2021-07-27-10--38--42 Colour Conversion Completed
INFO:root:2021-07-27-10--38--42 Sleep Check Completed
INFO:root:2021-07-27-10--38--42 Frame manipulations completed
INFO:root:2021-07-27-10--38--42 Bounding Box Drawn
INFO:root:2021-07-27-10--38--42 MovingFrameQueue Appended
INFO:root:2021-07-27-10--38--42 anomallyFrameTracker resetted to 200
INFO:root:2021-07-27-10--38--43 Colour Conversion Completed
INFO:root:2021-07-27-10--38--43 Sleep Check Completed
INFO:root:2021-07-27-10--38--43 Frame manipulations completed
INFO:root:2021-07-27-10--38--43 Bounding Box Drawn
INFO:root:2021-07-27-10--38--43 MovingFrameQueue Popped
INFO:root:2021-07-27-10--38--43 anomallyFrameTracker resetted to 200
INFO:root:2021-07-27-10--38--43 Colour Conversion Completed
INFO:root:2021-07-27-10--38--43 Sleep Check Completed
INFO:root:2021-07-27-10--38--43 Frame manipulations completed
INFO:root:2021-07-27-10--38--43 Bounding Box Drawn
INFO:root:2021-07-27-10--38--43 MovingFrameQueue Appended
INFO:root:2021-07-27-10--38--43 anomallyFrameTracker resetted to 200
INFO:root:2021-07-27-10--38--43 Colour Conversion Completed
INFO:root:2021-07-27-10--38--43 Sleep Check Completed
INFO:root:2021-07-27-10--38--43 Frame manipulations completed
INFO:root:2021-07-27-10--38--43 Bounding Box Drawn
INFO:root:2021-07-27-10--38--43 MovingFrameQueue Popped
INFO:root:2021-07-27-10--38--43 anomallyFrameTracker resetted to 200
INFO:root:2021-07-27-10--38--43 Colour Conversion Completed
INFO:root:2021-07-27-10--38--43 Sleep Check Completed
INFO:root:2021-07-27-10--38--43 Frame manipulations completed
INFO:root:2021-07-27-10--38--43 Bounding Box Drawn
INFO:root:2021-07-27-10--38--43 MovingFrameQueue Appended
INFO:root:2021-07-27-10--38--43 anomallyFrameTracker resetted to 200
INFO:root:2021-07-27-10--38--43 Colour Conversion Completed
INFO:root:2021-07-27-10--38--43 Sleep Check Completed
INFO:root:2021-07-27-10--38--43 Frame manipulations completed
INFO:root:2021-07-27-10--38--43 Bounding Box Drawn
INFO:root:2021-07-27-10--38--43 MovingFrameQueue Popped
INFO:root:2021-07-27-10--38--43 anomallyFrameTracker resetted to 200
INFO:root:2021-07-27-10--38--43 Colour Conversion Completed
INFO:root:2021-07-27-10--38--43 Sleep Check Completed
INFO:root:2021-07-27-10--38--43 Frame manipulations completed
INFO:root:2021-07-27-10--38--43 Bounding Box Drawn
INFO:root:2021-07-27-10--38--43 MovingFrameQueue Appended
INFO:root:2021-07-27-10--38--43 anomallyFrameTracker resetted to 200
INFO:root:2021-07-27-10--38--43 Colour Conversion Completed
INFO:root:2021-07-27-10--38--43 Sleep Check Completed
INFO:root:2021-07-27-10--38--43 Frame manipulations completed
INFO:root:2021-07-27-10--38--43 Bounding Box Drawn
INFO:root:2021-07-27-10--38--43 MovingFrameQueue Popped
INFO:root:2021-07-27-10--38--43 anomallyFrameTracker resetted to 200
INFO:root:2021-07-27-10--38--43 Colour Conversion Completed
INFO:root:2021-07-27-10--38--43 Sleep Check Completed
INFO:root:2021-07-27-10--38--43 Frame manipulations completed
INFO:root:2021-07-27-10--38--43 Bounding Box Drawn
INFO:root:2021-07-27-10--38--43 MovingFrameQueue Appended
INFO:root:2021-07-27-10--38--43 anomallyFrameTracker resetted to 200
INFO:root:2021-07-27-10--38--43 Colour Conversion Completed
INFO:root:2021-07-27-10--38--43 Sleep Check Completed
INFO:root:2021-07-27-10--38--43 Frame manipulations completed
INFO:root:2021-07-27-10--38--43 Bounding Box Drawn
INFO:root:2021-07-27-10--38--43 MovingFrameQueue Popped
INFO:root:2021-07-27-10--38--43 anomallyFrameTracker resetted to 200
INFO:root:2021-07-27-10--38--44 Colour Conversion Completed
INFO:root:2021-07-27-10--38--44 Sleep Check Completed
INFO:root:2021-07-27-10--38--44 Frame manipulations completed
INFO:root:2021-07-27-10--38--44 Bounding Box Drawn
INFO:root:2021-07-27-10--38--44 MovingFrameQueue Appended
INFO:root:2021-07-27-10--38--44 anomallyFrameTracker resetted to 200
INFO:root:2021-07-27-10--38--44 Colour Conversion Completed
INFO:root:2021-07-27-10--38--44 Sleep Check Completed
INFO:root:2021-07-27-10--38--44 Frame manipulations completed
INFO:root:2021-07-27-10--38--44 Bounding Box Drawn
INFO:root:2021-07-27-10--38--44 MovingFrameQueue Popped
INFO:root:2021-07-27-10--38--44 anomallyFrameTracker resetted to 200
INFO:root:2021-07-27-10--38--44 Colour Conversion Completed
INFO:root:2021-07-27-10--38--44 Sleep Check Completed
INFO:root:2021-07-27-10--38--44 Frame manipulations completed
INFO:root:2021-07-27-10--38--44 Bounding Box Drawn
INFO:root:2021-07-27-10--38--44 MovingFrameQueue Appended
INFO:root:2021-07-27-10--38--44 anomallyFrameTracker resetted to 200
INFO:root:2021-07-27-10--38--44 Colour Conversion Completed
INFO:root:2021-07-27-10--38--44 Sleep Check Completed
INFO:root:2021-07-27-10--38--44 Frame manipulations completed
INFO:root:2021-07-27-10--38--44 Bounding Box Drawn
INFO:root:2021-07-27-10--38--44 MovingFrameQueue Popped
INFO:root:2021-07-27-10--38--44 anomallyFrameTracker resetted to 200
INFO:root:2021-07-27-10--38--44 Colour Conversion Completed
INFO:root:2021-07-27-10--38--44 Sleep Check Completed
INFO:root:2021-07-27-10--38--44 Frame manipulations completed
INFO:root:2021-07-27-10--38--44 Bounding Box Drawn
INFO:root:2021-07-27-10--38--44 MovingFrameQueue Appended
INFO:root:2021-07-27-10--38--44 anomallyFrameTracker resetted to 200
INFO:root:2021-07-27-10--38--44 Colour Conversion Completed
INFO:root:2021-07-27-10--38--44 Sleep Check Completed
INFO:root:2021-07-27-10--38--44 Frame manipulations completed
INFO:root:2021-07-27-10--38--44 Bounding Box Drawn
INFO:root:2021-07-27-10--38--44 MovingFrameQueue Popped
INFO:root:2021-07-27-10--38--44 anomallyFrameTracker resetted to 200
INFO:root:2021-07-27-10--38--44 Colour Conversion Completed
INFO:root:2021-07-27-10--38--44 Sleep Check Completed
INFO:root:2021-07-27-10--38--44 Frame manipulations completed
INFO:root:2021-07-27-10--38--44 Bounding Box Drawn
INFO:root:2021-07-27-10--38--44 MovingFrameQueue Appended
INFO:root:2021-07-27-10--38--44 anomallyFrameTracker resetted to 200
INFO:root:2021-07-27-10--38--44 Colour Conversion Completed
INFO:root:2021-07-27-10--38--44 Sleep Check Completed
INFO:root:2021-07-27-10--38--44 Frame manipulations completed
INFO:root:2021-07-27-10--38--44 Bounding Box Drawn
INFO:root:2021-07-27-10--38--44 MovingFrameQueue Popped
INFO:root:2021-07-27-10--38--44 anomallyFrameTracker resetted to 200
INFO:root:2021-07-27-10--38--44 Colour Conversion Completed
INFO:root:2021-07-27-10--38--44 Sleep Check Completed
INFO:root:2021-07-27-10--38--44 Frame manipulations completed
INFO:root:2021-07-27-10--38--44 Bounding Box Drawn
INFO:root:2021-07-27-10--38--44 MovingFrameQueue Appended
INFO:root:2021-07-27-10--38--44 anomallyFrameTracker resetted to 200
INFO:root:2021-07-27-10--38--45 Colour Conversion Completed
INFO:root:2021-07-27-10--38--45 Sleep Check Completed
INFO:root:2021-07-27-10--38--45 Frame manipulations completed
INFO:root:2021-07-27-10--38--45 Bounding Box Drawn
INFO:root:2021-07-27-10--38--45 MovingFrameQueue Popped
INFO:root:2021-07-27-10--38--45 anomallyFrameTracker resetted to 200
INFO:root:2021-07-27-10--38--45 Colour Conversion Completed
INFO:root:2021-07-27-10--38--45 Sleep Check Completed
INFO:root:2021-07-27-10--38--45 Frame manipulations completed
INFO:root:2021-07-27-10--38--45 Bounding Box Drawn
INFO:root:2021-07-27-10--38--45 MovingFrameQueue Appended
INFO:root:2021-07-27-10--38--45 anomallyFrameTracker resetted to 200
INFO:root:2021-07-27-10--38--45 Colour Conversion Completed
INFO:root:2021-07-27-10--38--45 Sleep Check Completed
INFO:root:2021-07-27-10--38--45 Frame manipulations completed
INFO:root:2021-07-27-10--38--45 Bounding Box Drawn
INFO:root:2021-07-27-10--38--45 MovingFrameQueue Popped
INFO:root:2021-07-27-10--38--45 anomallyFrameTracker resetted to 200
INFO:root:2021-07-27-10--38--45 Colour Conversion Completed
INFO:root:2021-07-27-10--38--45 Sleep Check Completed
INFO:root:2021-07-27-10--38--45 Frame manipulations completed
INFO:root:2021-07-27-10--38--45 Bounding Box Drawn
INFO:root:2021-07-27-10--38--45 MovingFrameQueue Appended
INFO:root:2021-07-27-10--38--45 anomallyFrameTracker resetted to 200
INFO:root:2021-07-27-10--38--45 Colour Conversion Completed
INFO:root:2021-07-27-10--38--45 Sleep Check Completed
INFO:root:2021-07-27-10--38--45 Frame manipulations completed
INFO:root:2021-07-27-10--38--45 Bounding Box Drawn
INFO:root:2021-07-27-10--38--45 MovingFrameQueue Popped
INFO:root:2021-07-27-10--38--45 anomallyFrameTracker resetted to 200
INFO:root:2021-07-27-10--38--48 Colour Conversion Completed
INFO:root:2021-07-27-10--38--48 Sleep Check Completed
INFO:root:2021-07-27-10--38--48 Frame manipulations completed
INFO:root:2021-07-27-10--38--48 Bounding Box Drawn
INFO:root:2021-07-27-10--38--48 MovingFrameQueue Appended
INFO:root:2021-07-27-10--38--48 anomallyFrameTracker resetted to 200
INFO:root:2021-07-27-10--38--48 Colour Conversion Completed
INFO:root:2021-07-27-10--38--48 Sleep Check Completed
INFO:root:2021-07-27-10--38--48 Frame manipulations completed
INFO:root:2021-07-27-10--38--48 Bounding Box Drawn
INFO:root:2021-07-27-10--38--48 MovingFrameQueue Popped
INFO:root:2021-07-27-10--38--48 anomallyFrameTracker resetted to 200
INFO:root:2021-07-27-10--38--48 Colour Conversion Completed
INFO:root:2021-07-27-10--38--48 Sleep Check Completed
INFO:root:2021-07-27-10--38--48 Frame manipulations completed
INFO:root:2021-07-27-10--38--48 Bounding Box Drawn
INFO:root:2021-07-27-10--38--48 MovingFrameQueue Appended
INFO:root:2021-07-27-10--38--48 anomallyFrameTracker resetted to 200
INFO:root:2021-07-27-10--38--48 Colour Conversion Completed
INFO:root:2021-07-27-10--38--48 Sleep Check Completed
INFO:root:2021-07-27-10--38--48 Frame manipulations completed
INFO:root:2021-07-27-10--38--48 Bounding Box Drawn
INFO:root:2021-07-27-10--38--48 MovingFrameQueue Popped
INFO:root:2021-07-27-10--38--48 anomallyFrameTracker resetted to 200
INFO:root:2021-07-27-10--38--48 Colour Conversion Completed
INFO:root:2021-07-27-10--38--48 Sleep Check Completed
INFO:root:2021-07-27-10--38--48 Frame manipulations completed
INFO:root:2021-07-27-10--38--48 Bounding Box Drawn
INFO:root:2021-07-27-10--38--48 MovingFrameQueue Appended
INFO:root:2021-07-27-10--38--48 anomallyFrameTracker resetted to 200
INFO:root:2021-07-27-10--38--48 Colour Conversion Completed
INFO:root:2021-07-27-10--38--48 Sleep Check Completed
INFO:root:2021-07-27-10--38--48 Frame manipulations completed
INFO:root:2021-07-27-10--38--49 Bounding Box Drawn
INFO:root:2021-07-27-10--38--49 MovingFrameQueue Popped
INFO:root:2021-07-27-10--38--49 anomallyFrameTracker resetted to 200
INFO:root:2021-07-27-10--38--49 Colour Conversion Completed
INFO:root:2021-07-27-10--38--49 Sleep Check Completed
INFO:root:2021-07-27-10--38--49 Frame manipulations completed
INFO:root:2021-07-27-10--38--49 Bounding Box Drawn
INFO:root:2021-07-27-10--38--49 MovingFrameQueue Appended
INFO:root:2021-07-27-10--38--49 anomallyFrameTracker resetted to 200
INFO:root:2021-07-27-10--38--49 Colour Conversion Completed
INFO:root:2021-07-27-10--38--49 Sleep Check Completed
INFO:root:2021-07-27-10--38--49 Frame manipulations completed
INFO:root:2021-07-27-10--38--49 Bounding Box Drawn
INFO:root:2021-07-27-10--38--49 MovingFrameQueue Popped
INFO:root:2021-07-27-10--38--49 anomallyFrameTracker resetted to 200
INFO:root:2021-07-27-10--38--49 Colour Conversion Completed
INFO:root:2021-07-27-10--38--49 Sleep Check Completed
INFO:root:2021-07-27-10--38--49 Frame manipulations completed
INFO:root:2021-07-27-10--38--49 Bounding Box Drawn
INFO:root:2021-07-27-10--38--49 MovingFrameQueue Appended
INFO:root:2021-07-27-10--38--49 anomallyFrameTracker resetted to 200
INFO:root:2021-07-27-10--38--49 Colour Conversion Completed
INFO:root:2021-07-27-10--38--49 Sleep Check Completed
INFO:root:2021-07-27-10--38--49 Frame manipulations completed
INFO:root:2021-07-27-10--38--49 Bounding Box Drawn
INFO:root:2021-07-27-10--38--49 MovingFrameQueue Popped
INFO:root:2021-07-27-10--38--49 anomallyFrameTracker resetted to 200
INFO:root:2021-07-27-10--38--49 Colour Conversion Completed
INFO:root:2021-07-27-10--38--49 Sleep Check Completed
INFO:root:2021-07-27-10--38--49 Frame manipulations completed
INFO:root:2021-07-27-10--38--49 Bounding Box Drawn
INFO:root:2021-07-27-10--38--49 MovingFrameQueue Appended
INFO:root:2021-07-27-10--38--49 anomallyFrameTracker resetted to 200
INFO:root:2021-07-27-10--38--49 Colour Conversion Completed
INFO:root:2021-07-27-10--38--49 Sleep Check Completed
INFO:root:2021-07-27-10--38--49 Frame manipulations completed
INFO:root:2021-07-27-10--38--49 Bounding Box Drawn
INFO:root:2021-07-27-10--38--49 MovingFrameQueue Popped
INFO:root:2021-07-27-10--38--49 anomallyFrameTracker resetted to 200
INFO:root:2021-07-27-10--38--49 Colour Conversion Completed
INFO:root:2021-07-27-10--38--49 Sleep Check Completed
INFO:root:2021-07-27-10--38--49 Frame manipulations completed
INFO:root:2021-07-27-10--38--49 Bounding Box Drawn
INFO:root:2021-07-27-10--38--49 MovingFrameQueue Appended
INFO:root:2021-07-27-10--38--49 anomallyFrameTracker resetted to 200
INFO:root:2021-07-27-10--38--49 Colour Conversion Completed
INFO:root:2021-07-27-10--38--49 Sleep Check Completed
INFO:root:2021-07-27-10--38--49 Frame manipulations completed
INFO:root:2021-07-27-10--38--49 Bounding Box Drawn
INFO:root:2021-07-27-10--38--49 MovingFrameQueue Popped
INFO:root:2021-07-27-10--38--49 anomallyFrameTracker resetted to 200
INFO:root:2021-07-27-10--38--49 Colour Conversion Completed
INFO:root:2021-07-27-10--38--49 Sleep Check Completed
INFO:root:2021-07-27-10--38--49 Frame manipulations completed
INFO:root:2021-07-27-10--38--49 Bounding Box Drawn
INFO:root:2021-07-27-10--38--49 MovingFrameQueue Appended
INFO:root:2021-07-27-10--38--49 anomallyFrameTracker resetted to 200
INFO:root:2021-07-27-10--38--50 Colour Conversion Completed
INFO:root:2021-07-27-10--38--50 Sleep Check Completed
INFO:root:2021-07-27-10--38--50 Frame manipulations completed
INFO:root:2021-07-27-10--38--50 Bounding Box Drawn
INFO:root:2021-07-27-10--38--50 MovingFrameQueue Popped
INFO:root:2021-07-27-10--38--50 anomallyFrameTracker resetted to 200
INFO:root:2021-07-27-10--38--50 Colour Conversion Completed
INFO:root:2021-07-27-10--38--50 Sleep Check Completed
INFO:root:2021-07-27-10--38--50 Frame manipulations completed
INFO:root:2021-07-27-10--38--50 Bounding Box Drawn
INFO:root:2021-07-27-10--38--50 MovingFrameQueue Appended
INFO:root:2021-07-27-10--38--50 anomallyFrameTracker resetted to 200
INFO:root:2021-07-27-10--38--50 Colour Conversion Completed
INFO:root:2021-07-27-10--38--50 Sleep Check Completed
INFO:root:2021-07-27-10--38--50 Frame manipulations completed
INFO:root:2021-07-27-10--38--50 Bounding Box Drawn
INFO:root:2021-07-27-10--38--50 MovingFrameQueue Popped
INFO:root:2021-07-27-10--38--50 anomallyFrameTracker resetted to 200
INFO:root:2021-07-27-10--38--50 Colour Conversion Completed
INFO:root:2021-07-27-10--38--50 Sleep Check Completed
INFO:root:2021-07-27-10--38--50 Frame manipulations completed
INFO:root:2021-07-27-10--38--50 Bounding Box Drawn
INFO:root:2021-07-27-10--38--50 MovingFrameQueue Appended
INFO:root:2021-07-27-10--38--50 anomallyFrameTracker resetted to 200
INFO:root:2021-07-27-10--38--50 Colour Conversion Completed
INFO:root:2021-07-27-10--38--50 Sleep Check Completed
INFO:root:2021-07-27-10--38--50 Frame manipulations completed
INFO:root:2021-07-27-10--38--50 Bounding Box Drawn
INFO:root:2021-07-27-10--38--50 MovingFrameQueue Popped
INFO:root:2021-07-27-10--38--50 anomallyFrameTracker resetted to 200
INFO:root:2021-07-27-10--38--50 Colour Conversion Completed
INFO:root:2021-07-27-10--38--50 Sleep Check Completed
INFO:root:2021-07-27-10--38--50 Frame manipulations completed
INFO:root:2021-07-27-10--38--50 Bounding Box Drawn
INFO:root:2021-07-27-10--38--50 MovingFrameQueue Appended
INFO:root:2021-07-27-10--38--50 anomallyFrameTracker resetted to 200
INFO:root:2021-07-27-10--38--50 Colour Conversion Completed
INFO:root:2021-07-27-10--38--50 Sleep Check Completed
INFO:root:2021-07-27-10--38--50 Frame manipulations completed
INFO:root:2021-07-27-10--38--50 Bounding Box Drawn
INFO:root:2021-07-27-10--38--50 MovingFrameQueue Popped
INFO:root:2021-07-27-10--38--50 anomallyFrameTracker resetted to 200
INFO:root:2021-07-27-10--38--50 Colour Conversion Completed
INFO:root:2021-07-27-10--38--50 Sleep Check Completed
INFO:root:2021-07-27-10--38--50 Frame manipulations completed
INFO:root:2021-07-27-10--38--50 Bounding Box Drawn
INFO:root:2021-07-27-10--38--50 MovingFrameQueue Appended
INFO:root:2021-07-27-10--38--50 anomallyFrameTracker resetted to 200
INFO:root:2021-07-27-10--38--50 Colour Conversion Completed
INFO:root:2021-07-27-10--38--50 Sleep Check Completed
INFO:root:2021-07-27-10--38--50 Frame manipulations completed
INFO:root:2021-07-27-10--38--50 Bounding Box Drawn
INFO:root:2021-07-27-10--38--50 MovingFrameQueue Popped
INFO:root:2021-07-27-10--38--50 anomallyFrameTracker resetted to 200
INFO:root:2021-07-27-10--38--51 Colour Conversion Completed
INFO:root:2021-07-27-10--38--51 Sleep Check Completed
INFO:root:2021-07-27-10--38--51 Frame manipulations completed
INFO:root:2021-07-27-10--38--51 Bounding Box Drawn
INFO:root:2021-07-27-10--38--51 MovingFrameQueue Appended
INFO:root:2021-07-27-10--38--51 anomallyFrameTracker resetted to 200
INFO:root:2021-07-27-10--38--53 Colour Conversion Completed
INFO:root:2021-07-27-10--38--53 Sleep Check Completed
INFO:root:2021-07-27-10--38--53 Frame manipulations completed
INFO:root:2021-07-27-10--38--53 Bounding Box Drawn
INFO:root:2021-07-27-10--38--53 MovingFrameQueue Popped
INFO:root:2021-07-27-10--38--53 anomallyFrameTracker resetted to 200
INFO:root:2021-07-27-10--38--53 Colour Conversion Completed
INFO:root:2021-07-27-10--38--53 Sleep Check Completed
INFO:root:2021-07-27-10--38--53 Frame manipulations completed
INFO:root:2021-07-27-10--38--53 Bounding Box Drawn
INFO:root:2021-07-27-10--38--53 MovingFrameQueue Appended
INFO:root:2021-07-27-10--38--53 anomallyFrameTracker resetted to 200
INFO:root:2021-07-27-10--38--53 Colour Conversion Completed
INFO:root:2021-07-27-10--38--53 Sleep Check Completed
INFO:root:2021-07-27-10--38--53 Frame manipulations completed
INFO:root:2021-07-27-10--38--53 Bounding Box Drawn
INFO:root:2021-07-27-10--38--53 MovingFrameQueue Popped
INFO:root:2021-07-27-10--38--53 anomallyFrameTracker resetted to 200
INFO:root:2021-07-27-10--38--53 Colour Conversion Completed
INFO:root:2021-07-27-10--38--53 Sleep Check Completed
INFO:root:2021-07-27-10--38--53 Frame manipulations completed
INFO:root:2021-07-27-10--38--53 Bounding Box Drawn
INFO:root:2021-07-27-10--38--53 MovingFrameQueue Appended
INFO:root:2021-07-27-10--38--53 anomallyFrameTracker resetted to 200
INFO:root:2021-07-27-10--38--53 Colour Conversion Completed
INFO:root:2021-07-27-10--38--53 Sleep Check Completed
INFO:root:2021-07-27-10--38--53 Frame manipulations completed
INFO:root:2021-07-27-10--38--53 Bounding Box Drawn
INFO:root:2021-07-27-10--38--53 MovingFrameQueue Popped
INFO:root:2021-07-27-10--38--53 anomallyFrameTracker resetted to 200
INFO:root:2021-07-27-10--38--54 Colour Conversion Completed
INFO:root:2021-07-27-10--38--54 Sleep Check Completed
INFO:root:2021-07-27-10--38--54 Frame manipulations completed
INFO:root:2021-07-27-10--38--54 Bounding Box Drawn
INFO:root:2021-07-27-10--38--54 MovingFrameQueue Appended
INFO:root:2021-07-27-10--38--54 anomallyFrameTracker resetted to 200
INFO:root:2021-07-27-10--38--54 Colour Conversion Completed
INFO:root:2021-07-27-10--38--54 Sleep Check Completed
INFO:root:2021-07-27-10--38--54 Frame manipulations completed
INFO:root:2021-07-27-10--38--54 Bounding Box Drawn
INFO:root:2021-07-27-10--38--54 MovingFrameQueue Popped
INFO:root:2021-07-27-10--38--54 anomallyFrameTracker resetted to 200
INFO:root:2021-07-27-10--38--54 Colour Conversion Completed
INFO:root:2021-07-27-10--38--54 Sleep Check Completed
INFO:root:2021-07-27-10--38--54 Frame manipulations completed
INFO:root:2021-07-27-10--38--54 Bounding Box Drawn
INFO:root:2021-07-27-10--38--54 MovingFrameQueue Appended
INFO:root:2021-07-27-10--38--54 anomallyFrameTracker resetted to 200
INFO:root:2021-07-27-10--38--54 Colour Conversion Completed
INFO:root:2021-07-27-10--38--54 Sleep Check Completed
INFO:root:2021-07-27-10--38--54 Frame manipulations completed
INFO:root:2021-07-27-10--38--54 Bounding Box Drawn
INFO:root:2021-07-27-10--38--54 MovingFrameQueue Popped
INFO:root:2021-07-27-10--38--54 anomallyFrameTracker resetted to 200
INFO:root:2021-07-27-10--38--54 Colour Conversion Completed
INFO:root:2021-07-27-10--38--54 Sleep Check Completed
INFO:root:2021-07-27-10--38--54 Frame manipulations completed
INFO:root:2021-07-27-10--38--54 Bounding Box Drawn
INFO:root:2021-07-27-10--38--54 MovingFrameQueue Appended
INFO:root:2021-07-27-10--38--54 anomallyFrameTracker resetted to 200
INFO:root:2021-07-27-10--38--54 Colour Conversion Completed
INFO:root:2021-07-27-10--38--54 Sleep Check Completed
INFO:root:2021-07-27-10--38--54 Frame manipulations completed
INFO:root:2021-07-27-10--38--54 Bounding Box Drawn
INFO:root:2021-07-27-10--38--54 MovingFrameQueue Popped
INFO:root:2021-07-27-10--38--54 anomallyFrameTracker resetted to 200
INFO:root:2021-07-27-10--38--54 Colour Conversion Completed
INFO:root:2021-07-27-10--38--54 Sleep Check Completed
INFO:root:2021-07-27-10--38--54 Frame manipulations completed
INFO:root:2021-07-27-10--38--54 Bounding Box Drawn
INFO:root:2021-07-27-10--38--54 MovingFrameQueue Appended
INFO:root:2021-07-27-10--38--54 anomallyFrameTracker resetted to 200
INFO:root:2021-07-27-10--38--54 Colour Conversion Completed
INFO:root:2021-07-27-10--38--54 Sleep Check Completed
INFO:root:2021-07-27-10--38--54 Frame manipulations completed
INFO:root:2021-07-27-10--38--54 Bounding Box Drawn
INFO:root:2021-07-27-10--38--54 MovingFrameQueue Popped
INFO:root:2021-07-27-10--38--54 anomallyFrameTracker resetted to 200
INFO:root:2021-07-27-10--38--54 Colour Conversion Completed
INFO:root:2021-07-27-10--38--54 Sleep Check Completed
INFO:root:2021-07-27-10--38--54 Frame manipulations completed
INFO:root:2021-07-27-10--38--54 Bounding Box Drawn
INFO:root:2021-07-27-10--38--54 MovingFrameQueue Appended
INFO:root:2021-07-27-10--38--54 anomallyFrameTracker resetted to 200
INFO:root:2021-07-27-10--38--55 Colour Conversion Completed
INFO:root:2021-07-27-10--38--55 Sleep Check Completed
INFO:root:2021-07-27-10--38--55 Frame manipulations completed
INFO:root:2021-07-27-10--38--55 Bounding Box Drawn
INFO:root:2021-07-27-10--38--55 MovingFrameQueue Popped
INFO:root:2021-07-27-10--38--55 anomallyFrameTracker resetted to 200
INFO:root:2021-07-27-10--38--55 Colour Conversion Completed
INFO:root:2021-07-27-10--38--55 Sleep Check Completed
INFO:root:2021-07-27-10--38--55 Frame manipulations completed
INFO:root:2021-07-27-10--38--55 Bounding Box Drawn
INFO:root:2021-07-27-10--38--55 MovingFrameQueue Appended
INFO:root:2021-07-27-10--38--55 anomallyFrameTracker resetted to 200
INFO:root:2021-07-27-10--38--55 Colour Conversion Completed
INFO:root:2021-07-27-10--38--55 Sleep Check Completed
INFO:root:2021-07-27-10--38--55 Frame manipulations completed
INFO:root:2021-07-27-10--38--55 Bounding Box Drawn
INFO:root:2021-07-27-10--38--55 MovingFrameQueue Popped
INFO:root:2021-07-27-10--38--55 anomallyFrameTracker resetted to 200
INFO:root:2021-07-27-10--38--55 Colour Conversion Completed
INFO:root:2021-07-27-10--38--55 Sleep Check Completed
INFO:root:2021-07-27-10--38--55 Frame manipulations completed
INFO:root:2021-07-27-10--38--55 Bounding Box Drawn
INFO:root:2021-07-27-10--38--55 MovingFrameQueue Appended
INFO:root:2021-07-27-10--38--55 anomallyFrameTracker resetted to 200
INFO:root:2021-07-27-10--38--55 Colour Conversion Completed
INFO:root:2021-07-27-10--38--55 Sleep Check Completed
INFO:root:2021-07-27-10--38--55 Frame manipulations completed
INFO:root:2021-07-27-10--38--55 Bounding Box Drawn
INFO:root:2021-07-27-10--38--55 MovingFrameQueue Popped
INFO:root:2021-07-27-10--38--55 anomallyFrameTracker resetted to 200
INFO:root:2021-07-27-10--38--55 Colour Conversion Completed
INFO:root:2021-07-27-10--38--55 Sleep Check Completed
INFO:root:2021-07-27-10--38--55 Frame manipulations completed
INFO:root:2021-07-27-10--38--55 Bounding Box Drawn
INFO:root:2021-07-27-10--38--55 MovingFrameQueue Appended
INFO:root:2021-07-27-10--38--55 anomallyFrameTracker resetted to 200
INFO:root:2021-07-27-10--38--55 Colour Conversion Completed
INFO:root:2021-07-27-10--38--55 Sleep Check Completed
INFO:root:2021-07-27-10--38--55 Frame manipulations completed
INFO:root:2021-07-27-10--38--55 Bounding Box Drawn
INFO:root:2021-07-27-10--38--55 MovingFrameQueue Popped
INFO:root:2021-07-27-10--38--55 anomallyFrameTracker resetted to 200
INFO:root:2021-07-27-10--38--55 Colour Conversion Completed
INFO:root:2021-07-27-10--38--55 Sleep Check Completed
INFO:root:2021-07-27-10--38--55 Frame manipulations completed
INFO:root:2021-07-27-10--38--55 Bounding Box Drawn
INFO:root:2021-07-27-10--38--55 MovingFrameQueue Appended
INFO:root:2021-07-27-10--38--55 anomallyFrameTracker resetted to 200
INFO:root:2021-07-27-10--38--56 Colour Conversion Completed
INFO:root:2021-07-27-10--38--56 Sleep Check Completed
INFO:root:2021-07-27-10--38--56 Frame manipulations completed
INFO:root:2021-07-27-10--38--56 Bounding Box Drawn
INFO:root:2021-07-27-10--38--56 MovingFrameQueue Popped
INFO:root:2021-07-27-10--38--56 anomallyFrameTracker resetted to 200
INFO:root:2021-07-27-10--38--56 Colour Conversion Completed
INFO:root:2021-07-27-10--38--56 Sleep Check Completed
INFO:root:2021-07-27-10--38--56 Frame manipulations completed
INFO:root:2021-07-27-10--38--56 Bounding Box Drawn
INFO:root:2021-07-27-10--38--56 MovingFrameQueue Appended
INFO:root:2021-07-27-10--38--56 anomallyFrameTracker resetted to 200
INFO:root:2021-07-27-10--38--56 Colour Conversion Completed
INFO:root:2021-07-27-10--38--56 Sleep Check Completed
INFO:root:2021-07-27-10--38--56 Frame manipulations completed
INFO:root:2021-07-27-10--38--56 Bounding Box Drawn
INFO:root:2021-07-27-10--38--56 MovingFrameQueue Popped
INFO:root:2021-07-27-10--38--56 anomallyFrameTracker resetted to 200
INFO:root:2021-07-27-10--38--58 Colour Conversion Completed
INFO:root:2021-07-27-10--38--59 Sleep Check Completed
INFO:root:2021-07-27-10--38--59 Frame manipulations completed
INFO:root:2021-07-27-10--38--59 Bounding Box Drawn
INFO:root:2021-07-27-10--38--59 MovingFrameQueue Appended
INFO:root:2021-07-27-10--38--59 anomallyFrameTracker resetted to 200
INFO:root:2021-07-27-10--38--59 Colour Conversion Completed
INFO:root:2021-07-27-10--38--59 Sleep Check Completed
INFO:root:2021-07-27-10--38--59 Frame manipulations completed
INFO:root:2021-07-27-10--38--59 Bounding Box Drawn
INFO:root:2021-07-27-10--38--59 MovingFrameQueue Popped
INFO:root:2021-07-27-10--38--59 anomallyFrameTracker resetted to 200
INFO:root:2021-07-27-10--38--59 Colour Conversion Completed
INFO:root:2021-07-27-10--38--59 Sleep Check Completed
INFO:root:2021-07-27-10--38--59 Frame manipulations completed
INFO:root:2021-07-27-10--38--59 Bounding Box Drawn
INFO:root:2021-07-27-10--38--59 MovingFrameQueue Appended
INFO:root:2021-07-27-10--38--59 anomallyFrameTracker resetted to 200
INFO:root:2021-07-27-10--38--59 Colour Conversion Completed
INFO:root:2021-07-27-10--38--59 Sleep Check Completed
INFO:root:2021-07-27-10--38--59 Frame manipulations completed
INFO:root:2021-07-27-10--38--59 Bounding Box Drawn
INFO:root:2021-07-27-10--38--59 MovingFrameQueue Popped
INFO:root:2021-07-27-10--38--59 anomallyFrameTracker resetted to 200
INFO:root:2021-07-27-10--38--59 Colour Conversion Completed
INFO:root:2021-07-27-10--38--59 Sleep Check Completed
INFO:root:2021-07-27-10--38--59 Frame manipulations completed
INFO:root:2021-07-27-10--38--59 Bounding Box Drawn
INFO:root:2021-07-27-10--38--59 MovingFrameQueue Appended
INFO:root:2021-07-27-10--38--59 anomallyFrameTracker resetted to 200
INFO:root:2021-07-27-10--38--59 Colour Conversion Completed
INFO:root:2021-07-27-10--38--59 Sleep Check Completed
INFO:root:2021-07-27-10--38--59 Frame manipulations completed
INFO:root:2021-07-27-10--38--59 Bounding Box Drawn
INFO:root:2021-07-27-10--38--59 MovingFrameQueue Popped
INFO:root:2021-07-27-10--38--59 anomallyFrameTracker resetted to 200
INFO:root:2021-07-27-10--38--59 Colour Conversion Completed
INFO:root:2021-07-27-10--38--59 Sleep Check Completed
INFO:root:2021-07-27-10--38--59 Frame manipulations completed
INFO:root:2021-07-27-10--38--59 Bounding Box Drawn
INFO:root:2021-07-27-10--38--59 MovingFrameQueue Appended
INFO:root:2021-07-27-10--38--59 anomallyFrameTracker resetted to 200
INFO:root:2021-07-27-10--38--59 Colour Conversion Completed
INFO:root:2021-07-27-10--38--59 Sleep Check Completed
INFO:root:2021-07-27-10--38--59 Frame manipulations completed
INFO:root:2021-07-27-10--38--59 Bounding Box Drawn
INFO:root:2021-07-27-10--38--59 MovingFrameQueue Popped
INFO:root:2021-07-27-10--38--59 anomallyFrameTracker resetted to 200
INFO:root:2021-07-27-10--38--59 Colour Conversion Completed
INFO:root:2021-07-27-10--38--59 Sleep Check Completed
INFO:root:2021-07-27-10--38--59 Frame manipulations completed
INFO:root:2021-07-27-10--38--59 Bounding Box Drawn
INFO:root:2021-07-27-10--38--59 MovingFrameQueue Appended
INFO:root:2021-07-27-10--38--59 anomallyFrameTracker resetted to 200
