INFO:root:2021-07-26-13--58--14 Parameter Generation Success
INFO:root:2021-07-26-13--58--14 Colour Conversion Completed
INFO:root:2021-07-26-13--58--14 Sleep Check Completed
INFO:root:2021-07-26-13--58--14 Frame manipulations completed
INFO:root:2021-07-26-13--58--14 Bounding Box Drawn
INFO:root:2021-07-26-13--58--20 MovingFrameQueue Appended
INFO:root:2021-07-26-13--58--20 anomallyFrameTracker resetted to 200
INFO:root:2021-07-26-13--58--20 Colour Conversion Completed
INFO:root:2021-07-26-13--58--20 Sleep Check Completed
INFO:root:2021-07-26-13--58--20 Frame manipulations completed
INFO:root:2021-07-26-13--58--20 Bounding Box Drawn
INFO:root:2021-07-26-13--58--20 MovingFrameQueue Appended
INFO:root:2021-07-26-13--58--20 anomallyFrameTracker resetted to 200
INFO:root:2021-07-26-13--58--20 Colour Conversion Completed
INFO:root:2021-07-26-13--58--20 Sleep Check Completed
INFO:root:2021-07-26-13--58--20 Frame manipulations completed
INFO:root:2021-07-26-13--58--20 Bounding Box Drawn
INFO:root:2021-07-26-13--58--20 MovingFrameQueue Appended
INFO:root:2021-07-26-13--58--20 anomallyFrameTracker resetted to 200
INFO:root:2021-07-26-13--58--20 Colour Conversion Completed
INFO:root:2021-07-26-13--58--20 Sleep Check Completed
INFO:root:2021-07-26-13--58--20 Frame manipulations completed
INFO:root:2021-07-26-13--58--20 Bounding Box Drawn
INFO:root:2021-07-26-13--58--20 MovingFrameQueue Appended
INFO:root:2021-07-26-13--58--20 anomallyFrameTracker resetted to 200
INFO:root:2021-07-26-13--58--20 Colour Conversion Completed
INFO:root:2021-07-26-13--58--20 Sleep Check Completed
INFO:root:2021-07-26-13--58--20 Frame manipulations completed
INFO:root:2021-07-26-13--58--20 Bounding Box Drawn
INFO:root:2021-07-26-13--58--20 MovingFrameQueue Appended
INFO:root:2021-07-26-13--58--20 anomallyFrameTracker resetted to 200
INFO:root:2021-07-26-13--58--20 Colour Conversion Completed
INFO:root:2021-07-26-13--58--20 Sleep Check Completed
INFO:root:2021-07-26-13--58--20 Frame manipulations completed
INFO:root:2021-07-26-13--58--20 Bounding Box Drawn
INFO:root:2021-07-26-13--58--20 MovingFrameQueue Appended
INFO:root:2021-07-26-13--58--20 anomallyFrameTracker resetted to 200
INFO:root:2021-07-26-13--58--20 Colour Conversion Completed
INFO:root:2021-07-26-13--58--20 Sleep Check Completed
INFO:root:2021-07-26-13--58--20 Frame manipulations completed
INFO:root:2021-07-26-13--58--20 Bounding Box Drawn
INFO:root:2021-07-26-13--58--21 MovingFrameQueue Appended
INFO:root:2021-07-26-13--58--21 anomallyFrameTracker resetted to 200
INFO:root:2021-07-26-13--58--21 Colour Conversion Completed
INFO:root:2021-07-26-13--58--21 Sleep Check Completed
INFO:root:2021-07-26-13--58--21 Frame manipulations completed
INFO:root:2021-07-26-13--58--21 Bounding Box Drawn
INFO:root:2021-07-26-13--58--21 MovingFrameQueue Appended
INFO:root:2021-07-26-13--58--21 anomallyFrameTracker resetted to 200
INFO:root:2021-07-26-13--58--21 Colour Conversion Completed
INFO:root:2021-07-26-13--58--21 Sleep Check Completed
INFO:root:2021-07-26-13--58--21 Frame manipulations completed
INFO:root:2021-07-26-13--58--21 Bounding Box Drawn
INFO:root:2021-07-26-13--58--21 MovingFrameQueue Appended
INFO:root:2021-07-26-13--58--21 anomallyFrameTracker resetted to 200
INFO:root:2021-07-26-13--58--21 Colour Conversion Completed
INFO:root:2021-07-26-13--58--21 Sleep Check Completed
INFO:root:2021-07-26-13--58--21 Frame manipulations completed
INFO:root:2021-07-26-13--58--21 Bounding Box Drawn
INFO:root:2021-07-26-13--58--21 MovingFrameQueue Appended
INFO:root:2021-07-26-13--58--21 anomallyFrameTracker resetted to 200
INFO:root:2021-07-26-13--58--21 Colour Conversion Completed
INFO:root:2021-07-26-13--58--21 Sleep Check Completed
INFO:root:2021-07-26-13--58--21 Frame manipulations completed
INFO:root:2021-07-26-13--58--21 Bounding Box Drawn
INFO:root:2021-07-26-13--58--21 MovingFrameQueue Appended
INFO:root:2021-07-26-13--58--21 anomallyFrameTracker resetted to 200
INFO:root:2021-07-26-13--58--21 Colour Conversion Completed
INFO:root:2021-07-26-13--58--21 Sleep Check Completed
INFO:root:2021-07-26-13--58--21 Frame manipulations completed
INFO:root:2021-07-26-13--58--21 Bounding Box Drawn
INFO:root:2021-07-26-13--58--22 MovingFrameQueue Appended
INFO:root:2021-07-26-13--58--22 anomallyFrameTracker resetted to 200
INFO:root:2021-07-26-13--58--22 Colour Conversion Completed
INFO:root:2021-07-26-13--58--22 Sleep Check Completed
INFO:root:2021-07-26-13--58--22 Frame manipulations completed
INFO:root:2021-07-26-13--58--22 Bounding Box Drawn
INFO:root:2021-07-26-13--58--22 MovingFrameQueue Appended
INFO:root:2021-07-26-13--58--22 anomallyFrameTracker resetted to 200
INFO:root:2021-07-26-13--58--22 Colour Conversion Completed
INFO:root:2021-07-26-13--58--22 Sleep Check Completed
INFO:root:2021-07-26-13--58--22 Frame manipulations completed
INFO:root:2021-07-26-13--58--22 Bounding Box Drawn
INFO:root:2021-07-26-13--58--22 MovingFrameQueue Appended
INFO:root:2021-07-26-13--58--22 anomallyFrameTracker resetted to 200
INFO:root:2021-07-26-13--58--22 Colour Conversion Completed
INFO:root:2021-07-26-13--58--22 Sleep Check Completed
INFO:root:2021-07-26-13--58--22 Frame manipulations completed
INFO:root:2021-07-26-13--58--22 Bounding Box Drawn
INFO:root:2021-07-26-13--58--22 MovingFrameQueue Appended
INFO:root:2021-07-26-13--58--22 anomallyFrameTracker resetted to 200
INFO:root:2021-07-26-13--58--22 Colour Conversion Completed
INFO:root:2021-07-26-13--58--22 Sleep Check Completed
INFO:root:2021-07-26-13--58--22 Frame manipulations completed
INFO:root:2021-07-26-13--58--22 Bounding Box Drawn
INFO:root:2021-07-26-13--58--22 MovingFrameQueue Appended
INFO:root:2021-07-26-13--58--22 anomallyFrameTracker resetted to 200
INFO:root:2021-07-26-13--58--22 Colour Conversion Completed
INFO:root:2021-07-26-13--58--22 Sleep Check Completed
INFO:root:2021-07-26-13--58--22 Frame manipulations completed
INFO:root:2021-07-26-13--58--22 Bounding Box Drawn
INFO:root:2021-07-26-13--58--22 MovingFrameQueue Appended
INFO:root:2021-07-26-13--58--22 anomallyFrameTracker resetted to 200
INFO:root:2021-07-26-13--58--22 Colour Conversion Completed
INFO:root:2021-07-26-13--58--22 Sleep Check Completed
INFO:root:2021-07-26-13--58--22 Frame manipulations completed
INFO:root:2021-07-26-13--58--22 Bounding Box Drawn
INFO:root:2021-07-26-13--58--22 MovingFrameQueue Appended
INFO:root:2021-07-26-13--58--22 anomallyFrameTracker resetted to 200
INFO:root:2021-07-26-13--58--22 Colour Conversion Completed
INFO:root:2021-07-26-13--58--22 Sleep Check Completed
INFO:root:2021-07-26-13--58--22 Frame manipulations completed
INFO:root:2021-07-26-13--58--22 Bounding Box Drawn
INFO:root:2021-07-26-13--58--23 MovingFrameQueue Appended
INFO:root:2021-07-26-13--58--23 anomallyFrameTracker resetted to 200
INFO:root:2021-07-26-13--58--23 Colour Conversion Completed
INFO:root:2021-07-26-13--58--23 Sleep Check Completed
INFO:root:2021-07-26-13--58--23 Frame manipulations completed
INFO:root:2021-07-26-13--58--23 Bounding Box Drawn
INFO:root:2021-07-26-13--58--23 MovingFrameQueue Appended
INFO:root:2021-07-26-13--58--23 anomallyFrameTracker resetted to 200
INFO:root:2021-07-26-13--58--23 Colour Conversion Completed
INFO:root:2021-07-26-13--58--23 Sleep Check Completed
INFO:root:2021-07-26-13--58--23 Frame manipulations completed
INFO:root:2021-07-26-13--58--23 Bounding Box Drawn
INFO:root:2021-07-26-13--58--23 MovingFrameQueue Appended
INFO:root:2021-07-26-13--58--23 anomallyFrameTracker resetted to 200
INFO:root:2021-07-26-13--58--23 Colour Conversion Completed
INFO:root:2021-07-26-13--58--23 Sleep Check Completed
INFO:root:2021-07-26-13--58--23 Frame manipulations completed
INFO:root:2021-07-26-13--58--23 Bounding Box Drawn
INFO:root:2021-07-26-13--58--23 MovingFrameQueue Appended
INFO:root:2021-07-26-13--58--23 anomallyFrameTracker resetted to 200
INFO:root:2021-07-26-13--58--23 Colour Conversion Completed
INFO:root:2021-07-26-13--58--23 Sleep Check Completed
INFO:root:2021-07-26-13--58--23 Frame manipulations completed
INFO:root:2021-07-26-13--58--23 Bounding Box Drawn
INFO:root:2021-07-26-13--58--23 MovingFrameQueue Appended
INFO:root:2021-07-26-13--58--23 anomallyFrameTracker resetted to 200
INFO:root:2021-07-26-13--58--23 Colour Conversion Completed
INFO:root:2021-07-26-13--58--23 Sleep Check Completed
INFO:root:2021-07-26-13--58--23 Frame manipulations completed
INFO:root:2021-07-26-13--58--23 Bounding Box Drawn
INFO:root:2021-07-26-13--58--23 MovingFrameQueue Appended
INFO:root:2021-07-26-13--58--23 anomallyFrameTracker resetted to 200
INFO:root:2021-07-26-13--58--23 Colour Conversion Completed
INFO:root:2021-07-26-13--58--23 Sleep Check Completed
INFO:root:2021-07-26-13--58--23 Frame manipulations completed
INFO:root:2021-07-26-13--58--23 Bounding Box Drawn
INFO:root:2021-07-26-13--58--24 MovingFrameQueue Appended
INFO:root:2021-07-26-13--58--24 anomallyFrameTracker resetted to 200
INFO:root:2021-07-26-13--58--24 Colour Conversion Completed
INFO:root:2021-07-26-13--58--24 Sleep Check Completed
INFO:root:2021-07-26-13--58--24 Frame manipulations completed
INFO:root:2021-07-26-13--58--24 Bounding Box Drawn
INFO:root:2021-07-26-13--58--24 MovingFrameQueue Appended
INFO:root:2021-07-26-13--58--24 anomallyFrameTracker resetted to 200
INFO:root:2021-07-26-13--58--24 Colour Conversion Completed
INFO:root:2021-07-26-13--58--24 Sleep Check Completed
INFO:root:2021-07-26-13--58--24 Frame manipulations completed
INFO:root:2021-07-26-13--58--24 Bounding Box Drawn
INFO:root:2021-07-26-13--58--24 MovingFrameQueue Appended
INFO:root:2021-07-26-13--58--24 anomallyFrameTracker resetted to 200
INFO:root:2021-07-26-13--58--24 Colour Conversion Completed
INFO:root:2021-07-26-13--58--24 Sleep Check Completed
INFO:root:2021-07-26-13--58--24 Frame manipulations completed
INFO:root:2021-07-26-13--58--24 Bounding Box Drawn
INFO:root:2021-07-26-13--58--24 MovingFrameQueue Appended
INFO:root:2021-07-26-13--58--24 anomallyFrameTracker resetted to 200
INFO:root:2021-07-26-13--58--24 Colour Conversion Completed
INFO:root:2021-07-26-13--58--24 Sleep Check Completed
INFO:root:2021-07-26-13--58--24 Frame manipulations completed
INFO:root:2021-07-26-13--58--24 Bounding Box Drawn
INFO:root:2021-07-26-13--58--24 MovingFrameQueue Appended
INFO:root:2021-07-26-13--58--24 anomallyFrameTracker resetted to 200
INFO:root:2021-07-26-13--58--24 Colour Conversion Completed
INFO:root:2021-07-26-13--58--24 Sleep Check Completed
INFO:root:2021-07-26-13--58--24 Frame manipulations completed
INFO:root:2021-07-26-13--58--24 Bounding Box Drawn
INFO:root:2021-07-26-13--58--25 MovingFrameQueue Appended
INFO:root:2021-07-26-13--58--25 anomallyFrameTracker resetted to 200
INFO:root:2021-07-26-13--58--25 Colour Conversion Completed
INFO:root:2021-07-26-13--58--25 Sleep Check Completed
INFO:root:2021-07-26-13--58--25 Frame manipulations completed
INFO:root:2021-07-26-13--58--25 Bounding Box Drawn
INFO:root:2021-07-26-13--58--25 MovingFrameQueue Appended
INFO:root:2021-07-26-13--58--25 anomallyFrameTracker resetted to 200
INFO:root:2021-07-26-13--58--25 Colour Conversion Completed
INFO:root:2021-07-26-13--58--25 Sleep Check Completed
INFO:root:2021-07-26-13--58--25 Frame manipulations completed
INFO:root:2021-07-26-13--58--25 Bounding Box Drawn
INFO:root:2021-07-26-13--58--25 MovingFrameQueue Appended
INFO:root:2021-07-26-13--58--25 anomallyFrameTracker resetted to 200
INFO:root:2021-07-26-13--58--25 Colour Conversion Completed
INFO:root:2021-07-26-13--58--25 Sleep Check Completed
INFO:root:2021-07-26-13--58--25 Frame manipulations completed
INFO:root:2021-07-26-13--58--25 Bounding Box Drawn
INFO:root:2021-07-26-13--58--25 MovingFrameQueue Appended
INFO:root:2021-07-26-13--58--25 anomallyFrameTracker resetted to 200
INFO:root:2021-07-26-13--58--26 Colour Conversion Completed
INFO:root:2021-07-26-13--58--26 Sleep Check Completed
INFO:root:2021-07-26-13--58--26 Frame manipulations completed
INFO:root:2021-07-26-13--58--26 Bounding Box Drawn
INFO:root:2021-07-26-13--58--26 MovingFrameQueue Appended
INFO:root:2021-07-26-13--58--26 anomallyFrameTracker resetted to 200
INFO:root:2021-07-26-13--58--26 Colour Conversion Completed
INFO:root:2021-07-26-13--58--26 Sleep Check Completed
INFO:root:2021-07-26-13--58--26 Frame manipulations completed
INFO:root:2021-07-26-13--58--26 Bounding Box Drawn
INFO:root:2021-07-26-13--58--26 MovingFrameQueue Appended
INFO:root:2021-07-26-13--58--26 anomallyFrameTracker resetted to 200
INFO:root:2021-07-26-13--58--26 Colour Conversion Completed
INFO:root:2021-07-26-13--58--26 Sleep Check Completed
INFO:root:2021-07-26-13--58--26 Frame manipulations completed
INFO:root:2021-07-26-13--58--26 Bounding Box Drawn
INFO:root:2021-07-26-13--58--26 MovingFrameQueue Appended
INFO:root:2021-07-26-13--58--26 anomallyFrameTracker resetted to 200
INFO:root:2021-07-26-13--58--26 Colour Conversion Completed
INFO:root:2021-07-26-13--58--26 Sleep Check Completed
INFO:root:2021-07-26-13--58--26 Frame manipulations completed
INFO:root:2021-07-26-13--58--26 Bounding Box Drawn
INFO:root:2021-07-26-13--58--26 MovingFrameQueue Appended
INFO:root:2021-07-26-13--58--26 anomallyFrameTracker resetted to 200
INFO:root:2021-07-26-13--58--26 Colour Conversion Completed
INFO:root:2021-07-26-13--58--26 Sleep Check Completed
INFO:root:2021-07-26-13--58--26 Frame manipulations completed
INFO:root:2021-07-26-13--58--26 Bounding Box Drawn
INFO:root:2021-07-26-13--58--26 MovingFrameQueue Appended
INFO:root:2021-07-26-13--58--26 anomallyFrameTracker resetted to 200
INFO:root:2021-07-26-13--58--26 Colour Conversion Completed
INFO:root:2021-07-26-13--58--26 Sleep Check Completed
INFO:root:2021-07-26-13--58--26 Frame manipulations completed
INFO:root:2021-07-26-13--58--26 Bounding Box Drawn
INFO:root:2021-07-26-13--58--26 MovingFrameQueue Appended
INFO:root:2021-07-26-13--58--26 anomallyFrameTracker resetted to 200
INFO:root:2021-07-26-13--58--26 Colour Conversion Completed
INFO:root:2021-07-26-13--58--26 Sleep Check Completed
INFO:root:2021-07-26-13--58--26 Frame manipulations completed
INFO:root:2021-07-26-13--58--26 Bounding Box Drawn
INFO:root:2021-07-26-13--58--26 MovingFrameQueue Appended
INFO:root:2021-07-26-13--58--26 anomallyFrameTracker resetted to 200
INFO:root:2021-07-26-13--58--26 Colour Conversion Completed
INFO:root:2021-07-26-13--58--26 Sleep Check Completed
INFO:root:2021-07-26-13--58--26 Frame manipulations completed
INFO:root:2021-07-26-13--58--26 Bounding Box Drawn
INFO:root:2021-07-26-13--58--26 MovingFrameQueue Appended
INFO:root:2021-07-26-13--58--26 anomallyFrameTracker resetted to 200
INFO:root:2021-07-26-13--58--26 Colour Conversion Completed
INFO:root:2021-07-26-13--58--26 Sleep Check Completed
INFO:root:2021-07-26-13--58--26 Frame manipulations completed
INFO:root:2021-07-26-13--58--26 Bounding Box Drawn
INFO:root:2021-07-26-13--58--27 MovingFrameQueue Appended
INFO:root:2021-07-26-13--58--27 anomallyFrameTracker resetted to 200
INFO:root:2021-07-26-13--58--27 Colour Conversion Completed
INFO:root:2021-07-26-13--58--27 Sleep Check Completed
INFO:root:2021-07-26-13--58--27 Frame manipulations completed
INFO:root:2021-07-26-13--58--27 Bounding Box Drawn
INFO:root:2021-07-26-13--58--27 MovingFrameQueue Appended
INFO:root:2021-07-26-13--58--27 anomallyFrameTracker resetted to 200
INFO:root:2021-07-26-13--58--27 Colour Conversion Completed
INFO:root:2021-07-26-13--58--27 Sleep Check Completed
INFO:root:2021-07-26-13--58--27 Frame manipulations completed
INFO:root:2021-07-26-13--58--27 Bounding Box Drawn
INFO:root:2021-07-26-13--58--27 MovingFrameQueue Appended
INFO:root:2021-07-26-13--58--27 anomallyFrameTracker resetted to 200
INFO:root:2021-07-26-13--58--27 Colour Conversion Completed
INFO:root:2021-07-26-13--58--27 Sleep Check Completed
INFO:root:2021-07-26-13--58--27 Frame manipulations completed
INFO:root:2021-07-26-13--58--27 Bounding Box Drawn
INFO:root:2021-07-26-13--58--27 MovingFrameQueue Appended
INFO:root:2021-07-26-13--58--27 anomallyFrameTracker resetted to 200
INFO:root:2021-07-26-13--58--27 Colour Conversion Completed
INFO:root:2021-07-26-13--58--27 Sleep Check Completed
INFO:root:2021-07-26-13--58--27 Frame manipulations completed
INFO:root:2021-07-26-13--58--27 Bounding Box Drawn
INFO:root:2021-07-26-13--58--27 MovingFrameQueue Appended
INFO:root:2021-07-26-13--58--27 anomallyFrameTracker resetted to 200
INFO:root:2021-07-26-13--58--27 Colour Conversion Completed
INFO:root:2021-07-26-13--58--27 Sleep Check Completed
INFO:root:2021-07-26-13--58--27 Frame manipulations completed
INFO:root:2021-07-26-13--58--27 Bounding Box Drawn
INFO:root:2021-07-26-13--58--27 MovingFrameQueue Appended
INFO:root:2021-07-26-13--58--27 anomallyFrameTracker resetted to 200
INFO:root:2021-07-26-13--58--27 Colour Conversion Completed
INFO:root:2021-07-26-13--58--27 Sleep Check Completed
INFO:root:2021-07-26-13--58--27 Frame manipulations completed
INFO:root:2021-07-26-13--58--27 Bounding Box Drawn
INFO:root:2021-07-26-13--58--27 MovingFrameQueue Appended
INFO:root:2021-07-26-13--58--27 anomallyFrameTracker resetted to 200
INFO:root:2021-07-26-13--58--27 Colour Conversion Completed
INFO:root:2021-07-26-13--58--27 Sleep Check Completed
INFO:root:2021-07-26-13--58--27 Frame manipulations completed
INFO:root:2021-07-26-13--58--27 Bounding Box Drawn
INFO:root:2021-07-26-13--58--28 MovingFrameQueue Appended
INFO:root:2021-07-26-13--58--28 anomallyFrameTracker resetted to 200
INFO:root:2021-07-26-13--58--28 Colour Conversion Completed
INFO:root:2021-07-26-13--58--28 Sleep Check Completed
INFO:root:2021-07-26-13--58--28 Frame manipulations completed
INFO:root:2021-07-26-13--58--28 Bounding Box Drawn
INFO:root:2021-07-26-13--58--28 MovingFrameQueue Appended
INFO:root:2021-07-26-13--58--28 anomallyFrameTracker resetted to 200
INFO:root:2021-07-26-13--58--28 Colour Conversion Completed
INFO:root:2021-07-26-13--58--28 Sleep Check Completed
INFO:root:2021-07-26-13--58--28 Frame manipulations completed
INFO:root:2021-07-26-13--58--28 Bounding Box Drawn
INFO:root:2021-07-26-13--58--28 MovingFrameQueue Appended
INFO:root:2021-07-26-13--58--28 anomallyFrameTracker resetted to 200
INFO:root:2021-07-26-13--58--28 Colour Conversion Completed
INFO:root:2021-07-26-13--58--28 Sleep Check Completed
INFO:root:2021-07-26-13--58--28 Frame manipulations completed
INFO:root:2021-07-26-13--58--28 Bounding Box Drawn
INFO:root:2021-07-26-13--58--28 MovingFrameQueue Popped
INFO:root:2021-07-26-13--58--28 anomallyFrameTracker resetted to 200
INFO:root:2021-07-26-13--58--28 Colour Conversion Completed
INFO:root:2021-07-26-13--58--28 Sleep Check Completed
INFO:root:2021-07-26-13--58--28 Frame manipulations completed
INFO:root:2021-07-26-13--58--28 Bounding Box Drawn
INFO:root:2021-07-26-13--58--28 MovingFrameQueue Appended
INFO:root:2021-07-26-13--58--28 anomallyFrameTracker resetted to 200
INFO:root:2021-07-26-13--58--28 Colour Conversion Completed
INFO:root:2021-07-26-13--58--28 Sleep Check Completed
INFO:root:2021-07-26-13--58--28 Frame manipulations completed
INFO:root:2021-07-26-13--58--28 Bounding Box Drawn
INFO:root:2021-07-26-13--58--28 MovingFrameQueue Popped
INFO:root:2021-07-26-13--58--28 anomallyFrameTracker resetted to 200
INFO:root:2021-07-26-13--58--28 Colour Conversion Completed
INFO:root:2021-07-26-13--58--28 Sleep Check Completed
INFO:root:2021-07-26-13--58--28 Frame manipulations completed
INFO:root:2021-07-26-13--58--28 Bounding Box Drawn
INFO:root:2021-07-26-13--58--28 MovingFrameQueue Appended
INFO:root:2021-07-26-13--58--28 anomallyFrameTracker resetted to 200
INFO:root:2021-07-26-13--58--28 Colour Conversion Completed
INFO:root:2021-07-26-13--58--28 Sleep Check Completed
INFO:root:2021-07-26-13--58--28 Frame manipulations completed
INFO:root:2021-07-26-13--58--28 Bounding Box Drawn
INFO:root:2021-07-26-13--58--29 MovingFrameQueue Popped
INFO:root:2021-07-26-13--58--29 anomallyFrameTracker resetted to 200
INFO:root:2021-07-26-13--58--29 Colour Conversion Completed
INFO:root:2021-07-26-13--58--29 Sleep Check Completed
INFO:root:2021-07-26-13--58--29 Frame manipulations completed
INFO:root:2021-07-26-13--58--29 Bounding Box Drawn
INFO:root:2021-07-26-13--58--29 MovingFrameQueue Appended
INFO:root:2021-07-26-13--58--29 anomallyFrameTracker resetted to 200
INFO:root:2021-07-26-13--58--29 Colour Conversion Completed
INFO:root:2021-07-26-13--58--29 Sleep Check Completed
INFO:root:2021-07-26-13--58--29 Frame manipulations completed
INFO:root:2021-07-26-13--58--29 Bounding Box Drawn
INFO:root:2021-07-26-13--58--29 MovingFrameQueue Popped
INFO:root:2021-07-26-13--58--29 anomallyFrameTracker resetted to 200
INFO:root:2021-07-26-13--58--29 Colour Conversion Completed
INFO:root:2021-07-26-13--58--29 Sleep Check Completed
INFO:root:2021-07-26-13--58--29 Frame manipulations completed
INFO:root:2021-07-26-13--58--29 Bounding Box Drawn
INFO:root:2021-07-26-13--58--29 MovingFrameQueue Appended
INFO:root:2021-07-26-13--58--29 anomallyFrameTracker resetted to 200
INFO:root:2021-07-26-13--58--29 Colour Conversion Completed
INFO:root:2021-07-26-13--58--29 Sleep Check Completed
INFO:root:2021-07-26-13--58--29 Frame manipulations completed
INFO:root:2021-07-26-13--58--29 Bounding Box Drawn
INFO:root:2021-07-26-13--58--29 MovingFrameQueue Popped
INFO:root:2021-07-26-13--58--29 anomallyFrameTracker resetted to 200
INFO:root:2021-07-26-13--58--29 Colour Conversion Completed
INFO:root:2021-07-26-13--58--29 Sleep Check Completed
INFO:root:2021-07-26-13--58--29 Frame manipulations completed
INFO:root:2021-07-26-13--58--29 Bounding Box Drawn
INFO:root:2021-07-26-13--58--29 MovingFrameQueue Appended
INFO:root:2021-07-26-13--58--29 anomallyFrameTracker resetted to 200
INFO:root:2021-07-26-13--58--29 Colour Conversion Completed
INFO:root:2021-07-26-13--58--29 Sleep Check Completed
INFO:root:2021-07-26-13--58--29 Frame manipulations completed
INFO:root:2021-07-26-13--58--29 Bounding Box Drawn
INFO:root:2021-07-26-13--58--29 MovingFrameQueue Popped
INFO:root:2021-07-26-13--58--29 anomallyFrameTracker resetted to 200
INFO:root:2021-07-26-13--58--29 Colour Conversion Completed
INFO:root:2021-07-26-13--58--29 Sleep Check Completed
INFO:root:2021-07-26-13--58--29 Frame manipulations completed
INFO:root:2021-07-26-13--58--29 Bounding Box Drawn
INFO:root:2021-07-26-13--58--30 MovingFrameQueue Appended
INFO:root:2021-07-26-13--58--30 anomallyFrameTracker resetted to 200
INFO:root:2021-07-26-13--58--30 Colour Conversion Completed
INFO:root:2021-07-26-13--58--30 Sleep Check Completed
INFO:root:2021-07-26-13--58--30 Frame manipulations completed
INFO:root:2021-07-26-13--58--30 Bounding Box Drawn
INFO:root:2021-07-26-13--58--30 MovingFrameQueue Popped
INFO:root:2021-07-26-13--58--30 anomallyFrameTracker resetted to 200
INFO:root:2021-07-26-13--58--30 Colour Conversion Completed
INFO:root:2021-07-26-13--58--30 Sleep Check Completed
INFO:root:2021-07-26-13--58--30 Frame manipulations completed
INFO:root:2021-07-26-13--58--30 Bounding Box Drawn
INFO:root:2021-07-26-13--58--30 MovingFrameQueue Appended
INFO:root:2021-07-26-13--58--30 anomallyFrameTracker resetted to 200
INFO:root:2021-07-26-13--58--30 Colour Conversion Completed
INFO:root:2021-07-26-13--58--30 Sleep Check Completed
INFO:root:2021-07-26-13--58--30 Frame manipulations completed
INFO:root:2021-07-26-13--58--30 Bounding Box Drawn
INFO:root:2021-07-26-13--58--30 MovingFrameQueue Popped
INFO:root:2021-07-26-13--58--30 anomallyFrameTracker resetted to 200
INFO:root:2021-07-26-13--58--30 Colour Conversion Completed
INFO:root:2021-07-26-13--58--30 Sleep Check Completed
INFO:root:2021-07-26-13--58--30 Frame manipulations completed
INFO:root:2021-07-26-13--58--30 Bounding Box Drawn
INFO:root:2021-07-26-13--58--30 MovingFrameQueue Appended
INFO:root:2021-07-26-13--58--30 anomallyFrameTracker resetted to 200
INFO:root:2021-07-26-13--58--30 Colour Conversion Completed
INFO:root:2021-07-26-13--58--30 Sleep Check Completed
INFO:root:2021-07-26-13--58--30 Frame manipulations completed
INFO:root:2021-07-26-13--58--30 Bounding Box Drawn
INFO:root:2021-07-26-13--58--30 MovingFrameQueue Popped
INFO:root:2021-07-26-13--58--30 anomallyFrameTracker resetted to 200
INFO:root:2021-07-26-13--58--30 Colour Conversion Completed
INFO:root:2021-07-26-13--58--30 Sleep Check Completed
INFO:root:2021-07-26-13--58--30 Frame manipulations completed
INFO:root:2021-07-26-13--58--30 Bounding Box Drawn
INFO:root:2021-07-26-13--58--30 MovingFrameQueue Appended
INFO:root:2021-07-26-13--58--30 anomallyFrameTracker resetted to 200
INFO:root:2021-07-26-13--58--31 Colour Conversion Completed
INFO:root:2021-07-26-13--58--31 Sleep Check Completed
INFO:root:2021-07-26-13--58--31 Frame manipulations completed
INFO:root:2021-07-26-13--58--31 Bounding Box Drawn
INFO:root:2021-07-26-13--58--31 MovingFrameQueue Popped
INFO:root:2021-07-26-13--58--31 anomallyFrameTracker resetted to 200
INFO:root:2021-07-26-13--58--31 Colour Conversion Completed
INFO:root:2021-07-26-13--58--31 Sleep Check Completed
INFO:root:2021-07-26-13--58--31 Frame manipulations completed
INFO:root:2021-07-26-13--58--31 Bounding Box Drawn
INFO:root:2021-07-26-13--58--31 MovingFrameQueue Appended
INFO:root:2021-07-26-13--58--31 anomallyFrameTracker resetted to 200
INFO:root:2021-07-26-13--58--31 Colour Conversion Completed
INFO:root:2021-07-26-13--58--31 Sleep Check Completed
INFO:root:2021-07-26-13--58--31 Frame manipulations completed
INFO:root:2021-07-26-13--58--31 Bounding Box Drawn
INFO:root:2021-07-26-13--58--31 MovingFrameQueue Popped
INFO:root:2021-07-26-13--58--31 anomallyFrameTracker resetted to 200
INFO:root:2021-07-26-13--58--31 Colour Conversion Completed
INFO:root:2021-07-26-13--58--31 Sleep Check Completed
INFO:root:2021-07-26-13--58--31 Frame manipulations completed
INFO:root:2021-07-26-13--58--31 Bounding Box Drawn
INFO:root:2021-07-26-13--58--31 MovingFrameQueue Appended
INFO:root:2021-07-26-13--58--31 anomallyFrameTracker resetted to 200
INFO:root:2021-07-26-13--58--31 Colour Conversion Completed
INFO:root:2021-07-26-13--58--31 Sleep Check Completed
INFO:root:2021-07-26-13--58--31 Frame manipulations completed
INFO:root:2021-07-26-13--58--31 Bounding Box Drawn
INFO:root:2021-07-26-13--58--31 MovingFrameQueue Popped
INFO:root:2021-07-26-13--58--31 anomallyFrameTracker resetted to 200
INFO:root:2021-07-26-13--58--31 Colour Conversion Completed
INFO:root:2021-07-26-13--58--31 Sleep Check Completed
INFO:root:2021-07-26-13--58--31 Frame manipulations completed
INFO:root:2021-07-26-13--58--31 Bounding Box Drawn
INFO:root:2021-07-26-13--58--31 MovingFrameQueue Appended
INFO:root:2021-07-26-13--58--31 anomallyFrameTracker resetted to 200
INFO:root:2021-07-26-13--58--31 Colour Conversion Completed
INFO:root:2021-07-26-13--58--31 Sleep Check Completed
INFO:root:2021-07-26-13--58--31 Frame manipulations completed
INFO:root:2021-07-26-13--58--31 Bounding Box Drawn
INFO:root:2021-07-26-13--58--32 MovingFrameQueue Popped
INFO:root:2021-07-26-13--58--32 anomallyFrameTracker resetted to 200
INFO:root:2021-07-26-13--58--32 Colour Conversion Completed
INFO:root:2021-07-26-13--58--32 Sleep Check Completed
INFO:root:2021-07-26-13--58--32 Frame manipulations completed
INFO:root:2021-07-26-13--58--32 Bounding Box Drawn
INFO:root:2021-07-26-13--58--32 MovingFrameQueue Appended
INFO:root:2021-07-26-13--58--32 anomallyFrameTracker resetted to 200
INFO:root:2021-07-26-13--58--32 Colour Conversion Completed
INFO:root:2021-07-26-13--58--32 Sleep Check Completed
INFO:root:2021-07-26-13--58--32 Frame manipulations completed
INFO:root:2021-07-26-13--58--32 Bounding Box Drawn
INFO:root:2021-07-26-13--58--32 MovingFrameQueue Popped
INFO:root:2021-07-26-13--58--32 anomallyFrameTracker resetted to 200
INFO:root:2021-07-26-13--58--32 Colour Conversion Completed
INFO:root:2021-07-26-13--58--32 Sleep Check Completed
INFO:root:2021-07-26-13--58--32 Frame manipulations completed
INFO:root:2021-07-26-13--58--32 Bounding Box Drawn
INFO:root:2021-07-26-13--58--32 MovingFrameQueue Appended
INFO:root:2021-07-26-13--58--32 anomallyFrameTracker resetted to 200
INFO:root:2021-07-26-13--58--32 Colour Conversion Completed
INFO:root:2021-07-26-13--58--32 Sleep Check Completed
INFO:root:2021-07-26-13--58--32 Frame manipulations completed
INFO:root:2021-07-26-13--58--32 Bounding Box Drawn
INFO:root:2021-07-26-13--58--32 MovingFrameQueue Popped
INFO:root:2021-07-26-13--58--32 anomallyFrameTracker resetted to 200
INFO:root:2021-07-26-13--58--32 Colour Conversion Completed
INFO:root:2021-07-26-13--58--32 Sleep Check Completed
INFO:root:2021-07-26-13--58--32 Frame manipulations completed
INFO:root:2021-07-26-13--58--32 Bounding Box Drawn
INFO:root:2021-07-26-13--58--32 MovingFrameQueue Appended
INFO:root:2021-07-26-13--58--32 anomallyFrameTracker resetted to 200
INFO:root:2021-07-26-13--58--32 Colour Conversion Completed
INFO:root:2021-07-26-13--58--32 Sleep Check Completed
INFO:root:2021-07-26-13--58--32 Frame manipulations completed
INFO:root:2021-07-26-13--58--32 Bounding Box Drawn
INFO:root:2021-07-26-13--58--32 MovingFrameQueue Popped
INFO:root:2021-07-26-13--58--32 anomallyFrameTracker resetted to 200
INFO:root:2021-07-26-13--58--32 Colour Conversion Completed
INFO:root:2021-07-26-13--58--32 Sleep Check Completed
INFO:root:2021-07-26-13--58--32 Frame manipulations completed
INFO:root:2021-07-26-13--58--32 Bounding Box Drawn
INFO:root:2021-07-26-13--58--33 MovingFrameQueue Appended
INFO:root:2021-07-26-13--58--33 anomallyFrameTracker resetted to 200
INFO:root:2021-07-26-13--58--33 Colour Conversion Completed
INFO:root:2021-07-26-13--58--33 Sleep Check Completed
INFO:root:2021-07-26-13--58--33 Frame manipulations completed
INFO:root:2021-07-26-13--58--33 Bounding Box Drawn
INFO:root:2021-07-26-13--58--33 MovingFrameQueue Popped
INFO:root:2021-07-26-13--58--33 anomallyFrameTracker resetted to 200
INFO:root:2021-07-26-13--58--33 Colour Conversion Completed
INFO:root:2021-07-26-13--58--33 Sleep Check Completed
INFO:root:2021-07-26-13--58--33 Frame manipulations completed
INFO:root:2021-07-26-13--58--33 Bounding Box Drawn
INFO:root:2021-07-26-13--58--33 MovingFrameQueue Appended
INFO:root:2021-07-26-13--58--33 anomallyFrameTracker resetted to 200
INFO:root:2021-07-26-13--58--33 Colour Conversion Completed
INFO:root:2021-07-26-13--58--33 Sleep Check Completed
INFO:root:2021-07-26-13--58--33 Frame manipulations completed
INFO:root:2021-07-26-13--58--33 Bounding Box Drawn
INFO:root:2021-07-26-13--58--33 MovingFrameQueue Popped
INFO:root:2021-07-26-13--58--33 anomallyFrameTracker resetted to 200
INFO:root:2021-07-26-13--58--33 Colour Conversion Completed
INFO:root:2021-07-26-13--58--33 Sleep Check Completed
INFO:root:2021-07-26-13--58--33 Frame manipulations completed
INFO:root:2021-07-26-13--58--33 Bounding Box Drawn
INFO:root:2021-07-26-13--58--33 MovingFrameQueue Appended
INFO:root:2021-07-26-13--58--33 anomallyFrameTracker resetted to 200
INFO:root:2021-07-26-13--58--33 Colour Conversion Completed
INFO:root:2021-07-26-13--58--33 Sleep Check Completed
INFO:root:2021-07-26-13--58--33 Frame manipulations completed
INFO:root:2021-07-26-13--58--33 Bounding Box Drawn
INFO:root:2021-07-26-13--58--33 MovingFrameQueue Popped
INFO:root:2021-07-26-13--58--33 anomallyFrameTracker resetted to 200
INFO:root:2021-07-26-13--58--33 Colour Conversion Completed
INFO:root:2021-07-26-13--58--33 Sleep Check Completed
INFO:root:2021-07-26-13--58--33 Frame manipulations completed
INFO:root:2021-07-26-13--58--33 Bounding Box Drawn
INFO:root:2021-07-26-13--58--33 MovingFrameQueue Appended
INFO:root:2021-07-26-13--58--33 anomallyFrameTracker resetted to 200
INFO:root:2021-07-26-13--58--33 Colour Conversion Completed
INFO:root:2021-07-26-13--58--33 Sleep Check Completed
INFO:root:2021-07-26-13--58--33 Frame manipulations completed
INFO:root:2021-07-26-13--58--33 Bounding Box Drawn
INFO:root:2021-07-26-13--58--34 MovingFrameQueue Popped
INFO:root:2021-07-26-13--58--34 anomallyFrameTracker resetted to 200
INFO:root:2021-07-26-13--58--34 Colour Conversion Completed
INFO:root:2021-07-26-13--58--34 Sleep Check Completed
INFO:root:2021-07-26-13--58--34 Frame manipulations completed
INFO:root:2021-07-26-13--58--34 Bounding Box Drawn
INFO:root:2021-07-26-13--58--34 MovingFrameQueue Appended
INFO:root:2021-07-26-13--58--34 anomallyFrameTracker resetted to 200
INFO:root:2021-07-26-13--58--34 Colour Conversion Completed
INFO:root:2021-07-26-13--58--34 Sleep Check Completed
INFO:root:2021-07-26-13--58--34 Frame manipulations completed
INFO:root:2021-07-26-13--58--34 Bounding Box Drawn
INFO:root:2021-07-26-13--58--34 MovingFrameQueue Popped
INFO:root:2021-07-26-13--58--34 anomallyFrameTracker resetted to 200
INFO:root:2021-07-26-13--58--34 Colour Conversion Completed
INFO:root:2021-07-26-13--58--34 Sleep Check Completed
INFO:root:2021-07-26-13--58--34 Frame manipulations completed
INFO:root:2021-07-26-13--58--34 Bounding Box Drawn
INFO:root:2021-07-26-13--58--34 MovingFrameQueue Appended
INFO:root:2021-07-26-13--58--34 anomallyFrameTracker resetted to 200
INFO:root:2021-07-26-13--58--34 Colour Conversion Completed
INFO:root:2021-07-26-13--58--34 Sleep Check Completed
INFO:root:2021-07-26-13--58--34 Frame manipulations completed
INFO:root:2021-07-26-13--58--34 Bounding Box Drawn
INFO:root:2021-07-26-13--58--34 MovingFrameQueue Popped
INFO:root:2021-07-26-13--58--34 anomallyFrameTracker resetted to 200
INFO:root:2021-07-26-13--58--34 Colour Conversion Completed
INFO:root:2021-07-26-13--58--34 Sleep Check Completed
INFO:root:2021-07-26-13--58--34 Frame manipulations completed
INFO:root:2021-07-26-13--58--34 Bounding Box Drawn
INFO:root:2021-07-26-13--58--34 MovingFrameQueue Appended
INFO:root:2021-07-26-13--58--34 anomallyFrameTracker resetted to 200
INFO:root:2021-07-26-13--58--34 Colour Conversion Completed
INFO:root:2021-07-26-13--58--34 Sleep Check Completed
INFO:root:2021-07-26-13--58--34 Frame manipulations completed
INFO:root:2021-07-26-13--58--34 Bounding Box Drawn
INFO:root:2021-07-26-13--58--35 MovingFrameQueue Popped
INFO:root:2021-07-26-13--58--35 anomallyFrameTracker resetted to 200
INFO:root:2021-07-26-13--58--35 Colour Conversion Completed
INFO:root:2021-07-26-13--58--35 Sleep Check Completed
INFO:root:2021-07-26-13--58--35 Frame manipulations completed
INFO:root:2021-07-26-13--58--35 Bounding Box Drawn
INFO:root:2021-07-26-13--58--35 MovingFrameQueue Appended
INFO:root:2021-07-26-13--58--35 anomallyFrameTracker resetted to 200
INFO:root:2021-07-26-13--58--35 Colour Conversion Completed
INFO:root:2021-07-26-13--58--35 Sleep Check Completed
INFO:root:2021-07-26-13--58--35 Frame manipulations completed
INFO:root:2021-07-26-13--58--35 Bounding Box Drawn
INFO:root:2021-07-26-13--58--35 MovingFrameQueue Popped
INFO:root:2021-07-26-13--58--35 anomallyFrameTracker resetted to 200
INFO:root:2021-07-26-13--58--35 Colour Conversion Completed
INFO:root:2021-07-26-13--58--35 Sleep Check Completed
INFO:root:2021-07-26-13--58--35 Frame manipulations completed
INFO:root:2021-07-26-13--58--35 Bounding Box Drawn
INFO:root:2021-07-26-13--58--35 MovingFrameQueue Appended
INFO:root:2021-07-26-13--58--35 anomallyFrameTracker resetted to 200
INFO:root:2021-07-26-13--58--35 Colour Conversion Completed
INFO:root:2021-07-26-13--58--35 Sleep Check Completed
INFO:root:2021-07-26-13--58--35 Frame manipulations completed
INFO:root:2021-07-26-13--58--35 Bounding Box Drawn
INFO:root:2021-07-26-13--58--35 MovingFrameQueue Popped
INFO:root:2021-07-26-13--58--35 anomallyFrameTracker resetted to 200
INFO:root:2021-07-26-13--58--35 Colour Conversion Completed
INFO:root:2021-07-26-13--58--35 Sleep Check Completed
INFO:root:2021-07-26-13--58--35 Frame manipulations completed
INFO:root:2021-07-26-13--58--35 Bounding Box Drawn
INFO:root:2021-07-26-13--58--35 MovingFrameQueue Appended
INFO:root:2021-07-26-13--58--35 anomallyFrameTracker resetted to 200
INFO:root:2021-07-26-13--58--35 Colour Conversion Completed
INFO:root:2021-07-26-13--58--35 Sleep Check Completed
INFO:root:2021-07-26-13--58--35 Frame manipulations completed
INFO:root:2021-07-26-13--58--35 Bounding Box Drawn
INFO:root:2021-07-26-13--58--35 MovingFrameQueue Popped
INFO:root:2021-07-26-13--58--35 anomallyFrameTracker resetted to 200
INFO:root:2021-07-26-13--58--35 Colour Conversion Completed
INFO:root:2021-07-26-13--58--35 Sleep Check Completed
INFO:root:2021-07-26-13--58--35 Frame manipulations completed
INFO:root:2021-07-26-13--58--35 Bounding Box Drawn
INFO:root:2021-07-26-13--58--36 MovingFrameQueue Appended
INFO:root:2021-07-26-13--58--36 anomallyFrameTracker resetted to 200
INFO:root:2021-07-26-13--58--36 Colour Conversion Completed
INFO:root:2021-07-26-13--58--36 Sleep Check Completed
INFO:root:2021-07-26-13--58--36 Frame manipulations completed
INFO:root:2021-07-26-13--58--36 Bounding Box Drawn
INFO:root:2021-07-26-13--58--36 MovingFrameQueue Popped
INFO:root:2021-07-26-13--58--36 anomallyFrameTracker resetted to 200
INFO:root:2021-07-26-13--58--36 Colour Conversion Completed
INFO:root:2021-07-26-13--58--36 Sleep Check Completed
INFO:root:2021-07-26-13--58--36 Frame manipulations completed
INFO:root:2021-07-26-13--58--36 Bounding Box Drawn
INFO:root:2021-07-26-13--58--36 MovingFrameQueue Appended
INFO:root:2021-07-26-13--58--36 anomallyFrameTracker resetted to 200
INFO:root:2021-07-26-13--58--36 Colour Conversion Completed
INFO:root:2021-07-26-13--58--36 Sleep Check Completed
INFO:root:2021-07-26-13--58--36 Frame manipulations completed
INFO:root:2021-07-26-13--58--36 Bounding Box Drawn
INFO:root:2021-07-26-13--58--36 MovingFrameQueue Popped
INFO:root:2021-07-26-13--58--36 anomallyFrameTracker resetted to 200
INFO:root:2021-07-26-13--58--36 Colour Conversion Completed
INFO:root:2021-07-26-13--58--36 Sleep Check Completed
INFO:root:2021-07-26-13--58--36 Frame manipulations completed
INFO:root:2021-07-26-13--58--36 Bounding Box Drawn
INFO:root:2021-07-26-13--58--36 MovingFrameQueue Appended
INFO:root:2021-07-26-13--58--36 anomallyFrameTracker resetted to 200
INFO:root:2021-07-26-13--58--36 Colour Conversion Completed
INFO:root:2021-07-26-13--58--36 Sleep Check Completed
INFO:root:2021-07-26-13--58--36 Frame manipulations completed
INFO:root:2021-07-26-13--58--36 Bounding Box Drawn
INFO:root:2021-07-26-13--58--36 MovingFrameQueue Popped
INFO:root:2021-07-26-13--58--36 anomallyFrameTracker resetted to 200
INFO:root:2021-07-26-13--58--36 Colour Conversion Completed
INFO:root:2021-07-26-13--58--36 Sleep Check Completed
INFO:root:2021-07-26-13--58--36 Frame manipulations completed
INFO:root:2021-07-26-13--58--36 Bounding Box Drawn
INFO:root:2021-07-26-13--58--36 MovingFrameQueue Appended
INFO:root:2021-07-26-13--58--36 anomallyFrameTracker resetted to 200
INFO:root:2021-07-26-13--58--36 Colour Conversion Completed
INFO:root:2021-07-26-13--58--36 Sleep Check Completed
INFO:root:2021-07-26-13--58--36 Frame manipulations completed
INFO:root:2021-07-26-13--58--36 Bounding Box Drawn
INFO:root:2021-07-26-13--58--37 MovingFrameQueue Popped
INFO:root:2021-07-26-13--58--37 anomallyFrameTracker resetted to 200
INFO:root:2021-07-26-13--58--37 Colour Conversion Completed
INFO:root:2021-07-26-13--58--37 Sleep Check Completed
INFO:root:2021-07-26-13--58--37 Frame manipulations completed
INFO:root:2021-07-26-13--58--37 Bounding Box Drawn
INFO:root:2021-07-26-13--58--37 MovingFrameQueue Appended
INFO:root:2021-07-26-13--58--37 anomallyFrameTracker resetted to 200
INFO:root:2021-07-26-13--58--37 Colour Conversion Completed
INFO:root:2021-07-26-13--58--37 Sleep Check Completed
INFO:root:2021-07-26-13--58--37 Frame manipulations completed
INFO:root:2021-07-26-13--58--37 Bounding Box Drawn
INFO:root:2021-07-26-13--58--37 MovingFrameQueue Popped
INFO:root:2021-07-26-13--58--37 anomallyFrameTracker resetted to 200
INFO:root:2021-07-26-13--58--37 Colour Conversion Completed
INFO:root:2021-07-26-13--58--37 Sleep Check Completed
INFO:root:2021-07-26-13--58--37 Frame manipulations completed
INFO:root:2021-07-26-13--58--37 Bounding Box Drawn
INFO:root:2021-07-26-13--58--37 MovingFrameQueue Appended
INFO:root:2021-07-26-13--58--37 anomallyFrameTracker resetted to 200
INFO:root:2021-07-26-13--58--37 Colour Conversion Completed
INFO:root:2021-07-26-13--58--37 Sleep Check Completed
INFO:root:2021-07-26-13--58--37 Frame manipulations completed
INFO:root:2021-07-26-13--58--37 Bounding Box Drawn
INFO:root:2021-07-26-13--58--37 MovingFrameQueue Popped
INFO:root:2021-07-26-13--58--37 anomallyFrameTracker resetted to 200
INFO:root:2021-07-26-13--58--37 Colour Conversion Completed
INFO:root:2021-07-26-13--58--37 Sleep Check Completed
INFO:root:2021-07-26-13--58--37 Frame manipulations completed
INFO:root:2021-07-26-13--58--37 Bounding Box Drawn
INFO:root:2021-07-26-13--58--37 MovingFrameQueue Appended
INFO:root:2021-07-26-13--58--37 anomallyFrameTracker resetted to 200
INFO:root:2021-07-26-13--58--37 Colour Conversion Completed
INFO:root:2021-07-26-13--58--37 Sleep Check Completed
INFO:root:2021-07-26-13--58--37 Frame manipulations completed
INFO:root:2021-07-26-13--58--37 Bounding Box Drawn
INFO:root:2021-07-26-13--58--38 MovingFrameQueue Popped
INFO:root:2021-07-26-13--58--38 anomallyFrameTracker resetted to 200
INFO:root:2021-07-26-13--58--38 Colour Conversion Completed
INFO:root:2021-07-26-13--58--38 Sleep Check Completed
INFO:root:2021-07-26-13--58--38 Frame manipulations completed
INFO:root:2021-07-26-13--58--38 Bounding Box Drawn
INFO:root:2021-07-26-13--58--38 MovingFrameQueue Appended
INFO:root:2021-07-26-13--58--38 anomallyFrameTracker resetted to 200
INFO:root:2021-07-26-13--58--38 Colour Conversion Completed
INFO:root:2021-07-26-13--58--38 Sleep Check Completed
INFO:root:2021-07-26-13--58--38 Frame manipulations completed
INFO:root:2021-07-26-13--58--38 Bounding Box Drawn
INFO:root:2021-07-26-13--58--38 MovingFrameQueue Popped
INFO:root:2021-07-26-13--58--38 anomallyFrameTracker resetted to 200
INFO:root:2021-07-26-13--58--38 Colour Conversion Completed
INFO:root:2021-07-26-13--58--38 Sleep Check Completed
INFO:root:2021-07-26-13--58--38 Frame manipulations completed
INFO:root:2021-07-26-13--58--38 Bounding Box Drawn
INFO:root:2021-07-26-13--58--38 MovingFrameQueue Appended
INFO:root:2021-07-26-13--58--38 anomallyFrameTracker resetted to 200
INFO:root:2021-07-26-13--58--38 Colour Conversion Completed
INFO:root:2021-07-26-13--58--38 Sleep Check Completed
INFO:root:2021-07-26-13--58--38 Frame manipulations completed
INFO:root:2021-07-26-13--58--38 Bounding Box Drawn
INFO:root:2021-07-26-13--58--38 MovingFrameQueue Popped
INFO:root:2021-07-26-13--58--38 anomallyFrameTracker resetted to 200
INFO:root:2021-07-26-13--58--38 Colour Conversion Completed
INFO:root:2021-07-26-13--58--38 Sleep Check Completed
INFO:root:2021-07-26-13--58--38 Frame manipulations completed
INFO:root:2021-07-26-13--58--38 Bounding Box Drawn
INFO:root:2021-07-26-13--58--38 MovingFrameQueue Appended
INFO:root:2021-07-26-13--58--38 anomallyFrameTracker resetted to 200
INFO:root:2021-07-26-13--58--38 Colour Conversion Completed
INFO:root:2021-07-26-13--58--39 Sleep Check Completed
INFO:root:2021-07-26-13--58--39 Frame manipulations completed
INFO:root:2021-07-26-13--58--39 Bounding Box Drawn
INFO:root:2021-07-26-13--58--39 MovingFrameQueue Popped
INFO:root:2021-07-26-13--58--39 anomallyFrameTracker resetted to 200
INFO:root:2021-07-26-13--58--39 Colour Conversion Completed
INFO:root:2021-07-26-13--58--39 Sleep Check Completed
INFO:root:2021-07-26-13--58--39 Frame manipulations completed
INFO:root:2021-07-26-13--58--39 Bounding Box Drawn
INFO:root:2021-07-26-13--58--39 MovingFrameQueue Appended
INFO:root:2021-07-26-13--58--39 anomallyFrameTracker resetted to 200
INFO:root:2021-07-26-13--58--39 Colour Conversion Completed
INFO:root:2021-07-26-13--58--39 Sleep Check Completed
INFO:root:2021-07-26-13--58--39 Frame manipulations completed
INFO:root:2021-07-26-13--58--39 Bounding Box Drawn
INFO:root:2021-07-26-13--58--39 MovingFrameQueue Popped
INFO:root:2021-07-26-13--58--39 anomallyFrameTracker resetted to 200
INFO:root:2021-07-26-13--58--39 Colour Conversion Completed
INFO:root:2021-07-26-13--58--39 Sleep Check Completed
INFO:root:2021-07-26-13--58--39 Frame manipulations completed
INFO:root:2021-07-26-13--58--39 Bounding Box Drawn
INFO:root:2021-07-26-13--58--39 MovingFrameQueue Appended
INFO:root:2021-07-26-13--58--39 anomallyFrameTracker resetted to 200
INFO:root:2021-07-26-13--58--39 Colour Conversion Completed
INFO:root:2021-07-26-13--58--39 Sleep Check Completed
INFO:root:2021-07-26-13--58--39 Frame manipulations completed
INFO:root:2021-07-26-13--58--39 Bounding Box Drawn
INFO:root:2021-07-26-13--58--39 MovingFrameQueue Popped
INFO:root:2021-07-26-13--58--39 anomallyFrameTracker resetted to 200
INFO:root:2021-07-26-13--58--39 Colour Conversion Completed
INFO:root:2021-07-26-13--58--39 Sleep Check Completed
INFO:root:2021-07-26-13--58--39 Frame manipulations completed
INFO:root:2021-07-26-13--58--39 Bounding Box Drawn
INFO:root:2021-07-26-13--58--40 MovingFrameQueue Appended
INFO:root:2021-07-26-13--58--40 anomallyFrameTracker resetted to 200
INFO:root:2021-07-26-13--58--40 Colour Conversion Completed
INFO:root:2021-07-26-13--58--40 Sleep Check Completed
INFO:root:2021-07-26-13--58--40 Frame manipulations completed
INFO:root:2021-07-26-13--58--40 Bounding Box Drawn
INFO:root:2021-07-26-13--58--40 MovingFrameQueue Popped
INFO:root:2021-07-26-13--58--40 anomallyFrameTracker resetted to 200
INFO:root:2021-07-26-13--58--40 Colour Conversion Completed
INFO:root:2021-07-26-13--58--40 Sleep Check Completed
INFO:root:2021-07-26-13--58--40 Frame manipulations completed
INFO:root:2021-07-26-13--58--40 Bounding Box Drawn
INFO:root:2021-07-26-13--58--40 MovingFrameQueue Appended
INFO:root:2021-07-26-13--58--40 anomallyFrameTracker resetted to 200
INFO:root:2021-07-26-13--58--40 Colour Conversion Completed
INFO:root:2021-07-26-13--58--40 Sleep Check Completed
INFO:root:2021-07-26-13--58--40 Frame manipulations completed
INFO:root:2021-07-26-13--58--40 Bounding Box Drawn
INFO:root:2021-07-26-13--58--40 MovingFrameQueue Popped
INFO:root:2021-07-26-13--58--40 anomallyFrameTracker resetted to 200
INFO:root:2021-07-26-13--58--40 Colour Conversion Completed
INFO:root:2021-07-26-13--58--40 Sleep Check Completed
INFO:root:2021-07-26-13--58--40 Frame manipulations completed
INFO:root:2021-07-26-13--58--40 Bounding Box Drawn
INFO:root:2021-07-26-13--58--40 MovingFrameQueue Appended
INFO:root:2021-07-26-13--58--40 anomallyFrameTracker resetted to 200
INFO:root:2021-07-26-13--58--40 Colour Conversion Completed
INFO:root:2021-07-26-13--58--40 Sleep Check Completed
INFO:root:2021-07-26-13--58--40 Frame manipulations completed
INFO:root:2021-07-26-13--58--40 Bounding Box Drawn
INFO:root:2021-07-26-13--58--41 MovingFrameQueue Popped
INFO:root:2021-07-26-13--58--41 anomallyFrameTracker resetted to 200
INFO:root:2021-07-26-13--58--41 Colour Conversion Completed
INFO:root:2021-07-26-13--58--41 Sleep Check Completed
INFO:root:2021-07-26-13--58--41 Frame manipulations completed
INFO:root:2021-07-26-13--58--41 Bounding Box Drawn
INFO:root:2021-07-26-13--58--41 MovingFrameQueue Appended
INFO:root:2021-07-26-13--58--41 anomallyFrameTracker resetted to 200
INFO:root:2021-07-26-13--58--41 Colour Conversion Completed
INFO:root:2021-07-26-13--58--41 Sleep Check Completed
INFO:root:2021-07-26-13--58--41 Frame manipulations completed
INFO:root:2021-07-26-13--58--41 Bounding Box Drawn
INFO:root:2021-07-26-13--58--41 MovingFrameQueue Popped
INFO:root:2021-07-26-13--58--41 anomallyFrameTracker resetted to 200
INFO:root:2021-07-26-13--58--41 Colour Conversion Completed
INFO:root:2021-07-26-13--58--41 Sleep Check Completed
INFO:root:2021-07-26-13--58--41 Frame manipulations completed
INFO:root:2021-07-26-13--58--41 Bounding Box Drawn
INFO:root:2021-07-26-13--58--41 MovingFrameQueue Appended
INFO:root:2021-07-26-13--58--41 anomallyFrameTracker resetted to 200
INFO:root:2021-07-26-13--58--41 Colour Conversion Completed
INFO:root:2021-07-26-13--58--41 Sleep Check Completed
INFO:root:2021-07-26-13--58--41 Frame manipulations completed
INFO:root:2021-07-26-13--58--41 Bounding Box Drawn
INFO:root:2021-07-26-13--58--41 MovingFrameQueue Popped
INFO:root:2021-07-26-13--58--41 anomallyFrameTracker resetted to 200
INFO:root:2021-07-26-13--58--41 Colour Conversion Completed
INFO:root:2021-07-26-13--58--41 Sleep Check Completed
INFO:root:2021-07-26-13--58--41 Frame manipulations completed
INFO:root:2021-07-26-13--58--41 Bounding Box Drawn
INFO:root:2021-07-26-13--58--42 MovingFrameQueue Appended
INFO:root:2021-07-26-13--58--42 anomallyFrameTracker resetted to 200
INFO:root:2021-07-26-13--58--42 Colour Conversion Completed
INFO:root:2021-07-26-13--58--42 Sleep Check Completed
INFO:root:2021-07-26-13--58--42 Frame manipulations completed
INFO:root:2021-07-26-13--58--42 Bounding Box Drawn
INFO:root:2021-07-26-13--58--42 MovingFrameQueue Popped
INFO:root:2021-07-26-13--58--42 anomallyFrameTracker resetted to 200
INFO:root:2021-07-26-13--58--42 Colour Conversion Completed
INFO:root:2021-07-26-13--58--42 Sleep Check Completed
INFO:root:2021-07-26-13--58--42 Frame manipulations completed
INFO:root:2021-07-26-13--58--42 Bounding Box Drawn
INFO:root:2021-07-26-13--58--42 MovingFrameQueue Appended
INFO:root:2021-07-26-13--58--42 anomallyFrameTracker resetted to 200
INFO:root:2021-07-26-13--58--42 Colour Conversion Completed
INFO:root:2021-07-26-13--58--42 Sleep Check Completed
INFO:root:2021-07-26-13--58--42 Frame manipulations completed
INFO:root:2021-07-26-13--58--42 Bounding Box Drawn
INFO:root:2021-07-26-13--58--42 MovingFrameQueue Popped
INFO:root:2021-07-26-13--58--42 anomallyFrameTracker resetted to 200
INFO:root:2021-07-26-13--58--42 Colour Conversion Completed
INFO:root:2021-07-26-13--58--42 Sleep Check Completed
INFO:root:2021-07-26-13--58--42 Frame manipulations completed
INFO:root:2021-07-26-13--58--42 Bounding Box Drawn
INFO:root:2021-07-26-13--58--42 MovingFrameQueue Appended
INFO:root:2021-07-26-13--58--42 anomallyFrameTracker resetted to 200
INFO:root:2021-07-26-13--58--42 Colour Conversion Completed
INFO:root:2021-07-26-13--58--42 Sleep Check Completed
INFO:root:2021-07-26-13--58--42 Frame manipulations completed
INFO:root:2021-07-26-13--58--42 Bounding Box Drawn
INFO:root:2021-07-26-13--58--42 MovingFrameQueue Popped
INFO:root:2021-07-26-13--58--42 anomallyFrameTracker resetted to 200
INFO:root:2021-07-26-13--58--42 Colour Conversion Completed
INFO:root:2021-07-26-13--58--42 Sleep Check Completed
INFO:root:2021-07-26-13--58--42 Frame manipulations completed
INFO:root:2021-07-26-13--58--42 Bounding Box Drawn
INFO:root:2021-07-26-13--58--43 MovingFrameQueue Appended
INFO:root:2021-07-26-13--58--43 anomallyFrameTracker resetted to 200
INFO:root:2021-07-26-13--58--43 Colour Conversion Completed
INFO:root:2021-07-26-13--58--43 Sleep Check Completed
INFO:root:2021-07-26-13--58--43 Frame manipulations completed
INFO:root:2021-07-26-13--58--43 Bounding Box Drawn
INFO:root:2021-07-26-13--58--43 MovingFrameQueue Popped
INFO:root:2021-07-26-13--58--43 anomallyFrameTracker resetted to 200
INFO:root:2021-07-26-13--58--43 Colour Conversion Completed
INFO:root:2021-07-26-13--58--43 Sleep Check Completed
INFO:root:2021-07-26-13--58--43 Frame manipulations completed
INFO:root:2021-07-26-13--58--43 Bounding Box Drawn
INFO:root:2021-07-26-13--58--43 MovingFrameQueue Appended
INFO:root:2021-07-26-13--58--43 anomallyFrameTracker resetted to 200
INFO:root:2021-07-26-13--58--43 Colour Conversion Completed
INFO:root:2021-07-26-13--58--43 Sleep Check Completed
INFO:root:2021-07-26-13--58--43 Frame manipulations completed
INFO:root:2021-07-26-13--58--43 Bounding Box Drawn
INFO:root:2021-07-26-13--58--43 MovingFrameQueue Popped
INFO:root:2021-07-26-13--58--43 anomallyFrameTracker resetted to 200
INFO:root:2021-07-26-13--58--43 Colour Conversion Completed
INFO:root:2021-07-26-13--58--43 Sleep Check Completed
INFO:root:2021-07-26-13--58--43 Frame manipulations completed
INFO:root:2021-07-26-13--58--43 Bounding Box Drawn
INFO:root:2021-07-26-13--58--43 MovingFrameQueue Appended
INFO:root:2021-07-26-13--58--43 anomallyFrameTracker resetted to 200
INFO:root:2021-07-26-13--58--43 Colour Conversion Completed
INFO:root:2021-07-26-13--58--44 Sleep Check Completed
INFO:root:2021-07-26-13--58--44 Frame manipulations completed
INFO:root:2021-07-26-13--58--44 Bounding Box Drawn
INFO:root:2021-07-26-13--58--44 MovingFrameQueue Popped
INFO:root:2021-07-26-13--58--44 anomallyFrameTracker resetted to 200
INFO:root:2021-07-26-13--58--44 Colour Conversion Completed
INFO:root:2021-07-26-13--58--44 Sleep Check Completed
INFO:root:2021-07-26-13--58--44 Frame manipulations completed
INFO:root:2021-07-26-13--58--44 Bounding Box Drawn
INFO:root:2021-07-26-13--58--44 MovingFrameQueue Appended
INFO:root:2021-07-26-13--58--44 anomallyFrameTracker resetted to 200
INFO:root:2021-07-26-13--58--44 Colour Conversion Completed
INFO:root:2021-07-26-13--58--44 Sleep Check Completed
INFO:root:2021-07-26-13--58--44 Frame manipulations completed
INFO:root:2021-07-26-13--58--44 Bounding Box Drawn
INFO:root:2021-07-26-13--58--44 MovingFrameQueue Popped
INFO:root:2021-07-26-13--58--44 anomallyFrameTracker resetted to 200
INFO:root:2021-07-26-13--58--44 Colour Conversion Completed
INFO:root:2021-07-26-13--58--44 Sleep Check Completed
INFO:root:2021-07-26-13--58--44 Frame manipulations completed
INFO:root:2021-07-26-13--58--44 Bounding Box Drawn
INFO:root:2021-07-26-13--58--44 MovingFrameQueue Appended
INFO:root:2021-07-26-13--58--44 anomallyFrameTracker resetted to 200
INFO:root:2021-07-26-13--58--44 Colour Conversion Completed
INFO:root:2021-07-26-13--58--44 Sleep Check Completed
INFO:root:2021-07-26-13--58--44 Frame manipulations completed
INFO:root:2021-07-26-13--58--44 Bounding Box Drawn
INFO:root:2021-07-26-13--58--44 MovingFrameQueue Popped
INFO:root:2021-07-26-13--58--44 anomallyFrameTracker resetted to 200
INFO:root:2021-07-26-13--58--44 Colour Conversion Completed
INFO:root:2021-07-26-13--58--45 Sleep Check Completed
INFO:root:2021-07-26-13--58--45 Frame manipulations completed
INFO:root:2021-07-26-13--58--45 Bounding Box Drawn
INFO:root:2021-07-26-13--58--45 MovingFrameQueue Appended
INFO:root:2021-07-26-13--58--45 anomallyFrameTracker resetted to 200
INFO:root:2021-07-26-13--58--45 Colour Conversion Completed
INFO:root:2021-07-26-13--58--45 Sleep Check Completed
INFO:root:2021-07-26-13--58--45 Frame manipulations completed
INFO:root:2021-07-26-13--58--45 Bounding Box Drawn
INFO:root:2021-07-26-13--58--45 MovingFrameQueue Popped
INFO:root:2021-07-26-13--58--45 anomallyFrameTracker resetted to 200
INFO:root:2021-07-26-13--58--45 Colour Conversion Completed
INFO:root:2021-07-26-13--58--45 Sleep Check Completed
INFO:root:2021-07-26-13--58--45 Frame manipulations completed
INFO:root:2021-07-26-13--58--45 Bounding Box Drawn
INFO:root:2021-07-26-13--58--45 MovingFrameQueue Appended
INFO:root:2021-07-26-13--58--45 anomallyFrameTracker resetted to 200
INFO:root:2021-07-26-13--58--45 Colour Conversion Completed
INFO:root:2021-07-26-13--58--45 Sleep Check Completed
INFO:root:2021-07-26-13--58--45 Frame manipulations completed
INFO:root:2021-07-26-13--58--45 Bounding Box Drawn
INFO:root:2021-07-26-13--58--45 MovingFrameQueue Popped
INFO:root:2021-07-26-13--58--45 anomallyFrameTracker resetted to 200
INFO:root:2021-07-26-13--58--45 Colour Conversion Completed
INFO:root:2021-07-26-13--58--45 Sleep Check Completed
INFO:root:2021-07-26-13--58--45 Frame manipulations completed
INFO:root:2021-07-26-13--58--45 Bounding Box Drawn
INFO:root:2021-07-26-13--58--45 MovingFrameQueue Appended
INFO:root:2021-07-26-13--58--45 anomallyFrameTracker resetted to 200
INFO:root:2021-07-26-13--58--45 Colour Conversion Completed
INFO:root:2021-07-26-13--58--45 Sleep Check Completed
INFO:root:2021-07-26-13--58--45 Frame manipulations completed
INFO:root:2021-07-26-13--58--45 Bounding Box Drawn
INFO:root:2021-07-26-13--58--46 MovingFrameQueue Popped
INFO:root:2021-07-26-13--58--46 anomallyFrameTracker resetted to 200
INFO:root:2021-07-26-13--58--46 Colour Conversion Completed
INFO:root:2021-07-26-13--58--46 Sleep Check Completed
INFO:root:2021-07-26-13--58--46 Frame manipulations completed
INFO:root:2021-07-26-13--58--46 Bounding Box Drawn
INFO:root:2021-07-26-13--58--46 MovingFrameQueue Appended
INFO:root:2021-07-26-13--58--46 anomallyFrameTracker resetted to 200
INFO:root:2021-07-26-13--58--46 Colour Conversion Completed
INFO:root:2021-07-26-13--58--46 Sleep Check Completed
INFO:root:2021-07-26-13--58--46 Frame manipulations completed
INFO:root:2021-07-26-13--58--46 Bounding Box Drawn
INFO:root:2021-07-26-13--58--46 MovingFrameQueue Popped
INFO:root:2021-07-26-13--58--46 anomallyFrameTracker resetted to 200
INFO:root:2021-07-26-13--58--46 Colour Conversion Completed
INFO:root:2021-07-26-13--58--46 Sleep Check Completed
INFO:root:2021-07-26-13--58--46 Frame manipulations completed
INFO:root:2021-07-26-13--58--46 Bounding Box Drawn
INFO:root:2021-07-26-13--58--46 MovingFrameQueue Appended
INFO:root:2021-07-26-13--58--46 anomallyFrameTracker resetted to 200
INFO:root:2021-07-26-13--58--46 Colour Conversion Completed
INFO:root:2021-07-26-13--58--46 Sleep Check Completed
INFO:root:2021-07-26-13--58--46 Frame manipulations completed
INFO:root:2021-07-26-13--58--46 Bounding Box Drawn
INFO:root:2021-07-26-13--58--46 MovingFrameQueue Popped
INFO:root:2021-07-26-13--58--46 anomallyFrameTracker resetted to 200
INFO:root:2021-07-26-13--58--46 Colour Conversion Completed
INFO:root:2021-07-26-13--58--46 Sleep Check Completed
INFO:root:2021-07-26-13--58--46 Frame manipulations completed
INFO:root:2021-07-26-13--58--46 Bounding Box Drawn
INFO:root:2021-07-26-13--58--46 MovingFrameQueue Appended
INFO:root:2021-07-26-13--58--46 anomallyFrameTracker resetted to 200
INFO:root:2021-07-26-13--58--47 Colour Conversion Completed
INFO:root:2021-07-26-13--58--47 Sleep Check Completed
INFO:root:2021-07-26-13--58--47 Frame manipulations completed
INFO:root:2021-07-26-13--58--47 Bounding Box Drawn
INFO:root:2021-07-26-13--58--47 MovingFrameQueue Popped
INFO:root:2021-07-26-13--58--47 anomallyFrameTracker resetted to 200
INFO:root:2021-07-26-13--58--47 Colour Conversion Completed
INFO:root:2021-07-26-13--58--47 Sleep Check Completed
INFO:root:2021-07-26-13--58--47 Frame manipulations completed
INFO:root:2021-07-26-13--58--47 Bounding Box Drawn
INFO:root:2021-07-26-13--58--47 MovingFrameQueue Appended
INFO:root:2021-07-26-13--58--47 anomallyFrameTracker resetted to 200
INFO:root:2021-07-26-13--58--47 Colour Conversion Completed
INFO:root:2021-07-26-13--58--47 Sleep Check Completed
INFO:root:2021-07-26-13--58--47 Frame manipulations completed
INFO:root:2021-07-26-13--58--47 Bounding Box Drawn
INFO:root:2021-07-26-13--58--47 MovingFrameQueue Popped
INFO:root:2021-07-26-13--58--47 anomallyFrameTracker resetted to 200
INFO:root:2021-07-26-13--58--47 Colour Conversion Completed
INFO:root:2021-07-26-13--58--47 Sleep Check Completed
INFO:root:2021-07-26-13--58--47 Frame manipulations completed
INFO:root:2021-07-26-13--58--47 Bounding Box Drawn
INFO:root:2021-07-26-13--58--47 MovingFrameQueue Appended
INFO:root:2021-07-26-13--58--47 anomallyFrameTracker resetted to 200
INFO:root:2021-07-26-13--58--47 Colour Conversion Completed
INFO:root:2021-07-26-13--58--47 Sleep Check Completed
INFO:root:2021-07-26-13--58--47 Frame manipulations completed
INFO:root:2021-07-26-13--58--47 Bounding Box Drawn
INFO:root:2021-07-26-13--58--47 MovingFrameQueue Popped
INFO:root:2021-07-26-13--58--47 anomallyFrameTracker resetted to 200
INFO:root:2021-07-26-13--58--47 Colour Conversion Completed
INFO:root:2021-07-26-13--58--47 Sleep Check Completed
INFO:root:2021-07-26-13--58--47 Frame manipulations completed
INFO:root:2021-07-26-13--58--47 Bounding Box Drawn
INFO:root:2021-07-26-13--58--48 MovingFrameQueue Appended
INFO:root:2021-07-26-13--58--48 anomallyFrameTracker resetted to 200
INFO:root:2021-07-26-13--58--48 Colour Conversion Completed
INFO:root:2021-07-26-13--58--48 Sleep Check Completed
INFO:root:2021-07-26-13--58--48 Frame manipulations completed
INFO:root:2021-07-26-13--58--48 Bounding Box Drawn
INFO:root:2021-07-26-13--58--48 MovingFrameQueue Popped
INFO:root:2021-07-26-13--58--48 anomallyFrameTracker resetted to 200
INFO:root:2021-07-26-13--58--48 Colour Conversion Completed
INFO:root:2021-07-26-13--58--48 Sleep Check Completed
INFO:root:2021-07-26-13--58--48 Frame manipulations completed
INFO:root:2021-07-26-13--58--48 Bounding Box Drawn
INFO:root:2021-07-26-13--58--48 MovingFrameQueue Appended
INFO:root:2021-07-26-13--58--48 anomallyFrameTracker resetted to 200
INFO:root:2021-07-26-13--58--48 Colour Conversion Completed
INFO:root:2021-07-26-13--58--48 Sleep Check Completed
INFO:root:2021-07-26-13--58--48 Frame manipulations completed
INFO:root:2021-07-26-13--58--48 Bounding Box Drawn
INFO:root:2021-07-26-13--58--48 MovingFrameQueue Popped
INFO:root:2021-07-26-13--58--48 anomallyFrameTracker resetted to 200
INFO:root:2021-07-26-13--58--48 Colour Conversion Completed
INFO:root:2021-07-26-13--58--48 Sleep Check Completed
INFO:root:2021-07-26-13--58--48 Frame manipulations completed
INFO:root:2021-07-26-13--58--48 Bounding Box Drawn
INFO:root:2021-07-26-13--58--48 MovingFrameQueue Appended
INFO:root:2021-07-26-13--58--48 anomallyFrameTracker resetted to 200
INFO:root:2021-07-26-13--58--48 Colour Conversion Completed
INFO:root:2021-07-26-13--58--48 Sleep Check Completed
INFO:root:2021-07-26-13--58--48 Frame manipulations completed
INFO:root:2021-07-26-13--58--48 Bounding Box Drawn
INFO:root:2021-07-26-13--58--48 MovingFrameQueue Popped
INFO:root:2021-07-26-13--58--48 anomallyFrameTracker resetted to 200
INFO:root:2021-07-26-13--58--48 Colour Conversion Completed
INFO:root:2021-07-26-13--58--48 Sleep Check Completed
INFO:root:2021-07-26-13--58--48 Frame manipulations completed
INFO:root:2021-07-26-13--58--48 Bounding Box Drawn
INFO:root:2021-07-26-13--58--49 MovingFrameQueue Appended
INFO:root:2021-07-26-13--58--49 anomallyFrameTracker resetted to 200
INFO:root:2021-07-26-13--58--49 Colour Conversion Completed
INFO:root:2021-07-26-13--58--49 Sleep Check Completed
INFO:root:2021-07-26-13--58--49 Frame manipulations completed
INFO:root:2021-07-26-13--58--49 Bounding Box Drawn
INFO:root:2021-07-26-13--58--49 MovingFrameQueue Popped
INFO:root:2021-07-26-13--58--49 anomallyFrameTracker resetted to 200
INFO:root:2021-07-26-13--58--49 Colour Conversion Completed
INFO:root:2021-07-26-13--58--49 Sleep Check Completed
INFO:root:2021-07-26-13--58--49 Frame manipulations completed
INFO:root:2021-07-26-13--58--49 Bounding Box Drawn
INFO:root:2021-07-26-13--58--49 MovingFrameQueue Appended
INFO:root:2021-07-26-13--58--49 anomallyFrameTracker resetted to 200
INFO:root:2021-07-26-13--58--49 Colour Conversion Completed
INFO:root:2021-07-26-13--58--49 Sleep Check Completed
INFO:root:2021-07-26-13--58--49 Frame manipulations completed
INFO:root:2021-07-26-13--58--49 Bounding Box Drawn
INFO:root:2021-07-26-13--58--49 MovingFrameQueue Popped
INFO:root:2021-07-26-13--58--49 anomallyFrameTracker resetted to 200
INFO:root:2021-07-26-13--58--49 Colour Conversion Completed
INFO:root:2021-07-26-13--58--49 Sleep Check Completed
INFO:root:2021-07-26-13--58--49 Frame manipulations completed
INFO:root:2021-07-26-13--58--49 Bounding Box Drawn
INFO:root:2021-07-26-13--58--49 MovingFrameQueue Appended
INFO:root:2021-07-26-13--58--49 anomallyFrameTracker resetted to 200
INFO:root:2021-07-26-13--58--49 Colour Conversion Completed
INFO:root:2021-07-26-13--58--49 Sleep Check Completed
INFO:root:2021-07-26-13--58--49 Frame manipulations completed
INFO:root:2021-07-26-13--58--49 Bounding Box Drawn
INFO:root:2021-07-26-13--58--49 MovingFrameQueue Popped
INFO:root:2021-07-26-13--58--49 anomallyFrameTracker resetted to 200
INFO:root:2021-07-26-13--58--49 Colour Conversion Completed
INFO:root:2021-07-26-13--58--49 Sleep Check Completed
INFO:root:2021-07-26-13--58--49 Frame manipulations completed
INFO:root:2021-07-26-13--58--49 Bounding Box Drawn
INFO:root:2021-07-26-13--58--49 MovingFrameQueue Appended
INFO:root:2021-07-26-13--58--49 anomallyFrameTracker resetted to 200
INFO:root:2021-07-26-13--58--49 Colour Conversion Completed
INFO:root:2021-07-26-13--58--49 Sleep Check Completed
INFO:root:2021-07-26-13--58--49 Frame manipulations completed
INFO:root:2021-07-26-13--58--49 Bounding Box Drawn
INFO:root:2021-07-26-13--58--50 MovingFrameQueue Popped
INFO:root:2021-07-26-13--58--50 anomallyFrameTracker resetted to 200
INFO:root:2021-07-26-13--58--50 Colour Conversion Completed
INFO:root:2021-07-26-13--58--50 Sleep Check Completed
INFO:root:2021-07-26-13--58--50 Frame manipulations completed
INFO:root:2021-07-26-13--58--50 Bounding Box Drawn
INFO:root:2021-07-26-13--58--50 MovingFrameQueue Appended
INFO:root:2021-07-26-13--58--50 anomallyFrameTracker resetted to 200
INFO:root:2021-07-26-13--58--50 Colour Conversion Completed
INFO:root:2021-07-26-13--58--50 Sleep Check Completed
INFO:root:2021-07-26-13--58--50 Frame manipulations completed
INFO:root:2021-07-26-13--58--50 Bounding Box Drawn
INFO:root:2021-07-26-13--58--50 MovingFrameQueue Popped
INFO:root:2021-07-26-13--58--50 anomallyFrameTracker resetted to 200
INFO:root:2021-07-26-13--58--50 Colour Conversion Completed
INFO:root:2021-07-26-13--58--50 Sleep Check Completed
INFO:root:2021-07-26-13--58--50 Frame manipulations completed
INFO:root:2021-07-26-13--58--50 Bounding Box Drawn
INFO:root:2021-07-26-13--58--50 MovingFrameQueue Appended
INFO:root:2021-07-26-13--58--50 anomallyFrameTracker resetted to 200
INFO:root:2021-07-26-13--58--50 Colour Conversion Completed
INFO:root:2021-07-26-13--58--50 Sleep Check Completed
INFO:root:2021-07-26-13--58--50 Frame manipulations completed
INFO:root:2021-07-26-13--58--50 Bounding Box Drawn
INFO:root:2021-07-26-13--58--50 MovingFrameQueue Popped
INFO:root:2021-07-26-13--58--50 anomallyFrameTracker resetted to 200
INFO:root:2021-07-26-13--58--50 Colour Conversion Completed
INFO:root:2021-07-26-13--58--50 Sleep Check Completed
INFO:root:2021-07-26-13--58--50 Frame manipulations completed
INFO:root:2021-07-26-13--58--50 Bounding Box Drawn
INFO:root:2021-07-26-13--58--50 MovingFrameQueue Appended
INFO:root:2021-07-26-13--58--50 anomallyFrameTracker resetted to 200
INFO:root:2021-07-26-13--58--50 Colour Conversion Completed
INFO:root:2021-07-26-13--58--50 Sleep Check Completed
INFO:root:2021-07-26-13--58--50 Frame manipulations completed
INFO:root:2021-07-26-13--58--50 Bounding Box Drawn
INFO:root:2021-07-26-13--58--50 MovingFrameQueue Popped
INFO:root:2021-07-26-13--58--50 anomallyFrameTracker resetted to 200
INFO:root:2021-07-26-13--58--50 Colour Conversion Completed
INFO:root:2021-07-26-13--58--50 Sleep Check Completed
INFO:root:2021-07-26-13--58--50 Frame manipulations completed
INFO:root:2021-07-26-13--58--50 Bounding Box Drawn
INFO:root:2021-07-26-13--58--51 MovingFrameQueue Appended
INFO:root:2021-07-26-13--58--51 anomallyFrameTracker resetted to 200
INFO:root:2021-07-26-13--58--51 Colour Conversion Completed
INFO:root:2021-07-26-13--58--51 Sleep Check Completed
INFO:root:2021-07-26-13--58--51 Frame manipulations completed
INFO:root:2021-07-26-13--58--51 Bounding Box Drawn
INFO:root:2021-07-26-13--58--51 MovingFrameQueue Popped
INFO:root:2021-07-26-13--58--51 anomallyFrameTracker resetted to 200
INFO:root:2021-07-26-13--58--51 Colour Conversion Completed
INFO:root:2021-07-26-13--58--51 Sleep Check Completed
INFO:root:2021-07-26-13--58--51 Frame manipulations completed
INFO:root:2021-07-26-13--58--51 Bounding Box Drawn
INFO:root:2021-07-26-13--58--51 MovingFrameQueue Appended
INFO:root:2021-07-26-13--58--51 anomallyFrameTracker resetted to 200
INFO:root:2021-07-26-13--58--51 Colour Conversion Completed
INFO:root:2021-07-26-13--58--51 Sleep Check Completed
INFO:root:2021-07-26-13--58--51 Frame manipulations completed
INFO:root:2021-07-26-13--58--51 Bounding Box Drawn
INFO:root:2021-07-26-13--58--51 MovingFrameQueue Popped
INFO:root:2021-07-26-13--58--51 anomallyFrameTracker resetted to 200
INFO:root:2021-07-26-13--58--51 Colour Conversion Completed
INFO:root:2021-07-26-13--58--51 Sleep Check Completed
INFO:root:2021-07-26-13--58--51 Frame manipulations completed
INFO:root:2021-07-26-13--58--51 Bounding Box Drawn
INFO:root:2021-07-26-13--58--51 MovingFrameQueue Appended
INFO:root:2021-07-26-13--58--51 anomallyFrameTracker resetted to 200
INFO:root:2021-07-26-13--58--51 Colour Conversion Completed
INFO:root:2021-07-26-13--58--51 Sleep Check Completed
INFO:root:2021-07-26-13--58--51 Frame manipulations completed
INFO:root:2021-07-26-13--58--51 Bounding Box Drawn
INFO:root:2021-07-26-13--58--51 MovingFrameQueue Popped
INFO:root:2021-07-26-13--58--51 anomallyFrameTracker resetted to 200
INFO:root:2021-07-26-13--58--51 Colour Conversion Completed
INFO:root:2021-07-26-13--58--51 Sleep Check Completed
INFO:root:2021-07-26-13--58--51 Frame manipulations completed
INFO:root:2021-07-26-13--58--51 Bounding Box Drawn
INFO:root:2021-07-26-13--58--51 MovingFrameQueue Appended
INFO:root:2021-07-26-13--58--51 anomallyFrameTracker resetted to 200
INFO:root:2021-07-26-13--58--51 Colour Conversion Completed
INFO:root:2021-07-26-13--58--51 Sleep Check Completed
INFO:root:2021-07-26-13--58--51 Frame manipulations completed
INFO:root:2021-07-26-13--58--51 Bounding Box Drawn
INFO:root:2021-07-26-13--58--52 MovingFrameQueue Popped
INFO:root:2021-07-26-13--58--52 anomallyFrameTracker resetted to 200
INFO:root:2021-07-26-13--58--52 Colour Conversion Completed
INFO:root:2021-07-26-13--58--52 Sleep Check Completed
INFO:root:2021-07-26-13--58--52 Frame manipulations completed
INFO:root:2021-07-26-13--58--52 Bounding Box Drawn
INFO:root:2021-07-26-13--58--52 MovingFrameQueue Appended
INFO:root:2021-07-26-13--58--52 anomallyFrameTracker resetted to 200
INFO:root:2021-07-26-13--58--52 Colour Conversion Completed
INFO:root:2021-07-26-13--58--52 Sleep Check Completed
INFO:root:2021-07-26-13--58--52 Frame manipulations completed
INFO:root:2021-07-26-13--58--52 Bounding Box Drawn
INFO:root:2021-07-26-13--58--52 MovingFrameQueue Popped
INFO:root:2021-07-26-13--58--52 anomallyFrameTracker resetted to 200
INFO:root:2021-07-26-13--58--52 Colour Conversion Completed
INFO:root:2021-07-26-13--58--52 Sleep Check Completed
INFO:root:2021-07-26-13--58--52 Frame manipulations completed
INFO:root:2021-07-26-13--58--52 Bounding Box Drawn
INFO:root:2021-07-26-13--58--52 MovingFrameQueue Appended
INFO:root:2021-07-26-13--58--52 anomallyFrameTracker resetted to 200
INFO:root:2021-07-26-13--58--52 Colour Conversion Completed
INFO:root:2021-07-26-13--58--52 Sleep Check Completed
INFO:root:2021-07-26-13--58--52 Frame manipulations completed
INFO:root:2021-07-26-13--58--52 Bounding Box Drawn
INFO:root:2021-07-26-13--58--52 MovingFrameQueue Popped
INFO:root:2021-07-26-13--58--52 anomallyFrameTracker resetted to 200
INFO:root:2021-07-26-13--58--52 Colour Conversion Completed
INFO:root:2021-07-26-13--58--52 Sleep Check Completed
INFO:root:2021-07-26-13--58--52 Frame manipulations completed
INFO:root:2021-07-26-13--58--52 Bounding Box Drawn
INFO:root:2021-07-26-13--58--52 MovingFrameQueue Appended
INFO:root:2021-07-26-13--58--52 anomallyFrameTracker resetted to 200
INFO:root:2021-07-26-13--58--52 Colour Conversion Completed
INFO:root:2021-07-26-13--58--52 Sleep Check Completed
INFO:root:2021-07-26-13--58--52 Frame manipulations completed
INFO:root:2021-07-26-13--58--52 Bounding Box Drawn
INFO:root:2021-07-26-13--58--52 MovingFrameQueue Popped
INFO:root:2021-07-26-13--58--52 anomallyFrameTracker resetted to 200
INFO:root:2021-07-26-13--58--52 Colour Conversion Completed
INFO:root:2021-07-26-13--58--52 Sleep Check Completed
INFO:root:2021-07-26-13--58--52 Frame manipulations completed
INFO:root:2021-07-26-13--58--52 Bounding Box Drawn
INFO:root:2021-07-26-13--58--53 MovingFrameQueue Appended
INFO:root:2021-07-26-13--58--53 anomallyFrameTracker resetted to 200
INFO:root:2021-07-26-13--58--53 Colour Conversion Completed
INFO:root:2021-07-26-13--58--53 Sleep Check Completed
INFO:root:2021-07-26-13--58--53 Frame manipulations completed
INFO:root:2021-07-26-13--58--53 Bounding Box Drawn
INFO:root:2021-07-26-13--58--53 MovingFrameQueue Popped
INFO:root:2021-07-26-13--58--53 anomallyFrameTracker resetted to 200
INFO:root:2021-07-26-13--58--53 Colour Conversion Completed
INFO:root:2021-07-26-13--58--53 Sleep Check Completed
INFO:root:2021-07-26-13--58--53 Frame manipulations completed
INFO:root:2021-07-26-13--58--53 Bounding Box Drawn
INFO:root:2021-07-26-13--58--53 MovingFrameQueue Appended
INFO:root:2021-07-26-13--58--53 anomallyFrameTracker resetted to 200
INFO:root:2021-07-26-13--58--53 Colour Conversion Completed
INFO:root:2021-07-26-13--58--53 Sleep Check Completed
INFO:root:2021-07-26-13--58--53 Frame manipulations completed
INFO:root:2021-07-26-13--58--53 Bounding Box Drawn
INFO:root:2021-07-26-13--58--53 MovingFrameQueue Popped
INFO:root:2021-07-26-13--58--53 anomallyFrameTracker resetted to 200
INFO:root:2021-07-26-13--58--53 Colour Conversion Completed
INFO:root:2021-07-26-13--58--53 Sleep Check Completed
INFO:root:2021-07-26-13--58--53 Frame manipulations completed
INFO:root:2021-07-26-13--58--53 Bounding Box Drawn
INFO:root:2021-07-26-13--58--53 MovingFrameQueue Appended
INFO:root:2021-07-26-13--58--53 anomallyFrameTracker resetted to 200
INFO:root:2021-07-26-13--58--53 Colour Conversion Completed
INFO:root:2021-07-26-13--58--53 Sleep Check Completed
INFO:root:2021-07-26-13--58--53 Frame manipulations completed
INFO:root:2021-07-26-13--58--53 Bounding Box Drawn
INFO:root:2021-07-26-13--58--53 MovingFrameQueue Popped
INFO:root:2021-07-26-13--58--53 anomallyFrameTracker resetted to 200
INFO:root:2021-07-26-13--58--53 Colour Conversion Completed
INFO:root:2021-07-26-13--58--53 Sleep Check Completed
INFO:root:2021-07-26-13--58--53 Frame manipulations completed
INFO:root:2021-07-26-13--58--53 Bounding Box Drawn
INFO:root:2021-07-26-13--58--54 MovingFrameQueue Appended
INFO:root:2021-07-26-13--58--54 anomallyFrameTracker resetted to 200
INFO:root:2021-07-26-13--58--54 Colour Conversion Completed
INFO:root:2021-07-26-13--58--54 Sleep Check Completed
INFO:root:2021-07-26-13--58--54 Frame manipulations completed
INFO:root:2021-07-26-13--58--54 Bounding Box Drawn
INFO:root:2021-07-26-13--58--54 MovingFrameQueue Popped
INFO:root:2021-07-26-13--58--54 anomallyFrameTracker resetted to 200
INFO:root:2021-07-26-13--58--54 Colour Conversion Completed
INFO:root:2021-07-26-13--58--54 Sleep Check Completed
INFO:root:2021-07-26-13--58--54 Frame manipulations completed
INFO:root:2021-07-26-13--58--54 Bounding Box Drawn
INFO:root:2021-07-26-13--58--54 MovingFrameQueue Appended
INFO:root:2021-07-26-13--58--54 anomallyFrameTracker resetted to 200
INFO:root:2021-07-26-13--58--54 Colour Conversion Completed
INFO:root:2021-07-26-13--58--54 Sleep Check Completed
INFO:root:2021-07-26-13--58--54 Frame manipulations completed
INFO:root:2021-07-26-13--58--54 Bounding Box Drawn
INFO:root:2021-07-26-13--58--54 MovingFrameQueue Popped
INFO:root:2021-07-26-13--58--54 anomallyFrameTracker resetted to 200
INFO:root:2021-07-26-13--58--54 Colour Conversion Completed
INFO:root:2021-07-26-13--58--54 Sleep Check Completed
INFO:root:2021-07-26-13--58--54 Frame manipulations completed
INFO:root:2021-07-26-13--58--54 Bounding Box Drawn
INFO:root:2021-07-26-13--58--54 MovingFrameQueue Appended
INFO:root:2021-07-26-13--58--54 anomallyFrameTracker resetted to 200
INFO:root:2021-07-26-13--58--54 Colour Conversion Completed
INFO:root:2021-07-26-13--58--54 Sleep Check Completed
INFO:root:2021-07-26-13--58--54 Frame manipulations completed
INFO:root:2021-07-26-13--58--54 Bounding Box Drawn
INFO:root:2021-07-26-13--58--54 MovingFrameQueue Popped
INFO:root:2021-07-26-13--58--54 anomallyFrameTracker resetted to 200
INFO:root:2021-07-26-13--58--54 Colour Conversion Completed
INFO:root:2021-07-26-13--58--54 Sleep Check Completed
INFO:root:2021-07-26-13--58--54 Frame manipulations completed
INFO:root:2021-07-26-13--58--54 Bounding Box Drawn
INFO:root:2021-07-26-13--58--55 MovingFrameQueue Appended
INFO:root:2021-07-26-13--58--55 anomallyFrameTracker resetted to 200
INFO:root:2021-07-26-13--58--55 Colour Conversion Completed
INFO:root:2021-07-26-13--58--55 Sleep Check Completed
INFO:root:2021-07-26-13--58--55 Frame manipulations completed
INFO:root:2021-07-26-13--58--55 Bounding Box Drawn
INFO:root:2021-07-26-13--58--55[INFO] elapsed time: 40.60
INFO:root:2021-07-26-13--58--55[INFO] approx. FPS: 5.30
INFO:root:2021-07-26-13--58--55 Getting Auth Token Success
INFO:root:2021-07-26-13--58--55 BedTime Upload Completed
