INFO:root:2021-07-27-10--45--22 Parameter Generation Success
INFO:root:2021-07-27-10--45--22 Colour Conversion Completed
INFO:root:2021-07-27-10--45--22 Sleep Check Completed
INFO:root:2021-07-27-10--45--22 Frame manipulations completed
INFO:root:2021-07-27-10--45--22 Bounding Box Drawn
INFO:root:2021-07-27-10--45--28 MovingFrameQueue Appended
INFO:root:2021-07-27-10--45--28 anomallyFrameTracker resetted to 200
INFO:root:2021-07-27-10--45--28 Colour Conversion Completed
INFO:root:2021-07-27-10--45--28 Sleep Check Completed
INFO:root:2021-07-27-10--45--28 Frame manipulations completed
INFO:root:2021-07-27-10--45--28 Bounding Box Drawn
INFO:root:2021-07-27-10--45--28 MovingFrameQueue Appended
INFO:root:2021-07-27-10--45--28 anomallyFrameTracker resetted to 200
INFO:root:2021-07-27-10--45--28 Colour Conversion Completed
INFO:root:2021-07-27-10--45--28 Sleep Check Completed
INFO:root:2021-07-27-10--45--28 Frame manipulations completed
INFO:root:2021-07-27-10--45--28 Bounding Box Drawn
INFO:root:2021-07-27-10--45--28 MovingFrameQueue Appended
INFO:root:2021-07-27-10--45--28 anomallyFrameTracker resetted to 200
INFO:root:2021-07-27-10--45--28 Colour Conversion Completed
INFO:root:2021-07-27-10--45--28 Sleep Check Completed
INFO:root:2021-07-27-10--45--28 Frame manipulations completed
INFO:root:2021-07-27-10--45--28 Bounding Box Drawn
INFO:root:2021-07-27-10--45--28 MovingFrameQueue Appended
INFO:root:2021-07-27-10--45--28 anomallyFrameTracker resetted to 200
INFO:root:2021-07-27-10--45--28 Colour Conversion Completed
INFO:root:2021-07-27-10--45--28 Sleep Check Completed
INFO:root:2021-07-27-10--45--28 Frame manipulations completed
INFO:root:2021-07-27-10--45--28 Bounding Box Drawn
INFO:root:2021-07-27-10--45--28 MovingFrameQueue Appended
INFO:root:2021-07-27-10--45--28 anomallyFrameTracker resetted to 200
INFO:root:2021-07-27-10--45--28 Colour Conversion Completed
INFO:root:2021-07-27-10--45--28 Sleep Check Completed
INFO:root:2021-07-27-10--45--28 Frame manipulations completed
INFO:root:2021-07-27-10--45--28 Bounding Box Drawn
INFO:root:2021-07-27-10--45--28 MovingFrameQueue Appended
INFO:root:2021-07-27-10--45--28 anomallyFrameTracker resetted to 200
INFO:root:2021-07-27-10--45--28 Colour Conversion Completed
INFO:root:2021-07-27-10--45--28 Sleep Check Completed
INFO:root:2021-07-27-10--45--28 Frame manipulations completed
INFO:root:2021-07-27-10--45--28 Bounding Box Drawn
INFO:root:2021-07-27-10--45--29 MovingFrameQueue Appended
INFO:root:2021-07-27-10--45--29 anomallyFrameTracker resetted to 200
INFO:root:2021-07-27-10--45--29 Colour Conversion Completed
INFO:root:2021-07-27-10--45--29 Sleep Check Completed
INFO:root:2021-07-27-10--45--29 Frame manipulations completed
INFO:root:2021-07-27-10--45--29 Bounding Box Drawn
INFO:root:2021-07-27-10--45--30 MovingFrameQueue Appended
INFO:root:2021-07-27-10--45--30 anomallyFrameTracker resetted to 200
INFO:root:2021-07-27-10--45--30 Colour Conversion Completed
INFO:root:2021-07-27-10--45--30 Sleep Check Completed
INFO:root:2021-07-27-10--45--30 Frame manipulations completed
INFO:root:2021-07-27-10--45--30 Bounding Box Drawn
INFO:root:2021-07-27-10--45--30 MovingFrameQueue Appended
INFO:root:2021-07-27-10--45--30 anomallyFrameTracker resetted to 200
INFO:root:2021-07-27-10--45--30 Colour Conversion Completed
INFO:root:2021-07-27-10--45--30 Sleep Check Completed
INFO:root:2021-07-27-10--45--30 Frame manipulations completed
INFO:root:2021-07-27-10--45--30 Bounding Box Drawn
INFO:root:2021-07-27-10--45--31 MovingFrameQueue Appended
INFO:root:2021-07-27-10--45--31 anomallyFrameTracker resetted to 200
INFO:root:2021-07-27-10--45--31 Colour Conversion Completed
INFO:root:2021-07-27-10--45--31 Sleep Check Completed
INFO:root:2021-07-27-10--45--31 Frame manipulations completed
INFO:root:2021-07-27-10--45--31 Bounding Box Drawn
INFO:root:2021-07-27-10--45--31 MovingFrameQueue Appended
INFO:root:2021-07-27-10--45--31 anomallyFrameTracker resetted to 200
INFO:root:2021-07-27-10--45--31 Colour Conversion Completed
INFO:root:2021-07-27-10--45--31 Sleep Check Completed
INFO:root:2021-07-27-10--45--31 Frame manipulations completed
INFO:root:2021-07-27-10--45--31 Bounding Box Drawn
INFO:root:2021-07-27-10--45--32 MovingFrameQueue Appended
INFO:root:2021-07-27-10--45--32 anomallyFrameTracker resetted to 200
INFO:root:2021-07-27-10--45--32 Colour Conversion Completed
INFO:root:2021-07-27-10--45--32 Sleep Check Completed
INFO:root:2021-07-27-10--45--32 Frame manipulations completed
INFO:root:2021-07-27-10--45--32 Bounding Box Drawn
INFO:root:2021-07-27-10--45--33 MovingFrameQueue Appended
INFO:root:2021-07-27-10--45--33 anomallyFrameTracker resetted to 200
INFO:root:2021-07-27-10--45--33 Colour Conversion Completed
INFO:root:2021-07-27-10--45--33 Sleep Check Completed
INFO:root:2021-07-27-10--45--33 Frame manipulations completed
INFO:root:2021-07-27-10--45--33 Bounding Box Drawn
INFO:root:2021-07-27-10--45--34 MovingFrameQueue Appended
INFO:root:2021-07-27-10--45--34 anomallyFrameTracker resetted to 200
INFO:root:2021-07-27-10--45--34 Colour Conversion Completed
INFO:root:2021-07-27-10--45--34 Sleep Check Completed
INFO:root:2021-07-27-10--45--34 Frame manipulations completed
INFO:root:2021-07-27-10--45--34 Bounding Box Drawn
INFO:root:2021-07-27-10--45--35 MovingFrameQueue Appended
INFO:root:2021-07-27-10--45--35 anomallyFrameTracker resetted to 200
INFO:root:2021-07-27-10--45--35 Colour Conversion Completed
INFO:root:2021-07-27-10--45--35 Sleep Check Completed
INFO:root:2021-07-27-10--45--35 Frame manipulations completed
INFO:root:2021-07-27-10--45--35 Bounding Box Drawn
INFO:root:2021-07-27-10--45--35 MovingFrameQueue Appended
INFO:root:2021-07-27-10--45--35 anomallyFrameTracker resetted to 200
INFO:root:2021-07-27-10--45--35 Colour Conversion Completed
INFO:root:2021-07-27-10--45--35 Sleep Check Completed
INFO:root:2021-07-27-10--45--35 Frame manipulations completed
INFO:root:2021-07-27-10--45--35 Bounding Box Drawn
INFO:root:2021-07-27-10--45--36 MovingFrameQueue Appended
INFO:root:2021-07-27-10--45--36 anomallyFrameTracker resetted to 200
INFO:root:2021-07-27-10--45--36 Colour Conversion Completed
INFO:root:2021-07-27-10--45--36 Sleep Check Completed
INFO:root:2021-07-27-10--45--36 Frame manipulations completed
INFO:root:2021-07-27-10--45--36 Bounding Box Drawn
INFO:root:2021-07-27-10--45--37 MovingFrameQueue Appended
INFO:root:2021-07-27-10--45--37 anomallyFrameTracker resetted to 200
INFO:root:2021-07-27-10--45--37 Colour Conversion Completed
INFO:root:2021-07-27-10--45--37 Sleep Check Completed
INFO:root:2021-07-27-10--45--37 Frame manipulations completed
INFO:root:2021-07-27-10--45--37 Bounding Box Drawn
INFO:root:2021-07-27-10--45--37 MovingFrameQueue Appended
INFO:root:2021-07-27-10--45--37 anomallyFrameTracker resetted to 200
INFO:root:2021-07-27-10--45--37 Colour Conversion Completed
INFO:root:2021-07-27-10--45--37 Sleep Check Completed
INFO:root:2021-07-27-10--45--37 Frame manipulations completed
INFO:root:2021-07-27-10--45--37 Bounding Box Drawn
INFO:root:2021-07-27-10--45--38 MovingFrameQueue Appended
INFO:root:2021-07-27-10--45--38 anomallyFrameTracker resetted to 200
INFO:root:2021-07-27-10--45--38 Colour Conversion Completed
INFO:root:2021-07-27-10--45--38 Sleep Check Completed
INFO:root:2021-07-27-10--45--38 Frame manipulations completed
INFO:root:2021-07-27-10--45--38 Bounding Box Drawn
INFO:root:2021-07-27-10--45--38 MovingFrameQueue Appended
INFO:root:2021-07-27-10--45--38 anomallyFrameTracker resetted to 200
INFO:root:2021-07-27-10--45--38 Colour Conversion Completed
INFO:root:2021-07-27-10--45--38 Sleep Check Completed
INFO:root:2021-07-27-10--45--38 Frame manipulations completed
INFO:root:2021-07-27-10--45--38 Bounding Box Drawn
INFO:root:2021-07-27-10--45--38 MovingFrameQueue Appended
INFO:root:2021-07-27-10--45--38 anomallyFrameTracker resetted to 200
INFO:root:2021-07-27-10--45--38 Colour Conversion Completed
INFO:root:2021-07-27-10--45--38 Sleep Check Completed
INFO:root:2021-07-27-10--45--38 Frame manipulations completed
INFO:root:2021-07-27-10--45--38 Bounding Box Drawn
INFO:root:2021-07-27-10--45--39 MovingFrameQueue Appended
INFO:root:2021-07-27-10--45--39 anomallyFrameTracker resetted to 200
INFO:root:2021-07-27-10--45--39 Colour Conversion Completed
INFO:root:2021-07-27-10--45--39 Sleep Check Completed
INFO:root:2021-07-27-10--45--39 Frame manipulations completed
INFO:root:2021-07-27-10--45--39 Bounding Box Drawn
INFO:root:2021-07-27-10--45--39 MovingFrameQueue Appended
INFO:root:2021-07-27-10--45--39 anomallyFrameTracker resetted to 200
INFO:root:2021-07-27-10--45--39 Colour Conversion Completed
INFO:root:2021-07-27-10--45--39 Sleep Check Completed
INFO:root:2021-07-27-10--45--39 Frame manipulations completed
INFO:root:2021-07-27-10--45--39 Bounding Box Drawn
INFO:root:2021-07-27-10--45--40 MovingFrameQueue Appended
INFO:root:2021-07-27-10--45--40 anomallyFrameTracker resetted to 200
INFO:root:2021-07-27-10--45--40 Colour Conversion Completed
INFO:root:2021-07-27-10--45--40 Sleep Check Completed
INFO:root:2021-07-27-10--45--40 Frame manipulations completed
INFO:root:2021-07-27-10--45--40 Bounding Box Drawn
INFO:root:2021-07-27-10--45--40 MovingFrameQueue Appended
INFO:root:2021-07-27-10--45--40 anomallyFrameTracker resetted to 200
INFO:root:2021-07-27-10--45--40 Colour Conversion Completed
INFO:root:2021-07-27-10--45--40 Sleep Check Completed
INFO:root:2021-07-27-10--45--40 Frame manipulations completed
INFO:root:2021-07-27-10--45--40 Bounding Box Drawn
INFO:root:2021-07-27-10--45--41 MovingFrameQueue Appended
INFO:root:2021-07-27-10--45--41 anomallyFrameTracker resetted to 200
INFO:root:2021-07-27-10--45--41 Colour Conversion Completed
INFO:root:2021-07-27-10--45--41 Sleep Check Completed
INFO:root:2021-07-27-10--45--41 Frame manipulations completed
INFO:root:2021-07-27-10--45--41 Bounding Box Drawn
INFO:root:2021-07-27-10--45--41 MovingFrameQueue Appended
INFO:root:2021-07-27-10--45--41 anomallyFrameTracker resetted to 200
INFO:root:2021-07-27-10--45--41 Colour Conversion Completed
INFO:root:2021-07-27-10--45--41 Sleep Check Completed
INFO:root:2021-07-27-10--45--41 Frame manipulations completed
INFO:root:2021-07-27-10--45--41 Bounding Box Drawn
INFO:root:2021-07-27-10--45--42 MovingFrameQueue Appended
INFO:root:2021-07-27-10--45--42 anomallyFrameTracker resetted to 200
INFO:root:2021-07-27-10--45--42 Colour Conversion Completed
INFO:root:2021-07-27-10--45--42 Sleep Check Completed
INFO:root:2021-07-27-10--45--42 Frame manipulations completed
INFO:root:2021-07-27-10--45--42 Bounding Box Drawn
INFO:root:2021-07-27-10--45--42 MovingFrameQueue Appended
INFO:root:2021-07-27-10--45--42 anomallyFrameTracker resetted to 200
INFO:root:2021-07-27-10--45--42 Colour Conversion Completed
INFO:root:2021-07-27-10--45--42 Sleep Check Completed
INFO:root:2021-07-27-10--45--42 Frame manipulations completed
INFO:root:2021-07-27-10--45--42 Bounding Box Drawn
INFO:root:2021-07-27-10--45--43 MovingFrameQueue Appended
INFO:root:2021-07-27-10--45--43 anomallyFrameTracker resetted to 200
INFO:root:2021-07-27-10--45--43 Colour Conversion Completed
INFO:root:2021-07-27-10--45--43 Sleep Check Completed
INFO:root:2021-07-27-10--45--43 Frame manipulations completed
INFO:root:2021-07-27-10--45--43 Bounding Box Drawn
INFO:root:2021-07-27-10--45--43 MovingFrameQueue Appended
INFO:root:2021-07-27-10--45--43 anomallyFrameTracker resetted to 200
INFO:root:2021-07-27-10--45--43 Colour Conversion Completed
INFO:root:2021-07-27-10--45--43 Sleep Check Completed
INFO:root:2021-07-27-10--45--43 Frame manipulations completed
INFO:root:2021-07-27-10--45--43 Bounding Box Drawn
INFO:root:2021-07-27-10--45--44 MovingFrameQueue Appended
INFO:root:2021-07-27-10--45--44 anomallyFrameTracker resetted to 200
INFO:root:2021-07-27-10--45--44 Colour Conversion Completed
INFO:root:2021-07-27-10--45--44 Sleep Check Completed
INFO:root:2021-07-27-10--45--44 Frame manipulations completed
INFO:root:2021-07-27-10--45--44 Bounding Box Drawn
INFO:root:2021-07-27-10--45--44 MovingFrameQueue Appended
INFO:root:2021-07-27-10--45--44 anomallyFrameTracker resetted to 200
INFO:root:2021-07-27-10--45--44 Colour Conversion Completed
INFO:root:2021-07-27-10--45--44 Sleep Check Completed
INFO:root:2021-07-27-10--45--44 Frame manipulations completed
INFO:root:2021-07-27-10--45--44 Bounding Box Drawn
INFO:root:2021-07-27-10--45--45 MovingFrameQueue Appended
INFO:root:2021-07-27-10--45--45 anomallyFrameTracker resetted to 200
INFO:root:2021-07-27-10--45--45 Colour Conversion Completed
INFO:root:2021-07-27-10--45--45 Sleep Check Completed
INFO:root:2021-07-27-10--45--45 Frame manipulations completed
INFO:root:2021-07-27-10--45--45 Bounding Box Drawn
INFO:root:2021-07-27-10--45--45 MovingFrameQueue Appended
INFO:root:2021-07-27-10--45--45 anomallyFrameTracker resetted to 200
INFO:root:2021-07-27-10--45--45 Colour Conversion Completed
INFO:root:2021-07-27-10--45--45 Sleep Check Completed
INFO:root:2021-07-27-10--45--45 Frame manipulations completed
INFO:root:2021-07-27-10--45--45 Bounding Box Drawn
INFO:root:2021-07-27-10--45--46 MovingFrameQueue Appended
INFO:root:2021-07-27-10--45--46 anomallyFrameTracker resetted to 200
INFO:root:2021-07-27-10--45--46 Colour Conversion Completed
INFO:root:2021-07-27-10--45--46 Sleep Check Completed
INFO:root:2021-07-27-10--45--46 Frame manipulations completed
INFO:root:2021-07-27-10--45--46 Bounding Box Drawn
INFO:root:2021-07-27-10--45--46 MovingFrameQueue Appended
INFO:root:2021-07-27-10--45--46 anomallyFrameTracker resetted to 200
INFO:root:2021-07-27-10--45--46 Colour Conversion Completed
INFO:root:2021-07-27-10--45--46 Sleep Check Completed
INFO:root:2021-07-27-10--45--46 Frame manipulations completed
INFO:root:2021-07-27-10--45--46 Bounding Box Drawn
INFO:root:2021-07-27-10--45--47 MovingFrameQueue Appended
INFO:root:2021-07-27-10--45--47 anomallyFrameTracker resetted to 200
INFO:root:2021-07-27-10--45--47 Colour Conversion Completed
INFO:root:2021-07-27-10--45--47 Sleep Check Completed
INFO:root:2021-07-27-10--45--47 Frame manipulations completed
INFO:root:2021-07-27-10--45--47 Bounding Box Drawn
INFO:root:2021-07-27-10--45--47 MovingFrameQueue Appended
INFO:root:2021-07-27-10--45--47 anomallyFrameTracker resetted to 200
INFO:root:2021-07-27-10--45--47 Colour Conversion Completed
INFO:root:2021-07-27-10--45--47 Sleep Check Completed
INFO:root:2021-07-27-10--45--47 Frame manipulations completed
INFO:root:2021-07-27-10--45--47 Bounding Box Drawn
INFO:root:2021-07-27-10--45--48 MovingFrameQueue Appended
INFO:root:2021-07-27-10--45--48 Anomally Detected, starting call for more frames
INFO:root:2021-07-27-10--45--48 anomallyFrameTracker resetted to 200
INFO:root:2021-07-27-10--45--48 Colour Conversion Completed
INFO:root:2021-07-27-10--45--48 Sleep Check Completed
INFO:root:2021-07-27-10--45--48 Frame manipulations completed
INFO:root:2021-07-27-10--45--48 Bounding Box Drawn
INFO:root:2021-07-27-10--45--48 MovingFrameQueue Appended
INFO:root:2021-07-27-10--45--48 Anomally Detected, starting call for more frames
INFO:root:2021-07-27-10--45--48 anomallyFrameTracker resetted to 200
INFO:root:2021-07-27-10--45--48 Colour Conversion Completed
INFO:root:2021-07-27-10--45--48 Sleep Check Completed
INFO:root:2021-07-27-10--45--48 Frame manipulations completed
INFO:root:2021-07-27-10--45--48 Bounding Box Drawn
INFO:root:2021-07-27-10--45--49 MovingFrameQueue Appended
INFO:root:2021-07-27-10--45--49 Anomally Detected, starting call for more frames
INFO:root:2021-07-27-10--45--49 anomallyFrameTracker resetted to 200
INFO:root:2021-07-27-10--45--49 Colour Conversion Completed
INFO:root:2021-07-27-10--45--49 Sleep Check Completed
INFO:root:2021-07-27-10--45--49 Frame manipulations completed
INFO:root:2021-07-27-10--45--49 Bounding Box Drawn
INFO:root:2021-07-27-10--45--49 MovingFrameQueue Appended
INFO:root:2021-07-27-10--45--49 Anomally Detected, starting call for more frames
INFO:root:2021-07-27-10--45--49 anomallyFrameTracker resetted to 200
INFO:root:2021-07-27-10--45--49 Colour Conversion Completed
INFO:root:2021-07-27-10--45--49 Sleep Check Completed
INFO:root:2021-07-27-10--45--49 Frame manipulations completed
INFO:root:2021-07-27-10--45--49 Bounding Box Drawn
INFO:root:2021-07-27-10--45--50 MovingFrameQueue Appended
INFO:root:2021-07-27-10--45--50 Anomally Detected, starting call for more frames
INFO:root:2021-07-27-10--45--50 anomallyFrameTracker resetted to 200
INFO:root:2021-07-27-10--45--50 Colour Conversion Completed
INFO:root:2021-07-27-10--45--50 Sleep Check Completed
INFO:root:2021-07-27-10--45--50 Frame manipulations completed
INFO:root:2021-07-27-10--45--50 Bounding Box Drawn
INFO:root:2021-07-27-10--45--50 MovingFrameQueue Appended
INFO:root:2021-07-27-10--45--50 Anomally Detected, starting call for more frames
INFO:root:2021-07-27-10--45--50 anomallyFrameTracker resetted to 200
INFO:root:2021-07-27-10--45--50 Colour Conversion Completed
INFO:root:2021-07-27-10--45--50 Sleep Check Completed
INFO:root:2021-07-27-10--45--50 Frame manipulations completed
INFO:root:2021-07-27-10--45--50 Bounding Box Drawn
INFO:root:2021-07-27-10--45--50 MovingFrameQueue Appended
INFO:root:2021-07-27-10--45--50 Anomally Detected, starting call for more frames
INFO:root:2021-07-27-10--45--50 anomallyFrameTracker resetted to 200
INFO:root:2021-07-27-10--45--50 Colour Conversion Completed
INFO:root:2021-07-27-10--45--51 Sleep Check Completed
INFO:root:2021-07-27-10--45--51 Frame manipulations completed
INFO:root:2021-07-27-10--45--51 Bounding Box Drawn
INFO:root:2021-07-27-10--45--51 MovingFrameQueue Appended
INFO:root:2021-07-27-10--45--51 Anomally Detected, starting call for more frames
INFO:root:2021-07-27-10--45--51 anomallyFrameTracker resetted to 200
INFO:root:2021-07-27-10--45--51 Colour Conversion Completed
INFO:root:2021-07-27-10--45--51 Sleep Check Completed
INFO:root:2021-07-27-10--45--51 Frame manipulations completed
INFO:root:2021-07-27-10--45--51 Bounding Box Drawn
INFO:root:2021-07-27-10--45--52 MovingFrameQueue Appended
INFO:root:2021-07-27-10--45--52 Anomally Detected, starting call for more frames
INFO:root:2021-07-27-10--45--52 anomallyFrameTracker resetted to 200
INFO:root:2021-07-27-10--45--52 Colour Conversion Completed
INFO:root:2021-07-27-10--45--52 Sleep Check Completed
INFO:root:2021-07-27-10--45--52 Frame manipulations completed
INFO:root:2021-07-27-10--45--52 Bounding Box Drawn
INFO:root:2021-07-27-10--45--52 MovingFrameQueue Appended
INFO:root:2021-07-27-10--45--52 Anomally Detected, starting call for more frames
INFO:root:2021-07-27-10--45--52 anomallyFrameTracker resetted to 200
INFO:root:2021-07-27-10--45--52 Colour Conversion Completed
INFO:root:2021-07-27-10--45--52 Sleep Check Completed
INFO:root:2021-07-27-10--45--52 Frame manipulations completed
INFO:root:2021-07-27-10--45--52 Bounding Box Drawn
INFO:root:2021-07-27-10--45--53 MovingFrameQueue Appended
INFO:root:2021-07-27-10--45--53 Anomally Detected, starting call for more frames
INFO:root:2021-07-27-10--45--53 anomallyFrameTracker resetted to 200
INFO:root:2021-07-27-10--45--53 Colour Conversion Completed
INFO:root:2021-07-27-10--45--53 Sleep Check Completed
INFO:root:2021-07-27-10--45--53 Frame manipulations completed
INFO:root:2021-07-27-10--45--53 Bounding Box Drawn
INFO:root:2021-07-27-10--45--54 MovingFrameQueue Popped
INFO:root:2021-07-27-10--45--54 Anomally Detected, starting call for more frames
INFO:root:2021-07-27-10--45--54 anomallyFrameTracker resetted to 200
INFO:root:2021-07-27-10--45--54 Colour Conversion Completed
INFO:root:2021-07-27-10--45--54 Sleep Check Completed
INFO:root:2021-07-27-10--45--54 Frame manipulations completed
INFO:root:2021-07-27-10--45--54 Bounding Box Drawn
INFO:root:2021-07-27-10--45--54 MovingFrameQueue Appended
INFO:root:2021-07-27-10--45--54 anomallyFrameTracker resetted to 200
INFO:root:2021-07-27-10--45--54 Colour Conversion Completed
INFO:root:2021-07-27-10--45--54 Sleep Check Completed
INFO:root:2021-07-27-10--45--54 Frame manipulations completed
INFO:root:2021-07-27-10--45--54 Bounding Box Drawn
INFO:root:2021-07-27-10--45--55 MovingFrameQueue Popped
INFO:root:2021-07-27-10--45--55 anomallyFrameTracker resetted to 200
INFO:root:2021-07-27-10--45--55 Colour Conversion Completed
INFO:root:2021-07-27-10--45--55 Sleep Check Completed
INFO:root:2021-07-27-10--45--55 Frame manipulations completed
INFO:root:2021-07-27-10--45--55 Bounding Box Drawn
INFO:root:2021-07-27-10--45--55 MovingFrameQueue Appended
INFO:root:2021-07-27-10--45--55 anomallyFrameTracker resetted to 200
INFO:root:2021-07-27-10--45--55 Colour Conversion Completed
INFO:root:2021-07-27-10--45--55 Sleep Check Completed
INFO:root:2021-07-27-10--45--55 Frame manipulations completed
INFO:root:2021-07-27-10--45--55 Bounding Box Drawn
INFO:root:2021-07-27-10--45--56 MovingFrameQueue Popped
INFO:root:2021-07-27-10--45--56 anomallyFrameTracker resetted to 200
INFO:root:2021-07-27-10--45--56 Colour Conversion Completed
INFO:root:2021-07-27-10--45--56 Sleep Check Completed
INFO:root:2021-07-27-10--45--56 Frame manipulations completed
INFO:root:2021-07-27-10--45--56 Bounding Box Drawn
INFO:root:2021-07-27-10--45--56 MovingFrameQueue Appended
INFO:root:2021-07-27-10--45--56 anomallyFrameTracker resetted to 200
INFO:root:2021-07-27-10--45--56 Colour Conversion Completed
INFO:root:2021-07-27-10--45--56 Sleep Check Completed
INFO:root:2021-07-27-10--45--56 Frame manipulations completed
INFO:root:2021-07-27-10--45--56 Bounding Box Drawn
INFO:root:2021-07-27-10--45--57 MovingFrameQueue Popped
INFO:root:2021-07-27-10--45--57 anomallyFrameTracker resetted to 200
INFO:root:2021-07-27-10--45--57 Colour Conversion Completed
INFO:root:2021-07-27-10--45--57 Sleep Check Completed
INFO:root:2021-07-27-10--45--57 Frame manipulations completed
INFO:root:2021-07-27-10--45--57 Bounding Box Drawn
INFO:root:2021-07-27-10--45--57 MovingFrameQueue Appended
INFO:root:2021-07-27-10--45--57 anomallyFrameTracker resetted to 200
INFO:root:2021-07-27-10--45--57 Colour Conversion Completed
INFO:root:2021-07-27-10--45--57 Sleep Check Completed
INFO:root:2021-07-27-10--45--57 Frame manipulations completed
INFO:root:2021-07-27-10--45--57 Bounding Box Drawn
INFO:root:2021-07-27-10--45--58 MovingFrameQueue Popped
INFO:root:2021-07-27-10--45--58 anomallyFrameTracker resetted to 200
INFO:root:2021-07-27-10--45--58 Colour Conversion Completed
INFO:root:2021-07-27-10--45--58 Sleep Check Completed
INFO:root:2021-07-27-10--45--58 Frame manipulations completed
INFO:root:2021-07-27-10--45--58 Bounding Box Drawn
INFO:root:2021-07-27-10--45--58 MovingFrameQueue Appended
INFO:root:2021-07-27-10--45--58 anomallyFrameTracker resetted to 200
INFO:root:2021-07-27-10--45--58 Colour Conversion Completed
INFO:root:2021-07-27-10--45--58 Sleep Check Completed
INFO:root:2021-07-27-10--45--58 Frame manipulations completed
INFO:root:2021-07-27-10--45--58 Bounding Box Drawn
INFO:root:2021-07-27-10--45--59 MovingFrameQueue Popped
INFO:root:2021-07-27-10--45--59 anomallyFrameTracker resetted to 200
INFO:root:2021-07-27-10--45--59 Colour Conversion Completed
INFO:root:2021-07-27-10--45--59 Sleep Check Completed
INFO:root:2021-07-27-10--45--59 Frame manipulations completed
INFO:root:2021-07-27-10--45--59 Bounding Box Drawn
INFO:root:2021-07-27-10--46--00 MovingFrameQueue Appended
INFO:root:2021-07-27-10--46--00 anomallyFrameTracker resetted to 200
INFO:root:2021-07-27-10--46--00 Colour Conversion Completed
INFO:root:2021-07-27-10--46--00 Sleep Check Completed
INFO:root:2021-07-27-10--46--00 Frame manipulations completed
INFO:root:2021-07-27-10--46--00 Bounding Box Drawn
INFO:root:2021-07-27-10--46--00[INFO] elapsed time: 37.90
INFO:root:2021-07-27-10--46--00[INFO] approx. FPS: 1.66
INFO:root:2021-07-27-10--46--00 Getting Auth Token Success
INFO:root:2021-07-27-10--46--01 Anomalous Detection Video Upload Completed
INFO:root:2021-07-27-10--46--01 Getting Auth Token Success
INFO:root:2021-07-27-10--46--01 BedTime Upload Completed
