INFO:root:2021-07-21-10--32--25 Parameter Generation Success
INFO:root:2021-07-21-10--32--25 Colour Conversion Completed
INFO:root:2021-07-21-10--32--25 Sleep Check Completed
INFO:root:2021-07-21-10--32--25 Frame manipulations completed
INFO:root:2021-07-21-10--32--25 Bounding Box Drawn
INFO:root:2021-07-21-10--32--30 MovingFrameQueue Appended
INFO:root:2021-07-21-10--32--30 anomallyFrameTracker resetted to 200
INFO:root:2021-07-21-10--32--30 Colour Conversion Completed
INFO:root:2021-07-21-10--32--30 Sleep Check Completed
INFO:root:2021-07-21-10--32--30 Frame manipulations completed
INFO:root:2021-07-21-10--32--30 Bounding Box Drawn
INFO:root:2021-07-21-10--32--30 MovingFrameQueue Appended
INFO:root:2021-07-21-10--32--30 anomallyFrameTracker resetted to 200
INFO:root:2021-07-21-10--32--30 Colour Conversion Completed
INFO:root:2021-07-21-10--32--30 Sleep Check Completed
INFO:root:2021-07-21-10--32--30 Frame manipulations completed
INFO:root:2021-07-21-10--32--30 Bounding Box Drawn
INFO:root:2021-07-21-10--32--30 MovingFrameQueue Appended
INFO:root:2021-07-21-10--32--30 anomallyFrameTracker resetted to 200
INFO:root:2021-07-21-10--32--30 Colour Conversion Completed
INFO:root:2021-07-21-10--32--30 Sleep Check Completed
INFO:root:2021-07-21-10--32--30 Frame manipulations completed
INFO:root:2021-07-21-10--32--30 Bounding Box Drawn
INFO:root:2021-07-21-10--32--30 MovingFrameQueue Appended
INFO:root:2021-07-21-10--32--30 anomallyFrameTracker resetted to 200
INFO:root:2021-07-21-10--32--30 Colour Conversion Completed
INFO:root:2021-07-21-10--32--30 Sleep Check Completed
INFO:root:2021-07-21-10--32--30 Frame manipulations completed
INFO:root:2021-07-21-10--32--30 Bounding Box Drawn
INFO:root:2021-07-21-10--32--30 MovingFrameQueue Appended
INFO:root:2021-07-21-10--32--30 anomallyFrameTracker resetted to 200
INFO:root:2021-07-21-10--32--30 Colour Conversion Completed
INFO:root:2021-07-21-10--32--30 Sleep Check Completed
INFO:root:2021-07-21-10--32--30 Frame manipulations completed
INFO:root:2021-07-21-10--32--30 Bounding Box Drawn
INFO:root:2021-07-21-10--32--30 MovingFrameQueue Appended
INFO:root:2021-07-21-10--32--30 anomallyFrameTracker resetted to 200
INFO:root:2021-07-21-10--32--30 Colour Conversion Completed
INFO:root:2021-07-21-10--32--30 Sleep Check Completed
INFO:root:2021-07-21-10--32--30 Frame manipulations completed
INFO:root:2021-07-21-10--32--30 Bounding Box Drawn
INFO:root:2021-07-21-10--32--31 MovingFrameQueue Appended
INFO:root:2021-07-21-10--32--31 anomallyFrameTracker resetted to 200
INFO:root:2021-07-21-10--32--31 Colour Conversion Completed
INFO:root:2021-07-21-10--32--31 Sleep Check Completed
INFO:root:2021-07-21-10--32--31 Frame manipulations completed
INFO:root:2021-07-21-10--32--31 Bounding Box Drawn
INFO:root:2021-07-21-10--32--31 MovingFrameQueue Appended
INFO:root:2021-07-21-10--32--31 anomallyFrameTracker resetted to 200
INFO:root:2021-07-21-10--32--31 Colour Conversion Completed
INFO:root:2021-07-21-10--32--31 Sleep Check Completed
INFO:root:2021-07-21-10--32--31 Frame manipulations completed
INFO:root:2021-07-21-10--32--31 Bounding Box Drawn
INFO:root:2021-07-21-10--32--31 MovingFrameQueue Appended
INFO:root:2021-07-21-10--32--31 anomallyFrameTracker resetted to 200
INFO:root:2021-07-21-10--32--31 Colour Conversion Completed
INFO:root:2021-07-21-10--32--31 Sleep Check Completed
INFO:root:2021-07-21-10--32--31 Frame manipulations completed
INFO:root:2021-07-21-10--32--31 Bounding Box Drawn
INFO:root:2021-07-21-10--32--31 MovingFrameQueue Appended
INFO:root:2021-07-21-10--32--31 anomallyFrameTracker resetted to 200
INFO:root:2021-07-21-10--32--31 Colour Conversion Completed
INFO:root:2021-07-21-10--32--31 Sleep Check Completed
INFO:root:2021-07-21-10--32--31 Frame manipulations completed
INFO:root:2021-07-21-10--32--31 Bounding Box Drawn
INFO:root:2021-07-21-10--32--31 MovingFrameQueue Appended
INFO:root:2021-07-21-10--32--31 anomallyFrameTracker resetted to 200
INFO:root:2021-07-21-10--32--31 Colour Conversion Completed
INFO:root:2021-07-21-10--32--31 Sleep Check Completed
INFO:root:2021-07-21-10--32--31 Frame manipulations completed
INFO:root:2021-07-21-10--32--31 Bounding Box Drawn
INFO:root:2021-07-21-10--32--31 MovingFrameQueue Appended
INFO:root:2021-07-21-10--32--31 anomallyFrameTracker resetted to 200
INFO:root:2021-07-21-10--32--31 Colour Conversion Completed
INFO:root:2021-07-21-10--32--31 Sleep Check Completed
INFO:root:2021-07-21-10--32--31 Frame manipulations completed
INFO:root:2021-07-21-10--32--31 Bounding Box Drawn
INFO:root:2021-07-21-10--32--32 MovingFrameQueue Appended
INFO:root:2021-07-21-10--32--32 anomallyFrameTracker resetted to 200
INFO:root:2021-07-21-10--32--32 Colour Conversion Completed
INFO:root:2021-07-21-10--32--32 Sleep Check Completed
INFO:root:2021-07-21-10--32--32 Frame manipulations completed
INFO:root:2021-07-21-10--32--32 Bounding Box Drawn
INFO:root:2021-07-21-10--32--32 MovingFrameQueue Appended
INFO:root:2021-07-21-10--32--32 anomallyFrameTracker resetted to 200
INFO:root:2021-07-21-10--32--32 Colour Conversion Completed
INFO:root:2021-07-21-10--32--32 Sleep Check Completed
INFO:root:2021-07-21-10--32--32 Frame manipulations completed
INFO:root:2021-07-21-10--32--32 Bounding Box Drawn
INFO:root:2021-07-21-10--32--32 MovingFrameQueue Appended
INFO:root:2021-07-21-10--32--32 anomallyFrameTracker resetted to 200
INFO:root:2021-07-21-10--32--32 Colour Conversion Completed
INFO:root:2021-07-21-10--32--32 Sleep Check Completed
INFO:root:2021-07-21-10--32--32 Frame manipulations completed
INFO:root:2021-07-21-10--32--32 Bounding Box Drawn
INFO:root:2021-07-21-10--32--32 MovingFrameQueue Appended
INFO:root:2021-07-21-10--32--32 anomallyFrameTracker resetted to 200
INFO:root:2021-07-21-10--32--32 Colour Conversion Completed
INFO:root:2021-07-21-10--32--32 Sleep Check Completed
INFO:root:2021-07-21-10--32--32 Frame manipulations completed
INFO:root:2021-07-21-10--32--32 Bounding Box Drawn
INFO:root:2021-07-21-10--32--32 MovingFrameQueue Appended
INFO:root:2021-07-21-10--32--32 anomallyFrameTracker resetted to 200
INFO:root:2021-07-21-10--32--32 Colour Conversion Completed
INFO:root:2021-07-21-10--32--32 Sleep Check Completed
INFO:root:2021-07-21-10--32--32 Frame manipulations completed
INFO:root:2021-07-21-10--32--32 Bounding Box Drawn
INFO:root:2021-07-21-10--32--32 MovingFrameQueue Appended
INFO:root:2021-07-21-10--32--32 anomallyFrameTracker resetted to 200
INFO:root:2021-07-21-10--32--32 Colour Conversion Completed
INFO:root:2021-07-21-10--32--32 Sleep Check Completed
INFO:root:2021-07-21-10--32--32 Frame manipulations completed
INFO:root:2021-07-21-10--32--32 Bounding Box Drawn
INFO:root:2021-07-21-10--32--33 MovingFrameQueue Appended
INFO:root:2021-07-21-10--32--33 anomallyFrameTracker resetted to 200
INFO:root:2021-07-21-10--32--33 Colour Conversion Completed
INFO:root:2021-07-21-10--32--33 Sleep Check Completed
INFO:root:2021-07-21-10--32--33 Frame manipulations completed
INFO:root:2021-07-21-10--32--33 Bounding Box Drawn
INFO:root:2021-07-21-10--32--33 MovingFrameQueue Appended
INFO:root:2021-07-21-10--32--33 anomallyFrameTracker resetted to 200
INFO:root:2021-07-21-10--32--33 Colour Conversion Completed
INFO:root:2021-07-21-10--32--33 Sleep Check Completed
INFO:root:2021-07-21-10--32--33 Frame manipulations completed
INFO:root:2021-07-21-10--32--33 Bounding Box Drawn
INFO:root:2021-07-21-10--32--33 MovingFrameQueue Appended
INFO:root:2021-07-21-10--32--33 anomallyFrameTracker resetted to 200
INFO:root:2021-07-21-10--32--33 Colour Conversion Completed
INFO:root:2021-07-21-10--32--33 Sleep Check Completed
INFO:root:2021-07-21-10--32--33 Frame manipulations completed
INFO:root:2021-07-21-10--32--33 Bounding Box Drawn
INFO:root:2021-07-21-10--32--33 MovingFrameQueue Appended
INFO:root:2021-07-21-10--32--33 anomallyFrameTracker resetted to 200
INFO:root:2021-07-21-10--32--33 Colour Conversion Completed
INFO:root:2021-07-21-10--32--33 Sleep Check Completed
INFO:root:2021-07-21-10--32--33 Frame manipulations completed
INFO:root:2021-07-21-10--32--33 Bounding Box Drawn
INFO:root:2021-07-21-10--32--33 MovingFrameQueue Appended
INFO:root:2021-07-21-10--32--33 anomallyFrameTracker resetted to 200
INFO:root:2021-07-21-10--32--33 Colour Conversion Completed
INFO:root:2021-07-21-10--32--33 Sleep Check Completed
INFO:root:2021-07-21-10--32--33 Frame manipulations completed
INFO:root:2021-07-21-10--32--33 Bounding Box Drawn
INFO:root:2021-07-21-10--32--33 MovingFrameQueue Appended
INFO:root:2021-07-21-10--32--33 anomallyFrameTracker resetted to 200
INFO:root:2021-07-21-10--32--33 Colour Conversion Completed
INFO:root:2021-07-21-10--32--33 Sleep Check Completed
INFO:root:2021-07-21-10--32--33 Frame manipulations completed
INFO:root:2021-07-21-10--32--33 Bounding Box Drawn
INFO:root:2021-07-21-10--32--33 MovingFrameQueue Appended
INFO:root:2021-07-21-10--32--33 anomallyFrameTracker resetted to 200
INFO:root:2021-07-21-10--32--33 Colour Conversion Completed
INFO:root:2021-07-21-10--32--33 Sleep Check Completed
INFO:root:2021-07-21-10--32--33 Frame manipulations completed
INFO:root:2021-07-21-10--32--33 Bounding Box Drawn
INFO:root:2021-07-21-10--32--34 MovingFrameQueue Appended
INFO:root:2021-07-21-10--32--34 anomallyFrameTracker resetted to 200
INFO:root:2021-07-21-10--32--34 Colour Conversion Completed
INFO:root:2021-07-21-10--32--34 Sleep Check Completed
INFO:root:2021-07-21-10--32--34 Frame manipulations completed
INFO:root:2021-07-21-10--32--34 Bounding Box Drawn
INFO:root:2021-07-21-10--32--34 MovingFrameQueue Appended
INFO:root:2021-07-21-10--32--34 anomallyFrameTracker resetted to 200
INFO:root:2021-07-21-10--32--34 Colour Conversion Completed
INFO:root:2021-07-21-10--32--34 Sleep Check Completed
INFO:root:2021-07-21-10--32--34 Frame manipulations completed
INFO:root:2021-07-21-10--32--34 Bounding Box Drawn
INFO:root:2021-07-21-10--32--34 MovingFrameQueue Appended
INFO:root:2021-07-21-10--32--34 anomallyFrameTracker resetted to 200
INFO:root:2021-07-21-10--32--34 Colour Conversion Completed
INFO:root:2021-07-21-10--32--34 Sleep Check Completed
INFO:root:2021-07-21-10--32--34 Frame manipulations completed
INFO:root:2021-07-21-10--32--34 Bounding Box Drawn
INFO:root:2021-07-21-10--32--34 MovingFrameQueue Appended
INFO:root:2021-07-21-10--32--34 anomallyFrameTracker resetted to 200
INFO:root:2021-07-21-10--32--34 Colour Conversion Completed
INFO:root:2021-07-21-10--32--34 Sleep Check Completed
INFO:root:2021-07-21-10--32--34 Frame manipulations completed
INFO:root:2021-07-21-10--32--34 Bounding Box Drawn
INFO:root:2021-07-21-10--32--34 MovingFrameQueue Appended
INFO:root:2021-07-21-10--32--34 anomallyFrameTracker resetted to 200
INFO:root:2021-07-21-10--32--34 Colour Conversion Completed
INFO:root:2021-07-21-10--32--34 Sleep Check Completed
INFO:root:2021-07-21-10--32--34 Frame manipulations completed
INFO:root:2021-07-21-10--32--34 Bounding Box Drawn
INFO:root:2021-07-21-10--32--34 MovingFrameQueue Appended
INFO:root:2021-07-21-10--32--34 anomallyFrameTracker resetted to 200
INFO:root:2021-07-21-10--32--34 Colour Conversion Completed
INFO:root:2021-07-21-10--32--34 Sleep Check Completed
INFO:root:2021-07-21-10--32--34 Frame manipulations completed
INFO:root:2021-07-21-10--32--34 Bounding Box Drawn
INFO:root:2021-07-21-10--32--35 MovingFrameQueue Appended
INFO:root:2021-07-21-10--32--35 anomallyFrameTracker resetted to 200
INFO:root:2021-07-21-10--32--35 Colour Conversion Completed
INFO:root:2021-07-21-10--32--35 Sleep Check Completed
INFO:root:2021-07-21-10--32--35 Frame manipulations completed
INFO:root:2021-07-21-10--32--35 Bounding Box Drawn
INFO:root:2021-07-21-10--32--36 MovingFrameQueue Appended
INFO:root:2021-07-21-10--32--36 anomallyFrameTracker resetted to 200
INFO:root:2021-07-21-10--32--36 Colour Conversion Completed
INFO:root:2021-07-21-10--32--36 Sleep Check Completed
INFO:root:2021-07-21-10--32--36 Frame manipulations completed
INFO:root:2021-07-21-10--32--36 Bounding Box Drawn
INFO:root:2021-07-21-10--32--36 MovingFrameQueue Appended
INFO:root:2021-07-21-10--32--36 anomallyFrameTracker resetted to 200
INFO:root:2021-07-21-10--32--36 Colour Conversion Completed
INFO:root:2021-07-21-10--32--36 Sleep Check Completed
INFO:root:2021-07-21-10--32--36 Frame manipulations completed
INFO:root:2021-07-21-10--32--36 Bounding Box Drawn
INFO:root:2021-07-21-10--32--36 MovingFrameQueue Appended
INFO:root:2021-07-21-10--32--36 anomallyFrameTracker resetted to 200
INFO:root:2021-07-21-10--32--36 Colour Conversion Completed
INFO:root:2021-07-21-10--32--36 Sleep Check Completed
INFO:root:2021-07-21-10--32--36 Frame manipulations completed
INFO:root:2021-07-21-10--32--36 Bounding Box Drawn
INFO:root:2021-07-21-10--32--36 MovingFrameQueue Appended
INFO:root:2021-07-21-10--32--36 anomallyFrameTracker resetted to 200
INFO:root:2021-07-21-10--32--36 Colour Conversion Completed
INFO:root:2021-07-21-10--32--36 Sleep Check Completed
INFO:root:2021-07-21-10--32--36 Frame manipulations completed
INFO:root:2021-07-21-10--32--36 Bounding Box Drawn
INFO:root:2021-07-21-10--32--36 MovingFrameQueue Appended
INFO:root:2021-07-21-10--32--36 anomallyFrameTracker resetted to 200
INFO:root:2021-07-21-10--32--36 Colour Conversion Completed
INFO:root:2021-07-21-10--32--36 Sleep Check Completed
INFO:root:2021-07-21-10--32--36 Frame manipulations completed
INFO:root:2021-07-21-10--32--36 Bounding Box Drawn
INFO:root:2021-07-21-10--32--36 MovingFrameQueue Appended
INFO:root:2021-07-21-10--32--36 anomallyFrameTracker resetted to 200
INFO:root:2021-07-21-10--32--36 Colour Conversion Completed
INFO:root:2021-07-21-10--32--36 Sleep Check Completed
INFO:root:2021-07-21-10--32--36 Frame manipulations completed
INFO:root:2021-07-21-10--32--36 Bounding Box Drawn
INFO:root:2021-07-21-10--32--36 MovingFrameQueue Appended
INFO:root:2021-07-21-10--32--36 anomallyFrameTracker resetted to 200
INFO:root:2021-07-21-10--32--36 Colour Conversion Completed
INFO:root:2021-07-21-10--32--36 Sleep Check Completed
INFO:root:2021-07-21-10--32--36 Frame manipulations completed
INFO:root:2021-07-21-10--32--36 Bounding Box Drawn
INFO:root:2021-07-21-10--32--36 MovingFrameQueue Appended
INFO:root:2021-07-21-10--32--36 anomallyFrameTracker resetted to 200
INFO:root:2021-07-21-10--32--36 Colour Conversion Completed
INFO:root:2021-07-21-10--32--36 Sleep Check Completed
INFO:root:2021-07-21-10--32--36 Frame manipulations completed
INFO:root:2021-07-21-10--32--36 Bounding Box Drawn
INFO:root:2021-07-21-10--32--36 MovingFrameQueue Appended
INFO:root:2021-07-21-10--32--36 anomallyFrameTracker resetted to 200
INFO:root:2021-07-21-10--32--36 Colour Conversion Completed
INFO:root:2021-07-21-10--32--36 Sleep Check Completed
INFO:root:2021-07-21-10--32--36 Frame manipulations completed
INFO:root:2021-07-21-10--32--36 Bounding Box Drawn
INFO:root:2021-07-21-10--32--36 MovingFrameQueue Appended
INFO:root:2021-07-21-10--32--36 anomallyFrameTracker resetted to 200
INFO:root:2021-07-21-10--32--37 Colour Conversion Completed
INFO:root:2021-07-21-10--32--37 Sleep Check Completed
INFO:root:2021-07-21-10--32--37 Frame manipulations completed
INFO:root:2021-07-21-10--32--37 Bounding Box Drawn
INFO:root:2021-07-21-10--32--37 MovingFrameQueue Appended
INFO:root:2021-07-21-10--32--37 anomallyFrameTracker resetted to 200
INFO:root:2021-07-21-10--32--37 Colour Conversion Completed
INFO:root:2021-07-21-10--32--37 Sleep Check Completed
INFO:root:2021-07-21-10--32--37 Frame manipulations completed
INFO:root:2021-07-21-10--32--37 Bounding Box Drawn
INFO:root:2021-07-21-10--32--37 MovingFrameQueue Appended
INFO:root:2021-07-21-10--32--37 anomallyFrameTracker resetted to 200
INFO:root:2021-07-21-10--32--37 Colour Conversion Completed
INFO:root:2021-07-21-10--32--37 Sleep Check Completed
INFO:root:2021-07-21-10--32--37 Frame manipulations completed
INFO:root:2021-07-21-10--32--37 Bounding Box Drawn
INFO:root:2021-07-21-10--32--37 MovingFrameQueue Appended
INFO:root:2021-07-21-10--32--37 anomallyFrameTracker resetted to 200
INFO:root:2021-07-21-10--32--37 Colour Conversion Completed
INFO:root:2021-07-21-10--32--37 Sleep Check Completed
INFO:root:2021-07-21-10--32--37 Frame manipulations completed
INFO:root:2021-07-21-10--32--37 Bounding Box Drawn
INFO:root:2021-07-21-10--32--37 MovingFrameQueue Appended
INFO:root:2021-07-21-10--32--37 anomallyFrameTracker resetted to 200
INFO:root:2021-07-21-10--32--37 Colour Conversion Completed
INFO:root:2021-07-21-10--32--37 Sleep Check Completed
INFO:root:2021-07-21-10--32--37 Frame manipulations completed
INFO:root:2021-07-21-10--32--37 Bounding Box Drawn
INFO:root:2021-07-21-10--32--37 MovingFrameQueue Appended
INFO:root:2021-07-21-10--32--37 anomallyFrameTracker resetted to 200
INFO:root:2021-07-21-10--32--37 Colour Conversion Completed
INFO:root:2021-07-21-10--32--37 Sleep Check Completed
INFO:root:2021-07-21-10--32--37 Frame manipulations completed
INFO:root:2021-07-21-10--32--37 Bounding Box Drawn
INFO:root:2021-07-21-10--32--37 MovingFrameQueue Appended
INFO:root:2021-07-21-10--32--37 anomallyFrameTracker resetted to 200
INFO:root:2021-07-21-10--32--37 Colour Conversion Completed
INFO:root:2021-07-21-10--32--37 Sleep Check Completed
INFO:root:2021-07-21-10--32--37 Frame manipulations completed
INFO:root:2021-07-21-10--32--37 Bounding Box Drawn
INFO:root:2021-07-21-10--32--38 MovingFrameQueue Appended
INFO:root:2021-07-21-10--32--38 anomallyFrameTracker resetted to 200
INFO:root:2021-07-21-10--32--38 Colour Conversion Completed
INFO:root:2021-07-21-10--32--38 Sleep Check Completed
INFO:root:2021-07-21-10--32--38 Frame manipulations completed
INFO:root:2021-07-21-10--32--38 Bounding Box Drawn
INFO:root:2021-07-21-10--32--38 MovingFrameQueue Appended
INFO:root:2021-07-21-10--32--38 anomallyFrameTracker resetted to 200
INFO:root:2021-07-21-10--32--38 Colour Conversion Completed
INFO:root:2021-07-21-10--32--38 Sleep Check Completed
INFO:root:2021-07-21-10--32--38 Frame manipulations completed
INFO:root:2021-07-21-10--32--38 Bounding Box Drawn
INFO:root:2021-07-21-10--32--38 MovingFrameQueue Appended
INFO:root:2021-07-21-10--32--38 anomallyFrameTracker resetted to 200
INFO:root:2021-07-21-10--32--38 Colour Conversion Completed
INFO:root:2021-07-21-10--32--38 Sleep Check Completed
INFO:root:2021-07-21-10--32--38 Frame manipulations completed
INFO:root:2021-07-21-10--32--38 Bounding Box Drawn
INFO:root:2021-07-21-10--32--38 MovingFrameQueue Popped
INFO:root:2021-07-21-10--32--38 anomallyFrameTracker resetted to 200
INFO:root:2021-07-21-10--32--38 Colour Conversion Completed
INFO:root:2021-07-21-10--32--38 Sleep Check Completed
INFO:root:2021-07-21-10--32--38 Frame manipulations completed
INFO:root:2021-07-21-10--32--38 Bounding Box Drawn
INFO:root:2021-07-21-10--32--38 MovingFrameQueue Appended
INFO:root:2021-07-21-10--32--38 anomallyFrameTracker resetted to 200
INFO:root:2021-07-21-10--32--38 Colour Conversion Completed
INFO:root:2021-07-21-10--32--38 Sleep Check Completed
INFO:root:2021-07-21-10--32--38 Frame manipulations completed
INFO:root:2021-07-21-10--32--38 Bounding Box Drawn
INFO:root:2021-07-21-10--32--38 MovingFrameQueue Popped
INFO:root:2021-07-21-10--32--38 anomallyFrameTracker resetted to 200
INFO:root:2021-07-21-10--32--38 Colour Conversion Completed
INFO:root:2021-07-21-10--32--39 Sleep Check Completed
INFO:root:2021-07-21-10--32--39 Frame manipulations completed
INFO:root:2021-07-21-10--32--39 Bounding Box Drawn
INFO:root:2021-07-21-10--32--39 MovingFrameQueue Appended
INFO:root:2021-07-21-10--32--39 anomallyFrameTracker resetted to 200
INFO:root:2021-07-21-10--32--39 Colour Conversion Completed
INFO:root:2021-07-21-10--32--39 Sleep Check Completed
INFO:root:2021-07-21-10--32--39 Frame manipulations completed
INFO:root:2021-07-21-10--32--39 Bounding Box Drawn
INFO:root:2021-07-21-10--32--39 MovingFrameQueue Popped
INFO:root:2021-07-21-10--32--39 anomallyFrameTracker resetted to 200
INFO:root:2021-07-21-10--32--39 Colour Conversion Completed
INFO:root:2021-07-21-10--32--39 Sleep Check Completed
INFO:root:2021-07-21-10--32--39 Frame manipulations completed
INFO:root:2021-07-21-10--32--39 Bounding Box Drawn
INFO:root:2021-07-21-10--32--39 MovingFrameQueue Appended
INFO:root:2021-07-21-10--32--39 anomallyFrameTracker resetted to 200
INFO:root:2021-07-21-10--32--39 Colour Conversion Completed
INFO:root:2021-07-21-10--32--39 Sleep Check Completed
INFO:root:2021-07-21-10--32--39 Frame manipulations completed
INFO:root:2021-07-21-10--32--39 Bounding Box Drawn
INFO:root:2021-07-21-10--32--39 MovingFrameQueue Popped
INFO:root:2021-07-21-10--32--39 anomallyFrameTracker resetted to 200
INFO:root:2021-07-21-10--32--39 Colour Conversion Completed
INFO:root:2021-07-21-10--32--39 Sleep Check Completed
INFO:root:2021-07-21-10--32--39 Frame manipulations completed
INFO:root:2021-07-21-10--32--39 Bounding Box Drawn
INFO:root:2021-07-21-10--32--39 MovingFrameQueue Appended
INFO:root:2021-07-21-10--32--39 anomallyFrameTracker resetted to 200
INFO:root:2021-07-21-10--32--39 Colour Conversion Completed
INFO:root:2021-07-21-10--32--39 Sleep Check Completed
INFO:root:2021-07-21-10--32--39 Frame manipulations completed
INFO:root:2021-07-21-10--32--39 Bounding Box Drawn
INFO:root:2021-07-21-10--32--39 MovingFrameQueue Popped
INFO:root:2021-07-21-10--32--39 anomallyFrameTracker resetted to 200
INFO:root:2021-07-21-10--32--39 Colour Conversion Completed
INFO:root:2021-07-21-10--32--40 Sleep Check Completed
INFO:root:2021-07-21-10--32--40 Frame manipulations completed
INFO:root:2021-07-21-10--32--40 Bounding Box Drawn
INFO:root:2021-07-21-10--32--40 MovingFrameQueue Appended
INFO:root:2021-07-21-10--32--40 anomallyFrameTracker resetted to 200
INFO:root:2021-07-21-10--32--40 Colour Conversion Completed
INFO:root:2021-07-21-10--32--40 Sleep Check Completed
INFO:root:2021-07-21-10--32--40 Frame manipulations completed
INFO:root:2021-07-21-10--32--40 Bounding Box Drawn
INFO:root:2021-07-21-10--32--40 MovingFrameQueue Popped
INFO:root:2021-07-21-10--32--40 anomallyFrameTracker resetted to 200
INFO:root:2021-07-21-10--32--40 Colour Conversion Completed
INFO:root:2021-07-21-10--32--40 Sleep Check Completed
INFO:root:2021-07-21-10--32--40 Frame manipulations completed
INFO:root:2021-07-21-10--32--40 Bounding Box Drawn
INFO:root:2021-07-21-10--32--40 MovingFrameQueue Appended
INFO:root:2021-07-21-10--32--40 anomallyFrameTracker resetted to 200
INFO:root:2021-07-21-10--32--40 Colour Conversion Completed
INFO:root:2021-07-21-10--32--40 Sleep Check Completed
INFO:root:2021-07-21-10--32--40 Frame manipulations completed
INFO:root:2021-07-21-10--32--40 Bounding Box Drawn
INFO:root:2021-07-21-10--32--40 MovingFrameQueue Popped
INFO:root:2021-07-21-10--32--40 anomallyFrameTracker resetted to 200
INFO:root:2021-07-21-10--32--40 Colour Conversion Completed
INFO:root:2021-07-21-10--32--40 Sleep Check Completed
INFO:root:2021-07-21-10--32--40 Frame manipulations completed
INFO:root:2021-07-21-10--32--40 Bounding Box Drawn
INFO:root:2021-07-21-10--32--40 MovingFrameQueue Appended
INFO:root:2021-07-21-10--32--40 anomallyFrameTracker resetted to 200
INFO:root:2021-07-21-10--32--40 Colour Conversion Completed
INFO:root:2021-07-21-10--32--40 Sleep Check Completed
INFO:root:2021-07-21-10--32--40 Frame manipulations completed
INFO:root:2021-07-21-10--32--40 Bounding Box Drawn
INFO:root:2021-07-21-10--32--40 MovingFrameQueue Popped
INFO:root:2021-07-21-10--32--40 anomallyFrameTracker resetted to 200
INFO:root:2021-07-21-10--32--40 Colour Conversion Completed
INFO:root:2021-07-21-10--32--41 Sleep Check Completed
INFO:root:2021-07-21-10--32--41 Frame manipulations completed
INFO:root:2021-07-21-10--32--41 Bounding Box Drawn
INFO:root:2021-07-21-10--32--41 MovingFrameQueue Appended
INFO:root:2021-07-21-10--32--41 anomallyFrameTracker resetted to 200
INFO:root:2021-07-21-10--32--41 Colour Conversion Completed
INFO:root:2021-07-21-10--32--41 Sleep Check Completed
INFO:root:2021-07-21-10--32--41 Frame manipulations completed
INFO:root:2021-07-21-10--32--41 Bounding Box Drawn
INFO:root:2021-07-21-10--32--41 MovingFrameQueue Popped
INFO:root:2021-07-21-10--32--41 anomallyFrameTracker resetted to 200
INFO:root:2021-07-21-10--32--41 Colour Conversion Completed
INFO:root:2021-07-21-10--32--41 Sleep Check Completed
INFO:root:2021-07-21-10--32--41 Frame manipulations completed
INFO:root:2021-07-21-10--32--41 Bounding Box Drawn
INFO:root:2021-07-21-10--32--41 MovingFrameQueue Appended
INFO:root:2021-07-21-10--32--41 anomallyFrameTracker resetted to 200
INFO:root:2021-07-21-10--32--41 Colour Conversion Completed
INFO:root:2021-07-21-10--32--41 Sleep Check Completed
INFO:root:2021-07-21-10--32--41 Frame manipulations completed
INFO:root:2021-07-21-10--32--41 Bounding Box Drawn
INFO:root:2021-07-21-10--32--41 MovingFrameQueue Popped
INFO:root:2021-07-21-10--32--41 anomallyFrameTracker resetted to 200
INFO:root:2021-07-21-10--32--41 Colour Conversion Completed
INFO:root:2021-07-21-10--32--41 Sleep Check Completed
INFO:root:2021-07-21-10--32--41 Frame manipulations completed
INFO:root:2021-07-21-10--32--41 Bounding Box Drawn
INFO:root:2021-07-21-10--32--41 MovingFrameQueue Appended
INFO:root:2021-07-21-10--32--41 anomallyFrameTracker resetted to 200
INFO:root:2021-07-21-10--32--41 Colour Conversion Completed
INFO:root:2021-07-21-10--32--41 Sleep Check Completed
INFO:root:2021-07-21-10--32--41 Frame manipulations completed
INFO:root:2021-07-21-10--32--41 Bounding Box Drawn
INFO:root:2021-07-21-10--32--41 MovingFrameQueue Popped
INFO:root:2021-07-21-10--32--41 anomallyFrameTracker resetted to 200
INFO:root:2021-07-21-10--32--41 Colour Conversion Completed
INFO:root:2021-07-21-10--32--42 Sleep Check Completed
INFO:root:2021-07-21-10--32--42 Frame manipulations completed
INFO:root:2021-07-21-10--32--42 Bounding Box Drawn
INFO:root:2021-07-21-10--32--42 MovingFrameQueue Appended
INFO:root:2021-07-21-10--32--42 anomallyFrameTracker resetted to 200
INFO:root:2021-07-21-10--32--42 Colour Conversion Completed
INFO:root:2021-07-21-10--32--42 Sleep Check Completed
INFO:root:2021-07-21-10--32--42 Frame manipulations completed
INFO:root:2021-07-21-10--32--42 Bounding Box Drawn
INFO:root:2021-07-21-10--32--42 MovingFrameQueue Popped
INFO:root:2021-07-21-10--32--42 anomallyFrameTracker resetted to 200
INFO:root:2021-07-21-10--32--42 Colour Conversion Completed
INFO:root:2021-07-21-10--32--42 Sleep Check Completed
INFO:root:2021-07-21-10--32--42 Frame manipulations completed
INFO:root:2021-07-21-10--32--42 Bounding Box Drawn
INFO:root:2021-07-21-10--32--42 MovingFrameQueue Appended
INFO:root:2021-07-21-10--32--42 anomallyFrameTracker resetted to 200
INFO:root:2021-07-21-10--32--42 Colour Conversion Completed
INFO:root:2021-07-21-10--32--42 Sleep Check Completed
INFO:root:2021-07-21-10--32--42 Frame manipulations completed
INFO:root:2021-07-21-10--32--42 Bounding Box Drawn
INFO:root:2021-07-21-10--32--42 MovingFrameQueue Popped
INFO:root:2021-07-21-10--32--42 anomallyFrameTracker resetted to 200
INFO:root:2021-07-21-10--32--42 Colour Conversion Completed
INFO:root:2021-07-21-10--32--42 Sleep Check Completed
INFO:root:2021-07-21-10--32--42 Frame manipulations completed
INFO:root:2021-07-21-10--32--42 Bounding Box Drawn
INFO:root:2021-07-21-10--32--42 MovingFrameQueue Appended
INFO:root:2021-07-21-10--32--42 anomallyFrameTracker resetted to 200
INFO:root:2021-07-21-10--32--42 Colour Conversion Completed
INFO:root:2021-07-21-10--32--42 Sleep Check Completed
INFO:root:2021-07-21-10--32--42 Frame manipulations completed
INFO:root:2021-07-21-10--32--42 Bounding Box Drawn
INFO:root:2021-07-21-10--32--42 MovingFrameQueue Popped
INFO:root:2021-07-21-10--32--42 anomallyFrameTracker resetted to 200
INFO:root:2021-07-21-10--32--42 Colour Conversion Completed
INFO:root:2021-07-21-10--32--42 Sleep Check Completed
INFO:root:2021-07-21-10--32--42 Frame manipulations completed
INFO:root:2021-07-21-10--32--42 Bounding Box Drawn
INFO:root:2021-07-21-10--32--43 MovingFrameQueue Appended
INFO:root:2021-07-21-10--32--43 anomallyFrameTracker resetted to 200
INFO:root:2021-07-21-10--32--43 Colour Conversion Completed
INFO:root:2021-07-21-10--32--43 Sleep Check Completed
INFO:root:2021-07-21-10--32--43 Frame manipulations completed
INFO:root:2021-07-21-10--32--43 Bounding Box Drawn
INFO:root:2021-07-21-10--32--43 MovingFrameQueue Popped
INFO:root:2021-07-21-10--32--43 anomallyFrameTracker resetted to 200
INFO:root:2021-07-21-10--32--43 Colour Conversion Completed
INFO:root:2021-07-21-10--32--43 Sleep Check Completed
INFO:root:2021-07-21-10--32--43 Frame manipulations completed
INFO:root:2021-07-21-10--32--43 Bounding Box Drawn
INFO:root:2021-07-21-10--32--43 MovingFrameQueue Appended
INFO:root:2021-07-21-10--32--43 anomallyFrameTracker resetted to 200
INFO:root:2021-07-21-10--32--43 Colour Conversion Completed
INFO:root:2021-07-21-10--32--43 Sleep Check Completed
INFO:root:2021-07-21-10--32--43 Frame manipulations completed
INFO:root:2021-07-21-10--32--43 Bounding Box Drawn
INFO:root:2021-07-21-10--32--43 MovingFrameQueue Popped
INFO:root:2021-07-21-10--32--43 anomallyFrameTracker resetted to 200
INFO:root:2021-07-21-10--32--43 Colour Conversion Completed
INFO:root:2021-07-21-10--32--43 Sleep Check Completed
INFO:root:2021-07-21-10--32--43 Frame manipulations completed
INFO:root:2021-07-21-10--32--43 Bounding Box Drawn
INFO:root:2021-07-21-10--32--43 MovingFrameQueue Appended
INFO:root:2021-07-21-10--32--43 anomallyFrameTracker resetted to 200
INFO:root:2021-07-21-10--32--43 Colour Conversion Completed
INFO:root:2021-07-21-10--32--43 Sleep Check Completed
INFO:root:2021-07-21-10--32--43 Frame manipulations completed
INFO:root:2021-07-21-10--32--43 Bounding Box Drawn
INFO:root:2021-07-21-10--32--43 MovingFrameQueue Popped
INFO:root:2021-07-21-10--32--43 anomallyFrameTracker resetted to 200
INFO:root:2021-07-21-10--32--43 Colour Conversion Completed
INFO:root:2021-07-21-10--32--43 Sleep Check Completed
INFO:root:2021-07-21-10--32--43 Frame manipulations completed
INFO:root:2021-07-21-10--32--43 Bounding Box Drawn
INFO:root:2021-07-21-10--32--43 MovingFrameQueue Appended
INFO:root:2021-07-21-10--32--43 anomallyFrameTracker resetted to 200
INFO:root:2021-07-21-10--32--43 Colour Conversion Completed
INFO:root:2021-07-21-10--32--44 Sleep Check Completed
INFO:root:2021-07-21-10--32--44 Frame manipulations completed
INFO:root:2021-07-21-10--32--44 Bounding Box Drawn
INFO:root:2021-07-21-10--32--44 MovingFrameQueue Popped
INFO:root:2021-07-21-10--32--44 anomallyFrameTracker resetted to 200
INFO:root:2021-07-21-10--32--44 Colour Conversion Completed
INFO:root:2021-07-21-10--32--44 Sleep Check Completed
INFO:root:2021-07-21-10--32--44 Frame manipulations completed
INFO:root:2021-07-21-10--32--44 Bounding Box Drawn
INFO:root:2021-07-21-10--32--44 MovingFrameQueue Appended
INFO:root:2021-07-21-10--32--44 anomallyFrameTracker resetted to 200
INFO:root:2021-07-21-10--32--44 Colour Conversion Completed
INFO:root:2021-07-21-10--32--44 Sleep Check Completed
INFO:root:2021-07-21-10--32--44 Frame manipulations completed
INFO:root:2021-07-21-10--32--44 Bounding Box Drawn
INFO:root:2021-07-21-10--32--44 MovingFrameQueue Popped
INFO:root:2021-07-21-10--32--44 anomallyFrameTracker resetted to 200
INFO:root:2021-07-21-10--32--44 Colour Conversion Completed
INFO:root:2021-07-21-10--32--44 Sleep Check Completed
INFO:root:2021-07-21-10--32--44 Frame manipulations completed
INFO:root:2021-07-21-10--32--44 Bounding Box Drawn
INFO:root:2021-07-21-10--32--44 MovingFrameQueue Appended
INFO:root:2021-07-21-10--32--44 anomallyFrameTracker resetted to 200
INFO:root:2021-07-21-10--32--44 Colour Conversion Completed
INFO:root:2021-07-21-10--32--44 Sleep Check Completed
INFO:root:2021-07-21-10--32--44 Frame manipulations completed
INFO:root:2021-07-21-10--32--44 Bounding Box Drawn
INFO:root:2021-07-21-10--32--44 MovingFrameQueue Popped
INFO:root:2021-07-21-10--32--44 anomallyFrameTracker resetted to 200
INFO:root:2021-07-21-10--32--44 Colour Conversion Completed
INFO:root:2021-07-21-10--32--44 Sleep Check Completed
INFO:root:2021-07-21-10--32--44 Frame manipulations completed
INFO:root:2021-07-21-10--32--44 Bounding Box Drawn
INFO:root:2021-07-21-10--32--44 MovingFrameQueue Appended
INFO:root:2021-07-21-10--32--44 anomallyFrameTracker resetted to 200
INFO:root:2021-07-21-10--32--44 Colour Conversion Completed
INFO:root:2021-07-21-10--32--44 Sleep Check Completed
INFO:root:2021-07-21-10--32--44 Frame manipulations completed
INFO:root:2021-07-21-10--32--44 Bounding Box Drawn
INFO:root:2021-07-21-10--32--45 MovingFrameQueue Popped
INFO:root:2021-07-21-10--32--45 anomallyFrameTracker resetted to 200
INFO:root:2021-07-21-10--32--45 Colour Conversion Completed
INFO:root:2021-07-21-10--32--45 Sleep Check Completed
INFO:root:2021-07-21-10--32--45 Frame manipulations completed
INFO:root:2021-07-21-10--32--45 Bounding Box Drawn
INFO:root:2021-07-21-10--32--45 MovingFrameQueue Appended
INFO:root:2021-07-21-10--32--45 anomallyFrameTracker resetted to 200
INFO:root:2021-07-21-10--32--45 Colour Conversion Completed
INFO:root:2021-07-21-10--32--45 Sleep Check Completed
INFO:root:2021-07-21-10--32--45 Frame manipulations completed
INFO:root:2021-07-21-10--32--45 Bounding Box Drawn
INFO:root:2021-07-21-10--32--45 MovingFrameQueue Popped
INFO:root:2021-07-21-10--32--45 anomallyFrameTracker resetted to 200
INFO:root:2021-07-21-10--32--45 Colour Conversion Completed
INFO:root:2021-07-21-10--32--45 Sleep Check Completed
INFO:root:2021-07-21-10--32--45 Frame manipulations completed
INFO:root:2021-07-21-10--32--45 Bounding Box Drawn
INFO:root:2021-07-21-10--32--45 MovingFrameQueue Appended
INFO:root:2021-07-21-10--32--45 anomallyFrameTracker resetted to 200
INFO:root:2021-07-21-10--32--45 Colour Conversion Completed
INFO:root:2021-07-21-10--32--45 Sleep Check Completed
INFO:root:2021-07-21-10--32--45 Frame manipulations completed
INFO:root:2021-07-21-10--32--45 Bounding Box Drawn
INFO:root:2021-07-21-10--32--45 MovingFrameQueue Popped
INFO:root:2021-07-21-10--32--45 anomallyFrameTracker resetted to 200
INFO:root:2021-07-21-10--32--45 Colour Conversion Completed
INFO:root:2021-07-21-10--32--45 Sleep Check Completed
INFO:root:2021-07-21-10--32--45 Frame manipulations completed
INFO:root:2021-07-21-10--32--45 Bounding Box Drawn
INFO:root:2021-07-21-10--32--45 MovingFrameQueue Appended
INFO:root:2021-07-21-10--32--45 anomallyFrameTracker resetted to 200
INFO:root:2021-07-21-10--32--45 Colour Conversion Completed
INFO:root:2021-07-21-10--32--45 Sleep Check Completed
INFO:root:2021-07-21-10--32--45 Frame manipulations completed
INFO:root:2021-07-21-10--32--45 Bounding Box Drawn
INFO:root:2021-07-21-10--32--46 MovingFrameQueue Popped
INFO:root:2021-07-21-10--32--46 anomallyFrameTracker resetted to 200
INFO:root:2021-07-21-10--32--46 Colour Conversion Completed
INFO:root:2021-07-21-10--32--46 Sleep Check Completed
INFO:root:2021-07-21-10--32--46 Frame manipulations completed
INFO:root:2021-07-21-10--32--46 Bounding Box Drawn
INFO:root:2021-07-21-10--32--46 MovingFrameQueue Appended
INFO:root:2021-07-21-10--32--46 anomallyFrameTracker resetted to 200
INFO:root:2021-07-21-10--32--46 Colour Conversion Completed
INFO:root:2021-07-21-10--32--46 Sleep Check Completed
INFO:root:2021-07-21-10--32--46 Frame manipulations completed
INFO:root:2021-07-21-10--32--46 Bounding Box Drawn
INFO:root:2021-07-21-10--32--46 MovingFrameQueue Popped
INFO:root:2021-07-21-10--32--46 anomallyFrameTracker resetted to 200
INFO:root:2021-07-21-10--32--46 Colour Conversion Completed
INFO:root:2021-07-21-10--32--46 Sleep Check Completed
INFO:root:2021-07-21-10--32--46 Frame manipulations completed
INFO:root:2021-07-21-10--32--46 Bounding Box Drawn
INFO:root:2021-07-21-10--32--46 MovingFrameQueue Appended
INFO:root:2021-07-21-10--32--46 anomallyFrameTracker resetted to 200
INFO:root:2021-07-21-10--32--46 Colour Conversion Completed
INFO:root:2021-07-21-10--32--46 Sleep Check Completed
INFO:root:2021-07-21-10--32--46 Frame manipulations completed
INFO:root:2021-07-21-10--32--46 Bounding Box Drawn
INFO:root:2021-07-21-10--32--46 MovingFrameQueue Popped
INFO:root:2021-07-21-10--32--46 anomallyFrameTracker resetted to 200
INFO:root:2021-07-21-10--32--46 Colour Conversion Completed
INFO:root:2021-07-21-10--32--46 Sleep Check Completed
INFO:root:2021-07-21-10--32--46 Frame manipulations completed
INFO:root:2021-07-21-10--32--46 Bounding Box Drawn
INFO:root:2021-07-21-10--32--46 MovingFrameQueue Appended
INFO:root:2021-07-21-10--32--46 anomallyFrameTracker resetted to 200
INFO:root:2021-07-21-10--32--46 Colour Conversion Completed
INFO:root:2021-07-21-10--32--46 Sleep Check Completed
INFO:root:2021-07-21-10--32--46 Frame manipulations completed
INFO:root:2021-07-21-10--32--46 Bounding Box Drawn
INFO:root:2021-07-21-10--32--46 MovingFrameQueue Popped
INFO:root:2021-07-21-10--32--46 anomallyFrameTracker resetted to 200
INFO:root:2021-07-21-10--32--46 Colour Conversion Completed
INFO:root:2021-07-21-10--32--46 Sleep Check Completed
INFO:root:2021-07-21-10--32--46 Frame manipulations completed
INFO:root:2021-07-21-10--32--46 Bounding Box Drawn
INFO:root:2021-07-21-10--32--46 MovingFrameQueue Appended
INFO:root:2021-07-21-10--32--46 anomallyFrameTracker resetted to 200
INFO:root:2021-07-21-10--32--46 Colour Conversion Completed
INFO:root:2021-07-21-10--32--46 Sleep Check Completed
INFO:root:2021-07-21-10--32--46 Frame manipulations completed
INFO:root:2021-07-21-10--32--46 Bounding Box Drawn
INFO:root:2021-07-21-10--32--47 MovingFrameQueue Popped
INFO:root:2021-07-21-10--32--47 anomallyFrameTracker resetted to 200
INFO:root:2021-07-21-10--32--47 Colour Conversion Completed
INFO:root:2021-07-21-10--32--47 Sleep Check Completed
INFO:root:2021-07-21-10--32--47 Frame manipulations completed
INFO:root:2021-07-21-10--32--47 Bounding Box Drawn
INFO:root:2021-07-21-10--32--47 MovingFrameQueue Appended
INFO:root:2021-07-21-10--32--47 anomallyFrameTracker resetted to 200
INFO:root:2021-07-21-10--32--47 Colour Conversion Completed
INFO:root:2021-07-21-10--32--47 Sleep Check Completed
INFO:root:2021-07-21-10--32--47 Frame manipulations completed
INFO:root:2021-07-21-10--32--47 Bounding Box Drawn
INFO:root:2021-07-21-10--32--47 MovingFrameQueue Popped
INFO:root:2021-07-21-10--32--47 anomallyFrameTracker resetted to 200
INFO:root:2021-07-21-10--32--47 Colour Conversion Completed
INFO:root:2021-07-21-10--32--47 Sleep Check Completed
INFO:root:2021-07-21-10--32--47 Frame manipulations completed
INFO:root:2021-07-21-10--32--47 Bounding Box Drawn
INFO:root:2021-07-21-10--32--47 MovingFrameQueue Appended
INFO:root:2021-07-21-10--32--47 anomallyFrameTracker resetted to 200
INFO:root:2021-07-21-10--32--47 Colour Conversion Completed
INFO:root:2021-07-21-10--32--47 Sleep Check Completed
INFO:root:2021-07-21-10--32--47 Frame manipulations completed
INFO:root:2021-07-21-10--32--47 Bounding Box Drawn
INFO:root:2021-07-21-10--32--47 MovingFrameQueue Popped
INFO:root:2021-07-21-10--32--47 anomallyFrameTracker resetted to 200
INFO:root:2021-07-21-10--32--47 Colour Conversion Completed
INFO:root:2021-07-21-10--32--47 Sleep Check Completed
INFO:root:2021-07-21-10--32--47 Frame manipulations completed
INFO:root:2021-07-21-10--32--47 Bounding Box Drawn
INFO:root:2021-07-21-10--32--47 MovingFrameQueue Appended
INFO:root:2021-07-21-10--32--47 anomallyFrameTracker resetted to 200
INFO:root:2021-07-21-10--32--47 Colour Conversion Completed
INFO:root:2021-07-21-10--32--47 Sleep Check Completed
INFO:root:2021-07-21-10--32--47 Frame manipulations completed
INFO:root:2021-07-21-10--32--47 Bounding Box Drawn
INFO:root:2021-07-21-10--32--47 MovingFrameQueue Popped
INFO:root:2021-07-21-10--32--47 anomallyFrameTracker resetted to 200
INFO:root:2021-07-21-10--32--47 Colour Conversion Completed
INFO:root:2021-07-21-10--32--47 Sleep Check Completed
INFO:root:2021-07-21-10--32--47 Frame manipulations completed
INFO:root:2021-07-21-10--32--47 Bounding Box Drawn
INFO:root:2021-07-21-10--32--48 MovingFrameQueue Appended
INFO:root:2021-07-21-10--32--48 anomallyFrameTracker resetted to 200
INFO:root:2021-07-21-10--32--48 Colour Conversion Completed
INFO:root:2021-07-21-10--32--48 Sleep Check Completed
INFO:root:2021-07-21-10--32--48 Frame manipulations completed
INFO:root:2021-07-21-10--32--48 Bounding Box Drawn
INFO:root:2021-07-21-10--32--48 MovingFrameQueue Popped
INFO:root:2021-07-21-10--32--48 anomallyFrameTracker resetted to 200
INFO:root:2021-07-21-10--32--48 Colour Conversion Completed
INFO:root:2021-07-21-10--32--48 Sleep Check Completed
INFO:root:2021-07-21-10--32--48 Frame manipulations completed
INFO:root:2021-07-21-10--32--48 Bounding Box Drawn
INFO:root:2021-07-21-10--32--48 MovingFrameQueue Appended
INFO:root:2021-07-21-10--32--48 anomallyFrameTracker resetted to 200
INFO:root:2021-07-21-10--32--48 Colour Conversion Completed
INFO:root:2021-07-21-10--32--48 Sleep Check Completed
INFO:root:2021-07-21-10--32--48 Frame manipulations completed
INFO:root:2021-07-21-10--32--48 Bounding Box Drawn
INFO:root:2021-07-21-10--32--48 MovingFrameQueue Popped
INFO:root:2021-07-21-10--32--48 anomallyFrameTracker resetted to 200
INFO:root:2021-07-21-10--32--48 Colour Conversion Completed
INFO:root:2021-07-21-10--32--48 Sleep Check Completed
INFO:root:2021-07-21-10--32--48 Frame manipulations completed
INFO:root:2021-07-21-10--32--48 Bounding Box Drawn
INFO:root:2021-07-21-10--32--48 MovingFrameQueue Appended
INFO:root:2021-07-21-10--32--48 anomallyFrameTracker resetted to 200
INFO:root:2021-07-21-10--32--48 Colour Conversion Completed
INFO:root:2021-07-21-10--32--48 Sleep Check Completed
INFO:root:2021-07-21-10--32--48 Frame manipulations completed
INFO:root:2021-07-21-10--32--48 Bounding Box Drawn
INFO:root:2021-07-21-10--32--48 MovingFrameQueue Popped
INFO:root:2021-07-21-10--32--48 anomallyFrameTracker resetted to 200
INFO:root:2021-07-21-10--32--48 Colour Conversion Completed
INFO:root:2021-07-21-10--32--48 Sleep Check Completed
INFO:root:2021-07-21-10--32--48 Frame manipulations completed
INFO:root:2021-07-21-10--32--48 Bounding Box Drawn
INFO:root:2021-07-21-10--32--48 MovingFrameQueue Appended
INFO:root:2021-07-21-10--32--48 anomallyFrameTracker resetted to 200
INFO:root:2021-07-21-10--32--48 Colour Conversion Completed
INFO:root:2021-07-21-10--32--48 Sleep Check Completed
INFO:root:2021-07-21-10--32--48 Frame manipulations completed
INFO:root:2021-07-21-10--32--48 Bounding Box Drawn
INFO:root:2021-07-21-10--32--49 MovingFrameQueue Popped
INFO:root:2021-07-21-10--32--49 anomallyFrameTracker resetted to 200
INFO:root:2021-07-21-10--32--49 Colour Conversion Completed
INFO:root:2021-07-21-10--32--49 Sleep Check Completed
INFO:root:2021-07-21-10--32--49 Frame manipulations completed
INFO:root:2021-07-21-10--32--49 Bounding Box Drawn
INFO:root:2021-07-21-10--32--49 MovingFrameQueue Appended
INFO:root:2021-07-21-10--32--49 anomallyFrameTracker resetted to 200
INFO:root:2021-07-21-10--32--49 Colour Conversion Completed
INFO:root:2021-07-21-10--32--49 Sleep Check Completed
INFO:root:2021-07-21-10--32--49 Frame manipulations completed
INFO:root:2021-07-21-10--32--49 Bounding Box Drawn
INFO:root:2021-07-21-10--32--49 MovingFrameQueue Popped
INFO:root:2021-07-21-10--32--49 anomallyFrameTracker resetted to 200
INFO:root:2021-07-21-10--32--49 Colour Conversion Completed
INFO:root:2021-07-21-10--32--49 Sleep Check Completed
INFO:root:2021-07-21-10--32--49 Frame manipulations completed
INFO:root:2021-07-21-10--32--49 Bounding Box Drawn
INFO:root:2021-07-21-10--32--49 MovingFrameQueue Appended
INFO:root:2021-07-21-10--32--49 anomallyFrameTracker resetted to 200
INFO:root:2021-07-21-10--32--49 Colour Conversion Completed
INFO:root:2021-07-21-10--32--49 Sleep Check Completed
INFO:root:2021-07-21-10--32--49 Frame manipulations completed
INFO:root:2021-07-21-10--32--49 Bounding Box Drawn
INFO:root:2021-07-21-10--32--49 MovingFrameQueue Popped
INFO:root:2021-07-21-10--32--49 anomallyFrameTracker resetted to 200
INFO:root:2021-07-21-10--32--49 Colour Conversion Completed
INFO:root:2021-07-21-10--32--49 Sleep Check Completed
INFO:root:2021-07-21-10--32--49 Frame manipulations completed
INFO:root:2021-07-21-10--32--49 Bounding Box Drawn
INFO:root:2021-07-21-10--32--49 MovingFrameQueue Appended
INFO:root:2021-07-21-10--32--49 anomallyFrameTracker resetted to 200
INFO:root:2021-07-21-10--32--49 Colour Conversion Completed
INFO:root:2021-07-21-10--32--49 Sleep Check Completed
INFO:root:2021-07-21-10--32--49 Frame manipulations completed
INFO:root:2021-07-21-10--32--49 Bounding Box Drawn
INFO:root:2021-07-21-10--32--49 MovingFrameQueue Popped
INFO:root:2021-07-21-10--32--49 anomallyFrameTracker resetted to 200
INFO:root:2021-07-21-10--32--49 Colour Conversion Completed
INFO:root:2021-07-21-10--32--49 Sleep Check Completed
INFO:root:2021-07-21-10--32--49 Frame manipulations completed
INFO:root:2021-07-21-10--32--49 Bounding Box Drawn
INFO:root:2021-07-21-10--32--50 MovingFrameQueue Appended
INFO:root:2021-07-21-10--32--50 anomallyFrameTracker resetted to 200
INFO:root:2021-07-21-10--32--50 Colour Conversion Completed
INFO:root:2021-07-21-10--32--50 Sleep Check Completed
INFO:root:2021-07-21-10--32--50 Frame manipulations completed
INFO:root:2021-07-21-10--32--50 Bounding Box Drawn
INFO:root:2021-07-21-10--32--50 MovingFrameQueue Popped
INFO:root:2021-07-21-10--32--50 anomallyFrameTracker resetted to 200
INFO:root:2021-07-21-10--32--50 Colour Conversion Completed
INFO:root:2021-07-21-10--32--50 Sleep Check Completed
INFO:root:2021-07-21-10--32--50 Frame manipulations completed
INFO:root:2021-07-21-10--32--50 Bounding Box Drawn
INFO:root:2021-07-21-10--32--50 MovingFrameQueue Appended
INFO:root:2021-07-21-10--32--50 anomallyFrameTracker resetted to 200
INFO:root:2021-07-21-10--32--50 Colour Conversion Completed
INFO:root:2021-07-21-10--32--50 Sleep Check Completed
INFO:root:2021-07-21-10--32--50 Frame manipulations completed
INFO:root:2021-07-21-10--32--50 Bounding Box Drawn
INFO:root:2021-07-21-10--32--50 MovingFrameQueue Popped
INFO:root:2021-07-21-10--32--50 anomallyFrameTracker resetted to 200
INFO:root:2021-07-21-10--32--50 Colour Conversion Completed
INFO:root:2021-07-21-10--32--50 Sleep Check Completed
INFO:root:2021-07-21-10--32--50 Frame manipulations completed
INFO:root:2021-07-21-10--32--50 Bounding Box Drawn
INFO:root:2021-07-21-10--32--50 MovingFrameQueue Appended
INFO:root:2021-07-21-10--32--50 anomallyFrameTracker resetted to 200
INFO:root:2021-07-21-10--32--50 Colour Conversion Completed
INFO:root:2021-07-21-10--32--50 Sleep Check Completed
INFO:root:2021-07-21-10--32--50 Frame manipulations completed
INFO:root:2021-07-21-10--32--50 Bounding Box Drawn
INFO:root:2021-07-21-10--32--50 MovingFrameQueue Popped
INFO:root:2021-07-21-10--32--50 anomallyFrameTracker resetted to 200
INFO:root:2021-07-21-10--32--50 Colour Conversion Completed
INFO:root:2021-07-21-10--32--50 Sleep Check Completed
INFO:root:2021-07-21-10--32--50 Frame manipulations completed
INFO:root:2021-07-21-10--32--50 Bounding Box Drawn
INFO:root:2021-07-21-10--32--50 MovingFrameQueue Appended
INFO:root:2021-07-21-10--32--50 anomallyFrameTracker resetted to 200
INFO:root:2021-07-21-10--32--50 Colour Conversion Completed
INFO:root:2021-07-21-10--32--50 Sleep Check Completed
INFO:root:2021-07-21-10--32--50 Frame manipulations completed
INFO:root:2021-07-21-10--32--50 Bounding Box Drawn
INFO:root:2021-07-21-10--32--50 MovingFrameQueue Popped
INFO:root:2021-07-21-10--32--50 anomallyFrameTracker resetted to 200
INFO:root:2021-07-21-10--32--50 Colour Conversion Completed
INFO:root:2021-07-21-10--32--50 Sleep Check Completed
INFO:root:2021-07-21-10--32--50 Frame manipulations completed
INFO:root:2021-07-21-10--32--50 Bounding Box Drawn
INFO:root:2021-07-21-10--32--51 MovingFrameQueue Appended
INFO:root:2021-07-21-10--32--51 anomallyFrameTracker resetted to 200
INFO:root:2021-07-21-10--32--51 Colour Conversion Completed
INFO:root:2021-07-21-10--32--51 Sleep Check Completed
INFO:root:2021-07-21-10--32--51 Frame manipulations completed
INFO:root:2021-07-21-10--32--51 Bounding Box Drawn
INFO:root:2021-07-21-10--32--51 MovingFrameQueue Popped
INFO:root:2021-07-21-10--32--51 anomallyFrameTracker resetted to 200
INFO:root:2021-07-21-10--32--51 Colour Conversion Completed
INFO:root:2021-07-21-10--32--51 Sleep Check Completed
INFO:root:2021-07-21-10--32--51 Frame manipulations completed
INFO:root:2021-07-21-10--32--51 Bounding Box Drawn
INFO:root:2021-07-21-10--32--51 MovingFrameQueue Appended
INFO:root:2021-07-21-10--32--51 anomallyFrameTracker resetted to 200
INFO:root:2021-07-21-10--32--51 Colour Conversion Completed
INFO:root:2021-07-21-10--32--51 Sleep Check Completed
INFO:root:2021-07-21-10--32--51 Frame manipulations completed
INFO:root:2021-07-21-10--32--51 Bounding Box Drawn
INFO:root:2021-07-21-10--32--51 MovingFrameQueue Popped
INFO:root:2021-07-21-10--32--51 anomallyFrameTracker resetted to 200
INFO:root:2021-07-21-10--32--51 Colour Conversion Completed
INFO:root:2021-07-21-10--32--51 Sleep Check Completed
INFO:root:2021-07-21-10--32--51 Frame manipulations completed
INFO:root:2021-07-21-10--32--51 Bounding Box Drawn
INFO:root:2021-07-21-10--32--51 MovingFrameQueue Appended
INFO:root:2021-07-21-10--32--51 anomallyFrameTracker resetted to 200
INFO:root:2021-07-21-10--32--51 Colour Conversion Completed
INFO:root:2021-07-21-10--32--51 Sleep Check Completed
INFO:root:2021-07-21-10--32--51 Frame manipulations completed
INFO:root:2021-07-21-10--32--51 Bounding Box Drawn
INFO:root:2021-07-21-10--32--51 MovingFrameQueue Popped
INFO:root:2021-07-21-10--32--51 anomallyFrameTracker resetted to 200
INFO:root:2021-07-21-10--32--51 Colour Conversion Completed
INFO:root:2021-07-21-10--32--51 Sleep Check Completed
INFO:root:2021-07-21-10--32--51 Frame manipulations completed
INFO:root:2021-07-21-10--32--51 Bounding Box Drawn
INFO:root:2021-07-21-10--32--52 MovingFrameQueue Appended
INFO:root:2021-07-21-10--32--52 anomallyFrameTracker resetted to 200
INFO:root:2021-07-21-10--32--52 Colour Conversion Completed
INFO:root:2021-07-21-10--32--52 Sleep Check Completed
INFO:root:2021-07-21-10--32--52 Frame manipulations completed
INFO:root:2021-07-21-10--32--52 Bounding Box Drawn
INFO:root:2021-07-21-10--32--52 MovingFrameQueue Popped
INFO:root:2021-07-21-10--32--52 anomallyFrameTracker resetted to 200
INFO:root:2021-07-21-10--32--52 Colour Conversion Completed
INFO:root:2021-07-21-10--32--52 Sleep Check Completed
INFO:root:2021-07-21-10--32--52 Frame manipulations completed
INFO:root:2021-07-21-10--32--52 Bounding Box Drawn
INFO:root:2021-07-21-10--32--52 MovingFrameQueue Appended
INFO:root:2021-07-21-10--32--52 anomallyFrameTracker resetted to 200
INFO:root:2021-07-21-10--32--52 Colour Conversion Completed
INFO:root:2021-07-21-10--32--52 Sleep Check Completed
INFO:root:2021-07-21-10--32--52 Frame manipulations completed
INFO:root:2021-07-21-10--32--52 Bounding Box Drawn
INFO:root:2021-07-21-10--32--52 MovingFrameQueue Popped
INFO:root:2021-07-21-10--32--52 anomallyFrameTracker resetted to 200
INFO:root:2021-07-21-10--32--52 Colour Conversion Completed
INFO:root:2021-07-21-10--32--52 Sleep Check Completed
INFO:root:2021-07-21-10--32--52 Frame manipulations completed
INFO:root:2021-07-21-10--32--52 Bounding Box Drawn
INFO:root:2021-07-21-10--32--52 MovingFrameQueue Appended
INFO:root:2021-07-21-10--32--52 anomallyFrameTracker resetted to 200
INFO:root:2021-07-21-10--32--52 Colour Conversion Completed
INFO:root:2021-07-21-10--32--52 Sleep Check Completed
INFO:root:2021-07-21-10--32--52 Frame manipulations completed
INFO:root:2021-07-21-10--32--52 Bounding Box Drawn
INFO:root:2021-07-21-10--32--52 MovingFrameQueue Popped
INFO:root:2021-07-21-10--32--52 anomallyFrameTracker resetted to 200
INFO:root:2021-07-21-10--32--52 Colour Conversion Completed
INFO:root:2021-07-21-10--32--52 Sleep Check Completed
INFO:root:2021-07-21-10--32--52 Frame manipulations completed
INFO:root:2021-07-21-10--32--52 Bounding Box Drawn
INFO:root:2021-07-21-10--32--52 MovingFrameQueue Appended
INFO:root:2021-07-21-10--32--52 anomallyFrameTracker resetted to 200
INFO:root:2021-07-21-10--32--52 Colour Conversion Completed
INFO:root:2021-07-21-10--32--52 Sleep Check Completed
INFO:root:2021-07-21-10--32--52 Frame manipulations completed
INFO:root:2021-07-21-10--32--52 Bounding Box Drawn
INFO:root:2021-07-21-10--32--52 MovingFrameQueue Popped
INFO:root:2021-07-21-10--32--52 anomallyFrameTracker resetted to 200
INFO:root:2021-07-21-10--32--52 Colour Conversion Completed
INFO:root:2021-07-21-10--32--52 Sleep Check Completed
INFO:root:2021-07-21-10--32--52 Frame manipulations completed
INFO:root:2021-07-21-10--32--52 Bounding Box Drawn
INFO:root:2021-07-21-10--32--53 MovingFrameQueue Appended
INFO:root:2021-07-21-10--32--53 anomallyFrameTracker resetted to 200
INFO:root:2021-07-21-10--32--53 Colour Conversion Completed
INFO:root:2021-07-21-10--32--53 Sleep Check Completed
INFO:root:2021-07-21-10--32--53 Frame manipulations completed
INFO:root:2021-07-21-10--32--53 Bounding Box Drawn
INFO:root:2021-07-21-10--32--53 MovingFrameQueue Popped
INFO:root:2021-07-21-10--32--53 anomallyFrameTracker resetted to 200
INFO:root:2021-07-21-10--32--53 Colour Conversion Completed
INFO:root:2021-07-21-10--32--53 Sleep Check Completed
INFO:root:2021-07-21-10--32--53 Frame manipulations completed
INFO:root:2021-07-21-10--32--53 Bounding Box Drawn
INFO:root:2021-07-21-10--32--53 MovingFrameQueue Appended
INFO:root:2021-07-21-10--32--53 anomallyFrameTracker resetted to 200
INFO:root:2021-07-21-10--32--53 Colour Conversion Completed
INFO:root:2021-07-21-10--32--53 Sleep Check Completed
INFO:root:2021-07-21-10--32--53 Frame manipulations completed
INFO:root:2021-07-21-10--32--53 Bounding Box Drawn
INFO:root:2021-07-21-10--32--53 MovingFrameQueue Popped
INFO:root:2021-07-21-10--32--53 anomallyFrameTracker resetted to 200
INFO:root:2021-07-21-10--32--53 Colour Conversion Completed
INFO:root:2021-07-21-10--32--53 Sleep Check Completed
INFO:root:2021-07-21-10--32--53 Frame manipulations completed
INFO:root:2021-07-21-10--32--53 Bounding Box Drawn
INFO:root:2021-07-21-10--32--53 MovingFrameQueue Appended
INFO:root:2021-07-21-10--32--53 anomallyFrameTracker resetted to 200
INFO:root:2021-07-21-10--32--53 Colour Conversion Completed
INFO:root:2021-07-21-10--32--53 Sleep Check Completed
INFO:root:2021-07-21-10--32--53 Frame manipulations completed
INFO:root:2021-07-21-10--32--53 Bounding Box Drawn
INFO:root:2021-07-21-10--32--53 MovingFrameQueue Popped
INFO:root:2021-07-21-10--32--53 anomallyFrameTracker resetted to 200
INFO:root:2021-07-21-10--32--53 Colour Conversion Completed
INFO:root:2021-07-21-10--32--53 Sleep Check Completed
INFO:root:2021-07-21-10--32--53 Frame manipulations completed
INFO:root:2021-07-21-10--32--53 Bounding Box Drawn
INFO:root:2021-07-21-10--32--53 MovingFrameQueue Appended
INFO:root:2021-07-21-10--32--53 anomallyFrameTracker resetted to 200
INFO:root:2021-07-21-10--32--53 Colour Conversion Completed
INFO:root:2021-07-21-10--32--53 Sleep Check Completed
INFO:root:2021-07-21-10--32--53 Frame manipulations completed
INFO:root:2021-07-21-10--32--53 Bounding Box Drawn
INFO:root:2021-07-21-10--32--54 MovingFrameQueue Popped
INFO:root:2021-07-21-10--32--54 anomallyFrameTracker resetted to 200
INFO:root:2021-07-21-10--32--54 Colour Conversion Completed
INFO:root:2021-07-21-10--32--54 Sleep Check Completed
INFO:root:2021-07-21-10--32--54 Frame manipulations completed
INFO:root:2021-07-21-10--32--54 Bounding Box Drawn
INFO:root:2021-07-21-10--32--54 MovingFrameQueue Appended
INFO:root:2021-07-21-10--32--54 anomallyFrameTracker resetted to 200
INFO:root:2021-07-21-10--32--54 Colour Conversion Completed
INFO:root:2021-07-21-10--32--54 Sleep Check Completed
INFO:root:2021-07-21-10--32--54 Frame manipulations completed
INFO:root:2021-07-21-10--32--54 Bounding Box Drawn
INFO:root:2021-07-21-10--32--54 MovingFrameQueue Popped
INFO:root:2021-07-21-10--32--54 anomallyFrameTracker resetted to 200
INFO:root:2021-07-21-10--32--54 Colour Conversion Completed
INFO:root:2021-07-21-10--32--54 Sleep Check Completed
INFO:root:2021-07-21-10--32--54 Frame manipulations completed
INFO:root:2021-07-21-10--32--54 Bounding Box Drawn
INFO:root:2021-07-21-10--32--54 MovingFrameQueue Appended
INFO:root:2021-07-21-10--32--54 anomallyFrameTracker resetted to 200
INFO:root:2021-07-21-10--32--54 Colour Conversion Completed
INFO:root:2021-07-21-10--32--54 Sleep Check Completed
INFO:root:2021-07-21-10--32--54 Frame manipulations completed
INFO:root:2021-07-21-10--32--54 Bounding Box Drawn
INFO:root:2021-07-21-10--32--54 MovingFrameQueue Popped
INFO:root:2021-07-21-10--32--54 anomallyFrameTracker resetted to 200
INFO:root:2021-07-21-10--32--54 Colour Conversion Completed
INFO:root:2021-07-21-10--32--54 Sleep Check Completed
INFO:root:2021-07-21-10--32--54 Frame manipulations completed
INFO:root:2021-07-21-10--32--54 Bounding Box Drawn
INFO:root:2021-07-21-10--32--54 MovingFrameQueue Appended
INFO:root:2021-07-21-10--32--54 anomallyFrameTracker resetted to 200
INFO:root:2021-07-21-10--32--54 Colour Conversion Completed
INFO:root:2021-07-21-10--32--54 Sleep Check Completed
INFO:root:2021-07-21-10--32--54 Frame manipulations completed
INFO:root:2021-07-21-10--32--54 Bounding Box Drawn
INFO:root:2021-07-21-10--32--54 MovingFrameQueue Popped
INFO:root:2021-07-21-10--32--54 anomallyFrameTracker resetted to 200
INFO:root:2021-07-21-10--32--54 Colour Conversion Completed
INFO:root:2021-07-21-10--32--54 Sleep Check Completed
INFO:root:2021-07-21-10--32--54 Frame manipulations completed
INFO:root:2021-07-21-10--32--54 Bounding Box Drawn
INFO:root:2021-07-21-10--32--54 MovingFrameQueue Appended
INFO:root:2021-07-21-10--32--54 anomallyFrameTracker resetted to 200
INFO:root:2021-07-21-10--32--54 Colour Conversion Completed
INFO:root:2021-07-21-10--32--54 Sleep Check Completed
INFO:root:2021-07-21-10--32--54 Frame manipulations completed
INFO:root:2021-07-21-10--32--54 Bounding Box Drawn
INFO:root:2021-07-21-10--32--55 MovingFrameQueue Popped
INFO:root:2021-07-21-10--32--55 anomallyFrameTracker resetted to 200
INFO:root:2021-07-21-10--32--55 Colour Conversion Completed
INFO:root:2021-07-21-10--32--55 Sleep Check Completed
INFO:root:2021-07-21-10--32--55 Frame manipulations completed
INFO:root:2021-07-21-10--32--55 Bounding Box Drawn
INFO:root:2021-07-21-10--32--55 MovingFrameQueue Appended
INFO:root:2021-07-21-10--32--55 anomallyFrameTracker resetted to 200
INFO:root:2021-07-21-10--32--55 Colour Conversion Completed
INFO:root:2021-07-21-10--32--55 Sleep Check Completed
INFO:root:2021-07-21-10--32--55 Frame manipulations completed
INFO:root:2021-07-21-10--32--55 Bounding Box Drawn
INFO:root:2021-07-21-10--32--55 MovingFrameQueue Popped
INFO:root:2021-07-21-10--32--55 anomallyFrameTracker resetted to 200
INFO:root:2021-07-21-10--32--55 Colour Conversion Completed
INFO:root:2021-07-21-10--32--55 Sleep Check Completed
INFO:root:2021-07-21-10--32--55 Frame manipulations completed
INFO:root:2021-07-21-10--32--55 Bounding Box Drawn
INFO:root:2021-07-21-10--32--55 MovingFrameQueue Appended
INFO:root:2021-07-21-10--32--55 anomallyFrameTracker resetted to 200
INFO:root:2021-07-21-10--32--55 Colour Conversion Completed
INFO:root:2021-07-21-10--32--55 Sleep Check Completed
INFO:root:2021-07-21-10--32--55 Frame manipulations completed
INFO:root:2021-07-21-10--32--55 Bounding Box Drawn
INFO:root:2021-07-21-10--32--55 MovingFrameQueue Popped
INFO:root:2021-07-21-10--32--55 anomallyFrameTracker resetted to 200
INFO:root:2021-07-21-10--32--55 Colour Conversion Completed
INFO:root:2021-07-21-10--32--55 Sleep Check Completed
INFO:root:2021-07-21-10--32--55 Frame manipulations completed
INFO:root:2021-07-21-10--32--55 Bounding Box Drawn
INFO:root:2021-07-21-10--32--55 MovingFrameQueue Appended
INFO:root:2021-07-21-10--32--55 anomallyFrameTracker resetted to 200
INFO:root:2021-07-21-10--32--55 Colour Conversion Completed
INFO:root:2021-07-21-10--32--55 Sleep Check Completed
INFO:root:2021-07-21-10--32--55 Frame manipulations completed
INFO:root:2021-07-21-10--32--55 Bounding Box Drawn
INFO:root:2021-07-21-10--32--55 MovingFrameQueue Popped
INFO:root:2021-07-21-10--32--55 anomallyFrameTracker resetted to 200
INFO:root:2021-07-21-10--32--55 Colour Conversion Completed
INFO:root:2021-07-21-10--32--55 Sleep Check Completed
INFO:root:2021-07-21-10--32--55 Frame manipulations completed
INFO:root:2021-07-21-10--32--55 Bounding Box Drawn
INFO:root:2021-07-21-10--32--56 MovingFrameQueue Appended
INFO:root:2021-07-21-10--32--56 anomallyFrameTracker resetted to 200
INFO:root:2021-07-21-10--32--56 Colour Conversion Completed
INFO:root:2021-07-21-10--32--56 Sleep Check Completed
INFO:root:2021-07-21-10--32--56 Frame manipulations completed
INFO:root:2021-07-21-10--32--56 Bounding Box Drawn
INFO:root:2021-07-21-10--32--56 MovingFrameQueue Popped
INFO:root:2021-07-21-10--32--56 anomallyFrameTracker resetted to 200
INFO:root:2021-07-21-10--32--56 Colour Conversion Completed
INFO:root:2021-07-21-10--32--56 Sleep Check Completed
INFO:root:2021-07-21-10--32--56 Frame manipulations completed
INFO:root:2021-07-21-10--32--56 Bounding Box Drawn
INFO:root:2021-07-21-10--32--56 MovingFrameQueue Appended
INFO:root:2021-07-21-10--32--56 anomallyFrameTracker resetted to 200
INFO:root:2021-07-21-10--32--56 Colour Conversion Completed
INFO:root:2021-07-21-10--32--56 Sleep Check Completed
INFO:root:2021-07-21-10--32--56 Frame manipulations completed
INFO:root:2021-07-21-10--32--56 Bounding Box Drawn
INFO:root:2021-07-21-10--32--56 MovingFrameQueue Popped
INFO:root:2021-07-21-10--32--56 anomallyFrameTracker resetted to 200
INFO:root:2021-07-21-10--32--56 Colour Conversion Completed
INFO:root:2021-07-21-10--32--56 Sleep Check Completed
INFO:root:2021-07-21-10--32--56 Frame manipulations completed
INFO:root:2021-07-21-10--32--56 Bounding Box Drawn
INFO:root:2021-07-21-10--32--56 MovingFrameQueue Appended
INFO:root:2021-07-21-10--32--56 anomallyFrameTracker resetted to 200
INFO:root:2021-07-21-10--32--56 Colour Conversion Completed
INFO:root:2021-07-21-10--32--56 Sleep Check Completed
INFO:root:2021-07-21-10--32--56 Frame manipulations completed
INFO:root:2021-07-21-10--32--56 Bounding Box Drawn
INFO:root:2021-07-21-10--32--56 MovingFrameQueue Popped
INFO:root:2021-07-21-10--32--56 anomallyFrameTracker resetted to 200
INFO:root:2021-07-21-10--32--56 Colour Conversion Completed
INFO:root:2021-07-21-10--32--56 Sleep Check Completed
INFO:root:2021-07-21-10--32--56 Frame manipulations completed
INFO:root:2021-07-21-10--32--56 Bounding Box Drawn
INFO:root:2021-07-21-10--32--57 MovingFrameQueue Appended
INFO:root:2021-07-21-10--32--57 anomallyFrameTracker resetted to 200
INFO:root:2021-07-21-10--32--57 Colour Conversion Completed
INFO:root:2021-07-21-10--32--57 Sleep Check Completed
INFO:root:2021-07-21-10--32--57 Frame manipulations completed
INFO:root:2021-07-21-10--32--57 Bounding Box Drawn
INFO:root:2021-07-21-10--32--57 MovingFrameQueue Popped
INFO:root:2021-07-21-10--32--57 anomallyFrameTracker resetted to 200
INFO:root:2021-07-21-10--32--57 Colour Conversion Completed
INFO:root:2021-07-21-10--32--57 Sleep Check Completed
INFO:root:2021-07-21-10--32--57 Frame manipulations completed
INFO:root:2021-07-21-10--32--57 Bounding Box Drawn
INFO:root:2021-07-21-10--32--57 MovingFrameQueue Appended
INFO:root:2021-07-21-10--32--57 anomallyFrameTracker resetted to 200
INFO:root:2021-07-21-10--32--57 Colour Conversion Completed
INFO:root:2021-07-21-10--32--57 Sleep Check Completed
INFO:root:2021-07-21-10--32--57 Frame manipulations completed
INFO:root:2021-07-21-10--32--57 Bounding Box Drawn
INFO:root:2021-07-21-10--32--57 MovingFrameQueue Popped
INFO:root:2021-07-21-10--32--57 anomallyFrameTracker resetted to 200
INFO:root:2021-07-21-10--32--57 Colour Conversion Completed
INFO:root:2021-07-21-10--32--57 Sleep Check Completed
INFO:root:2021-07-21-10--32--57 Frame manipulations completed
INFO:root:2021-07-21-10--32--57 Bounding Box Drawn
INFO:root:2021-07-21-10--32--57 MovingFrameQueue Appended
INFO:root:2021-07-21-10--32--57 anomallyFrameTracker resetted to 200
INFO:root:2021-07-21-10--32--57 Colour Conversion Completed
INFO:root:2021-07-21-10--32--57 Sleep Check Completed
INFO:root:2021-07-21-10--32--57 Frame manipulations completed
INFO:root:2021-07-21-10--32--57 Bounding Box Drawn
INFO:root:2021-07-21-10--32--57 MovingFrameQueue Popped
INFO:root:2021-07-21-10--32--57 anomallyFrameTracker resetted to 200
INFO:root:2021-07-21-10--32--57 Colour Conversion Completed
INFO:root:2021-07-21-10--32--57 Sleep Check Completed
INFO:root:2021-07-21-10--32--57 Frame manipulations completed
INFO:root:2021-07-21-10--32--57 Bounding Box Drawn
INFO:root:2021-07-21-10--32--57 MovingFrameQueue Appended
INFO:root:2021-07-21-10--32--57 anomallyFrameTracker resetted to 200
INFO:root:2021-07-21-10--32--57 Colour Conversion Completed
INFO:root:2021-07-21-10--32--57 Sleep Check Completed
INFO:root:2021-07-21-10--32--57 Frame manipulations completed
INFO:root:2021-07-21-10--32--57 Bounding Box Drawn
INFO:root:2021-07-21-10--32--58 MovingFrameQueue Popped
INFO:root:2021-07-21-10--32--58 anomallyFrameTracker resetted to 200
INFO:root:2021-07-21-10--32--58 Colour Conversion Completed
INFO:root:2021-07-21-10--32--58 Sleep Check Completed
INFO:root:2021-07-21-10--32--58 Frame manipulations completed
INFO:root:2021-07-21-10--32--58 Bounding Box Drawn
INFO:root:2021-07-21-10--32--58 MovingFrameQueue Appended
INFO:root:2021-07-21-10--32--58 anomallyFrameTracker resetted to 200
INFO:root:2021-07-21-10--32--58 Colour Conversion Completed
INFO:root:2021-07-21-10--32--58 Sleep Check Completed
INFO:root:2021-07-21-10--32--58 Frame manipulations completed
INFO:root:2021-07-21-10--32--58 Bounding Box Drawn
INFO:root:2021-07-21-10--32--58 MovingFrameQueue Popped
INFO:root:2021-07-21-10--32--58 anomallyFrameTracker resetted to 200
INFO:root:2021-07-21-10--32--58 Colour Conversion Completed
INFO:root:2021-07-21-10--32--58 Sleep Check Completed
INFO:root:2021-07-21-10--32--58 Frame manipulations completed
INFO:root:2021-07-21-10--32--58 Bounding Box Drawn
INFO:root:2021-07-21-10--32--58 MovingFrameQueue Appended
INFO:root:2021-07-21-10--32--58 anomallyFrameTracker resetted to 200
INFO:root:2021-07-21-10--32--58 Colour Conversion Completed
INFO:root:2021-07-21-10--32--58 Sleep Check Completed
INFO:root:2021-07-21-10--32--58 Frame manipulations completed
INFO:root:2021-07-21-10--32--58 Bounding Box Drawn
INFO:root:2021-07-21-10--32--58 MovingFrameQueue Popped
INFO:root:2021-07-21-10--32--58 anomallyFrameTracker resetted to 200
INFO:root:2021-07-21-10--32--58 Colour Conversion Completed
INFO:root:2021-07-21-10--32--58 Sleep Check Completed
INFO:root:2021-07-21-10--32--58 Frame manipulations completed
INFO:root:2021-07-21-10--32--58 Bounding Box Drawn
INFO:root:2021-07-21-10--32--58 MovingFrameQueue Appended
INFO:root:2021-07-21-10--32--58 anomallyFrameTracker resetted to 200
INFO:root:2021-07-21-10--32--58 Colour Conversion Completed
INFO:root:2021-07-21-10--32--58 Sleep Check Completed
INFO:root:2021-07-21-10--32--58 Frame manipulations completed
INFO:root:2021-07-21-10--32--58 Bounding Box Drawn
INFO:root:2021-07-21-10--32--59 MovingFrameQueue Popped
INFO:root:2021-07-21-10--32--59 anomallyFrameTracker resetted to 200
INFO:root:2021-07-21-10--32--59 Colour Conversion Completed
INFO:root:2021-07-21-10--32--59 Sleep Check Completed
INFO:root:2021-07-21-10--32--59 Frame manipulations completed
INFO:root:2021-07-21-10--32--59 Bounding Box Drawn
INFO:root:2021-07-21-10--32--59 MovingFrameQueue Appended
INFO:root:2021-07-21-10--32--59 anomallyFrameTracker resetted to 200
INFO:root:2021-07-21-10--32--59 Colour Conversion Completed
INFO:root:2021-07-21-10--32--59 Sleep Check Completed
INFO:root:2021-07-21-10--32--59 Frame manipulations completed
INFO:root:2021-07-21-10--32--59 Bounding Box Drawn
INFO:root:2021-07-21-10--32--59 MovingFrameQueue Popped
INFO:root:2021-07-21-10--32--59 anomallyFrameTracker resetted to 200
INFO:root:2021-07-21-10--32--59 Colour Conversion Completed
INFO:root:2021-07-21-10--32--59 Sleep Check Completed
INFO:root:2021-07-21-10--32--59 Frame manipulations completed
INFO:root:2021-07-21-10--32--59 Bounding Box Drawn
INFO:root:2021-07-21-10--32--59 MovingFrameQueue Appended
INFO:root:2021-07-21-10--32--59 anomallyFrameTracker resetted to 200
INFO:root:2021-07-21-10--32--59 Colour Conversion Completed
INFO:root:2021-07-21-10--32--59 Sleep Check Completed
INFO:root:2021-07-21-10--32--59 Frame manipulations completed
INFO:root:2021-07-21-10--32--59 Bounding Box Drawn
INFO:root:2021-07-21-10--32--59 MovingFrameQueue Popped
INFO:root:2021-07-21-10--32--59 anomallyFrameTracker resetted to 200
INFO:root:2021-07-21-10--32--59 Colour Conversion Completed
INFO:root:2021-07-21-10--32--59 Sleep Check Completed
INFO:root:2021-07-21-10--32--59 Frame manipulations completed
INFO:root:2021-07-21-10--32--59 Bounding Box Drawn
INFO:root:2021-07-21-10--32--59 MovingFrameQueue Appended
INFO:root:2021-07-21-10--32--59 anomallyFrameTracker resetted to 200
INFO:root:2021-07-21-10--32--59 Colour Conversion Completed
INFO:root:2021-07-21-10--32--59 Sleep Check Completed
INFO:root:2021-07-21-10--32--59 Frame manipulations completed
INFO:root:2021-07-21-10--32--59 Bounding Box Drawn
INFO:root:2021-07-21-10--33--00 MovingFrameQueue Popped
INFO:root:2021-07-21-10--33--00 anomallyFrameTracker resetted to 200
INFO:root:2021-07-21-10--33--00 Colour Conversion Completed
INFO:root:2021-07-21-10--33--00 Sleep Check Completed
INFO:root:2021-07-21-10--33--00 Frame manipulations completed
INFO:root:2021-07-21-10--33--00 Bounding Box Drawn
INFO:root:2021-07-21-10--33--00 MovingFrameQueue Appended
INFO:root:2021-07-21-10--33--00 anomallyFrameTracker resetted to 200
INFO:root:2021-07-21-10--33--00 Colour Conversion Completed
INFO:root:2021-07-21-10--33--00 Sleep Check Completed
INFO:root:2021-07-21-10--33--00 Frame manipulations completed
INFO:root:2021-07-21-10--33--00 Bounding Box Drawn
INFO:root:2021-07-21-10--33--00 MovingFrameQueue Popped
INFO:root:2021-07-21-10--33--00 anomallyFrameTracker resetted to 200
INFO:root:2021-07-21-10--33--00 Colour Conversion Completed
INFO:root:2021-07-21-10--33--00 Sleep Check Completed
INFO:root:2021-07-21-10--33--00 Frame manipulations completed
INFO:root:2021-07-21-10--33--00 Bounding Box Drawn
INFO:root:2021-07-21-10--33--00 MovingFrameQueue Appended
INFO:root:2021-07-21-10--33--00 anomallyFrameTracker resetted to 200
INFO:root:2021-07-21-10--33--00 Colour Conversion Completed
INFO:root:2021-07-21-10--33--00 Sleep Check Completed
INFO:root:2021-07-21-10--33--00 Frame manipulations completed
INFO:root:2021-07-21-10--33--00 Bounding Box Drawn
INFO:root:2021-07-21-10--33--00 MovingFrameQueue Popped
INFO:root:2021-07-21-10--33--00 anomallyFrameTracker resetted to 200
INFO:root:2021-07-21-10--33--00 Colour Conversion Completed
INFO:root:2021-07-21-10--33--00 Sleep Check Completed
INFO:root:2021-07-21-10--33--00 Frame manipulations completed
INFO:root:2021-07-21-10--33--00 Bounding Box Drawn
INFO:root:2021-07-21-10--33--00 MovingFrameQueue Appended
INFO:root:2021-07-21-10--33--00 anomallyFrameTracker resetted to 200
INFO:root:2021-07-21-10--33--00 Colour Conversion Completed
INFO:root:2021-07-21-10--33--00 Sleep Check Completed
INFO:root:2021-07-21-10--33--00 Frame manipulations completed
INFO:root:2021-07-21-10--33--00 Bounding Box Drawn
INFO:root:2021-07-21-10--33--01 MovingFrameQueue Popped
INFO:root:2021-07-21-10--33--01 anomallyFrameTracker resetted to 200
INFO:root:2021-07-21-10--33--01 Colour Conversion Completed
INFO:root:2021-07-21-10--33--01 Sleep Check Completed
INFO:root:2021-07-21-10--33--01 Frame manipulations completed
INFO:root:2021-07-21-10--33--01 Bounding Box Drawn
INFO:root:2021-07-21-10--33--01 MovingFrameQueue Appended
INFO:root:2021-07-21-10--33--01 anomallyFrameTracker resetted to 200
INFO:root:2021-07-21-10--33--01 Colour Conversion Completed
INFO:root:2021-07-21-10--33--01 Sleep Check Completed
INFO:root:2021-07-21-10--33--01 Frame manipulations completed
INFO:root:2021-07-21-10--33--01 Bounding Box Drawn
INFO:root:2021-07-21-10--33--01 MovingFrameQueue Popped
INFO:root:2021-07-21-10--33--01 anomallyFrameTracker resetted to 200
INFO:root:2021-07-21-10--33--01 Colour Conversion Completed
INFO:root:2021-07-21-10--33--01 Sleep Check Completed
INFO:root:2021-07-21-10--33--01 Frame manipulations completed
INFO:root:2021-07-21-10--33--01 Bounding Box Drawn
INFO:root:2021-07-21-10--33--01 MovingFrameQueue Appended
INFO:root:2021-07-21-10--33--01 anomallyFrameTracker resetted to 200
INFO:root:2021-07-21-10--33--01 Colour Conversion Completed
INFO:root:2021-07-21-10--33--01 Sleep Check Completed
INFO:root:2021-07-21-10--33--01 Frame manipulations completed
INFO:root:2021-07-21-10--33--01 Bounding Box Drawn
INFO:root:2021-07-21-10--33--01 MovingFrameQueue Popped
INFO:root:2021-07-21-10--33--01 anomallyFrameTracker resetted to 200
INFO:root:2021-07-21-10--33--01 Colour Conversion Completed
INFO:root:2021-07-21-10--33--01 Sleep Check Completed
INFO:root:2021-07-21-10--33--01 Frame manipulations completed
INFO:root:2021-07-21-10--33--01 Bounding Box Drawn
INFO:root:2021-07-21-10--33--01 MovingFrameQueue Appended
INFO:root:2021-07-21-10--33--01 anomallyFrameTracker resetted to 200
INFO:root:2021-07-21-10--33--01 Colour Conversion Completed
INFO:root:2021-07-21-10--33--01 Sleep Check Completed
INFO:root:2021-07-21-10--33--01 Frame manipulations completed
INFO:root:2021-07-21-10--33--01 Bounding Box Drawn
INFO:root:2021-07-21-10--33--02 MovingFrameQueue Popped
INFO:root:2021-07-21-10--33--02 anomallyFrameTracker resetted to 200
INFO:root:2021-07-21-10--33--02 Colour Conversion Completed
INFO:root:2021-07-21-10--33--02 Sleep Check Completed
INFO:root:2021-07-21-10--33--02 Frame manipulations completed
INFO:root:2021-07-21-10--33--02 Bounding Box Drawn
INFO:root:2021-07-21-10--33--02 MovingFrameQueue Appended
INFO:root:2021-07-21-10--33--02 anomallyFrameTracker resetted to 200
INFO:root:2021-07-21-10--33--02 Colour Conversion Completed
INFO:root:2021-07-21-10--33--02 Sleep Check Completed
INFO:root:2021-07-21-10--33--02 Frame manipulations completed
INFO:root:2021-07-21-10--33--02 Bounding Box Drawn
INFO:root:2021-07-21-10--33--02 MovingFrameQueue Popped
INFO:root:2021-07-21-10--33--02 anomallyFrameTracker resetted to 200
INFO:root:2021-07-21-10--33--02 Colour Conversion Completed
INFO:root:2021-07-21-10--33--02 Sleep Check Completed
INFO:root:2021-07-21-10--33--02 Frame manipulations completed
INFO:root:2021-07-21-10--33--02 Bounding Box Drawn
INFO:root:2021-07-21-10--33--02 MovingFrameQueue Appended
INFO:root:2021-07-21-10--33--02 anomallyFrameTracker resetted to 200
INFO:root:2021-07-21-10--33--02 Colour Conversion Completed
INFO:root:2021-07-21-10--33--02 Sleep Check Completed
INFO:root:2021-07-21-10--33--02 Frame manipulations completed
INFO:root:2021-07-21-10--33--02 Bounding Box Drawn
INFO:root:2021-07-21-10--33--02 MovingFrameQueue Popped
INFO:root:2021-07-21-10--33--02 anomallyFrameTracker resetted to 200
INFO:root:2021-07-21-10--33--02 Colour Conversion Completed
INFO:root:2021-07-21-10--33--02 Sleep Check Completed
INFO:root:2021-07-21-10--33--02 Frame manipulations completed
INFO:root:2021-07-21-10--33--02 Bounding Box Drawn
INFO:root:2021-07-21-10--33--02 MovingFrameQueue Appended
INFO:root:2021-07-21-10--33--02 anomallyFrameTracker resetted to 200
INFO:root:2021-07-21-10--33--02 Colour Conversion Completed
INFO:root:2021-07-21-10--33--02 Sleep Check Completed
INFO:root:2021-07-21-10--33--02 Frame manipulations completed
INFO:root:2021-07-21-10--33--02 Bounding Box Drawn
INFO:root:2021-07-21-10--33--03 MovingFrameQueue Popped
INFO:root:2021-07-21-10--33--03 anomallyFrameTracker resetted to 200
INFO:root:2021-07-21-10--33--03 Colour Conversion Completed
INFO:root:2021-07-21-10--33--03 Sleep Check Completed
INFO:root:2021-07-21-10--33--03 Frame manipulations completed
INFO:root:2021-07-21-10--33--03 Bounding Box Drawn
INFO:root:2021-07-21-10--33--03[INFO] elapsed time: 38.08
INFO:root:2021-07-21-10--33--03[INFO] approx. FPS: 5.62
INFO:root:2021-07-21-10--33--03 Getting Auth Token Success
INFO:root:2021-07-21-10--33--03 BedTime Upload Completed
