INFO:root:2021-07-21-14--07--15 Parameter Generation Success
INFO:root:2021-07-21-14--07--15 Colour Conversion Completed
INFO:root:2021-07-21-14--07--15 Sleep Check Completed
INFO:root:2021-07-21-14--07--15 Frame manipulations completed
INFO:root:2021-07-21-14--07--15 Bounding Box Drawn
INFO:root:2021-07-21-14--07--19 MovingFrameQueue Appended
INFO:root:2021-07-21-14--07--19 anomallyFrameTracker resetted to 200
INFO:root:2021-07-21-14--07--19 Colour Conversion Completed
INFO:root:2021-07-21-14--07--20 Sleep Check Completed
INFO:root:2021-07-21-14--07--20 Frame manipulations completed
INFO:root:2021-07-21-14--07--20 Bounding Box Drawn
INFO:root:2021-07-21-14--07--20 MovingFrameQueue Appended
INFO:root:2021-07-21-14--07--20 anomallyFrameTracker resetted to 200
INFO:root:2021-07-21-14--07--20 Colour Conversion Completed
INFO:root:2021-07-21-14--07--20 Sleep Check Completed
INFO:root:2021-07-21-14--07--20 Frame manipulations completed
INFO:root:2021-07-21-14--07--20 Bounding Box Drawn
INFO:root:2021-07-21-14--07--20 MovingFrameQueue Appended
INFO:root:2021-07-21-14--07--20 anomallyFrameTracker resetted to 200
INFO:root:2021-07-21-14--07--20 Colour Conversion Completed
INFO:root:2021-07-21-14--07--20 Sleep Check Completed
INFO:root:2021-07-21-14--07--20 Frame manipulations completed
INFO:root:2021-07-21-14--07--20 Bounding Box Drawn
INFO:root:2021-07-21-14--07--20 MovingFrameQueue Appended
INFO:root:2021-07-21-14--07--20 anomallyFrameTracker resetted to 200
INFO:root:2021-07-21-14--07--20 Colour Conversion Completed
INFO:root:2021-07-21-14--07--20 Sleep Check Completed
INFO:root:2021-07-21-14--07--20 Frame manipulations completed
INFO:root:2021-07-21-14--07--20 Bounding Box Drawn
INFO:root:2021-07-21-14--07--20 MovingFrameQueue Appended
INFO:root:2021-07-21-14--07--20 anomallyFrameTracker resetted to 200
INFO:root:2021-07-21-14--07--20 Colour Conversion Completed
INFO:root:2021-07-21-14--07--20 Sleep Check Completed
INFO:root:2021-07-21-14--07--20 Frame manipulations completed
INFO:root:2021-07-21-14--07--20 Bounding Box Drawn
INFO:root:2021-07-21-14--07--20 MovingFrameQueue Appended
INFO:root:2021-07-21-14--07--20 anomallyFrameTracker resetted to 200
INFO:root:2021-07-21-14--07--20 Colour Conversion Completed
INFO:root:2021-07-21-14--07--20 Sleep Check Completed
INFO:root:2021-07-21-14--07--20 Frame manipulations completed
INFO:root:2021-07-21-14--07--20 Bounding Box Drawn
INFO:root:2021-07-21-14--07--20 MovingFrameQueue Appended
INFO:root:2021-07-21-14--07--20 anomallyFrameTracker resetted to 200
INFO:root:2021-07-21-14--07--20 Colour Conversion Completed
INFO:root:2021-07-21-14--07--20 Sleep Check Completed
INFO:root:2021-07-21-14--07--20 Frame manipulations completed
INFO:root:2021-07-21-14--07--20 Bounding Box Drawn
INFO:root:2021-07-21-14--07--20 MovingFrameQueue Appended
INFO:root:2021-07-21-14--07--20 anomallyFrameTracker resetted to 200
INFO:root:2021-07-21-14--07--20 Colour Conversion Completed
INFO:root:2021-07-21-14--07--20 Sleep Check Completed
INFO:root:2021-07-21-14--07--20 Frame manipulations completed
INFO:root:2021-07-21-14--07--20 Bounding Box Drawn
INFO:root:2021-07-21-14--07--21 MovingFrameQueue Appended
INFO:root:2021-07-21-14--07--21 anomallyFrameTracker resetted to 200
INFO:root:2021-07-21-14--07--21 Colour Conversion Completed
INFO:root:2021-07-21-14--07--21 Sleep Check Completed
INFO:root:2021-07-21-14--07--21 Frame manipulations completed
INFO:root:2021-07-21-14--07--21 Bounding Box Drawn
INFO:root:2021-07-21-14--07--21 MovingFrameQueue Appended
INFO:root:2021-07-21-14--07--21 anomallyFrameTracker resetted to 200
INFO:root:2021-07-21-14--07--21 Colour Conversion Completed
INFO:root:2021-07-21-14--07--21 Sleep Check Completed
INFO:root:2021-07-21-14--07--21 Frame manipulations completed
INFO:root:2021-07-21-14--07--21 Bounding Box Drawn
INFO:root:2021-07-21-14--07--21 MovingFrameQueue Appended
INFO:root:2021-07-21-14--07--21 anomallyFrameTracker resetted to 200
INFO:root:2021-07-21-14--07--21 Colour Conversion Completed
INFO:root:2021-07-21-14--07--21 Sleep Check Completed
INFO:root:2021-07-21-14--07--21 Frame manipulations completed
INFO:root:2021-07-21-14--07--21 Bounding Box Drawn
INFO:root:2021-07-21-14--07--21 MovingFrameQueue Appended
INFO:root:2021-07-21-14--07--21 anomallyFrameTracker resetted to 200
INFO:root:2021-07-21-14--07--21 Colour Conversion Completed
INFO:root:2021-07-21-14--07--21 Sleep Check Completed
INFO:root:2021-07-21-14--07--21 Frame manipulations completed
INFO:root:2021-07-21-14--07--21 Bounding Box Drawn
INFO:root:2021-07-21-14--07--21 MovingFrameQueue Appended
INFO:root:2021-07-21-14--07--21 anomallyFrameTracker resetted to 200
INFO:root:2021-07-21-14--07--21 Colour Conversion Completed
INFO:root:2021-07-21-14--07--21 Sleep Check Completed
INFO:root:2021-07-21-14--07--21 Frame manipulations completed
INFO:root:2021-07-21-14--07--21 Bounding Box Drawn
INFO:root:2021-07-21-14--07--21 MovingFrameQueue Appended
INFO:root:2021-07-21-14--07--21 anomallyFrameTracker resetted to 200
INFO:root:2021-07-21-14--07--21 Colour Conversion Completed
INFO:root:2021-07-21-14--07--21 Sleep Check Completed
INFO:root:2021-07-21-14--07--21 Frame manipulations completed
INFO:root:2021-07-21-14--07--21 Bounding Box Drawn
INFO:root:2021-07-21-14--07--21 MovingFrameQueue Appended
INFO:root:2021-07-21-14--07--21 anomallyFrameTracker resetted to 200
INFO:root:2021-07-21-14--07--21 Colour Conversion Completed
INFO:root:2021-07-21-14--07--21 Sleep Check Completed
INFO:root:2021-07-21-14--07--21 Frame manipulations completed
INFO:root:2021-07-21-14--07--21 Bounding Box Drawn
INFO:root:2021-07-21-14--07--22 MovingFrameQueue Appended
INFO:root:2021-07-21-14--07--22 anomallyFrameTracker resetted to 200
INFO:root:2021-07-21-14--07--22 Colour Conversion Completed
INFO:root:2021-07-21-14--07--22 Sleep Check Completed
INFO:root:2021-07-21-14--07--22 Frame manipulations completed
INFO:root:2021-07-21-14--07--22 Bounding Box Drawn
INFO:root:2021-07-21-14--07--22 MovingFrameQueue Appended
INFO:root:2021-07-21-14--07--22 anomallyFrameTracker resetted to 200
INFO:root:2021-07-21-14--07--22 Colour Conversion Completed
INFO:root:2021-07-21-14--07--22 Sleep Check Completed
INFO:root:2021-07-21-14--07--22 Frame manipulations completed
INFO:root:2021-07-21-14--07--22 Bounding Box Drawn
INFO:root:2021-07-21-14--07--22 MovingFrameQueue Appended
INFO:root:2021-07-21-14--07--22 anomallyFrameTracker resetted to 200
INFO:root:2021-07-21-14--07--22 Colour Conversion Completed
INFO:root:2021-07-21-14--07--22 Sleep Check Completed
INFO:root:2021-07-21-14--07--22 Frame manipulations completed
INFO:root:2021-07-21-14--07--22 Bounding Box Drawn
INFO:root:2021-07-21-14--07--22 MovingFrameQueue Appended
INFO:root:2021-07-21-14--07--22 anomallyFrameTracker resetted to 200
INFO:root:2021-07-21-14--07--22 Colour Conversion Completed
INFO:root:2021-07-21-14--07--22 Sleep Check Completed
INFO:root:2021-07-21-14--07--22 Frame manipulations completed
INFO:root:2021-07-21-14--07--22 Bounding Box Drawn
INFO:root:2021-07-21-14--07--22 MovingFrameQueue Appended
INFO:root:2021-07-21-14--07--22 anomallyFrameTracker resetted to 200
INFO:root:2021-07-21-14--07--22 Colour Conversion Completed
INFO:root:2021-07-21-14--07--22 Sleep Check Completed
INFO:root:2021-07-21-14--07--22 Frame manipulations completed
INFO:root:2021-07-21-14--07--22 Bounding Box Drawn
INFO:root:2021-07-21-14--07--22 MovingFrameQueue Appended
INFO:root:2021-07-21-14--07--22 anomallyFrameTracker resetted to 200
INFO:root:2021-07-21-14--07--22 Colour Conversion Completed
INFO:root:2021-07-21-14--07--22 Sleep Check Completed
INFO:root:2021-07-21-14--07--22 Frame manipulations completed
INFO:root:2021-07-21-14--07--22 Bounding Box Drawn
INFO:root:2021-07-21-14--07--22 MovingFrameQueue Appended
INFO:root:2021-07-21-14--07--22 anomallyFrameTracker resetted to 200
INFO:root:2021-07-21-14--07--22 Colour Conversion Completed
INFO:root:2021-07-21-14--07--22 Sleep Check Completed
INFO:root:2021-07-21-14--07--22 Frame manipulations completed
INFO:root:2021-07-21-14--07--22 Bounding Box Drawn
INFO:root:2021-07-21-14--07--23 MovingFrameQueue Appended
INFO:root:2021-07-21-14--07--23 anomallyFrameTracker resetted to 200
INFO:root:2021-07-21-14--07--23 Colour Conversion Completed
INFO:root:2021-07-21-14--07--23 Sleep Check Completed
INFO:root:2021-07-21-14--07--23 Frame manipulations completed
INFO:root:2021-07-21-14--07--23 Bounding Box Drawn
INFO:root:2021-07-21-14--07--23 MovingFrameQueue Appended
INFO:root:2021-07-21-14--07--23 anomallyFrameTracker resetted to 200
INFO:root:2021-07-21-14--07--23 Colour Conversion Completed
INFO:root:2021-07-21-14--07--23 Sleep Check Completed
INFO:root:2021-07-21-14--07--23 Frame manipulations completed
INFO:root:2021-07-21-14--07--23 Bounding Box Drawn
INFO:root:2021-07-21-14--07--23 MovingFrameQueue Appended
INFO:root:2021-07-21-14--07--23 anomallyFrameTracker resetted to 200
INFO:root:2021-07-21-14--07--23 Colour Conversion Completed
INFO:root:2021-07-21-14--07--23 Sleep Check Completed
INFO:root:2021-07-21-14--07--23 Frame manipulations completed
INFO:root:2021-07-21-14--07--23 Bounding Box Drawn
INFO:root:2021-07-21-14--07--23 MovingFrameQueue Appended
INFO:root:2021-07-21-14--07--23 anomallyFrameTracker resetted to 200
INFO:root:2021-07-21-14--07--23 Colour Conversion Completed
INFO:root:2021-07-21-14--07--23 Sleep Check Completed
INFO:root:2021-07-21-14--07--23 Frame manipulations completed
INFO:root:2021-07-21-14--07--23 Bounding Box Drawn
INFO:root:2021-07-21-14--07--23 MovingFrameQueue Appended
INFO:root:2021-07-21-14--07--23 anomallyFrameTracker resetted to 200
INFO:root:2021-07-21-14--07--23 Colour Conversion Completed
INFO:root:2021-07-21-14--07--23 Sleep Check Completed
INFO:root:2021-07-21-14--07--23 Frame manipulations completed
INFO:root:2021-07-21-14--07--23 Bounding Box Drawn
INFO:root:2021-07-21-14--07--23 MovingFrameQueue Appended
INFO:root:2021-07-21-14--07--23 anomallyFrameTracker resetted to 200
INFO:root:2021-07-21-14--07--23 Colour Conversion Completed
INFO:root:2021-07-21-14--07--23 Sleep Check Completed
INFO:root:2021-07-21-14--07--23 Frame manipulations completed
INFO:root:2021-07-21-14--07--23 Bounding Box Drawn
INFO:root:2021-07-21-14--07--23 MovingFrameQueue Appended
INFO:root:2021-07-21-14--07--23 anomallyFrameTracker resetted to 200
INFO:root:2021-07-21-14--07--23 Colour Conversion Completed
INFO:root:2021-07-21-14--07--23 Sleep Check Completed
INFO:root:2021-07-21-14--07--23 Frame manipulations completed
INFO:root:2021-07-21-14--07--23 Bounding Box Drawn
INFO:root:2021-07-21-14--07--24 MovingFrameQueue Appended
INFO:root:2021-07-21-14--07--24 anomallyFrameTracker resetted to 200
INFO:root:2021-07-21-14--07--24 Colour Conversion Completed
INFO:root:2021-07-21-14--07--24 Sleep Check Completed
INFO:root:2021-07-21-14--07--24 Frame manipulations completed
INFO:root:2021-07-21-14--07--24 Bounding Box Drawn
INFO:root:2021-07-21-14--07--24 MovingFrameQueue Appended
INFO:root:2021-07-21-14--07--24 anomallyFrameTracker resetted to 200
INFO:root:2021-07-21-14--07--24 Colour Conversion Completed
INFO:root:2021-07-21-14--07--24 Sleep Check Completed
INFO:root:2021-07-21-14--07--24 Frame manipulations completed
INFO:root:2021-07-21-14--07--24 Bounding Box Drawn
INFO:root:2021-07-21-14--07--24 MovingFrameQueue Appended
INFO:root:2021-07-21-14--07--24 anomallyFrameTracker resetted to 200
INFO:root:2021-07-21-14--07--24 Colour Conversion Completed
INFO:root:2021-07-21-14--07--24 Sleep Check Completed
INFO:root:2021-07-21-14--07--24 Frame manipulations completed
INFO:root:2021-07-21-14--07--24 Bounding Box Drawn
INFO:root:2021-07-21-14--07--24 MovingFrameQueue Appended
INFO:root:2021-07-21-14--07--24 anomallyFrameTracker resetted to 200
INFO:root:2021-07-21-14--07--24 Colour Conversion Completed
INFO:root:2021-07-21-14--07--24 Sleep Check Completed
INFO:root:2021-07-21-14--07--24 Frame manipulations completed
INFO:root:2021-07-21-14--07--24 Bounding Box Drawn
INFO:root:2021-07-21-14--07--24 MovingFrameQueue Appended
INFO:root:2021-07-21-14--07--24 anomallyFrameTracker resetted to 200
INFO:root:2021-07-21-14--07--24 Colour Conversion Completed
INFO:root:2021-07-21-14--07--24 Sleep Check Completed
INFO:root:2021-07-21-14--07--24 Frame manipulations completed
INFO:root:2021-07-21-14--07--24 Bounding Box Drawn
INFO:root:2021-07-21-14--07--24 MovingFrameQueue Appended
INFO:root:2021-07-21-14--07--24 anomallyFrameTracker resetted to 200
INFO:root:2021-07-21-14--07--24 Colour Conversion Completed
INFO:root:2021-07-21-14--07--24 Sleep Check Completed
INFO:root:2021-07-21-14--07--24 Frame manipulations completed
INFO:root:2021-07-21-14--07--24 Bounding Box Drawn
INFO:root:2021-07-21-14--07--24 MovingFrameQueue Appended
INFO:root:2021-07-21-14--07--24 anomallyFrameTracker resetted to 200
INFO:root:2021-07-21-14--07--24 Colour Conversion Completed
INFO:root:2021-07-21-14--07--24 Sleep Check Completed
INFO:root:2021-07-21-14--07--24 Frame manipulations completed
INFO:root:2021-07-21-14--07--24 Bounding Box Drawn
INFO:root:2021-07-21-14--07--24 MovingFrameQueue Appended
INFO:root:2021-07-21-14--07--24 anomallyFrameTracker resetted to 200
INFO:root:2021-07-21-14--07--24 Colour Conversion Completed
INFO:root:2021-07-21-14--07--24 Sleep Check Completed
INFO:root:2021-07-21-14--07--24 Frame manipulations completed
INFO:root:2021-07-21-14--07--24 Bounding Box Drawn
INFO:root:2021-07-21-14--07--25 MovingFrameQueue Appended
INFO:root:2021-07-21-14--07--25 anomallyFrameTracker resetted to 200
INFO:root:2021-07-21-14--07--25 Colour Conversion Completed
INFO:root:2021-07-21-14--07--25 Sleep Check Completed
INFO:root:2021-07-21-14--07--25 Frame manipulations completed
INFO:root:2021-07-21-14--07--25 Bounding Box Drawn
INFO:root:2021-07-21-14--07--25 MovingFrameQueue Appended
INFO:root:2021-07-21-14--07--25 anomallyFrameTracker resetted to 200
INFO:root:2021-07-21-14--07--25 Colour Conversion Completed
INFO:root:2021-07-21-14--07--25 Sleep Check Completed
INFO:root:2021-07-21-14--07--25 Frame manipulations completed
INFO:root:2021-07-21-14--07--25 Bounding Box Drawn
INFO:root:2021-07-21-14--07--25 MovingFrameQueue Appended
INFO:root:2021-07-21-14--07--25 anomallyFrameTracker resetted to 200
INFO:root:2021-07-21-14--07--25 Colour Conversion Completed
INFO:root:2021-07-21-14--07--25 Sleep Check Completed
INFO:root:2021-07-21-14--07--25 Frame manipulations completed
INFO:root:2021-07-21-14--07--25 Bounding Box Drawn
INFO:root:2021-07-21-14--07--25 MovingFrameQueue Appended
INFO:root:2021-07-21-14--07--25 anomallyFrameTracker resetted to 200
INFO:root:2021-07-21-14--07--25 Colour Conversion Completed
INFO:root:2021-07-21-14--07--25 Sleep Check Completed
INFO:root:2021-07-21-14--07--25 Frame manipulations completed
INFO:root:2021-07-21-14--07--25 Bounding Box Drawn
INFO:root:2021-07-21-14--07--25 MovingFrameQueue Appended
INFO:root:2021-07-21-14--07--25 anomallyFrameTracker resetted to 200
INFO:root:2021-07-21-14--07--25 Colour Conversion Completed
INFO:root:2021-07-21-14--07--25 Sleep Check Completed
INFO:root:2021-07-21-14--07--25 Frame manipulations completed
INFO:root:2021-07-21-14--07--25 Bounding Box Drawn
INFO:root:2021-07-21-14--07--25 MovingFrameQueue Appended
INFO:root:2021-07-21-14--07--25 anomallyFrameTracker resetted to 200
INFO:root:2021-07-21-14--07--25 Colour Conversion Completed
INFO:root:2021-07-21-14--07--25 Sleep Check Completed
INFO:root:2021-07-21-14--07--25 Frame manipulations completed
INFO:root:2021-07-21-14--07--25 Bounding Box Drawn
INFO:root:2021-07-21-14--07--25 MovingFrameQueue Appended
INFO:root:2021-07-21-14--07--25 anomallyFrameTracker resetted to 200
INFO:root:2021-07-21-14--07--25 Colour Conversion Completed
INFO:root:2021-07-21-14--07--25 Sleep Check Completed
INFO:root:2021-07-21-14--07--25 Frame manipulations completed
INFO:root:2021-07-21-14--07--25 Bounding Box Drawn
INFO:root:2021-07-21-14--07--26 MovingFrameQueue Appended
INFO:root:2021-07-21-14--07--26 anomallyFrameTracker resetted to 200
INFO:root:2021-07-21-14--07--26 Colour Conversion Completed
INFO:root:2021-07-21-14--07--26 Sleep Check Completed
INFO:root:2021-07-21-14--07--26 Frame manipulations completed
INFO:root:2021-07-21-14--07--26 Bounding Box Drawn
INFO:root:2021-07-21-14--07--26 MovingFrameQueue Appended
INFO:root:2021-07-21-14--07--26 anomallyFrameTracker resetted to 200
INFO:root:2021-07-21-14--07--26 Colour Conversion Completed
INFO:root:2021-07-21-14--07--26 Sleep Check Completed
INFO:root:2021-07-21-14--07--26 Frame manipulations completed
INFO:root:2021-07-21-14--07--26 Bounding Box Drawn
INFO:root:2021-07-21-14--07--26 MovingFrameQueue Appended
INFO:root:2021-07-21-14--07--26 anomallyFrameTracker resetted to 200
INFO:root:2021-07-21-14--07--26 Colour Conversion Completed
INFO:root:2021-07-21-14--07--26 Sleep Check Completed
INFO:root:2021-07-21-14--07--26 Frame manipulations completed
INFO:root:2021-07-21-14--07--26 Bounding Box Drawn
INFO:root:2021-07-21-14--07--26 MovingFrameQueue Appended
INFO:root:2021-07-21-14--07--26 anomallyFrameTracker resetted to 200
INFO:root:2021-07-21-14--07--26 Colour Conversion Completed
INFO:root:2021-07-21-14--07--26 Sleep Check Completed
INFO:root:2021-07-21-14--07--26 Frame manipulations completed
INFO:root:2021-07-21-14--07--26 Bounding Box Drawn
INFO:root:2021-07-21-14--07--26 MovingFrameQueue Appended
INFO:root:2021-07-21-14--07--26 anomallyFrameTracker resetted to 200
INFO:root:2021-07-21-14--07--26 Colour Conversion Completed
INFO:root:2021-07-21-14--07--26 Sleep Check Completed
INFO:root:2021-07-21-14--07--26 Frame manipulations completed
INFO:root:2021-07-21-14--07--26 Bounding Box Drawn
INFO:root:2021-07-21-14--07--26 MovingFrameQueue Appended
INFO:root:2021-07-21-14--07--26 anomallyFrameTracker resetted to 200
INFO:root:2021-07-21-14--07--26 Colour Conversion Completed
INFO:root:2021-07-21-14--07--26 Sleep Check Completed
INFO:root:2021-07-21-14--07--26 Frame manipulations completed
INFO:root:2021-07-21-14--07--26 Bounding Box Drawn
INFO:root:2021-07-21-14--07--26 MovingFrameQueue Appended
INFO:root:2021-07-21-14--07--26 anomallyFrameTracker resetted to 200
INFO:root:2021-07-21-14--07--26 Colour Conversion Completed
INFO:root:2021-07-21-14--07--26 Sleep Check Completed
INFO:root:2021-07-21-14--07--26 Frame manipulations completed
INFO:root:2021-07-21-14--07--26 Bounding Box Drawn
INFO:root:2021-07-21-14--07--27 MovingFrameQueue Popped
INFO:root:2021-07-21-14--07--27 anomallyFrameTracker resetted to 200
INFO:root:2021-07-21-14--07--27 Colour Conversion Completed
INFO:root:2021-07-21-14--07--27 Sleep Check Completed
INFO:root:2021-07-21-14--07--27 Frame manipulations completed
INFO:root:2021-07-21-14--07--27 Bounding Box Drawn
INFO:root:2021-07-21-14--07--27 MovingFrameQueue Appended
INFO:root:2021-07-21-14--07--27 anomallyFrameTracker resetted to 200
INFO:root:2021-07-21-14--07--27 Colour Conversion Completed
INFO:root:2021-07-21-14--07--27 Sleep Check Completed
INFO:root:2021-07-21-14--07--27 Frame manipulations completed
INFO:root:2021-07-21-14--07--27 Bounding Box Drawn
INFO:root:2021-07-21-14--07--27 MovingFrameQueue Popped
INFO:root:2021-07-21-14--07--27 anomallyFrameTracker resetted to 200
INFO:root:2021-07-21-14--07--27 Colour Conversion Completed
INFO:root:2021-07-21-14--07--27 Sleep Check Completed
INFO:root:2021-07-21-14--07--27 Frame manipulations completed
INFO:root:2021-07-21-14--07--27 Bounding Box Drawn
INFO:root:2021-07-21-14--07--27 MovingFrameQueue Appended
INFO:root:2021-07-21-14--07--27 anomallyFrameTracker resetted to 200
INFO:root:2021-07-21-14--07--27 Colour Conversion Completed
INFO:root:2021-07-21-14--07--27 Sleep Check Completed
INFO:root:2021-07-21-14--07--27 Frame manipulations completed
INFO:root:2021-07-21-14--07--27 Bounding Box Drawn
INFO:root:2021-07-21-14--07--27 MovingFrameQueue Popped
INFO:root:2021-07-21-14--07--27 anomallyFrameTracker resetted to 200
INFO:root:2021-07-21-14--07--27 Colour Conversion Completed
INFO:root:2021-07-21-14--07--27 Sleep Check Completed
INFO:root:2021-07-21-14--07--27 Frame manipulations completed
INFO:root:2021-07-21-14--07--27 Bounding Box Drawn
INFO:root:2021-07-21-14--07--27 MovingFrameQueue Appended
INFO:root:2021-07-21-14--07--27 anomallyFrameTracker resetted to 200
INFO:root:2021-07-21-14--07--27 Colour Conversion Completed
INFO:root:2021-07-21-14--07--27 Sleep Check Completed
INFO:root:2021-07-21-14--07--27 Frame manipulations completed
INFO:root:2021-07-21-14--07--27 Bounding Box Drawn
INFO:root:2021-07-21-14--07--27 MovingFrameQueue Popped
INFO:root:2021-07-21-14--07--27 anomallyFrameTracker resetted to 200
INFO:root:2021-07-21-14--07--27 Colour Conversion Completed
INFO:root:2021-07-21-14--07--27 Sleep Check Completed
INFO:root:2021-07-21-14--07--27 Frame manipulations completed
INFO:root:2021-07-21-14--07--27 Bounding Box Drawn
INFO:root:2021-07-21-14--07--28 MovingFrameQueue Appended
INFO:root:2021-07-21-14--07--28 anomallyFrameTracker resetted to 200
INFO:root:2021-07-21-14--07--28 Colour Conversion Completed
INFO:root:2021-07-21-14--07--28 Sleep Check Completed
INFO:root:2021-07-21-14--07--28 Frame manipulations completed
INFO:root:2021-07-21-14--07--28 Bounding Box Drawn
INFO:root:2021-07-21-14--07--28 MovingFrameQueue Popped
INFO:root:2021-07-21-14--07--28 anomallyFrameTracker resetted to 200
INFO:root:2021-07-21-14--07--28 Colour Conversion Completed
INFO:root:2021-07-21-14--07--28 Sleep Check Completed
INFO:root:2021-07-21-14--07--28 Frame manipulations completed
INFO:root:2021-07-21-14--07--28 Bounding Box Drawn
INFO:root:2021-07-21-14--07--28 MovingFrameQueue Appended
INFO:root:2021-07-21-14--07--28 anomallyFrameTracker resetted to 200
INFO:root:2021-07-21-14--07--28 Colour Conversion Completed
INFO:root:2021-07-21-14--07--28 Sleep Check Completed
INFO:root:2021-07-21-14--07--28 Frame manipulations completed
INFO:root:2021-07-21-14--07--28 Bounding Box Drawn
INFO:root:2021-07-21-14--07--28 MovingFrameQueue Popped
INFO:root:2021-07-21-14--07--28 anomallyFrameTracker resetted to 200
INFO:root:2021-07-21-14--07--28 Colour Conversion Completed
INFO:root:2021-07-21-14--07--28 Sleep Check Completed
INFO:root:2021-07-21-14--07--28 Frame manipulations completed
INFO:root:2021-07-21-14--07--28 Bounding Box Drawn
INFO:root:2021-07-21-14--07--28 MovingFrameQueue Appended
INFO:root:2021-07-21-14--07--28 anomallyFrameTracker resetted to 200
INFO:root:2021-07-21-14--07--28 Colour Conversion Completed
INFO:root:2021-07-21-14--07--28 Sleep Check Completed
INFO:root:2021-07-21-14--07--28 Frame manipulations completed
INFO:root:2021-07-21-14--07--28 Bounding Box Drawn
INFO:root:2021-07-21-14--07--28 MovingFrameQueue Popped
INFO:root:2021-07-21-14--07--28 anomallyFrameTracker resetted to 200
INFO:root:2021-07-21-14--07--28 Colour Conversion Completed
INFO:root:2021-07-21-14--07--28 Sleep Check Completed
INFO:root:2021-07-21-14--07--28 Frame manipulations completed
INFO:root:2021-07-21-14--07--28 Bounding Box Drawn
INFO:root:2021-07-21-14--07--29 MovingFrameQueue Appended
INFO:root:2021-07-21-14--07--29 anomallyFrameTracker resetted to 200
INFO:root:2021-07-21-14--07--29 Colour Conversion Completed
INFO:root:2021-07-21-14--07--29 Sleep Check Completed
INFO:root:2021-07-21-14--07--29 Frame manipulations completed
INFO:root:2021-07-21-14--07--29 Bounding Box Drawn
INFO:root:2021-07-21-14--07--29 MovingFrameQueue Popped
INFO:root:2021-07-21-14--07--29 anomallyFrameTracker resetted to 200
INFO:root:2021-07-21-14--07--29 Colour Conversion Completed
INFO:root:2021-07-21-14--07--29 Sleep Check Completed
INFO:root:2021-07-21-14--07--29 Frame manipulations completed
INFO:root:2021-07-21-14--07--29 Bounding Box Drawn
INFO:root:2021-07-21-14--07--29 MovingFrameQueue Appended
INFO:root:2021-07-21-14--07--29 anomallyFrameTracker resetted to 200
INFO:root:2021-07-21-14--07--29 Colour Conversion Completed
INFO:root:2021-07-21-14--07--29 Sleep Check Completed
INFO:root:2021-07-21-14--07--29 Frame manipulations completed
INFO:root:2021-07-21-14--07--29 Bounding Box Drawn
INFO:root:2021-07-21-14--07--29 MovingFrameQueue Popped
INFO:root:2021-07-21-14--07--29 anomallyFrameTracker resetted to 200
INFO:root:2021-07-21-14--07--29 Colour Conversion Completed
INFO:root:2021-07-21-14--07--29 Sleep Check Completed
INFO:root:2021-07-21-14--07--29 Frame manipulations completed
INFO:root:2021-07-21-14--07--29 Bounding Box Drawn
INFO:root:2021-07-21-14--07--29 MovingFrameQueue Appended
INFO:root:2021-07-21-14--07--29 anomallyFrameTracker resetted to 200
INFO:root:2021-07-21-14--07--29 Colour Conversion Completed
INFO:root:2021-07-21-14--07--29 Sleep Check Completed
INFO:root:2021-07-21-14--07--29 Frame manipulations completed
INFO:root:2021-07-21-14--07--29 Bounding Box Drawn
INFO:root:2021-07-21-14--07--29 MovingFrameQueue Popped
INFO:root:2021-07-21-14--07--29 anomallyFrameTracker resetted to 200
INFO:root:2021-07-21-14--07--29 Colour Conversion Completed
INFO:root:2021-07-21-14--07--29 Sleep Check Completed
INFO:root:2021-07-21-14--07--29 Frame manipulations completed
INFO:root:2021-07-21-14--07--29 Bounding Box Drawn
INFO:root:2021-07-21-14--07--29 MovingFrameQueue Appended
INFO:root:2021-07-21-14--07--29 anomallyFrameTracker resetted to 200
INFO:root:2021-07-21-14--07--29 Colour Conversion Completed
INFO:root:2021-07-21-14--07--29 Sleep Check Completed
INFO:root:2021-07-21-14--07--29 Frame manipulations completed
INFO:root:2021-07-21-14--07--29 Bounding Box Drawn
INFO:root:2021-07-21-14--07--29 MovingFrameQueue Popped
INFO:root:2021-07-21-14--07--29 anomallyFrameTracker resetted to 200
INFO:root:2021-07-21-14--07--29 Colour Conversion Completed
INFO:root:2021-07-21-14--07--30 Sleep Check Completed
INFO:root:2021-07-21-14--07--30 Frame manipulations completed
INFO:root:2021-07-21-14--07--30 Bounding Box Drawn
INFO:root:2021-07-21-14--07--30 MovingFrameQueue Appended
INFO:root:2021-07-21-14--07--30 anomallyFrameTracker resetted to 200
INFO:root:2021-07-21-14--07--30 Colour Conversion Completed
INFO:root:2021-07-21-14--07--30 Sleep Check Completed
INFO:root:2021-07-21-14--07--30 Frame manipulations completed
INFO:root:2021-07-21-14--07--30 Bounding Box Drawn
INFO:root:2021-07-21-14--07--30 MovingFrameQueue Popped
INFO:root:2021-07-21-14--07--30 anomallyFrameTracker resetted to 200
INFO:root:2021-07-21-14--07--30 Colour Conversion Completed
INFO:root:2021-07-21-14--07--30 Sleep Check Completed
INFO:root:2021-07-21-14--07--30 Frame manipulations completed
INFO:root:2021-07-21-14--07--30 Bounding Box Drawn
INFO:root:2021-07-21-14--07--30 MovingFrameQueue Appended
INFO:root:2021-07-21-14--07--30 anomallyFrameTracker resetted to 200
INFO:root:2021-07-21-14--07--30 Colour Conversion Completed
INFO:root:2021-07-21-14--07--30 Sleep Check Completed
INFO:root:2021-07-21-14--07--30 Frame manipulations completed
INFO:root:2021-07-21-14--07--30 Bounding Box Drawn
INFO:root:2021-07-21-14--07--30 MovingFrameQueue Popped
INFO:root:2021-07-21-14--07--30 anomallyFrameTracker resetted to 200
INFO:root:2021-07-21-14--07--30 Colour Conversion Completed
INFO:root:2021-07-21-14--07--30 Sleep Check Completed
INFO:root:2021-07-21-14--07--30 Frame manipulations completed
INFO:root:2021-07-21-14--07--30 Bounding Box Drawn
INFO:root:2021-07-21-14--07--30 MovingFrameQueue Appended
INFO:root:2021-07-21-14--07--30 anomallyFrameTracker resetted to 200
INFO:root:2021-07-21-14--07--30 Colour Conversion Completed
INFO:root:2021-07-21-14--07--30 Sleep Check Completed
INFO:root:2021-07-21-14--07--30 Frame manipulations completed
INFO:root:2021-07-21-14--07--30 Bounding Box Drawn
INFO:root:2021-07-21-14--07--30 MovingFrameQueue Popped
INFO:root:2021-07-21-14--07--30 anomallyFrameTracker resetted to 200
INFO:root:2021-07-21-14--07--30 Colour Conversion Completed
INFO:root:2021-07-21-14--07--30 Sleep Check Completed
INFO:root:2021-07-21-14--07--30 Frame manipulations completed
INFO:root:2021-07-21-14--07--30 Bounding Box Drawn
INFO:root:2021-07-21-14--07--31 MovingFrameQueue Appended
INFO:root:2021-07-21-14--07--31 anomallyFrameTracker resetted to 200
INFO:root:2021-07-21-14--07--31 Colour Conversion Completed
INFO:root:2021-07-21-14--07--31 Sleep Check Completed
INFO:root:2021-07-21-14--07--31 Frame manipulations completed
INFO:root:2021-07-21-14--07--31 Bounding Box Drawn
INFO:root:2021-07-21-14--07--31 MovingFrameQueue Popped
INFO:root:2021-07-21-14--07--31 anomallyFrameTracker resetted to 200
INFO:root:2021-07-21-14--07--31 Colour Conversion Completed
INFO:root:2021-07-21-14--07--31 Sleep Check Completed
INFO:root:2021-07-21-14--07--31 Frame manipulations completed
INFO:root:2021-07-21-14--07--31 Bounding Box Drawn
INFO:root:2021-07-21-14--07--31 MovingFrameQueue Appended
INFO:root:2021-07-21-14--07--31 anomallyFrameTracker resetted to 200
INFO:root:2021-07-21-14--07--31 Colour Conversion Completed
INFO:root:2021-07-21-14--07--31 Sleep Check Completed
INFO:root:2021-07-21-14--07--31 Frame manipulations completed
INFO:root:2021-07-21-14--07--31 Bounding Box Drawn
INFO:root:2021-07-21-14--07--31 MovingFrameQueue Popped
INFO:root:2021-07-21-14--07--31 anomallyFrameTracker resetted to 200
INFO:root:2021-07-21-14--07--31 Colour Conversion Completed
INFO:root:2021-07-21-14--07--31 Sleep Check Completed
INFO:root:2021-07-21-14--07--31 Frame manipulations completed
INFO:root:2021-07-21-14--07--31 Bounding Box Drawn
INFO:root:2021-07-21-14--07--31 MovingFrameQueue Appended
INFO:root:2021-07-21-14--07--31 anomallyFrameTracker resetted to 200
INFO:root:2021-07-21-14--07--31 Colour Conversion Completed
INFO:root:2021-07-21-14--07--31 Sleep Check Completed
INFO:root:2021-07-21-14--07--31 Frame manipulations completed
INFO:root:2021-07-21-14--07--31 Bounding Box Drawn
INFO:root:2021-07-21-14--07--31 MovingFrameQueue Popped
INFO:root:2021-07-21-14--07--31 anomallyFrameTracker resetted to 200
INFO:root:2021-07-21-14--07--31 Colour Conversion Completed
INFO:root:2021-07-21-14--07--31 Sleep Check Completed
INFO:root:2021-07-21-14--07--31 Frame manipulations completed
INFO:root:2021-07-21-14--07--31 Bounding Box Drawn
INFO:root:2021-07-21-14--07--31 MovingFrameQueue Appended
INFO:root:2021-07-21-14--07--31 anomallyFrameTracker resetted to 200
INFO:root:2021-07-21-14--07--31 Colour Conversion Completed
INFO:root:2021-07-21-14--07--31 Sleep Check Completed
INFO:root:2021-07-21-14--07--31 Frame manipulations completed
INFO:root:2021-07-21-14--07--31 Bounding Box Drawn
INFO:root:2021-07-21-14--07--31 MovingFrameQueue Popped
INFO:root:2021-07-21-14--07--31 anomallyFrameTracker resetted to 200
INFO:root:2021-07-21-14--07--31 Colour Conversion Completed
INFO:root:2021-07-21-14--07--32 Sleep Check Completed
INFO:root:2021-07-21-14--07--32 Frame manipulations completed
INFO:root:2021-07-21-14--07--32 Bounding Box Drawn
INFO:root:2021-07-21-14--07--32 MovingFrameQueue Appended
INFO:root:2021-07-21-14--07--32 anomallyFrameTracker resetted to 200
INFO:root:2021-07-21-14--07--32 Colour Conversion Completed
INFO:root:2021-07-21-14--07--32 Sleep Check Completed
INFO:root:2021-07-21-14--07--32 Frame manipulations completed
INFO:root:2021-07-21-14--07--32 Bounding Box Drawn
INFO:root:2021-07-21-14--07--32 MovingFrameQueue Popped
INFO:root:2021-07-21-14--07--32 anomallyFrameTracker resetted to 200
INFO:root:2021-07-21-14--07--32 Colour Conversion Completed
INFO:root:2021-07-21-14--07--32 Sleep Check Completed
INFO:root:2021-07-21-14--07--32 Frame manipulations completed
INFO:root:2021-07-21-14--07--32 Bounding Box Drawn
INFO:root:2021-07-21-14--07--32 MovingFrameQueue Appended
INFO:root:2021-07-21-14--07--32 anomallyFrameTracker resetted to 200
INFO:root:2021-07-21-14--07--32 Colour Conversion Completed
INFO:root:2021-07-21-14--07--32 Sleep Check Completed
INFO:root:2021-07-21-14--07--32 Frame manipulations completed
INFO:root:2021-07-21-14--07--32 Bounding Box Drawn
INFO:root:2021-07-21-14--07--32 MovingFrameQueue Popped
INFO:root:2021-07-21-14--07--32 anomallyFrameTracker resetted to 200
INFO:root:2021-07-21-14--07--32 Colour Conversion Completed
INFO:root:2021-07-21-14--07--32 Sleep Check Completed
INFO:root:2021-07-21-14--07--32 Frame manipulations completed
INFO:root:2021-07-21-14--07--32 Bounding Box Drawn
INFO:root:2021-07-21-14--07--32 MovingFrameQueue Appended
INFO:root:2021-07-21-14--07--32 anomallyFrameTracker resetted to 200
INFO:root:2021-07-21-14--07--32 Colour Conversion Completed
INFO:root:2021-07-21-14--07--32 Sleep Check Completed
INFO:root:2021-07-21-14--07--32 Frame manipulations completed
INFO:root:2021-07-21-14--07--32 Bounding Box Drawn
INFO:root:2021-07-21-14--07--32 MovingFrameQueue Popped
INFO:root:2021-07-21-14--07--32 anomallyFrameTracker resetted to 200
INFO:root:2021-07-21-14--07--32 Colour Conversion Completed
INFO:root:2021-07-21-14--07--32 Sleep Check Completed
INFO:root:2021-07-21-14--07--32 Frame manipulations completed
INFO:root:2021-07-21-14--07--32 Bounding Box Drawn
INFO:root:2021-07-21-14--07--33 MovingFrameQueue Appended
INFO:root:2021-07-21-14--07--33 anomallyFrameTracker resetted to 200
INFO:root:2021-07-21-14--07--33 Colour Conversion Completed
INFO:root:2021-07-21-14--07--33 Sleep Check Completed
INFO:root:2021-07-21-14--07--33 Frame manipulations completed
INFO:root:2021-07-21-14--07--33 Bounding Box Drawn
INFO:root:2021-07-21-14--07--33 MovingFrameQueue Popped
INFO:root:2021-07-21-14--07--33 anomallyFrameTracker resetted to 200
INFO:root:2021-07-21-14--07--33 Colour Conversion Completed
INFO:root:2021-07-21-14--07--33 Sleep Check Completed
INFO:root:2021-07-21-14--07--33 Frame manipulations completed
INFO:root:2021-07-21-14--07--33 Bounding Box Drawn
INFO:root:2021-07-21-14--07--33 MovingFrameQueue Appended
INFO:root:2021-07-21-14--07--33 anomallyFrameTracker resetted to 200
INFO:root:2021-07-21-14--07--33 Colour Conversion Completed
INFO:root:2021-07-21-14--07--33 Sleep Check Completed
INFO:root:2021-07-21-14--07--33 Frame manipulations completed
INFO:root:2021-07-21-14--07--33 Bounding Box Drawn
INFO:root:2021-07-21-14--07--33 MovingFrameQueue Popped
INFO:root:2021-07-21-14--07--33 anomallyFrameTracker resetted to 200
INFO:root:2021-07-21-14--07--33 Colour Conversion Completed
INFO:root:2021-07-21-14--07--33 Sleep Check Completed
INFO:root:2021-07-21-14--07--33 Frame manipulations completed
INFO:root:2021-07-21-14--07--33 Bounding Box Drawn
INFO:root:2021-07-21-14--07--33 MovingFrameQueue Appended
INFO:root:2021-07-21-14--07--33 anomallyFrameTracker resetted to 200
INFO:root:2021-07-21-14--07--33 Colour Conversion Completed
INFO:root:2021-07-21-14--07--33 Sleep Check Completed
INFO:root:2021-07-21-14--07--33 Frame manipulations completed
INFO:root:2021-07-21-14--07--33 Bounding Box Drawn
INFO:root:2021-07-21-14--07--33 MovingFrameQueue Popped
INFO:root:2021-07-21-14--07--33 anomallyFrameTracker resetted to 200
INFO:root:2021-07-21-14--07--33 Colour Conversion Completed
INFO:root:2021-07-21-14--07--33 Sleep Check Completed
INFO:root:2021-07-21-14--07--33 Frame manipulations completed
INFO:root:2021-07-21-14--07--33 Bounding Box Drawn
INFO:root:2021-07-21-14--07--33 MovingFrameQueue Appended
INFO:root:2021-07-21-14--07--33 anomallyFrameTracker resetted to 200
INFO:root:2021-07-21-14--07--33 Colour Conversion Completed
INFO:root:2021-07-21-14--07--33 Sleep Check Completed
INFO:root:2021-07-21-14--07--33 Frame manipulations completed
INFO:root:2021-07-21-14--07--33 Bounding Box Drawn
INFO:root:2021-07-21-14--07--34 MovingFrameQueue Popped
INFO:root:2021-07-21-14--07--34 anomallyFrameTracker resetted to 200
INFO:root:2021-07-21-14--07--34 Colour Conversion Completed
INFO:root:2021-07-21-14--07--34 Sleep Check Completed
INFO:root:2021-07-21-14--07--34 Frame manipulations completed
INFO:root:2021-07-21-14--07--34 Bounding Box Drawn
INFO:root:2021-07-21-14--07--34 MovingFrameQueue Appended
INFO:root:2021-07-21-14--07--34 anomallyFrameTracker resetted to 200
INFO:root:2021-07-21-14--07--34 Colour Conversion Completed
INFO:root:2021-07-21-14--07--34 Sleep Check Completed
INFO:root:2021-07-21-14--07--34 Frame manipulations completed
INFO:root:2021-07-21-14--07--34 Bounding Box Drawn
INFO:root:2021-07-21-14--07--34 MovingFrameQueue Popped
INFO:root:2021-07-21-14--07--34 anomallyFrameTracker resetted to 200
INFO:root:2021-07-21-14--07--34 Colour Conversion Completed
INFO:root:2021-07-21-14--07--34 Sleep Check Completed
INFO:root:2021-07-21-14--07--34 Frame manipulations completed
INFO:root:2021-07-21-14--07--34 Bounding Box Drawn
INFO:root:2021-07-21-14--07--34 MovingFrameQueue Appended
INFO:root:2021-07-21-14--07--34 anomallyFrameTracker resetted to 200
INFO:root:2021-07-21-14--07--34 Colour Conversion Completed
INFO:root:2021-07-21-14--07--34 Sleep Check Completed
INFO:root:2021-07-21-14--07--34 Frame manipulations completed
INFO:root:2021-07-21-14--07--34 Bounding Box Drawn
INFO:root:2021-07-21-14--07--34 MovingFrameQueue Popped
INFO:root:2021-07-21-14--07--34 anomallyFrameTracker resetted to 200
INFO:root:2021-07-21-14--07--34 Colour Conversion Completed
INFO:root:2021-07-21-14--07--34 Sleep Check Completed
INFO:root:2021-07-21-14--07--34 Frame manipulations completed
INFO:root:2021-07-21-14--07--34 Bounding Box Drawn
INFO:root:2021-07-21-14--07--34 MovingFrameQueue Appended
INFO:root:2021-07-21-14--07--34 anomallyFrameTracker resetted to 200
INFO:root:2021-07-21-14--07--34 Colour Conversion Completed
INFO:root:2021-07-21-14--07--34 Sleep Check Completed
INFO:root:2021-07-21-14--07--34 Frame manipulations completed
INFO:root:2021-07-21-14--07--34 Bounding Box Drawn
INFO:root:2021-07-21-14--07--34 MovingFrameQueue Popped
INFO:root:2021-07-21-14--07--34 anomallyFrameTracker resetted to 200
INFO:root:2021-07-21-14--07--34 Colour Conversion Completed
INFO:root:2021-07-21-14--07--34 Sleep Check Completed
INFO:root:2021-07-21-14--07--34 Frame manipulations completed
INFO:root:2021-07-21-14--07--34 Bounding Box Drawn
INFO:root:2021-07-21-14--07--35 MovingFrameQueue Appended
INFO:root:2021-07-21-14--07--35 anomallyFrameTracker resetted to 200
INFO:root:2021-07-21-14--07--35 Colour Conversion Completed
INFO:root:2021-07-21-14--07--35 Sleep Check Completed
INFO:root:2021-07-21-14--07--35 Frame manipulations completed
INFO:root:2021-07-21-14--07--35 Bounding Box Drawn
INFO:root:2021-07-21-14--07--35 MovingFrameQueue Popped
INFO:root:2021-07-21-14--07--35 anomallyFrameTracker resetted to 200
INFO:root:2021-07-21-14--07--35 Colour Conversion Completed
INFO:root:2021-07-21-14--07--35 Sleep Check Completed
INFO:root:2021-07-21-14--07--35 Frame manipulations completed
INFO:root:2021-07-21-14--07--35 Bounding Box Drawn
INFO:root:2021-07-21-14--07--35 MovingFrameQueue Appended
INFO:root:2021-07-21-14--07--35 anomallyFrameTracker resetted to 200
INFO:root:2021-07-21-14--07--35 Colour Conversion Completed
INFO:root:2021-07-21-14--07--35 Sleep Check Completed
INFO:root:2021-07-21-14--07--35 Frame manipulations completed
INFO:root:2021-07-21-14--07--35 Bounding Box Drawn
INFO:root:2021-07-21-14--07--35 MovingFrameQueue Popped
INFO:root:2021-07-21-14--07--35 anomallyFrameTracker resetted to 200
INFO:root:2021-07-21-14--07--35 Colour Conversion Completed
INFO:root:2021-07-21-14--07--35 Sleep Check Completed
INFO:root:2021-07-21-14--07--35 Frame manipulations completed
INFO:root:2021-07-21-14--07--35 Bounding Box Drawn
INFO:root:2021-07-21-14--07--35 MovingFrameQueue Appended
INFO:root:2021-07-21-14--07--35 anomallyFrameTracker resetted to 200
INFO:root:2021-07-21-14--07--35 Colour Conversion Completed
INFO:root:2021-07-21-14--07--35 Sleep Check Completed
INFO:root:2021-07-21-14--07--35 Frame manipulations completed
INFO:root:2021-07-21-14--07--35 Bounding Box Drawn
INFO:root:2021-07-21-14--07--35 MovingFrameQueue Popped
INFO:root:2021-07-21-14--07--35 anomallyFrameTracker resetted to 200
INFO:root:2021-07-21-14--07--35 Colour Conversion Completed
INFO:root:2021-07-21-14--07--35 Sleep Check Completed
INFO:root:2021-07-21-14--07--35 Frame manipulations completed
INFO:root:2021-07-21-14--07--35 Bounding Box Drawn
INFO:root:2021-07-21-14--07--36 MovingFrameQueue Appended
INFO:root:2021-07-21-14--07--36 anomallyFrameTracker resetted to 200
INFO:root:2021-07-21-14--07--36 Colour Conversion Completed
INFO:root:2021-07-21-14--07--36 Sleep Check Completed
INFO:root:2021-07-21-14--07--36 Frame manipulations completed
INFO:root:2021-07-21-14--07--36 Bounding Box Drawn
INFO:root:2021-07-21-14--07--36 MovingFrameQueue Popped
INFO:root:2021-07-21-14--07--36 anomallyFrameTracker resetted to 200
INFO:root:2021-07-21-14--07--36 Colour Conversion Completed
INFO:root:2021-07-21-14--07--36 Sleep Check Completed
INFO:root:2021-07-21-14--07--36 Frame manipulations completed
INFO:root:2021-07-21-14--07--36 Bounding Box Drawn
INFO:root:2021-07-21-14--07--36 MovingFrameQueue Appended
INFO:root:2021-07-21-14--07--36 anomallyFrameTracker resetted to 200
INFO:root:2021-07-21-14--07--36 Colour Conversion Completed
INFO:root:2021-07-21-14--07--36 Sleep Check Completed
INFO:root:2021-07-21-14--07--36 Frame manipulations completed
INFO:root:2021-07-21-14--07--36 Bounding Box Drawn
INFO:root:2021-07-21-14--07--36 MovingFrameQueue Popped
INFO:root:2021-07-21-14--07--36 anomallyFrameTracker resetted to 200
INFO:root:2021-07-21-14--07--36 Colour Conversion Completed
INFO:root:2021-07-21-14--07--36 Sleep Check Completed
INFO:root:2021-07-21-14--07--36 Frame manipulations completed
INFO:root:2021-07-21-14--07--36 Bounding Box Drawn
INFO:root:2021-07-21-14--07--36 MovingFrameQueue Appended
INFO:root:2021-07-21-14--07--36 anomallyFrameTracker resetted to 200
INFO:root:2021-07-21-14--07--36 Colour Conversion Completed
INFO:root:2021-07-21-14--07--36 Sleep Check Completed
INFO:root:2021-07-21-14--07--36 Frame manipulations completed
INFO:root:2021-07-21-14--07--36 Bounding Box Drawn
INFO:root:2021-07-21-14--07--36 MovingFrameQueue Popped
INFO:root:2021-07-21-14--07--36 anomallyFrameTracker resetted to 200
INFO:root:2021-07-21-14--07--36 Colour Conversion Completed
INFO:root:2021-07-21-14--07--36 Sleep Check Completed
INFO:root:2021-07-21-14--07--36 Frame manipulations completed
INFO:root:2021-07-21-14--07--36 Bounding Box Drawn
INFO:root:2021-07-21-14--07--36 MovingFrameQueue Appended
INFO:root:2021-07-21-14--07--36 anomallyFrameTracker resetted to 200
INFO:root:2021-07-21-14--07--36 Colour Conversion Completed
INFO:root:2021-07-21-14--07--36 Sleep Check Completed
INFO:root:2021-07-21-14--07--36 Frame manipulations completed
INFO:root:2021-07-21-14--07--36 Bounding Box Drawn
INFO:root:2021-07-21-14--07--37 MovingFrameQueue Popped
INFO:root:2021-07-21-14--07--37 anomallyFrameTracker resetted to 200
INFO:root:2021-07-21-14--07--37 Colour Conversion Completed
INFO:root:2021-07-21-14--07--37 Sleep Check Completed
INFO:root:2021-07-21-14--07--37 Frame manipulations completed
INFO:root:2021-07-21-14--07--37 Bounding Box Drawn
INFO:root:2021-07-21-14--07--37 MovingFrameQueue Appended
INFO:root:2021-07-21-14--07--37 anomallyFrameTracker resetted to 200
INFO:root:2021-07-21-14--07--37 Colour Conversion Completed
INFO:root:2021-07-21-14--07--37 Sleep Check Completed
INFO:root:2021-07-21-14--07--37 Frame manipulations completed
INFO:root:2021-07-21-14--07--37 Bounding Box Drawn
INFO:root:2021-07-21-14--07--37 MovingFrameQueue Popped
INFO:root:2021-07-21-14--07--37 anomallyFrameTracker resetted to 200
INFO:root:2021-07-21-14--07--37 Colour Conversion Completed
INFO:root:2021-07-21-14--07--37 Sleep Check Completed
INFO:root:2021-07-21-14--07--37 Frame manipulations completed
INFO:root:2021-07-21-14--07--37 Bounding Box Drawn
INFO:root:2021-07-21-14--07--37 MovingFrameQueue Appended
INFO:root:2021-07-21-14--07--37 anomallyFrameTracker resetted to 200
INFO:root:2021-07-21-14--07--37 Colour Conversion Completed
INFO:root:2021-07-21-14--07--37 Sleep Check Completed
INFO:root:2021-07-21-14--07--37 Frame manipulations completed
INFO:root:2021-07-21-14--07--37 Bounding Box Drawn
INFO:root:2021-07-21-14--07--37 MovingFrameQueue Popped
INFO:root:2021-07-21-14--07--37 anomallyFrameTracker resetted to 200
INFO:root:2021-07-21-14--07--37 Colour Conversion Completed
INFO:root:2021-07-21-14--07--37 Sleep Check Completed
INFO:root:2021-07-21-14--07--37 Frame manipulations completed
INFO:root:2021-07-21-14--07--37 Bounding Box Drawn
INFO:root:2021-07-21-14--07--37 MovingFrameQueue Appended
INFO:root:2021-07-21-14--07--37 anomallyFrameTracker resetted to 200
INFO:root:2021-07-21-14--07--37 Colour Conversion Completed
INFO:root:2021-07-21-14--07--37 Sleep Check Completed
INFO:root:2021-07-21-14--07--37 Frame manipulations completed
INFO:root:2021-07-21-14--07--37 Bounding Box Drawn
INFO:root:2021-07-21-14--07--37 MovingFrameQueue Popped
INFO:root:2021-07-21-14--07--37 anomallyFrameTracker resetted to 200
INFO:root:2021-07-21-14--07--37 Colour Conversion Completed
INFO:root:2021-07-21-14--07--37 Sleep Check Completed
INFO:root:2021-07-21-14--07--37 Frame manipulations completed
INFO:root:2021-07-21-14--07--37 Bounding Box Drawn
INFO:root:2021-07-21-14--07--37 MovingFrameQueue Appended
INFO:root:2021-07-21-14--07--37 anomallyFrameTracker resetted to 200
INFO:root:2021-07-21-14--07--37 Colour Conversion Completed
INFO:root:2021-07-21-14--07--37 Sleep Check Completed
INFO:root:2021-07-21-14--07--37 Frame manipulations completed
INFO:root:2021-07-21-14--07--37 Bounding Box Drawn
INFO:root:2021-07-21-14--07--38 MovingFrameQueue Popped
INFO:root:2021-07-21-14--07--38 anomallyFrameTracker resetted to 200
INFO:root:2021-07-21-14--07--38 Colour Conversion Completed
INFO:root:2021-07-21-14--07--38 Sleep Check Completed
INFO:root:2021-07-21-14--07--38 Frame manipulations completed
INFO:root:2021-07-21-14--07--38 Bounding Box Drawn
INFO:root:2021-07-21-14--07--38 MovingFrameQueue Appended
INFO:root:2021-07-21-14--07--38 anomallyFrameTracker resetted to 200
INFO:root:2021-07-21-14--07--38 Colour Conversion Completed
INFO:root:2021-07-21-14--07--38 Sleep Check Completed
INFO:root:2021-07-21-14--07--38 Frame manipulations completed
INFO:root:2021-07-21-14--07--38 Bounding Box Drawn
INFO:root:2021-07-21-14--07--38 MovingFrameQueue Popped
INFO:root:2021-07-21-14--07--38 anomallyFrameTracker resetted to 200
INFO:root:2021-07-21-14--07--38 Colour Conversion Completed
INFO:root:2021-07-21-14--07--38 Sleep Check Completed
INFO:root:2021-07-21-14--07--38 Frame manipulations completed
INFO:root:2021-07-21-14--07--38 Bounding Box Drawn
INFO:root:2021-07-21-14--07--38 MovingFrameQueue Appended
INFO:root:2021-07-21-14--07--38 anomallyFrameTracker resetted to 200
INFO:root:2021-07-21-14--07--38 Colour Conversion Completed
INFO:root:2021-07-21-14--07--38 Sleep Check Completed
INFO:root:2021-07-21-14--07--38 Frame manipulations completed
INFO:root:2021-07-21-14--07--38 Bounding Box Drawn
INFO:root:2021-07-21-14--07--38 MovingFrameQueue Popped
INFO:root:2021-07-21-14--07--38 anomallyFrameTracker resetted to 200
INFO:root:2021-07-21-14--07--38 Colour Conversion Completed
INFO:root:2021-07-21-14--07--38 Sleep Check Completed
INFO:root:2021-07-21-14--07--38 Frame manipulations completed
INFO:root:2021-07-21-14--07--38 Bounding Box Drawn
INFO:root:2021-07-21-14--07--38 MovingFrameQueue Appended
INFO:root:2021-07-21-14--07--38 anomallyFrameTracker resetted to 200
INFO:root:2021-07-21-14--07--38 Colour Conversion Completed
INFO:root:2021-07-21-14--07--38 Sleep Check Completed
INFO:root:2021-07-21-14--07--38 Frame manipulations completed
INFO:root:2021-07-21-14--07--38 Bounding Box Drawn
INFO:root:2021-07-21-14--07--38 MovingFrameQueue Popped
INFO:root:2021-07-21-14--07--38 anomallyFrameTracker resetted to 200
INFO:root:2021-07-21-14--07--38 Colour Conversion Completed
INFO:root:2021-07-21-14--07--38 Sleep Check Completed
INFO:root:2021-07-21-14--07--38 Frame manipulations completed
INFO:root:2021-07-21-14--07--38 Bounding Box Drawn
INFO:root:2021-07-21-14--07--39 MovingFrameQueue Appended
INFO:root:2021-07-21-14--07--39 anomallyFrameTracker resetted to 200
INFO:root:2021-07-21-14--07--39 Colour Conversion Completed
INFO:root:2021-07-21-14--07--39 Sleep Check Completed
INFO:root:2021-07-21-14--07--39 Frame manipulations completed
INFO:root:2021-07-21-14--07--39 Bounding Box Drawn
INFO:root:2021-07-21-14--07--39 MovingFrameQueue Popped
INFO:root:2021-07-21-14--07--39 anomallyFrameTracker resetted to 200
INFO:root:2021-07-21-14--07--39 Colour Conversion Completed
INFO:root:2021-07-21-14--07--39 Sleep Check Completed
INFO:root:2021-07-21-14--07--39 Frame manipulations completed
INFO:root:2021-07-21-14--07--39 Bounding Box Drawn
INFO:root:2021-07-21-14--07--39 MovingFrameQueue Appended
INFO:root:2021-07-21-14--07--39 anomallyFrameTracker resetted to 200
INFO:root:2021-07-21-14--07--39 Colour Conversion Completed
INFO:root:2021-07-21-14--07--39 Sleep Check Completed
INFO:root:2021-07-21-14--07--39 Frame manipulations completed
INFO:root:2021-07-21-14--07--39 Bounding Box Drawn
INFO:root:2021-07-21-14--07--39 MovingFrameQueue Popped
INFO:root:2021-07-21-14--07--39 anomallyFrameTracker resetted to 200
INFO:root:2021-07-21-14--07--39 Colour Conversion Completed
INFO:root:2021-07-21-14--07--39 Sleep Check Completed
INFO:root:2021-07-21-14--07--39 Frame manipulations completed
INFO:root:2021-07-21-14--07--39 Bounding Box Drawn
INFO:root:2021-07-21-14--07--39 MovingFrameQueue Appended
INFO:root:2021-07-21-14--07--39 anomallyFrameTracker resetted to 200
INFO:root:2021-07-21-14--07--39 Colour Conversion Completed
INFO:root:2021-07-21-14--07--39 Sleep Check Completed
INFO:root:2021-07-21-14--07--39 Frame manipulations completed
INFO:root:2021-07-21-14--07--39 Bounding Box Drawn
INFO:root:2021-07-21-14--07--39[INFO] elapsed time: 24.60
INFO:root:2021-07-21-14--07--39[INFO] approx. FPS: 5.65
INFO:root:2021-07-21-14--07--40 Getting Auth Token Success
INFO:root:2021-07-21-14--07--40 BedTime Upload Completed
