INFO:root:2021-07-16-13--26--02 Parameter Generation Success
INFO:root:2021-07-16-13--26--02 Colour Conversion Completed
INFO:root:2021-07-16-13--26--02 Sleep Check Completed
INFO:root:2021-07-16-13--26--02 Frame manipulations completed
INFO:root:2021-07-16-13--26--02 Bounding Box Drawn
INFO:root:2021-07-16-13--26--07 MovingFrameQueue Appended
INFO:root:2021-07-16-13--26--07 anomallyFrameTracker resetted to 200
INFO:root:2021-07-16-13--26--07 Colour Conversion Completed
INFO:root:2021-07-16-13--26--07 Sleep Check Completed
INFO:root:2021-07-16-13--26--07 Frame manipulations completed
INFO:root:2021-07-16-13--26--07 Bounding Box Drawn
INFO:root:2021-07-16-13--26--07 MovingFrameQueue Appended
INFO:root:2021-07-16-13--26--07 anomallyFrameTracker resetted to 200
INFO:root:2021-07-16-13--26--07 Colour Conversion Completed
INFO:root:2021-07-16-13--26--07 Sleep Check Completed
INFO:root:2021-07-16-13--26--07 Frame manipulations completed
INFO:root:2021-07-16-13--26--07 Bounding Box Drawn
INFO:root:2021-07-16-13--26--07 MovingFrameQueue Appended
INFO:root:2021-07-16-13--26--07 anomallyFrameTracker resetted to 200
INFO:root:2021-07-16-13--26--07 Colour Conversion Completed
INFO:root:2021-07-16-13--26--07 Sleep Check Completed
INFO:root:2021-07-16-13--26--07 Frame manipulations completed
INFO:root:2021-07-16-13--26--07 Bounding Box Drawn
INFO:root:2021-07-16-13--26--07 MovingFrameQueue Appended
INFO:root:2021-07-16-13--26--07 anomallyFrameTracker resetted to 200
INFO:root:2021-07-16-13--26--08 Colour Conversion Completed
INFO:root:2021-07-16-13--26--08 Sleep Check Completed
INFO:root:2021-07-16-13--26--08 Frame manipulations completed
INFO:root:2021-07-16-13--26--08 Bounding Box Drawn
INFO:root:2021-07-16-13--26--08 MovingFrameQueue Appended
INFO:root:2021-07-16-13--26--08 anomallyFrameTracker resetted to 200
INFO:root:2021-07-16-13--26--08 Colour Conversion Completed
INFO:root:2021-07-16-13--26--08 Sleep Check Completed
INFO:root:2021-07-16-13--26--08 Frame manipulations completed
INFO:root:2021-07-16-13--26--08 Bounding Box Drawn
INFO:root:2021-07-16-13--26--08 MovingFrameQueue Appended
INFO:root:2021-07-16-13--26--08 anomallyFrameTracker resetted to 200
INFO:root:2021-07-16-13--26--08 Colour Conversion Completed
INFO:root:2021-07-16-13--26--08 Sleep Check Completed
INFO:root:2021-07-16-13--26--08 Frame manipulations completed
INFO:root:2021-07-16-13--26--08 Bounding Box Drawn
INFO:root:2021-07-16-13--26--08 MovingFrameQueue Appended
INFO:root:2021-07-16-13--26--08 anomallyFrameTracker resetted to 200
INFO:root:2021-07-16-13--26--08 Colour Conversion Completed
INFO:root:2021-07-16-13--26--08 Sleep Check Completed
INFO:root:2021-07-16-13--26--08 Frame manipulations completed
INFO:root:2021-07-16-13--26--08 Bounding Box Drawn
INFO:root:2021-07-16-13--26--08 MovingFrameQueue Appended
INFO:root:2021-07-16-13--26--08 anomallyFrameTracker resetted to 200
INFO:root:2021-07-16-13--26--08 Colour Conversion Completed
INFO:root:2021-07-16-13--26--08 Sleep Check Completed
INFO:root:2021-07-16-13--26--08 Frame manipulations completed
INFO:root:2021-07-16-13--26--08 Bounding Box Drawn
INFO:root:2021-07-16-13--26--08 MovingFrameQueue Appended
INFO:root:2021-07-16-13--26--08 anomallyFrameTracker resetted to 200
INFO:root:2021-07-16-13--26--08 Colour Conversion Completed
INFO:root:2021-07-16-13--26--08 Sleep Check Completed
INFO:root:2021-07-16-13--26--08 Frame manipulations completed
INFO:root:2021-07-16-13--26--08 Bounding Box Drawn
INFO:root:2021-07-16-13--26--08 MovingFrameQueue Appended
INFO:root:2021-07-16-13--26--08 anomallyFrameTracker resetted to 200
INFO:root:2021-07-16-13--26--08 Colour Conversion Completed
INFO:root:2021-07-16-13--26--09 Sleep Check Completed
INFO:root:2021-07-16-13--26--09 Frame manipulations completed
INFO:root:2021-07-16-13--26--09 Bounding Box Drawn
INFO:root:2021-07-16-13--26--09 MovingFrameQueue Appended
INFO:root:2021-07-16-13--26--09 anomallyFrameTracker resetted to 200
INFO:root:2021-07-16-13--26--09 Colour Conversion Completed
INFO:root:2021-07-16-13--26--09 Sleep Check Completed
INFO:root:2021-07-16-13--26--09 Frame manipulations completed
INFO:root:2021-07-16-13--26--09 Bounding Box Drawn
INFO:root:2021-07-16-13--26--09 MovingFrameQueue Appended
INFO:root:2021-07-16-13--26--09 anomallyFrameTracker resetted to 200
INFO:root:2021-07-16-13--26--09 Colour Conversion Completed
INFO:root:2021-07-16-13--26--09 Sleep Check Completed
INFO:root:2021-07-16-13--26--09 Frame manipulations completed
INFO:root:2021-07-16-13--26--09 Bounding Box Drawn
INFO:root:2021-07-16-13--26--09 MovingFrameQueue Appended
INFO:root:2021-07-16-13--26--09 anomallyFrameTracker resetted to 200
INFO:root:2021-07-16-13--26--09 Colour Conversion Completed
INFO:root:2021-07-16-13--26--09 Sleep Check Completed
INFO:root:2021-07-16-13--26--09 Frame manipulations completed
INFO:root:2021-07-16-13--26--09 Bounding Box Drawn
INFO:root:2021-07-16-13--26--09 MovingFrameQueue Appended
INFO:root:2021-07-16-13--26--09 anomallyFrameTracker resetted to 200
INFO:root:2021-07-16-13--26--09 Colour Conversion Completed
INFO:root:2021-07-16-13--26--09 Sleep Check Completed
INFO:root:2021-07-16-13--26--09 Frame manipulations completed
INFO:root:2021-07-16-13--26--09 Bounding Box Drawn
INFO:root:2021-07-16-13--26--09 MovingFrameQueue Appended
INFO:root:2021-07-16-13--26--09 anomallyFrameTracker resetted to 200
INFO:root:2021-07-16-13--26--09 Colour Conversion Completed
INFO:root:2021-07-16-13--26--09 Sleep Check Completed
INFO:root:2021-07-16-13--26--09 Frame manipulations completed
INFO:root:2021-07-16-13--26--09 Bounding Box Drawn
INFO:root:2021-07-16-13--26--10 MovingFrameQueue Appended
INFO:root:2021-07-16-13--26--10 anomallyFrameTracker resetted to 200
INFO:root:2021-07-16-13--26--10 Colour Conversion Completed
INFO:root:2021-07-16-13--26--10 Sleep Check Completed
INFO:root:2021-07-16-13--26--10 Frame manipulations completed
INFO:root:2021-07-16-13--26--10 Bounding Box Drawn
INFO:root:2021-07-16-13--26--10 MovingFrameQueue Appended
INFO:root:2021-07-16-13--26--10 anomallyFrameTracker resetted to 200
INFO:root:2021-07-16-13--26--10 Colour Conversion Completed
INFO:root:2021-07-16-13--26--10 Sleep Check Completed
INFO:root:2021-07-16-13--26--10 Frame manipulations completed
INFO:root:2021-07-16-13--26--10 Bounding Box Drawn
INFO:root:2021-07-16-13--26--10 MovingFrameQueue Appended
INFO:root:2021-07-16-13--26--10 anomallyFrameTracker resetted to 200
INFO:root:2021-07-16-13--26--10 Colour Conversion Completed
INFO:root:2021-07-16-13--26--10 Sleep Check Completed
INFO:root:2021-07-16-13--26--10 Frame manipulations completed
INFO:root:2021-07-16-13--26--10 Bounding Box Drawn
INFO:root:2021-07-16-13--26--10 MovingFrameQueue Appended
INFO:root:2021-07-16-13--26--10 anomallyFrameTracker resetted to 200
INFO:root:2021-07-16-13--26--10 Colour Conversion Completed
INFO:root:2021-07-16-13--26--10 Sleep Check Completed
INFO:root:2021-07-16-13--26--10 Frame manipulations completed
INFO:root:2021-07-16-13--26--10 Bounding Box Drawn
INFO:root:2021-07-16-13--26--10 MovingFrameQueue Appended
INFO:root:2021-07-16-13--26--10 anomallyFrameTracker resetted to 200
INFO:root:2021-07-16-13--26--10 Colour Conversion Completed
INFO:root:2021-07-16-13--26--10 Sleep Check Completed
INFO:root:2021-07-16-13--26--10 Frame manipulations completed
INFO:root:2021-07-16-13--26--10 Bounding Box Drawn
INFO:root:2021-07-16-13--26--10 MovingFrameQueue Appended
INFO:root:2021-07-16-13--26--10 anomallyFrameTracker resetted to 200
INFO:root:2021-07-16-13--26--10 Colour Conversion Completed
INFO:root:2021-07-16-13--26--10 Sleep Check Completed
INFO:root:2021-07-16-13--26--10 Frame manipulations completed
INFO:root:2021-07-16-13--26--10 Bounding Box Drawn
INFO:root:2021-07-16-13--26--11 MovingFrameQueue Appended
INFO:root:2021-07-16-13--26--11 anomallyFrameTracker resetted to 200
INFO:root:2021-07-16-13--26--11 Colour Conversion Completed
INFO:root:2021-07-16-13--26--11 Sleep Check Completed
INFO:root:2021-07-16-13--26--11 Frame manipulations completed
INFO:root:2021-07-16-13--26--11 Bounding Box Drawn
INFO:root:2021-07-16-13--26--11 MovingFrameQueue Appended
INFO:root:2021-07-16-13--26--11 anomallyFrameTracker resetted to 200
INFO:root:2021-07-16-13--26--11 Colour Conversion Completed
INFO:root:2021-07-16-13--26--11 Sleep Check Completed
INFO:root:2021-07-16-13--26--11 Frame manipulations completed
INFO:root:2021-07-16-13--26--11 Bounding Box Drawn
INFO:root:2021-07-16-13--26--11 MovingFrameQueue Appended
INFO:root:2021-07-16-13--26--11 anomallyFrameTracker resetted to 200
INFO:root:2021-07-16-13--26--11 Colour Conversion Completed
INFO:root:2021-07-16-13--26--11 Sleep Check Completed
INFO:root:2021-07-16-13--26--11 Frame manipulations completed
INFO:root:2021-07-16-13--26--11 Bounding Box Drawn
INFO:root:2021-07-16-13--26--11 MovingFrameQueue Appended
INFO:root:2021-07-16-13--26--11 anomallyFrameTracker resetted to 200
INFO:root:2021-07-16-13--26--11 Colour Conversion Completed
INFO:root:2021-07-16-13--26--11 Sleep Check Completed
INFO:root:2021-07-16-13--26--11 Frame manipulations completed
INFO:root:2021-07-16-13--26--11 Bounding Box Drawn
INFO:root:2021-07-16-13--26--11 MovingFrameQueue Appended
INFO:root:2021-07-16-13--26--11 anomallyFrameTracker resetted to 200
INFO:root:2021-07-16-13--26--11 Colour Conversion Completed
INFO:root:2021-07-16-13--26--11 Sleep Check Completed
INFO:root:2021-07-16-13--26--11 Frame manipulations completed
INFO:root:2021-07-16-13--26--11 Bounding Box Drawn
INFO:root:2021-07-16-13--26--11 MovingFrameQueue Appended
INFO:root:2021-07-16-13--26--11 anomallyFrameTracker resetted to 200
INFO:root:2021-07-16-13--26--11 Colour Conversion Completed
INFO:root:2021-07-16-13--26--12 Sleep Check Completed
INFO:root:2021-07-16-13--26--12 Frame manipulations completed
INFO:root:2021-07-16-13--26--12 Bounding Box Drawn
INFO:root:2021-07-16-13--26--12 MovingFrameQueue Appended
INFO:root:2021-07-16-13--26--12 anomallyFrameTracker resetted to 200
INFO:root:2021-07-16-13--26--12 Colour Conversion Completed
INFO:root:2021-07-16-13--26--12 Sleep Check Completed
INFO:root:2021-07-16-13--26--12 Frame manipulations completed
INFO:root:2021-07-16-13--26--12 Bounding Box Drawn
INFO:root:2021-07-16-13--26--12 MovingFrameQueue Appended
INFO:root:2021-07-16-13--26--12 anomallyFrameTracker resetted to 200
INFO:root:2021-07-16-13--26--12 Colour Conversion Completed
INFO:root:2021-07-16-13--26--12 Sleep Check Completed
INFO:root:2021-07-16-13--26--12 Frame manipulations completed
INFO:root:2021-07-16-13--26--12 Bounding Box Drawn
INFO:root:2021-07-16-13--26--12 MovingFrameQueue Appended
INFO:root:2021-07-16-13--26--12 anomallyFrameTracker resetted to 200
INFO:root:2021-07-16-13--26--12 Colour Conversion Completed
INFO:root:2021-07-16-13--26--12 Sleep Check Completed
INFO:root:2021-07-16-13--26--12 Frame manipulations completed
INFO:root:2021-07-16-13--26--12 Bounding Box Drawn
INFO:root:2021-07-16-13--26--12 MovingFrameQueue Appended
INFO:root:2021-07-16-13--26--12 anomallyFrameTracker resetted to 200
INFO:root:2021-07-16-13--26--12 Colour Conversion Completed
INFO:root:2021-07-16-13--26--12 Sleep Check Completed
INFO:root:2021-07-16-13--26--12 Frame manipulations completed
INFO:root:2021-07-16-13--26--12 Bounding Box Drawn
INFO:root:2021-07-16-13--26--12 MovingFrameQueue Appended
INFO:root:2021-07-16-13--26--12 anomallyFrameTracker resetted to 200
INFO:root:2021-07-16-13--26--12 Colour Conversion Completed
INFO:root:2021-07-16-13--26--12 Sleep Check Completed
INFO:root:2021-07-16-13--26--12 Frame manipulations completed
INFO:root:2021-07-16-13--26--12 Bounding Box Drawn
INFO:root:2021-07-16-13--26--13 MovingFrameQueue Appended
INFO:root:2021-07-16-13--26--13 anomallyFrameTracker resetted to 200
INFO:root:2021-07-16-13--26--13 Colour Conversion Completed
INFO:root:2021-07-16-13--26--13 Sleep Check Completed
INFO:root:2021-07-16-13--26--13 Frame manipulations completed
INFO:root:2021-07-16-13--26--13 Bounding Box Drawn
INFO:root:2021-07-16-13--26--13 MovingFrameQueue Appended
INFO:root:2021-07-16-13--26--13 anomallyFrameTracker resetted to 200
INFO:root:2021-07-16-13--26--13 Colour Conversion Completed
INFO:root:2021-07-16-13--26--13 Sleep Check Completed
INFO:root:2021-07-16-13--26--13 Frame manipulations completed
INFO:root:2021-07-16-13--26--13 Bounding Box Drawn
INFO:root:2021-07-16-13--26--13 MovingFrameQueue Appended
INFO:root:2021-07-16-13--26--13 anomallyFrameTracker resetted to 200
INFO:root:2021-07-16-13--26--13 Colour Conversion Completed
INFO:root:2021-07-16-13--26--13 Sleep Check Completed
INFO:root:2021-07-16-13--26--13 Frame manipulations completed
INFO:root:2021-07-16-13--26--13 Bounding Box Drawn
INFO:root:2021-07-16-13--26--13 MovingFrameQueue Appended
INFO:root:2021-07-16-13--26--13 anomallyFrameTracker resetted to 200
INFO:root:2021-07-16-13--26--13 Colour Conversion Completed
INFO:root:2021-07-16-13--26--13 Sleep Check Completed
INFO:root:2021-07-16-13--26--13 Frame manipulations completed
INFO:root:2021-07-16-13--26--13 Bounding Box Drawn
INFO:root:2021-07-16-13--26--13 MovingFrameQueue Appended
INFO:root:2021-07-16-13--26--13 anomallyFrameTracker resetted to 200
INFO:root:2021-07-16-13--26--13 Colour Conversion Completed
INFO:root:2021-07-16-13--26--13 Sleep Check Completed
INFO:root:2021-07-16-13--26--13 Frame manipulations completed
INFO:root:2021-07-16-13--26--13 Bounding Box Drawn
INFO:root:2021-07-16-13--26--13 MovingFrameQueue Appended
INFO:root:2021-07-16-13--26--13 anomallyFrameTracker resetted to 200
INFO:root:2021-07-16-13--26--13 Colour Conversion Completed
INFO:root:2021-07-16-13--26--13 Sleep Check Completed
INFO:root:2021-07-16-13--26--13 Frame manipulations completed
INFO:root:2021-07-16-13--26--13 Bounding Box Drawn
INFO:root:2021-07-16-13--26--14 MovingFrameQueue Appended
INFO:root:2021-07-16-13--26--14 anomallyFrameTracker resetted to 200
INFO:root:2021-07-16-13--26--14 Colour Conversion Completed
INFO:root:2021-07-16-13--26--14 Sleep Check Completed
INFO:root:2021-07-16-13--26--14 Frame manipulations completed
INFO:root:2021-07-16-13--26--14 Bounding Box Drawn
INFO:root:2021-07-16-13--26--14 MovingFrameQueue Appended
INFO:root:2021-07-16-13--26--14 anomallyFrameTracker resetted to 200
INFO:root:2021-07-16-13--26--14 Colour Conversion Completed
INFO:root:2021-07-16-13--26--14 Sleep Check Completed
INFO:root:2021-07-16-13--26--14 Frame manipulations completed
INFO:root:2021-07-16-13--26--14 Bounding Box Drawn
INFO:root:2021-07-16-13--26--14 MovingFrameQueue Appended
INFO:root:2021-07-16-13--26--14 anomallyFrameTracker resetted to 200
INFO:root:2021-07-16-13--26--14 Colour Conversion Completed
INFO:root:2021-07-16-13--26--14 Sleep Check Completed
INFO:root:2021-07-16-13--26--14 Frame manipulations completed
INFO:root:2021-07-16-13--26--14 Bounding Box Drawn
INFO:root:2021-07-16-13--26--14 MovingFrameQueue Appended
INFO:root:2021-07-16-13--26--14 anomallyFrameTracker resetted to 200
INFO:root:2021-07-16-13--26--14 Colour Conversion Completed
INFO:root:2021-07-16-13--26--14 Sleep Check Completed
INFO:root:2021-07-16-13--26--14 Frame manipulations completed
INFO:root:2021-07-16-13--26--14 Bounding Box Drawn
INFO:root:2021-07-16-13--26--14 MovingFrameQueue Appended
INFO:root:2021-07-16-13--26--14 anomallyFrameTracker resetted to 200
INFO:root:2021-07-16-13--26--14 Colour Conversion Completed
INFO:root:2021-07-16-13--26--14 Sleep Check Completed
INFO:root:2021-07-16-13--26--14 Frame manipulations completed
INFO:root:2021-07-16-13--26--14 Bounding Box Drawn
INFO:root:2021-07-16-13--26--14 MovingFrameQueue Appended
INFO:root:2021-07-16-13--26--14 anomallyFrameTracker resetted to 200
INFO:root:2021-07-16-13--26--14 Colour Conversion Completed
INFO:root:2021-07-16-13--26--14 Sleep Check Completed
INFO:root:2021-07-16-13--26--14 Frame manipulations completed
INFO:root:2021-07-16-13--26--14 Bounding Box Drawn
INFO:root:2021-07-16-13--26--14 MovingFrameQueue Appended
INFO:root:2021-07-16-13--26--14 anomallyFrameTracker resetted to 200
INFO:root:2021-07-16-13--26--14 Colour Conversion Completed
INFO:root:2021-07-16-13--26--14 Sleep Check Completed
INFO:root:2021-07-16-13--26--14 Frame manipulations completed
INFO:root:2021-07-16-13--26--14 Bounding Box Drawn
INFO:root:2021-07-16-13--26--14 MovingFrameQueue Appended
INFO:root:2021-07-16-13--26--14 anomallyFrameTracker resetted to 200
INFO:root:2021-07-16-13--26--14 Colour Conversion Completed
INFO:root:2021-07-16-13--26--14 Sleep Check Completed
INFO:root:2021-07-16-13--26--14 Frame manipulations completed
INFO:root:2021-07-16-13--26--14 Bounding Box Drawn
INFO:root:2021-07-16-13--26--15 MovingFrameQueue Appended
INFO:root:2021-07-16-13--26--15 anomallyFrameTracker resetted to 200
INFO:root:2021-07-16-13--26--15 Colour Conversion Completed
INFO:root:2021-07-16-13--26--15 Sleep Check Completed
INFO:root:2021-07-16-13--26--15 Frame manipulations completed
INFO:root:2021-07-16-13--26--15 Bounding Box Drawn
INFO:root:2021-07-16-13--26--15 MovingFrameQueue Appended
INFO:root:2021-07-16-13--26--15 anomallyFrameTracker resetted to 200
INFO:root:2021-07-16-13--26--15 Colour Conversion Completed
INFO:root:2021-07-16-13--26--15 Sleep Check Completed
INFO:root:2021-07-16-13--26--15 Frame manipulations completed
INFO:root:2021-07-16-13--26--15 Bounding Box Drawn
INFO:root:2021-07-16-13--26--15 MovingFrameQueue Appended
INFO:root:2021-07-16-13--26--15 anomallyFrameTracker resetted to 200
INFO:root:2021-07-16-13--26--15 Colour Conversion Completed
INFO:root:2021-07-16-13--26--15 Sleep Check Completed
INFO:root:2021-07-16-13--26--15 Frame manipulations completed
INFO:root:2021-07-16-13--26--15 Bounding Box Drawn
INFO:root:2021-07-16-13--26--15 MovingFrameQueue Appended
INFO:root:2021-07-16-13--26--15 anomallyFrameTracker resetted to 200
INFO:root:2021-07-16-13--26--15 Colour Conversion Completed
INFO:root:2021-07-16-13--26--15 Sleep Check Completed
INFO:root:2021-07-16-13--26--15 Frame manipulations completed
INFO:root:2021-07-16-13--26--15 Bounding Box Drawn
INFO:root:2021-07-16-13--26--15 MovingFrameQueue Appended
INFO:root:2021-07-16-13--26--15 anomallyFrameTracker resetted to 200
INFO:root:2021-07-16-13--26--15 Colour Conversion Completed
INFO:root:2021-07-16-13--26--15 Sleep Check Completed
INFO:root:2021-07-16-13--26--15 Frame manipulations completed
INFO:root:2021-07-16-13--26--15 Bounding Box Drawn
INFO:root:2021-07-16-13--26--15 MovingFrameQueue Popped
INFO:root:2021-07-16-13--26--15 anomallyFrameTracker resetted to 200
INFO:root:2021-07-16-13--26--15 Colour Conversion Completed
INFO:root:2021-07-16-13--26--15 Sleep Check Completed
INFO:root:2021-07-16-13--26--15 Frame manipulations completed
INFO:root:2021-07-16-13--26--15 Bounding Box Drawn
INFO:root:2021-07-16-13--26--15 MovingFrameQueue Appended
INFO:root:2021-07-16-13--26--15 anomallyFrameTracker resetted to 200
INFO:root:2021-07-16-13--26--15 Colour Conversion Completed
INFO:root:2021-07-16-13--26--15 Sleep Check Completed
INFO:root:2021-07-16-13--26--15 Frame manipulations completed
INFO:root:2021-07-16-13--26--15 Bounding Box Drawn
INFO:root:2021-07-16-13--26--15 MovingFrameQueue Popped
INFO:root:2021-07-16-13--26--15 anomallyFrameTracker resetted to 200
INFO:root:2021-07-16-13--26--15 Colour Conversion Completed
INFO:root:2021-07-16-13--26--15 Sleep Check Completed
INFO:root:2021-07-16-13--26--15 Frame manipulations completed
INFO:root:2021-07-16-13--26--15 Bounding Box Drawn
INFO:root:2021-07-16-13--26--16 MovingFrameQueue Appended
INFO:root:2021-07-16-13--26--16 anomallyFrameTracker resetted to 200
INFO:root:2021-07-16-13--26--16 Colour Conversion Completed
INFO:root:2021-07-16-13--26--16 Sleep Check Completed
INFO:root:2021-07-16-13--26--16 Frame manipulations completed
INFO:root:2021-07-16-13--26--16 Bounding Box Drawn
INFO:root:2021-07-16-13--26--16 MovingFrameQueue Popped
INFO:root:2021-07-16-13--26--16 anomallyFrameTracker resetted to 200
INFO:root:2021-07-16-13--26--16 Colour Conversion Completed
INFO:root:2021-07-16-13--26--16 Sleep Check Completed
INFO:root:2021-07-16-13--26--16 Frame manipulations completed
INFO:root:2021-07-16-13--26--16 Bounding Box Drawn
INFO:root:2021-07-16-13--26--16 MovingFrameQueue Appended
INFO:root:2021-07-16-13--26--16 anomallyFrameTracker resetted to 200
INFO:root:2021-07-16-13--26--16 Colour Conversion Completed
INFO:root:2021-07-16-13--26--16 Sleep Check Completed
INFO:root:2021-07-16-13--26--16 Frame manipulations completed
INFO:root:2021-07-16-13--26--16 Bounding Box Drawn
INFO:root:2021-07-16-13--26--16[INFO] elapsed time: 13.73
INFO:root:2021-07-16-13--26--16[INFO] approx. FPS: 4.15
