INFO:root:2021-07-23-10--16--40 Parameter Generation Success
INFO:root:2021-07-23-10--16--40 Colour Conversion Completed
INFO:root:2021-07-23-10--16--40 Sleep Check Completed
INFO:root:2021-07-23-10--16--40 Frame manipulations completed
INFO:root:2021-07-23-10--16--40 Bounding Box Drawn
INFO:root:2021-07-23-10--16--45 MovingFrameQueue Appended
INFO:root:2021-07-23-10--16--45 anomallyFrameTracker resetted to 200
INFO:root:2021-07-23-10--16--45 Colour Conversion Completed
INFO:root:2021-07-23-10--16--45 Sleep Check Completed
INFO:root:2021-07-23-10--16--45 Frame manipulations completed
INFO:root:2021-07-23-10--16--45 Bounding Box Drawn
INFO:root:2021-07-23-10--16--45 MovingFrameQueue Appended
INFO:root:2021-07-23-10--16--45 anomallyFrameTracker resetted to 200
INFO:root:2021-07-23-10--16--45 Colour Conversion Completed
INFO:root:2021-07-23-10--16--45 Sleep Check Completed
INFO:root:2021-07-23-10--16--45 Frame manipulations completed
INFO:root:2021-07-23-10--16--45 Bounding Box Drawn
INFO:root:2021-07-23-10--16--45 MovingFrameQueue Appended
INFO:root:2021-07-23-10--16--45 anomallyFrameTracker resetted to 200
INFO:root:2021-07-23-10--16--45 Colour Conversion Completed
INFO:root:2021-07-23-10--16--45 Sleep Check Completed
INFO:root:2021-07-23-10--16--45 Frame manipulations completed
INFO:root:2021-07-23-10--16--45 Bounding Box Drawn
INFO:root:2021-07-23-10--16--45 MovingFrameQueue Appended
INFO:root:2021-07-23-10--16--45 anomallyFrameTracker resetted to 200
INFO:root:2021-07-23-10--16--46 Colour Conversion Completed
INFO:root:2021-07-23-10--16--46 Sleep Check Completed
INFO:root:2021-07-23-10--16--46 Frame manipulations completed
INFO:root:2021-07-23-10--16--46 Bounding Box Drawn
INFO:root:2021-07-23-10--16--46 MovingFrameQueue Appended
INFO:root:2021-07-23-10--16--46 anomallyFrameTracker resetted to 200
INFO:root:2021-07-23-10--16--46 Colour Conversion Completed
INFO:root:2021-07-23-10--16--46 Sleep Check Completed
INFO:root:2021-07-23-10--16--46 Frame manipulations completed
INFO:root:2021-07-23-10--16--46 Bounding Box Drawn
INFO:root:2021-07-23-10--16--46 MovingFrameQueue Appended
INFO:root:2021-07-23-10--16--46 anomallyFrameTracker resetted to 200
INFO:root:2021-07-23-10--16--46 Colour Conversion Completed
INFO:root:2021-07-23-10--16--46 Sleep Check Completed
INFO:root:2021-07-23-10--16--46 Frame manipulations completed
INFO:root:2021-07-23-10--16--46 Bounding Box Drawn
INFO:root:2021-07-23-10--16--46 MovingFrameQueue Appended
INFO:root:2021-07-23-10--16--46 anomallyFrameTracker resetted to 200
INFO:root:2021-07-23-10--16--46 Colour Conversion Completed
INFO:root:2021-07-23-10--16--46 Sleep Check Completed
INFO:root:2021-07-23-10--16--46 Frame manipulations completed
INFO:root:2021-07-23-10--16--46 Bounding Box Drawn
INFO:root:2021-07-23-10--16--46 MovingFrameQueue Appended
INFO:root:2021-07-23-10--16--46 anomallyFrameTracker resetted to 200
INFO:root:2021-07-23-10--16--46 Colour Conversion Completed
INFO:root:2021-07-23-10--16--46 Sleep Check Completed
INFO:root:2021-07-23-10--16--46 Frame manipulations completed
INFO:root:2021-07-23-10--16--46 Bounding Box Drawn
INFO:root:2021-07-23-10--16--46 MovingFrameQueue Appended
INFO:root:2021-07-23-10--16--46 anomallyFrameTracker resetted to 200
INFO:root:2021-07-23-10--16--46 Colour Conversion Completed
INFO:root:2021-07-23-10--16--46 Sleep Check Completed
INFO:root:2021-07-23-10--16--46 Frame manipulations completed
INFO:root:2021-07-23-10--16--46 Bounding Box Drawn
INFO:root:2021-07-23-10--16--46 MovingFrameQueue Appended
INFO:root:2021-07-23-10--16--46 anomallyFrameTracker resetted to 200
INFO:root:2021-07-23-10--16--46 Colour Conversion Completed
INFO:root:2021-07-23-10--16--46 Sleep Check Completed
INFO:root:2021-07-23-10--16--46 Frame manipulations completed
INFO:root:2021-07-23-10--16--46 Bounding Box Drawn
INFO:root:2021-07-23-10--16--47 MovingFrameQueue Appended
INFO:root:2021-07-23-10--16--47 anomallyFrameTracker resetted to 200
INFO:root:2021-07-23-10--16--47 Colour Conversion Completed
INFO:root:2021-07-23-10--16--47 Sleep Check Completed
INFO:root:2021-07-23-10--16--47 Frame manipulations completed
INFO:root:2021-07-23-10--16--47 Bounding Box Drawn
INFO:root:2021-07-23-10--16--47 MovingFrameQueue Appended
INFO:root:2021-07-23-10--16--47 anomallyFrameTracker resetted to 200
INFO:root:2021-07-23-10--16--47 Colour Conversion Completed
INFO:root:2021-07-23-10--16--47 Sleep Check Completed
INFO:root:2021-07-23-10--16--47 Frame manipulations completed
INFO:root:2021-07-23-10--16--47 Bounding Box Drawn
INFO:root:2021-07-23-10--16--47 MovingFrameQueue Appended
INFO:root:2021-07-23-10--16--47 anomallyFrameTracker resetted to 200
INFO:root:2021-07-23-10--16--47 Colour Conversion Completed
INFO:root:2021-07-23-10--16--47 Sleep Check Completed
INFO:root:2021-07-23-10--16--47 Frame manipulations completed
INFO:root:2021-07-23-10--16--47 Bounding Box Drawn
INFO:root:2021-07-23-10--16--47 MovingFrameQueue Appended
INFO:root:2021-07-23-10--16--47 anomallyFrameTracker resetted to 200
INFO:root:2021-07-23-10--16--48 Colour Conversion Completed
INFO:root:2021-07-23-10--16--48 Sleep Check Completed
INFO:root:2021-07-23-10--16--48 Frame manipulations completed
INFO:root:2021-07-23-10--16--48 Bounding Box Drawn
INFO:root:2021-07-23-10--16--48 MovingFrameQueue Appended
INFO:root:2021-07-23-10--16--48 anomallyFrameTracker resetted to 200
INFO:root:2021-07-23-10--16--48 Colour Conversion Completed
INFO:root:2021-07-23-10--16--48 Sleep Check Completed
INFO:root:2021-07-23-10--16--48 Frame manipulations completed
INFO:root:2021-07-23-10--16--48 Bounding Box Drawn
INFO:root:2021-07-23-10--16--48 MovingFrameQueue Appended
INFO:root:2021-07-23-10--16--48 anomallyFrameTracker resetted to 200
INFO:root:2021-07-23-10--16--48 Colour Conversion Completed
INFO:root:2021-07-23-10--16--48 Sleep Check Completed
INFO:root:2021-07-23-10--16--48 Frame manipulations completed
INFO:root:2021-07-23-10--16--48 Bounding Box Drawn
INFO:root:2021-07-23-10--16--48 MovingFrameQueue Appended
INFO:root:2021-07-23-10--16--48 anomallyFrameTracker resetted to 200
INFO:root:2021-07-23-10--16--48 Colour Conversion Completed
INFO:root:2021-07-23-10--16--48 Sleep Check Completed
INFO:root:2021-07-23-10--16--48 Frame manipulations completed
INFO:root:2021-07-23-10--16--48 Bounding Box Drawn
INFO:root:2021-07-23-10--16--48 MovingFrameQueue Appended
INFO:root:2021-07-23-10--16--48 anomallyFrameTracker resetted to 200
INFO:root:2021-07-23-10--16--48 Colour Conversion Completed
INFO:root:2021-07-23-10--16--48 Sleep Check Completed
INFO:root:2021-07-23-10--16--48 Frame manipulations completed
INFO:root:2021-07-23-10--16--48 Bounding Box Drawn
INFO:root:2021-07-23-10--16--49 MovingFrameQueue Appended
INFO:root:2021-07-23-10--16--49 anomallyFrameTracker resetted to 200
INFO:root:2021-07-23-10--16--49 Colour Conversion Completed
INFO:root:2021-07-23-10--16--49 Sleep Check Completed
INFO:root:2021-07-23-10--16--49 Frame manipulations completed
INFO:root:2021-07-23-10--16--49 Bounding Box Drawn
INFO:root:2021-07-23-10--16--49 MovingFrameQueue Appended
INFO:root:2021-07-23-10--16--49 anomallyFrameTracker resetted to 200
INFO:root:2021-07-23-10--16--49 Colour Conversion Completed
INFO:root:2021-07-23-10--16--49 Sleep Check Completed
INFO:root:2021-07-23-10--16--49 Frame manipulations completed
INFO:root:2021-07-23-10--16--49 Bounding Box Drawn
INFO:root:2021-07-23-10--16--49 MovingFrameQueue Appended
INFO:root:2021-07-23-10--16--49 anomallyFrameTracker resetted to 200
INFO:root:2021-07-23-10--16--49 Colour Conversion Completed
INFO:root:2021-07-23-10--16--49 Sleep Check Completed
INFO:root:2021-07-23-10--16--49 Frame manipulations completed
INFO:root:2021-07-23-10--16--49 Bounding Box Drawn
INFO:root:2021-07-23-10--16--49 MovingFrameQueue Appended
INFO:root:2021-07-23-10--16--49 anomallyFrameTracker resetted to 200
INFO:root:2021-07-23-10--16--49 Colour Conversion Completed
INFO:root:2021-07-23-10--16--49 Sleep Check Completed
INFO:root:2021-07-23-10--16--49 Frame manipulations completed
INFO:root:2021-07-23-10--16--49 Bounding Box Drawn
INFO:root:2021-07-23-10--16--50 MovingFrameQueue Appended
INFO:root:2021-07-23-10--16--50 anomallyFrameTracker resetted to 200
INFO:root:2021-07-23-10--16--50 Colour Conversion Completed
INFO:root:2021-07-23-10--16--50 Sleep Check Completed
INFO:root:2021-07-23-10--16--50 Frame manipulations completed
INFO:root:2021-07-23-10--16--50 Bounding Box Drawn
INFO:root:2021-07-23-10--16--50 MovingFrameQueue Appended
INFO:root:2021-07-23-10--16--50 anomallyFrameTracker resetted to 200
INFO:root:2021-07-23-10--16--50 Colour Conversion Completed
INFO:root:2021-07-23-10--16--50 Sleep Check Completed
INFO:root:2021-07-23-10--16--50 Frame manipulations completed
INFO:root:2021-07-23-10--16--50 Bounding Box Drawn
INFO:root:2021-07-23-10--16--50 MovingFrameQueue Appended
INFO:root:2021-07-23-10--16--50 anomallyFrameTracker resetted to 200
INFO:root:2021-07-23-10--16--50 Colour Conversion Completed
INFO:root:2021-07-23-10--16--50 Sleep Check Completed
INFO:root:2021-07-23-10--16--50 Frame manipulations completed
INFO:root:2021-07-23-10--16--50 Bounding Box Drawn
INFO:root:2021-07-23-10--16--50 MovingFrameQueue Appended
INFO:root:2021-07-23-10--16--50 anomallyFrameTracker resetted to 200
INFO:root:2021-07-23-10--16--50 Colour Conversion Completed
INFO:root:2021-07-23-10--16--50 Sleep Check Completed
INFO:root:2021-07-23-10--16--50 Frame manipulations completed
INFO:root:2021-07-23-10--16--50 Bounding Box Drawn
INFO:root:2021-07-23-10--16--50 MovingFrameQueue Appended
INFO:root:2021-07-23-10--16--50 anomallyFrameTracker resetted to 200
INFO:root:2021-07-23-10--16--50 Colour Conversion Completed
INFO:root:2021-07-23-10--16--50 Sleep Check Completed
INFO:root:2021-07-23-10--16--50 Frame manipulations completed
INFO:root:2021-07-23-10--16--50 Bounding Box Drawn
INFO:root:2021-07-23-10--16--50 MovingFrameQueue Appended
INFO:root:2021-07-23-10--16--50 anomallyFrameTracker resetted to 200
INFO:root:2021-07-23-10--16--50 Colour Conversion Completed
INFO:root:2021-07-23-10--16--50 Sleep Check Completed
INFO:root:2021-07-23-10--16--50 Frame manipulations completed
INFO:root:2021-07-23-10--16--50 Bounding Box Drawn
INFO:root:2021-07-23-10--16--50 MovingFrameQueue Appended
INFO:root:2021-07-23-10--16--50 anomallyFrameTracker resetted to 200
INFO:root:2021-07-23-10--16--50 Colour Conversion Completed
INFO:root:2021-07-23-10--16--50 Sleep Check Completed
INFO:root:2021-07-23-10--16--50 Frame manipulations completed
INFO:root:2021-07-23-10--16--50 Bounding Box Drawn
INFO:root:2021-07-23-10--16--50 MovingFrameQueue Appended
INFO:root:2021-07-23-10--16--50 anomallyFrameTracker resetted to 200
INFO:root:2021-07-23-10--16--50 Colour Conversion Completed
INFO:root:2021-07-23-10--16--50 Sleep Check Completed
INFO:root:2021-07-23-10--16--50 Frame manipulations completed
INFO:root:2021-07-23-10--16--50 Bounding Box Drawn
INFO:root:2021-07-23-10--16--50 MovingFrameQueue Appended
INFO:root:2021-07-23-10--16--50 anomallyFrameTracker resetted to 200
INFO:root:2021-07-23-10--16--50 Colour Conversion Completed
INFO:root:2021-07-23-10--16--50 Sleep Check Completed
INFO:root:2021-07-23-10--16--50 Frame manipulations completed
INFO:root:2021-07-23-10--16--50 Bounding Box Drawn
INFO:root:2021-07-23-10--16--50 MovingFrameQueue Appended
INFO:root:2021-07-23-10--16--50 anomallyFrameTracker resetted to 200
INFO:root:2021-07-23-10--16--51 Colour Conversion Completed
INFO:root:2021-07-23-10--16--51 Sleep Check Completed
INFO:root:2021-07-23-10--16--51 Frame manipulations completed
INFO:root:2021-07-23-10--16--51 Bounding Box Drawn
INFO:root:2021-07-23-10--16--51 MovingFrameQueue Appended
INFO:root:2021-07-23-10--16--51 anomallyFrameTracker resetted to 200
INFO:root:2021-07-23-10--16--51 Colour Conversion Completed
INFO:root:2021-07-23-10--16--51 Sleep Check Completed
INFO:root:2021-07-23-10--16--51 Frame manipulations completed
INFO:root:2021-07-23-10--16--51 Bounding Box Drawn
INFO:root:2021-07-23-10--16--51 MovingFrameQueue Appended
INFO:root:2021-07-23-10--16--51 anomallyFrameTracker resetted to 200
INFO:root:2021-07-23-10--16--51 Colour Conversion Completed
INFO:root:2021-07-23-10--16--51 Sleep Check Completed
INFO:root:2021-07-23-10--16--51 Frame manipulations completed
INFO:root:2021-07-23-10--16--51 Bounding Box Drawn
INFO:root:2021-07-23-10--16--51 MovingFrameQueue Appended
INFO:root:2021-07-23-10--16--51 anomallyFrameTracker resetted to 200
INFO:root:2021-07-23-10--16--51 Colour Conversion Completed
INFO:root:2021-07-23-10--16--51 Sleep Check Completed
INFO:root:2021-07-23-10--16--51 Frame manipulations completed
INFO:root:2021-07-23-10--16--51 Bounding Box Drawn
INFO:root:2021-07-23-10--16--51 MovingFrameQueue Appended
INFO:root:2021-07-23-10--16--51 anomallyFrameTracker resetted to 200
INFO:root:2021-07-23-10--16--51 Colour Conversion Completed
INFO:root:2021-07-23-10--16--51 Sleep Check Completed
INFO:root:2021-07-23-10--16--51 Frame manipulations completed
INFO:root:2021-07-23-10--16--51 Bounding Box Drawn
INFO:root:2021-07-23-10--16--51 MovingFrameQueue Appended
INFO:root:2021-07-23-10--16--51 anomallyFrameTracker resetted to 200
INFO:root:2021-07-23-10--16--51 Colour Conversion Completed
INFO:root:2021-07-23-10--16--51 Sleep Check Completed
INFO:root:2021-07-23-10--16--51 Frame manipulations completed
INFO:root:2021-07-23-10--16--51 Bounding Box Drawn
INFO:root:2021-07-23-10--16--51 MovingFrameQueue Appended
INFO:root:2021-07-23-10--16--51 anomallyFrameTracker resetted to 200
INFO:root:2021-07-23-10--16--51 Colour Conversion Completed
INFO:root:2021-07-23-10--16--52 Sleep Check Completed
INFO:root:2021-07-23-10--16--52 Frame manipulations completed
INFO:root:2021-07-23-10--16--52 Bounding Box Drawn
INFO:root:2021-07-23-10--16--52 MovingFrameQueue Appended
INFO:root:2021-07-23-10--16--52 anomallyFrameTracker resetted to 200
INFO:root:2021-07-23-10--16--52 Colour Conversion Completed
INFO:root:2021-07-23-10--16--52 Sleep Check Completed
INFO:root:2021-07-23-10--16--52 Frame manipulations completed
INFO:root:2021-07-23-10--16--52 Bounding Box Drawn
INFO:root:2021-07-23-10--16--52 MovingFrameQueue Appended
INFO:root:2021-07-23-10--16--52 anomallyFrameTracker resetted to 200
INFO:root:2021-07-23-10--16--52 Colour Conversion Completed
INFO:root:2021-07-23-10--16--52 Sleep Check Completed
INFO:root:2021-07-23-10--16--52 Frame manipulations completed
INFO:root:2021-07-23-10--16--52 Bounding Box Drawn
INFO:root:2021-07-23-10--16--52 MovingFrameQueue Appended
INFO:root:2021-07-23-10--16--52 anomallyFrameTracker resetted to 200
INFO:root:2021-07-23-10--16--52 Colour Conversion Completed
INFO:root:2021-07-23-10--16--52 Sleep Check Completed
INFO:root:2021-07-23-10--16--52 Frame manipulations completed
INFO:root:2021-07-23-10--16--52 Bounding Box Drawn
INFO:root:2021-07-23-10--16--52 MovingFrameQueue Appended
INFO:root:2021-07-23-10--16--52 anomallyFrameTracker resetted to 200
INFO:root:2021-07-23-10--16--52 Colour Conversion Completed
INFO:root:2021-07-23-10--16--52 Sleep Check Completed
INFO:root:2021-07-23-10--16--52 Frame manipulations completed
INFO:root:2021-07-23-10--16--52 Bounding Box Drawn
INFO:root:2021-07-23-10--16--52 MovingFrameQueue Appended
INFO:root:2021-07-23-10--16--52 anomallyFrameTracker resetted to 200
INFO:root:2021-07-23-10--16--52 Colour Conversion Completed
INFO:root:2021-07-23-10--16--52 Sleep Check Completed
INFO:root:2021-07-23-10--16--52 Frame manipulations completed
INFO:root:2021-07-23-10--16--52 Bounding Box Drawn
INFO:root:2021-07-23-10--16--52 MovingFrameQueue Appended
INFO:root:2021-07-23-10--16--52 anomallyFrameTracker resetted to 200
INFO:root:2021-07-23-10--16--52 Colour Conversion Completed
INFO:root:2021-07-23-10--16--52 Sleep Check Completed
INFO:root:2021-07-23-10--16--52 Frame manipulations completed
INFO:root:2021-07-23-10--16--52 Bounding Box Drawn
INFO:root:2021-07-23-10--16--52 MovingFrameQueue Appended
INFO:root:2021-07-23-10--16--52 anomallyFrameTracker resetted to 200
INFO:root:2021-07-23-10--16--52 Colour Conversion Completed
INFO:root:2021-07-23-10--16--52 Sleep Check Completed
INFO:root:2021-07-23-10--16--52 Frame manipulations completed
INFO:root:2021-07-23-10--16--52 Bounding Box Drawn
INFO:root:2021-07-23-10--16--52 MovingFrameQueue Appended
INFO:root:2021-07-23-10--16--52 anomallyFrameTracker resetted to 200
INFO:root:2021-07-23-10--16--52 Colour Conversion Completed
INFO:root:2021-07-23-10--16--52 Sleep Check Completed
INFO:root:2021-07-23-10--16--52 Frame manipulations completed
INFO:root:2021-07-23-10--16--52 Bounding Box Drawn
INFO:root:2021-07-23-10--16--52 MovingFrameQueue Appended
INFO:root:2021-07-23-10--16--52 anomallyFrameTracker resetted to 200
INFO:root:2021-07-23-10--16--53 Colour Conversion Completed
INFO:root:2021-07-23-10--16--53 Sleep Check Completed
INFO:root:2021-07-23-10--16--53 Frame manipulations completed
INFO:root:2021-07-23-10--16--53 Bounding Box Drawn
INFO:root:2021-07-23-10--16--53 MovingFrameQueue Appended
INFO:root:2021-07-23-10--16--53 anomallyFrameTracker resetted to 200
INFO:root:2021-07-23-10--16--53 Colour Conversion Completed
INFO:root:2021-07-23-10--16--53 Sleep Check Completed
INFO:root:2021-07-23-10--16--53 Frame manipulations completed
INFO:root:2021-07-23-10--16--53 Bounding Box Drawn
INFO:root:2021-07-23-10--16--53 MovingFrameQueue Appended
INFO:root:2021-07-23-10--16--53 anomallyFrameTracker resetted to 200
INFO:root:2021-07-23-10--16--53 Colour Conversion Completed
INFO:root:2021-07-23-10--16--53 Sleep Check Completed
INFO:root:2021-07-23-10--16--53 Frame manipulations completed
INFO:root:2021-07-23-10--16--53 Bounding Box Drawn
INFO:root:2021-07-23-10--16--53 MovingFrameQueue Appended
INFO:root:2021-07-23-10--16--53 anomallyFrameTracker resetted to 200
INFO:root:2021-07-23-10--16--53 Colour Conversion Completed
INFO:root:2021-07-23-10--16--53 Sleep Check Completed
INFO:root:2021-07-23-10--16--53 Frame manipulations completed
INFO:root:2021-07-23-10--16--53 Bounding Box Drawn
INFO:root:2021-07-23-10--16--53 MovingFrameQueue Appended
INFO:root:2021-07-23-10--16--53 anomallyFrameTracker resetted to 200
INFO:root:2021-07-23-10--16--53 Colour Conversion Completed
INFO:root:2021-07-23-10--16--53 Sleep Check Completed
INFO:root:2021-07-23-10--16--53 Frame manipulations completed
INFO:root:2021-07-23-10--16--53 Bounding Box Drawn
INFO:root:2021-07-23-10--16--53 MovingFrameQueue Popped
INFO:root:2021-07-23-10--16--53 anomallyFrameTracker resetted to 200
INFO:root:2021-07-23-10--16--53 Colour Conversion Completed
INFO:root:2021-07-23-10--16--53 Sleep Check Completed
INFO:root:2021-07-23-10--16--53 Frame manipulations completed
INFO:root:2021-07-23-10--16--53 Bounding Box Drawn
INFO:root:2021-07-23-10--16--53 MovingFrameQueue Appended
INFO:root:2021-07-23-10--16--53 anomallyFrameTracker resetted to 200
INFO:root:2021-07-23-10--16--53 Colour Conversion Completed
INFO:root:2021-07-23-10--16--53 Sleep Check Completed
INFO:root:2021-07-23-10--16--53 Frame manipulations completed
INFO:root:2021-07-23-10--16--53 Bounding Box Drawn
INFO:root:2021-07-23-10--16--53 MovingFrameQueue Popped
INFO:root:2021-07-23-10--16--53 anomallyFrameTracker resetted to 200
INFO:root:2021-07-23-10--16--53 Colour Conversion Completed
INFO:root:2021-07-23-10--16--53 Sleep Check Completed
INFO:root:2021-07-23-10--16--53 Frame manipulations completed
INFO:root:2021-07-23-10--16--53 Bounding Box Drawn
INFO:root:2021-07-23-10--16--53 MovingFrameQueue Appended
INFO:root:2021-07-23-10--16--53 anomallyFrameTracker resetted to 200
INFO:root:2021-07-23-10--16--53 Colour Conversion Completed
INFO:root:2021-07-23-10--16--53 Sleep Check Completed
INFO:root:2021-07-23-10--16--53 Frame manipulations completed
INFO:root:2021-07-23-10--16--53 Bounding Box Drawn
INFO:root:2021-07-23-10--16--53 MovingFrameQueue Popped
INFO:root:2021-07-23-10--16--53 anomallyFrameTracker resetted to 200
INFO:root:2021-07-23-10--16--54 Colour Conversion Completed
INFO:root:2021-07-23-10--16--54 Sleep Check Completed
INFO:root:2021-07-23-10--16--54 Frame manipulations completed
INFO:root:2021-07-23-10--16--54 Bounding Box Drawn
INFO:root:2021-07-23-10--16--54 MovingFrameQueue Appended
INFO:root:2021-07-23-10--16--54 anomallyFrameTracker resetted to 200
INFO:root:2021-07-23-10--16--54 Colour Conversion Completed
INFO:root:2021-07-23-10--16--54 Sleep Check Completed
INFO:root:2021-07-23-10--16--54 Frame manipulations completed
INFO:root:2021-07-23-10--16--54 Bounding Box Drawn
INFO:root:2021-07-23-10--16--54 MovingFrameQueue Popped
INFO:root:2021-07-23-10--16--54 anomallyFrameTracker resetted to 200
INFO:root:2021-07-23-10--16--54 Colour Conversion Completed
INFO:root:2021-07-23-10--16--54 Sleep Check Completed
INFO:root:2021-07-23-10--16--54 Frame manipulations completed
INFO:root:2021-07-23-10--16--54 Bounding Box Drawn
INFO:root:2021-07-23-10--16--54 MovingFrameQueue Appended
INFO:root:2021-07-23-10--16--54 anomallyFrameTracker resetted to 200
INFO:root:2021-07-23-10--16--54 Colour Conversion Completed
INFO:root:2021-07-23-10--16--54 Sleep Check Completed
INFO:root:2021-07-23-10--16--54 Frame manipulations completed
INFO:root:2021-07-23-10--16--54 Bounding Box Drawn
INFO:root:2021-07-23-10--16--54 MovingFrameQueue Popped
INFO:root:2021-07-23-10--16--54 anomallyFrameTracker resetted to 200
INFO:root:2021-07-23-10--16--54 Colour Conversion Completed
INFO:root:2021-07-23-10--16--54 Sleep Check Completed
INFO:root:2021-07-23-10--16--54 Frame manipulations completed
INFO:root:2021-07-23-10--16--54 Bounding Box Drawn
INFO:root:2021-07-23-10--16--54 MovingFrameQueue Appended
INFO:root:2021-07-23-10--16--54 anomallyFrameTracker resetted to 200
INFO:root:2021-07-23-10--16--54 Colour Conversion Completed
INFO:root:2021-07-23-10--16--54 Sleep Check Completed
INFO:root:2021-07-23-10--16--54 Frame manipulations completed
INFO:root:2021-07-23-10--16--54 Bounding Box Drawn
INFO:root:2021-07-23-10--16--54 MovingFrameQueue Popped
INFO:root:2021-07-23-10--16--54 anomallyFrameTracker resetted to 200
INFO:root:2021-07-23-10--16--54 Colour Conversion Completed
INFO:root:2021-07-23-10--16--54 Sleep Check Completed
INFO:root:2021-07-23-10--16--54 Frame manipulations completed
INFO:root:2021-07-23-10--16--54 Bounding Box Drawn
INFO:root:2021-07-23-10--16--54 MovingFrameQueue Appended
INFO:root:2021-07-23-10--16--54 anomallyFrameTracker resetted to 200
INFO:root:2021-07-23-10--16--54 Colour Conversion Completed
INFO:root:2021-07-23-10--16--54 Sleep Check Completed
INFO:root:2021-07-23-10--16--54 Frame manipulations completed
INFO:root:2021-07-23-10--16--54 Bounding Box Drawn
INFO:root:2021-07-23-10--16--54 MovingFrameQueue Popped
INFO:root:2021-07-23-10--16--54 anomallyFrameTracker resetted to 200
INFO:root:2021-07-23-10--16--54 Colour Conversion Completed
INFO:root:2021-07-23-10--16--54 Sleep Check Completed
INFO:root:2021-07-23-10--16--54 Frame manipulations completed
INFO:root:2021-07-23-10--16--54 Bounding Box Drawn
INFO:root:2021-07-23-10--16--55 MovingFrameQueue Appended
INFO:root:2021-07-23-10--16--55 anomallyFrameTracker resetted to 200
INFO:root:2021-07-23-10--16--55 Colour Conversion Completed
INFO:root:2021-07-23-10--16--55 Sleep Check Completed
INFO:root:2021-07-23-10--16--55 Frame manipulations completed
INFO:root:2021-07-23-10--16--55 Bounding Box Drawn
INFO:root:2021-07-23-10--16--55 MovingFrameQueue Popped
INFO:root:2021-07-23-10--16--55 anomallyFrameTracker resetted to 200
INFO:root:2021-07-23-10--16--55 Colour Conversion Completed
INFO:root:2021-07-23-10--16--55 Sleep Check Completed
INFO:root:2021-07-23-10--16--55 Frame manipulations completed
INFO:root:2021-07-23-10--16--55 Bounding Box Drawn
INFO:root:2021-07-23-10--16--55 MovingFrameQueue Appended
INFO:root:2021-07-23-10--16--55 anomallyFrameTracker resetted to 200
INFO:root:2021-07-23-10--16--55 Colour Conversion Completed
INFO:root:2021-07-23-10--16--55 Sleep Check Completed
INFO:root:2021-07-23-10--16--55 Frame manipulations completed
INFO:root:2021-07-23-10--16--55 Bounding Box Drawn
INFO:root:2021-07-23-10--16--55 MovingFrameQueue Popped
INFO:root:2021-07-23-10--16--55 anomallyFrameTracker resetted to 200
INFO:root:2021-07-23-10--16--55 Colour Conversion Completed
INFO:root:2021-07-23-10--16--55 Sleep Check Completed
INFO:root:2021-07-23-10--16--55 Frame manipulations completed
INFO:root:2021-07-23-10--16--55 Bounding Box Drawn
INFO:root:2021-07-23-10--16--55 MovingFrameQueue Appended
INFO:root:2021-07-23-10--16--55 anomallyFrameTracker resetted to 200
INFO:root:2021-07-23-10--16--55 Colour Conversion Completed
INFO:root:2021-07-23-10--16--55 Sleep Check Completed
INFO:root:2021-07-23-10--16--55 Frame manipulations completed
INFO:root:2021-07-23-10--16--55 Bounding Box Drawn
INFO:root:2021-07-23-10--16--55 MovingFrameQueue Popped
INFO:root:2021-07-23-10--16--55 anomallyFrameTracker resetted to 200
INFO:root:2021-07-23-10--16--55 Colour Conversion Completed
INFO:root:2021-07-23-10--16--55 Sleep Check Completed
INFO:root:2021-07-23-10--16--55 Frame manipulations completed
INFO:root:2021-07-23-10--16--55 Bounding Box Drawn
INFO:root:2021-07-23-10--16--55 MovingFrameQueue Appended
INFO:root:2021-07-23-10--16--55 anomallyFrameTracker resetted to 200
INFO:root:2021-07-23-10--16--55 Colour Conversion Completed
INFO:root:2021-07-23-10--16--55 Sleep Check Completed
INFO:root:2021-07-23-10--16--55 Frame manipulations completed
INFO:root:2021-07-23-10--16--55 Bounding Box Drawn
INFO:root:2021-07-23-10--16--55 MovingFrameQueue Popped
INFO:root:2021-07-23-10--16--55 anomallyFrameTracker resetted to 200
INFO:root:2021-07-23-10--16--55 Colour Conversion Completed
INFO:root:2021-07-23-10--16--55 Sleep Check Completed
INFO:root:2021-07-23-10--16--55 Frame manipulations completed
INFO:root:2021-07-23-10--16--55 Bounding Box Drawn
INFO:root:2021-07-23-10--16--55 MovingFrameQueue Appended
INFO:root:2021-07-23-10--16--55 anomallyFrameTracker resetted to 200
INFO:root:2021-07-23-10--16--55 Colour Conversion Completed
INFO:root:2021-07-23-10--16--56 Sleep Check Completed
INFO:root:2021-07-23-10--16--56 Frame manipulations completed
INFO:root:2021-07-23-10--16--56 Bounding Box Drawn
INFO:root:2021-07-23-10--16--56 MovingFrameQueue Popped
INFO:root:2021-07-23-10--16--56 anomallyFrameTracker resetted to 200
INFO:root:2021-07-23-10--16--56 Colour Conversion Completed
INFO:root:2021-07-23-10--16--56 Sleep Check Completed
INFO:root:2021-07-23-10--16--56 Frame manipulations completed
INFO:root:2021-07-23-10--16--56 Bounding Box Drawn
INFO:root:2021-07-23-10--16--56 MovingFrameQueue Appended
INFO:root:2021-07-23-10--16--56 anomallyFrameTracker resetted to 200
INFO:root:2021-07-23-10--16--56 Colour Conversion Completed
INFO:root:2021-07-23-10--16--56 Sleep Check Completed
INFO:root:2021-07-23-10--16--56 Frame manipulations completed
INFO:root:2021-07-23-10--16--56 Bounding Box Drawn
INFO:root:2021-07-23-10--16--56 MovingFrameQueue Popped
INFO:root:2021-07-23-10--16--56 anomallyFrameTracker resetted to 200
INFO:root:2021-07-23-10--16--56 Colour Conversion Completed
INFO:root:2021-07-23-10--16--56 Sleep Check Completed
INFO:root:2021-07-23-10--16--56 Frame manipulations completed
INFO:root:2021-07-23-10--16--56 Bounding Box Drawn
INFO:root:2021-07-23-10--16--56 MovingFrameQueue Appended
INFO:root:2021-07-23-10--16--56 anomallyFrameTracker resetted to 200
INFO:root:2021-07-23-10--16--56 Colour Conversion Completed
INFO:root:2021-07-23-10--16--56 Sleep Check Completed
INFO:root:2021-07-23-10--16--56 Frame manipulations completed
INFO:root:2021-07-23-10--16--56 Bounding Box Drawn
INFO:root:2021-07-23-10--16--56 MovingFrameQueue Popped
INFO:root:2021-07-23-10--16--56 anomallyFrameTracker resetted to 200
INFO:root:2021-07-23-10--16--56 Colour Conversion Completed
INFO:root:2021-07-23-10--16--56 Sleep Check Completed
INFO:root:2021-07-23-10--16--56 Frame manipulations completed
INFO:root:2021-07-23-10--16--56 Bounding Box Drawn
INFO:root:2021-07-23-10--16--56 MovingFrameQueue Appended
INFO:root:2021-07-23-10--16--56 anomallyFrameTracker resetted to 200
INFO:root:2021-07-23-10--16--56 Colour Conversion Completed
INFO:root:2021-07-23-10--16--56 Sleep Check Completed
INFO:root:2021-07-23-10--16--56 Frame manipulations completed
INFO:root:2021-07-23-10--16--56 Bounding Box Drawn
INFO:root:2021-07-23-10--16--56 MovingFrameQueue Popped
INFO:root:2021-07-23-10--16--56 anomallyFrameTracker resetted to 200
INFO:root:2021-07-23-10--16--56 Colour Conversion Completed
INFO:root:2021-07-23-10--16--56 Sleep Check Completed
INFO:root:2021-07-23-10--16--56 Frame manipulations completed
INFO:root:2021-07-23-10--16--56 Bounding Box Drawn
INFO:root:2021-07-23-10--16--56 MovingFrameQueue Appended
INFO:root:2021-07-23-10--16--56 anomallyFrameTracker resetted to 200
INFO:root:2021-07-23-10--16--56 Colour Conversion Completed
INFO:root:2021-07-23-10--16--56 Sleep Check Completed
INFO:root:2021-07-23-10--16--56 Frame manipulations completed
INFO:root:2021-07-23-10--16--56 Bounding Box Drawn
INFO:root:2021-07-23-10--16--56 MovingFrameQueue Popped
INFO:root:2021-07-23-10--16--56 anomallyFrameTracker resetted to 200
INFO:root:2021-07-23-10--16--57 Colour Conversion Completed
INFO:root:2021-07-23-10--16--57 Sleep Check Completed
INFO:root:2021-07-23-10--16--57 Frame manipulations completed
INFO:root:2021-07-23-10--16--57 Bounding Box Drawn
INFO:root:2021-07-23-10--16--57 MovingFrameQueue Appended
INFO:root:2021-07-23-10--16--57 anomallyFrameTracker resetted to 200
INFO:root:2021-07-23-10--16--57 Colour Conversion Completed
INFO:root:2021-07-23-10--16--57 Sleep Check Completed
INFO:root:2021-07-23-10--16--57 Frame manipulations completed
INFO:root:2021-07-23-10--16--57 Bounding Box Drawn
INFO:root:2021-07-23-10--16--57 MovingFrameQueue Popped
INFO:root:2021-07-23-10--16--57 anomallyFrameTracker resetted to 200
INFO:root:2021-07-23-10--16--57 Colour Conversion Completed
INFO:root:2021-07-23-10--16--57 Sleep Check Completed
INFO:root:2021-07-23-10--16--57 Frame manipulations completed
INFO:root:2021-07-23-10--16--57 Bounding Box Drawn
INFO:root:2021-07-23-10--16--57 MovingFrameQueue Appended
INFO:root:2021-07-23-10--16--57 anomallyFrameTracker resetted to 200
INFO:root:2021-07-23-10--16--57 Colour Conversion Completed
INFO:root:2021-07-23-10--16--57 Sleep Check Completed
INFO:root:2021-07-23-10--16--57 Frame manipulations completed
INFO:root:2021-07-23-10--16--57 Bounding Box Drawn
INFO:root:2021-07-23-10--16--57 MovingFrameQueue Popped
INFO:root:2021-07-23-10--16--57 anomallyFrameTracker resetted to 200
INFO:root:2021-07-23-10--16--57 Colour Conversion Completed
INFO:root:2021-07-23-10--16--57 Sleep Check Completed
INFO:root:2021-07-23-10--16--57 Frame manipulations completed
INFO:root:2021-07-23-10--16--57 Bounding Box Drawn
INFO:root:2021-07-23-10--16--57[INFO] elapsed time: 17.14
INFO:root:2021-07-23-10--16--57[INFO] approx. FPS: 5.02
INFO:root:2021-07-23-10--16--57 Getting Auth Token Success
INFO:root:2021-07-23-10--16--58 BedTime Upload Completed
