INFO:root:2021-08-02-11--40--51 Parameter Generation Success
INFO:root:2021-08-02-11--40--52 Colour Conversion Completed
INFO:root:2021-08-02-11--40--53 Sleep Check Completed
INFO:root:2021-08-02-11--40--53 Frame manipulations completed
INFO:root:2021-08-02-11--40--53 Bounding Box Drawn
INFO:root:2021-08-02-11--40--57 MovingFrameQueue Appended
INFO:root:2021-08-02-11--40--57 anomallyFrameTracker resetted to 200
INFO:root:2021-08-02-11--40--57 Colour Conversion Completed
INFO:root:2021-08-02-11--40--58 Sleep Check Completed
INFO:root:2021-08-02-11--40--58 Frame manipulations completed
INFO:root:2021-08-02-11--40--58 Bounding Box Drawn
INFO:root:2021-08-02-11--40--58 MovingFrameQueue Appended
INFO:root:2021-08-02-11--40--58 anomallyFrameTracker resetted to 200
INFO:root:2021-08-02-11--40--58 Colour Conversion Completed
INFO:root:2021-08-02-11--40--58 Sleep Check Completed
INFO:root:2021-08-02-11--40--58 Frame manipulations completed
INFO:root:2021-08-02-11--40--58 Bounding Box Drawn
INFO:root:2021-08-02-11--40--58 MovingFrameQueue Appended
INFO:root:2021-08-02-11--40--58 anomallyFrameTracker resetted to 200
INFO:root:2021-08-02-11--40--58 Colour Conversion Completed
INFO:root:2021-08-02-11--40--58 Sleep Check Completed
INFO:root:2021-08-02-11--40--58 Frame manipulations completed
INFO:root:2021-08-02-11--40--58 Bounding Box Drawn
INFO:root:2021-08-02-11--40--58 MovingFrameQueue Appended
INFO:root:2021-08-02-11--40--58 anomallyFrameTracker resetted to 200
INFO:root:2021-08-02-11--40--58 Colour Conversion Completed
INFO:root:2021-08-02-11--40--58 Sleep Check Completed
INFO:root:2021-08-02-11--40--58 Frame manipulations completed
INFO:root:2021-08-02-11--40--58 Bounding Box Drawn
INFO:root:2021-08-02-11--40--58 MovingFrameQueue Appended
INFO:root:2021-08-02-11--40--58 anomallyFrameTracker resetted to 200
INFO:root:2021-08-02-11--40--58 Colour Conversion Completed
INFO:root:2021-08-02-11--40--58 Sleep Check Completed
INFO:root:2021-08-02-11--40--58 Frame manipulations completed
INFO:root:2021-08-02-11--40--58 Bounding Box Drawn
INFO:root:2021-08-02-11--40--58 MovingFrameQueue Appended
INFO:root:2021-08-02-11--40--58 anomallyFrameTracker resetted to 200
INFO:root:2021-08-02-11--40--58 Colour Conversion Completed
INFO:root:2021-08-02-11--40--58 Sleep Check Completed
INFO:root:2021-08-02-11--40--58 Frame manipulations completed
INFO:root:2021-08-02-11--40--58 Bounding Box Drawn
INFO:root:2021-08-02-11--40--58 MovingFrameQueue Appended
INFO:root:2021-08-02-11--40--58 anomallyFrameTracker resetted to 200
INFO:root:2021-08-02-11--40--58 Colour Conversion Completed
INFO:root:2021-08-02-11--40--58 Sleep Check Completed
INFO:root:2021-08-02-11--40--58 Frame manipulations completed
INFO:root:2021-08-02-11--40--58 Bounding Box Drawn
INFO:root:2021-08-02-11--40--58 MovingFrameQueue Appended
INFO:root:2021-08-02-11--40--58 anomallyFrameTracker resetted to 200
INFO:root:2021-08-02-11--40--58 Colour Conversion Completed
INFO:root:2021-08-02-11--40--58 Sleep Check Completed
INFO:root:2021-08-02-11--40--58 Frame manipulations completed
INFO:root:2021-08-02-11--40--58 Bounding Box Drawn
INFO:root:2021-08-02-11--40--59 MovingFrameQueue Appended
INFO:root:2021-08-02-11--40--59 anomallyFrameTracker resetted to 200
INFO:root:2021-08-02-11--40--59 Colour Conversion Completed
INFO:root:2021-08-02-11--40--59 Sleep Check Completed
INFO:root:2021-08-02-11--40--59 Frame manipulations completed
INFO:root:2021-08-02-11--40--59 Bounding Box Drawn
INFO:root:2021-08-02-11--40--59 MovingFrameQueue Appended
INFO:root:2021-08-02-11--40--59 anomallyFrameTracker resetted to 200
INFO:root:2021-08-02-11--40--59 Colour Conversion Completed
INFO:root:2021-08-02-11--40--59 Sleep Check Completed
INFO:root:2021-08-02-11--40--59 Frame manipulations completed
INFO:root:2021-08-02-11--40--59 Bounding Box Drawn
INFO:root:2021-08-02-11--40--59 MovingFrameQueue Appended
INFO:root:2021-08-02-11--40--59 anomallyFrameTracker resetted to 200
INFO:root:2021-08-02-11--40--59 Colour Conversion Completed
INFO:root:2021-08-02-11--40--59 Sleep Check Completed
INFO:root:2021-08-02-11--40--59 Frame manipulations completed
INFO:root:2021-08-02-11--40--59 Bounding Box Drawn
INFO:root:2021-08-02-11--40--59 MovingFrameQueue Appended
INFO:root:2021-08-02-11--40--59 anomallyFrameTracker resetted to 200
INFO:root:2021-08-02-11--40--59 Colour Conversion Completed
INFO:root:2021-08-02-11--40--59 Sleep Check Completed
INFO:root:2021-08-02-11--40--59 Frame manipulations completed
INFO:root:2021-08-02-11--40--59 Bounding Box Drawn
INFO:root:2021-08-02-11--40--59 MovingFrameQueue Appended
INFO:root:2021-08-02-11--40--59 anomallyFrameTracker resetted to 200
INFO:root:2021-08-02-11--40--59 Colour Conversion Completed
INFO:root:2021-08-02-11--40--59 Sleep Check Completed
INFO:root:2021-08-02-11--40--59 Frame manipulations completed
INFO:root:2021-08-02-11--40--59 Bounding Box Drawn
INFO:root:2021-08-02-11--40--59 MovingFrameQueue Appended
INFO:root:2021-08-02-11--40--59 anomallyFrameTracker resetted to 200
INFO:root:2021-08-02-11--40--59 Colour Conversion Completed
INFO:root:2021-08-02-11--40--59 Sleep Check Completed
INFO:root:2021-08-02-11--40--59 Frame manipulations completed
INFO:root:2021-08-02-11--40--59 Bounding Box Drawn
INFO:root:2021-08-02-11--40--59 MovingFrameQueue Appended
INFO:root:2021-08-02-11--40--59 anomallyFrameTracker resetted to 200
INFO:root:2021-08-02-11--40--59 Colour Conversion Completed
INFO:root:2021-08-02-11--40--59 Sleep Check Completed
INFO:root:2021-08-02-11--40--59 Frame manipulations completed
INFO:root:2021-08-02-11--40--59 Bounding Box Drawn
INFO:root:2021-08-02-11--40--59 MovingFrameQueue Appended
INFO:root:2021-08-02-11--40--59 anomallyFrameTracker resetted to 200
INFO:root:2021-08-02-11--40--59 Colour Conversion Completed
INFO:root:2021-08-02-11--40--59 Sleep Check Completed
INFO:root:2021-08-02-11--40--59 Frame manipulations completed
INFO:root:2021-08-02-11--40--59 Bounding Box Drawn
INFO:root:2021-08-02-11--40--59 MovingFrameQueue Appended
INFO:root:2021-08-02-11--40--59 anomallyFrameTracker resetted to 200
INFO:root:2021-08-02-11--40--59 Colour Conversion Completed
INFO:root:2021-08-02-11--40--59 Sleep Check Completed
INFO:root:2021-08-02-11--40--59 Frame manipulations completed
INFO:root:2021-08-02-11--40--59 Bounding Box Drawn
INFO:root:2021-08-02-11--40--59 MovingFrameQueue Appended
INFO:root:2021-08-02-11--40--59 anomallyFrameTracker resetted to 200
INFO:root:2021-08-02-11--40--59 Colour Conversion Completed
INFO:root:2021-08-02-11--40--59 Sleep Check Completed
INFO:root:2021-08-02-11--40--59 Frame manipulations completed
INFO:root:2021-08-02-11--40--59 Bounding Box Drawn
INFO:root:2021-08-02-11--41--00 MovingFrameQueue Appended
INFO:root:2021-08-02-11--41--00 anomallyFrameTracker resetted to 200
INFO:root:2021-08-02-11--41--00 Colour Conversion Completed
INFO:root:2021-08-02-11--41--00 Sleep Check Completed
INFO:root:2021-08-02-11--41--00 Frame manipulations completed
INFO:root:2021-08-02-11--41--00 Bounding Box Drawn
INFO:root:2021-08-02-11--41--00 MovingFrameQueue Appended
INFO:root:2021-08-02-11--41--00 anomallyFrameTracker resetted to 200
INFO:root:2021-08-02-11--41--00 Colour Conversion Completed
INFO:root:2021-08-02-11--41--00 Sleep Check Completed
INFO:root:2021-08-02-11--41--00 Frame manipulations completed
INFO:root:2021-08-02-11--41--00 Bounding Box Drawn
INFO:root:2021-08-02-11--41--00 MovingFrameQueue Appended
INFO:root:2021-08-02-11--41--00 anomallyFrameTracker resetted to 200
INFO:root:2021-08-02-11--41--00 Colour Conversion Completed
INFO:root:2021-08-02-11--41--00 Sleep Check Completed
INFO:root:2021-08-02-11--41--00 Frame manipulations completed
INFO:root:2021-08-02-11--41--00 Bounding Box Drawn
INFO:root:2021-08-02-11--41--00 MovingFrameQueue Appended
INFO:root:2021-08-02-11--41--00 anomallyFrameTracker resetted to 200
INFO:root:2021-08-02-11--41--00 Colour Conversion Completed
INFO:root:2021-08-02-11--41--00 Sleep Check Completed
INFO:root:2021-08-02-11--41--00 Frame manipulations completed
INFO:root:2021-08-02-11--41--00 Bounding Box Drawn
INFO:root:2021-08-02-11--41--00 MovingFrameQueue Appended
INFO:root:2021-08-02-11--41--00 anomallyFrameTracker resetted to 200
INFO:root:2021-08-02-11--41--00 Colour Conversion Completed
INFO:root:2021-08-02-11--41--00 Sleep Check Completed
INFO:root:2021-08-02-11--41--00 Frame manipulations completed
INFO:root:2021-08-02-11--41--00 Bounding Box Drawn
INFO:root:2021-08-02-11--41--00 MovingFrameQueue Appended
INFO:root:2021-08-02-11--41--00 anomallyFrameTracker resetted to 200
INFO:root:2021-08-02-11--41--00 Colour Conversion Completed
INFO:root:2021-08-02-11--41--00 Sleep Check Completed
INFO:root:2021-08-02-11--41--00 Frame manipulations completed
INFO:root:2021-08-02-11--41--00 Bounding Box Drawn
INFO:root:2021-08-02-11--41--00 MovingFrameQueue Appended
INFO:root:2021-08-02-11--41--00 anomallyFrameTracker resetted to 200
INFO:root:2021-08-02-11--41--00 Colour Conversion Completed
INFO:root:2021-08-02-11--41--00 Sleep Check Completed
INFO:root:2021-08-02-11--41--00 Frame manipulations completed
INFO:root:2021-08-02-11--41--00 Bounding Box Drawn
INFO:root:2021-08-02-11--41--00 MovingFrameQueue Appended
INFO:root:2021-08-02-11--41--00 anomallyFrameTracker resetted to 200
INFO:root:2021-08-02-11--41--00 Colour Conversion Completed
INFO:root:2021-08-02-11--41--00 Sleep Check Completed
INFO:root:2021-08-02-11--41--00 Frame manipulations completed
INFO:root:2021-08-02-11--41--00 Bounding Box Drawn
INFO:root:2021-08-02-11--41--01 MovingFrameQueue Appended
INFO:root:2021-08-02-11--41--01 anomallyFrameTracker resetted to 200
INFO:root:2021-08-02-11--41--01 Colour Conversion Completed
INFO:root:2021-08-02-11--41--01 Sleep Check Completed
INFO:root:2021-08-02-11--41--01 Frame manipulations completed
INFO:root:2021-08-02-11--41--01 Bounding Box Drawn
INFO:root:2021-08-02-11--41--01 MovingFrameQueue Appended
INFO:root:2021-08-02-11--41--01 anomallyFrameTracker resetted to 200
INFO:root:2021-08-02-11--41--01 Colour Conversion Completed
INFO:root:2021-08-02-11--41--01 Sleep Check Completed
INFO:root:2021-08-02-11--41--01 Frame manipulations completed
INFO:root:2021-08-02-11--41--01 Bounding Box Drawn
INFO:root:2021-08-02-11--41--01 MovingFrameQueue Appended
INFO:root:2021-08-02-11--41--01 anomallyFrameTracker resetted to 200
INFO:root:2021-08-02-11--41--01 Colour Conversion Completed
INFO:root:2021-08-02-11--41--01 Sleep Check Completed
INFO:root:2021-08-02-11--41--01 Frame manipulations completed
INFO:root:2021-08-02-11--41--01 Bounding Box Drawn
INFO:root:2021-08-02-11--41--01 MovingFrameQueue Appended
INFO:root:2021-08-02-11--41--01 anomallyFrameTracker resetted to 200
INFO:root:2021-08-02-11--41--01 Colour Conversion Completed
INFO:root:2021-08-02-11--41--01 Sleep Check Completed
INFO:root:2021-08-02-11--41--01 Frame manipulations completed
INFO:root:2021-08-02-11--41--01 Bounding Box Drawn
INFO:root:2021-08-02-11--41--01 MovingFrameQueue Appended
INFO:root:2021-08-02-11--41--01 anomallyFrameTracker resetted to 200
INFO:root:2021-08-02-11--41--01 Colour Conversion Completed
INFO:root:2021-08-02-11--41--01 Sleep Check Completed
INFO:root:2021-08-02-11--41--01 Frame manipulations completed
INFO:root:2021-08-02-11--41--01 Bounding Box Drawn
INFO:root:2021-08-02-11--41--01 MovingFrameQueue Appended
INFO:root:2021-08-02-11--41--01 anomallyFrameTracker resetted to 200
INFO:root:2021-08-02-11--41--01 Colour Conversion Completed
INFO:root:2021-08-02-11--41--01 Sleep Check Completed
INFO:root:2021-08-02-11--41--01 Frame manipulations completed
INFO:root:2021-08-02-11--41--01 Bounding Box Drawn
INFO:root:2021-08-02-11--41--01 MovingFrameQueue Appended
INFO:root:2021-08-02-11--41--01 anomallyFrameTracker resetted to 200
INFO:root:2021-08-02-11--41--01 Colour Conversion Completed
INFO:root:2021-08-02-11--41--01 Sleep Check Completed
INFO:root:2021-08-02-11--41--01 Frame manipulations completed
INFO:root:2021-08-02-11--41--01 Bounding Box Drawn
INFO:root:2021-08-02-11--41--01 MovingFrameQueue Appended
INFO:root:2021-08-02-11--41--01 anomallyFrameTracker resetted to 200
INFO:root:2021-08-02-11--41--01 Colour Conversion Completed
INFO:root:2021-08-02-11--41--01 Sleep Check Completed
INFO:root:2021-08-02-11--41--01 Frame manipulations completed
INFO:root:2021-08-02-11--41--01 Bounding Box Drawn
INFO:root:2021-08-02-11--41--01 MovingFrameQueue Appended
INFO:root:2021-08-02-11--41--01 anomallyFrameTracker resetted to 200
INFO:root:2021-08-02-11--41--02 Colour Conversion Completed
INFO:root:2021-08-02-11--41--02 Sleep Check Completed
INFO:root:2021-08-02-11--41--02 Frame manipulations completed
INFO:root:2021-08-02-11--41--02 Bounding Box Drawn
INFO:root:2021-08-02-11--41--02 MovingFrameQueue Appended
INFO:root:2021-08-02-11--41--02 anomallyFrameTracker resetted to 200
INFO:root:2021-08-02-11--41--02 Colour Conversion Completed
INFO:root:2021-08-02-11--41--02 Sleep Check Completed
INFO:root:2021-08-02-11--41--02 Frame manipulations completed
INFO:root:2021-08-02-11--41--02 Bounding Box Drawn
INFO:root:2021-08-02-11--41--02 MovingFrameQueue Appended
INFO:root:2021-08-02-11--41--02 anomallyFrameTracker resetted to 200
INFO:root:2021-08-02-11--41--02 Colour Conversion Completed
INFO:root:2021-08-02-11--41--02 Sleep Check Completed
INFO:root:2021-08-02-11--41--02 Frame manipulations completed
INFO:root:2021-08-02-11--41--02 Bounding Box Drawn
INFO:root:2021-08-02-11--41--02 MovingFrameQueue Appended
INFO:root:2021-08-02-11--41--02 anomallyFrameTracker resetted to 200
INFO:root:2021-08-02-11--41--02 Colour Conversion Completed
INFO:root:2021-08-02-11--41--02 Sleep Check Completed
INFO:root:2021-08-02-11--41--02 Frame manipulations completed
INFO:root:2021-08-02-11--41--02 Bounding Box Drawn
INFO:root:2021-08-02-11--41--02 MovingFrameQueue Appended
INFO:root:2021-08-02-11--41--02 anomallyFrameTracker resetted to 200
INFO:root:2021-08-02-11--41--02 Colour Conversion Completed
INFO:root:2021-08-02-11--41--02 Sleep Check Completed
INFO:root:2021-08-02-11--41--02 Frame manipulations completed
INFO:root:2021-08-02-11--41--02 Bounding Box Drawn
INFO:root:2021-08-02-11--41--02 MovingFrameQueue Appended
INFO:root:2021-08-02-11--41--02 anomallyFrameTracker resetted to 200
INFO:root:2021-08-02-11--41--02 Colour Conversion Completed
INFO:root:2021-08-02-11--41--02 Sleep Check Completed
INFO:root:2021-08-02-11--41--02 Frame manipulations completed
INFO:root:2021-08-02-11--41--02 Bounding Box Drawn
INFO:root:2021-08-02-11--41--02 MovingFrameQueue Appended
INFO:root:2021-08-02-11--41--02 anomallyFrameTracker resetted to 200
INFO:root:2021-08-02-11--41--02 Colour Conversion Completed
INFO:root:2021-08-02-11--41--02 Sleep Check Completed
INFO:root:2021-08-02-11--41--02 Frame manipulations completed
INFO:root:2021-08-02-11--41--02 Bounding Box Drawn
INFO:root:2021-08-02-11--41--02 MovingFrameQueue Appended
INFO:root:2021-08-02-11--41--02 anomallyFrameTracker resetted to 200
INFO:root:2021-08-02-11--41--02 Colour Conversion Completed
INFO:root:2021-08-02-11--41--02 Sleep Check Completed
INFO:root:2021-08-02-11--41--02 Frame manipulations completed
INFO:root:2021-08-02-11--41--02 Bounding Box Drawn
INFO:root:2021-08-02-11--41--02 MovingFrameQueue Appended
INFO:root:2021-08-02-11--41--02 anomallyFrameTracker resetted to 200
INFO:root:2021-08-02-11--41--02 Colour Conversion Completed
INFO:root:2021-08-02-11--41--02 Sleep Check Completed
INFO:root:2021-08-02-11--41--02 Frame manipulations completed
INFO:root:2021-08-02-11--41--02 Bounding Box Drawn
INFO:root:2021-08-02-11--41--03 MovingFrameQueue Appended
INFO:root:2021-08-02-11--41--03 anomallyFrameTracker resetted to 200
INFO:root:2021-08-02-11--41--03 Colour Conversion Completed
INFO:root:2021-08-02-11--41--03 Sleep Check Completed
INFO:root:2021-08-02-11--41--03 Frame manipulations completed
INFO:root:2021-08-02-11--41--03 Bounding Box Drawn
INFO:root:2021-08-02-11--41--03 MovingFrameQueue Appended
INFO:root:2021-08-02-11--41--03 anomallyFrameTracker resetted to 200
INFO:root:2021-08-02-11--41--03 Colour Conversion Completed
INFO:root:2021-08-02-11--41--03 Sleep Check Completed
INFO:root:2021-08-02-11--41--03 Frame manipulations completed
INFO:root:2021-08-02-11--41--03 Bounding Box Drawn
INFO:root:2021-08-02-11--41--03 MovingFrameQueue Appended
INFO:root:2021-08-02-11--41--03 anomallyFrameTracker resetted to 200
INFO:root:2021-08-02-11--41--03 Colour Conversion Completed
INFO:root:2021-08-02-11--41--03 Sleep Check Completed
INFO:root:2021-08-02-11--41--03 Frame manipulations completed
INFO:root:2021-08-02-11--41--03 Bounding Box Drawn
INFO:root:2021-08-02-11--41--03 MovingFrameQueue Appended
INFO:root:2021-08-02-11--41--03 anomallyFrameTracker resetted to 200
INFO:root:2021-08-02-11--41--03 Colour Conversion Completed
INFO:root:2021-08-02-11--41--03 Sleep Check Completed
INFO:root:2021-08-02-11--41--03 Frame manipulations completed
INFO:root:2021-08-02-11--41--03 Bounding Box Drawn
INFO:root:2021-08-02-11--41--03 MovingFrameQueue Appended
INFO:root:2021-08-02-11--41--03 anomallyFrameTracker resetted to 200
INFO:root:2021-08-02-11--41--03 Colour Conversion Completed
INFO:root:2021-08-02-11--41--03 Sleep Check Completed
INFO:root:2021-08-02-11--41--03 Frame manipulations completed
INFO:root:2021-08-02-11--41--03 Bounding Box Drawn
INFO:root:2021-08-02-11--41--03 MovingFrameQueue Appended
INFO:root:2021-08-02-11--41--03 anomallyFrameTracker resetted to 200
INFO:root:2021-08-02-11--41--03 Colour Conversion Completed
INFO:root:2021-08-02-11--41--03 Sleep Check Completed
INFO:root:2021-08-02-11--41--03 Frame manipulations completed
INFO:root:2021-08-02-11--41--03 Bounding Box Drawn
INFO:root:2021-08-02-11--41--03 MovingFrameQueue Appended
INFO:root:2021-08-02-11--41--03 anomallyFrameTracker resetted to 200
INFO:root:2021-08-02-11--41--03 Colour Conversion Completed
INFO:root:2021-08-02-11--41--03 Sleep Check Completed
INFO:root:2021-08-02-11--41--03 Frame manipulations completed
INFO:root:2021-08-02-11--41--03 Bounding Box Drawn
INFO:root:2021-08-02-11--41--03 MovingFrameQueue Appended
INFO:root:2021-08-02-11--41--03 anomallyFrameTracker resetted to 200
INFO:root:2021-08-02-11--41--03 Colour Conversion Completed
INFO:root:2021-08-02-11--41--03 Sleep Check Completed
INFO:root:2021-08-02-11--41--03 Frame manipulations completed
INFO:root:2021-08-02-11--41--03 Bounding Box Drawn
INFO:root:2021-08-02-11--41--04 MovingFrameQueue Popped
INFO:root:2021-08-02-11--41--04 anomallyFrameTracker resetted to 200
INFO:root:2021-08-02-11--41--04 Colour Conversion Completed
INFO:root:2021-08-02-11--41--04 Sleep Check Completed
INFO:root:2021-08-02-11--41--04 Frame manipulations completed
INFO:root:2021-08-02-11--41--04 Bounding Box Drawn
INFO:root:2021-08-02-11--41--04 MovingFrameQueue Appended
INFO:root:2021-08-02-11--41--04 anomallyFrameTracker resetted to 200
INFO:root:2021-08-02-11--41--04 Colour Conversion Completed
INFO:root:2021-08-02-11--41--04 Sleep Check Completed
INFO:root:2021-08-02-11--41--04 Frame manipulations completed
INFO:root:2021-08-02-11--41--04 Bounding Box Drawn
INFO:root:2021-08-02-11--41--04 MovingFrameQueue Popped
INFO:root:2021-08-02-11--41--04 anomallyFrameTracker resetted to 200
INFO:root:2021-08-02-11--41--04 Colour Conversion Completed
INFO:root:2021-08-02-11--41--04 Sleep Check Completed
INFO:root:2021-08-02-11--41--04 Frame manipulations completed
INFO:root:2021-08-02-11--41--04 Bounding Box Drawn
INFO:root:2021-08-02-11--41--04 MovingFrameQueue Appended
INFO:root:2021-08-02-11--41--04 anomallyFrameTracker resetted to 200
INFO:root:2021-08-02-11--41--04 Colour Conversion Completed
INFO:root:2021-08-02-11--41--04 Sleep Check Completed
INFO:root:2021-08-02-11--41--04 Frame manipulations completed
INFO:root:2021-08-02-11--41--04 Bounding Box Drawn
INFO:root:2021-08-02-11--41--04 MovingFrameQueue Popped
INFO:root:2021-08-02-11--41--04 anomallyFrameTracker resetted to 200
INFO:root:2021-08-02-11--41--04 Colour Conversion Completed
INFO:root:2021-08-02-11--41--04 Sleep Check Completed
INFO:root:2021-08-02-11--41--04 Frame manipulations completed
INFO:root:2021-08-02-11--41--04 Bounding Box Drawn
INFO:root:2021-08-02-11--41--04 MovingFrameQueue Appended
INFO:root:2021-08-02-11--41--04 anomallyFrameTracker resetted to 200
INFO:root:2021-08-02-11--41--04 Colour Conversion Completed
INFO:root:2021-08-02-11--41--04 Sleep Check Completed
INFO:root:2021-08-02-11--41--04 Frame manipulations completed
INFO:root:2021-08-02-11--41--04 Bounding Box Drawn
INFO:root:2021-08-02-11--41--04 MovingFrameQueue Popped
INFO:root:2021-08-02-11--41--04 anomallyFrameTracker resetted to 200
INFO:root:2021-08-02-11--41--04 Colour Conversion Completed
INFO:root:2021-08-02-11--41--04 Sleep Check Completed
INFO:root:2021-08-02-11--41--04 Frame manipulations completed
INFO:root:2021-08-02-11--41--04 Bounding Box Drawn
INFO:root:2021-08-02-11--41--04 MovingFrameQueue Appended
INFO:root:2021-08-02-11--41--04 anomallyFrameTracker resetted to 200
INFO:root:2021-08-02-11--41--04 Colour Conversion Completed
INFO:root:2021-08-02-11--41--04 Sleep Check Completed
INFO:root:2021-08-02-11--41--04 Frame manipulations completed
INFO:root:2021-08-02-11--41--04 Bounding Box Drawn
INFO:root:2021-08-02-11--41--04 MovingFrameQueue Popped
INFO:root:2021-08-02-11--41--04 anomallyFrameTracker resetted to 200
INFO:root:2021-08-02-11--41--04 Colour Conversion Completed
INFO:root:2021-08-02-11--41--04 Sleep Check Completed
INFO:root:2021-08-02-11--41--04 Frame manipulations completed
INFO:root:2021-08-02-11--41--04 Bounding Box Drawn
INFO:root:2021-08-02-11--41--05 MovingFrameQueue Appended
INFO:root:2021-08-02-11--41--05 anomallyFrameTracker resetted to 200
INFO:root:2021-08-02-11--41--05 Colour Conversion Completed
INFO:root:2021-08-02-11--41--05 Sleep Check Completed
INFO:root:2021-08-02-11--41--05 Frame manipulations completed
INFO:root:2021-08-02-11--41--05 Bounding Box Drawn
INFO:root:2021-08-02-11--41--05 MovingFrameQueue Popped
INFO:root:2021-08-02-11--41--05 anomallyFrameTracker resetted to 200
INFO:root:2021-08-02-11--41--05 Colour Conversion Completed
INFO:root:2021-08-02-11--41--05 Sleep Check Completed
INFO:root:2021-08-02-11--41--05 Frame manipulations completed
INFO:root:2021-08-02-11--41--05 Bounding Box Drawn
INFO:root:2021-08-02-11--41--05 MovingFrameQueue Appended
INFO:root:2021-08-02-11--41--05 anomallyFrameTracker resetted to 200
INFO:root:2021-08-02-11--41--05 Colour Conversion Completed
INFO:root:2021-08-02-11--41--05 Sleep Check Completed
INFO:root:2021-08-02-11--41--05 Frame manipulations completed
INFO:root:2021-08-02-11--41--05 Bounding Box Drawn
INFO:root:2021-08-02-11--41--05 MovingFrameQueue Popped
INFO:root:2021-08-02-11--41--05 anomallyFrameTracker resetted to 200
INFO:root:2021-08-02-11--41--05 Colour Conversion Completed
INFO:root:2021-08-02-11--41--05 Sleep Check Completed
INFO:root:2021-08-02-11--41--05 Frame manipulations completed
INFO:root:2021-08-02-11--41--05 Bounding Box Drawn
INFO:root:2021-08-02-11--41--05 MovingFrameQueue Appended
INFO:root:2021-08-02-11--41--05 anomallyFrameTracker resetted to 200
INFO:root:2021-08-02-11--41--05 Colour Conversion Completed
INFO:root:2021-08-02-11--41--05 Sleep Check Completed
INFO:root:2021-08-02-11--41--05 Frame manipulations completed
INFO:root:2021-08-02-11--41--05 Bounding Box Drawn
INFO:root:2021-08-02-11--41--05 MovingFrameQueue Popped
INFO:root:2021-08-02-11--41--05 anomallyFrameTracker resetted to 200
INFO:root:2021-08-02-11--41--05 Colour Conversion Completed
INFO:root:2021-08-02-11--41--05 Sleep Check Completed
INFO:root:2021-08-02-11--41--05 Frame manipulations completed
INFO:root:2021-08-02-11--41--05 Bounding Box Drawn
INFO:root:2021-08-02-11--41--05 MovingFrameQueue Appended
INFO:root:2021-08-02-11--41--05 anomallyFrameTracker resetted to 200
INFO:root:2021-08-02-11--41--05 Colour Conversion Completed
INFO:root:2021-08-02-11--41--05 Sleep Check Completed
INFO:root:2021-08-02-11--41--05 Frame manipulations completed
INFO:root:2021-08-02-11--41--05 Bounding Box Drawn
INFO:root:2021-08-02-11--41--05 MovingFrameQueue Popped
INFO:root:2021-08-02-11--41--05 anomallyFrameTracker resetted to 200
INFO:root:2021-08-02-11--41--05 Colour Conversion Completed
INFO:root:2021-08-02-11--41--05 Sleep Check Completed
INFO:root:2021-08-02-11--41--05 Frame manipulations completed
INFO:root:2021-08-02-11--41--05 Bounding Box Drawn
INFO:root:2021-08-02-11--41--06 MovingFrameQueue Appended
INFO:root:2021-08-02-11--41--06 anomallyFrameTracker resetted to 200
INFO:root:2021-08-02-11--41--06 Colour Conversion Completed
INFO:root:2021-08-02-11--41--06 Sleep Check Completed
INFO:root:2021-08-02-11--41--06 Frame manipulations completed
INFO:root:2021-08-02-11--41--06 Bounding Box Drawn
INFO:root:2021-08-02-11--41--06 MovingFrameQueue Popped
INFO:root:2021-08-02-11--41--06 anomallyFrameTracker resetted to 200
INFO:root:2021-08-02-11--41--06 Colour Conversion Completed
INFO:root:2021-08-02-11--41--06 Sleep Check Completed
INFO:root:2021-08-02-11--41--06 Frame manipulations completed
INFO:root:2021-08-02-11--41--06 Bounding Box Drawn
INFO:root:2021-08-02-11--41--06 MovingFrameQueue Appended
INFO:root:2021-08-02-11--41--06 anomallyFrameTracker resetted to 200
INFO:root:2021-08-02-11--41--06 Colour Conversion Completed
INFO:root:2021-08-02-11--41--06 Sleep Check Completed
INFO:root:2021-08-02-11--41--06 Frame manipulations completed
INFO:root:2021-08-02-11--41--06 Bounding Box Drawn
INFO:root:2021-08-02-11--41--06 MovingFrameQueue Popped
INFO:root:2021-08-02-11--41--06 anomallyFrameTracker resetted to 200
INFO:root:2021-08-02-11--41--06 Colour Conversion Completed
INFO:root:2021-08-02-11--41--06 Sleep Check Completed
INFO:root:2021-08-02-11--41--06 Frame manipulations completed
INFO:root:2021-08-02-11--41--06 Bounding Box Drawn
INFO:root:2021-08-02-11--41--06 MovingFrameQueue Appended
INFO:root:2021-08-02-11--41--06 anomallyFrameTracker resetted to 200
INFO:root:2021-08-02-11--41--06 Colour Conversion Completed
INFO:root:2021-08-02-11--41--06 Sleep Check Completed
INFO:root:2021-08-02-11--41--06 Frame manipulations completed
INFO:root:2021-08-02-11--41--06 Bounding Box Drawn
INFO:root:2021-08-02-11--41--06 MovingFrameQueue Popped
INFO:root:2021-08-02-11--41--06 anomallyFrameTracker resetted to 200
INFO:root:2021-08-02-11--41--06 Colour Conversion Completed
INFO:root:2021-08-02-11--41--06 Sleep Check Completed
INFO:root:2021-08-02-11--41--06 Frame manipulations completed
INFO:root:2021-08-02-11--41--06 Bounding Box Drawn
INFO:root:2021-08-02-11--41--06 MovingFrameQueue Appended
INFO:root:2021-08-02-11--41--06 anomallyFrameTracker resetted to 200
INFO:root:2021-08-02-11--41--06 Colour Conversion Completed
INFO:root:2021-08-02-11--41--06 Sleep Check Completed
INFO:root:2021-08-02-11--41--06 Frame manipulations completed
INFO:root:2021-08-02-11--41--06 Bounding Box Drawn
INFO:root:2021-08-02-11--41--06 MovingFrameQueue Popped
INFO:root:2021-08-02-11--41--06 anomallyFrameTracker resetted to 200
INFO:root:2021-08-02-11--41--06 Colour Conversion Completed
INFO:root:2021-08-02-11--41--06 Sleep Check Completed
INFO:root:2021-08-02-11--41--06 Frame manipulations completed
INFO:root:2021-08-02-11--41--06 Bounding Box Drawn
INFO:root:2021-08-02-11--41--07 MovingFrameQueue Appended
INFO:root:2021-08-02-11--41--07 anomallyFrameTracker resetted to 200
INFO:root:2021-08-02-11--41--07 Colour Conversion Completed
INFO:root:2021-08-02-11--41--07 Sleep Check Completed
INFO:root:2021-08-02-11--41--07 Frame manipulations completed
INFO:root:2021-08-02-11--41--07 Bounding Box Drawn
INFO:root:2021-08-02-11--41--07 MovingFrameQueue Popped
INFO:root:2021-08-02-11--41--07 anomallyFrameTracker resetted to 200
INFO:root:2021-08-02-11--41--07 Colour Conversion Completed
INFO:root:2021-08-02-11--41--07 Sleep Check Completed
INFO:root:2021-08-02-11--41--07 Frame manipulations completed
INFO:root:2021-08-02-11--41--07 Bounding Box Drawn
INFO:root:2021-08-02-11--41--07 MovingFrameQueue Appended
INFO:root:2021-08-02-11--41--07 anomallyFrameTracker resetted to 200
INFO:root:2021-08-02-11--41--07 Colour Conversion Completed
INFO:root:2021-08-02-11--41--07 Sleep Check Completed
INFO:root:2021-08-02-11--41--07 Frame manipulations completed
INFO:root:2021-08-02-11--41--07 Bounding Box Drawn
INFO:root:2021-08-02-11--41--07 MovingFrameQueue Popped
INFO:root:2021-08-02-11--41--07 anomallyFrameTracker resetted to 200
INFO:root:2021-08-02-11--41--07 Colour Conversion Completed
INFO:root:2021-08-02-11--41--07 Sleep Check Completed
INFO:root:2021-08-02-11--41--07 Frame manipulations completed
INFO:root:2021-08-02-11--41--07 Bounding Box Drawn
INFO:root:2021-08-02-11--41--07 MovingFrameQueue Appended
INFO:root:2021-08-02-11--41--07 anomallyFrameTracker resetted to 200
INFO:root:2021-08-02-11--41--07 Colour Conversion Completed
INFO:root:2021-08-02-11--41--07 Sleep Check Completed
INFO:root:2021-08-02-11--41--07 Frame manipulations completed
INFO:root:2021-08-02-11--41--07 Bounding Box Drawn
INFO:root:2021-08-02-11--41--07 MovingFrameQueue Popped
INFO:root:2021-08-02-11--41--07 anomallyFrameTracker resetted to 200
INFO:root:2021-08-02-11--41--07 Colour Conversion Completed
INFO:root:2021-08-02-11--41--07 Sleep Check Completed
INFO:root:2021-08-02-11--41--07 Frame manipulations completed
INFO:root:2021-08-02-11--41--07 Bounding Box Drawn
INFO:root:2021-08-02-11--41--07 MovingFrameQueue Appended
INFO:root:2021-08-02-11--41--07 anomallyFrameTracker resetted to 200
INFO:root:2021-08-02-11--41--07 Colour Conversion Completed
INFO:root:2021-08-02-11--41--07 Sleep Check Completed
INFO:root:2021-08-02-11--41--07 Frame manipulations completed
INFO:root:2021-08-02-11--41--07 Bounding Box Drawn
INFO:root:2021-08-02-11--41--07 MovingFrameQueue Popped
INFO:root:2021-08-02-11--41--07 anomallyFrameTracker resetted to 200
INFO:root:2021-08-02-11--41--07 Colour Conversion Completed
INFO:root:2021-08-02-11--41--07 Sleep Check Completed
INFO:root:2021-08-02-11--41--07 Frame manipulations completed
INFO:root:2021-08-02-11--41--07 Bounding Box Drawn
INFO:root:2021-08-02-11--41--07 MovingFrameQueue Appended
INFO:root:2021-08-02-11--41--07 anomallyFrameTracker resetted to 200
INFO:root:2021-08-02-11--41--07 Colour Conversion Completed
INFO:root:2021-08-02-11--41--07 Sleep Check Completed
INFO:root:2021-08-02-11--41--07 Frame manipulations completed
INFO:root:2021-08-02-11--41--07 Bounding Box Drawn
INFO:root:2021-08-02-11--41--08 MovingFrameQueue Popped
INFO:root:2021-08-02-11--41--08 anomallyFrameTracker resetted to 200
INFO:root:2021-08-02-11--41--08 Colour Conversion Completed
INFO:root:2021-08-02-11--41--08 Sleep Check Completed
INFO:root:2021-08-02-11--41--08 Frame manipulations completed
INFO:root:2021-08-02-11--41--08 Bounding Box Drawn
INFO:root:2021-08-02-11--41--08 MovingFrameQueue Appended
INFO:root:2021-08-02-11--41--08 anomallyFrameTracker resetted to 200
INFO:root:2021-08-02-11--41--08 Colour Conversion Completed
INFO:root:2021-08-02-11--41--08 Sleep Check Completed
INFO:root:2021-08-02-11--41--08 Frame manipulations completed
INFO:root:2021-08-02-11--41--08 Bounding Box Drawn
INFO:root:2021-08-02-11--41--08 MovingFrameQueue Popped
INFO:root:2021-08-02-11--41--08 anomallyFrameTracker resetted to 200
INFO:root:2021-08-02-11--41--08 Colour Conversion Completed
INFO:root:2021-08-02-11--41--08 Sleep Check Completed
INFO:root:2021-08-02-11--41--08 Frame manipulations completed
INFO:root:2021-08-02-11--41--08 Bounding Box Drawn
INFO:root:2021-08-02-11--41--08 MovingFrameQueue Appended
INFO:root:2021-08-02-11--41--08 anomallyFrameTracker resetted to 200
INFO:root:2021-08-02-11--41--08 Colour Conversion Completed
INFO:root:2021-08-02-11--41--08 Sleep Check Completed
INFO:root:2021-08-02-11--41--08 Frame manipulations completed
INFO:root:2021-08-02-11--41--08 Bounding Box Drawn
INFO:root:2021-08-02-11--41--08 MovingFrameQueue Popped
INFO:root:2021-08-02-11--41--08 anomallyFrameTracker resetted to 200
INFO:root:2021-08-02-11--41--08 Colour Conversion Completed
INFO:root:2021-08-02-11--41--08 Sleep Check Completed
INFO:root:2021-08-02-11--41--08 Frame manipulations completed
INFO:root:2021-08-02-11--41--08 Bounding Box Drawn
INFO:root:2021-08-02-11--41--08 MovingFrameQueue Appended
INFO:root:2021-08-02-11--41--08 anomallyFrameTracker resetted to 200
INFO:root:2021-08-02-11--41--08 Colour Conversion Completed
INFO:root:2021-08-02-11--41--08 Sleep Check Completed
INFO:root:2021-08-02-11--41--08 Frame manipulations completed
INFO:root:2021-08-02-11--41--08 Bounding Box Drawn
INFO:root:2021-08-02-11--41--08 MovingFrameQueue Popped
INFO:root:2021-08-02-11--41--08 anomallyFrameTracker resetted to 200
INFO:root:2021-08-02-11--41--08 Colour Conversion Completed
INFO:root:2021-08-02-11--41--08 Sleep Check Completed
INFO:root:2021-08-02-11--41--08 Frame manipulations completed
INFO:root:2021-08-02-11--41--08 Bounding Box Drawn
INFO:root:2021-08-02-11--41--08 MovingFrameQueue Appended
INFO:root:2021-08-02-11--41--08 anomallyFrameTracker resetted to 200
INFO:root:2021-08-02-11--41--08 Colour Conversion Completed
INFO:root:2021-08-02-11--41--08 Sleep Check Completed
INFO:root:2021-08-02-11--41--08 Frame manipulations completed
INFO:root:2021-08-02-11--41--08 Bounding Box Drawn
INFO:root:2021-08-02-11--41--08 MovingFrameQueue Popped
INFO:root:2021-08-02-11--41--08 anomallyFrameTracker resetted to 200
INFO:root:2021-08-02-11--41--08 Colour Conversion Completed
INFO:root:2021-08-02-11--41--08 Sleep Check Completed
INFO:root:2021-08-02-11--41--08 Frame manipulations completed
INFO:root:2021-08-02-11--41--08 Bounding Box Drawn
INFO:root:2021-08-02-11--41--09 MovingFrameQueue Appended
INFO:root:2021-08-02-11--41--09 anomallyFrameTracker resetted to 200
INFO:root:2021-08-02-11--41--09 Colour Conversion Completed
INFO:root:2021-08-02-11--41--09 Sleep Check Completed
INFO:root:2021-08-02-11--41--09 Frame manipulations completed
INFO:root:2021-08-02-11--41--09 Bounding Box Drawn
INFO:root:2021-08-02-11--41--09 MovingFrameQueue Popped
INFO:root:2021-08-02-11--41--09 anomallyFrameTracker resetted to 200
INFO:root:2021-08-02-11--41--09 Colour Conversion Completed
INFO:root:2021-08-02-11--41--09 Sleep Check Completed
INFO:root:2021-08-02-11--41--09 Frame manipulations completed
INFO:root:2021-08-02-11--41--09 Bounding Box Drawn
INFO:root:2021-08-02-11--41--09 MovingFrameQueue Appended
INFO:root:2021-08-02-11--41--09 anomallyFrameTracker resetted to 200
INFO:root:2021-08-02-11--41--09 Colour Conversion Completed
INFO:root:2021-08-02-11--41--09 Sleep Check Completed
INFO:root:2021-08-02-11--41--09 Frame manipulations completed
INFO:root:2021-08-02-11--41--09 Bounding Box Drawn
INFO:root:2021-08-02-11--41--09 MovingFrameQueue Popped
INFO:root:2021-08-02-11--41--09 anomallyFrameTracker resetted to 200
INFO:root:2021-08-02-11--41--09 Colour Conversion Completed
INFO:root:2021-08-02-11--41--09 Sleep Check Completed
INFO:root:2021-08-02-11--41--09 Frame manipulations completed
INFO:root:2021-08-02-11--41--09 Bounding Box Drawn
INFO:root:2021-08-02-11--41--09 MovingFrameQueue Appended
INFO:root:2021-08-02-11--41--09 anomallyFrameTracker resetted to 200
INFO:root:2021-08-02-11--41--09 Colour Conversion Completed
INFO:root:2021-08-02-11--41--09 Sleep Check Completed
INFO:root:2021-08-02-11--41--09 Frame manipulations completed
INFO:root:2021-08-02-11--41--09 Bounding Box Drawn
INFO:root:2021-08-02-11--41--09 MovingFrameQueue Popped
INFO:root:2021-08-02-11--41--09 anomallyFrameTracker resetted to 200
INFO:root:2021-08-02-11--41--09 Colour Conversion Completed
INFO:root:2021-08-02-11--41--09 Sleep Check Completed
INFO:root:2021-08-02-11--41--09 Frame manipulations completed
INFO:root:2021-08-02-11--41--09 Bounding Box Drawn
INFO:root:2021-08-02-11--41--09 MovingFrameQueue Appended
INFO:root:2021-08-02-11--41--09 anomallyFrameTracker resetted to 200
INFO:root:2021-08-02-11--41--09 Colour Conversion Completed
INFO:root:2021-08-02-11--41--09 Sleep Check Completed
INFO:root:2021-08-02-11--41--09 Frame manipulations completed
INFO:root:2021-08-02-11--41--09 Bounding Box Drawn
INFO:root:2021-08-02-11--41--09 MovingFrameQueue Popped
INFO:root:2021-08-02-11--41--09 anomallyFrameTracker resetted to 200
INFO:root:2021-08-02-11--41--09 Colour Conversion Completed
INFO:root:2021-08-02-11--41--09 Sleep Check Completed
INFO:root:2021-08-02-11--41--09 Frame manipulations completed
INFO:root:2021-08-02-11--41--09 Bounding Box Drawn
INFO:root:2021-08-02-11--41--09 MovingFrameQueue Appended
INFO:root:2021-08-02-11--41--09 anomallyFrameTracker resetted to 200
INFO:root:2021-08-02-11--41--09 Colour Conversion Completed
INFO:root:2021-08-02-11--41--09 Sleep Check Completed
INFO:root:2021-08-02-11--41--09 Frame manipulations completed
INFO:root:2021-08-02-11--41--09 Bounding Box Drawn
INFO:root:2021-08-02-11--41--10 MovingFrameQueue Popped
INFO:root:2021-08-02-11--41--10 anomallyFrameTracker resetted to 200
INFO:root:2021-08-02-11--41--10 Colour Conversion Completed
INFO:root:2021-08-02-11--41--10 Sleep Check Completed
INFO:root:2021-08-02-11--41--10 Frame manipulations completed
INFO:root:2021-08-02-11--41--10 Bounding Box Drawn
INFO:root:2021-08-02-11--41--10 MovingFrameQueue Appended
INFO:root:2021-08-02-11--41--10 anomallyFrameTracker resetted to 200
INFO:root:2021-08-02-11--41--10 Colour Conversion Completed
INFO:root:2021-08-02-11--41--10 Sleep Check Completed
INFO:root:2021-08-02-11--41--10 Frame manipulations completed
INFO:root:2021-08-02-11--41--10 Bounding Box Drawn
INFO:root:2021-08-02-11--41--10 MovingFrameQueue Popped
INFO:root:2021-08-02-11--41--10 anomallyFrameTracker resetted to 200
INFO:root:2021-08-02-11--41--10 Colour Conversion Completed
INFO:root:2021-08-02-11--41--10 Sleep Check Completed
INFO:root:2021-08-02-11--41--10 Frame manipulations completed
INFO:root:2021-08-02-11--41--10 Bounding Box Drawn
INFO:root:2021-08-02-11--41--10 MovingFrameQueue Appended
INFO:root:2021-08-02-11--41--10 anomallyFrameTracker resetted to 200
INFO:root:2021-08-02-11--41--10 Colour Conversion Completed
INFO:root:2021-08-02-11--41--10 Sleep Check Completed
INFO:root:2021-08-02-11--41--10 Frame manipulations completed
INFO:root:2021-08-02-11--41--10 Bounding Box Drawn
INFO:root:2021-08-02-11--41--10 MovingFrameQueue Popped
INFO:root:2021-08-02-11--41--10 anomallyFrameTracker resetted to 200
INFO:root:2021-08-02-11--41--10 Colour Conversion Completed
INFO:root:2021-08-02-11--41--10 Sleep Check Completed
INFO:root:2021-08-02-11--41--10 Frame manipulations completed
INFO:root:2021-08-02-11--41--10 Bounding Box Drawn
INFO:root:2021-08-02-11--41--10 MovingFrameQueue Appended
INFO:root:2021-08-02-11--41--10 anomallyFrameTracker resetted to 200
INFO:root:2021-08-02-11--41--10 Colour Conversion Completed
INFO:root:2021-08-02-11--41--10 Sleep Check Completed
INFO:root:2021-08-02-11--41--10 Frame manipulations completed
INFO:root:2021-08-02-11--41--10 Bounding Box Drawn
INFO:root:2021-08-02-11--41--10 MovingFrameQueue Popped
INFO:root:2021-08-02-11--41--10 anomallyFrameTracker resetted to 200
INFO:root:2021-08-02-11--41--10 Colour Conversion Completed
INFO:root:2021-08-02-11--41--10 Sleep Check Completed
INFO:root:2021-08-02-11--41--10 Frame manipulations completed
INFO:root:2021-08-02-11--41--10 Bounding Box Drawn
INFO:root:2021-08-02-11--41--10 MovingFrameQueue Appended
INFO:root:2021-08-02-11--41--10 anomallyFrameTracker resetted to 200
INFO:root:2021-08-02-11--41--10 Colour Conversion Completed
INFO:root:2021-08-02-11--41--10 Sleep Check Completed
INFO:root:2021-08-02-11--41--10 Frame manipulations completed
INFO:root:2021-08-02-11--41--10 Bounding Box Drawn
INFO:root:2021-08-02-11--41--10 MovingFrameQueue Popped
INFO:root:2021-08-02-11--41--10 anomallyFrameTracker resetted to 200
INFO:root:2021-08-02-11--41--11 Colour Conversion Completed
INFO:root:2021-08-02-11--41--11 Sleep Check Completed
INFO:root:2021-08-02-11--41--11 Frame manipulations completed
INFO:root:2021-08-02-11--41--11 Bounding Box Drawn
INFO:root:2021-08-02-11--41--11 MovingFrameQueue Appended
INFO:root:2021-08-02-11--41--11 anomallyFrameTracker resetted to 200
INFO:root:2021-08-02-11--41--11 Colour Conversion Completed
INFO:root:2021-08-02-11--41--11 Sleep Check Completed
INFO:root:2021-08-02-11--41--11 Frame manipulations completed
INFO:root:2021-08-02-11--41--11 Bounding Box Drawn
INFO:root:2021-08-02-11--41--11 MovingFrameQueue Popped
INFO:root:2021-08-02-11--41--11 anomallyFrameTracker resetted to 200
INFO:root:2021-08-02-11--41--11 Colour Conversion Completed
INFO:root:2021-08-02-11--41--11 Sleep Check Completed
INFO:root:2021-08-02-11--41--11 Frame manipulations completed
INFO:root:2021-08-02-11--41--11 Bounding Box Drawn
INFO:root:2021-08-02-11--41--11 MovingFrameQueue Appended
INFO:root:2021-08-02-11--41--11 anomallyFrameTracker resetted to 200
INFO:root:2021-08-02-11--41--11 Colour Conversion Completed
INFO:root:2021-08-02-11--41--11 Sleep Check Completed
INFO:root:2021-08-02-11--41--11 Frame manipulations completed
INFO:root:2021-08-02-11--41--11 Bounding Box Drawn
INFO:root:2021-08-02-11--41--11 MovingFrameQueue Popped
INFO:root:2021-08-02-11--41--11 anomallyFrameTracker resetted to 200
INFO:root:2021-08-02-11--41--11 Colour Conversion Completed
INFO:root:2021-08-02-11--41--11 Sleep Check Completed
INFO:root:2021-08-02-11--41--11 Frame manipulations completed
INFO:root:2021-08-02-11--41--11 Bounding Box Drawn
INFO:root:2021-08-02-11--41--11 MovingFrameQueue Appended
INFO:root:2021-08-02-11--41--11 anomallyFrameTracker resetted to 200
INFO:root:2021-08-02-11--41--11 Colour Conversion Completed
INFO:root:2021-08-02-11--41--11 Sleep Check Completed
INFO:root:2021-08-02-11--41--11 Frame manipulations completed
INFO:root:2021-08-02-11--41--11 Bounding Box Drawn
INFO:root:2021-08-02-11--41--11 MovingFrameQueue Popped
INFO:root:2021-08-02-11--41--11 anomallyFrameTracker resetted to 200
INFO:root:2021-08-02-11--41--11 Colour Conversion Completed
INFO:root:2021-08-02-11--41--11 Sleep Check Completed
INFO:root:2021-08-02-11--41--11 Frame manipulations completed
INFO:root:2021-08-02-11--41--11 Bounding Box Drawn
INFO:root:2021-08-02-11--41--11 MovingFrameQueue Appended
INFO:root:2021-08-02-11--41--11 anomallyFrameTracker resetted to 200
INFO:root:2021-08-02-11--41--11 Colour Conversion Completed
INFO:root:2021-08-02-11--41--11 Sleep Check Completed
INFO:root:2021-08-02-11--41--11 Frame manipulations completed
INFO:root:2021-08-02-11--41--11 Bounding Box Drawn
INFO:root:2021-08-02-11--41--12 MovingFrameQueue Popped
INFO:root:2021-08-02-11--41--12 anomallyFrameTracker resetted to 200
INFO:root:2021-08-02-11--41--12 Colour Conversion Completed
INFO:root:2021-08-02-11--41--12 Sleep Check Completed
INFO:root:2021-08-02-11--41--12 Frame manipulations completed
INFO:root:2021-08-02-11--41--12 Bounding Box Drawn
INFO:root:2021-08-02-11--41--12 MovingFrameQueue Appended
INFO:root:2021-08-02-11--41--12 anomallyFrameTracker resetted to 200
INFO:root:2021-08-02-11--41--12 Colour Conversion Completed
INFO:root:2021-08-02-11--41--12 Sleep Check Completed
INFO:root:2021-08-02-11--41--12 Frame manipulations completed
INFO:root:2021-08-02-11--41--12 Bounding Box Drawn
INFO:root:2021-08-02-11--41--12 MovingFrameQueue Popped
INFO:root:2021-08-02-11--41--12 anomallyFrameTracker resetted to 200
INFO:root:2021-08-02-11--41--12 Colour Conversion Completed
INFO:root:2021-08-02-11--41--12 Sleep Check Completed
INFO:root:2021-08-02-11--41--12 Frame manipulations completed
INFO:root:2021-08-02-11--41--12 Bounding Box Drawn
INFO:root:2021-08-02-11--41--12 MovingFrameQueue Appended
INFO:root:2021-08-02-11--41--12 anomallyFrameTracker resetted to 200
INFO:root:2021-08-02-11--41--12 Colour Conversion Completed
INFO:root:2021-08-02-11--41--12 Sleep Check Completed
INFO:root:2021-08-02-11--41--12 Frame manipulations completed
INFO:root:2021-08-02-11--41--12 Bounding Box Drawn
INFO:root:2021-08-02-11--41--13 MovingFrameQueue Popped
INFO:root:2021-08-02-11--41--13 anomallyFrameTracker resetted to 200
INFO:root:2021-08-02-11--41--13 Colour Conversion Completed
INFO:root:2021-08-02-11--41--13 Sleep Check Completed
INFO:root:2021-08-02-11--41--13 Frame manipulations completed
INFO:root:2021-08-02-11--41--13 Bounding Box Drawn
INFO:root:2021-08-02-11--41--13 MovingFrameQueue Appended
INFO:root:2021-08-02-11--41--13 anomallyFrameTracker resetted to 200
INFO:root:2021-08-02-11--41--13 Colour Conversion Completed
INFO:root:2021-08-02-11--41--13 Sleep Check Completed
INFO:root:2021-08-02-11--41--13 Frame manipulations completed
INFO:root:2021-08-02-11--41--13 Bounding Box Drawn
INFO:root:2021-08-02-11--41--13 MovingFrameQueue Popped
INFO:root:2021-08-02-11--41--13 anomallyFrameTracker resetted to 200
INFO:root:2021-08-02-11--41--13 Colour Conversion Completed
INFO:root:2021-08-02-11--41--13 Sleep Check Completed
INFO:root:2021-08-02-11--41--13 Frame manipulations completed
INFO:root:2021-08-02-11--41--13 Bounding Box Drawn
INFO:root:2021-08-02-11--41--13 MovingFrameQueue Appended
INFO:root:2021-08-02-11--41--13 anomallyFrameTracker resetted to 200
INFO:root:2021-08-02-11--41--13 Colour Conversion Completed
INFO:root:2021-08-02-11--41--13 Sleep Check Completed
INFO:root:2021-08-02-11--41--13 Frame manipulations completed
INFO:root:2021-08-02-11--41--13 Bounding Box Drawn
INFO:root:2021-08-02-11--41--13 MovingFrameQueue Popped
INFO:root:2021-08-02-11--41--13 anomallyFrameTracker resetted to 200
INFO:root:2021-08-02-11--41--13 Colour Conversion Completed
INFO:root:2021-08-02-11--41--13 Sleep Check Completed
INFO:root:2021-08-02-11--41--13 Frame manipulations completed
INFO:root:2021-08-02-11--41--13 Bounding Box Drawn
INFO:root:2021-08-02-11--41--14 MovingFrameQueue Appended
INFO:root:2021-08-02-11--41--14 anomallyFrameTracker resetted to 200
INFO:root:2021-08-02-11--41--14 Colour Conversion Completed
INFO:root:2021-08-02-11--41--14 Sleep Check Completed
INFO:root:2021-08-02-11--41--14 Frame manipulations completed
INFO:root:2021-08-02-11--41--14 Bounding Box Drawn
INFO:root:2021-08-02-11--41--14 MovingFrameQueue Popped
INFO:root:2021-08-02-11--41--14 anomallyFrameTracker resetted to 200
INFO:root:2021-08-02-11--41--14 Colour Conversion Completed
INFO:root:2021-08-02-11--41--14 Sleep Check Completed
INFO:root:2021-08-02-11--41--14 Frame manipulations completed
INFO:root:2021-08-02-11--41--14 Bounding Box Drawn
INFO:root:2021-08-02-11--41--14 MovingFrameQueue Appended
INFO:root:2021-08-02-11--41--14 anomallyFrameTracker resetted to 200
INFO:root:2021-08-02-11--41--14 Colour Conversion Completed
INFO:root:2021-08-02-11--41--14 Sleep Check Completed
INFO:root:2021-08-02-11--41--14 Frame manipulations completed
INFO:root:2021-08-02-11--41--14 Bounding Box Drawn
INFO:root:2021-08-02-11--41--14 MovingFrameQueue Popped
INFO:root:2021-08-02-11--41--14 anomallyFrameTracker resetted to 200
INFO:root:2021-08-02-11--41--14 Colour Conversion Completed
INFO:root:2021-08-02-11--41--14 Sleep Check Completed
INFO:root:2021-08-02-11--41--14 Frame manipulations completed
INFO:root:2021-08-02-11--41--14 Bounding Box Drawn
INFO:root:2021-08-02-11--41--14 MovingFrameQueue Appended
INFO:root:2021-08-02-11--41--14 anomallyFrameTracker resetted to 200
INFO:root:2021-08-02-11--41--14 Colour Conversion Completed
INFO:root:2021-08-02-11--41--14 Sleep Check Completed
INFO:root:2021-08-02-11--41--14 Frame manipulations completed
INFO:root:2021-08-02-11--41--14 Bounding Box Drawn
INFO:root:2021-08-02-11--41--14 MovingFrameQueue Popped
INFO:root:2021-08-02-11--41--14 anomallyFrameTracker resetted to 200
INFO:root:2021-08-02-11--41--14 Colour Conversion Completed
INFO:root:2021-08-02-11--41--14 Sleep Check Completed
INFO:root:2021-08-02-11--41--14 Frame manipulations completed
INFO:root:2021-08-02-11--41--14 Bounding Box Drawn
INFO:root:2021-08-02-11--41--14 MovingFrameQueue Appended
INFO:root:2021-08-02-11--41--14 anomallyFrameTracker resetted to 200
INFO:root:2021-08-02-11--41--14 Colour Conversion Completed
INFO:root:2021-08-02-11--41--14 Sleep Check Completed
INFO:root:2021-08-02-11--41--14 Frame manipulations completed
INFO:root:2021-08-02-11--41--14 Bounding Box Drawn
INFO:root:2021-08-02-11--41--14 MovingFrameQueue Popped
INFO:root:2021-08-02-11--41--14 anomallyFrameTracker resetted to 200
INFO:root:2021-08-02-11--41--14 Colour Conversion Completed
INFO:root:2021-08-02-11--41--14 Sleep Check Completed
INFO:root:2021-08-02-11--41--14 Frame manipulations completed
INFO:root:2021-08-02-11--41--14 Bounding Box Drawn
INFO:root:2021-08-02-11--41--14 MovingFrameQueue Appended
INFO:root:2021-08-02-11--41--14 anomallyFrameTracker resetted to 200
INFO:root:2021-08-02-11--41--14 Colour Conversion Completed
INFO:root:2021-08-02-11--41--14 Sleep Check Completed
INFO:root:2021-08-02-11--41--14 Frame manipulations completed
INFO:root:2021-08-02-11--41--14 Bounding Box Drawn
INFO:root:2021-08-02-11--41--15 MovingFrameQueue Popped
INFO:root:2021-08-02-11--41--15 anomallyFrameTracker resetted to 200
INFO:root:2021-08-02-11--41--15 Colour Conversion Completed
INFO:root:2021-08-02-11--41--15 Sleep Check Completed
INFO:root:2021-08-02-11--41--15 Frame manipulations completed
INFO:root:2021-08-02-11--41--15 Bounding Box Drawn
INFO:root:2021-08-02-11--41--15 MovingFrameQueue Appended
INFO:root:2021-08-02-11--41--15 anomallyFrameTracker resetted to 200
INFO:root:2021-08-02-11--41--15 Colour Conversion Completed
INFO:root:2021-08-02-11--41--15 Sleep Check Completed
INFO:root:2021-08-02-11--41--15 Frame manipulations completed
INFO:root:2021-08-02-11--41--15 Bounding Box Drawn
INFO:root:2021-08-02-11--41--15 MovingFrameQueue Popped
INFO:root:2021-08-02-11--41--15 anomallyFrameTracker resetted to 200
INFO:root:2021-08-02-11--41--15 Colour Conversion Completed
INFO:root:2021-08-02-11--41--15 Sleep Check Completed
INFO:root:2021-08-02-11--41--15 Frame manipulations completed
INFO:root:2021-08-02-11--41--15 Bounding Box Drawn
INFO:root:2021-08-02-11--41--15 MovingFrameQueue Appended
INFO:root:2021-08-02-11--41--15 anomallyFrameTracker resetted to 200
INFO:root:2021-08-02-11--41--15 Colour Conversion Completed
INFO:root:2021-08-02-11--41--15 Sleep Check Completed
INFO:root:2021-08-02-11--41--15 Frame manipulations completed
INFO:root:2021-08-02-11--41--15 Bounding Box Drawn
INFO:root:2021-08-02-11--41--15 MovingFrameQueue Popped
INFO:root:2021-08-02-11--41--15 anomallyFrameTracker resetted to 200
INFO:root:2021-08-02-11--41--15 Colour Conversion Completed
INFO:root:2021-08-02-11--41--15 Sleep Check Completed
INFO:root:2021-08-02-11--41--15 Frame manipulations completed
INFO:root:2021-08-02-11--41--15 Bounding Box Drawn
INFO:root:2021-08-02-11--41--15 MovingFrameQueue Appended
INFO:root:2021-08-02-11--41--15 anomallyFrameTracker resetted to 200
INFO:root:2021-08-02-11--41--15 Colour Conversion Completed
INFO:root:2021-08-02-11--41--15 Sleep Check Completed
INFO:root:2021-08-02-11--41--15 Frame manipulations completed
INFO:root:2021-08-02-11--41--15 Bounding Box Drawn
INFO:root:2021-08-02-11--41--15 MovingFrameQueue Popped
INFO:root:2021-08-02-11--41--15 anomallyFrameTracker resetted to 200
INFO:root:2021-08-02-11--41--15 Colour Conversion Completed
INFO:root:2021-08-02-11--41--15 Sleep Check Completed
INFO:root:2021-08-02-11--41--15 Frame manipulations completed
INFO:root:2021-08-02-11--41--15 Bounding Box Drawn
INFO:root:2021-08-02-11--41--15 MovingFrameQueue Appended
INFO:root:2021-08-02-11--41--15 anomallyFrameTracker resetted to 200
INFO:root:2021-08-02-11--41--15 Colour Conversion Completed
INFO:root:2021-08-02-11--41--15 Sleep Check Completed
INFO:root:2021-08-02-11--41--15 Frame manipulations completed
INFO:root:2021-08-02-11--41--15 Bounding Box Drawn
INFO:root:2021-08-02-11--41--15 MovingFrameQueue Popped
INFO:root:2021-08-02-11--41--15 anomallyFrameTracker resetted to 200
INFO:root:2021-08-02-11--41--15 Colour Conversion Completed
INFO:root:2021-08-02-11--41--15 Sleep Check Completed
INFO:root:2021-08-02-11--41--15 Frame manipulations completed
INFO:root:2021-08-02-11--41--15 Bounding Box Drawn
INFO:root:2021-08-02-11--41--16 MovingFrameQueue Appended
INFO:root:2021-08-02-11--41--16 anomallyFrameTracker resetted to 200
INFO:root:2021-08-02-11--41--16 Colour Conversion Completed
INFO:root:2021-08-02-11--41--16 Sleep Check Completed
INFO:root:2021-08-02-11--41--16 Frame manipulations completed
INFO:root:2021-08-02-11--41--16 Bounding Box Drawn
INFO:root:2021-08-02-11--41--16 MovingFrameQueue Popped
INFO:root:2021-08-02-11--41--16 anomallyFrameTracker resetted to 200
INFO:root:2021-08-02-11--41--16 Colour Conversion Completed
INFO:root:2021-08-02-11--41--16 Sleep Check Completed
INFO:root:2021-08-02-11--41--16 Frame manipulations completed
INFO:root:2021-08-02-11--41--16 Bounding Box Drawn
INFO:root:2021-08-02-11--41--16 MovingFrameQueue Appended
INFO:root:2021-08-02-11--41--16 anomallyFrameTracker resetted to 200
INFO:root:2021-08-02-11--41--16 Colour Conversion Completed
INFO:root:2021-08-02-11--41--16 Sleep Check Completed
INFO:root:2021-08-02-11--41--16 Frame manipulations completed
INFO:root:2021-08-02-11--41--16 Bounding Box Drawn
INFO:root:2021-08-02-11--41--16 MovingFrameQueue Popped
INFO:root:2021-08-02-11--41--16 anomallyFrameTracker resetted to 200
INFO:root:2021-08-02-11--41--16 Colour Conversion Completed
INFO:root:2021-08-02-11--41--16 Sleep Check Completed
INFO:root:2021-08-02-11--41--16 Frame manipulations completed
INFO:root:2021-08-02-11--41--16 Bounding Box Drawn
INFO:root:2021-08-02-11--41--16 MovingFrameQueue Appended
INFO:root:2021-08-02-11--41--16 anomallyFrameTracker resetted to 200
INFO:root:2021-08-02-11--41--16 Colour Conversion Completed
INFO:root:2021-08-02-11--41--16 Sleep Check Completed
INFO:root:2021-08-02-11--41--16 Frame manipulations completed
INFO:root:2021-08-02-11--41--16 Bounding Box Drawn
INFO:root:2021-08-02-11--41--16 MovingFrameQueue Popped
INFO:root:2021-08-02-11--41--16 anomallyFrameTracker resetted to 200
INFO:root:2021-08-02-11--41--16 Colour Conversion Completed
INFO:root:2021-08-02-11--41--16 Sleep Check Completed
INFO:root:2021-08-02-11--41--16 Frame manipulations completed
INFO:root:2021-08-02-11--41--16 Bounding Box Drawn
INFO:root:2021-08-02-11--41--16 MovingFrameQueue Appended
INFO:root:2021-08-02-11--41--16 anomallyFrameTracker resetted to 200
INFO:root:2021-08-02-11--41--16 Colour Conversion Completed
INFO:root:2021-08-02-11--41--16 Sleep Check Completed
INFO:root:2021-08-02-11--41--16 Frame manipulations completed
INFO:root:2021-08-02-11--41--16 Bounding Box Drawn
INFO:root:2021-08-02-11--41--16 MovingFrameQueue Popped
INFO:root:2021-08-02-11--41--16 anomallyFrameTracker resetted to 200
INFO:root:2021-08-02-11--41--16 Colour Conversion Completed
INFO:root:2021-08-02-11--41--16 Sleep Check Completed
INFO:root:2021-08-02-11--41--16 Frame manipulations completed
INFO:root:2021-08-02-11--41--16 Bounding Box Drawn
INFO:root:2021-08-02-11--41--16 MovingFrameQueue Appended
INFO:root:2021-08-02-11--41--16 anomallyFrameTracker resetted to 200
INFO:root:2021-08-02-11--41--16 Colour Conversion Completed
INFO:root:2021-08-02-11--41--16 Sleep Check Completed
INFO:root:2021-08-02-11--41--16 Frame manipulations completed
INFO:root:2021-08-02-11--41--16 Bounding Box Drawn
INFO:root:2021-08-02-11--41--17 MovingFrameQueue Popped
INFO:root:2021-08-02-11--41--17 anomallyFrameTracker resetted to 200
INFO:root:2021-08-02-11--41--17 Colour Conversion Completed
INFO:root:2021-08-02-11--41--17 Sleep Check Completed
INFO:root:2021-08-02-11--41--17 Frame manipulations completed
INFO:root:2021-08-02-11--41--17 Bounding Box Drawn
INFO:root:2021-08-02-11--41--17 MovingFrameQueue Appended
INFO:root:2021-08-02-11--41--17 anomallyFrameTracker resetted to 200
INFO:root:2021-08-02-11--41--17 Colour Conversion Completed
INFO:root:2021-08-02-11--41--17 Sleep Check Completed
INFO:root:2021-08-02-11--41--17 Frame manipulations completed
INFO:root:2021-08-02-11--41--17 Bounding Box Drawn
INFO:root:2021-08-02-11--41--17 MovingFrameQueue Popped
INFO:root:2021-08-02-11--41--17 anomallyFrameTracker resetted to 200
INFO:root:2021-08-02-11--41--17 Colour Conversion Completed
INFO:root:2021-08-02-11--41--17 Sleep Check Completed
INFO:root:2021-08-02-11--41--17 Frame manipulations completed
INFO:root:2021-08-02-11--41--17 Bounding Box Drawn
INFO:root:2021-08-02-11--41--17 MovingFrameQueue Appended
INFO:root:2021-08-02-11--41--17 anomallyFrameTracker resetted to 200
INFO:root:2021-08-02-11--41--17 Colour Conversion Completed
INFO:root:2021-08-02-11--41--17 Sleep Check Completed
INFO:root:2021-08-02-11--41--17 Frame manipulations completed
INFO:root:2021-08-02-11--41--17 Bounding Box Drawn
INFO:root:2021-08-02-11--41--17 MovingFrameQueue Popped
INFO:root:2021-08-02-11--41--17 anomallyFrameTracker resetted to 200
INFO:root:2021-08-02-11--41--17 Colour Conversion Completed
INFO:root:2021-08-02-11--41--17 Sleep Check Completed
INFO:root:2021-08-02-11--41--17 Frame manipulations completed
INFO:root:2021-08-02-11--41--17 Bounding Box Drawn
INFO:root:2021-08-02-11--41--18 MovingFrameQueue Appended
INFO:root:2021-08-02-11--41--18 anomallyFrameTracker resetted to 200
INFO:root:2021-08-02-11--41--18 Colour Conversion Completed
INFO:root:2021-08-02-11--41--18 Sleep Check Completed
INFO:root:2021-08-02-11--41--18 Frame manipulations completed
INFO:root:2021-08-02-11--41--18 Bounding Box Drawn
INFO:root:2021-08-02-11--41--18 MovingFrameQueue Popped
INFO:root:2021-08-02-11--41--18 anomallyFrameTracker resetted to 200
INFO:root:2021-08-02-11--41--18 Colour Conversion Completed
INFO:root:2021-08-02-11--41--18 Sleep Check Completed
INFO:root:2021-08-02-11--41--18 Frame manipulations completed
INFO:root:2021-08-02-11--41--18 Bounding Box Drawn
INFO:root:2021-08-02-11--41--18 MovingFrameQueue Appended
INFO:root:2021-08-02-11--41--18 anomallyFrameTracker resetted to 200
INFO:root:2021-08-02-11--41--18 Colour Conversion Completed
INFO:root:2021-08-02-11--41--18 Sleep Check Completed
INFO:root:2021-08-02-11--41--18 Frame manipulations completed
INFO:root:2021-08-02-11--41--18 Bounding Box Drawn
INFO:root:2021-08-02-11--41--18 MovingFrameQueue Popped
INFO:root:2021-08-02-11--41--18 anomallyFrameTracker resetted to 200
INFO:root:2021-08-02-11--41--18 Colour Conversion Completed
INFO:root:2021-08-02-11--41--18 Sleep Check Completed
INFO:root:2021-08-02-11--41--18 Frame manipulations completed
INFO:root:2021-08-02-11--41--18 Bounding Box Drawn
INFO:root:2021-08-02-11--41--18 MovingFrameQueue Appended
INFO:root:2021-08-02-11--41--18 anomallyFrameTracker resetted to 200
INFO:root:2021-08-02-11--41--18 Colour Conversion Completed
INFO:root:2021-08-02-11--41--18 Sleep Check Completed
INFO:root:2021-08-02-11--41--18 Frame manipulations completed
INFO:root:2021-08-02-11--41--18 Bounding Box Drawn
INFO:root:2021-08-02-11--41--18 MovingFrameQueue Popped
INFO:root:2021-08-02-11--41--18 anomallyFrameTracker resetted to 200
INFO:root:2021-08-02-11--41--18 Colour Conversion Completed
INFO:root:2021-08-02-11--41--18 Sleep Check Completed
INFO:root:2021-08-02-11--41--18 Frame manipulations completed
INFO:root:2021-08-02-11--41--18 Bounding Box Drawn
INFO:root:2021-08-02-11--41--18 MovingFrameQueue Appended
INFO:root:2021-08-02-11--41--18 anomallyFrameTracker resetted to 200
INFO:root:2021-08-02-11--41--18 Colour Conversion Completed
INFO:root:2021-08-02-11--41--18 Sleep Check Completed
INFO:root:2021-08-02-11--41--18 Frame manipulations completed
INFO:root:2021-08-02-11--41--18 Bounding Box Drawn
INFO:root:2021-08-02-11--41--18 MovingFrameQueue Popped
INFO:root:2021-08-02-11--41--18 anomallyFrameTracker resetted to 200
INFO:root:2021-08-02-11--41--18 Colour Conversion Completed
INFO:root:2021-08-02-11--41--18 Sleep Check Completed
INFO:root:2021-08-02-11--41--18 Frame manipulations completed
INFO:root:2021-08-02-11--41--18 Bounding Box Drawn
INFO:root:2021-08-02-11--41--18 MovingFrameQueue Appended
INFO:root:2021-08-02-11--41--18 anomallyFrameTracker resetted to 200
INFO:root:2021-08-02-11--41--18 Colour Conversion Completed
INFO:root:2021-08-02-11--41--19 Sleep Check Completed
INFO:root:2021-08-02-11--41--19 Frame manipulations completed
INFO:root:2021-08-02-11--41--19 Bounding Box Drawn
INFO:root:2021-08-02-11--41--19 MovingFrameQueue Popped
INFO:root:2021-08-02-11--41--19 anomallyFrameTracker resetted to 200
INFO:root:2021-08-02-11--41--19 Colour Conversion Completed
INFO:root:2021-08-02-11--41--19 Sleep Check Completed
INFO:root:2021-08-02-11--41--19 Frame manipulations completed
INFO:root:2021-08-02-11--41--19 Bounding Box Drawn
INFO:root:2021-08-02-11--41--19 MovingFrameQueue Appended
INFO:root:2021-08-02-11--41--19 anomallyFrameTracker resetted to 200
INFO:root:2021-08-02-11--41--19 Colour Conversion Completed
INFO:root:2021-08-02-11--41--19 Sleep Check Completed
INFO:root:2021-08-02-11--41--19 Frame manipulations completed
INFO:root:2021-08-02-11--41--19 Bounding Box Drawn
INFO:root:2021-08-02-11--41--19 MovingFrameQueue Popped
INFO:root:2021-08-02-11--41--19 anomallyFrameTracker resetted to 200
INFO:root:2021-08-02-11--41--19 Colour Conversion Completed
INFO:root:2021-08-02-11--41--19 Sleep Check Completed
INFO:root:2021-08-02-11--41--19 Frame manipulations completed
INFO:root:2021-08-02-11--41--19 Bounding Box Drawn
INFO:root:2021-08-02-11--41--19 MovingFrameQueue Appended
INFO:root:2021-08-02-11--41--19 anomallyFrameTracker resetted to 200
INFO:root:2021-08-02-11--41--19 Colour Conversion Completed
INFO:root:2021-08-02-11--41--19 Sleep Check Completed
INFO:root:2021-08-02-11--41--19 Frame manipulations completed
INFO:root:2021-08-02-11--41--19 Bounding Box Drawn
