INFO:root:2021-07-28-14--53--40 Parameter Generation Success
INFO:root:2021-07-28-14--53--40 Colour Conversion Completed
INFO:root:2021-07-28-14--53--40 Sleep Check Completed
INFO:root:2021-07-28-14--53--40 Frame manipulations completed
INFO:root:2021-07-28-14--53--40 Bounding Box Drawn
INFO:root:2021-07-28-14--53--46 MovingFrameQueue Appended
INFO:root:2021-07-28-14--53--46 anomallyFrameTracker resetted to 200
INFO:root:2021-07-28-14--53--46 Colour Conversion Completed
INFO:root:2021-07-28-14--53--46 Sleep Check Completed
INFO:root:2021-07-28-14--53--46 Frame manipulations completed
INFO:root:2021-07-28-14--53--46 Bounding Box Drawn
INFO:root:2021-07-28-14--53--46 MovingFrameQueue Appended
INFO:root:2021-07-28-14--53--46 anomallyFrameTracker resetted to 200
INFO:root:2021-07-28-14--53--46 Colour Conversion Completed
INFO:root:2021-07-28-14--53--46 Sleep Check Completed
INFO:root:2021-07-28-14--53--46 Frame manipulations completed
INFO:root:2021-07-28-14--53--46 Bounding Box Drawn
INFO:root:2021-07-28-14--53--46 MovingFrameQueue Appended
INFO:root:2021-07-28-14--53--46 anomallyFrameTracker resetted to 200
INFO:root:2021-07-28-14--53--46 Colour Conversion Completed
INFO:root:2021-07-28-14--53--46 Sleep Check Completed
INFO:root:2021-07-28-14--53--46 Frame manipulations completed
INFO:root:2021-07-28-14--53--46 Bounding Box Drawn
INFO:root:2021-07-28-14--53--46 MovingFrameQueue Appended
INFO:root:2021-07-28-14--53--46 anomallyFrameTracker resetted to 200
INFO:root:2021-07-28-14--53--46 Colour Conversion Completed
INFO:root:2021-07-28-14--53--46 Sleep Check Completed
INFO:root:2021-07-28-14--53--46 Frame manipulations completed
INFO:root:2021-07-28-14--53--46 Bounding Box Drawn
INFO:root:2021-07-28-14--53--46 MovingFrameQueue Appended
INFO:root:2021-07-28-14--53--46 anomallyFrameTracker resetted to 200
INFO:root:2021-07-28-14--53--46 Colour Conversion Completed
INFO:root:2021-07-28-14--53--46 Sleep Check Completed
INFO:root:2021-07-28-14--53--46 Frame manipulations completed
INFO:root:2021-07-28-14--53--46 Bounding Box Drawn
INFO:root:2021-07-28-14--53--47 MovingFrameQueue Appended
INFO:root:2021-07-28-14--53--47 anomallyFrameTracker resetted to 200
INFO:root:2021-07-28-14--53--47 Colour Conversion Completed
INFO:root:2021-07-28-14--53--47 Sleep Check Completed
INFO:root:2021-07-28-14--53--47 Frame manipulations completed
INFO:root:2021-07-28-14--53--47 Bounding Box Drawn
INFO:root:2021-07-28-14--53--47 MovingFrameQueue Appended
INFO:root:2021-07-28-14--53--47 anomallyFrameTracker resetted to 200
INFO:root:2021-07-28-14--53--47 Colour Conversion Completed
INFO:root:2021-07-28-14--53--47 Sleep Check Completed
INFO:root:2021-07-28-14--53--47 Frame manipulations completed
INFO:root:2021-07-28-14--53--47 Bounding Box Drawn
INFO:root:2021-07-28-14--53--47 MovingFrameQueue Appended
INFO:root:2021-07-28-14--53--47 anomallyFrameTracker resetted to 200
INFO:root:2021-07-28-14--53--47 Colour Conversion Completed
INFO:root:2021-07-28-14--53--47 Sleep Check Completed
INFO:root:2021-07-28-14--53--47 Frame manipulations completed
INFO:root:2021-07-28-14--53--47 Bounding Box Drawn
INFO:root:2021-07-28-14--53--47 MovingFrameQueue Appended
INFO:root:2021-07-28-14--53--47 anomallyFrameTracker resetted to 200
INFO:root:2021-07-28-14--53--47 Colour Conversion Completed
INFO:root:2021-07-28-14--53--47 Sleep Check Completed
INFO:root:2021-07-28-14--53--47 Frame manipulations completed
INFO:root:2021-07-28-14--53--47 Bounding Box Drawn
INFO:root:2021-07-28-14--53--48 MovingFrameQueue Appended
INFO:root:2021-07-28-14--53--48 anomallyFrameTracker resetted to 200
INFO:root:2021-07-28-14--53--48 Colour Conversion Completed
INFO:root:2021-07-28-14--53--48 Sleep Check Completed
INFO:root:2021-07-28-14--53--48 Frame manipulations completed
INFO:root:2021-07-28-14--53--48 Bounding Box Drawn
INFO:root:2021-07-28-14--53--48 MovingFrameQueue Appended
INFO:root:2021-07-28-14--53--48 anomallyFrameTracker resetted to 200
INFO:root:2021-07-28-14--53--48 Colour Conversion Completed
INFO:root:2021-07-28-14--53--48 Sleep Check Completed
INFO:root:2021-07-28-14--53--48 Frame manipulations completed
INFO:root:2021-07-28-14--53--48 Bounding Box Drawn
INFO:root:2021-07-28-14--53--48 MovingFrameQueue Appended
INFO:root:2021-07-28-14--53--48 anomallyFrameTracker resetted to 200
INFO:root:2021-07-28-14--53--48 Colour Conversion Completed
INFO:root:2021-07-28-14--53--48 Sleep Check Completed
INFO:root:2021-07-28-14--53--48 Frame manipulations completed
INFO:root:2021-07-28-14--53--48 Bounding Box Drawn
INFO:root:2021-07-28-14--53--48 MovingFrameQueue Appended
INFO:root:2021-07-28-14--53--48 anomallyFrameTracker resetted to 200
INFO:root:2021-07-28-14--53--48 Colour Conversion Completed
INFO:root:2021-07-28-14--53--48 Sleep Check Completed
INFO:root:2021-07-28-14--53--48 Frame manipulations completed
INFO:root:2021-07-28-14--53--48 Bounding Box Drawn
INFO:root:2021-07-28-14--53--49 MovingFrameQueue Appended
INFO:root:2021-07-28-14--53--49 anomallyFrameTracker resetted to 200
INFO:root:2021-07-28-14--53--49 Colour Conversion Completed
INFO:root:2021-07-28-14--53--49 Sleep Check Completed
INFO:root:2021-07-28-14--53--49 Frame manipulations completed
INFO:root:2021-07-28-14--53--49 Bounding Box Drawn
INFO:root:2021-07-28-14--53--49 MovingFrameQueue Appended
INFO:root:2021-07-28-14--53--49 anomallyFrameTracker resetted to 200
INFO:root:2021-07-28-14--53--49 Colour Conversion Completed
INFO:root:2021-07-28-14--53--49 Sleep Check Completed
INFO:root:2021-07-28-14--53--49 Frame manipulations completed
INFO:root:2021-07-28-14--53--49 Bounding Box Drawn
INFO:root:2021-07-28-14--53--49 MovingFrameQueue Appended
INFO:root:2021-07-28-14--53--49 anomallyFrameTracker resetted to 200
INFO:root:2021-07-28-14--53--49 Colour Conversion Completed
INFO:root:2021-07-28-14--53--49 Sleep Check Completed
INFO:root:2021-07-28-14--53--49 Frame manipulations completed
INFO:root:2021-07-28-14--53--49 Bounding Box Drawn
INFO:root:2021-07-28-14--53--49 MovingFrameQueue Appended
INFO:root:2021-07-28-14--53--49 anomallyFrameTracker resetted to 200
INFO:root:2021-07-28-14--53--49 Colour Conversion Completed
INFO:root:2021-07-28-14--53--49 Sleep Check Completed
INFO:root:2021-07-28-14--53--49 Frame manipulations completed
INFO:root:2021-07-28-14--53--49 Bounding Box Drawn
INFO:root:2021-07-28-14--53--50 MovingFrameQueue Appended
INFO:root:2021-07-28-14--53--50 anomallyFrameTracker resetted to 200
INFO:root:2021-07-28-14--53--50 Colour Conversion Completed
INFO:root:2021-07-28-14--53--50 Sleep Check Completed
INFO:root:2021-07-28-14--53--50 Frame manipulations completed
INFO:root:2021-07-28-14--53--50 Bounding Box Drawn
INFO:root:2021-07-28-14--53--50 MovingFrameQueue Appended
INFO:root:2021-07-28-14--53--50 anomallyFrameTracker resetted to 200
INFO:root:2021-07-28-14--53--50 Colour Conversion Completed
INFO:root:2021-07-28-14--53--50 Sleep Check Completed
INFO:root:2021-07-28-14--53--50 Frame manipulations completed
INFO:root:2021-07-28-14--53--50 Bounding Box Drawn
INFO:root:2021-07-28-14--53--50 MovingFrameQueue Appended
INFO:root:2021-07-28-14--53--50 anomallyFrameTracker resetted to 200
INFO:root:2021-07-28-14--53--50 Colour Conversion Completed
INFO:root:2021-07-28-14--53--50 Sleep Check Completed
INFO:root:2021-07-28-14--53--50 Frame manipulations completed
INFO:root:2021-07-28-14--53--50 Bounding Box Drawn
INFO:root:2021-07-28-14--53--50 MovingFrameQueue Appended
INFO:root:2021-07-28-14--53--50 anomallyFrameTracker resetted to 200
INFO:root:2021-07-28-14--53--50 Colour Conversion Completed
INFO:root:2021-07-28-14--53--50 Sleep Check Completed
INFO:root:2021-07-28-14--53--50 Frame manipulations completed
INFO:root:2021-07-28-14--53--50 Bounding Box Drawn
INFO:root:2021-07-28-14--53--50 MovingFrameQueue Appended
INFO:root:2021-07-28-14--53--50 anomallyFrameTracker resetted to 200
INFO:root:2021-07-28-14--53--50 Colour Conversion Completed
INFO:root:2021-07-28-14--53--50 Sleep Check Completed
INFO:root:2021-07-28-14--53--50 Frame manipulations completed
INFO:root:2021-07-28-14--53--50 Bounding Box Drawn
INFO:root:2021-07-28-14--53--50 MovingFrameQueue Appended
INFO:root:2021-07-28-14--53--50 anomallyFrameTracker resetted to 200
INFO:root:2021-07-28-14--53--50 Colour Conversion Completed
INFO:root:2021-07-28-14--53--50 Sleep Check Completed
INFO:root:2021-07-28-14--53--50 Frame manipulations completed
INFO:root:2021-07-28-14--53--50 Bounding Box Drawn
INFO:root:2021-07-28-14--53--50 MovingFrameQueue Appended
INFO:root:2021-07-28-14--53--50 anomallyFrameTracker resetted to 200
INFO:root:2021-07-28-14--53--50 Colour Conversion Completed
INFO:root:2021-07-28-14--53--50 Sleep Check Completed
INFO:root:2021-07-28-14--53--50 Frame manipulations completed
INFO:root:2021-07-28-14--53--50 Bounding Box Drawn
INFO:root:2021-07-28-14--53--50 MovingFrameQueue Appended
INFO:root:2021-07-28-14--53--50 anomallyFrameTracker resetted to 200
INFO:root:2021-07-28-14--53--50 Colour Conversion Completed
INFO:root:2021-07-28-14--53--50 Sleep Check Completed
INFO:root:2021-07-28-14--53--50 Frame manipulations completed
INFO:root:2021-07-28-14--53--50 Bounding Box Drawn
INFO:root:2021-07-28-14--53--50 MovingFrameQueue Appended
INFO:root:2021-07-28-14--53--50 anomallyFrameTracker resetted to 200
INFO:root:2021-07-28-14--53--50 Colour Conversion Completed
INFO:root:2021-07-28-14--53--50 Sleep Check Completed
INFO:root:2021-07-28-14--53--50 Frame manipulations completed
INFO:root:2021-07-28-14--53--50 Bounding Box Drawn
INFO:root:2021-07-28-14--53--51 MovingFrameQueue Appended
INFO:root:2021-07-28-14--53--51 anomallyFrameTracker resetted to 200
INFO:root:2021-07-28-14--53--51 Colour Conversion Completed
INFO:root:2021-07-28-14--53--51 Sleep Check Completed
INFO:root:2021-07-28-14--53--51 Frame manipulations completed
INFO:root:2021-07-28-14--53--51 Bounding Box Drawn
INFO:root:2021-07-28-14--53--51 MovingFrameQueue Appended
INFO:root:2021-07-28-14--53--51 anomallyFrameTracker resetted to 200
INFO:root:2021-07-28-14--53--51 Colour Conversion Completed
INFO:root:2021-07-28-14--53--51 Sleep Check Completed
INFO:root:2021-07-28-14--53--51 Frame manipulations completed
INFO:root:2021-07-28-14--53--51 Bounding Box Drawn
INFO:root:2021-07-28-14--53--51 MovingFrameQueue Appended
INFO:root:2021-07-28-14--53--51 anomallyFrameTracker resetted to 200
INFO:root:2021-07-28-14--53--51 Colour Conversion Completed
INFO:root:2021-07-28-14--53--51 Sleep Check Completed
INFO:root:2021-07-28-14--53--51 Frame manipulations completed
INFO:root:2021-07-28-14--53--51 Bounding Box Drawn
INFO:root:2021-07-28-14--53--51 MovingFrameQueue Appended
INFO:root:2021-07-28-14--53--51 anomallyFrameTracker resetted to 200
INFO:root:2021-07-28-14--53--51 Colour Conversion Completed
INFO:root:2021-07-28-14--53--51 Sleep Check Completed
INFO:root:2021-07-28-14--53--51 Frame manipulations completed
INFO:root:2021-07-28-14--53--51 Bounding Box Drawn
INFO:root:2021-07-28-14--53--51 MovingFrameQueue Appended
INFO:root:2021-07-28-14--53--51 anomallyFrameTracker resetted to 200
INFO:root:2021-07-28-14--53--51 Colour Conversion Completed
INFO:root:2021-07-28-14--53--51 Sleep Check Completed
INFO:root:2021-07-28-14--53--51 Frame manipulations completed
INFO:root:2021-07-28-14--53--51 Bounding Box Drawn
INFO:root:2021-07-28-14--53--51 MovingFrameQueue Appended
INFO:root:2021-07-28-14--53--51 anomallyFrameTracker resetted to 200
INFO:root:2021-07-28-14--53--51 Colour Conversion Completed
INFO:root:2021-07-28-14--53--51 Sleep Check Completed
INFO:root:2021-07-28-14--53--51 Frame manipulations completed
INFO:root:2021-07-28-14--53--51 Bounding Box Drawn
INFO:root:2021-07-28-14--53--52 MovingFrameQueue Appended
INFO:root:2021-07-28-14--53--52 anomallyFrameTracker resetted to 200
INFO:root:2021-07-28-14--53--52 Colour Conversion Completed
INFO:root:2021-07-28-14--53--52 Sleep Check Completed
INFO:root:2021-07-28-14--53--52 Frame manipulations completed
INFO:root:2021-07-28-14--53--52 Bounding Box Drawn
INFO:root:2021-07-28-14--53--52 MovingFrameQueue Appended
INFO:root:2021-07-28-14--53--52 anomallyFrameTracker resetted to 200
INFO:root:2021-07-28-14--53--52 Colour Conversion Completed
INFO:root:2021-07-28-14--53--52 Sleep Check Completed
INFO:root:2021-07-28-14--53--52 Frame manipulations completed
INFO:root:2021-07-28-14--53--52 Bounding Box Drawn
INFO:root:2021-07-28-14--53--52 MovingFrameQueue Appended
INFO:root:2021-07-28-14--53--52 anomallyFrameTracker resetted to 200
INFO:root:2021-07-28-14--53--52 Colour Conversion Completed
INFO:root:2021-07-28-14--53--52 Sleep Check Completed
INFO:root:2021-07-28-14--53--52 Frame manipulations completed
INFO:root:2021-07-28-14--53--52 Bounding Box Drawn
INFO:root:2021-07-28-14--53--52 MovingFrameQueue Appended
INFO:root:2021-07-28-14--53--52 anomallyFrameTracker resetted to 200
INFO:root:2021-07-28-14--53--52 Colour Conversion Completed
INFO:root:2021-07-28-14--53--52 Sleep Check Completed
INFO:root:2021-07-28-14--53--52 Frame manipulations completed
INFO:root:2021-07-28-14--53--52 Bounding Box Drawn
INFO:root:2021-07-28-14--53--52 MovingFrameQueue Appended
INFO:root:2021-07-28-14--53--52 anomallyFrameTracker resetted to 200
INFO:root:2021-07-28-14--53--52 Colour Conversion Completed
INFO:root:2021-07-28-14--53--52 Sleep Check Completed
INFO:root:2021-07-28-14--53--52 Frame manipulations completed
INFO:root:2021-07-28-14--53--52 Bounding Box Drawn
INFO:root:2021-07-28-14--53--53 MovingFrameQueue Appended
INFO:root:2021-07-28-14--53--53 anomallyFrameTracker resetted to 200
INFO:root:2021-07-28-14--53--53 Colour Conversion Completed
INFO:root:2021-07-28-14--53--53 Sleep Check Completed
INFO:root:2021-07-28-14--53--53 Frame manipulations completed
INFO:root:2021-07-28-14--53--53 Bounding Box Drawn
INFO:root:2021-07-28-14--53--53 MovingFrameQueue Appended
INFO:root:2021-07-28-14--53--53 anomallyFrameTracker resetted to 200
INFO:root:2021-07-28-14--53--53 Colour Conversion Completed
INFO:root:2021-07-28-14--53--53 Sleep Check Completed
INFO:root:2021-07-28-14--53--53 Frame manipulations completed
INFO:root:2021-07-28-14--53--53 Bounding Box Drawn
INFO:root:2021-07-28-14--53--53 MovingFrameQueue Appended
INFO:root:2021-07-28-14--53--53 anomallyFrameTracker resetted to 200
INFO:root:2021-07-28-14--53--53 Colour Conversion Completed
INFO:root:2021-07-28-14--53--53 Sleep Check Completed
INFO:root:2021-07-28-14--53--53 Frame manipulations completed
INFO:root:2021-07-28-14--53--53 Bounding Box Drawn
INFO:root:2021-07-28-14--53--53 MovingFrameQueue Appended
INFO:root:2021-07-28-14--53--53 anomallyFrameTracker resetted to 200
INFO:root:2021-07-28-14--53--53 Colour Conversion Completed
INFO:root:2021-07-28-14--53--53 Sleep Check Completed
INFO:root:2021-07-28-14--53--53 Frame manipulations completed
INFO:root:2021-07-28-14--53--53 Bounding Box Drawn
INFO:root:2021-07-28-14--53--53 MovingFrameQueue Appended
INFO:root:2021-07-28-14--53--53 anomallyFrameTracker resetted to 200
INFO:root:2021-07-28-14--53--53 Colour Conversion Completed
INFO:root:2021-07-28-14--53--53 Sleep Check Completed
INFO:root:2021-07-28-14--53--53 Frame manipulations completed
INFO:root:2021-07-28-14--53--53 Bounding Box Drawn
INFO:root:2021-07-28-14--53--54 MovingFrameQueue Appended
INFO:root:2021-07-28-14--53--54 anomallyFrameTracker resetted to 200
INFO:root:2021-07-28-14--53--54 Colour Conversion Completed
INFO:root:2021-07-28-14--53--54 Sleep Check Completed
INFO:root:2021-07-28-14--53--54 Frame manipulations completed
INFO:root:2021-07-28-14--53--54 Bounding Box Drawn
INFO:root:2021-07-28-14--53--54 MovingFrameQueue Appended
INFO:root:2021-07-28-14--53--54 anomallyFrameTracker resetted to 200
INFO:root:2021-07-28-14--53--54 Colour Conversion Completed
INFO:root:2021-07-28-14--53--54 Sleep Check Completed
INFO:root:2021-07-28-14--53--54 Frame manipulations completed
INFO:root:2021-07-28-14--53--54 Bounding Box Drawn
INFO:root:2021-07-28-14--53--54 MovingFrameQueue Appended
INFO:root:2021-07-28-14--53--54 anomallyFrameTracker resetted to 200
INFO:root:2021-07-28-14--53--54 Colour Conversion Completed
INFO:root:2021-07-28-14--53--54 Sleep Check Completed
INFO:root:2021-07-28-14--53--54 Frame manipulations completed
INFO:root:2021-07-28-14--53--54 Bounding Box Drawn
INFO:root:2021-07-28-14--53--54 MovingFrameQueue Appended
INFO:root:2021-07-28-14--53--54 anomallyFrameTracker resetted to 200
INFO:root:2021-07-28-14--53--54 Colour Conversion Completed
INFO:root:2021-07-28-14--53--54 Sleep Check Completed
INFO:root:2021-07-28-14--53--54 Frame manipulations completed
INFO:root:2021-07-28-14--53--54 Bounding Box Drawn
INFO:root:2021-07-28-14--53--54 MovingFrameQueue Appended
INFO:root:2021-07-28-14--53--54 anomallyFrameTracker resetted to 200
INFO:root:2021-07-28-14--53--54 Colour Conversion Completed
INFO:root:2021-07-28-14--53--54 Sleep Check Completed
INFO:root:2021-07-28-14--53--54 Frame manipulations completed
INFO:root:2021-07-28-14--53--54 Bounding Box Drawn
INFO:root:2021-07-28-14--53--55 MovingFrameQueue Appended
INFO:root:2021-07-28-14--53--55 anomallyFrameTracker resetted to 200
INFO:root:2021-07-28-14--53--55 Colour Conversion Completed
INFO:root:2021-07-28-14--53--55 Sleep Check Completed
INFO:root:2021-07-28-14--53--55 Frame manipulations completed
INFO:root:2021-07-28-14--53--55 Bounding Box Drawn
INFO:root:2021-07-28-14--53--55 MovingFrameQueue Appended
INFO:root:2021-07-28-14--53--55 anomallyFrameTracker resetted to 200
INFO:root:2021-07-28-14--53--55 Colour Conversion Completed
INFO:root:2021-07-28-14--53--55 Sleep Check Completed
INFO:root:2021-07-28-14--53--55 Frame manipulations completed
INFO:root:2021-07-28-14--53--55 Bounding Box Drawn
INFO:root:2021-07-28-14--53--55 MovingFrameQueue Appended
INFO:root:2021-07-28-14--53--55 anomallyFrameTracker resetted to 200
INFO:root:2021-07-28-14--53--55 Colour Conversion Completed
INFO:root:2021-07-28-14--53--55 Sleep Check Completed
INFO:root:2021-07-28-14--53--55 Frame manipulations completed
INFO:root:2021-07-28-14--53--55 Bounding Box Drawn
INFO:root:2021-07-28-14--53--55 MovingFrameQueue Appended
INFO:root:2021-07-28-14--53--55 anomallyFrameTracker resetted to 200
INFO:root:2021-07-28-14--53--55 Colour Conversion Completed
INFO:root:2021-07-28-14--53--55 Sleep Check Completed
INFO:root:2021-07-28-14--53--55 Frame manipulations completed
INFO:root:2021-07-28-14--53--55 Bounding Box Drawn
INFO:root:2021-07-28-14--53--55 MovingFrameQueue Popped
INFO:root:2021-07-28-14--53--55 anomallyFrameTracker resetted to 200
INFO:root:2021-07-28-14--53--55 Colour Conversion Completed
INFO:root:2021-07-28-14--53--56 Sleep Check Completed
INFO:root:2021-07-28-14--53--56 Frame manipulations completed
INFO:root:2021-07-28-14--53--56 Bounding Box Drawn
INFO:root:2021-07-28-14--53--56 MovingFrameQueue Appended
INFO:root:2021-07-28-14--53--56 anomallyFrameTracker resetted to 200
INFO:root:2021-07-28-14--53--56 Colour Conversion Completed
INFO:root:2021-07-28-14--53--56 Sleep Check Completed
INFO:root:2021-07-28-14--53--56 Frame manipulations completed
INFO:root:2021-07-28-14--53--56 Bounding Box Drawn
INFO:root:2021-07-28-14--53--56 MovingFrameQueue Popped
INFO:root:2021-07-28-14--53--56 anomallyFrameTracker resetted to 200
INFO:root:2021-07-28-14--53--56 Colour Conversion Completed
INFO:root:2021-07-28-14--53--56 Sleep Check Completed
INFO:root:2021-07-28-14--53--56 Frame manipulations completed
INFO:root:2021-07-28-14--53--56 Bounding Box Drawn
INFO:root:2021-07-28-14--53--56 MovingFrameQueue Appended
INFO:root:2021-07-28-14--53--56 anomallyFrameTracker resetted to 200
INFO:root:2021-07-28-14--53--56 Colour Conversion Completed
INFO:root:2021-07-28-14--53--56 Sleep Check Completed
INFO:root:2021-07-28-14--53--56 Frame manipulations completed
INFO:root:2021-07-28-14--53--56 Bounding Box Drawn
INFO:root:2021-07-28-14--53--56 MovingFrameQueue Popped
INFO:root:2021-07-28-14--53--56 anomallyFrameTracker resetted to 200
INFO:root:2021-07-28-14--53--56 Colour Conversion Completed
INFO:root:2021-07-28-14--53--56 Sleep Check Completed
INFO:root:2021-07-28-14--53--56 Frame manipulations completed
INFO:root:2021-07-28-14--53--56 Bounding Box Drawn
INFO:root:2021-07-28-14--53--57 MovingFrameQueue Appended
INFO:root:2021-07-28-14--53--57 anomallyFrameTracker resetted to 200
INFO:root:2021-07-28-14--53--57 Colour Conversion Completed
INFO:root:2021-07-28-14--53--57 Sleep Check Completed
INFO:root:2021-07-28-14--53--57 Frame manipulations completed
INFO:root:2021-07-28-14--53--57 Bounding Box Drawn
INFO:root:2021-07-28-14--53--57 MovingFrameQueue Popped
INFO:root:2021-07-28-14--53--57 anomallyFrameTracker resetted to 200
INFO:root:2021-07-28-14--53--57 Colour Conversion Completed
INFO:root:2021-07-28-14--53--57 Sleep Check Completed
INFO:root:2021-07-28-14--53--57 Frame manipulations completed
INFO:root:2021-07-28-14--53--57 Bounding Box Drawn
INFO:root:2021-07-28-14--53--57 MovingFrameQueue Appended
INFO:root:2021-07-28-14--53--57 anomallyFrameTracker resetted to 200
INFO:root:2021-07-28-14--53--57 Colour Conversion Completed
INFO:root:2021-07-28-14--53--57 Sleep Check Completed
INFO:root:2021-07-28-14--53--57 Frame manipulations completed
INFO:root:2021-07-28-14--53--57 Bounding Box Drawn
INFO:root:2021-07-28-14--53--57 MovingFrameQueue Popped
INFO:root:2021-07-28-14--53--57 anomallyFrameTracker resetted to 200
INFO:root:2021-07-28-14--53--57 Colour Conversion Completed
INFO:root:2021-07-28-14--53--57 Sleep Check Completed
INFO:root:2021-07-28-14--53--57 Frame manipulations completed
INFO:root:2021-07-28-14--53--57 Bounding Box Drawn
INFO:root:2021-07-28-14--53--58 MovingFrameQueue Appended
INFO:root:2021-07-28-14--53--58 anomallyFrameTracker resetted to 200
INFO:root:2021-07-28-14--53--58 Colour Conversion Completed
INFO:root:2021-07-28-14--53--58 Sleep Check Completed
INFO:root:2021-07-28-14--53--58 Frame manipulations completed
INFO:root:2021-07-28-14--53--58 Bounding Box Drawn
INFO:root:2021-07-28-14--53--58 MovingFrameQueue Popped
INFO:root:2021-07-28-14--53--58 anomallyFrameTracker resetted to 200
INFO:root:2021-07-28-14--53--58 Colour Conversion Completed
INFO:root:2021-07-28-14--53--58 Sleep Check Completed
INFO:root:2021-07-28-14--53--58 Frame manipulations completed
INFO:root:2021-07-28-14--53--58 Bounding Box Drawn
INFO:root:2021-07-28-14--53--58 MovingFrameQueue Appended
INFO:root:2021-07-28-14--53--58 anomallyFrameTracker resetted to 200
INFO:root:2021-07-28-14--53--58 Colour Conversion Completed
INFO:root:2021-07-28-14--53--58 Sleep Check Completed
INFO:root:2021-07-28-14--53--58 Frame manipulations completed
INFO:root:2021-07-28-14--53--58 Bounding Box Drawn
INFO:root:2021-07-28-14--53--58[INFO] elapsed time: 18.03
INFO:root:2021-07-28-14--53--58[INFO] approx. FPS: 3.49
