INFO:root:2021-07-26-14--53--52 Parameter Generation Success
INFO:root:2021-07-26-14--53--52 Colour Conversion Completed
INFO:root:2021-07-26-14--53--52 Sleep Check Completed
INFO:root:2021-07-26-14--53--52 Frame manipulations completed
INFO:root:2021-07-26-14--53--52 Bounding Box Drawn
INFO:root:2021-07-26-14--53--57 MovingFrameQueue Appended
INFO:root:2021-07-26-14--53--57 anomallyFrameTracker resetted to 200
INFO:root:2021-07-26-14--53--57 Colour Conversion Completed
INFO:root:2021-07-26-14--53--57 Sleep Check Completed
INFO:root:2021-07-26-14--53--57 Frame manipulations completed
INFO:root:2021-07-26-14--53--57 Bounding Box Drawn
INFO:root:2021-07-26-14--53--57 MovingFrameQueue Appended
INFO:root:2021-07-26-14--53--57 anomallyFrameTracker resetted to 200
INFO:root:2021-07-26-14--53--57 Colour Conversion Completed
INFO:root:2021-07-26-14--53--57 Sleep Check Completed
INFO:root:2021-07-26-14--53--57 Frame manipulations completed
INFO:root:2021-07-26-14--53--57 Bounding Box Drawn
INFO:root:2021-07-26-14--53--57 MovingFrameQueue Appended
INFO:root:2021-07-26-14--53--57 anomallyFrameTracker resetted to 200
INFO:root:2021-07-26-14--53--57 Colour Conversion Completed
INFO:root:2021-07-26-14--53--57 Sleep Check Completed
INFO:root:2021-07-26-14--53--57 Frame manipulations completed
INFO:root:2021-07-26-14--53--57 Bounding Box Drawn
INFO:root:2021-07-26-14--53--57 MovingFrameQueue Appended
INFO:root:2021-07-26-14--53--57 anomallyFrameTracker resetted to 200
INFO:root:2021-07-26-14--53--57 Colour Conversion Completed
INFO:root:2021-07-26-14--53--57 Sleep Check Completed
INFO:root:2021-07-26-14--53--57 Frame manipulations completed
INFO:root:2021-07-26-14--53--57 Bounding Box Drawn
INFO:root:2021-07-26-14--53--57 MovingFrameQueue Appended
INFO:root:2021-07-26-14--53--57 anomallyFrameTracker resetted to 200
INFO:root:2021-07-26-14--53--57 Colour Conversion Completed
INFO:root:2021-07-26-14--53--57 Sleep Check Completed
INFO:root:2021-07-26-14--53--57 Frame manipulations completed
INFO:root:2021-07-26-14--53--57 Bounding Box Drawn
INFO:root:2021-07-26-14--53--57 MovingFrameQueue Appended
INFO:root:2021-07-26-14--53--57 anomallyFrameTracker resetted to 200
INFO:root:2021-07-26-14--53--57 Colour Conversion Completed
INFO:root:2021-07-26-14--53--57 Sleep Check Completed
INFO:root:2021-07-26-14--53--57 Frame manipulations completed
INFO:root:2021-07-26-14--53--57 Bounding Box Drawn
INFO:root:2021-07-26-14--53--57 MovingFrameQueue Appended
INFO:root:2021-07-26-14--53--57 anomallyFrameTracker resetted to 200
INFO:root:2021-07-26-14--53--57 Colour Conversion Completed
INFO:root:2021-07-26-14--53--58 Sleep Check Completed
INFO:root:2021-07-26-14--53--58 Frame manipulations completed
INFO:root:2021-07-26-14--53--58 Bounding Box Drawn
INFO:root:2021-07-26-14--53--58 MovingFrameQueue Appended
INFO:root:2021-07-26-14--53--58 anomallyFrameTracker resetted to 200
INFO:root:2021-07-26-14--53--58 Colour Conversion Completed
INFO:root:2021-07-26-14--53--58 Sleep Check Completed
INFO:root:2021-07-26-14--53--58 Frame manipulations completed
INFO:root:2021-07-26-14--53--58 Bounding Box Drawn
INFO:root:2021-07-26-14--53--58 MovingFrameQueue Appended
INFO:root:2021-07-26-14--53--58 anomallyFrameTracker resetted to 200
INFO:root:2021-07-26-14--53--58 Colour Conversion Completed
INFO:root:2021-07-26-14--53--58 Sleep Check Completed
INFO:root:2021-07-26-14--53--58 Frame manipulations completed
INFO:root:2021-07-26-14--53--58 Bounding Box Drawn
INFO:root:2021-07-26-14--53--58 MovingFrameQueue Appended
INFO:root:2021-07-26-14--53--58 anomallyFrameTracker resetted to 200
INFO:root:2021-07-26-14--53--58 Colour Conversion Completed
INFO:root:2021-07-26-14--53--58 Sleep Check Completed
INFO:root:2021-07-26-14--53--58 Frame manipulations completed
INFO:root:2021-07-26-14--53--58 Bounding Box Drawn
INFO:root:2021-07-26-14--53--58 MovingFrameQueue Appended
INFO:root:2021-07-26-14--53--58 anomallyFrameTracker resetted to 200
INFO:root:2021-07-26-14--53--58 Colour Conversion Completed
INFO:root:2021-07-26-14--53--58 Sleep Check Completed
INFO:root:2021-07-26-14--53--58 Frame manipulations completed
INFO:root:2021-07-26-14--53--58 Bounding Box Drawn
INFO:root:2021-07-26-14--53--58 MovingFrameQueue Appended
INFO:root:2021-07-26-14--53--58 anomallyFrameTracker resetted to 200
INFO:root:2021-07-26-14--53--58 Colour Conversion Completed
INFO:root:2021-07-26-14--53--58 Sleep Check Completed
INFO:root:2021-07-26-14--53--58 Frame manipulations completed
INFO:root:2021-07-26-14--53--58 Bounding Box Drawn
INFO:root:2021-07-26-14--53--59 MovingFrameQueue Appended
INFO:root:2021-07-26-14--53--59 anomallyFrameTracker resetted to 200
INFO:root:2021-07-26-14--53--59 Colour Conversion Completed
INFO:root:2021-07-26-14--53--59 Sleep Check Completed
INFO:root:2021-07-26-14--53--59 Frame manipulations completed
INFO:root:2021-07-26-14--53--59 Bounding Box Drawn
INFO:root:2021-07-26-14--53--59 MovingFrameQueue Appended
INFO:root:2021-07-26-14--53--59 anomallyFrameTracker resetted to 200
INFO:root:2021-07-26-14--53--59 Colour Conversion Completed
INFO:root:2021-07-26-14--53--59 Sleep Check Completed
INFO:root:2021-07-26-14--53--59 Frame manipulations completed
INFO:root:2021-07-26-14--53--59 Bounding Box Drawn
INFO:root:2021-07-26-14--53--59 MovingFrameQueue Appended
INFO:root:2021-07-26-14--53--59 anomallyFrameTracker resetted to 200
INFO:root:2021-07-26-14--53--59 Colour Conversion Completed
INFO:root:2021-07-26-14--53--59 Sleep Check Completed
INFO:root:2021-07-26-14--53--59 Frame manipulations completed
INFO:root:2021-07-26-14--53--59 Bounding Box Drawn
INFO:root:2021-07-26-14--53--59 MovingFrameQueue Appended
INFO:root:2021-07-26-14--53--59 anomallyFrameTracker resetted to 200
INFO:root:2021-07-26-14--53--59 Colour Conversion Completed
INFO:root:2021-07-26-14--53--59 Sleep Check Completed
INFO:root:2021-07-26-14--53--59 Frame manipulations completed
INFO:root:2021-07-26-14--53--59 Bounding Box Drawn
INFO:root:2021-07-26-14--53--59 MovingFrameQueue Appended
INFO:root:2021-07-26-14--53--59 anomallyFrameTracker resetted to 200
INFO:root:2021-07-26-14--53--59 Colour Conversion Completed
INFO:root:2021-07-26-14--53--59 Sleep Check Completed
INFO:root:2021-07-26-14--53--59 Frame manipulations completed
INFO:root:2021-07-26-14--53--59 Bounding Box Drawn
INFO:root:2021-07-26-14--53--59 MovingFrameQueue Appended
INFO:root:2021-07-26-14--53--59 anomallyFrameTracker resetted to 200
INFO:root:2021-07-26-14--53--59 Colour Conversion Completed
INFO:root:2021-07-26-14--53--59 Sleep Check Completed
INFO:root:2021-07-26-14--53--59 Frame manipulations completed
INFO:root:2021-07-26-14--53--59 Bounding Box Drawn
INFO:root:2021-07-26-14--54--00 MovingFrameQueue Appended
INFO:root:2021-07-26-14--54--00 anomallyFrameTracker resetted to 200
INFO:root:2021-07-26-14--54--00 Colour Conversion Completed
INFO:root:2021-07-26-14--54--00 Sleep Check Completed
INFO:root:2021-07-26-14--54--00 Frame manipulations completed
INFO:root:2021-07-26-14--54--00 Bounding Box Drawn
INFO:root:2021-07-26-14--54--00 MovingFrameQueue Appended
INFO:root:2021-07-26-14--54--00 anomallyFrameTracker resetted to 200
INFO:root:2021-07-26-14--54--00 Colour Conversion Completed
INFO:root:2021-07-26-14--54--00 Sleep Check Completed
INFO:root:2021-07-26-14--54--00 Frame manipulations completed
INFO:root:2021-07-26-14--54--00 Bounding Box Drawn
INFO:root:2021-07-26-14--54--00 MovingFrameQueue Appended
INFO:root:2021-07-26-14--54--00 anomallyFrameTracker resetted to 200
INFO:root:2021-07-26-14--54--00 Colour Conversion Completed
INFO:root:2021-07-26-14--54--00 Sleep Check Completed
INFO:root:2021-07-26-14--54--00 Frame manipulations completed
INFO:root:2021-07-26-14--54--00 Bounding Box Drawn
INFO:root:2021-07-26-14--54--00 MovingFrameQueue Appended
INFO:root:2021-07-26-14--54--00 anomallyFrameTracker resetted to 200
INFO:root:2021-07-26-14--54--00 Colour Conversion Completed
INFO:root:2021-07-26-14--54--00 Sleep Check Completed
INFO:root:2021-07-26-14--54--00 Frame manipulations completed
INFO:root:2021-07-26-14--54--00 Bounding Box Drawn
INFO:root:2021-07-26-14--54--00 MovingFrameQueue Appended
INFO:root:2021-07-26-14--54--00 anomallyFrameTracker resetted to 200
INFO:root:2021-07-26-14--54--00 Colour Conversion Completed
INFO:root:2021-07-26-14--54--00 Sleep Check Completed
INFO:root:2021-07-26-14--54--00 Frame manipulations completed
INFO:root:2021-07-26-14--54--00 Bounding Box Drawn
INFO:root:2021-07-26-14--54--00 MovingFrameQueue Appended
INFO:root:2021-07-26-14--54--00 anomallyFrameTracker resetted to 200
INFO:root:2021-07-26-14--54--00 Colour Conversion Completed
INFO:root:2021-07-26-14--54--00 Sleep Check Completed
INFO:root:2021-07-26-14--54--00 Frame manipulations completed
INFO:root:2021-07-26-14--54--00 Bounding Box Drawn
INFO:root:2021-07-26-14--54--01 MovingFrameQueue Appended
INFO:root:2021-07-26-14--54--01 anomallyFrameTracker resetted to 200
INFO:root:2021-07-26-14--54--01 Colour Conversion Completed
INFO:root:2021-07-26-14--54--01 Sleep Check Completed
INFO:root:2021-07-26-14--54--01 Frame manipulations completed
INFO:root:2021-07-26-14--54--01 Bounding Box Drawn
INFO:root:2021-07-26-14--54--01 MovingFrameQueue Appended
INFO:root:2021-07-26-14--54--01 anomallyFrameTracker resetted to 200
INFO:root:2021-07-26-14--54--01 Colour Conversion Completed
INFO:root:2021-07-26-14--54--01 Sleep Check Completed
INFO:root:2021-07-26-14--54--01 Frame manipulations completed
INFO:root:2021-07-26-14--54--01 Bounding Box Drawn
INFO:root:2021-07-26-14--54--01 MovingFrameQueue Appended
INFO:root:2021-07-26-14--54--01 anomallyFrameTracker resetted to 200
INFO:root:2021-07-26-14--54--01 Colour Conversion Completed
INFO:root:2021-07-26-14--54--01 Sleep Check Completed
INFO:root:2021-07-26-14--54--01 Frame manipulations completed
INFO:root:2021-07-26-14--54--01 Bounding Box Drawn
INFO:root:2021-07-26-14--54--01 MovingFrameQueue Appended
INFO:root:2021-07-26-14--54--01 anomallyFrameTracker resetted to 200
INFO:root:2021-07-26-14--54--01 Colour Conversion Completed
INFO:root:2021-07-26-14--54--01 Sleep Check Completed
INFO:root:2021-07-26-14--54--01 Frame manipulations completed
INFO:root:2021-07-26-14--54--01 Bounding Box Drawn
INFO:root:2021-07-26-14--54--01 MovingFrameQueue Appended
INFO:root:2021-07-26-14--54--01 anomallyFrameTracker resetted to 200
INFO:root:2021-07-26-14--54--01 Colour Conversion Completed
INFO:root:2021-07-26-14--54--01 Sleep Check Completed
INFO:root:2021-07-26-14--54--01 Frame manipulations completed
INFO:root:2021-07-26-14--54--01 Bounding Box Drawn
INFO:root:2021-07-26-14--54--01 MovingFrameQueue Appended
INFO:root:2021-07-26-14--54--01 anomallyFrameTracker resetted to 200
INFO:root:2021-07-26-14--54--01 Colour Conversion Completed
INFO:root:2021-07-26-14--54--01 Sleep Check Completed
INFO:root:2021-07-26-14--54--01 Frame manipulations completed
INFO:root:2021-07-26-14--54--01 Bounding Box Drawn
INFO:root:2021-07-26-14--54--01 MovingFrameQueue Appended
INFO:root:2021-07-26-14--54--01 anomallyFrameTracker resetted to 200
INFO:root:2021-07-26-14--54--01 Colour Conversion Completed
INFO:root:2021-07-26-14--54--01 Sleep Check Completed
INFO:root:2021-07-26-14--54--01 Frame manipulations completed
INFO:root:2021-07-26-14--54--01 Bounding Box Drawn
INFO:root:2021-07-26-14--54--02 MovingFrameQueue Appended
INFO:root:2021-07-26-14--54--02 anomallyFrameTracker resetted to 200
INFO:root:2021-07-26-14--54--02 Colour Conversion Completed
INFO:root:2021-07-26-14--54--02 Sleep Check Completed
INFO:root:2021-07-26-14--54--02 Frame manipulations completed
INFO:root:2021-07-26-14--54--02 Bounding Box Drawn
INFO:root:2021-07-26-14--54--02 MovingFrameQueue Appended
INFO:root:2021-07-26-14--54--02 anomallyFrameTracker resetted to 200
INFO:root:2021-07-26-14--54--02 Colour Conversion Completed
INFO:root:2021-07-26-14--54--02 Sleep Check Completed
INFO:root:2021-07-26-14--54--02 Frame manipulations completed
INFO:root:2021-07-26-14--54--02 Bounding Box Drawn
INFO:root:2021-07-26-14--54--02 MovingFrameQueue Appended
INFO:root:2021-07-26-14--54--02 anomallyFrameTracker resetted to 200
INFO:root:2021-07-26-14--54--02 Colour Conversion Completed
INFO:root:2021-07-26-14--54--02 Sleep Check Completed
INFO:root:2021-07-26-14--54--02 Frame manipulations completed
INFO:root:2021-07-26-14--54--02 Bounding Box Drawn
INFO:root:2021-07-26-14--54--02 MovingFrameQueue Appended
INFO:root:2021-07-26-14--54--02 anomallyFrameTracker resetted to 200
INFO:root:2021-07-26-14--54--02 Colour Conversion Completed
INFO:root:2021-07-26-14--54--02 Sleep Check Completed
INFO:root:2021-07-26-14--54--02 Frame manipulations completed
INFO:root:2021-07-26-14--54--02 Bounding Box Drawn
INFO:root:2021-07-26-14--54--02 MovingFrameQueue Appended
INFO:root:2021-07-26-14--54--02 anomallyFrameTracker resetted to 200
INFO:root:2021-07-26-14--54--02 Colour Conversion Completed
INFO:root:2021-07-26-14--54--02 Sleep Check Completed
INFO:root:2021-07-26-14--54--02 Frame manipulations completed
INFO:root:2021-07-26-14--54--02 Bounding Box Drawn
INFO:root:2021-07-26-14--54--02 MovingFrameQueue Appended
INFO:root:2021-07-26-14--54--02 anomallyFrameTracker resetted to 200
INFO:root:2021-07-26-14--54--02 Colour Conversion Completed
INFO:root:2021-07-26-14--54--02 Sleep Check Completed
INFO:root:2021-07-26-14--54--02 Frame manipulations completed
INFO:root:2021-07-26-14--54--02 Bounding Box Drawn
INFO:root:2021-07-26-14--54--03 MovingFrameQueue Appended
INFO:root:2021-07-26-14--54--03 anomallyFrameTracker resetted to 200
INFO:root:2021-07-26-14--54--03 Colour Conversion Completed
INFO:root:2021-07-26-14--54--03 Sleep Check Completed
INFO:root:2021-07-26-14--54--03 Frame manipulations completed
INFO:root:2021-07-26-14--54--03 Bounding Box Drawn
INFO:root:2021-07-26-14--54--03 MovingFrameQueue Appended
INFO:root:2021-07-26-14--54--03 anomallyFrameTracker resetted to 200
INFO:root:2021-07-26-14--54--03 Colour Conversion Completed
INFO:root:2021-07-26-14--54--03 Sleep Check Completed
INFO:root:2021-07-26-14--54--03 Frame manipulations completed
INFO:root:2021-07-26-14--54--03 Bounding Box Drawn
INFO:root:2021-07-26-14--54--03 MovingFrameQueue Appended
INFO:root:2021-07-26-14--54--03 anomallyFrameTracker resetted to 200
INFO:root:2021-07-26-14--54--03 Colour Conversion Completed
INFO:root:2021-07-26-14--54--03 Sleep Check Completed
INFO:root:2021-07-26-14--54--03 Frame manipulations completed
INFO:root:2021-07-26-14--54--03 Bounding Box Drawn
INFO:root:2021-07-26-14--54--03 MovingFrameQueue Appended
INFO:root:2021-07-26-14--54--03 anomallyFrameTracker resetted to 200
INFO:root:2021-07-26-14--54--03 Colour Conversion Completed
INFO:root:2021-07-26-14--54--03 Sleep Check Completed
INFO:root:2021-07-26-14--54--03 Frame manipulations completed
INFO:root:2021-07-26-14--54--03 Bounding Box Drawn
INFO:root:2021-07-26-14--54--03 MovingFrameQueue Appended
INFO:root:2021-07-26-14--54--03 anomallyFrameTracker resetted to 200
INFO:root:2021-07-26-14--54--03 Colour Conversion Completed
INFO:root:2021-07-26-14--54--03 Sleep Check Completed
INFO:root:2021-07-26-14--54--03 Frame manipulations completed
INFO:root:2021-07-26-14--54--03 Bounding Box Drawn
INFO:root:2021-07-26-14--54--03 MovingFrameQueue Appended
INFO:root:2021-07-26-14--54--03 anomallyFrameTracker resetted to 200
INFO:root:2021-07-26-14--54--03 Colour Conversion Completed
INFO:root:2021-07-26-14--54--03 Sleep Check Completed
INFO:root:2021-07-26-14--54--03 Frame manipulations completed
INFO:root:2021-07-26-14--54--03 Bounding Box Drawn
INFO:root:2021-07-26-14--54--04 MovingFrameQueue Appended
INFO:root:2021-07-26-14--54--04 anomallyFrameTracker resetted to 200
INFO:root:2021-07-26-14--54--04 Colour Conversion Completed
INFO:root:2021-07-26-14--54--04 Sleep Check Completed
INFO:root:2021-07-26-14--54--04 Frame manipulations completed
INFO:root:2021-07-26-14--54--04 Bounding Box Drawn
INFO:root:2021-07-26-14--54--04 MovingFrameQueue Appended
INFO:root:2021-07-26-14--54--04 anomallyFrameTracker resetted to 200
INFO:root:2021-07-26-14--54--04 Colour Conversion Completed
INFO:root:2021-07-26-14--54--04 Sleep Check Completed
INFO:root:2021-07-26-14--54--04 Frame manipulations completed
INFO:root:2021-07-26-14--54--04 Bounding Box Drawn
INFO:root:2021-07-26-14--54--04 MovingFrameQueue Appended
INFO:root:2021-07-26-14--54--04 anomallyFrameTracker resetted to 200
INFO:root:2021-07-26-14--54--04 Colour Conversion Completed
INFO:root:2021-07-26-14--54--04 Sleep Check Completed
INFO:root:2021-07-26-14--54--04 Frame manipulations completed
INFO:root:2021-07-26-14--54--04 Bounding Box Drawn
INFO:root:2021-07-26-14--54--04 MovingFrameQueue Appended
INFO:root:2021-07-26-14--54--04 anomallyFrameTracker resetted to 200
INFO:root:2021-07-26-14--54--04 Colour Conversion Completed
INFO:root:2021-07-26-14--54--04 Sleep Check Completed
INFO:root:2021-07-26-14--54--04 Frame manipulations completed
INFO:root:2021-07-26-14--54--04 Bounding Box Drawn
INFO:root:2021-07-26-14--54--04 MovingFrameQueue Appended
INFO:root:2021-07-26-14--54--04 anomallyFrameTracker resetted to 200
INFO:root:2021-07-26-14--54--04 Colour Conversion Completed
INFO:root:2021-07-26-14--54--04 Sleep Check Completed
INFO:root:2021-07-26-14--54--04 Frame manipulations completed
INFO:root:2021-07-26-14--54--04 Bounding Box Drawn
INFO:root:2021-07-26-14--54--04 MovingFrameQueue Appended
INFO:root:2021-07-26-14--54--04 anomallyFrameTracker resetted to 200
INFO:root:2021-07-26-14--54--04 Colour Conversion Completed
INFO:root:2021-07-26-14--54--04 Sleep Check Completed
INFO:root:2021-07-26-14--54--04 Frame manipulations completed
INFO:root:2021-07-26-14--54--04 Bounding Box Drawn
INFO:root:2021-07-26-14--54--05 MovingFrameQueue Appended
INFO:root:2021-07-26-14--54--05 anomallyFrameTracker resetted to 200
INFO:root:2021-07-26-14--54--05 Colour Conversion Completed
INFO:root:2021-07-26-14--54--05 Sleep Check Completed
INFO:root:2021-07-26-14--54--05 Frame manipulations completed
INFO:root:2021-07-26-14--54--05 Bounding Box Drawn
INFO:root:2021-07-26-14--54--05 MovingFrameQueue Appended
INFO:root:2021-07-26-14--54--05 anomallyFrameTracker resetted to 200
INFO:root:2021-07-26-14--54--05 Colour Conversion Completed
INFO:root:2021-07-26-14--54--05 Sleep Check Completed
INFO:root:2021-07-26-14--54--05 Frame manipulations completed
INFO:root:2021-07-26-14--54--05 Bounding Box Drawn
INFO:root:2021-07-26-14--54--05 MovingFrameQueue Popped
INFO:root:2021-07-26-14--54--05 anomallyFrameTracker resetted to 200
INFO:root:2021-07-26-14--54--05 Colour Conversion Completed
INFO:root:2021-07-26-14--54--05 Sleep Check Completed
INFO:root:2021-07-26-14--54--05 Frame manipulations completed
INFO:root:2021-07-26-14--54--05 Bounding Box Drawn
INFO:root:2021-07-26-14--54--05 MovingFrameQueue Appended
INFO:root:2021-07-26-14--54--05 anomallyFrameTracker resetted to 200
INFO:root:2021-07-26-14--54--05 Colour Conversion Completed
INFO:root:2021-07-26-14--54--05 Sleep Check Completed
INFO:root:2021-07-26-14--54--05 Frame manipulations completed
INFO:root:2021-07-26-14--54--05 Bounding Box Drawn
INFO:root:2021-07-26-14--54--05 MovingFrameQueue Popped
INFO:root:2021-07-26-14--54--05 anomallyFrameTracker resetted to 200
INFO:root:2021-07-26-14--54--05 Colour Conversion Completed
INFO:root:2021-07-26-14--54--05 Sleep Check Completed
INFO:root:2021-07-26-14--54--05 Frame manipulations completed
INFO:root:2021-07-26-14--54--05 Bounding Box Drawn
INFO:root:2021-07-26-14--54--05 MovingFrameQueue Appended
INFO:root:2021-07-26-14--54--05 anomallyFrameTracker resetted to 200
INFO:root:2021-07-26-14--54--05 Colour Conversion Completed
INFO:root:2021-07-26-14--54--05 Sleep Check Completed
INFO:root:2021-07-26-14--54--05 Frame manipulations completed
INFO:root:2021-07-26-14--54--05 Bounding Box Drawn
INFO:root:2021-07-26-14--54--06 MovingFrameQueue Popped
INFO:root:2021-07-26-14--54--06 anomallyFrameTracker resetted to 200
INFO:root:2021-07-26-14--54--06 Colour Conversion Completed
INFO:root:2021-07-26-14--54--06 Sleep Check Completed
INFO:root:2021-07-26-14--54--06 Frame manipulations completed
INFO:root:2021-07-26-14--54--06 Bounding Box Drawn
INFO:root:2021-07-26-14--54--06 MovingFrameQueue Appended
INFO:root:2021-07-26-14--54--06 anomallyFrameTracker resetted to 200
INFO:root:2021-07-26-14--54--06 Colour Conversion Completed
INFO:root:2021-07-26-14--54--06 Sleep Check Completed
INFO:root:2021-07-26-14--54--06 Frame manipulations completed
INFO:root:2021-07-26-14--54--06 Bounding Box Drawn
INFO:root:2021-07-26-14--54--06 MovingFrameQueue Popped
INFO:root:2021-07-26-14--54--06 anomallyFrameTracker resetted to 200
INFO:root:2021-07-26-14--54--06 Colour Conversion Completed
INFO:root:2021-07-26-14--54--06 Sleep Check Completed
INFO:root:2021-07-26-14--54--06 Frame manipulations completed
INFO:root:2021-07-26-14--54--06 Bounding Box Drawn
INFO:root:2021-07-26-14--54--06 MovingFrameQueue Appended
INFO:root:2021-07-26-14--54--06 anomallyFrameTracker resetted to 200
INFO:root:2021-07-26-14--54--06 Colour Conversion Completed
INFO:root:2021-07-26-14--54--06 Sleep Check Completed
INFO:root:2021-07-26-14--54--06 Frame manipulations completed
INFO:root:2021-07-26-14--54--06 Bounding Box Drawn
INFO:root:2021-07-26-14--54--06 MovingFrameQueue Popped
INFO:root:2021-07-26-14--54--06 anomallyFrameTracker resetted to 200
INFO:root:2021-07-26-14--54--06 Colour Conversion Completed
INFO:root:2021-07-26-14--54--06 Sleep Check Completed
INFO:root:2021-07-26-14--54--06 Frame manipulations completed
INFO:root:2021-07-26-14--54--06 Bounding Box Drawn
INFO:root:2021-07-26-14--54--06 MovingFrameQueue Appended
INFO:root:2021-07-26-14--54--06 anomallyFrameTracker resetted to 200
INFO:root:2021-07-26-14--54--06 Colour Conversion Completed
INFO:root:2021-07-26-14--54--06 Sleep Check Completed
INFO:root:2021-07-26-14--54--06 Frame manipulations completed
INFO:root:2021-07-26-14--54--06 Bounding Box Drawn
INFO:root:2021-07-26-14--54--06 MovingFrameQueue Popped
INFO:root:2021-07-26-14--54--06 anomallyFrameTracker resetted to 200
INFO:root:2021-07-26-14--54--06 Colour Conversion Completed
INFO:root:2021-07-26-14--54--07 Sleep Check Completed
INFO:root:2021-07-26-14--54--07 Frame manipulations completed
INFO:root:2021-07-26-14--54--07 Bounding Box Drawn
INFO:root:2021-07-26-14--54--07 MovingFrameQueue Appended
INFO:root:2021-07-26-14--54--07 anomallyFrameTracker resetted to 200
INFO:root:2021-07-26-14--54--07 Colour Conversion Completed
INFO:root:2021-07-26-14--54--07 Sleep Check Completed
INFO:root:2021-07-26-14--54--07 Frame manipulations completed
INFO:root:2021-07-26-14--54--07 Bounding Box Drawn
INFO:root:2021-07-26-14--54--07 MovingFrameQueue Popped
INFO:root:2021-07-26-14--54--07 anomallyFrameTracker resetted to 200
INFO:root:2021-07-26-14--54--07 Colour Conversion Completed
INFO:root:2021-07-26-14--54--07 Sleep Check Completed
INFO:root:2021-07-26-14--54--07 Frame manipulations completed
INFO:root:2021-07-26-14--54--07 Bounding Box Drawn
INFO:root:2021-07-26-14--54--07 MovingFrameQueue Appended
INFO:root:2021-07-26-14--54--07 anomallyFrameTracker resetted to 200
INFO:root:2021-07-26-14--54--07 Colour Conversion Completed
INFO:root:2021-07-26-14--54--07 Sleep Check Completed
INFO:root:2021-07-26-14--54--07 Frame manipulations completed
INFO:root:2021-07-26-14--54--07 Bounding Box Drawn
INFO:root:2021-07-26-14--54--07 MovingFrameQueue Popped
INFO:root:2021-07-26-14--54--07 anomallyFrameTracker resetted to 200
INFO:root:2021-07-26-14--54--07 Colour Conversion Completed
INFO:root:2021-07-26-14--54--07 Sleep Check Completed
INFO:root:2021-07-26-14--54--07 Frame manipulations completed
INFO:root:2021-07-26-14--54--07 Bounding Box Drawn
INFO:root:2021-07-26-14--54--07 MovingFrameQueue Appended
INFO:root:2021-07-26-14--54--07 anomallyFrameTracker resetted to 200
INFO:root:2021-07-26-14--54--07 Colour Conversion Completed
INFO:root:2021-07-26-14--54--07 Sleep Check Completed
INFO:root:2021-07-26-14--54--07 Frame manipulations completed
INFO:root:2021-07-26-14--54--07 Bounding Box Drawn
INFO:root:2021-07-26-14--54--07 MovingFrameQueue Popped
INFO:root:2021-07-26-14--54--07 anomallyFrameTracker resetted to 200
INFO:root:2021-07-26-14--54--07 Colour Conversion Completed
INFO:root:2021-07-26-14--54--07 Sleep Check Completed
INFO:root:2021-07-26-14--54--08 Frame manipulations completed
INFO:root:2021-07-26-14--54--08 Bounding Box Drawn
INFO:root:2021-07-26-14--54--08 MovingFrameQueue Appended
INFO:root:2021-07-26-14--54--08 anomallyFrameTracker resetted to 200
INFO:root:2021-07-26-14--54--08 Colour Conversion Completed
INFO:root:2021-07-26-14--54--08 Sleep Check Completed
INFO:root:2021-07-26-14--54--08 Frame manipulations completed
INFO:root:2021-07-26-14--54--08 Bounding Box Drawn
INFO:root:2021-07-26-14--54--08 MovingFrameQueue Popped
INFO:root:2021-07-26-14--54--08 anomallyFrameTracker resetted to 200
INFO:root:2021-07-26-14--54--08 Colour Conversion Completed
INFO:root:2021-07-26-14--54--08 Sleep Check Completed
INFO:root:2021-07-26-14--54--08 Frame manipulations completed
INFO:root:2021-07-26-14--54--08 Bounding Box Drawn
INFO:root:2021-07-26-14--54--08 MovingFrameQueue Appended
INFO:root:2021-07-26-14--54--08 anomallyFrameTracker resetted to 200
INFO:root:2021-07-26-14--54--08 Colour Conversion Completed
INFO:root:2021-07-26-14--54--08 Sleep Check Completed
INFO:root:2021-07-26-14--54--08 Frame manipulations completed
INFO:root:2021-07-26-14--54--08 Bounding Box Drawn
INFO:root:2021-07-26-14--54--08 MovingFrameQueue Popped
INFO:root:2021-07-26-14--54--08 anomallyFrameTracker resetted to 200
INFO:root:2021-07-26-14--54--08 Colour Conversion Completed
INFO:root:2021-07-26-14--54--08 Sleep Check Completed
INFO:root:2021-07-26-14--54--08 Frame manipulations completed
INFO:root:2021-07-26-14--54--08 Bounding Box Drawn
INFO:root:2021-07-26-14--54--08 MovingFrameQueue Appended
INFO:root:2021-07-26-14--54--08 anomallyFrameTracker resetted to 200
INFO:root:2021-07-26-14--54--08 Colour Conversion Completed
INFO:root:2021-07-26-14--54--08 Sleep Check Completed
INFO:root:2021-07-26-14--54--08 Frame manipulations completed
INFO:root:2021-07-26-14--54--08 Bounding Box Drawn
INFO:root:2021-07-26-14--54--09 MovingFrameQueue Popped
INFO:root:2021-07-26-14--54--09 anomallyFrameTracker resetted to 200
INFO:root:2021-07-26-14--54--09 Colour Conversion Completed
INFO:root:2021-07-26-14--54--09 Sleep Check Completed
INFO:root:2021-07-26-14--54--09 Frame manipulations completed
INFO:root:2021-07-26-14--54--09 Bounding Box Drawn
INFO:root:2021-07-26-14--54--09 MovingFrameQueue Appended
INFO:root:2021-07-26-14--54--09 anomallyFrameTracker resetted to 200
INFO:root:2021-07-26-14--54--09 Colour Conversion Completed
INFO:root:2021-07-26-14--54--09 Sleep Check Completed
INFO:root:2021-07-26-14--54--09 Frame manipulations completed
INFO:root:2021-07-26-14--54--09 Bounding Box Drawn
INFO:root:2021-07-26-14--54--09 MovingFrameQueue Popped
INFO:root:2021-07-26-14--54--09 anomallyFrameTracker resetted to 200
INFO:root:2021-07-26-14--54--09 Colour Conversion Completed
INFO:root:2021-07-26-14--54--09 Sleep Check Completed
INFO:root:2021-07-26-14--54--09 Frame manipulations completed
INFO:root:2021-07-26-14--54--09 Bounding Box Drawn
INFO:root:2021-07-26-14--54--09 MovingFrameQueue Appended
INFO:root:2021-07-26-14--54--09 anomallyFrameTracker resetted to 200
INFO:root:2021-07-26-14--54--09 Colour Conversion Completed
INFO:root:2021-07-26-14--54--09 Sleep Check Completed
INFO:root:2021-07-26-14--54--09 Frame manipulations completed
INFO:root:2021-07-26-14--54--09 Bounding Box Drawn
INFO:root:2021-07-26-14--54--09 MovingFrameQueue Popped
INFO:root:2021-07-26-14--54--09 anomallyFrameTracker resetted to 200
INFO:root:2021-07-26-14--54--09 Colour Conversion Completed
INFO:root:2021-07-26-14--54--09 Sleep Check Completed
INFO:root:2021-07-26-14--54--09 Frame manipulations completed
INFO:root:2021-07-26-14--54--09 Bounding Box Drawn
INFO:root:2021-07-26-14--54--09 MovingFrameQueue Appended
INFO:root:2021-07-26-14--54--09 anomallyFrameTracker resetted to 200
INFO:root:2021-07-26-14--54--09 Colour Conversion Completed
INFO:root:2021-07-26-14--54--09 Sleep Check Completed
INFO:root:2021-07-26-14--54--09 Frame manipulations completed
INFO:root:2021-07-26-14--54--09 Bounding Box Drawn
INFO:root:2021-07-26-14--54--10 MovingFrameQueue Popped
INFO:root:2021-07-26-14--54--10 anomallyFrameTracker resetted to 200
INFO:root:2021-07-26-14--54--10 Colour Conversion Completed
INFO:root:2021-07-26-14--54--10 Sleep Check Completed
INFO:root:2021-07-26-14--54--10 Frame manipulations completed
INFO:root:2021-07-26-14--54--10 Bounding Box Drawn
INFO:root:2021-07-26-14--54--10 MovingFrameQueue Appended
INFO:root:2021-07-26-14--54--10 anomallyFrameTracker resetted to 200
INFO:root:2021-07-26-14--54--10 Colour Conversion Completed
INFO:root:2021-07-26-14--54--10 Sleep Check Completed
INFO:root:2021-07-26-14--54--10 Frame manipulations completed
INFO:root:2021-07-26-14--54--10 Bounding Box Drawn
INFO:root:2021-07-26-14--54--10 MovingFrameQueue Popped
INFO:root:2021-07-26-14--54--10 anomallyFrameTracker resetted to 200
INFO:root:2021-07-26-14--54--10 Colour Conversion Completed
INFO:root:2021-07-26-14--54--10 Sleep Check Completed
INFO:root:2021-07-26-14--54--10 Frame manipulations completed
INFO:root:2021-07-26-14--54--10 Bounding Box Drawn
INFO:root:2021-07-26-14--54--10 MovingFrameQueue Appended
INFO:root:2021-07-26-14--54--10 anomallyFrameTracker resetted to 200
INFO:root:2021-07-26-14--54--10 Colour Conversion Completed
INFO:root:2021-07-26-14--54--10 Sleep Check Completed
INFO:root:2021-07-26-14--54--10 Frame manipulations completed
INFO:root:2021-07-26-14--54--10 Bounding Box Drawn
INFO:root:2021-07-26-14--54--10 MovingFrameQueue Popped
INFO:root:2021-07-26-14--54--10 anomallyFrameTracker resetted to 200
INFO:root:2021-07-26-14--54--10 Colour Conversion Completed
INFO:root:2021-07-26-14--54--10 Sleep Check Completed
INFO:root:2021-07-26-14--54--10 Frame manipulations completed
INFO:root:2021-07-26-14--54--10 Bounding Box Drawn
INFO:root:2021-07-26-14--54--10 MovingFrameQueue Appended
INFO:root:2021-07-26-14--54--10 anomallyFrameTracker resetted to 200
INFO:root:2021-07-26-14--54--10 Colour Conversion Completed
INFO:root:2021-07-26-14--54--10 Sleep Check Completed
INFO:root:2021-07-26-14--54--10 Frame manipulations completed
INFO:root:2021-07-26-14--54--10 Bounding Box Drawn
INFO:root:2021-07-26-14--54--11 MovingFrameQueue Popped
INFO:root:2021-07-26-14--54--11 anomallyFrameTracker resetted to 200
INFO:root:2021-07-26-14--54--11 Colour Conversion Completed
INFO:root:2021-07-26-14--54--11 Sleep Check Completed
INFO:root:2021-07-26-14--54--11 Frame manipulations completed
INFO:root:2021-07-26-14--54--11 Bounding Box Drawn
INFO:root:2021-07-26-14--54--11 MovingFrameQueue Appended
INFO:root:2021-07-26-14--54--11 anomallyFrameTracker resetted to 200
INFO:root:2021-07-26-14--54--11 Colour Conversion Completed
INFO:root:2021-07-26-14--54--11 Sleep Check Completed
INFO:root:2021-07-26-14--54--11 Frame manipulations completed
INFO:root:2021-07-26-14--54--11 Bounding Box Drawn
INFO:root:2021-07-26-14--54--11 MovingFrameQueue Popped
INFO:root:2021-07-26-14--54--11 anomallyFrameTracker resetted to 200
INFO:root:2021-07-26-14--54--11 Colour Conversion Completed
INFO:root:2021-07-26-14--54--11 Sleep Check Completed
INFO:root:2021-07-26-14--54--11 Frame manipulations completed
INFO:root:2021-07-26-14--54--11 Bounding Box Drawn
INFO:root:2021-07-26-14--54--11 MovingFrameQueue Appended
INFO:root:2021-07-26-14--54--11 anomallyFrameTracker resetted to 200
INFO:root:2021-07-26-14--54--11 Colour Conversion Completed
INFO:root:2021-07-26-14--54--11 Sleep Check Completed
INFO:root:2021-07-26-14--54--11 Frame manipulations completed
INFO:root:2021-07-26-14--54--11 Bounding Box Drawn
INFO:root:2021-07-26-14--54--11 MovingFrameQueue Popped
INFO:root:2021-07-26-14--54--11 anomallyFrameTracker resetted to 200
INFO:root:2021-07-26-14--54--11 Colour Conversion Completed
INFO:root:2021-07-26-14--54--11 Sleep Check Completed
INFO:root:2021-07-26-14--54--11 Frame manipulations completed
INFO:root:2021-07-26-14--54--11 Bounding Box Drawn
INFO:root:2021-07-26-14--54--11 MovingFrameQueue Appended
INFO:root:2021-07-26-14--54--11 anomallyFrameTracker resetted to 200
INFO:root:2021-07-26-14--54--11 Colour Conversion Completed
INFO:root:2021-07-26-14--54--11 Sleep Check Completed
INFO:root:2021-07-26-14--54--11 Frame manipulations completed
INFO:root:2021-07-26-14--54--11 Bounding Box Drawn
INFO:root:2021-07-26-14--54--12 MovingFrameQueue Popped
INFO:root:2021-07-26-14--54--12 anomallyFrameTracker resetted to 200
INFO:root:2021-07-26-14--54--12 Colour Conversion Completed
INFO:root:2021-07-26-14--54--12 Sleep Check Completed
INFO:root:2021-07-26-14--54--12 Frame manipulations completed
INFO:root:2021-07-26-14--54--12 Bounding Box Drawn
INFO:root:2021-07-26-14--54--12 MovingFrameQueue Appended
INFO:root:2021-07-26-14--54--12 anomallyFrameTracker resetted to 200
INFO:root:2021-07-26-14--54--12 Colour Conversion Completed
INFO:root:2021-07-26-14--54--12 Sleep Check Completed
INFO:root:2021-07-26-14--54--12 Frame manipulations completed
INFO:root:2021-07-26-14--54--12 Bounding Box Drawn
INFO:root:2021-07-26-14--54--12 MovingFrameQueue Popped
INFO:root:2021-07-26-14--54--12 anomallyFrameTracker resetted to 200
INFO:root:2021-07-26-14--54--12 Colour Conversion Completed
INFO:root:2021-07-26-14--54--12 Sleep Check Completed
INFO:root:2021-07-26-14--54--12 Frame manipulations completed
INFO:root:2021-07-26-14--54--12 Bounding Box Drawn
INFO:root:2021-07-26-14--54--12 MovingFrameQueue Appended
INFO:root:2021-07-26-14--54--12 anomallyFrameTracker resetted to 200
INFO:root:2021-07-26-14--54--12 Colour Conversion Completed
INFO:root:2021-07-26-14--54--12 Sleep Check Completed
INFO:root:2021-07-26-14--54--12 Frame manipulations completed
INFO:root:2021-07-26-14--54--12 Bounding Box Drawn
INFO:root:2021-07-26-14--54--12 MovingFrameQueue Popped
INFO:root:2021-07-26-14--54--12 anomallyFrameTracker resetted to 200
INFO:root:2021-07-26-14--54--12 Colour Conversion Completed
INFO:root:2021-07-26-14--54--12 Sleep Check Completed
INFO:root:2021-07-26-14--54--12 Frame manipulations completed
INFO:root:2021-07-26-14--54--12 Bounding Box Drawn
INFO:root:2021-07-26-14--54--12 MovingFrameQueue Appended
INFO:root:2021-07-26-14--54--12 anomallyFrameTracker resetted to 200
INFO:root:2021-07-26-14--54--12 Colour Conversion Completed
INFO:root:2021-07-26-14--54--12 Sleep Check Completed
INFO:root:2021-07-26-14--54--12 Frame manipulations completed
INFO:root:2021-07-26-14--54--12 Bounding Box Drawn
INFO:root:2021-07-26-14--54--12 MovingFrameQueue Popped
INFO:root:2021-07-26-14--54--12 anomallyFrameTracker resetted to 200
INFO:root:2021-07-26-14--54--12 Colour Conversion Completed
INFO:root:2021-07-26-14--54--13 Sleep Check Completed
INFO:root:2021-07-26-14--54--13 Frame manipulations completed
INFO:root:2021-07-26-14--54--13 Bounding Box Drawn
INFO:root:2021-07-26-14--54--13 MovingFrameQueue Appended
INFO:root:2021-07-26-14--54--13 anomallyFrameTracker resetted to 200
INFO:root:2021-07-26-14--54--13 Colour Conversion Completed
INFO:root:2021-07-26-14--54--13 Sleep Check Completed
INFO:root:2021-07-26-14--54--13 Frame manipulations completed
INFO:root:2021-07-26-14--54--13 Bounding Box Drawn
INFO:root:2021-07-26-14--54--13 MovingFrameQueue Popped
INFO:root:2021-07-26-14--54--13 anomallyFrameTracker resetted to 200
INFO:root:2021-07-26-14--54--13 Colour Conversion Completed
INFO:root:2021-07-26-14--54--13 Sleep Check Completed
INFO:root:2021-07-26-14--54--13 Frame manipulations completed
INFO:root:2021-07-26-14--54--13 Bounding Box Drawn
INFO:root:2021-07-26-14--54--13 MovingFrameQueue Appended
INFO:root:2021-07-26-14--54--13 anomallyFrameTracker resetted to 200
INFO:root:2021-07-26-14--54--13 Colour Conversion Completed
INFO:root:2021-07-26-14--54--13 Sleep Check Completed
INFO:root:2021-07-26-14--54--13 Frame manipulations completed
INFO:root:2021-07-26-14--54--13 Bounding Box Drawn
INFO:root:2021-07-26-14--54--13 MovingFrameQueue Popped
INFO:root:2021-07-26-14--54--13 anomallyFrameTracker resetted to 200
INFO:root:2021-07-26-14--54--13 Colour Conversion Completed
INFO:root:2021-07-26-14--54--13 Sleep Check Completed
INFO:root:2021-07-26-14--54--13 Frame manipulations completed
INFO:root:2021-07-26-14--54--13 Bounding Box Drawn
INFO:root:2021-07-26-14--54--13 MovingFrameQueue Appended
INFO:root:2021-07-26-14--54--13 anomallyFrameTracker resetted to 200
INFO:root:2021-07-26-14--54--13 Colour Conversion Completed
INFO:root:2021-07-26-14--54--13 Sleep Check Completed
INFO:root:2021-07-26-14--54--13 Frame manipulations completed
INFO:root:2021-07-26-14--54--13 Bounding Box Drawn
INFO:root:2021-07-26-14--54--13 MovingFrameQueue Popped
INFO:root:2021-07-26-14--54--13 anomallyFrameTracker resetted to 200
INFO:root:2021-07-26-14--54--13 Colour Conversion Completed
INFO:root:2021-07-26-14--54--13 Sleep Check Completed
INFO:root:2021-07-26-14--54--13 Frame manipulations completed
INFO:root:2021-07-26-14--54--13 Bounding Box Drawn
INFO:root:2021-07-26-14--54--14 MovingFrameQueue Appended
INFO:root:2021-07-26-14--54--14 anomallyFrameTracker resetted to 200
INFO:root:2021-07-26-14--54--14 Colour Conversion Completed
INFO:root:2021-07-26-14--54--14 Sleep Check Completed
INFO:root:2021-07-26-14--54--14 Frame manipulations completed
INFO:root:2021-07-26-14--54--14 Bounding Box Drawn
INFO:root:2021-07-26-14--54--14 MovingFrameQueue Popped
INFO:root:2021-07-26-14--54--14 anomallyFrameTracker resetted to 200
INFO:root:2021-07-26-14--54--14 Colour Conversion Completed
INFO:root:2021-07-26-14--54--14 Sleep Check Completed
INFO:root:2021-07-26-14--54--14 Frame manipulations completed
INFO:root:2021-07-26-14--54--14 Bounding Box Drawn
INFO:root:2021-07-26-14--54--14 MovingFrameQueue Appended
INFO:root:2021-07-26-14--54--14 anomallyFrameTracker resetted to 200
INFO:root:2021-07-26-14--54--14 Colour Conversion Completed
INFO:root:2021-07-26-14--54--14 Sleep Check Completed
INFO:root:2021-07-26-14--54--14 Frame manipulations completed
INFO:root:2021-07-26-14--54--14 Bounding Box Drawn
INFO:root:2021-07-26-14--54--14 MovingFrameQueue Popped
INFO:root:2021-07-26-14--54--14 anomallyFrameTracker resetted to 200
INFO:root:2021-07-26-14--54--14 Colour Conversion Completed
INFO:root:2021-07-26-14--54--14 Sleep Check Completed
INFO:root:2021-07-26-14--54--14 Frame manipulations completed
INFO:root:2021-07-26-14--54--14 Bounding Box Drawn
INFO:root:2021-07-26-14--54--14 MovingFrameQueue Appended
INFO:root:2021-07-26-14--54--14 anomallyFrameTracker resetted to 200
INFO:root:2021-07-26-14--54--14 Colour Conversion Completed
INFO:root:2021-07-26-14--54--14 Sleep Check Completed
INFO:root:2021-07-26-14--54--14 Frame manipulations completed
INFO:root:2021-07-26-14--54--14 Bounding Box Drawn
INFO:root:2021-07-26-14--54--14 MovingFrameQueue Popped
INFO:root:2021-07-26-14--54--14 anomallyFrameTracker resetted to 200
INFO:root:2021-07-26-14--54--14 Colour Conversion Completed
INFO:root:2021-07-26-14--54--14 Sleep Check Completed
INFO:root:2021-07-26-14--54--14 Frame manipulations completed
INFO:root:2021-07-26-14--54--14 Bounding Box Drawn
INFO:root:2021-07-26-14--54--14 MovingFrameQueue Appended
INFO:root:2021-07-26-14--54--14 anomallyFrameTracker resetted to 200
INFO:root:2021-07-26-14--54--14 Colour Conversion Completed
INFO:root:2021-07-26-14--54--14 Sleep Check Completed
INFO:root:2021-07-26-14--54--14 Frame manipulations completed
INFO:root:2021-07-26-14--54--14 Bounding Box Drawn
INFO:root:2021-07-26-14--54--15 MovingFrameQueue Popped
INFO:root:2021-07-26-14--54--15 anomallyFrameTracker resetted to 200
INFO:root:2021-07-26-14--54--15 Colour Conversion Completed
INFO:root:2021-07-26-14--54--15 Sleep Check Completed
INFO:root:2021-07-26-14--54--15 Frame manipulations completed
INFO:root:2021-07-26-14--54--15 Bounding Box Drawn
INFO:root:2021-07-26-14--54--15 MovingFrameQueue Appended
INFO:root:2021-07-26-14--54--15 anomallyFrameTracker resetted to 200
INFO:root:2021-07-26-14--54--15 Colour Conversion Completed
INFO:root:2021-07-26-14--54--15 Sleep Check Completed
INFO:root:2021-07-26-14--54--15 Frame manipulations completed
INFO:root:2021-07-26-14--54--15 Bounding Box Drawn
INFO:root:2021-07-26-14--54--15 MovingFrameQueue Popped
INFO:root:2021-07-26-14--54--15 anomallyFrameTracker resetted to 200
INFO:root:2021-07-26-14--54--15 Colour Conversion Completed
INFO:root:2021-07-26-14--54--15 Sleep Check Completed
INFO:root:2021-07-26-14--54--15 Frame manipulations completed
INFO:root:2021-07-26-14--54--15 Bounding Box Drawn
INFO:root:2021-07-26-14--54--15 MovingFrameQueue Appended
INFO:root:2021-07-26-14--54--15 anomallyFrameTracker resetted to 200
INFO:root:2021-07-26-14--54--15 Colour Conversion Completed
INFO:root:2021-07-26-14--54--15 Sleep Check Completed
INFO:root:2021-07-26-14--54--15 Frame manipulations completed
INFO:root:2021-07-26-14--54--15 Bounding Box Drawn
INFO:root:2021-07-26-14--54--15 MovingFrameQueue Popped
INFO:root:2021-07-26-14--54--15 anomallyFrameTracker resetted to 200
INFO:root:2021-07-26-14--54--15 Colour Conversion Completed
INFO:root:2021-07-26-14--54--15 Sleep Check Completed
INFO:root:2021-07-26-14--54--15 Frame manipulations completed
INFO:root:2021-07-26-14--54--15 Bounding Box Drawn
INFO:root:2021-07-26-14--54--15 MovingFrameQueue Appended
INFO:root:2021-07-26-14--54--15 anomallyFrameTracker resetted to 200
INFO:root:2021-07-26-14--54--15 Colour Conversion Completed
INFO:root:2021-07-26-14--54--15 Sleep Check Completed
INFO:root:2021-07-26-14--54--15 Frame manipulations completed
INFO:root:2021-07-26-14--54--15 Bounding Box Drawn
INFO:root:2021-07-26-14--54--15 MovingFrameQueue Popped
INFO:root:2021-07-26-14--54--15 anomallyFrameTracker resetted to 200
INFO:root:2021-07-26-14--54--15 Colour Conversion Completed
INFO:root:2021-07-26-14--54--15 Sleep Check Completed
INFO:root:2021-07-26-14--54--15 Frame manipulations completed
INFO:root:2021-07-26-14--54--15 Bounding Box Drawn
INFO:root:2021-07-26-14--54--16 MovingFrameQueue Appended
INFO:root:2021-07-26-14--54--16 anomallyFrameTracker resetted to 200
INFO:root:2021-07-26-14--54--16 Colour Conversion Completed
INFO:root:2021-07-26-14--54--16 Sleep Check Completed
INFO:root:2021-07-26-14--54--16 Frame manipulations completed
INFO:root:2021-07-26-14--54--16 Bounding Box Drawn
INFO:root:2021-07-26-14--54--16 MovingFrameQueue Popped
INFO:root:2021-07-26-14--54--16 anomallyFrameTracker resetted to 200
INFO:root:2021-07-26-14--54--16 Colour Conversion Completed
INFO:root:2021-07-26-14--54--16 Sleep Check Completed
INFO:root:2021-07-26-14--54--16 Frame manipulations completed
INFO:root:2021-07-26-14--54--16 Bounding Box Drawn
INFO:root:2021-07-26-14--54--16 MovingFrameQueue Appended
INFO:root:2021-07-26-14--54--16 anomallyFrameTracker resetted to 200
INFO:root:2021-07-26-14--54--16 Colour Conversion Completed
INFO:root:2021-07-26-14--54--16 Sleep Check Completed
INFO:root:2021-07-26-14--54--16 Frame manipulations completed
INFO:root:2021-07-26-14--54--16 Bounding Box Drawn
INFO:root:2021-07-26-14--54--16 MovingFrameQueue Popped
INFO:root:2021-07-26-14--54--16 anomallyFrameTracker resetted to 200
INFO:root:2021-07-26-14--54--16 Colour Conversion Completed
INFO:root:2021-07-26-14--54--16 Sleep Check Completed
INFO:root:2021-07-26-14--54--16 Frame manipulations completed
INFO:root:2021-07-26-14--54--16 Bounding Box Drawn
INFO:root:2021-07-26-14--54--16 MovingFrameQueue Appended
INFO:root:2021-07-26-14--54--16 anomallyFrameTracker resetted to 200
INFO:root:2021-07-26-14--54--16 Colour Conversion Completed
INFO:root:2021-07-26-14--54--16 Sleep Check Completed
INFO:root:2021-07-26-14--54--16 Frame manipulations completed
INFO:root:2021-07-26-14--54--16 Bounding Box Drawn
INFO:root:2021-07-26-14--54--16 MovingFrameQueue Popped
INFO:root:2021-07-26-14--54--16 anomallyFrameTracker resetted to 200
INFO:root:2021-07-26-14--54--16 Colour Conversion Completed
INFO:root:2021-07-26-14--54--16 Sleep Check Completed
INFO:root:2021-07-26-14--54--16 Frame manipulations completed
INFO:root:2021-07-26-14--54--16 Bounding Box Drawn
INFO:root:2021-07-26-14--54--17 MovingFrameQueue Appended
INFO:root:2021-07-26-14--54--17 anomallyFrameTracker resetted to 200
INFO:root:2021-07-26-14--54--17 Colour Conversion Completed
INFO:root:2021-07-26-14--54--17 Sleep Check Completed
INFO:root:2021-07-26-14--54--17 Frame manipulations completed
INFO:root:2021-07-26-14--54--17 Bounding Box Drawn
INFO:root:2021-07-26-14--54--17 MovingFrameQueue Popped
INFO:root:2021-07-26-14--54--17 anomallyFrameTracker resetted to 200
INFO:root:2021-07-26-14--54--17 Colour Conversion Completed
INFO:root:2021-07-26-14--54--17 Sleep Check Completed
INFO:root:2021-07-26-14--54--17 Frame manipulations completed
INFO:root:2021-07-26-14--54--17 Bounding Box Drawn
INFO:root:2021-07-26-14--54--17 MovingFrameQueue Appended
INFO:root:2021-07-26-14--54--17 anomallyFrameTracker resetted to 200
INFO:root:2021-07-26-14--54--17 Colour Conversion Completed
INFO:root:2021-07-26-14--54--17 Sleep Check Completed
INFO:root:2021-07-26-14--54--17 Frame manipulations completed
INFO:root:2021-07-26-14--54--17 Bounding Box Drawn
INFO:root:2021-07-26-14--54--17 MovingFrameQueue Popped
INFO:root:2021-07-26-14--54--17 anomallyFrameTracker resetted to 200
INFO:root:2021-07-26-14--54--17 Colour Conversion Completed
INFO:root:2021-07-26-14--54--17 Sleep Check Completed
INFO:root:2021-07-26-14--54--17 Frame manipulations completed
INFO:root:2021-07-26-14--54--17 Bounding Box Drawn
INFO:root:2021-07-26-14--54--17 MovingFrameQueue Appended
INFO:root:2021-07-26-14--54--17 anomallyFrameTracker resetted to 200
INFO:root:2021-07-26-14--54--17 Colour Conversion Completed
INFO:root:2021-07-26-14--54--17 Sleep Check Completed
INFO:root:2021-07-26-14--54--17 Frame manipulations completed
INFO:root:2021-07-26-14--54--17 Bounding Box Drawn
INFO:root:2021-07-26-14--54--17 MovingFrameQueue Popped
INFO:root:2021-07-26-14--54--17 anomallyFrameTracker resetted to 200
INFO:root:2021-07-26-14--54--17 Colour Conversion Completed
INFO:root:2021-07-26-14--54--17 Sleep Check Completed
INFO:root:2021-07-26-14--54--17 Frame manipulations completed
INFO:root:2021-07-26-14--54--17 Bounding Box Drawn
INFO:root:2021-07-26-14--54--17 MovingFrameQueue Appended
INFO:root:2021-07-26-14--54--17 anomallyFrameTracker resetted to 200
INFO:root:2021-07-26-14--54--17 Colour Conversion Completed
INFO:root:2021-07-26-14--54--17 Sleep Check Completed
INFO:root:2021-07-26-14--54--17 Frame manipulations completed
INFO:root:2021-07-26-14--54--17 Bounding Box Drawn
INFO:root:2021-07-26-14--54--18 MovingFrameQueue Popped
INFO:root:2021-07-26-14--54--18 anomallyFrameTracker resetted to 200
INFO:root:2021-07-26-14--54--18 Colour Conversion Completed
INFO:root:2021-07-26-14--54--18 Sleep Check Completed
INFO:root:2021-07-26-14--54--18 Frame manipulations completed
INFO:root:2021-07-26-14--54--18 Bounding Box Drawn
INFO:root:2021-07-26-14--54--18 MovingFrameQueue Appended
INFO:root:2021-07-26-14--54--18 anomallyFrameTracker resetted to 200
INFO:root:2021-07-26-14--54--18 Colour Conversion Completed
INFO:root:2021-07-26-14--54--18 Sleep Check Completed
INFO:root:2021-07-26-14--54--18 Frame manipulations completed
INFO:root:2021-07-26-14--54--18 Bounding Box Drawn
INFO:root:2021-07-26-14--54--18 MovingFrameQueue Popped
INFO:root:2021-07-26-14--54--18 anomallyFrameTracker resetted to 200
INFO:root:2021-07-26-14--54--18 Colour Conversion Completed
INFO:root:2021-07-26-14--54--18 Sleep Check Completed
INFO:root:2021-07-26-14--54--18 Frame manipulations completed
INFO:root:2021-07-26-14--54--18 Bounding Box Drawn
INFO:root:2021-07-26-14--54--18 MovingFrameQueue Appended
INFO:root:2021-07-26-14--54--18 anomallyFrameTracker resetted to 200
INFO:root:2021-07-26-14--54--18 Colour Conversion Completed
INFO:root:2021-07-26-14--54--18 Sleep Check Completed
INFO:root:2021-07-26-14--54--18 Frame manipulations completed
INFO:root:2021-07-26-14--54--18 Bounding Box Drawn
INFO:root:2021-07-26-14--54--18 MovingFrameQueue Popped
INFO:root:2021-07-26-14--54--18 anomallyFrameTracker resetted to 200
INFO:root:2021-07-26-14--54--18 Colour Conversion Completed
INFO:root:2021-07-26-14--54--18 Sleep Check Completed
INFO:root:2021-07-26-14--54--18 Frame manipulations completed
INFO:root:2021-07-26-14--54--18 Bounding Box Drawn
INFO:root:2021-07-26-14--54--18 MovingFrameQueue Appended
INFO:root:2021-07-26-14--54--18 anomallyFrameTracker resetted to 200
INFO:root:2021-07-26-14--54--18 Colour Conversion Completed
INFO:root:2021-07-26-14--54--18 Sleep Check Completed
INFO:root:2021-07-26-14--54--18 Frame manipulations completed
INFO:root:2021-07-26-14--54--18 Bounding Box Drawn
INFO:root:2021-07-26-14--54--18 MovingFrameQueue Popped
INFO:root:2021-07-26-14--54--18 anomallyFrameTracker resetted to 200
INFO:root:2021-07-26-14--54--18 Colour Conversion Completed
INFO:root:2021-07-26-14--54--18 Sleep Check Completed
INFO:root:2021-07-26-14--54--18 Frame manipulations completed
INFO:root:2021-07-26-14--54--18 Bounding Box Drawn
INFO:root:2021-07-26-14--54--19 MovingFrameQueue Appended
INFO:root:2021-07-26-14--54--19 anomallyFrameTracker resetted to 200
INFO:root:2021-07-26-14--54--19 Colour Conversion Completed
INFO:root:2021-07-26-14--54--19 Sleep Check Completed
INFO:root:2021-07-26-14--54--19 Frame manipulations completed
INFO:root:2021-07-26-14--54--19 Bounding Box Drawn
INFO:root:2021-07-26-14--54--19 MovingFrameQueue Popped
INFO:root:2021-07-26-14--54--19 anomallyFrameTracker resetted to 200
INFO:root:2021-07-26-14--54--19 Colour Conversion Completed
INFO:root:2021-07-26-14--54--19 Sleep Check Completed
INFO:root:2021-07-26-14--54--19 Frame manipulations completed
INFO:root:2021-07-26-14--54--19 Bounding Box Drawn
INFO:root:2021-07-26-14--54--19 MovingFrameQueue Appended
INFO:root:2021-07-26-14--54--19 anomallyFrameTracker resetted to 200
INFO:root:2021-07-26-14--54--19 Colour Conversion Completed
INFO:root:2021-07-26-14--54--19 Sleep Check Completed
INFO:root:2021-07-26-14--54--19 Frame manipulations completed
INFO:root:2021-07-26-14--54--19 Bounding Box Drawn
INFO:root:2021-07-26-14--54--19 MovingFrameQueue Popped
INFO:root:2021-07-26-14--54--19 anomallyFrameTracker resetted to 200
INFO:root:2021-07-26-14--54--19 Colour Conversion Completed
INFO:root:2021-07-26-14--54--19 Sleep Check Completed
INFO:root:2021-07-26-14--54--19 Frame manipulations completed
INFO:root:2021-07-26-14--54--19 Bounding Box Drawn
INFO:root:2021-07-26-14--54--19 MovingFrameQueue Appended
INFO:root:2021-07-26-14--54--19 anomallyFrameTracker resetted to 200
INFO:root:2021-07-26-14--54--19 Colour Conversion Completed
INFO:root:2021-07-26-14--54--19 Sleep Check Completed
INFO:root:2021-07-26-14--54--19 Frame manipulations completed
INFO:root:2021-07-26-14--54--19 Bounding Box Drawn
INFO:root:2021-07-26-14--54--19 MovingFrameQueue Popped
INFO:root:2021-07-26-14--54--19 anomallyFrameTracker resetted to 200
INFO:root:2021-07-26-14--54--19 Colour Conversion Completed
INFO:root:2021-07-26-14--54--19 Sleep Check Completed
INFO:root:2021-07-26-14--54--19 Frame manipulations completed
INFO:root:2021-07-26-14--54--19 Bounding Box Drawn
INFO:root:2021-07-26-14--54--19 MovingFrameQueue Appended
INFO:root:2021-07-26-14--54--19 anomallyFrameTracker resetted to 200
INFO:root:2021-07-26-14--54--19 Colour Conversion Completed
INFO:root:2021-07-26-14--54--19 Sleep Check Completed
INFO:root:2021-07-26-14--54--19 Frame manipulations completed
INFO:root:2021-07-26-14--54--19 Bounding Box Drawn
INFO:root:2021-07-26-14--54--20 MovingFrameQueue Popped
INFO:root:2021-07-26-14--54--20 anomallyFrameTracker resetted to 200
INFO:root:2021-07-26-14--54--20 Colour Conversion Completed
INFO:root:2021-07-26-14--54--20 Sleep Check Completed
INFO:root:2021-07-26-14--54--20 Frame manipulations completed
INFO:root:2021-07-26-14--54--20 Bounding Box Drawn
INFO:root:2021-07-26-14--54--20 MovingFrameQueue Appended
INFO:root:2021-07-26-14--54--20 anomallyFrameTracker resetted to 200
INFO:root:2021-07-26-14--54--20 Colour Conversion Completed
INFO:root:2021-07-26-14--54--20 Sleep Check Completed
INFO:root:2021-07-26-14--54--20 Frame manipulations completed
INFO:root:2021-07-26-14--54--20 Bounding Box Drawn
INFO:root:2021-07-26-14--54--20 MovingFrameQueue Popped
INFO:root:2021-07-26-14--54--20 anomallyFrameTracker resetted to 200
INFO:root:2021-07-26-14--54--20 Colour Conversion Completed
INFO:root:2021-07-26-14--54--20 Sleep Check Completed
INFO:root:2021-07-26-14--54--20 Frame manipulations completed
INFO:root:2021-07-26-14--54--20 Bounding Box Drawn
INFO:root:2021-07-26-14--54--20 MovingFrameQueue Appended
INFO:root:2021-07-26-14--54--20 anomallyFrameTracker resetted to 200
INFO:root:2021-07-26-14--54--20 Colour Conversion Completed
INFO:root:2021-07-26-14--54--20 Sleep Check Completed
INFO:root:2021-07-26-14--54--20 Frame manipulations completed
INFO:root:2021-07-26-14--54--20 Bounding Box Drawn
INFO:root:2021-07-26-14--54--20 MovingFrameQueue Popped
INFO:root:2021-07-26-14--54--20 anomallyFrameTracker resetted to 200
INFO:root:2021-07-26-14--54--20 Colour Conversion Completed
INFO:root:2021-07-26-14--54--20 Sleep Check Completed
INFO:root:2021-07-26-14--54--20 Frame manipulations completed
INFO:root:2021-07-26-14--54--20 Bounding Box Drawn
INFO:root:2021-07-26-14--54--20 MovingFrameQueue Appended
INFO:root:2021-07-26-14--54--20 anomallyFrameTracker resetted to 200
INFO:root:2021-07-26-14--54--20 Colour Conversion Completed
INFO:root:2021-07-26-14--54--20 Sleep Check Completed
INFO:root:2021-07-26-14--54--20 Frame manipulations completed
INFO:root:2021-07-26-14--54--20 Bounding Box Drawn
INFO:root:2021-07-26-14--54--20 MovingFrameQueue Popped
INFO:root:2021-07-26-14--54--20 anomallyFrameTracker resetted to 200
INFO:root:2021-07-26-14--54--20 Colour Conversion Completed
INFO:root:2021-07-26-14--54--20 Sleep Check Completed
INFO:root:2021-07-26-14--54--20 Frame manipulations completed
INFO:root:2021-07-26-14--54--20 Bounding Box Drawn
INFO:root:2021-07-26-14--54--21 MovingFrameQueue Appended
INFO:root:2021-07-26-14--54--21 anomallyFrameTracker resetted to 200
INFO:root:2021-07-26-14--54--21 Colour Conversion Completed
INFO:root:2021-07-26-14--54--21 Sleep Check Completed
INFO:root:2021-07-26-14--54--21 Frame manipulations completed
INFO:root:2021-07-26-14--54--21 Bounding Box Drawn
INFO:root:2021-07-26-14--54--21 MovingFrameQueue Popped
INFO:root:2021-07-26-14--54--21 anomallyFrameTracker resetted to 200
INFO:root:2021-07-26-14--54--21 Colour Conversion Completed
INFO:root:2021-07-26-14--54--21 Sleep Check Completed
INFO:root:2021-07-26-14--54--21 Frame manipulations completed
INFO:root:2021-07-26-14--54--21 Bounding Box Drawn
INFO:root:2021-07-26-14--54--21 MovingFrameQueue Appended
INFO:root:2021-07-26-14--54--21 anomallyFrameTracker resetted to 200
INFO:root:2021-07-26-14--54--21 Colour Conversion Completed
INFO:root:2021-07-26-14--54--21 Sleep Check Completed
INFO:root:2021-07-26-14--54--21 Frame manipulations completed
INFO:root:2021-07-26-14--54--21 Bounding Box Drawn
INFO:root:2021-07-26-14--54--21 MovingFrameQueue Popped
INFO:root:2021-07-26-14--54--21 anomallyFrameTracker resetted to 200
INFO:root:2021-07-26-14--54--21 Colour Conversion Completed
INFO:root:2021-07-26-14--54--21 Sleep Check Completed
INFO:root:2021-07-26-14--54--21 Frame manipulations completed
INFO:root:2021-07-26-14--54--21 Bounding Box Drawn
INFO:root:2021-07-26-14--54--21 MovingFrameQueue Appended
INFO:root:2021-07-26-14--54--21 anomallyFrameTracker resetted to 200
INFO:root:2021-07-26-14--54--21 Colour Conversion Completed
INFO:root:2021-07-26-14--54--21 Sleep Check Completed
INFO:root:2021-07-26-14--54--21 Frame manipulations completed
INFO:root:2021-07-26-14--54--21 Bounding Box Drawn
INFO:root:2021-07-26-14--54--21 MovingFrameQueue Popped
INFO:root:2021-07-26-14--54--21 anomallyFrameTracker resetted to 200
INFO:root:2021-07-26-14--54--21 Colour Conversion Completed
INFO:root:2021-07-26-14--54--21 Sleep Check Completed
INFO:root:2021-07-26-14--54--21 Frame manipulations completed
INFO:root:2021-07-26-14--54--21 Bounding Box Drawn
INFO:root:2021-07-26-14--54--22 MovingFrameQueue Appended
INFO:root:2021-07-26-14--54--22 anomallyFrameTracker resetted to 200
INFO:root:2021-07-26-14--54--22 Colour Conversion Completed
INFO:root:2021-07-26-14--54--22 Sleep Check Completed
INFO:root:2021-07-26-14--54--22 Frame manipulations completed
INFO:root:2021-07-26-14--54--22 Bounding Box Drawn
INFO:root:2021-07-26-14--54--22 MovingFrameQueue Popped
INFO:root:2021-07-26-14--54--22 anomallyFrameTracker resetted to 200
INFO:root:2021-07-26-14--54--22 Colour Conversion Completed
INFO:root:2021-07-26-14--54--22 Sleep Check Completed
INFO:root:2021-07-26-14--54--22 Frame manipulations completed
INFO:root:2021-07-26-14--54--22 Bounding Box Drawn
INFO:root:2021-07-26-14--54--22 MovingFrameQueue Appended
INFO:root:2021-07-26-14--54--22 anomallyFrameTracker resetted to 200
INFO:root:2021-07-26-14--54--22 Colour Conversion Completed
INFO:root:2021-07-26-14--54--22 Sleep Check Completed
INFO:root:2021-07-26-14--54--22 Frame manipulations completed
INFO:root:2021-07-26-14--54--22 Bounding Box Drawn
INFO:root:2021-07-26-14--54--22 MovingFrameQueue Popped
INFO:root:2021-07-26-14--54--22 anomallyFrameTracker resetted to 200
INFO:root:2021-07-26-14--54--22 Colour Conversion Completed
INFO:root:2021-07-26-14--54--22 Sleep Check Completed
INFO:root:2021-07-26-14--54--22 Frame manipulations completed
INFO:root:2021-07-26-14--54--22 Bounding Box Drawn
INFO:root:2021-07-26-14--54--22 MovingFrameQueue Appended
INFO:root:2021-07-26-14--54--22 anomallyFrameTracker resetted to 200
INFO:root:2021-07-26-14--54--22 Colour Conversion Completed
INFO:root:2021-07-26-14--54--22 Sleep Check Completed
INFO:root:2021-07-26-14--54--22 Frame manipulations completed
INFO:root:2021-07-26-14--54--22 Bounding Box Drawn
INFO:root:2021-07-26-14--54--22 MovingFrameQueue Popped
INFO:root:2021-07-26-14--54--22 anomallyFrameTracker resetted to 200
INFO:root:2021-07-26-14--54--22 Colour Conversion Completed
INFO:root:2021-07-26-14--54--22 Sleep Check Completed
INFO:root:2021-07-26-14--54--22 Frame manipulations completed
INFO:root:2021-07-26-14--54--22 Bounding Box Drawn
INFO:root:2021-07-26-14--54--22 MovingFrameQueue Appended
INFO:root:2021-07-26-14--54--22 anomallyFrameTracker resetted to 200
INFO:root:2021-07-26-14--54--22 Colour Conversion Completed
INFO:root:2021-07-26-14--54--22 Sleep Check Completed
INFO:root:2021-07-26-14--54--22 Frame manipulations completed
INFO:root:2021-07-26-14--54--22 Bounding Box Drawn
INFO:root:2021-07-26-14--54--23 MovingFrameQueue Popped
INFO:root:2021-07-26-14--54--23 anomallyFrameTracker resetted to 200
INFO:root:2021-07-26-14--54--23 Colour Conversion Completed
INFO:root:2021-07-26-14--54--23 Sleep Check Completed
INFO:root:2021-07-26-14--54--23 Frame manipulations completed
INFO:root:2021-07-26-14--54--23 Bounding Box Drawn
INFO:root:2021-07-26-14--54--23 MovingFrameQueue Appended
INFO:root:2021-07-26-14--54--23 anomallyFrameTracker resetted to 200
INFO:root:2021-07-26-14--54--23 Colour Conversion Completed
INFO:root:2021-07-26-14--54--23 Sleep Check Completed
INFO:root:2021-07-26-14--54--23 Frame manipulations completed
INFO:root:2021-07-26-14--54--23 Bounding Box Drawn
INFO:root:2021-07-26-14--54--23 MovingFrameQueue Popped
INFO:root:2021-07-26-14--54--23 anomallyFrameTracker resetted to 200
INFO:root:2021-07-26-14--54--23 Colour Conversion Completed
INFO:root:2021-07-26-14--54--23 Sleep Check Completed
INFO:root:2021-07-26-14--54--23 Frame manipulations completed
INFO:root:2021-07-26-14--54--23 Bounding Box Drawn
INFO:root:2021-07-26-14--54--23 MovingFrameQueue Appended
INFO:root:2021-07-26-14--54--23 anomallyFrameTracker resetted to 200
INFO:root:2021-07-26-14--54--23 Colour Conversion Completed
INFO:root:2021-07-26-14--54--23 Sleep Check Completed
INFO:root:2021-07-26-14--54--23 Frame manipulations completed
INFO:root:2021-07-26-14--54--23 Bounding Box Drawn
INFO:root:2021-07-26-14--54--23 MovingFrameQueue Popped
INFO:root:2021-07-26-14--54--23 anomallyFrameTracker resetted to 200
INFO:root:2021-07-26-14--54--23 Colour Conversion Completed
INFO:root:2021-07-26-14--54--23 Sleep Check Completed
INFO:root:2021-07-26-14--54--23 Frame manipulations completed
INFO:root:2021-07-26-14--54--23 Bounding Box Drawn
INFO:root:2021-07-26-14--54--23 MovingFrameQueue Appended
INFO:root:2021-07-26-14--54--23 anomallyFrameTracker resetted to 200
INFO:root:2021-07-26-14--54--23 Colour Conversion Completed
INFO:root:2021-07-26-14--54--23 Sleep Check Completed
INFO:root:2021-07-26-14--54--23 Frame manipulations completed
INFO:root:2021-07-26-14--54--23 Bounding Box Drawn
INFO:root:2021-07-26-14--54--24 MovingFrameQueue Popped
INFO:root:2021-07-26-14--54--24 anomallyFrameTracker resetted to 200
INFO:root:2021-07-26-14--54--24 Colour Conversion Completed
INFO:root:2021-07-26-14--54--24 Sleep Check Completed
INFO:root:2021-07-26-14--54--24 Frame manipulations completed
INFO:root:2021-07-26-14--54--24 Bounding Box Drawn
INFO:root:2021-07-26-14--54--24 MovingFrameQueue Appended
INFO:root:2021-07-26-14--54--24 anomallyFrameTracker resetted to 200
INFO:root:2021-07-26-14--54--24 Colour Conversion Completed
INFO:root:2021-07-26-14--54--24 Sleep Check Completed
INFO:root:2021-07-26-14--54--24 Frame manipulations completed
INFO:root:2021-07-26-14--54--24 Bounding Box Drawn
INFO:root:2021-07-26-14--54--24 MovingFrameQueue Popped
INFO:root:2021-07-26-14--54--24 anomallyFrameTracker resetted to 200
INFO:root:2021-07-26-14--54--24 Colour Conversion Completed
INFO:root:2021-07-26-14--54--24 Sleep Check Completed
INFO:root:2021-07-26-14--54--24 Frame manipulations completed
INFO:root:2021-07-26-14--54--24 Bounding Box Drawn
INFO:root:2021-07-26-14--54--24 MovingFrameQueue Appended
INFO:root:2021-07-26-14--54--24 anomallyFrameTracker resetted to 200
INFO:root:2021-07-26-14--54--24 Colour Conversion Completed
INFO:root:2021-07-26-14--54--24 Sleep Check Completed
INFO:root:2021-07-26-14--54--24 Frame manipulations completed
INFO:root:2021-07-26-14--54--24 Bounding Box Drawn
INFO:root:2021-07-26-14--54--24 MovingFrameQueue Popped
INFO:root:2021-07-26-14--54--24 anomallyFrameTracker resetted to 200
INFO:root:2021-07-26-14--54--24 Colour Conversion Completed
INFO:root:2021-07-26-14--54--24 Sleep Check Completed
INFO:root:2021-07-26-14--54--24 Frame manipulations completed
INFO:root:2021-07-26-14--54--24 Bounding Box Drawn
INFO:root:2021-07-26-14--54--24 MovingFrameQueue Appended
INFO:root:2021-07-26-14--54--24 anomallyFrameTracker resetted to 200
INFO:root:2021-07-26-14--54--24 Colour Conversion Completed
INFO:root:2021-07-26-14--54--24 Sleep Check Completed
INFO:root:2021-07-26-14--54--24 Frame manipulations completed
INFO:root:2021-07-26-14--54--24 Bounding Box Drawn
INFO:root:2021-07-26-14--54--24 MovingFrameQueue Popped
INFO:root:2021-07-26-14--54--24 anomallyFrameTracker resetted to 200
INFO:root:2021-07-26-14--54--24 Colour Conversion Completed
INFO:root:2021-07-26-14--54--24 Sleep Check Completed
INFO:root:2021-07-26-14--54--24 Frame manipulations completed
INFO:root:2021-07-26-14--54--24 Bounding Box Drawn
INFO:root:2021-07-26-14--54--25 MovingFrameQueue Appended
INFO:root:2021-07-26-14--54--25 anomallyFrameTracker resetted to 200
INFO:root:2021-07-26-14--54--25 Colour Conversion Completed
INFO:root:2021-07-26-14--54--25 Sleep Check Completed
INFO:root:2021-07-26-14--54--25 Frame manipulations completed
INFO:root:2021-07-26-14--54--25 Bounding Box Drawn
INFO:root:2021-07-26-14--54--25 MovingFrameQueue Popped
INFO:root:2021-07-26-14--54--25 anomallyFrameTracker resetted to 200
INFO:root:2021-07-26-14--54--25 Colour Conversion Completed
INFO:root:2021-07-26-14--54--25 Sleep Check Completed
INFO:root:2021-07-26-14--54--25 Frame manipulations completed
INFO:root:2021-07-26-14--54--25 Bounding Box Drawn
INFO:root:2021-07-26-14--54--25 MovingFrameQueue Appended
INFO:root:2021-07-26-14--54--25 anomallyFrameTracker resetted to 200
INFO:root:2021-07-26-14--54--25 Colour Conversion Completed
INFO:root:2021-07-26-14--54--25 Sleep Check Completed
INFO:root:2021-07-26-14--54--25 Frame manipulations completed
INFO:root:2021-07-26-14--54--25 Bounding Box Drawn
INFO:root:2021-07-26-14--54--25 MovingFrameQueue Popped
INFO:root:2021-07-26-14--54--25 anomallyFrameTracker resetted to 200
INFO:root:2021-07-26-14--54--25 Colour Conversion Completed
INFO:root:2021-07-26-14--54--25 Sleep Check Completed
INFO:root:2021-07-26-14--54--25 Frame manipulations completed
INFO:root:2021-07-26-14--54--25 Bounding Box Drawn
INFO:root:2021-07-26-14--54--25 MovingFrameQueue Appended
INFO:root:2021-07-26-14--54--25 anomallyFrameTracker resetted to 200
INFO:root:2021-07-26-14--54--25 Colour Conversion Completed
INFO:root:2021-07-26-14--54--25 Sleep Check Completed
INFO:root:2021-07-26-14--54--25 Frame manipulations completed
INFO:root:2021-07-26-14--54--25 Bounding Box Drawn
INFO:root:2021-07-26-14--54--25 MovingFrameQueue Popped
INFO:root:2021-07-26-14--54--25 anomallyFrameTracker resetted to 200
INFO:root:2021-07-26-14--54--25 Colour Conversion Completed
INFO:root:2021-07-26-14--54--25 Sleep Check Completed
INFO:root:2021-07-26-14--54--25 Frame manipulations completed
INFO:root:2021-07-26-14--54--25 Bounding Box Drawn
INFO:root:2021-07-26-14--54--26 MovingFrameQueue Appended
INFO:root:2021-07-26-14--54--26 anomallyFrameTracker resetted to 200
INFO:root:2021-07-26-14--54--26 Colour Conversion Completed
INFO:root:2021-07-26-14--54--26 Sleep Check Completed
INFO:root:2021-07-26-14--54--26 Frame manipulations completed
INFO:root:2021-07-26-14--54--26 Bounding Box Drawn
INFO:root:2021-07-26-14--54--26 MovingFrameQueue Popped
INFO:root:2021-07-26-14--54--26 anomallyFrameTracker resetted to 200
INFO:root:2021-07-26-14--54--26 Colour Conversion Completed
INFO:root:2021-07-26-14--54--26 Sleep Check Completed
INFO:root:2021-07-26-14--54--26 Frame manipulations completed
INFO:root:2021-07-26-14--54--26 Bounding Box Drawn
INFO:root:2021-07-26-14--54--26 MovingFrameQueue Appended
INFO:root:2021-07-26-14--54--26 anomallyFrameTracker resetted to 200
INFO:root:2021-07-26-14--54--26 Colour Conversion Completed
INFO:root:2021-07-26-14--54--26 Sleep Check Completed
INFO:root:2021-07-26-14--54--26 Frame manipulations completed
INFO:root:2021-07-26-14--54--26 Bounding Box Drawn
INFO:root:2021-07-26-14--54--26 MovingFrameQueue Popped
INFO:root:2021-07-26-14--54--26 anomallyFrameTracker resetted to 200
INFO:root:2021-07-26-14--54--26 Colour Conversion Completed
INFO:root:2021-07-26-14--54--26 Sleep Check Completed
INFO:root:2021-07-26-14--54--26 Frame manipulations completed
INFO:root:2021-07-26-14--54--26 Bounding Box Drawn
INFO:root:2021-07-26-14--54--26 MovingFrameQueue Appended
INFO:root:2021-07-26-14--54--26 anomallyFrameTracker resetted to 200
INFO:root:2021-07-26-14--54--26 Colour Conversion Completed
INFO:root:2021-07-26-14--54--26 Sleep Check Completed
INFO:root:2021-07-26-14--54--26 Frame manipulations completed
INFO:root:2021-07-26-14--54--26 Bounding Box Drawn
INFO:root:2021-07-26-14--54--26 MovingFrameQueue Popped
INFO:root:2021-07-26-14--54--26 anomallyFrameTracker resetted to 200
INFO:root:2021-07-26-14--54--26 Colour Conversion Completed
INFO:root:2021-07-26-14--54--26 Sleep Check Completed
INFO:root:2021-07-26-14--54--26 Frame manipulations completed
INFO:root:2021-07-26-14--54--26 Bounding Box Drawn
INFO:root:2021-07-26-14--54--26 MovingFrameQueue Appended
INFO:root:2021-07-26-14--54--26 anomallyFrameTracker resetted to 200
INFO:root:2021-07-26-14--54--26 Colour Conversion Completed
INFO:root:2021-07-26-14--54--27 Sleep Check Completed
INFO:root:2021-07-26-14--54--27 Frame manipulations completed
INFO:root:2021-07-26-14--54--27 Bounding Box Drawn
INFO:root:2021-07-26-14--54--27 MovingFrameQueue Popped
INFO:root:2021-07-26-14--54--27 anomallyFrameTracker resetted to 200
INFO:root:2021-07-26-14--54--27 Colour Conversion Completed
INFO:root:2021-07-26-14--54--27 Sleep Check Completed
INFO:root:2021-07-26-14--54--27 Frame manipulations completed
INFO:root:2021-07-26-14--54--27 Bounding Box Drawn
INFO:root:2021-07-26-14--54--27 MovingFrameQueue Appended
INFO:root:2021-07-26-14--54--27 anomallyFrameTracker resetted to 200
INFO:root:2021-07-26-14--54--27 Colour Conversion Completed
INFO:root:2021-07-26-14--54--27 Sleep Check Completed
INFO:root:2021-07-26-14--54--27 Frame manipulations completed
INFO:root:2021-07-26-14--54--27 Bounding Box Drawn
INFO:root:2021-07-26-14--54--27 MovingFrameQueue Popped
INFO:root:2021-07-26-14--54--27 anomallyFrameTracker resetted to 200
INFO:root:2021-07-26-14--54--27 Colour Conversion Completed
INFO:root:2021-07-26-14--54--27 Sleep Check Completed
INFO:root:2021-07-26-14--54--27 Frame manipulations completed
INFO:root:2021-07-26-14--54--27 Bounding Box Drawn
INFO:root:2021-07-26-14--54--27 MovingFrameQueue Appended
INFO:root:2021-07-26-14--54--27 anomallyFrameTracker resetted to 200
INFO:root:2021-07-26-14--54--27 Colour Conversion Completed
INFO:root:2021-07-26-14--54--27 Sleep Check Completed
INFO:root:2021-07-26-14--54--27 Frame manipulations completed
INFO:root:2021-07-26-14--54--27 Bounding Box Drawn
INFO:root:2021-07-26-14--54--27 MovingFrameQueue Popped
INFO:root:2021-07-26-14--54--27 anomallyFrameTracker resetted to 200
INFO:root:2021-07-26-14--54--27 Colour Conversion Completed
INFO:root:2021-07-26-14--54--27 Sleep Check Completed
INFO:root:2021-07-26-14--54--27 Frame manipulations completed
INFO:root:2021-07-26-14--54--27 Bounding Box Drawn
INFO:root:2021-07-26-14--54--27 MovingFrameQueue Appended
INFO:root:2021-07-26-14--54--27 anomallyFrameTracker resetted to 200
INFO:root:2021-07-26-14--54--27 Colour Conversion Completed
INFO:root:2021-07-26-14--54--27 Sleep Check Completed
INFO:root:2021-07-26-14--54--27 Frame manipulations completed
INFO:root:2021-07-26-14--54--27 Bounding Box Drawn
INFO:root:2021-07-26-14--54--28 MovingFrameQueue Popped
INFO:root:2021-07-26-14--54--28 anomallyFrameTracker resetted to 200
INFO:root:2021-07-26-14--54--28 Colour Conversion Completed
INFO:root:2021-07-26-14--54--28 Sleep Check Completed
INFO:root:2021-07-26-14--54--28 Frame manipulations completed
INFO:root:2021-07-26-14--54--28 Bounding Box Drawn
INFO:root:2021-07-26-14--54--28 MovingFrameQueue Appended
INFO:root:2021-07-26-14--54--28 anomallyFrameTracker resetted to 200
INFO:root:2021-07-26-14--54--28 Colour Conversion Completed
INFO:root:2021-07-26-14--54--28 Sleep Check Completed
INFO:root:2021-07-26-14--54--28 Frame manipulations completed
INFO:root:2021-07-26-14--54--28 Bounding Box Drawn
INFO:root:2021-07-26-14--54--28 MovingFrameQueue Popped
INFO:root:2021-07-26-14--54--28 anomallyFrameTracker resetted to 200
INFO:root:2021-07-26-14--54--28 Colour Conversion Completed
INFO:root:2021-07-26-14--54--28 Sleep Check Completed
INFO:root:2021-07-26-14--54--28 Frame manipulations completed
INFO:root:2021-07-26-14--54--28 Bounding Box Drawn
INFO:root:2021-07-26-14--54--28 MovingFrameQueue Appended
INFO:root:2021-07-26-14--54--28 anomallyFrameTracker resetted to 200
INFO:root:2021-07-26-14--54--28 Colour Conversion Completed
INFO:root:2021-07-26-14--54--28 Sleep Check Completed
INFO:root:2021-07-26-14--54--28 Frame manipulations completed
INFO:root:2021-07-26-14--54--28 Bounding Box Drawn
INFO:root:2021-07-26-14--54--28 MovingFrameQueue Popped
INFO:root:2021-07-26-14--54--28 anomallyFrameTracker resetted to 200
INFO:root:2021-07-26-14--54--28 Colour Conversion Completed
INFO:root:2021-07-26-14--54--28 Sleep Check Completed
INFO:root:2021-07-26-14--54--28 Frame manipulations completed
INFO:root:2021-07-26-14--54--28 Bounding Box Drawn
INFO:root:2021-07-26-14--54--28 MovingFrameQueue Appended
INFO:root:2021-07-26-14--54--28 anomallyFrameTracker resetted to 200
INFO:root:2021-07-26-14--54--28 Colour Conversion Completed
INFO:root:2021-07-26-14--54--28 Sleep Check Completed
INFO:root:2021-07-26-14--54--28 Frame manipulations completed
INFO:root:2021-07-26-14--54--28 Bounding Box Drawn
INFO:root:2021-07-26-14--54--28 MovingFrameQueue Popped
INFO:root:2021-07-26-14--54--28 anomallyFrameTracker resetted to 200
INFO:root:2021-07-26-14--54--28 Colour Conversion Completed
INFO:root:2021-07-26-14--54--28 Sleep Check Completed
INFO:root:2021-07-26-14--54--28 Frame manipulations completed
INFO:root:2021-07-26-14--54--28 Bounding Box Drawn
INFO:root:2021-07-26-14--54--29 MovingFrameQueue Appended
INFO:root:2021-07-26-14--54--29 anomallyFrameTracker resetted to 200
INFO:root:2021-07-26-14--54--29 Colour Conversion Completed
INFO:root:2021-07-26-14--54--29 Sleep Check Completed
INFO:root:2021-07-26-14--54--29 Frame manipulations completed
INFO:root:2021-07-26-14--54--29 Bounding Box Drawn
INFO:root:2021-07-26-14--54--29 MovingFrameQueue Popped
INFO:root:2021-07-26-14--54--29 anomallyFrameTracker resetted to 200
INFO:root:2021-07-26-14--54--29 Colour Conversion Completed
INFO:root:2021-07-26-14--54--29 Sleep Check Completed
INFO:root:2021-07-26-14--54--29 Frame manipulations completed
INFO:root:2021-07-26-14--54--29 Bounding Box Drawn
INFO:root:2021-07-26-14--54--29 MovingFrameQueue Appended
INFO:root:2021-07-26-14--54--29 anomallyFrameTracker resetted to 200
INFO:root:2021-07-26-14--54--29 Colour Conversion Completed
INFO:root:2021-07-26-14--54--29 Sleep Check Completed
INFO:root:2021-07-26-14--54--29 Frame manipulations completed
INFO:root:2021-07-26-14--54--29 Bounding Box Drawn
INFO:root:2021-07-26-14--54--29 MovingFrameQueue Popped
INFO:root:2021-07-26-14--54--29 anomallyFrameTracker resetted to 200
INFO:root:2021-07-26-14--54--29 Colour Conversion Completed
INFO:root:2021-07-26-14--54--29 Sleep Check Completed
INFO:root:2021-07-26-14--54--29 Frame manipulations completed
INFO:root:2021-07-26-14--54--29 Bounding Box Drawn
INFO:root:2021-07-26-14--54--29 MovingFrameQueue Appended
INFO:root:2021-07-26-14--54--29 anomallyFrameTracker resetted to 200
INFO:root:2021-07-26-14--54--29 Colour Conversion Completed
INFO:root:2021-07-26-14--54--29 Sleep Check Completed
INFO:root:2021-07-26-14--54--29 Frame manipulations completed
INFO:root:2021-07-26-14--54--29 Bounding Box Drawn
INFO:root:2021-07-26-14--54--29 MovingFrameQueue Popped
INFO:root:2021-07-26-14--54--29 anomallyFrameTracker resetted to 200
INFO:root:2021-07-26-14--54--29 Colour Conversion Completed
INFO:root:2021-07-26-14--54--29 Sleep Check Completed
INFO:root:2021-07-26-14--54--29 Frame manipulations completed
INFO:root:2021-07-26-14--54--29 Bounding Box Drawn
INFO:root:2021-07-26-14--54--30 MovingFrameQueue Appended
INFO:root:2021-07-26-14--54--30 anomallyFrameTracker resetted to 200
INFO:root:2021-07-26-14--54--30 Colour Conversion Completed
INFO:root:2021-07-26-14--54--30 Sleep Check Completed
INFO:root:2021-07-26-14--54--30 Frame manipulations completed
INFO:root:2021-07-26-14--54--30 Bounding Box Drawn
INFO:root:2021-07-26-14--54--30 MovingFrameQueue Popped
INFO:root:2021-07-26-14--54--30 anomallyFrameTracker resetted to 200
INFO:root:2021-07-26-14--54--30 Colour Conversion Completed
INFO:root:2021-07-26-14--54--30 Sleep Check Completed
INFO:root:2021-07-26-14--54--30 Frame manipulations completed
INFO:root:2021-07-26-14--54--30 Bounding Box Drawn
INFO:root:2021-07-26-14--54--30 MovingFrameQueue Appended
INFO:root:2021-07-26-14--54--30 anomallyFrameTracker resetted to 200
INFO:root:2021-07-26-14--54--30 Colour Conversion Completed
INFO:root:2021-07-26-14--54--30 Sleep Check Completed
INFO:root:2021-07-26-14--54--30 Frame manipulations completed
INFO:root:2021-07-26-14--54--30 Bounding Box Drawn
INFO:root:2021-07-26-14--54--30 MovingFrameQueue Popped
INFO:root:2021-07-26-14--54--30 anomallyFrameTracker resetted to 200
INFO:root:2021-07-26-14--54--30 Colour Conversion Completed
INFO:root:2021-07-26-14--54--30 Sleep Check Completed
INFO:root:2021-07-26-14--54--30 Frame manipulations completed
INFO:root:2021-07-26-14--54--30 Bounding Box Drawn
INFO:root:2021-07-26-14--54--30 MovingFrameQueue Appended
INFO:root:2021-07-26-14--54--30 anomallyFrameTracker resetted to 200
INFO:root:2021-07-26-14--54--30 Colour Conversion Completed
INFO:root:2021-07-26-14--54--30 Sleep Check Completed
INFO:root:2021-07-26-14--54--30 Frame manipulations completed
INFO:root:2021-07-26-14--54--30 Bounding Box Drawn
INFO:root:2021-07-26-14--54--30 MovingFrameQueue Popped
INFO:root:2021-07-26-14--54--30 anomallyFrameTracker resetted to 200
INFO:root:2021-07-26-14--54--30 Colour Conversion Completed
INFO:root:2021-07-26-14--54--30 Sleep Check Completed
INFO:root:2021-07-26-14--54--30 Frame manipulations completed
INFO:root:2021-07-26-14--54--30 Bounding Box Drawn
INFO:root:2021-07-26-14--54--30 MovingFrameQueue Appended
INFO:root:2021-07-26-14--54--30 anomallyFrameTracker resetted to 200
INFO:root:2021-07-26-14--54--30 Colour Conversion Completed
INFO:root:2021-07-26-14--54--30 Sleep Check Completed
INFO:root:2021-07-26-14--54--30 Frame manipulations completed
INFO:root:2021-07-26-14--54--30 Bounding Box Drawn
INFO:root:2021-07-26-14--54--31 MovingFrameQueue Popped
INFO:root:2021-07-26-14--54--31 anomallyFrameTracker resetted to 200
INFO:root:2021-07-26-14--54--31 Colour Conversion Completed
INFO:root:2021-07-26-14--54--31 Sleep Check Completed
INFO:root:2021-07-26-14--54--31 Frame manipulations completed
INFO:root:2021-07-26-14--54--31 Bounding Box Drawn
INFO:root:2021-07-26-14--54--31 MovingFrameQueue Appended
INFO:root:2021-07-26-14--54--31 anomallyFrameTracker resetted to 200
INFO:root:2021-07-26-14--54--31 Colour Conversion Completed
INFO:root:2021-07-26-14--54--31 Sleep Check Completed
INFO:root:2021-07-26-14--54--31 Frame manipulations completed
INFO:root:2021-07-26-14--54--31 Bounding Box Drawn
INFO:root:2021-07-26-14--54--31 MovingFrameQueue Popped
INFO:root:2021-07-26-14--54--31 anomallyFrameTracker resetted to 200
INFO:root:2021-07-26-14--54--31 Colour Conversion Completed
INFO:root:2021-07-26-14--54--31 Sleep Check Completed
INFO:root:2021-07-26-14--54--31 Frame manipulations completed
INFO:root:2021-07-26-14--54--31 Bounding Box Drawn
INFO:root:2021-07-26-14--54--31 MovingFrameQueue Appended
INFO:root:2021-07-26-14--54--31 anomallyFrameTracker resetted to 200
INFO:root:2021-07-26-14--54--31 Colour Conversion Completed
INFO:root:2021-07-26-14--54--31 Sleep Check Completed
INFO:root:2021-07-26-14--54--31 Frame manipulations completed
INFO:root:2021-07-26-14--54--31 Bounding Box Drawn
INFO:root:2021-07-26-14--54--31 MovingFrameQueue Popped
INFO:root:2021-07-26-14--54--31 anomallyFrameTracker resetted to 200
INFO:root:2021-07-26-14--54--31 Colour Conversion Completed
INFO:root:2021-07-26-14--54--31 Sleep Check Completed
INFO:root:2021-07-26-14--54--31 Frame manipulations completed
INFO:root:2021-07-26-14--54--31 Bounding Box Drawn
INFO:root:2021-07-26-14--54--31 MovingFrameQueue Appended
INFO:root:2021-07-26-14--54--31 anomallyFrameTracker resetted to 200
INFO:root:2021-07-26-14--54--31 Colour Conversion Completed
INFO:root:2021-07-26-14--54--31 Sleep Check Completed
INFO:root:2021-07-26-14--54--31 Frame manipulations completed
INFO:root:2021-07-26-14--54--31 Bounding Box Drawn
INFO:root:2021-07-26-14--54--31 MovingFrameQueue Popped
INFO:root:2021-07-26-14--54--31 anomallyFrameTracker resetted to 200
INFO:root:2021-07-26-14--54--31 Colour Conversion Completed
INFO:root:2021-07-26-14--54--31 Sleep Check Completed
INFO:root:2021-07-26-14--54--31 Frame manipulations completed
INFO:root:2021-07-26-14--54--31 Bounding Box Drawn
INFO:root:2021-07-26-14--54--32 MovingFrameQueue Appended
INFO:root:2021-07-26-14--54--32 anomallyFrameTracker resetted to 200
INFO:root:2021-07-26-14--54--32 Colour Conversion Completed
INFO:root:2021-07-26-14--54--32 Sleep Check Completed
INFO:root:2021-07-26-14--54--32 Frame manipulations completed
INFO:root:2021-07-26-14--54--32 Bounding Box Drawn
INFO:root:2021-07-26-14--54--32 MovingFrameQueue Popped
INFO:root:2021-07-26-14--54--32 anomallyFrameTracker resetted to 200
INFO:root:2021-07-26-14--54--32 Colour Conversion Completed
INFO:root:2021-07-26-14--54--32 Sleep Check Completed
INFO:root:2021-07-26-14--54--32 Frame manipulations completed
INFO:root:2021-07-26-14--54--32 Bounding Box Drawn
INFO:root:2021-07-26-14--54--32 MovingFrameQueue Appended
INFO:root:2021-07-26-14--54--32 anomallyFrameTracker resetted to 200
INFO:root:2021-07-26-14--54--32 Colour Conversion Completed
INFO:root:2021-07-26-14--54--32 Sleep Check Completed
INFO:root:2021-07-26-14--54--32 Frame manipulations completed
INFO:root:2021-07-26-14--54--32 Bounding Box Drawn
INFO:root:2021-07-26-14--54--32 MovingFrameQueue Popped
INFO:root:2021-07-26-14--54--32 anomallyFrameTracker resetted to 200
INFO:root:2021-07-26-14--54--32 Colour Conversion Completed
INFO:root:2021-07-26-14--54--32 Sleep Check Completed
INFO:root:2021-07-26-14--54--32 Frame manipulations completed
INFO:root:2021-07-26-14--54--32 Bounding Box Drawn
INFO:root:2021-07-26-14--54--32 MovingFrameQueue Appended
INFO:root:2021-07-26-14--54--32 anomallyFrameTracker resetted to 200
INFO:root:2021-07-26-14--54--32 Colour Conversion Completed
INFO:root:2021-07-26-14--54--32 Sleep Check Completed
INFO:root:2021-07-26-14--54--32 Frame manipulations completed
INFO:root:2021-07-26-14--54--32 Bounding Box Drawn
INFO:root:2021-07-26-14--54--32 MovingFrameQueue Popped
INFO:root:2021-07-26-14--54--32 anomallyFrameTracker resetted to 200
INFO:root:2021-07-26-14--54--32 Colour Conversion Completed
INFO:root:2021-07-26-14--54--32 Sleep Check Completed
INFO:root:2021-07-26-14--54--32 Frame manipulations completed
INFO:root:2021-07-26-14--54--32 Bounding Box Drawn
INFO:root:2021-07-26-14--54--32 MovingFrameQueue Appended
INFO:root:2021-07-26-14--54--32 anomallyFrameTracker resetted to 200
INFO:root:2021-07-26-14--54--32 Colour Conversion Completed
INFO:root:2021-07-26-14--54--32 Sleep Check Completed
INFO:root:2021-07-26-14--54--32 Frame manipulations completed
INFO:root:2021-07-26-14--54--32 Bounding Box Drawn
INFO:root:2021-07-26-14--54--33 MovingFrameQueue Popped
INFO:root:2021-07-26-14--54--33 anomallyFrameTracker resetted to 200
INFO:root:2021-07-26-14--54--33 Colour Conversion Completed
INFO:root:2021-07-26-14--54--33 Sleep Check Completed
INFO:root:2021-07-26-14--54--33 Frame manipulations completed
INFO:root:2021-07-26-14--54--33 Bounding Box Drawn
INFO:root:2021-07-26-14--54--33 MovingFrameQueue Appended
INFO:root:2021-07-26-14--54--33 anomallyFrameTracker resetted to 200
INFO:root:2021-07-26-14--54--33 Colour Conversion Completed
INFO:root:2021-07-26-14--54--33 Sleep Check Completed
INFO:root:2021-07-26-14--54--33 Frame manipulations completed
INFO:root:2021-07-26-14--54--33 Bounding Box Drawn
INFO:root:2021-07-26-14--54--33 MovingFrameQueue Popped
INFO:root:2021-07-26-14--54--33 anomallyFrameTracker resetted to 200
INFO:root:2021-07-26-14--54--33 Colour Conversion Completed
INFO:root:2021-07-26-14--54--33 Sleep Check Completed
INFO:root:2021-07-26-14--54--33 Frame manipulations completed
INFO:root:2021-07-26-14--54--33 Bounding Box Drawn
INFO:root:2021-07-26-14--54--33 MovingFrameQueue Appended
INFO:root:2021-07-26-14--54--33 anomallyFrameTracker resetted to 200
INFO:root:2021-07-26-14--54--33 Colour Conversion Completed
INFO:root:2021-07-26-14--54--33 Sleep Check Completed
INFO:root:2021-07-26-14--54--33 Frame manipulations completed
INFO:root:2021-07-26-14--54--33 Bounding Box Drawn
INFO:root:2021-07-26-14--54--33 MovingFrameQueue Popped
INFO:root:2021-07-26-14--54--33 anomallyFrameTracker resetted to 200
INFO:root:2021-07-26-14--54--33 Colour Conversion Completed
INFO:root:2021-07-26-14--54--33 Sleep Check Completed
INFO:root:2021-07-26-14--54--33 Frame manipulations completed
INFO:root:2021-07-26-14--54--33 Bounding Box Drawn
INFO:root:2021-07-26-14--54--33 MovingFrameQueue Appended
INFO:root:2021-07-26-14--54--33 anomallyFrameTracker resetted to 200
INFO:root:2021-07-26-14--54--33 Colour Conversion Completed
INFO:root:2021-07-26-14--54--33 Sleep Check Completed
INFO:root:2021-07-26-14--54--33 Frame manipulations completed
INFO:root:2021-07-26-14--54--33 Bounding Box Drawn
INFO:root:2021-07-26-14--54--34 MovingFrameQueue Popped
INFO:root:2021-07-26-14--54--34 anomallyFrameTracker resetted to 200
INFO:root:2021-07-26-14--54--34 Colour Conversion Completed
INFO:root:2021-07-26-14--54--34 Sleep Check Completed
INFO:root:2021-07-26-14--54--34 Frame manipulations completed
INFO:root:2021-07-26-14--54--34 Bounding Box Drawn
INFO:root:2021-07-26-14--54--34 MovingFrameQueue Appended
INFO:root:2021-07-26-14--54--34 anomallyFrameTracker resetted to 200
INFO:root:2021-07-26-14--54--34 Colour Conversion Completed
INFO:root:2021-07-26-14--54--34 Sleep Check Completed
INFO:root:2021-07-26-14--54--34 Frame manipulations completed
INFO:root:2021-07-26-14--54--34 Bounding Box Drawn
INFO:root:2021-07-26-14--54--34 MovingFrameQueue Popped
INFO:root:2021-07-26-14--54--34 anomallyFrameTracker resetted to 200
INFO:root:2021-07-26-14--54--34 Colour Conversion Completed
INFO:root:2021-07-26-14--54--34 Sleep Check Completed
INFO:root:2021-07-26-14--54--34 Frame manipulations completed
INFO:root:2021-07-26-14--54--34 Bounding Box Drawn
INFO:root:2021-07-26-14--54--34 MovingFrameQueue Appended
INFO:root:2021-07-26-14--54--34 anomallyFrameTracker resetted to 200
INFO:root:2021-07-26-14--54--34 Colour Conversion Completed
INFO:root:2021-07-26-14--54--34 Sleep Check Completed
INFO:root:2021-07-26-14--54--34 Frame manipulations completed
INFO:root:2021-07-26-14--54--34 Bounding Box Drawn
INFO:root:2021-07-26-14--54--34 MovingFrameQueue Popped
INFO:root:2021-07-26-14--54--34 anomallyFrameTracker resetted to 200
INFO:root:2021-07-26-14--54--34 Colour Conversion Completed
INFO:root:2021-07-26-14--54--34 Sleep Check Completed
INFO:root:2021-07-26-14--54--34 Frame manipulations completed
INFO:root:2021-07-26-14--54--34 Bounding Box Drawn
INFO:root:2021-07-26-14--54--34 MovingFrameQueue Appended
INFO:root:2021-07-26-14--54--34 anomallyFrameTracker resetted to 200
INFO:root:2021-07-26-14--54--34 Colour Conversion Completed
INFO:root:2021-07-26-14--54--34 Sleep Check Completed
INFO:root:2021-07-26-14--54--34 Frame manipulations completed
INFO:root:2021-07-26-14--54--34 Bounding Box Drawn
INFO:root:2021-07-26-14--54--34 MovingFrameQueue Popped
INFO:root:2021-07-26-14--54--34 anomallyFrameTracker resetted to 200
INFO:root:2021-07-26-14--54--34 Colour Conversion Completed
INFO:root:2021-07-26-14--54--34 Sleep Check Completed
INFO:root:2021-07-26-14--54--34 Frame manipulations completed
INFO:root:2021-07-26-14--54--34 Bounding Box Drawn
INFO:root:2021-07-26-14--54--35 MovingFrameQueue Appended
INFO:root:2021-07-26-14--54--35 anomallyFrameTracker resetted to 200
INFO:root:2021-07-26-14--54--35 Colour Conversion Completed
INFO:root:2021-07-26-14--54--35 Sleep Check Completed
INFO:root:2021-07-26-14--54--35 Frame manipulations completed
INFO:root:2021-07-26-14--54--35 Bounding Box Drawn
INFO:root:2021-07-26-14--54--35 MovingFrameQueue Popped
INFO:root:2021-07-26-14--54--35 Anomally Detected, starting call for more frames
INFO:root:2021-07-26-14--54--35 anomallyFrameTracker resetted to 200
INFO:root:2021-07-26-14--54--35 Colour Conversion Completed
INFO:root:2021-07-26-14--54--35 Sleep Check Completed
INFO:root:2021-07-26-14--54--35 Frame manipulations completed
INFO:root:2021-07-26-14--54--35 Bounding Box Drawn
INFO:root:2021-07-26-14--54--35 MovingFrameQueue Appended
INFO:root:2021-07-26-14--54--35 Anomally Detected, starting call for more frames
INFO:root:2021-07-26-14--54--35 anomallyFrameTracker resetted to 200
INFO:root:2021-07-26-14--54--35 Colour Conversion Completed
INFO:root:2021-07-26-14--54--35 Sleep Check Completed
INFO:root:2021-07-26-14--54--35 Frame manipulations completed
INFO:root:2021-07-26-14--54--35 Bounding Box Drawn
INFO:root:2021-07-26-14--54--35 MovingFrameQueue Popped
INFO:root:2021-07-26-14--54--35 Anomally Detected, starting call for more frames
INFO:root:2021-07-26-14--54--35 anomallyFrameTracker resetted to 200
INFO:root:2021-07-26-14--54--35 Colour Conversion Completed
INFO:root:2021-07-26-14--54--35 Sleep Check Completed
INFO:root:2021-07-26-14--54--35 Frame manipulations completed
INFO:root:2021-07-26-14--54--35 Bounding Box Drawn
INFO:root:2021-07-26-14--54--35 MovingFrameQueue Appended
INFO:root:2021-07-26-14--54--35 Anomally Detected, starting call for more frames
INFO:root:2021-07-26-14--54--35 anomallyFrameTracker resetted to 200
INFO:root:2021-07-26-14--54--35 Colour Conversion Completed
INFO:root:2021-07-26-14--54--35 Sleep Check Completed
INFO:root:2021-07-26-14--54--35 Frame manipulations completed
INFO:root:2021-07-26-14--54--35 Bounding Box Drawn
INFO:root:2021-07-26-14--54--35 MovingFrameQueue Popped
INFO:root:2021-07-26-14--54--35 Anomally Detected, starting call for more frames
INFO:root:2021-07-26-14--54--35 anomallyFrameTracker resetted to 200
INFO:root:2021-07-26-14--54--35 Colour Conversion Completed
INFO:root:2021-07-26-14--54--35 Sleep Check Completed
INFO:root:2021-07-26-14--54--35 Frame manipulations completed
INFO:root:2021-07-26-14--54--35 Bounding Box Drawn
INFO:root:2021-07-26-14--54--36 MovingFrameQueue Appended
INFO:root:2021-07-26-14--54--36 Anomally Detected, starting call for more frames
INFO:root:2021-07-26-14--54--36 anomallyFrameTracker resetted to 200
INFO:root:2021-07-26-14--54--36 Colour Conversion Completed
INFO:root:2021-07-26-14--54--36 Sleep Check Completed
INFO:root:2021-07-26-14--54--36 Frame manipulations completed
INFO:root:2021-07-26-14--54--36 Bounding Box Drawn
INFO:root:2021-07-26-14--54--36 MovingFrameQueue Popped
INFO:root:2021-07-26-14--54--36 Anomally Detected, starting call for more frames
INFO:root:2021-07-26-14--54--36 anomallyFrameTracker resetted to 200
INFO:root:2021-07-26-14--54--36 Colour Conversion Completed
INFO:root:2021-07-26-14--54--36 Sleep Check Completed
INFO:root:2021-07-26-14--54--36 Frame manipulations completed
INFO:root:2021-07-26-14--54--36 Bounding Box Drawn
INFO:root:2021-07-26-14--54--36 MovingFrameQueue Appended
INFO:root:2021-07-26-14--54--36 Anomally Detected, starting call for more frames
INFO:root:2021-07-26-14--54--36 anomallyFrameTracker resetted to 200
INFO:root:2021-07-26-14--54--36 Colour Conversion Completed
INFO:root:2021-07-26-14--54--36 Sleep Check Completed
INFO:root:2021-07-26-14--54--36 Frame manipulations completed
INFO:root:2021-07-26-14--54--36 Bounding Box Drawn
INFO:root:2021-07-26-14--54--36 MovingFrameQueue Popped
INFO:root:2021-07-26-14--54--36 Anomally Detected, starting call for more frames
INFO:root:2021-07-26-14--54--36 anomallyFrameTracker resetted to 200
INFO:root:2021-07-26-14--54--36 Colour Conversion Completed
INFO:root:2021-07-26-14--54--36 Sleep Check Completed
INFO:root:2021-07-26-14--54--36 Frame manipulations completed
INFO:root:2021-07-26-14--54--36 Bounding Box Drawn
INFO:root:2021-07-26-14--54--36 MovingFrameQueue Appended
INFO:root:2021-07-26-14--54--36 Anomally Detected, starting call for more frames
INFO:root:2021-07-26-14--54--36 anomallyFrameTracker resetted to 200
INFO:root:2021-07-26-14--54--36 Colour Conversion Completed
INFO:root:2021-07-26-14--54--36 Sleep Check Completed
INFO:root:2021-07-26-14--54--36 Frame manipulations completed
INFO:root:2021-07-26-14--54--36 Bounding Box Drawn
INFO:root:2021-07-26-14--54--36 MovingFrameQueue Popped
INFO:root:2021-07-26-14--54--36 Anomally Detected, starting call for more frames
INFO:root:2021-07-26-14--54--36 anomallyFrameTracker resetted to 200
INFO:root:2021-07-26-14--54--36 Colour Conversion Completed
INFO:root:2021-07-26-14--54--36 Sleep Check Completed
INFO:root:2021-07-26-14--54--36 Frame manipulations completed
INFO:root:2021-07-26-14--54--36 Bounding Box Drawn
INFO:root:2021-07-26-14--54--37 MovingFrameQueue Appended
INFO:root:2021-07-26-14--54--37 Anomally Detected, starting call for more frames
INFO:root:2021-07-26-14--54--37 anomallyFrameTracker resetted to 200
INFO:root:2021-07-26-14--54--37 Colour Conversion Completed
INFO:root:2021-07-26-14--54--37 Sleep Check Completed
INFO:root:2021-07-26-14--54--37 Frame manipulations completed
INFO:root:2021-07-26-14--54--37 Bounding Box Drawn
INFO:root:2021-07-26-14--54--37 MovingFrameQueue Popped
INFO:root:2021-07-26-14--54--37 anomallyFrameTracker resetted to 200
INFO:root:2021-07-26-14--54--37 Colour Conversion Completed
INFO:root:2021-07-26-14--54--37 Sleep Check Completed
INFO:root:2021-07-26-14--54--37 Frame manipulations completed
INFO:root:2021-07-26-14--54--37 Bounding Box Drawn
INFO:root:2021-07-26-14--54--37 MovingFrameQueue Appended
INFO:root:2021-07-26-14--54--37 anomallyFrameTracker resetted to 200
INFO:root:2021-07-26-14--54--37 Colour Conversion Completed
INFO:root:2021-07-26-14--54--37 Sleep Check Completed
INFO:root:2021-07-26-14--54--37 Frame manipulations completed
INFO:root:2021-07-26-14--54--37 Bounding Box Drawn
INFO:root:2021-07-26-14--54--37 MovingFrameQueue Popped
INFO:root:2021-07-26-14--54--37 anomallyFrameTracker resetted to 200
INFO:root:2021-07-26-14--54--37 Colour Conversion Completed
INFO:root:2021-07-26-14--54--37 Sleep Check Completed
INFO:root:2021-07-26-14--54--37 Frame manipulations completed
INFO:root:2021-07-26-14--54--37 Bounding Box Drawn
INFO:root:2021-07-26-14--54--37 MovingFrameQueue Appended
INFO:root:2021-07-26-14--54--37 anomallyFrameTracker resetted to 200
INFO:root:2021-07-26-14--54--37 Colour Conversion Completed
INFO:root:2021-07-26-14--54--37 Sleep Check Completed
INFO:root:2021-07-26-14--54--37 Frame manipulations completed
INFO:root:2021-07-26-14--54--37 Bounding Box Drawn
INFO:root:2021-07-26-14--54--37 MovingFrameQueue Popped
INFO:root:2021-07-26-14--54--37 anomallyFrameTracker resetted to 200
INFO:root:2021-07-26-14--54--37 Colour Conversion Completed
INFO:root:2021-07-26-14--54--37 Sleep Check Completed
INFO:root:2021-07-26-14--54--37 Frame manipulations completed
INFO:root:2021-07-26-14--54--37 Bounding Box Drawn
INFO:root:2021-07-26-14--54--38 MovingFrameQueue Appended
INFO:root:2021-07-26-14--54--38 anomallyFrameTracker resetted to 200
INFO:root:2021-07-26-14--54--38 Colour Conversion Completed
INFO:root:2021-07-26-14--54--38 Sleep Check Completed
INFO:root:2021-07-26-14--54--38 Frame manipulations completed
INFO:root:2021-07-26-14--54--38 Bounding Box Drawn
INFO:root:2021-07-26-14--54--38 MovingFrameQueue Popped
INFO:root:2021-07-26-14--54--38 anomallyFrameTracker resetted to 200
INFO:root:2021-07-26-14--54--38 Colour Conversion Completed
INFO:root:2021-07-26-14--54--38 Sleep Check Completed
INFO:root:2021-07-26-14--54--38 Frame manipulations completed
INFO:root:2021-07-26-14--54--38 Bounding Box Drawn
INFO:root:2021-07-26-14--54--38 MovingFrameQueue Appended
INFO:root:2021-07-26-14--54--38 anomallyFrameTracker resetted to 200
INFO:root:2021-07-26-14--54--38 Colour Conversion Completed
INFO:root:2021-07-26-14--54--38 Sleep Check Completed
INFO:root:2021-07-26-14--54--38 Frame manipulations completed
INFO:root:2021-07-26-14--54--38 Bounding Box Drawn
INFO:root:2021-07-26-14--54--38 MovingFrameQueue Popped
INFO:root:2021-07-26-14--54--38 anomallyFrameTracker resetted to 200
INFO:root:2021-07-26-14--54--38 Colour Conversion Completed
INFO:root:2021-07-26-14--54--38 Sleep Check Completed
INFO:root:2021-07-26-14--54--38 Frame manipulations completed
INFO:root:2021-07-26-14--54--38 Bounding Box Drawn
INFO:root:2021-07-26-14--54--38[INFO] elapsed time: 46.76
INFO:root:2021-07-26-14--54--38[INFO] approx. FPS: 5.69
INFO:root:2021-07-26-14--54--39 Getting Auth Token Success
INFO:root:2021-07-26-14--54--39 Anomalous Detection Video Upload Completed
INFO:root:2021-07-26-14--54--39 Getting Auth Token Success
INFO:root:2021-07-26-14--54--39 BedTime Upload Completed
