INFO:root:2021-07-21-10--38--36 Parameter Generation Success
INFO:root:2021-07-21-10--38--37 Colour Conversion Completed
INFO:root:2021-07-21-10--38--37 Sleep Check Completed
INFO:root:2021-07-21-10--38--37 Frame manipulations completed
INFO:root:2021-07-21-10--38--37 Bounding Box Drawn
INFO:root:2021-07-21-10--38--42 MovingFrameQueue Appended
INFO:root:2021-07-21-10--38--42 anomallyFrameTracker resetted to 200
INFO:root:2021-07-21-10--38--42 Colour Conversion Completed
INFO:root:2021-07-21-10--38--42 Sleep Check Completed
INFO:root:2021-07-21-10--38--42 Frame manipulations completed
INFO:root:2021-07-21-10--38--42 Bounding Box Drawn
INFO:root:2021-07-21-10--38--42 MovingFrameQueue Appended
INFO:root:2021-07-21-10--38--42 anomallyFrameTracker resetted to 200
INFO:root:2021-07-21-10--38--42 Colour Conversion Completed
INFO:root:2021-07-21-10--38--42 Sleep Check Completed
INFO:root:2021-07-21-10--38--42 Frame manipulations completed
INFO:root:2021-07-21-10--38--42 Bounding Box Drawn
INFO:root:2021-07-21-10--38--42 MovingFrameQueue Appended
INFO:root:2021-07-21-10--38--42 anomallyFrameTracker resetted to 200
INFO:root:2021-07-21-10--38--42 Colour Conversion Completed
INFO:root:2021-07-21-10--38--42 Sleep Check Completed
INFO:root:2021-07-21-10--38--42 Frame manipulations completed
INFO:root:2021-07-21-10--38--42 Bounding Box Drawn
INFO:root:2021-07-21-10--38--42 MovingFrameQueue Appended
INFO:root:2021-07-21-10--38--42 anomallyFrameTracker resetted to 200
INFO:root:2021-07-21-10--38--42 Colour Conversion Completed
INFO:root:2021-07-21-10--38--42 Sleep Check Completed
INFO:root:2021-07-21-10--38--42 Frame manipulations completed
INFO:root:2021-07-21-10--38--42 Bounding Box Drawn
INFO:root:2021-07-21-10--38--42 MovingFrameQueue Appended
INFO:root:2021-07-21-10--38--42 anomallyFrameTracker resetted to 200
INFO:root:2021-07-21-10--38--42 Colour Conversion Completed
INFO:root:2021-07-21-10--38--42 Sleep Check Completed
INFO:root:2021-07-21-10--38--42 Frame manipulations completed
INFO:root:2021-07-21-10--38--42 Bounding Box Drawn
INFO:root:2021-07-21-10--38--42 MovingFrameQueue Appended
INFO:root:2021-07-21-10--38--42 anomallyFrameTracker resetted to 200
INFO:root:2021-07-21-10--38--42 Colour Conversion Completed
INFO:root:2021-07-21-10--38--42 Sleep Check Completed
INFO:root:2021-07-21-10--38--42 Frame manipulations completed
INFO:root:2021-07-21-10--38--42 Bounding Box Drawn
INFO:root:2021-07-21-10--38--43 MovingFrameQueue Appended
INFO:root:2021-07-21-10--38--43 anomallyFrameTracker resetted to 200
INFO:root:2021-07-21-10--38--43 Colour Conversion Completed
INFO:root:2021-07-21-10--38--43 Sleep Check Completed
INFO:root:2021-07-21-10--38--43 Frame manipulations completed
INFO:root:2021-07-21-10--38--43 Bounding Box Drawn
INFO:root:2021-07-21-10--38--43 MovingFrameQueue Appended
INFO:root:2021-07-21-10--38--43 anomallyFrameTracker resetted to 200
INFO:root:2021-07-21-10--38--43 Colour Conversion Completed
INFO:root:2021-07-21-10--38--43 Sleep Check Completed
INFO:root:2021-07-21-10--38--43 Frame manipulations completed
INFO:root:2021-07-21-10--38--43 Bounding Box Drawn
INFO:root:2021-07-21-10--38--43 MovingFrameQueue Appended
INFO:root:2021-07-21-10--38--43 anomallyFrameTracker resetted to 200
INFO:root:2021-07-21-10--38--43 Colour Conversion Completed
INFO:root:2021-07-21-10--38--43 Sleep Check Completed
INFO:root:2021-07-21-10--38--43 Frame manipulations completed
INFO:root:2021-07-21-10--38--43 Bounding Box Drawn
INFO:root:2021-07-21-10--38--43 MovingFrameQueue Appended
INFO:root:2021-07-21-10--38--43 anomallyFrameTracker resetted to 200
INFO:root:2021-07-21-10--38--43 Colour Conversion Completed
INFO:root:2021-07-21-10--38--43 Sleep Check Completed
INFO:root:2021-07-21-10--38--43 Frame manipulations completed
INFO:root:2021-07-21-10--38--43 Bounding Box Drawn
INFO:root:2021-07-21-10--38--43 MovingFrameQueue Appended
INFO:root:2021-07-21-10--38--43 anomallyFrameTracker resetted to 200
INFO:root:2021-07-21-10--38--43 Colour Conversion Completed
INFO:root:2021-07-21-10--38--43 Sleep Check Completed
INFO:root:2021-07-21-10--38--43 Frame manipulations completed
INFO:root:2021-07-21-10--38--43 Bounding Box Drawn
INFO:root:2021-07-21-10--38--44 MovingFrameQueue Appended
INFO:root:2021-07-21-10--38--44 anomallyFrameTracker resetted to 200
INFO:root:2021-07-21-10--38--44 Colour Conversion Completed
INFO:root:2021-07-21-10--38--44 Sleep Check Completed
INFO:root:2021-07-21-10--38--44 Frame manipulations completed
INFO:root:2021-07-21-10--38--44 Bounding Box Drawn
INFO:root:2021-07-21-10--38--44 MovingFrameQueue Appended
INFO:root:2021-07-21-10--38--44 anomallyFrameTracker resetted to 200
INFO:root:2021-07-21-10--38--44 Colour Conversion Completed
INFO:root:2021-07-21-10--38--44 Sleep Check Completed
INFO:root:2021-07-21-10--38--44 Frame manipulations completed
INFO:root:2021-07-21-10--38--44 Bounding Box Drawn
INFO:root:2021-07-21-10--38--44 MovingFrameQueue Appended
INFO:root:2021-07-21-10--38--44 anomallyFrameTracker resetted to 200
INFO:root:2021-07-21-10--38--44 Colour Conversion Completed
INFO:root:2021-07-21-10--38--44 Sleep Check Completed
INFO:root:2021-07-21-10--38--44 Frame manipulations completed
INFO:root:2021-07-21-10--38--44 Bounding Box Drawn
INFO:root:2021-07-21-10--38--44 MovingFrameQueue Appended
INFO:root:2021-07-21-10--38--44 anomallyFrameTracker resetted to 200
INFO:root:2021-07-21-10--38--44 Colour Conversion Completed
INFO:root:2021-07-21-10--38--44 Sleep Check Completed
INFO:root:2021-07-21-10--38--44 Frame manipulations completed
INFO:root:2021-07-21-10--38--44 Bounding Box Drawn
INFO:root:2021-07-21-10--38--44 MovingFrameQueue Appended
INFO:root:2021-07-21-10--38--44 anomallyFrameTracker resetted to 200
INFO:root:2021-07-21-10--38--44 Colour Conversion Completed
INFO:root:2021-07-21-10--38--44 Sleep Check Completed
INFO:root:2021-07-21-10--38--44 Frame manipulations completed
INFO:root:2021-07-21-10--38--44 Bounding Box Drawn
INFO:root:2021-07-21-10--38--45 MovingFrameQueue Appended
INFO:root:2021-07-21-10--38--45 anomallyFrameTracker resetted to 200
INFO:root:2021-07-21-10--38--45 Colour Conversion Completed
INFO:root:2021-07-21-10--38--45 Sleep Check Completed
INFO:root:2021-07-21-10--38--45 Frame manipulations completed
INFO:root:2021-07-21-10--38--45 Bounding Box Drawn
INFO:root:2021-07-21-10--38--45 MovingFrameQueue Appended
INFO:root:2021-07-21-10--38--45 anomallyFrameTracker resetted to 200
INFO:root:2021-07-21-10--38--45 Colour Conversion Completed
INFO:root:2021-07-21-10--38--45 Sleep Check Completed
INFO:root:2021-07-21-10--38--45 Frame manipulations completed
INFO:root:2021-07-21-10--38--45 Bounding Box Drawn
INFO:root:2021-07-21-10--38--45 MovingFrameQueue Appended
INFO:root:2021-07-21-10--38--45 anomallyFrameTracker resetted to 200
INFO:root:2021-07-21-10--38--45 Colour Conversion Completed
INFO:root:2021-07-21-10--38--45 Sleep Check Completed
INFO:root:2021-07-21-10--38--45 Frame manipulations completed
INFO:root:2021-07-21-10--38--45 Bounding Box Drawn
INFO:root:2021-07-21-10--38--45 MovingFrameQueue Appended
INFO:root:2021-07-21-10--38--45 anomallyFrameTracker resetted to 200
INFO:root:2021-07-21-10--38--45 Colour Conversion Completed
INFO:root:2021-07-21-10--38--45 Sleep Check Completed
INFO:root:2021-07-21-10--38--45 Frame manipulations completed
INFO:root:2021-07-21-10--38--45 Bounding Box Drawn
INFO:root:2021-07-21-10--38--45 MovingFrameQueue Appended
INFO:root:2021-07-21-10--38--45 anomallyFrameTracker resetted to 200
INFO:root:2021-07-21-10--38--45 Colour Conversion Completed
INFO:root:2021-07-21-10--38--45 Sleep Check Completed
INFO:root:2021-07-21-10--38--45 Frame manipulations completed
INFO:root:2021-07-21-10--38--45 Bounding Box Drawn
INFO:root:2021-07-21-10--38--45 MovingFrameQueue Appended
INFO:root:2021-07-21-10--38--45 anomallyFrameTracker resetted to 200
INFO:root:2021-07-21-10--38--45 Colour Conversion Completed
INFO:root:2021-07-21-10--38--45 Sleep Check Completed
INFO:root:2021-07-21-10--38--45 Frame manipulations completed
INFO:root:2021-07-21-10--38--45 Bounding Box Drawn
INFO:root:2021-07-21-10--38--46 MovingFrameQueue Appended
INFO:root:2021-07-21-10--38--46 anomallyFrameTracker resetted to 200
INFO:root:2021-07-21-10--38--46 Colour Conversion Completed
INFO:root:2021-07-21-10--38--46 Sleep Check Completed
INFO:root:2021-07-21-10--38--46 Frame manipulations completed
INFO:root:2021-07-21-10--38--46 Bounding Box Drawn
INFO:root:2021-07-21-10--38--46 MovingFrameQueue Appended
INFO:root:2021-07-21-10--38--46 anomallyFrameTracker resetted to 200
INFO:root:2021-07-21-10--38--46 Colour Conversion Completed
INFO:root:2021-07-21-10--38--46 Sleep Check Completed
INFO:root:2021-07-21-10--38--46 Frame manipulations completed
INFO:root:2021-07-21-10--38--46 Bounding Box Drawn
INFO:root:2021-07-21-10--38--46 MovingFrameQueue Appended
INFO:root:2021-07-21-10--38--46 anomallyFrameTracker resetted to 200
INFO:root:2021-07-21-10--38--46 Colour Conversion Completed
INFO:root:2021-07-21-10--38--46 Sleep Check Completed
INFO:root:2021-07-21-10--38--46 Frame manipulations completed
INFO:root:2021-07-21-10--38--46 Bounding Box Drawn
INFO:root:2021-07-21-10--38--46 MovingFrameQueue Appended
INFO:root:2021-07-21-10--38--46 anomallyFrameTracker resetted to 200
INFO:root:2021-07-21-10--38--46 Colour Conversion Completed
INFO:root:2021-07-21-10--38--46 Sleep Check Completed
INFO:root:2021-07-21-10--38--46 Frame manipulations completed
INFO:root:2021-07-21-10--38--46 Bounding Box Drawn
INFO:root:2021-07-21-10--38--46 MovingFrameQueue Appended
INFO:root:2021-07-21-10--38--46 anomallyFrameTracker resetted to 200
INFO:root:2021-07-21-10--38--46 Colour Conversion Completed
INFO:root:2021-07-21-10--38--46 Sleep Check Completed
INFO:root:2021-07-21-10--38--46 Frame manipulations completed
INFO:root:2021-07-21-10--38--46 Bounding Box Drawn
INFO:root:2021-07-21-10--38--46 MovingFrameQueue Appended
INFO:root:2021-07-21-10--38--46 anomallyFrameTracker resetted to 200
INFO:root:2021-07-21-10--38--46 Colour Conversion Completed
INFO:root:2021-07-21-10--38--46 Sleep Check Completed
INFO:root:2021-07-21-10--38--46 Frame manipulations completed
INFO:root:2021-07-21-10--38--46 Bounding Box Drawn
INFO:root:2021-07-21-10--38--47 MovingFrameQueue Appended
INFO:root:2021-07-21-10--38--47 anomallyFrameTracker resetted to 200
INFO:root:2021-07-21-10--38--47 Colour Conversion Completed
INFO:root:2021-07-21-10--38--47 Sleep Check Completed
INFO:root:2021-07-21-10--38--47 Frame manipulations completed
INFO:root:2021-07-21-10--38--47 Bounding Box Drawn
INFO:root:2021-07-21-10--38--47 MovingFrameQueue Appended
INFO:root:2021-07-21-10--38--47 anomallyFrameTracker resetted to 200
INFO:root:2021-07-21-10--38--47 Colour Conversion Completed
INFO:root:2021-07-21-10--38--47 Sleep Check Completed
INFO:root:2021-07-21-10--38--47 Frame manipulations completed
INFO:root:2021-07-21-10--38--47 Bounding Box Drawn
INFO:root:2021-07-21-10--38--47 MovingFrameQueue Appended
INFO:root:2021-07-21-10--38--47 anomallyFrameTracker resetted to 200
INFO:root:2021-07-21-10--38--47 Colour Conversion Completed
INFO:root:2021-07-21-10--38--47 Sleep Check Completed
INFO:root:2021-07-21-10--38--47 Frame manipulations completed
INFO:root:2021-07-21-10--38--47 Bounding Box Drawn
INFO:root:2021-07-21-10--38--47 MovingFrameQueue Appended
INFO:root:2021-07-21-10--38--47 anomallyFrameTracker resetted to 200
INFO:root:2021-07-21-10--38--47 Colour Conversion Completed
INFO:root:2021-07-21-10--38--47 Sleep Check Completed
INFO:root:2021-07-21-10--38--47 Frame manipulations completed
INFO:root:2021-07-21-10--38--47 Bounding Box Drawn
INFO:root:2021-07-21-10--38--47 MovingFrameQueue Appended
INFO:root:2021-07-21-10--38--47 anomallyFrameTracker resetted to 200
INFO:root:2021-07-21-10--38--47 Colour Conversion Completed
INFO:root:2021-07-21-10--38--47 Sleep Check Completed
INFO:root:2021-07-21-10--38--47 Frame manipulations completed
INFO:root:2021-07-21-10--38--47 Bounding Box Drawn
INFO:root:2021-07-21-10--38--47 MovingFrameQueue Appended
INFO:root:2021-07-21-10--38--47 anomallyFrameTracker resetted to 200
INFO:root:2021-07-21-10--38--47 Colour Conversion Completed
INFO:root:2021-07-21-10--38--47 Sleep Check Completed
INFO:root:2021-07-21-10--38--47 Frame manipulations completed
INFO:root:2021-07-21-10--38--47 Bounding Box Drawn
INFO:root:2021-07-21-10--38--47 MovingFrameQueue Appended
INFO:root:2021-07-21-10--38--47 anomallyFrameTracker resetted to 200
INFO:root:2021-07-21-10--38--48 Colour Conversion Completed
INFO:root:2021-07-21-10--38--48 Sleep Check Completed
INFO:root:2021-07-21-10--38--48 Frame manipulations completed
INFO:root:2021-07-21-10--38--48 Bounding Box Drawn
INFO:root:2021-07-21-10--38--48 MovingFrameQueue Appended
INFO:root:2021-07-21-10--38--48 anomallyFrameTracker resetted to 200
INFO:root:2021-07-21-10--38--48 Colour Conversion Completed
INFO:root:2021-07-21-10--38--48 Sleep Check Completed
INFO:root:2021-07-21-10--38--48 Frame manipulations completed
INFO:root:2021-07-21-10--38--48 Bounding Box Drawn
INFO:root:2021-07-21-10--38--48 MovingFrameQueue Appended
INFO:root:2021-07-21-10--38--48 anomallyFrameTracker resetted to 200
INFO:root:2021-07-21-10--38--48 Colour Conversion Completed
INFO:root:2021-07-21-10--38--48 Sleep Check Completed
INFO:root:2021-07-21-10--38--48 Frame manipulations completed
INFO:root:2021-07-21-10--38--48 Bounding Box Drawn
INFO:root:2021-07-21-10--38--48 MovingFrameQueue Appended
INFO:root:2021-07-21-10--38--48 anomallyFrameTracker resetted to 200
INFO:root:2021-07-21-10--38--48 Colour Conversion Completed
INFO:root:2021-07-21-10--38--48 Sleep Check Completed
INFO:root:2021-07-21-10--38--48 Frame manipulations completed
INFO:root:2021-07-21-10--38--48 Bounding Box Drawn
INFO:root:2021-07-21-10--38--48 MovingFrameQueue Appended
INFO:root:2021-07-21-10--38--48 anomallyFrameTracker resetted to 200
INFO:root:2021-07-21-10--38--48 Colour Conversion Completed
INFO:root:2021-07-21-10--38--48 Sleep Check Completed
INFO:root:2021-07-21-10--38--48 Frame manipulations completed
INFO:root:2021-07-21-10--38--48 Bounding Box Drawn
INFO:root:2021-07-21-10--38--48 MovingFrameQueue Appended
INFO:root:2021-07-21-10--38--48 anomallyFrameTracker resetted to 200
INFO:root:2021-07-21-10--38--48 Colour Conversion Completed
INFO:root:2021-07-21-10--38--48 Sleep Check Completed
INFO:root:2021-07-21-10--38--48 Frame manipulations completed
INFO:root:2021-07-21-10--38--48 Bounding Box Drawn
INFO:root:2021-07-21-10--38--48 MovingFrameQueue Appended
INFO:root:2021-07-21-10--38--48 anomallyFrameTracker resetted to 200
INFO:root:2021-07-21-10--38--48 Colour Conversion Completed
INFO:root:2021-07-21-10--38--48 Sleep Check Completed
INFO:root:2021-07-21-10--38--48 Frame manipulations completed
INFO:root:2021-07-21-10--38--48 Bounding Box Drawn
INFO:root:2021-07-21-10--38--49 MovingFrameQueue Appended
INFO:root:2021-07-21-10--38--49 anomallyFrameTracker resetted to 200
INFO:root:2021-07-21-10--38--49 Colour Conversion Completed
INFO:root:2021-07-21-10--38--49 Sleep Check Completed
INFO:root:2021-07-21-10--38--49 Frame manipulations completed
INFO:root:2021-07-21-10--38--49 Bounding Box Drawn
INFO:root:2021-07-21-10--38--49 MovingFrameQueue Appended
INFO:root:2021-07-21-10--38--49 anomallyFrameTracker resetted to 200
INFO:root:2021-07-21-10--38--49 Colour Conversion Completed
INFO:root:2021-07-21-10--38--49 Sleep Check Completed
INFO:root:2021-07-21-10--38--49 Frame manipulations completed
INFO:root:2021-07-21-10--38--49 Bounding Box Drawn
INFO:root:2021-07-21-10--38--49 MovingFrameQueue Appended
INFO:root:2021-07-21-10--38--49 anomallyFrameTracker resetted to 200
INFO:root:2021-07-21-10--38--49 Colour Conversion Completed
INFO:root:2021-07-21-10--38--49 Sleep Check Completed
INFO:root:2021-07-21-10--38--49 Frame manipulations completed
INFO:root:2021-07-21-10--38--49 Bounding Box Drawn
INFO:root:2021-07-21-10--38--49 MovingFrameQueue Appended
INFO:root:2021-07-21-10--38--49 anomallyFrameTracker resetted to 200
INFO:root:2021-07-21-10--38--49 Colour Conversion Completed
INFO:root:2021-07-21-10--38--49 Sleep Check Completed
INFO:root:2021-07-21-10--38--49 Frame manipulations completed
INFO:root:2021-07-21-10--38--49 Bounding Box Drawn
INFO:root:2021-07-21-10--38--49 MovingFrameQueue Appended
INFO:root:2021-07-21-10--38--49 anomallyFrameTracker resetted to 200
INFO:root:2021-07-21-10--38--49 Colour Conversion Completed
INFO:root:2021-07-21-10--38--49 Sleep Check Completed
INFO:root:2021-07-21-10--38--49 Frame manipulations completed
INFO:root:2021-07-21-10--38--49 Bounding Box Drawn
INFO:root:2021-07-21-10--38--49 MovingFrameQueue Appended
INFO:root:2021-07-21-10--38--49 anomallyFrameTracker resetted to 200
INFO:root:2021-07-21-10--38--49 Colour Conversion Completed
INFO:root:2021-07-21-10--38--49 Sleep Check Completed
INFO:root:2021-07-21-10--38--49 Frame manipulations completed
INFO:root:2021-07-21-10--38--49 Bounding Box Drawn
INFO:root:2021-07-21-10--38--50 MovingFrameQueue Appended
INFO:root:2021-07-21-10--38--50 anomallyFrameTracker resetted to 200
INFO:root:2021-07-21-10--38--50 Colour Conversion Completed
INFO:root:2021-07-21-10--38--50 Sleep Check Completed
INFO:root:2021-07-21-10--38--50 Frame manipulations completed
INFO:root:2021-07-21-10--38--50 Bounding Box Drawn
INFO:root:2021-07-21-10--38--50 MovingFrameQueue Appended
INFO:root:2021-07-21-10--38--50 anomallyFrameTracker resetted to 200
INFO:root:2021-07-21-10--38--50 Colour Conversion Completed
INFO:root:2021-07-21-10--38--50 Sleep Check Completed
INFO:root:2021-07-21-10--38--50 Frame manipulations completed
INFO:root:2021-07-21-10--38--50 Bounding Box Drawn
INFO:root:2021-07-21-10--38--50 MovingFrameQueue Appended
INFO:root:2021-07-21-10--38--50 anomallyFrameTracker resetted to 200
INFO:root:2021-07-21-10--38--50 Colour Conversion Completed
INFO:root:2021-07-21-10--38--50 Sleep Check Completed
INFO:root:2021-07-21-10--38--50 Frame manipulations completed
INFO:root:2021-07-21-10--38--50 Bounding Box Drawn
INFO:root:2021-07-21-10--38--50 MovingFrameQueue Appended
INFO:root:2021-07-21-10--38--50 anomallyFrameTracker resetted to 200
INFO:root:2021-07-21-10--38--50 Colour Conversion Completed
INFO:root:2021-07-21-10--38--50 Sleep Check Completed
INFO:root:2021-07-21-10--38--50 Frame manipulations completed
INFO:root:2021-07-21-10--38--50 Bounding Box Drawn
INFO:root:2021-07-21-10--38--50 MovingFrameQueue Popped
INFO:root:2021-07-21-10--38--50 anomallyFrameTracker resetted to 200
INFO:root:2021-07-21-10--38--50 Colour Conversion Completed
INFO:root:2021-07-21-10--38--50 Sleep Check Completed
INFO:root:2021-07-21-10--38--50 Frame manipulations completed
INFO:root:2021-07-21-10--38--50 Bounding Box Drawn
INFO:root:2021-07-21-10--38--50 MovingFrameQueue Appended
INFO:root:2021-07-21-10--38--50 anomallyFrameTracker resetted to 200
INFO:root:2021-07-21-10--38--50 Colour Conversion Completed
INFO:root:2021-07-21-10--38--51 Sleep Check Completed
INFO:root:2021-07-21-10--38--51 Frame manipulations completed
INFO:root:2021-07-21-10--38--51 Bounding Box Drawn
INFO:root:2021-07-21-10--38--51 MovingFrameQueue Popped
INFO:root:2021-07-21-10--38--51 anomallyFrameTracker resetted to 200
INFO:root:2021-07-21-10--38--51 Colour Conversion Completed
INFO:root:2021-07-21-10--38--51 Sleep Check Completed
INFO:root:2021-07-21-10--38--51 Frame manipulations completed
INFO:root:2021-07-21-10--38--51 Bounding Box Drawn
INFO:root:2021-07-21-10--38--51 MovingFrameQueue Appended
INFO:root:2021-07-21-10--38--51 anomallyFrameTracker resetted to 200
INFO:root:2021-07-21-10--38--51 Colour Conversion Completed
INFO:root:2021-07-21-10--38--51 Sleep Check Completed
INFO:root:2021-07-21-10--38--51 Frame manipulations completed
INFO:root:2021-07-21-10--38--51 Bounding Box Drawn
INFO:root:2021-07-21-10--38--51 MovingFrameQueue Popped
INFO:root:2021-07-21-10--38--51 anomallyFrameTracker resetted to 200
INFO:root:2021-07-21-10--38--51 Colour Conversion Completed
INFO:root:2021-07-21-10--38--51 Sleep Check Completed
INFO:root:2021-07-21-10--38--51 Frame manipulations completed
INFO:root:2021-07-21-10--38--51 Bounding Box Drawn
INFO:root:2021-07-21-10--38--51 MovingFrameQueue Appended
INFO:root:2021-07-21-10--38--51 anomallyFrameTracker resetted to 200
INFO:root:2021-07-21-10--38--51 Colour Conversion Completed
INFO:root:2021-07-21-10--38--51 Sleep Check Completed
INFO:root:2021-07-21-10--38--51 Frame manipulations completed
INFO:root:2021-07-21-10--38--51 Bounding Box Drawn
INFO:root:2021-07-21-10--38--51 MovingFrameQueue Popped
INFO:root:2021-07-21-10--38--51 anomallyFrameTracker resetted to 200
INFO:root:2021-07-21-10--38--51 Colour Conversion Completed
INFO:root:2021-07-21-10--38--51 Sleep Check Completed
INFO:root:2021-07-21-10--38--51 Frame manipulations completed
INFO:root:2021-07-21-10--38--51 Bounding Box Drawn
INFO:root:2021-07-21-10--38--51 MovingFrameQueue Appended
INFO:root:2021-07-21-10--38--51 anomallyFrameTracker resetted to 200
INFO:root:2021-07-21-10--38--51 Colour Conversion Completed
INFO:root:2021-07-21-10--38--51 Sleep Check Completed
INFO:root:2021-07-21-10--38--51 Frame manipulations completed
INFO:root:2021-07-21-10--38--51 Bounding Box Drawn
INFO:root:2021-07-21-10--38--52 MovingFrameQueue Popped
INFO:root:2021-07-21-10--38--52 anomallyFrameTracker resetted to 200
INFO:root:2021-07-21-10--38--52 Colour Conversion Completed
INFO:root:2021-07-21-10--38--52 Sleep Check Completed
INFO:root:2021-07-21-10--38--52 Frame manipulations completed
INFO:root:2021-07-21-10--38--52 Bounding Box Drawn
INFO:root:2021-07-21-10--38--52 MovingFrameQueue Appended
INFO:root:2021-07-21-10--38--52 anomallyFrameTracker resetted to 200
INFO:root:2021-07-21-10--38--52 Colour Conversion Completed
INFO:root:2021-07-21-10--38--52 Sleep Check Completed
INFO:root:2021-07-21-10--38--52 Frame manipulations completed
INFO:root:2021-07-21-10--38--52 Bounding Box Drawn
INFO:root:2021-07-21-10--38--52 MovingFrameQueue Popped
INFO:root:2021-07-21-10--38--52 anomallyFrameTracker resetted to 200
INFO:root:2021-07-21-10--38--52 Colour Conversion Completed
INFO:root:2021-07-21-10--38--52 Sleep Check Completed
INFO:root:2021-07-21-10--38--52 Frame manipulations completed
INFO:root:2021-07-21-10--38--52 Bounding Box Drawn
INFO:root:2021-07-21-10--38--52 MovingFrameQueue Appended
INFO:root:2021-07-21-10--38--52 anomallyFrameTracker resetted to 200
INFO:root:2021-07-21-10--38--52 Colour Conversion Completed
INFO:root:2021-07-21-10--38--52 Sleep Check Completed
INFO:root:2021-07-21-10--38--52 Frame manipulations completed
INFO:root:2021-07-21-10--38--52 Bounding Box Drawn
INFO:root:2021-07-21-10--38--52 MovingFrameQueue Popped
INFO:root:2021-07-21-10--38--52 anomallyFrameTracker resetted to 200
INFO:root:2021-07-21-10--38--52 Colour Conversion Completed
INFO:root:2021-07-21-10--38--52 Sleep Check Completed
INFO:root:2021-07-21-10--38--52 Frame manipulations completed
INFO:root:2021-07-21-10--38--52 Bounding Box Drawn
INFO:root:2021-07-21-10--38--53 MovingFrameQueue Appended
INFO:root:2021-07-21-10--38--53 anomallyFrameTracker resetted to 200
INFO:root:2021-07-21-10--38--53 Colour Conversion Completed
INFO:root:2021-07-21-10--38--53 Sleep Check Completed
INFO:root:2021-07-21-10--38--53 Frame manipulations completed
INFO:root:2021-07-21-10--38--53 Bounding Box Drawn
INFO:root:2021-07-21-10--38--53 MovingFrameQueue Popped
INFO:root:2021-07-21-10--38--53 anomallyFrameTracker resetted to 200
INFO:root:2021-07-21-10--38--53 Colour Conversion Completed
INFO:root:2021-07-21-10--38--53 Sleep Check Completed
INFO:root:2021-07-21-10--38--53 Frame manipulations completed
INFO:root:2021-07-21-10--38--53 Bounding Box Drawn
INFO:root:2021-07-21-10--38--53 MovingFrameQueue Appended
INFO:root:2021-07-21-10--38--53 anomallyFrameTracker resetted to 200
INFO:root:2021-07-21-10--38--53 Colour Conversion Completed
INFO:root:2021-07-21-10--38--53 Sleep Check Completed
INFO:root:2021-07-21-10--38--53 Frame manipulations completed
INFO:root:2021-07-21-10--38--53 Bounding Box Drawn
INFO:root:2021-07-21-10--38--53 MovingFrameQueue Popped
INFO:root:2021-07-21-10--38--53 anomallyFrameTracker resetted to 200
INFO:root:2021-07-21-10--38--53 Colour Conversion Completed
INFO:root:2021-07-21-10--38--53 Sleep Check Completed
INFO:root:2021-07-21-10--38--53 Frame manipulations completed
INFO:root:2021-07-21-10--38--53 Bounding Box Drawn
INFO:root:2021-07-21-10--38--53 MovingFrameQueue Appended
INFO:root:2021-07-21-10--38--53 anomallyFrameTracker resetted to 200
INFO:root:2021-07-21-10--38--53 Colour Conversion Completed
INFO:root:2021-07-21-10--38--53 Sleep Check Completed
INFO:root:2021-07-21-10--38--53 Frame manipulations completed
INFO:root:2021-07-21-10--38--53 Bounding Box Drawn
INFO:root:2021-07-21-10--38--53 MovingFrameQueue Popped
INFO:root:2021-07-21-10--38--53 anomallyFrameTracker resetted to 200
INFO:root:2021-07-21-10--38--53 Colour Conversion Completed
INFO:root:2021-07-21-10--38--53 Sleep Check Completed
INFO:root:2021-07-21-10--38--53 Frame manipulations completed
INFO:root:2021-07-21-10--38--53 Bounding Box Drawn
INFO:root:2021-07-21-10--38--54 MovingFrameQueue Appended
INFO:root:2021-07-21-10--38--54 anomallyFrameTracker resetted to 200
INFO:root:2021-07-21-10--38--54 Colour Conversion Completed
INFO:root:2021-07-21-10--38--54 Sleep Check Completed
INFO:root:2021-07-21-10--38--54 Frame manipulations completed
INFO:root:2021-07-21-10--38--54 Bounding Box Drawn
INFO:root:2021-07-21-10--38--54 MovingFrameQueue Popped
INFO:root:2021-07-21-10--38--54 anomallyFrameTracker resetted to 200
INFO:root:2021-07-21-10--38--54 Colour Conversion Completed
INFO:root:2021-07-21-10--38--54 Sleep Check Completed
INFO:root:2021-07-21-10--38--54 Frame manipulations completed
INFO:root:2021-07-21-10--38--54 Bounding Box Drawn
INFO:root:2021-07-21-10--38--54 MovingFrameQueue Appended
INFO:root:2021-07-21-10--38--54 anomallyFrameTracker resetted to 200
INFO:root:2021-07-21-10--38--54 Colour Conversion Completed
INFO:root:2021-07-21-10--38--54 Sleep Check Completed
INFO:root:2021-07-21-10--38--54 Frame manipulations completed
INFO:root:2021-07-21-10--38--54 Bounding Box Drawn
INFO:root:2021-07-21-10--38--54 MovingFrameQueue Popped
INFO:root:2021-07-21-10--38--54 anomallyFrameTracker resetted to 200
INFO:root:2021-07-21-10--38--54 Colour Conversion Completed
INFO:root:2021-07-21-10--38--54 Sleep Check Completed
INFO:root:2021-07-21-10--38--54 Frame manipulations completed
INFO:root:2021-07-21-10--38--54 Bounding Box Drawn
INFO:root:2021-07-21-10--38--54 MovingFrameQueue Appended
INFO:root:2021-07-21-10--38--54 anomallyFrameTracker resetted to 200
INFO:root:2021-07-21-10--38--54 Colour Conversion Completed
INFO:root:2021-07-21-10--38--54 Sleep Check Completed
INFO:root:2021-07-21-10--38--54 Frame manipulations completed
INFO:root:2021-07-21-10--38--54 Bounding Box Drawn
INFO:root:2021-07-21-10--38--54 MovingFrameQueue Popped
INFO:root:2021-07-21-10--38--54 anomallyFrameTracker resetted to 200
INFO:root:2021-07-21-10--38--54 Colour Conversion Completed
INFO:root:2021-07-21-10--38--54 Sleep Check Completed
INFO:root:2021-07-21-10--38--54 Frame manipulations completed
INFO:root:2021-07-21-10--38--54 Bounding Box Drawn
INFO:root:2021-07-21-10--38--55 MovingFrameQueue Appended
INFO:root:2021-07-21-10--38--55 Anomally Detected, starting call for more frames
INFO:root:2021-07-21-10--38--55 anomallyFrameTracker resetted to 200
INFO:root:2021-07-21-10--38--55 Colour Conversion Completed
INFO:root:2021-07-21-10--38--55 Sleep Check Completed
INFO:root:2021-07-21-10--38--55 Frame manipulations completed
INFO:root:2021-07-21-10--38--55 Bounding Box Drawn
INFO:root:2021-07-21-10--38--55 MovingFrameQueue Popped
INFO:root:2021-07-21-10--38--55 Anomally Detected, starting call for more frames
INFO:root:2021-07-21-10--38--55 anomallyFrameTracker resetted to 200
INFO:root:2021-07-21-10--38--55 Colour Conversion Completed
INFO:root:2021-07-21-10--38--55 Sleep Check Completed
INFO:root:2021-07-21-10--38--55 Frame manipulations completed
INFO:root:2021-07-21-10--38--55 Bounding Box Drawn
INFO:root:2021-07-21-10--38--55 MovingFrameQueue Appended
INFO:root:2021-07-21-10--38--55 Anomally Detected, starting call for more frames
INFO:root:2021-07-21-10--38--55 anomallyFrameTracker resetted to 200
INFO:root:2021-07-21-10--38--55 Colour Conversion Completed
INFO:root:2021-07-21-10--38--55 Sleep Check Completed
INFO:root:2021-07-21-10--38--55 Frame manipulations completed
INFO:root:2021-07-21-10--38--55 Bounding Box Drawn
INFO:root:2021-07-21-10--38--55 MovingFrameQueue Popped
INFO:root:2021-07-21-10--38--55 Anomally Detected, starting call for more frames
INFO:root:2021-07-21-10--38--55 anomallyFrameTracker resetted to 200
INFO:root:2021-07-21-10--38--55 Colour Conversion Completed
INFO:root:2021-07-21-10--38--55 Sleep Check Completed
INFO:root:2021-07-21-10--38--55 Frame manipulations completed
INFO:root:2021-07-21-10--38--55 Bounding Box Drawn
INFO:root:2021-07-21-10--38--55 MovingFrameQueue Appended
INFO:root:2021-07-21-10--38--55 Anomally Detected, starting call for more frames
INFO:root:2021-07-21-10--38--55 anomallyFrameTracker resetted to 200
INFO:root:2021-07-21-10--38--55 Colour Conversion Completed
INFO:root:2021-07-21-10--38--55 Sleep Check Completed
INFO:root:2021-07-21-10--38--55 Frame manipulations completed
INFO:root:2021-07-21-10--38--55 Bounding Box Drawn
INFO:root:2021-07-21-10--38--55 MovingFrameQueue Popped
INFO:root:2021-07-21-10--38--55 Anomally Detected, starting call for more frames
INFO:root:2021-07-21-10--38--55 anomallyFrameTracker resetted to 200
INFO:root:2021-07-21-10--38--55 Colour Conversion Completed
INFO:root:2021-07-21-10--38--55 Sleep Check Completed
INFO:root:2021-07-21-10--38--55 Frame manipulations completed
INFO:root:2021-07-21-10--38--55 Bounding Box Drawn
INFO:root:2021-07-21-10--38--56 MovingFrameQueue Appended
INFO:root:2021-07-21-10--38--56 Anomally Detected, starting call for more frames
INFO:root:2021-07-21-10--38--56 anomallyFrameTracker resetted to 200
INFO:root:2021-07-21-10--38--56 Colour Conversion Completed
INFO:root:2021-07-21-10--38--56 Sleep Check Completed
INFO:root:2021-07-21-10--38--56 Frame manipulations completed
INFO:root:2021-07-21-10--38--56 Bounding Box Drawn
INFO:root:2021-07-21-10--38--56 MovingFrameQueue Popped
INFO:root:2021-07-21-10--38--56 Anomally Detected, starting call for more frames
INFO:root:2021-07-21-10--38--56 anomallyFrameTracker resetted to 200
INFO:root:2021-07-21-10--38--56 Colour Conversion Completed
INFO:root:2021-07-21-10--38--56 Sleep Check Completed
INFO:root:2021-07-21-10--38--56 Frame manipulations completed
INFO:root:2021-07-21-10--38--56 Bounding Box Drawn
INFO:root:2021-07-21-10--38--56 MovingFrameQueue Appended
INFO:root:2021-07-21-10--38--56 Anomally Detected, starting call for more frames
INFO:root:2021-07-21-10--38--56 anomallyFrameTracker resetted to 200
INFO:root:2021-07-21-10--38--56 Colour Conversion Completed
INFO:root:2021-07-21-10--38--56 Sleep Check Completed
INFO:root:2021-07-21-10--38--56 Frame manipulations completed
INFO:root:2021-07-21-10--38--56 Bounding Box Drawn
INFO:root:2021-07-21-10--38--56 MovingFrameQueue Popped
INFO:root:2021-07-21-10--38--56 Anomally Detected, starting call for more frames
INFO:root:2021-07-21-10--38--56 anomallyFrameTracker resetted to 200
INFO:root:2021-07-21-10--38--56 Colour Conversion Completed
INFO:root:2021-07-21-10--38--56 Sleep Check Completed
INFO:root:2021-07-21-10--38--56 Frame manipulations completed
INFO:root:2021-07-21-10--38--56 Bounding Box Drawn
INFO:root:2021-07-21-10--38--56 MovingFrameQueue Appended
INFO:root:2021-07-21-10--38--56 Anomally Detected, starting call for more frames
INFO:root:2021-07-21-10--38--56 anomallyFrameTracker resetted to 200
INFO:root:2021-07-21-10--38--56 Colour Conversion Completed
INFO:root:2021-07-21-10--38--56 Sleep Check Completed
INFO:root:2021-07-21-10--38--56 Frame manipulations completed
INFO:root:2021-07-21-10--38--56 Bounding Box Drawn
INFO:root:2021-07-21-10--38--57 MovingFrameQueue Popped
INFO:root:2021-07-21-10--38--57 Anomally Detected, starting call for more frames
INFO:root:2021-07-21-10--38--57 anomallyFrameTracker resetted to 200
INFO:root:2021-07-21-10--38--57 Colour Conversion Completed
INFO:root:2021-07-21-10--38--57 Sleep Check Completed
INFO:root:2021-07-21-10--38--57 Frame manipulations completed
INFO:root:2021-07-21-10--38--57 Bounding Box Drawn
INFO:root:2021-07-21-10--38--57 MovingFrameQueue Appended
INFO:root:2021-07-21-10--38--57 Anomally Detected, starting call for more frames
INFO:root:2021-07-21-10--38--57 anomallyFrameTracker resetted to 200
INFO:root:2021-07-21-10--38--57 Colour Conversion Completed
INFO:root:2021-07-21-10--38--57 Sleep Check Completed
INFO:root:2021-07-21-10--38--57 Frame manipulations completed
INFO:root:2021-07-21-10--38--57 Bounding Box Drawn
INFO:root:2021-07-21-10--38--57 MovingFrameQueue Popped
INFO:root:2021-07-21-10--38--57 Anomally Detected, starting call for more frames
INFO:root:2021-07-21-10--38--57 anomallyFrameTracker resetted to 200
INFO:root:2021-07-21-10--38--57 Colour Conversion Completed
INFO:root:2021-07-21-10--38--57 Sleep Check Completed
INFO:root:2021-07-21-10--38--57 Frame manipulations completed
INFO:root:2021-07-21-10--38--57 Bounding Box Drawn
INFO:root:2021-07-21-10--38--57 MovingFrameQueue Appended
INFO:root:2021-07-21-10--38--57 anomallyFrameTracker resetted to 200
INFO:root:2021-07-21-10--38--57 Colour Conversion Completed
INFO:root:2021-07-21-10--38--57 Sleep Check Completed
INFO:root:2021-07-21-10--38--57 Frame manipulations completed
INFO:root:2021-07-21-10--38--57 Bounding Box Drawn
INFO:root:2021-07-21-10--38--57 MovingFrameQueue Popped
INFO:root:2021-07-21-10--38--57 Anomally Detected, starting call for more frames
INFO:root:2021-07-21-10--38--57 anomallyFrameTracker resetted to 200
INFO:root:2021-07-21-10--38--57 Colour Conversion Completed
INFO:root:2021-07-21-10--38--58 Sleep Check Completed
INFO:root:2021-07-21-10--38--58 Frame manipulations completed
INFO:root:2021-07-21-10--38--58 Bounding Box Drawn
INFO:root:2021-07-21-10--38--58 MovingFrameQueue Appended
INFO:root:2021-07-21-10--38--58 Anomally Detected, starting call for more frames
INFO:root:2021-07-21-10--38--58 anomallyFrameTracker resetted to 200
INFO:root:2021-07-21-10--38--58 Colour Conversion Completed
INFO:root:2021-07-21-10--38--58 Sleep Check Completed
INFO:root:2021-07-21-10--38--58 Frame manipulations completed
INFO:root:2021-07-21-10--38--58 Bounding Box Drawn
INFO:root:2021-07-21-10--38--58 MovingFrameQueue Popped
INFO:root:2021-07-21-10--38--58 Anomally Detected, starting call for more frames
INFO:root:2021-07-21-10--38--58 anomallyFrameTracker resetted to 200
INFO:root:2021-07-21-10--38--58 Colour Conversion Completed
INFO:root:2021-07-21-10--38--58 Sleep Check Completed
INFO:root:2021-07-21-10--38--58 Frame manipulations completed
INFO:root:2021-07-21-10--38--58 Bounding Box Drawn
INFO:root:2021-07-21-10--38--58 MovingFrameQueue Appended
INFO:root:2021-07-21-10--38--58 Anomally Detected, starting call for more frames
INFO:root:2021-07-21-10--38--58 anomallyFrameTracker resetted to 200
INFO:root:2021-07-21-10--38--58 Colour Conversion Completed
INFO:root:2021-07-21-10--38--58 Sleep Check Completed
INFO:root:2021-07-21-10--38--58 Frame manipulations completed
INFO:root:2021-07-21-10--38--58 Bounding Box Drawn
INFO:root:2021-07-21-10--38--58 MovingFrameQueue Popped
INFO:root:2021-07-21-10--38--58 Anomally Detected, starting call for more frames
INFO:root:2021-07-21-10--38--58 anomallyFrameTracker resetted to 200
INFO:root:2021-07-21-10--38--58 Colour Conversion Completed
INFO:root:2021-07-21-10--38--58 Sleep Check Completed
INFO:root:2021-07-21-10--38--58 Frame manipulations completed
INFO:root:2021-07-21-10--38--58 Bounding Box Drawn
INFO:root:2021-07-21-10--38--58 MovingFrameQueue Appended
INFO:root:2021-07-21-10--38--58 Anomally Detected, starting call for more frames
INFO:root:2021-07-21-10--38--58 anomallyFrameTracker resetted to 200
INFO:root:2021-07-21-10--38--58 Colour Conversion Completed
INFO:root:2021-07-21-10--38--58 Sleep Check Completed
INFO:root:2021-07-21-10--38--58 Frame manipulations completed
INFO:root:2021-07-21-10--38--58 Bounding Box Drawn
INFO:root:2021-07-21-10--38--59 MovingFrameQueue Popped
INFO:root:2021-07-21-10--38--59 anomallyFrameTracker resetted to 200
INFO:root:2021-07-21-10--38--59 Colour Conversion Completed
INFO:root:2021-07-21-10--38--59 Sleep Check Completed
INFO:root:2021-07-21-10--38--59 Frame manipulations completed
INFO:root:2021-07-21-10--38--59 Bounding Box Drawn
INFO:root:2021-07-21-10--38--59 MovingFrameQueue Appended
INFO:root:2021-07-21-10--38--59 Anomally Detected, starting call for more frames
INFO:root:2021-07-21-10--38--59 anomallyFrameTracker resetted to 200
INFO:root:2021-07-21-10--38--59 Colour Conversion Completed
INFO:root:2021-07-21-10--38--59 Sleep Check Completed
INFO:root:2021-07-21-10--38--59 Frame manipulations completed
INFO:root:2021-07-21-10--38--59 Bounding Box Drawn
INFO:root:2021-07-21-10--38--59 MovingFrameQueue Popped
INFO:root:2021-07-21-10--38--59 Anomally Detected, starting call for more frames
INFO:root:2021-07-21-10--38--59 anomallyFrameTracker resetted to 200
INFO:root:2021-07-21-10--38--59 Colour Conversion Completed
INFO:root:2021-07-21-10--38--59 Sleep Check Completed
INFO:root:2021-07-21-10--38--59 Frame manipulations completed
INFO:root:2021-07-21-10--38--59 Bounding Box Drawn
INFO:root:2021-07-21-10--38--59 MovingFrameQueue Appended
INFO:root:2021-07-21-10--38--59 Anomally Detected, starting call for more frames
INFO:root:2021-07-21-10--38--59 anomallyFrameTracker resetted to 200
INFO:root:2021-07-21-10--38--59 Colour Conversion Completed
INFO:root:2021-07-21-10--38--59 Sleep Check Completed
INFO:root:2021-07-21-10--38--59 Frame manipulations completed
INFO:root:2021-07-21-10--38--59 Bounding Box Drawn
INFO:root:2021-07-21-10--38--59 MovingFrameQueue Popped
INFO:root:2021-07-21-10--38--59 Anomally Detected, starting call for more frames
INFO:root:2021-07-21-10--38--59 anomallyFrameTracker resetted to 200
INFO:root:2021-07-21-10--38--59 Colour Conversion Completed
INFO:root:2021-07-21-10--38--59 Sleep Check Completed
INFO:root:2021-07-21-10--38--59 Frame manipulations completed
INFO:root:2021-07-21-10--38--59 Bounding Box Drawn
INFO:root:2021-07-21-10--39--00 MovingFrameQueue Appended
INFO:root:2021-07-21-10--39--00 Anomally Detected, starting call for more frames
INFO:root:2021-07-21-10--39--00 anomallyFrameTracker resetted to 200
INFO:root:2021-07-21-10--39--00 Colour Conversion Completed
INFO:root:2021-07-21-10--39--00 Sleep Check Completed
INFO:root:2021-07-21-10--39--00 Frame manipulations completed
INFO:root:2021-07-21-10--39--00 Bounding Box Drawn
INFO:root:2021-07-21-10--39--00 MovingFrameQueue Popped
INFO:root:2021-07-21-10--39--00 Anomally Detected, starting call for more frames
INFO:root:2021-07-21-10--39--00 anomallyFrameTracker resetted to 200
INFO:root:2021-07-21-10--39--00 Colour Conversion Completed
INFO:root:2021-07-21-10--39--00 Sleep Check Completed
INFO:root:2021-07-21-10--39--00 Frame manipulations completed
INFO:root:2021-07-21-10--39--00 Bounding Box Drawn
INFO:root:2021-07-21-10--39--00 MovingFrameQueue Appended
INFO:root:2021-07-21-10--39--00 Anomally Detected, starting call for more frames
INFO:root:2021-07-21-10--39--00 anomallyFrameTracker resetted to 200
INFO:root:2021-07-21-10--39--00 Colour Conversion Completed
INFO:root:2021-07-21-10--39--00 Sleep Check Completed
INFO:root:2021-07-21-10--39--00 Frame manipulations completed
INFO:root:2021-07-21-10--39--00 Bounding Box Drawn
INFO:root:2021-07-21-10--39--00 MovingFrameQueue Popped
INFO:root:2021-07-21-10--39--00 anomallyFrameTracker resetted to 200
INFO:root:2021-07-21-10--39--00 Colour Conversion Completed
INFO:root:2021-07-21-10--39--00 Sleep Check Completed
INFO:root:2021-07-21-10--39--00 Frame manipulations completed
INFO:root:2021-07-21-10--39--00 Bounding Box Drawn
INFO:root:2021-07-21-10--39--00 MovingFrameQueue Appended
INFO:root:2021-07-21-10--39--00 anomallyFrameTracker resetted to 200
INFO:root:2021-07-21-10--39--00 Colour Conversion Completed
INFO:root:2021-07-21-10--39--00 Sleep Check Completed
INFO:root:2021-07-21-10--39--00 Frame manipulations completed
INFO:root:2021-07-21-10--39--00 Bounding Box Drawn
INFO:root:2021-07-21-10--39--00 MovingFrameQueue Popped
INFO:root:2021-07-21-10--39--00 anomallyFrameTracker resetted to 200
INFO:root:2021-07-21-10--39--00 Colour Conversion Completed
INFO:root:2021-07-21-10--39--01 Sleep Check Completed
INFO:root:2021-07-21-10--39--01 Frame manipulations completed
INFO:root:2021-07-21-10--39--01 Bounding Box Drawn
INFO:root:2021-07-21-10--39--01 MovingFrameQueue Appended
INFO:root:2021-07-21-10--39--01 anomallyFrameTracker resetted to 200
INFO:root:2021-07-21-10--39--01 Colour Conversion Completed
INFO:root:2021-07-21-10--39--01 Sleep Check Completed
INFO:root:2021-07-21-10--39--01 Frame manipulations completed
INFO:root:2021-07-21-10--39--01 Bounding Box Drawn
INFO:root:2021-07-21-10--39--01 MovingFrameQueue Popped
INFO:root:2021-07-21-10--39--01 anomallyFrameTracker resetted to 200
INFO:root:2021-07-21-10--39--01 Colour Conversion Completed
INFO:root:2021-07-21-10--39--01 Sleep Check Completed
INFO:root:2021-07-21-10--39--01 Frame manipulations completed
INFO:root:2021-07-21-10--39--01 Bounding Box Drawn
INFO:root:2021-07-21-10--39--01 MovingFrameQueue Appended
INFO:root:2021-07-21-10--39--01 anomallyFrameTracker resetted to 200
INFO:root:2021-07-21-10--39--01 Colour Conversion Completed
INFO:root:2021-07-21-10--39--01 Sleep Check Completed
INFO:root:2021-07-21-10--39--01 Frame manipulations completed
INFO:root:2021-07-21-10--39--01 Bounding Box Drawn
INFO:root:2021-07-21-10--39--01 MovingFrameQueue Popped
INFO:root:2021-07-21-10--39--01 anomallyFrameTracker resetted to 200
INFO:root:2021-07-21-10--39--01 Colour Conversion Completed
INFO:root:2021-07-21-10--39--01 Sleep Check Completed
INFO:root:2021-07-21-10--39--01 Frame manipulations completed
INFO:root:2021-07-21-10--39--01 Bounding Box Drawn
INFO:root:2021-07-21-10--39--01 MovingFrameQueue Appended
INFO:root:2021-07-21-10--39--01 anomallyFrameTracker resetted to 200
INFO:root:2021-07-21-10--39--01 Colour Conversion Completed
INFO:root:2021-07-21-10--39--01 Sleep Check Completed
INFO:root:2021-07-21-10--39--01 Frame manipulations completed
INFO:root:2021-07-21-10--39--01 Bounding Box Drawn
INFO:root:2021-07-21-10--39--02 MovingFrameQueue Popped
INFO:root:2021-07-21-10--39--02 anomallyFrameTracker resetted to 200
INFO:root:2021-07-21-10--39--02 Colour Conversion Completed
INFO:root:2021-07-21-10--39--02 Sleep Check Completed
INFO:root:2021-07-21-10--39--02 Frame manipulations completed
INFO:root:2021-07-21-10--39--02 Bounding Box Drawn
INFO:root:2021-07-21-10--39--02 MovingFrameQueue Appended
INFO:root:2021-07-21-10--39--02 Anomally Detected, starting call for more frames
INFO:root:2021-07-21-10--39--02 anomallyFrameTracker resetted to 200
INFO:root:2021-07-21-10--39--02 Colour Conversion Completed
INFO:root:2021-07-21-10--39--02 Sleep Check Completed
INFO:root:2021-07-21-10--39--02 Frame manipulations completed
INFO:root:2021-07-21-10--39--02 Bounding Box Drawn
INFO:root:2021-07-21-10--39--02 MovingFrameQueue Popped
INFO:root:2021-07-21-10--39--02 anomallyFrameTracker resetted to 200
INFO:root:2021-07-21-10--39--02 Colour Conversion Completed
INFO:root:2021-07-21-10--39--02 Sleep Check Completed
INFO:root:2021-07-21-10--39--02 Frame manipulations completed
INFO:root:2021-07-21-10--39--02 Bounding Box Drawn
INFO:root:2021-07-21-10--39--02 MovingFrameQueue Appended
INFO:root:2021-07-21-10--39--02 anomallyFrameTracker resetted to 200
INFO:root:2021-07-21-10--39--02 Colour Conversion Completed
INFO:root:2021-07-21-10--39--02 Sleep Check Completed
INFO:root:2021-07-21-10--39--02 Frame manipulations completed
INFO:root:2021-07-21-10--39--02 Bounding Box Drawn
INFO:root:2021-07-21-10--39--02 MovingFrameQueue Popped
INFO:root:2021-07-21-10--39--02 anomallyFrameTracker resetted to 200
INFO:root:2021-07-21-10--39--02 Colour Conversion Completed
INFO:root:2021-07-21-10--39--02 Sleep Check Completed
INFO:root:2021-07-21-10--39--02 Frame manipulations completed
INFO:root:2021-07-21-10--39--02 Bounding Box Drawn
INFO:root:2021-07-21-10--39--03 MovingFrameQueue Appended
INFO:root:2021-07-21-10--39--03 anomallyFrameTracker resetted to 200
INFO:root:2021-07-21-10--39--03 Colour Conversion Completed
INFO:root:2021-07-21-10--39--03 Sleep Check Completed
INFO:root:2021-07-21-10--39--03 Frame manipulations completed
INFO:root:2021-07-21-10--39--03 Bounding Box Drawn
INFO:root:2021-07-21-10--39--03 MovingFrameQueue Popped
INFO:root:2021-07-21-10--39--03 anomallyFrameTracker resetted to 200
INFO:root:2021-07-21-10--39--03 Colour Conversion Completed
INFO:root:2021-07-21-10--39--03 Sleep Check Completed
INFO:root:2021-07-21-10--39--03 Frame manipulations completed
INFO:root:2021-07-21-10--39--03 Bounding Box Drawn
INFO:root:2021-07-21-10--39--03 MovingFrameQueue Appended
INFO:root:2021-07-21-10--39--03 anomallyFrameTracker resetted to 200
INFO:root:2021-07-21-10--39--03 Colour Conversion Completed
INFO:root:2021-07-21-10--39--03 Sleep Check Completed
INFO:root:2021-07-21-10--39--03 Frame manipulations completed
INFO:root:2021-07-21-10--39--03 Bounding Box Drawn
INFO:root:2021-07-21-10--39--03 MovingFrameQueue Popped
INFO:root:2021-07-21-10--39--03 anomallyFrameTracker resetted to 200
INFO:root:2021-07-21-10--39--03 Colour Conversion Completed
INFO:root:2021-07-21-10--39--03 Sleep Check Completed
INFO:root:2021-07-21-10--39--03 Frame manipulations completed
INFO:root:2021-07-21-10--39--03 Bounding Box Drawn
INFO:root:2021-07-21-10--39--03 MovingFrameQueue Appended
INFO:root:2021-07-21-10--39--03 anomallyFrameTracker resetted to 200
INFO:root:2021-07-21-10--39--03 Colour Conversion Completed
INFO:root:2021-07-21-10--39--03 Sleep Check Completed
INFO:root:2021-07-21-10--39--03 Frame manipulations completed
INFO:root:2021-07-21-10--39--03 Bounding Box Drawn
INFO:root:2021-07-21-10--39--03 MovingFrameQueue Popped
INFO:root:2021-07-21-10--39--03 anomallyFrameTracker resetted to 200
INFO:root:2021-07-21-10--39--03 Colour Conversion Completed
INFO:root:2021-07-21-10--39--03 Sleep Check Completed
INFO:root:2021-07-21-10--39--03 Frame manipulations completed
INFO:root:2021-07-21-10--39--03 Bounding Box Drawn
INFO:root:2021-07-21-10--39--04 MovingFrameQueue Appended
INFO:root:2021-07-21-10--39--04 anomallyFrameTracker resetted to 200
INFO:root:2021-07-21-10--39--04 Colour Conversion Completed
INFO:root:2021-07-21-10--39--04 Sleep Check Completed
INFO:root:2021-07-21-10--39--04 Frame manipulations completed
INFO:root:2021-07-21-10--39--04 Bounding Box Drawn
INFO:root:2021-07-21-10--39--04 MovingFrameQueue Popped
INFO:root:2021-07-21-10--39--04 anomallyFrameTracker resetted to 200
INFO:root:2021-07-21-10--39--05 Getting Auth Token Success
INFO:root:2021-07-21-10--39--05 Anomalous Detection Video Upload Completed
INFO:root:2021-07-21-10--39--05 Colour Conversion Completed
INFO:root:2021-07-21-10--39--05 Sleep Check Completed
INFO:root:2021-07-21-10--39--05 Frame manipulations completed
INFO:root:2021-07-21-10--39--05 Bounding Box Drawn
INFO:root:2021-07-21-10--39--05 MovingFrameQueue Appended
INFO:root:2021-07-21-10--39--05 Anomally Detected, starting call for more frames
INFO:root:2021-07-21-10--39--05 anomallyFrameTracker resetted to 200
INFO:root:2021-07-21-10--39--05 Colour Conversion Completed
INFO:root:2021-07-21-10--39--05 Sleep Check Completed
INFO:root:2021-07-21-10--39--05 Frame manipulations completed
INFO:root:2021-07-21-10--39--05 Bounding Box Drawn
INFO:root:2021-07-21-10--39--05 MovingFrameQueue Popped
INFO:root:2021-07-21-10--39--05 Anomally Detected, starting call for more frames
INFO:root:2021-07-21-10--39--05 anomallyFrameTracker resetted to 200
INFO:root:2021-07-21-10--39--05 Colour Conversion Completed
INFO:root:2021-07-21-10--39--05 Sleep Check Completed
INFO:root:2021-07-21-10--39--05 Frame manipulations completed
INFO:root:2021-07-21-10--39--05 Bounding Box Drawn
INFO:root:2021-07-21-10--39--05 MovingFrameQueue Appended
INFO:root:2021-07-21-10--39--05 Anomally Detected, starting call for more frames
INFO:root:2021-07-21-10--39--05 anomallyFrameTracker resetted to 200
INFO:root:2021-07-21-10--39--05 Colour Conversion Completed
INFO:root:2021-07-21-10--39--05 Sleep Check Completed
INFO:root:2021-07-21-10--39--05 Frame manipulations completed
INFO:root:2021-07-21-10--39--05 Bounding Box Drawn
INFO:root:2021-07-21-10--39--05 MovingFrameQueue Popped
INFO:root:2021-07-21-10--39--05 Anomally Detected, starting call for more frames
INFO:root:2021-07-21-10--39--05 anomallyFrameTracker resetted to 200
INFO:root:2021-07-21-10--39--05 Colour Conversion Completed
INFO:root:2021-07-21-10--39--05 Sleep Check Completed
INFO:root:2021-07-21-10--39--05 Frame manipulations completed
INFO:root:2021-07-21-10--39--05 Bounding Box Drawn
INFO:root:2021-07-21-10--39--06 MovingFrameQueue Appended
INFO:root:2021-07-21-10--39--06 Anomally Detected, starting call for more frames
INFO:root:2021-07-21-10--39--06 anomallyFrameTracker resetted to 200
INFO:root:2021-07-21-10--39--06 Colour Conversion Completed
INFO:root:2021-07-21-10--39--06 Sleep Check Completed
INFO:root:2021-07-21-10--39--06 Frame manipulations completed
INFO:root:2021-07-21-10--39--06 Bounding Box Drawn
INFO:root:2021-07-21-10--39--06 MovingFrameQueue Popped
INFO:root:2021-07-21-10--39--06 Anomally Detected, starting call for more frames
INFO:root:2021-07-21-10--39--06 anomallyFrameTracker resetted to 200
INFO:root:2021-07-21-10--39--06 Colour Conversion Completed
INFO:root:2021-07-21-10--39--06 Sleep Check Completed
INFO:root:2021-07-21-10--39--06 Frame manipulations completed
INFO:root:2021-07-21-10--39--06 Bounding Box Drawn
INFO:root:2021-07-21-10--39--06 MovingFrameQueue Appended
INFO:root:2021-07-21-10--39--06 Anomally Detected, starting call for more frames
INFO:root:2021-07-21-10--39--06 anomallyFrameTracker resetted to 200
INFO:root:2021-07-21-10--39--06 Colour Conversion Completed
INFO:root:2021-07-21-10--39--06 Sleep Check Completed
INFO:root:2021-07-21-10--39--06 Frame manipulations completed
INFO:root:2021-07-21-10--39--06 Bounding Box Drawn
INFO:root:2021-07-21-10--39--06 MovingFrameQueue Popped
INFO:root:2021-07-21-10--39--06 anomallyFrameTracker resetted to 200
INFO:root:2021-07-21-10--39--06 Colour Conversion Completed
INFO:root:2021-07-21-10--39--06 Sleep Check Completed
INFO:root:2021-07-21-10--39--06 Frame manipulations completed
INFO:root:2021-07-21-10--39--06 Bounding Box Drawn
INFO:root:2021-07-21-10--39--06 MovingFrameQueue Appended
INFO:root:2021-07-21-10--39--06 anomallyFrameTracker resetted to 200
INFO:root:2021-07-21-10--39--06 Colour Conversion Completed
INFO:root:2021-07-21-10--39--06 Sleep Check Completed
INFO:root:2021-07-21-10--39--06 Frame manipulations completed
INFO:root:2021-07-21-10--39--06 Bounding Box Drawn
INFO:root:2021-07-21-10--39--06 MovingFrameQueue Popped
INFO:root:2021-07-21-10--39--06 anomallyFrameTracker resetted to 200
INFO:root:2021-07-21-10--39--06 Colour Conversion Completed
INFO:root:2021-07-21-10--39--06 Sleep Check Completed
INFO:root:2021-07-21-10--39--06 Frame manipulations completed
INFO:root:2021-07-21-10--39--06 Bounding Box Drawn
INFO:root:2021-07-21-10--39--06 MovingFrameQueue Appended
INFO:root:2021-07-21-10--39--06 Anomally Detected, starting call for more frames
INFO:root:2021-07-21-10--39--06 anomallyFrameTracker resetted to 200
INFO:root:2021-07-21-10--39--06 Colour Conversion Completed
INFO:root:2021-07-21-10--39--06 Sleep Check Completed
INFO:root:2021-07-21-10--39--06 Frame manipulations completed
INFO:root:2021-07-21-10--39--06 Bounding Box Drawn
INFO:root:2021-07-21-10--39--07 MovingFrameQueue Popped
INFO:root:2021-07-21-10--39--07 Anomally Detected, starting call for more frames
INFO:root:2021-07-21-10--39--07 anomallyFrameTracker resetted to 200
INFO:root:2021-07-21-10--39--07 Colour Conversion Completed
INFO:root:2021-07-21-10--39--07 Sleep Check Completed
INFO:root:2021-07-21-10--39--07 Frame manipulations completed
INFO:root:2021-07-21-10--39--07 Bounding Box Drawn
INFO:root:2021-07-21-10--39--07 MovingFrameQueue Appended
INFO:root:2021-07-21-10--39--07 anomallyFrameTracker resetted to 200
INFO:root:2021-07-21-10--39--07 Colour Conversion Completed
INFO:root:2021-07-21-10--39--07 Sleep Check Completed
INFO:root:2021-07-21-10--39--07 Frame manipulations completed
INFO:root:2021-07-21-10--39--07 Bounding Box Drawn
INFO:root:2021-07-21-10--39--07 MovingFrameQueue Popped
INFO:root:2021-07-21-10--39--07 anomallyFrameTracker resetted to 200
INFO:root:2021-07-21-10--39--07 Colour Conversion Completed
INFO:root:2021-07-21-10--39--07 Sleep Check Completed
INFO:root:2021-07-21-10--39--07 Frame manipulations completed
INFO:root:2021-07-21-10--39--07 Bounding Box Drawn
INFO:root:2021-07-21-10--39--07 MovingFrameQueue Appended
INFO:root:2021-07-21-10--39--07 anomallyFrameTracker resetted to 200
INFO:root:2021-07-21-10--39--07 Colour Conversion Completed
INFO:root:2021-07-21-10--39--07 Sleep Check Completed
INFO:root:2021-07-21-10--39--07 Frame manipulations completed
INFO:root:2021-07-21-10--39--07 Bounding Box Drawn
INFO:root:2021-07-21-10--39--07 MovingFrameQueue Popped
INFO:root:2021-07-21-10--39--07 Anomally Detected, starting call for more frames
INFO:root:2021-07-21-10--39--07 anomallyFrameTracker resetted to 200
INFO:root:2021-07-21-10--39--07 Colour Conversion Completed
INFO:root:2021-07-21-10--39--07 Sleep Check Completed
INFO:root:2021-07-21-10--39--07 Frame manipulations completed
INFO:root:2021-07-21-10--39--07 Bounding Box Drawn
INFO:root:2021-07-21-10--39--07 MovingFrameQueue Appended
INFO:root:2021-07-21-10--39--07 anomallyFrameTracker resetted to 200
INFO:root:2021-07-21-10--39--07 Colour Conversion Completed
INFO:root:2021-07-21-10--39--07 Sleep Check Completed
INFO:root:2021-07-21-10--39--07 Frame manipulations completed
INFO:root:2021-07-21-10--39--07 Bounding Box Drawn
INFO:root:2021-07-21-10--39--07 MovingFrameQueue Popped
INFO:root:2021-07-21-10--39--07 Anomally Detected, starting call for more frames
INFO:root:2021-07-21-10--39--07 anomallyFrameTracker resetted to 200
INFO:root:2021-07-21-10--39--07 Colour Conversion Completed
INFO:root:2021-07-21-10--39--08 Sleep Check Completed
INFO:root:2021-07-21-10--39--08 Frame manipulations completed
INFO:root:2021-07-21-10--39--08 Bounding Box Drawn
INFO:root:2021-07-21-10--39--08 MovingFrameQueue Appended
INFO:root:2021-07-21-10--39--08 anomallyFrameTracker resetted to 200
INFO:root:2021-07-21-10--39--08 Colour Conversion Completed
INFO:root:2021-07-21-10--39--08 Sleep Check Completed
INFO:root:2021-07-21-10--39--08 Frame manipulations completed
INFO:root:2021-07-21-10--39--08 Bounding Box Drawn
INFO:root:2021-07-21-10--39--08 MovingFrameQueue Popped
INFO:root:2021-07-21-10--39--08 anomallyFrameTracker resetted to 200
INFO:root:2021-07-21-10--39--08 Colour Conversion Completed
INFO:root:2021-07-21-10--39--08 Sleep Check Completed
INFO:root:2021-07-21-10--39--08 Frame manipulations completed
INFO:root:2021-07-21-10--39--08 Bounding Box Drawn
INFO:root:2021-07-21-10--39--08 MovingFrameQueue Appended
INFO:root:2021-07-21-10--39--08 anomallyFrameTracker resetted to 200
INFO:root:2021-07-21-10--39--08 Colour Conversion Completed
INFO:root:2021-07-21-10--39--08 Sleep Check Completed
INFO:root:2021-07-21-10--39--08 Frame manipulations completed
INFO:root:2021-07-21-10--39--08 Bounding Box Drawn
INFO:root:2021-07-21-10--39--08 MovingFrameQueue Popped
INFO:root:2021-07-21-10--39--08 anomallyFrameTracker resetted to 200
INFO:root:2021-07-21-10--39--08 Colour Conversion Completed
INFO:root:2021-07-21-10--39--08 Sleep Check Completed
INFO:root:2021-07-21-10--39--08 Frame manipulations completed
INFO:root:2021-07-21-10--39--08 Bounding Box Drawn
INFO:root:2021-07-21-10--39--08 MovingFrameQueue Appended
INFO:root:2021-07-21-10--39--08 anomallyFrameTracker resetted to 200
INFO:root:2021-07-21-10--39--08 Colour Conversion Completed
INFO:root:2021-07-21-10--39--08 Sleep Check Completed
INFO:root:2021-07-21-10--39--08 Frame manipulations completed
INFO:root:2021-07-21-10--39--08 Bounding Box Drawn
INFO:root:2021-07-21-10--39--08 MovingFrameQueue Popped
INFO:root:2021-07-21-10--39--08 anomallyFrameTracker resetted to 200
INFO:root:2021-07-21-10--39--08 Colour Conversion Completed
INFO:root:2021-07-21-10--39--08 Sleep Check Completed
INFO:root:2021-07-21-10--39--08 Frame manipulations completed
INFO:root:2021-07-21-10--39--08 Bounding Box Drawn
INFO:root:2021-07-21-10--39--08 MovingFrameQueue Appended
INFO:root:2021-07-21-10--39--08 anomallyFrameTracker resetted to 200
INFO:root:2021-07-21-10--39--08 Colour Conversion Completed
INFO:root:2021-07-21-10--39--09 Sleep Check Completed
INFO:root:2021-07-21-10--39--09 Frame manipulations completed
INFO:root:2021-07-21-10--39--09 Bounding Box Drawn
INFO:root:2021-07-21-10--39--09 MovingFrameQueue Popped
INFO:root:2021-07-21-10--39--09 anomallyFrameTracker resetted to 200
INFO:root:2021-07-21-10--39--09 Colour Conversion Completed
INFO:root:2021-07-21-10--39--09 Sleep Check Completed
INFO:root:2021-07-21-10--39--09 Frame manipulations completed
INFO:root:2021-07-21-10--39--09 Bounding Box Drawn
INFO:root:2021-07-21-10--39--09 MovingFrameQueue Appended
INFO:root:2021-07-21-10--39--09 anomallyFrameTracker resetted to 200
INFO:root:2021-07-21-10--39--09 Colour Conversion Completed
INFO:root:2021-07-21-10--39--09 Sleep Check Completed
INFO:root:2021-07-21-10--39--09 Frame manipulations completed
INFO:root:2021-07-21-10--39--09 Bounding Box Drawn
INFO:root:2021-07-21-10--39--09 MovingFrameQueue Popped
INFO:root:2021-07-21-10--39--09 anomallyFrameTracker resetted to 200
INFO:root:2021-07-21-10--39--09 Colour Conversion Completed
INFO:root:2021-07-21-10--39--09 Sleep Check Completed
INFO:root:2021-07-21-10--39--09 Frame manipulations completed
INFO:root:2021-07-21-10--39--09 Bounding Box Drawn
INFO:root:2021-07-21-10--39--09[INFO] elapsed time: 32.60
INFO:root:2021-07-21-10--39--09[INFO] approx. FPS: 4.72
INFO:root:2021-07-21-10--39--09 Getting Auth Token Success
INFO:root:2021-07-21-10--39--09 BedTime Upload Completed
