INFO:root:2021-07-21-10--40--23 Parameter Generation Success
INFO:root:2021-07-21-10--40--23 Colour Conversion Completed
INFO:root:2021-07-21-10--40--23 Sleep Check Completed
INFO:root:2021-07-21-10--40--23 Frame manipulations completed
INFO:root:2021-07-21-10--40--23 Bounding Box Drawn
INFO:root:2021-07-21-10--40--28 MovingFrameQueue Appended
INFO:root:2021-07-21-10--40--28 anomallyFrameTracker resetted to 200
INFO:root:2021-07-21-10--40--28 Colour Conversion Completed
INFO:root:2021-07-21-10--40--28 Sleep Check Completed
INFO:root:2021-07-21-10--40--28 Frame manipulations completed
INFO:root:2021-07-21-10--40--28 Bounding Box Drawn
INFO:root:2021-07-21-10--40--28 MovingFrameQueue Appended
INFO:root:2021-07-21-10--40--28 anomallyFrameTracker resetted to 200
INFO:root:2021-07-21-10--40--28 Colour Conversion Completed
INFO:root:2021-07-21-10--40--28 Sleep Check Completed
INFO:root:2021-07-21-10--40--28 Frame manipulations completed
INFO:root:2021-07-21-10--40--28 Bounding Box Drawn
INFO:root:2021-07-21-10--40--28 MovingFrameQueue Appended
INFO:root:2021-07-21-10--40--28 anomallyFrameTracker resetted to 200
INFO:root:2021-07-21-10--40--28 Colour Conversion Completed
INFO:root:2021-07-21-10--40--28 Sleep Check Completed
INFO:root:2021-07-21-10--40--28 Frame manipulations completed
INFO:root:2021-07-21-10--40--28 Bounding Box Drawn
INFO:root:2021-07-21-10--40--28 MovingFrameQueue Appended
INFO:root:2021-07-21-10--40--28 anomallyFrameTracker resetted to 200
INFO:root:2021-07-21-10--40--28 Colour Conversion Completed
INFO:root:2021-07-21-10--40--28 Sleep Check Completed
INFO:root:2021-07-21-10--40--28 Frame manipulations completed
INFO:root:2021-07-21-10--40--28 Bounding Box Drawn
INFO:root:2021-07-21-10--40--28 MovingFrameQueue Appended
INFO:root:2021-07-21-10--40--28 anomallyFrameTracker resetted to 200
INFO:root:2021-07-21-10--40--28 Colour Conversion Completed
INFO:root:2021-07-21-10--40--28 Sleep Check Completed
INFO:root:2021-07-21-10--40--28 Frame manipulations completed
INFO:root:2021-07-21-10--40--28 Bounding Box Drawn
INFO:root:2021-07-21-10--40--28 MovingFrameQueue Appended
INFO:root:2021-07-21-10--40--28 anomallyFrameTracker resetted to 200
INFO:root:2021-07-21-10--40--28 Colour Conversion Completed
INFO:root:2021-07-21-10--40--28 Sleep Check Completed
INFO:root:2021-07-21-10--40--28 Frame manipulations completed
INFO:root:2021-07-21-10--40--28 Bounding Box Drawn
INFO:root:2021-07-21-10--40--28 MovingFrameQueue Appended
INFO:root:2021-07-21-10--40--28 anomallyFrameTracker resetted to 200
INFO:root:2021-07-21-10--40--29 Colour Conversion Completed
INFO:root:2021-07-21-10--40--29 Sleep Check Completed
INFO:root:2021-07-21-10--40--29 Frame manipulations completed
INFO:root:2021-07-21-10--40--29 Bounding Box Drawn
INFO:root:2021-07-21-10--40--29 MovingFrameQueue Appended
INFO:root:2021-07-21-10--40--29 anomallyFrameTracker resetted to 200
INFO:root:2021-07-21-10--40--29 Colour Conversion Completed
INFO:root:2021-07-21-10--40--29 Sleep Check Completed
INFO:root:2021-07-21-10--40--29 Frame manipulations completed
INFO:root:2021-07-21-10--40--29 Bounding Box Drawn
INFO:root:2021-07-21-10--40--29 MovingFrameQueue Appended
INFO:root:2021-07-21-10--40--29 anomallyFrameTracker resetted to 200
INFO:root:2021-07-21-10--40--29 Colour Conversion Completed
INFO:root:2021-07-21-10--40--29 Sleep Check Completed
INFO:root:2021-07-21-10--40--29 Frame manipulations completed
INFO:root:2021-07-21-10--40--29 Bounding Box Drawn
INFO:root:2021-07-21-10--40--29 MovingFrameQueue Appended
INFO:root:2021-07-21-10--40--29 anomallyFrameTracker resetted to 200
INFO:root:2021-07-21-10--40--29 Colour Conversion Completed
INFO:root:2021-07-21-10--40--29 Sleep Check Completed
INFO:root:2021-07-21-10--40--29 Frame manipulations completed
INFO:root:2021-07-21-10--40--29 Bounding Box Drawn
INFO:root:2021-07-21-10--40--29 MovingFrameQueue Appended
INFO:root:2021-07-21-10--40--29 anomallyFrameTracker resetted to 200
INFO:root:2021-07-21-10--40--29 Colour Conversion Completed
INFO:root:2021-07-21-10--40--29 Sleep Check Completed
INFO:root:2021-07-21-10--40--29 Frame manipulations completed
INFO:root:2021-07-21-10--40--29 Bounding Box Drawn
INFO:root:2021-07-21-10--40--30 MovingFrameQueue Appended
INFO:root:2021-07-21-10--40--30 anomallyFrameTracker resetted to 200
INFO:root:2021-07-21-10--40--30 Colour Conversion Completed
INFO:root:2021-07-21-10--40--30 Sleep Check Completed
INFO:root:2021-07-21-10--40--30 Frame manipulations completed
INFO:root:2021-07-21-10--40--30 Bounding Box Drawn
INFO:root:2021-07-21-10--40--30 MovingFrameQueue Appended
INFO:root:2021-07-21-10--40--30 anomallyFrameTracker resetted to 200
INFO:root:2021-07-21-10--40--30 Colour Conversion Completed
INFO:root:2021-07-21-10--40--30 Sleep Check Completed
INFO:root:2021-07-21-10--40--30 Frame manipulations completed
INFO:root:2021-07-21-10--40--30 Bounding Box Drawn
INFO:root:2021-07-21-10--40--30 MovingFrameQueue Appended
INFO:root:2021-07-21-10--40--30 anomallyFrameTracker resetted to 200
INFO:root:2021-07-21-10--40--30 Colour Conversion Completed
INFO:root:2021-07-21-10--40--30 Sleep Check Completed
INFO:root:2021-07-21-10--40--30 Frame manipulations completed
INFO:root:2021-07-21-10--40--30 Bounding Box Drawn
INFO:root:2021-07-21-10--40--30 MovingFrameQueue Appended
INFO:root:2021-07-21-10--40--30 anomallyFrameTracker resetted to 200
INFO:root:2021-07-21-10--40--30 Colour Conversion Completed
INFO:root:2021-07-21-10--40--30 Sleep Check Completed
INFO:root:2021-07-21-10--40--30 Frame manipulations completed
INFO:root:2021-07-21-10--40--30 Bounding Box Drawn
INFO:root:2021-07-21-10--40--30 MovingFrameQueue Appended
INFO:root:2021-07-21-10--40--30 anomallyFrameTracker resetted to 200
INFO:root:2021-07-21-10--40--30 Colour Conversion Completed
INFO:root:2021-07-21-10--40--30 Sleep Check Completed
INFO:root:2021-07-21-10--40--30 Frame manipulations completed
INFO:root:2021-07-21-10--40--30 Bounding Box Drawn
INFO:root:2021-07-21-10--40--30 MovingFrameQueue Appended
INFO:root:2021-07-21-10--40--30 anomallyFrameTracker resetted to 200
INFO:root:2021-07-21-10--40--30 Colour Conversion Completed
INFO:root:2021-07-21-10--40--30 Sleep Check Completed
INFO:root:2021-07-21-10--40--30 Frame manipulations completed
INFO:root:2021-07-21-10--40--30 Bounding Box Drawn
INFO:root:2021-07-21-10--40--30 MovingFrameQueue Appended
INFO:root:2021-07-21-10--40--30 anomallyFrameTracker resetted to 200
INFO:root:2021-07-21-10--40--30 Colour Conversion Completed
INFO:root:2021-07-21-10--40--30 Sleep Check Completed
INFO:root:2021-07-21-10--40--30 Frame manipulations completed
INFO:root:2021-07-21-10--40--30 Bounding Box Drawn
INFO:root:2021-07-21-10--40--31 MovingFrameQueue Appended
INFO:root:2021-07-21-10--40--31 anomallyFrameTracker resetted to 200
INFO:root:2021-07-21-10--40--31 Colour Conversion Completed
INFO:root:2021-07-21-10--40--31 Sleep Check Completed
INFO:root:2021-07-21-10--40--31 Frame manipulations completed
INFO:root:2021-07-21-10--40--31 Bounding Box Drawn
INFO:root:2021-07-21-10--40--31 MovingFrameQueue Appended
INFO:root:2021-07-21-10--40--31 anomallyFrameTracker resetted to 200
INFO:root:2021-07-21-10--40--31 Colour Conversion Completed
INFO:root:2021-07-21-10--40--31 Sleep Check Completed
INFO:root:2021-07-21-10--40--31 Frame manipulations completed
INFO:root:2021-07-21-10--40--31 Bounding Box Drawn
INFO:root:2021-07-21-10--40--31 MovingFrameQueue Appended
INFO:root:2021-07-21-10--40--31 anomallyFrameTracker resetted to 200
INFO:root:2021-07-21-10--40--31 Colour Conversion Completed
INFO:root:2021-07-21-10--40--31 Sleep Check Completed
INFO:root:2021-07-21-10--40--31 Frame manipulations completed
INFO:root:2021-07-21-10--40--31 Bounding Box Drawn
INFO:root:2021-07-21-10--40--31 MovingFrameQueue Appended
INFO:root:2021-07-21-10--40--31 anomallyFrameTracker resetted to 200
INFO:root:2021-07-21-10--40--31 Colour Conversion Completed
INFO:root:2021-07-21-10--40--31 Sleep Check Completed
INFO:root:2021-07-21-10--40--31 Frame manipulations completed
INFO:root:2021-07-21-10--40--31 Bounding Box Drawn
INFO:root:2021-07-21-10--40--31 MovingFrameQueue Appended
INFO:root:2021-07-21-10--40--31 anomallyFrameTracker resetted to 200
INFO:root:2021-07-21-10--40--31 Colour Conversion Completed
INFO:root:2021-07-21-10--40--31 Sleep Check Completed
INFO:root:2021-07-21-10--40--31 Frame manipulations completed
INFO:root:2021-07-21-10--40--31 Bounding Box Drawn
INFO:root:2021-07-21-10--40--31 MovingFrameQueue Appended
INFO:root:2021-07-21-10--40--31 anomallyFrameTracker resetted to 200
INFO:root:2021-07-21-10--40--31 Colour Conversion Completed
INFO:root:2021-07-21-10--40--31 Sleep Check Completed
INFO:root:2021-07-21-10--40--31 Frame manipulations completed
INFO:root:2021-07-21-10--40--31 Bounding Box Drawn
INFO:root:2021-07-21-10--40--31 MovingFrameQueue Appended
INFO:root:2021-07-21-10--40--31 anomallyFrameTracker resetted to 200
INFO:root:2021-07-21-10--40--31 Colour Conversion Completed
INFO:root:2021-07-21-10--40--31 Sleep Check Completed
INFO:root:2021-07-21-10--40--31 Frame manipulations completed
INFO:root:2021-07-21-10--40--31 Bounding Box Drawn
INFO:root:2021-07-21-10--40--32 MovingFrameQueue Appended
INFO:root:2021-07-21-10--40--32 anomallyFrameTracker resetted to 200
INFO:root:2021-07-21-10--40--32 Colour Conversion Completed
INFO:root:2021-07-21-10--40--32 Sleep Check Completed
INFO:root:2021-07-21-10--40--32 Frame manipulations completed
INFO:root:2021-07-21-10--40--32 Bounding Box Drawn
INFO:root:2021-07-21-10--40--32 MovingFrameQueue Appended
INFO:root:2021-07-21-10--40--32 anomallyFrameTracker resetted to 200
INFO:root:2021-07-21-10--40--32 Colour Conversion Completed
INFO:root:2021-07-21-10--40--32 Sleep Check Completed
INFO:root:2021-07-21-10--40--32 Frame manipulations completed
INFO:root:2021-07-21-10--40--32 Bounding Box Drawn
INFO:root:2021-07-21-10--40--32 MovingFrameQueue Appended
INFO:root:2021-07-21-10--40--32 Anomally Detected, starting call for more frames
INFO:root:2021-07-21-10--40--32 anomallyFrameTracker resetted to 200
INFO:root:2021-07-21-10--40--32 Colour Conversion Completed
INFO:root:2021-07-21-10--40--32 Sleep Check Completed
INFO:root:2021-07-21-10--40--32 Frame manipulations completed
INFO:root:2021-07-21-10--40--32 Bounding Box Drawn
INFO:root:2021-07-21-10--40--32 MovingFrameQueue Appended
INFO:root:2021-07-21-10--40--32 Anomally Detected, starting call for more frames
INFO:root:2021-07-21-10--40--32 anomallyFrameTracker resetted to 200
INFO:root:2021-07-21-10--40--32 Colour Conversion Completed
INFO:root:2021-07-21-10--40--32 Sleep Check Completed
INFO:root:2021-07-21-10--40--32 Frame manipulations completed
INFO:root:2021-07-21-10--40--32 Bounding Box Drawn
INFO:root:2021-07-21-10--40--32 MovingFrameQueue Appended
INFO:root:2021-07-21-10--40--32 Anomally Detected, starting call for more frames
INFO:root:2021-07-21-10--40--32 anomallyFrameTracker resetted to 200
INFO:root:2021-07-21-10--40--32 Colour Conversion Completed
INFO:root:2021-07-21-10--40--32 Sleep Check Completed
INFO:root:2021-07-21-10--40--32 Frame manipulations completed
INFO:root:2021-07-21-10--40--32 Bounding Box Drawn
INFO:root:2021-07-21-10--40--32 MovingFrameQueue Appended
INFO:root:2021-07-21-10--40--32 Anomally Detected, starting call for more frames
INFO:root:2021-07-21-10--40--32 anomallyFrameTracker resetted to 200
INFO:root:2021-07-21-10--40--32 Colour Conversion Completed
INFO:root:2021-07-21-10--40--32 Sleep Check Completed
INFO:root:2021-07-21-10--40--32 Frame manipulations completed
INFO:root:2021-07-21-10--40--32 Bounding Box Drawn
INFO:root:2021-07-21-10--40--33 MovingFrameQueue Appended
INFO:root:2021-07-21-10--40--33 Anomally Detected, starting call for more frames
INFO:root:2021-07-21-10--40--33 anomallyFrameTracker resetted to 200
INFO:root:2021-07-21-10--40--33 Colour Conversion Completed
INFO:root:2021-07-21-10--40--33 Sleep Check Completed
INFO:root:2021-07-21-10--40--33 Frame manipulations completed
INFO:root:2021-07-21-10--40--33 Bounding Box Drawn
INFO:root:2021-07-21-10--40--33 MovingFrameQueue Appended
INFO:root:2021-07-21-10--40--33 Anomally Detected, starting call for more frames
INFO:root:2021-07-21-10--40--33 anomallyFrameTracker resetted to 200
INFO:root:2021-07-21-10--40--33 Colour Conversion Completed
INFO:root:2021-07-21-10--40--33 Sleep Check Completed
INFO:root:2021-07-21-10--40--33 Frame manipulations completed
INFO:root:2021-07-21-10--40--33 Bounding Box Drawn
INFO:root:2021-07-21-10--40--33 MovingFrameQueue Appended
INFO:root:2021-07-21-10--40--33 anomallyFrameTracker resetted to 200
INFO:root:2021-07-21-10--40--33 Colour Conversion Completed
INFO:root:2021-07-21-10--40--33 Sleep Check Completed
INFO:root:2021-07-21-10--40--33 Frame manipulations completed
INFO:root:2021-07-21-10--40--33 Bounding Box Drawn
INFO:root:2021-07-21-10--40--33 MovingFrameQueue Appended
INFO:root:2021-07-21-10--40--33 anomallyFrameTracker resetted to 200
INFO:root:2021-07-21-10--40--33 Colour Conversion Completed
INFO:root:2021-07-21-10--40--33 Sleep Check Completed
INFO:root:2021-07-21-10--40--33 Frame manipulations completed
INFO:root:2021-07-21-10--40--33 Bounding Box Drawn
INFO:root:2021-07-21-10--40--33 MovingFrameQueue Appended
INFO:root:2021-07-21-10--40--33 anomallyFrameTracker resetted to 200
INFO:root:2021-07-21-10--40--33 Colour Conversion Completed
INFO:root:2021-07-21-10--40--33 Sleep Check Completed
INFO:root:2021-07-21-10--40--33 Frame manipulations completed
INFO:root:2021-07-21-10--40--33 Bounding Box Drawn
INFO:root:2021-07-21-10--40--33 MovingFrameQueue Appended
INFO:root:2021-07-21-10--40--33 anomallyFrameTracker resetted to 200
INFO:root:2021-07-21-10--40--33 Colour Conversion Completed
INFO:root:2021-07-21-10--40--33 Sleep Check Completed
INFO:root:2021-07-21-10--40--33 Frame manipulations completed
INFO:root:2021-07-21-10--40--33 Bounding Box Drawn
INFO:root:2021-07-21-10--40--34 MovingFrameQueue Appended
INFO:root:2021-07-21-10--40--34 Anomally Detected, starting call for more frames
INFO:root:2021-07-21-10--40--34 anomallyFrameTracker resetted to 200
INFO:root:2021-07-21-10--40--34 Colour Conversion Completed
INFO:root:2021-07-21-10--40--34 Sleep Check Completed
INFO:root:2021-07-21-10--40--34 Frame manipulations completed
INFO:root:2021-07-21-10--40--34 Bounding Box Drawn
INFO:root:2021-07-21-10--40--34 MovingFrameQueue Appended
INFO:root:2021-07-21-10--40--34 anomallyFrameTracker resetted to 200
INFO:root:2021-07-21-10--40--34 Colour Conversion Completed
INFO:root:2021-07-21-10--40--34 Sleep Check Completed
INFO:root:2021-07-21-10--40--34 Frame manipulations completed
INFO:root:2021-07-21-10--40--34 Bounding Box Drawn
INFO:root:2021-07-21-10--40--34 MovingFrameQueue Appended
INFO:root:2021-07-21-10--40--34 anomallyFrameTracker resetted to 200
INFO:root:2021-07-21-10--40--34 Colour Conversion Completed
INFO:root:2021-07-21-10--40--34 Sleep Check Completed
INFO:root:2021-07-21-10--40--34 Frame manipulations completed
INFO:root:2021-07-21-10--40--34 Bounding Box Drawn
INFO:root:2021-07-21-10--40--34 MovingFrameQueue Appended
INFO:root:2021-07-21-10--40--34 anomallyFrameTracker resetted to 200
INFO:root:2021-07-21-10--40--34 Colour Conversion Completed
INFO:root:2021-07-21-10--40--34 Sleep Check Completed
INFO:root:2021-07-21-10--40--34 Frame manipulations completed
INFO:root:2021-07-21-10--40--34 Bounding Box Drawn
INFO:root:2021-07-21-10--40--34 MovingFrameQueue Appended
INFO:root:2021-07-21-10--40--34 anomallyFrameTracker resetted to 200
INFO:root:2021-07-21-10--40--34 Colour Conversion Completed
INFO:root:2021-07-21-10--40--34 Sleep Check Completed
INFO:root:2021-07-21-10--40--34 Frame manipulations completed
INFO:root:2021-07-21-10--40--34 Bounding Box Drawn
INFO:root:2021-07-21-10--40--35 MovingFrameQueue Appended
INFO:root:2021-07-21-10--40--35 anomallyFrameTracker resetted to 200
INFO:root:2021-07-21-10--40--35 Colour Conversion Completed
INFO:root:2021-07-21-10--40--35 Sleep Check Completed
INFO:root:2021-07-21-10--40--35 Frame manipulations completed
INFO:root:2021-07-21-10--40--35 Bounding Box Drawn
INFO:root:2021-07-21-10--40--35 MovingFrameQueue Appended
INFO:root:2021-07-21-10--40--35 anomallyFrameTracker resetted to 200
INFO:root:2021-07-21-10--40--35 Colour Conversion Completed
INFO:root:2021-07-21-10--40--35 Sleep Check Completed
INFO:root:2021-07-21-10--40--35 Frame manipulations completed
INFO:root:2021-07-21-10--40--35 Bounding Box Drawn
INFO:root:2021-07-21-10--40--35 MovingFrameQueue Appended
INFO:root:2021-07-21-10--40--35 anomallyFrameTracker resetted to 200
INFO:root:2021-07-21-10--40--35 Colour Conversion Completed
INFO:root:2021-07-21-10--40--35 Sleep Check Completed
INFO:root:2021-07-21-10--40--35 Frame manipulations completed
INFO:root:2021-07-21-10--40--35 Bounding Box Drawn
INFO:root:2021-07-21-10--40--35 MovingFrameQueue Appended
INFO:root:2021-07-21-10--40--35 Anomally Detected, starting call for more frames
INFO:root:2021-07-21-10--40--35 anomallyFrameTracker resetted to 200
INFO:root:2021-07-21-10--40--35 Colour Conversion Completed
INFO:root:2021-07-21-10--40--35 Sleep Check Completed
INFO:root:2021-07-21-10--40--35 Frame manipulations completed
INFO:root:2021-07-21-10--40--35 Bounding Box Drawn
INFO:root:2021-07-21-10--40--35 MovingFrameQueue Appended
INFO:root:2021-07-21-10--40--35 Anomally Detected, starting call for more frames
INFO:root:2021-07-21-10--40--35 anomallyFrameTracker resetted to 200
INFO:root:2021-07-21-10--40--35 Colour Conversion Completed
INFO:root:2021-07-21-10--40--35 Sleep Check Completed
INFO:root:2021-07-21-10--40--35 Frame manipulations completed
INFO:root:2021-07-21-10--40--35 Bounding Box Drawn
INFO:root:2021-07-21-10--40--36 MovingFrameQueue Appended
INFO:root:2021-07-21-10--40--36 Anomally Detected, starting call for more frames
INFO:root:2021-07-21-10--40--36 anomallyFrameTracker resetted to 200
INFO:root:2021-07-21-10--40--36 Colour Conversion Completed
INFO:root:2021-07-21-10--40--36 Sleep Check Completed
INFO:root:2021-07-21-10--40--36 Frame manipulations completed
INFO:root:2021-07-21-10--40--36 Bounding Box Drawn
INFO:root:2021-07-21-10--40--36 MovingFrameQueue Appended
INFO:root:2021-07-21-10--40--36 Anomally Detected, starting call for more frames
INFO:root:2021-07-21-10--40--36 anomallyFrameTracker resetted to 200
INFO:root:2021-07-21-10--40--36 Colour Conversion Completed
INFO:root:2021-07-21-10--40--36 Sleep Check Completed
INFO:root:2021-07-21-10--40--36 Frame manipulations completed
INFO:root:2021-07-21-10--40--36 Bounding Box Drawn
INFO:root:2021-07-21-10--40--36 MovingFrameQueue Appended
INFO:root:2021-07-21-10--40--36 anomallyFrameTracker resetted to 200
INFO:root:2021-07-21-10--40--36 Colour Conversion Completed
INFO:root:2021-07-21-10--40--36 Sleep Check Completed
INFO:root:2021-07-21-10--40--36 Frame manipulations completed
INFO:root:2021-07-21-10--40--36 Bounding Box Drawn
INFO:root:2021-07-21-10--40--36 MovingFrameQueue Appended
INFO:root:2021-07-21-10--40--36 anomallyFrameTracker resetted to 200
INFO:root:2021-07-21-10--40--36 Colour Conversion Completed
INFO:root:2021-07-21-10--40--37 Sleep Check Completed
INFO:root:2021-07-21-10--40--37 Frame manipulations completed
INFO:root:2021-07-21-10--40--37 Bounding Box Drawn
INFO:root:2021-07-21-10--40--37 MovingFrameQueue Popped
INFO:root:2021-07-21-10--40--37 anomallyFrameTracker resetted to 200
INFO:root:2021-07-21-10--40--37 Colour Conversion Completed
INFO:root:2021-07-21-10--40--37 Sleep Check Completed
INFO:root:2021-07-21-10--40--37 Frame manipulations completed
INFO:root:2021-07-21-10--40--37 Bounding Box Drawn
INFO:root:2021-07-21-10--40--37 MovingFrameQueue Appended
INFO:root:2021-07-21-10--40--37 anomallyFrameTracker resetted to 200
INFO:root:2021-07-21-10--40--37 Colour Conversion Completed
INFO:root:2021-07-21-10--40--37 Sleep Check Completed
INFO:root:2021-07-21-10--40--37 Frame manipulations completed
INFO:root:2021-07-21-10--40--37 Bounding Box Drawn
INFO:root:2021-07-21-10--40--37 MovingFrameQueue Popped
INFO:root:2021-07-21-10--40--37 anomallyFrameTracker resetted to 200
INFO:root:2021-07-21-10--40--37 Colour Conversion Completed
INFO:root:2021-07-21-10--40--37 Sleep Check Completed
INFO:root:2021-07-21-10--40--37 Frame manipulations completed
INFO:root:2021-07-21-10--40--37 Bounding Box Drawn
INFO:root:2021-07-21-10--40--37 MovingFrameQueue Appended
INFO:root:2021-07-21-10--40--37 Anomally Detected, starting call for more frames
INFO:root:2021-07-21-10--40--37 anomallyFrameTracker resetted to 200
INFO:root:2021-07-21-10--40--37 Colour Conversion Completed
INFO:root:2021-07-21-10--40--37 Sleep Check Completed
INFO:root:2021-07-21-10--40--37 Frame manipulations completed
INFO:root:2021-07-21-10--40--37 Bounding Box Drawn
INFO:root:2021-07-21-10--40--38 MovingFrameQueue Popped
INFO:root:2021-07-21-10--40--38 Anomally Detected, starting call for more frames
INFO:root:2021-07-21-10--40--38 anomallyFrameTracker resetted to 200
INFO:root:2021-07-21-10--40--38 Colour Conversion Completed
INFO:root:2021-07-21-10--40--38 Sleep Check Completed
INFO:root:2021-07-21-10--40--38 Frame manipulations completed
INFO:root:2021-07-21-10--40--38 Bounding Box Drawn
INFO:root:2021-07-21-10--40--38 MovingFrameQueue Appended
INFO:root:2021-07-21-10--40--38 Anomally Detected, starting call for more frames
INFO:root:2021-07-21-10--40--38 anomallyFrameTracker resetted to 200
INFO:root:2021-07-21-10--40--38 Colour Conversion Completed
INFO:root:2021-07-21-10--40--38 Sleep Check Completed
INFO:root:2021-07-21-10--40--38 Frame manipulations completed
INFO:root:2021-07-21-10--40--38 Bounding Box Drawn
INFO:root:2021-07-21-10--40--38 MovingFrameQueue Popped
INFO:root:2021-07-21-10--40--38 Anomally Detected, starting call for more frames
INFO:root:2021-07-21-10--40--38 anomallyFrameTracker resetted to 200
INFO:root:2021-07-21-10--40--38 Colour Conversion Completed
INFO:root:2021-07-21-10--40--38 Sleep Check Completed
INFO:root:2021-07-21-10--40--38 Frame manipulations completed
INFO:root:2021-07-21-10--40--38 Bounding Box Drawn
INFO:root:2021-07-21-10--40--38 MovingFrameQueue Appended
INFO:root:2021-07-21-10--40--38 anomallyFrameTracker resetted to 200
INFO:root:2021-07-21-10--40--38 Colour Conversion Completed
INFO:root:2021-07-21-10--40--38 Sleep Check Completed
INFO:root:2021-07-21-10--40--38 Frame manipulations completed
INFO:root:2021-07-21-10--40--38 Bounding Box Drawn
INFO:root:2021-07-21-10--40--39 MovingFrameQueue Popped
INFO:root:2021-07-21-10--40--39 Anomally Detected, starting call for more frames
INFO:root:2021-07-21-10--40--39 anomallyFrameTracker resetted to 200
INFO:root:2021-07-21-10--40--39 Colour Conversion Completed
INFO:root:2021-07-21-10--40--39 Sleep Check Completed
INFO:root:2021-07-21-10--40--39 Frame manipulations completed
INFO:root:2021-07-21-10--40--39 Bounding Box Drawn
INFO:root:2021-07-21-10--40--39 MovingFrameQueue Appended
INFO:root:2021-07-21-10--40--39 Anomally Detected, starting call for more frames
INFO:root:2021-07-21-10--40--39 anomallyFrameTracker resetted to 200
INFO:root:2021-07-21-10--40--39 Colour Conversion Completed
INFO:root:2021-07-21-10--40--39 Sleep Check Completed
INFO:root:2021-07-21-10--40--39 Frame manipulations completed
INFO:root:2021-07-21-10--40--39 Bounding Box Drawn
INFO:root:2021-07-21-10--40--39 MovingFrameQueue Popped
INFO:root:2021-07-21-10--40--39 Anomally Detected, starting call for more frames
INFO:root:2021-07-21-10--40--39 anomallyFrameTracker resetted to 200
INFO:root:2021-07-21-10--40--39 Colour Conversion Completed
INFO:root:2021-07-21-10--40--39 Sleep Check Completed
INFO:root:2021-07-21-10--40--39 Frame manipulations completed
INFO:root:2021-07-21-10--40--39 Bounding Box Drawn
INFO:root:2021-07-21-10--40--39 MovingFrameQueue Appended
INFO:root:2021-07-21-10--40--39 Anomally Detected, starting call for more frames
INFO:root:2021-07-21-10--40--39 anomallyFrameTracker resetted to 200
INFO:root:2021-07-21-10--40--39 Colour Conversion Completed
INFO:root:2021-07-21-10--40--39 Sleep Check Completed
INFO:root:2021-07-21-10--40--39 Frame manipulations completed
INFO:root:2021-07-21-10--40--39 Bounding Box Drawn
INFO:root:2021-07-21-10--40--39 MovingFrameQueue Popped
INFO:root:2021-07-21-10--40--39 anomallyFrameTracker resetted to 200
INFO:root:2021-07-21-10--40--39 Colour Conversion Completed
INFO:root:2021-07-21-10--40--40 Sleep Check Completed
INFO:root:2021-07-21-10--40--40 Frame manipulations completed
INFO:root:2021-07-21-10--40--40 Bounding Box Drawn
INFO:root:2021-07-21-10--40--40 MovingFrameQueue Appended
INFO:root:2021-07-21-10--40--40 anomallyFrameTracker resetted to 200
INFO:root:2021-07-21-10--40--40 Colour Conversion Completed
INFO:root:2021-07-21-10--40--40 Sleep Check Completed
INFO:root:2021-07-21-10--40--40 Frame manipulations completed
INFO:root:2021-07-21-10--40--40 Bounding Box Drawn
INFO:root:2021-07-21-10--40--40 MovingFrameQueue Popped
INFO:root:2021-07-21-10--40--40 anomallyFrameTracker resetted to 200
INFO:root:2021-07-21-10--40--40 Colour Conversion Completed
INFO:root:2021-07-21-10--40--40 Sleep Check Completed
INFO:root:2021-07-21-10--40--40 Frame manipulations completed
INFO:root:2021-07-21-10--40--40 Bounding Box Drawn
INFO:root:2021-07-21-10--40--40 MovingFrameQueue Appended
INFO:root:2021-07-21-10--40--40 anomallyFrameTracker resetted to 200
INFO:root:2021-07-21-10--40--40 Colour Conversion Completed
INFO:root:2021-07-21-10--40--40 Sleep Check Completed
INFO:root:2021-07-21-10--40--40 Frame manipulations completed
INFO:root:2021-07-21-10--40--40 Bounding Box Drawn
INFO:root:2021-07-21-10--40--40 MovingFrameQueue Popped
INFO:root:2021-07-21-10--40--40 anomallyFrameTracker resetted to 200
INFO:root:2021-07-21-10--40--40 Colour Conversion Completed
INFO:root:2021-07-21-10--40--40 Sleep Check Completed
INFO:root:2021-07-21-10--40--40 Frame manipulations completed
INFO:root:2021-07-21-10--40--40 Bounding Box Drawn
INFO:root:2021-07-21-10--40--41 MovingFrameQueue Appended
INFO:root:2021-07-21-10--40--41 Anomally Detected, starting call for more frames
INFO:root:2021-07-21-10--40--41 anomallyFrameTracker resetted to 200
INFO:root:2021-07-21-10--40--41 Colour Conversion Completed
INFO:root:2021-07-21-10--40--41 Sleep Check Completed
INFO:root:2021-07-21-10--40--41 Frame manipulations completed
INFO:root:2021-07-21-10--40--41 Bounding Box Drawn
INFO:root:2021-07-21-10--40--41 MovingFrameQueue Popped
INFO:root:2021-07-21-10--40--41 Anomally Detected, starting call for more frames
INFO:root:2021-07-21-10--40--41 anomallyFrameTracker resetted to 200
INFO:root:2021-07-21-10--40--41 Colour Conversion Completed
INFO:root:2021-07-21-10--40--41 Sleep Check Completed
INFO:root:2021-07-21-10--40--41 Frame manipulations completed
INFO:root:2021-07-21-10--40--41 Bounding Box Drawn
INFO:root:2021-07-21-10--40--41 MovingFrameQueue Appended
INFO:root:2021-07-21-10--40--41 Anomally Detected, starting call for more frames
INFO:root:2021-07-21-10--40--41 anomallyFrameTracker resetted to 200
INFO:root:2021-07-21-10--40--41 Colour Conversion Completed
INFO:root:2021-07-21-10--40--41 Sleep Check Completed
INFO:root:2021-07-21-10--40--41 Frame manipulations completed
INFO:root:2021-07-21-10--40--41 Bounding Box Drawn
INFO:root:2021-07-21-10--40--41 MovingFrameQueue Popped
INFO:root:2021-07-21-10--40--41 Anomally Detected, starting call for more frames
INFO:root:2021-07-21-10--40--41 anomallyFrameTracker resetted to 200
INFO:root:2021-07-21-10--40--41 Colour Conversion Completed
INFO:root:2021-07-21-10--40--41 Sleep Check Completed
INFO:root:2021-07-21-10--40--41 Frame manipulations completed
INFO:root:2021-07-21-10--40--41 Bounding Box Drawn
INFO:root:2021-07-21-10--40--42 MovingFrameQueue Appended
INFO:root:2021-07-21-10--40--42 Anomally Detected, starting call for more frames
INFO:root:2021-07-21-10--40--42 anomallyFrameTracker resetted to 200
INFO:root:2021-07-21-10--40--42 Colour Conversion Completed
INFO:root:2021-07-21-10--40--42 Sleep Check Completed
INFO:root:2021-07-21-10--40--42 Frame manipulations completed
INFO:root:2021-07-21-10--40--42 Bounding Box Drawn
INFO:root:2021-07-21-10--40--42 MovingFrameQueue Popped
INFO:root:2021-07-21-10--40--42 Anomally Detected, starting call for more frames
INFO:root:2021-07-21-10--40--42 anomallyFrameTracker resetted to 200
INFO:root:2021-07-21-10--40--42 Colour Conversion Completed
INFO:root:2021-07-21-10--40--42 Sleep Check Completed
INFO:root:2021-07-21-10--40--42 Frame manipulations completed
INFO:root:2021-07-21-10--40--42 Bounding Box Drawn
INFO:root:2021-07-21-10--40--42 MovingFrameQueue Appended
INFO:root:2021-07-21-10--40--42 Anomally Detected, starting call for more frames
INFO:root:2021-07-21-10--40--42 anomallyFrameTracker resetted to 200
INFO:root:2021-07-21-10--40--42 Colour Conversion Completed
INFO:root:2021-07-21-10--40--42 Sleep Check Completed
INFO:root:2021-07-21-10--40--42 Frame manipulations completed
INFO:root:2021-07-21-10--40--42 Bounding Box Drawn
INFO:root:2021-07-21-10--40--42 MovingFrameQueue Popped
INFO:root:2021-07-21-10--40--42 Anomally Detected, starting call for more frames
INFO:root:2021-07-21-10--40--42 anomallyFrameTracker resetted to 200
INFO:root:2021-07-21-10--40--42 Colour Conversion Completed
INFO:root:2021-07-21-10--40--42 Sleep Check Completed
INFO:root:2021-07-21-10--40--42 Frame manipulations completed
INFO:root:2021-07-21-10--40--42 Bounding Box Drawn
INFO:root:2021-07-21-10--40--42 MovingFrameQueue Appended
INFO:root:2021-07-21-10--40--42 Anomally Detected, starting call for more frames
INFO:root:2021-07-21-10--40--42 anomallyFrameTracker resetted to 200
INFO:root:2021-07-21-10--40--43 Getting Auth Token Success
INFO:root:2021-07-21-10--40--43 Anomalous Detection Video Upload Completed
INFO:root:2021-07-21-10--40--43 Colour Conversion Completed
INFO:root:2021-07-21-10--40--43 Sleep Check Completed
INFO:root:2021-07-21-10--40--43 Frame manipulations completed
INFO:root:2021-07-21-10--40--43 Bounding Box Drawn
INFO:root:2021-07-21-10--40--43 MovingFrameQueue Popped
INFO:root:2021-07-21-10--40--43 anomallyFrameTracker resetted to 200
INFO:root:2021-07-21-10--40--43 Colour Conversion Completed
INFO:root:2021-07-21-10--40--43 Sleep Check Completed
INFO:root:2021-07-21-10--40--43 Frame manipulations completed
INFO:root:2021-07-21-10--40--43 Bounding Box Drawn
INFO:root:2021-07-21-10--40--43 MovingFrameQueue Appended
INFO:root:2021-07-21-10--40--43 anomallyFrameTracker resetted to 200
INFO:root:2021-07-21-10--40--43 Colour Conversion Completed
INFO:root:2021-07-21-10--40--43 Sleep Check Completed
INFO:root:2021-07-21-10--40--43 Frame manipulations completed
INFO:root:2021-07-21-10--40--43 Bounding Box Drawn
INFO:root:2021-07-21-10--40--44 MovingFrameQueue Popped
INFO:root:2021-07-21-10--40--44 anomallyFrameTracker resetted to 200
INFO:root:2021-07-21-10--40--44 Colour Conversion Completed
INFO:root:2021-07-21-10--40--44 Sleep Check Completed
INFO:root:2021-07-21-10--40--44 Frame manipulations completed
INFO:root:2021-07-21-10--40--44 Bounding Box Drawn
INFO:root:2021-07-21-10--40--44 MovingFrameQueue Appended
INFO:root:2021-07-21-10--40--44 anomallyFrameTracker resetted to 200
INFO:root:2021-07-21-10--40--44 Colour Conversion Completed
INFO:root:2021-07-21-10--40--44 Sleep Check Completed
INFO:root:2021-07-21-10--40--44 Frame manipulations completed
INFO:root:2021-07-21-10--40--44 Bounding Box Drawn
INFO:root:2021-07-21-10--40--44 MovingFrameQueue Popped
INFO:root:2021-07-21-10--40--44 anomallyFrameTracker resetted to 200
INFO:root:2021-07-21-10--40--44 Colour Conversion Completed
INFO:root:2021-07-21-10--40--44 Sleep Check Completed
INFO:root:2021-07-21-10--40--44 Frame manipulations completed
INFO:root:2021-07-21-10--40--44 Bounding Box Drawn
INFO:root:2021-07-21-10--40--44 MovingFrameQueue Appended
INFO:root:2021-07-21-10--40--44 anomallyFrameTracker resetted to 200
INFO:root:2021-07-21-10--40--44 Colour Conversion Completed
INFO:root:2021-07-21-10--40--44 Sleep Check Completed
INFO:root:2021-07-21-10--40--44 Frame manipulations completed
INFO:root:2021-07-21-10--40--44 Bounding Box Drawn
INFO:root:2021-07-21-10--40--44 MovingFrameQueue Popped
INFO:root:2021-07-21-10--40--44 anomallyFrameTracker resetted to 200
INFO:root:2021-07-21-10--40--44 Colour Conversion Completed
INFO:root:2021-07-21-10--40--44 Sleep Check Completed
INFO:root:2021-07-21-10--40--44 Frame manipulations completed
INFO:root:2021-07-21-10--40--44 Bounding Box Drawn
INFO:root:2021-07-21-10--40--45 MovingFrameQueue Appended
INFO:root:2021-07-21-10--40--45 anomallyFrameTracker resetted to 200
INFO:root:2021-07-21-10--40--45 Colour Conversion Completed
INFO:root:2021-07-21-10--40--45 Sleep Check Completed
INFO:root:2021-07-21-10--40--45 Frame manipulations completed
INFO:root:2021-07-21-10--40--45 Bounding Box Drawn
INFO:root:2021-07-21-10--40--45 MovingFrameQueue Popped
INFO:root:2021-07-21-10--40--45 anomallyFrameTracker resetted to 200
INFO:root:2021-07-21-10--40--45 Colour Conversion Completed
INFO:root:2021-07-21-10--40--45 Sleep Check Completed
INFO:root:2021-07-21-10--40--45 Frame manipulations completed
INFO:root:2021-07-21-10--40--45 Bounding Box Drawn
INFO:root:2021-07-21-10--40--45 MovingFrameQueue Appended
INFO:root:2021-07-21-10--40--45 Anomally Detected, starting call for more frames
INFO:root:2021-07-21-10--40--45 anomallyFrameTracker resetted to 200
INFO:root:2021-07-21-10--40--45 Colour Conversion Completed
INFO:root:2021-07-21-10--40--45 Sleep Check Completed
INFO:root:2021-07-21-10--40--45 Frame manipulations completed
INFO:root:2021-07-21-10--40--45 Bounding Box Drawn
INFO:root:2021-07-21-10--40--45 MovingFrameQueue Popped
INFO:root:2021-07-21-10--40--45 anomallyFrameTracker resetted to 200
INFO:root:2021-07-21-10--40--45 Colour Conversion Completed
INFO:root:2021-07-21-10--40--45 Sleep Check Completed
INFO:root:2021-07-21-10--40--45 Frame manipulations completed
INFO:root:2021-07-21-10--40--45 Bounding Box Drawn
INFO:root:2021-07-21-10--40--45 MovingFrameQueue Appended
INFO:root:2021-07-21-10--40--45 anomallyFrameTracker resetted to 200
INFO:root:2021-07-21-10--40--45 Colour Conversion Completed
INFO:root:2021-07-21-10--40--45 Sleep Check Completed
INFO:root:2021-07-21-10--40--45 Frame manipulations completed
INFO:root:2021-07-21-10--40--45 Bounding Box Drawn
INFO:root:2021-07-21-10--40--46 MovingFrameQueue Popped
INFO:root:2021-07-21-10--40--46 anomallyFrameTracker resetted to 200
INFO:root:2021-07-21-10--40--46 Colour Conversion Completed
INFO:root:2021-07-21-10--40--46 Sleep Check Completed
INFO:root:2021-07-21-10--40--46 Frame manipulations completed
INFO:root:2021-07-21-10--40--46 Bounding Box Drawn
INFO:root:2021-07-21-10--40--46 MovingFrameQueue Appended
INFO:root:2021-07-21-10--40--46 anomallyFrameTracker resetted to 200
INFO:root:2021-07-21-10--40--46 Colour Conversion Completed
INFO:root:2021-07-21-10--40--46 Sleep Check Completed
INFO:root:2021-07-21-10--40--46 Frame manipulations completed
INFO:root:2021-07-21-10--40--46 Bounding Box Drawn
INFO:root:2021-07-21-10--40--46 MovingFrameQueue Popped
INFO:root:2021-07-21-10--40--46 anomallyFrameTracker resetted to 200
INFO:root:2021-07-21-10--40--46 Colour Conversion Completed
INFO:root:2021-07-21-10--40--46 Sleep Check Completed
INFO:root:2021-07-21-10--40--46 Frame manipulations completed
INFO:root:2021-07-21-10--40--46 Bounding Box Drawn
INFO:root:2021-07-21-10--40--46 MovingFrameQueue Appended
INFO:root:2021-07-21-10--40--46 anomallyFrameTracker resetted to 200
INFO:root:2021-07-21-10--40--46 Colour Conversion Completed
INFO:root:2021-07-21-10--40--46 Sleep Check Completed
INFO:root:2021-07-21-10--40--46 Frame manipulations completed
INFO:root:2021-07-21-10--40--46 Bounding Box Drawn
INFO:root:2021-07-21-10--40--46 MovingFrameQueue Popped
INFO:root:2021-07-21-10--40--46 Anomally Detected, starting call for more frames
INFO:root:2021-07-21-10--40--46 anomallyFrameTracker resetted to 200
INFO:root:2021-07-21-10--40--46 Colour Conversion Completed
INFO:root:2021-07-21-10--40--46 Sleep Check Completed
INFO:root:2021-07-21-10--40--46 Frame manipulations completed
INFO:root:2021-07-21-10--40--46 Bounding Box Drawn
INFO:root:2021-07-21-10--40--46 MovingFrameQueue Appended
INFO:root:2021-07-21-10--40--46 Anomally Detected, starting call for more frames
INFO:root:2021-07-21-10--40--46 anomallyFrameTracker resetted to 200
INFO:root:2021-07-21-10--40--46 Colour Conversion Completed
INFO:root:2021-07-21-10--40--46 Sleep Check Completed
INFO:root:2021-07-21-10--40--46 Frame manipulations completed
INFO:root:2021-07-21-10--40--46 Bounding Box Drawn
INFO:root:2021-07-21-10--40--47 MovingFrameQueue Popped
INFO:root:2021-07-21-10--40--47 Anomally Detected, starting call for more frames
INFO:root:2021-07-21-10--40--47 anomallyFrameTracker resetted to 200
INFO:root:2021-07-21-10--40--47 Colour Conversion Completed
INFO:root:2021-07-21-10--40--47 Sleep Check Completed
INFO:root:2021-07-21-10--40--47 Frame manipulations completed
INFO:root:2021-07-21-10--40--47 Bounding Box Drawn
INFO:root:2021-07-21-10--40--47 MovingFrameQueue Appended
INFO:root:2021-07-21-10--40--47 Anomally Detected, starting call for more frames
INFO:root:2021-07-21-10--40--47 anomallyFrameTracker resetted to 200
INFO:root:2021-07-21-10--40--47 Colour Conversion Completed
INFO:root:2021-07-21-10--40--47 Sleep Check Completed
INFO:root:2021-07-21-10--40--47 Frame manipulations completed
INFO:root:2021-07-21-10--40--47 Bounding Box Drawn
INFO:root:2021-07-21-10--40--47 MovingFrameQueue Popped
INFO:root:2021-07-21-10--40--47 Anomally Detected, starting call for more frames
INFO:root:2021-07-21-10--40--47 anomallyFrameTracker resetted to 200
INFO:root:2021-07-21-10--40--47 Colour Conversion Completed
INFO:root:2021-07-21-10--40--47 Sleep Check Completed
INFO:root:2021-07-21-10--40--47 Frame manipulations completed
INFO:root:2021-07-21-10--40--47 Bounding Box Drawn
INFO:root:2021-07-21-10--40--47 MovingFrameQueue Appended
INFO:root:2021-07-21-10--40--47 Anomally Detected, starting call for more frames
INFO:root:2021-07-21-10--40--47 anomallyFrameTracker resetted to 200
INFO:root:2021-07-21-10--40--47 Colour Conversion Completed
INFO:root:2021-07-21-10--40--47 Sleep Check Completed
INFO:root:2021-07-21-10--40--47 Frame manipulations completed
INFO:root:2021-07-21-10--40--47 Bounding Box Drawn
INFO:root:2021-07-21-10--40--47 MovingFrameQueue Popped
INFO:root:2021-07-21-10--40--47 anomallyFrameTracker resetted to 200
INFO:root:2021-07-21-10--40--47 Colour Conversion Completed
INFO:root:2021-07-21-10--40--47 Sleep Check Completed
INFO:root:2021-07-21-10--40--47 Frame manipulations completed
INFO:root:2021-07-21-10--40--47 Bounding Box Drawn
INFO:root:2021-07-21-10--40--47 MovingFrameQueue Appended
INFO:root:2021-07-21-10--40--47 Anomally Detected, starting call for more frames
INFO:root:2021-07-21-10--40--47 anomallyFrameTracker resetted to 200
INFO:root:2021-07-21-10--40--47 Colour Conversion Completed
INFO:root:2021-07-21-10--40--47 Sleep Check Completed
INFO:root:2021-07-21-10--40--47 Frame manipulations completed
INFO:root:2021-07-21-10--40--47 Bounding Box Drawn
INFO:root:2021-07-21-10--40--47 MovingFrameQueue Popped
INFO:root:2021-07-21-10--40--47 Anomally Detected, starting call for more frames
INFO:root:2021-07-21-10--40--47 anomallyFrameTracker resetted to 200
INFO:root:2021-07-21-10--40--47 Colour Conversion Completed
INFO:root:2021-07-21-10--40--47 Sleep Check Completed
INFO:root:2021-07-21-10--40--47 Frame manipulations completed
INFO:root:2021-07-21-10--40--47 Bounding Box Drawn
INFO:root:2021-07-21-10--40--47 MovingFrameQueue Appended
INFO:root:2021-07-21-10--40--47 Anomally Detected, starting call for more frames
INFO:root:2021-07-21-10--40--47 anomallyFrameTracker resetted to 200
INFO:root:2021-07-21-10--40--47 Colour Conversion Completed
INFO:root:2021-07-21-10--40--47 Sleep Check Completed
INFO:root:2021-07-21-10--40--47 Frame manipulations completed
INFO:root:2021-07-21-10--40--47 Bounding Box Drawn
INFO:root:2021-07-21-10--40--48 MovingFrameQueue Popped
INFO:root:2021-07-21-10--40--48 Anomally Detected, starting call for more frames
INFO:root:2021-07-21-10--40--48 anomallyFrameTracker resetted to 200
INFO:root:2021-07-21-10--40--48 Colour Conversion Completed
INFO:root:2021-07-21-10--40--48 Sleep Check Completed
INFO:root:2021-07-21-10--40--48 Frame manipulations completed
INFO:root:2021-07-21-10--40--48 Bounding Box Drawn
INFO:root:2021-07-21-10--40--48 MovingFrameQueue Appended
INFO:root:2021-07-21-10--40--48 anomallyFrameTracker resetted to 200
INFO:root:2021-07-21-10--40--48 Colour Conversion Completed
INFO:root:2021-07-21-10--40--48 Sleep Check Completed
INFO:root:2021-07-21-10--40--48 Frame manipulations completed
INFO:root:2021-07-21-10--40--48 Bounding Box Drawn
INFO:root:2021-07-21-10--40--48 MovingFrameQueue Popped
INFO:root:2021-07-21-10--40--48 Anomally Detected, starting call for more frames
INFO:root:2021-07-21-10--40--48 anomallyFrameTracker resetted to 200
INFO:root:2021-07-21-10--40--48 Colour Conversion Completed
INFO:root:2021-07-21-10--40--48 Sleep Check Completed
INFO:root:2021-07-21-10--40--48 Frame manipulations completed
INFO:root:2021-07-21-10--40--48 Bounding Box Drawn
INFO:root:2021-07-21-10--40--48 MovingFrameQueue Appended
INFO:root:2021-07-21-10--40--48 anomallyFrameTracker resetted to 200
INFO:root:2021-07-21-10--40--48 Colour Conversion Completed
INFO:root:2021-07-21-10--40--48 Sleep Check Completed
INFO:root:2021-07-21-10--40--48 Frame manipulations completed
INFO:root:2021-07-21-10--40--48 Bounding Box Drawn
INFO:root:2021-07-21-10--40--48 MovingFrameQueue Popped
INFO:root:2021-07-21-10--40--48 Anomally Detected, starting call for more frames
INFO:root:2021-07-21-10--40--48 anomallyFrameTracker resetted to 200
INFO:root:2021-07-21-10--40--48 Colour Conversion Completed
INFO:root:2021-07-21-10--40--48 Sleep Check Completed
INFO:root:2021-07-21-10--40--48 Frame manipulations completed
INFO:root:2021-07-21-10--40--48 Bounding Box Drawn
INFO:root:2021-07-21-10--40--48 MovingFrameQueue Appended
INFO:root:2021-07-21-10--40--48 Anomally Detected, starting call for more frames
INFO:root:2021-07-21-10--40--48 anomallyFrameTracker resetted to 200
INFO:root:2021-07-21-10--40--48 Colour Conversion Completed
INFO:root:2021-07-21-10--40--48 Sleep Check Completed
INFO:root:2021-07-21-10--40--48 Frame manipulations completed
INFO:root:2021-07-21-10--40--48 Bounding Box Drawn
INFO:root:2021-07-21-10--40--48 MovingFrameQueue Popped
INFO:root:2021-07-21-10--40--48 Anomally Detected, starting call for more frames
INFO:root:2021-07-21-10--40--48 anomallyFrameTracker resetted to 200
INFO:root:2021-07-21-10--40--48 Colour Conversion Completed
INFO:root:2021-07-21-10--40--48 Sleep Check Completed
INFO:root:2021-07-21-10--40--48 Frame manipulations completed
INFO:root:2021-07-21-10--40--48 Bounding Box Drawn
INFO:root:2021-07-21-10--40--49 MovingFrameQueue Appended
INFO:root:2021-07-21-10--40--49 Anomally Detected, starting call for more frames
INFO:root:2021-07-21-10--40--49 anomallyFrameTracker resetted to 200
INFO:root:2021-07-21-10--40--49 Colour Conversion Completed
INFO:root:2021-07-21-10--40--49 Sleep Check Completed
INFO:root:2021-07-21-10--40--49 Frame manipulations completed
INFO:root:2021-07-21-10--40--49 Bounding Box Drawn
INFO:root:2021-07-21-10--40--49 MovingFrameQueue Popped
INFO:root:2021-07-21-10--40--49 Anomally Detected, starting call for more frames
INFO:root:2021-07-21-10--40--49 anomallyFrameTracker resetted to 200
INFO:root:2021-07-21-10--40--49 Colour Conversion Completed
INFO:root:2021-07-21-10--40--49 Sleep Check Completed
INFO:root:2021-07-21-10--40--49 Frame manipulations completed
INFO:root:2021-07-21-10--40--49 Bounding Box Drawn
INFO:root:2021-07-21-10--40--49 MovingFrameQueue Appended
INFO:root:2021-07-21-10--40--49 Anomally Detected, starting call for more frames
INFO:root:2021-07-21-10--40--49 anomallyFrameTracker resetted to 200
INFO:root:2021-07-21-10--40--49 Colour Conversion Completed
INFO:root:2021-07-21-10--40--49 Sleep Check Completed
INFO:root:2021-07-21-10--40--49 Frame manipulations completed
INFO:root:2021-07-21-10--40--49 Bounding Box Drawn
INFO:root:2021-07-21-10--40--49 MovingFrameQueue Popped
INFO:root:2021-07-21-10--40--49 Anomally Detected, starting call for more frames
INFO:root:2021-07-21-10--40--49 anomallyFrameTracker resetted to 200
INFO:root:2021-07-21-10--40--49 Colour Conversion Completed
INFO:root:2021-07-21-10--40--49 Sleep Check Completed
INFO:root:2021-07-21-10--40--49 Frame manipulations completed
INFO:root:2021-07-21-10--40--49 Bounding Box Drawn
INFO:root:2021-07-21-10--40--49 MovingFrameQueue Appended
INFO:root:2021-07-21-10--40--49 anomallyFrameTracker resetted to 200
INFO:root:2021-07-21-10--40--49 Colour Conversion Completed
INFO:root:2021-07-21-10--40--49 Sleep Check Completed
INFO:root:2021-07-21-10--40--49 Frame manipulations completed
INFO:root:2021-07-21-10--40--49 Bounding Box Drawn
INFO:root:2021-07-21-10--40--49 MovingFrameQueue Popped
INFO:root:2021-07-21-10--40--49 anomallyFrameTracker resetted to 200
INFO:root:2021-07-21-10--40--49 Colour Conversion Completed
INFO:root:2021-07-21-10--40--49 Sleep Check Completed
INFO:root:2021-07-21-10--40--49 Frame manipulations completed
INFO:root:2021-07-21-10--40--49 Bounding Box Drawn
INFO:root:2021-07-21-10--40--49 MovingFrameQueue Appended
INFO:root:2021-07-21-10--40--49 anomallyFrameTracker resetted to 200
INFO:root:2021-07-21-10--40--49 Colour Conversion Completed
INFO:root:2021-07-21-10--40--49 Sleep Check Completed
INFO:root:2021-07-21-10--40--49 Frame manipulations completed
INFO:root:2021-07-21-10--40--49 Bounding Box Drawn
INFO:root:2021-07-21-10--40--50 MovingFrameQueue Popped
INFO:root:2021-07-21-10--40--50 anomallyFrameTracker resetted to 200
INFO:root:2021-07-21-10--40--50 Colour Conversion Completed
INFO:root:2021-07-21-10--40--50 Sleep Check Completed
INFO:root:2021-07-21-10--40--50 Frame manipulations completed
INFO:root:2021-07-21-10--40--50 Bounding Box Drawn
INFO:root:2021-07-21-10--40--50 MovingFrameQueue Appended
INFO:root:2021-07-21-10--40--50 anomallyFrameTracker resetted to 200
INFO:root:2021-07-21-10--40--50 Colour Conversion Completed
INFO:root:2021-07-21-10--40--50 Sleep Check Completed
INFO:root:2021-07-21-10--40--50 Frame manipulations completed
INFO:root:2021-07-21-10--40--50 Bounding Box Drawn
INFO:root:2021-07-21-10--40--50 MovingFrameQueue Popped
INFO:root:2021-07-21-10--40--50 anomallyFrameTracker resetted to 200
INFO:root:2021-07-21-10--40--50 Colour Conversion Completed
INFO:root:2021-07-21-10--40--50 Sleep Check Completed
INFO:root:2021-07-21-10--40--50 Frame manipulations completed
INFO:root:2021-07-21-10--40--50 Bounding Box Drawn
INFO:root:2021-07-21-10--40--50 MovingFrameQueue Appended
INFO:root:2021-07-21-10--40--50 anomallyFrameTracker resetted to 200
INFO:root:2021-07-21-10--40--50 Colour Conversion Completed
INFO:root:2021-07-21-10--40--50 Sleep Check Completed
INFO:root:2021-07-21-10--40--50 Frame manipulations completed
INFO:root:2021-07-21-10--40--50 Bounding Box Drawn
INFO:root:2021-07-21-10--40--50 MovingFrameQueue Popped
INFO:root:2021-07-21-10--40--50 anomallyFrameTracker resetted to 200
INFO:root:2021-07-21-10--40--50 Colour Conversion Completed
INFO:root:2021-07-21-10--40--50 Sleep Check Completed
INFO:root:2021-07-21-10--40--50 Frame manipulations completed
INFO:root:2021-07-21-10--40--50 Bounding Box Drawn
INFO:root:2021-07-21-10--40--50 MovingFrameQueue Appended
INFO:root:2021-07-21-10--40--50 Anomally Detected, starting call for more frames
INFO:root:2021-07-21-10--40--50 anomallyFrameTracker resetted to 200
INFO:root:2021-07-21-10--40--50 Colour Conversion Completed
INFO:root:2021-07-21-10--40--50 Sleep Check Completed
INFO:root:2021-07-21-10--40--50 Frame manipulations completed
INFO:root:2021-07-21-10--40--50 Bounding Box Drawn
INFO:root:2021-07-21-10--40--50 MovingFrameQueue Popped
INFO:root:2021-07-21-10--40--50 Anomally Detected, starting call for more frames
INFO:root:2021-07-21-10--40--50 anomallyFrameTracker resetted to 200
INFO:root:2021-07-21-10--40--50 Colour Conversion Completed
INFO:root:2021-07-21-10--40--50 Sleep Check Completed
INFO:root:2021-07-21-10--40--50 Frame manipulations completed
INFO:root:2021-07-21-10--40--50 Bounding Box Drawn
INFO:root:2021-07-21-10--40--50 MovingFrameQueue Appended
INFO:root:2021-07-21-10--40--50 Anomally Detected, starting call for more frames
INFO:root:2021-07-21-10--40--50 anomallyFrameTracker resetted to 200
INFO:root:2021-07-21-10--40--50 Colour Conversion Completed
INFO:root:2021-07-21-10--40--50 Sleep Check Completed
INFO:root:2021-07-21-10--40--50 Frame manipulations completed
INFO:root:2021-07-21-10--40--50 Bounding Box Drawn
INFO:root:2021-07-21-10--40--51 MovingFrameQueue Popped
INFO:root:2021-07-21-10--40--51 Anomally Detected, starting call for more frames
INFO:root:2021-07-21-10--40--51 anomallyFrameTracker resetted to 200
INFO:root:2021-07-21-10--40--51 Colour Conversion Completed
INFO:root:2021-07-21-10--40--51 Sleep Check Completed
INFO:root:2021-07-21-10--40--51 Frame manipulations completed
INFO:root:2021-07-21-10--40--51 Bounding Box Drawn
INFO:root:2021-07-21-10--40--51 MovingFrameQueue Appended
INFO:root:2021-07-21-10--40--51 anomallyFrameTracker resetted to 200
INFO:root:2021-07-21-10--40--51 Colour Conversion Completed
INFO:root:2021-07-21-10--40--51 Sleep Check Completed
INFO:root:2021-07-21-10--40--51 Frame manipulations completed
INFO:root:2021-07-21-10--40--51 Bounding Box Drawn
INFO:root:2021-07-21-10--40--51 MovingFrameQueue Popped
INFO:root:2021-07-21-10--40--51 anomallyFrameTracker resetted to 200
INFO:root:2021-07-21-10--40--51 Colour Conversion Completed
INFO:root:2021-07-21-10--40--51 Sleep Check Completed
INFO:root:2021-07-21-10--40--51 Frame manipulations completed
INFO:root:2021-07-21-10--40--51 Bounding Box Drawn
INFO:root:2021-07-21-10--40--51 MovingFrameQueue Appended
INFO:root:2021-07-21-10--40--51 anomallyFrameTracker resetted to 200
INFO:root:2021-07-21-10--40--51 Colour Conversion Completed
INFO:root:2021-07-21-10--40--51 Sleep Check Completed
INFO:root:2021-07-21-10--40--51 Frame manipulations completed
INFO:root:2021-07-21-10--40--51 Bounding Box Drawn
INFO:root:2021-07-21-10--40--51 MovingFrameQueue Popped
INFO:root:2021-07-21-10--40--51 anomallyFrameTracker resetted to 200
INFO:root:2021-07-21-10--40--51 Colour Conversion Completed
INFO:root:2021-07-21-10--40--51 Sleep Check Completed
INFO:root:2021-07-21-10--40--51 Frame manipulations completed
INFO:root:2021-07-21-10--40--51 Bounding Box Drawn
INFO:root:2021-07-21-10--40--51 MovingFrameQueue Appended
INFO:root:2021-07-21-10--40--51 anomallyFrameTracker resetted to 200
INFO:root:2021-07-21-10--40--51 Colour Conversion Completed
INFO:root:2021-07-21-10--40--51 Sleep Check Completed
INFO:root:2021-07-21-10--40--51 Frame manipulations completed
INFO:root:2021-07-21-10--40--51 Bounding Box Drawn
INFO:root:2021-07-21-10--40--51 MovingFrameQueue Popped
INFO:root:2021-07-21-10--40--51 anomallyFrameTracker resetted to 200
INFO:root:2021-07-21-10--40--51 Colour Conversion Completed
INFO:root:2021-07-21-10--40--51 Sleep Check Completed
INFO:root:2021-07-21-10--40--51 Frame manipulations completed
INFO:root:2021-07-21-10--40--51 Bounding Box Drawn
INFO:root:2021-07-21-10--40--52 MovingFrameQueue Appended
INFO:root:2021-07-21-10--40--52 anomallyFrameTracker resetted to 200
INFO:root:2021-07-21-10--40--52 Colour Conversion Completed
INFO:root:2021-07-21-10--40--52 Sleep Check Completed
INFO:root:2021-07-21-10--40--52 Frame manipulations completed
INFO:root:2021-07-21-10--40--52 Bounding Box Drawn
INFO:root:2021-07-21-10--40--52 MovingFrameQueue Popped
INFO:root:2021-07-21-10--40--52 anomallyFrameTracker resetted to 200
INFO:root:2021-07-21-10--40--52 Colour Conversion Completed
INFO:root:2021-07-21-10--40--52 Sleep Check Completed
INFO:root:2021-07-21-10--40--52 Frame manipulations completed
INFO:root:2021-07-21-10--40--52 Bounding Box Drawn
INFO:root:2021-07-21-10--40--52 MovingFrameQueue Appended
INFO:root:2021-07-21-10--40--52 anomallyFrameTracker resetted to 200
INFO:root:2021-07-21-10--40--52 Colour Conversion Completed
INFO:root:2021-07-21-10--40--52 Sleep Check Completed
INFO:root:2021-07-21-10--40--52 Frame manipulations completed
INFO:root:2021-07-21-10--40--52 Bounding Box Drawn
INFO:root:2021-07-21-10--40--52 MovingFrameQueue Popped
INFO:root:2021-07-21-10--40--52 anomallyFrameTracker resetted to 200
INFO:root:2021-07-21-10--40--52 Colour Conversion Completed
INFO:root:2021-07-21-10--40--52 Sleep Check Completed
INFO:root:2021-07-21-10--40--52 Frame manipulations completed
INFO:root:2021-07-21-10--40--52 Bounding Box Drawn
INFO:root:2021-07-21-10--40--52 MovingFrameQueue Appended
INFO:root:2021-07-21-10--40--52 anomallyFrameTracker resetted to 200
INFO:root:2021-07-21-10--40--52 Colour Conversion Completed
INFO:root:2021-07-21-10--40--52 Sleep Check Completed
INFO:root:2021-07-21-10--40--52 Frame manipulations completed
INFO:root:2021-07-21-10--40--52 Bounding Box Drawn
INFO:root:2021-07-21-10--40--52 MovingFrameQueue Popped
INFO:root:2021-07-21-10--40--52 anomallyFrameTracker resetted to 200
INFO:root:2021-07-21-10--40--52 Colour Conversion Completed
INFO:root:2021-07-21-10--40--52 Sleep Check Completed
INFO:root:2021-07-21-10--40--52 Frame manipulations completed
INFO:root:2021-07-21-10--40--52 Bounding Box Drawn
INFO:root:2021-07-21-10--40--53 MovingFrameQueue Appended
INFO:root:2021-07-21-10--40--53 anomallyFrameTracker resetted to 200
INFO:root:2021-07-21-10--40--53 Colour Conversion Completed
INFO:root:2021-07-21-10--40--53 Sleep Check Completed
INFO:root:2021-07-21-10--40--53 Frame manipulations completed
INFO:root:2021-07-21-10--40--53 Bounding Box Drawn
INFO:root:2021-07-21-10--40--53 MovingFrameQueue Popped
INFO:root:2021-07-21-10--40--53 anomallyFrameTracker resetted to 200
INFO:root:2021-07-21-10--40--53 Colour Conversion Completed
INFO:root:2021-07-21-10--40--53 Sleep Check Completed
INFO:root:2021-07-21-10--40--53 Frame manipulations completed
INFO:root:2021-07-21-10--40--53 Bounding Box Drawn
INFO:root:2021-07-21-10--40--53 MovingFrameQueue Appended
INFO:root:2021-07-21-10--40--53 Anomally Detected, starting call for more frames
INFO:root:2021-07-21-10--40--53 anomallyFrameTracker resetted to 200
INFO:root:2021-07-21-10--40--53 Colour Conversion Completed
INFO:root:2021-07-21-10--40--53 Sleep Check Completed
INFO:root:2021-07-21-10--40--53 Frame manipulations completed
INFO:root:2021-07-21-10--40--53 Bounding Box Drawn
INFO:root:2021-07-21-10--40--53 MovingFrameQueue Popped
INFO:root:2021-07-21-10--40--53 anomallyFrameTracker resetted to 200
INFO:root:2021-07-21-10--40--53 Colour Conversion Completed
INFO:root:2021-07-21-10--40--53 Sleep Check Completed
INFO:root:2021-07-21-10--40--53 Frame manipulations completed
INFO:root:2021-07-21-10--40--53 Bounding Box Drawn
INFO:root:2021-07-21-10--40--53 MovingFrameQueue Appended
INFO:root:2021-07-21-10--40--53 anomallyFrameTracker resetted to 200
INFO:root:2021-07-21-10--40--53 Colour Conversion Completed
INFO:root:2021-07-21-10--40--53 Sleep Check Completed
INFO:root:2021-07-21-10--40--53 Frame manipulations completed
INFO:root:2021-07-21-10--40--53 Bounding Box Drawn
INFO:root:2021-07-21-10--40--53 MovingFrameQueue Popped
INFO:root:2021-07-21-10--40--53 anomallyFrameTracker resetted to 200
INFO:root:2021-07-21-10--40--53 Colour Conversion Completed
INFO:root:2021-07-21-10--40--53 Sleep Check Completed
INFO:root:2021-07-21-10--40--53 Frame manipulations completed
INFO:root:2021-07-21-10--40--53 Bounding Box Drawn
INFO:root:2021-07-21-10--40--53 MovingFrameQueue Appended
INFO:root:2021-07-21-10--40--53 anomallyFrameTracker resetted to 200
INFO:root:2021-07-21-10--40--53 Colour Conversion Completed
INFO:root:2021-07-21-10--40--53 Sleep Check Completed
INFO:root:2021-07-21-10--40--53 Frame manipulations completed
INFO:root:2021-07-21-10--40--53 Bounding Box Drawn
INFO:root:2021-07-21-10--40--54 MovingFrameQueue Popped
INFO:root:2021-07-21-10--40--54 anomallyFrameTracker resetted to 200
INFO:root:2021-07-21-10--40--54 Colour Conversion Completed
INFO:root:2021-07-21-10--40--54 Sleep Check Completed
INFO:root:2021-07-21-10--40--54 Frame manipulations completed
INFO:root:2021-07-21-10--40--54 Bounding Box Drawn
INFO:root:2021-07-21-10--40--54 MovingFrameQueue Appended
INFO:root:2021-07-21-10--40--54 anomallyFrameTracker resetted to 200
INFO:root:2021-07-21-10--40--54 Colour Conversion Completed
INFO:root:2021-07-21-10--40--54 Sleep Check Completed
INFO:root:2021-07-21-10--40--54 Frame manipulations completed
INFO:root:2021-07-21-10--40--54 Bounding Box Drawn
INFO:root:2021-07-21-10--40--54 MovingFrameQueue Popped
INFO:root:2021-07-21-10--40--54 anomallyFrameTracker resetted to 200
INFO:root:2021-07-21-10--40--54 Colour Conversion Completed
INFO:root:2021-07-21-10--40--54 Sleep Check Completed
INFO:root:2021-07-21-10--40--54 Frame manipulations completed
INFO:root:2021-07-21-10--40--54 Bounding Box Drawn
INFO:root:2021-07-21-10--40--54 MovingFrameQueue Appended
INFO:root:2021-07-21-10--40--54 anomallyFrameTracker resetted to 200
INFO:root:2021-07-21-10--40--54 Colour Conversion Completed
INFO:root:2021-07-21-10--40--54 Sleep Check Completed
INFO:root:2021-07-21-10--40--54 Frame manipulations completed
INFO:root:2021-07-21-10--40--54 Bounding Box Drawn
INFO:root:2021-07-21-10--40--54 MovingFrameQueue Popped
INFO:root:2021-07-21-10--40--54 anomallyFrameTracker resetted to 200
INFO:root:2021-07-21-10--40--54 Colour Conversion Completed
INFO:root:2021-07-21-10--40--54 Sleep Check Completed
INFO:root:2021-07-21-10--40--54 Frame manipulations completed
INFO:root:2021-07-21-10--40--54 Bounding Box Drawn
INFO:root:2021-07-21-10--40--54 MovingFrameQueue Appended
INFO:root:2021-07-21-10--40--54 Anomally Detected, starting call for more frames
INFO:root:2021-07-21-10--40--54 anomallyFrameTracker resetted to 200
INFO:root:2021-07-21-10--40--54 Colour Conversion Completed
INFO:root:2021-07-21-10--40--54 Sleep Check Completed
INFO:root:2021-07-21-10--40--54 Frame manipulations completed
INFO:root:2021-07-21-10--40--54 Bounding Box Drawn
INFO:root:2021-07-21-10--40--54 MovingFrameQueue Popped
INFO:root:2021-07-21-10--40--54 anomallyFrameTracker resetted to 200
INFO:root:2021-07-21-10--40--54 Colour Conversion Completed
INFO:root:2021-07-21-10--40--54 Sleep Check Completed
INFO:root:2021-07-21-10--40--54 Frame manipulations completed
INFO:root:2021-07-21-10--40--54 Bounding Box Drawn
INFO:root:2021-07-21-10--40--54 MovingFrameQueue Appended
INFO:root:2021-07-21-10--40--54 anomallyFrameTracker resetted to 200
INFO:root:2021-07-21-10--40--54 Colour Conversion Completed
INFO:root:2021-07-21-10--40--54 Sleep Check Completed
INFO:root:2021-07-21-10--40--54 Frame manipulations completed
INFO:root:2021-07-21-10--40--54 Bounding Box Drawn
INFO:root:2021-07-21-10--40--55 MovingFrameQueue Popped
INFO:root:2021-07-21-10--40--55 anomallyFrameTracker resetted to 200
INFO:root:2021-07-21-10--40--56 Colour Conversion Completed
INFO:root:2021-07-21-10--40--56 Sleep Check Completed
INFO:root:2021-07-21-10--40--56 Frame manipulations completed
INFO:root:2021-07-21-10--40--56 Bounding Box Drawn
INFO:root:2021-07-21-10--40--57 MovingFrameQueue Appended
INFO:root:2021-07-21-10--40--57 Anomally Detected, starting call for more frames
INFO:root:2021-07-21-10--40--57 anomallyFrameTracker resetted to 200
INFO:root:2021-07-21-10--40--57 Colour Conversion Completed
INFO:root:2021-07-21-10--40--57 Sleep Check Completed
INFO:root:2021-07-21-10--40--57 Frame manipulations completed
INFO:root:2021-07-21-10--40--57 Bounding Box Drawn
INFO:root:2021-07-21-10--40--57 MovingFrameQueue Popped
INFO:root:2021-07-21-10--40--57 Anomally Detected, starting call for more frames
INFO:root:2021-07-21-10--40--57 anomallyFrameTracker resetted to 200
INFO:root:2021-07-21-10--40--57 Colour Conversion Completed
INFO:root:2021-07-21-10--40--57 Sleep Check Completed
INFO:root:2021-07-21-10--40--57 Frame manipulations completed
INFO:root:2021-07-21-10--40--57 Bounding Box Drawn
INFO:root:2021-07-21-10--40--57 MovingFrameQueue Appended
INFO:root:2021-07-21-10--40--57 Anomally Detected, starting call for more frames
INFO:root:2021-07-21-10--40--57 anomallyFrameTracker resetted to 200
INFO:root:2021-07-21-10--40--57 Colour Conversion Completed
INFO:root:2021-07-21-10--40--57 Sleep Check Completed
INFO:root:2021-07-21-10--40--57 Frame manipulations completed
INFO:root:2021-07-21-10--40--57 Bounding Box Drawn
INFO:root:2021-07-21-10--40--57 MovingFrameQueue Popped
INFO:root:2021-07-21-10--40--57 Anomally Detected, starting call for more frames
INFO:root:2021-07-21-10--40--57 anomallyFrameTracker resetted to 200
INFO:root:2021-07-21-10--40--57 Colour Conversion Completed
INFO:root:2021-07-21-10--40--57 Sleep Check Completed
INFO:root:2021-07-21-10--40--57 Frame manipulations completed
INFO:root:2021-07-21-10--40--57 Bounding Box Drawn
INFO:root:2021-07-21-10--40--57 MovingFrameQueue Appended
INFO:root:2021-07-21-10--40--57 Anomally Detected, starting call for more frames
INFO:root:2021-07-21-10--40--57 anomallyFrameTracker resetted to 200
INFO:root:2021-07-21-10--40--57 Colour Conversion Completed
INFO:root:2021-07-21-10--40--57 Sleep Check Completed
INFO:root:2021-07-21-10--40--57 Frame manipulations completed
INFO:root:2021-07-21-10--40--57 Bounding Box Drawn
INFO:root:2021-07-21-10--40--57 MovingFrameQueue Popped
INFO:root:2021-07-21-10--40--57 Anomally Detected, starting call for more frames
INFO:root:2021-07-21-10--40--57 anomallyFrameTracker resetted to 200
INFO:root:2021-07-21-10--40--57 Colour Conversion Completed
INFO:root:2021-07-21-10--40--57 Sleep Check Completed
INFO:root:2021-07-21-10--40--57 Frame manipulations completed
INFO:root:2021-07-21-10--40--57 Bounding Box Drawn
INFO:root:2021-07-21-10--40--58 MovingFrameQueue Appended
INFO:root:2021-07-21-10--40--58 Anomally Detected, starting call for more frames
INFO:root:2021-07-21-10--40--58 anomallyFrameTracker resetted to 200
INFO:root:2021-07-21-10--40--58 Colour Conversion Completed
INFO:root:2021-07-21-10--40--58 Sleep Check Completed
INFO:root:2021-07-21-10--40--58 Frame manipulations completed
INFO:root:2021-07-21-10--40--58 Bounding Box Drawn
INFO:root:2021-07-21-10--40--58 MovingFrameQueue Popped
INFO:root:2021-07-21-10--40--58 Anomally Detected, starting call for more frames
INFO:root:2021-07-21-10--40--58 anomallyFrameTracker resetted to 200
INFO:root:2021-07-21-10--40--58 Colour Conversion Completed
INFO:root:2021-07-21-10--40--58 Sleep Check Completed
INFO:root:2021-07-21-10--40--58 Frame manipulations completed
INFO:root:2021-07-21-10--40--58 Bounding Box Drawn
INFO:root:2021-07-21-10--40--58 MovingFrameQueue Appended
INFO:root:2021-07-21-10--40--58 anomallyFrameTracker resetted to 200
INFO:root:2021-07-21-10--40--58 Colour Conversion Completed
INFO:root:2021-07-21-10--40--58 Sleep Check Completed
INFO:root:2021-07-21-10--40--58 Frame manipulations completed
INFO:root:2021-07-21-10--40--58 Bounding Box Drawn
INFO:root:2021-07-21-10--40--58 MovingFrameQueue Popped
INFO:root:2021-07-21-10--40--58 Anomally Detected, starting call for more frames
INFO:root:2021-07-21-10--40--58 anomallyFrameTracker resetted to 200
INFO:root:2021-07-21-10--40--58 Colour Conversion Completed
INFO:root:2021-07-21-10--40--58 Sleep Check Completed
INFO:root:2021-07-21-10--40--58 Frame manipulations completed
INFO:root:2021-07-21-10--40--58 Bounding Box Drawn
INFO:root:2021-07-21-10--40--58 MovingFrameQueue Appended
INFO:root:2021-07-21-10--40--58 Anomally Detected, starting call for more frames
INFO:root:2021-07-21-10--40--58 anomallyFrameTracker resetted to 200
INFO:root:2021-07-21-10--40--59 Colour Conversion Completed
INFO:root:2021-07-21-10--40--59 Sleep Check Completed
INFO:root:2021-07-21-10--40--59 Frame manipulations completed
INFO:root:2021-07-21-10--40--59 Bounding Box Drawn
INFO:root:2021-07-21-10--40--59 MovingFrameQueue Popped
INFO:root:2021-07-21-10--40--59 Anomally Detected, starting call for more frames
INFO:root:2021-07-21-10--40--59 anomallyFrameTracker resetted to 200
INFO:root:2021-07-21-10--40--59 Colour Conversion Completed
INFO:root:2021-07-21-10--40--59 Sleep Check Completed
INFO:root:2021-07-21-10--40--59 Frame manipulations completed
INFO:root:2021-07-21-10--40--59 Bounding Box Drawn
INFO:root:2021-07-21-10--40--59 MovingFrameQueue Appended
INFO:root:2021-07-21-10--40--59 Anomally Detected, starting call for more frames
INFO:root:2021-07-21-10--40--59 anomallyFrameTracker resetted to 200
INFO:root:2021-07-21-10--40--59 Colour Conversion Completed
INFO:root:2021-07-21-10--40--59 Sleep Check Completed
INFO:root:2021-07-21-10--40--59 Frame manipulations completed
INFO:root:2021-07-21-10--40--59 Bounding Box Drawn
INFO:root:2021-07-21-10--40--59 MovingFrameQueue Popped
INFO:root:2021-07-21-10--40--59 Anomally Detected, starting call for more frames
INFO:root:2021-07-21-10--40--59 anomallyFrameTracker resetted to 200
INFO:root:2021-07-21-10--40--59 Colour Conversion Completed
INFO:root:2021-07-21-10--40--59 Sleep Check Completed
INFO:root:2021-07-21-10--40--59 Frame manipulations completed
INFO:root:2021-07-21-10--40--59 Bounding Box Drawn
INFO:root:2021-07-21-10--40--59 MovingFrameQueue Appended
INFO:root:2021-07-21-10--40--59 Anomally Detected, starting call for more frames
INFO:root:2021-07-21-10--40--59 anomallyFrameTracker resetted to 200
INFO:root:2021-07-21-10--40--59 Colour Conversion Completed
INFO:root:2021-07-21-10--40--59 Sleep Check Completed
INFO:root:2021-07-21-10--40--59 Frame manipulations completed
INFO:root:2021-07-21-10--40--59 Bounding Box Drawn
INFO:root:2021-07-21-10--41--00 MovingFrameQueue Popped
INFO:root:2021-07-21-10--41--00 Anomally Detected, starting call for more frames
INFO:root:2021-07-21-10--41--00 anomallyFrameTracker resetted to 200
INFO:root:2021-07-21-10--41--00 Colour Conversion Completed
INFO:root:2021-07-21-10--41--00 Sleep Check Completed
INFO:root:2021-07-21-10--41--00 Frame manipulations completed
INFO:root:2021-07-21-10--41--00 Bounding Box Drawn
INFO:root:2021-07-21-10--41--00 MovingFrameQueue Appended
INFO:root:2021-07-21-10--41--00 anomallyFrameTracker resetted to 200
INFO:root:2021-07-21-10--41--00 Colour Conversion Completed
INFO:root:2021-07-21-10--41--00 Sleep Check Completed
INFO:root:2021-07-21-10--41--00 Frame manipulations completed
INFO:root:2021-07-21-10--41--00 Bounding Box Drawn
INFO:root:2021-07-21-10--41--00 MovingFrameQueue Popped
INFO:root:2021-07-21-10--41--00 anomallyFrameTracker resetted to 200
INFO:root:2021-07-21-10--41--00 Colour Conversion Completed
INFO:root:2021-07-21-10--41--00 Sleep Check Completed
INFO:root:2021-07-21-10--41--00 Frame manipulations completed
INFO:root:2021-07-21-10--41--00 Bounding Box Drawn
INFO:root:2021-07-21-10--41--00 MovingFrameQueue Appended
INFO:root:2021-07-21-10--41--00 anomallyFrameTracker resetted to 200
INFO:root:2021-07-21-10--41--00 Colour Conversion Completed
INFO:root:2021-07-21-10--41--00 Sleep Check Completed
INFO:root:2021-07-21-10--41--00 Frame manipulations completed
INFO:root:2021-07-21-10--41--00 Bounding Box Drawn
INFO:root:2021-07-21-10--41--00 MovingFrameQueue Popped
INFO:root:2021-07-21-10--41--00 anomallyFrameTracker resetted to 200
INFO:root:2021-07-21-10--41--00 Colour Conversion Completed
INFO:root:2021-07-21-10--41--00 Sleep Check Completed
INFO:root:2021-07-21-10--41--00 Frame manipulations completed
INFO:root:2021-07-21-10--41--00 Bounding Box Drawn
INFO:root:2021-07-21-10--41--00 MovingFrameQueue Appended
INFO:root:2021-07-21-10--41--00 anomallyFrameTracker resetted to 200
INFO:root:2021-07-21-10--41--00 Colour Conversion Completed
INFO:root:2021-07-21-10--41--01 Sleep Check Completed
INFO:root:2021-07-21-10--41--01 Frame manipulations completed
INFO:root:2021-07-21-10--41--01 Bounding Box Drawn
INFO:root:2021-07-21-10--41--01 MovingFrameQueue Popped
INFO:root:2021-07-21-10--41--01 anomallyFrameTracker resetted to 200
INFO:root:2021-07-21-10--41--01 Colour Conversion Completed
INFO:root:2021-07-21-10--41--01 Sleep Check Completed
INFO:root:2021-07-21-10--41--01 Frame manipulations completed
INFO:root:2021-07-21-10--41--01 Bounding Box Drawn
INFO:root:2021-07-21-10--41--01 MovingFrameQueue Appended
INFO:root:2021-07-21-10--41--01 anomallyFrameTracker resetted to 200
INFO:root:2021-07-21-10--41--01 Colour Conversion Completed
INFO:root:2021-07-21-10--41--01 Sleep Check Completed
INFO:root:2021-07-21-10--41--01 Frame manipulations completed
INFO:root:2021-07-21-10--41--01 Bounding Box Drawn
INFO:root:2021-07-21-10--41--01 MovingFrameQueue Popped
INFO:root:2021-07-21-10--41--01 Anomally Detected, starting call for more frames
INFO:root:2021-07-21-10--41--01 anomallyFrameTracker resetted to 200
INFO:root:2021-07-21-10--41--01 Colour Conversion Completed
INFO:root:2021-07-21-10--41--01 Sleep Check Completed
INFO:root:2021-07-21-10--41--01 Frame manipulations completed
INFO:root:2021-07-21-10--41--01 Bounding Box Drawn
INFO:root:2021-07-21-10--41--01 MovingFrameQueue Appended
INFO:root:2021-07-21-10--41--01 Anomally Detected, starting call for more frames
INFO:root:2021-07-21-10--41--01 anomallyFrameTracker resetted to 200
INFO:root:2021-07-21-10--41--01 Colour Conversion Completed
INFO:root:2021-07-21-10--41--01 Sleep Check Completed
INFO:root:2021-07-21-10--41--01 Frame manipulations completed
INFO:root:2021-07-21-10--41--01 Bounding Box Drawn
INFO:root:2021-07-21-10--41--01 MovingFrameQueue Popped
INFO:root:2021-07-21-10--41--01 Anomally Detected, starting call for more frames
INFO:root:2021-07-21-10--41--01 anomallyFrameTracker resetted to 200
INFO:root:2021-07-21-10--41--02 Colour Conversion Completed
INFO:root:2021-07-21-10--41--02 Sleep Check Completed
INFO:root:2021-07-21-10--41--02 Frame manipulations completed
INFO:root:2021-07-21-10--41--02 Bounding Box Drawn
INFO:root:2021-07-21-10--41--02 MovingFrameQueue Appended
INFO:root:2021-07-21-10--41--02 Anomally Detected, starting call for more frames
INFO:root:2021-07-21-10--41--02 anomallyFrameTracker resetted to 200
INFO:root:2021-07-21-10--41--02 Colour Conversion Completed
INFO:root:2021-07-21-10--41--02 Sleep Check Completed
INFO:root:2021-07-21-10--41--02 Frame manipulations completed
INFO:root:2021-07-21-10--41--02 Bounding Box Drawn
INFO:root:2021-07-21-10--41--02 MovingFrameQueue Popped
INFO:root:2021-07-21-10--41--02 Anomally Detected, starting call for more frames
INFO:root:2021-07-21-10--41--02 anomallyFrameTracker resetted to 200
INFO:root:2021-07-21-10--41--02 Colour Conversion Completed
INFO:root:2021-07-21-10--41--02 Sleep Check Completed
INFO:root:2021-07-21-10--41--02 Frame manipulations completed
INFO:root:2021-07-21-10--41--02 Bounding Box Drawn
INFO:root:2021-07-21-10--41--02[INFO] elapsed time: 39.60
INFO:root:2021-07-21-10--41--02[INFO] approx. FPS: 4.60
INFO:root:2021-07-21-10--41--02 Getting Auth Token Success
INFO:root:2021-07-21-10--41--02 BedTime Upload Completed
