INFO:root:2021-07-28-15--04--08 Parameter Generation Success
INFO:root:2021-07-28-15--04--08 Colour Conversion Completed
INFO:root:2021-07-28-15--04--08 Sleep Check Completed
INFO:root:2021-07-28-15--04--08 Frame manipulations completed
INFO:root:2021-07-28-15--04--08 Bounding Box Drawn
INFO:root:2021-07-28-15--04--14 MovingFrameQueue Appended
INFO:root:2021-07-28-15--04--14 anomallyFrameTracker resetted to 200
INFO:root:2021-07-28-15--04--14 Colour Conversion Completed
INFO:root:2021-07-28-15--04--14 Sleep Check Completed
INFO:root:2021-07-28-15--04--14 Frame manipulations completed
INFO:root:2021-07-28-15--04--14 Bounding Box Drawn
INFO:root:2021-07-28-15--04--14 MovingFrameQueue Appended
INFO:root:2021-07-28-15--04--14 anomallyFrameTracker resetted to 200
INFO:root:2021-07-28-15--04--14 Colour Conversion Completed
INFO:root:2021-07-28-15--04--14 Sleep Check Completed
INFO:root:2021-07-28-15--04--14 Frame manipulations completed
INFO:root:2021-07-28-15--04--14 Bounding Box Drawn
INFO:root:2021-07-28-15--04--14 MovingFrameQueue Appended
INFO:root:2021-07-28-15--04--14 anomallyFrameTracker resetted to 200
INFO:root:2021-07-28-15--04--14 Colour Conversion Completed
INFO:root:2021-07-28-15--04--14 Sleep Check Completed
INFO:root:2021-07-28-15--04--14 Frame manipulations completed
INFO:root:2021-07-28-15--04--14 Bounding Box Drawn
INFO:root:2021-07-28-15--04--14 MovingFrameQueue Appended
INFO:root:2021-07-28-15--04--14 anomallyFrameTracker resetted to 200
INFO:root:2021-07-28-15--04--14 Colour Conversion Completed
INFO:root:2021-07-28-15--04--14 Sleep Check Completed
INFO:root:2021-07-28-15--04--14 Frame manipulations completed
INFO:root:2021-07-28-15--04--14 Bounding Box Drawn
INFO:root:2021-07-28-15--04--14 MovingFrameQueue Appended
INFO:root:2021-07-28-15--04--14 anomallyFrameTracker resetted to 200
INFO:root:2021-07-28-15--04--14 Colour Conversion Completed
INFO:root:2021-07-28-15--04--14 Sleep Check Completed
INFO:root:2021-07-28-15--04--14 Frame manipulations completed
INFO:root:2021-07-28-15--04--14 Bounding Box Drawn
INFO:root:2021-07-28-15--04--14 MovingFrameQueue Appended
INFO:root:2021-07-28-15--04--14 anomallyFrameTracker resetted to 200
INFO:root:2021-07-28-15--04--14 Colour Conversion Completed
INFO:root:2021-07-28-15--04--14 Sleep Check Completed
INFO:root:2021-07-28-15--04--14 Frame manipulations completed
INFO:root:2021-07-28-15--04--14 Bounding Box Drawn
INFO:root:2021-07-28-15--04--15 MovingFrameQueue Appended
INFO:root:2021-07-28-15--04--15 anomallyFrameTracker resetted to 200
INFO:root:2021-07-28-15--04--15 Colour Conversion Completed
INFO:root:2021-07-28-15--04--15 Sleep Check Completed
INFO:root:2021-07-28-15--04--15 Frame manipulations completed
INFO:root:2021-07-28-15--04--15 Bounding Box Drawn
INFO:root:2021-07-28-15--04--15 MovingFrameQueue Appended
INFO:root:2021-07-28-15--04--15 anomallyFrameTracker resetted to 200
INFO:root:2021-07-28-15--04--15 Colour Conversion Completed
INFO:root:2021-07-28-15--04--15 Sleep Check Completed
INFO:root:2021-07-28-15--04--15 Frame manipulations completed
INFO:root:2021-07-28-15--04--15 Bounding Box Drawn
INFO:root:2021-07-28-15--04--15 MovingFrameQueue Appended
INFO:root:2021-07-28-15--04--15 anomallyFrameTracker resetted to 200
INFO:root:2021-07-28-15--04--15 Colour Conversion Completed
INFO:root:2021-07-28-15--04--15 Sleep Check Completed
INFO:root:2021-07-28-15--04--15 Frame manipulations completed
INFO:root:2021-07-28-15--04--15 Bounding Box Drawn
INFO:root:2021-07-28-15--04--16 MovingFrameQueue Appended
INFO:root:2021-07-28-15--04--16 anomallyFrameTracker resetted to 200
INFO:root:2021-07-28-15--04--16 Colour Conversion Completed
INFO:root:2021-07-28-15--04--16 Sleep Check Completed
INFO:root:2021-07-28-15--04--16 Frame manipulations completed
INFO:root:2021-07-28-15--04--16 Bounding Box Drawn
INFO:root:2021-07-28-15--04--16 MovingFrameQueue Appended
INFO:root:2021-07-28-15--04--16 anomallyFrameTracker resetted to 200
INFO:root:2021-07-28-15--04--16 Colour Conversion Completed
INFO:root:2021-07-28-15--04--16 Sleep Check Completed
INFO:root:2021-07-28-15--04--16 Frame manipulations completed
INFO:root:2021-07-28-15--04--16 Bounding Box Drawn
INFO:root:2021-07-28-15--04--16 MovingFrameQueue Appended
INFO:root:2021-07-28-15--04--16 anomallyFrameTracker resetted to 200
INFO:root:2021-07-28-15--04--16 Colour Conversion Completed
INFO:root:2021-07-28-15--04--16 Sleep Check Completed
INFO:root:2021-07-28-15--04--16 Frame manipulations completed
INFO:root:2021-07-28-15--04--16 Bounding Box Drawn
INFO:root:2021-07-28-15--04--16 MovingFrameQueue Appended
INFO:root:2021-07-28-15--04--16 anomallyFrameTracker resetted to 200
INFO:root:2021-07-28-15--04--16 Colour Conversion Completed
INFO:root:2021-07-28-15--04--16 Sleep Check Completed
INFO:root:2021-07-28-15--04--16 Frame manipulations completed
INFO:root:2021-07-28-15--04--16 Bounding Box Drawn
INFO:root:2021-07-28-15--04--17 MovingFrameQueue Appended
INFO:root:2021-07-28-15--04--17 anomallyFrameTracker resetted to 200
INFO:root:2021-07-28-15--04--17 Colour Conversion Completed
INFO:root:2021-07-28-15--04--17 Sleep Check Completed
INFO:root:2021-07-28-15--04--17 Frame manipulations completed
INFO:root:2021-07-28-15--04--17 Bounding Box Drawn
INFO:root:2021-07-28-15--04--17 MovingFrameQueue Appended
INFO:root:2021-07-28-15--04--17 anomallyFrameTracker resetted to 200
INFO:root:2021-07-28-15--04--17 Colour Conversion Completed
INFO:root:2021-07-28-15--04--17 Sleep Check Completed
INFO:root:2021-07-28-15--04--17 Frame manipulations completed
INFO:root:2021-07-28-15--04--17 Bounding Box Drawn
INFO:root:2021-07-28-15--04--17 MovingFrameQueue Appended
INFO:root:2021-07-28-15--04--17 anomallyFrameTracker resetted to 200
INFO:root:2021-07-28-15--04--17 Colour Conversion Completed
INFO:root:2021-07-28-15--04--18 Sleep Check Completed
INFO:root:2021-07-28-15--04--18 Frame manipulations completed
INFO:root:2021-07-28-15--04--18 Bounding Box Drawn
INFO:root:2021-07-28-15--04--18 MovingFrameQueue Appended
INFO:root:2021-07-28-15--04--18 anomallyFrameTracker resetted to 200
INFO:root:2021-07-28-15--04--18 Colour Conversion Completed
INFO:root:2021-07-28-15--04--18 Sleep Check Completed
INFO:root:2021-07-28-15--04--18 Frame manipulations completed
INFO:root:2021-07-28-15--04--18 Bounding Box Drawn
INFO:root:2021-07-28-15--04--18 MovingFrameQueue Appended
INFO:root:2021-07-28-15--04--18 anomallyFrameTracker resetted to 200
INFO:root:2021-07-28-15--04--18 Colour Conversion Completed
INFO:root:2021-07-28-15--04--18 Sleep Check Completed
INFO:root:2021-07-28-15--04--18 Frame manipulations completed
INFO:root:2021-07-28-15--04--18 Bounding Box Drawn
INFO:root:2021-07-28-15--04--18 MovingFrameQueue Appended
INFO:root:2021-07-28-15--04--18 anomallyFrameTracker resetted to 200
INFO:root:2021-07-28-15--04--18 Colour Conversion Completed
INFO:root:2021-07-28-15--04--18 Sleep Check Completed
INFO:root:2021-07-28-15--04--18 Frame manipulations completed
INFO:root:2021-07-28-15--04--18 Bounding Box Drawn
INFO:root:2021-07-28-15--04--18 MovingFrameQueue Appended
INFO:root:2021-07-28-15--04--18 anomallyFrameTracker resetted to 200
INFO:root:2021-07-28-15--04--18 Colour Conversion Completed
INFO:root:2021-07-28-15--04--18 Sleep Check Completed
INFO:root:2021-07-28-15--04--18 Frame manipulations completed
INFO:root:2021-07-28-15--04--18 Bounding Box Drawn
INFO:root:2021-07-28-15--04--18 MovingFrameQueue Appended
INFO:root:2021-07-28-15--04--18 anomallyFrameTracker resetted to 200
INFO:root:2021-07-28-15--04--18 Colour Conversion Completed
INFO:root:2021-07-28-15--04--18 Sleep Check Completed
INFO:root:2021-07-28-15--04--18 Frame manipulations completed
INFO:root:2021-07-28-15--04--18 Bounding Box Drawn
INFO:root:2021-07-28-15--04--18 MovingFrameQueue Appended
INFO:root:2021-07-28-15--04--18 anomallyFrameTracker resetted to 200
INFO:root:2021-07-28-15--04--18 Colour Conversion Completed
INFO:root:2021-07-28-15--04--18 Sleep Check Completed
INFO:root:2021-07-28-15--04--18 Frame manipulations completed
INFO:root:2021-07-28-15--04--18 Bounding Box Drawn
INFO:root:2021-07-28-15--04--18 MovingFrameQueue Appended
INFO:root:2021-07-28-15--04--18 anomallyFrameTracker resetted to 200
INFO:root:2021-07-28-15--04--18 Colour Conversion Completed
INFO:root:2021-07-28-15--04--18 Sleep Check Completed
INFO:root:2021-07-28-15--04--18 Frame manipulations completed
INFO:root:2021-07-28-15--04--18 Bounding Box Drawn
INFO:root:2021-07-28-15--04--18 MovingFrameQueue Appended
INFO:root:2021-07-28-15--04--18 anomallyFrameTracker resetted to 200
INFO:root:2021-07-28-15--04--18 Colour Conversion Completed
INFO:root:2021-07-28-15--04--18 Sleep Check Completed
INFO:root:2021-07-28-15--04--18 Frame manipulations completed
INFO:root:2021-07-28-15--04--18 Bounding Box Drawn
INFO:root:2021-07-28-15--04--18 MovingFrameQueue Appended
INFO:root:2021-07-28-15--04--18 anomallyFrameTracker resetted to 200
INFO:root:2021-07-28-15--04--18 Colour Conversion Completed
INFO:root:2021-07-28-15--04--19 Sleep Check Completed
INFO:root:2021-07-28-15--04--19 Frame manipulations completed
INFO:root:2021-07-28-15--04--19 Bounding Box Drawn
INFO:root:2021-07-28-15--04--19 MovingFrameQueue Appended
INFO:root:2021-07-28-15--04--19 anomallyFrameTracker resetted to 200
INFO:root:2021-07-28-15--04--19 Colour Conversion Completed
INFO:root:2021-07-28-15--04--19 Sleep Check Completed
INFO:root:2021-07-28-15--04--19 Frame manipulations completed
INFO:root:2021-07-28-15--04--19 Bounding Box Drawn
INFO:root:2021-07-28-15--04--19 MovingFrameQueue Appended
INFO:root:2021-07-28-15--04--19 anomallyFrameTracker resetted to 200
INFO:root:2021-07-28-15--04--19 Colour Conversion Completed
INFO:root:2021-07-28-15--04--19 Sleep Check Completed
INFO:root:2021-07-28-15--04--19 Frame manipulations completed
INFO:root:2021-07-28-15--04--19 Bounding Box Drawn
INFO:root:2021-07-28-15--04--19 MovingFrameQueue Appended
INFO:root:2021-07-28-15--04--19 anomallyFrameTracker resetted to 200
INFO:root:2021-07-28-15--04--19 Colour Conversion Completed
INFO:root:2021-07-28-15--04--19 Sleep Check Completed
INFO:root:2021-07-28-15--04--19 Frame manipulations completed
INFO:root:2021-07-28-15--04--19 Bounding Box Drawn
INFO:root:2021-07-28-15--04--19 MovingFrameQueue Appended
INFO:root:2021-07-28-15--04--19 anomallyFrameTracker resetted to 200
INFO:root:2021-07-28-15--04--19 Colour Conversion Completed
INFO:root:2021-07-28-15--04--19 Sleep Check Completed
INFO:root:2021-07-28-15--04--19 Frame manipulations completed
INFO:root:2021-07-28-15--04--19 Bounding Box Drawn
INFO:root:2021-07-28-15--04--20 MovingFrameQueue Appended
INFO:root:2021-07-28-15--04--20 anomallyFrameTracker resetted to 200
INFO:root:2021-07-28-15--04--20 Colour Conversion Completed
INFO:root:2021-07-28-15--04--20 Sleep Check Completed
INFO:root:2021-07-28-15--04--20 Frame manipulations completed
INFO:root:2021-07-28-15--04--20 Bounding Box Drawn
INFO:root:2021-07-28-15--04--20 MovingFrameQueue Appended
INFO:root:2021-07-28-15--04--20 anomallyFrameTracker resetted to 200
INFO:root:2021-07-28-15--04--20 Colour Conversion Completed
INFO:root:2021-07-28-15--04--20 Sleep Check Completed
INFO:root:2021-07-28-15--04--20 Frame manipulations completed
INFO:root:2021-07-28-15--04--20 Bounding Box Drawn
INFO:root:2021-07-28-15--04--20 MovingFrameQueue Appended
INFO:root:2021-07-28-15--04--20 anomallyFrameTracker resetted to 200
INFO:root:2021-07-28-15--04--20 Colour Conversion Completed
INFO:root:2021-07-28-15--04--20 Sleep Check Completed
INFO:root:2021-07-28-15--04--20 Frame manipulations completed
INFO:root:2021-07-28-15--04--20 Bounding Box Drawn
INFO:root:2021-07-28-15--04--20 MovingFrameQueue Appended
INFO:root:2021-07-28-15--04--20 anomallyFrameTracker resetted to 200
INFO:root:2021-07-28-15--04--20 Colour Conversion Completed
INFO:root:2021-07-28-15--04--20 Sleep Check Completed
INFO:root:2021-07-28-15--04--20 Frame manipulations completed
INFO:root:2021-07-28-15--04--20 Bounding Box Drawn
INFO:root:2021-07-28-15--04--20 MovingFrameQueue Appended
INFO:root:2021-07-28-15--04--20 anomallyFrameTracker resetted to 200
INFO:root:2021-07-28-15--04--20 Colour Conversion Completed
INFO:root:2021-07-28-15--04--20 Sleep Check Completed
INFO:root:2021-07-28-15--04--20 Frame manipulations completed
INFO:root:2021-07-28-15--04--20 Bounding Box Drawn
INFO:root:2021-07-28-15--04--20 MovingFrameQueue Appended
INFO:root:2021-07-28-15--04--20 anomallyFrameTracker resetted to 200
INFO:root:2021-07-28-15--04--20 Colour Conversion Completed
INFO:root:2021-07-28-15--04--20 Sleep Check Completed
INFO:root:2021-07-28-15--04--20 Frame manipulations completed
INFO:root:2021-07-28-15--04--20 Bounding Box Drawn
INFO:root:2021-07-28-15--04--21 MovingFrameQueue Appended
INFO:root:2021-07-28-15--04--21 anomallyFrameTracker resetted to 200
INFO:root:2021-07-28-15--04--21 Colour Conversion Completed
INFO:root:2021-07-28-15--04--21 Sleep Check Completed
INFO:root:2021-07-28-15--04--21 Frame manipulations completed
INFO:root:2021-07-28-15--04--21 Bounding Box Drawn
INFO:root:2021-07-28-15--04--21 MovingFrameQueue Appended
INFO:root:2021-07-28-15--04--21 anomallyFrameTracker resetted to 200
INFO:root:2021-07-28-15--04--21 Colour Conversion Completed
INFO:root:2021-07-28-15--04--21 Sleep Check Completed
INFO:root:2021-07-28-15--04--21 Frame manipulations completed
INFO:root:2021-07-28-15--04--21 Bounding Box Drawn
INFO:root:2021-07-28-15--04--21 MovingFrameQueue Appended
INFO:root:2021-07-28-15--04--21 anomallyFrameTracker resetted to 200
INFO:root:2021-07-28-15--04--21 Colour Conversion Completed
INFO:root:2021-07-28-15--04--21 Sleep Check Completed
INFO:root:2021-07-28-15--04--21 Frame manipulations completed
INFO:root:2021-07-28-15--04--21 Bounding Box Drawn
INFO:root:2021-07-28-15--04--21 MovingFrameQueue Appended
INFO:root:2021-07-28-15--04--21 anomallyFrameTracker resetted to 200
INFO:root:2021-07-28-15--04--21 Colour Conversion Completed
INFO:root:2021-07-28-15--04--21 Sleep Check Completed
INFO:root:2021-07-28-15--04--21 Frame manipulations completed
INFO:root:2021-07-28-15--04--21 Bounding Box Drawn
INFO:root:2021-07-28-15--04--21 MovingFrameQueue Appended
INFO:root:2021-07-28-15--04--21 anomallyFrameTracker resetted to 200
INFO:root:2021-07-28-15--04--21 Colour Conversion Completed
INFO:root:2021-07-28-15--04--21 Sleep Check Completed
INFO:root:2021-07-28-15--04--21 Frame manipulations completed
INFO:root:2021-07-28-15--04--21 Bounding Box Drawn
INFO:root:2021-07-28-15--04--22 MovingFrameQueue Appended
INFO:root:2021-07-28-15--04--22 anomallyFrameTracker resetted to 200
INFO:root:2021-07-28-15--04--22 Colour Conversion Completed
INFO:root:2021-07-28-15--04--22 Sleep Check Completed
INFO:root:2021-07-28-15--04--22 Frame manipulations completed
INFO:root:2021-07-28-15--04--22 Bounding Box Drawn
INFO:root:2021-07-28-15--04--22 MovingFrameQueue Appended
INFO:root:2021-07-28-15--04--22 anomallyFrameTracker resetted to 200
INFO:root:2021-07-28-15--04--22 Colour Conversion Completed
INFO:root:2021-07-28-15--04--22 Sleep Check Completed
INFO:root:2021-07-28-15--04--22 Frame manipulations completed
INFO:root:2021-07-28-15--04--22 Bounding Box Drawn
INFO:root:2021-07-28-15--04--22 MovingFrameQueue Appended
INFO:root:2021-07-28-15--04--22 anomallyFrameTracker resetted to 200
INFO:root:2021-07-28-15--04--22 Colour Conversion Completed
INFO:root:2021-07-28-15--04--22 Sleep Check Completed
INFO:root:2021-07-28-15--04--22 Frame manipulations completed
INFO:root:2021-07-28-15--04--22 Bounding Box Drawn
INFO:root:2021-07-28-15--04--22 MovingFrameQueue Appended
INFO:root:2021-07-28-15--04--22 anomallyFrameTracker resetted to 200
INFO:root:2021-07-28-15--04--22 Colour Conversion Completed
INFO:root:2021-07-28-15--04--22 Sleep Check Completed
INFO:root:2021-07-28-15--04--22 Frame manipulations completed
INFO:root:2021-07-28-15--04--22 Bounding Box Drawn
INFO:root:2021-07-28-15--04--22 MovingFrameQueue Appended
INFO:root:2021-07-28-15--04--22 anomallyFrameTracker resetted to 200
INFO:root:2021-07-28-15--04--22 Colour Conversion Completed
INFO:root:2021-07-28-15--04--22 Sleep Check Completed
INFO:root:2021-07-28-15--04--22 Frame manipulations completed
INFO:root:2021-07-28-15--04--22 Bounding Box Drawn
INFO:root:2021-07-28-15--04--22 MovingFrameQueue Appended
INFO:root:2021-07-28-15--04--22 anomallyFrameTracker resetted to 200
INFO:root:2021-07-28-15--04--23 Colour Conversion Completed
INFO:root:2021-07-28-15--04--23 Sleep Check Completed
INFO:root:2021-07-28-15--04--23 Frame manipulations completed
INFO:root:2021-07-28-15--04--23 Bounding Box Drawn
INFO:root:2021-07-28-15--04--23 MovingFrameQueue Appended
INFO:root:2021-07-28-15--04--23 anomallyFrameTracker resetted to 200
INFO:root:2021-07-28-15--04--23 Colour Conversion Completed
INFO:root:2021-07-28-15--04--23 Sleep Check Completed
INFO:root:2021-07-28-15--04--23 Frame manipulations completed
INFO:root:2021-07-28-15--04--23 Bounding Box Drawn
INFO:root:2021-07-28-15--04--23 MovingFrameQueue Appended
INFO:root:2021-07-28-15--04--23 anomallyFrameTracker resetted to 200
INFO:root:2021-07-28-15--04--23 Colour Conversion Completed
INFO:root:2021-07-28-15--04--23 Sleep Check Completed
INFO:root:2021-07-28-15--04--23 Frame manipulations completed
INFO:root:2021-07-28-15--04--23 Bounding Box Drawn
INFO:root:2021-07-28-15--04--23 MovingFrameQueue Appended
INFO:root:2021-07-28-15--04--23 anomallyFrameTracker resetted to 200
INFO:root:2021-07-28-15--04--23 Colour Conversion Completed
INFO:root:2021-07-28-15--04--23 Sleep Check Completed
INFO:root:2021-07-28-15--04--23 Frame manipulations completed
INFO:root:2021-07-28-15--04--23 Bounding Box Drawn
INFO:root:2021-07-28-15--04--23 MovingFrameQueue Appended
INFO:root:2021-07-28-15--04--23 anomallyFrameTracker resetted to 200
INFO:root:2021-07-28-15--04--23 Colour Conversion Completed
INFO:root:2021-07-28-15--04--23 Sleep Check Completed
INFO:root:2021-07-28-15--04--23 Frame manipulations completed
INFO:root:2021-07-28-15--04--23 Bounding Box Drawn
INFO:root:2021-07-28-15--04--23 MovingFrameQueue Appended
INFO:root:2021-07-28-15--04--23 anomallyFrameTracker resetted to 200
INFO:root:2021-07-28-15--04--23 Colour Conversion Completed
INFO:root:2021-07-28-15--04--23 Sleep Check Completed
INFO:root:2021-07-28-15--04--23 Frame manipulations completed
INFO:root:2021-07-28-15--04--23 Bounding Box Drawn
INFO:root:2021-07-28-15--04--24 MovingFrameQueue Popped
INFO:root:2021-07-28-15--04--24 anomallyFrameTracker resetted to 200
INFO:root:2021-07-28-15--04--24 Colour Conversion Completed
INFO:root:2021-07-28-15--04--24 Sleep Check Completed
INFO:root:2021-07-28-15--04--24 Frame manipulations completed
INFO:root:2021-07-28-15--04--24 Bounding Box Drawn
INFO:root:2021-07-28-15--04--24 MovingFrameQueue Appended
INFO:root:2021-07-28-15--04--24 anomallyFrameTracker resetted to 200
INFO:root:2021-07-28-15--04--24 Colour Conversion Completed
INFO:root:2021-07-28-15--04--24 Sleep Check Completed
INFO:root:2021-07-28-15--04--24 Frame manipulations completed
INFO:root:2021-07-28-15--04--24 Bounding Box Drawn
INFO:root:2021-07-28-15--04--24 MovingFrameQueue Popped
INFO:root:2021-07-28-15--04--24 anomallyFrameTracker resetted to 200
INFO:root:2021-07-28-15--04--24 Colour Conversion Completed
INFO:root:2021-07-28-15--04--24 Sleep Check Completed
INFO:root:2021-07-28-15--04--24 Frame manipulations completed
INFO:root:2021-07-28-15--04--24 Bounding Box Drawn
INFO:root:2021-07-28-15--04--24 MovingFrameQueue Appended
INFO:root:2021-07-28-15--04--24 anomallyFrameTracker resetted to 200
INFO:root:2021-07-28-15--04--24 Colour Conversion Completed
INFO:root:2021-07-28-15--04--24 Sleep Check Completed
INFO:root:2021-07-28-15--04--24 Frame manipulations completed
INFO:root:2021-07-28-15--04--24 Bounding Box Drawn
INFO:root:2021-07-28-15--04--24 MovingFrameQueue Popped
INFO:root:2021-07-28-15--04--24 anomallyFrameTracker resetted to 200
INFO:root:2021-07-28-15--04--24 Colour Conversion Completed
INFO:root:2021-07-28-15--04--24 Sleep Check Completed
INFO:root:2021-07-28-15--04--24 Frame manipulations completed
INFO:root:2021-07-28-15--04--24 Bounding Box Drawn
INFO:root:2021-07-28-15--04--25 MovingFrameQueue Appended
INFO:root:2021-07-28-15--04--25 anomallyFrameTracker resetted to 200
INFO:root:2021-07-28-15--04--25 Colour Conversion Completed
INFO:root:2021-07-28-15--04--25 Sleep Check Completed
INFO:root:2021-07-28-15--04--25 Frame manipulations completed
INFO:root:2021-07-28-15--04--25 Bounding Box Drawn
INFO:root:2021-07-28-15--04--25 MovingFrameQueue Popped
INFO:root:2021-07-28-15--04--25 anomallyFrameTracker resetted to 200
INFO:root:2021-07-28-15--04--25 Colour Conversion Completed
INFO:root:2021-07-28-15--04--25 Sleep Check Completed
INFO:root:2021-07-28-15--04--25 Frame manipulations completed
INFO:root:2021-07-28-15--04--25 Bounding Box Drawn
INFO:root:2021-07-28-15--04--25 MovingFrameQueue Appended
INFO:root:2021-07-28-15--04--25 anomallyFrameTracker resetted to 200
INFO:root:2021-07-28-15--04--25 Colour Conversion Completed
INFO:root:2021-07-28-15--04--25 Sleep Check Completed
INFO:root:2021-07-28-15--04--25 Frame manipulations completed
INFO:root:2021-07-28-15--04--25 Bounding Box Drawn
INFO:root:2021-07-28-15--04--25 MovingFrameQueue Popped
INFO:root:2021-07-28-15--04--25 anomallyFrameTracker resetted to 200
INFO:root:2021-07-28-15--04--25 Colour Conversion Completed
INFO:root:2021-07-28-15--04--25 Sleep Check Completed
INFO:root:2021-07-28-15--04--25 Frame manipulations completed
INFO:root:2021-07-28-15--04--25 Bounding Box Drawn
INFO:root:2021-07-28-15--04--25 MovingFrameQueue Appended
INFO:root:2021-07-28-15--04--25 anomallyFrameTracker resetted to 200
INFO:root:2021-07-28-15--04--25 Colour Conversion Completed
INFO:root:2021-07-28-15--04--25 Sleep Check Completed
INFO:root:2021-07-28-15--04--25 Frame manipulations completed
INFO:root:2021-07-28-15--04--25 Bounding Box Drawn
INFO:root:2021-07-28-15--04--26 MovingFrameQueue Popped
INFO:root:2021-07-28-15--04--26 anomallyFrameTracker resetted to 200
INFO:root:2021-07-28-15--04--26 Colour Conversion Completed
INFO:root:2021-07-28-15--04--26 Sleep Check Completed
INFO:root:2021-07-28-15--04--26 Frame manipulations completed
INFO:root:2021-07-28-15--04--26 Bounding Box Drawn
INFO:root:2021-07-28-15--04--26 MovingFrameQueue Appended
INFO:root:2021-07-28-15--04--26 anomallyFrameTracker resetted to 200
INFO:root:2021-07-28-15--04--26 Colour Conversion Completed
INFO:root:2021-07-28-15--04--26 Sleep Check Completed
INFO:root:2021-07-28-15--04--26 Frame manipulations completed
INFO:root:2021-07-28-15--04--26 Bounding Box Drawn
INFO:root:2021-07-28-15--04--26 MovingFrameQueue Popped
INFO:root:2021-07-28-15--04--26 anomallyFrameTracker resetted to 200
INFO:root:2021-07-28-15--04--26 Colour Conversion Completed
INFO:root:2021-07-28-15--04--26 Sleep Check Completed
INFO:root:2021-07-28-15--04--26 Frame manipulations completed
INFO:root:2021-07-28-15--04--26 Bounding Box Drawn
INFO:root:2021-07-28-15--04--26 MovingFrameQueue Appended
INFO:root:2021-07-28-15--04--26 anomallyFrameTracker resetted to 200
INFO:root:2021-07-28-15--04--26 Colour Conversion Completed
INFO:root:2021-07-28-15--04--26 Sleep Check Completed
INFO:root:2021-07-28-15--04--26 Frame manipulations completed
INFO:root:2021-07-28-15--04--26 Bounding Box Drawn
INFO:root:2021-07-28-15--04--26 MovingFrameQueue Popped
INFO:root:2021-07-28-15--04--26 anomallyFrameTracker resetted to 200
INFO:root:2021-07-28-15--04--26 Colour Conversion Completed
INFO:root:2021-07-28-15--04--26 Sleep Check Completed
INFO:root:2021-07-28-15--04--26 Frame manipulations completed
INFO:root:2021-07-28-15--04--26 Bounding Box Drawn
INFO:root:2021-07-28-15--04--27 MovingFrameQueue Appended
INFO:root:2021-07-28-15--04--27 anomallyFrameTracker resetted to 200
INFO:root:2021-07-28-15--04--27 Colour Conversion Completed
INFO:root:2021-07-28-15--04--27 Sleep Check Completed
INFO:root:2021-07-28-15--04--27 Frame manipulations completed
INFO:root:2021-07-28-15--04--27 Bounding Box Drawn
INFO:root:2021-07-28-15--04--27 MovingFrameQueue Popped
INFO:root:2021-07-28-15--04--27 anomallyFrameTracker resetted to 200
INFO:root:2021-07-28-15--04--27 Colour Conversion Completed
INFO:root:2021-07-28-15--04--27 Sleep Check Completed
INFO:root:2021-07-28-15--04--27 Frame manipulations completed
INFO:root:2021-07-28-15--04--27 Bounding Box Drawn
INFO:root:2021-07-28-15--04--27 MovingFrameQueue Appended
INFO:root:2021-07-28-15--04--27 anomallyFrameTracker resetted to 200
INFO:root:2021-07-28-15--04--27 Colour Conversion Completed
INFO:root:2021-07-28-15--04--27 Sleep Check Completed
INFO:root:2021-07-28-15--04--27 Frame manipulations completed
INFO:root:2021-07-28-15--04--27 Bounding Box Drawn
INFO:root:2021-07-28-15--04--27 MovingFrameQueue Popped
INFO:root:2021-07-28-15--04--27 anomallyFrameTracker resetted to 200
INFO:root:2021-07-28-15--04--27 Colour Conversion Completed
INFO:root:2021-07-28-15--04--27 Sleep Check Completed
INFO:root:2021-07-28-15--04--27 Frame manipulations completed
INFO:root:2021-07-28-15--04--27 Bounding Box Drawn
INFO:root:2021-07-28-15--04--27 MovingFrameQueue Appended
INFO:root:2021-07-28-15--04--27 anomallyFrameTracker resetted to 200
INFO:root:2021-07-28-15--04--27 Colour Conversion Completed
INFO:root:2021-07-28-15--04--27 Sleep Check Completed
INFO:root:2021-07-28-15--04--27 Frame manipulations completed
INFO:root:2021-07-28-15--04--27 Bounding Box Drawn
INFO:root:2021-07-28-15--04--27 MovingFrameQueue Popped
INFO:root:2021-07-28-15--04--27 anomallyFrameTracker resetted to 200
INFO:root:2021-07-28-15--04--27 Colour Conversion Completed
INFO:root:2021-07-28-15--04--27 Sleep Check Completed
INFO:root:2021-07-28-15--04--27 Frame manipulations completed
INFO:root:2021-07-28-15--04--27 Bounding Box Drawn
INFO:root:2021-07-28-15--04--28 MovingFrameQueue Appended
INFO:root:2021-07-28-15--04--28 anomallyFrameTracker resetted to 200
INFO:root:2021-07-28-15--04--28 Colour Conversion Completed
INFO:root:2021-07-28-15--04--28 Sleep Check Completed
INFO:root:2021-07-28-15--04--28 Frame manipulations completed
INFO:root:2021-07-28-15--04--28 Bounding Box Drawn
INFO:root:2021-07-28-15--04--28 MovingFrameQueue Popped
INFO:root:2021-07-28-15--04--28 anomallyFrameTracker resetted to 200
INFO:root:2021-07-28-15--04--28 Colour Conversion Completed
INFO:root:2021-07-28-15--04--28 Sleep Check Completed
INFO:root:2021-07-28-15--04--28 Frame manipulations completed
INFO:root:2021-07-28-15--04--28 Bounding Box Drawn
INFO:root:2021-07-28-15--04--28 MovingFrameQueue Appended
INFO:root:2021-07-28-15--04--28 anomallyFrameTracker resetted to 200
INFO:root:2021-07-28-15--04--28 Colour Conversion Completed
INFO:root:2021-07-28-15--04--28 Sleep Check Completed
INFO:root:2021-07-28-15--04--28 Frame manipulations completed
INFO:root:2021-07-28-15--04--28 Bounding Box Drawn
INFO:root:2021-07-28-15--04--28 MovingFrameQueue Popped
INFO:root:2021-07-28-15--04--28 anomallyFrameTracker resetted to 200
INFO:root:2021-07-28-15--04--28 Colour Conversion Completed
INFO:root:2021-07-28-15--04--28 Sleep Check Completed
INFO:root:2021-07-28-15--04--28 Frame manipulations completed
INFO:root:2021-07-28-15--04--28 Bounding Box Drawn
INFO:root:2021-07-28-15--04--28 MovingFrameQueue Appended
INFO:root:2021-07-28-15--04--28 anomallyFrameTracker resetted to 200
INFO:root:2021-07-28-15--04--28 Colour Conversion Completed
INFO:root:2021-07-28-15--04--28 Sleep Check Completed
INFO:root:2021-07-28-15--04--28 Frame manipulations completed
INFO:root:2021-07-28-15--04--28 Bounding Box Drawn
INFO:root:2021-07-28-15--04--29 MovingFrameQueue Popped
INFO:root:2021-07-28-15--04--29 anomallyFrameTracker resetted to 200
INFO:root:2021-07-28-15--04--29 Colour Conversion Completed
INFO:root:2021-07-28-15--04--29 Sleep Check Completed
INFO:root:2021-07-28-15--04--29 Frame manipulations completed
INFO:root:2021-07-28-15--04--29 Bounding Box Drawn
INFO:root:2021-07-28-15--04--29 MovingFrameQueue Appended
INFO:root:2021-07-28-15--04--29 anomallyFrameTracker resetted to 200
INFO:root:2021-07-28-15--04--29 Colour Conversion Completed
INFO:root:2021-07-28-15--04--29 Sleep Check Completed
INFO:root:2021-07-28-15--04--29 Frame manipulations completed
INFO:root:2021-07-28-15--04--29 Bounding Box Drawn
INFO:root:2021-07-28-15--04--29 MovingFrameQueue Popped
INFO:root:2021-07-28-15--04--29 anomallyFrameTracker resetted to 200
INFO:root:2021-07-28-15--04--29 Colour Conversion Completed
INFO:root:2021-07-28-15--04--29 Sleep Check Completed
INFO:root:2021-07-28-15--04--29 Frame manipulations completed
INFO:root:2021-07-28-15--04--29 Bounding Box Drawn
INFO:root:2021-07-28-15--04--29 MovingFrameQueue Appended
INFO:root:2021-07-28-15--04--29 anomallyFrameTracker resetted to 200
INFO:root:2021-07-28-15--04--29 Colour Conversion Completed
INFO:root:2021-07-28-15--04--29 Sleep Check Completed
INFO:root:2021-07-28-15--04--29 Frame manipulations completed
INFO:root:2021-07-28-15--04--29 Bounding Box Drawn
INFO:root:2021-07-28-15--04--29 MovingFrameQueue Popped
INFO:root:2021-07-28-15--04--29 anomallyFrameTracker resetted to 200
INFO:root:2021-07-28-15--04--29 Colour Conversion Completed
INFO:root:2021-07-28-15--04--29 Sleep Check Completed
INFO:root:2021-07-28-15--04--29 Frame manipulations completed
INFO:root:2021-07-28-15--04--29 Bounding Box Drawn
INFO:root:2021-07-28-15--04--30 MovingFrameQueue Appended
INFO:root:2021-07-28-15--04--30 anomallyFrameTracker resetted to 200
INFO:root:2021-07-28-15--04--30 Colour Conversion Completed
INFO:root:2021-07-28-15--04--30 Sleep Check Completed
INFO:root:2021-07-28-15--04--30 Frame manipulations completed
INFO:root:2021-07-28-15--04--30 Bounding Box Drawn
INFO:root:2021-07-28-15--04--30 MovingFrameQueue Popped
INFO:root:2021-07-28-15--04--30 anomallyFrameTracker resetted to 200
INFO:root:2021-07-28-15--04--30 Colour Conversion Completed
INFO:root:2021-07-28-15--04--30 Sleep Check Completed
INFO:root:2021-07-28-15--04--30 Frame manipulations completed
INFO:root:2021-07-28-15--04--30 Bounding Box Drawn
INFO:root:2021-07-28-15--04--30 MovingFrameQueue Appended
INFO:root:2021-07-28-15--04--30 anomallyFrameTracker resetted to 200
INFO:root:2021-07-28-15--04--30 Colour Conversion Completed
INFO:root:2021-07-28-15--04--30 Sleep Check Completed
INFO:root:2021-07-28-15--04--30 Frame manipulations completed
INFO:root:2021-07-28-15--04--30 Bounding Box Drawn
INFO:root:2021-07-28-15--04--30 MovingFrameQueue Popped
INFO:root:2021-07-28-15--04--30 anomallyFrameTracker resetted to 200
INFO:root:2021-07-28-15--04--30 Colour Conversion Completed
INFO:root:2021-07-28-15--04--30 Sleep Check Completed
INFO:root:2021-07-28-15--04--30 Frame manipulations completed
INFO:root:2021-07-28-15--04--30 Bounding Box Drawn
INFO:root:2021-07-28-15--04--30 MovingFrameQueue Appended
INFO:root:2021-07-28-15--04--30 anomallyFrameTracker resetted to 200
INFO:root:2021-07-28-15--04--30 Colour Conversion Completed
INFO:root:2021-07-28-15--04--30 Sleep Check Completed
INFO:root:2021-07-28-15--04--30 Frame manipulations completed
INFO:root:2021-07-28-15--04--30 Bounding Box Drawn
INFO:root:2021-07-28-15--04--30 MovingFrameQueue Popped
INFO:root:2021-07-28-15--04--30 anomallyFrameTracker resetted to 200
INFO:root:2021-07-28-15--04--30 Colour Conversion Completed
INFO:root:2021-07-28-15--04--31 Sleep Check Completed
INFO:root:2021-07-28-15--04--31 Frame manipulations completed
INFO:root:2021-07-28-15--04--31 Bounding Box Drawn
INFO:root:2021-07-28-15--04--31 MovingFrameQueue Appended
INFO:root:2021-07-28-15--04--31 anomallyFrameTracker resetted to 200
INFO:root:2021-07-28-15--04--31 Colour Conversion Completed
INFO:root:2021-07-28-15--04--31 Sleep Check Completed
INFO:root:2021-07-28-15--04--31 Frame manipulations completed
INFO:root:2021-07-28-15--04--31 Bounding Box Drawn
INFO:root:2021-07-28-15--04--31 MovingFrameQueue Popped
INFO:root:2021-07-28-15--04--31 anomallyFrameTracker resetted to 200
INFO:root:2021-07-28-15--04--31 Colour Conversion Completed
INFO:root:2021-07-28-15--04--31 Sleep Check Completed
INFO:root:2021-07-28-15--04--31 Frame manipulations completed
INFO:root:2021-07-28-15--04--31 Bounding Box Drawn
INFO:root:2021-07-28-15--04--31 MovingFrameQueue Appended
INFO:root:2021-07-28-15--04--31 anomallyFrameTracker resetted to 200
INFO:root:2021-07-28-15--04--31 Colour Conversion Completed
INFO:root:2021-07-28-15--04--31 Sleep Check Completed
INFO:root:2021-07-28-15--04--31 Frame manipulations completed
INFO:root:2021-07-28-15--04--31 Bounding Box Drawn
INFO:root:2021-07-28-15--04--31 MovingFrameQueue Popped
INFO:root:2021-07-28-15--04--31 anomallyFrameTracker resetted to 200
INFO:root:2021-07-28-15--04--31 Colour Conversion Completed
INFO:root:2021-07-28-15--04--31 Sleep Check Completed
INFO:root:2021-07-28-15--04--31 Frame manipulations completed
INFO:root:2021-07-28-15--04--31 Bounding Box Drawn
INFO:root:2021-07-28-15--04--31 MovingFrameQueue Appended
INFO:root:2021-07-28-15--04--31 anomallyFrameTracker resetted to 200
INFO:root:2021-07-28-15--04--31 Colour Conversion Completed
INFO:root:2021-07-28-15--04--32 Sleep Check Completed
INFO:root:2021-07-28-15--04--32 Frame manipulations completed
INFO:root:2021-07-28-15--04--32 Bounding Box Drawn
INFO:root:2021-07-28-15--04--32 MovingFrameQueue Popped
INFO:root:2021-07-28-15--04--32 anomallyFrameTracker resetted to 200
INFO:root:2021-07-28-15--04--32 Colour Conversion Completed
INFO:root:2021-07-28-15--04--32 Sleep Check Completed
INFO:root:2021-07-28-15--04--32 Frame manipulations completed
INFO:root:2021-07-28-15--04--32 Bounding Box Drawn
INFO:root:2021-07-28-15--04--32 MovingFrameQueue Appended
INFO:root:2021-07-28-15--04--32 anomallyFrameTracker resetted to 200
INFO:root:2021-07-28-15--04--32 Colour Conversion Completed
INFO:root:2021-07-28-15--04--32 Sleep Check Completed
INFO:root:2021-07-28-15--04--32 Frame manipulations completed
INFO:root:2021-07-28-15--04--32 Bounding Box Drawn
INFO:root:2021-07-28-15--04--32 MovingFrameQueue Popped
INFO:root:2021-07-28-15--04--32 anomallyFrameTracker resetted to 200
INFO:root:2021-07-28-15--04--32 Colour Conversion Completed
INFO:root:2021-07-28-15--04--32 Sleep Check Completed
INFO:root:2021-07-28-15--04--32 Frame manipulations completed
INFO:root:2021-07-28-15--04--32 Bounding Box Drawn
INFO:root:2021-07-28-15--04--32 MovingFrameQueue Appended
INFO:root:2021-07-28-15--04--32 anomallyFrameTracker resetted to 200
INFO:root:2021-07-28-15--04--32 Colour Conversion Completed
INFO:root:2021-07-28-15--04--32 Sleep Check Completed
INFO:root:2021-07-28-15--04--32 Frame manipulations completed
INFO:root:2021-07-28-15--04--32 Bounding Box Drawn
INFO:root:2021-07-28-15--04--33 MovingFrameQueue Popped
INFO:root:2021-07-28-15--04--33 anomallyFrameTracker resetted to 200
INFO:root:2021-07-28-15--04--33 Colour Conversion Completed
INFO:root:2021-07-28-15--04--33 Sleep Check Completed
INFO:root:2021-07-28-15--04--33 Frame manipulations completed
INFO:root:2021-07-28-15--04--33 Bounding Box Drawn
INFO:root:2021-07-28-15--04--33 MovingFrameQueue Appended
INFO:root:2021-07-28-15--04--33 anomallyFrameTracker resetted to 200
INFO:root:2021-07-28-15--04--33 Colour Conversion Completed
INFO:root:2021-07-28-15--04--33 Sleep Check Completed
INFO:root:2021-07-28-15--04--33 Frame manipulations completed
INFO:root:2021-07-28-15--04--33 Bounding Box Drawn
INFO:root:2021-07-28-15--04--33 MovingFrameQueue Popped
INFO:root:2021-07-28-15--04--33 anomallyFrameTracker resetted to 200
INFO:root:2021-07-28-15--04--33 Colour Conversion Completed
INFO:root:2021-07-28-15--04--33 Sleep Check Completed
INFO:root:2021-07-28-15--04--33 Frame manipulations completed
INFO:root:2021-07-28-15--04--33 Bounding Box Drawn
INFO:root:2021-07-28-15--04--33 MovingFrameQueue Appended
INFO:root:2021-07-28-15--04--33 anomallyFrameTracker resetted to 200
INFO:root:2021-07-28-15--04--33 Colour Conversion Completed
INFO:root:2021-07-28-15--04--33 Sleep Check Completed
INFO:root:2021-07-28-15--04--33 Frame manipulations completed
INFO:root:2021-07-28-15--04--33 Bounding Box Drawn
INFO:root:2021-07-28-15--04--33 MovingFrameQueue Popped
INFO:root:2021-07-28-15--04--33 anomallyFrameTracker resetted to 200
INFO:root:2021-07-28-15--04--33 Colour Conversion Completed
INFO:root:2021-07-28-15--04--33 Sleep Check Completed
INFO:root:2021-07-28-15--04--33 Frame manipulations completed
INFO:root:2021-07-28-15--04--33 Bounding Box Drawn
INFO:root:2021-07-28-15--04--34 MovingFrameQueue Appended
INFO:root:2021-07-28-15--04--34 anomallyFrameTracker resetted to 200
INFO:root:2021-07-28-15--04--34 Colour Conversion Completed
INFO:root:2021-07-28-15--04--34 Sleep Check Completed
INFO:root:2021-07-28-15--04--34 Frame manipulations completed
INFO:root:2021-07-28-15--04--34 Bounding Box Drawn
INFO:root:2021-07-28-15--04--34 MovingFrameQueue Popped
INFO:root:2021-07-28-15--04--34 anomallyFrameTracker resetted to 200
INFO:root:2021-07-28-15--04--34 Colour Conversion Completed
INFO:root:2021-07-28-15--04--34 Sleep Check Completed
INFO:root:2021-07-28-15--04--34 Frame manipulations completed
INFO:root:2021-07-28-15--04--34 Bounding Box Drawn
INFO:root:2021-07-28-15--04--34 MovingFrameQueue Appended
INFO:root:2021-07-28-15--04--34 anomallyFrameTracker resetted to 200
INFO:root:2021-07-28-15--04--34 Colour Conversion Completed
INFO:root:2021-07-28-15--04--34 Sleep Check Completed
INFO:root:2021-07-28-15--04--34 Frame manipulations completed
INFO:root:2021-07-28-15--04--34 Bounding Box Drawn
INFO:root:2021-07-28-15--04--34 MovingFrameQueue Popped
INFO:root:2021-07-28-15--04--34 anomallyFrameTracker resetted to 200
INFO:root:2021-07-28-15--04--34 Colour Conversion Completed
INFO:root:2021-07-28-15--04--34 Sleep Check Completed
INFO:root:2021-07-28-15--04--34 Frame manipulations completed
INFO:root:2021-07-28-15--04--34 Bounding Box Drawn
INFO:root:2021-07-28-15--04--34 MovingFrameQueue Appended
INFO:root:2021-07-28-15--04--34 anomallyFrameTracker resetted to 200
INFO:root:2021-07-28-15--04--34 Colour Conversion Completed
INFO:root:2021-07-28-15--04--34 Sleep Check Completed
INFO:root:2021-07-28-15--04--34 Frame manipulations completed
INFO:root:2021-07-28-15--04--34 Bounding Box Drawn
INFO:root:2021-07-28-15--04--35 MovingFrameQueue Popped
INFO:root:2021-07-28-15--04--35 anomallyFrameTracker resetted to 200
INFO:root:2021-07-28-15--04--35 Colour Conversion Completed
INFO:root:2021-07-28-15--04--35 Sleep Check Completed
INFO:root:2021-07-28-15--04--35 Frame manipulations completed
INFO:root:2021-07-28-15--04--35 Bounding Box Drawn
INFO:root:2021-07-28-15--04--35 MovingFrameQueue Appended
INFO:root:2021-07-28-15--04--35 anomallyFrameTracker resetted to 200
INFO:root:2021-07-28-15--04--35 Colour Conversion Completed
INFO:root:2021-07-28-15--04--35 Sleep Check Completed
INFO:root:2021-07-28-15--04--35 Frame manipulations completed
INFO:root:2021-07-28-15--04--35 Bounding Box Drawn
INFO:root:2021-07-28-15--04--35 MovingFrameQueue Popped
INFO:root:2021-07-28-15--04--35 anomallyFrameTracker resetted to 200
INFO:root:2021-07-28-15--04--35 Colour Conversion Completed
INFO:root:2021-07-28-15--04--35 Sleep Check Completed
INFO:root:2021-07-28-15--04--35 Frame manipulations completed
INFO:root:2021-07-28-15--04--35 Bounding Box Drawn
INFO:root:2021-07-28-15--04--35 MovingFrameQueue Appended
INFO:root:2021-07-28-15--04--35 anomallyFrameTracker resetted to 200
INFO:root:2021-07-28-15--04--35 Colour Conversion Completed
INFO:root:2021-07-28-15--04--35 Sleep Check Completed
INFO:root:2021-07-28-15--04--35 Frame manipulations completed
INFO:root:2021-07-28-15--04--35 Bounding Box Drawn
INFO:root:2021-07-28-15--04--35 MovingFrameQueue Popped
INFO:root:2021-07-28-15--04--35 anomallyFrameTracker resetted to 200
INFO:root:2021-07-28-15--04--35 Colour Conversion Completed
INFO:root:2021-07-28-15--04--35 Sleep Check Completed
INFO:root:2021-07-28-15--04--35 Frame manipulations completed
INFO:root:2021-07-28-15--04--35 Bounding Box Drawn
INFO:root:2021-07-28-15--04--36 MovingFrameQueue Appended
INFO:root:2021-07-28-15--04--36 anomallyFrameTracker resetted to 200
INFO:root:2021-07-28-15--04--36 Colour Conversion Completed
INFO:root:2021-07-28-15--04--36 Sleep Check Completed
INFO:root:2021-07-28-15--04--36 Frame manipulations completed
INFO:root:2021-07-28-15--04--36 Bounding Box Drawn
INFO:root:2021-07-28-15--04--36 MovingFrameQueue Popped
INFO:root:2021-07-28-15--04--36 anomallyFrameTracker resetted to 200
INFO:root:2021-07-28-15--04--36 Colour Conversion Completed
INFO:root:2021-07-28-15--04--36 Sleep Check Completed
INFO:root:2021-07-28-15--04--36 Frame manipulations completed
INFO:root:2021-07-28-15--04--36 Bounding Box Drawn
INFO:root:2021-07-28-15--04--36 MovingFrameQueue Appended
INFO:root:2021-07-28-15--04--36 anomallyFrameTracker resetted to 200
INFO:root:2021-07-28-15--04--36 Colour Conversion Completed
INFO:root:2021-07-28-15--04--36 Sleep Check Completed
INFO:root:2021-07-28-15--04--36 Frame manipulations completed
INFO:root:2021-07-28-15--04--36 Bounding Box Drawn
INFO:root:2021-07-28-15--04--36 MovingFrameQueue Popped
INFO:root:2021-07-28-15--04--36 anomallyFrameTracker resetted to 200
INFO:root:2021-07-28-15--04--36 Colour Conversion Completed
INFO:root:2021-07-28-15--04--36 Sleep Check Completed
INFO:root:2021-07-28-15--04--36 Frame manipulations completed
INFO:root:2021-07-28-15--04--36 Bounding Box Drawn
INFO:root:2021-07-28-15--04--36 MovingFrameQueue Appended
INFO:root:2021-07-28-15--04--36 anomallyFrameTracker resetted to 200
INFO:root:2021-07-28-15--04--36 Colour Conversion Completed
INFO:root:2021-07-28-15--04--36 Sleep Check Completed
INFO:root:2021-07-28-15--04--36 Frame manipulations completed
INFO:root:2021-07-28-15--04--36 Bounding Box Drawn
INFO:root:2021-07-28-15--04--37 MovingFrameQueue Popped
INFO:root:2021-07-28-15--04--37 anomallyFrameTracker resetted to 200
INFO:root:2021-07-28-15--04--37 Colour Conversion Completed
INFO:root:2021-07-28-15--04--37 Sleep Check Completed
INFO:root:2021-07-28-15--04--37 Frame manipulations completed
INFO:root:2021-07-28-15--04--37 Bounding Box Drawn
INFO:root:2021-07-28-15--04--37 MovingFrameQueue Appended
INFO:root:2021-07-28-15--04--37 anomallyFrameTracker resetted to 200
INFO:root:2021-07-28-15--04--37 Colour Conversion Completed
INFO:root:2021-07-28-15--04--37 Sleep Check Completed
INFO:root:2021-07-28-15--04--37 Frame manipulations completed
INFO:root:2021-07-28-15--04--37 Bounding Box Drawn
INFO:root:2021-07-28-15--04--37 MovingFrameQueue Popped
INFO:root:2021-07-28-15--04--37 anomallyFrameTracker resetted to 200
INFO:root:2021-07-28-15--04--37 Colour Conversion Completed
INFO:root:2021-07-28-15--04--37 Sleep Check Completed
INFO:root:2021-07-28-15--04--37 Frame manipulations completed
INFO:root:2021-07-28-15--04--37 Bounding Box Drawn
INFO:root:2021-07-28-15--04--37 MovingFrameQueue Appended
INFO:root:2021-07-28-15--04--37 anomallyFrameTracker resetted to 200
INFO:root:2021-07-28-15--04--37 Colour Conversion Completed
INFO:root:2021-07-28-15--04--37 Sleep Check Completed
INFO:root:2021-07-28-15--04--37 Frame manipulations completed
INFO:root:2021-07-28-15--04--37 Bounding Box Drawn
INFO:root:2021-07-28-15--04--37 MovingFrameQueue Popped
INFO:root:2021-07-28-15--04--37 anomallyFrameTracker resetted to 200
INFO:root:2021-07-28-15--04--37 Colour Conversion Completed
INFO:root:2021-07-28-15--04--37 Sleep Check Completed
INFO:root:2021-07-28-15--04--37 Frame manipulations completed
INFO:root:2021-07-28-15--04--37 Bounding Box Drawn
INFO:root:2021-07-28-15--04--38 MovingFrameQueue Appended
INFO:root:2021-07-28-15--04--38 anomallyFrameTracker resetted to 200
INFO:root:2021-07-28-15--04--38 Colour Conversion Completed
INFO:root:2021-07-28-15--04--38 Sleep Check Completed
INFO:root:2021-07-28-15--04--38 Frame manipulations completed
INFO:root:2021-07-28-15--04--38 Bounding Box Drawn
INFO:root:2021-07-28-15--04--38 MovingFrameQueue Popped
INFO:root:2021-07-28-15--04--38 anomallyFrameTracker resetted to 200
INFO:root:2021-07-28-15--04--38 Colour Conversion Completed
INFO:root:2021-07-28-15--04--38 Sleep Check Completed
INFO:root:2021-07-28-15--04--38 Frame manipulations completed
INFO:root:2021-07-28-15--04--38 Bounding Box Drawn
INFO:root:2021-07-28-15--04--38 MovingFrameQueue Appended
INFO:root:2021-07-28-15--04--38 anomallyFrameTracker resetted to 200
INFO:root:2021-07-28-15--04--38 Colour Conversion Completed
INFO:root:2021-07-28-15--04--38 Sleep Check Completed
INFO:root:2021-07-28-15--04--38 Frame manipulations completed
INFO:root:2021-07-28-15--04--38 Bounding Box Drawn
INFO:root:2021-07-28-15--04--38 MovingFrameQueue Popped
INFO:root:2021-07-28-15--04--38 anomallyFrameTracker resetted to 200
INFO:root:2021-07-28-15--04--38 Colour Conversion Completed
INFO:root:2021-07-28-15--04--38 Sleep Check Completed
INFO:root:2021-07-28-15--04--38 Frame manipulations completed
INFO:root:2021-07-28-15--04--38 Bounding Box Drawn
INFO:root:2021-07-28-15--04--38 MovingFrameQueue Appended
INFO:root:2021-07-28-15--04--38 anomallyFrameTracker resetted to 200
INFO:root:2021-07-28-15--04--38 Colour Conversion Completed
INFO:root:2021-07-28-15--04--38 Sleep Check Completed
INFO:root:2021-07-28-15--04--38 Frame manipulations completed
INFO:root:2021-07-28-15--04--38 Bounding Box Drawn
INFO:root:2021-07-28-15--04--39 MovingFrameQueue Popped
INFO:root:2021-07-28-15--04--39 anomallyFrameTracker resetted to 200
INFO:root:2021-07-28-15--04--39 Colour Conversion Completed
INFO:root:2021-07-28-15--04--39 Sleep Check Completed
INFO:root:2021-07-28-15--04--39 Frame manipulations completed
INFO:root:2021-07-28-15--04--39 Bounding Box Drawn
INFO:root:2021-07-28-15--04--39 MovingFrameQueue Appended
INFO:root:2021-07-28-15--04--39 anomallyFrameTracker resetted to 200
INFO:root:2021-07-28-15--04--39 Colour Conversion Completed
INFO:root:2021-07-28-15--04--39 Sleep Check Completed
INFO:root:2021-07-28-15--04--39 Frame manipulations completed
INFO:root:2021-07-28-15--04--39 Bounding Box Drawn
INFO:root:2021-07-28-15--04--39 MovingFrameQueue Popped
INFO:root:2021-07-28-15--04--39 anomallyFrameTracker resetted to 200
INFO:root:2021-07-28-15--04--39 Colour Conversion Completed
INFO:root:2021-07-28-15--04--39 Sleep Check Completed
INFO:root:2021-07-28-15--04--39 Frame manipulations completed
INFO:root:2021-07-28-15--04--39 Bounding Box Drawn
INFO:root:2021-07-28-15--04--39 MovingFrameQueue Appended
INFO:root:2021-07-28-15--04--39 anomallyFrameTracker resetted to 200
INFO:root:2021-07-28-15--04--39 Colour Conversion Completed
INFO:root:2021-07-28-15--04--39 Sleep Check Completed
INFO:root:2021-07-28-15--04--39 Frame manipulations completed
INFO:root:2021-07-28-15--04--39 Bounding Box Drawn
INFO:root:2021-07-28-15--04--39 MovingFrameQueue Popped
INFO:root:2021-07-28-15--04--39 anomallyFrameTracker resetted to 200
INFO:root:2021-07-28-15--04--39 Colour Conversion Completed
INFO:root:2021-07-28-15--04--39 Sleep Check Completed
INFO:root:2021-07-28-15--04--39 Frame manipulations completed
INFO:root:2021-07-28-15--04--39 Bounding Box Drawn
INFO:root:2021-07-28-15--04--40 MovingFrameQueue Appended
INFO:root:2021-07-28-15--04--40 anomallyFrameTracker resetted to 200
INFO:root:2021-07-28-15--04--40 Colour Conversion Completed
INFO:root:2021-07-28-15--04--40 Sleep Check Completed
INFO:root:2021-07-28-15--04--40 Frame manipulations completed
INFO:root:2021-07-28-15--04--40 Bounding Box Drawn
INFO:root:2021-07-28-15--04--40 MovingFrameQueue Popped
INFO:root:2021-07-28-15--04--40 anomallyFrameTracker resetted to 200
INFO:root:2021-07-28-15--04--40 Colour Conversion Completed
INFO:root:2021-07-28-15--04--40 Sleep Check Completed
INFO:root:2021-07-28-15--04--40 Frame manipulations completed
INFO:root:2021-07-28-15--04--40 Bounding Box Drawn
INFO:root:2021-07-28-15--04--40 MovingFrameQueue Appended
INFO:root:2021-07-28-15--04--40 anomallyFrameTracker resetted to 200
INFO:root:2021-07-28-15--04--40 Colour Conversion Completed
INFO:root:2021-07-28-15--04--40 Sleep Check Completed
INFO:root:2021-07-28-15--04--40 Frame manipulations completed
INFO:root:2021-07-28-15--04--40 Bounding Box Drawn
INFO:root:2021-07-28-15--04--40 MovingFrameQueue Popped
INFO:root:2021-07-28-15--04--40 anomallyFrameTracker resetted to 200
INFO:root:2021-07-28-15--04--40 Colour Conversion Completed
INFO:root:2021-07-28-15--04--40 Sleep Check Completed
INFO:root:2021-07-28-15--04--40 Frame manipulations completed
INFO:root:2021-07-28-15--04--40 Bounding Box Drawn
INFO:root:2021-07-28-15--04--40 MovingFrameQueue Appended
INFO:root:2021-07-28-15--04--40 anomallyFrameTracker resetted to 200
INFO:root:2021-07-28-15--04--40 Colour Conversion Completed
INFO:root:2021-07-28-15--04--40 Sleep Check Completed
INFO:root:2021-07-28-15--04--40 Frame manipulations completed
INFO:root:2021-07-28-15--04--40 Bounding Box Drawn
INFO:root:2021-07-28-15--04--40 MovingFrameQueue Popped
INFO:root:2021-07-28-15--04--40 anomallyFrameTracker resetted to 200
INFO:root:2021-07-28-15--04--40 Colour Conversion Completed
INFO:root:2021-07-28-15--04--41 Sleep Check Completed
INFO:root:2021-07-28-15--04--41 Frame manipulations completed
INFO:root:2021-07-28-15--04--41 Bounding Box Drawn
INFO:root:2021-07-28-15--04--41 MovingFrameQueue Appended
INFO:root:2021-07-28-15--04--41 anomallyFrameTracker resetted to 200
INFO:root:2021-07-28-15--04--41 Colour Conversion Completed
INFO:root:2021-07-28-15--04--41 Sleep Check Completed
INFO:root:2021-07-28-15--04--41 Frame manipulations completed
INFO:root:2021-07-28-15--04--41 Bounding Box Drawn
INFO:root:2021-07-28-15--04--41 MovingFrameQueue Popped
INFO:root:2021-07-28-15--04--41 anomallyFrameTracker resetted to 200
INFO:root:2021-07-28-15--04--41 Colour Conversion Completed
INFO:root:2021-07-28-15--04--41 Sleep Check Completed
INFO:root:2021-07-28-15--04--41 Frame manipulations completed
INFO:root:2021-07-28-15--04--41 Bounding Box Drawn
INFO:root:2021-07-28-15--04--41 MovingFrameQueue Appended
INFO:root:2021-07-28-15--04--41 anomallyFrameTracker resetted to 200
INFO:root:2021-07-28-15--04--41 Colour Conversion Completed
INFO:root:2021-07-28-15--04--41 Sleep Check Completed
INFO:root:2021-07-28-15--04--41 Frame manipulations completed
INFO:root:2021-07-28-15--04--41 Bounding Box Drawn
INFO:root:2021-07-28-15--04--41 MovingFrameQueue Popped
INFO:root:2021-07-28-15--04--41 anomallyFrameTracker resetted to 200
INFO:root:2021-07-28-15--04--41 Colour Conversion Completed
INFO:root:2021-07-28-15--04--41 Sleep Check Completed
INFO:root:2021-07-28-15--04--41 Frame manipulations completed
INFO:root:2021-07-28-15--04--41 Bounding Box Drawn
INFO:root:2021-07-28-15--04--41 MovingFrameQueue Appended
INFO:root:2021-07-28-15--04--41 anomallyFrameTracker resetted to 200
INFO:root:2021-07-28-15--04--41 Colour Conversion Completed
INFO:root:2021-07-28-15--04--41 Sleep Check Completed
INFO:root:2021-07-28-15--04--41 Frame manipulations completed
INFO:root:2021-07-28-15--04--41 Bounding Box Drawn
INFO:root:2021-07-28-15--04--42 MovingFrameQueue Popped
INFO:root:2021-07-28-15--04--42 anomallyFrameTracker resetted to 200
INFO:root:2021-07-28-15--04--42 Colour Conversion Completed
INFO:root:2021-07-28-15--04--42 Sleep Check Completed
INFO:root:2021-07-28-15--04--42 Frame manipulations completed
INFO:root:2021-07-28-15--04--42 Bounding Box Drawn
INFO:root:2021-07-28-15--04--42 MovingFrameQueue Appended
INFO:root:2021-07-28-15--04--42 anomallyFrameTracker resetted to 200
INFO:root:2021-07-28-15--04--42 Colour Conversion Completed
INFO:root:2021-07-28-15--04--42 Sleep Check Completed
INFO:root:2021-07-28-15--04--42 Frame manipulations completed
INFO:root:2021-07-28-15--04--42 Bounding Box Drawn
INFO:root:2021-07-28-15--04--42 MovingFrameQueue Popped
INFO:root:2021-07-28-15--04--42 anomallyFrameTracker resetted to 200
INFO:root:2021-07-28-15--04--42 Colour Conversion Completed
INFO:root:2021-07-28-15--04--42 Sleep Check Completed
INFO:root:2021-07-28-15--04--42 Frame manipulations completed
INFO:root:2021-07-28-15--04--42 Bounding Box Drawn
INFO:root:2021-07-28-15--04--42 MovingFrameQueue Appended
INFO:root:2021-07-28-15--04--42 anomallyFrameTracker resetted to 200
INFO:root:2021-07-28-15--04--42 Colour Conversion Completed
INFO:root:2021-07-28-15--04--42 Sleep Check Completed
INFO:root:2021-07-28-15--04--42 Frame manipulations completed
INFO:root:2021-07-28-15--04--42 Bounding Box Drawn
INFO:root:2021-07-28-15--04--42 MovingFrameQueue Popped
INFO:root:2021-07-28-15--04--42 anomallyFrameTracker resetted to 200
INFO:root:2021-07-28-15--04--42 Colour Conversion Completed
INFO:root:2021-07-28-15--04--42 Sleep Check Completed
INFO:root:2021-07-28-15--04--42 Frame manipulations completed
INFO:root:2021-07-28-15--04--42 Bounding Box Drawn
INFO:root:2021-07-28-15--04--42 MovingFrameQueue Appended
INFO:root:2021-07-28-15--04--42 anomallyFrameTracker resetted to 200
INFO:root:2021-07-28-15--04--42 Colour Conversion Completed
INFO:root:2021-07-28-15--04--42 Sleep Check Completed
INFO:root:2021-07-28-15--04--42 Frame manipulations completed
INFO:root:2021-07-28-15--04--43 Bounding Box Drawn
INFO:root:2021-07-28-15--04--43 MovingFrameQueue Popped
INFO:root:2021-07-28-15--04--43 anomallyFrameTracker resetted to 200
INFO:root:2021-07-28-15--04--43 Colour Conversion Completed
INFO:root:2021-07-28-15--04--43 Sleep Check Completed
INFO:root:2021-07-28-15--04--43 Frame manipulations completed
INFO:root:2021-07-28-15--04--43 Bounding Box Drawn
INFO:root:2021-07-28-15--04--43 MovingFrameQueue Appended
INFO:root:2021-07-28-15--04--43 anomallyFrameTracker resetted to 200
INFO:root:2021-07-28-15--04--43 Colour Conversion Completed
INFO:root:2021-07-28-15--04--43 Sleep Check Completed
INFO:root:2021-07-28-15--04--43 Frame manipulations completed
INFO:root:2021-07-28-15--04--43 Bounding Box Drawn
INFO:root:2021-07-28-15--04--43 MovingFrameQueue Popped
INFO:root:2021-07-28-15--04--43 anomallyFrameTracker resetted to 200
INFO:root:2021-07-28-15--04--43 Colour Conversion Completed
INFO:root:2021-07-28-15--04--43 Sleep Check Completed
INFO:root:2021-07-28-15--04--43 Frame manipulations completed
INFO:root:2021-07-28-15--04--43 Bounding Box Drawn
INFO:root:2021-07-28-15--04--43 MovingFrameQueue Appended
INFO:root:2021-07-28-15--04--43 anomallyFrameTracker resetted to 200
INFO:root:2021-07-28-15--04--43 Colour Conversion Completed
INFO:root:2021-07-28-15--04--43 Sleep Check Completed
INFO:root:2021-07-28-15--04--43 Frame manipulations completed
INFO:root:2021-07-28-15--04--43 Bounding Box Drawn
INFO:root:2021-07-28-15--04--43 MovingFrameQueue Popped
INFO:root:2021-07-28-15--04--43 anomallyFrameTracker resetted to 200
INFO:root:2021-07-28-15--04--43 Colour Conversion Completed
INFO:root:2021-07-28-15--04--43 Sleep Check Completed
INFO:root:2021-07-28-15--04--43 Frame manipulations completed
INFO:root:2021-07-28-15--04--43 Bounding Box Drawn
INFO:root:2021-07-28-15--04--44 MovingFrameQueue Appended
INFO:root:2021-07-28-15--04--44 anomallyFrameTracker resetted to 200
INFO:root:2021-07-28-15--04--44 Colour Conversion Completed
INFO:root:2021-07-28-15--04--44 Sleep Check Completed
INFO:root:2021-07-28-15--04--44 Frame manipulations completed
INFO:root:2021-07-28-15--04--44 Bounding Box Drawn
INFO:root:2021-07-28-15--04--44 MovingFrameQueue Popped
INFO:root:2021-07-28-15--04--44 anomallyFrameTracker resetted to 200
INFO:root:2021-07-28-15--04--44 Colour Conversion Completed
INFO:root:2021-07-28-15--04--44 Sleep Check Completed
INFO:root:2021-07-28-15--04--44 Frame manipulations completed
INFO:root:2021-07-28-15--04--44 Bounding Box Drawn
INFO:root:2021-07-28-15--04--44 MovingFrameQueue Appended
INFO:root:2021-07-28-15--04--44 anomallyFrameTracker resetted to 200
INFO:root:2021-07-28-15--04--44 Colour Conversion Completed
INFO:root:2021-07-28-15--04--44 Sleep Check Completed
INFO:root:2021-07-28-15--04--44 Frame manipulations completed
INFO:root:2021-07-28-15--04--44 Bounding Box Drawn
INFO:root:2021-07-28-15--04--44 MovingFrameQueue Popped
INFO:root:2021-07-28-15--04--44 anomallyFrameTracker resetted to 200
INFO:root:2021-07-28-15--04--44 Colour Conversion Completed
INFO:root:2021-07-28-15--04--44 Sleep Check Completed
INFO:root:2021-07-28-15--04--44 Frame manipulations completed
INFO:root:2021-07-28-15--04--44 Bounding Box Drawn
INFO:root:2021-07-28-15--04--44 MovingFrameQueue Appended
INFO:root:2021-07-28-15--04--44 anomallyFrameTracker resetted to 200
INFO:root:2021-07-28-15--04--44 Colour Conversion Completed
INFO:root:2021-07-28-15--04--44 Sleep Check Completed
INFO:root:2021-07-28-15--04--44 Frame manipulations completed
INFO:root:2021-07-28-15--04--44 Bounding Box Drawn
INFO:root:2021-07-28-15--04--45 MovingFrameQueue Popped
INFO:root:2021-07-28-15--04--45 anomallyFrameTracker resetted to 200
INFO:root:2021-07-28-15--04--45 Colour Conversion Completed
INFO:root:2021-07-28-15--04--45 Sleep Check Completed
INFO:root:2021-07-28-15--04--45 Frame manipulations completed
INFO:root:2021-07-28-15--04--45 Bounding Box Drawn
INFO:root:2021-07-28-15--04--45 MovingFrameQueue Appended
INFO:root:2021-07-28-15--04--45 anomallyFrameTracker resetted to 200
INFO:root:2021-07-28-15--04--45 Colour Conversion Completed
INFO:root:2021-07-28-15--04--45 Sleep Check Completed
INFO:root:2021-07-28-15--04--45 Frame manipulations completed
INFO:root:2021-07-28-15--04--45 Bounding Box Drawn
INFO:root:2021-07-28-15--04--45 MovingFrameQueue Popped
INFO:root:2021-07-28-15--04--45 anomallyFrameTracker resetted to 200
INFO:root:2021-07-28-15--04--45 Colour Conversion Completed
INFO:root:2021-07-28-15--04--45 Sleep Check Completed
INFO:root:2021-07-28-15--04--45 Frame manipulations completed
INFO:root:2021-07-28-15--04--45 Bounding Box Drawn
INFO:root:2021-07-28-15--04--45 MovingFrameQueue Appended
INFO:root:2021-07-28-15--04--45 anomallyFrameTracker resetted to 200
INFO:root:2021-07-28-15--04--45 Colour Conversion Completed
INFO:root:2021-07-28-15--04--45 Sleep Check Completed
INFO:root:2021-07-28-15--04--45 Frame manipulations completed
INFO:root:2021-07-28-15--04--45 Bounding Box Drawn
INFO:root:2021-07-28-15--04--45 MovingFrameQueue Popped
INFO:root:2021-07-28-15--04--45 anomallyFrameTracker resetted to 200
INFO:root:2021-07-28-15--04--45 Colour Conversion Completed
INFO:root:2021-07-28-15--04--45 Sleep Check Completed
INFO:root:2021-07-28-15--04--45 Frame manipulations completed
INFO:root:2021-07-28-15--04--45 Bounding Box Drawn
INFO:root:2021-07-28-15--04--45 MovingFrameQueue Appended
INFO:root:2021-07-28-15--04--45 anomallyFrameTracker resetted to 200
INFO:root:2021-07-28-15--04--45 Colour Conversion Completed
INFO:root:2021-07-28-15--04--45 Sleep Check Completed
INFO:root:2021-07-28-15--04--45 Frame manipulations completed
INFO:root:2021-07-28-15--04--45 Bounding Box Drawn
INFO:root:2021-07-28-15--04--45 MovingFrameQueue Popped
INFO:root:2021-07-28-15--04--45 anomallyFrameTracker resetted to 200
INFO:root:2021-07-28-15--04--45 Colour Conversion Completed
INFO:root:2021-07-28-15--04--45 Sleep Check Completed
INFO:root:2021-07-28-15--04--45 Frame manipulations completed
INFO:root:2021-07-28-15--04--45 Bounding Box Drawn
INFO:root:2021-07-28-15--04--46 MovingFrameQueue Appended
INFO:root:2021-07-28-15--04--46 anomallyFrameTracker resetted to 200
INFO:root:2021-07-28-15--04--46 Colour Conversion Completed
INFO:root:2021-07-28-15--04--46 Sleep Check Completed
INFO:root:2021-07-28-15--04--46 Frame manipulations completed
INFO:root:2021-07-28-15--04--46 Bounding Box Drawn
INFO:root:2021-07-28-15--04--46 MovingFrameQueue Popped
INFO:root:2021-07-28-15--04--46 anomallyFrameTracker resetted to 200
INFO:root:2021-07-28-15--04--46 Colour Conversion Completed
INFO:root:2021-07-28-15--04--46 Sleep Check Completed
INFO:root:2021-07-28-15--04--46 Frame manipulations completed
INFO:root:2021-07-28-15--04--46 Bounding Box Drawn
INFO:root:2021-07-28-15--04--46 MovingFrameQueue Appended
INFO:root:2021-07-28-15--04--46 anomallyFrameTracker resetted to 200
INFO:root:2021-07-28-15--04--46 Colour Conversion Completed
INFO:root:2021-07-28-15--04--46 Sleep Check Completed
INFO:root:2021-07-28-15--04--46 Frame manipulations completed
INFO:root:2021-07-28-15--04--46 Bounding Box Drawn
INFO:root:2021-07-28-15--04--46 MovingFrameQueue Popped
INFO:root:2021-07-28-15--04--46 anomallyFrameTracker resetted to 200
INFO:root:2021-07-28-15--04--46 Colour Conversion Completed
INFO:root:2021-07-28-15--04--46 Sleep Check Completed
INFO:root:2021-07-28-15--04--46 Frame manipulations completed
INFO:root:2021-07-28-15--04--46 Bounding Box Drawn
INFO:root:2021-07-28-15--04--46 MovingFrameQueue Appended
INFO:root:2021-07-28-15--04--46 anomallyFrameTracker resetted to 200
INFO:root:2021-07-28-15--04--46 Colour Conversion Completed
INFO:root:2021-07-28-15--04--46 Sleep Check Completed
INFO:root:2021-07-28-15--04--46 Frame manipulations completed
INFO:root:2021-07-28-15--04--46 Bounding Box Drawn
INFO:root:2021-07-28-15--04--46 MovingFrameQueue Popped
INFO:root:2021-07-28-15--04--46 anomallyFrameTracker resetted to 200
INFO:root:2021-07-28-15--04--46 Colour Conversion Completed
INFO:root:2021-07-28-15--04--47 Sleep Check Completed
INFO:root:2021-07-28-15--04--47 Frame manipulations completed
INFO:root:2021-07-28-15--04--47 Bounding Box Drawn
INFO:root:2021-07-28-15--04--47 MovingFrameQueue Appended
INFO:root:2021-07-28-15--04--47 anomallyFrameTracker resetted to 200
INFO:root:2021-07-28-15--04--47 Colour Conversion Completed
INFO:root:2021-07-28-15--04--47 Sleep Check Completed
INFO:root:2021-07-28-15--04--47 Frame manipulations completed
INFO:root:2021-07-28-15--04--47 Bounding Box Drawn
INFO:root:2021-07-28-15--04--47 MovingFrameQueue Popped
INFO:root:2021-07-28-15--04--47 anomallyFrameTracker resetted to 200
INFO:root:2021-07-28-15--04--47 Colour Conversion Completed
INFO:root:2021-07-28-15--04--47 Sleep Check Completed
INFO:root:2021-07-28-15--04--47 Frame manipulations completed
INFO:root:2021-07-28-15--04--47 Bounding Box Drawn
INFO:root:2021-07-28-15--04--47 MovingFrameQueue Appended
INFO:root:2021-07-28-15--04--47 anomallyFrameTracker resetted to 200
INFO:root:2021-07-28-15--04--47 Colour Conversion Completed
INFO:root:2021-07-28-15--04--47 Sleep Check Completed
INFO:root:2021-07-28-15--04--47 Frame manipulations completed
INFO:root:2021-07-28-15--04--47 Bounding Box Drawn
INFO:root:2021-07-28-15--04--47 MovingFrameQueue Popped
INFO:root:2021-07-28-15--04--47 anomallyFrameTracker resetted to 200
INFO:root:2021-07-28-15--04--47 Colour Conversion Completed
INFO:root:2021-07-28-15--04--47 Sleep Check Completed
INFO:root:2021-07-28-15--04--47 Frame manipulations completed
INFO:root:2021-07-28-15--04--47 Bounding Box Drawn
INFO:root:2021-07-28-15--04--47 MovingFrameQueue Appended
INFO:root:2021-07-28-15--04--47 anomallyFrameTracker resetted to 200
INFO:root:2021-07-28-15--04--47 Colour Conversion Completed
INFO:root:2021-07-28-15--04--47 Sleep Check Completed
INFO:root:2021-07-28-15--04--47 Frame manipulations completed
INFO:root:2021-07-28-15--04--47 Bounding Box Drawn
INFO:root:2021-07-28-15--04--48 MovingFrameQueue Popped
INFO:root:2021-07-28-15--04--48 anomallyFrameTracker resetted to 200
INFO:root:2021-07-28-15--04--48 Colour Conversion Completed
INFO:root:2021-07-28-15--04--48 Sleep Check Completed
INFO:root:2021-07-28-15--04--48 Frame manipulations completed
INFO:root:2021-07-28-15--04--48 Bounding Box Drawn
INFO:root:2021-07-28-15--04--48 MovingFrameQueue Appended
INFO:root:2021-07-28-15--04--48 anomallyFrameTracker resetted to 200
INFO:root:2021-07-28-15--04--48 Colour Conversion Completed
INFO:root:2021-07-28-15--04--48 Sleep Check Completed
INFO:root:2021-07-28-15--04--48 Frame manipulations completed
INFO:root:2021-07-28-15--04--48 Bounding Box Drawn
INFO:root:2021-07-28-15--04--48 MovingFrameQueue Popped
INFO:root:2021-07-28-15--04--48 anomallyFrameTracker resetted to 200
INFO:root:2021-07-28-15--04--48 Colour Conversion Completed
INFO:root:2021-07-28-15--04--48 Sleep Check Completed
INFO:root:2021-07-28-15--04--48 Frame manipulations completed
INFO:root:2021-07-28-15--04--48 Bounding Box Drawn
INFO:root:2021-07-28-15--04--48 MovingFrameQueue Appended
INFO:root:2021-07-28-15--04--48 anomallyFrameTracker resetted to 200
INFO:root:2021-07-28-15--04--48 Colour Conversion Completed
INFO:root:2021-07-28-15--04--48 Sleep Check Completed
INFO:root:2021-07-28-15--04--48 Frame manipulations completed
INFO:root:2021-07-28-15--04--48 Bounding Box Drawn
INFO:root:2021-07-28-15--04--48 MovingFrameQueue Popped
INFO:root:2021-07-28-15--04--48 anomallyFrameTracker resetted to 200
INFO:root:2021-07-28-15--04--48 Colour Conversion Completed
INFO:root:2021-07-28-15--04--48 Sleep Check Completed
INFO:root:2021-07-28-15--04--48 Frame manipulations completed
INFO:root:2021-07-28-15--04--48 Bounding Box Drawn
INFO:root:2021-07-28-15--04--48 MovingFrameQueue Appended
INFO:root:2021-07-28-15--04--48 anomallyFrameTracker resetted to 200
INFO:root:2021-07-28-15--04--48 Colour Conversion Completed
INFO:root:2021-07-28-15--04--48 Sleep Check Completed
INFO:root:2021-07-28-15--04--48 Frame manipulations completed
INFO:root:2021-07-28-15--04--48 Bounding Box Drawn
INFO:root:2021-07-28-15--04--49 MovingFrameQueue Popped
INFO:root:2021-07-28-15--04--49 anomallyFrameTracker resetted to 200
INFO:root:2021-07-28-15--04--49 Colour Conversion Completed
INFO:root:2021-07-28-15--04--49 Sleep Check Completed
INFO:root:2021-07-28-15--04--49 Frame manipulations completed
INFO:root:2021-07-28-15--04--49 Bounding Box Drawn
INFO:root:2021-07-28-15--04--49 MovingFrameQueue Appended
INFO:root:2021-07-28-15--04--49 anomallyFrameTracker resetted to 200
INFO:root:2021-07-28-15--04--49 Colour Conversion Completed
INFO:root:2021-07-28-15--04--49 Sleep Check Completed
INFO:root:2021-07-28-15--04--49 Frame manipulations completed
INFO:root:2021-07-28-15--04--49 Bounding Box Drawn
INFO:root:2021-07-28-15--04--49 MovingFrameQueue Popped
INFO:root:2021-07-28-15--04--49 anomallyFrameTracker resetted to 200
INFO:root:2021-07-28-15--04--49 Colour Conversion Completed
INFO:root:2021-07-28-15--04--49 Sleep Check Completed
INFO:root:2021-07-28-15--04--49 Frame manipulations completed
INFO:root:2021-07-28-15--04--49 Bounding Box Drawn
INFO:root:2021-07-28-15--04--49 MovingFrameQueue Appended
INFO:root:2021-07-28-15--04--49 anomallyFrameTracker resetted to 200
INFO:root:2021-07-28-15--04--49 Colour Conversion Completed
INFO:root:2021-07-28-15--04--49 Sleep Check Completed
INFO:root:2021-07-28-15--04--49 Frame manipulations completed
INFO:root:2021-07-28-15--04--49 Bounding Box Drawn
INFO:root:2021-07-28-15--04--49 MovingFrameQueue Popped
INFO:root:2021-07-28-15--04--49 anomallyFrameTracker resetted to 200
INFO:root:2021-07-28-15--04--49 Colour Conversion Completed
INFO:root:2021-07-28-15--04--49 Sleep Check Completed
INFO:root:2021-07-28-15--04--49 Frame manipulations completed
INFO:root:2021-07-28-15--04--49 Bounding Box Drawn
INFO:root:2021-07-28-15--04--50 MovingFrameQueue Appended
INFO:root:2021-07-28-15--04--50 anomallyFrameTracker resetted to 200
INFO:root:2021-07-28-15--04--50 Colour Conversion Completed
INFO:root:2021-07-28-15--04--50 Sleep Check Completed
INFO:root:2021-07-28-15--04--50 Frame manipulations completed
INFO:root:2021-07-28-15--04--50 Bounding Box Drawn
INFO:root:2021-07-28-15--04--50 MovingFrameQueue Popped
INFO:root:2021-07-28-15--04--50 anomallyFrameTracker resetted to 200
INFO:root:2021-07-28-15--04--50 Colour Conversion Completed
INFO:root:2021-07-28-15--04--50 Sleep Check Completed
INFO:root:2021-07-28-15--04--50 Frame manipulations completed
INFO:root:2021-07-28-15--04--50 Bounding Box Drawn
INFO:root:2021-07-28-15--04--50 MovingFrameQueue Appended
INFO:root:2021-07-28-15--04--50 anomallyFrameTracker resetted to 200
INFO:root:2021-07-28-15--04--50 Colour Conversion Completed
INFO:root:2021-07-28-15--04--50 Sleep Check Completed
INFO:root:2021-07-28-15--04--50 Frame manipulations completed
INFO:root:2021-07-28-15--04--50 Bounding Box Drawn
INFO:root:2021-07-28-15--04--50 MovingFrameQueue Popped
INFO:root:2021-07-28-15--04--50 anomallyFrameTracker resetted to 200
INFO:root:2021-07-28-15--04--50 Colour Conversion Completed
INFO:root:2021-07-28-15--04--50 Sleep Check Completed
INFO:root:2021-07-28-15--04--50 Frame manipulations completed
INFO:root:2021-07-28-15--04--50 Bounding Box Drawn
INFO:root:2021-07-28-15--04--50 MovingFrameQueue Appended
INFO:root:2021-07-28-15--04--50 anomallyFrameTracker resetted to 200
INFO:root:2021-07-28-15--04--51 Colour Conversion Completed
INFO:root:2021-07-28-15--04--51 Sleep Check Completed
INFO:root:2021-07-28-15--04--51 Frame manipulations completed
INFO:root:2021-07-28-15--04--51 Bounding Box Drawn
INFO:root:2021-07-28-15--04--51 MovingFrameQueue Popped
INFO:root:2021-07-28-15--04--51 anomallyFrameTracker resetted to 200
INFO:root:2021-07-28-15--04--51 Colour Conversion Completed
INFO:root:2021-07-28-15--04--51 Sleep Check Completed
INFO:root:2021-07-28-15--04--51 Frame manipulations completed
INFO:root:2021-07-28-15--04--51 Bounding Box Drawn
INFO:root:2021-07-28-15--04--51 MovingFrameQueue Appended
INFO:root:2021-07-28-15--04--51 anomallyFrameTracker resetted to 200
INFO:root:2021-07-28-15--04--51 Colour Conversion Completed
INFO:root:2021-07-28-15--04--51 Sleep Check Completed
INFO:root:2021-07-28-15--04--51 Frame manipulations completed
INFO:root:2021-07-28-15--04--51 Bounding Box Drawn
INFO:root:2021-07-28-15--04--51 MovingFrameQueue Popped
INFO:root:2021-07-28-15--04--51 anomallyFrameTracker resetted to 200
INFO:root:2021-07-28-15--04--51 Colour Conversion Completed
INFO:root:2021-07-28-15--04--51 Sleep Check Completed
INFO:root:2021-07-28-15--04--51 Frame manipulations completed
INFO:root:2021-07-28-15--04--51 Bounding Box Drawn
INFO:root:2021-07-28-15--04--51 MovingFrameQueue Appended
INFO:root:2021-07-28-15--04--51 anomallyFrameTracker resetted to 200
INFO:root:2021-07-28-15--04--51 Colour Conversion Completed
INFO:root:2021-07-28-15--04--51 Sleep Check Completed
INFO:root:2021-07-28-15--04--51 Frame manipulations completed
INFO:root:2021-07-28-15--04--51 Bounding Box Drawn
INFO:root:2021-07-28-15--04--52 MovingFrameQueue Popped
INFO:root:2021-07-28-15--04--52 anomallyFrameTracker resetted to 200
INFO:root:2021-07-28-15--04--52 Colour Conversion Completed
INFO:root:2021-07-28-15--04--52 Sleep Check Completed
INFO:root:2021-07-28-15--04--52 Frame manipulations completed
INFO:root:2021-07-28-15--04--52 Bounding Box Drawn
INFO:root:2021-07-28-15--04--52 MovingFrameQueue Appended
INFO:root:2021-07-28-15--04--52 anomallyFrameTracker resetted to 200
INFO:root:2021-07-28-15--04--52 Colour Conversion Completed
INFO:root:2021-07-28-15--04--52 Sleep Check Completed
INFO:root:2021-07-28-15--04--52 Frame manipulations completed
INFO:root:2021-07-28-15--04--52 Bounding Box Drawn
INFO:root:2021-07-28-15--04--52 MovingFrameQueue Popped
INFO:root:2021-07-28-15--04--52 anomallyFrameTracker resetted to 200
INFO:root:2021-07-28-15--04--52 Colour Conversion Completed
INFO:root:2021-07-28-15--04--52 Sleep Check Completed
INFO:root:2021-07-28-15--04--52 Frame manipulations completed
INFO:root:2021-07-28-15--04--52 Bounding Box Drawn
INFO:root:2021-07-28-15--04--52 MovingFrameQueue Appended
INFO:root:2021-07-28-15--04--52 anomallyFrameTracker resetted to 200
INFO:root:2021-07-28-15--04--52 Colour Conversion Completed
INFO:root:2021-07-28-15--04--52 Sleep Check Completed
INFO:root:2021-07-28-15--04--52 Frame manipulations completed
INFO:root:2021-07-28-15--04--52 Bounding Box Drawn
INFO:root:2021-07-28-15--04--52 MovingFrameQueue Popped
INFO:root:2021-07-28-15--04--52 anomallyFrameTracker resetted to 200
INFO:root:2021-07-28-15--04--52 Colour Conversion Completed
INFO:root:2021-07-28-15--04--52 Sleep Check Completed
INFO:root:2021-07-28-15--04--52 Frame manipulations completed
INFO:root:2021-07-28-15--04--52 Bounding Box Drawn
INFO:root:2021-07-28-15--04--53 MovingFrameQueue Appended
INFO:root:2021-07-28-15--04--53 anomallyFrameTracker resetted to 200
INFO:root:2021-07-28-15--04--53 Colour Conversion Completed
INFO:root:2021-07-28-15--04--53 Sleep Check Completed
INFO:root:2021-07-28-15--04--53 Frame manipulations completed
INFO:root:2021-07-28-15--04--53 Bounding Box Drawn
INFO:root:2021-07-28-15--04--53 MovingFrameQueue Popped
INFO:root:2021-07-28-15--04--53 anomallyFrameTracker resetted to 200
INFO:root:2021-07-28-15--04--53 Colour Conversion Completed
INFO:root:2021-07-28-15--04--53 Sleep Check Completed
INFO:root:2021-07-28-15--04--53 Frame manipulations completed
INFO:root:2021-07-28-15--04--53 Bounding Box Drawn
INFO:root:2021-07-28-15--04--53 MovingFrameQueue Appended
INFO:root:2021-07-28-15--04--53 anomallyFrameTracker resetted to 200
INFO:root:2021-07-28-15--04--53 Colour Conversion Completed
INFO:root:2021-07-28-15--04--53 Sleep Check Completed
INFO:root:2021-07-28-15--04--53 Frame manipulations completed
INFO:root:2021-07-28-15--04--53 Bounding Box Drawn
INFO:root:2021-07-28-15--04--53 MovingFrameQueue Popped
INFO:root:2021-07-28-15--04--53 anomallyFrameTracker resetted to 200
INFO:root:2021-07-28-15--04--53 Colour Conversion Completed
INFO:root:2021-07-28-15--04--53 Sleep Check Completed
INFO:root:2021-07-28-15--04--53 Frame manipulations completed
INFO:root:2021-07-28-15--04--53 Bounding Box Drawn
INFO:root:2021-07-28-15--04--53 MovingFrameQueue Appended
INFO:root:2021-07-28-15--04--53 anomallyFrameTracker resetted to 200
INFO:root:2021-07-28-15--04--53 Colour Conversion Completed
INFO:root:2021-07-28-15--04--53 Sleep Check Completed
INFO:root:2021-07-28-15--04--53 Frame manipulations completed
INFO:root:2021-07-28-15--04--53 Bounding Box Drawn
INFO:root:2021-07-28-15--04--54 MovingFrameQueue Popped
INFO:root:2021-07-28-15--04--54 anomallyFrameTracker resetted to 200
INFO:root:2021-07-28-15--04--54 Colour Conversion Completed
INFO:root:2021-07-28-15--04--54 Sleep Check Completed
INFO:root:2021-07-28-15--04--54 Frame manipulations completed
INFO:root:2021-07-28-15--04--54 Bounding Box Drawn
INFO:root:2021-07-28-15--04--54 MovingFrameQueue Appended
INFO:root:2021-07-28-15--04--54 anomallyFrameTracker resetted to 200
INFO:root:2021-07-28-15--04--54 Colour Conversion Completed
INFO:root:2021-07-28-15--04--54 Sleep Check Completed
INFO:root:2021-07-28-15--04--54 Frame manipulations completed
INFO:root:2021-07-28-15--04--54 Bounding Box Drawn
INFO:root:2021-07-28-15--04--54 MovingFrameQueue Popped
INFO:root:2021-07-28-15--04--54 anomallyFrameTracker resetted to 200
INFO:root:2021-07-28-15--04--54 Colour Conversion Completed
INFO:root:2021-07-28-15--04--54 Sleep Check Completed
INFO:root:2021-07-28-15--04--54 Frame manipulations completed
INFO:root:2021-07-28-15--04--54 Bounding Box Drawn
INFO:root:2021-07-28-15--04--54 MovingFrameQueue Appended
INFO:root:2021-07-28-15--04--54 anomallyFrameTracker resetted to 200
INFO:root:2021-07-28-15--04--54 Colour Conversion Completed
INFO:root:2021-07-28-15--04--54 Sleep Check Completed
INFO:root:2021-07-28-15--04--54 Frame manipulations completed
INFO:root:2021-07-28-15--04--54 Bounding Box Drawn
INFO:root:2021-07-28-15--04--54 MovingFrameQueue Popped
INFO:root:2021-07-28-15--04--54 anomallyFrameTracker resetted to 200
INFO:root:2021-07-28-15--04--54 Colour Conversion Completed
INFO:root:2021-07-28-15--04--54 Sleep Check Completed
INFO:root:2021-07-28-15--04--54 Frame manipulations completed
INFO:root:2021-07-28-15--04--54 Bounding Box Drawn
INFO:root:2021-07-28-15--04--54[INFO] elapsed time: 46.11
INFO:root:2021-07-28-15--04--54[INFO] approx. FPS: 4.60
