INFO:root:2021-07-27-11--15--05 Parameter Generation Success
INFO:root:2021-07-27-11--15--05 Colour Conversion Completed
INFO:root:2021-07-27-11--15--05 Sleep Check Completed
INFO:root:2021-07-27-11--15--05 Frame manipulations completed
INFO:root:2021-07-27-11--15--05 Bounding Box Drawn
INFO:root:2021-07-27-11--15--05 MovingFrameQueue Appended
INFO:root:2021-07-27-11--15--05 anomallyFrameTracker resetted to 200
INFO:root:2021-07-27-11--15--05 Colour Conversion Completed
INFO:root:2021-07-27-11--15--05 Sleep Check Completed
INFO:root:2021-07-27-11--15--05 Frame manipulations completed
INFO:root:2021-07-27-11--15--05 Bounding Box Drawn
INFO:root:2021-07-27-11--15--05 MovingFrameQueue Appended
INFO:root:2021-07-27-11--15--05 anomallyFrameTracker resetted to 200
INFO:root:2021-07-27-11--15--05 Colour Conversion Completed
INFO:root:2021-07-27-11--15--05 Sleep Check Completed
INFO:root:2021-07-27-11--15--05 Frame manipulations completed
INFO:root:2021-07-27-11--15--05 Bounding Box Drawn
INFO:root:2021-07-27-11--15--05 MovingFrameQueue Appended
INFO:root:2021-07-27-11--15--05 anomallyFrameTracker resetted to 200
INFO:root:2021-07-27-11--15--05 Colour Conversion Completed
INFO:root:2021-07-27-11--15--05 Sleep Check Completed
INFO:root:2021-07-27-11--15--05 Frame manipulations completed
INFO:root:2021-07-27-11--15--05 Bounding Box Drawn
INFO:root:2021-07-27-11--15--05 MovingFrameQueue Appended
INFO:root:2021-07-27-11--15--05 anomallyFrameTracker resetted to 200
INFO:root:2021-07-27-11--15--05 Colour Conversion Completed
INFO:root:2021-07-27-11--15--05 Sleep Check Completed
INFO:root:2021-07-27-11--15--05 Frame manipulations completed
INFO:root:2021-07-27-11--15--05 Bounding Box Drawn
INFO:root:2021-07-27-11--15--05 MovingFrameQueue Appended
INFO:root:2021-07-27-11--15--05 anomallyFrameTracker resetted to 200
INFO:root:2021-07-27-11--15--06 Colour Conversion Completed
INFO:root:2021-07-27-11--15--06 Sleep Check Completed
INFO:root:2021-07-27-11--15--06 Frame manipulations completed
INFO:root:2021-07-27-11--15--06 Bounding Box Drawn
INFO:root:2021-07-27-11--15--06 MovingFrameQueue Appended
INFO:root:2021-07-27-11--15--06 anomallyFrameTracker resetted to 200
INFO:root:2021-07-27-11--15--06 Colour Conversion Completed
INFO:root:2021-07-27-11--15--06 Sleep Check Completed
INFO:root:2021-07-27-11--15--06 Frame manipulations completed
INFO:root:2021-07-27-11--15--06 Bounding Box Drawn
INFO:root:2021-07-27-11--15--06 MovingFrameQueue Appended
INFO:root:2021-07-27-11--15--06 anomallyFrameTracker resetted to 200
INFO:root:2021-07-27-11--15--06 Colour Conversion Completed
INFO:root:2021-07-27-11--15--06 Sleep Check Completed
INFO:root:2021-07-27-11--15--06 Frame manipulations completed
INFO:root:2021-07-27-11--15--06 Bounding Box Drawn
INFO:root:2021-07-27-11--15--06 MovingFrameQueue Appended
INFO:root:2021-07-27-11--15--06 anomallyFrameTracker resetted to 200
INFO:root:2021-07-27-11--15--06 Colour Conversion Completed
INFO:root:2021-07-27-11--15--06 Sleep Check Completed
INFO:root:2021-07-27-11--15--06 Frame manipulations completed
INFO:root:2021-07-27-11--15--06 Bounding Box Drawn
INFO:root:2021-07-27-11--15--06 MovingFrameQueue Appended
INFO:root:2021-07-27-11--15--06 anomallyFrameTracker resetted to 200
INFO:root:2021-07-27-11--15--06 Colour Conversion Completed
INFO:root:2021-07-27-11--15--06 Sleep Check Completed
INFO:root:2021-07-27-11--15--06 Frame manipulations completed
INFO:root:2021-07-27-11--15--06 Bounding Box Drawn
INFO:root:2021-07-27-11--15--06 MovingFrameQueue Appended
INFO:root:2021-07-27-11--15--06 anomallyFrameTracker resetted to 200
INFO:root:2021-07-27-11--15--06 Colour Conversion Completed
INFO:root:2021-07-27-11--15--06 Sleep Check Completed
INFO:root:2021-07-27-11--15--06 Frame manipulations completed
INFO:root:2021-07-27-11--15--06 Bounding Box Drawn
INFO:root:2021-07-27-11--15--06 MovingFrameQueue Appended
INFO:root:2021-07-27-11--15--06 anomallyFrameTracker resetted to 200
INFO:root:2021-07-27-11--15--06 Colour Conversion Completed
INFO:root:2021-07-27-11--15--06 Sleep Check Completed
INFO:root:2021-07-27-11--15--06 Frame manipulations completed
INFO:root:2021-07-27-11--15--06 Bounding Box Drawn
INFO:root:2021-07-27-11--15--06 MovingFrameQueue Appended
INFO:root:2021-07-27-11--15--06 anomallyFrameTracker resetted to 200
INFO:root:2021-07-27-11--15--06 Colour Conversion Completed
INFO:root:2021-07-27-11--15--06 Sleep Check Completed
INFO:root:2021-07-27-11--15--06 Frame manipulations completed
INFO:root:2021-07-27-11--15--06 Bounding Box Drawn
INFO:root:2021-07-27-11--15--06 MovingFrameQueue Appended
INFO:root:2021-07-27-11--15--06 anomallyFrameTracker resetted to 200
INFO:root:2021-07-27-11--15--06 Colour Conversion Completed
INFO:root:2021-07-27-11--15--07 Sleep Check Completed
INFO:root:2021-07-27-11--15--07 Frame manipulations completed
INFO:root:2021-07-27-11--15--07 Bounding Box Drawn
INFO:root:2021-07-27-11--15--07 MovingFrameQueue Appended
INFO:root:2021-07-27-11--15--07 anomallyFrameTracker resetted to 200
INFO:root:2021-07-27-11--15--07 Colour Conversion Completed
INFO:root:2021-07-27-11--15--07 Sleep Check Completed
INFO:root:2021-07-27-11--15--07 Frame manipulations completed
INFO:root:2021-07-27-11--15--07 Bounding Box Drawn
INFO:root:2021-07-27-11--15--07 MovingFrameQueue Appended
INFO:root:2021-07-27-11--15--07 anomallyFrameTracker resetted to 200
INFO:root:2021-07-27-11--15--07 Colour Conversion Completed
INFO:root:2021-07-27-11--15--07 Sleep Check Completed
INFO:root:2021-07-27-11--15--07 Frame manipulations completed
INFO:root:2021-07-27-11--15--07 Bounding Box Drawn
INFO:root:2021-07-27-11--15--07 MovingFrameQueue Appended
INFO:root:2021-07-27-11--15--07 anomallyFrameTracker resetted to 200
INFO:root:2021-07-27-11--15--07 Colour Conversion Completed
INFO:root:2021-07-27-11--15--07 Sleep Check Completed
INFO:root:2021-07-27-11--15--07 Frame manipulations completed
INFO:root:2021-07-27-11--15--07 Bounding Box Drawn
INFO:root:2021-07-27-11--15--07 MovingFrameQueue Appended
INFO:root:2021-07-27-11--15--07 anomallyFrameTracker resetted to 200
INFO:root:2021-07-27-11--15--07 Colour Conversion Completed
INFO:root:2021-07-27-11--15--07 Sleep Check Completed
INFO:root:2021-07-27-11--15--07 Frame manipulations completed
INFO:root:2021-07-27-11--15--07 Bounding Box Drawn
INFO:root:2021-07-27-11--15--07 MovingFrameQueue Appended
INFO:root:2021-07-27-11--15--07 anomallyFrameTracker resetted to 200
INFO:root:2021-07-27-11--15--07 Colour Conversion Completed
INFO:root:2021-07-27-11--15--07 Sleep Check Completed
INFO:root:2021-07-27-11--15--07 Frame manipulations completed
INFO:root:2021-07-27-11--15--07 Bounding Box Drawn
INFO:root:2021-07-27-11--15--07 MovingFrameQueue Appended
INFO:root:2021-07-27-11--15--07 anomallyFrameTracker resetted to 200
INFO:root:2021-07-27-11--15--07 Colour Conversion Completed
INFO:root:2021-07-27-11--15--07 Sleep Check Completed
INFO:root:2021-07-27-11--15--07 Frame manipulations completed
INFO:root:2021-07-27-11--15--07 Bounding Box Drawn
INFO:root:2021-07-27-11--15--07 MovingFrameQueue Appended
INFO:root:2021-07-27-11--15--07 anomallyFrameTracker resetted to 200
INFO:root:2021-07-27-11--15--07 Colour Conversion Completed
INFO:root:2021-07-27-11--15--07 Sleep Check Completed
INFO:root:2021-07-27-11--15--07 Frame manipulations completed
INFO:root:2021-07-27-11--15--07 Bounding Box Drawn
INFO:root:2021-07-27-11--15--07 MovingFrameQueue Appended
INFO:root:2021-07-27-11--15--07 anomallyFrameTracker resetted to 200
INFO:root:2021-07-27-11--15--07 Colour Conversion Completed
INFO:root:2021-07-27-11--15--07 Sleep Check Completed
INFO:root:2021-07-27-11--15--07 Frame manipulations completed
INFO:root:2021-07-27-11--15--07 Bounding Box Drawn
INFO:root:2021-07-27-11--15--07 MovingFrameQueue Appended
INFO:root:2021-07-27-11--15--07 anomallyFrameTracker resetted to 200
INFO:root:2021-07-27-11--15--08 Colour Conversion Completed
INFO:root:2021-07-27-11--15--08 Sleep Check Completed
INFO:root:2021-07-27-11--15--08 Frame manipulations completed
INFO:root:2021-07-27-11--15--08 Bounding Box Drawn
INFO:root:2021-07-27-11--15--08 MovingFrameQueue Appended
INFO:root:2021-07-27-11--15--08 anomallyFrameTracker resetted to 200
INFO:root:2021-07-27-11--15--08 Colour Conversion Completed
INFO:root:2021-07-27-11--15--08 Sleep Check Completed
INFO:root:2021-07-27-11--15--08 Frame manipulations completed
INFO:root:2021-07-27-11--15--08 Bounding Box Drawn
INFO:root:2021-07-27-11--15--08 MovingFrameQueue Appended
INFO:root:2021-07-27-11--15--08 anomallyFrameTracker resetted to 200
INFO:root:2021-07-27-11--15--08 Colour Conversion Completed
INFO:root:2021-07-27-11--15--08 Sleep Check Completed
INFO:root:2021-07-27-11--15--08 Frame manipulations completed
INFO:root:2021-07-27-11--15--08 Bounding Box Drawn
INFO:root:2021-07-27-11--15--08 MovingFrameQueue Appended
INFO:root:2021-07-27-11--15--08 anomallyFrameTracker resetted to 200
INFO:root:2021-07-27-11--15--08 Colour Conversion Completed
INFO:root:2021-07-27-11--15--08 Sleep Check Completed
INFO:root:2021-07-27-11--15--08 Frame manipulations completed
INFO:root:2021-07-27-11--15--08 Bounding Box Drawn
INFO:root:2021-07-27-11--15--08 MovingFrameQueue Appended
INFO:root:2021-07-27-11--15--08 anomallyFrameTracker resetted to 200
INFO:root:2021-07-27-11--15--08 Colour Conversion Completed
INFO:root:2021-07-27-11--15--08 Sleep Check Completed
INFO:root:2021-07-27-11--15--08 Frame manipulations completed
INFO:root:2021-07-27-11--15--08 Bounding Box Drawn
INFO:root:2021-07-27-11--15--08 MovingFrameQueue Appended
INFO:root:2021-07-27-11--15--08 anomallyFrameTracker resetted to 200
INFO:root:2021-07-27-11--15--08 Colour Conversion Completed
INFO:root:2021-07-27-11--15--08 Sleep Check Completed
INFO:root:2021-07-27-11--15--08 Frame manipulations completed
INFO:root:2021-07-27-11--15--08 Bounding Box Drawn
INFO:root:2021-07-27-11--15--08 MovingFrameQueue Appended
INFO:root:2021-07-27-11--15--08 anomallyFrameTracker resetted to 200
INFO:root:2021-07-27-11--15--08 Colour Conversion Completed
INFO:root:2021-07-27-11--15--08 Sleep Check Completed
INFO:root:2021-07-27-11--15--08 Frame manipulations completed
INFO:root:2021-07-27-11--15--08 Bounding Box Drawn
INFO:root:2021-07-27-11--15--08 MovingFrameQueue Appended
INFO:root:2021-07-27-11--15--08 anomallyFrameTracker resetted to 200
INFO:root:2021-07-27-11--15--08 Colour Conversion Completed
INFO:root:2021-07-27-11--15--08 Sleep Check Completed
INFO:root:2021-07-27-11--15--08 Frame manipulations completed
INFO:root:2021-07-27-11--15--08 Bounding Box Drawn
INFO:root:2021-07-27-11--15--08 MovingFrameQueue Appended
INFO:root:2021-07-27-11--15--08 anomallyFrameTracker resetted to 200
INFO:root:2021-07-27-11--15--08 Colour Conversion Completed
INFO:root:2021-07-27-11--15--08 Sleep Check Completed
INFO:root:2021-07-27-11--15--08 Frame manipulations completed
INFO:root:2021-07-27-11--15--08 Bounding Box Drawn
INFO:root:2021-07-27-11--15--08 MovingFrameQueue Appended
INFO:root:2021-07-27-11--15--08 anomallyFrameTracker resetted to 200
INFO:root:2021-07-27-11--15--09 Colour Conversion Completed
INFO:root:2021-07-27-11--15--09 Sleep Check Completed
INFO:root:2021-07-27-11--15--09 Frame manipulations completed
INFO:root:2021-07-27-11--15--09 Bounding Box Drawn
INFO:root:2021-07-27-11--15--09 MovingFrameQueue Appended
INFO:root:2021-07-27-11--15--09 anomallyFrameTracker resetted to 200
INFO:root:2021-07-27-11--15--09 Colour Conversion Completed
INFO:root:2021-07-27-11--15--09 Sleep Check Completed
INFO:root:2021-07-27-11--15--09 Frame manipulations completed
INFO:root:2021-07-27-11--15--09 Bounding Box Drawn
INFO:root:2021-07-27-11--15--09 MovingFrameQueue Appended
INFO:root:2021-07-27-11--15--09 anomallyFrameTracker resetted to 200
INFO:root:2021-07-27-11--15--09 Colour Conversion Completed
INFO:root:2021-07-27-11--15--09 Sleep Check Completed
INFO:root:2021-07-27-11--15--09 Frame manipulations completed
INFO:root:2021-07-27-11--15--09 Bounding Box Drawn
INFO:root:2021-07-27-11--15--09 MovingFrameQueue Appended
INFO:root:2021-07-27-11--15--09 anomallyFrameTracker resetted to 200
INFO:root:2021-07-27-11--15--09 Colour Conversion Completed
INFO:root:2021-07-27-11--15--09 Sleep Check Completed
INFO:root:2021-07-27-11--15--09 Frame manipulations completed
INFO:root:2021-07-27-11--15--09 Bounding Box Drawn
INFO:root:2021-07-27-11--15--09 MovingFrameQueue Appended
INFO:root:2021-07-27-11--15--09 anomallyFrameTracker resetted to 200
INFO:root:2021-07-27-11--15--09 Colour Conversion Completed
INFO:root:2021-07-27-11--15--09 Sleep Check Completed
INFO:root:2021-07-27-11--15--09 Frame manipulations completed
INFO:root:2021-07-27-11--15--09 Bounding Box Drawn
INFO:root:2021-07-27-11--15--09 MovingFrameQueue Appended
INFO:root:2021-07-27-11--15--09 anomallyFrameTracker resetted to 200
INFO:root:2021-07-27-11--15--09 Colour Conversion Completed
INFO:root:2021-07-27-11--15--09 Sleep Check Completed
INFO:root:2021-07-27-11--15--09 Frame manipulations completed
INFO:root:2021-07-27-11--15--09 Bounding Box Drawn
INFO:root:2021-07-27-11--15--09 MovingFrameQueue Appended
INFO:root:2021-07-27-11--15--09 anomallyFrameTracker resetted to 200
INFO:root:2021-07-27-11--15--09 Colour Conversion Completed
INFO:root:2021-07-27-11--15--09 Sleep Check Completed
INFO:root:2021-07-27-11--15--09 Frame manipulations completed
INFO:root:2021-07-27-11--15--09 Bounding Box Drawn
INFO:root:2021-07-27-11--15--09 MovingFrameQueue Appended
INFO:root:2021-07-27-11--15--09 anomallyFrameTracker resetted to 200
INFO:root:2021-07-27-11--15--09 Colour Conversion Completed
INFO:root:2021-07-27-11--15--09 Sleep Check Completed
INFO:root:2021-07-27-11--15--09 Frame manipulations completed
INFO:root:2021-07-27-11--15--09 Bounding Box Drawn
INFO:root:2021-07-27-11--15--09 MovingFrameQueue Appended
INFO:root:2021-07-27-11--15--09 anomallyFrameTracker resetted to 200
INFO:root:2021-07-27-11--15--09 Colour Conversion Completed
INFO:root:2021-07-27-11--15--09 Sleep Check Completed
INFO:root:2021-07-27-11--15--09 Frame manipulations completed
INFO:root:2021-07-27-11--15--09 Bounding Box Drawn
INFO:root:2021-07-27-11--15--09 MovingFrameQueue Appended
INFO:root:2021-07-27-11--15--09 anomallyFrameTracker resetted to 200
INFO:root:2021-07-27-11--15--10 Colour Conversion Completed
INFO:root:2021-07-27-11--15--10 Sleep Check Completed
INFO:root:2021-07-27-11--15--10 Frame manipulations completed
INFO:root:2021-07-27-11--15--10 Bounding Box Drawn
INFO:root:2021-07-27-11--15--10 MovingFrameQueue Appended
INFO:root:2021-07-27-11--15--10 anomallyFrameTracker resetted to 200
INFO:root:2021-07-27-11--15--10 Colour Conversion Completed
INFO:root:2021-07-27-11--15--10 Sleep Check Completed
INFO:root:2021-07-27-11--15--10 Frame manipulations completed
INFO:root:2021-07-27-11--15--10 Bounding Box Drawn
INFO:root:2021-07-27-11--15--10 MovingFrameQueue Appended
INFO:root:2021-07-27-11--15--10 anomallyFrameTracker resetted to 200
INFO:root:2021-07-27-11--15--10 Colour Conversion Completed
INFO:root:2021-07-27-11--15--10 Sleep Check Completed
INFO:root:2021-07-27-11--15--10 Frame manipulations completed
INFO:root:2021-07-27-11--15--10 Bounding Box Drawn
INFO:root:2021-07-27-11--15--10 MovingFrameQueue Appended
INFO:root:2021-07-27-11--15--10 anomallyFrameTracker resetted to 200
INFO:root:2021-07-27-11--15--10 Colour Conversion Completed
INFO:root:2021-07-27-11--15--10 Sleep Check Completed
INFO:root:2021-07-27-11--15--10 Frame manipulations completed
INFO:root:2021-07-27-11--15--10 Bounding Box Drawn
INFO:root:2021-07-27-11--15--10 MovingFrameQueue Appended
INFO:root:2021-07-27-11--15--10 anomallyFrameTracker resetted to 200
INFO:root:2021-07-27-11--15--10 Colour Conversion Completed
INFO:root:2021-07-27-11--15--10 Sleep Check Completed
INFO:root:2021-07-27-11--15--10 Frame manipulations completed
INFO:root:2021-07-27-11--15--10 Bounding Box Drawn
INFO:root:2021-07-27-11--15--10 MovingFrameQueue Appended
INFO:root:2021-07-27-11--15--10 anomallyFrameTracker resetted to 200
INFO:root:2021-07-27-11--15--10 Colour Conversion Completed
INFO:root:2021-07-27-11--15--10 Sleep Check Completed
INFO:root:2021-07-27-11--15--10 Frame manipulations completed
INFO:root:2021-07-27-11--15--10 Bounding Box Drawn
INFO:root:2021-07-27-11--15--10 MovingFrameQueue Appended
INFO:root:2021-07-27-11--15--10 anomallyFrameTracker resetted to 200
INFO:root:2021-07-27-11--15--10 Colour Conversion Completed
INFO:root:2021-07-27-11--15--10 Sleep Check Completed
INFO:root:2021-07-27-11--15--10 Frame manipulations completed
INFO:root:2021-07-27-11--15--10 Bounding Box Drawn
INFO:root:2021-07-27-11--15--10 MovingFrameQueue Appended
INFO:root:2021-07-27-11--15--10 anomallyFrameTracker resetted to 200
INFO:root:2021-07-27-11--15--10 Colour Conversion Completed
INFO:root:2021-07-27-11--15--10 Sleep Check Completed
INFO:root:2021-07-27-11--15--10 Frame manipulations completed
INFO:root:2021-07-27-11--15--10 Bounding Box Drawn
INFO:root:2021-07-27-11--15--10 MovingFrameQueue Appended
INFO:root:2021-07-27-11--15--10 anomallyFrameTracker resetted to 200
INFO:root:2021-07-27-11--15--10 Colour Conversion Completed
INFO:root:2021-07-27-11--15--11 Sleep Check Completed
INFO:root:2021-07-27-11--15--11 Frame manipulations completed
INFO:root:2021-07-27-11--15--11 Bounding Box Drawn
INFO:root:2021-07-27-11--15--11 MovingFrameQueue Appended
INFO:root:2021-07-27-11--15--11 anomallyFrameTracker resetted to 200
INFO:root:2021-07-27-11--15--11 Colour Conversion Completed
INFO:root:2021-07-27-11--15--11 Sleep Check Completed
INFO:root:2021-07-27-11--15--11 Frame manipulations completed
INFO:root:2021-07-27-11--15--11 Bounding Box Drawn
INFO:root:2021-07-27-11--15--11 MovingFrameQueue Appended
INFO:root:2021-07-27-11--15--11 anomallyFrameTracker resetted to 200
INFO:root:2021-07-27-11--15--11 Colour Conversion Completed
INFO:root:2021-07-27-11--15--11 Sleep Check Completed
INFO:root:2021-07-27-11--15--11 Frame manipulations completed
INFO:root:2021-07-27-11--15--11 Bounding Box Drawn
INFO:root:2021-07-27-11--15--11 MovingFrameQueue Appended
INFO:root:2021-07-27-11--15--11 anomallyFrameTracker resetted to 200
INFO:root:2021-07-27-11--15--11 Colour Conversion Completed
INFO:root:2021-07-27-11--15--11 Sleep Check Completed
INFO:root:2021-07-27-11--15--11 Frame manipulations completed
INFO:root:2021-07-27-11--15--11 Bounding Box Drawn
INFO:root:2021-07-27-11--15--11 MovingFrameQueue Popped
INFO:root:2021-07-27-11--15--11 anomallyFrameTracker resetted to 200
INFO:root:2021-07-27-11--15--11 Colour Conversion Completed
INFO:root:2021-07-27-11--15--11 Sleep Check Completed
INFO:root:2021-07-27-11--15--11 Frame manipulations completed
INFO:root:2021-07-27-11--15--11 Bounding Box Drawn
INFO:root:2021-07-27-11--15--11 MovingFrameQueue Appended
INFO:root:2021-07-27-11--15--11 anomallyFrameTracker resetted to 200
INFO:root:2021-07-27-11--15--11 Colour Conversion Completed
INFO:root:2021-07-27-11--15--11 Sleep Check Completed
INFO:root:2021-07-27-11--15--11 Frame manipulations completed
INFO:root:2021-07-27-11--15--11 Bounding Box Drawn
INFO:root:2021-07-27-11--15--11 MovingFrameQueue Popped
INFO:root:2021-07-27-11--15--11 anomallyFrameTracker resetted to 200
INFO:root:2021-07-27-11--15--11 Colour Conversion Completed
INFO:root:2021-07-27-11--15--11 Sleep Check Completed
INFO:root:2021-07-27-11--15--11 Frame manipulations completed
INFO:root:2021-07-27-11--15--11 Bounding Box Drawn
INFO:root:2021-07-27-11--15--11 MovingFrameQueue Appended
INFO:root:2021-07-27-11--15--11 anomallyFrameTracker resetted to 200
INFO:root:2021-07-27-11--15--11 Colour Conversion Completed
INFO:root:2021-07-27-11--15--11 Sleep Check Completed
INFO:root:2021-07-27-11--15--11 Frame manipulations completed
INFO:root:2021-07-27-11--15--11 Bounding Box Drawn
INFO:root:2021-07-27-11--15--11 MovingFrameQueue Popped
INFO:root:2021-07-27-11--15--11 anomallyFrameTracker resetted to 200
INFO:root:2021-07-27-11--15--11 Colour Conversion Completed
INFO:root:2021-07-27-11--15--11 Sleep Check Completed
INFO:root:2021-07-27-11--15--11 Frame manipulations completed
INFO:root:2021-07-27-11--15--11 Bounding Box Drawn
INFO:root:2021-07-27-11--15--11 MovingFrameQueue Appended
INFO:root:2021-07-27-11--15--11 anomallyFrameTracker resetted to 200
INFO:root:2021-07-27-11--15--12 Colour Conversion Completed
INFO:root:2021-07-27-11--15--12 Sleep Check Completed
INFO:root:2021-07-27-11--15--12 Frame manipulations completed
INFO:root:2021-07-27-11--15--12 Bounding Box Drawn
INFO:root:2021-07-27-11--15--12 MovingFrameQueue Popped
INFO:root:2021-07-27-11--15--12 anomallyFrameTracker resetted to 200
INFO:root:2021-07-27-11--15--12 Colour Conversion Completed
INFO:root:2021-07-27-11--15--12 Sleep Check Completed
INFO:root:2021-07-27-11--15--12 Frame manipulations completed
INFO:root:2021-07-27-11--15--12 Bounding Box Drawn
INFO:root:2021-07-27-11--15--12 MovingFrameQueue Appended
INFO:root:2021-07-27-11--15--12 anomallyFrameTracker resetted to 200
INFO:root:2021-07-27-11--15--12 Colour Conversion Completed
INFO:root:2021-07-27-11--15--12 Sleep Check Completed
INFO:root:2021-07-27-11--15--12 Frame manipulations completed
INFO:root:2021-07-27-11--15--12 Bounding Box Drawn
INFO:root:2021-07-27-11--15--12 MovingFrameQueue Popped
INFO:root:2021-07-27-11--15--12 anomallyFrameTracker resetted to 200
INFO:root:2021-07-27-11--15--12 Colour Conversion Completed
INFO:root:2021-07-27-11--15--12 Sleep Check Completed
INFO:root:2021-07-27-11--15--12 Frame manipulations completed
INFO:root:2021-07-27-11--15--12 Bounding Box Drawn
INFO:root:2021-07-27-11--15--12 MovingFrameQueue Appended
INFO:root:2021-07-27-11--15--12 anomallyFrameTracker resetted to 200
INFO:root:2021-07-27-11--15--12 Colour Conversion Completed
INFO:root:2021-07-27-11--15--12 Sleep Check Completed
INFO:root:2021-07-27-11--15--12 Frame manipulations completed
INFO:root:2021-07-27-11--15--12 Bounding Box Drawn
INFO:root:2021-07-27-11--15--12 MovingFrameQueue Popped
INFO:root:2021-07-27-11--15--12 anomallyFrameTracker resetted to 200
INFO:root:2021-07-27-11--15--12 Colour Conversion Completed
INFO:root:2021-07-27-11--15--12 Sleep Check Completed
INFO:root:2021-07-27-11--15--12 Frame manipulations completed
INFO:root:2021-07-27-11--15--12 Bounding Box Drawn
INFO:root:2021-07-27-11--15--12 MovingFrameQueue Appended
INFO:root:2021-07-27-11--15--12 anomallyFrameTracker resetted to 200
INFO:root:2021-07-27-11--15--12 Colour Conversion Completed
INFO:root:2021-07-27-11--15--12 Sleep Check Completed
INFO:root:2021-07-27-11--15--12 Frame manipulations completed
INFO:root:2021-07-27-11--15--12 Bounding Box Drawn
INFO:root:2021-07-27-11--15--12 MovingFrameQueue Popped
INFO:root:2021-07-27-11--15--12 anomallyFrameTracker resetted to 200
INFO:root:2021-07-27-11--15--12 Colour Conversion Completed
INFO:root:2021-07-27-11--15--12 Sleep Check Completed
INFO:root:2021-07-27-11--15--12 Frame manipulations completed
INFO:root:2021-07-27-11--15--12 Bounding Box Drawn
INFO:root:2021-07-27-11--15--12 MovingFrameQueue Appended
INFO:root:2021-07-27-11--15--12 anomallyFrameTracker resetted to 200
INFO:root:2021-07-27-11--15--12 Colour Conversion Completed
INFO:root:2021-07-27-11--15--12 Sleep Check Completed
INFO:root:2021-07-27-11--15--12 Frame manipulations completed
INFO:root:2021-07-27-11--15--12 Bounding Box Drawn
INFO:root:2021-07-27-11--15--12 MovingFrameQueue Popped
INFO:root:2021-07-27-11--15--12 anomallyFrameTracker resetted to 200
INFO:root:2021-07-27-11--15--13 Colour Conversion Completed
INFO:root:2021-07-27-11--15--13 Sleep Check Completed
INFO:root:2021-07-27-11--15--13 Frame manipulations completed
INFO:root:2021-07-27-11--15--13 Bounding Box Drawn
INFO:root:2021-07-27-11--15--13 MovingFrameQueue Appended
INFO:root:2021-07-27-11--15--13 anomallyFrameTracker resetted to 200
INFO:root:2021-07-27-11--15--13 Colour Conversion Completed
INFO:root:2021-07-27-11--15--13 Sleep Check Completed
INFO:root:2021-07-27-11--15--13 Frame manipulations completed
INFO:root:2021-07-27-11--15--13 Bounding Box Drawn
INFO:root:2021-07-27-11--15--13 MovingFrameQueue Popped
INFO:root:2021-07-27-11--15--13 anomallyFrameTracker resetted to 200
INFO:root:2021-07-27-11--15--13 Colour Conversion Completed
INFO:root:2021-07-27-11--15--13 Sleep Check Completed
INFO:root:2021-07-27-11--15--13 Frame manipulations completed
INFO:root:2021-07-27-11--15--13 Bounding Box Drawn
INFO:root:2021-07-27-11--15--13 MovingFrameQueue Appended
INFO:root:2021-07-27-11--15--13 anomallyFrameTracker resetted to 200
INFO:root:2021-07-27-11--15--13 Colour Conversion Completed
INFO:root:2021-07-27-11--15--13 Sleep Check Completed
INFO:root:2021-07-27-11--15--13 Frame manipulations completed
INFO:root:2021-07-27-11--15--13 Bounding Box Drawn
INFO:root:2021-07-27-11--15--13 MovingFrameQueue Popped
INFO:root:2021-07-27-11--15--13 anomallyFrameTracker resetted to 200
INFO:root:2021-07-27-11--15--13 Colour Conversion Completed
INFO:root:2021-07-27-11--15--13 Sleep Check Completed
INFO:root:2021-07-27-11--15--13 Frame manipulations completed
INFO:root:2021-07-27-11--15--13 Bounding Box Drawn
INFO:root:2021-07-27-11--15--13 MovingFrameQueue Appended
INFO:root:2021-07-27-11--15--13 anomallyFrameTracker resetted to 200
INFO:root:2021-07-27-11--15--13 Colour Conversion Completed
INFO:root:2021-07-27-11--15--13 Sleep Check Completed
INFO:root:2021-07-27-11--15--13 Frame manipulations completed
INFO:root:2021-07-27-11--15--13 Bounding Box Drawn
INFO:root:2021-07-27-11--15--13 MovingFrameQueue Popped
INFO:root:2021-07-27-11--15--13 anomallyFrameTracker resetted to 200
INFO:root:2021-07-27-11--15--13 Colour Conversion Completed
INFO:root:2021-07-27-11--15--13 Sleep Check Completed
INFO:root:2021-07-27-11--15--13 Frame manipulations completed
INFO:root:2021-07-27-11--15--13 Bounding Box Drawn
INFO:root:2021-07-27-11--15--13 MovingFrameQueue Appended
INFO:root:2021-07-27-11--15--13 anomallyFrameTracker resetted to 200
INFO:root:2021-07-27-11--15--13 Colour Conversion Completed
INFO:root:2021-07-27-11--15--13 Sleep Check Completed
INFO:root:2021-07-27-11--15--13 Frame manipulations completed
INFO:root:2021-07-27-11--15--13 Bounding Box Drawn
INFO:root:2021-07-27-11--15--13 MovingFrameQueue Popped
INFO:root:2021-07-27-11--15--13 anomallyFrameTracker resetted to 200
INFO:root:2021-07-27-11--15--13 Colour Conversion Completed
INFO:root:2021-07-27-11--15--13 Sleep Check Completed
INFO:root:2021-07-27-11--15--13 Frame manipulations completed
INFO:root:2021-07-27-11--15--13 Bounding Box Drawn
INFO:root:2021-07-27-11--15--13 MovingFrameQueue Appended
INFO:root:2021-07-27-11--15--13 anomallyFrameTracker resetted to 200
INFO:root:2021-07-27-11--15--14 Colour Conversion Completed
INFO:root:2021-07-27-11--15--14 Sleep Check Completed
INFO:root:2021-07-27-11--15--14 Frame manipulations completed
INFO:root:2021-07-27-11--15--14 Bounding Box Drawn
INFO:root:2021-07-27-11--15--14 MovingFrameQueue Popped
INFO:root:2021-07-27-11--15--14 anomallyFrameTracker resetted to 200
INFO:root:2021-07-27-11--15--14 Colour Conversion Completed
INFO:root:2021-07-27-11--15--14 Sleep Check Completed
INFO:root:2021-07-27-11--15--14 Frame manipulations completed
INFO:root:2021-07-27-11--15--14 Bounding Box Drawn
INFO:root:2021-07-27-11--15--14 MovingFrameQueue Appended
INFO:root:2021-07-27-11--15--14 anomallyFrameTracker resetted to 200
INFO:root:2021-07-27-11--15--14 Colour Conversion Completed
INFO:root:2021-07-27-11--15--14 Sleep Check Completed
INFO:root:2021-07-27-11--15--14 Frame manipulations completed
INFO:root:2021-07-27-11--15--14 Bounding Box Drawn
INFO:root:2021-07-27-11--15--14 MovingFrameQueue Popped
INFO:root:2021-07-27-11--15--14 anomallyFrameTracker resetted to 200
INFO:root:2021-07-27-11--15--14 Colour Conversion Completed
INFO:root:2021-07-27-11--15--14 Sleep Check Completed
INFO:root:2021-07-27-11--15--14 Frame manipulations completed
INFO:root:2021-07-27-11--15--14 Bounding Box Drawn
INFO:root:2021-07-27-11--15--14 MovingFrameQueue Appended
INFO:root:2021-07-27-11--15--14 anomallyFrameTracker resetted to 200
INFO:root:2021-07-27-11--15--14 Colour Conversion Completed
INFO:root:2021-07-27-11--15--14 Sleep Check Completed
INFO:root:2021-07-27-11--15--14 Frame manipulations completed
INFO:root:2021-07-27-11--15--14 Bounding Box Drawn
INFO:root:2021-07-27-11--15--14 MovingFrameQueue Popped
INFO:root:2021-07-27-11--15--14 anomallyFrameTracker resetted to 200
INFO:root:2021-07-27-11--15--14 Colour Conversion Completed
INFO:root:2021-07-27-11--15--14 Sleep Check Completed
INFO:root:2021-07-27-11--15--14 Frame manipulations completed
INFO:root:2021-07-27-11--15--14 Bounding Box Drawn
INFO:root:2021-07-27-11--15--14 MovingFrameQueue Appended
INFO:root:2021-07-27-11--15--14 anomallyFrameTracker resetted to 200
INFO:root:2021-07-27-11--15--14 Colour Conversion Completed
INFO:root:2021-07-27-11--15--14 Sleep Check Completed
INFO:root:2021-07-27-11--15--14 Frame manipulations completed
INFO:root:2021-07-27-11--15--14 Bounding Box Drawn
INFO:root:2021-07-27-11--15--14 MovingFrameQueue Popped
INFO:root:2021-07-27-11--15--14 anomallyFrameTracker resetted to 200
INFO:root:2021-07-27-11--15--14 Colour Conversion Completed
INFO:root:2021-07-27-11--15--14 Sleep Check Completed
INFO:root:2021-07-27-11--15--14 Frame manipulations completed
INFO:root:2021-07-27-11--15--14 Bounding Box Drawn
INFO:root:2021-07-27-11--15--14 MovingFrameQueue Appended
INFO:root:2021-07-27-11--15--14 anomallyFrameTracker resetted to 200
INFO:root:2021-07-27-11--15--14 Colour Conversion Completed
INFO:root:2021-07-27-11--15--15 Sleep Check Completed
INFO:root:2021-07-27-11--15--15 Frame manipulations completed
INFO:root:2021-07-27-11--15--15 Bounding Box Drawn
INFO:root:2021-07-27-11--15--15 MovingFrameQueue Popped
INFO:root:2021-07-27-11--15--15 anomallyFrameTracker resetted to 200
INFO:root:2021-07-27-11--15--15 Colour Conversion Completed
INFO:root:2021-07-27-11--15--15 Sleep Check Completed
INFO:root:2021-07-27-11--15--15 Frame manipulations completed
INFO:root:2021-07-27-11--15--15 Bounding Box Drawn
INFO:root:2021-07-27-11--15--15 MovingFrameQueue Appended
INFO:root:2021-07-27-11--15--15 anomallyFrameTracker resetted to 200
INFO:root:2021-07-27-11--15--15 Colour Conversion Completed
INFO:root:2021-07-27-11--15--15 Sleep Check Completed
INFO:root:2021-07-27-11--15--15 Frame manipulations completed
INFO:root:2021-07-27-11--15--15 Bounding Box Drawn
INFO:root:2021-07-27-11--15--15 MovingFrameQueue Popped
INFO:root:2021-07-27-11--15--15 anomallyFrameTracker resetted to 200
INFO:root:2021-07-27-11--15--15 Colour Conversion Completed
INFO:root:2021-07-27-11--15--15 Sleep Check Completed
INFO:root:2021-07-27-11--15--15 Frame manipulations completed
INFO:root:2021-07-27-11--15--15 Bounding Box Drawn
INFO:root:2021-07-27-11--15--15 MovingFrameQueue Appended
INFO:root:2021-07-27-11--15--15 anomallyFrameTracker resetted to 200
INFO:root:2021-07-27-11--15--15 Colour Conversion Completed
INFO:root:2021-07-27-11--15--15 Sleep Check Completed
INFO:root:2021-07-27-11--15--15 Frame manipulations completed
INFO:root:2021-07-27-11--15--15 Bounding Box Drawn
INFO:root:2021-07-27-11--15--15 MovingFrameQueue Popped
INFO:root:2021-07-27-11--15--15 anomallyFrameTracker resetted to 200
INFO:root:2021-07-27-11--15--15 Colour Conversion Completed
INFO:root:2021-07-27-11--15--15 Sleep Check Completed
INFO:root:2021-07-27-11--15--15 Frame manipulations completed
INFO:root:2021-07-27-11--15--15 Bounding Box Drawn
INFO:root:2021-07-27-11--15--15 MovingFrameQueue Appended
INFO:root:2021-07-27-11--15--15 anomallyFrameTracker resetted to 200
INFO:root:2021-07-27-11--15--15 Colour Conversion Completed
INFO:root:2021-07-27-11--15--15 Sleep Check Completed
INFO:root:2021-07-27-11--15--15 Frame manipulations completed
INFO:root:2021-07-27-11--15--15 Bounding Box Drawn
INFO:root:2021-07-27-11--15--15 MovingFrameQueue Popped
INFO:root:2021-07-27-11--15--15 anomallyFrameTracker resetted to 200
INFO:root:2021-07-27-11--15--15 Colour Conversion Completed
INFO:root:2021-07-27-11--15--15 Sleep Check Completed
INFO:root:2021-07-27-11--15--15 Frame manipulations completed
INFO:root:2021-07-27-11--15--15 Bounding Box Drawn
INFO:root:2021-07-27-11--15--15 MovingFrameQueue Appended
INFO:root:2021-07-27-11--15--15 anomallyFrameTracker resetted to 200
INFO:root:2021-07-27-11--15--15 Colour Conversion Completed
INFO:root:2021-07-27-11--15--15 Sleep Check Completed
INFO:root:2021-07-27-11--15--15 Frame manipulations completed
INFO:root:2021-07-27-11--15--15 Bounding Box Drawn
INFO:root:2021-07-27-11--15--15 MovingFrameQueue Popped
INFO:root:2021-07-27-11--15--15 anomallyFrameTracker resetted to 200
INFO:root:2021-07-27-11--15--16 Colour Conversion Completed
INFO:root:2021-07-27-11--15--16 Sleep Check Completed
INFO:root:2021-07-27-11--15--16 Frame manipulations completed
INFO:root:2021-07-27-11--15--16 Bounding Box Drawn
INFO:root:2021-07-27-11--15--16 MovingFrameQueue Appended
INFO:root:2021-07-27-11--15--16 anomallyFrameTracker resetted to 200
INFO:root:2021-07-27-11--15--16 Colour Conversion Completed
INFO:root:2021-07-27-11--15--16 Sleep Check Completed
INFO:root:2021-07-27-11--15--16 Frame manipulations completed
INFO:root:2021-07-27-11--15--16 Bounding Box Drawn
INFO:root:2021-07-27-11--15--16 MovingFrameQueue Popped
INFO:root:2021-07-27-11--15--16 anomallyFrameTracker resetted to 200
INFO:root:2021-07-27-11--15--16 Colour Conversion Completed
INFO:root:2021-07-27-11--15--16 Sleep Check Completed
INFO:root:2021-07-27-11--15--16 Frame manipulations completed
INFO:root:2021-07-27-11--15--16 Bounding Box Drawn
INFO:root:2021-07-27-11--15--16 MovingFrameQueue Appended
INFO:root:2021-07-27-11--15--16 anomallyFrameTracker resetted to 200
INFO:root:2021-07-27-11--15--16 Colour Conversion Completed
INFO:root:2021-07-27-11--15--16 Sleep Check Completed
INFO:root:2021-07-27-11--15--16 Frame manipulations completed
INFO:root:2021-07-27-11--15--16 Bounding Box Drawn
INFO:root:2021-07-27-11--15--16 MovingFrameQueue Popped
INFO:root:2021-07-27-11--15--16 anomallyFrameTracker resetted to 200
INFO:root:2021-07-27-11--15--16 Colour Conversion Completed
INFO:root:2021-07-27-11--15--16 Sleep Check Completed
INFO:root:2021-07-27-11--15--16 Frame manipulations completed
INFO:root:2021-07-27-11--15--16 Bounding Box Drawn
INFO:root:2021-07-27-11--15--16 MovingFrameQueue Appended
INFO:root:2021-07-27-11--15--16 anomallyFrameTracker resetted to 200
INFO:root:2021-07-27-11--15--16 Colour Conversion Completed
INFO:root:2021-07-27-11--15--16 Sleep Check Completed
INFO:root:2021-07-27-11--15--16 Frame manipulations completed
INFO:root:2021-07-27-11--15--16 Bounding Box Drawn
INFO:root:2021-07-27-11--15--16 MovingFrameQueue Popped
INFO:root:2021-07-27-11--15--16 anomallyFrameTracker resetted to 200
INFO:root:2021-07-27-11--15--16 Colour Conversion Completed
INFO:root:2021-07-27-11--15--16 Sleep Check Completed
INFO:root:2021-07-27-11--15--16 Frame manipulations completed
INFO:root:2021-07-27-11--15--16 Bounding Box Drawn
INFO:root:2021-07-27-11--15--16 MovingFrameQueue Appended
INFO:root:2021-07-27-11--15--16 anomallyFrameTracker resetted to 200
INFO:root:2021-07-27-11--15--16 Colour Conversion Completed
INFO:root:2021-07-27-11--15--16 Sleep Check Completed
INFO:root:2021-07-27-11--15--16 Frame manipulations completed
INFO:root:2021-07-27-11--15--16 Bounding Box Drawn
INFO:root:2021-07-27-11--15--16 MovingFrameQueue Popped
INFO:root:2021-07-27-11--15--16 anomallyFrameTracker resetted to 200
INFO:root:2021-07-27-11--15--16 Colour Conversion Completed
INFO:root:2021-07-27-11--15--16 Sleep Check Completed
INFO:root:2021-07-27-11--15--16 Frame manipulations completed
INFO:root:2021-07-27-11--15--16 Bounding Box Drawn
INFO:root:2021-07-27-11--15--16 MovingFrameQueue Appended
INFO:root:2021-07-27-11--15--16 anomallyFrameTracker resetted to 200
INFO:root:2021-07-27-11--15--17 Colour Conversion Completed
INFO:root:2021-07-27-11--15--17 Sleep Check Completed
INFO:root:2021-07-27-11--15--17 Frame manipulations completed
INFO:root:2021-07-27-11--15--17 Bounding Box Drawn
INFO:root:2021-07-27-11--15--17 MovingFrameQueue Popped
INFO:root:2021-07-27-11--15--17 anomallyFrameTracker resetted to 200
INFO:root:2021-07-27-11--15--17 Colour Conversion Completed
INFO:root:2021-07-27-11--15--17 Sleep Check Completed
INFO:root:2021-07-27-11--15--17 Frame manipulations completed
INFO:root:2021-07-27-11--15--17 Bounding Box Drawn
INFO:root:2021-07-27-11--15--17 MovingFrameQueue Appended
INFO:root:2021-07-27-11--15--17 anomallyFrameTracker resetted to 200
INFO:root:2021-07-27-11--15--17 Colour Conversion Completed
INFO:root:2021-07-27-11--15--17 Sleep Check Completed
INFO:root:2021-07-27-11--15--17 Frame manipulations completed
INFO:root:2021-07-27-11--15--17 Bounding Box Drawn
INFO:root:2021-07-27-11--15--17 MovingFrameQueue Popped
INFO:root:2021-07-27-11--15--17 anomallyFrameTracker resetted to 200
INFO:root:2021-07-27-11--15--17 Colour Conversion Completed
INFO:root:2021-07-27-11--15--17 Sleep Check Completed
INFO:root:2021-07-27-11--15--17 Frame manipulations completed
INFO:root:2021-07-27-11--15--17 Bounding Box Drawn
INFO:root:2021-07-27-11--15--17 MovingFrameQueue Appended
INFO:root:2021-07-27-11--15--17 anomallyFrameTracker resetted to 200
INFO:root:2021-07-27-11--15--17 Colour Conversion Completed
INFO:root:2021-07-27-11--15--17 Sleep Check Completed
INFO:root:2021-07-27-11--15--17 Frame manipulations completed
INFO:root:2021-07-27-11--15--17 Bounding Box Drawn
INFO:root:2021-07-27-11--15--17 MovingFrameQueue Popped
INFO:root:2021-07-27-11--15--17 anomallyFrameTracker resetted to 200
INFO:root:2021-07-27-11--15--17 Colour Conversion Completed
INFO:root:2021-07-27-11--15--17 Sleep Check Completed
INFO:root:2021-07-27-11--15--17 Frame manipulations completed
INFO:root:2021-07-27-11--15--17 Bounding Box Drawn
INFO:root:2021-07-27-11--15--17 MovingFrameQueue Appended
INFO:root:2021-07-27-11--15--17 anomallyFrameTracker resetted to 200
INFO:root:2021-07-27-11--15--17 Colour Conversion Completed
INFO:root:2021-07-27-11--15--17 Sleep Check Completed
INFO:root:2021-07-27-11--15--17 Frame manipulations completed
INFO:root:2021-07-27-11--15--17 Bounding Box Drawn
INFO:root:2021-07-27-11--15--17 MovingFrameQueue Popped
INFO:root:2021-07-27-11--15--17 anomallyFrameTracker resetted to 200
INFO:root:2021-07-27-11--15--17 Colour Conversion Completed
INFO:root:2021-07-27-11--15--17 Sleep Check Completed
INFO:root:2021-07-27-11--15--17 Frame manipulations completed
INFO:root:2021-07-27-11--15--17 Bounding Box Drawn
INFO:root:2021-07-27-11--15--17 MovingFrameQueue Appended
INFO:root:2021-07-27-11--15--17 anomallyFrameTracker resetted to 200
INFO:root:2021-07-27-11--15--17 Colour Conversion Completed
INFO:root:2021-07-27-11--15--17 Sleep Check Completed
INFO:root:2021-07-27-11--15--17 Frame manipulations completed
INFO:root:2021-07-27-11--15--17 Bounding Box Drawn
INFO:root:2021-07-27-11--15--17 MovingFrameQueue Popped
INFO:root:2021-07-27-11--15--17 anomallyFrameTracker resetted to 200
INFO:root:2021-07-27-11--15--18 Colour Conversion Completed
INFO:root:2021-07-27-11--15--18 Sleep Check Completed
INFO:root:2021-07-27-11--15--18 Frame manipulations completed
INFO:root:2021-07-27-11--15--18 Bounding Box Drawn
INFO:root:2021-07-27-11--15--18 MovingFrameQueue Appended
INFO:root:2021-07-27-11--15--18 anomallyFrameTracker resetted to 200
INFO:root:2021-07-27-11--15--18 Colour Conversion Completed
INFO:root:2021-07-27-11--15--18 Sleep Check Completed
INFO:root:2021-07-27-11--15--18 Frame manipulations completed
INFO:root:2021-07-27-11--15--18 Bounding Box Drawn
INFO:root:2021-07-27-11--15--18 MovingFrameQueue Popped
INFO:root:2021-07-27-11--15--18 anomallyFrameTracker resetted to 200
INFO:root:2021-07-27-11--15--18 Colour Conversion Completed
INFO:root:2021-07-27-11--15--18 Sleep Check Completed
INFO:root:2021-07-27-11--15--18 Frame manipulations completed
INFO:root:2021-07-27-11--15--18 Bounding Box Drawn
INFO:root:2021-07-27-11--15--18 MovingFrameQueue Appended
INFO:root:2021-07-27-11--15--18 anomallyFrameTracker resetted to 200
INFO:root:2021-07-27-11--15--18 Colour Conversion Completed
INFO:root:2021-07-27-11--15--18 Sleep Check Completed
INFO:root:2021-07-27-11--15--18 Frame manipulations completed
INFO:root:2021-07-27-11--15--18 Bounding Box Drawn
INFO:root:2021-07-27-11--15--18 MovingFrameQueue Popped
INFO:root:2021-07-27-11--15--18 anomallyFrameTracker resetted to 200
INFO:root:2021-07-27-11--15--18 Colour Conversion Completed
INFO:root:2021-07-27-11--15--18 Sleep Check Completed
INFO:root:2021-07-27-11--15--18 Frame manipulations completed
INFO:root:2021-07-27-11--15--18 Bounding Box Drawn
INFO:root:2021-07-27-11--15--18 MovingFrameQueue Appended
INFO:root:2021-07-27-11--15--18 anomallyFrameTracker resetted to 200
INFO:root:2021-07-27-11--15--18 Colour Conversion Completed
INFO:root:2021-07-27-11--15--18 Sleep Check Completed
INFO:root:2021-07-27-11--15--18 Frame manipulations completed
INFO:root:2021-07-27-11--15--18 Bounding Box Drawn
INFO:root:2021-07-27-11--15--18 MovingFrameQueue Popped
INFO:root:2021-07-27-11--15--18 anomallyFrameTracker resetted to 200
INFO:root:2021-07-27-11--15--18 Colour Conversion Completed
INFO:root:2021-07-27-11--15--18 Sleep Check Completed
INFO:root:2021-07-27-11--15--18 Frame manipulations completed
INFO:root:2021-07-27-11--15--18 Bounding Box Drawn
INFO:root:2021-07-27-11--15--18 MovingFrameQueue Appended
INFO:root:2021-07-27-11--15--18 anomallyFrameTracker resetted to 200
INFO:root:2021-07-27-11--15--18 Colour Conversion Completed
INFO:root:2021-07-27-11--15--18 Sleep Check Completed
INFO:root:2021-07-27-11--15--18 Frame manipulations completed
INFO:root:2021-07-27-11--15--18 Bounding Box Drawn
INFO:root:2021-07-27-11--15--18 MovingFrameQueue Popped
INFO:root:2021-07-27-11--15--18 anomallyFrameTracker resetted to 200
INFO:root:2021-07-27-11--15--18 Colour Conversion Completed
INFO:root:2021-07-27-11--15--18 Sleep Check Completed
INFO:root:2021-07-27-11--15--18 Frame manipulations completed
INFO:root:2021-07-27-11--15--18 Bounding Box Drawn
INFO:root:2021-07-27-11--15--18 MovingFrameQueue Appended
INFO:root:2021-07-27-11--15--18 anomallyFrameTracker resetted to 200
INFO:root:2021-07-27-11--15--19 Colour Conversion Completed
INFO:root:2021-07-27-11--15--19 Sleep Check Completed
INFO:root:2021-07-27-11--15--19 Frame manipulations completed
INFO:root:2021-07-27-11--15--19 Bounding Box Drawn
INFO:root:2021-07-27-11--15--19 MovingFrameQueue Popped
INFO:root:2021-07-27-11--15--19 anomallyFrameTracker resetted to 200
INFO:root:2021-07-27-11--15--19 Colour Conversion Completed
INFO:root:2021-07-27-11--15--19 Sleep Check Completed
INFO:root:2021-07-27-11--15--19 Frame manipulations completed
INFO:root:2021-07-27-11--15--19 Bounding Box Drawn
INFO:root:2021-07-27-11--15--19 MovingFrameQueue Appended
INFO:root:2021-07-27-11--15--19 anomallyFrameTracker resetted to 200
INFO:root:2021-07-27-11--15--19 Colour Conversion Completed
INFO:root:2021-07-27-11--15--19 Sleep Check Completed
INFO:root:2021-07-27-11--15--19 Frame manipulations completed
INFO:root:2021-07-27-11--15--19 Bounding Box Drawn
INFO:root:2021-07-27-11--15--19 MovingFrameQueue Popped
INFO:root:2021-07-27-11--15--19 anomallyFrameTracker resetted to 200
INFO:root:2021-07-27-11--15--19 Colour Conversion Completed
INFO:root:2021-07-27-11--15--19 Sleep Check Completed
INFO:root:2021-07-27-11--15--19 Frame manipulations completed
INFO:root:2021-07-27-11--15--19 Bounding Box Drawn
INFO:root:2021-07-27-11--15--19 MovingFrameQueue Appended
INFO:root:2021-07-27-11--15--19 anomallyFrameTracker resetted to 200
INFO:root:2021-07-27-11--15--19 Colour Conversion Completed
INFO:root:2021-07-27-11--15--19 Sleep Check Completed
INFO:root:2021-07-27-11--15--19 Frame manipulations completed
INFO:root:2021-07-27-11--15--19 Bounding Box Drawn
INFO:root:2021-07-27-11--15--19 MovingFrameQueue Popped
INFO:root:2021-07-27-11--15--19 anomallyFrameTracker resetted to 200
INFO:root:2021-07-27-11--15--19 Colour Conversion Completed
INFO:root:2021-07-27-11--15--19 Sleep Check Completed
INFO:root:2021-07-27-11--15--19 Frame manipulations completed
INFO:root:2021-07-27-11--15--19 Bounding Box Drawn
INFO:root:2021-07-27-11--15--19 MovingFrameQueue Appended
INFO:root:2021-07-27-11--15--19 anomallyFrameTracker resetted to 200
INFO:root:2021-07-27-11--15--19 Colour Conversion Completed
INFO:root:2021-07-27-11--15--19 Sleep Check Completed
INFO:root:2021-07-27-11--15--19 Frame manipulations completed
INFO:root:2021-07-27-11--15--19 Bounding Box Drawn
INFO:root:2021-07-27-11--15--19 MovingFrameQueue Popped
INFO:root:2021-07-27-11--15--19 anomallyFrameTracker resetted to 200
INFO:root:2021-07-27-11--15--19 Colour Conversion Completed
INFO:root:2021-07-27-11--15--19 Sleep Check Completed
INFO:root:2021-07-27-11--15--19 Frame manipulations completed
INFO:root:2021-07-27-11--15--19 Bounding Box Drawn
INFO:root:2021-07-27-11--15--19 MovingFrameQueue Appended
INFO:root:2021-07-27-11--15--19 anomallyFrameTracker resetted to 200
INFO:root:2021-07-27-11--15--19 Colour Conversion Completed
INFO:root:2021-07-27-11--15--19 Sleep Check Completed
INFO:root:2021-07-27-11--15--19 Frame manipulations completed
INFO:root:2021-07-27-11--15--19 Bounding Box Drawn
INFO:root:2021-07-27-11--15--19 MovingFrameQueue Popped
INFO:root:2021-07-27-11--15--19 anomallyFrameTracker resetted to 200
INFO:root:2021-07-27-11--15--20 Colour Conversion Completed
INFO:root:2021-07-27-11--15--20 Sleep Check Completed
INFO:root:2021-07-27-11--15--20 Frame manipulations completed
INFO:root:2021-07-27-11--15--20 Bounding Box Drawn
INFO:root:2021-07-27-11--15--20 MovingFrameQueue Appended
INFO:root:2021-07-27-11--15--20 anomallyFrameTracker resetted to 200
INFO:root:2021-07-27-11--15--20 Colour Conversion Completed
INFO:root:2021-07-27-11--15--20 Sleep Check Completed
INFO:root:2021-07-27-11--15--20 Frame manipulations completed
INFO:root:2021-07-27-11--15--20 Bounding Box Drawn
INFO:root:2021-07-27-11--15--20 MovingFrameQueue Popped
INFO:root:2021-07-27-11--15--20 anomallyFrameTracker resetted to 200
INFO:root:2021-07-27-11--15--20 Colour Conversion Completed
INFO:root:2021-07-27-11--15--20 Sleep Check Completed
INFO:root:2021-07-27-11--15--20 Frame manipulations completed
INFO:root:2021-07-27-11--15--20 Bounding Box Drawn
INFO:root:2021-07-27-11--15--20 MovingFrameQueue Appended
INFO:root:2021-07-27-11--15--20 anomallyFrameTracker resetted to 200
INFO:root:2021-07-27-11--15--20 Colour Conversion Completed
INFO:root:2021-07-27-11--15--20 Sleep Check Completed
INFO:root:2021-07-27-11--15--20 Frame manipulations completed
INFO:root:2021-07-27-11--15--20 Bounding Box Drawn
INFO:root:2021-07-27-11--15--20 MovingFrameQueue Popped
INFO:root:2021-07-27-11--15--20 anomallyFrameTracker resetted to 200
INFO:root:2021-07-27-11--15--20 Colour Conversion Completed
INFO:root:2021-07-27-11--15--20 Sleep Check Completed
INFO:root:2021-07-27-11--15--20 Frame manipulations completed
INFO:root:2021-07-27-11--15--20 Bounding Box Drawn
INFO:root:2021-07-27-11--15--20 MovingFrameQueue Appended
INFO:root:2021-07-27-11--15--20 anomallyFrameTracker resetted to 200
INFO:root:2021-07-27-11--15--20 Colour Conversion Completed
INFO:root:2021-07-27-11--15--20 Sleep Check Completed
INFO:root:2021-07-27-11--15--20 Frame manipulations completed
INFO:root:2021-07-27-11--15--20 Bounding Box Drawn
INFO:root:2021-07-27-11--15--20 MovingFrameQueue Popped
INFO:root:2021-07-27-11--15--20 anomallyFrameTracker resetted to 200
INFO:root:2021-07-27-11--15--20 Colour Conversion Completed
INFO:root:2021-07-27-11--15--20 Sleep Check Completed
INFO:root:2021-07-27-11--15--20 Frame manipulations completed
INFO:root:2021-07-27-11--15--20 Bounding Box Drawn
INFO:root:2021-07-27-11--15--20 MovingFrameQueue Appended
INFO:root:2021-07-27-11--15--20 anomallyFrameTracker resetted to 200
INFO:root:2021-07-27-11--15--20 Colour Conversion Completed
INFO:root:2021-07-27-11--15--20 Sleep Check Completed
INFO:root:2021-07-27-11--15--20 Frame manipulations completed
INFO:root:2021-07-27-11--15--20 Bounding Box Drawn
INFO:root:2021-07-27-11--15--20 MovingFrameQueue Popped
INFO:root:2021-07-27-11--15--20 anomallyFrameTracker resetted to 200
INFO:root:2021-07-27-11--15--21 Colour Conversion Completed
INFO:root:2021-07-27-11--15--21 Sleep Check Completed
INFO:root:2021-07-27-11--15--21 Frame manipulations completed
INFO:root:2021-07-27-11--15--21 Bounding Box Drawn
INFO:root:2021-07-27-11--15--21 MovingFrameQueue Appended
INFO:root:2021-07-27-11--15--21 anomallyFrameTracker resetted to 200
INFO:root:2021-07-27-11--15--21 Colour Conversion Completed
INFO:root:2021-07-27-11--15--21 Sleep Check Completed
INFO:root:2021-07-27-11--15--21 Frame manipulations completed
INFO:root:2021-07-27-11--15--21 Bounding Box Drawn
INFO:root:2021-07-27-11--15--21 MovingFrameQueue Popped
INFO:root:2021-07-27-11--15--21 anomallyFrameTracker resetted to 200
INFO:root:2021-07-27-11--15--21 Colour Conversion Completed
INFO:root:2021-07-27-11--15--21 Sleep Check Completed
INFO:root:2021-07-27-11--15--21 Frame manipulations completed
INFO:root:2021-07-27-11--15--21 Bounding Box Drawn
INFO:root:2021-07-27-11--15--21 MovingFrameQueue Appended
INFO:root:2021-07-27-11--15--21 anomallyFrameTracker resetted to 200
INFO:root:2021-07-27-11--15--21 Colour Conversion Completed
INFO:root:2021-07-27-11--15--21 Sleep Check Completed
INFO:root:2021-07-27-11--15--21 Frame manipulations completed
INFO:root:2021-07-27-11--15--21 Bounding Box Drawn
INFO:root:2021-07-27-11--15--21 MovingFrameQueue Popped
INFO:root:2021-07-27-11--15--21 anomallyFrameTracker resetted to 200
INFO:root:2021-07-27-11--15--21 Colour Conversion Completed
INFO:root:2021-07-27-11--15--21 Sleep Check Completed
INFO:root:2021-07-27-11--15--21 Frame manipulations completed
INFO:root:2021-07-27-11--15--21 Bounding Box Drawn
INFO:root:2021-07-27-11--15--21 MovingFrameQueue Appended
INFO:root:2021-07-27-11--15--21 anomallyFrameTracker resetted to 200
INFO:root:2021-07-27-11--15--21 Colour Conversion Completed
INFO:root:2021-07-27-11--15--21 Sleep Check Completed
INFO:root:2021-07-27-11--15--21 Frame manipulations completed
INFO:root:2021-07-27-11--15--21 Bounding Box Drawn
INFO:root:2021-07-27-11--15--21 MovingFrameQueue Popped
INFO:root:2021-07-27-11--15--21 anomallyFrameTracker resetted to 200
INFO:root:2021-07-27-11--15--21 Colour Conversion Completed
INFO:root:2021-07-27-11--15--21 Sleep Check Completed
INFO:root:2021-07-27-11--15--21 Frame manipulations completed
INFO:root:2021-07-27-11--15--21 Bounding Box Drawn
INFO:root:2021-07-27-11--15--21 MovingFrameQueue Appended
INFO:root:2021-07-27-11--15--21 anomallyFrameTracker resetted to 200
INFO:root:2021-07-27-11--15--21 Colour Conversion Completed
INFO:root:2021-07-27-11--15--21 Sleep Check Completed
INFO:root:2021-07-27-11--15--21 Frame manipulations completed
INFO:root:2021-07-27-11--15--21 Bounding Box Drawn
INFO:root:2021-07-27-11--15--21 MovingFrameQueue Popped
INFO:root:2021-07-27-11--15--21 anomallyFrameTracker resetted to 200
INFO:root:2021-07-27-11--15--21 Colour Conversion Completed
INFO:root:2021-07-27-11--15--21 Sleep Check Completed
INFO:root:2021-07-27-11--15--21 Frame manipulations completed
INFO:root:2021-07-27-11--15--21 Bounding Box Drawn
INFO:root:2021-07-27-11--15--21 MovingFrameQueue Appended
INFO:root:2021-07-27-11--15--21 anomallyFrameTracker resetted to 200
INFO:root:2021-07-27-11--15--22 Colour Conversion Completed
INFO:root:2021-07-27-11--15--22 Sleep Check Completed
INFO:root:2021-07-27-11--15--22 Frame manipulations completed
INFO:root:2021-07-27-11--15--22 Bounding Box Drawn
INFO:root:2021-07-27-11--15--22 MovingFrameQueue Popped
INFO:root:2021-07-27-11--15--22 anomallyFrameTracker resetted to 200
INFO:root:2021-07-27-11--15--22 Colour Conversion Completed
INFO:root:2021-07-27-11--15--22 Sleep Check Completed
INFO:root:2021-07-27-11--15--22 Frame manipulations completed
INFO:root:2021-07-27-11--15--22 Bounding Box Drawn
INFO:root:2021-07-27-11--15--22 MovingFrameQueue Appended
INFO:root:2021-07-27-11--15--22 anomallyFrameTracker resetted to 200
INFO:root:2021-07-27-11--15--22 Colour Conversion Completed
INFO:root:2021-07-27-11--15--22 Sleep Check Completed
INFO:root:2021-07-27-11--15--22 Frame manipulations completed
INFO:root:2021-07-27-11--15--22 Bounding Box Drawn
INFO:root:2021-07-27-11--15--22 MovingFrameQueue Popped
INFO:root:2021-07-27-11--15--22 anomallyFrameTracker resetted to 200
INFO:root:2021-07-27-11--15--22 Colour Conversion Completed
INFO:root:2021-07-27-11--15--22 Sleep Check Completed
INFO:root:2021-07-27-11--15--22 Frame manipulations completed
INFO:root:2021-07-27-11--15--22 Bounding Box Drawn
INFO:root:2021-07-27-11--15--22 MovingFrameQueue Appended
INFO:root:2021-07-27-11--15--22 anomallyFrameTracker resetted to 200
INFO:root:2021-07-27-11--15--22 Colour Conversion Completed
INFO:root:2021-07-27-11--15--22 Sleep Check Completed
INFO:root:2021-07-27-11--15--22 Frame manipulations completed
INFO:root:2021-07-27-11--15--22 Bounding Box Drawn
INFO:root:2021-07-27-11--15--22 MovingFrameQueue Popped
INFO:root:2021-07-27-11--15--22 anomallyFrameTracker resetted to 200
INFO:root:2021-07-27-11--15--22 Colour Conversion Completed
INFO:root:2021-07-27-11--15--22 Sleep Check Completed
INFO:root:2021-07-27-11--15--22 Frame manipulations completed
INFO:root:2021-07-27-11--15--22 Bounding Box Drawn
INFO:root:2021-07-27-11--15--22 MovingFrameQueue Appended
INFO:root:2021-07-27-11--15--22 anomallyFrameTracker resetted to 200
INFO:root:2021-07-27-11--15--22 Colour Conversion Completed
INFO:root:2021-07-27-11--15--22 Sleep Check Completed
INFO:root:2021-07-27-11--15--22 Frame manipulations completed
INFO:root:2021-07-27-11--15--22 Bounding Box Drawn
INFO:root:2021-07-27-11--15--22 MovingFrameQueue Popped
INFO:root:2021-07-27-11--15--22 anomallyFrameTracker resetted to 200
INFO:root:2021-07-27-11--15--22 Colour Conversion Completed
INFO:root:2021-07-27-11--15--22 Sleep Check Completed
INFO:root:2021-07-27-11--15--22 Frame manipulations completed
INFO:root:2021-07-27-11--15--22 Bounding Box Drawn
INFO:root:2021-07-27-11--15--22 MovingFrameQueue Appended
INFO:root:2021-07-27-11--15--22 anomallyFrameTracker resetted to 200
INFO:root:2021-07-27-11--15--22 Colour Conversion Completed
INFO:root:2021-07-27-11--15--22 Sleep Check Completed
INFO:root:2021-07-27-11--15--22 Frame manipulations completed
INFO:root:2021-07-27-11--15--22 Bounding Box Drawn
INFO:root:2021-07-27-11--15--22 MovingFrameQueue Popped
INFO:root:2021-07-27-11--15--22 anomallyFrameTracker resetted to 200
INFO:root:2021-07-27-11--15--23 Colour Conversion Completed
INFO:root:2021-07-27-11--15--23 Sleep Check Completed
INFO:root:2021-07-27-11--15--23 Frame manipulations completed
INFO:root:2021-07-27-11--15--23 Bounding Box Drawn
INFO:root:2021-07-27-11--15--23 MovingFrameQueue Appended
INFO:root:2021-07-27-11--15--23 anomallyFrameTracker resetted to 200
INFO:root:2021-07-27-11--15--23 Colour Conversion Completed
INFO:root:2021-07-27-11--15--23 Sleep Check Completed
INFO:root:2021-07-27-11--15--23 Frame manipulations completed
INFO:root:2021-07-27-11--15--23 Bounding Box Drawn
INFO:root:2021-07-27-11--15--23 MovingFrameQueue Popped
INFO:root:2021-07-27-11--15--23 anomallyFrameTracker resetted to 200
INFO:root:2021-07-27-11--15--23 Colour Conversion Completed
INFO:root:2021-07-27-11--15--23 Sleep Check Completed
INFO:root:2021-07-27-11--15--23 Frame manipulations completed
INFO:root:2021-07-27-11--15--23 Bounding Box Drawn
INFO:root:2021-07-27-11--15--23 MovingFrameQueue Appended
INFO:root:2021-07-27-11--15--23 anomallyFrameTracker resetted to 200
INFO:root:2021-07-27-11--15--23 Colour Conversion Completed
INFO:root:2021-07-27-11--15--23 Sleep Check Completed
INFO:root:2021-07-27-11--15--23 Frame manipulations completed
INFO:root:2021-07-27-11--15--23 Bounding Box Drawn
INFO:root:2021-07-27-11--15--23 MovingFrameQueue Popped
INFO:root:2021-07-27-11--15--23 anomallyFrameTracker resetted to 200
INFO:root:2021-07-27-11--15--23 Colour Conversion Completed
INFO:root:2021-07-27-11--15--23 Sleep Check Completed
INFO:root:2021-07-27-11--15--23 Frame manipulations completed
INFO:root:2021-07-27-11--15--23 Bounding Box Drawn
INFO:root:2021-07-27-11--15--23 MovingFrameQueue Appended
INFO:root:2021-07-27-11--15--23 anomallyFrameTracker resetted to 200
INFO:root:2021-07-27-11--15--23 Colour Conversion Completed
INFO:root:2021-07-27-11--15--23 Sleep Check Completed
INFO:root:2021-07-27-11--15--23 Frame manipulations completed
INFO:root:2021-07-27-11--15--23 Bounding Box Drawn
INFO:root:2021-07-27-11--15--23 MovingFrameQueue Popped
INFO:root:2021-07-27-11--15--23 anomallyFrameTracker resetted to 200
INFO:root:2021-07-27-11--15--23 Colour Conversion Completed
INFO:root:2021-07-27-11--15--23 Sleep Check Completed
INFO:root:2021-07-27-11--15--23 Frame manipulations completed
INFO:root:2021-07-27-11--15--23 Bounding Box Drawn
INFO:root:2021-07-27-11--15--23 MovingFrameQueue Appended
INFO:root:2021-07-27-11--15--23 anomallyFrameTracker resetted to 200
INFO:root:2021-07-27-11--15--23 Colour Conversion Completed
INFO:root:2021-07-27-11--15--23 Sleep Check Completed
INFO:root:2021-07-27-11--15--23 Frame manipulations completed
INFO:root:2021-07-27-11--15--23 Bounding Box Drawn
INFO:root:2021-07-27-11--15--23 MovingFrameQueue Popped
INFO:root:2021-07-27-11--15--23 anomallyFrameTracker resetted to 200
INFO:root:2021-07-27-11--15--23 Colour Conversion Completed
INFO:root:2021-07-27-11--15--23 Sleep Check Completed
INFO:root:2021-07-27-11--15--23 Frame manipulations completed
INFO:root:2021-07-27-11--15--23 Bounding Box Drawn
INFO:root:2021-07-27-11--15--23 MovingFrameQueue Appended
INFO:root:2021-07-27-11--15--24 anomallyFrameTracker resetted to 200
INFO:root:2021-07-27-11--15--24 Colour Conversion Completed
INFO:root:2021-07-27-11--15--24 Sleep Check Completed
INFO:root:2021-07-27-11--15--24 Frame manipulations completed
INFO:root:2021-07-27-11--15--24 Bounding Box Drawn
INFO:root:2021-07-27-11--15--24 MovingFrameQueue Popped
INFO:root:2021-07-27-11--15--24 anomallyFrameTracker resetted to 200
INFO:root:2021-07-27-11--15--24 Colour Conversion Completed
INFO:root:2021-07-27-11--15--24 Sleep Check Completed
INFO:root:2021-07-27-11--15--24 Frame manipulations completed
INFO:root:2021-07-27-11--15--24 Bounding Box Drawn
INFO:root:2021-07-27-11--15--24 MovingFrameQueue Appended
INFO:root:2021-07-27-11--15--24 anomallyFrameTracker resetted to 200
INFO:root:2021-07-27-11--15--24 Colour Conversion Completed
INFO:root:2021-07-27-11--15--24 Sleep Check Completed
INFO:root:2021-07-27-11--15--24 Frame manipulations completed
INFO:root:2021-07-27-11--15--24 Bounding Box Drawn
INFO:root:2021-07-27-11--15--24 MovingFrameQueue Popped
INFO:root:2021-07-27-11--15--24 anomallyFrameTracker resetted to 200
INFO:root:2021-07-27-11--15--24 Colour Conversion Completed
INFO:root:2021-07-27-11--15--24 Sleep Check Completed
INFO:root:2021-07-27-11--15--24 Frame manipulations completed
INFO:root:2021-07-27-11--15--24 Bounding Box Drawn
INFO:root:2021-07-27-11--15--24 MovingFrameQueue Appended
INFO:root:2021-07-27-11--15--24 anomallyFrameTracker resetted to 200
INFO:root:2021-07-27-11--15--24 Colour Conversion Completed
INFO:root:2021-07-27-11--15--24 Sleep Check Completed
INFO:root:2021-07-27-11--15--24 Frame manipulations completed
INFO:root:2021-07-27-11--15--24 Bounding Box Drawn
INFO:root:2021-07-27-11--15--24 MovingFrameQueue Popped
INFO:root:2021-07-27-11--15--24 anomallyFrameTracker resetted to 200
INFO:root:2021-07-27-11--15--24 Colour Conversion Completed
INFO:root:2021-07-27-11--15--24 Sleep Check Completed
INFO:root:2021-07-27-11--15--24 Frame manipulations completed
INFO:root:2021-07-27-11--15--24 Bounding Box Drawn
INFO:root:2021-07-27-11--15--24 MovingFrameQueue Appended
INFO:root:2021-07-27-11--15--24 anomallyFrameTracker resetted to 200
INFO:root:2021-07-27-11--15--24 Colour Conversion Completed
INFO:root:2021-07-27-11--15--24 Sleep Check Completed
INFO:root:2021-07-27-11--15--24 Frame manipulations completed
INFO:root:2021-07-27-11--15--24 Bounding Box Drawn
INFO:root:2021-07-27-11--15--24 MovingFrameQueue Popped
INFO:root:2021-07-27-11--15--24 anomallyFrameTracker resetted to 200
INFO:root:2021-07-27-11--15--24 Colour Conversion Completed
INFO:root:2021-07-27-11--15--24 Sleep Check Completed
INFO:root:2021-07-27-11--15--24 Frame manipulations completed
INFO:root:2021-07-27-11--15--24 Bounding Box Drawn
INFO:root:2021-07-27-11--15--24 MovingFrameQueue Appended
INFO:root:2021-07-27-11--15--24 anomallyFrameTracker resetted to 200
INFO:root:2021-07-27-11--15--25 Colour Conversion Completed
INFO:root:2021-07-27-11--15--25 Sleep Check Completed
INFO:root:2021-07-27-11--15--25 Frame manipulations completed
INFO:root:2021-07-27-11--15--25 Bounding Box Drawn
INFO:root:2021-07-27-11--15--25 MovingFrameQueue Popped
INFO:root:2021-07-27-11--15--25 anomallyFrameTracker resetted to 200
INFO:root:2021-07-27-11--15--25 Colour Conversion Completed
INFO:root:2021-07-27-11--15--25 Sleep Check Completed
INFO:root:2021-07-27-11--15--25 Frame manipulations completed
INFO:root:2021-07-27-11--15--25 Bounding Box Drawn
INFO:root:2021-07-27-11--15--25 MovingFrameQueue Appended
INFO:root:2021-07-27-11--15--25 anomallyFrameTracker resetted to 200
INFO:root:2021-07-27-11--15--25 Colour Conversion Completed
INFO:root:2021-07-27-11--15--25 Sleep Check Completed
INFO:root:2021-07-27-11--15--25 Frame manipulations completed
INFO:root:2021-07-27-11--15--25 Bounding Box Drawn
INFO:root:2021-07-27-11--15--25 MovingFrameQueue Popped
INFO:root:2021-07-27-11--15--25 anomallyFrameTracker resetted to 200
INFO:root:2021-07-27-11--15--25 Colour Conversion Completed
INFO:root:2021-07-27-11--15--25 Sleep Check Completed
INFO:root:2021-07-27-11--15--25 Frame manipulations completed
INFO:root:2021-07-27-11--15--25 Bounding Box Drawn
INFO:root:2021-07-27-11--15--25 MovingFrameQueue Appended
INFO:root:2021-07-27-11--15--25 anomallyFrameTracker resetted to 200
INFO:root:2021-07-27-11--15--25 Colour Conversion Completed
INFO:root:2021-07-27-11--15--25 Sleep Check Completed
INFO:root:2021-07-27-11--15--25 Frame manipulations completed
INFO:root:2021-07-27-11--15--25 Bounding Box Drawn
INFO:root:2021-07-27-11--15--25 MovingFrameQueue Popped
INFO:root:2021-07-27-11--15--25 anomallyFrameTracker resetted to 200
INFO:root:2021-07-27-11--15--25 Colour Conversion Completed
INFO:root:2021-07-27-11--15--25 Sleep Check Completed
INFO:root:2021-07-27-11--15--25 Frame manipulations completed
INFO:root:2021-07-27-11--15--25 Bounding Box Drawn
INFO:root:2021-07-27-11--15--25 MovingFrameQueue Appended
INFO:root:2021-07-27-11--15--25 anomallyFrameTracker resetted to 200
INFO:root:2021-07-27-11--15--25 Colour Conversion Completed
INFO:root:2021-07-27-11--15--25 Sleep Check Completed
INFO:root:2021-07-27-11--15--25 Frame manipulations completed
INFO:root:2021-07-27-11--15--25 Bounding Box Drawn
INFO:root:2021-07-27-11--15--25 MovingFrameQueue Popped
INFO:root:2021-07-27-11--15--25 anomallyFrameTracker resetted to 200
INFO:root:2021-07-27-11--15--25 Colour Conversion Completed
INFO:root:2021-07-27-11--15--25 Sleep Check Completed
INFO:root:2021-07-27-11--15--25 Frame manipulations completed
INFO:root:2021-07-27-11--15--25 Bounding Box Drawn
INFO:root:2021-07-27-11--15--25 MovingFrameQueue Appended
INFO:root:2021-07-27-11--15--25 anomallyFrameTracker resetted to 200
INFO:root:2021-07-27-11--15--25 Colour Conversion Completed
INFO:root:2021-07-27-11--15--25 Sleep Check Completed
INFO:root:2021-07-27-11--15--25 Frame manipulations completed
INFO:root:2021-07-27-11--15--25 Bounding Box Drawn
INFO:root:2021-07-27-11--15--25 MovingFrameQueue Popped
INFO:root:2021-07-27-11--15--25 anomallyFrameTracker resetted to 200
INFO:root:2021-07-27-11--15--26 Colour Conversion Completed
INFO:root:2021-07-27-11--15--26 Sleep Check Completed
INFO:root:2021-07-27-11--15--26 Frame manipulations completed
INFO:root:2021-07-27-11--15--26 Bounding Box Drawn
INFO:root:2021-07-27-11--15--26 MovingFrameQueue Appended
INFO:root:2021-07-27-11--15--26 anomallyFrameTracker resetted to 200
INFO:root:2021-07-27-11--15--26 Colour Conversion Completed
INFO:root:2021-07-27-11--15--26 Sleep Check Completed
INFO:root:2021-07-27-11--15--26 Frame manipulations completed
INFO:root:2021-07-27-11--15--26 Bounding Box Drawn
INFO:root:2021-07-27-11--15--26 MovingFrameQueue Popped
INFO:root:2021-07-27-11--15--26 anomallyFrameTracker resetted to 200
INFO:root:2021-07-27-11--15--26 Colour Conversion Completed
INFO:root:2021-07-27-11--15--26 Sleep Check Completed
INFO:root:2021-07-27-11--15--26 Frame manipulations completed
INFO:root:2021-07-27-11--15--26 Bounding Box Drawn
INFO:root:2021-07-27-11--15--26 MovingFrameQueue Appended
INFO:root:2021-07-27-11--15--26 anomallyFrameTracker resetted to 200
INFO:root:2021-07-27-11--15--26 Colour Conversion Completed
INFO:root:2021-07-27-11--15--26 Sleep Check Completed
INFO:root:2021-07-27-11--15--26 Frame manipulations completed
INFO:root:2021-07-27-11--15--26 Bounding Box Drawn
INFO:root:2021-07-27-11--15--26 MovingFrameQueue Popped
INFO:root:2021-07-27-11--15--26 anomallyFrameTracker resetted to 200
INFO:root:2021-07-27-11--15--26 Colour Conversion Completed
INFO:root:2021-07-27-11--15--26 Sleep Check Completed
INFO:root:2021-07-27-11--15--26 Frame manipulations completed
INFO:root:2021-07-27-11--15--26 Bounding Box Drawn
INFO:root:2021-07-27-11--15--26 MovingFrameQueue Appended
INFO:root:2021-07-27-11--15--26 anomallyFrameTracker resetted to 200
INFO:root:2021-07-27-11--15--26 Colour Conversion Completed
INFO:root:2021-07-27-11--15--26 Sleep Check Completed
INFO:root:2021-07-27-11--15--26 Frame manipulations completed
INFO:root:2021-07-27-11--15--26 Bounding Box Drawn
INFO:root:2021-07-27-11--15--26 MovingFrameQueue Popped
INFO:root:2021-07-27-11--15--26 anomallyFrameTracker resetted to 200
INFO:root:2021-07-27-11--15--26 Colour Conversion Completed
INFO:root:2021-07-27-11--15--26 Sleep Check Completed
INFO:root:2021-07-27-11--15--26 Frame manipulations completed
INFO:root:2021-07-27-11--15--26 Bounding Box Drawn
INFO:root:2021-07-27-11--15--26 MovingFrameQueue Appended
INFO:root:2021-07-27-11--15--26 anomallyFrameTracker resetted to 200
INFO:root:2021-07-27-11--15--26 Colour Conversion Completed
INFO:root:2021-07-27-11--15--26 Sleep Check Completed
INFO:root:2021-07-27-11--15--26 Frame manipulations completed
INFO:root:2021-07-27-11--15--26 Bounding Box Drawn
INFO:root:2021-07-27-11--15--26 MovingFrameQueue Popped
INFO:root:2021-07-27-11--15--26 anomallyFrameTracker resetted to 200
INFO:root:2021-07-27-11--15--26 Colour Conversion Completed
INFO:root:2021-07-27-11--15--26 Sleep Check Completed
INFO:root:2021-07-27-11--15--26 Frame manipulations completed
INFO:root:2021-07-27-11--15--26 Bounding Box Drawn
INFO:root:2021-07-27-11--15--26 MovingFrameQueue Appended
INFO:root:2021-07-27-11--15--26 anomallyFrameTracker resetted to 200
INFO:root:2021-07-27-11--15--27 Colour Conversion Completed
INFO:root:2021-07-27-11--15--27 Sleep Check Completed
INFO:root:2021-07-27-11--15--27 Frame manipulations completed
INFO:root:2021-07-27-11--15--27 Bounding Box Drawn
INFO:root:2021-07-27-11--15--27 MovingFrameQueue Popped
INFO:root:2021-07-27-11--15--27 anomallyFrameTracker resetted to 200
INFO:root:2021-07-27-11--15--27 Colour Conversion Completed
INFO:root:2021-07-27-11--15--27 Sleep Check Completed
INFO:root:2021-07-27-11--15--27 Frame manipulations completed
INFO:root:2021-07-27-11--15--27 Bounding Box Drawn
INFO:root:2021-07-27-11--15--27 MovingFrameQueue Appended
INFO:root:2021-07-27-11--15--27 anomallyFrameTracker resetted to 200
INFO:root:2021-07-27-11--15--27 Colour Conversion Completed
INFO:root:2021-07-27-11--15--27 Sleep Check Completed
INFO:root:2021-07-27-11--15--27 Frame manipulations completed
INFO:root:2021-07-27-11--15--27 Bounding Box Drawn
INFO:root:2021-07-27-11--15--27 MovingFrameQueue Popped
INFO:root:2021-07-27-11--15--27 anomallyFrameTracker resetted to 200
INFO:root:2021-07-27-11--15--27 Colour Conversion Completed
INFO:root:2021-07-27-11--15--27 Sleep Check Completed
INFO:root:2021-07-27-11--15--27 Frame manipulations completed
INFO:root:2021-07-27-11--15--27 Bounding Box Drawn
INFO:root:2021-07-27-11--15--27 MovingFrameQueue Appended
INFO:root:2021-07-27-11--15--27 anomallyFrameTracker resetted to 200
INFO:root:2021-07-27-11--15--27 Colour Conversion Completed
INFO:root:2021-07-27-11--15--27 Sleep Check Completed
INFO:root:2021-07-27-11--15--27 Frame manipulations completed
INFO:root:2021-07-27-11--15--27 Bounding Box Drawn
INFO:root:2021-07-27-11--15--27 MovingFrameQueue Popped
INFO:root:2021-07-27-11--15--27 anomallyFrameTracker resetted to 200
INFO:root:2021-07-27-11--15--27 Colour Conversion Completed
INFO:root:2021-07-27-11--15--27 Sleep Check Completed
INFO:root:2021-07-27-11--15--27 Frame manipulations completed
INFO:root:2021-07-27-11--15--27 Bounding Box Drawn
INFO:root:2021-07-27-11--15--27 MovingFrameQueue Appended
INFO:root:2021-07-27-11--15--27 anomallyFrameTracker resetted to 200
INFO:root:2021-07-27-11--15--27 Colour Conversion Completed
INFO:root:2021-07-27-11--15--27 Sleep Check Completed
INFO:root:2021-07-27-11--15--27 Frame manipulations completed
INFO:root:2021-07-27-11--15--27 Bounding Box Drawn
INFO:root:2021-07-27-11--15--27 MovingFrameQueue Popped
INFO:root:2021-07-27-11--15--27 anomallyFrameTracker resetted to 200
INFO:root:2021-07-27-11--15--27 Colour Conversion Completed
INFO:root:2021-07-27-11--15--27 Sleep Check Completed
INFO:root:2021-07-27-11--15--27 Frame manipulations completed
INFO:root:2021-07-27-11--15--27 Bounding Box Drawn
INFO:root:2021-07-27-11--15--27 MovingFrameQueue Appended
INFO:root:2021-07-27-11--15--27 anomallyFrameTracker resetted to 200
INFO:root:2021-07-27-11--15--27 Colour Conversion Completed
INFO:root:2021-07-27-11--15--27 Sleep Check Completed
INFO:root:2021-07-27-11--15--27 Frame manipulations completed
INFO:root:2021-07-27-11--15--27 Bounding Box Drawn
INFO:root:2021-07-27-11--15--28 MovingFrameQueue Popped
INFO:root:2021-07-27-11--15--28 anomallyFrameTracker resetted to 200
INFO:root:2021-07-27-11--15--28 Colour Conversion Completed
INFO:root:2021-07-27-11--15--28 Sleep Check Completed
INFO:root:2021-07-27-11--15--28 Frame manipulations completed
INFO:root:2021-07-27-11--15--28 Bounding Box Drawn
INFO:root:2021-07-27-11--15--28 MovingFrameQueue Appended
INFO:root:2021-07-27-11--15--28 anomallyFrameTracker resetted to 200
INFO:root:2021-07-27-11--15--28 Colour Conversion Completed
INFO:root:2021-07-27-11--15--28 Sleep Check Completed
INFO:root:2021-07-27-11--15--28 Frame manipulations completed
INFO:root:2021-07-27-11--15--28 Bounding Box Drawn
INFO:root:2021-07-27-11--15--28 MovingFrameQueue Popped
INFO:root:2021-07-27-11--15--28 anomallyFrameTracker resetted to 200
INFO:root:2021-07-27-11--15--28 Colour Conversion Completed
INFO:root:2021-07-27-11--15--28 Sleep Check Completed
INFO:root:2021-07-27-11--15--28 Frame manipulations completed
INFO:root:2021-07-27-11--15--28 Bounding Box Drawn
INFO:root:2021-07-27-11--15--28 MovingFrameQueue Appended
INFO:root:2021-07-27-11--15--28 anomallyFrameTracker resetted to 200
INFO:root:2021-07-27-11--15--28 Colour Conversion Completed
INFO:root:2021-07-27-11--15--28 Sleep Check Completed
INFO:root:2021-07-27-11--15--28 Frame manipulations completed
INFO:root:2021-07-27-11--15--28 Bounding Box Drawn
INFO:root:2021-07-27-11--15--28 MovingFrameQueue Popped
INFO:root:2021-07-27-11--15--28 anomallyFrameTracker resetted to 200
INFO:root:2021-07-27-11--15--28 Colour Conversion Completed
INFO:root:2021-07-27-11--15--28 Sleep Check Completed
INFO:root:2021-07-27-11--15--28 Frame manipulations completed
INFO:root:2021-07-27-11--15--28 Bounding Box Drawn
INFO:root:2021-07-27-11--15--28 MovingFrameQueue Appended
INFO:root:2021-07-27-11--15--28 anomallyFrameTracker resetted to 200
INFO:root:2021-07-27-11--15--28 Colour Conversion Completed
INFO:root:2021-07-27-11--15--28 Sleep Check Completed
INFO:root:2021-07-27-11--15--28 Frame manipulations completed
INFO:root:2021-07-27-11--15--28 Bounding Box Drawn
INFO:root:2021-07-27-11--15--28 MovingFrameQueue Popped
INFO:root:2021-07-27-11--15--28 anomallyFrameTracker resetted to 200
INFO:root:2021-07-27-11--15--28 Colour Conversion Completed
INFO:root:2021-07-27-11--15--28 Sleep Check Completed
INFO:root:2021-07-27-11--15--28 Frame manipulations completed
INFO:root:2021-07-27-11--15--28 Bounding Box Drawn
INFO:root:2021-07-27-11--15--28 MovingFrameQueue Appended
INFO:root:2021-07-27-11--15--28 anomallyFrameTracker resetted to 200
INFO:root:2021-07-27-11--15--28 Colour Conversion Completed
INFO:root:2021-07-27-11--15--28 Sleep Check Completed
INFO:root:2021-07-27-11--15--28 Frame manipulations completed
INFO:root:2021-07-27-11--15--28 Bounding Box Drawn
INFO:root:2021-07-27-11--15--28 MovingFrameQueue Popped
INFO:root:2021-07-27-11--15--28 anomallyFrameTracker resetted to 200
INFO:root:2021-07-27-11--15--29 Colour Conversion Completed
INFO:root:2021-07-27-11--15--29 Sleep Check Completed
INFO:root:2021-07-27-11--15--29 Frame manipulations completed
INFO:root:2021-07-27-11--15--29 Bounding Box Drawn
INFO:root:2021-07-27-11--15--29 MovingFrameQueue Appended
INFO:root:2021-07-27-11--15--29 anomallyFrameTracker resetted to 200
INFO:root:2021-07-27-11--15--29 Colour Conversion Completed
INFO:root:2021-07-27-11--15--29 Sleep Check Completed
INFO:root:2021-07-27-11--15--29 Frame manipulations completed
INFO:root:2021-07-27-11--15--29 Bounding Box Drawn
INFO:root:2021-07-27-11--15--29 MovingFrameQueue Popped
INFO:root:2021-07-27-11--15--29 anomallyFrameTracker resetted to 200
INFO:root:2021-07-27-11--15--29 Colour Conversion Completed
INFO:root:2021-07-27-11--15--29 Sleep Check Completed
INFO:root:2021-07-27-11--15--29 Frame manipulations completed
INFO:root:2021-07-27-11--15--29 Bounding Box Drawn
INFO:root:2021-07-27-11--15--29 MovingFrameQueue Appended
INFO:root:2021-07-27-11--15--29 anomallyFrameTracker resetted to 200
INFO:root:2021-07-27-11--15--29 Colour Conversion Completed
INFO:root:2021-07-27-11--15--29 Sleep Check Completed
INFO:root:2021-07-27-11--15--29 Frame manipulations completed
INFO:root:2021-07-27-11--15--29 Bounding Box Drawn
INFO:root:2021-07-27-11--15--29 MovingFrameQueue Popped
INFO:root:2021-07-27-11--15--29 anomallyFrameTracker resetted to 200
INFO:root:2021-07-27-11--15--29 Colour Conversion Completed
INFO:root:2021-07-27-11--15--29 Sleep Check Completed
INFO:root:2021-07-27-11--15--29 Frame manipulations completed
INFO:root:2021-07-27-11--15--29 Bounding Box Drawn
INFO:root:2021-07-27-11--15--29 MovingFrameQueue Appended
INFO:root:2021-07-27-11--15--29 anomallyFrameTracker resetted to 200
INFO:root:2021-07-27-11--15--29 Colour Conversion Completed
INFO:root:2021-07-27-11--15--29 Sleep Check Completed
INFO:root:2021-07-27-11--15--29 Frame manipulations completed
INFO:root:2021-07-27-11--15--29 Bounding Box Drawn
INFO:root:2021-07-27-11--15--29 MovingFrameQueue Popped
INFO:root:2021-07-27-11--15--29 anomallyFrameTracker resetted to 200
INFO:root:2021-07-27-11--15--29 Colour Conversion Completed
INFO:root:2021-07-27-11--15--29 Sleep Check Completed
INFO:root:2021-07-27-11--15--29 Frame manipulations completed
INFO:root:2021-07-27-11--15--29 Bounding Box Drawn
INFO:root:2021-07-27-11--15--29 MovingFrameQueue Appended
INFO:root:2021-07-27-11--15--29 anomallyFrameTracker resetted to 200
INFO:root:2021-07-27-11--15--29 Colour Conversion Completed
INFO:root:2021-07-27-11--15--29 Sleep Check Completed
INFO:root:2021-07-27-11--15--29 Frame manipulations completed
INFO:root:2021-07-27-11--15--29 Bounding Box Drawn
INFO:root:2021-07-27-11--15--29 MovingFrameQueue Popped
INFO:root:2021-07-27-11--15--29 anomallyFrameTracker resetted to 200
INFO:root:2021-07-27-11--15--29 Colour Conversion Completed
INFO:root:2021-07-27-11--15--29 Sleep Check Completed
INFO:root:2021-07-27-11--15--29 Frame manipulations completed
INFO:root:2021-07-27-11--15--29 Bounding Box Drawn
INFO:root:2021-07-27-11--15--29 MovingFrameQueue Appended
INFO:root:2021-07-27-11--15--29 anomallyFrameTracker resetted to 200
INFO:root:2021-07-27-11--15--30 Colour Conversion Completed
INFO:root:2021-07-27-11--15--30 Sleep Check Completed
INFO:root:2021-07-27-11--15--30 Frame manipulations completed
INFO:root:2021-07-27-11--15--30 Bounding Box Drawn
INFO:root:2021-07-27-11--15--30 MovingFrameQueue Popped
INFO:root:2021-07-27-11--15--30 anomallyFrameTracker resetted to 200
INFO:root:2021-07-27-11--15--30 Colour Conversion Completed
INFO:root:2021-07-27-11--15--30 Sleep Check Completed
INFO:root:2021-07-27-11--15--30 Frame manipulations completed
INFO:root:2021-07-27-11--15--30 Bounding Box Drawn
INFO:root:2021-07-27-11--15--30 MovingFrameQueue Appended
INFO:root:2021-07-27-11--15--30 anomallyFrameTracker resetted to 200
INFO:root:2021-07-27-11--15--30 Colour Conversion Completed
INFO:root:2021-07-27-11--15--30 Sleep Check Completed
INFO:root:2021-07-27-11--15--30 Frame manipulations completed
INFO:root:2021-07-27-11--15--30 Bounding Box Drawn
INFO:root:2021-07-27-11--15--30 MovingFrameQueue Popped
INFO:root:2021-07-27-11--15--30 anomallyFrameTracker resetted to 200
INFO:root:2021-07-27-11--15--30 Colour Conversion Completed
INFO:root:2021-07-27-11--15--30 Sleep Check Completed
INFO:root:2021-07-27-11--15--30 Frame manipulations completed
INFO:root:2021-07-27-11--15--30 Bounding Box Drawn
INFO:root:2021-07-27-11--15--30 MovingFrameQueue Appended
INFO:root:2021-07-27-11--15--30 anomallyFrameTracker resetted to 200
INFO:root:2021-07-27-11--15--30 Colour Conversion Completed
INFO:root:2021-07-27-11--15--30 Sleep Check Completed
INFO:root:2021-07-27-11--15--30 Frame manipulations completed
INFO:root:2021-07-27-11--15--30 Bounding Box Drawn
INFO:root:2021-07-27-11--15--30 MovingFrameQueue Popped
INFO:root:2021-07-27-11--15--30 anomallyFrameTracker resetted to 200
INFO:root:2021-07-27-11--15--30 Colour Conversion Completed
INFO:root:2021-07-27-11--15--30 Sleep Check Completed
INFO:root:2021-07-27-11--15--30 Frame manipulations completed
INFO:root:2021-07-27-11--15--30 Bounding Box Drawn
INFO:root:2021-07-27-11--15--30 MovingFrameQueue Appended
INFO:root:2021-07-27-11--15--30 anomallyFrameTracker resetted to 200
INFO:root:2021-07-27-11--15--30 Colour Conversion Completed
INFO:root:2021-07-27-11--15--30 Sleep Check Completed
INFO:root:2021-07-27-11--15--30 Frame manipulations completed
INFO:root:2021-07-27-11--15--30 Bounding Box Drawn
INFO:root:2021-07-27-11--15--30 MovingFrameQueue Popped
INFO:root:2021-07-27-11--15--30 anomallyFrameTracker resetted to 200
INFO:root:2021-07-27-11--15--30 Colour Conversion Completed
INFO:root:2021-07-27-11--15--30 Sleep Check Completed
INFO:root:2021-07-27-11--15--30 Frame manipulations completed
INFO:root:2021-07-27-11--15--30 Bounding Box Drawn
INFO:root:2021-07-27-11--15--30 MovingFrameQueue Appended
INFO:root:2021-07-27-11--15--30 anomallyFrameTracker resetted to 200
INFO:root:2021-07-27-11--15--30 Colour Conversion Completed
INFO:root:2021-07-27-11--15--30 Sleep Check Completed
INFO:root:2021-07-27-11--15--30 Frame manipulations completed
INFO:root:2021-07-27-11--15--30 Bounding Box Drawn
INFO:root:2021-07-27-11--15--30 MovingFrameQueue Popped
INFO:root:2021-07-27-11--15--30 anomallyFrameTracker resetted to 200
INFO:root:2021-07-27-11--15--31 Colour Conversion Completed
INFO:root:2021-07-27-11--15--31 Sleep Check Completed
INFO:root:2021-07-27-11--15--31 Frame manipulations completed
INFO:root:2021-07-27-11--15--31 Bounding Box Drawn
INFO:root:2021-07-27-11--15--31 MovingFrameQueue Appended
INFO:root:2021-07-27-11--15--31 anomallyFrameTracker resetted to 200
INFO:root:2021-07-27-11--15--31 Colour Conversion Completed
INFO:root:2021-07-27-11--15--31 Sleep Check Completed
INFO:root:2021-07-27-11--15--31 Frame manipulations completed
INFO:root:2021-07-27-11--15--31 Bounding Box Drawn
INFO:root:2021-07-27-11--15--31 MovingFrameQueue Popped
INFO:root:2021-07-27-11--15--31 anomallyFrameTracker resetted to 200
INFO:root:2021-07-27-11--15--31 Colour Conversion Completed
INFO:root:2021-07-27-11--15--31 Sleep Check Completed
INFO:root:2021-07-27-11--15--31 Frame manipulations completed
INFO:root:2021-07-27-11--15--31 Bounding Box Drawn
INFO:root:2021-07-27-11--15--31 MovingFrameQueue Appended
INFO:root:2021-07-27-11--15--31 anomallyFrameTracker resetted to 200
INFO:root:2021-07-27-11--15--31 Colour Conversion Completed
INFO:root:2021-07-27-11--15--31 Sleep Check Completed
INFO:root:2021-07-27-11--15--31 Frame manipulations completed
INFO:root:2021-07-27-11--15--31 Bounding Box Drawn
INFO:root:2021-07-27-11--15--31 MovingFrameQueue Popped
INFO:root:2021-07-27-11--15--31 anomallyFrameTracker resetted to 200
INFO:root:2021-07-27-11--15--31 Colour Conversion Completed
INFO:root:2021-07-27-11--15--31 Sleep Check Completed
INFO:root:2021-07-27-11--15--31 Frame manipulations completed
INFO:root:2021-07-27-11--15--31 Bounding Box Drawn
INFO:root:2021-07-27-11--15--31 MovingFrameQueue Appended
INFO:root:2021-07-27-11--15--31 anomallyFrameTracker resetted to 200
INFO:root:2021-07-27-11--15--31 Colour Conversion Completed
INFO:root:2021-07-27-11--15--31 Sleep Check Completed
INFO:root:2021-07-27-11--15--31 Frame manipulations completed
INFO:root:2021-07-27-11--15--31 Bounding Box Drawn
INFO:root:2021-07-27-11--15--31 MovingFrameQueue Popped
INFO:root:2021-07-27-11--15--31 anomallyFrameTracker resetted to 200
INFO:root:2021-07-27-11--15--31 Colour Conversion Completed
INFO:root:2021-07-27-11--15--31 Sleep Check Completed
INFO:root:2021-07-27-11--15--31 Frame manipulations completed
INFO:root:2021-07-27-11--15--31 Bounding Box Drawn
INFO:root:2021-07-27-11--15--31 MovingFrameQueue Appended
INFO:root:2021-07-27-11--15--31 anomallyFrameTracker resetted to 200
INFO:root:2021-07-27-11--15--31 Colour Conversion Completed
INFO:root:2021-07-27-11--15--31 Sleep Check Completed
INFO:root:2021-07-27-11--15--31 Frame manipulations completed
INFO:root:2021-07-27-11--15--31 Bounding Box Drawn
INFO:root:2021-07-27-11--15--31 MovingFrameQueue Popped
INFO:root:2021-07-27-11--15--31 anomallyFrameTracker resetted to 200
INFO:root:2021-07-27-11--15--31 Colour Conversion Completed
INFO:root:2021-07-27-11--15--31 Sleep Check Completed
INFO:root:2021-07-27-11--15--31 Frame manipulations completed
INFO:root:2021-07-27-11--15--31 Bounding Box Drawn
INFO:root:2021-07-27-11--15--31 MovingFrameQueue Appended
INFO:root:2021-07-27-11--15--31 anomallyFrameTracker resetted to 200
INFO:root:2021-07-27-11--15--32 Colour Conversion Completed
INFO:root:2021-07-27-11--15--32 Sleep Check Completed
INFO:root:2021-07-27-11--15--32 Frame manipulations completed
INFO:root:2021-07-27-11--15--32 Bounding Box Drawn
INFO:root:2021-07-27-11--15--32 MovingFrameQueue Popped
INFO:root:2021-07-27-11--15--32 anomallyFrameTracker resetted to 200
INFO:root:2021-07-27-11--15--32 Colour Conversion Completed
INFO:root:2021-07-27-11--15--32 Sleep Check Completed
INFO:root:2021-07-27-11--15--32 Frame manipulations completed
INFO:root:2021-07-27-11--15--32 Bounding Box Drawn
INFO:root:2021-07-27-11--15--32 MovingFrameQueue Appended
INFO:root:2021-07-27-11--15--32 anomallyFrameTracker resetted to 200
INFO:root:2021-07-27-11--15--32 Colour Conversion Completed
INFO:root:2021-07-27-11--15--32 Sleep Check Completed
INFO:root:2021-07-27-11--15--32 Frame manipulations completed
INFO:root:2021-07-27-11--15--32 Bounding Box Drawn
INFO:root:2021-07-27-11--15--32 MovingFrameQueue Popped
INFO:root:2021-07-27-11--15--32 anomallyFrameTracker resetted to 200
INFO:root:2021-07-27-11--15--32 Colour Conversion Completed
INFO:root:2021-07-27-11--15--32 Sleep Check Completed
INFO:root:2021-07-27-11--15--32 Frame manipulations completed
INFO:root:2021-07-27-11--15--32 Bounding Box Drawn
INFO:root:2021-07-27-11--15--32 MovingFrameQueue Appended
INFO:root:2021-07-27-11--15--32 anomallyFrameTracker resetted to 200
INFO:root:2021-07-27-11--15--32 Colour Conversion Completed
INFO:root:2021-07-27-11--15--32 Sleep Check Completed
INFO:root:2021-07-27-11--15--32 Frame manipulations completed
INFO:root:2021-07-27-11--15--32 Bounding Box Drawn
INFO:root:2021-07-27-11--15--32 MovingFrameQueue Popped
INFO:root:2021-07-27-11--15--32 anomallyFrameTracker resetted to 200
INFO:root:2021-07-27-11--15--32 Colour Conversion Completed
INFO:root:2021-07-27-11--15--32 Sleep Check Completed
INFO:root:2021-07-27-11--15--32 Frame manipulations completed
INFO:root:2021-07-27-11--15--32 Bounding Box Drawn
INFO:root:2021-07-27-11--15--32 MovingFrameQueue Appended
INFO:root:2021-07-27-11--15--32 anomallyFrameTracker resetted to 200
INFO:root:2021-07-27-11--15--32 Colour Conversion Completed
INFO:root:2021-07-27-11--15--32 Sleep Check Completed
INFO:root:2021-07-27-11--15--32 Frame manipulations completed
INFO:root:2021-07-27-11--15--32 Bounding Box Drawn
INFO:root:2021-07-27-11--15--32 MovingFrameQueue Popped
INFO:root:2021-07-27-11--15--32 anomallyFrameTracker resetted to 200
INFO:root:2021-07-27-11--15--32 Colour Conversion Completed
INFO:root:2021-07-27-11--15--32 Sleep Check Completed
INFO:root:2021-07-27-11--15--32 Frame manipulations completed
INFO:root:2021-07-27-11--15--32 Bounding Box Drawn
INFO:root:2021-07-27-11--15--32 MovingFrameQueue Appended
INFO:root:2021-07-27-11--15--32 anomallyFrameTracker resetted to 200
INFO:root:2021-07-27-11--15--32 Colour Conversion Completed
INFO:root:2021-07-27-11--15--32 Sleep Check Completed
INFO:root:2021-07-27-11--15--32 Frame manipulations completed
INFO:root:2021-07-27-11--15--32 Bounding Box Drawn
INFO:root:2021-07-27-11--15--32 MovingFrameQueue Popped
INFO:root:2021-07-27-11--15--32 anomallyFrameTracker resetted to 200
INFO:root:2021-07-27-11--15--33 Colour Conversion Completed
INFO:root:2021-07-27-11--15--33 Sleep Check Completed
INFO:root:2021-07-27-11--15--33 Frame manipulations completed
INFO:root:2021-07-27-11--15--33 Bounding Box Drawn
INFO:root:2021-07-27-11--15--33 MovingFrameQueue Appended
INFO:root:2021-07-27-11--15--33 anomallyFrameTracker resetted to 200
INFO:root:2021-07-27-11--15--33 Colour Conversion Completed
INFO:root:2021-07-27-11--15--33 Sleep Check Completed
INFO:root:2021-07-27-11--15--33 Frame manipulations completed
INFO:root:2021-07-27-11--15--33 Bounding Box Drawn
INFO:root:2021-07-27-11--15--33 MovingFrameQueue Popped
INFO:root:2021-07-27-11--15--33 anomallyFrameTracker resetted to 200
INFO:root:2021-07-27-11--15--33 Colour Conversion Completed
INFO:root:2021-07-27-11--15--33 Sleep Check Completed
INFO:root:2021-07-27-11--15--33 Frame manipulations completed
INFO:root:2021-07-27-11--15--33 Bounding Box Drawn
INFO:root:2021-07-27-11--15--33 MovingFrameQueue Appended
INFO:root:2021-07-27-11--15--33 anomallyFrameTracker resetted to 200
INFO:root:2021-07-27-11--15--33 Colour Conversion Completed
INFO:root:2021-07-27-11--15--33 Sleep Check Completed
INFO:root:2021-07-27-11--15--33 Frame manipulations completed
INFO:root:2021-07-27-11--15--33 Bounding Box Drawn
INFO:root:2021-07-27-11--15--33 MovingFrameQueue Popped
INFO:root:2021-07-27-11--15--33 anomallyFrameTracker resetted to 200
INFO:root:2021-07-27-11--15--33 Colour Conversion Completed
INFO:root:2021-07-27-11--15--33 Sleep Check Completed
INFO:root:2021-07-27-11--15--33 Frame manipulations completed
INFO:root:2021-07-27-11--15--33 Bounding Box Drawn
INFO:root:2021-07-27-11--15--33 MovingFrameQueue Appended
INFO:root:2021-07-27-11--15--33 anomallyFrameTracker resetted to 200
INFO:root:2021-07-27-11--15--33 Colour Conversion Completed
INFO:root:2021-07-27-11--15--33 Sleep Check Completed
INFO:root:2021-07-27-11--15--33 Frame manipulations completed
INFO:root:2021-07-27-11--15--33 Bounding Box Drawn
INFO:root:2021-07-27-11--15--33 MovingFrameQueue Popped
INFO:root:2021-07-27-11--15--33 anomallyFrameTracker resetted to 200
INFO:root:2021-07-27-11--15--33 Colour Conversion Completed
INFO:root:2021-07-27-11--15--33 Sleep Check Completed
INFO:root:2021-07-27-11--15--33 Frame manipulations completed
INFO:root:2021-07-27-11--15--33 Bounding Box Drawn
INFO:root:2021-07-27-11--15--33 MovingFrameQueue Appended
INFO:root:2021-07-27-11--15--33 anomallyFrameTracker resetted to 200
INFO:root:2021-07-27-11--15--33 Colour Conversion Completed
INFO:root:2021-07-27-11--15--33 Sleep Check Completed
INFO:root:2021-07-27-11--15--33 Frame manipulations completed
INFO:root:2021-07-27-11--15--33 Bounding Box Drawn
INFO:root:2021-07-27-11--15--33 MovingFrameQueue Popped
INFO:root:2021-07-27-11--15--33 anomallyFrameTracker resetted to 200
INFO:root:2021-07-27-11--15--34 Colour Conversion Completed
INFO:root:2021-07-27-11--15--34 Sleep Check Completed
INFO:root:2021-07-27-11--15--34 Frame manipulations completed
INFO:root:2021-07-27-11--15--34 Bounding Box Drawn
INFO:root:2021-07-27-11--15--34 MovingFrameQueue Appended
INFO:root:2021-07-27-11--15--34 anomallyFrameTracker resetted to 200
INFO:root:2021-07-27-11--15--34 Colour Conversion Completed
INFO:root:2021-07-27-11--15--34 Sleep Check Completed
INFO:root:2021-07-27-11--15--34 Frame manipulations completed
INFO:root:2021-07-27-11--15--34 Bounding Box Drawn
INFO:root:2021-07-27-11--15--34 MovingFrameQueue Popped
INFO:root:2021-07-27-11--15--34 anomallyFrameTracker resetted to 200
INFO:root:2021-07-27-11--15--34 Colour Conversion Completed
INFO:root:2021-07-27-11--15--34 Sleep Check Completed
INFO:root:2021-07-27-11--15--34 Frame manipulations completed
INFO:root:2021-07-27-11--15--34 Bounding Box Drawn
INFO:root:2021-07-27-11--15--34 MovingFrameQueue Appended
INFO:root:2021-07-27-11--15--34 anomallyFrameTracker resetted to 200
INFO:root:2021-07-27-11--15--34 Colour Conversion Completed
INFO:root:2021-07-27-11--15--34 Sleep Check Completed
INFO:root:2021-07-27-11--15--34 Frame manipulations completed
INFO:root:2021-07-27-11--15--34 Bounding Box Drawn
INFO:root:2021-07-27-11--15--34 MovingFrameQueue Popped
INFO:root:2021-07-27-11--15--34 anomallyFrameTracker resetted to 200
INFO:root:2021-07-27-11--15--34 Colour Conversion Completed
INFO:root:2021-07-27-11--15--34 Sleep Check Completed
INFO:root:2021-07-27-11--15--34 Frame manipulations completed
INFO:root:2021-07-27-11--15--34 Bounding Box Drawn
INFO:root:2021-07-27-11--15--34 MovingFrameQueue Appended
INFO:root:2021-07-27-11--15--34 anomallyFrameTracker resetted to 200
INFO:root:2021-07-27-11--15--34 Colour Conversion Completed
INFO:root:2021-07-27-11--15--34 Sleep Check Completed
INFO:root:2021-07-27-11--15--34 Frame manipulations completed
INFO:root:2021-07-27-11--15--34 Bounding Box Drawn
INFO:root:2021-07-27-11--15--34 MovingFrameQueue Popped
INFO:root:2021-07-27-11--15--34 anomallyFrameTracker resetted to 200
INFO:root:2021-07-27-11--15--34 Colour Conversion Completed
INFO:root:2021-07-27-11--15--34 Sleep Check Completed
INFO:root:2021-07-27-11--15--34 Frame manipulations completed
INFO:root:2021-07-27-11--15--34 Bounding Box Drawn
INFO:root:2021-07-27-11--15--34 MovingFrameQueue Appended
INFO:root:2021-07-27-11--15--34 anomallyFrameTracker resetted to 200
INFO:root:2021-07-27-11--15--34 Colour Conversion Completed
INFO:root:2021-07-27-11--15--34 Sleep Check Completed
INFO:root:2021-07-27-11--15--34 Frame manipulations completed
INFO:root:2021-07-27-11--15--34 Bounding Box Drawn
INFO:root:2021-07-27-11--15--34 MovingFrameQueue Popped
INFO:root:2021-07-27-11--15--34 anomallyFrameTracker resetted to 200
INFO:root:2021-07-27-11--15--34 Colour Conversion Completed
INFO:root:2021-07-27-11--15--34 Sleep Check Completed
INFO:root:2021-07-27-11--15--34 Frame manipulations completed
INFO:root:2021-07-27-11--15--34 Bounding Box Drawn
INFO:root:2021-07-27-11--15--34 MovingFrameQueue Appended
INFO:root:2021-07-27-11--15--34 anomallyFrameTracker resetted to 200
INFO:root:2021-07-27-11--15--35 Colour Conversion Completed
INFO:root:2021-07-27-11--15--35 Sleep Check Completed
INFO:root:2021-07-27-11--15--35 Frame manipulations completed
INFO:root:2021-07-27-11--15--35 Bounding Box Drawn
INFO:root:2021-07-27-11--15--35 MovingFrameQueue Popped
INFO:root:2021-07-27-11--15--35 anomallyFrameTracker resetted to 200
INFO:root:2021-07-27-11--15--35 Colour Conversion Completed
INFO:root:2021-07-27-11--15--35 Sleep Check Completed
INFO:root:2021-07-27-11--15--35 Frame manipulations completed
INFO:root:2021-07-27-11--15--35 Bounding Box Drawn
INFO:root:2021-07-27-11--15--35 MovingFrameQueue Appended
INFO:root:2021-07-27-11--15--35 anomallyFrameTracker resetted to 200
INFO:root:2021-07-27-11--15--35 Colour Conversion Completed
INFO:root:2021-07-27-11--15--35 Sleep Check Completed
INFO:root:2021-07-27-11--15--35 Frame manipulations completed
INFO:root:2021-07-27-11--15--35 Bounding Box Drawn
INFO:root:2021-07-27-11--15--35 MovingFrameQueue Popped
INFO:root:2021-07-27-11--15--35 anomallyFrameTracker resetted to 200
INFO:root:2021-07-27-11--15--35 Colour Conversion Completed
INFO:root:2021-07-27-11--15--35 Sleep Check Completed
INFO:root:2021-07-27-11--15--35 Frame manipulations completed
INFO:root:2021-07-27-11--15--35 Bounding Box Drawn
INFO:root:2021-07-27-11--15--35 MovingFrameQueue Appended
INFO:root:2021-07-27-11--15--35 anomallyFrameTracker resetted to 200
