INFO:root:2021-07-21-10--29--17 Parameter Generation Success
INFO:root:2021-07-21-10--29--18 Colour Conversion Completed
INFO:root:2021-07-21-10--29--18 Sleep Check Completed
INFO:root:2021-07-21-10--29--18 Frame manipulations completed
INFO:root:2021-07-21-10--29--18 Bounding Box Drawn
INFO:root:2021-07-21-10--29--23 MovingFrameQueue Appended
INFO:root:2021-07-21-10--29--23 anomallyFrameTracker resetted to 200
INFO:root:2021-07-21-10--29--23 Colour Conversion Completed
INFO:root:2021-07-21-10--29--23 Sleep Check Completed
INFO:root:2021-07-21-10--29--23 Frame manipulations completed
INFO:root:2021-07-21-10--29--23 Bounding Box Drawn
INFO:root:2021-07-21-10--29--23 MovingFrameQueue Appended
INFO:root:2021-07-21-10--29--23 anomallyFrameTracker resetted to 200
INFO:root:2021-07-21-10--29--23 Colour Conversion Completed
INFO:root:2021-07-21-10--29--24 Sleep Check Completed
INFO:root:2021-07-21-10--29--24 Frame manipulations completed
INFO:root:2021-07-21-10--29--24 Bounding Box Drawn
INFO:root:2021-07-21-10--29--24 MovingFrameQueue Appended
INFO:root:2021-07-21-10--29--24 anomallyFrameTracker resetted to 200
INFO:root:2021-07-21-10--29--24 Colour Conversion Completed
INFO:root:2021-07-21-10--29--24 Sleep Check Completed
INFO:root:2021-07-21-10--29--24 Frame manipulations completed
INFO:root:2021-07-21-10--29--24 Bounding Box Drawn
INFO:root:2021-07-21-10--29--24 MovingFrameQueue Appended
INFO:root:2021-07-21-10--29--24 anomallyFrameTracker resetted to 200
INFO:root:2021-07-21-10--29--24 Colour Conversion Completed
INFO:root:2021-07-21-10--29--24 Sleep Check Completed
INFO:root:2021-07-21-10--29--24 Frame manipulations completed
INFO:root:2021-07-21-10--29--24 Bounding Box Drawn
INFO:root:2021-07-21-10--29--24 MovingFrameQueue Appended
INFO:root:2021-07-21-10--29--24 anomallyFrameTracker resetted to 200
INFO:root:2021-07-21-10--29--24 Colour Conversion Completed
INFO:root:2021-07-21-10--29--24 Sleep Check Completed
INFO:root:2021-07-21-10--29--24 Frame manipulations completed
INFO:root:2021-07-21-10--29--24 Bounding Box Drawn
INFO:root:2021-07-21-10--29--24 MovingFrameQueue Appended
INFO:root:2021-07-21-10--29--24 anomallyFrameTracker resetted to 200
INFO:root:2021-07-21-10--29--24 Colour Conversion Completed
INFO:root:2021-07-21-10--29--24 Sleep Check Completed
INFO:root:2021-07-21-10--29--24 Frame manipulations completed
INFO:root:2021-07-21-10--29--24 Bounding Box Drawn
INFO:root:2021-07-21-10--29--24 MovingFrameQueue Appended
INFO:root:2021-07-21-10--29--24 anomallyFrameTracker resetted to 200
INFO:root:2021-07-21-10--29--24 Colour Conversion Completed
INFO:root:2021-07-21-10--29--24 Sleep Check Completed
INFO:root:2021-07-21-10--29--24 Frame manipulations completed
INFO:root:2021-07-21-10--29--24 Bounding Box Drawn
INFO:root:2021-07-21-10--29--25 MovingFrameQueue Appended
INFO:root:2021-07-21-10--29--25 anomallyFrameTracker resetted to 200
INFO:root:2021-07-21-10--29--25 Colour Conversion Completed
INFO:root:2021-07-21-10--29--25 Sleep Check Completed
INFO:root:2021-07-21-10--29--25 Frame manipulations completed
INFO:root:2021-07-21-10--29--25 Bounding Box Drawn
INFO:root:2021-07-21-10--29--25 MovingFrameQueue Appended
INFO:root:2021-07-21-10--29--25 anomallyFrameTracker resetted to 200
INFO:root:2021-07-21-10--29--25 Colour Conversion Completed
INFO:root:2021-07-21-10--29--25 Sleep Check Completed
INFO:root:2021-07-21-10--29--25 Frame manipulations completed
INFO:root:2021-07-21-10--29--25 Bounding Box Drawn
INFO:root:2021-07-21-10--29--25 MovingFrameQueue Appended
INFO:root:2021-07-21-10--29--25 anomallyFrameTracker resetted to 200
INFO:root:2021-07-21-10--29--25 Colour Conversion Completed
INFO:root:2021-07-21-10--29--25 Sleep Check Completed
INFO:root:2021-07-21-10--29--25 Frame manipulations completed
INFO:root:2021-07-21-10--29--25 Bounding Box Drawn
INFO:root:2021-07-21-10--29--25 MovingFrameQueue Appended
INFO:root:2021-07-21-10--29--25 anomallyFrameTracker resetted to 200
INFO:root:2021-07-21-10--29--25 Colour Conversion Completed
INFO:root:2021-07-21-10--29--25 Sleep Check Completed
INFO:root:2021-07-21-10--29--25 Frame manipulations completed
INFO:root:2021-07-21-10--29--25 Bounding Box Drawn
INFO:root:2021-07-21-10--29--25 MovingFrameQueue Appended
INFO:root:2021-07-21-10--29--25 anomallyFrameTracker resetted to 200
INFO:root:2021-07-21-10--29--25 Colour Conversion Completed
INFO:root:2021-07-21-10--29--25 Sleep Check Completed
INFO:root:2021-07-21-10--29--25 Frame manipulations completed
INFO:root:2021-07-21-10--29--25 Bounding Box Drawn
INFO:root:2021-07-21-10--29--25 MovingFrameQueue Appended
INFO:root:2021-07-21-10--29--25 anomallyFrameTracker resetted to 200
INFO:root:2021-07-21-10--29--25 Colour Conversion Completed
INFO:root:2021-07-21-10--29--25 Sleep Check Completed
INFO:root:2021-07-21-10--29--25 Frame manipulations completed
INFO:root:2021-07-21-10--29--25 Bounding Box Drawn
INFO:root:2021-07-21-10--29--26 MovingFrameQueue Appended
INFO:root:2021-07-21-10--29--26 anomallyFrameTracker resetted to 200
INFO:root:2021-07-21-10--29--26 Colour Conversion Completed
INFO:root:2021-07-21-10--29--26 Sleep Check Completed
INFO:root:2021-07-21-10--29--26 Frame manipulations completed
INFO:root:2021-07-21-10--29--26 Bounding Box Drawn
INFO:root:2021-07-21-10--29--26 MovingFrameQueue Appended
INFO:root:2021-07-21-10--29--26 anomallyFrameTracker resetted to 200
INFO:root:2021-07-21-10--29--26 Colour Conversion Completed
INFO:root:2021-07-21-10--29--26 Sleep Check Completed
INFO:root:2021-07-21-10--29--26 Frame manipulations completed
INFO:root:2021-07-21-10--29--26 Bounding Box Drawn
INFO:root:2021-07-21-10--29--26 MovingFrameQueue Appended
INFO:root:2021-07-21-10--29--26 anomallyFrameTracker resetted to 200
INFO:root:2021-07-21-10--29--26 Colour Conversion Completed
INFO:root:2021-07-21-10--29--26 Sleep Check Completed
INFO:root:2021-07-21-10--29--26 Frame manipulations completed
INFO:root:2021-07-21-10--29--26 Bounding Box Drawn
INFO:root:2021-07-21-10--29--26 MovingFrameQueue Appended
INFO:root:2021-07-21-10--29--26 anomallyFrameTracker resetted to 200
INFO:root:2021-07-21-10--29--26 Colour Conversion Completed
INFO:root:2021-07-21-10--29--26 Sleep Check Completed
INFO:root:2021-07-21-10--29--26 Frame manipulations completed
INFO:root:2021-07-21-10--29--26 Bounding Box Drawn
INFO:root:2021-07-21-10--29--26 MovingFrameQueue Appended
INFO:root:2021-07-21-10--29--26 anomallyFrameTracker resetted to 200
INFO:root:2021-07-21-10--29--26 Colour Conversion Completed
INFO:root:2021-07-21-10--29--26 Sleep Check Completed
INFO:root:2021-07-21-10--29--26 Frame manipulations completed
INFO:root:2021-07-21-10--29--26 Bounding Box Drawn
INFO:root:2021-07-21-10--29--26 MovingFrameQueue Appended
INFO:root:2021-07-21-10--29--26 anomallyFrameTracker resetted to 200
INFO:root:2021-07-21-10--29--26 Colour Conversion Completed
INFO:root:2021-07-21-10--29--26 Sleep Check Completed
INFO:root:2021-07-21-10--29--26 Frame manipulations completed
INFO:root:2021-07-21-10--29--26 Bounding Box Drawn
INFO:root:2021-07-21-10--29--27 MovingFrameQueue Appended
INFO:root:2021-07-21-10--29--27 anomallyFrameTracker resetted to 200
INFO:root:2021-07-21-10--29--27 Colour Conversion Completed
INFO:root:2021-07-21-10--29--27 Sleep Check Completed
INFO:root:2021-07-21-10--29--27 Frame manipulations completed
INFO:root:2021-07-21-10--29--27 Bounding Box Drawn
INFO:root:2021-07-21-10--29--28 MovingFrameQueue Appended
INFO:root:2021-07-21-10--29--28 anomallyFrameTracker resetted to 200
INFO:root:2021-07-21-10--29--28 Colour Conversion Completed
INFO:root:2021-07-21-10--29--28 Sleep Check Completed
INFO:root:2021-07-21-10--29--28 Frame manipulations completed
INFO:root:2021-07-21-10--29--28 Bounding Box Drawn
INFO:root:2021-07-21-10--29--28 MovingFrameQueue Appended
INFO:root:2021-07-21-10--29--28 anomallyFrameTracker resetted to 200
INFO:root:2021-07-21-10--29--28 Colour Conversion Completed
INFO:root:2021-07-21-10--29--28 Sleep Check Completed
INFO:root:2021-07-21-10--29--28 Frame manipulations completed
INFO:root:2021-07-21-10--29--28 Bounding Box Drawn
INFO:root:2021-07-21-10--29--28 MovingFrameQueue Appended
INFO:root:2021-07-21-10--29--28 anomallyFrameTracker resetted to 200
INFO:root:2021-07-21-10--29--28 Colour Conversion Completed
INFO:root:2021-07-21-10--29--28 Sleep Check Completed
INFO:root:2021-07-21-10--29--28 Frame manipulations completed
INFO:root:2021-07-21-10--29--28 Bounding Box Drawn
INFO:root:2021-07-21-10--29--28 MovingFrameQueue Appended
INFO:root:2021-07-21-10--29--28 anomallyFrameTracker resetted to 200
INFO:root:2021-07-21-10--29--28 Colour Conversion Completed
INFO:root:2021-07-21-10--29--28 Sleep Check Completed
INFO:root:2021-07-21-10--29--28 Frame manipulations completed
INFO:root:2021-07-21-10--29--28 Bounding Box Drawn
INFO:root:2021-07-21-10--29--28 MovingFrameQueue Appended
INFO:root:2021-07-21-10--29--28 anomallyFrameTracker resetted to 200
INFO:root:2021-07-21-10--29--28 Colour Conversion Completed
INFO:root:2021-07-21-10--29--28 Sleep Check Completed
INFO:root:2021-07-21-10--29--28 Frame manipulations completed
INFO:root:2021-07-21-10--29--28 Bounding Box Drawn
INFO:root:2021-07-21-10--29--28 MovingFrameQueue Appended
INFO:root:2021-07-21-10--29--28 anomallyFrameTracker resetted to 200
INFO:root:2021-07-21-10--29--28 Colour Conversion Completed
INFO:root:2021-07-21-10--29--28 Sleep Check Completed
INFO:root:2021-07-21-10--29--28 Frame manipulations completed
INFO:root:2021-07-21-10--29--28 Bounding Box Drawn
INFO:root:2021-07-21-10--29--28 MovingFrameQueue Appended
INFO:root:2021-07-21-10--29--28 anomallyFrameTracker resetted to 200
INFO:root:2021-07-21-10--29--28 Colour Conversion Completed
INFO:root:2021-07-21-10--29--28 Sleep Check Completed
INFO:root:2021-07-21-10--29--28 Frame manipulations completed
INFO:root:2021-07-21-10--29--28 Bounding Box Drawn
INFO:root:2021-07-21-10--29--28 MovingFrameQueue Appended
INFO:root:2021-07-21-10--29--28 anomallyFrameTracker resetted to 200
INFO:root:2021-07-21-10--29--28 Colour Conversion Completed
INFO:root:2021-07-21-10--29--28 Sleep Check Completed
INFO:root:2021-07-21-10--29--28 Frame manipulations completed
INFO:root:2021-07-21-10--29--28 Bounding Box Drawn
INFO:root:2021-07-21-10--29--28 MovingFrameQueue Appended
INFO:root:2021-07-21-10--29--28 anomallyFrameTracker resetted to 200
INFO:root:2021-07-21-10--29--28 Colour Conversion Completed
INFO:root:2021-07-21-10--29--28 Sleep Check Completed
INFO:root:2021-07-21-10--29--28 Frame manipulations completed
INFO:root:2021-07-21-10--29--28 Bounding Box Drawn
INFO:root:2021-07-21-10--29--28 MovingFrameQueue Appended
INFO:root:2021-07-21-10--29--28 anomallyFrameTracker resetted to 200
INFO:root:2021-07-21-10--29--28 Colour Conversion Completed
INFO:root:2021-07-21-10--29--28 Sleep Check Completed
INFO:root:2021-07-21-10--29--28 Frame manipulations completed
INFO:root:2021-07-21-10--29--28 Bounding Box Drawn
INFO:root:2021-07-21-10--29--29 MovingFrameQueue Appended
INFO:root:2021-07-21-10--29--29 anomallyFrameTracker resetted to 200
INFO:root:2021-07-21-10--29--29 Colour Conversion Completed
INFO:root:2021-07-21-10--29--29 Sleep Check Completed
INFO:root:2021-07-21-10--29--29 Frame manipulations completed
INFO:root:2021-07-21-10--29--29 Bounding Box Drawn
INFO:root:2021-07-21-10--29--29 MovingFrameQueue Appended
INFO:root:2021-07-21-10--29--29 anomallyFrameTracker resetted to 200
INFO:root:2021-07-21-10--29--29 Colour Conversion Completed
INFO:root:2021-07-21-10--29--29 Sleep Check Completed
INFO:root:2021-07-21-10--29--29 Frame manipulations completed
INFO:root:2021-07-21-10--29--29 Bounding Box Drawn
INFO:root:2021-07-21-10--29--29 MovingFrameQueue Appended
INFO:root:2021-07-21-10--29--29 anomallyFrameTracker resetted to 200
INFO:root:2021-07-21-10--29--29 Colour Conversion Completed
INFO:root:2021-07-21-10--29--29 Sleep Check Completed
INFO:root:2021-07-21-10--29--29 Frame manipulations completed
INFO:root:2021-07-21-10--29--29 Bounding Box Drawn
INFO:root:2021-07-21-10--29--29 MovingFrameQueue Appended
INFO:root:2021-07-21-10--29--29 anomallyFrameTracker resetted to 200
INFO:root:2021-07-21-10--29--29 Colour Conversion Completed
INFO:root:2021-07-21-10--29--29 Sleep Check Completed
INFO:root:2021-07-21-10--29--29 Frame manipulations completed
INFO:root:2021-07-21-10--29--29 Bounding Box Drawn
INFO:root:2021-07-21-10--29--29 MovingFrameQueue Appended
INFO:root:2021-07-21-10--29--29 anomallyFrameTracker resetted to 200
INFO:root:2021-07-21-10--29--29 Colour Conversion Completed
INFO:root:2021-07-21-10--29--29 Sleep Check Completed
INFO:root:2021-07-21-10--29--29 Frame manipulations completed
INFO:root:2021-07-21-10--29--29 Bounding Box Drawn
INFO:root:2021-07-21-10--29--29 MovingFrameQueue Appended
INFO:root:2021-07-21-10--29--29 anomallyFrameTracker resetted to 200
INFO:root:2021-07-21-10--29--29 Colour Conversion Completed
INFO:root:2021-07-21-10--29--29 Sleep Check Completed
INFO:root:2021-07-21-10--29--29 Frame manipulations completed
INFO:root:2021-07-21-10--29--29 Bounding Box Drawn
INFO:root:2021-07-21-10--29--29 MovingFrameQueue Appended
INFO:root:2021-07-21-10--29--29 anomallyFrameTracker resetted to 200
INFO:root:2021-07-21-10--29--29 Colour Conversion Completed
INFO:root:2021-07-21-10--29--29 Sleep Check Completed
INFO:root:2021-07-21-10--29--29 Frame manipulations completed
INFO:root:2021-07-21-10--29--29 Bounding Box Drawn
INFO:root:2021-07-21-10--29--30 MovingFrameQueue Appended
INFO:root:2021-07-21-10--29--30 anomallyFrameTracker resetted to 200
INFO:root:2021-07-21-10--29--30 Colour Conversion Completed
INFO:root:2021-07-21-10--29--30 Sleep Check Completed
INFO:root:2021-07-21-10--29--30 Frame manipulations completed
INFO:root:2021-07-21-10--29--30 Bounding Box Drawn
INFO:root:2021-07-21-10--29--30 MovingFrameQueue Appended
INFO:root:2021-07-21-10--29--30 anomallyFrameTracker resetted to 200
INFO:root:2021-07-21-10--29--30 Colour Conversion Completed
INFO:root:2021-07-21-10--29--30 Sleep Check Completed
INFO:root:2021-07-21-10--29--30 Frame manipulations completed
INFO:root:2021-07-21-10--29--30 Bounding Box Drawn
INFO:root:2021-07-21-10--29--30 MovingFrameQueue Appended
INFO:root:2021-07-21-10--29--30 anomallyFrameTracker resetted to 200
INFO:root:2021-07-21-10--29--30 Colour Conversion Completed
INFO:root:2021-07-21-10--29--30 Sleep Check Completed
INFO:root:2021-07-21-10--29--30 Frame manipulations completed
INFO:root:2021-07-21-10--29--30 Bounding Box Drawn
INFO:root:2021-07-21-10--29--30 MovingFrameQueue Appended
INFO:root:2021-07-21-10--29--30 anomallyFrameTracker resetted to 200
INFO:root:2021-07-21-10--29--30 Colour Conversion Completed
INFO:root:2021-07-21-10--29--30 Sleep Check Completed
INFO:root:2021-07-21-10--29--30 Frame manipulations completed
INFO:root:2021-07-21-10--29--30 Bounding Box Drawn
INFO:root:2021-07-21-10--29--30 MovingFrameQueue Appended
INFO:root:2021-07-21-10--29--30 anomallyFrameTracker resetted to 200
INFO:root:2021-07-21-10--29--30 Colour Conversion Completed
INFO:root:2021-07-21-10--29--30 Sleep Check Completed
INFO:root:2021-07-21-10--29--30 Frame manipulations completed
INFO:root:2021-07-21-10--29--30 Bounding Box Drawn
INFO:root:2021-07-21-10--29--30 MovingFrameQueue Appended
INFO:root:2021-07-21-10--29--30 anomallyFrameTracker resetted to 200
INFO:root:2021-07-21-10--29--30 Colour Conversion Completed
INFO:root:2021-07-21-10--29--30 Sleep Check Completed
INFO:root:2021-07-21-10--29--30 Frame manipulations completed
INFO:root:2021-07-21-10--29--30 Bounding Box Drawn
INFO:root:2021-07-21-10--29--30 MovingFrameQueue Appended
INFO:root:2021-07-21-10--29--30 anomallyFrameTracker resetted to 200
INFO:root:2021-07-21-10--29--30 Colour Conversion Completed
INFO:root:2021-07-21-10--29--31 Sleep Check Completed
INFO:root:2021-07-21-10--29--31 Frame manipulations completed
INFO:root:2021-07-21-10--29--31 Bounding Box Drawn
INFO:root:2021-07-21-10--29--31 MovingFrameQueue Appended
INFO:root:2021-07-21-10--29--31 anomallyFrameTracker resetted to 200
INFO:root:2021-07-21-10--29--31 Colour Conversion Completed
INFO:root:2021-07-21-10--29--31 Sleep Check Completed
INFO:root:2021-07-21-10--29--31 Frame manipulations completed
INFO:root:2021-07-21-10--29--31 Bounding Box Drawn
INFO:root:2021-07-21-10--29--31 MovingFrameQueue Appended
INFO:root:2021-07-21-10--29--31 anomallyFrameTracker resetted to 200
INFO:root:2021-07-21-10--29--31 Colour Conversion Completed
INFO:root:2021-07-21-10--29--31 Sleep Check Completed
INFO:root:2021-07-21-10--29--31 Frame manipulations completed
INFO:root:2021-07-21-10--29--31 Bounding Box Drawn
INFO:root:2021-07-21-10--29--31 MovingFrameQueue Appended
INFO:root:2021-07-21-10--29--31 anomallyFrameTracker resetted to 200
INFO:root:2021-07-21-10--29--31 Colour Conversion Completed
INFO:root:2021-07-21-10--29--31 Sleep Check Completed
INFO:root:2021-07-21-10--29--31 Frame manipulations completed
INFO:root:2021-07-21-10--29--31 Bounding Box Drawn
INFO:root:2021-07-21-10--29--31 MovingFrameQueue Appended
INFO:root:2021-07-21-10--29--31 anomallyFrameTracker resetted to 200
INFO:root:2021-07-21-10--29--31 Colour Conversion Completed
INFO:root:2021-07-21-10--29--31 Sleep Check Completed
INFO:root:2021-07-21-10--29--31 Frame manipulations completed
INFO:root:2021-07-21-10--29--31 Bounding Box Drawn
INFO:root:2021-07-21-10--29--31 MovingFrameQueue Appended
INFO:root:2021-07-21-10--29--31 anomallyFrameTracker resetted to 200
INFO:root:2021-07-21-10--29--31 Colour Conversion Completed
INFO:root:2021-07-21-10--29--31 Sleep Check Completed
INFO:root:2021-07-21-10--29--31 Frame manipulations completed
INFO:root:2021-07-21-10--29--31 Bounding Box Drawn
INFO:root:2021-07-21-10--29--31 MovingFrameQueue Appended
INFO:root:2021-07-21-10--29--31 anomallyFrameTracker resetted to 200
INFO:root:2021-07-21-10--29--31 Colour Conversion Completed
INFO:root:2021-07-21-10--29--31 Sleep Check Completed
INFO:root:2021-07-21-10--29--31 Frame manipulations completed
INFO:root:2021-07-21-10--29--31 Bounding Box Drawn
INFO:root:2021-07-21-10--29--32 MovingFrameQueue Appended
INFO:root:2021-07-21-10--29--32 anomallyFrameTracker resetted to 200
INFO:root:2021-07-21-10--29--32 Colour Conversion Completed
INFO:root:2021-07-21-10--29--32 Sleep Check Completed
INFO:root:2021-07-21-10--29--32 Frame manipulations completed
INFO:root:2021-07-21-10--29--32 Bounding Box Drawn
INFO:root:2021-07-21-10--29--32 MovingFrameQueue Popped
INFO:root:2021-07-21-10--29--32 anomallyFrameTracker resetted to 200
INFO:root:2021-07-21-10--29--32 Colour Conversion Completed
INFO:root:2021-07-21-10--29--32 Sleep Check Completed
INFO:root:2021-07-21-10--29--32 Frame manipulations completed
INFO:root:2021-07-21-10--29--32 Bounding Box Drawn
INFO:root:2021-07-21-10--29--32 MovingFrameQueue Appended
INFO:root:2021-07-21-10--29--32 anomallyFrameTracker resetted to 200
INFO:root:2021-07-21-10--29--32 Colour Conversion Completed
INFO:root:2021-07-21-10--29--32 Sleep Check Completed
INFO:root:2021-07-21-10--29--32 Frame manipulations completed
INFO:root:2021-07-21-10--29--32 Bounding Box Drawn
INFO:root:2021-07-21-10--29--32 MovingFrameQueue Popped
INFO:root:2021-07-21-10--29--32 anomallyFrameTracker resetted to 200
INFO:root:2021-07-21-10--29--32 Colour Conversion Completed
INFO:root:2021-07-21-10--29--32 Sleep Check Completed
INFO:root:2021-07-21-10--29--32 Frame manipulations completed
INFO:root:2021-07-21-10--29--32 Bounding Box Drawn
INFO:root:2021-07-21-10--29--32 MovingFrameQueue Appended
INFO:root:2021-07-21-10--29--32 anomallyFrameTracker resetted to 200
INFO:root:2021-07-21-10--29--32 Colour Conversion Completed
INFO:root:2021-07-21-10--29--32 Sleep Check Completed
INFO:root:2021-07-21-10--29--32 Frame manipulations completed
INFO:root:2021-07-21-10--29--32 Bounding Box Drawn
INFO:root:2021-07-21-10--29--32 MovingFrameQueue Popped
INFO:root:2021-07-21-10--29--32 anomallyFrameTracker resetted to 200
INFO:root:2021-07-21-10--29--32 Colour Conversion Completed
INFO:root:2021-07-21-10--29--32 Sleep Check Completed
INFO:root:2021-07-21-10--29--32 Frame manipulations completed
INFO:root:2021-07-21-10--29--32 Bounding Box Drawn
INFO:root:2021-07-21-10--29--33 MovingFrameQueue Appended
INFO:root:2021-07-21-10--29--33 anomallyFrameTracker resetted to 200
INFO:root:2021-07-21-10--29--33 Colour Conversion Completed
INFO:root:2021-07-21-10--29--33 Sleep Check Completed
INFO:root:2021-07-21-10--29--33 Frame manipulations completed
INFO:root:2021-07-21-10--29--33 Bounding Box Drawn
INFO:root:2021-07-21-10--29--33 MovingFrameQueue Popped
INFO:root:2021-07-21-10--29--33 anomallyFrameTracker resetted to 200
INFO:root:2021-07-21-10--29--33 Colour Conversion Completed
INFO:root:2021-07-21-10--29--33 Sleep Check Completed
INFO:root:2021-07-21-10--29--33 Frame manipulations completed
INFO:root:2021-07-21-10--29--33 Bounding Box Drawn
INFO:root:2021-07-21-10--29--33 MovingFrameQueue Appended
INFO:root:2021-07-21-10--29--33 anomallyFrameTracker resetted to 200
INFO:root:2021-07-21-10--29--33 Colour Conversion Completed
INFO:root:2021-07-21-10--29--33 Sleep Check Completed
INFO:root:2021-07-21-10--29--33 Frame manipulations completed
INFO:root:2021-07-21-10--29--33 Bounding Box Drawn
INFO:root:2021-07-21-10--29--33 MovingFrameQueue Popped
INFO:root:2021-07-21-10--29--33 anomallyFrameTracker resetted to 200
INFO:root:2021-07-21-10--29--33 Colour Conversion Completed
INFO:root:2021-07-21-10--29--33 Sleep Check Completed
INFO:root:2021-07-21-10--29--33 Frame manipulations completed
INFO:root:2021-07-21-10--29--33 Bounding Box Drawn
INFO:root:2021-07-21-10--29--33 MovingFrameQueue Appended
INFO:root:2021-07-21-10--29--33 anomallyFrameTracker resetted to 200
INFO:root:2021-07-21-10--29--33 Colour Conversion Completed
INFO:root:2021-07-21-10--29--33 Sleep Check Completed
INFO:root:2021-07-21-10--29--33 Frame manipulations completed
INFO:root:2021-07-21-10--29--33 Bounding Box Drawn
INFO:root:2021-07-21-10--29--33 MovingFrameQueue Popped
INFO:root:2021-07-21-10--29--33 anomallyFrameTracker resetted to 200
INFO:root:2021-07-21-10--29--33 Colour Conversion Completed
INFO:root:2021-07-21-10--29--33 Sleep Check Completed
INFO:root:2021-07-21-10--29--33 Frame manipulations completed
INFO:root:2021-07-21-10--29--33 Bounding Box Drawn
INFO:root:2021-07-21-10--29--34 MovingFrameQueue Appended
INFO:root:2021-07-21-10--29--34 anomallyFrameTracker resetted to 200
INFO:root:2021-07-21-10--29--34 Colour Conversion Completed
INFO:root:2021-07-21-10--29--34 Sleep Check Completed
INFO:root:2021-07-21-10--29--34 Frame manipulations completed
INFO:root:2021-07-21-10--29--34 Bounding Box Drawn
INFO:root:2021-07-21-10--29--34 MovingFrameQueue Popped
INFO:root:2021-07-21-10--29--34 anomallyFrameTracker resetted to 200
INFO:root:2021-07-21-10--29--34 Colour Conversion Completed
INFO:root:2021-07-21-10--29--34 Sleep Check Completed
INFO:root:2021-07-21-10--29--34 Frame manipulations completed
INFO:root:2021-07-21-10--29--34 Bounding Box Drawn
INFO:root:2021-07-21-10--29--34 MovingFrameQueue Appended
INFO:root:2021-07-21-10--29--34 anomallyFrameTracker resetted to 200
INFO:root:2021-07-21-10--29--34 Colour Conversion Completed
INFO:root:2021-07-21-10--29--34 Sleep Check Completed
INFO:root:2021-07-21-10--29--34 Frame manipulations completed
INFO:root:2021-07-21-10--29--34 Bounding Box Drawn
INFO:root:2021-07-21-10--29--34 MovingFrameQueue Popped
INFO:root:2021-07-21-10--29--34 anomallyFrameTracker resetted to 200
INFO:root:2021-07-21-10--29--34 Colour Conversion Completed
INFO:root:2021-07-21-10--29--34 Sleep Check Completed
INFO:root:2021-07-21-10--29--34 Frame manipulations completed
INFO:root:2021-07-21-10--29--34 Bounding Box Drawn
INFO:root:2021-07-21-10--29--34 MovingFrameQueue Appended
INFO:root:2021-07-21-10--29--34 anomallyFrameTracker resetted to 200
INFO:root:2021-07-21-10--29--34 Colour Conversion Completed
INFO:root:2021-07-21-10--29--34 Sleep Check Completed
INFO:root:2021-07-21-10--29--34 Frame manipulations completed
INFO:root:2021-07-21-10--29--34 Bounding Box Drawn
INFO:root:2021-07-21-10--29--34 MovingFrameQueue Popped
INFO:root:2021-07-21-10--29--34 anomallyFrameTracker resetted to 200
INFO:root:2021-07-21-10--29--34 Colour Conversion Completed
INFO:root:2021-07-21-10--29--34 Sleep Check Completed
INFO:root:2021-07-21-10--29--34 Frame manipulations completed
INFO:root:2021-07-21-10--29--34 Bounding Box Drawn
INFO:root:2021-07-21-10--29--35 MovingFrameQueue Appended
INFO:root:2021-07-21-10--29--35 anomallyFrameTracker resetted to 200
INFO:root:2021-07-21-10--29--35 Colour Conversion Completed
INFO:root:2021-07-21-10--29--35 Sleep Check Completed
INFO:root:2021-07-21-10--29--35 Frame manipulations completed
INFO:root:2021-07-21-10--29--35 Bounding Box Drawn
INFO:root:2021-07-21-10--29--35 MovingFrameQueue Popped
INFO:root:2021-07-21-10--29--35 anomallyFrameTracker resetted to 200
INFO:root:2021-07-21-10--29--35 Colour Conversion Completed
INFO:root:2021-07-21-10--29--35 Sleep Check Completed
INFO:root:2021-07-21-10--29--35 Frame manipulations completed
INFO:root:2021-07-21-10--29--35 Bounding Box Drawn
INFO:root:2021-07-21-10--29--35 MovingFrameQueue Appended
INFO:root:2021-07-21-10--29--35 anomallyFrameTracker resetted to 200
INFO:root:2021-07-21-10--29--35 Colour Conversion Completed
INFO:root:2021-07-21-10--29--35 Sleep Check Completed
INFO:root:2021-07-21-10--29--35 Frame manipulations completed
INFO:root:2021-07-21-10--29--35 Bounding Box Drawn
INFO:root:2021-07-21-10--29--35 MovingFrameQueue Popped
INFO:root:2021-07-21-10--29--35 anomallyFrameTracker resetted to 200
INFO:root:2021-07-21-10--29--35 Colour Conversion Completed
INFO:root:2021-07-21-10--29--35 Sleep Check Completed
INFO:root:2021-07-21-10--29--35 Frame manipulations completed
INFO:root:2021-07-21-10--29--35 Bounding Box Drawn
INFO:root:2021-07-21-10--29--35 MovingFrameQueue Appended
INFO:root:2021-07-21-10--29--35 anomallyFrameTracker resetted to 200
INFO:root:2021-07-21-10--29--35 Colour Conversion Completed
INFO:root:2021-07-21-10--29--35 Sleep Check Completed
INFO:root:2021-07-21-10--29--35 Frame manipulations completed
INFO:root:2021-07-21-10--29--35 Bounding Box Drawn
INFO:root:2021-07-21-10--29--35 MovingFrameQueue Popped
INFO:root:2021-07-21-10--29--35 anomallyFrameTracker resetted to 200
INFO:root:2021-07-21-10--29--35 Colour Conversion Completed
INFO:root:2021-07-21-10--29--35 Sleep Check Completed
INFO:root:2021-07-21-10--29--35 Frame manipulations completed
INFO:root:2021-07-21-10--29--35 Bounding Box Drawn
INFO:root:2021-07-21-10--29--35 MovingFrameQueue Appended
INFO:root:2021-07-21-10--29--35 anomallyFrameTracker resetted to 200
INFO:root:2021-07-21-10--29--35 Colour Conversion Completed
INFO:root:2021-07-21-10--29--35 Sleep Check Completed
INFO:root:2021-07-21-10--29--35 Frame manipulations completed
INFO:root:2021-07-21-10--29--35 Bounding Box Drawn
INFO:root:2021-07-21-10--29--36[INFO] elapsed time: 18.11
INFO:root:2021-07-21-10--29--36[INFO] approx. FPS: 4.14
INFO:root:2021-07-21-10--29--36 Getting Auth Token Success
INFO:root:2021-07-21-10--29--36 BedTime Upload Completed
