INFO:root:2021-08-02-12--00--48 Parameter Generation Success
INFO:root:2021-08-02-12--00--49 Colour Conversion Completed
INFO:root:2021-08-02-12--00--49 Sleep Check Completed
INFO:root:2021-08-02-12--00--49 Frame manipulations completed
INFO:root:2021-08-02-12--00--49 Bounding Box Drawn
INFO:root:2021-08-02-12--00--54 MovingFrameQueue Appended
INFO:root:2021-08-02-12--00--54 Colour Conversion Completed
INFO:root:2021-08-02-12--00--54 Sleep Check Completed
INFO:root:2021-08-02-12--00--54 Frame manipulations completed
INFO:root:2021-08-02-12--00--54 Bounding Box Drawn
INFO:root:2021-08-02-12--00--54 MovingFrameQueue Appended
INFO:root:2021-08-02-12--00--54 Colour Conversion Completed
INFO:root:2021-08-02-12--00--54 Sleep Check Completed
INFO:root:2021-08-02-12--00--54 Frame manipulations completed
INFO:root:2021-08-02-12--00--54 Bounding Box Drawn
INFO:root:2021-08-02-12--00--54 MovingFrameQueue Appended
INFO:root:2021-08-02-12--00--54 Colour Conversion Completed
INFO:root:2021-08-02-12--00--54 Sleep Check Completed
INFO:root:2021-08-02-12--00--54 Frame manipulations completed
INFO:root:2021-08-02-12--00--54 Bounding Box Drawn
INFO:root:2021-08-02-12--00--55 MovingFrameQueue Appended
INFO:root:2021-08-02-12--00--55 Colour Conversion Completed
INFO:root:2021-08-02-12--00--55 Sleep Check Completed
INFO:root:2021-08-02-12--00--55 Frame manipulations completed
INFO:root:2021-08-02-12--00--55 Bounding Box Drawn
INFO:root:2021-08-02-12--00--55 MovingFrameQueue Appended
INFO:root:2021-08-02-12--00--55 Colour Conversion Completed
INFO:root:2021-08-02-12--00--55 Sleep Check Completed
INFO:root:2021-08-02-12--00--55 Frame manipulations completed
INFO:root:2021-08-02-12--00--55 Bounding Box Drawn
INFO:root:2021-08-02-12--00--55 MovingFrameQueue Appended
INFO:root:2021-08-02-12--00--55 Colour Conversion Completed
INFO:root:2021-08-02-12--00--55 Sleep Check Completed
INFO:root:2021-08-02-12--00--55 Frame manipulations completed
INFO:root:2021-08-02-12--00--55 Bounding Box Drawn
INFO:root:2021-08-02-12--00--55 MovingFrameQueue Appended
INFO:root:2021-08-02-12--00--55 Colour Conversion Completed
INFO:root:2021-08-02-12--00--55 Sleep Check Completed
INFO:root:2021-08-02-12--00--55 Frame manipulations completed
INFO:root:2021-08-02-12--00--55 Bounding Box Drawn
INFO:root:2021-08-02-12--00--55 MovingFrameQueue Appended
INFO:root:2021-08-02-12--00--55 Colour Conversion Completed
INFO:root:2021-08-02-12--00--55 Sleep Check Completed
INFO:root:2021-08-02-12--00--55 Frame manipulations completed
INFO:root:2021-08-02-12--00--55 Bounding Box Drawn
INFO:root:2021-08-02-12--00--55 MovingFrameQueue Appended
INFO:root:2021-08-02-12--00--55 Colour Conversion Completed
INFO:root:2021-08-02-12--00--55 Sleep Check Completed
INFO:root:2021-08-02-12--00--55 Frame manipulations completed
INFO:root:2021-08-02-12--00--55 Bounding Box Drawn
INFO:root:2021-08-02-12--00--56 MovingFrameQueue Appended
INFO:root:2021-08-02-12--00--56 Colour Conversion Completed
INFO:root:2021-08-02-12--00--56 Sleep Check Completed
INFO:root:2021-08-02-12--00--56 Frame manipulations completed
INFO:root:2021-08-02-12--00--56 Bounding Box Drawn
INFO:root:2021-08-02-12--00--56 MovingFrameQueue Appended
INFO:root:2021-08-02-12--00--56 Colour Conversion Completed
INFO:root:2021-08-02-12--00--56 Sleep Check Completed
INFO:root:2021-08-02-12--00--56 Frame manipulations completed
INFO:root:2021-08-02-12--00--56 Bounding Box Drawn
INFO:root:2021-08-02-12--00--56 MovingFrameQueue Appended
INFO:root:2021-08-02-12--00--56 Colour Conversion Completed
INFO:root:2021-08-02-12--00--56 Sleep Check Completed
INFO:root:2021-08-02-12--00--56 Frame manipulations completed
INFO:root:2021-08-02-12--00--56 Bounding Box Drawn
INFO:root:2021-08-02-12--00--56 MovingFrameQueue Appended
INFO:root:2021-08-02-12--00--56 Colour Conversion Completed
INFO:root:2021-08-02-12--00--56 Sleep Check Completed
INFO:root:2021-08-02-12--00--56 Frame manipulations completed
INFO:root:2021-08-02-12--00--56 Bounding Box Drawn
INFO:root:2021-08-02-12--00--56 MovingFrameQueue Appended
INFO:root:2021-08-02-12--00--56 Colour Conversion Completed
INFO:root:2021-08-02-12--00--56 Sleep Check Completed
INFO:root:2021-08-02-12--00--56 Frame manipulations completed
INFO:root:2021-08-02-12--00--56 Bounding Box Drawn
INFO:root:2021-08-02-12--00--56 MovingFrameQueue Appended
INFO:root:2021-08-02-12--00--56 Colour Conversion Completed
INFO:root:2021-08-02-12--00--56 Sleep Check Completed
INFO:root:2021-08-02-12--00--56 Frame manipulations completed
INFO:root:2021-08-02-12--00--56 Bounding Box Drawn
INFO:root:2021-08-02-12--00--57 MovingFrameQueue Appended
INFO:root:2021-08-02-12--00--57 Colour Conversion Completed
INFO:root:2021-08-02-12--00--57 Sleep Check Completed
INFO:root:2021-08-02-12--00--57 Frame manipulations completed
INFO:root:2021-08-02-12--00--57 Bounding Box Drawn
INFO:root:2021-08-02-12--00--57 MovingFrameQueue Appended
INFO:root:2021-08-02-12--00--57 Colour Conversion Completed
INFO:root:2021-08-02-12--00--57 Sleep Check Completed
INFO:root:2021-08-02-12--00--57 Frame manipulations completed
INFO:root:2021-08-02-12--00--57 Bounding Box Drawn
INFO:root:2021-08-02-12--00--57 MovingFrameQueue Appended
INFO:root:2021-08-02-12--00--57 Colour Conversion Completed
INFO:root:2021-08-02-12--00--57 Sleep Check Completed
INFO:root:2021-08-02-12--00--57 Frame manipulations completed
INFO:root:2021-08-02-12--00--57 Bounding Box Drawn
INFO:root:2021-08-02-12--00--57 MovingFrameQueue Appended
INFO:root:2021-08-02-12--00--57 Colour Conversion Completed
INFO:root:2021-08-02-12--00--57 Sleep Check Completed
INFO:root:2021-08-02-12--00--57 Frame manipulations completed
INFO:root:2021-08-02-12--00--57 Bounding Box Drawn
INFO:root:2021-08-02-12--00--57 MovingFrameQueue Appended
INFO:root:2021-08-02-12--00--57 Colour Conversion Completed
INFO:root:2021-08-02-12--00--57 Sleep Check Completed
INFO:root:2021-08-02-12--00--57 Frame manipulations completed
INFO:root:2021-08-02-12--00--57 Bounding Box Drawn
INFO:root:2021-08-02-12--00--57 MovingFrameQueue Appended
INFO:root:2021-08-02-12--00--57 Colour Conversion Completed
INFO:root:2021-08-02-12--00--57 Sleep Check Completed
INFO:root:2021-08-02-12--00--57 Frame manipulations completed
INFO:root:2021-08-02-12--00--57 Bounding Box Drawn
INFO:root:2021-08-02-12--00--58 MovingFrameQueue Appended
INFO:root:2021-08-02-12--00--58 Colour Conversion Completed
INFO:root:2021-08-02-12--00--58 Sleep Check Completed
INFO:root:2021-08-02-12--00--58 Frame manipulations completed
INFO:root:2021-08-02-12--00--58 Bounding Box Drawn
INFO:root:2021-08-02-12--00--58 MovingFrameQueue Appended
INFO:root:2021-08-02-12--00--58 Colour Conversion Completed
INFO:root:2021-08-02-12--00--58 Sleep Check Completed
INFO:root:2021-08-02-12--00--58 Frame manipulations completed
INFO:root:2021-08-02-12--00--58 Bounding Box Drawn
INFO:root:2021-08-02-12--00--58 MovingFrameQueue Appended
INFO:root:2021-08-02-12--00--58 Colour Conversion Completed
INFO:root:2021-08-02-12--00--58 Sleep Check Completed
INFO:root:2021-08-02-12--00--58 Frame manipulations completed
INFO:root:2021-08-02-12--00--58 Bounding Box Drawn
INFO:root:2021-08-02-12--00--58 MovingFrameQueue Appended
INFO:root:2021-08-02-12--00--58 Colour Conversion Completed
INFO:root:2021-08-02-12--00--58 Sleep Check Completed
INFO:root:2021-08-02-12--00--58 Frame manipulations completed
INFO:root:2021-08-02-12--00--58 Bounding Box Drawn
INFO:root:2021-08-02-12--00--58 MovingFrameQueue Appended
INFO:root:2021-08-02-12--00--58 Colour Conversion Completed
INFO:root:2021-08-02-12--00--58 Sleep Check Completed
INFO:root:2021-08-02-12--00--58 Frame manipulations completed
INFO:root:2021-08-02-12--00--58 Bounding Box Drawn
INFO:root:2021-08-02-12--00--58 MovingFrameQueue Appended
INFO:root:2021-08-02-12--00--58 Colour Conversion Completed
INFO:root:2021-08-02-12--00--58 Sleep Check Completed
INFO:root:2021-08-02-12--00--58 Frame manipulations completed
INFO:root:2021-08-02-12--00--58 Bounding Box Drawn
INFO:root:2021-08-02-12--00--59 MovingFrameQueue Appended
INFO:root:2021-08-02-12--00--59 Colour Conversion Completed
INFO:root:2021-08-02-12--00--59 Sleep Check Completed
INFO:root:2021-08-02-12--00--59 Frame manipulations completed
INFO:root:2021-08-02-12--00--59 Bounding Box Drawn
INFO:root:2021-08-02-12--00--59 MovingFrameQueue Appended
INFO:root:2021-08-02-12--00--59 Colour Conversion Completed
INFO:root:2021-08-02-12--00--59 Sleep Check Completed
INFO:root:2021-08-02-12--00--59 Frame manipulations completed
INFO:root:2021-08-02-12--00--59 Bounding Box Drawn
INFO:root:2021-08-02-12--00--59 MovingFrameQueue Appended
INFO:root:2021-08-02-12--00--59 Colour Conversion Completed
INFO:root:2021-08-02-12--00--59 Sleep Check Completed
INFO:root:2021-08-02-12--00--59 Frame manipulations completed
INFO:root:2021-08-02-12--00--59 Bounding Box Drawn
INFO:root:2021-08-02-12--00--59 MovingFrameQueue Appended
INFO:root:2021-08-02-12--00--59 Colour Conversion Completed
INFO:root:2021-08-02-12--00--59 Sleep Check Completed
INFO:root:2021-08-02-12--00--59 Frame manipulations completed
INFO:root:2021-08-02-12--00--59 Bounding Box Drawn
INFO:root:2021-08-02-12--00--59 MovingFrameQueue Appended
INFO:root:2021-08-02-12--00--59 Colour Conversion Completed
INFO:root:2021-08-02-12--00--59 Sleep Check Completed
INFO:root:2021-08-02-12--00--59 Frame manipulations completed
INFO:root:2021-08-02-12--00--59 Bounding Box Drawn
INFO:root:2021-08-02-12--00--59 MovingFrameQueue Appended
INFO:root:2021-08-02-12--00--59 Colour Conversion Completed
INFO:root:2021-08-02-12--00--59 Sleep Check Completed
INFO:root:2021-08-02-12--00--59 Frame manipulations completed
INFO:root:2021-08-02-12--00--59 Bounding Box Drawn
INFO:root:2021-08-02-12--01--00 MovingFrameQueue Appended
INFO:root:2021-08-02-12--01--00 Colour Conversion Completed
INFO:root:2021-08-02-12--01--00 Sleep Check Completed
INFO:root:2021-08-02-12--01--00 Frame manipulations completed
INFO:root:2021-08-02-12--01--00 Bounding Box Drawn
INFO:root:2021-08-02-12--01--00 MovingFrameQueue Appended
INFO:root:2021-08-02-12--01--00 Colour Conversion Completed
INFO:root:2021-08-02-12--01--00 Sleep Check Completed
INFO:root:2021-08-02-12--01--00 Frame manipulations completed
INFO:root:2021-08-02-12--01--00 Bounding Box Drawn
INFO:root:2021-08-02-12--01--00 MovingFrameQueue Appended
INFO:root:2021-08-02-12--01--00 Colour Conversion Completed
INFO:root:2021-08-02-12--01--00 Sleep Check Completed
INFO:root:2021-08-02-12--01--00 Frame manipulations completed
INFO:root:2021-08-02-12--01--00 Bounding Box Drawn
INFO:root:2021-08-02-12--01--00 MovingFrameQueue Appended
INFO:root:2021-08-02-12--01--00 Colour Conversion Completed
INFO:root:2021-08-02-12--01--00 Sleep Check Completed
INFO:root:2021-08-02-12--01--00 Frame manipulations completed
INFO:root:2021-08-02-12--01--00 Bounding Box Drawn
INFO:root:2021-08-02-12--01--00 MovingFrameQueue Appended
INFO:root:2021-08-02-12--01--00 Colour Conversion Completed
INFO:root:2021-08-02-12--01--00 Sleep Check Completed
INFO:root:2021-08-02-12--01--00 Frame manipulations completed
INFO:root:2021-08-02-12--01--00 Bounding Box Drawn
INFO:root:2021-08-02-12--01--00 MovingFrameQueue Appended
INFO:root:2021-08-02-12--01--00 Colour Conversion Completed
INFO:root:2021-08-02-12--01--00 Sleep Check Completed
INFO:root:2021-08-02-12--01--00 Frame manipulations completed
INFO:root:2021-08-02-12--01--00 Bounding Box Drawn
INFO:root:2021-08-02-12--01--00 MovingFrameQueue Appended
INFO:root:2021-08-02-12--01--00 Colour Conversion Completed
INFO:root:2021-08-02-12--01--00 Sleep Check Completed
INFO:root:2021-08-02-12--01--00 Frame manipulations completed
INFO:root:2021-08-02-12--01--00 Bounding Box Drawn
INFO:root:2021-08-02-12--01--01 MovingFrameQueue Appended
INFO:root:2021-08-02-12--01--01 Colour Conversion Completed
INFO:root:2021-08-02-12--01--01 Sleep Check Completed
INFO:root:2021-08-02-12--01--01 Frame manipulations completed
INFO:root:2021-08-02-12--01--01 Bounding Box Drawn
INFO:root:2021-08-02-12--01--01 MovingFrameQueue Appended
INFO:root:2021-08-02-12--01--01 Colour Conversion Completed
INFO:root:2021-08-02-12--01--01 Sleep Check Completed
INFO:root:2021-08-02-12--01--01 Frame manipulations completed
INFO:root:2021-08-02-12--01--01 Bounding Box Drawn
INFO:root:2021-08-02-12--01--01 MovingFrameQueue Appended
INFO:root:2021-08-02-12--01--01 Colour Conversion Completed
INFO:root:2021-08-02-12--01--01 Sleep Check Completed
INFO:root:2021-08-02-12--01--01 Frame manipulations completed
INFO:root:2021-08-02-12--01--01 Bounding Box Drawn
INFO:root:2021-08-02-12--01--01 MovingFrameQueue Appended
INFO:root:2021-08-02-12--01--01 Colour Conversion Completed
INFO:root:2021-08-02-12--01--01 Sleep Check Completed
INFO:root:2021-08-02-12--01--01 Frame manipulations completed
INFO:root:2021-08-02-12--01--01 Bounding Box Drawn
INFO:root:2021-08-02-12--01--01 MovingFrameQueue Appended
INFO:root:2021-08-02-12--01--01 Colour Conversion Completed
INFO:root:2021-08-02-12--01--01 Sleep Check Completed
INFO:root:2021-08-02-12--01--01 Frame manipulations completed
INFO:root:2021-08-02-12--01--01 Bounding Box Drawn
INFO:root:2021-08-02-12--01--01 MovingFrameQueue Appended
INFO:root:2021-08-02-12--01--01 Colour Conversion Completed
INFO:root:2021-08-02-12--01--01 Sleep Check Completed
INFO:root:2021-08-02-12--01--01 Frame manipulations completed
INFO:root:2021-08-02-12--01--01 Bounding Box Drawn
INFO:root:2021-08-02-12--01--02 MovingFrameQueue Appended
INFO:root:2021-08-02-12--01--02 Colour Conversion Completed
INFO:root:2021-08-02-12--01--02 Sleep Check Completed
INFO:root:2021-08-02-12--01--02 Frame manipulations completed
INFO:root:2021-08-02-12--01--02 Bounding Box Drawn
INFO:root:2021-08-02-12--01--02 MovingFrameQueue Appended
INFO:root:2021-08-02-12--01--02 Colour Conversion Completed
INFO:root:2021-08-02-12--01--02 Sleep Check Completed
INFO:root:2021-08-02-12--01--02 Frame manipulations completed
INFO:root:2021-08-02-12--01--02 Bounding Box Drawn
INFO:root:2021-08-02-12--01--02 MovingFrameQueue Appended
INFO:root:2021-08-02-12--01--02 Colour Conversion Completed
INFO:root:2021-08-02-12--01--02 Sleep Check Completed
INFO:root:2021-08-02-12--01--02 Frame manipulations completed
INFO:root:2021-08-02-12--01--02 Bounding Box Drawn
INFO:root:2021-08-02-12--01--02 MovingFrameQueue Appended
INFO:root:2021-08-02-12--01--02 Colour Conversion Completed
INFO:root:2021-08-02-12--01--02 Sleep Check Completed
INFO:root:2021-08-02-12--01--02 Frame manipulations completed
INFO:root:2021-08-02-12--01--02 Bounding Box Drawn
INFO:root:2021-08-02-12--01--02 MovingFrameQueue Appended
INFO:root:2021-08-02-12--01--02 Colour Conversion Completed
INFO:root:2021-08-02-12--01--02 Sleep Check Completed
INFO:root:2021-08-02-12--01--02 Frame manipulations completed
INFO:root:2021-08-02-12--01--02 Bounding Box Drawn
INFO:root:2021-08-02-12--01--03 MovingFrameQueue Popped
INFO:root:2021-08-02-12--01--03 Anomally Detected, starting call for more frames
INFO:root:2021-08-02-12--01--03 anomallyFrameTracker resetted to 50
INFO:root:2021-08-02-12--01--03 Colour Conversion Completed
INFO:root:2021-08-02-12--01--03 Sleep Check Completed
INFO:root:2021-08-02-12--01--03 Frame manipulations completed
INFO:root:2021-08-02-12--01--03 Bounding Box Drawn
INFO:root:2021-08-02-12--01--03 MovingFrameQueue Appended
INFO:root:2021-08-02-12--01--03 Anomally Detected, starting call for more frames
INFO:root:2021-08-02-12--01--03 Colour Conversion Completed
INFO:root:2021-08-02-12--01--03 Sleep Check Completed
INFO:root:2021-08-02-12--01--03 Frame manipulations completed
INFO:root:2021-08-02-12--01--03 Bounding Box Drawn
INFO:root:2021-08-02-12--01--03 MovingFrameQueue Popped
INFO:root:2021-08-02-12--01--03 Anomally Detected, starting call for more frames
INFO:root:2021-08-02-12--01--03 Colour Conversion Completed
INFO:root:2021-08-02-12--01--03 Sleep Check Completed
INFO:root:2021-08-02-12--01--03 Frame manipulations completed
INFO:root:2021-08-02-12--01--03 Bounding Box Drawn
INFO:root:2021-08-02-12--01--03 MovingFrameQueue Appended
INFO:root:2021-08-02-12--01--03 Anomally Detected, starting call for more frames
INFO:root:2021-08-02-12--01--03 Colour Conversion Completed
INFO:root:2021-08-02-12--01--03 Sleep Check Completed
INFO:root:2021-08-02-12--01--03 Frame manipulations completed
INFO:root:2021-08-02-12--01--03 Bounding Box Drawn
INFO:root:2021-08-02-12--01--03 MovingFrameQueue Popped
INFO:root:2021-08-02-12--01--03 Anomally Detected, starting call for more frames
INFO:root:2021-08-02-12--01--03 Colour Conversion Completed
INFO:root:2021-08-02-12--01--03 Sleep Check Completed
INFO:root:2021-08-02-12--01--03 Frame manipulations completed
INFO:root:2021-08-02-12--01--03 Bounding Box Drawn
INFO:root:2021-08-02-12--01--03 MovingFrameQueue Appended
INFO:root:2021-08-02-12--01--03 Anomally Detected, starting call for more frames
INFO:root:2021-08-02-12--01--03 Colour Conversion Completed
INFO:root:2021-08-02-12--01--03 Sleep Check Completed
INFO:root:2021-08-02-12--01--03 Frame manipulations completed
INFO:root:2021-08-02-12--01--03 Bounding Box Drawn
INFO:root:2021-08-02-12--01--04 MovingFrameQueue Popped
INFO:root:2021-08-02-12--01--04 Anomally Detected, starting call for more frames
INFO:root:2021-08-02-12--01--04 Colour Conversion Completed
INFO:root:2021-08-02-12--01--04 Sleep Check Completed
INFO:root:2021-08-02-12--01--04 Frame manipulations completed
INFO:root:2021-08-02-12--01--04 Bounding Box Drawn
INFO:root:2021-08-02-12--01--04 MovingFrameQueue Appended
INFO:root:2021-08-02-12--01--04 Anomally Detected, starting call for more frames
INFO:root:2021-08-02-12--01--04 Colour Conversion Completed
INFO:root:2021-08-02-12--01--04 Sleep Check Completed
INFO:root:2021-08-02-12--01--04 Frame manipulations completed
INFO:root:2021-08-02-12--01--04 Bounding Box Drawn
INFO:root:2021-08-02-12--01--04 MovingFrameQueue Popped
INFO:root:2021-08-02-12--01--04 Anomally Detected, starting call for more frames
INFO:root:2021-08-02-12--01--04 Colour Conversion Completed
INFO:root:2021-08-02-12--01--04 Sleep Check Completed
INFO:root:2021-08-02-12--01--04 Frame manipulations completed
INFO:root:2021-08-02-12--01--04 Bounding Box Drawn
INFO:root:2021-08-02-12--01--04 MovingFrameQueue Appended
INFO:root:2021-08-02-12--01--04 Anomally Detected, starting call for more frames
INFO:root:2021-08-02-12--01--04 Colour Conversion Completed
INFO:root:2021-08-02-12--01--04 Sleep Check Completed
INFO:root:2021-08-02-12--01--04 Frame manipulations completed
INFO:root:2021-08-02-12--01--04 Bounding Box Drawn
INFO:root:2021-08-02-12--01--04 MovingFrameQueue Popped
INFO:root:2021-08-02-12--01--04 Anomally Detected, starting call for more frames
INFO:root:2021-08-02-12--01--04 Colour Conversion Completed
INFO:root:2021-08-02-12--01--04 Sleep Check Completed
INFO:root:2021-08-02-12--01--04 Frame manipulations completed
INFO:root:2021-08-02-12--01--04 Bounding Box Drawn
INFO:root:2021-08-02-12--01--05 MovingFrameQueue Appended
INFO:root:2021-08-02-12--01--05 Anomally Detected, starting call for more frames
INFO:root:2021-08-02-12--01--05 Colour Conversion Completed
INFO:root:2021-08-02-12--01--05 Sleep Check Completed
INFO:root:2021-08-02-12--01--05 Frame manipulations completed
INFO:root:2021-08-02-12--01--05 Bounding Box Drawn
INFO:root:2021-08-02-12--01--05 MovingFrameQueue Popped
INFO:root:2021-08-02-12--01--05 Anomally Detected, starting call for more frames
INFO:root:2021-08-02-12--01--05 Colour Conversion Completed
INFO:root:2021-08-02-12--01--05 Sleep Check Completed
INFO:root:2021-08-02-12--01--05 Frame manipulations completed
INFO:root:2021-08-02-12--01--05 Bounding Box Drawn
INFO:root:2021-08-02-12--01--05 MovingFrameQueue Appended
INFO:root:2021-08-02-12--01--05 Anomally Detected, starting call for more frames
INFO:root:2021-08-02-12--01--05 Colour Conversion Completed
INFO:root:2021-08-02-12--01--05 Sleep Check Completed
INFO:root:2021-08-02-12--01--05 Frame manipulations completed
INFO:root:2021-08-02-12--01--05 Bounding Box Drawn
INFO:root:2021-08-02-12--01--05 MovingFrameQueue Popped
INFO:root:2021-08-02-12--01--05 Anomally Detected, starting call for more frames
INFO:root:2021-08-02-12--01--05 Colour Conversion Completed
INFO:root:2021-08-02-12--01--05 Sleep Check Completed
INFO:root:2021-08-02-12--01--05 Frame manipulations completed
INFO:root:2021-08-02-12--01--05 Bounding Box Drawn
INFO:root:2021-08-02-12--01--05 MovingFrameQueue Appended
INFO:root:2021-08-02-12--01--05 Anomally Detected, starting call for more frames
INFO:root:2021-08-02-12--01--06 Colour Conversion Completed
INFO:root:2021-08-02-12--01--06 Sleep Check Completed
INFO:root:2021-08-02-12--01--06 Frame manipulations completed
INFO:root:2021-08-02-12--01--06 Bounding Box Drawn
INFO:root:2021-08-02-12--01--06 MovingFrameQueue Popped
INFO:root:2021-08-02-12--01--06 Anomally Detected, starting call for more frames
INFO:root:2021-08-02-12--01--06 Colour Conversion Completed
INFO:root:2021-08-02-12--01--06 Sleep Check Completed
INFO:root:2021-08-02-12--01--06 Frame manipulations completed
INFO:root:2021-08-02-12--01--06 Bounding Box Drawn
INFO:root:2021-08-02-12--01--06 MovingFrameQueue Appended
INFO:root:2021-08-02-12--01--06 Anomally Detected, starting call for more frames
INFO:root:2021-08-02-12--01--06 Colour Conversion Completed
INFO:root:2021-08-02-12--01--06 Sleep Check Completed
INFO:root:2021-08-02-12--01--06 Frame manipulations completed
INFO:root:2021-08-02-12--01--06 Bounding Box Drawn
INFO:root:2021-08-02-12--01--06 MovingFrameQueue Popped
INFO:root:2021-08-02-12--01--06 Anomally Detected, starting call for more frames
INFO:root:2021-08-02-12--01--06 Colour Conversion Completed
INFO:root:2021-08-02-12--01--06 Sleep Check Completed
INFO:root:2021-08-02-12--01--06 Frame manipulations completed
INFO:root:2021-08-02-12--01--06 Bounding Box Drawn
INFO:root:2021-08-02-12--01--07 MovingFrameQueue Appended
INFO:root:2021-08-02-12--01--07 Anomally Detected, starting call for more frames
INFO:root:2021-08-02-12--01--07 Colour Conversion Completed
INFO:root:2021-08-02-12--01--07 Sleep Check Completed
INFO:root:2021-08-02-12--01--07 Frame manipulations completed
INFO:root:2021-08-02-12--01--07 Bounding Box Drawn
INFO:root:2021-08-02-12--01--07 MovingFrameQueue Popped
INFO:root:2021-08-02-12--01--07 Anomally Detected, starting call for more frames
INFO:root:2021-08-02-12--01--07 Colour Conversion Completed
INFO:root:2021-08-02-12--01--07 Sleep Check Completed
INFO:root:2021-08-02-12--01--07 Frame manipulations completed
INFO:root:2021-08-02-12--01--07 Bounding Box Drawn
INFO:root:2021-08-02-12--01--07 MovingFrameQueue Appended
INFO:root:2021-08-02-12--01--07 Anomally Detected, starting call for more frames
INFO:root:2021-08-02-12--01--07 Colour Conversion Completed
INFO:root:2021-08-02-12--01--07 Sleep Check Completed
INFO:root:2021-08-02-12--01--07 Frame manipulations completed
INFO:root:2021-08-02-12--01--07 Bounding Box Drawn
INFO:root:2021-08-02-12--01--07 MovingFrameQueue Popped
INFO:root:2021-08-02-12--01--07 Anomally Detected, starting call for more frames
INFO:root:2021-08-02-12--01--07 Colour Conversion Completed
INFO:root:2021-08-02-12--01--07 Sleep Check Completed
INFO:root:2021-08-02-12--01--07 Frame manipulations completed
INFO:root:2021-08-02-12--01--07 Bounding Box Drawn
INFO:root:2021-08-02-12--01--08 MovingFrameQueue Appended
INFO:root:2021-08-02-12--01--08 Anomally Detected, starting call for more frames
INFO:root:2021-08-02-12--01--08 Colour Conversion Completed
INFO:root:2021-08-02-12--01--08 Sleep Check Completed
INFO:root:2021-08-02-12--01--08 Frame manipulations completed
INFO:root:2021-08-02-12--01--08 Bounding Box Drawn
INFO:root:2021-08-02-12--01--08 MovingFrameQueue Popped
INFO:root:2021-08-02-12--01--08 Anomally Detected, starting call for more frames
INFO:root:2021-08-02-12--01--08 Colour Conversion Completed
INFO:root:2021-08-02-12--01--08 Sleep Check Completed
INFO:root:2021-08-02-12--01--08 Frame manipulations completed
INFO:root:2021-08-02-12--01--08 Bounding Box Drawn
INFO:root:2021-08-02-12--01--08 MovingFrameQueue Appended
INFO:root:2021-08-02-12--01--08 Anomally Detected, starting call for more frames
INFO:root:2021-08-02-12--01--08 Colour Conversion Completed
INFO:root:2021-08-02-12--01--08 Sleep Check Completed
INFO:root:2021-08-02-12--01--08 Frame manipulations completed
INFO:root:2021-08-02-12--01--08 Bounding Box Drawn
INFO:root:2021-08-02-12--01--08 MovingFrameQueue Popped
INFO:root:2021-08-02-12--01--08 Anomally Detected, starting call for more frames
INFO:root:2021-08-02-12--01--08 Colour Conversion Completed
INFO:root:2021-08-02-12--01--08 Sleep Check Completed
INFO:root:2021-08-02-12--01--08 Frame manipulations completed
INFO:root:2021-08-02-12--01--08 Bounding Box Drawn
INFO:root:2021-08-02-12--01--08 MovingFrameQueue Appended
INFO:root:2021-08-02-12--01--08 Colour Conversion Completed
INFO:root:2021-08-02-12--01--08 Sleep Check Completed
INFO:root:2021-08-02-12--01--08 Frame manipulations completed
INFO:root:2021-08-02-12--01--08 Bounding Box Drawn
INFO:root:2021-08-02-12--01--09 MovingFrameQueue Popped
INFO:root:2021-08-02-12--01--09 Colour Conversion Completed
INFO:root:2021-08-02-12--01--09 Sleep Check Completed
INFO:root:2021-08-02-12--01--09 Frame manipulations completed
INFO:root:2021-08-02-12--01--09 Bounding Box Drawn
INFO:root:2021-08-02-12--01--09 MovingFrameQueue Appended
INFO:root:2021-08-02-12--01--09 Colour Conversion Completed
INFO:root:2021-08-02-12--01--09 Sleep Check Completed
INFO:root:2021-08-02-12--01--09 Frame manipulations completed
INFO:root:2021-08-02-12--01--09 Bounding Box Drawn
INFO:root:2021-08-02-12--01--09 MovingFrameQueue Popped
INFO:root:2021-08-02-12--01--09 Colour Conversion Completed
INFO:root:2021-08-02-12--01--09 Sleep Check Completed
INFO:root:2021-08-02-12--01--09 Frame manipulations completed
INFO:root:2021-08-02-12--01--09 Bounding Box Drawn
INFO:root:2021-08-02-12--01--09 MovingFrameQueue Appended
INFO:root:2021-08-02-12--01--09 Colour Conversion Completed
INFO:root:2021-08-02-12--01--09 Sleep Check Completed
INFO:root:2021-08-02-12--01--09 Frame manipulations completed
INFO:root:2021-08-02-12--01--09 Bounding Box Drawn
INFO:root:2021-08-02-12--01--09 MovingFrameQueue Popped
INFO:root:2021-08-02-12--01--09 Colour Conversion Completed
INFO:root:2021-08-02-12--01--09 Sleep Check Completed
INFO:root:2021-08-02-12--01--09 Frame manipulations completed
INFO:root:2021-08-02-12--01--09 Bounding Box Drawn
INFO:root:2021-08-02-12--01--10 MovingFrameQueue Appended
INFO:root:2021-08-02-12--01--10 Colour Conversion Completed
INFO:root:2021-08-02-12--01--10 Sleep Check Completed
INFO:root:2021-08-02-12--01--10 Frame manipulations completed
INFO:root:2021-08-02-12--01--10 Bounding Box Drawn
INFO:root:2021-08-02-12--01--10 MovingFrameQueue Popped
INFO:root:2021-08-02-12--01--10 Colour Conversion Completed
INFO:root:2021-08-02-12--01--10 Sleep Check Completed
INFO:root:2021-08-02-12--01--10 Frame manipulations completed
INFO:root:2021-08-02-12--01--10 Bounding Box Drawn
INFO:root:2021-08-02-12--01--10 MovingFrameQueue Appended
INFO:root:2021-08-02-12--01--10 Colour Conversion Completed
INFO:root:2021-08-02-12--01--10 Sleep Check Completed
INFO:root:2021-08-02-12--01--10 Frame manipulations completed
INFO:root:2021-08-02-12--01--10 Bounding Box Drawn
INFO:root:2021-08-02-12--01--10 MovingFrameQueue Popped
INFO:root:2021-08-02-12--01--10 Colour Conversion Completed
INFO:root:2021-08-02-12--01--10 Sleep Check Completed
INFO:root:2021-08-02-12--01--10 Frame manipulations completed
INFO:root:2021-08-02-12--01--10 Bounding Box Drawn
INFO:root:2021-08-02-12--01--10 MovingFrameQueue Appended
INFO:root:2021-08-02-12--01--10 Colour Conversion Completed
INFO:root:2021-08-02-12--01--10 Sleep Check Completed
INFO:root:2021-08-02-12--01--10 Frame manipulations completed
INFO:root:2021-08-02-12--01--10 Bounding Box Drawn
INFO:root:2021-08-02-12--01--10 MovingFrameQueue Popped
INFO:root:2021-08-02-12--01--10 Colour Conversion Completed
INFO:root:2021-08-02-12--01--10 Sleep Check Completed
INFO:root:2021-08-02-12--01--10 Frame manipulations completed
INFO:root:2021-08-02-12--01--10 Bounding Box Drawn
INFO:root:2021-08-02-12--01--10 MovingFrameQueue Appended
INFO:root:2021-08-02-12--01--10 Colour Conversion Completed
INFO:root:2021-08-02-12--01--10 Sleep Check Completed
INFO:root:2021-08-02-12--01--10 Frame manipulations completed
INFO:root:2021-08-02-12--01--10 Bounding Box Drawn
INFO:root:2021-08-02-12--01--11 MovingFrameQueue Popped
INFO:root:2021-08-02-12--01--11 Colour Conversion Completed
INFO:root:2021-08-02-12--01--11 Sleep Check Completed
INFO:root:2021-08-02-12--01--11 Frame manipulations completed
INFO:root:2021-08-02-12--01--11 Bounding Box Drawn
INFO:root:2021-08-02-12--01--11[INFO] elapsed time: 22.16
INFO:root:2021-08-02-12--01--11[INFO] approx. FPS: 4.15
INFO:root:2021-08-02-12--01--12 Getting Auth Token Success
INFO:root:2021-08-02-12--01--13 Anomalous Detection Video Upload Completed
INFO:root:2021-08-02-12--01--13 Getting Auth Token Success
INFO:root:2021-08-02-12--01--13 BedTime Upload Completed
