INFO:root:2021-08-02-11--44--56 Parameter Generation Success
INFO:root:2021-08-02-11--44--56 Colour Conversion Completed
INFO:root:2021-08-02-11--44--56 Sleep Check Completed
INFO:root:2021-08-02-11--44--56 Frame manipulations completed
INFO:root:2021-08-02-11--44--56 Bounding Box Drawn
INFO:root:2021-08-02-11--45--02 MovingFrameQueue Appended
INFO:root:2021-08-02-11--45--02 Colour Conversion Completed
INFO:root:2021-08-02-11--45--02 Sleep Check Completed
INFO:root:2021-08-02-11--45--02 Frame manipulations completed
INFO:root:2021-08-02-11--45--02 Bounding Box Drawn
INFO:root:2021-08-02-11--45--02 MovingFrameQueue Appended
INFO:root:2021-08-02-11--45--02 Colour Conversion Completed
INFO:root:2021-08-02-11--45--02 Sleep Check Completed
INFO:root:2021-08-02-11--45--02 Frame manipulations completed
INFO:root:2021-08-02-11--45--02 Bounding Box Drawn
INFO:root:2021-08-02-11--45--02 MovingFrameQueue Appended
INFO:root:2021-08-02-11--45--02 Colour Conversion Completed
INFO:root:2021-08-02-11--45--02 Sleep Check Completed
INFO:root:2021-08-02-11--45--02 Frame manipulations completed
INFO:root:2021-08-02-11--45--02 Bounding Box Drawn
INFO:root:2021-08-02-11--45--02 MovingFrameQueue Appended
INFO:root:2021-08-02-11--45--02 Colour Conversion Completed
INFO:root:2021-08-02-11--45--02 Sleep Check Completed
INFO:root:2021-08-02-11--45--02 Frame manipulations completed
INFO:root:2021-08-02-11--45--02 Bounding Box Drawn
INFO:root:2021-08-02-11--45--02 MovingFrameQueue Appended
INFO:root:2021-08-02-11--45--02 Colour Conversion Completed
INFO:root:2021-08-02-11--45--02 Sleep Check Completed
INFO:root:2021-08-02-11--45--02 Frame manipulations completed
INFO:root:2021-08-02-11--45--02 Bounding Box Drawn
INFO:root:2021-08-02-11--45--02 MovingFrameQueue Appended
INFO:root:2021-08-02-11--45--02 Colour Conversion Completed
INFO:root:2021-08-02-11--45--03 Sleep Check Completed
INFO:root:2021-08-02-11--45--03 Frame manipulations completed
INFO:root:2021-08-02-11--45--03 Bounding Box Drawn
INFO:root:2021-08-02-11--45--03 MovingFrameQueue Appended
INFO:root:2021-08-02-11--45--03 Colour Conversion Completed
INFO:root:2021-08-02-11--45--03 Sleep Check Completed
INFO:root:2021-08-02-11--45--03 Frame manipulations completed
INFO:root:2021-08-02-11--45--03 Bounding Box Drawn
INFO:root:2021-08-02-11--45--03 MovingFrameQueue Appended
INFO:root:2021-08-02-11--45--03 Colour Conversion Completed
INFO:root:2021-08-02-11--45--03 Sleep Check Completed
INFO:root:2021-08-02-11--45--03 Frame manipulations completed
INFO:root:2021-08-02-11--45--03 Bounding Box Drawn
INFO:root:2021-08-02-11--45--03 MovingFrameQueue Appended
INFO:root:2021-08-02-11--45--03 Colour Conversion Completed
INFO:root:2021-08-02-11--45--03 Sleep Check Completed
INFO:root:2021-08-02-11--45--03 Frame manipulations completed
INFO:root:2021-08-02-11--45--03 Bounding Box Drawn
INFO:root:2021-08-02-11--45--03 MovingFrameQueue Appended
INFO:root:2021-08-02-11--45--03 Colour Conversion Completed
INFO:root:2021-08-02-11--45--04 Sleep Check Completed
INFO:root:2021-08-02-11--45--04 Frame manipulations completed
INFO:root:2021-08-02-11--45--04 Bounding Box Drawn
INFO:root:2021-08-02-11--45--04 MovingFrameQueue Appended
INFO:root:2021-08-02-11--45--04 Colour Conversion Completed
INFO:root:2021-08-02-11--45--04 Sleep Check Completed
INFO:root:2021-08-02-11--45--04 Frame manipulations completed
INFO:root:2021-08-02-11--45--04 Bounding Box Drawn
INFO:root:2021-08-02-11--45--04 MovingFrameQueue Appended
INFO:root:2021-08-02-11--45--04 Colour Conversion Completed
INFO:root:2021-08-02-11--45--04 Sleep Check Completed
INFO:root:2021-08-02-11--45--04 Frame manipulations completed
INFO:root:2021-08-02-11--45--04 Bounding Box Drawn
INFO:root:2021-08-02-11--45--04 MovingFrameQueue Appended
INFO:root:2021-08-02-11--45--04 Colour Conversion Completed
INFO:root:2021-08-02-11--45--04 Sleep Check Completed
INFO:root:2021-08-02-11--45--04 Frame manipulations completed
INFO:root:2021-08-02-11--45--04 Bounding Box Drawn
INFO:root:2021-08-02-11--45--04 MovingFrameQueue Appended
INFO:root:2021-08-02-11--45--04 Colour Conversion Completed
INFO:root:2021-08-02-11--45--04 Sleep Check Completed
INFO:root:2021-08-02-11--45--04 Frame manipulations completed
INFO:root:2021-08-02-11--45--04 Bounding Box Drawn
INFO:root:2021-08-02-11--45--04 MovingFrameQueue Appended
INFO:root:2021-08-02-11--45--04 Colour Conversion Completed
INFO:root:2021-08-02-11--45--04 Sleep Check Completed
INFO:root:2021-08-02-11--45--04 Frame manipulations completed
INFO:root:2021-08-02-11--45--04 Bounding Box Drawn
INFO:root:2021-08-02-11--45--04 MovingFrameQueue Appended
INFO:root:2021-08-02-11--45--04 Colour Conversion Completed
INFO:root:2021-08-02-11--45--04 Sleep Check Completed
INFO:root:2021-08-02-11--45--04 Frame manipulations completed
INFO:root:2021-08-02-11--45--04 Bounding Box Drawn
INFO:root:2021-08-02-11--45--05 MovingFrameQueue Appended
INFO:root:2021-08-02-11--45--05 Colour Conversion Completed
INFO:root:2021-08-02-11--45--05 Sleep Check Completed
INFO:root:2021-08-02-11--45--05 Frame manipulations completed
INFO:root:2021-08-02-11--45--05 Bounding Box Drawn
INFO:root:2021-08-02-11--45--05 MovingFrameQueue Appended
INFO:root:2021-08-02-11--45--05 Colour Conversion Completed
INFO:root:2021-08-02-11--45--05 Sleep Check Completed
INFO:root:2021-08-02-11--45--05 Frame manipulations completed
INFO:root:2021-08-02-11--45--05 Bounding Box Drawn
INFO:root:2021-08-02-11--45--05 MovingFrameQueue Appended
INFO:root:2021-08-02-11--45--05 Colour Conversion Completed
INFO:root:2021-08-02-11--45--05 Sleep Check Completed
INFO:root:2021-08-02-11--45--05 Frame manipulations completed
INFO:root:2021-08-02-11--45--05 Bounding Box Drawn
INFO:root:2021-08-02-11--45--05 MovingFrameQueue Appended
INFO:root:2021-08-02-11--45--05 Colour Conversion Completed
INFO:root:2021-08-02-11--45--05 Sleep Check Completed
INFO:root:2021-08-02-11--45--05 Frame manipulations completed
INFO:root:2021-08-02-11--45--05 Bounding Box Drawn
INFO:root:2021-08-02-11--45--05 MovingFrameQueue Appended
INFO:root:2021-08-02-11--45--05 Colour Conversion Completed
INFO:root:2021-08-02-11--45--05 Sleep Check Completed
INFO:root:2021-08-02-11--45--05 Frame manipulations completed
INFO:root:2021-08-02-11--45--05 Bounding Box Drawn
INFO:root:2021-08-02-11--45--05 MovingFrameQueue Appended
INFO:root:2021-08-02-11--45--05 Colour Conversion Completed
INFO:root:2021-08-02-11--45--05 Sleep Check Completed
INFO:root:2021-08-02-11--45--05 Frame manipulations completed
INFO:root:2021-08-02-11--45--05 Bounding Box Drawn
INFO:root:2021-08-02-11--45--05 MovingFrameQueue Appended
INFO:root:2021-08-02-11--45--05 Colour Conversion Completed
INFO:root:2021-08-02-11--45--05 Sleep Check Completed
INFO:root:2021-08-02-11--45--05 Frame manipulations completed
INFO:root:2021-08-02-11--45--05 Bounding Box Drawn
INFO:root:2021-08-02-11--45--05 MovingFrameQueue Appended
INFO:root:2021-08-02-11--45--05 Colour Conversion Completed
INFO:root:2021-08-02-11--45--05 Sleep Check Completed
INFO:root:2021-08-02-11--45--05 Frame manipulations completed
INFO:root:2021-08-02-11--45--05 Bounding Box Drawn
INFO:root:2021-08-02-11--45--06 MovingFrameQueue Appended
INFO:root:2021-08-02-11--45--06 Colour Conversion Completed
INFO:root:2021-08-02-11--45--06 Sleep Check Completed
INFO:root:2021-08-02-11--45--06 Frame manipulations completed
INFO:root:2021-08-02-11--45--06 Bounding Box Drawn
INFO:root:2021-08-02-11--45--06 MovingFrameQueue Appended
INFO:root:2021-08-02-11--45--06 Colour Conversion Completed
INFO:root:2021-08-02-11--45--06 Sleep Check Completed
INFO:root:2021-08-02-11--45--06 Frame manipulations completed
INFO:root:2021-08-02-11--45--06 Bounding Box Drawn
INFO:root:2021-08-02-11--45--06 MovingFrameQueue Appended
INFO:root:2021-08-02-11--45--06 Colour Conversion Completed
INFO:root:2021-08-02-11--45--06 Sleep Check Completed
INFO:root:2021-08-02-11--45--06 Frame manipulations completed
INFO:root:2021-08-02-11--45--06 Bounding Box Drawn
INFO:root:2021-08-02-11--45--06 MovingFrameQueue Appended
INFO:root:2021-08-02-11--45--06 Colour Conversion Completed
INFO:root:2021-08-02-11--45--06 Sleep Check Completed
INFO:root:2021-08-02-11--45--06 Frame manipulations completed
INFO:root:2021-08-02-11--45--06 Bounding Box Drawn
INFO:root:2021-08-02-11--45--06 MovingFrameQueue Appended
INFO:root:2021-08-02-11--45--06 Colour Conversion Completed
INFO:root:2021-08-02-11--45--06 Sleep Check Completed
INFO:root:2021-08-02-11--45--06 Frame manipulations completed
INFO:root:2021-08-02-11--45--06 Bounding Box Drawn
INFO:root:2021-08-02-11--45--06 MovingFrameQueue Appended
INFO:root:2021-08-02-11--45--06 Colour Conversion Completed
INFO:root:2021-08-02-11--45--06 Sleep Check Completed
INFO:root:2021-08-02-11--45--06 Frame manipulations completed
INFO:root:2021-08-02-11--45--06 Bounding Box Drawn
INFO:root:2021-08-02-11--45--06 MovingFrameQueue Appended
INFO:root:2021-08-02-11--45--06 Colour Conversion Completed
INFO:root:2021-08-02-11--45--06 Sleep Check Completed
INFO:root:2021-08-02-11--45--06 Frame manipulations completed
INFO:root:2021-08-02-11--45--06 Bounding Box Drawn
INFO:root:2021-08-02-11--45--06 MovingFrameQueue Appended
INFO:root:2021-08-02-11--45--06 Colour Conversion Completed
INFO:root:2021-08-02-11--45--06 Sleep Check Completed
INFO:root:2021-08-02-11--45--06 Frame manipulations completed
INFO:root:2021-08-02-11--45--06 Bounding Box Drawn
INFO:root:2021-08-02-11--45--07 MovingFrameQueue Appended
INFO:root:2021-08-02-11--45--07 Colour Conversion Completed
INFO:root:2021-08-02-11--45--07 Sleep Check Completed
INFO:root:2021-08-02-11--45--07 Frame manipulations completed
INFO:root:2021-08-02-11--45--07 Bounding Box Drawn
INFO:root:2021-08-02-11--45--07 MovingFrameQueue Appended
INFO:root:2021-08-02-11--45--07 Colour Conversion Completed
INFO:root:2021-08-02-11--45--07 Sleep Check Completed
INFO:root:2021-08-02-11--45--07 Frame manipulations completed
INFO:root:2021-08-02-11--45--07 Bounding Box Drawn
INFO:root:2021-08-02-11--45--07 MovingFrameQueue Appended
INFO:root:2021-08-02-11--45--07 Colour Conversion Completed
INFO:root:2021-08-02-11--45--07 Sleep Check Completed
INFO:root:2021-08-02-11--45--07 Frame manipulations completed
INFO:root:2021-08-02-11--45--07 Bounding Box Drawn
INFO:root:2021-08-02-11--45--07 MovingFrameQueue Appended
INFO:root:2021-08-02-11--45--07 Colour Conversion Completed
INFO:root:2021-08-02-11--45--07 Sleep Check Completed
INFO:root:2021-08-02-11--45--07 Frame manipulations completed
INFO:root:2021-08-02-11--45--07 Bounding Box Drawn
INFO:root:2021-08-02-11--45--07 MovingFrameQueue Appended
INFO:root:2021-08-02-11--45--07 Colour Conversion Completed
INFO:root:2021-08-02-11--45--08 Sleep Check Completed
INFO:root:2021-08-02-11--45--08 Frame manipulations completed
INFO:root:2021-08-02-11--45--08 Bounding Box Drawn
INFO:root:2021-08-02-11--45--08 MovingFrameQueue Appended
INFO:root:2021-08-02-11--45--08 Colour Conversion Completed
INFO:root:2021-08-02-11--45--08 Sleep Check Completed
INFO:root:2021-08-02-11--45--08 Frame manipulations completed
INFO:root:2021-08-02-11--45--08 Bounding Box Drawn
INFO:root:2021-08-02-11--45--08 MovingFrameQueue Appended
INFO:root:2021-08-02-11--45--08 Colour Conversion Completed
INFO:root:2021-08-02-11--45--08 Sleep Check Completed
INFO:root:2021-08-02-11--45--08 Frame manipulations completed
INFO:root:2021-08-02-11--45--08 Bounding Box Drawn
INFO:root:2021-08-02-11--45--08 MovingFrameQueue Appended
INFO:root:2021-08-02-11--45--08 Colour Conversion Completed
INFO:root:2021-08-02-11--45--08 Sleep Check Completed
INFO:root:2021-08-02-11--45--08 Frame manipulations completed
INFO:root:2021-08-02-11--45--08 Bounding Box Drawn
INFO:root:2021-08-02-11--45--08 MovingFrameQueue Appended
INFO:root:2021-08-02-11--45--08 Colour Conversion Completed
INFO:root:2021-08-02-11--45--08 Sleep Check Completed
INFO:root:2021-08-02-11--45--08 Frame manipulations completed
INFO:root:2021-08-02-11--45--08 Bounding Box Drawn
INFO:root:2021-08-02-11--45--08 MovingFrameQueue Appended
INFO:root:2021-08-02-11--45--08 Colour Conversion Completed
INFO:root:2021-08-02-11--45--08 Sleep Check Completed
INFO:root:2021-08-02-11--45--08 Frame manipulations completed
INFO:root:2021-08-02-11--45--08 Bounding Box Drawn
INFO:root:2021-08-02-11--45--08 MovingFrameQueue Appended
INFO:root:2021-08-02-11--45--08 Colour Conversion Completed
INFO:root:2021-08-02-11--45--08 Sleep Check Completed
INFO:root:2021-08-02-11--45--08 Frame manipulations completed
INFO:root:2021-08-02-11--45--08 Bounding Box Drawn
INFO:root:2021-08-02-11--45--08 MovingFrameQueue Appended
INFO:root:2021-08-02-11--45--08 Colour Conversion Completed
INFO:root:2021-08-02-11--45--08 Sleep Check Completed
INFO:root:2021-08-02-11--45--08 Frame manipulations completed
INFO:root:2021-08-02-11--45--08 Bounding Box Drawn
INFO:root:2021-08-02-11--45--08 MovingFrameQueue Appended
INFO:root:2021-08-02-11--45--08 Colour Conversion Completed
INFO:root:2021-08-02-11--45--08 Sleep Check Completed
INFO:root:2021-08-02-11--45--08 Frame manipulations completed
INFO:root:2021-08-02-11--45--08 Bounding Box Drawn
INFO:root:2021-08-02-11--45--08 MovingFrameQueue Appended
INFO:root:2021-08-02-11--45--08 Colour Conversion Completed
INFO:root:2021-08-02-11--45--08 Sleep Check Completed
INFO:root:2021-08-02-11--45--08 Frame manipulations completed
INFO:root:2021-08-02-11--45--08 Bounding Box Drawn
INFO:root:2021-08-02-11--45--09 MovingFrameQueue Appended
INFO:root:2021-08-02-11--45--09 Colour Conversion Completed
INFO:root:2021-08-02-11--45--09 Sleep Check Completed
INFO:root:2021-08-02-11--45--09 Frame manipulations completed
INFO:root:2021-08-02-11--45--09 Bounding Box Drawn
INFO:root:2021-08-02-11--45--09 MovingFrameQueue Appended
INFO:root:2021-08-02-11--45--09 Colour Conversion Completed
INFO:root:2021-08-02-11--45--09 Sleep Check Completed
INFO:root:2021-08-02-11--45--09 Frame manipulations completed
INFO:root:2021-08-02-11--45--09 Bounding Box Drawn
INFO:root:2021-08-02-11--45--09 MovingFrameQueue Appended
INFO:root:2021-08-02-11--45--09 Colour Conversion Completed
INFO:root:2021-08-02-11--45--09 Sleep Check Completed
INFO:root:2021-08-02-11--45--09 Frame manipulations completed
INFO:root:2021-08-02-11--45--09 Bounding Box Drawn
INFO:root:2021-08-02-11--45--09 MovingFrameQueue Appended
INFO:root:2021-08-02-11--45--09 Colour Conversion Completed
INFO:root:2021-08-02-11--45--09 Sleep Check Completed
INFO:root:2021-08-02-11--45--09 Frame manipulations completed
INFO:root:2021-08-02-11--45--09 Bounding Box Drawn
INFO:root:2021-08-02-11--45--09 MovingFrameQueue Appended
INFO:root:2021-08-02-11--45--09 Colour Conversion Completed
INFO:root:2021-08-02-11--45--09 Sleep Check Completed
INFO:root:2021-08-02-11--45--09 Frame manipulations completed
INFO:root:2021-08-02-11--45--09 Bounding Box Drawn
INFO:root:2021-08-02-11--45--09 MovingFrameQueue Popped
INFO:root:2021-08-02-11--45--09 Colour Conversion Completed
INFO:root:2021-08-02-11--45--09 Sleep Check Completed
INFO:root:2021-08-02-11--45--09 Frame manipulations completed
INFO:root:2021-08-02-11--45--09 Bounding Box Drawn
INFO:root:2021-08-02-11--45--09 MovingFrameQueue Appended
INFO:root:2021-08-02-11--45--09 Colour Conversion Completed
INFO:root:2021-08-02-11--45--09 Sleep Check Completed
INFO:root:2021-08-02-11--45--09 Frame manipulations completed
INFO:root:2021-08-02-11--45--09 Bounding Box Drawn
INFO:root:2021-08-02-11--45--09 MovingFrameQueue Popped
INFO:root:2021-08-02-11--45--09 Colour Conversion Completed
INFO:root:2021-08-02-11--45--09 Sleep Check Completed
INFO:root:2021-08-02-11--45--09 Frame manipulations completed
INFO:root:2021-08-02-11--45--09 Bounding Box Drawn
INFO:root:2021-08-02-11--45--09 MovingFrameQueue Appended
INFO:root:2021-08-02-11--45--09 Colour Conversion Completed
INFO:root:2021-08-02-11--45--10 Sleep Check Completed
INFO:root:2021-08-02-11--45--10 Frame manipulations completed
INFO:root:2021-08-02-11--45--10 Bounding Box Drawn
INFO:root:2021-08-02-11--45--10 MovingFrameQueue Popped
INFO:root:2021-08-02-11--45--10 Colour Conversion Completed
INFO:root:2021-08-02-11--45--10 Sleep Check Completed
INFO:root:2021-08-02-11--45--10 Frame manipulations completed
INFO:root:2021-08-02-11--45--10 Bounding Box Drawn
INFO:root:2021-08-02-11--45--10 MovingFrameQueue Appended
INFO:root:2021-08-02-11--45--10 Colour Conversion Completed
INFO:root:2021-08-02-11--45--10 Sleep Check Completed
INFO:root:2021-08-02-11--45--10 Frame manipulations completed
INFO:root:2021-08-02-11--45--10 Bounding Box Drawn
INFO:root:2021-08-02-11--45--10 MovingFrameQueue Popped
INFO:root:2021-08-02-11--45--10 Colour Conversion Completed
INFO:root:2021-08-02-11--45--10 Sleep Check Completed
INFO:root:2021-08-02-11--45--10 Frame manipulations completed
INFO:root:2021-08-02-11--45--10 Bounding Box Drawn
INFO:root:2021-08-02-11--45--10 MovingFrameQueue Appended
INFO:root:2021-08-02-11--45--10 Colour Conversion Completed
INFO:root:2021-08-02-11--45--10 Sleep Check Completed
INFO:root:2021-08-02-11--45--10 Frame manipulations completed
INFO:root:2021-08-02-11--45--10 Bounding Box Drawn
INFO:root:2021-08-02-11--45--10[INFO] elapsed time: 13.78
INFO:root:2021-08-02-11--45--10[INFO] approx. FPS: 4.28
