INFO:root:2021-07-16-16--03--48 Parameter Generation Success
INFO:root:2021-07-16-16--03--48 Colour Conversion Completed
INFO:root:2021-07-16-16--03--48 Sleep Check Completed
INFO:root:2021-07-16-16--03--48 Frame manipulations completed
INFO:root:2021-07-16-16--03--48 Bounding Box Drawn
INFO:root:2021-07-16-16--03--53 MovingFrameQueue Appended
INFO:root:2021-07-16-16--03--53 anomallyFrameTracker resetted to 200
INFO:root:2021-07-16-16--03--53 Colour Conversion Completed
INFO:root:2021-07-16-16--03--53 Sleep Check Completed
INFO:root:2021-07-16-16--03--53 Frame manipulations completed
INFO:root:2021-07-16-16--03--53 Bounding Box Drawn
INFO:root:2021-07-16-16--03--53 MovingFrameQueue Appended
INFO:root:2021-07-16-16--03--53 anomallyFrameTracker resetted to 200
INFO:root:2021-07-16-16--03--53 Colour Conversion Completed
INFO:root:2021-07-16-16--03--53 Sleep Check Completed
INFO:root:2021-07-16-16--03--53 Frame manipulations completed
INFO:root:2021-07-16-16--03--53 Bounding Box Drawn
INFO:root:2021-07-16-16--03--53 MovingFrameQueue Appended
INFO:root:2021-07-16-16--03--53 anomallyFrameTracker resetted to 200
INFO:root:2021-07-16-16--03--53 Colour Conversion Completed
INFO:root:2021-07-16-16--03--53 Sleep Check Completed
INFO:root:2021-07-16-16--03--53 Frame manipulations completed
INFO:root:2021-07-16-16--03--53 Bounding Box Drawn
INFO:root:2021-07-16-16--03--53 MovingFrameQueue Appended
INFO:root:2021-07-16-16--03--53 anomallyFrameTracker resetted to 200
INFO:root:2021-07-16-16--03--53 Colour Conversion Completed
INFO:root:2021-07-16-16--03--53 Sleep Check Completed
INFO:root:2021-07-16-16--03--53 Frame manipulations completed
INFO:root:2021-07-16-16--03--53 Bounding Box Drawn
INFO:root:2021-07-16-16--03--53 MovingFrameQueue Appended
INFO:root:2021-07-16-16--03--53 anomallyFrameTracker resetted to 200
INFO:root:2021-07-16-16--03--53 Colour Conversion Completed
INFO:root:2021-07-16-16--03--53 Sleep Check Completed
INFO:root:2021-07-16-16--03--53 Frame manipulations completed
INFO:root:2021-07-16-16--03--53 Bounding Box Drawn
INFO:root:2021-07-16-16--03--53 MovingFrameQueue Appended
INFO:root:2021-07-16-16--03--53 anomallyFrameTracker resetted to 200
INFO:root:2021-07-16-16--03--53 Colour Conversion Completed
INFO:root:2021-07-16-16--03--53 Sleep Check Completed
INFO:root:2021-07-16-16--03--53 Frame manipulations completed
INFO:root:2021-07-16-16--03--53 Bounding Box Drawn
INFO:root:2021-07-16-16--03--53 MovingFrameQueue Appended
INFO:root:2021-07-16-16--03--53 anomallyFrameTracker resetted to 200
INFO:root:2021-07-16-16--03--53 Colour Conversion Completed
INFO:root:2021-07-16-16--03--54 Sleep Check Completed
INFO:root:2021-07-16-16--03--54 Frame manipulations completed
INFO:root:2021-07-16-16--03--54 Bounding Box Drawn
INFO:root:2021-07-16-16--03--54 MovingFrameQueue Appended
INFO:root:2021-07-16-16--03--54 anomallyFrameTracker resetted to 200
INFO:root:2021-07-16-16--03--54 Colour Conversion Completed
INFO:root:2021-07-16-16--03--54 Sleep Check Completed
INFO:root:2021-07-16-16--03--54 Frame manipulations completed
INFO:root:2021-07-16-16--03--54 Bounding Box Drawn
INFO:root:2021-07-16-16--03--54 MovingFrameQueue Appended
INFO:root:2021-07-16-16--03--54 anomallyFrameTracker resetted to 200
INFO:root:2021-07-16-16--03--54 Colour Conversion Completed
INFO:root:2021-07-16-16--03--54 Sleep Check Completed
INFO:root:2021-07-16-16--03--54 Frame manipulations completed
INFO:root:2021-07-16-16--03--54 Bounding Box Drawn
INFO:root:2021-07-16-16--03--54 MovingFrameQueue Appended
INFO:root:2021-07-16-16--03--54 anomallyFrameTracker resetted to 200
INFO:root:2021-07-16-16--03--54 Colour Conversion Completed
INFO:root:2021-07-16-16--03--54 Sleep Check Completed
INFO:root:2021-07-16-16--03--54 Frame manipulations completed
INFO:root:2021-07-16-16--03--54 Bounding Box Drawn
INFO:root:2021-07-16-16--03--54 MovingFrameQueue Appended
INFO:root:2021-07-16-16--03--54 anomallyFrameTracker resetted to 200
INFO:root:2021-07-16-16--03--54 Colour Conversion Completed
INFO:root:2021-07-16-16--03--54 Sleep Check Completed
INFO:root:2021-07-16-16--03--54 Frame manipulations completed
INFO:root:2021-07-16-16--03--54 Bounding Box Drawn
INFO:root:2021-07-16-16--03--54 MovingFrameQueue Appended
INFO:root:2021-07-16-16--03--54 anomallyFrameTracker resetted to 200
INFO:root:2021-07-16-16--03--54 Colour Conversion Completed
INFO:root:2021-07-16-16--03--54 Sleep Check Completed
INFO:root:2021-07-16-16--03--54 Frame manipulations completed
INFO:root:2021-07-16-16--03--54 Bounding Box Drawn
INFO:root:2021-07-16-16--03--54 MovingFrameQueue Appended
INFO:root:2021-07-16-16--03--54 anomallyFrameTracker resetted to 200
INFO:root:2021-07-16-16--03--54 Colour Conversion Completed
INFO:root:2021-07-16-16--03--54 Sleep Check Completed
INFO:root:2021-07-16-16--03--54 Frame manipulations completed
INFO:root:2021-07-16-16--03--54 Bounding Box Drawn
INFO:root:2021-07-16-16--03--54 MovingFrameQueue Appended
INFO:root:2021-07-16-16--03--54 anomallyFrameTracker resetted to 200
INFO:root:2021-07-16-16--03--54 Colour Conversion Completed
INFO:root:2021-07-16-16--03--54 Sleep Check Completed
INFO:root:2021-07-16-16--03--54 Frame manipulations completed
INFO:root:2021-07-16-16--03--54 Bounding Box Drawn
INFO:root:2021-07-16-16--03--54 MovingFrameQueue Appended
INFO:root:2021-07-16-16--03--54 anomallyFrameTracker resetted to 200
INFO:root:2021-07-16-16--03--54 Colour Conversion Completed
INFO:root:2021-07-16-16--03--54 Sleep Check Completed
INFO:root:2021-07-16-16--03--54 Frame manipulations completed
INFO:root:2021-07-16-16--03--54 Bounding Box Drawn
INFO:root:2021-07-16-16--03--54 MovingFrameQueue Appended
INFO:root:2021-07-16-16--03--54 anomallyFrameTracker resetted to 200
INFO:root:2021-07-16-16--03--54 Colour Conversion Completed
INFO:root:2021-07-16-16--03--54 Sleep Check Completed
INFO:root:2021-07-16-16--03--54 Frame manipulations completed
INFO:root:2021-07-16-16--03--54 Bounding Box Drawn
INFO:root:2021-07-16-16--03--55 MovingFrameQueue Appended
INFO:root:2021-07-16-16--03--55 anomallyFrameTracker resetted to 200
INFO:root:2021-07-16-16--03--55 Colour Conversion Completed
INFO:root:2021-07-16-16--03--55 Sleep Check Completed
INFO:root:2021-07-16-16--03--55 Frame manipulations completed
INFO:root:2021-07-16-16--03--55 Bounding Box Drawn
INFO:root:2021-07-16-16--03--55 MovingFrameQueue Appended
INFO:root:2021-07-16-16--03--55 anomallyFrameTracker resetted to 200
INFO:root:2021-07-16-16--03--55 Colour Conversion Completed
INFO:root:2021-07-16-16--03--55 Sleep Check Completed
INFO:root:2021-07-16-16--03--55 Frame manipulations completed
INFO:root:2021-07-16-16--03--55 Bounding Box Drawn
INFO:root:2021-07-16-16--03--55 MovingFrameQueue Appended
INFO:root:2021-07-16-16--03--55 anomallyFrameTracker resetted to 200
INFO:root:2021-07-16-16--03--55 Colour Conversion Completed
INFO:root:2021-07-16-16--03--55 Sleep Check Completed
INFO:root:2021-07-16-16--03--55 Frame manipulations completed
INFO:root:2021-07-16-16--03--55 Bounding Box Drawn
INFO:root:2021-07-16-16--03--55 MovingFrameQueue Appended
INFO:root:2021-07-16-16--03--55 anomallyFrameTracker resetted to 200
INFO:root:2021-07-16-16--03--55 Colour Conversion Completed
INFO:root:2021-07-16-16--03--55 Sleep Check Completed
INFO:root:2021-07-16-16--03--55 Frame manipulations completed
INFO:root:2021-07-16-16--03--55 Bounding Box Drawn
INFO:root:2021-07-16-16--03--55 MovingFrameQueue Appended
INFO:root:2021-07-16-16--03--55 anomallyFrameTracker resetted to 200
INFO:root:2021-07-16-16--03--55 Colour Conversion Completed
INFO:root:2021-07-16-16--03--55 Sleep Check Completed
INFO:root:2021-07-16-16--03--55 Frame manipulations completed
INFO:root:2021-07-16-16--03--55 Bounding Box Drawn
INFO:root:2021-07-16-16--03--55 MovingFrameQueue Appended
INFO:root:2021-07-16-16--03--55 anomallyFrameTracker resetted to 200
INFO:root:2021-07-16-16--03--55 Colour Conversion Completed
INFO:root:2021-07-16-16--03--55 Sleep Check Completed
INFO:root:2021-07-16-16--03--55 Frame manipulations completed
INFO:root:2021-07-16-16--03--55 Bounding Box Drawn
INFO:root:2021-07-16-16--03--55 MovingFrameQueue Appended
INFO:root:2021-07-16-16--03--55 anomallyFrameTracker resetted to 200
INFO:root:2021-07-16-16--03--55 Colour Conversion Completed
INFO:root:2021-07-16-16--03--55 Sleep Check Completed
INFO:root:2021-07-16-16--03--55 Frame manipulations completed
INFO:root:2021-07-16-16--03--55 Bounding Box Drawn
INFO:root:2021-07-16-16--03--55 MovingFrameQueue Appended
INFO:root:2021-07-16-16--03--55 anomallyFrameTracker resetted to 200
INFO:root:2021-07-16-16--03--55 Colour Conversion Completed
INFO:root:2021-07-16-16--03--55 Sleep Check Completed
INFO:root:2021-07-16-16--03--55 Frame manipulations completed
INFO:root:2021-07-16-16--03--55 Bounding Box Drawn
INFO:root:2021-07-16-16--03--55 MovingFrameQueue Appended
INFO:root:2021-07-16-16--03--55 anomallyFrameTracker resetted to 200
INFO:root:2021-07-16-16--03--55 Colour Conversion Completed
INFO:root:2021-07-16-16--03--55 Sleep Check Completed
INFO:root:2021-07-16-16--03--55 Frame manipulations completed
INFO:root:2021-07-16-16--03--55 Bounding Box Drawn
INFO:root:2021-07-16-16--03--56 MovingFrameQueue Appended
INFO:root:2021-07-16-16--03--56 anomallyFrameTracker resetted to 200
INFO:root:2021-07-16-16--03--56 Colour Conversion Completed
INFO:root:2021-07-16-16--03--56 Sleep Check Completed
INFO:root:2021-07-16-16--03--56 Frame manipulations completed
INFO:root:2021-07-16-16--03--56 Bounding Box Drawn
INFO:root:2021-07-16-16--03--56 MovingFrameQueue Appended
INFO:root:2021-07-16-16--03--56 anomallyFrameTracker resetted to 200
INFO:root:2021-07-16-16--03--56 Colour Conversion Completed
INFO:root:2021-07-16-16--03--56 Sleep Check Completed
INFO:root:2021-07-16-16--03--56 Frame manipulations completed
INFO:root:2021-07-16-16--03--56 Bounding Box Drawn
INFO:root:2021-07-16-16--03--56 MovingFrameQueue Appended
INFO:root:2021-07-16-16--03--56 anomallyFrameTracker resetted to 200
INFO:root:2021-07-16-16--03--56 Colour Conversion Completed
INFO:root:2021-07-16-16--03--56 Sleep Check Completed
INFO:root:2021-07-16-16--03--56 Frame manipulations completed
INFO:root:2021-07-16-16--03--56 Bounding Box Drawn
INFO:root:2021-07-16-16--03--56 MovingFrameQueue Appended
INFO:root:2021-07-16-16--03--56 anomallyFrameTracker resetted to 200
INFO:root:2021-07-16-16--03--56 Colour Conversion Completed
INFO:root:2021-07-16-16--03--56 Sleep Check Completed
INFO:root:2021-07-16-16--03--56 Frame manipulations completed
INFO:root:2021-07-16-16--03--56 Bounding Box Drawn
INFO:root:2021-07-16-16--03--56 MovingFrameQueue Appended
INFO:root:2021-07-16-16--03--56 anomallyFrameTracker resetted to 200
INFO:root:2021-07-16-16--03--56 Colour Conversion Completed
INFO:root:2021-07-16-16--03--56 Sleep Check Completed
INFO:root:2021-07-16-16--03--56 Frame manipulations completed
INFO:root:2021-07-16-16--03--56 Bounding Box Drawn
INFO:root:2021-07-16-16--03--56 MovingFrameQueue Appended
INFO:root:2021-07-16-16--03--56 anomallyFrameTracker resetted to 200
INFO:root:2021-07-16-16--03--56 Colour Conversion Completed
INFO:root:2021-07-16-16--03--56 Sleep Check Completed
INFO:root:2021-07-16-16--03--56 Frame manipulations completed
INFO:root:2021-07-16-16--03--56 Bounding Box Drawn
INFO:root:2021-07-16-16--03--56 MovingFrameQueue Appended
INFO:root:2021-07-16-16--03--56 anomallyFrameTracker resetted to 200
INFO:root:2021-07-16-16--03--56 Colour Conversion Completed
INFO:root:2021-07-16-16--03--56 Sleep Check Completed
INFO:root:2021-07-16-16--03--56 Frame manipulations completed
INFO:root:2021-07-16-16--03--56 Bounding Box Drawn
INFO:root:2021-07-16-16--03--56 MovingFrameQueue Appended
INFO:root:2021-07-16-16--03--56 anomallyFrameTracker resetted to 200
INFO:root:2021-07-16-16--03--56 Colour Conversion Completed
INFO:root:2021-07-16-16--03--56 Sleep Check Completed
INFO:root:2021-07-16-16--03--56 Frame manipulations completed
INFO:root:2021-07-16-16--03--56 Bounding Box Drawn
INFO:root:2021-07-16-16--03--56 MovingFrameQueue Appended
INFO:root:2021-07-16-16--03--56 anomallyFrameTracker resetted to 200
INFO:root:2021-07-16-16--03--56 Colour Conversion Completed
INFO:root:2021-07-16-16--03--57 Sleep Check Completed
INFO:root:2021-07-16-16--03--57 Frame manipulations completed
INFO:root:2021-07-16-16--03--57 Bounding Box Drawn
INFO:root:2021-07-16-16--03--57 MovingFrameQueue Appended
INFO:root:2021-07-16-16--03--57 anomallyFrameTracker resetted to 200
INFO:root:2021-07-16-16--03--57 Colour Conversion Completed
INFO:root:2021-07-16-16--03--57 Sleep Check Completed
INFO:root:2021-07-16-16--03--57 Frame manipulations completed
INFO:root:2021-07-16-16--03--57 Bounding Box Drawn
INFO:root:2021-07-16-16--03--57 MovingFrameQueue Appended
INFO:root:2021-07-16-16--03--57 anomallyFrameTracker resetted to 200
INFO:root:2021-07-16-16--03--57 Colour Conversion Completed
INFO:root:2021-07-16-16--03--57 Sleep Check Completed
INFO:root:2021-07-16-16--03--57 Frame manipulations completed
INFO:root:2021-07-16-16--03--57 Bounding Box Drawn
INFO:root:2021-07-16-16--03--57 MovingFrameQueue Appended
INFO:root:2021-07-16-16--03--57 anomallyFrameTracker resetted to 200
INFO:root:2021-07-16-16--03--57 Colour Conversion Completed
INFO:root:2021-07-16-16--03--57 Sleep Check Completed
INFO:root:2021-07-16-16--03--57 Frame manipulations completed
INFO:root:2021-07-16-16--03--57 Bounding Box Drawn
INFO:root:2021-07-16-16--03--57 MovingFrameQueue Appended
INFO:root:2021-07-16-16--03--57 anomallyFrameTracker resetted to 200
INFO:root:2021-07-16-16--03--57 Colour Conversion Completed
INFO:root:2021-07-16-16--03--57 Sleep Check Completed
INFO:root:2021-07-16-16--03--57 Frame manipulations completed
INFO:root:2021-07-16-16--03--57 Bounding Box Drawn
INFO:root:2021-07-16-16--03--57 MovingFrameQueue Appended
INFO:root:2021-07-16-16--03--57 anomallyFrameTracker resetted to 200
INFO:root:2021-07-16-16--03--57 Colour Conversion Completed
INFO:root:2021-07-16-16--03--57 Sleep Check Completed
INFO:root:2021-07-16-16--03--57 Frame manipulations completed
INFO:root:2021-07-16-16--03--57 Bounding Box Drawn
INFO:root:2021-07-16-16--03--57 MovingFrameQueue Appended
INFO:root:2021-07-16-16--03--57 anomallyFrameTracker resetted to 200
INFO:root:2021-07-16-16--03--57 Colour Conversion Completed
INFO:root:2021-07-16-16--03--57 Sleep Check Completed
INFO:root:2021-07-16-16--03--57 Frame manipulations completed
INFO:root:2021-07-16-16--03--57 Bounding Box Drawn
INFO:root:2021-07-16-16--03--57 MovingFrameQueue Appended
INFO:root:2021-07-16-16--03--57 anomallyFrameTracker resetted to 200
INFO:root:2021-07-16-16--03--57 Colour Conversion Completed
INFO:root:2021-07-16-16--03--57 Sleep Check Completed
INFO:root:2021-07-16-16--03--57 Frame manipulations completed
INFO:root:2021-07-16-16--03--57 Bounding Box Drawn
INFO:root:2021-07-16-16--03--57 MovingFrameQueue Appended
INFO:root:2021-07-16-16--03--57 anomallyFrameTracker resetted to 200
INFO:root:2021-07-16-16--03--57 Colour Conversion Completed
INFO:root:2021-07-16-16--03--57 Sleep Check Completed
INFO:root:2021-07-16-16--03--57 Frame manipulations completed
INFO:root:2021-07-16-16--03--57 Bounding Box Drawn
INFO:root:2021-07-16-16--03--58 MovingFrameQueue Appended
INFO:root:2021-07-16-16--03--58 anomallyFrameTracker resetted to 200
INFO:root:2021-07-16-16--03--58 Colour Conversion Completed
INFO:root:2021-07-16-16--03--58 Sleep Check Completed
INFO:root:2021-07-16-16--03--58 Frame manipulations completed
INFO:root:2021-07-16-16--03--58 Bounding Box Drawn
INFO:root:2021-07-16-16--03--58 MovingFrameQueue Appended
INFO:root:2021-07-16-16--03--58 anomallyFrameTracker resetted to 200
INFO:root:2021-07-16-16--03--58 Colour Conversion Completed
INFO:root:2021-07-16-16--03--58 Sleep Check Completed
INFO:root:2021-07-16-16--03--58 Frame manipulations completed
INFO:root:2021-07-16-16--03--58 Bounding Box Drawn
INFO:root:2021-07-16-16--03--58 MovingFrameQueue Appended
INFO:root:2021-07-16-16--03--58 anomallyFrameTracker resetted to 200
INFO:root:2021-07-16-16--03--58 Colour Conversion Completed
INFO:root:2021-07-16-16--03--58 Sleep Check Completed
INFO:root:2021-07-16-16--03--58 Frame manipulations completed
INFO:root:2021-07-16-16--03--58 Bounding Box Drawn
INFO:root:2021-07-16-16--03--58 MovingFrameQueue Appended
INFO:root:2021-07-16-16--03--58 anomallyFrameTracker resetted to 200
INFO:root:2021-07-16-16--03--58 Colour Conversion Completed
INFO:root:2021-07-16-16--03--58 Sleep Check Completed
INFO:root:2021-07-16-16--03--58 Frame manipulations completed
INFO:root:2021-07-16-16--03--58 Bounding Box Drawn
INFO:root:2021-07-16-16--03--58 MovingFrameQueue Appended
INFO:root:2021-07-16-16--03--58 anomallyFrameTracker resetted to 200
INFO:root:2021-07-16-16--03--58 Colour Conversion Completed
INFO:root:2021-07-16-16--03--58 Sleep Check Completed
INFO:root:2021-07-16-16--03--58 Frame manipulations completed
INFO:root:2021-07-16-16--03--58 Bounding Box Drawn
INFO:root:2021-07-16-16--03--58 MovingFrameQueue Appended
INFO:root:2021-07-16-16--03--58 anomallyFrameTracker resetted to 200
INFO:root:2021-07-16-16--03--58 Colour Conversion Completed
INFO:root:2021-07-16-16--03--58 Sleep Check Completed
INFO:root:2021-07-16-16--03--58 Frame manipulations completed
INFO:root:2021-07-16-16--03--58 Bounding Box Drawn
INFO:root:2021-07-16-16--03--58 MovingFrameQueue Appended
INFO:root:2021-07-16-16--03--58 anomallyFrameTracker resetted to 200
INFO:root:2021-07-16-16--03--58 Colour Conversion Completed
INFO:root:2021-07-16-16--03--58 Sleep Check Completed
INFO:root:2021-07-16-16--03--58 Frame manipulations completed
INFO:root:2021-07-16-16--03--58 Bounding Box Drawn
INFO:root:2021-07-16-16--03--58 MovingFrameQueue Appended
INFO:root:2021-07-16-16--03--58 anomallyFrameTracker resetted to 200
INFO:root:2021-07-16-16--03--58 Colour Conversion Completed
INFO:root:2021-07-16-16--03--58 Sleep Check Completed
INFO:root:2021-07-16-16--03--58 Frame manipulations completed
INFO:root:2021-07-16-16--03--58 Bounding Box Drawn
INFO:root:2021-07-16-16--03--58 MovingFrameQueue Appended
INFO:root:2021-07-16-16--03--58 anomallyFrameTracker resetted to 200
INFO:root:2021-07-16-16--03--58 Colour Conversion Completed
INFO:root:2021-07-16-16--03--58 Sleep Check Completed
INFO:root:2021-07-16-16--03--58 Frame manipulations completed
INFO:root:2021-07-16-16--03--58 Bounding Box Drawn
INFO:root:2021-07-16-16--03--59 MovingFrameQueue Popped
INFO:root:2021-07-16-16--03--59 anomallyFrameTracker resetted to 200
INFO:root:2021-07-16-16--03--59 Colour Conversion Completed
INFO:root:2021-07-16-16--03--59 Sleep Check Completed
INFO:root:2021-07-16-16--03--59 Frame manipulations completed
INFO:root:2021-07-16-16--03--59 Bounding Box Drawn
INFO:root:2021-07-16-16--03--59 MovingFrameQueue Appended
INFO:root:2021-07-16-16--03--59 anomallyFrameTracker resetted to 200
INFO:root:2021-07-16-16--03--59 Colour Conversion Completed
INFO:root:2021-07-16-16--03--59 Sleep Check Completed
INFO:root:2021-07-16-16--03--59 Frame manipulations completed
INFO:root:2021-07-16-16--03--59 Bounding Box Drawn
INFO:root:2021-07-16-16--03--59 MovingFrameQueue Popped
INFO:root:2021-07-16-16--03--59 anomallyFrameTracker resetted to 200
INFO:root:2021-07-16-16--03--59 Colour Conversion Completed
INFO:root:2021-07-16-16--03--59 Sleep Check Completed
INFO:root:2021-07-16-16--03--59 Frame manipulations completed
INFO:root:2021-07-16-16--03--59 Bounding Box Drawn
INFO:root:2021-07-16-16--03--59 MovingFrameQueue Appended
INFO:root:2021-07-16-16--03--59 anomallyFrameTracker resetted to 200
INFO:root:2021-07-16-16--03--59 Colour Conversion Completed
INFO:root:2021-07-16-16--03--59 Sleep Check Completed
INFO:root:2021-07-16-16--03--59 Frame manipulations completed
INFO:root:2021-07-16-16--03--59 Bounding Box Drawn
INFO:root:2021-07-16-16--03--59 MovingFrameQueue Popped
INFO:root:2021-07-16-16--03--59 anomallyFrameTracker resetted to 200
INFO:root:2021-07-16-16--03--59 Colour Conversion Completed
INFO:root:2021-07-16-16--03--59 Sleep Check Completed
INFO:root:2021-07-16-16--03--59 Frame manipulations completed
INFO:root:2021-07-16-16--03--59 Bounding Box Drawn
INFO:root:2021-07-16-16--03--59 MovingFrameQueue Appended
INFO:root:2021-07-16-16--03--59 anomallyFrameTracker resetted to 200
INFO:root:2021-07-16-16--03--59 Colour Conversion Completed
INFO:root:2021-07-16-16--03--59 Sleep Check Completed
INFO:root:2021-07-16-16--03--59 Frame manipulations completed
INFO:root:2021-07-16-16--03--59 Bounding Box Drawn
INFO:root:2021-07-16-16--03--59 MovingFrameQueue Popped
INFO:root:2021-07-16-16--03--59 anomallyFrameTracker resetted to 200
INFO:root:2021-07-16-16--03--59 Colour Conversion Completed
INFO:root:2021-07-16-16--03--59 Sleep Check Completed
INFO:root:2021-07-16-16--03--59 Frame manipulations completed
INFO:root:2021-07-16-16--03--59 Bounding Box Drawn
INFO:root:2021-07-16-16--03--59 MovingFrameQueue Appended
INFO:root:2021-07-16-16--03--59 anomallyFrameTracker resetted to 200
INFO:root:2021-07-16-16--03--59 Colour Conversion Completed
INFO:root:2021-07-16-16--03--59 Sleep Check Completed
INFO:root:2021-07-16-16--03--59 Frame manipulations completed
INFO:root:2021-07-16-16--03--59 Bounding Box Drawn
INFO:root:2021-07-16-16--03--59 MovingFrameQueue Popped
INFO:root:2021-07-16-16--03--59 anomallyFrameTracker resetted to 200
INFO:root:2021-07-16-16--03--59 Colour Conversion Completed
INFO:root:2021-07-16-16--03--59 Sleep Check Completed
INFO:root:2021-07-16-16--03--59 Frame manipulations completed
INFO:root:2021-07-16-16--03--59 Bounding Box Drawn
INFO:root:2021-07-16-16--04--00 MovingFrameQueue Appended
INFO:root:2021-07-16-16--04--00 anomallyFrameTracker resetted to 200
INFO:root:2021-07-16-16--04--00 Colour Conversion Completed
INFO:root:2021-07-16-16--04--00 Sleep Check Completed
INFO:root:2021-07-16-16--04--00 Frame manipulations completed
INFO:root:2021-07-16-16--04--00 Bounding Box Drawn
INFO:root:2021-07-16-16--04--00 MovingFrameQueue Popped
INFO:root:2021-07-16-16--04--00 anomallyFrameTracker resetted to 200
INFO:root:2021-07-16-16--04--00 Colour Conversion Completed
INFO:root:2021-07-16-16--04--00 Sleep Check Completed
INFO:root:2021-07-16-16--04--00 Frame manipulations completed
INFO:root:2021-07-16-16--04--00 Bounding Box Drawn
INFO:root:2021-07-16-16--04--00 MovingFrameQueue Appended
INFO:root:2021-07-16-16--04--00 anomallyFrameTracker resetted to 200
INFO:root:2021-07-16-16--04--00 Colour Conversion Completed
INFO:root:2021-07-16-16--04--00 Sleep Check Completed
INFO:root:2021-07-16-16--04--00 Frame manipulations completed
INFO:root:2021-07-16-16--04--00 Bounding Box Drawn
INFO:root:2021-07-16-16--04--00 MovingFrameQueue Popped
INFO:root:2021-07-16-16--04--00 anomallyFrameTracker resetted to 200
INFO:root:2021-07-16-16--04--00 Colour Conversion Completed
INFO:root:2021-07-16-16--04--00 Sleep Check Completed
INFO:root:2021-07-16-16--04--00 Frame manipulations completed
INFO:root:2021-07-16-16--04--00 Bounding Box Drawn
INFO:root:2021-07-16-16--04--00 MovingFrameQueue Appended
INFO:root:2021-07-16-16--04--00 anomallyFrameTracker resetted to 200
INFO:root:2021-07-16-16--04--00 Colour Conversion Completed
INFO:root:2021-07-16-16--04--00 Sleep Check Completed
INFO:root:2021-07-16-16--04--00 Frame manipulations completed
INFO:root:2021-07-16-16--04--00 Bounding Box Drawn
INFO:root:2021-07-16-16--04--00 MovingFrameQueue Popped
INFO:root:2021-07-16-16--04--00 anomallyFrameTracker resetted to 200
INFO:root:2021-07-16-16--04--00 Colour Conversion Completed
INFO:root:2021-07-16-16--04--00 Sleep Check Completed
INFO:root:2021-07-16-16--04--00 Frame manipulations completed
INFO:root:2021-07-16-16--04--00 Bounding Box Drawn
INFO:root:2021-07-16-16--04--00 MovingFrameQueue Appended
INFO:root:2021-07-16-16--04--00 anomallyFrameTracker resetted to 200
INFO:root:2021-07-16-16--04--00 Colour Conversion Completed
INFO:root:2021-07-16-16--04--00 Sleep Check Completed
INFO:root:2021-07-16-16--04--00 Frame manipulations completed
INFO:root:2021-07-16-16--04--00 Bounding Box Drawn
INFO:root:2021-07-16-16--04--00 MovingFrameQueue Popped
INFO:root:2021-07-16-16--04--00 anomallyFrameTracker resetted to 200
INFO:root:2021-07-16-16--04--00 Colour Conversion Completed
INFO:root:2021-07-16-16--04--00 Sleep Check Completed
INFO:root:2021-07-16-16--04--00 Frame manipulations completed
INFO:root:2021-07-16-16--04--00 Bounding Box Drawn
INFO:root:2021-07-16-16--04--00 MovingFrameQueue Appended
INFO:root:2021-07-16-16--04--00 anomallyFrameTracker resetted to 200
INFO:root:2021-07-16-16--04--00 Colour Conversion Completed
INFO:root:2021-07-16-16--04--01 Sleep Check Completed
INFO:root:2021-07-16-16--04--01 Frame manipulations completed
INFO:root:2021-07-16-16--04--01 Bounding Box Drawn
INFO:root:2021-07-16-16--04--01 MovingFrameQueue Popped
INFO:root:2021-07-16-16--04--01 anomallyFrameTracker resetted to 200
INFO:root:2021-07-16-16--04--01 Colour Conversion Completed
INFO:root:2021-07-16-16--04--01 Sleep Check Completed
INFO:root:2021-07-16-16--04--01 Frame manipulations completed
INFO:root:2021-07-16-16--04--01 Bounding Box Drawn
INFO:root:2021-07-16-16--04--01 MovingFrameQueue Appended
INFO:root:2021-07-16-16--04--01 anomallyFrameTracker resetted to 200
INFO:root:2021-07-16-16--04--01 Colour Conversion Completed
INFO:root:2021-07-16-16--04--01 Sleep Check Completed
INFO:root:2021-07-16-16--04--01 Frame manipulations completed
INFO:root:2021-07-16-16--04--01 Bounding Box Drawn
INFO:root:2021-07-16-16--04--01 MovingFrameQueue Popped
INFO:root:2021-07-16-16--04--01 anomallyFrameTracker resetted to 200
INFO:root:2021-07-16-16--04--01 Colour Conversion Completed
INFO:root:2021-07-16-16--04--01 Sleep Check Completed
INFO:root:2021-07-16-16--04--01 Frame manipulations completed
INFO:root:2021-07-16-16--04--01 Bounding Box Drawn
INFO:root:2021-07-16-16--04--01 MovingFrameQueue Appended
INFO:root:2021-07-16-16--04--01 anomallyFrameTracker resetted to 200
INFO:root:2021-07-16-16--04--01 Colour Conversion Completed
INFO:root:2021-07-16-16--04--01 Sleep Check Completed
INFO:root:2021-07-16-16--04--01 Frame manipulations completed
INFO:root:2021-07-16-16--04--01 Bounding Box Drawn
INFO:root:2021-07-16-16--04--01 MovingFrameQueue Popped
INFO:root:2021-07-16-16--04--01 anomallyFrameTracker resetted to 200
INFO:root:2021-07-16-16--04--01 Colour Conversion Completed
INFO:root:2021-07-16-16--04--01 Sleep Check Completed
INFO:root:2021-07-16-16--04--01 Frame manipulations completed
INFO:root:2021-07-16-16--04--01 Bounding Box Drawn
INFO:root:2021-07-16-16--04--01 MovingFrameQueue Appended
INFO:root:2021-07-16-16--04--01 anomallyFrameTracker resetted to 200
INFO:root:2021-07-16-16--04--01 Colour Conversion Completed
INFO:root:2021-07-16-16--04--01 Sleep Check Completed
INFO:root:2021-07-16-16--04--01 Frame manipulations completed
INFO:root:2021-07-16-16--04--01 Bounding Box Drawn
INFO:root:2021-07-16-16--04--01 MovingFrameQueue Popped
INFO:root:2021-07-16-16--04--01 anomallyFrameTracker resetted to 200
INFO:root:2021-07-16-16--04--01 Colour Conversion Completed
INFO:root:2021-07-16-16--04--01 Sleep Check Completed
INFO:root:2021-07-16-16--04--01 Frame manipulations completed
INFO:root:2021-07-16-16--04--01 Bounding Box Drawn
INFO:root:2021-07-16-16--04--01 MovingFrameQueue Appended
INFO:root:2021-07-16-16--04--01 anomallyFrameTracker resetted to 200
INFO:root:2021-07-16-16--04--01 Colour Conversion Completed
INFO:root:2021-07-16-16--04--01 Sleep Check Completed
INFO:root:2021-07-16-16--04--01 Frame manipulations completed
INFO:root:2021-07-16-16--04--01 Bounding Box Drawn
INFO:root:2021-07-16-16--04--02 MovingFrameQueue Popped
INFO:root:2021-07-16-16--04--02 anomallyFrameTracker resetted to 200
INFO:root:2021-07-16-16--04--02 Colour Conversion Completed
INFO:root:2021-07-16-16--04--02 Sleep Check Completed
INFO:root:2021-07-16-16--04--02 Frame manipulations completed
INFO:root:2021-07-16-16--04--02 Bounding Box Drawn
INFO:root:2021-07-16-16--04--02 MovingFrameQueue Appended
INFO:root:2021-07-16-16--04--02 anomallyFrameTracker resetted to 200
INFO:root:2021-07-16-16--04--02 Colour Conversion Completed
INFO:root:2021-07-16-16--04--02 Sleep Check Completed
INFO:root:2021-07-16-16--04--02 Frame manipulations completed
INFO:root:2021-07-16-16--04--02 Bounding Box Drawn
INFO:root:2021-07-16-16--04--02 MovingFrameQueue Popped
INFO:root:2021-07-16-16--04--02 anomallyFrameTracker resetted to 200
INFO:root:2021-07-16-16--04--02 Colour Conversion Completed
INFO:root:2021-07-16-16--04--02 Sleep Check Completed
INFO:root:2021-07-16-16--04--02 Frame manipulations completed
INFO:root:2021-07-16-16--04--02 Bounding Box Drawn
INFO:root:2021-07-16-16--04--02 MovingFrameQueue Appended
INFO:root:2021-07-16-16--04--02 anomallyFrameTracker resetted to 200
INFO:root:2021-07-16-16--04--02 Colour Conversion Completed
INFO:root:2021-07-16-16--04--02 Sleep Check Completed
INFO:root:2021-07-16-16--04--02 Frame manipulations completed
INFO:root:2021-07-16-16--04--02 Bounding Box Drawn
INFO:root:2021-07-16-16--04--02 MovingFrameQueue Popped
INFO:root:2021-07-16-16--04--02 anomallyFrameTracker resetted to 200
INFO:root:2021-07-16-16--04--02 Colour Conversion Completed
INFO:root:2021-07-16-16--04--02 Sleep Check Completed
INFO:root:2021-07-16-16--04--02 Frame manipulations completed
INFO:root:2021-07-16-16--04--02 Bounding Box Drawn
INFO:root:2021-07-16-16--04--02 MovingFrameQueue Appended
INFO:root:2021-07-16-16--04--02 anomallyFrameTracker resetted to 200
INFO:root:2021-07-16-16--04--02 Colour Conversion Completed
INFO:root:2021-07-16-16--04--02 Sleep Check Completed
INFO:root:2021-07-16-16--04--02 Frame manipulations completed
INFO:root:2021-07-16-16--04--02 Bounding Box Drawn
INFO:root:2021-07-16-16--04--02 MovingFrameQueue Popped
INFO:root:2021-07-16-16--04--02 anomallyFrameTracker resetted to 200
INFO:root:2021-07-16-16--04--02 Colour Conversion Completed
INFO:root:2021-07-16-16--04--02 Sleep Check Completed
INFO:root:2021-07-16-16--04--02 Frame manipulations completed
INFO:root:2021-07-16-16--04--02 Bounding Box Drawn
INFO:root:2021-07-16-16--04--02 MovingFrameQueue Appended
INFO:root:2021-07-16-16--04--02 anomallyFrameTracker resetted to 200
INFO:root:2021-07-16-16--04--02 Colour Conversion Completed
INFO:root:2021-07-16-16--04--02 Sleep Check Completed
INFO:root:2021-07-16-16--04--02 Frame manipulations completed
INFO:root:2021-07-16-16--04--02 Bounding Box Drawn
INFO:root:2021-07-16-16--04--02 MovingFrameQueue Popped
INFO:root:2021-07-16-16--04--02 anomallyFrameTracker resetted to 200
INFO:root:2021-07-16-16--04--02 Colour Conversion Completed
INFO:root:2021-07-16-16--04--02 Sleep Check Completed
INFO:root:2021-07-16-16--04--02 Frame manipulations completed
INFO:root:2021-07-16-16--04--02 Bounding Box Drawn
INFO:root:2021-07-16-16--04--03 MovingFrameQueue Appended
INFO:root:2021-07-16-16--04--03 anomallyFrameTracker resetted to 200
INFO:root:2021-07-16-16--04--03 Colour Conversion Completed
INFO:root:2021-07-16-16--04--03 Sleep Check Completed
INFO:root:2021-07-16-16--04--03 Frame manipulations completed
INFO:root:2021-07-16-16--04--03 Bounding Box Drawn
INFO:root:2021-07-16-16--04--03 MovingFrameQueue Popped
INFO:root:2021-07-16-16--04--03 anomallyFrameTracker resetted to 200
INFO:root:2021-07-16-16--04--03 Colour Conversion Completed
INFO:root:2021-07-16-16--04--03 Sleep Check Completed
INFO:root:2021-07-16-16--04--03 Frame manipulations completed
INFO:root:2021-07-16-16--04--03 Bounding Box Drawn
INFO:root:2021-07-16-16--04--03 MovingFrameQueue Appended
INFO:root:2021-07-16-16--04--03 anomallyFrameTracker resetted to 200
INFO:root:2021-07-16-16--04--03 Colour Conversion Completed
INFO:root:2021-07-16-16--04--03 Sleep Check Completed
INFO:root:2021-07-16-16--04--03 Frame manipulations completed
INFO:root:2021-07-16-16--04--03 Bounding Box Drawn
INFO:root:2021-07-16-16--04--03 MovingFrameQueue Popped
INFO:root:2021-07-16-16--04--03 anomallyFrameTracker resetted to 200
INFO:root:2021-07-16-16--04--03 Colour Conversion Completed
INFO:root:2021-07-16-16--04--03 Sleep Check Completed
INFO:root:2021-07-16-16--04--03 Frame manipulations completed
INFO:root:2021-07-16-16--04--03 Bounding Box Drawn
INFO:root:2021-07-16-16--04--03 MovingFrameQueue Appended
INFO:root:2021-07-16-16--04--03 anomallyFrameTracker resetted to 200
INFO:root:2021-07-16-16--04--03 Colour Conversion Completed
INFO:root:2021-07-16-16--04--03 Sleep Check Completed
INFO:root:2021-07-16-16--04--03 Frame manipulations completed
INFO:root:2021-07-16-16--04--03 Bounding Box Drawn
INFO:root:2021-07-16-16--04--03 MovingFrameQueue Popped
INFO:root:2021-07-16-16--04--03 anomallyFrameTracker resetted to 200
INFO:root:2021-07-16-16--04--03 Colour Conversion Completed
INFO:root:2021-07-16-16--04--03 Sleep Check Completed
INFO:root:2021-07-16-16--04--03 Frame manipulations completed
INFO:root:2021-07-16-16--04--03 Bounding Box Drawn
INFO:root:2021-07-16-16--04--03 MovingFrameQueue Appended
INFO:root:2021-07-16-16--04--03 anomallyFrameTracker resetted to 200
INFO:root:2021-07-16-16--04--03 Colour Conversion Completed
INFO:root:2021-07-16-16--04--03 Sleep Check Completed
INFO:root:2021-07-16-16--04--03 Frame manipulations completed
INFO:root:2021-07-16-16--04--03 Bounding Box Drawn
INFO:root:2021-07-16-16--04--03 MovingFrameQueue Popped
INFO:root:2021-07-16-16--04--03 anomallyFrameTracker resetted to 200
INFO:root:2021-07-16-16--04--03 Colour Conversion Completed
INFO:root:2021-07-16-16--04--03 Sleep Check Completed
INFO:root:2021-07-16-16--04--03 Frame manipulations completed
INFO:root:2021-07-16-16--04--03 Bounding Box Drawn
INFO:root:2021-07-16-16--04--03 MovingFrameQueue Appended
INFO:root:2021-07-16-16--04--03 anomallyFrameTracker resetted to 200
INFO:root:2021-07-16-16--04--03 Colour Conversion Completed
INFO:root:2021-07-16-16--04--03 Sleep Check Completed
INFO:root:2021-07-16-16--04--03 Frame manipulations completed
INFO:root:2021-07-16-16--04--03 Bounding Box Drawn
INFO:root:2021-07-16-16--04--04 MovingFrameQueue Popped
INFO:root:2021-07-16-16--04--04 anomallyFrameTracker resetted to 200
INFO:root:2021-07-16-16--04--04 Colour Conversion Completed
INFO:root:2021-07-16-16--04--04 Sleep Check Completed
INFO:root:2021-07-16-16--04--04 Frame manipulations completed
INFO:root:2021-07-16-16--04--04 Bounding Box Drawn
INFO:root:2021-07-16-16--04--04 MovingFrameQueue Appended
INFO:root:2021-07-16-16--04--04 anomallyFrameTracker resetted to 200
INFO:root:2021-07-16-16--04--04 Colour Conversion Completed
INFO:root:2021-07-16-16--04--04 Sleep Check Completed
INFO:root:2021-07-16-16--04--04 Frame manipulations completed
INFO:root:2021-07-16-16--04--04 Bounding Box Drawn
INFO:root:2021-07-16-16--04--04 MovingFrameQueue Popped
INFO:root:2021-07-16-16--04--04 anomallyFrameTracker resetted to 200
INFO:root:2021-07-16-16--04--04 Colour Conversion Completed
INFO:root:2021-07-16-16--04--04 Sleep Check Completed
INFO:root:2021-07-16-16--04--04 Frame manipulations completed
INFO:root:2021-07-16-16--04--04 Bounding Box Drawn
INFO:root:2021-07-16-16--04--04 MovingFrameQueue Appended
INFO:root:2021-07-16-16--04--04 anomallyFrameTracker resetted to 200
INFO:root:2021-07-16-16--04--04 Colour Conversion Completed
INFO:root:2021-07-16-16--04--04 Sleep Check Completed
INFO:root:2021-07-16-16--04--04 Frame manipulations completed
INFO:root:2021-07-16-16--04--04 Bounding Box Drawn
INFO:root:2021-07-16-16--04--04 MovingFrameQueue Popped
INFO:root:2021-07-16-16--04--04 anomallyFrameTracker resetted to 200
INFO:root:2021-07-16-16--04--04 Colour Conversion Completed
INFO:root:2021-07-16-16--04--04 Sleep Check Completed
INFO:root:2021-07-16-16--04--04 Frame manipulations completed
INFO:root:2021-07-16-16--04--04 Bounding Box Drawn
INFO:root:2021-07-16-16--04--04 MovingFrameQueue Appended
INFO:root:2021-07-16-16--04--04 anomallyFrameTracker resetted to 200
INFO:root:2021-07-16-16--04--04 Colour Conversion Completed
INFO:root:2021-07-16-16--04--04 Sleep Check Completed
INFO:root:2021-07-16-16--04--04 Frame manipulations completed
INFO:root:2021-07-16-16--04--04 Bounding Box Drawn
INFO:root:2021-07-16-16--04--04 MovingFrameQueue Popped
INFO:root:2021-07-16-16--04--04 anomallyFrameTracker resetted to 200
INFO:root:2021-07-16-16--04--04 Colour Conversion Completed
INFO:root:2021-07-16-16--04--04 Sleep Check Completed
INFO:root:2021-07-16-16--04--04 Frame manipulations completed
INFO:root:2021-07-16-16--04--04 Bounding Box Drawn
INFO:root:2021-07-16-16--04--04 MovingFrameQueue Appended
INFO:root:2021-07-16-16--04--04 anomallyFrameTracker resetted to 200
INFO:root:2021-07-16-16--04--04 Colour Conversion Completed
INFO:root:2021-07-16-16--04--04 Sleep Check Completed
INFO:root:2021-07-16-16--04--04 Frame manipulations completed
INFO:root:2021-07-16-16--04--04 Bounding Box Drawn
INFO:root:2021-07-16-16--04--04 MovingFrameQueue Popped
INFO:root:2021-07-16-16--04--04 anomallyFrameTracker resetted to 200
INFO:root:2021-07-16-16--04--04 Colour Conversion Completed
INFO:root:2021-07-16-16--04--05 Sleep Check Completed
INFO:root:2021-07-16-16--04--05 Frame manipulations completed
INFO:root:2021-07-16-16--04--05 Bounding Box Drawn
INFO:root:2021-07-16-16--04--05 MovingFrameQueue Appended
INFO:root:2021-07-16-16--04--05 anomallyFrameTracker resetted to 200
INFO:root:2021-07-16-16--04--05 Colour Conversion Completed
INFO:root:2021-07-16-16--04--05 Sleep Check Completed
INFO:root:2021-07-16-16--04--05 Frame manipulations completed
INFO:root:2021-07-16-16--04--05 Bounding Box Drawn
INFO:root:2021-07-16-16--04--05 MovingFrameQueue Popped
INFO:root:2021-07-16-16--04--05 anomallyFrameTracker resetted to 200
INFO:root:2021-07-16-16--04--05 Colour Conversion Completed
INFO:root:2021-07-16-16--04--05 Sleep Check Completed
INFO:root:2021-07-16-16--04--05 Frame manipulations completed
INFO:root:2021-07-16-16--04--05 Bounding Box Drawn
INFO:root:2021-07-16-16--04--05 MovingFrameQueue Appended
INFO:root:2021-07-16-16--04--05 anomallyFrameTracker resetted to 200
INFO:root:2021-07-16-16--04--05 Colour Conversion Completed
INFO:root:2021-07-16-16--04--05 Sleep Check Completed
INFO:root:2021-07-16-16--04--05 Frame manipulations completed
INFO:root:2021-07-16-16--04--05 Bounding Box Drawn
INFO:root:2021-07-16-16--04--05 MovingFrameQueue Popped
INFO:root:2021-07-16-16--04--05 anomallyFrameTracker resetted to 200
INFO:root:2021-07-16-16--04--05 Colour Conversion Completed
INFO:root:2021-07-16-16--04--05 Sleep Check Completed
INFO:root:2021-07-16-16--04--05 Frame manipulations completed
INFO:root:2021-07-16-16--04--05 Bounding Box Drawn
INFO:root:2021-07-16-16--04--05 MovingFrameQueue Appended
INFO:root:2021-07-16-16--04--05 anomallyFrameTracker resetted to 200
INFO:root:2021-07-16-16--04--05 Colour Conversion Completed
INFO:root:2021-07-16-16--04--05 Sleep Check Completed
INFO:root:2021-07-16-16--04--05 Frame manipulations completed
INFO:root:2021-07-16-16--04--05 Bounding Box Drawn
INFO:root:2021-07-16-16--04--05 MovingFrameQueue Popped
INFO:root:2021-07-16-16--04--05 anomallyFrameTracker resetted to 200
INFO:root:2021-07-16-16--04--05 Colour Conversion Completed
INFO:root:2021-07-16-16--04--05 Sleep Check Completed
INFO:root:2021-07-16-16--04--05 Frame manipulations completed
INFO:root:2021-07-16-16--04--05 Bounding Box Drawn
INFO:root:2021-07-16-16--04--05 MovingFrameQueue Appended
INFO:root:2021-07-16-16--04--05 anomallyFrameTracker resetted to 200
INFO:root:2021-07-16-16--04--05 Colour Conversion Completed
INFO:root:2021-07-16-16--04--05 Sleep Check Completed
INFO:root:2021-07-16-16--04--05 Frame manipulations completed
INFO:root:2021-07-16-16--04--05 Bounding Box Drawn
INFO:root:2021-07-16-16--04--05 MovingFrameQueue Popped
INFO:root:2021-07-16-16--04--05 anomallyFrameTracker resetted to 200
INFO:root:2021-07-16-16--04--05 Colour Conversion Completed
INFO:root:2021-07-16-16--04--05 Sleep Check Completed
INFO:root:2021-07-16-16--04--05 Frame manipulations completed
INFO:root:2021-07-16-16--04--05 Bounding Box Drawn
INFO:root:2021-07-16-16--04--05 MovingFrameQueue Appended
INFO:root:2021-07-16-16--04--05 anomallyFrameTracker resetted to 200
INFO:root:2021-07-16-16--04--06 Colour Conversion Completed
INFO:root:2021-07-16-16--04--06 Sleep Check Completed
INFO:root:2021-07-16-16--04--06 Frame manipulations completed
INFO:root:2021-07-16-16--04--06 Bounding Box Drawn
INFO:root:2021-07-16-16--04--06 MovingFrameQueue Popped
INFO:root:2021-07-16-16--04--06 anomallyFrameTracker resetted to 200
INFO:root:2021-07-16-16--04--06 Colour Conversion Completed
INFO:root:2021-07-16-16--04--06 Sleep Check Completed
INFO:root:2021-07-16-16--04--06 Frame manipulations completed
INFO:root:2021-07-16-16--04--06 Bounding Box Drawn
INFO:root:2021-07-16-16--04--06 MovingFrameQueue Appended
INFO:root:2021-07-16-16--04--06 anomallyFrameTracker resetted to 200
INFO:root:2021-07-16-16--04--06 Colour Conversion Completed
INFO:root:2021-07-16-16--04--06 Sleep Check Completed
INFO:root:2021-07-16-16--04--06 Frame manipulations completed
INFO:root:2021-07-16-16--04--06 Bounding Box Drawn
INFO:root:2021-07-16-16--04--06 MovingFrameQueue Popped
INFO:root:2021-07-16-16--04--06 anomallyFrameTracker resetted to 200
INFO:root:2021-07-16-16--04--06 Colour Conversion Completed
INFO:root:2021-07-16-16--04--06 Sleep Check Completed
INFO:root:2021-07-16-16--04--06 Frame manipulations completed
INFO:root:2021-07-16-16--04--06 Bounding Box Drawn
INFO:root:2021-07-16-16--04--06 MovingFrameQueue Appended
INFO:root:2021-07-16-16--04--06 anomallyFrameTracker resetted to 200
INFO:root:2021-07-16-16--04--06 Colour Conversion Completed
INFO:root:2021-07-16-16--04--06 Sleep Check Completed
INFO:root:2021-07-16-16--04--06 Frame manipulations completed
INFO:root:2021-07-16-16--04--06 Bounding Box Drawn
INFO:root:2021-07-16-16--04--06 MovingFrameQueue Popped
INFO:root:2021-07-16-16--04--06 anomallyFrameTracker resetted to 200
INFO:root:2021-07-16-16--04--06 Colour Conversion Completed
INFO:root:2021-07-16-16--04--06 Sleep Check Completed
INFO:root:2021-07-16-16--04--06 Frame manipulations completed
INFO:root:2021-07-16-16--04--06 Bounding Box Drawn
INFO:root:2021-07-16-16--04--06 MovingFrameQueue Appended
INFO:root:2021-07-16-16--04--06 anomallyFrameTracker resetted to 200
INFO:root:2021-07-16-16--04--06 Colour Conversion Completed
INFO:root:2021-07-16-16--04--06 Sleep Check Completed
INFO:root:2021-07-16-16--04--06 Frame manipulations completed
INFO:root:2021-07-16-16--04--06 Bounding Box Drawn
INFO:root:2021-07-16-16--04--06 MovingFrameQueue Popped
INFO:root:2021-07-16-16--04--06 anomallyFrameTracker resetted to 200
INFO:root:2021-07-16-16--04--06 Colour Conversion Completed
INFO:root:2021-07-16-16--04--06 Sleep Check Completed
INFO:root:2021-07-16-16--04--06 Frame manipulations completed
INFO:root:2021-07-16-16--04--06 Bounding Box Drawn
INFO:root:2021-07-16-16--04--06 MovingFrameQueue Appended
INFO:root:2021-07-16-16--04--06 anomallyFrameTracker resetted to 200
INFO:root:2021-07-16-16--04--06 Colour Conversion Completed
INFO:root:2021-07-16-16--04--06 Sleep Check Completed
INFO:root:2021-07-16-16--04--06 Frame manipulations completed
INFO:root:2021-07-16-16--04--06 Bounding Box Drawn
INFO:root:2021-07-16-16--04--06 MovingFrameQueue Popped
INFO:root:2021-07-16-16--04--06 anomallyFrameTracker resetted to 200
INFO:root:2021-07-16-16--04--07 Colour Conversion Completed
INFO:root:2021-07-16-16--04--07 Sleep Check Completed
INFO:root:2021-07-16-16--04--07 Frame manipulations completed
INFO:root:2021-07-16-16--04--07 Bounding Box Drawn
INFO:root:2021-07-16-16--04--07 MovingFrameQueue Appended
INFO:root:2021-07-16-16--04--07 anomallyFrameTracker resetted to 200
INFO:root:2021-07-16-16--04--07 Colour Conversion Completed
INFO:root:2021-07-16-16--04--07 Sleep Check Completed
INFO:root:2021-07-16-16--04--07 Frame manipulations completed
INFO:root:2021-07-16-16--04--07 Bounding Box Drawn
INFO:root:2021-07-16-16--04--07 MovingFrameQueue Popped
INFO:root:2021-07-16-16--04--07 anomallyFrameTracker resetted to 200
INFO:root:2021-07-16-16--04--07 Colour Conversion Completed
INFO:root:2021-07-16-16--04--07 Sleep Check Completed
INFO:root:2021-07-16-16--04--07 Frame manipulations completed
INFO:root:2021-07-16-16--04--07 Bounding Box Drawn
INFO:root:2021-07-16-16--04--07 MovingFrameQueue Appended
INFO:root:2021-07-16-16--04--07 anomallyFrameTracker resetted to 200
INFO:root:2021-07-16-16--04--07 Colour Conversion Completed
INFO:root:2021-07-16-16--04--07 Sleep Check Completed
INFO:root:2021-07-16-16--04--07 Frame manipulations completed
INFO:root:2021-07-16-16--04--07 Bounding Box Drawn
INFO:root:2021-07-16-16--04--07 MovingFrameQueue Popped
INFO:root:2021-07-16-16--04--07 anomallyFrameTracker resetted to 200
INFO:root:2021-07-16-16--04--07 Colour Conversion Completed
INFO:root:2021-07-16-16--04--07 Sleep Check Completed
INFO:root:2021-07-16-16--04--07 Frame manipulations completed
INFO:root:2021-07-16-16--04--07 Bounding Box Drawn
INFO:root:2021-07-16-16--04--07 MovingFrameQueue Appended
INFO:root:2021-07-16-16--04--07 anomallyFrameTracker resetted to 200
INFO:root:2021-07-16-16--04--07 Colour Conversion Completed
INFO:root:2021-07-16-16--04--07 Sleep Check Completed
INFO:root:2021-07-16-16--04--07 Frame manipulations completed
INFO:root:2021-07-16-16--04--07 Bounding Box Drawn
INFO:root:2021-07-16-16--04--07 MovingFrameQueue Popped
INFO:root:2021-07-16-16--04--07 anomallyFrameTracker resetted to 200
INFO:root:2021-07-16-16--04--07 Colour Conversion Completed
INFO:root:2021-07-16-16--04--07 Sleep Check Completed
INFO:root:2021-07-16-16--04--07 Frame manipulations completed
INFO:root:2021-07-16-16--04--07 Bounding Box Drawn
INFO:root:2021-07-16-16--04--07 MovingFrameQueue Appended
INFO:root:2021-07-16-16--04--07 anomallyFrameTracker resetted to 200
INFO:root:2021-07-16-16--04--07 Colour Conversion Completed
INFO:root:2021-07-16-16--04--07 Sleep Check Completed
INFO:root:2021-07-16-16--04--07 Frame manipulations completed
INFO:root:2021-07-16-16--04--07 Bounding Box Drawn
INFO:root:2021-07-16-16--04--07 MovingFrameQueue Popped
INFO:root:2021-07-16-16--04--07 anomallyFrameTracker resetted to 200
INFO:root:2021-07-16-16--04--07 Colour Conversion Completed
INFO:root:2021-07-16-16--04--07 Sleep Check Completed
INFO:root:2021-07-16-16--04--07 Frame manipulations completed
INFO:root:2021-07-16-16--04--07 Bounding Box Drawn
INFO:root:2021-07-16-16--04--08 MovingFrameQueue Appended
INFO:root:2021-07-16-16--04--08 anomallyFrameTracker resetted to 200
INFO:root:2021-07-16-16--04--08 Colour Conversion Completed
INFO:root:2021-07-16-16--04--08 Sleep Check Completed
INFO:root:2021-07-16-16--04--08 Frame manipulations completed
INFO:root:2021-07-16-16--04--08 Bounding Box Drawn
INFO:root:2021-07-16-16--04--08 MovingFrameQueue Popped
INFO:root:2021-07-16-16--04--08 anomallyFrameTracker resetted to 200
INFO:root:2021-07-16-16--04--08 Colour Conversion Completed
INFO:root:2021-07-16-16--04--08 Sleep Check Completed
INFO:root:2021-07-16-16--04--08 Frame manipulations completed
INFO:root:2021-07-16-16--04--08 Bounding Box Drawn
INFO:root:2021-07-16-16--04--08 MovingFrameQueue Appended
INFO:root:2021-07-16-16--04--08 anomallyFrameTracker resetted to 200
INFO:root:2021-07-16-16--04--08 Colour Conversion Completed
INFO:root:2021-07-16-16--04--08 Sleep Check Completed
INFO:root:2021-07-16-16--04--08 Frame manipulations completed
INFO:root:2021-07-16-16--04--08 Bounding Box Drawn
INFO:root:2021-07-16-16--04--08 MovingFrameQueue Popped
INFO:root:2021-07-16-16--04--08 anomallyFrameTracker resetted to 200
INFO:root:2021-07-16-16--04--08 Colour Conversion Completed
INFO:root:2021-07-16-16--04--08 Sleep Check Completed
INFO:root:2021-07-16-16--04--08 Frame manipulations completed
INFO:root:2021-07-16-16--04--08 Bounding Box Drawn
INFO:root:2021-07-16-16--04--08 MovingFrameQueue Appended
INFO:root:2021-07-16-16--04--08 anomallyFrameTracker resetted to 200
INFO:root:2021-07-16-16--04--08 Colour Conversion Completed
INFO:root:2021-07-16-16--04--08 Sleep Check Completed
INFO:root:2021-07-16-16--04--08 Frame manipulations completed
INFO:root:2021-07-16-16--04--08 Bounding Box Drawn
INFO:root:2021-07-16-16--04--08 MovingFrameQueue Popped
INFO:root:2021-07-16-16--04--08 anomallyFrameTracker resetted to 200
INFO:root:2021-07-16-16--04--08 Colour Conversion Completed
INFO:root:2021-07-16-16--04--08 Sleep Check Completed
INFO:root:2021-07-16-16--04--08 Frame manipulations completed
INFO:root:2021-07-16-16--04--08 Bounding Box Drawn
INFO:root:2021-07-16-16--04--08 MovingFrameQueue Appended
INFO:root:2021-07-16-16--04--08 anomallyFrameTracker resetted to 200
INFO:root:2021-07-16-16--04--08 Colour Conversion Completed
INFO:root:2021-07-16-16--04--08 Sleep Check Completed
INFO:root:2021-07-16-16--04--08 Frame manipulations completed
INFO:root:2021-07-16-16--04--08 Bounding Box Drawn
INFO:root:2021-07-16-16--04--08 MovingFrameQueue Popped
INFO:root:2021-07-16-16--04--08 anomallyFrameTracker resetted to 200
INFO:root:2021-07-16-16--04--08 Colour Conversion Completed
INFO:root:2021-07-16-16--04--08 Sleep Check Completed
INFO:root:2021-07-16-16--04--08 Frame manipulations completed
INFO:root:2021-07-16-16--04--08 Bounding Box Drawn
INFO:root:2021-07-16-16--04--08 MovingFrameQueue Appended
INFO:root:2021-07-16-16--04--08 anomallyFrameTracker resetted to 200
INFO:root:2021-07-16-16--04--08 Colour Conversion Completed
INFO:root:2021-07-16-16--04--08 Sleep Check Completed
INFO:root:2021-07-16-16--04--08 Frame manipulations completed
INFO:root:2021-07-16-16--04--08 Bounding Box Drawn
INFO:root:2021-07-16-16--04--09 MovingFrameQueue Popped
INFO:root:2021-07-16-16--04--09 anomallyFrameTracker resetted to 200
INFO:root:2021-07-16-16--04--09 Colour Conversion Completed
INFO:root:2021-07-16-16--04--09 Sleep Check Completed
INFO:root:2021-07-16-16--04--09 Frame manipulations completed
INFO:root:2021-07-16-16--04--09 Bounding Box Drawn
INFO:root:2021-07-16-16--04--09 MovingFrameQueue Appended
INFO:root:2021-07-16-16--04--09 anomallyFrameTracker resetted to 200
INFO:root:2021-07-16-16--04--09 Colour Conversion Completed
INFO:root:2021-07-16-16--04--09 Sleep Check Completed
INFO:root:2021-07-16-16--04--09 Frame manipulations completed
INFO:root:2021-07-16-16--04--09 Bounding Box Drawn
INFO:root:2021-07-16-16--04--09 MovingFrameQueue Popped
INFO:root:2021-07-16-16--04--09 anomallyFrameTracker resetted to 200
INFO:root:2021-07-16-16--04--09 Colour Conversion Completed
INFO:root:2021-07-16-16--04--09 Sleep Check Completed
INFO:root:2021-07-16-16--04--09 Frame manipulations completed
INFO:root:2021-07-16-16--04--09 Bounding Box Drawn
INFO:root:2021-07-16-16--04--09 MovingFrameQueue Appended
INFO:root:2021-07-16-16--04--09 anomallyFrameTracker resetted to 200
INFO:root:2021-07-16-16--04--09 Colour Conversion Completed
INFO:root:2021-07-16-16--04--09 Sleep Check Completed
INFO:root:2021-07-16-16--04--09 Frame manipulations completed
INFO:root:2021-07-16-16--04--09 Bounding Box Drawn
INFO:root:2021-07-16-16--04--09 MovingFrameQueue Popped
INFO:root:2021-07-16-16--04--09 anomallyFrameTracker resetted to 200
INFO:root:2021-07-16-16--04--09 Colour Conversion Completed
INFO:root:2021-07-16-16--04--09 Sleep Check Completed
INFO:root:2021-07-16-16--04--09 Frame manipulations completed
INFO:root:2021-07-16-16--04--09 Bounding Box Drawn
INFO:root:2021-07-16-16--04--09 MovingFrameQueue Appended
INFO:root:2021-07-16-16--04--09 anomallyFrameTracker resetted to 200
INFO:root:2021-07-16-16--04--09 Colour Conversion Completed
INFO:root:2021-07-16-16--04--09 Sleep Check Completed
INFO:root:2021-07-16-16--04--09 Frame manipulations completed
INFO:root:2021-07-16-16--04--09 Bounding Box Drawn
INFO:root:2021-07-16-16--04--09 MovingFrameQueue Popped
INFO:root:2021-07-16-16--04--09 anomallyFrameTracker resetted to 200
INFO:root:2021-07-16-16--04--09 Colour Conversion Completed
INFO:root:2021-07-16-16--04--09 Sleep Check Completed
INFO:root:2021-07-16-16--04--09 Frame manipulations completed
INFO:root:2021-07-16-16--04--09 Bounding Box Drawn
INFO:root:2021-07-16-16--04--09 MovingFrameQueue Appended
INFO:root:2021-07-16-16--04--09 anomallyFrameTracker resetted to 200
INFO:root:2021-07-16-16--04--09 Colour Conversion Completed
INFO:root:2021-07-16-16--04--09 Sleep Check Completed
INFO:root:2021-07-16-16--04--09 Frame manipulations completed
INFO:root:2021-07-16-16--04--09 Bounding Box Drawn
INFO:root:2021-07-16-16--04--09 MovingFrameQueue Popped
INFO:root:2021-07-16-16--04--09 anomallyFrameTracker resetted to 200
INFO:root:2021-07-16-16--04--09 Colour Conversion Completed
INFO:root:2021-07-16-16--04--09 Sleep Check Completed
INFO:root:2021-07-16-16--04--09 Frame manipulations completed
INFO:root:2021-07-16-16--04--09 Bounding Box Drawn
INFO:root:2021-07-16-16--04--10 MovingFrameQueue Appended
INFO:root:2021-07-16-16--04--10 anomallyFrameTracker resetted to 200
INFO:root:2021-07-16-16--04--10 Colour Conversion Completed
INFO:root:2021-07-16-16--04--10 Sleep Check Completed
INFO:root:2021-07-16-16--04--10 Frame manipulations completed
INFO:root:2021-07-16-16--04--10 Bounding Box Drawn
INFO:root:2021-07-16-16--04--10 MovingFrameQueue Popped
INFO:root:2021-07-16-16--04--10 anomallyFrameTracker resetted to 200
INFO:root:2021-07-16-16--04--10 Colour Conversion Completed
INFO:root:2021-07-16-16--04--10 Sleep Check Completed
INFO:root:2021-07-16-16--04--10 Frame manipulations completed
INFO:root:2021-07-16-16--04--10 Bounding Box Drawn
INFO:root:2021-07-16-16--04--10 MovingFrameQueue Appended
INFO:root:2021-07-16-16--04--10 anomallyFrameTracker resetted to 200
INFO:root:2021-07-16-16--04--10 Colour Conversion Completed
INFO:root:2021-07-16-16--04--10 Sleep Check Completed
INFO:root:2021-07-16-16--04--10 Frame manipulations completed
INFO:root:2021-07-16-16--04--10 Bounding Box Drawn
INFO:root:2021-07-16-16--04--10 MovingFrameQueue Popped
INFO:root:2021-07-16-16--04--10 anomallyFrameTracker resetted to 200
INFO:root:2021-07-16-16--04--10 Colour Conversion Completed
INFO:root:2021-07-16-16--04--10 Sleep Check Completed
INFO:root:2021-07-16-16--04--10 Frame manipulations completed
INFO:root:2021-07-16-16--04--10 Bounding Box Drawn
INFO:root:2021-07-16-16--04--10 MovingFrameQueue Appended
INFO:root:2021-07-16-16--04--10 anomallyFrameTracker resetted to 200
INFO:root:2021-07-16-16--04--10 Colour Conversion Completed
INFO:root:2021-07-16-16--04--10 Sleep Check Completed
INFO:root:2021-07-16-16--04--10 Frame manipulations completed
INFO:root:2021-07-16-16--04--10 Bounding Box Drawn
INFO:root:2021-07-16-16--04--10 MovingFrameQueue Popped
INFO:root:2021-07-16-16--04--10 anomallyFrameTracker resetted to 200
INFO:root:2021-07-16-16--04--10 Colour Conversion Completed
INFO:root:2021-07-16-16--04--10 Sleep Check Completed
INFO:root:2021-07-16-16--04--10 Frame manipulations completed
INFO:root:2021-07-16-16--04--10 Bounding Box Drawn
INFO:root:2021-07-16-16--04--10 MovingFrameQueue Appended
INFO:root:2021-07-16-16--04--10 anomallyFrameTracker resetted to 200
INFO:root:2021-07-16-16--04--10 Colour Conversion Completed
INFO:root:2021-07-16-16--04--10 Sleep Check Completed
INFO:root:2021-07-16-16--04--10 Frame manipulations completed
INFO:root:2021-07-16-16--04--10 Bounding Box Drawn
INFO:root:2021-07-16-16--04--10 MovingFrameQueue Popped
INFO:root:2021-07-16-16--04--10 anomallyFrameTracker resetted to 200
INFO:root:2021-07-16-16--04--10 Colour Conversion Completed
INFO:root:2021-07-16-16--04--10 Sleep Check Completed
INFO:root:2021-07-16-16--04--10 Frame manipulations completed
INFO:root:2021-07-16-16--04--10 Bounding Box Drawn
INFO:root:2021-07-16-16--04--10 MovingFrameQueue Appended
INFO:root:2021-07-16-16--04--10 anomallyFrameTracker resetted to 200
INFO:root:2021-07-16-16--04--11 Colour Conversion Completed
INFO:root:2021-07-16-16--04--11 Sleep Check Completed
INFO:root:2021-07-16-16--04--11 Frame manipulations completed
INFO:root:2021-07-16-16--04--11 Bounding Box Drawn
INFO:root:2021-07-16-16--04--11 MovingFrameQueue Popped
INFO:root:2021-07-16-16--04--11 anomallyFrameTracker resetted to 200
INFO:root:2021-07-16-16--04--11 Colour Conversion Completed
INFO:root:2021-07-16-16--04--11 Sleep Check Completed
INFO:root:2021-07-16-16--04--11 Frame manipulations completed
INFO:root:2021-07-16-16--04--11 Bounding Box Drawn
INFO:root:2021-07-16-16--04--11 MovingFrameQueue Appended
INFO:root:2021-07-16-16--04--11 anomallyFrameTracker resetted to 200
INFO:root:2021-07-16-16--04--11 Colour Conversion Completed
INFO:root:2021-07-16-16--04--11 Sleep Check Completed
INFO:root:2021-07-16-16--04--11 Frame manipulations completed
INFO:root:2021-07-16-16--04--11 Bounding Box Drawn
INFO:root:2021-07-16-16--04--11 MovingFrameQueue Popped
INFO:root:2021-07-16-16--04--11 anomallyFrameTracker resetted to 200
INFO:root:2021-07-16-16--04--11 Colour Conversion Completed
INFO:root:2021-07-16-16--04--11 Sleep Check Completed
INFO:root:2021-07-16-16--04--11 Frame manipulations completed
INFO:root:2021-07-16-16--04--11 Bounding Box Drawn
INFO:root:2021-07-16-16--04--11 MovingFrameQueue Appended
INFO:root:2021-07-16-16--04--11 anomallyFrameTracker resetted to 200
INFO:root:2021-07-16-16--04--11 Colour Conversion Completed
INFO:root:2021-07-16-16--04--11 Sleep Check Completed
INFO:root:2021-07-16-16--04--11 Frame manipulations completed
INFO:root:2021-07-16-16--04--11 Bounding Box Drawn
INFO:root:2021-07-16-16--04--11 MovingFrameQueue Popped
INFO:root:2021-07-16-16--04--11 anomallyFrameTracker resetted to 200
INFO:root:2021-07-16-16--04--11 Colour Conversion Completed
INFO:root:2021-07-16-16--04--11 Sleep Check Completed
INFO:root:2021-07-16-16--04--11 Frame manipulations completed
INFO:root:2021-07-16-16--04--11 Bounding Box Drawn
INFO:root:2021-07-16-16--04--11 MovingFrameQueue Appended
INFO:root:2021-07-16-16--04--11 anomallyFrameTracker resetted to 200
INFO:root:2021-07-16-16--04--11 Colour Conversion Completed
INFO:root:2021-07-16-16--04--11 Sleep Check Completed
INFO:root:2021-07-16-16--04--11 Frame manipulations completed
INFO:root:2021-07-16-16--04--11 Bounding Box Drawn
INFO:root:2021-07-16-16--04--11 MovingFrameQueue Popped
INFO:root:2021-07-16-16--04--11 anomallyFrameTracker resetted to 200
INFO:root:2021-07-16-16--04--11 Colour Conversion Completed
INFO:root:2021-07-16-16--04--11 Sleep Check Completed
INFO:root:2021-07-16-16--04--11 Frame manipulations completed
INFO:root:2021-07-16-16--04--11 Bounding Box Drawn
INFO:root:2021-07-16-16--04--11 MovingFrameQueue Appended
INFO:root:2021-07-16-16--04--11 anomallyFrameTracker resetted to 200
INFO:root:2021-07-16-16--04--11 Colour Conversion Completed
INFO:root:2021-07-16-16--04--11 Sleep Check Completed
INFO:root:2021-07-16-16--04--11 Frame manipulations completed
INFO:root:2021-07-16-16--04--11 Bounding Box Drawn
INFO:root:2021-07-16-16--04--12 MovingFrameQueue Popped
INFO:root:2021-07-16-16--04--12 anomallyFrameTracker resetted to 200
INFO:root:2021-07-16-16--04--12 Colour Conversion Completed
INFO:root:2021-07-16-16--04--12 Sleep Check Completed
INFO:root:2021-07-16-16--04--12 Frame manipulations completed
INFO:root:2021-07-16-16--04--12 Bounding Box Drawn
INFO:root:2021-07-16-16--04--12 MovingFrameQueue Appended
INFO:root:2021-07-16-16--04--12 anomallyFrameTracker resetted to 200
INFO:root:2021-07-16-16--04--12 Colour Conversion Completed
INFO:root:2021-07-16-16--04--12 Sleep Check Completed
INFO:root:2021-07-16-16--04--12 Frame manipulations completed
INFO:root:2021-07-16-16--04--12 Bounding Box Drawn
INFO:root:2021-07-16-16--04--12 MovingFrameQueue Popped
INFO:root:2021-07-16-16--04--12 anomallyFrameTracker resetted to 200
INFO:root:2021-07-16-16--04--12 Colour Conversion Completed
INFO:root:2021-07-16-16--04--12 Sleep Check Completed
INFO:root:2021-07-16-16--04--12 Frame manipulations completed
INFO:root:2021-07-16-16--04--12 Bounding Box Drawn
INFO:root:2021-07-16-16--04--12 MovingFrameQueue Appended
INFO:root:2021-07-16-16--04--12 anomallyFrameTracker resetted to 200
INFO:root:2021-07-16-16--04--12 Colour Conversion Completed
INFO:root:2021-07-16-16--04--12 Sleep Check Completed
INFO:root:2021-07-16-16--04--12 Frame manipulations completed
INFO:root:2021-07-16-16--04--12 Bounding Box Drawn
INFO:root:2021-07-16-16--04--12 MovingFrameQueue Popped
INFO:root:2021-07-16-16--04--12 anomallyFrameTracker resetted to 200
INFO:root:2021-07-16-16--04--12 Colour Conversion Completed
INFO:root:2021-07-16-16--04--12 Sleep Check Completed
INFO:root:2021-07-16-16--04--12 Frame manipulations completed
INFO:root:2021-07-16-16--04--12 Bounding Box Drawn
INFO:root:2021-07-16-16--04--12 MovingFrameQueue Appended
INFO:root:2021-07-16-16--04--12 anomallyFrameTracker resetted to 200
INFO:root:2021-07-16-16--04--12 Colour Conversion Completed
INFO:root:2021-07-16-16--04--12 Sleep Check Completed
INFO:root:2021-07-16-16--04--12 Frame manipulations completed
INFO:root:2021-07-16-16--04--12 Bounding Box Drawn
INFO:root:2021-07-16-16--04--12 MovingFrameQueue Popped
INFO:root:2021-07-16-16--04--12 anomallyFrameTracker resetted to 200
INFO:root:2021-07-16-16--04--12 Colour Conversion Completed
INFO:root:2021-07-16-16--04--12 Sleep Check Completed
INFO:root:2021-07-16-16--04--12 Frame manipulations completed
INFO:root:2021-07-16-16--04--12 Bounding Box Drawn
INFO:root:2021-07-16-16--04--12 MovingFrameQueue Appended
INFO:root:2021-07-16-16--04--12 anomallyFrameTracker resetted to 200
INFO:root:2021-07-16-16--04--12 Colour Conversion Completed
INFO:root:2021-07-16-16--04--12 Sleep Check Completed
INFO:root:2021-07-16-16--04--12 Frame manipulations completed
INFO:root:2021-07-16-16--04--12 Bounding Box Drawn
INFO:root:2021-07-16-16--04--12 MovingFrameQueue Popped
INFO:root:2021-07-16-16--04--12 anomallyFrameTracker resetted to 200
INFO:root:2021-07-16-16--04--12 Colour Conversion Completed
INFO:root:2021-07-16-16--04--12 Sleep Check Completed
INFO:root:2021-07-16-16--04--12 Frame manipulations completed
INFO:root:2021-07-16-16--04--12 Bounding Box Drawn
INFO:root:2021-07-16-16--04--13 MovingFrameQueue Appended
INFO:root:2021-07-16-16--04--13 anomallyFrameTracker resetted to 200
INFO:root:2021-07-16-16--04--13 Colour Conversion Completed
INFO:root:2021-07-16-16--04--13 Sleep Check Completed
INFO:root:2021-07-16-16--04--13 Frame manipulations completed
INFO:root:2021-07-16-16--04--13 Bounding Box Drawn
INFO:root:2021-07-16-16--04--13 MovingFrameQueue Popped
INFO:root:2021-07-16-16--04--13 anomallyFrameTracker resetted to 200
INFO:root:2021-07-16-16--04--13 Colour Conversion Completed
INFO:root:2021-07-16-16--04--13 Sleep Check Completed
INFO:root:2021-07-16-16--04--13 Frame manipulations completed
INFO:root:2021-07-16-16--04--13 Bounding Box Drawn
INFO:root:2021-07-16-16--04--13 MovingFrameQueue Appended
INFO:root:2021-07-16-16--04--13 anomallyFrameTracker resetted to 200
INFO:root:2021-07-16-16--04--13 Colour Conversion Completed
INFO:root:2021-07-16-16--04--13 Sleep Check Completed
INFO:root:2021-07-16-16--04--13 Frame manipulations completed
INFO:root:2021-07-16-16--04--13 Bounding Box Drawn
INFO:root:2021-07-16-16--04--13 MovingFrameQueue Popped
INFO:root:2021-07-16-16--04--13 anomallyFrameTracker resetted to 200
INFO:root:2021-07-16-16--04--13 Colour Conversion Completed
INFO:root:2021-07-16-16--04--13 Sleep Check Completed
INFO:root:2021-07-16-16--04--13 Frame manipulations completed
INFO:root:2021-07-16-16--04--13 Bounding Box Drawn
INFO:root:2021-07-16-16--04--13 MovingFrameQueue Appended
INFO:root:2021-07-16-16--04--13 anomallyFrameTracker resetted to 200
INFO:root:2021-07-16-16--04--13 Colour Conversion Completed
INFO:root:2021-07-16-16--04--13 Sleep Check Completed
INFO:root:2021-07-16-16--04--13 Frame manipulations completed
INFO:root:2021-07-16-16--04--13 Bounding Box Drawn
INFO:root:2021-07-16-16--04--13 MovingFrameQueue Popped
INFO:root:2021-07-16-16--04--13 anomallyFrameTracker resetted to 200
INFO:root:2021-07-16-16--04--13 Colour Conversion Completed
INFO:root:2021-07-16-16--04--13 Sleep Check Completed
INFO:root:2021-07-16-16--04--13 Frame manipulations completed
INFO:root:2021-07-16-16--04--13 Bounding Box Drawn
INFO:root:2021-07-16-16--04--13 MovingFrameQueue Appended
INFO:root:2021-07-16-16--04--13 anomallyFrameTracker resetted to 200
INFO:root:2021-07-16-16--04--13 Colour Conversion Completed
INFO:root:2021-07-16-16--04--13 Sleep Check Completed
INFO:root:2021-07-16-16--04--13 Frame manipulations completed
INFO:root:2021-07-16-16--04--13 Bounding Box Drawn
INFO:root:2021-07-16-16--04--13 MovingFrameQueue Popped
INFO:root:2021-07-16-16--04--13 anomallyFrameTracker resetted to 200
INFO:root:2021-07-16-16--04--13 Colour Conversion Completed
INFO:root:2021-07-16-16--04--13 Sleep Check Completed
INFO:root:2021-07-16-16--04--13 Frame manipulations completed
INFO:root:2021-07-16-16--04--13 Bounding Box Drawn
INFO:root:2021-07-16-16--04--13 MovingFrameQueue Appended
INFO:root:2021-07-16-16--04--13 anomallyFrameTracker resetted to 200
INFO:root:2021-07-16-16--04--13 Colour Conversion Completed
INFO:root:2021-07-16-16--04--13 Sleep Check Completed
INFO:root:2021-07-16-16--04--13 Frame manipulations completed
INFO:root:2021-07-16-16--04--13 Bounding Box Drawn
INFO:root:2021-07-16-16--04--14 MovingFrameQueue Popped
INFO:root:2021-07-16-16--04--14 anomallyFrameTracker resetted to 200
INFO:root:2021-07-16-16--04--14 Colour Conversion Completed
INFO:root:2021-07-16-16--04--14 Sleep Check Completed
INFO:root:2021-07-16-16--04--14 Frame manipulations completed
INFO:root:2021-07-16-16--04--14 Bounding Box Drawn
INFO:root:2021-07-16-16--04--14 MovingFrameQueue Appended
INFO:root:2021-07-16-16--04--14 anomallyFrameTracker resetted to 200
INFO:root:2021-07-16-16--04--14 Colour Conversion Completed
INFO:root:2021-07-16-16--04--14 Sleep Check Completed
INFO:root:2021-07-16-16--04--14 Frame manipulations completed
INFO:root:2021-07-16-16--04--14 Bounding Box Drawn
INFO:root:2021-07-16-16--04--14 MovingFrameQueue Popped
INFO:root:2021-07-16-16--04--14 anomallyFrameTracker resetted to 200
INFO:root:2021-07-16-16--04--14 Colour Conversion Completed
INFO:root:2021-07-16-16--04--14 Sleep Check Completed
INFO:root:2021-07-16-16--04--14 Frame manipulations completed
INFO:root:2021-07-16-16--04--14 Bounding Box Drawn
INFO:root:2021-07-16-16--04--14 MovingFrameQueue Appended
INFO:root:2021-07-16-16--04--14 anomallyFrameTracker resetted to 200
INFO:root:2021-07-16-16--04--14 Colour Conversion Completed
INFO:root:2021-07-16-16--04--14 Sleep Check Completed
INFO:root:2021-07-16-16--04--14 Frame manipulations completed
INFO:root:2021-07-16-16--04--14 Bounding Box Drawn
INFO:root:2021-07-16-16--04--14 MovingFrameQueue Popped
INFO:root:2021-07-16-16--04--14 anomallyFrameTracker resetted to 200
INFO:root:2021-07-16-16--04--14 Colour Conversion Completed
INFO:root:2021-07-16-16--04--14 Sleep Check Completed
INFO:root:2021-07-16-16--04--14 Frame manipulations completed
INFO:root:2021-07-16-16--04--14 Bounding Box Drawn
INFO:root:2021-07-16-16--04--14 MovingFrameQueue Appended
INFO:root:2021-07-16-16--04--14 anomallyFrameTracker resetted to 200
INFO:root:2021-07-16-16--04--14 Colour Conversion Completed
INFO:root:2021-07-16-16--04--14 Sleep Check Completed
INFO:root:2021-07-16-16--04--14 Frame manipulations completed
INFO:root:2021-07-16-16--04--14 Bounding Box Drawn
INFO:root:2021-07-16-16--04--14 MovingFrameQueue Popped
INFO:root:2021-07-16-16--04--14 anomallyFrameTracker resetted to 200
INFO:root:2021-07-16-16--04--14 Colour Conversion Completed
INFO:root:2021-07-16-16--04--14 Sleep Check Completed
INFO:root:2021-07-16-16--04--14 Frame manipulations completed
INFO:root:2021-07-16-16--04--14 Bounding Box Drawn
INFO:root:2021-07-16-16--04--14 MovingFrameQueue Appended
INFO:root:2021-07-16-16--04--14 anomallyFrameTracker resetted to 200
INFO:root:2021-07-16-16--04--14 Colour Conversion Completed
INFO:root:2021-07-16-16--04--14 Sleep Check Completed
INFO:root:2021-07-16-16--04--14 Frame manipulations completed
INFO:root:2021-07-16-16--04--14 Bounding Box Drawn
INFO:root:2021-07-16-16--04--15 MovingFrameQueue Popped
INFO:root:2021-07-16-16--04--15 anomallyFrameTracker resetted to 200
INFO:root:2021-07-16-16--04--15 Colour Conversion Completed
INFO:root:2021-07-16-16--04--15 Sleep Check Completed
INFO:root:2021-07-16-16--04--15 Frame manipulations completed
INFO:root:2021-07-16-16--04--15 Bounding Box Drawn
INFO:root:2021-07-16-16--04--15 MovingFrameQueue Appended
INFO:root:2021-07-16-16--04--15 anomallyFrameTracker resetted to 200
INFO:root:2021-07-16-16--04--15 Colour Conversion Completed
INFO:root:2021-07-16-16--04--15 Sleep Check Completed
INFO:root:2021-07-16-16--04--15 Frame manipulations completed
INFO:root:2021-07-16-16--04--15 Bounding Box Drawn
INFO:root:2021-07-16-16--04--15 MovingFrameQueue Popped
INFO:root:2021-07-16-16--04--15 anomallyFrameTracker resetted to 200
INFO:root:2021-07-16-16--04--15 Colour Conversion Completed
INFO:root:2021-07-16-16--04--15 Sleep Check Completed
INFO:root:2021-07-16-16--04--15 Frame manipulations completed
INFO:root:2021-07-16-16--04--15 Bounding Box Drawn
INFO:root:2021-07-16-16--04--15 MovingFrameQueue Appended
INFO:root:2021-07-16-16--04--15 anomallyFrameTracker resetted to 200
INFO:root:2021-07-16-16--04--15 Colour Conversion Completed
INFO:root:2021-07-16-16--04--15 Sleep Check Completed
INFO:root:2021-07-16-16--04--15 Frame manipulations completed
INFO:root:2021-07-16-16--04--15 Bounding Box Drawn
INFO:root:2021-07-16-16--04--15[INFO] elapsed time: 27.14
INFO:root:2021-07-16-16--04--15[INFO] approx. FPS: 7.18
INFO:root:2021-07-16-16--04--15 Getting Auth Token Success
INFO:root:2021-07-16-16--04--15 BedTime Upload Completed
