INFO:root:2021-07-16-16--08--59 Parameter Generation Success
INFO:root:2021-07-16-16--08--59 Colour Conversion Completed
INFO:root:2021-07-16-16--08--59 Sleep Check Completed
INFO:root:2021-07-16-16--08--59 Frame manipulations completed
INFO:root:2021-07-16-16--08--59 Bounding Box Drawn
INFO:root:2021-07-16-16--09--04 MovingFrameQueue Appended
INFO:root:2021-07-16-16--09--04 anomallyFrameTracker resetted to 200
INFO:root:2021-07-16-16--09--04 Colour Conversion Completed
INFO:root:2021-07-16-16--09--04 Sleep Check Completed
INFO:root:2021-07-16-16--09--04 Frame manipulations completed
INFO:root:2021-07-16-16--09--04 Bounding Box Drawn
INFO:root:2021-07-16-16--09--04 MovingFrameQueue Appended
INFO:root:2021-07-16-16--09--04 anomallyFrameTracker resetted to 200
INFO:root:2021-07-16-16--09--04 Colour Conversion Completed
INFO:root:2021-07-16-16--09--04 Sleep Check Completed
INFO:root:2021-07-16-16--09--04 Frame manipulations completed
INFO:root:2021-07-16-16--09--04 Bounding Box Drawn
INFO:root:2021-07-16-16--09--04 MovingFrameQueue Appended
INFO:root:2021-07-16-16--09--04 anomallyFrameTracker resetted to 200
INFO:root:2021-07-16-16--09--04 Colour Conversion Completed
INFO:root:2021-07-16-16--09--04 Sleep Check Completed
INFO:root:2021-07-16-16--09--04 Frame manipulations completed
INFO:root:2021-07-16-16--09--04 Bounding Box Drawn
INFO:root:2021-07-16-16--09--04 MovingFrameQueue Appended
INFO:root:2021-07-16-16--09--04 anomallyFrameTracker resetted to 200
INFO:root:2021-07-16-16--09--04 Colour Conversion Completed
INFO:root:2021-07-16-16--09--04 Sleep Check Completed
INFO:root:2021-07-16-16--09--04 Frame manipulations completed
INFO:root:2021-07-16-16--09--04 Bounding Box Drawn
INFO:root:2021-07-16-16--09--04 MovingFrameQueue Appended
INFO:root:2021-07-16-16--09--04 anomallyFrameTracker resetted to 200
INFO:root:2021-07-16-16--09--05 Colour Conversion Completed
INFO:root:2021-07-16-16--09--05 Sleep Check Completed
INFO:root:2021-07-16-16--09--05 Frame manipulations completed
INFO:root:2021-07-16-16--09--05 Bounding Box Drawn
INFO:root:2021-07-16-16--09--05 MovingFrameQueue Appended
INFO:root:2021-07-16-16--09--05 anomallyFrameTracker resetted to 200
INFO:root:2021-07-16-16--09--05 Colour Conversion Completed
INFO:root:2021-07-16-16--09--05 Sleep Check Completed
INFO:root:2021-07-16-16--09--05 Frame manipulations completed
INFO:root:2021-07-16-16--09--05 Bounding Box Drawn
INFO:root:2021-07-16-16--09--05 MovingFrameQueue Appended
INFO:root:2021-07-16-16--09--05 anomallyFrameTracker resetted to 200
INFO:root:2021-07-16-16--09--05 Colour Conversion Completed
INFO:root:2021-07-16-16--09--05 Sleep Check Completed
INFO:root:2021-07-16-16--09--05 Frame manipulations completed
INFO:root:2021-07-16-16--09--05 Bounding Box Drawn
INFO:root:2021-07-16-16--09--05 MovingFrameQueue Appended
INFO:root:2021-07-16-16--09--05 anomallyFrameTracker resetted to 200
INFO:root:2021-07-16-16--09--05 Colour Conversion Completed
INFO:root:2021-07-16-16--09--05 Sleep Check Completed
INFO:root:2021-07-16-16--09--05 Frame manipulations completed
INFO:root:2021-07-16-16--09--05 Bounding Box Drawn
INFO:root:2021-07-16-16--09--05 MovingFrameQueue Appended
INFO:root:2021-07-16-16--09--05 anomallyFrameTracker resetted to 200
INFO:root:2021-07-16-16--09--05 Colour Conversion Completed
INFO:root:2021-07-16-16--09--05 Sleep Check Completed
INFO:root:2021-07-16-16--09--05 Frame manipulations completed
INFO:root:2021-07-16-16--09--05 Bounding Box Drawn
INFO:root:2021-07-16-16--09--05 MovingFrameQueue Appended
INFO:root:2021-07-16-16--09--05 anomallyFrameTracker resetted to 200
INFO:root:2021-07-16-16--09--05 Colour Conversion Completed
INFO:root:2021-07-16-16--09--05 Sleep Check Completed
INFO:root:2021-07-16-16--09--05 Frame manipulations completed
INFO:root:2021-07-16-16--09--05 Bounding Box Drawn
INFO:root:2021-07-16-16--09--05 MovingFrameQueue Appended
INFO:root:2021-07-16-16--09--05 anomallyFrameTracker resetted to 200
INFO:root:2021-07-16-16--09--05 Colour Conversion Completed
INFO:root:2021-07-16-16--09--05 Sleep Check Completed
INFO:root:2021-07-16-16--09--05 Frame manipulations completed
INFO:root:2021-07-16-16--09--05 Bounding Box Drawn
INFO:root:2021-07-16-16--09--05 MovingFrameQueue Appended
INFO:root:2021-07-16-16--09--05 anomallyFrameTracker resetted to 200
INFO:root:2021-07-16-16--09--05 Colour Conversion Completed
INFO:root:2021-07-16-16--09--05 Sleep Check Completed
INFO:root:2021-07-16-16--09--05 Frame manipulations completed
INFO:root:2021-07-16-16--09--05 Bounding Box Drawn
INFO:root:2021-07-16-16--09--06 MovingFrameQueue Appended
INFO:root:2021-07-16-16--09--06 anomallyFrameTracker resetted to 200
INFO:root:2021-07-16-16--09--06 Colour Conversion Completed
INFO:root:2021-07-16-16--09--06 Sleep Check Completed
INFO:root:2021-07-16-16--09--06 Frame manipulations completed
INFO:root:2021-07-16-16--09--06 Bounding Box Drawn
INFO:root:2021-07-16-16--09--06 MovingFrameQueue Appended
INFO:root:2021-07-16-16--09--06 anomallyFrameTracker resetted to 200
INFO:root:2021-07-16-16--09--06 Colour Conversion Completed
INFO:root:2021-07-16-16--09--06 Sleep Check Completed
INFO:root:2021-07-16-16--09--06 Frame manipulations completed
INFO:root:2021-07-16-16--09--06 Bounding Box Drawn
INFO:root:2021-07-16-16--09--06 MovingFrameQueue Appended
INFO:root:2021-07-16-16--09--06 anomallyFrameTracker resetted to 200
INFO:root:2021-07-16-16--09--06 Colour Conversion Completed
INFO:root:2021-07-16-16--09--06 Sleep Check Completed
INFO:root:2021-07-16-16--09--06 Frame manipulations completed
INFO:root:2021-07-16-16--09--06 Bounding Box Drawn
INFO:root:2021-07-16-16--09--06 MovingFrameQueue Appended
INFO:root:2021-07-16-16--09--06 anomallyFrameTracker resetted to 200
INFO:root:2021-07-16-16--09--06 Colour Conversion Completed
INFO:root:2021-07-16-16--09--06 Sleep Check Completed
INFO:root:2021-07-16-16--09--06 Frame manipulations completed
INFO:root:2021-07-16-16--09--06 Bounding Box Drawn
INFO:root:2021-07-16-16--09--06 MovingFrameQueue Appended
INFO:root:2021-07-16-16--09--06 anomallyFrameTracker resetted to 200
INFO:root:2021-07-16-16--09--06 Colour Conversion Completed
INFO:root:2021-07-16-16--09--06 Sleep Check Completed
INFO:root:2021-07-16-16--09--06 Frame manipulations completed
INFO:root:2021-07-16-16--09--06 Bounding Box Drawn
INFO:root:2021-07-16-16--09--06 MovingFrameQueue Appended
INFO:root:2021-07-16-16--09--06 anomallyFrameTracker resetted to 200
INFO:root:2021-07-16-16--09--06 Colour Conversion Completed
INFO:root:2021-07-16-16--09--06 Sleep Check Completed
INFO:root:2021-07-16-16--09--06 Frame manipulations completed
INFO:root:2021-07-16-16--09--06 Bounding Box Drawn
INFO:root:2021-07-16-16--09--06 MovingFrameQueue Appended
INFO:root:2021-07-16-16--09--06 anomallyFrameTracker resetted to 200
INFO:root:2021-07-16-16--09--06 Colour Conversion Completed
INFO:root:2021-07-16-16--09--06 Sleep Check Completed
INFO:root:2021-07-16-16--09--06 Frame manipulations completed
INFO:root:2021-07-16-16--09--06 Bounding Box Drawn
INFO:root:2021-07-16-16--09--06 MovingFrameQueue Appended
INFO:root:2021-07-16-16--09--06 anomallyFrameTracker resetted to 200
INFO:root:2021-07-16-16--09--06 Colour Conversion Completed
INFO:root:2021-07-16-16--09--06 Sleep Check Completed
INFO:root:2021-07-16-16--09--06 Frame manipulations completed
INFO:root:2021-07-16-16--09--06 Bounding Box Drawn
INFO:root:2021-07-16-16--09--06 MovingFrameQueue Appended
INFO:root:2021-07-16-16--09--06 anomallyFrameTracker resetted to 200
INFO:root:2021-07-16-16--09--06 Colour Conversion Completed
INFO:root:2021-07-16-16--09--06 Sleep Check Completed
INFO:root:2021-07-16-16--09--06 Frame manipulations completed
INFO:root:2021-07-16-16--09--06 Bounding Box Drawn
INFO:root:2021-07-16-16--09--07 MovingFrameQueue Appended
INFO:root:2021-07-16-16--09--07 anomallyFrameTracker resetted to 200
INFO:root:2021-07-16-16--09--07 Colour Conversion Completed
INFO:root:2021-07-16-16--09--07 Sleep Check Completed
INFO:root:2021-07-16-16--09--07 Frame manipulations completed
INFO:root:2021-07-16-16--09--07 Bounding Box Drawn
INFO:root:2021-07-16-16--09--07 MovingFrameQueue Appended
INFO:root:2021-07-16-16--09--07 anomallyFrameTracker resetted to 200
INFO:root:2021-07-16-16--09--07 Colour Conversion Completed
INFO:root:2021-07-16-16--09--07 Sleep Check Completed
INFO:root:2021-07-16-16--09--07 Frame manipulations completed
INFO:root:2021-07-16-16--09--07 Bounding Box Drawn
INFO:root:2021-07-16-16--09--07 MovingFrameQueue Appended
INFO:root:2021-07-16-16--09--07 anomallyFrameTracker resetted to 200
INFO:root:2021-07-16-16--09--07 Colour Conversion Completed
INFO:root:2021-07-16-16--09--07 Sleep Check Completed
INFO:root:2021-07-16-16--09--07 Frame manipulations completed
INFO:root:2021-07-16-16--09--07 Bounding Box Drawn
INFO:root:2021-07-16-16--09--07 MovingFrameQueue Appended
INFO:root:2021-07-16-16--09--07 anomallyFrameTracker resetted to 200
INFO:root:2021-07-16-16--09--07 Colour Conversion Completed
INFO:root:2021-07-16-16--09--07 Sleep Check Completed
INFO:root:2021-07-16-16--09--07 Frame manipulations completed
INFO:root:2021-07-16-16--09--07 Bounding Box Drawn
INFO:root:2021-07-16-16--09--07 MovingFrameQueue Appended
INFO:root:2021-07-16-16--09--07 anomallyFrameTracker resetted to 200
INFO:root:2021-07-16-16--09--07 Colour Conversion Completed
INFO:root:2021-07-16-16--09--07 Sleep Check Completed
INFO:root:2021-07-16-16--09--07 Frame manipulations completed
INFO:root:2021-07-16-16--09--07 Bounding Box Drawn
INFO:root:2021-07-16-16--09--07 MovingFrameQueue Appended
INFO:root:2021-07-16-16--09--07 anomallyFrameTracker resetted to 200
INFO:root:2021-07-16-16--09--07 Colour Conversion Completed
INFO:root:2021-07-16-16--09--07 Sleep Check Completed
INFO:root:2021-07-16-16--09--07 Frame manipulations completed
INFO:root:2021-07-16-16--09--07 Bounding Box Drawn
INFO:root:2021-07-16-16--09--07 MovingFrameQueue Appended
INFO:root:2021-07-16-16--09--07 anomallyFrameTracker resetted to 200
INFO:root:2021-07-16-16--09--07 Colour Conversion Completed
INFO:root:2021-07-16-16--09--07 Sleep Check Completed
INFO:root:2021-07-16-16--09--07 Frame manipulations completed
INFO:root:2021-07-16-16--09--07 Bounding Box Drawn
INFO:root:2021-07-16-16--09--07 MovingFrameQueue Appended
INFO:root:2021-07-16-16--09--07 anomallyFrameTracker resetted to 200
INFO:root:2021-07-16-16--09--07 Colour Conversion Completed
INFO:root:2021-07-16-16--09--07 Sleep Check Completed
INFO:root:2021-07-16-16--09--07 Frame manipulations completed
INFO:root:2021-07-16-16--09--07 Bounding Box Drawn
INFO:root:2021-07-16-16--09--07 MovingFrameQueue Appended
INFO:root:2021-07-16-16--09--07 anomallyFrameTracker resetted to 200
INFO:root:2021-07-16-16--09--07 Colour Conversion Completed
INFO:root:2021-07-16-16--09--07 Sleep Check Completed
INFO:root:2021-07-16-16--09--07 Frame manipulations completed
INFO:root:2021-07-16-16--09--07 Bounding Box Drawn
INFO:root:2021-07-16-16--09--08 MovingFrameQueue Appended
INFO:root:2021-07-16-16--09--08 anomallyFrameTracker resetted to 200
INFO:root:2021-07-16-16--09--08 Colour Conversion Completed
INFO:root:2021-07-16-16--09--08 Sleep Check Completed
INFO:root:2021-07-16-16--09--08 Frame manipulations completed
INFO:root:2021-07-16-16--09--08 Bounding Box Drawn
INFO:root:2021-07-16-16--09--08 MovingFrameQueue Appended
INFO:root:2021-07-16-16--09--08 anomallyFrameTracker resetted to 200
INFO:root:2021-07-16-16--09--08 Colour Conversion Completed
INFO:root:2021-07-16-16--09--08 Sleep Check Completed
INFO:root:2021-07-16-16--09--08 Frame manipulations completed
INFO:root:2021-07-16-16--09--08 Bounding Box Drawn
INFO:root:2021-07-16-16--09--08 MovingFrameQueue Appended
INFO:root:2021-07-16-16--09--08 anomallyFrameTracker resetted to 200
INFO:root:2021-07-16-16--09--08 Colour Conversion Completed
INFO:root:2021-07-16-16--09--08 Sleep Check Completed
INFO:root:2021-07-16-16--09--08 Frame manipulations completed
INFO:root:2021-07-16-16--09--08 Bounding Box Drawn
INFO:root:2021-07-16-16--09--08 MovingFrameQueue Appended
INFO:root:2021-07-16-16--09--08 anomallyFrameTracker resetted to 200
INFO:root:2021-07-16-16--09--08 Colour Conversion Completed
INFO:root:2021-07-16-16--09--08 Sleep Check Completed
INFO:root:2021-07-16-16--09--08 Frame manipulations completed
INFO:root:2021-07-16-16--09--08 Bounding Box Drawn
INFO:root:2021-07-16-16--09--08 MovingFrameQueue Appended
INFO:root:2021-07-16-16--09--08 anomallyFrameTracker resetted to 200
INFO:root:2021-07-16-16--09--08 Colour Conversion Completed
INFO:root:2021-07-16-16--09--08 Sleep Check Completed
INFO:root:2021-07-16-16--09--08 Frame manipulations completed
INFO:root:2021-07-16-16--09--08 Bounding Box Drawn
INFO:root:2021-07-16-16--09--08 MovingFrameQueue Appended
INFO:root:2021-07-16-16--09--08 anomallyFrameTracker resetted to 200
INFO:root:2021-07-16-16--09--08 Colour Conversion Completed
INFO:root:2021-07-16-16--09--08 Sleep Check Completed
INFO:root:2021-07-16-16--09--08 Frame manipulations completed
INFO:root:2021-07-16-16--09--08 Bounding Box Drawn
INFO:root:2021-07-16-16--09--08 MovingFrameQueue Appended
INFO:root:2021-07-16-16--09--08 anomallyFrameTracker resetted to 200
INFO:root:2021-07-16-16--09--08 Colour Conversion Completed
INFO:root:2021-07-16-16--09--08 Sleep Check Completed
INFO:root:2021-07-16-16--09--08 Frame manipulations completed
INFO:root:2021-07-16-16--09--08 Bounding Box Drawn
INFO:root:2021-07-16-16--09--08 MovingFrameQueue Appended
INFO:root:2021-07-16-16--09--08 anomallyFrameTracker resetted to 200
INFO:root:2021-07-16-16--09--08 Colour Conversion Completed
INFO:root:2021-07-16-16--09--08 Sleep Check Completed
INFO:root:2021-07-16-16--09--08 Frame manipulations completed
INFO:root:2021-07-16-16--09--08 Bounding Box Drawn
INFO:root:2021-07-16-16--09--08 MovingFrameQueue Appended
INFO:root:2021-07-16-16--09--08 anomallyFrameTracker resetted to 200
INFO:root:2021-07-16-16--09--09 Colour Conversion Completed
INFO:root:2021-07-16-16--09--09 Sleep Check Completed
INFO:root:2021-07-16-16--09--09 Frame manipulations completed
INFO:root:2021-07-16-16--09--09 Bounding Box Drawn
INFO:root:2021-07-16-16--09--09 MovingFrameQueue Appended
INFO:root:2021-07-16-16--09--09 anomallyFrameTracker resetted to 200
INFO:root:2021-07-16-16--09--09 Colour Conversion Completed
INFO:root:2021-07-16-16--09--09 Sleep Check Completed
INFO:root:2021-07-16-16--09--09 Frame manipulations completed
INFO:root:2021-07-16-16--09--09 Bounding Box Drawn
INFO:root:2021-07-16-16--09--09 MovingFrameQueue Appended
INFO:root:2021-07-16-16--09--09 anomallyFrameTracker resetted to 200
INFO:root:2021-07-16-16--09--09 Colour Conversion Completed
INFO:root:2021-07-16-16--09--09 Sleep Check Completed
INFO:root:2021-07-16-16--09--09 Frame manipulations completed
INFO:root:2021-07-16-16--09--09 Bounding Box Drawn
INFO:root:2021-07-16-16--09--09 MovingFrameQueue Appended
INFO:root:2021-07-16-16--09--09 anomallyFrameTracker resetted to 200
INFO:root:2021-07-16-16--09--09 Colour Conversion Completed
INFO:root:2021-07-16-16--09--09 Sleep Check Completed
INFO:root:2021-07-16-16--09--09 Frame manipulations completed
INFO:root:2021-07-16-16--09--09 Bounding Box Drawn
INFO:root:2021-07-16-16--09--09 MovingFrameQueue Appended
INFO:root:2021-07-16-16--09--09 anomallyFrameTracker resetted to 200
INFO:root:2021-07-16-16--09--09 Colour Conversion Completed
INFO:root:2021-07-16-16--09--09 Sleep Check Completed
INFO:root:2021-07-16-16--09--09 Frame manipulations completed
INFO:root:2021-07-16-16--09--09 Bounding Box Drawn
INFO:root:2021-07-16-16--09--09 MovingFrameQueue Appended
INFO:root:2021-07-16-16--09--09 anomallyFrameTracker resetted to 200
INFO:root:2021-07-16-16--09--09 Colour Conversion Completed
INFO:root:2021-07-16-16--09--09 Sleep Check Completed
INFO:root:2021-07-16-16--09--09 Frame manipulations completed
INFO:root:2021-07-16-16--09--09 Bounding Box Drawn
INFO:root:2021-07-16-16--09--09 MovingFrameQueue Appended
INFO:root:2021-07-16-16--09--09 anomallyFrameTracker resetted to 200
INFO:root:2021-07-16-16--09--09 Colour Conversion Completed
INFO:root:2021-07-16-16--09--09 Sleep Check Completed
INFO:root:2021-07-16-16--09--09 Frame manipulations completed
INFO:root:2021-07-16-16--09--09 Bounding Box Drawn
INFO:root:2021-07-16-16--09--09 MovingFrameQueue Appended
INFO:root:2021-07-16-16--09--09 anomallyFrameTracker resetted to 200
INFO:root:2021-07-16-16--09--09 Colour Conversion Completed
INFO:root:2021-07-16-16--09--09 Sleep Check Completed
INFO:root:2021-07-16-16--09--09 Frame manipulations completed
INFO:root:2021-07-16-16--09--09 Bounding Box Drawn
INFO:root:2021-07-16-16--09--09 MovingFrameQueue Appended
INFO:root:2021-07-16-16--09--09 anomallyFrameTracker resetted to 200
INFO:root:2021-07-16-16--09--09 Colour Conversion Completed
INFO:root:2021-07-16-16--09--09 Sleep Check Completed
INFO:root:2021-07-16-16--09--09 Frame manipulations completed
INFO:root:2021-07-16-16--09--09 Bounding Box Drawn
INFO:root:2021-07-16-16--09--10 MovingFrameQueue Appended
INFO:root:2021-07-16-16--09--10 anomallyFrameTracker resetted to 200
INFO:root:2021-07-16-16--09--10 Colour Conversion Completed
INFO:root:2021-07-16-16--09--10 Sleep Check Completed
INFO:root:2021-07-16-16--09--10 Frame manipulations completed
INFO:root:2021-07-16-16--09--10 Bounding Box Drawn
INFO:root:2021-07-16-16--09--10 MovingFrameQueue Appended
INFO:root:2021-07-16-16--09--10 anomallyFrameTracker resetted to 200
INFO:root:2021-07-16-16--09--10 Colour Conversion Completed
INFO:root:2021-07-16-16--09--10 Sleep Check Completed
INFO:root:2021-07-16-16--09--10 Frame manipulations completed
INFO:root:2021-07-16-16--09--10 Bounding Box Drawn
INFO:root:2021-07-16-16--09--10 MovingFrameQueue Appended
INFO:root:2021-07-16-16--09--10 anomallyFrameTracker resetted to 200
INFO:root:2021-07-16-16--09--10 Colour Conversion Completed
INFO:root:2021-07-16-16--09--10 Sleep Check Completed
INFO:root:2021-07-16-16--09--10 Frame manipulations completed
INFO:root:2021-07-16-16--09--10 Bounding Box Drawn
INFO:root:2021-07-16-16--09--10 MovingFrameQueue Appended
INFO:root:2021-07-16-16--09--10 anomallyFrameTracker resetted to 200
INFO:root:2021-07-16-16--09--10 Colour Conversion Completed
INFO:root:2021-07-16-16--09--10 Sleep Check Completed
INFO:root:2021-07-16-16--09--10 Frame manipulations completed
INFO:root:2021-07-16-16--09--10 Bounding Box Drawn
INFO:root:2021-07-16-16--09--10 MovingFrameQueue Popped
INFO:root:2021-07-16-16--09--10 anomallyFrameTracker resetted to 200
INFO:root:2021-07-16-16--09--10 Colour Conversion Completed
INFO:root:2021-07-16-16--09--10 Sleep Check Completed
INFO:root:2021-07-16-16--09--10 Frame manipulations completed
INFO:root:2021-07-16-16--09--10 Bounding Box Drawn
INFO:root:2021-07-16-16--09--10 MovingFrameQueue Appended
INFO:root:2021-07-16-16--09--10 anomallyFrameTracker resetted to 200
INFO:root:2021-07-16-16--09--10 Colour Conversion Completed
INFO:root:2021-07-16-16--09--10 Sleep Check Completed
INFO:root:2021-07-16-16--09--10 Frame manipulations completed
INFO:root:2021-07-16-16--09--10 Bounding Box Drawn
INFO:root:2021-07-16-16--09--10 MovingFrameQueue Popped
INFO:root:2021-07-16-16--09--10 anomallyFrameTracker resetted to 200
INFO:root:2021-07-16-16--09--10 Colour Conversion Completed
INFO:root:2021-07-16-16--09--10 Sleep Check Completed
INFO:root:2021-07-16-16--09--10 Frame manipulations completed
INFO:root:2021-07-16-16--09--10 Bounding Box Drawn
INFO:root:2021-07-16-16--09--10 MovingFrameQueue Appended
INFO:root:2021-07-16-16--09--10 anomallyFrameTracker resetted to 200
INFO:root:2021-07-16-16--09--10 Colour Conversion Completed
INFO:root:2021-07-16-16--09--10 Sleep Check Completed
INFO:root:2021-07-16-16--09--10 Frame manipulations completed
INFO:root:2021-07-16-16--09--10 Bounding Box Drawn
INFO:root:2021-07-16-16--09--10 MovingFrameQueue Popped
INFO:root:2021-07-16-16--09--10 anomallyFrameTracker resetted to 200
INFO:root:2021-07-16-16--09--10 Colour Conversion Completed
INFO:root:2021-07-16-16--09--10 Sleep Check Completed
INFO:root:2021-07-16-16--09--10 Frame manipulations completed
INFO:root:2021-07-16-16--09--10 Bounding Box Drawn
INFO:root:2021-07-16-16--09--11 MovingFrameQueue Appended
INFO:root:2021-07-16-16--09--11 anomallyFrameTracker resetted to 200
INFO:root:2021-07-16-16--09--11 Colour Conversion Completed
INFO:root:2021-07-16-16--09--11 Sleep Check Completed
INFO:root:2021-07-16-16--09--11 Frame manipulations completed
INFO:root:2021-07-16-16--09--11 Bounding Box Drawn
INFO:root:2021-07-16-16--09--11[INFO] elapsed time: 11.65
INFO:root:2021-07-16-16--09--11[INFO] approx. FPS: 4.89
INFO:root:2021-07-16-16--09--11 Getting Auth Token Success
INFO:root:2021-07-16-16--09--11 BedTime Upload Completed
