INFO:root:2021-08-10-15--02--55 Parameter Generation Success
INFO:root:2021-08-10-15--02--56 Colour Conversion Completed
INFO:root:2021-08-10-15--02--56 Sleep Check Completed
INFO:root:2021-08-10-15--02--56 Frame manipulations completed
INFO:root:2021-08-10-15--02--56 Bounding Box Drawn
INFO:root:2021-08-10-15--03--02 MovingFrameQueue Appended
INFO:root:2021-08-10-15--03--02 Colour Conversion Completed
INFO:root:2021-08-10-15--03--02 Sleep Check Completed
INFO:root:2021-08-10-15--03--02 Frame manipulations completed
INFO:root:2021-08-10-15--03--02 Bounding Box Drawn
INFO:root:2021-08-10-15--03--02 MovingFrameQueue Appended
INFO:root:2021-08-10-15--03--02 Colour Conversion Completed
INFO:root:2021-08-10-15--03--02 Sleep Check Completed
INFO:root:2021-08-10-15--03--02 Frame manipulations completed
INFO:root:2021-08-10-15--03--02 Bounding Box Drawn
INFO:root:2021-08-10-15--03--02 MovingFrameQueue Appended
INFO:root:2021-08-10-15--03--02 Colour Conversion Completed
INFO:root:2021-08-10-15--03--02 Sleep Check Completed
INFO:root:2021-08-10-15--03--02 Frame manipulations completed
INFO:root:2021-08-10-15--03--02 Bounding Box Drawn
INFO:root:2021-08-10-15--03--02 MovingFrameQueue Appended
INFO:root:2021-08-10-15--03--02 Colour Conversion Completed
INFO:root:2021-08-10-15--03--02 Sleep Check Completed
INFO:root:2021-08-10-15--03--02 Frame manipulations completed
INFO:root:2021-08-10-15--03--02 Bounding Box Drawn
INFO:root:2021-08-10-15--03--02 MovingFrameQueue Appended
INFO:root:2021-08-10-15--03--02 Colour Conversion Completed
INFO:root:2021-08-10-15--03--02 Sleep Check Completed
INFO:root:2021-08-10-15--03--02 Frame manipulations completed
INFO:root:2021-08-10-15--03--02 Bounding Box Drawn
INFO:root:2021-08-10-15--03--02 MovingFrameQueue Appended
INFO:root:2021-08-10-15--03--02 Colour Conversion Completed
INFO:root:2021-08-10-15--03--02 Sleep Check Completed
INFO:root:2021-08-10-15--03--02 Frame manipulations completed
INFO:root:2021-08-10-15--03--02 Bounding Box Drawn
INFO:root:2021-08-10-15--03--03 MovingFrameQueue Appended
INFO:root:2021-08-10-15--03--03 Colour Conversion Completed
INFO:root:2021-08-10-15--03--03 Sleep Check Completed
INFO:root:2021-08-10-15--03--03 Frame manipulations completed
INFO:root:2021-08-10-15--03--03 Bounding Box Drawn
INFO:root:2021-08-10-15--03--03 MovingFrameQueue Appended
INFO:root:2021-08-10-15--03--03 Colour Conversion Completed
INFO:root:2021-08-10-15--03--03 Sleep Check Completed
INFO:root:2021-08-10-15--03--03 Frame manipulations completed
INFO:root:2021-08-10-15--03--03 Bounding Box Drawn
INFO:root:2021-08-10-15--03--03 MovingFrameQueue Appended
INFO:root:2021-08-10-15--03--03 Colour Conversion Completed
INFO:root:2021-08-10-15--03--03 Sleep Check Completed
INFO:root:2021-08-10-15--03--03 Frame manipulations completed
INFO:root:2021-08-10-15--03--03 Bounding Box Drawn
INFO:root:2021-08-10-15--03--03 MovingFrameQueue Appended
INFO:root:2021-08-10-15--03--03 Colour Conversion Completed
INFO:root:2021-08-10-15--03--03 Sleep Check Completed
INFO:root:2021-08-10-15--03--03 Frame manipulations completed
INFO:root:2021-08-10-15--03--03 Bounding Box Drawn
INFO:root:2021-08-10-15--03--03 MovingFrameQueue Appended
INFO:root:2021-08-10-15--03--03 Colour Conversion Completed
INFO:root:2021-08-10-15--03--03 Sleep Check Completed
INFO:root:2021-08-10-15--03--03 Frame manipulations completed
INFO:root:2021-08-10-15--03--03 Bounding Box Drawn
INFO:root:2021-08-10-15--03--03 MovingFrameQueue Appended
INFO:root:2021-08-10-15--03--03 Colour Conversion Completed
INFO:root:2021-08-10-15--03--03 Sleep Check Completed
INFO:root:2021-08-10-15--03--03 Frame manipulations completed
INFO:root:2021-08-10-15--03--03 Bounding Box Drawn
INFO:root:2021-08-10-15--03--04 MovingFrameQueue Appended
INFO:root:2021-08-10-15--03--04 Colour Conversion Completed
INFO:root:2021-08-10-15--03--04 Sleep Check Completed
INFO:root:2021-08-10-15--03--04 Frame manipulations completed
INFO:root:2021-08-10-15--03--04 Bounding Box Drawn
INFO:root:2021-08-10-15--03--04 MovingFrameQueue Appended
INFO:root:2021-08-10-15--03--04 Colour Conversion Completed
INFO:root:2021-08-10-15--03--04 Sleep Check Completed
INFO:root:2021-08-10-15--03--04 Frame manipulations completed
INFO:root:2021-08-10-15--03--04 Bounding Box Drawn
INFO:root:2021-08-10-15--03--04 MovingFrameQueue Appended
INFO:root:2021-08-10-15--03--04 Colour Conversion Completed
INFO:root:2021-08-10-15--03--04 Sleep Check Completed
INFO:root:2021-08-10-15--03--04 Frame manipulations completed
INFO:root:2021-08-10-15--03--04 Bounding Box Drawn
INFO:root:2021-08-10-15--03--04 MovingFrameQueue Appended
INFO:root:2021-08-10-15--03--04 Colour Conversion Completed
INFO:root:2021-08-10-15--03--04 Sleep Check Completed
INFO:root:2021-08-10-15--03--04 Frame manipulations completed
INFO:root:2021-08-10-15--03--04 Bounding Box Drawn
INFO:root:2021-08-10-15--03--04 MovingFrameQueue Appended
INFO:root:2021-08-10-15--03--04 Colour Conversion Completed
INFO:root:2021-08-10-15--03--04 Sleep Check Completed
INFO:root:2021-08-10-15--03--04 Frame manipulations completed
INFO:root:2021-08-10-15--03--04 Bounding Box Drawn
INFO:root:2021-08-10-15--03--05 MovingFrameQueue Appended
INFO:root:2021-08-10-15--03--05 Colour Conversion Completed
INFO:root:2021-08-10-15--03--05 Sleep Check Completed
INFO:root:2021-08-10-15--03--05 Frame manipulations completed
INFO:root:2021-08-10-15--03--05 Bounding Box Drawn
INFO:root:2021-08-10-15--03--05 MovingFrameQueue Appended
INFO:root:2021-08-10-15--03--05 Colour Conversion Completed
INFO:root:2021-08-10-15--03--05 Sleep Check Completed
INFO:root:2021-08-10-15--03--05 Frame manipulations completed
INFO:root:2021-08-10-15--03--05 Bounding Box Drawn
INFO:root:2021-08-10-15--03--05 MovingFrameQueue Appended
INFO:root:2021-08-10-15--03--05 Colour Conversion Completed
INFO:root:2021-08-10-15--03--05 Sleep Check Completed
INFO:root:2021-08-10-15--03--05 Frame manipulations completed
INFO:root:2021-08-10-15--03--05 Bounding Box Drawn
INFO:root:2021-08-10-15--03--05 MovingFrameQueue Appended
INFO:root:2021-08-10-15--03--05 Colour Conversion Completed
INFO:root:2021-08-10-15--03--05 Sleep Check Completed
INFO:root:2021-08-10-15--03--05 Frame manipulations completed
INFO:root:2021-08-10-15--03--05 Bounding Box Drawn
INFO:root:2021-08-10-15--03--05 MovingFrameQueue Appended
INFO:root:2021-08-10-15--03--05 Colour Conversion Completed
INFO:root:2021-08-10-15--03--05 Sleep Check Completed
INFO:root:2021-08-10-15--03--05 Frame manipulations completed
INFO:root:2021-08-10-15--03--05 Bounding Box Drawn
INFO:root:2021-08-10-15--03--06 MovingFrameQueue Appended
INFO:root:2021-08-10-15--03--06 Colour Conversion Completed
INFO:root:2021-08-10-15--03--06 Sleep Check Completed
INFO:root:2021-08-10-15--03--06 Frame manipulations completed
INFO:root:2021-08-10-15--03--06 Bounding Box Drawn
INFO:root:2021-08-10-15--03--06 MovingFrameQueue Appended
INFO:root:2021-08-10-15--03--06 Colour Conversion Completed
INFO:root:2021-08-10-15--03--06 Sleep Check Completed
INFO:root:2021-08-10-15--03--06 Frame manipulations completed
INFO:root:2021-08-10-15--03--06 Bounding Box Drawn
INFO:root:2021-08-10-15--03--06 MovingFrameQueue Appended
INFO:root:2021-08-10-15--03--06 Colour Conversion Completed
INFO:root:2021-08-10-15--03--06 Sleep Check Completed
INFO:root:2021-08-10-15--03--06 Frame manipulations completed
INFO:root:2021-08-10-15--03--06 Bounding Box Drawn
INFO:root:2021-08-10-15--03--06 MovingFrameQueue Appended
INFO:root:2021-08-10-15--03--06 Colour Conversion Completed
INFO:root:2021-08-10-15--03--06 Sleep Check Completed
INFO:root:2021-08-10-15--03--06 Frame manipulations completed
INFO:root:2021-08-10-15--03--06 Bounding Box Drawn
INFO:root:2021-08-10-15--03--06 MovingFrameQueue Appended
INFO:root:2021-08-10-15--03--06 Colour Conversion Completed
INFO:root:2021-08-10-15--03--06 Sleep Check Completed
INFO:root:2021-08-10-15--03--06 Frame manipulations completed
INFO:root:2021-08-10-15--03--06 Bounding Box Drawn
INFO:root:2021-08-10-15--03--07 MovingFrameQueue Appended
INFO:root:2021-08-10-15--03--07 Colour Conversion Completed
INFO:root:2021-08-10-15--03--07 Sleep Check Completed
INFO:root:2021-08-10-15--03--07 Frame manipulations completed
INFO:root:2021-08-10-15--03--07 Bounding Box Drawn
INFO:root:2021-08-10-15--03--07 MovingFrameQueue Appended
INFO:root:2021-08-10-15--03--07 Colour Conversion Completed
INFO:root:2021-08-10-15--03--07 Sleep Check Completed
INFO:root:2021-08-10-15--03--07 Frame manipulations completed
INFO:root:2021-08-10-15--03--07 Bounding Box Drawn
INFO:root:2021-08-10-15--03--07 MovingFrameQueue Appended
INFO:root:2021-08-10-15--03--07 Colour Conversion Completed
INFO:root:2021-08-10-15--03--07 Sleep Check Completed
INFO:root:2021-08-10-15--03--07 Frame manipulations completed
INFO:root:2021-08-10-15--03--07 Bounding Box Drawn
INFO:root:2021-08-10-15--03--07 MovingFrameQueue Appended
INFO:root:2021-08-10-15--03--07 Colour Conversion Completed
INFO:root:2021-08-10-15--03--07 Sleep Check Completed
INFO:root:2021-08-10-15--03--07 Frame manipulations completed
INFO:root:2021-08-10-15--03--07 Bounding Box Drawn
INFO:root:2021-08-10-15--03--07 MovingFrameQueue Appended
INFO:root:2021-08-10-15--03--07 Colour Conversion Completed
INFO:root:2021-08-10-15--03--07 Sleep Check Completed
INFO:root:2021-08-10-15--03--07 Frame manipulations completed
INFO:root:2021-08-10-15--03--07 Bounding Box Drawn
INFO:root:2021-08-10-15--03--08 MovingFrameQueue Appended
INFO:root:2021-08-10-15--03--08 Colour Conversion Completed
INFO:root:2021-08-10-15--03--08 Sleep Check Completed
INFO:root:2021-08-10-15--03--08 Frame manipulations completed
INFO:root:2021-08-10-15--03--08 Bounding Box Drawn
INFO:root:2021-08-10-15--03--08 MovingFrameQueue Appended
INFO:root:2021-08-10-15--03--08 Colour Conversion Completed
INFO:root:2021-08-10-15--03--08 Sleep Check Completed
INFO:root:2021-08-10-15--03--08 Frame manipulations completed
INFO:root:2021-08-10-15--03--08 Bounding Box Drawn
INFO:root:2021-08-10-15--03--08 MovingFrameQueue Appended
INFO:root:2021-08-10-15--03--08 Colour Conversion Completed
INFO:root:2021-08-10-15--03--08 Sleep Check Completed
INFO:root:2021-08-10-15--03--08 Frame manipulations completed
INFO:root:2021-08-10-15--03--08 Bounding Box Drawn
INFO:root:2021-08-10-15--03--08 MovingFrameQueue Appended
INFO:root:2021-08-10-15--03--08 Colour Conversion Completed
INFO:root:2021-08-10-15--03--08 Sleep Check Completed
INFO:root:2021-08-10-15--03--08 Frame manipulations completed
INFO:root:2021-08-10-15--03--08 Bounding Box Drawn
INFO:root:2021-08-10-15--03--09 MovingFrameQueue Appended
INFO:root:2021-08-10-15--03--09 Colour Conversion Completed
INFO:root:2021-08-10-15--03--09 Sleep Check Completed
INFO:root:2021-08-10-15--03--09 Frame manipulations completed
INFO:root:2021-08-10-15--03--09 Bounding Box Drawn
INFO:root:2021-08-10-15--03--09 MovingFrameQueue Appended
INFO:root:2021-08-10-15--03--09 Colour Conversion Completed
INFO:root:2021-08-10-15--03--09 Sleep Check Completed
INFO:root:2021-08-10-15--03--09 Frame manipulations completed
INFO:root:2021-08-10-15--03--09 Bounding Box Drawn
INFO:root:2021-08-10-15--03--09 MovingFrameQueue Appended
INFO:root:2021-08-10-15--03--09 Colour Conversion Completed
INFO:root:2021-08-10-15--03--09 Sleep Check Completed
INFO:root:2021-08-10-15--03--09 Frame manipulations completed
INFO:root:2021-08-10-15--03--09 Bounding Box Drawn
INFO:root:2021-08-10-15--03--09 MovingFrameQueue Appended
INFO:root:2021-08-10-15--03--09 Colour Conversion Completed
INFO:root:2021-08-10-15--03--09 Sleep Check Completed
INFO:root:2021-08-10-15--03--09 Frame manipulations completed
INFO:root:2021-08-10-15--03--09 Bounding Box Drawn
INFO:root:2021-08-10-15--03--09 MovingFrameQueue Appended
INFO:root:2021-08-10-15--03--09 Colour Conversion Completed
INFO:root:2021-08-10-15--03--09 Sleep Check Completed
INFO:root:2021-08-10-15--03--09 Frame manipulations completed
INFO:root:2021-08-10-15--03--09 Bounding Box Drawn
INFO:root:2021-08-10-15--03--10 MovingFrameQueue Appended
INFO:root:2021-08-10-15--03--10 Colour Conversion Completed
INFO:root:2021-08-10-15--03--10 Sleep Check Completed
INFO:root:2021-08-10-15--03--10 Frame manipulations completed
INFO:root:2021-08-10-15--03--10 Bounding Box Drawn
INFO:root:2021-08-10-15--03--10 MovingFrameQueue Appended
INFO:root:2021-08-10-15--03--10 Colour Conversion Completed
INFO:root:2021-08-10-15--03--10 Sleep Check Completed
INFO:root:2021-08-10-15--03--10 Frame manipulations completed
INFO:root:2021-08-10-15--03--10 Bounding Box Drawn
INFO:root:2021-08-10-15--03--10 MovingFrameQueue Appended
INFO:root:2021-08-10-15--03--10 Colour Conversion Completed
INFO:root:2021-08-10-15--03--10 Sleep Check Completed
INFO:root:2021-08-10-15--03--10 Frame manipulations completed
INFO:root:2021-08-10-15--03--10 Bounding Box Drawn
INFO:root:2021-08-10-15--03--10 MovingFrameQueue Appended
INFO:root:2021-08-10-15--03--10 Colour Conversion Completed
INFO:root:2021-08-10-15--03--10 Sleep Check Completed
INFO:root:2021-08-10-15--03--10 Frame manipulations completed
INFO:root:2021-08-10-15--03--10 Bounding Box Drawn
INFO:root:2021-08-10-15--03--10 MovingFrameQueue Appended
INFO:root:2021-08-10-15--03--10 Colour Conversion Completed
INFO:root:2021-08-10-15--03--10 Sleep Check Completed
INFO:root:2021-08-10-15--03--10 Frame manipulations completed
INFO:root:2021-08-10-15--03--10 Bounding Box Drawn
INFO:root:2021-08-10-15--03--11 MovingFrameQueue Appended
INFO:root:2021-08-10-15--03--11 Colour Conversion Completed
INFO:root:2021-08-10-15--03--11 Sleep Check Completed
INFO:root:2021-08-10-15--03--11 Frame manipulations completed
INFO:root:2021-08-10-15--03--11 Bounding Box Drawn
INFO:root:2021-08-10-15--03--11 MovingFrameQueue Appended
INFO:root:2021-08-10-15--03--11 Colour Conversion Completed
INFO:root:2021-08-10-15--03--11 Sleep Check Completed
INFO:root:2021-08-10-15--03--11 Frame manipulations completed
INFO:root:2021-08-10-15--03--11 Bounding Box Drawn
INFO:root:2021-08-10-15--03--11 MovingFrameQueue Appended
INFO:root:2021-08-10-15--03--11 Colour Conversion Completed
INFO:root:2021-08-10-15--03--11 Sleep Check Completed
INFO:root:2021-08-10-15--03--11 Frame manipulations completed
INFO:root:2021-08-10-15--03--11 Bounding Box Drawn
INFO:root:2021-08-10-15--03--11 MovingFrameQueue Appended
INFO:root:2021-08-10-15--03--11 Colour Conversion Completed
INFO:root:2021-08-10-15--03--11 Sleep Check Completed
INFO:root:2021-08-10-15--03--11 Frame manipulations completed
INFO:root:2021-08-10-15--03--11 Bounding Box Drawn
INFO:root:2021-08-10-15--03--11 MovingFrameQueue Appended
INFO:root:2021-08-10-15--03--11 Colour Conversion Completed
INFO:root:2021-08-10-15--03--11 Sleep Check Completed
INFO:root:2021-08-10-15--03--11 Frame manipulations completed
INFO:root:2021-08-10-15--03--11 Bounding Box Drawn
INFO:root:2021-08-10-15--03--12 MovingFrameQueue Popped
INFO:root:2021-08-10-15--03--12 Colour Conversion Completed
INFO:root:2021-08-10-15--03--12 Sleep Check Completed
INFO:root:2021-08-10-15--03--12 Frame manipulations completed
INFO:root:2021-08-10-15--03--12 Bounding Box Drawn
INFO:root:2021-08-10-15--03--12 MovingFrameQueue Appended
INFO:root:2021-08-10-15--03--12 Colour Conversion Completed
INFO:root:2021-08-10-15--03--12 Sleep Check Completed
INFO:root:2021-08-10-15--03--12 Frame manipulations completed
INFO:root:2021-08-10-15--03--12 Bounding Box Drawn
INFO:root:2021-08-10-15--03--12 MovingFrameQueue Popped
INFO:root:2021-08-10-15--03--12 Colour Conversion Completed
INFO:root:2021-08-10-15--03--12 Sleep Check Completed
INFO:root:2021-08-10-15--03--12 Frame manipulations completed
INFO:root:2021-08-10-15--03--12 Bounding Box Drawn
INFO:root:2021-08-10-15--03--12 MovingFrameQueue Appended
INFO:root:2021-08-10-15--03--12 Colour Conversion Completed
INFO:root:2021-08-10-15--03--12 Sleep Check Completed
INFO:root:2021-08-10-15--03--12 Frame manipulations completed
INFO:root:2021-08-10-15--03--12 Bounding Box Drawn
INFO:root:2021-08-10-15--03--12 MovingFrameQueue Popped
INFO:root:2021-08-10-15--03--12 Colour Conversion Completed
INFO:root:2021-08-10-15--03--12 Sleep Check Completed
INFO:root:2021-08-10-15--03--12 Frame manipulations completed
INFO:root:2021-08-10-15--03--12 Bounding Box Drawn
INFO:root:2021-08-10-15--03--13 MovingFrameQueue Appended
INFO:root:2021-08-10-15--03--13 Colour Conversion Completed
INFO:root:2021-08-10-15--03--13 Sleep Check Completed
INFO:root:2021-08-10-15--03--13 Frame manipulations completed
INFO:root:2021-08-10-15--03--13 Bounding Box Drawn
INFO:root:2021-08-10-15--03--13 MovingFrameQueue Popped
INFO:root:2021-08-10-15--03--13 Colour Conversion Completed
INFO:root:2021-08-10-15--03--13 Sleep Check Completed
INFO:root:2021-08-10-15--03--13 Frame manipulations completed
INFO:root:2021-08-10-15--03--13 Bounding Box Drawn
INFO:root:2021-08-10-15--03--13 MovingFrameQueue Appended
INFO:root:2021-08-10-15--03--13 Colour Conversion Completed
INFO:root:2021-08-10-15--03--13 Sleep Check Completed
INFO:root:2021-08-10-15--03--13 Frame manipulations completed
INFO:root:2021-08-10-15--03--13 Bounding Box Drawn
INFO:root:2021-08-10-15--03--13 MovingFrameQueue Popped
INFO:root:2021-08-10-15--03--13 Colour Conversion Completed
INFO:root:2021-08-10-15--03--13 Sleep Check Completed
INFO:root:2021-08-10-15--03--13 Frame manipulations completed
INFO:root:2021-08-10-15--03--13 Bounding Box Drawn
INFO:root:2021-08-10-15--03--14 MovingFrameQueue Appended
INFO:root:2021-08-10-15--03--14 Colour Conversion Completed
INFO:root:2021-08-10-15--03--14 Sleep Check Completed
INFO:root:2021-08-10-15--03--14 Frame manipulations completed
INFO:root:2021-08-10-15--03--14 Bounding Box Drawn
INFO:root:2021-08-10-15--03--14 MovingFrameQueue Popped
INFO:root:2021-08-10-15--03--14 Colour Conversion Completed
INFO:root:2021-08-10-15--03--14 Sleep Check Completed
INFO:root:2021-08-10-15--03--14 Frame manipulations completed
INFO:root:2021-08-10-15--03--14 Bounding Box Drawn
INFO:root:2021-08-10-15--03--14 MovingFrameQueue Appended
INFO:root:2021-08-10-15--03--14 Colour Conversion Completed
INFO:root:2021-08-10-15--03--14 Sleep Check Completed
INFO:root:2021-08-10-15--03--14 Frame manipulations completed
INFO:root:2021-08-10-15--03--14 Bounding Box Drawn
INFO:root:2021-08-10-15--03--14 MovingFrameQueue Popped
INFO:root:2021-08-10-15--03--14 Colour Conversion Completed
INFO:root:2021-08-10-15--03--14 Sleep Check Completed
INFO:root:2021-08-10-15--03--14 Frame manipulations completed
INFO:root:2021-08-10-15--03--14 Bounding Box Drawn
INFO:root:2021-08-10-15--03--14 MovingFrameQueue Appended
INFO:root:2021-08-10-15--03--14 Colour Conversion Completed
INFO:root:2021-08-10-15--03--14 Sleep Check Completed
INFO:root:2021-08-10-15--03--14 Frame manipulations completed
INFO:root:2021-08-10-15--03--14 Bounding Box Drawn
INFO:root:2021-08-10-15--03--15 MovingFrameQueue Popped
INFO:root:2021-08-10-15--03--15 Colour Conversion Completed
INFO:root:2021-08-10-15--03--15 Sleep Check Completed
INFO:root:2021-08-10-15--03--15 Frame manipulations completed
INFO:root:2021-08-10-15--03--15 Bounding Box Drawn
INFO:root:2021-08-10-15--03--15 MovingFrameQueue Appended
INFO:root:2021-08-10-15--03--15 Colour Conversion Completed
INFO:root:2021-08-10-15--03--15 Sleep Check Completed
INFO:root:2021-08-10-15--03--15 Frame manipulations completed
INFO:root:2021-08-10-15--03--15 Bounding Box Drawn
INFO:root:2021-08-10-15--03--15 MovingFrameQueue Popped
INFO:root:2021-08-10-15--03--15 Colour Conversion Completed
INFO:root:2021-08-10-15--03--15 Sleep Check Completed
INFO:root:2021-08-10-15--03--15 Frame manipulations completed
INFO:root:2021-08-10-15--03--15 Bounding Box Drawn
INFO:root:2021-08-10-15--03--15 MovingFrameQueue Appended
INFO:root:2021-08-10-15--03--15 Colour Conversion Completed
INFO:root:2021-08-10-15--03--15 Sleep Check Completed
INFO:root:2021-08-10-15--03--15 Frame manipulations completed
INFO:root:2021-08-10-15--03--15 Bounding Box Drawn
INFO:root:2021-08-10-15--03--15 MovingFrameQueue Popped
INFO:root:2021-08-10-15--03--15 Colour Conversion Completed
INFO:root:2021-08-10-15--03--15 Sleep Check Completed
INFO:root:2021-08-10-15--03--15 Frame manipulations completed
INFO:root:2021-08-10-15--03--15 Bounding Box Drawn
INFO:root:2021-08-10-15--03--16 MovingFrameQueue Appended
INFO:root:2021-08-10-15--03--16 Colour Conversion Completed
INFO:root:2021-08-10-15--03--16 Sleep Check Completed
INFO:root:2021-08-10-15--03--16 Frame manipulations completed
INFO:root:2021-08-10-15--03--16 Bounding Box Drawn
INFO:root:2021-08-10-15--03--16 MovingFrameQueue Popped
INFO:root:2021-08-10-15--03--16 Colour Conversion Completed
INFO:root:2021-08-10-15--03--16 Sleep Check Completed
INFO:root:2021-08-10-15--03--16 Frame manipulations completed
INFO:root:2021-08-10-15--03--16 Bounding Box Drawn
INFO:root:2021-08-10-15--03--16 MovingFrameQueue Appended
INFO:root:2021-08-10-15--03--16 Colour Conversion Completed
INFO:root:2021-08-10-15--03--16 Sleep Check Completed
INFO:root:2021-08-10-15--03--16 Frame manipulations completed
INFO:root:2021-08-10-15--03--16 Bounding Box Drawn
INFO:root:2021-08-10-15--03--16 MovingFrameQueue Popped
INFO:root:2021-08-10-15--03--16 Colour Conversion Completed
INFO:root:2021-08-10-15--03--16 Sleep Check Completed
INFO:root:2021-08-10-15--03--16 Frame manipulations completed
INFO:root:2021-08-10-15--03--16 Bounding Box Drawn
INFO:root:2021-08-10-15--03--16 MovingFrameQueue Appended
INFO:root:2021-08-10-15--03--16 Colour Conversion Completed
INFO:root:2021-08-10-15--03--16 Sleep Check Completed
INFO:root:2021-08-10-15--03--16 Frame manipulations completed
INFO:root:2021-08-10-15--03--16 Bounding Box Drawn
INFO:root:2021-08-10-15--03--16 MovingFrameQueue Popped
INFO:root:2021-08-10-15--03--16 Colour Conversion Completed
INFO:root:2021-08-10-15--03--16 Sleep Check Completed
INFO:root:2021-08-10-15--03--16 Frame manipulations completed
INFO:root:2021-08-10-15--03--16 Bounding Box Drawn
INFO:root:2021-08-10-15--03--17 MovingFrameQueue Appended
INFO:root:2021-08-10-15--03--17 Colour Conversion Completed
INFO:root:2021-08-10-15--03--17 Sleep Check Completed
INFO:root:2021-08-10-15--03--17 Frame manipulations completed
INFO:root:2021-08-10-15--03--17 Bounding Box Drawn
INFO:root:2021-08-10-15--03--17 MovingFrameQueue Popped
INFO:root:2021-08-10-15--03--17 Colour Conversion Completed
INFO:root:2021-08-10-15--03--17 Sleep Check Completed
INFO:root:2021-08-10-15--03--17 Frame manipulations completed
INFO:root:2021-08-10-15--03--17 Bounding Box Drawn
INFO:root:2021-08-10-15--03--17 MovingFrameQueue Appended
INFO:root:2021-08-10-15--03--17 Colour Conversion Completed
INFO:root:2021-08-10-15--03--17 Sleep Check Completed
INFO:root:2021-08-10-15--03--17 Frame manipulations completed
INFO:root:2021-08-10-15--03--17 Bounding Box Drawn
INFO:root:2021-08-10-15--03--17 MovingFrameQueue Popped
INFO:root:2021-08-10-15--03--17 Colour Conversion Completed
INFO:root:2021-08-10-15--03--17 Sleep Check Completed
INFO:root:2021-08-10-15--03--17 Frame manipulations completed
INFO:root:2021-08-10-15--03--17 Bounding Box Drawn
INFO:root:2021-08-10-15--03--17 MovingFrameQueue Appended
INFO:root:2021-08-10-15--03--17 Colour Conversion Completed
INFO:root:2021-08-10-15--03--17 Sleep Check Completed
INFO:root:2021-08-10-15--03--17 Frame manipulations completed
INFO:root:2021-08-10-15--03--17 Bounding Box Drawn
INFO:root:2021-08-10-15--03--17 MovingFrameQueue Popped
INFO:root:2021-08-10-15--03--17 Colour Conversion Completed
INFO:root:2021-08-10-15--03--17 Sleep Check Completed
INFO:root:2021-08-10-15--03--17 Frame manipulations completed
INFO:root:2021-08-10-15--03--17 Bounding Box Drawn
INFO:root:2021-08-10-15--03--18 MovingFrameQueue Appended
INFO:root:2021-08-10-15--03--18 Colour Conversion Completed
INFO:root:2021-08-10-15--03--18 Sleep Check Completed
INFO:root:2021-08-10-15--03--18 Frame manipulations completed
INFO:root:2021-08-10-15--03--18 Bounding Box Drawn
INFO:root:2021-08-10-15--03--18 MovingFrameQueue Popped
INFO:root:2021-08-10-15--03--18 Colour Conversion Completed
INFO:root:2021-08-10-15--03--18 Sleep Check Completed
INFO:root:2021-08-10-15--03--18 Frame manipulations completed
INFO:root:2021-08-10-15--03--18 Bounding Box Drawn
INFO:root:2021-08-10-15--03--18 MovingFrameQueue Appended
INFO:root:2021-08-10-15--03--18 Colour Conversion Completed
INFO:root:2021-08-10-15--03--18 Sleep Check Completed
INFO:root:2021-08-10-15--03--18 Frame manipulations completed
INFO:root:2021-08-10-15--03--18 Bounding Box Drawn
INFO:root:2021-08-10-15--03--18 MovingFrameQueue Popped
INFO:root:2021-08-10-15--03--18 Colour Conversion Completed
INFO:root:2021-08-10-15--03--18 Sleep Check Completed
INFO:root:2021-08-10-15--03--18 Frame manipulations completed
INFO:root:2021-08-10-15--03--18 Bounding Box Drawn
INFO:root:2021-08-10-15--03--18 MovingFrameQueue Appended
INFO:root:2021-08-10-15--03--18 Colour Conversion Completed
INFO:root:2021-08-10-15--03--18 Sleep Check Completed
INFO:root:2021-08-10-15--03--18 Frame manipulations completed
INFO:root:2021-08-10-15--03--18 Bounding Box Drawn
INFO:root:2021-08-10-15--03--19 MovingFrameQueue Popped
INFO:root:2021-08-10-15--03--19 Colour Conversion Completed
INFO:root:2021-08-10-15--03--19 Sleep Check Completed
INFO:root:2021-08-10-15--03--19 Frame manipulations completed
INFO:root:2021-08-10-15--03--19 Bounding Box Drawn
INFO:root:2021-08-10-15--03--19 MovingFrameQueue Appended
INFO:root:2021-08-10-15--03--19 Colour Conversion Completed
INFO:root:2021-08-10-15--03--19 Sleep Check Completed
INFO:root:2021-08-10-15--03--19 Frame manipulations completed
INFO:root:2021-08-10-15--03--19 Bounding Box Drawn
INFO:root:2021-08-10-15--03--19 MovingFrameQueue Popped
INFO:root:2021-08-10-15--03--19 Colour Conversion Completed
INFO:root:2021-08-10-15--03--19 Sleep Check Completed
INFO:root:2021-08-10-15--03--19 Frame manipulations completed
INFO:root:2021-08-10-15--03--19 Bounding Box Drawn
INFO:root:2021-08-10-15--03--19 MovingFrameQueue Appended
INFO:root:2021-08-10-15--03--19 Colour Conversion Completed
INFO:root:2021-08-10-15--03--19 Sleep Check Completed
INFO:root:2021-08-10-15--03--19 Frame manipulations completed
INFO:root:2021-08-10-15--03--19 Bounding Box Drawn
INFO:root:2021-08-10-15--03--19 MovingFrameQueue Popped
INFO:root:2021-08-10-15--03--19 Colour Conversion Completed
INFO:root:2021-08-10-15--03--19 Sleep Check Completed
INFO:root:2021-08-10-15--03--19 Frame manipulations completed
INFO:root:2021-08-10-15--03--19 Bounding Box Drawn
INFO:root:2021-08-10-15--03--20 MovingFrameQueue Appended
INFO:root:2021-08-10-15--03--20 Colour Conversion Completed
INFO:root:2021-08-10-15--03--20 Sleep Check Completed
INFO:root:2021-08-10-15--03--20 Frame manipulations completed
INFO:root:2021-08-10-15--03--20 Bounding Box Drawn
INFO:root:2021-08-10-15--03--20 MovingFrameQueue Popped
INFO:root:2021-08-10-15--03--20 Colour Conversion Completed
INFO:root:2021-08-10-15--03--20 Sleep Check Completed
INFO:root:2021-08-10-15--03--20 Frame manipulations completed
INFO:root:2021-08-10-15--03--20 Bounding Box Drawn
INFO:root:2021-08-10-15--03--20 MovingFrameQueue Appended
INFO:root:2021-08-10-15--03--20 Colour Conversion Completed
INFO:root:2021-08-10-15--03--20 Sleep Check Completed
INFO:root:2021-08-10-15--03--20 Frame manipulations completed
INFO:root:2021-08-10-15--03--20 Bounding Box Drawn
INFO:root:2021-08-10-15--03--20 MovingFrameQueue Popped
INFO:root:2021-08-10-15--03--20 Colour Conversion Completed
INFO:root:2021-08-10-15--03--20 Sleep Check Completed
INFO:root:2021-08-10-15--03--20 Frame manipulations completed
INFO:root:2021-08-10-15--03--20 Bounding Box Drawn
INFO:root:2021-08-10-15--03--21 MovingFrameQueue Appended
INFO:root:2021-08-10-15--03--21 Colour Conversion Completed
INFO:root:2021-08-10-15--03--21 Sleep Check Completed
INFO:root:2021-08-10-15--03--21 Frame manipulations completed
INFO:root:2021-08-10-15--03--21 Bounding Box Drawn
INFO:root:2021-08-10-15--03--21 MovingFrameQueue Popped
INFO:root:2021-08-10-15--03--21 Colour Conversion Completed
INFO:root:2021-08-10-15--03--21 Sleep Check Completed
INFO:root:2021-08-10-15--03--21 Frame manipulations completed
INFO:root:2021-08-10-15--03--21 Bounding Box Drawn
INFO:root:2021-08-10-15--03--21 MovingFrameQueue Appended
INFO:root:2021-08-10-15--03--21 Colour Conversion Completed
INFO:root:2021-08-10-15--03--21 Sleep Check Completed
INFO:root:2021-08-10-15--03--21 Frame manipulations completed
INFO:root:2021-08-10-15--03--21 Bounding Box Drawn
INFO:root:2021-08-10-15--03--21 MovingFrameQueue Popped
INFO:root:2021-08-10-15--03--21 Colour Conversion Completed
INFO:root:2021-08-10-15--03--21 Sleep Check Completed
INFO:root:2021-08-10-15--03--21 Frame manipulations completed
INFO:root:2021-08-10-15--03--21 Bounding Box Drawn
INFO:root:2021-08-10-15--03--21 MovingFrameQueue Appended
INFO:root:2021-08-10-15--03--21 Colour Conversion Completed
INFO:root:2021-08-10-15--03--21 Sleep Check Completed
INFO:root:2021-08-10-15--03--21 Frame manipulations completed
INFO:root:2021-08-10-15--03--21 Bounding Box Drawn
INFO:root:2021-08-10-15--03--22 MovingFrameQueue Popped
INFO:root:2021-08-10-15--03--22 Colour Conversion Completed
INFO:root:2021-08-10-15--03--22 Sleep Check Completed
INFO:root:2021-08-10-15--03--22 Frame manipulations completed
INFO:root:2021-08-10-15--03--22 Bounding Box Drawn
INFO:root:2021-08-10-15--03--22 MovingFrameQueue Appended
INFO:root:2021-08-10-15--03--22 Colour Conversion Completed
INFO:root:2021-08-10-15--03--22 Sleep Check Completed
INFO:root:2021-08-10-15--03--22 Frame manipulations completed
INFO:root:2021-08-10-15--03--22 Bounding Box Drawn
INFO:root:2021-08-10-15--03--22 MovingFrameQueue Popped
INFO:root:2021-08-10-15--03--22 Colour Conversion Completed
INFO:root:2021-08-10-15--03--22 Sleep Check Completed
INFO:root:2021-08-10-15--03--22 Frame manipulations completed
INFO:root:2021-08-10-15--03--22 Bounding Box Drawn
INFO:root:2021-08-10-15--03--22 MovingFrameQueue Appended
INFO:root:2021-08-10-15--03--22 Colour Conversion Completed
INFO:root:2021-08-10-15--03--22 Sleep Check Completed
INFO:root:2021-08-10-15--03--22 Frame manipulations completed
INFO:root:2021-08-10-15--03--22 Bounding Box Drawn
INFO:root:2021-08-10-15--03--23 MovingFrameQueue Popped
INFO:root:2021-08-10-15--03--23 Colour Conversion Completed
INFO:root:2021-08-10-15--03--23 Sleep Check Completed
INFO:root:2021-08-10-15--03--23 Frame manipulations completed
INFO:root:2021-08-10-15--03--23 Bounding Box Drawn
INFO:root:2021-08-10-15--03--23 MovingFrameQueue Appended
INFO:root:2021-08-10-15--03--23 Colour Conversion Completed
INFO:root:2021-08-10-15--03--23 Sleep Check Completed
INFO:root:2021-08-10-15--03--23 Frame manipulations completed
INFO:root:2021-08-10-15--03--23 Bounding Box Drawn
INFO:root:2021-08-10-15--03--23 MovingFrameQueue Popped
INFO:root:2021-08-10-15--03--23 Colour Conversion Completed
INFO:root:2021-08-10-15--03--23 Sleep Check Completed
INFO:root:2021-08-10-15--03--23 Frame manipulations completed
INFO:root:2021-08-10-15--03--23 Bounding Box Drawn
INFO:root:2021-08-10-15--03--23 MovingFrameQueue Appended
INFO:root:2021-08-10-15--03--23 Colour Conversion Completed
INFO:root:2021-08-10-15--03--23 Sleep Check Completed
INFO:root:2021-08-10-15--03--23 Frame manipulations completed
INFO:root:2021-08-10-15--03--23 Bounding Box Drawn
INFO:root:2021-08-10-15--03--23 MovingFrameQueue Popped
INFO:root:2021-08-10-15--03--23 Colour Conversion Completed
INFO:root:2021-08-10-15--03--23 Sleep Check Completed
INFO:root:2021-08-10-15--03--23 Frame manipulations completed
INFO:root:2021-08-10-15--03--23 Bounding Box Drawn
INFO:root:2021-08-10-15--03--23 MovingFrameQueue Appended
INFO:root:2021-08-10-15--03--23 Colour Conversion Completed
INFO:root:2021-08-10-15--03--23 Sleep Check Completed
INFO:root:2021-08-10-15--03--23 Frame manipulations completed
INFO:root:2021-08-10-15--03--23 Bounding Box Drawn
INFO:root:2021-08-10-15--03--23 MovingFrameQueue Popped
INFO:root:2021-08-10-15--03--23 Colour Conversion Completed
INFO:root:2021-08-10-15--03--23 Sleep Check Completed
INFO:root:2021-08-10-15--03--23 Frame manipulations completed
INFO:root:2021-08-10-15--03--23 Bounding Box Drawn
INFO:root:2021-08-10-15--03--24 MovingFrameQueue Appended
INFO:root:2021-08-10-15--03--24 Colour Conversion Completed
INFO:root:2021-08-10-15--03--24 Sleep Check Completed
INFO:root:2021-08-10-15--03--24 Frame manipulations completed
INFO:root:2021-08-10-15--03--24 Bounding Box Drawn
INFO:root:2021-08-10-15--03--24 MovingFrameQueue Popped
INFO:root:2021-08-10-15--03--24 Colour Conversion Completed
INFO:root:2021-08-10-15--03--24 Sleep Check Completed
INFO:root:2021-08-10-15--03--24 Frame manipulations completed
INFO:root:2021-08-10-15--03--24 Bounding Box Drawn
INFO:root:2021-08-10-15--03--24 MovingFrameQueue Appended
INFO:root:2021-08-10-15--03--24 Colour Conversion Completed
INFO:root:2021-08-10-15--03--24 Sleep Check Completed
INFO:root:2021-08-10-15--03--24 Frame manipulations completed
INFO:root:2021-08-10-15--03--24 Bounding Box Drawn
INFO:root:2021-08-10-15--03--24 MovingFrameQueue Popped
INFO:root:2021-08-10-15--03--24 Colour Conversion Completed
INFO:root:2021-08-10-15--03--24 Sleep Check Completed
INFO:root:2021-08-10-15--03--24 Frame manipulations completed
INFO:root:2021-08-10-15--03--24 Bounding Box Drawn
INFO:root:2021-08-10-15--03--24 MovingFrameQueue Appended
INFO:root:2021-08-10-15--03--24 Colour Conversion Completed
INFO:root:2021-08-10-15--03--24 Sleep Check Completed
INFO:root:2021-08-10-15--03--24 Frame manipulations completed
INFO:root:2021-08-10-15--03--24 Bounding Box Drawn
INFO:root:2021-08-10-15--03--25 MovingFrameQueue Popped
INFO:root:2021-08-10-15--03--25 Colour Conversion Completed
INFO:root:2021-08-10-15--03--25 Sleep Check Completed
INFO:root:2021-08-10-15--03--25 Frame manipulations completed
INFO:root:2021-08-10-15--03--25 Bounding Box Drawn
INFO:root:2021-08-10-15--03--25 MovingFrameQueue Appended
INFO:root:2021-08-10-15--03--25 Colour Conversion Completed
INFO:root:2021-08-10-15--03--25 Sleep Check Completed
INFO:root:2021-08-10-15--03--25 Frame manipulations completed
INFO:root:2021-08-10-15--03--25 Bounding Box Drawn
INFO:root:2021-08-10-15--03--25 MovingFrameQueue Popped
INFO:root:2021-08-10-15--03--25 Colour Conversion Completed
INFO:root:2021-08-10-15--03--25 Sleep Check Completed
INFO:root:2021-08-10-15--03--25 Frame manipulations completed
INFO:root:2021-08-10-15--03--25 Bounding Box Drawn
INFO:root:2021-08-10-15--03--25 MovingFrameQueue Appended
INFO:root:2021-08-10-15--03--25 Colour Conversion Completed
INFO:root:2021-08-10-15--03--25 Sleep Check Completed
INFO:root:2021-08-10-15--03--25 Frame manipulations completed
INFO:root:2021-08-10-15--03--25 Bounding Box Drawn
INFO:root:2021-08-10-15--03--25 MovingFrameQueue Popped
INFO:root:2021-08-10-15--03--25 Colour Conversion Completed
INFO:root:2021-08-10-15--03--25 Sleep Check Completed
INFO:root:2021-08-10-15--03--25 Frame manipulations completed
INFO:root:2021-08-10-15--03--25 Bounding Box Drawn
INFO:root:2021-08-10-15--03--25 MovingFrameQueue Appended
INFO:root:2021-08-10-15--03--25 Colour Conversion Completed
INFO:root:2021-08-10-15--03--25 Sleep Check Completed
INFO:root:2021-08-10-15--03--25 Frame manipulations completed
INFO:root:2021-08-10-15--03--25 Bounding Box Drawn
INFO:root:2021-08-10-15--03--26 MovingFrameQueue Popped
INFO:root:2021-08-10-15--03--26 Colour Conversion Completed
INFO:root:2021-08-10-15--03--26 Sleep Check Completed
INFO:root:2021-08-10-15--03--26 Frame manipulations completed
INFO:root:2021-08-10-15--03--26 Bounding Box Drawn
INFO:root:2021-08-10-15--03--26 MovingFrameQueue Appended
INFO:root:2021-08-10-15--03--26 Colour Conversion Completed
INFO:root:2021-08-10-15--03--26 Sleep Check Completed
INFO:root:2021-08-10-15--03--26 Frame manipulations completed
INFO:root:2021-08-10-15--03--26 Bounding Box Drawn
INFO:root:2021-08-10-15--03--26 MovingFrameQueue Popped
INFO:root:2021-08-10-15--03--26 Colour Conversion Completed
INFO:root:2021-08-10-15--03--26 Sleep Check Completed
INFO:root:2021-08-10-15--03--26 Frame manipulations completed
INFO:root:2021-08-10-15--03--26 Bounding Box Drawn
INFO:root:2021-08-10-15--03--26 MovingFrameQueue Appended
INFO:root:2021-08-10-15--03--26 Colour Conversion Completed
INFO:root:2021-08-10-15--03--26 Sleep Check Completed
INFO:root:2021-08-10-15--03--26 Frame manipulations completed
INFO:root:2021-08-10-15--03--26 Bounding Box Drawn
INFO:root:2021-08-10-15--03--26 MovingFrameQueue Popped
INFO:root:2021-08-10-15--03--26 Colour Conversion Completed
INFO:root:2021-08-10-15--03--26 Sleep Check Completed
INFO:root:2021-08-10-15--03--26 Frame manipulations completed
INFO:root:2021-08-10-15--03--26 Bounding Box Drawn
INFO:root:2021-08-10-15--03--26 MovingFrameQueue Appended
INFO:root:2021-08-10-15--03--26 Colour Conversion Completed
INFO:root:2021-08-10-15--03--26 Sleep Check Completed
INFO:root:2021-08-10-15--03--26 Frame manipulations completed
INFO:root:2021-08-10-15--03--26 Bounding Box Drawn
INFO:root:2021-08-10-15--03--27 MovingFrameQueue Popped
INFO:root:2021-08-10-15--03--27 Colour Conversion Completed
INFO:root:2021-08-10-15--03--27 Sleep Check Completed
INFO:root:2021-08-10-15--03--27 Frame manipulations completed
INFO:root:2021-08-10-15--03--27 Bounding Box Drawn
INFO:root:2021-08-10-15--03--27 MovingFrameQueue Appended
INFO:root:2021-08-10-15--03--27 Colour Conversion Completed
INFO:root:2021-08-10-15--03--27 Sleep Check Completed
INFO:root:2021-08-10-15--03--27 Frame manipulations completed
INFO:root:2021-08-10-15--03--27 Bounding Box Drawn
INFO:root:2021-08-10-15--03--27 MovingFrameQueue Popped
INFO:root:2021-08-10-15--03--27 Colour Conversion Completed
INFO:root:2021-08-10-15--03--27 Sleep Check Completed
INFO:root:2021-08-10-15--03--27 Frame manipulations completed
INFO:root:2021-08-10-15--03--27 Bounding Box Drawn
INFO:root:2021-08-10-15--03--27 MovingFrameQueue Appended
INFO:root:2021-08-10-15--03--27 Colour Conversion Completed
INFO:root:2021-08-10-15--03--27 Sleep Check Completed
INFO:root:2021-08-10-15--03--27 Frame manipulations completed
INFO:root:2021-08-10-15--03--27 Bounding Box Drawn
INFO:root:2021-08-10-15--03--27 MovingFrameQueue Popped
INFO:root:2021-08-10-15--03--27 Colour Conversion Completed
INFO:root:2021-08-10-15--03--27 Sleep Check Completed
INFO:root:2021-08-10-15--03--27 Frame manipulations completed
INFO:root:2021-08-10-15--03--27 Bounding Box Drawn
INFO:root:2021-08-10-15--03--27 MovingFrameQueue Appended
INFO:root:2021-08-10-15--03--27 Colour Conversion Completed
INFO:root:2021-08-10-15--03--27 Sleep Check Completed
INFO:root:2021-08-10-15--03--27 Frame manipulations completed
INFO:root:2021-08-10-15--03--27 Bounding Box Drawn
INFO:root:2021-08-10-15--03--28 MovingFrameQueue Popped
INFO:root:2021-08-10-15--03--28 Colour Conversion Completed
INFO:root:2021-08-10-15--03--28 Sleep Check Completed
INFO:root:2021-08-10-15--03--28 Frame manipulations completed
INFO:root:2021-08-10-15--03--28 Bounding Box Drawn
INFO:root:2021-08-10-15--03--28 MovingFrameQueue Appended
INFO:root:2021-08-10-15--03--28 Colour Conversion Completed
INFO:root:2021-08-10-15--03--28 Sleep Check Completed
INFO:root:2021-08-10-15--03--28 Frame manipulations completed
INFO:root:2021-08-10-15--03--28 Bounding Box Drawn
INFO:root:2021-08-10-15--03--28 MovingFrameQueue Popped
INFO:root:2021-08-10-15--03--28 Colour Conversion Completed
INFO:root:2021-08-10-15--03--28 Sleep Check Completed
INFO:root:2021-08-10-15--03--28 Frame manipulations completed
INFO:root:2021-08-10-15--03--28 Bounding Box Drawn
INFO:root:2021-08-10-15--03--28 MovingFrameQueue Appended
INFO:root:2021-08-10-15--03--28 Colour Conversion Completed
INFO:root:2021-08-10-15--03--28 Sleep Check Completed
INFO:root:2021-08-10-15--03--28 Frame manipulations completed
INFO:root:2021-08-10-15--03--28 Bounding Box Drawn
INFO:root:2021-08-10-15--03--28 MovingFrameQueue Popped
INFO:root:2021-08-10-15--03--28 Colour Conversion Completed
INFO:root:2021-08-10-15--03--28 Sleep Check Completed
INFO:root:2021-08-10-15--03--28 Frame manipulations completed
INFO:root:2021-08-10-15--03--28 Bounding Box Drawn
INFO:root:2021-08-10-15--03--28 MovingFrameQueue Appended
INFO:root:2021-08-10-15--03--28 Colour Conversion Completed
INFO:root:2021-08-10-15--03--28 Sleep Check Completed
INFO:root:2021-08-10-15--03--28 Frame manipulations completed
INFO:root:2021-08-10-15--03--28 Bounding Box Drawn
INFO:root:2021-08-10-15--03--28 MovingFrameQueue Popped
INFO:root:2021-08-10-15--03--29 Colour Conversion Completed
INFO:root:2021-08-10-15--03--29 Sleep Check Completed
INFO:root:2021-08-10-15--03--29 Frame manipulations completed
INFO:root:2021-08-10-15--03--29 Bounding Box Drawn
INFO:root:2021-08-10-15--03--29 MovingFrameQueue Appended
INFO:root:2021-08-10-15--03--29 Colour Conversion Completed
INFO:root:2021-08-10-15--03--29 Sleep Check Completed
INFO:root:2021-08-10-15--03--29 Frame manipulations completed
INFO:root:2021-08-10-15--03--29 Bounding Box Drawn
INFO:root:2021-08-10-15--03--29 MovingFrameQueue Popped
INFO:root:2021-08-10-15--03--29 Colour Conversion Completed
INFO:root:2021-08-10-15--03--29 Sleep Check Completed
INFO:root:2021-08-10-15--03--29 Frame manipulations completed
INFO:root:2021-08-10-15--03--29 Bounding Box Drawn
INFO:root:2021-08-10-15--03--29 MovingFrameQueue Appended
INFO:root:2021-08-10-15--03--29 Colour Conversion Completed
INFO:root:2021-08-10-15--03--29 Sleep Check Completed
INFO:root:2021-08-10-15--03--29 Frame manipulations completed
INFO:root:2021-08-10-15--03--29 Bounding Box Drawn
INFO:root:2021-08-10-15--03--29 MovingFrameQueue Popped
INFO:root:2021-08-10-15--03--29 Colour Conversion Completed
INFO:root:2021-08-10-15--03--29 Sleep Check Completed
INFO:root:2021-08-10-15--03--29 Frame manipulations completed
INFO:root:2021-08-10-15--03--29 Bounding Box Drawn
INFO:root:2021-08-10-15--03--29 MovingFrameQueue Appended
INFO:root:2021-08-10-15--03--29 Colour Conversion Completed
INFO:root:2021-08-10-15--03--29 Sleep Check Completed
INFO:root:2021-08-10-15--03--29 Frame manipulations completed
INFO:root:2021-08-10-15--03--29 Bounding Box Drawn
INFO:root:2021-08-10-15--03--29 MovingFrameQueue Popped
INFO:root:2021-08-10-15--03--29 Colour Conversion Completed
INFO:root:2021-08-10-15--03--29 Sleep Check Completed
INFO:root:2021-08-10-15--03--29 Frame manipulations completed
INFO:root:2021-08-10-15--03--29 Bounding Box Drawn
INFO:root:2021-08-10-15--03--30 MovingFrameQueue Appended
INFO:root:2021-08-10-15--03--30 Colour Conversion Completed
INFO:root:2021-08-10-15--03--30 Sleep Check Completed
INFO:root:2021-08-10-15--03--30 Frame manipulations completed
INFO:root:2021-08-10-15--03--30 Bounding Box Drawn
INFO:root:2021-08-10-15--03--30 MovingFrameQueue Popped
INFO:root:2021-08-10-15--03--30 Colour Conversion Completed
INFO:root:2021-08-10-15--03--30 Sleep Check Completed
INFO:root:2021-08-10-15--03--30 Frame manipulations completed
INFO:root:2021-08-10-15--03--30 Bounding Box Drawn
INFO:root:2021-08-10-15--03--30 MovingFrameQueue Appended
INFO:root:2021-08-10-15--03--30 Colour Conversion Completed
INFO:root:2021-08-10-15--03--30 Sleep Check Completed
INFO:root:2021-08-10-15--03--30 Frame manipulations completed
INFO:root:2021-08-10-15--03--30 Bounding Box Drawn
INFO:root:2021-08-10-15--03--30 MovingFrameQueue Popped
INFO:root:2021-08-10-15--03--30 Colour Conversion Completed
INFO:root:2021-08-10-15--03--30 Sleep Check Completed
INFO:root:2021-08-10-15--03--30 Frame manipulations completed
INFO:root:2021-08-10-15--03--30 Bounding Box Drawn
INFO:root:2021-08-10-15--03--30 MovingFrameQueue Appended
INFO:root:2021-08-10-15--03--30 Colour Conversion Completed
INFO:root:2021-08-10-15--03--30 Sleep Check Completed
INFO:root:2021-08-10-15--03--30 Frame manipulations completed
INFO:root:2021-08-10-15--03--30 Bounding Box Drawn
INFO:root:2021-08-10-15--03--30 MovingFrameQueue Popped
INFO:root:2021-08-10-15--03--30 Colour Conversion Completed
INFO:root:2021-08-10-15--03--30 Sleep Check Completed
INFO:root:2021-08-10-15--03--30 Frame manipulations completed
INFO:root:2021-08-10-15--03--30 Bounding Box Drawn
INFO:root:2021-08-10-15--03--31 MovingFrameQueue Appended
INFO:root:2021-08-10-15--03--31 Colour Conversion Completed
INFO:root:2021-08-10-15--03--31 Sleep Check Completed
INFO:root:2021-08-10-15--03--31 Frame manipulations completed
INFO:root:2021-08-10-15--03--31 Bounding Box Drawn
INFO:root:2021-08-10-15--03--31 MovingFrameQueue Popped
INFO:root:2021-08-10-15--03--31 Colour Conversion Completed
INFO:root:2021-08-10-15--03--31 Sleep Check Completed
INFO:root:2021-08-10-15--03--31 Frame manipulations completed
INFO:root:2021-08-10-15--03--31 Bounding Box Drawn
INFO:root:2021-08-10-15--03--31 MovingFrameQueue Appended
INFO:root:2021-08-10-15--03--31 Colour Conversion Completed
INFO:root:2021-08-10-15--03--31 Sleep Check Completed
INFO:root:2021-08-10-15--03--31 Frame manipulations completed
INFO:root:2021-08-10-15--03--31 Bounding Box Drawn
INFO:root:2021-08-10-15--03--31 MovingFrameQueue Popped
INFO:root:2021-08-10-15--03--31 Colour Conversion Completed
INFO:root:2021-08-10-15--03--31 Sleep Check Completed
INFO:root:2021-08-10-15--03--31 Frame manipulations completed
INFO:root:2021-08-10-15--03--31 Bounding Box Drawn
INFO:root:2021-08-10-15--03--31 MovingFrameQueue Appended
INFO:root:2021-08-10-15--03--31 Colour Conversion Completed
INFO:root:2021-08-10-15--03--31 Sleep Check Completed
INFO:root:2021-08-10-15--03--31 Frame manipulations completed
INFO:root:2021-08-10-15--03--31 Bounding Box Drawn
INFO:root:2021-08-10-15--03--31 MovingFrameQueue Popped
INFO:root:2021-08-10-15--03--31 Colour Conversion Completed
INFO:root:2021-08-10-15--03--31 Sleep Check Completed
INFO:root:2021-08-10-15--03--31 Frame manipulations completed
INFO:root:2021-08-10-15--03--31 Bounding Box Drawn
INFO:root:2021-08-10-15--03--32 MovingFrameQueue Appended
INFO:root:2021-08-10-15--03--32 Colour Conversion Completed
INFO:root:2021-08-10-15--03--32 Sleep Check Completed
INFO:root:2021-08-10-15--03--32 Frame manipulations completed
INFO:root:2021-08-10-15--03--32 Bounding Box Drawn
INFO:root:2021-08-10-15--03--32 MovingFrameQueue Popped
INFO:root:2021-08-10-15--03--32 Colour Conversion Completed
INFO:root:2021-08-10-15--03--32 Sleep Check Completed
INFO:root:2021-08-10-15--03--32 Frame manipulations completed
INFO:root:2021-08-10-15--03--32 Bounding Box Drawn
INFO:root:2021-08-10-15--03--32 MovingFrameQueue Appended
INFO:root:2021-08-10-15--03--32 Colour Conversion Completed
INFO:root:2021-08-10-15--03--32 Sleep Check Completed
INFO:root:2021-08-10-15--03--32 Frame manipulations completed
INFO:root:2021-08-10-15--03--32 Bounding Box Drawn
INFO:root:2021-08-10-15--03--32 MovingFrameQueue Popped
INFO:root:2021-08-10-15--03--32 Colour Conversion Completed
INFO:root:2021-08-10-15--03--32 Sleep Check Completed
INFO:root:2021-08-10-15--03--32 Frame manipulations completed
INFO:root:2021-08-10-15--03--32 Bounding Box Drawn
INFO:root:2021-08-10-15--03--32 MovingFrameQueue Appended
INFO:root:2021-08-10-15--03--32 Colour Conversion Completed
INFO:root:2021-08-10-15--03--32 Sleep Check Completed
INFO:root:2021-08-10-15--03--32 Frame manipulations completed
INFO:root:2021-08-10-15--03--32 Bounding Box Drawn
INFO:root:2021-08-10-15--03--32 MovingFrameQueue Popped
INFO:root:2021-08-10-15--03--32 Colour Conversion Completed
INFO:root:2021-08-10-15--03--32 Sleep Check Completed
INFO:root:2021-08-10-15--03--32 Frame manipulations completed
INFO:root:2021-08-10-15--03--32 Bounding Box Drawn
INFO:root:2021-08-10-15--03--33 MovingFrameQueue Appended
INFO:root:2021-08-10-15--03--33 Colour Conversion Completed
INFO:root:2021-08-10-15--03--33 Sleep Check Completed
INFO:root:2021-08-10-15--03--33 Frame manipulations completed
INFO:root:2021-08-10-15--03--33 Bounding Box Drawn
INFO:root:2021-08-10-15--03--33 MovingFrameQueue Popped
INFO:root:2021-08-10-15--03--33 Colour Conversion Completed
INFO:root:2021-08-10-15--03--33 Sleep Check Completed
INFO:root:2021-08-10-15--03--33 Frame manipulations completed
INFO:root:2021-08-10-15--03--33 Bounding Box Drawn
INFO:root:2021-08-10-15--03--33 MovingFrameQueue Appended
INFO:root:2021-08-10-15--03--33 Colour Conversion Completed
INFO:root:2021-08-10-15--03--33 Sleep Check Completed
INFO:root:2021-08-10-15--03--33 Frame manipulations completed
INFO:root:2021-08-10-15--03--33 Bounding Box Drawn
INFO:root:2021-08-10-15--03--33 MovingFrameQueue Popped
INFO:root:2021-08-10-15--03--33 Colour Conversion Completed
INFO:root:2021-08-10-15--03--33 Sleep Check Completed
INFO:root:2021-08-10-15--03--33 Frame manipulations completed
INFO:root:2021-08-10-15--03--33 Bounding Box Drawn
INFO:root:2021-08-10-15--03--33 MovingFrameQueue Appended
INFO:root:2021-08-10-15--03--33 Colour Conversion Completed
INFO:root:2021-08-10-15--03--33 Sleep Check Completed
INFO:root:2021-08-10-15--03--33 Frame manipulations completed
INFO:root:2021-08-10-15--03--33 Bounding Box Drawn
INFO:root:2021-08-10-15--03--34 MovingFrameQueue Popped
INFO:root:2021-08-10-15--03--34 Colour Conversion Completed
INFO:root:2021-08-10-15--03--34 Sleep Check Completed
INFO:root:2021-08-10-15--03--34 Frame manipulations completed
INFO:root:2021-08-10-15--03--34 Bounding Box Drawn
INFO:root:2021-08-10-15--03--34 MovingFrameQueue Appended
INFO:root:2021-08-10-15--03--34 Colour Conversion Completed
INFO:root:2021-08-10-15--03--34 Sleep Check Completed
INFO:root:2021-08-10-15--03--34 Frame manipulations completed
INFO:root:2021-08-10-15--03--34 Bounding Box Drawn
INFO:root:2021-08-10-15--03--34 MovingFrameQueue Popped
INFO:root:2021-08-10-15--03--34 Colour Conversion Completed
INFO:root:2021-08-10-15--03--34 Sleep Check Completed
INFO:root:2021-08-10-15--03--34 Frame manipulations completed
INFO:root:2021-08-10-15--03--34 Bounding Box Drawn
INFO:root:2021-08-10-15--03--34 MovingFrameQueue Appended
INFO:root:2021-08-10-15--03--34 Colour Conversion Completed
INFO:root:2021-08-10-15--03--34 Sleep Check Completed
INFO:root:2021-08-10-15--03--34 Frame manipulations completed
INFO:root:2021-08-10-15--03--34 Bounding Box Drawn
INFO:root:2021-08-10-15--03--34 MovingFrameQueue Popped
INFO:root:2021-08-10-15--03--34 Colour Conversion Completed
INFO:root:2021-08-10-15--03--34 Sleep Check Completed
INFO:root:2021-08-10-15--03--34 Frame manipulations completed
INFO:root:2021-08-10-15--03--34 Bounding Box Drawn
INFO:root:2021-08-10-15--03--35 MovingFrameQueue Appended
INFO:root:2021-08-10-15--03--35 Colour Conversion Completed
INFO:root:2021-08-10-15--03--35 Sleep Check Completed
INFO:root:2021-08-10-15--03--35 Frame manipulations completed
INFO:root:2021-08-10-15--03--35 Bounding Box Drawn
INFO:root:2021-08-10-15--03--35 MovingFrameQueue Popped
INFO:root:2021-08-10-15--03--35 Colour Conversion Completed
INFO:root:2021-08-10-15--03--35 Sleep Check Completed
INFO:root:2021-08-10-15--03--35 Frame manipulations completed
INFO:root:2021-08-10-15--03--35 Bounding Box Drawn
INFO:root:2021-08-10-15--03--35 MovingFrameQueue Appended
INFO:root:2021-08-10-15--03--35 Colour Conversion Completed
INFO:root:2021-08-10-15--03--35 Sleep Check Completed
INFO:root:2021-08-10-15--03--35 Frame manipulations completed
INFO:root:2021-08-10-15--03--35 Bounding Box Drawn
INFO:root:2021-08-10-15--03--35 MovingFrameQueue Popped
INFO:root:2021-08-10-15--03--35 Colour Conversion Completed
INFO:root:2021-08-10-15--03--35 Sleep Check Completed
INFO:root:2021-08-10-15--03--35 Frame manipulations completed
INFO:root:2021-08-10-15--03--35 Bounding Box Drawn
INFO:root:2021-08-10-15--03--35 MovingFrameQueue Appended
INFO:root:2021-08-10-15--03--35 Colour Conversion Completed
INFO:root:2021-08-10-15--03--35 Sleep Check Completed
INFO:root:2021-08-10-15--03--35 Frame manipulations completed
INFO:root:2021-08-10-15--03--35 Bounding Box Drawn
INFO:root:2021-08-10-15--03--35 MovingFrameQueue Popped
INFO:root:2021-08-10-15--03--35 Colour Conversion Completed
INFO:root:2021-08-10-15--03--35 Sleep Check Completed
INFO:root:2021-08-10-15--03--35 Frame manipulations completed
INFO:root:2021-08-10-15--03--35 Bounding Box Drawn
INFO:root:2021-08-10-15--03--36 MovingFrameQueue Appended
INFO:root:2021-08-10-15--03--36 Colour Conversion Completed
INFO:root:2021-08-10-15--03--36 Sleep Check Completed
INFO:root:2021-08-10-15--03--36 Frame manipulations completed
INFO:root:2021-08-10-15--03--36 Bounding Box Drawn
INFO:root:2021-08-10-15--03--36 MovingFrameQueue Popped
INFO:root:2021-08-10-15--03--36 Colour Conversion Completed
INFO:root:2021-08-10-15--03--36 Sleep Check Completed
INFO:root:2021-08-10-15--03--36 Frame manipulations completed
INFO:root:2021-08-10-15--03--36 Bounding Box Drawn
INFO:root:2021-08-10-15--03--36 MovingFrameQueue Appended
INFO:root:2021-08-10-15--03--36 Colour Conversion Completed
INFO:root:2021-08-10-15--03--36 Sleep Check Completed
INFO:root:2021-08-10-15--03--36 Frame manipulations completed
INFO:root:2021-08-10-15--03--36 Bounding Box Drawn
INFO:root:2021-08-10-15--03--36 MovingFrameQueue Popped
INFO:root:2021-08-10-15--03--36 Colour Conversion Completed
INFO:root:2021-08-10-15--03--36 Sleep Check Completed
INFO:root:2021-08-10-15--03--36 Frame manipulations completed
INFO:root:2021-08-10-15--03--36 Bounding Box Drawn
INFO:root:2021-08-10-15--03--37 MovingFrameQueue Appended
INFO:root:2021-08-10-15--03--37 Colour Conversion Completed
INFO:root:2021-08-10-15--03--37 Sleep Check Completed
INFO:root:2021-08-10-15--03--37 Frame manipulations completed
INFO:root:2021-08-10-15--03--37 Bounding Box Drawn
INFO:root:2021-08-10-15--03--37 MovingFrameQueue Popped
INFO:root:2021-08-10-15--03--37 Colour Conversion Completed
INFO:root:2021-08-10-15--03--37 Sleep Check Completed
INFO:root:2021-08-10-15--03--37 Frame manipulations completed
INFO:root:2021-08-10-15--03--37 Bounding Box Drawn
INFO:root:2021-08-10-15--03--37 MovingFrameQueue Appended
INFO:root:2021-08-10-15--03--37 Colour Conversion Completed
INFO:root:2021-08-10-15--03--37 Sleep Check Completed
INFO:root:2021-08-10-15--03--37 Frame manipulations completed
INFO:root:2021-08-10-15--03--37 Bounding Box Drawn
INFO:root:2021-08-10-15--03--37 MovingFrameQueue Popped
INFO:root:2021-08-10-15--03--37 Colour Conversion Completed
INFO:root:2021-08-10-15--03--37 Sleep Check Completed
INFO:root:2021-08-10-15--03--37 Frame manipulations completed
INFO:root:2021-08-10-15--03--37 Bounding Box Drawn
INFO:root:2021-08-10-15--03--37 MovingFrameQueue Appended
INFO:root:2021-08-10-15--03--37 Colour Conversion Completed
INFO:root:2021-08-10-15--03--37 Sleep Check Completed
INFO:root:2021-08-10-15--03--37 Frame manipulations completed
INFO:root:2021-08-10-15--03--37 Bounding Box Drawn
INFO:root:2021-08-10-15--03--37 MovingFrameQueue Popped
INFO:root:2021-08-10-15--03--37 Colour Conversion Completed
INFO:root:2021-08-10-15--03--37 Sleep Check Completed
INFO:root:2021-08-10-15--03--37 Frame manipulations completed
INFO:root:2021-08-10-15--03--37 Bounding Box Drawn
INFO:root:2021-08-10-15--03--38 MovingFrameQueue Appended
INFO:root:2021-08-10-15--03--38 Colour Conversion Completed
INFO:root:2021-08-10-15--03--38 Sleep Check Completed
INFO:root:2021-08-10-15--03--38 Frame manipulations completed
INFO:root:2021-08-10-15--03--38 Bounding Box Drawn
INFO:root:2021-08-10-15--03--38 MovingFrameQueue Popped
INFO:root:2021-08-10-15--03--38 Colour Conversion Completed
INFO:root:2021-08-10-15--03--38 Sleep Check Completed
INFO:root:2021-08-10-15--03--38 Frame manipulations completed
INFO:root:2021-08-10-15--03--38 Bounding Box Drawn
INFO:root:2021-08-10-15--03--38 MovingFrameQueue Appended
INFO:root:2021-08-10-15--03--38 Colour Conversion Completed
INFO:root:2021-08-10-15--03--38 Sleep Check Completed
INFO:root:2021-08-10-15--03--38 Frame manipulations completed
INFO:root:2021-08-10-15--03--38 Bounding Box Drawn
INFO:root:2021-08-10-15--03--38 MovingFrameQueue Popped
INFO:root:2021-08-10-15--03--38 Colour Conversion Completed
INFO:root:2021-08-10-15--03--38 Sleep Check Completed
INFO:root:2021-08-10-15--03--38 Frame manipulations completed
INFO:root:2021-08-10-15--03--38 Bounding Box Drawn
INFO:root:2021-08-10-15--03--38 MovingFrameQueue Appended
INFO:root:2021-08-10-15--03--38 Colour Conversion Completed
INFO:root:2021-08-10-15--03--38 Sleep Check Completed
INFO:root:2021-08-10-15--03--38 Frame manipulations completed
INFO:root:2021-08-10-15--03--38 Bounding Box Drawn
INFO:root:2021-08-10-15--03--39 MovingFrameQueue Popped
INFO:root:2021-08-10-15--03--39 Colour Conversion Completed
INFO:root:2021-08-10-15--03--39 Sleep Check Completed
INFO:root:2021-08-10-15--03--39 Frame manipulations completed
INFO:root:2021-08-10-15--03--39 Bounding Box Drawn
INFO:root:2021-08-10-15--03--39 MovingFrameQueue Appended
INFO:root:2021-08-10-15--03--39 Colour Conversion Completed
INFO:root:2021-08-10-15--03--39 Sleep Check Completed
INFO:root:2021-08-10-15--03--39 Frame manipulations completed
INFO:root:2021-08-10-15--03--39 Bounding Box Drawn
INFO:root:2021-08-10-15--03--39 MovingFrameQueue Popped
INFO:root:2021-08-10-15--03--39 Colour Conversion Completed
INFO:root:2021-08-10-15--03--39 Sleep Check Completed
INFO:root:2021-08-10-15--03--39 Frame manipulations completed
INFO:root:2021-08-10-15--03--39 Bounding Box Drawn
INFO:root:2021-08-10-15--03--39 MovingFrameQueue Appended
INFO:root:2021-08-10-15--03--39 Colour Conversion Completed
INFO:root:2021-08-10-15--03--39 Sleep Check Completed
INFO:root:2021-08-10-15--03--39 Frame manipulations completed
INFO:root:2021-08-10-15--03--39 Bounding Box Drawn
INFO:root:2021-08-10-15--03--39 MovingFrameQueue Popped
INFO:root:2021-08-10-15--03--39 Colour Conversion Completed
INFO:root:2021-08-10-15--03--39 Sleep Check Completed
INFO:root:2021-08-10-15--03--39 Frame manipulations completed
INFO:root:2021-08-10-15--03--39 Bounding Box Drawn
INFO:root:2021-08-10-15--03--39 MovingFrameQueue Appended
INFO:root:2021-08-10-15--03--39 Colour Conversion Completed
INFO:root:2021-08-10-15--03--39 Sleep Check Completed
INFO:root:2021-08-10-15--03--39 Frame manipulations completed
INFO:root:2021-08-10-15--03--39 Bounding Box Drawn
INFO:root:2021-08-10-15--03--40 MovingFrameQueue Popped
INFO:root:2021-08-10-15--03--40 Colour Conversion Completed
INFO:root:2021-08-10-15--03--40 Sleep Check Completed
INFO:root:2021-08-10-15--03--40 Frame manipulations completed
INFO:root:2021-08-10-15--03--40 Bounding Box Drawn
INFO:root:2021-08-10-15--03--40 MovingFrameQueue Appended
INFO:root:2021-08-10-15--03--40 Colour Conversion Completed
INFO:root:2021-08-10-15--03--40 Sleep Check Completed
INFO:root:2021-08-10-15--03--40 Frame manipulations completed
INFO:root:2021-08-10-15--03--40 Bounding Box Drawn
INFO:root:2021-08-10-15--03--40 MovingFrameQueue Popped
INFO:root:2021-08-10-15--03--40 Colour Conversion Completed
INFO:root:2021-08-10-15--03--40 Sleep Check Completed
INFO:root:2021-08-10-15--03--40 Frame manipulations completed
INFO:root:2021-08-10-15--03--40 Bounding Box Drawn
INFO:root:2021-08-10-15--03--40 MovingFrameQueue Appended
INFO:root:2021-08-10-15--03--40 Colour Conversion Completed
INFO:root:2021-08-10-15--03--40 Sleep Check Completed
INFO:root:2021-08-10-15--03--40 Frame manipulations completed
INFO:root:2021-08-10-15--03--40 Bounding Box Drawn
INFO:root:2021-08-10-15--03--40 MovingFrameQueue Popped
INFO:root:2021-08-10-15--03--40 Colour Conversion Completed
INFO:root:2021-08-10-15--03--40 Sleep Check Completed
INFO:root:2021-08-10-15--03--40 Frame manipulations completed
INFO:root:2021-08-10-15--03--40 Bounding Box Drawn
INFO:root:2021-08-10-15--03--41 MovingFrameQueue Appended
INFO:root:2021-08-10-15--03--41 Colour Conversion Completed
INFO:root:2021-08-10-15--03--41 Sleep Check Completed
INFO:root:2021-08-10-15--03--41 Frame manipulations completed
INFO:root:2021-08-10-15--03--41 Bounding Box Drawn
INFO:root:2021-08-10-15--03--41 MovingFrameQueue Popped
INFO:root:2021-08-10-15--03--41 Colour Conversion Completed
INFO:root:2021-08-10-15--03--41 Sleep Check Completed
INFO:root:2021-08-10-15--03--41 Frame manipulations completed
INFO:root:2021-08-10-15--03--41 Bounding Box Drawn
INFO:root:2021-08-10-15--03--41 MovingFrameQueue Appended
INFO:root:2021-08-10-15--03--41 Colour Conversion Completed
INFO:root:2021-08-10-15--03--41 Sleep Check Completed
INFO:root:2021-08-10-15--03--41 Frame manipulations completed
INFO:root:2021-08-10-15--03--41 Bounding Box Drawn
INFO:root:2021-08-10-15--03--41 MovingFrameQueue Popped
INFO:root:2021-08-10-15--03--41 Colour Conversion Completed
INFO:root:2021-08-10-15--03--41 Sleep Check Completed
INFO:root:2021-08-10-15--03--41 Frame manipulations completed
INFO:root:2021-08-10-15--03--41 Bounding Box Drawn
INFO:root:2021-08-10-15--03--41 MovingFrameQueue Appended
INFO:root:2021-08-10-15--03--41 Colour Conversion Completed
INFO:root:2021-08-10-15--03--41 Sleep Check Completed
INFO:root:2021-08-10-15--03--41 Frame manipulations completed
INFO:root:2021-08-10-15--03--41 Bounding Box Drawn
INFO:root:2021-08-10-15--03--42 MovingFrameQueue Popped
INFO:root:2021-08-10-15--03--42 Colour Conversion Completed
INFO:root:2021-08-10-15--03--42 Sleep Check Completed
INFO:root:2021-08-10-15--03--42 Frame manipulations completed
INFO:root:2021-08-10-15--03--42 Bounding Box Drawn
INFO:root:2021-08-10-15--03--42 MovingFrameQueue Appended
INFO:root:2021-08-10-15--03--42 Colour Conversion Completed
INFO:root:2021-08-10-15--03--42 Sleep Check Completed
INFO:root:2021-08-10-15--03--42 Frame manipulations completed
INFO:root:2021-08-10-15--03--42 Bounding Box Drawn
INFO:root:2021-08-10-15--03--42 MovingFrameQueue Popped
INFO:root:2021-08-10-15--03--42 Colour Conversion Completed
INFO:root:2021-08-10-15--03--42 Sleep Check Completed
INFO:root:2021-08-10-15--03--42 Frame manipulations completed
INFO:root:2021-08-10-15--03--42 Bounding Box Drawn
INFO:root:2021-08-10-15--03--42 MovingFrameQueue Appended
INFO:root:2021-08-10-15--03--42 Colour Conversion Completed
INFO:root:2021-08-10-15--03--42 Sleep Check Completed
INFO:root:2021-08-10-15--03--42 Frame manipulations completed
INFO:root:2021-08-10-15--03--42 Bounding Box Drawn
INFO:root:2021-08-10-15--03--42 MovingFrameQueue Popped
INFO:root:2021-08-10-15--03--42 Colour Conversion Completed
INFO:root:2021-08-10-15--03--42 Sleep Check Completed
INFO:root:2021-08-10-15--03--42 Frame manipulations completed
INFO:root:2021-08-10-15--03--42 Bounding Box Drawn
INFO:root:2021-08-10-15--03--42 MovingFrameQueue Appended
INFO:root:2021-08-10-15--03--42 Colour Conversion Completed
INFO:root:2021-08-10-15--03--42 Sleep Check Completed
INFO:root:2021-08-10-15--03--42 Frame manipulations completed
INFO:root:2021-08-10-15--03--42 Bounding Box Drawn
INFO:root:2021-08-10-15--03--42 MovingFrameQueue Popped
INFO:root:2021-08-10-15--03--42 Colour Conversion Completed
INFO:root:2021-08-10-15--03--42 Sleep Check Completed
INFO:root:2021-08-10-15--03--42 Frame manipulations completed
INFO:root:2021-08-10-15--03--42 Bounding Box Drawn
INFO:root:2021-08-10-15--03--43 MovingFrameQueue Appended
INFO:root:2021-08-10-15--03--44 Colour Conversion Completed
INFO:root:2021-08-10-15--03--44 Sleep Check Completed
INFO:root:2021-08-10-15--03--44 Frame manipulations completed
INFO:root:2021-08-10-15--03--44 Bounding Box Drawn
INFO:root:2021-08-10-15--03--44[INFO] elapsed time: 48.32
INFO:root:2021-08-10-15--03--44[INFO] approx. FPS: 4.57
ERROR:root:2021-08-10-15--03--44 Getting Auth Token Failure
ERROR:root:2021-08-10-15--03--44 BedTime Upload Failed
