INFO:root:2021-07-21-11--02--18 Parameter Generation Success
INFO:root:2021-07-21-11--02--18 Colour Conversion Completed
INFO:root:2021-07-21-11--02--18 Sleep Check Completed
INFO:root:2021-07-21-11--02--18 Frame manipulations completed
INFO:root:2021-07-21-11--02--18 Bounding Box Drawn
INFO:root:2021-07-21-11--02--24 MovingFrameQueue Appended
INFO:root:2021-07-21-11--02--24 anomallyFrameTracker resetted to 200
INFO:root:2021-07-21-11--02--24 Colour Conversion Completed
INFO:root:2021-07-21-11--02--24 Sleep Check Completed
INFO:root:2021-07-21-11--02--24 Frame manipulations completed
INFO:root:2021-07-21-11--02--24 Bounding Box Drawn
INFO:root:2021-07-21-11--02--24 MovingFrameQueue Appended
INFO:root:2021-07-21-11--02--24 anomallyFrameTracker resetted to 200
INFO:root:2021-07-21-11--02--24 Colour Conversion Completed
INFO:root:2021-07-21-11--02--24 Sleep Check Completed
INFO:root:2021-07-21-11--02--24 Frame manipulations completed
INFO:root:2021-07-21-11--02--24 Bounding Box Drawn
INFO:root:2021-07-21-11--02--24 MovingFrameQueue Appended
INFO:root:2021-07-21-11--02--24 anomallyFrameTracker resetted to 200
INFO:root:2021-07-21-11--02--24 Colour Conversion Completed
INFO:root:2021-07-21-11--02--24 Sleep Check Completed
INFO:root:2021-07-21-11--02--24 Frame manipulations completed
INFO:root:2021-07-21-11--02--24 Bounding Box Drawn
INFO:root:2021-07-21-11--02--24 MovingFrameQueue Appended
INFO:root:2021-07-21-11--02--24 anomallyFrameTracker resetted to 200
INFO:root:2021-07-21-11--02--24 Colour Conversion Completed
INFO:root:2021-07-21-11--02--24 Sleep Check Completed
INFO:root:2021-07-21-11--02--24 Frame manipulations completed
INFO:root:2021-07-21-11--02--24 Bounding Box Drawn
INFO:root:2021-07-21-11--02--25 MovingFrameQueue Appended
INFO:root:2021-07-21-11--02--25 anomallyFrameTracker resetted to 200
INFO:root:2021-07-21-11--02--25 Colour Conversion Completed
INFO:root:2021-07-21-11--02--25 Sleep Check Completed
INFO:root:2021-07-21-11--02--25 Frame manipulations completed
INFO:root:2021-07-21-11--02--25 Bounding Box Drawn
INFO:root:2021-07-21-11--02--25 MovingFrameQueue Appended
INFO:root:2021-07-21-11--02--25 anomallyFrameTracker resetted to 200
INFO:root:2021-07-21-11--02--25 Colour Conversion Completed
INFO:root:2021-07-21-11--02--25 Sleep Check Completed
INFO:root:2021-07-21-11--02--25 Frame manipulations completed
INFO:root:2021-07-21-11--02--25 Bounding Box Drawn
INFO:root:2021-07-21-11--02--25 MovingFrameQueue Appended
INFO:root:2021-07-21-11--02--25 anomallyFrameTracker resetted to 200
INFO:root:2021-07-21-11--02--25 Colour Conversion Completed
INFO:root:2021-07-21-11--02--25 Sleep Check Completed
INFO:root:2021-07-21-11--02--25 Frame manipulations completed
INFO:root:2021-07-21-11--02--25 Bounding Box Drawn
INFO:root:2021-07-21-11--02--25 MovingFrameQueue Appended
INFO:root:2021-07-21-11--02--25 anomallyFrameTracker resetted to 200
INFO:root:2021-07-21-11--02--25 Colour Conversion Completed
INFO:root:2021-07-21-11--02--25 Sleep Check Completed
INFO:root:2021-07-21-11--02--25 Frame manipulations completed
INFO:root:2021-07-21-11--02--25 Bounding Box Drawn
INFO:root:2021-07-21-11--02--25 MovingFrameQueue Appended
INFO:root:2021-07-21-11--02--25 anomallyFrameTracker resetted to 200
INFO:root:2021-07-21-11--02--25 Colour Conversion Completed
INFO:root:2021-07-21-11--02--25 Sleep Check Completed
INFO:root:2021-07-21-11--02--25 Frame manipulations completed
INFO:root:2021-07-21-11--02--25 Bounding Box Drawn
INFO:root:2021-07-21-11--02--25 MovingFrameQueue Appended
INFO:root:2021-07-21-11--02--25 anomallyFrameTracker resetted to 200
INFO:root:2021-07-21-11--02--25 Colour Conversion Completed
INFO:root:2021-07-21-11--02--25 Sleep Check Completed
INFO:root:2021-07-21-11--02--25 Frame manipulations completed
INFO:root:2021-07-21-11--02--25 Bounding Box Drawn
INFO:root:2021-07-21-11--02--26 MovingFrameQueue Appended
INFO:root:2021-07-21-11--02--26 anomallyFrameTracker resetted to 200
INFO:root:2021-07-21-11--02--26 Colour Conversion Completed
INFO:root:2021-07-21-11--02--26 Sleep Check Completed
INFO:root:2021-07-21-11--02--26 Frame manipulations completed
INFO:root:2021-07-21-11--02--26 Bounding Box Drawn
INFO:root:2021-07-21-11--02--26 MovingFrameQueue Appended
INFO:root:2021-07-21-11--02--26 anomallyFrameTracker resetted to 200
INFO:root:2021-07-21-11--02--26 Colour Conversion Completed
INFO:root:2021-07-21-11--02--26 Sleep Check Completed
INFO:root:2021-07-21-11--02--26 Frame manipulations completed
INFO:root:2021-07-21-11--02--26 Bounding Box Drawn
INFO:root:2021-07-21-11--02--26 MovingFrameQueue Appended
INFO:root:2021-07-21-11--02--26 anomallyFrameTracker resetted to 200
INFO:root:2021-07-21-11--02--26 Colour Conversion Completed
INFO:root:2021-07-21-11--02--26 Sleep Check Completed
INFO:root:2021-07-21-11--02--26 Frame manipulations completed
INFO:root:2021-07-21-11--02--26 Bounding Box Drawn
INFO:root:2021-07-21-11--02--26 MovingFrameQueue Appended
INFO:root:2021-07-21-11--02--26 anomallyFrameTracker resetted to 200
INFO:root:2021-07-21-11--02--26 Colour Conversion Completed
INFO:root:2021-07-21-11--02--26 Sleep Check Completed
INFO:root:2021-07-21-11--02--26 Frame manipulations completed
INFO:root:2021-07-21-11--02--26 Bounding Box Drawn
INFO:root:2021-07-21-11--02--26 MovingFrameQueue Appended
INFO:root:2021-07-21-11--02--26 anomallyFrameTracker resetted to 200
INFO:root:2021-07-21-11--02--26 Colour Conversion Completed
INFO:root:2021-07-21-11--02--26 Sleep Check Completed
INFO:root:2021-07-21-11--02--26 Frame manipulations completed
INFO:root:2021-07-21-11--02--26 Bounding Box Drawn
INFO:root:2021-07-21-11--02--27 MovingFrameQueue Appended
INFO:root:2021-07-21-11--02--27 anomallyFrameTracker resetted to 200
INFO:root:2021-07-21-11--02--27 Colour Conversion Completed
INFO:root:2021-07-21-11--02--27 Sleep Check Completed
INFO:root:2021-07-21-11--02--27 Frame manipulations completed
INFO:root:2021-07-21-11--02--27 Bounding Box Drawn
INFO:root:2021-07-21-11--02--27 MovingFrameQueue Appended
INFO:root:2021-07-21-11--02--27 anomallyFrameTracker resetted to 200
INFO:root:2021-07-21-11--02--27 Colour Conversion Completed
INFO:root:2021-07-21-11--02--27 Sleep Check Completed
INFO:root:2021-07-21-11--02--27 Frame manipulations completed
INFO:root:2021-07-21-11--02--27 Bounding Box Drawn
INFO:root:2021-07-21-11--02--27 MovingFrameQueue Appended
INFO:root:2021-07-21-11--02--27 anomallyFrameTracker resetted to 200
INFO:root:2021-07-21-11--02--27 Colour Conversion Completed
INFO:root:2021-07-21-11--02--27 Sleep Check Completed
INFO:root:2021-07-21-11--02--27 Frame manipulations completed
INFO:root:2021-07-21-11--02--27 Bounding Box Drawn
INFO:root:2021-07-21-11--02--27 MovingFrameQueue Appended
INFO:root:2021-07-21-11--02--27 anomallyFrameTracker resetted to 200
INFO:root:2021-07-21-11--02--27 Colour Conversion Completed
INFO:root:2021-07-21-11--02--27 Sleep Check Completed
INFO:root:2021-07-21-11--02--27 Frame manipulations completed
INFO:root:2021-07-21-11--02--27 Bounding Box Drawn
INFO:root:2021-07-21-11--02--27 MovingFrameQueue Appended
INFO:root:2021-07-21-11--02--27 anomallyFrameTracker resetted to 200
INFO:root:2021-07-21-11--02--27 Colour Conversion Completed
INFO:root:2021-07-21-11--02--27 Sleep Check Completed
INFO:root:2021-07-21-11--02--27 Frame manipulations completed
INFO:root:2021-07-21-11--02--27 Bounding Box Drawn
INFO:root:2021-07-21-11--02--27 MovingFrameQueue Appended
INFO:root:2021-07-21-11--02--27 anomallyFrameTracker resetted to 200
INFO:root:2021-07-21-11--02--27 Colour Conversion Completed
INFO:root:2021-07-21-11--02--27 Sleep Check Completed
INFO:root:2021-07-21-11--02--27 Frame manipulations completed
INFO:root:2021-07-21-11--02--27 Bounding Box Drawn
INFO:root:2021-07-21-11--02--28 MovingFrameQueue Appended
INFO:root:2021-07-21-11--02--28 anomallyFrameTracker resetted to 200
INFO:root:2021-07-21-11--02--28 Colour Conversion Completed
INFO:root:2021-07-21-11--02--28 Sleep Check Completed
INFO:root:2021-07-21-11--02--28 Frame manipulations completed
INFO:root:2021-07-21-11--02--28 Bounding Box Drawn
INFO:root:2021-07-21-11--02--28 MovingFrameQueue Appended
INFO:root:2021-07-21-11--02--28 anomallyFrameTracker resetted to 200
INFO:root:2021-07-21-11--02--28 Colour Conversion Completed
INFO:root:2021-07-21-11--02--28 Sleep Check Completed
INFO:root:2021-07-21-11--02--28 Frame manipulations completed
INFO:root:2021-07-21-11--02--28 Bounding Box Drawn
INFO:root:2021-07-21-11--02--28 MovingFrameQueue Appended
INFO:root:2021-07-21-11--02--28 anomallyFrameTracker resetted to 200
INFO:root:2021-07-21-11--02--28 Colour Conversion Completed
INFO:root:2021-07-21-11--02--28 Sleep Check Completed
INFO:root:2021-07-21-11--02--28 Frame manipulations completed
INFO:root:2021-07-21-11--02--28 Bounding Box Drawn
INFO:root:2021-07-21-11--02--28 MovingFrameQueue Appended
INFO:root:2021-07-21-11--02--28 anomallyFrameTracker resetted to 200
INFO:root:2021-07-21-11--02--28 Colour Conversion Completed
INFO:root:2021-07-21-11--02--28 Sleep Check Completed
INFO:root:2021-07-21-11--02--28 Frame manipulations completed
INFO:root:2021-07-21-11--02--28 Bounding Box Drawn
INFO:root:2021-07-21-11--02--28 MovingFrameQueue Appended
INFO:root:2021-07-21-11--02--28 anomallyFrameTracker resetted to 200
INFO:root:2021-07-21-11--02--28 Colour Conversion Completed
INFO:root:2021-07-21-11--02--28 Sleep Check Completed
INFO:root:2021-07-21-11--02--28 Frame manipulations completed
INFO:root:2021-07-21-11--02--28 Bounding Box Drawn
INFO:root:2021-07-21-11--02--29 MovingFrameQueue Appended
INFO:root:2021-07-21-11--02--29 anomallyFrameTracker resetted to 200
INFO:root:2021-07-21-11--02--29 Colour Conversion Completed
INFO:root:2021-07-21-11--02--29 Sleep Check Completed
INFO:root:2021-07-21-11--02--29 Frame manipulations completed
INFO:root:2021-07-21-11--02--29 Bounding Box Drawn
INFO:root:2021-07-21-11--02--29 MovingFrameQueue Appended
INFO:root:2021-07-21-11--02--29 anomallyFrameTracker resetted to 200
INFO:root:2021-07-21-11--02--29 Colour Conversion Completed
INFO:root:2021-07-21-11--02--29 Sleep Check Completed
INFO:root:2021-07-21-11--02--29 Frame manipulations completed
INFO:root:2021-07-21-11--02--29 Bounding Box Drawn
INFO:root:2021-07-21-11--02--29 MovingFrameQueue Appended
INFO:root:2021-07-21-11--02--29 anomallyFrameTracker resetted to 200
INFO:root:2021-07-21-11--02--29 Colour Conversion Completed
INFO:root:2021-07-21-11--02--29 Sleep Check Completed
INFO:root:2021-07-21-11--02--29 Frame manipulations completed
INFO:root:2021-07-21-11--02--29 Bounding Box Drawn
INFO:root:2021-07-21-11--02--29 MovingFrameQueue Appended
INFO:root:2021-07-21-11--02--29 anomallyFrameTracker resetted to 200
INFO:root:2021-07-21-11--02--29 Colour Conversion Completed
INFO:root:2021-07-21-11--02--29 Sleep Check Completed
INFO:root:2021-07-21-11--02--29 Frame manipulations completed
INFO:root:2021-07-21-11--02--29 Bounding Box Drawn
INFO:root:2021-07-21-11--02--29 MovingFrameQueue Appended
INFO:root:2021-07-21-11--02--29 anomallyFrameTracker resetted to 200
INFO:root:2021-07-21-11--02--29 Colour Conversion Completed
INFO:root:2021-07-21-11--02--29 Sleep Check Completed
INFO:root:2021-07-21-11--02--29 Frame manipulations completed
INFO:root:2021-07-21-11--02--29 Bounding Box Drawn
INFO:root:2021-07-21-11--02--30 MovingFrameQueue Appended
INFO:root:2021-07-21-11--02--30 anomallyFrameTracker resetted to 200
INFO:root:2021-07-21-11--02--30 Colour Conversion Completed
INFO:root:2021-07-21-11--02--30 Sleep Check Completed
INFO:root:2021-07-21-11--02--30 Frame manipulations completed
INFO:root:2021-07-21-11--02--30 Bounding Box Drawn
INFO:root:2021-07-21-11--02--30 MovingFrameQueue Appended
INFO:root:2021-07-21-11--02--30 anomallyFrameTracker resetted to 200
INFO:root:2021-07-21-11--02--30 Colour Conversion Completed
INFO:root:2021-07-21-11--02--30 Sleep Check Completed
INFO:root:2021-07-21-11--02--30 Frame manipulations completed
INFO:root:2021-07-21-11--02--30 Bounding Box Drawn
INFO:root:2021-07-21-11--02--30 MovingFrameQueue Appended
INFO:root:2021-07-21-11--02--30 anomallyFrameTracker resetted to 200
INFO:root:2021-07-21-11--02--30 Colour Conversion Completed
INFO:root:2021-07-21-11--02--30 Sleep Check Completed
INFO:root:2021-07-21-11--02--30 Frame manipulations completed
INFO:root:2021-07-21-11--02--30 Bounding Box Drawn
INFO:root:2021-07-21-11--02--30 MovingFrameQueue Appended
INFO:root:2021-07-21-11--02--30 anomallyFrameTracker resetted to 200
INFO:root:2021-07-21-11--02--30 Colour Conversion Completed
INFO:root:2021-07-21-11--02--30 Sleep Check Completed
INFO:root:2021-07-21-11--02--30 Frame manipulations completed
INFO:root:2021-07-21-11--02--30 Bounding Box Drawn
INFO:root:2021-07-21-11--02--31 MovingFrameQueue Appended
INFO:root:2021-07-21-11--02--31 anomallyFrameTracker resetted to 200
INFO:root:2021-07-21-11--02--31 Colour Conversion Completed
INFO:root:2021-07-21-11--02--31 Sleep Check Completed
INFO:root:2021-07-21-11--02--31 Frame manipulations completed
INFO:root:2021-07-21-11--02--31 Bounding Box Drawn
INFO:root:2021-07-21-11--02--31 MovingFrameQueue Appended
INFO:root:2021-07-21-11--02--31 anomallyFrameTracker resetted to 200
INFO:root:2021-07-21-11--02--31 Colour Conversion Completed
INFO:root:2021-07-21-11--02--31 Sleep Check Completed
INFO:root:2021-07-21-11--02--31 Frame manipulations completed
INFO:root:2021-07-21-11--02--31 Bounding Box Drawn
INFO:root:2021-07-21-11--02--31 MovingFrameQueue Appended
INFO:root:2021-07-21-11--02--31 anomallyFrameTracker resetted to 200
INFO:root:2021-07-21-11--02--31 Colour Conversion Completed
INFO:root:2021-07-21-11--02--31 Sleep Check Completed
INFO:root:2021-07-21-11--02--31 Frame manipulations completed
INFO:root:2021-07-21-11--02--31 Bounding Box Drawn
INFO:root:2021-07-21-11--02--31 MovingFrameQueue Appended
INFO:root:2021-07-21-11--02--31 anomallyFrameTracker resetted to 200
INFO:root:2021-07-21-11--02--31 Colour Conversion Completed
INFO:root:2021-07-21-11--02--31 Sleep Check Completed
INFO:root:2021-07-21-11--02--31 Frame manipulations completed
INFO:root:2021-07-21-11--02--31 Bounding Box Drawn
INFO:root:2021-07-21-11--02--31 MovingFrameQueue Appended
INFO:root:2021-07-21-11--02--31 anomallyFrameTracker resetted to 200
INFO:root:2021-07-21-11--02--31 Colour Conversion Completed
INFO:root:2021-07-21-11--02--31 Sleep Check Completed
INFO:root:2021-07-21-11--02--31 Frame manipulations completed
INFO:root:2021-07-21-11--02--31 Bounding Box Drawn
INFO:root:2021-07-21-11--02--31 MovingFrameQueue Appended
INFO:root:2021-07-21-11--02--31 anomallyFrameTracker resetted to 200
INFO:root:2021-07-21-11--02--31 Colour Conversion Completed
INFO:root:2021-07-21-11--02--31 Sleep Check Completed
INFO:root:2021-07-21-11--02--31 Frame manipulations completed
INFO:root:2021-07-21-11--02--31 Bounding Box Drawn
INFO:root:2021-07-21-11--02--32 MovingFrameQueue Appended
INFO:root:2021-07-21-11--02--32 anomallyFrameTracker resetted to 200
INFO:root:2021-07-21-11--02--32 Colour Conversion Completed
INFO:root:2021-07-21-11--02--32 Sleep Check Completed
INFO:root:2021-07-21-11--02--32 Frame manipulations completed
INFO:root:2021-07-21-11--02--32 Bounding Box Drawn
INFO:root:2021-07-21-11--02--32 MovingFrameQueue Appended
INFO:root:2021-07-21-11--02--32 anomallyFrameTracker resetted to 200
INFO:root:2021-07-21-11--02--32 Colour Conversion Completed
INFO:root:2021-07-21-11--02--32 Sleep Check Completed
INFO:root:2021-07-21-11--02--32 Frame manipulations completed
INFO:root:2021-07-21-11--02--32 Bounding Box Drawn
INFO:root:2021-07-21-11--02--32 MovingFrameQueue Appended
INFO:root:2021-07-21-11--02--32 anomallyFrameTracker resetted to 200
INFO:root:2021-07-21-11--02--32 Colour Conversion Completed
INFO:root:2021-07-21-11--02--32 Sleep Check Completed
INFO:root:2021-07-21-11--02--32 Frame manipulations completed
INFO:root:2021-07-21-11--02--32 Bounding Box Drawn
INFO:root:2021-07-21-11--02--32 MovingFrameQueue Appended
INFO:root:2021-07-21-11--02--32 anomallyFrameTracker resetted to 200
INFO:root:2021-07-21-11--02--32 Colour Conversion Completed
INFO:root:2021-07-21-11--02--32 Sleep Check Completed
INFO:root:2021-07-21-11--02--32 Frame manipulations completed
INFO:root:2021-07-21-11--02--32 Bounding Box Drawn
INFO:root:2021-07-21-11--02--32 MovingFrameQueue Appended
INFO:root:2021-07-21-11--02--32 anomallyFrameTracker resetted to 200
INFO:root:2021-07-21-11--02--32 Colour Conversion Completed
INFO:root:2021-07-21-11--02--32 Sleep Check Completed
INFO:root:2021-07-21-11--02--32 Frame manipulations completed
INFO:root:2021-07-21-11--02--32 Bounding Box Drawn
INFO:root:2021-07-21-11--02--32 MovingFrameQueue Appended
INFO:root:2021-07-21-11--02--32 anomallyFrameTracker resetted to 200
INFO:root:2021-07-21-11--02--32 Colour Conversion Completed
INFO:root:2021-07-21-11--02--32 Sleep Check Completed
INFO:root:2021-07-21-11--02--32 Frame manipulations completed
INFO:root:2021-07-21-11--02--32 Bounding Box Drawn
INFO:root:2021-07-21-11--02--33 MovingFrameQueue Appended
INFO:root:2021-07-21-11--02--33 anomallyFrameTracker resetted to 200
INFO:root:2021-07-21-11--02--33 Colour Conversion Completed
INFO:root:2021-07-21-11--02--33 Sleep Check Completed
INFO:root:2021-07-21-11--02--33 Frame manipulations completed
INFO:root:2021-07-21-11--02--33 Bounding Box Drawn
INFO:root:2021-07-21-11--02--33 MovingFrameQueue Appended
INFO:root:2021-07-21-11--02--33 anomallyFrameTracker resetted to 200
INFO:root:2021-07-21-11--02--33 Colour Conversion Completed
INFO:root:2021-07-21-11--02--33 Sleep Check Completed
INFO:root:2021-07-21-11--02--33 Frame manipulations completed
INFO:root:2021-07-21-11--02--33 Bounding Box Drawn
INFO:root:2021-07-21-11--02--33 MovingFrameQueue Appended
INFO:root:2021-07-21-11--02--33 anomallyFrameTracker resetted to 200
INFO:root:2021-07-21-11--02--33 Colour Conversion Completed
INFO:root:2021-07-21-11--02--33 Sleep Check Completed
INFO:root:2021-07-21-11--02--33 Frame manipulations completed
INFO:root:2021-07-21-11--02--33 Bounding Box Drawn
INFO:root:2021-07-21-11--02--33 MovingFrameQueue Appended
INFO:root:2021-07-21-11--02--33 anomallyFrameTracker resetted to 200
INFO:root:2021-07-21-11--02--33 Colour Conversion Completed
INFO:root:2021-07-21-11--02--33 Sleep Check Completed
INFO:root:2021-07-21-11--02--33 Frame manipulations completed
INFO:root:2021-07-21-11--02--33 Bounding Box Drawn
INFO:root:2021-07-21-11--02--33 MovingFrameQueue Popped
INFO:root:2021-07-21-11--02--33 anomallyFrameTracker resetted to 200
INFO:root:2021-07-21-11--02--33 Colour Conversion Completed
INFO:root:2021-07-21-11--02--33 Sleep Check Completed
INFO:root:2021-07-21-11--02--33 Frame manipulations completed
INFO:root:2021-07-21-11--02--33 Bounding Box Drawn
INFO:root:2021-07-21-11--02--34[INFO] elapsed time: 15.79
INFO:root:2021-07-21-11--02--34[INFO] approx. FPS: 3.29
INFO:root:2021-07-21-11--02--34 Getting Auth Token Success
INFO:root:2021-07-21-11--02--34 BedTime Upload Completed
