INFO:root:2021-07-23-15--08--53 Parameter Generation Success
INFO:root:2021-07-23-15--08--53 Colour Conversion Completed
INFO:root:2021-07-23-15--08--53 Sleep Check Completed
INFO:root:2021-07-23-15--08--53 Frame manipulations completed
INFO:root:2021-07-23-15--08--53 Bounding Box Drawn
INFO:root:2021-07-23-15--08--54 MovingFrameQueue Appended
INFO:root:2021-07-23-15--08--54 anomallyFrameTracker resetted to 200
INFO:root:2021-07-23-15--08--54 Colour Conversion Completed
INFO:root:2021-07-23-15--08--54 Sleep Check Completed
INFO:root:2021-07-23-15--08--54 Frame manipulations completed
INFO:root:2021-07-23-15--08--54 Bounding Box Drawn
INFO:root:2021-07-23-15--08--54 MovingFrameQueue Appended
INFO:root:2021-07-23-15--08--54 anomallyFrameTracker resetted to 200
INFO:root:2021-07-23-15--08--54 Colour Conversion Completed
INFO:root:2021-07-23-15--08--54 Sleep Check Completed
INFO:root:2021-07-23-15--08--54 Frame manipulations completed
INFO:root:2021-07-23-15--08--54 Bounding Box Drawn
INFO:root:2021-07-23-15--08--54 MovingFrameQueue Appended
INFO:root:2021-07-23-15--08--54 anomallyFrameTracker resetted to 200
INFO:root:2021-07-23-15--08--54 Colour Conversion Completed
INFO:root:2021-07-23-15--08--54 Sleep Check Completed
INFO:root:2021-07-23-15--08--54 Frame manipulations completed
INFO:root:2021-07-23-15--08--54 Bounding Box Drawn
INFO:root:2021-07-23-15--08--54 MovingFrameQueue Appended
INFO:root:2021-07-23-15--08--54 anomallyFrameTracker resetted to 200
INFO:root:2021-07-23-15--08--54 Colour Conversion Completed
INFO:root:2021-07-23-15--08--54 Sleep Check Completed
INFO:root:2021-07-23-15--08--54 Frame manipulations completed
INFO:root:2021-07-23-15--08--54 Bounding Box Drawn
INFO:root:2021-07-23-15--08--54 MovingFrameQueue Appended
INFO:root:2021-07-23-15--08--54 anomallyFrameTracker resetted to 200
INFO:root:2021-07-23-15--08--54 Colour Conversion Completed
INFO:root:2021-07-23-15--08--54 Sleep Check Completed
INFO:root:2021-07-23-15--08--54 Frame manipulations completed
INFO:root:2021-07-23-15--08--54 Bounding Box Drawn
INFO:root:2021-07-23-15--08--54 MovingFrameQueue Appended
INFO:root:2021-07-23-15--08--54 anomallyFrameTracker resetted to 200
INFO:root:2021-07-23-15--08--54 Colour Conversion Completed
INFO:root:2021-07-23-15--08--54 Sleep Check Completed
INFO:root:2021-07-23-15--08--54 Frame manipulations completed
INFO:root:2021-07-23-15--08--54 Bounding Box Drawn
INFO:root:2021-07-23-15--08--55 MovingFrameQueue Appended
INFO:root:2021-07-23-15--08--55 anomallyFrameTracker resetted to 200
INFO:root:2021-07-23-15--08--55 Colour Conversion Completed
INFO:root:2021-07-23-15--08--55 Sleep Check Completed
INFO:root:2021-07-23-15--08--55 Frame manipulations completed
INFO:root:2021-07-23-15--08--55 Bounding Box Drawn
INFO:root:2021-07-23-15--08--55 MovingFrameQueue Appended
INFO:root:2021-07-23-15--08--55 anomallyFrameTracker resetted to 200
INFO:root:2021-07-23-15--08--55 Colour Conversion Completed
INFO:root:2021-07-23-15--08--55 Sleep Check Completed
INFO:root:2021-07-23-15--08--55 Frame manipulations completed
INFO:root:2021-07-23-15--08--55 Bounding Box Drawn
INFO:root:2021-07-23-15--08--55 MovingFrameQueue Appended
INFO:root:2021-07-23-15--08--55 anomallyFrameTracker resetted to 200
INFO:root:2021-07-23-15--08--55 Colour Conversion Completed
INFO:root:2021-07-23-15--08--55 Sleep Check Completed
INFO:root:2021-07-23-15--08--55 Frame manipulations completed
INFO:root:2021-07-23-15--08--55 Bounding Box Drawn
INFO:root:2021-07-23-15--08--55 MovingFrameQueue Appended
INFO:root:2021-07-23-15--08--55 anomallyFrameTracker resetted to 200
INFO:root:2021-07-23-15--08--55 Colour Conversion Completed
INFO:root:2021-07-23-15--08--55 Sleep Check Completed
INFO:root:2021-07-23-15--08--55 Frame manipulations completed
INFO:root:2021-07-23-15--08--55 Bounding Box Drawn
INFO:root:2021-07-23-15--08--55 MovingFrameQueue Appended
INFO:root:2021-07-23-15--08--55 anomallyFrameTracker resetted to 200
INFO:root:2021-07-23-15--08--55 Colour Conversion Completed
INFO:root:2021-07-23-15--08--55 Sleep Check Completed
INFO:root:2021-07-23-15--08--55 Frame manipulations completed
INFO:root:2021-07-23-15--08--55 Bounding Box Drawn
INFO:root:2021-07-23-15--08--56 MovingFrameQueue Appended
INFO:root:2021-07-23-15--08--56 anomallyFrameTracker resetted to 200
INFO:root:2021-07-23-15--08--56 Colour Conversion Completed
INFO:root:2021-07-23-15--08--56 Sleep Check Completed
INFO:root:2021-07-23-15--08--56 Frame manipulations completed
INFO:root:2021-07-23-15--08--56 Bounding Box Drawn
INFO:root:2021-07-23-15--08--56 MovingFrameQueue Appended
INFO:root:2021-07-23-15--08--56 anomallyFrameTracker resetted to 200
INFO:root:2021-07-23-15--08--56 Colour Conversion Completed
INFO:root:2021-07-23-15--08--56 Sleep Check Completed
INFO:root:2021-07-23-15--08--56 Frame manipulations completed
INFO:root:2021-07-23-15--08--56 Bounding Box Drawn
INFO:root:2021-07-23-15--08--56 MovingFrameQueue Appended
INFO:root:2021-07-23-15--08--56 anomallyFrameTracker resetted to 200
INFO:root:2021-07-23-15--08--56 Colour Conversion Completed
INFO:root:2021-07-23-15--08--56 Sleep Check Completed
INFO:root:2021-07-23-15--08--56 Frame manipulations completed
INFO:root:2021-07-23-15--08--56 Bounding Box Drawn
INFO:root:2021-07-23-15--08--56 MovingFrameQueue Appended
INFO:root:2021-07-23-15--08--56 anomallyFrameTracker resetted to 200
INFO:root:2021-07-23-15--08--56 Colour Conversion Completed
INFO:root:2021-07-23-15--08--56 Sleep Check Completed
INFO:root:2021-07-23-15--08--56 Frame manipulations completed
INFO:root:2021-07-23-15--08--56 Bounding Box Drawn
INFO:root:2021-07-23-15--08--56 MovingFrameQueue Appended
INFO:root:2021-07-23-15--08--56 anomallyFrameTracker resetted to 200
INFO:root:2021-07-23-15--08--56 Colour Conversion Completed
INFO:root:2021-07-23-15--08--56 Sleep Check Completed
INFO:root:2021-07-23-15--08--56 Frame manipulations completed
INFO:root:2021-07-23-15--08--56 Bounding Box Drawn
INFO:root:2021-07-23-15--08--56 MovingFrameQueue Appended
INFO:root:2021-07-23-15--08--56 anomallyFrameTracker resetted to 200
INFO:root:2021-07-23-15--08--56 Colour Conversion Completed
INFO:root:2021-07-23-15--08--56 Sleep Check Completed
INFO:root:2021-07-23-15--08--56 Frame manipulations completed
INFO:root:2021-07-23-15--08--56 Bounding Box Drawn
INFO:root:2021-07-23-15--08--56 MovingFrameQueue Appended
INFO:root:2021-07-23-15--08--56 anomallyFrameTracker resetted to 200
INFO:root:2021-07-23-15--08--56 Colour Conversion Completed
INFO:root:2021-07-23-15--08--56 Sleep Check Completed
INFO:root:2021-07-23-15--08--56 Frame manipulations completed
INFO:root:2021-07-23-15--08--56 Bounding Box Drawn
INFO:root:2021-07-23-15--08--57 MovingFrameQueue Appended
INFO:root:2021-07-23-15--08--57 anomallyFrameTracker resetted to 200
INFO:root:2021-07-23-15--08--57 Colour Conversion Completed
INFO:root:2021-07-23-15--08--57 Sleep Check Completed
INFO:root:2021-07-23-15--08--57 Frame manipulations completed
INFO:root:2021-07-23-15--08--57 Bounding Box Drawn
INFO:root:2021-07-23-15--08--57 MovingFrameQueue Appended
INFO:root:2021-07-23-15--08--57 anomallyFrameTracker resetted to 200
INFO:root:2021-07-23-15--08--57 Colour Conversion Completed
INFO:root:2021-07-23-15--08--57 Sleep Check Completed
INFO:root:2021-07-23-15--08--57 Frame manipulations completed
INFO:root:2021-07-23-15--08--57 Bounding Box Drawn
INFO:root:2021-07-23-15--08--57 MovingFrameQueue Appended
INFO:root:2021-07-23-15--08--57 anomallyFrameTracker resetted to 200
INFO:root:2021-07-23-15--08--57 Colour Conversion Completed
INFO:root:2021-07-23-15--08--57 Sleep Check Completed
INFO:root:2021-07-23-15--08--57 Frame manipulations completed
INFO:root:2021-07-23-15--08--57 Bounding Box Drawn
INFO:root:2021-07-23-15--08--57 MovingFrameQueue Appended
INFO:root:2021-07-23-15--08--57 anomallyFrameTracker resetted to 200
INFO:root:2021-07-23-15--08--57 Colour Conversion Completed
INFO:root:2021-07-23-15--08--57 Sleep Check Completed
INFO:root:2021-07-23-15--08--57 Frame manipulations completed
INFO:root:2021-07-23-15--08--57 Bounding Box Drawn
INFO:root:2021-07-23-15--08--57 MovingFrameQueue Appended
INFO:root:2021-07-23-15--08--57 anomallyFrameTracker resetted to 200
INFO:root:2021-07-23-15--08--57 Colour Conversion Completed
INFO:root:2021-07-23-15--08--57 Sleep Check Completed
INFO:root:2021-07-23-15--08--57 Frame manipulations completed
INFO:root:2021-07-23-15--08--57 Bounding Box Drawn
INFO:root:2021-07-23-15--08--57 MovingFrameQueue Appended
INFO:root:2021-07-23-15--08--57 anomallyFrameTracker resetted to 200
INFO:root:2021-07-23-15--08--57 Colour Conversion Completed
INFO:root:2021-07-23-15--08--57 Sleep Check Completed
INFO:root:2021-07-23-15--08--57 Frame manipulations completed
INFO:root:2021-07-23-15--08--57 Bounding Box Drawn
INFO:root:2021-07-23-15--08--57 MovingFrameQueue Appended
INFO:root:2021-07-23-15--08--57 anomallyFrameTracker resetted to 200
INFO:root:2021-07-23-15--08--57 Colour Conversion Completed
INFO:root:2021-07-23-15--08--57 Sleep Check Completed
INFO:root:2021-07-23-15--08--57 Frame manipulations completed
INFO:root:2021-07-23-15--08--57 Bounding Box Drawn
INFO:root:2021-07-23-15--08--57 MovingFrameQueue Appended
INFO:root:2021-07-23-15--08--57 anomallyFrameTracker resetted to 200
INFO:root:2021-07-23-15--08--57 Colour Conversion Completed
INFO:root:2021-07-23-15--08--57 Sleep Check Completed
INFO:root:2021-07-23-15--08--57 Frame manipulations completed
INFO:root:2021-07-23-15--08--57 Bounding Box Drawn
INFO:root:2021-07-23-15--08--58 MovingFrameQueue Appended
INFO:root:2021-07-23-15--08--58 anomallyFrameTracker resetted to 200
INFO:root:2021-07-23-15--08--58 Colour Conversion Completed
INFO:root:2021-07-23-15--08--58 Sleep Check Completed
INFO:root:2021-07-23-15--08--58 Frame manipulations completed
INFO:root:2021-07-23-15--08--58 Bounding Box Drawn
INFO:root:2021-07-23-15--08--58 MovingFrameQueue Appended
INFO:root:2021-07-23-15--08--58 anomallyFrameTracker resetted to 200
INFO:root:2021-07-23-15--08--58 Colour Conversion Completed
INFO:root:2021-07-23-15--08--58 Sleep Check Completed
INFO:root:2021-07-23-15--08--58 Frame manipulations completed
INFO:root:2021-07-23-15--08--58 Bounding Box Drawn
INFO:root:2021-07-23-15--08--58 MovingFrameQueue Appended
INFO:root:2021-07-23-15--08--58 anomallyFrameTracker resetted to 200
INFO:root:2021-07-23-15--08--58 Colour Conversion Completed
INFO:root:2021-07-23-15--08--58 Sleep Check Completed
INFO:root:2021-07-23-15--08--58 Frame manipulations completed
INFO:root:2021-07-23-15--08--58 Bounding Box Drawn
INFO:root:2021-07-23-15--08--58 MovingFrameQueue Appended
INFO:root:2021-07-23-15--08--58 anomallyFrameTracker resetted to 200
INFO:root:2021-07-23-15--08--58 Colour Conversion Completed
INFO:root:2021-07-23-15--08--58 Sleep Check Completed
INFO:root:2021-07-23-15--08--58 Frame manipulations completed
INFO:root:2021-07-23-15--08--58 Bounding Box Drawn
INFO:root:2021-07-23-15--08--58 MovingFrameQueue Appended
INFO:root:2021-07-23-15--08--58 anomallyFrameTracker resetted to 200
INFO:root:2021-07-23-15--08--58 Colour Conversion Completed
INFO:root:2021-07-23-15--08--58 Sleep Check Completed
INFO:root:2021-07-23-15--08--58 Frame manipulations completed
INFO:root:2021-07-23-15--08--58 Bounding Box Drawn
INFO:root:2021-07-23-15--08--59 MovingFrameQueue Appended
INFO:root:2021-07-23-15--08--59 anomallyFrameTracker resetted to 200
INFO:root:2021-07-23-15--08--59 Colour Conversion Completed
INFO:root:2021-07-23-15--08--59 Sleep Check Completed
INFO:root:2021-07-23-15--08--59 Frame manipulations completed
INFO:root:2021-07-23-15--08--59 Bounding Box Drawn
INFO:root:2021-07-23-15--08--59 MovingFrameQueue Appended
INFO:root:2021-07-23-15--08--59 anomallyFrameTracker resetted to 200
INFO:root:2021-07-23-15--08--59 Colour Conversion Completed
INFO:root:2021-07-23-15--08--59 Sleep Check Completed
INFO:root:2021-07-23-15--08--59 Frame manipulations completed
INFO:root:2021-07-23-15--08--59 Bounding Box Drawn
INFO:root:2021-07-23-15--08--59 MovingFrameQueue Appended
INFO:root:2021-07-23-15--08--59 anomallyFrameTracker resetted to 200
INFO:root:2021-07-23-15--08--59 Colour Conversion Completed
INFO:root:2021-07-23-15--08--59 Sleep Check Completed
INFO:root:2021-07-23-15--08--59 Frame manipulations completed
INFO:root:2021-07-23-15--08--59 Bounding Box Drawn
INFO:root:2021-07-23-15--08--59 MovingFrameQueue Appended
INFO:root:2021-07-23-15--08--59 anomallyFrameTracker resetted to 200
INFO:root:2021-07-23-15--08--59 Colour Conversion Completed
INFO:root:2021-07-23-15--08--59 Sleep Check Completed
INFO:root:2021-07-23-15--08--59 Frame manipulations completed
INFO:root:2021-07-23-15--08--59 Bounding Box Drawn
INFO:root:2021-07-23-15--08--59 MovingFrameQueue Appended
INFO:root:2021-07-23-15--08--59 anomallyFrameTracker resetted to 200
INFO:root:2021-07-23-15--08--59 Colour Conversion Completed
INFO:root:2021-07-23-15--08--59 Sleep Check Completed
INFO:root:2021-07-23-15--08--59 Frame manipulations completed
INFO:root:2021-07-23-15--08--59 Bounding Box Drawn
INFO:root:2021-07-23-15--08--59 MovingFrameQueue Appended
INFO:root:2021-07-23-15--08--59 anomallyFrameTracker resetted to 200
INFO:root:2021-07-23-15--08--59 Colour Conversion Completed
INFO:root:2021-07-23-15--08--59 Sleep Check Completed
INFO:root:2021-07-23-15--08--59 Frame manipulations completed
INFO:root:2021-07-23-15--08--59 Bounding Box Drawn
INFO:root:2021-07-23-15--08--59 MovingFrameQueue Appended
INFO:root:2021-07-23-15--08--59 anomallyFrameTracker resetted to 200
INFO:root:2021-07-23-15--08--59 Colour Conversion Completed
INFO:root:2021-07-23-15--08--59 Sleep Check Completed
INFO:root:2021-07-23-15--08--59 Frame manipulations completed
INFO:root:2021-07-23-15--08--59 Bounding Box Drawn
INFO:root:2021-07-23-15--08--59 MovingFrameQueue Appended
INFO:root:2021-07-23-15--08--59 anomallyFrameTracker resetted to 200
INFO:root:2021-07-23-15--08--59 Colour Conversion Completed
INFO:root:2021-07-23-15--08--59 Sleep Check Completed
INFO:root:2021-07-23-15--08--59 Frame manipulations completed
INFO:root:2021-07-23-15--08--59 Bounding Box Drawn
INFO:root:2021-07-23-15--08--59 MovingFrameQueue Appended
INFO:root:2021-07-23-15--08--59 anomallyFrameTracker resetted to 200
INFO:root:2021-07-23-15--08--59 Colour Conversion Completed
INFO:root:2021-07-23-15--08--59 Sleep Check Completed
INFO:root:2021-07-23-15--08--59 Frame manipulations completed
INFO:root:2021-07-23-15--08--59 Bounding Box Drawn
INFO:root:2021-07-23-15--09--00 MovingFrameQueue Appended
INFO:root:2021-07-23-15--09--00 anomallyFrameTracker resetted to 200
INFO:root:2021-07-23-15--09--00 Colour Conversion Completed
INFO:root:2021-07-23-15--09--00 Sleep Check Completed
INFO:root:2021-07-23-15--09--00 Frame manipulations completed
INFO:root:2021-07-23-15--09--00 Bounding Box Drawn
INFO:root:2021-07-23-15--09--00 MovingFrameQueue Appended
INFO:root:2021-07-23-15--09--00 anomallyFrameTracker resetted to 200
INFO:root:2021-07-23-15--09--00 Colour Conversion Completed
INFO:root:2021-07-23-15--09--00 Sleep Check Completed
INFO:root:2021-07-23-15--09--00 Frame manipulations completed
INFO:root:2021-07-23-15--09--00 Bounding Box Drawn
INFO:root:2021-07-23-15--09--00 MovingFrameQueue Appended
INFO:root:2021-07-23-15--09--00 anomallyFrameTracker resetted to 200
INFO:root:2021-07-23-15--09--00 Colour Conversion Completed
INFO:root:2021-07-23-15--09--00 Sleep Check Completed
INFO:root:2021-07-23-15--09--00 Frame manipulations completed
INFO:root:2021-07-23-15--09--00 Bounding Box Drawn
INFO:root:2021-07-23-15--09--00 MovingFrameQueue Appended
INFO:root:2021-07-23-15--09--00 anomallyFrameTracker resetted to 200
INFO:root:2021-07-23-15--09--00 Colour Conversion Completed
INFO:root:2021-07-23-15--09--00 Sleep Check Completed
INFO:root:2021-07-23-15--09--00 Frame manipulations completed
INFO:root:2021-07-23-15--09--00 Bounding Box Drawn
INFO:root:2021-07-23-15--09--00[INFO] elapsed time: 7.28
INFO:root:2021-07-23-15--09--00[INFO] approx. FPS: 6.05
INFO:root:2021-07-23-15--09--00 Getting Auth Token Success
INFO:root:2021-07-23-15--09--00 BedTime Upload Completed
