INFO:root:2021-07-16-15--24--59 Parameter Generation Success
INFO:root:2021-07-16-15--24--59 Colour Conversion Completed
INFO:root:2021-07-16-15--24--59 Sleep Check Completed
INFO:root:2021-07-16-15--24--59 Frame manipulations completed
INFO:root:2021-07-16-15--24--59 Bounding Box Drawn
INFO:root:2021-07-16-15--25--04 MovingFrameQueue Appended
INFO:root:2021-07-16-15--25--04 anomallyFrameTracker resetted to 200
INFO:root:2021-07-16-15--25--04 Colour Conversion Completed
INFO:root:2021-07-16-15--25--04 Sleep Check Completed
INFO:root:2021-07-16-15--25--04 Frame manipulations completed
INFO:root:2021-07-16-15--25--04 Bounding Box Drawn
INFO:root:2021-07-16-15--25--04 MovingFrameQueue Appended
INFO:root:2021-07-16-15--25--04 anomallyFrameTracker resetted to 200
INFO:root:2021-07-16-15--25--04 Colour Conversion Completed
INFO:root:2021-07-16-15--25--04 Sleep Check Completed
INFO:root:2021-07-16-15--25--04 Frame manipulations completed
INFO:root:2021-07-16-15--25--04 Bounding Box Drawn
INFO:root:2021-07-16-15--25--04 MovingFrameQueue Appended
INFO:root:2021-07-16-15--25--04 anomallyFrameTracker resetted to 200
INFO:root:2021-07-16-15--25--04 Colour Conversion Completed
INFO:root:2021-07-16-15--25--04 Sleep Check Completed
INFO:root:2021-07-16-15--25--04 Frame manipulations completed
INFO:root:2021-07-16-15--25--04 Bounding Box Drawn
INFO:root:2021-07-16-15--25--04 MovingFrameQueue Appended
INFO:root:2021-07-16-15--25--04 anomallyFrameTracker resetted to 200
INFO:root:2021-07-16-15--25--04 Colour Conversion Completed
INFO:root:2021-07-16-15--25--04 Sleep Check Completed
INFO:root:2021-07-16-15--25--04 Frame manipulations completed
INFO:root:2021-07-16-15--25--04 Bounding Box Drawn
INFO:root:2021-07-16-15--25--04 MovingFrameQueue Appended
INFO:root:2021-07-16-15--25--04 anomallyFrameTracker resetted to 200
INFO:root:2021-07-16-15--25--05 Colour Conversion Completed
INFO:root:2021-07-16-15--25--05 Sleep Check Completed
INFO:root:2021-07-16-15--25--05 Frame manipulations completed
INFO:root:2021-07-16-15--25--05 Bounding Box Drawn
INFO:root:2021-07-16-15--25--05 MovingFrameQueue Appended
INFO:root:2021-07-16-15--25--05 anomallyFrameTracker resetted to 200
INFO:root:2021-07-16-15--25--05 Colour Conversion Completed
INFO:root:2021-07-16-15--25--05 Sleep Check Completed
INFO:root:2021-07-16-15--25--05 Frame manipulations completed
INFO:root:2021-07-16-15--25--05 Bounding Box Drawn
INFO:root:2021-07-16-15--25--05 MovingFrameQueue Appended
INFO:root:2021-07-16-15--25--05 anomallyFrameTracker resetted to 200
INFO:root:2021-07-16-15--25--05 Colour Conversion Completed
INFO:root:2021-07-16-15--25--05 Sleep Check Completed
INFO:root:2021-07-16-15--25--05 Frame manipulations completed
INFO:root:2021-07-16-15--25--05 Bounding Box Drawn
INFO:root:2021-07-16-15--25--05 MovingFrameQueue Appended
INFO:root:2021-07-16-15--25--05 anomallyFrameTracker resetted to 200
INFO:root:2021-07-16-15--25--05 Colour Conversion Completed
INFO:root:2021-07-16-15--25--05 Sleep Check Completed
INFO:root:2021-07-16-15--25--05 Frame manipulations completed
INFO:root:2021-07-16-15--25--05 Bounding Box Drawn
INFO:root:2021-07-16-15--25--05 MovingFrameQueue Appended
INFO:root:2021-07-16-15--25--05 anomallyFrameTracker resetted to 200
INFO:root:2021-07-16-15--25--05 Colour Conversion Completed
INFO:root:2021-07-16-15--25--05 Sleep Check Completed
INFO:root:2021-07-16-15--25--05 Frame manipulations completed
INFO:root:2021-07-16-15--25--05 Bounding Box Drawn
INFO:root:2021-07-16-15--25--05 MovingFrameQueue Appended
INFO:root:2021-07-16-15--25--05 anomallyFrameTracker resetted to 200
INFO:root:2021-07-16-15--25--05 Colour Conversion Completed
INFO:root:2021-07-16-15--25--05 Sleep Check Completed
INFO:root:2021-07-16-15--25--05 Frame manipulations completed
INFO:root:2021-07-16-15--25--05 Bounding Box Drawn
INFO:root:2021-07-16-15--25--05 MovingFrameQueue Appended
INFO:root:2021-07-16-15--25--05 anomallyFrameTracker resetted to 200
INFO:root:2021-07-16-15--25--05 Colour Conversion Completed
INFO:root:2021-07-16-15--25--05 Sleep Check Completed
INFO:root:2021-07-16-15--25--05 Frame manipulations completed
INFO:root:2021-07-16-15--25--05 Bounding Box Drawn
INFO:root:2021-07-16-15--25--05 MovingFrameQueue Appended
INFO:root:2021-07-16-15--25--05 anomallyFrameTracker resetted to 200
INFO:root:2021-07-16-15--25--06 Colour Conversion Completed
INFO:root:2021-07-16-15--25--06 Sleep Check Completed
INFO:root:2021-07-16-15--25--06 Frame manipulations completed
INFO:root:2021-07-16-15--25--06 Bounding Box Drawn
INFO:root:2021-07-16-15--25--06 MovingFrameQueue Appended
INFO:root:2021-07-16-15--25--06 anomallyFrameTracker resetted to 200
INFO:root:2021-07-16-15--25--06 Colour Conversion Completed
INFO:root:2021-07-16-15--25--06 Sleep Check Completed
INFO:root:2021-07-16-15--25--06 Frame manipulations completed
INFO:root:2021-07-16-15--25--06 Bounding Box Drawn
INFO:root:2021-07-16-15--25--06 MovingFrameQueue Appended
INFO:root:2021-07-16-15--25--06 anomallyFrameTracker resetted to 200
INFO:root:2021-07-16-15--25--06 Colour Conversion Completed
INFO:root:2021-07-16-15--25--06 Sleep Check Completed
INFO:root:2021-07-16-15--25--06 Frame manipulations completed
INFO:root:2021-07-16-15--25--06 Bounding Box Drawn
INFO:root:2021-07-16-15--25--06 MovingFrameQueue Appended
INFO:root:2021-07-16-15--25--06 anomallyFrameTracker resetted to 200
INFO:root:2021-07-16-15--25--06 Colour Conversion Completed
INFO:root:2021-07-16-15--25--06 Sleep Check Completed
INFO:root:2021-07-16-15--25--06 Frame manipulations completed
INFO:root:2021-07-16-15--25--06 Bounding Box Drawn
INFO:root:2021-07-16-15--25--06 MovingFrameQueue Appended
INFO:root:2021-07-16-15--25--06 anomallyFrameTracker resetted to 200
INFO:root:2021-07-16-15--25--06 Colour Conversion Completed
INFO:root:2021-07-16-15--25--06 Sleep Check Completed
INFO:root:2021-07-16-15--25--06 Frame manipulations completed
INFO:root:2021-07-16-15--25--06 Bounding Box Drawn
INFO:root:2021-07-16-15--25--06 MovingFrameQueue Appended
INFO:root:2021-07-16-15--25--06 anomallyFrameTracker resetted to 200
INFO:root:2021-07-16-15--25--06 Colour Conversion Completed
INFO:root:2021-07-16-15--25--06 Sleep Check Completed
INFO:root:2021-07-16-15--25--06 Frame manipulations completed
INFO:root:2021-07-16-15--25--06 Bounding Box Drawn
INFO:root:2021-07-16-15--25--06 MovingFrameQueue Appended
INFO:root:2021-07-16-15--25--06 anomallyFrameTracker resetted to 200
INFO:root:2021-07-16-15--25--06 Colour Conversion Completed
INFO:root:2021-07-16-15--25--06 Sleep Check Completed
INFO:root:2021-07-16-15--25--06 Frame manipulations completed
INFO:root:2021-07-16-15--25--06 Bounding Box Drawn
INFO:root:2021-07-16-15--25--06 MovingFrameQueue Appended
INFO:root:2021-07-16-15--25--06 anomallyFrameTracker resetted to 200
INFO:root:2021-07-16-15--25--06 Colour Conversion Completed
INFO:root:2021-07-16-15--25--06 Sleep Check Completed
INFO:root:2021-07-16-15--25--06 Frame manipulations completed
INFO:root:2021-07-16-15--25--06 Bounding Box Drawn
INFO:root:2021-07-16-15--25--06 MovingFrameQueue Appended
INFO:root:2021-07-16-15--25--06 anomallyFrameTracker resetted to 200
INFO:root:2021-07-16-15--25--06 Colour Conversion Completed
INFO:root:2021-07-16-15--25--06 Sleep Check Completed
INFO:root:2021-07-16-15--25--06 Frame manipulations completed
INFO:root:2021-07-16-15--25--06 Bounding Box Drawn
INFO:root:2021-07-16-15--25--06 MovingFrameQueue Appended
INFO:root:2021-07-16-15--25--06 anomallyFrameTracker resetted to 200
INFO:root:2021-07-16-15--25--07 Colour Conversion Completed
INFO:root:2021-07-16-15--25--07 Sleep Check Completed
INFO:root:2021-07-16-15--25--07 Frame manipulations completed
INFO:root:2021-07-16-15--25--07 Bounding Box Drawn
INFO:root:2021-07-16-15--25--07 MovingFrameQueue Appended
INFO:root:2021-07-16-15--25--07 anomallyFrameTracker resetted to 200
INFO:root:2021-07-16-15--25--07 Colour Conversion Completed
INFO:root:2021-07-16-15--25--07 Sleep Check Completed
INFO:root:2021-07-16-15--25--07 Frame manipulations completed
INFO:root:2021-07-16-15--25--07 Bounding Box Drawn
INFO:root:2021-07-16-15--25--07 MovingFrameQueue Appended
INFO:root:2021-07-16-15--25--07 anomallyFrameTracker resetted to 200
INFO:root:2021-07-16-15--25--07 Colour Conversion Completed
INFO:root:2021-07-16-15--25--07 Sleep Check Completed
INFO:root:2021-07-16-15--25--07 Frame manipulations completed
INFO:root:2021-07-16-15--25--07 Bounding Box Drawn
INFO:root:2021-07-16-15--25--07 MovingFrameQueue Appended
INFO:root:2021-07-16-15--25--07 anomallyFrameTracker resetted to 200
INFO:root:2021-07-16-15--25--07 Colour Conversion Completed
INFO:root:2021-07-16-15--25--07 Sleep Check Completed
INFO:root:2021-07-16-15--25--07 Frame manipulations completed
INFO:root:2021-07-16-15--25--07 Bounding Box Drawn
INFO:root:2021-07-16-15--25--07 MovingFrameQueue Appended
INFO:root:2021-07-16-15--25--07 anomallyFrameTracker resetted to 200
INFO:root:2021-07-16-15--25--07 Colour Conversion Completed
INFO:root:2021-07-16-15--25--07 Sleep Check Completed
INFO:root:2021-07-16-15--25--07 Frame manipulations completed
INFO:root:2021-07-16-15--25--07 Bounding Box Drawn
INFO:root:2021-07-16-15--25--07 MovingFrameQueue Appended
INFO:root:2021-07-16-15--25--07 anomallyFrameTracker resetted to 200
INFO:root:2021-07-16-15--25--07 Colour Conversion Completed
INFO:root:2021-07-16-15--25--07 Sleep Check Completed
INFO:root:2021-07-16-15--25--07 Frame manipulations completed
INFO:root:2021-07-16-15--25--07 Bounding Box Drawn
INFO:root:2021-07-16-15--25--07 MovingFrameQueue Appended
INFO:root:2021-07-16-15--25--07 anomallyFrameTracker resetted to 200
INFO:root:2021-07-16-15--25--07 Colour Conversion Completed
INFO:root:2021-07-16-15--25--07 Sleep Check Completed
INFO:root:2021-07-16-15--25--07 Frame manipulations completed
INFO:root:2021-07-16-15--25--07 Bounding Box Drawn
INFO:root:2021-07-16-15--25--07 MovingFrameQueue Appended
INFO:root:2021-07-16-15--25--07 anomallyFrameTracker resetted to 200
INFO:root:2021-07-16-15--25--07 Colour Conversion Completed
INFO:root:2021-07-16-15--25--07 Sleep Check Completed
INFO:root:2021-07-16-15--25--07 Frame manipulations completed
INFO:root:2021-07-16-15--25--07 Bounding Box Drawn
INFO:root:2021-07-16-15--25--07 MovingFrameQueue Appended
INFO:root:2021-07-16-15--25--07 anomallyFrameTracker resetted to 200
INFO:root:2021-07-16-15--25--07 Colour Conversion Completed
INFO:root:2021-07-16-15--25--07 Sleep Check Completed
INFO:root:2021-07-16-15--25--07 Frame manipulations completed
INFO:root:2021-07-16-15--25--07 Bounding Box Drawn
INFO:root:2021-07-16-15--25--07 MovingFrameQueue Appended
INFO:root:2021-07-16-15--25--08 anomallyFrameTracker resetted to 200
INFO:root:2021-07-16-15--25--08 Colour Conversion Completed
INFO:root:2021-07-16-15--25--08 Sleep Check Completed
INFO:root:2021-07-16-15--25--08 Frame manipulations completed
INFO:root:2021-07-16-15--25--08 Bounding Box Drawn
INFO:root:2021-07-16-15--25--08 MovingFrameQueue Appended
INFO:root:2021-07-16-15--25--08 anomallyFrameTracker resetted to 200
INFO:root:2021-07-16-15--25--08 Colour Conversion Completed
INFO:root:2021-07-16-15--25--08 Sleep Check Completed
INFO:root:2021-07-16-15--25--08 Frame manipulations completed
INFO:root:2021-07-16-15--25--08 Bounding Box Drawn
INFO:root:2021-07-16-15--25--08 MovingFrameQueue Appended
INFO:root:2021-07-16-15--25--08 anomallyFrameTracker resetted to 200
INFO:root:2021-07-16-15--25--08 Colour Conversion Completed
INFO:root:2021-07-16-15--25--08 Sleep Check Completed
INFO:root:2021-07-16-15--25--08 Frame manipulations completed
INFO:root:2021-07-16-15--25--08 Bounding Box Drawn
INFO:root:2021-07-16-15--25--08 MovingFrameQueue Appended
INFO:root:2021-07-16-15--25--08 anomallyFrameTracker resetted to 200
INFO:root:2021-07-16-15--25--08 Colour Conversion Completed
INFO:root:2021-07-16-15--25--08 Sleep Check Completed
INFO:root:2021-07-16-15--25--08 Frame manipulations completed
INFO:root:2021-07-16-15--25--08 Bounding Box Drawn
INFO:root:2021-07-16-15--25--08 MovingFrameQueue Appended
INFO:root:2021-07-16-15--25--08 anomallyFrameTracker resetted to 200
INFO:root:2021-07-16-15--25--08 Colour Conversion Completed
INFO:root:2021-07-16-15--25--08 Sleep Check Completed
INFO:root:2021-07-16-15--25--08 Frame manipulations completed
INFO:root:2021-07-16-15--25--08 Bounding Box Drawn
INFO:root:2021-07-16-15--25--08 MovingFrameQueue Appended
INFO:root:2021-07-16-15--25--08 anomallyFrameTracker resetted to 200
INFO:root:2021-07-16-15--25--08 Colour Conversion Completed
INFO:root:2021-07-16-15--25--08 Sleep Check Completed
INFO:root:2021-07-16-15--25--08 Frame manipulations completed
INFO:root:2021-07-16-15--25--08 Bounding Box Drawn
INFO:root:2021-07-16-15--25--08 MovingFrameQueue Appended
INFO:root:2021-07-16-15--25--08 anomallyFrameTracker resetted to 200
INFO:root:2021-07-16-15--25--08 Colour Conversion Completed
INFO:root:2021-07-16-15--25--08 Sleep Check Completed
INFO:root:2021-07-16-15--25--08 Frame manipulations completed
INFO:root:2021-07-16-15--25--08 Bounding Box Drawn
INFO:root:2021-07-16-15--25--08 MovingFrameQueue Appended
INFO:root:2021-07-16-15--25--08 anomallyFrameTracker resetted to 200
INFO:root:2021-07-16-15--25--08 Colour Conversion Completed
INFO:root:2021-07-16-15--25--08 Sleep Check Completed
INFO:root:2021-07-16-15--25--08 Frame manipulations completed
INFO:root:2021-07-16-15--25--08 Bounding Box Drawn
INFO:root:2021-07-16-15--25--09 MovingFrameQueue Appended
INFO:root:2021-07-16-15--25--09 anomallyFrameTracker resetted to 200
INFO:root:2021-07-16-15--25--09 Colour Conversion Completed
INFO:root:2021-07-16-15--25--09 Sleep Check Completed
INFO:root:2021-07-16-15--25--09 Frame manipulations completed
INFO:root:2021-07-16-15--25--09 Bounding Box Drawn
INFO:root:2021-07-16-15--25--09 MovingFrameQueue Appended
INFO:root:2021-07-16-15--25--09 anomallyFrameTracker resetted to 200
INFO:root:2021-07-16-15--25--09 Colour Conversion Completed
INFO:root:2021-07-16-15--25--09 Sleep Check Completed
INFO:root:2021-07-16-15--25--09 Frame manipulations completed
INFO:root:2021-07-16-15--25--09 Bounding Box Drawn
INFO:root:2021-07-16-15--25--09 MovingFrameQueue Appended
INFO:root:2021-07-16-15--25--09 anomallyFrameTracker resetted to 200
INFO:root:2021-07-16-15--25--09 Colour Conversion Completed
INFO:root:2021-07-16-15--25--09 Sleep Check Completed
INFO:root:2021-07-16-15--25--09 Frame manipulations completed
INFO:root:2021-07-16-15--25--09 Bounding Box Drawn
INFO:root:2021-07-16-15--25--09 MovingFrameQueue Appended
INFO:root:2021-07-16-15--25--09 anomallyFrameTracker resetted to 200
INFO:root:2021-07-16-15--25--09 Colour Conversion Completed
INFO:root:2021-07-16-15--25--09 Sleep Check Completed
INFO:root:2021-07-16-15--25--09 Frame manipulations completed
INFO:root:2021-07-16-15--25--09 Bounding Box Drawn
INFO:root:2021-07-16-15--25--09 MovingFrameQueue Appended
INFO:root:2021-07-16-15--25--09 anomallyFrameTracker resetted to 200
INFO:root:2021-07-16-15--25--09[INFO] elapsed time: 10.02
INFO:root:2021-07-16-15--25--09[INFO] approx. FPS: 4.19
INFO:root:2021-07-16-15--25--10 Getting Auth Token Success
INFO:root:2021-07-16-15--25--10 BedTime Upload Completed
