INFO:root:2021-07-16-10--49--35 Parameter Generation Success
INFO:root:2021-07-16-10--49--35 Colour Conversion Completed
INFO:root:2021-07-16-10--49--35 Sleep Check Completed
INFO:root:2021-07-16-10--49--35 Frame manipulations completed
INFO:root:2021-07-16-10--49--35 Bounding Box Drawn
INFO:root:2021-07-16-10--49--35 MovingFrameQueue Appended
INFO:root:2021-07-16-10--49--35 anomallyFrameTracker resetted to 200
INFO:root:2021-07-16-10--49--35 anomallyFrameTracker resetted to 200
INFO:root:2021-07-16-10--49--35 anomallyFrameTracker resetted to 200
INFO:root:2021-07-16-10--49--35 Colour Conversion Completed
INFO:root:2021-07-16-10--49--35 Sleep Check Completed
INFO:root:2021-07-16-10--49--35 Frame manipulations completed
INFO:root:2021-07-16-10--49--35 Bounding Box Drawn
INFO:root:2021-07-16-10--49--35 MovingFrameQueue Appended
INFO:root:2021-07-16-10--49--35 anomallyFrameTracker resetted to 200
INFO:root:2021-07-16-10--49--35 anomallyFrameTracker resetted to 200
INFO:root:2021-07-16-10--49--35 anomallyFrameTracker resetted to 200
INFO:root:2021-07-16-10--49--36 Colour Conversion Completed
INFO:root:2021-07-16-10--49--36 Sleep Check Completed
INFO:root:2021-07-16-10--49--36 Frame manipulations completed
INFO:root:2021-07-16-10--49--36 Bounding Box Drawn
INFO:root:2021-07-16-10--49--36 MovingFrameQueue Appended
INFO:root:2021-07-16-10--49--36 anomallyFrameTracker resetted to 200
INFO:root:2021-07-16-10--49--36 anomallyFrameTracker resetted to 200
INFO:root:2021-07-16-10--49--36 anomallyFrameTracker resetted to 200
INFO:root:2021-07-16-10--49--36 Colour Conversion Completed
INFO:root:2021-07-16-10--49--36 Sleep Check Completed
INFO:root:2021-07-16-10--49--36 Frame manipulations completed
INFO:root:2021-07-16-10--49--36 Bounding Box Drawn
INFO:root:2021-07-16-10--49--36 MovingFrameQueue Appended
INFO:root:2021-07-16-10--49--36 anomallyFrameTracker resetted to 200
INFO:root:2021-07-16-10--49--36 anomallyFrameTracker resetted to 200
INFO:root:2021-07-16-10--49--36 anomallyFrameTracker resetted to 200
INFO:root:2021-07-16-10--49--36 Colour Conversion Completed
INFO:root:2021-07-16-10--49--36 Sleep Check Completed
INFO:root:2021-07-16-10--49--36 Frame manipulations completed
INFO:root:2021-07-16-10--49--36 Bounding Box Drawn
INFO:root:2021-07-16-10--49--36 MovingFrameQueue Appended
INFO:root:2021-07-16-10--49--36 anomallyFrameTracker resetted to 200
INFO:root:2021-07-16-10--49--36 anomallyFrameTracker resetted to 200
INFO:root:2021-07-16-10--49--36 anomallyFrameTracker resetted to 200
INFO:root:2021-07-16-10--49--36 Colour Conversion Completed
INFO:root:2021-07-16-10--49--36 Sleep Check Completed
INFO:root:2021-07-16-10--49--36 Frame manipulations completed
INFO:root:2021-07-16-10--49--36 Bounding Box Drawn
INFO:root:2021-07-16-10--49--36 MovingFrameQueue Appended
INFO:root:2021-07-16-10--49--36 anomallyFrameTracker resetted to 200
INFO:root:2021-07-16-10--49--36 anomallyFrameTracker resetted to 200
INFO:root:2021-07-16-10--49--36 anomallyFrameTracker resetted to 200
INFO:root:2021-07-16-10--49--36 Colour Conversion Completed
INFO:root:2021-07-16-10--49--36 Sleep Check Completed
INFO:root:2021-07-16-10--49--36 Frame manipulations completed
INFO:root:2021-07-16-10--49--36 Bounding Box Drawn
INFO:root:2021-07-16-10--49--36 MovingFrameQueue Appended
INFO:root:2021-07-16-10--49--36 anomallyFrameTracker resetted to 200
INFO:root:2021-07-16-10--49--36 anomallyFrameTracker resetted to 200
INFO:root:2021-07-16-10--49--36 anomallyFrameTracker resetted to 200
INFO:root:2021-07-16-10--49--36 Colour Conversion Completed
INFO:root:2021-07-16-10--49--36 Sleep Check Completed
INFO:root:2021-07-16-10--49--36 Frame manipulations completed
INFO:root:2021-07-16-10--49--36 Bounding Box Drawn
INFO:root:2021-07-16-10--49--36 MovingFrameQueue Appended
INFO:root:2021-07-16-10--49--36 anomallyFrameTracker resetted to 200
INFO:root:2021-07-16-10--49--36 anomallyFrameTracker resetted to 200
INFO:root:2021-07-16-10--49--36 anomallyFrameTracker resetted to 200
INFO:root:2021-07-16-10--49--36 Colour Conversion Completed
INFO:root:2021-07-16-10--49--36 Sleep Check Completed
INFO:root:2021-07-16-10--49--36 Frame manipulations completed
INFO:root:2021-07-16-10--49--36 Bounding Box Drawn
INFO:root:2021-07-16-10--49--36 MovingFrameQueue Appended
INFO:root:2021-07-16-10--49--36 anomallyFrameTracker resetted to 200
INFO:root:2021-07-16-10--49--36 anomallyFrameTracker resetted to 200
INFO:root:2021-07-16-10--49--36 anomallyFrameTracker resetted to 200
INFO:root:2021-07-16-10--49--36 Colour Conversion Completed
INFO:root:2021-07-16-10--49--36 Sleep Check Completed
INFO:root:2021-07-16-10--49--36 Frame manipulations completed
INFO:root:2021-07-16-10--49--36 Bounding Box Drawn
INFO:root:2021-07-16-10--49--36 MovingFrameQueue Appended
INFO:root:2021-07-16-10--49--36 anomallyFrameTracker resetted to 200
INFO:root:2021-07-16-10--49--36 anomallyFrameTracker resetted to 200
INFO:root:2021-07-16-10--49--36 anomallyFrameTracker resetted to 200
INFO:root:2021-07-16-10--49--36 Colour Conversion Completed
INFO:root:2021-07-16-10--49--36 Sleep Check Completed
INFO:root:2021-07-16-10--49--36 Frame manipulations completed
INFO:root:2021-07-16-10--49--36 Bounding Box Drawn
INFO:root:2021-07-16-10--49--36 MovingFrameQueue Appended
INFO:root:2021-07-16-10--49--36 anomallyFrameTracker resetted to 200
INFO:root:2021-07-16-10--49--36 anomallyFrameTracker resetted to 200
INFO:root:2021-07-16-10--49--36 anomallyFrameTracker resetted to 200
INFO:root:2021-07-16-10--49--37 Colour Conversion Completed
INFO:root:2021-07-16-10--49--37 Sleep Check Completed
INFO:root:2021-07-16-10--49--37 Frame manipulations completed
INFO:root:2021-07-16-10--49--37 Bounding Box Drawn
INFO:root:2021-07-16-10--49--37 MovingFrameQueue Appended
INFO:root:2021-07-16-10--49--37 anomallyFrameTracker resetted to 200
INFO:root:2021-07-16-10--49--37 anomallyFrameTracker resetted to 200
INFO:root:2021-07-16-10--49--37 anomallyFrameTracker resetted to 200
INFO:root:2021-07-16-10--49--37 Colour Conversion Completed
INFO:root:2021-07-16-10--49--37 Sleep Check Completed
INFO:root:2021-07-16-10--49--37 Frame manipulations completed
INFO:root:2021-07-16-10--49--37 Bounding Box Drawn
INFO:root:2021-07-16-10--49--37 MovingFrameQueue Appended
INFO:root:2021-07-16-10--49--37 anomallyFrameTracker resetted to 200
INFO:root:2021-07-16-10--49--37 anomallyFrameTracker resetted to 200
INFO:root:2021-07-16-10--49--37 anomallyFrameTracker resetted to 200
INFO:root:2021-07-16-10--49--37 Colour Conversion Completed
INFO:root:2021-07-16-10--49--37 Sleep Check Completed
INFO:root:2021-07-16-10--49--37 Frame manipulations completed
INFO:root:2021-07-16-10--49--37 Bounding Box Drawn
INFO:root:2021-07-16-10--49--37 MovingFrameQueue Appended
INFO:root:2021-07-16-10--49--37 anomallyFrameTracker resetted to 200
INFO:root:2021-07-16-10--49--37 anomallyFrameTracker resetted to 200
INFO:root:2021-07-16-10--49--37 anomallyFrameTracker resetted to 200
INFO:root:2021-07-16-10--49--37 Colour Conversion Completed
INFO:root:2021-07-16-10--49--37 Sleep Check Completed
INFO:root:2021-07-16-10--49--37 Frame manipulations completed
INFO:root:2021-07-16-10--49--37 Bounding Box Drawn
INFO:root:2021-07-16-10--49--37 MovingFrameQueue Appended
INFO:root:2021-07-16-10--49--37 anomallyFrameTracker resetted to 200
INFO:root:2021-07-16-10--49--37 anomallyFrameTracker resetted to 200
INFO:root:2021-07-16-10--49--37 anomallyFrameTracker resetted to 200
INFO:root:2021-07-16-10--49--37 Colour Conversion Completed
INFO:root:2021-07-16-10--49--37 Sleep Check Completed
INFO:root:2021-07-16-10--49--37 Frame manipulations completed
INFO:root:2021-07-16-10--49--37 Bounding Box Drawn
INFO:root:2021-07-16-10--49--37 MovingFrameQueue Appended
INFO:root:2021-07-16-10--49--37 anomallyFrameTracker resetted to 200
INFO:root:2021-07-16-10--49--37 anomallyFrameTracker resetted to 200
INFO:root:2021-07-16-10--49--37 anomallyFrameTracker resetted to 200
INFO:root:2021-07-16-10--49--37 Colour Conversion Completed
INFO:root:2021-07-16-10--49--37 Sleep Check Completed
INFO:root:2021-07-16-10--49--37 Frame manipulations completed
INFO:root:2021-07-16-10--49--37 Bounding Box Drawn
INFO:root:2021-07-16-10--49--37 MovingFrameQueue Appended
INFO:root:2021-07-16-10--49--37 anomallyFrameTracker resetted to 200
INFO:root:2021-07-16-10--49--37 anomallyFrameTracker resetted to 200
INFO:root:2021-07-16-10--49--37 anomallyFrameTracker resetted to 200
INFO:root:2021-07-16-10--49--37 Colour Conversion Completed
INFO:root:2021-07-16-10--49--37 Sleep Check Completed
INFO:root:2021-07-16-10--49--37 Frame manipulations completed
INFO:root:2021-07-16-10--49--37 Bounding Box Drawn
INFO:root:2021-07-16-10--49--37 MovingFrameQueue Appended
INFO:root:2021-07-16-10--49--37 anomallyFrameTracker resetted to 200
INFO:root:2021-07-16-10--49--37 anomallyFrameTracker resetted to 200
INFO:root:2021-07-16-10--49--37 anomallyFrameTracker resetted to 200
INFO:root:2021-07-16-10--49--37 Colour Conversion Completed
INFO:root:2021-07-16-10--49--38 Sleep Check Completed
INFO:root:2021-07-16-10--49--38 Frame manipulations completed
INFO:root:2021-07-16-10--49--38 Bounding Box Drawn
INFO:root:2021-07-16-10--49--38 MovingFrameQueue Appended
INFO:root:2021-07-16-10--49--38 anomallyFrameTracker resetted to 200
INFO:root:2021-07-16-10--49--38 anomallyFrameTracker resetted to 200
INFO:root:2021-07-16-10--49--38 anomallyFrameTracker resetted to 200
INFO:root:2021-07-16-10--49--38 Colour Conversion Completed
INFO:root:2021-07-16-10--49--38 Sleep Check Completed
INFO:root:2021-07-16-10--49--38 Frame manipulations completed
INFO:root:2021-07-16-10--49--38 Bounding Box Drawn
INFO:root:2021-07-16-10--49--38 MovingFrameQueue Appended
INFO:root:2021-07-16-10--49--38 anomallyFrameTracker resetted to 200
INFO:root:2021-07-16-10--49--38 anomallyFrameTracker resetted to 200
INFO:root:2021-07-16-10--49--38 anomallyFrameTracker resetted to 200
INFO:root:2021-07-16-10--49--38 Colour Conversion Completed
INFO:root:2021-07-16-10--49--38 Sleep Check Completed
INFO:root:2021-07-16-10--49--38 Frame manipulations completed
INFO:root:2021-07-16-10--49--38 Bounding Box Drawn
INFO:root:2021-07-16-10--49--38 MovingFrameQueue Appended
INFO:root:2021-07-16-10--49--38 anomallyFrameTracker resetted to 200
INFO:root:2021-07-16-10--49--38 anomallyFrameTracker resetted to 200
INFO:root:2021-07-16-10--49--38 anomallyFrameTracker resetted to 200
INFO:root:2021-07-16-10--49--38 Colour Conversion Completed
INFO:root:2021-07-16-10--49--38 Sleep Check Completed
INFO:root:2021-07-16-10--49--38 Frame manipulations completed
INFO:root:2021-07-16-10--49--38 Bounding Box Drawn
INFO:root:2021-07-16-10--49--38 MovingFrameQueue Appended
INFO:root:2021-07-16-10--49--38 anomallyFrameTracker resetted to 200
INFO:root:2021-07-16-10--49--38 anomallyFrameTracker resetted to 200
INFO:root:2021-07-16-10--49--38 anomallyFrameTracker resetted to 200
INFO:root:2021-07-16-10--49--38 Colour Conversion Completed
INFO:root:2021-07-16-10--49--38 Sleep Check Completed
INFO:root:2021-07-16-10--49--38 Frame manipulations completed
INFO:root:2021-07-16-10--49--38 Bounding Box Drawn
INFO:root:2021-07-16-10--49--38 MovingFrameQueue Appended
INFO:root:2021-07-16-10--49--38 anomallyFrameTracker resetted to 200
INFO:root:2021-07-16-10--49--38 anomallyFrameTracker resetted to 200
INFO:root:2021-07-16-10--49--38 anomallyFrameTracker resetted to 200
INFO:root:2021-07-16-10--49--38 Colour Conversion Completed
INFO:root:2021-07-16-10--49--38 Sleep Check Completed
INFO:root:2021-07-16-10--49--38 Frame manipulations completed
INFO:root:2021-07-16-10--49--38 Bounding Box Drawn
INFO:root:2021-07-16-10--49--38 MovingFrameQueue Appended
INFO:root:2021-07-16-10--49--38 anomallyFrameTracker resetted to 200
INFO:root:2021-07-16-10--49--38 anomallyFrameTracker resetted to 200
INFO:root:2021-07-16-10--49--38 anomallyFrameTracker resetted to 200
INFO:root:2021-07-16-10--49--38 Colour Conversion Completed
INFO:root:2021-07-16-10--49--38 Sleep Check Completed
INFO:root:2021-07-16-10--49--38 Frame manipulations completed
INFO:root:2021-07-16-10--49--38 Bounding Box Drawn
INFO:root:2021-07-16-10--49--38 MovingFrameQueue Appended
INFO:root:2021-07-16-10--49--38 anomallyFrameTracker resetted to 200
INFO:root:2021-07-16-10--49--38 anomallyFrameTracker resetted to 200
INFO:root:2021-07-16-10--49--38 anomallyFrameTracker resetted to 200
INFO:root:2021-07-16-10--49--38 Colour Conversion Completed
INFO:root:2021-07-16-10--49--38 Sleep Check Completed
INFO:root:2021-07-16-10--49--38 Frame manipulations completed
INFO:root:2021-07-16-10--49--38 Bounding Box Drawn
INFO:root:2021-07-16-10--49--38 MovingFrameQueue Appended
INFO:root:2021-07-16-10--49--38 anomallyFrameTracker resetted to 200
INFO:root:2021-07-16-10--49--38 anomallyFrameTracker resetted to 200
INFO:root:2021-07-16-10--49--38 anomallyFrameTracker resetted to 200
INFO:root:2021-07-16-10--49--38 Colour Conversion Completed
INFO:root:2021-07-16-10--49--39 Sleep Check Completed
INFO:root:2021-07-16-10--49--39 Frame manipulations completed
INFO:root:2021-07-16-10--49--39 Bounding Box Drawn
INFO:root:2021-07-16-10--49--39 MovingFrameQueue Appended
INFO:root:2021-07-16-10--49--39 anomallyFrameTracker resetted to 200
INFO:root:2021-07-16-10--49--39 anomallyFrameTracker resetted to 200
INFO:root:2021-07-16-10--49--39 anomallyFrameTracker resetted to 200
INFO:root:2021-07-16-10--49--39 Colour Conversion Completed
INFO:root:2021-07-16-10--49--39 Sleep Check Completed
INFO:root:2021-07-16-10--49--39 Frame manipulations completed
INFO:root:2021-07-16-10--49--39 Bounding Box Drawn
INFO:root:2021-07-16-10--49--39 MovingFrameQueue Appended
INFO:root:2021-07-16-10--49--39 anomallyFrameTracker resetted to 200
INFO:root:2021-07-16-10--49--39 anomallyFrameTracker resetted to 200
INFO:root:2021-07-16-10--49--39 anomallyFrameTracker resetted to 200
INFO:root:2021-07-16-10--49--39 Colour Conversion Completed
INFO:root:2021-07-16-10--49--39 Sleep Check Completed
INFO:root:2021-07-16-10--49--39 Frame manipulations completed
INFO:root:2021-07-16-10--49--39 Bounding Box Drawn
INFO:root:2021-07-16-10--49--39 MovingFrameQueue Appended
INFO:root:2021-07-16-10--49--39 anomallyFrameTracker resetted to 200
INFO:root:2021-07-16-10--49--39 anomallyFrameTracker resetted to 200
INFO:root:2021-07-16-10--49--39 anomallyFrameTracker resetted to 200
INFO:root:2021-07-16-10--49--39 Colour Conversion Completed
INFO:root:2021-07-16-10--49--39 Sleep Check Completed
INFO:root:2021-07-16-10--49--39 Frame manipulations completed
INFO:root:2021-07-16-10--49--39 Bounding Box Drawn
INFO:root:2021-07-16-10--49--39 MovingFrameQueue Appended
INFO:root:2021-07-16-10--49--39 anomallyFrameTracker resetted to 200
INFO:root:2021-07-16-10--49--39 anomallyFrameTracker resetted to 200
INFO:root:2021-07-16-10--49--39 anomallyFrameTracker resetted to 200
INFO:root:2021-07-16-10--49--39 Colour Conversion Completed
INFO:root:2021-07-16-10--49--39 Sleep Check Completed
INFO:root:2021-07-16-10--49--39 Frame manipulations completed
INFO:root:2021-07-16-10--49--39 Bounding Box Drawn
INFO:root:2021-07-16-10--49--39 MovingFrameQueue Appended
INFO:root:2021-07-16-10--49--39 anomallyFrameTracker resetted to 200
INFO:root:2021-07-16-10--49--39 anomallyFrameTracker resetted to 200
INFO:root:2021-07-16-10--49--39 anomallyFrameTracker resetted to 200
INFO:root:2021-07-16-10--49--39 Colour Conversion Completed
INFO:root:2021-07-16-10--49--39 Sleep Check Completed
INFO:root:2021-07-16-10--49--39 Frame manipulations completed
INFO:root:2021-07-16-10--49--39 Bounding Box Drawn
INFO:root:2021-07-16-10--49--39 MovingFrameQueue Appended
INFO:root:2021-07-16-10--49--39 anomallyFrameTracker resetted to 200
INFO:root:2021-07-16-10--49--39 anomallyFrameTracker resetted to 200
INFO:root:2021-07-16-10--49--39 anomallyFrameTracker resetted to 200
INFO:root:2021-07-16-10--49--39 Colour Conversion Completed
INFO:root:2021-07-16-10--49--39 Sleep Check Completed
INFO:root:2021-07-16-10--49--39 Frame manipulations completed
INFO:root:2021-07-16-10--49--39 Bounding Box Drawn
INFO:root:2021-07-16-10--49--39 MovingFrameQueue Appended
INFO:root:2021-07-16-10--49--39 anomallyFrameTracker resetted to 200
INFO:root:2021-07-16-10--49--39 anomallyFrameTracker resetted to 200
INFO:root:2021-07-16-10--49--39 anomallyFrameTracker resetted to 200
INFO:root:2021-07-16-10--49--39 Colour Conversion Completed
INFO:root:2021-07-16-10--49--39 Sleep Check Completed
INFO:root:2021-07-16-10--49--39 Frame manipulations completed
INFO:root:2021-07-16-10--49--39 Bounding Box Drawn
INFO:root:2021-07-16-10--49--39 MovingFrameQueue Appended
INFO:root:2021-07-16-10--49--39 anomallyFrameTracker resetted to 200
INFO:root:2021-07-16-10--49--39 anomallyFrameTracker resetted to 200
INFO:root:2021-07-16-10--49--39 anomallyFrameTracker resetted to 200
INFO:root:2021-07-16-10--49--39 Colour Conversion Completed
INFO:root:2021-07-16-10--49--40 Sleep Check Completed
INFO:root:2021-07-16-10--49--40 Frame manipulations completed
INFO:root:2021-07-16-10--49--40 Bounding Box Drawn
INFO:root:2021-07-16-10--49--40 MovingFrameQueue Appended
INFO:root:2021-07-16-10--49--40 anomallyFrameTracker resetted to 200
INFO:root:2021-07-16-10--49--40 anomallyFrameTracker resetted to 200
INFO:root:2021-07-16-10--49--40 anomallyFrameTracker resetted to 200
INFO:root:2021-07-16-10--49--40 Colour Conversion Completed
INFO:root:2021-07-16-10--49--40 Sleep Check Completed
INFO:root:2021-07-16-10--49--40 Frame manipulations completed
INFO:root:2021-07-16-10--49--40 Bounding Box Drawn
INFO:root:2021-07-16-10--49--40 MovingFrameQueue Appended
INFO:root:2021-07-16-10--49--40 anomallyFrameTracker resetted to 200
INFO:root:2021-07-16-10--49--40 anomallyFrameTracker resetted to 200
INFO:root:2021-07-16-10--49--40 anomallyFrameTracker resetted to 200
INFO:root:2021-07-16-10--49--40 Colour Conversion Completed
INFO:root:2021-07-16-10--49--40 Sleep Check Completed
INFO:root:2021-07-16-10--49--40 Frame manipulations completed
INFO:root:2021-07-16-10--49--40 Bounding Box Drawn
INFO:root:2021-07-16-10--49--40 MovingFrameQueue Appended
INFO:root:2021-07-16-10--49--40 anomallyFrameTracker resetted to 200
INFO:root:2021-07-16-10--49--40 anomallyFrameTracker resetted to 200
INFO:root:2021-07-16-10--49--40 anomallyFrameTracker resetted to 200
INFO:root:2021-07-16-10--49--40 Colour Conversion Completed
INFO:root:2021-07-16-10--49--40 Sleep Check Completed
INFO:root:2021-07-16-10--49--40 Frame manipulations completed
INFO:root:2021-07-16-10--49--40 Bounding Box Drawn
INFO:root:2021-07-16-10--49--40 MovingFrameQueue Appended
INFO:root:2021-07-16-10--49--40 anomallyFrameTracker resetted to 200
INFO:root:2021-07-16-10--49--40 anomallyFrameTracker resetted to 200
INFO:root:2021-07-16-10--49--40 anomallyFrameTracker resetted to 200
INFO:root:2021-07-16-10--49--40 Colour Conversion Completed
INFO:root:2021-07-16-10--49--40 Sleep Check Completed
INFO:root:2021-07-16-10--49--40 Frame manipulations completed
INFO:root:2021-07-16-10--49--40 Bounding Box Drawn
INFO:root:2021-07-16-10--49--40 MovingFrameQueue Appended
INFO:root:2021-07-16-10--49--40 anomallyFrameTracker resetted to 200
INFO:root:2021-07-16-10--49--40 anomallyFrameTracker resetted to 200
INFO:root:2021-07-16-10--49--40 anomallyFrameTracker resetted to 200
INFO:root:2021-07-16-10--49--40 Colour Conversion Completed
INFO:root:2021-07-16-10--49--40 Sleep Check Completed
INFO:root:2021-07-16-10--49--40 Frame manipulations completed
INFO:root:2021-07-16-10--49--40 Bounding Box Drawn
INFO:root:2021-07-16-10--49--40 MovingFrameQueue Appended
INFO:root:2021-07-16-10--49--40 anomallyFrameTracker resetted to 200
INFO:root:2021-07-16-10--49--40 anomallyFrameTracker resetted to 200
INFO:root:2021-07-16-10--49--40 anomallyFrameTracker resetted to 200
INFO:root:2021-07-16-10--49--40 Colour Conversion Completed
INFO:root:2021-07-16-10--49--40 Sleep Check Completed
INFO:root:2021-07-16-10--49--40 Frame manipulations completed
INFO:root:2021-07-16-10--49--40 Bounding Box Drawn
INFO:root:2021-07-16-10--49--40 MovingFrameQueue Appended
INFO:root:2021-07-16-10--49--40 anomallyFrameTracker resetted to 200
INFO:root:2021-07-16-10--49--40 anomallyFrameTracker resetted to 200
INFO:root:2021-07-16-10--49--40 anomallyFrameTracker resetted to 200
INFO:root:2021-07-16-10--49--40 Colour Conversion Completed
INFO:root:2021-07-16-10--49--40 Sleep Check Completed
INFO:root:2021-07-16-10--49--40 Frame manipulations completed
INFO:root:2021-07-16-10--49--40 Bounding Box Drawn
INFO:root:2021-07-16-10--49--40 MovingFrameQueue Appended
INFO:root:2021-07-16-10--49--40 anomallyFrameTracker resetted to 200
INFO:root:2021-07-16-10--49--40 anomallyFrameTracker resetted to 200
INFO:root:2021-07-16-10--49--40 anomallyFrameTracker resetted to 200
INFO:root:2021-07-16-10--49--40 Colour Conversion Completed
INFO:root:2021-07-16-10--49--40 Sleep Check Completed
INFO:root:2021-07-16-10--49--40 Frame manipulations completed
INFO:root:2021-07-16-10--49--40 Bounding Box Drawn
INFO:root:2021-07-16-10--49--40 MovingFrameQueue Appended
INFO:root:2021-07-16-10--49--40 anomallyFrameTracker resetted to 200
INFO:root:2021-07-16-10--49--40 anomallyFrameTracker resetted to 200
INFO:root:2021-07-16-10--49--40 anomallyFrameTracker resetted to 200
INFO:root:2021-07-16-10--49--41 Colour Conversion Completed
INFO:root:2021-07-16-10--49--41 Sleep Check Completed
INFO:root:2021-07-16-10--49--41 Frame manipulations completed
INFO:root:2021-07-16-10--49--41 Bounding Box Drawn
INFO:root:2021-07-16-10--49--41 MovingFrameQueue Appended
INFO:root:2021-07-16-10--49--41 anomallyFrameTracker resetted to 200
INFO:root:2021-07-16-10--49--41 anomallyFrameTracker resetted to 200
INFO:root:2021-07-16-10--49--41 anomallyFrameTracker resetted to 200
INFO:root:2021-07-16-10--49--41 Colour Conversion Completed
INFO:root:2021-07-16-10--49--41 Sleep Check Completed
INFO:root:2021-07-16-10--49--41 Frame manipulations completed
INFO:root:2021-07-16-10--49--41 Bounding Box Drawn
INFO:root:2021-07-16-10--49--41 MovingFrameQueue Appended
INFO:root:2021-07-16-10--49--41 anomallyFrameTracker resetted to 200
INFO:root:2021-07-16-10--49--41 anomallyFrameTracker resetted to 200
INFO:root:2021-07-16-10--49--41 anomallyFrameTracker resetted to 200
INFO:root:2021-07-16-10--49--41 Colour Conversion Completed
INFO:root:2021-07-16-10--49--41 Sleep Check Completed
INFO:root:2021-07-16-10--49--41 Frame manipulations completed
INFO:root:2021-07-16-10--49--41 Bounding Box Drawn
INFO:root:2021-07-16-10--49--41 MovingFrameQueue Appended
INFO:root:2021-07-16-10--49--41 anomallyFrameTracker resetted to 200
INFO:root:2021-07-16-10--49--41 anomallyFrameTracker resetted to 200
INFO:root:2021-07-16-10--49--41 anomallyFrameTracker resetted to 200
INFO:root:2021-07-16-10--49--41 Colour Conversion Completed
INFO:root:2021-07-16-10--49--41 Sleep Check Completed
INFO:root:2021-07-16-10--49--41 Frame manipulations completed
INFO:root:2021-07-16-10--49--41 Bounding Box Drawn
INFO:root:2021-07-16-10--49--41 MovingFrameQueue Appended
INFO:root:2021-07-16-10--49--41 anomallyFrameTracker resetted to 200
INFO:root:2021-07-16-10--49--41 anomallyFrameTracker resetted to 200
INFO:root:2021-07-16-10--49--41 anomallyFrameTracker resetted to 200
INFO:root:2021-07-16-10--49--41 Colour Conversion Completed
INFO:root:2021-07-16-10--49--41 Sleep Check Completed
INFO:root:2021-07-16-10--49--41 Frame manipulations completed
INFO:root:2021-07-16-10--49--41 Bounding Box Drawn
INFO:root:2021-07-16-10--49--41 MovingFrameQueue Appended
INFO:root:2021-07-16-10--49--41 anomallyFrameTracker resetted to 200
INFO:root:2021-07-16-10--49--41 anomallyFrameTracker resetted to 200
INFO:root:2021-07-16-10--49--41 anomallyFrameTracker resetted to 200
INFO:root:2021-07-16-10--49--41 Colour Conversion Completed
INFO:root:2021-07-16-10--49--41 Sleep Check Completed
INFO:root:2021-07-16-10--49--41 Frame manipulations completed
INFO:root:2021-07-16-10--49--41 Bounding Box Drawn
INFO:root:2021-07-16-10--49--41 MovingFrameQueue Appended
INFO:root:2021-07-16-10--49--41 anomallyFrameTracker resetted to 200
INFO:root:2021-07-16-10--49--41 anomallyFrameTracker resetted to 200
INFO:root:2021-07-16-10--49--41 anomallyFrameTracker resetted to 200
INFO:root:2021-07-16-10--49--41 Colour Conversion Completed
INFO:root:2021-07-16-10--49--41 Sleep Check Completed
INFO:root:2021-07-16-10--49--41 Frame manipulations completed
INFO:root:2021-07-16-10--49--41 Bounding Box Drawn
INFO:root:2021-07-16-10--49--41 MovingFrameQueue Appended
INFO:root:2021-07-16-10--49--41 anomallyFrameTracker resetted to 200
INFO:root:2021-07-16-10--49--41 anomallyFrameTracker resetted to 200
INFO:root:2021-07-16-10--49--41 anomallyFrameTracker resetted to 200
INFO:root:2021-07-16-10--49--41 Colour Conversion Completed
INFO:root:2021-07-16-10--49--41 Sleep Check Completed
INFO:root:2021-07-16-10--49--41 Frame manipulations completed
INFO:root:2021-07-16-10--49--41 Bounding Box Drawn
INFO:root:2021-07-16-10--49--41 MovingFrameQueue Appended
INFO:root:2021-07-16-10--49--41 anomallyFrameTracker resetted to 200
INFO:root:2021-07-16-10--49--41 anomallyFrameTracker resetted to 200
INFO:root:2021-07-16-10--49--41 anomallyFrameTracker resetted to 200
INFO:root:2021-07-16-10--49--41 Colour Conversion Completed
INFO:root:2021-07-16-10--49--42 Sleep Check Completed
INFO:root:2021-07-16-10--49--42 Frame manipulations completed
INFO:root:2021-07-16-10--49--42 Bounding Box Drawn
INFO:root:2021-07-16-10--49--42 MovingFrameQueue Popped
INFO:root:2021-07-16-10--49--42 anomallyFrameTracker resetted to 200
INFO:root:2021-07-16-10--49--42 anomallyFrameTracker resetted to 200
INFO:root:2021-07-16-10--49--42 anomallyFrameTracker resetted to 200
INFO:root:2021-07-16-10--49--42 Colour Conversion Completed
INFO:root:2021-07-16-10--49--42 Sleep Check Completed
INFO:root:2021-07-16-10--49--42 Frame manipulations completed
INFO:root:2021-07-16-10--49--42 Bounding Box Drawn
INFO:root:2021-07-16-10--49--42 MovingFrameQueue Appended
INFO:root:2021-07-16-10--49--42 anomallyFrameTracker resetted to 200
INFO:root:2021-07-16-10--49--42 anomallyFrameTracker resetted to 200
INFO:root:2021-07-16-10--49--42 anomallyFrameTracker resetted to 200
INFO:root:2021-07-16-10--49--42 Colour Conversion Completed
INFO:root:2021-07-16-10--49--42 Sleep Check Completed
INFO:root:2021-07-16-10--49--42 Frame manipulations completed
INFO:root:2021-07-16-10--49--42 Bounding Box Drawn
INFO:root:2021-07-16-10--49--42 MovingFrameQueue Popped
INFO:root:2021-07-16-10--49--42 anomallyFrameTracker resetted to 200
INFO:root:2021-07-16-10--49--42 anomallyFrameTracker resetted to 200
INFO:root:2021-07-16-10--49--42 anomallyFrameTracker resetted to 200
INFO:root:2021-07-16-10--49--42 Colour Conversion Completed
INFO:root:2021-07-16-10--49--42 Sleep Check Completed
INFO:root:2021-07-16-10--49--42 Frame manipulations completed
INFO:root:2021-07-16-10--49--42 Bounding Box Drawn
INFO:root:2021-07-16-10--49--42 MovingFrameQueue Appended
INFO:root:2021-07-16-10--49--42 anomallyFrameTracker resetted to 200
INFO:root:2021-07-16-10--49--42 anomallyFrameTracker resetted to 200
INFO:root:2021-07-16-10--49--42 anomallyFrameTracker resetted to 200
INFO:root:2021-07-16-10--49--42 Colour Conversion Completed
INFO:root:2021-07-16-10--49--42 Sleep Check Completed
INFO:root:2021-07-16-10--49--42 Frame manipulations completed
INFO:root:2021-07-16-10--49--42 Bounding Box Drawn
INFO:root:2021-07-16-10--49--42 MovingFrameQueue Popped
INFO:root:2021-07-16-10--49--42 anomallyFrameTracker resetted to 200
INFO:root:2021-07-16-10--49--42 anomallyFrameTracker resetted to 200
INFO:root:2021-07-16-10--49--42 anomallyFrameTracker resetted to 200
INFO:root:2021-07-16-10--49--42 Colour Conversion Completed
INFO:root:2021-07-16-10--49--42 Sleep Check Completed
INFO:root:2021-07-16-10--49--42 Frame manipulations completed
INFO:root:2021-07-16-10--49--42 Bounding Box Drawn
INFO:root:2021-07-16-10--49--42 MovingFrameQueue Appended
INFO:root:2021-07-16-10--49--42 anomallyFrameTracker resetted to 200
INFO:root:2021-07-16-10--49--42 anomallyFrameTracker resetted to 200
INFO:root:2021-07-16-10--49--42 anomallyFrameTracker resetted to 200
INFO:root:2021-07-16-10--49--42 Colour Conversion Completed
INFO:root:2021-07-16-10--49--42 Sleep Check Completed
INFO:root:2021-07-16-10--49--42 Frame manipulations completed
INFO:root:2021-07-16-10--49--42 Bounding Box Drawn
INFO:root:2021-07-16-10--49--42 MovingFrameQueue Popped
INFO:root:2021-07-16-10--49--42 anomallyFrameTracker resetted to 200
INFO:root:2021-07-16-10--49--42 anomallyFrameTracker resetted to 200
INFO:root:2021-07-16-10--49--42 anomallyFrameTracker resetted to 200
INFO:root:2021-07-16-10--49--42 Colour Conversion Completed
INFO:root:2021-07-16-10--49--42 Sleep Check Completed
INFO:root:2021-07-16-10--49--42 Frame manipulations completed
INFO:root:2021-07-16-10--49--42 Bounding Box Drawn
INFO:root:2021-07-16-10--49--42 MovingFrameQueue Appended
INFO:root:2021-07-16-10--49--42 anomallyFrameTracker resetted to 200
INFO:root:2021-07-16-10--49--42 anomallyFrameTracker resetted to 200
INFO:root:2021-07-16-10--49--42 anomallyFrameTracker resetted to 200
INFO:root:2021-07-16-10--49--43 Colour Conversion Completed
INFO:root:2021-07-16-10--49--43 Sleep Check Completed
INFO:root:2021-07-16-10--49--43 Frame manipulations completed
INFO:root:2021-07-16-10--49--43 Bounding Box Drawn
INFO:root:2021-07-16-10--49--43 MovingFrameQueue Popped
INFO:root:2021-07-16-10--49--43 anomallyFrameTracker resetted to 200
INFO:root:2021-07-16-10--49--43 anomallyFrameTracker resetted to 200
INFO:root:2021-07-16-10--49--43 anomallyFrameTracker resetted to 200
INFO:root:2021-07-16-10--49--43 Colour Conversion Completed
INFO:root:2021-07-16-10--49--43 Sleep Check Completed
INFO:root:2021-07-16-10--49--43 Frame manipulations completed
INFO:root:2021-07-16-10--49--43 Bounding Box Drawn
INFO:root:2021-07-16-10--49--43 MovingFrameQueue Appended
INFO:root:2021-07-16-10--49--43 anomallyFrameTracker resetted to 200
INFO:root:2021-07-16-10--49--43 anomallyFrameTracker resetted to 200
INFO:root:2021-07-16-10--49--43 anomallyFrameTracker resetted to 200
INFO:root:2021-07-16-10--49--43 Colour Conversion Completed
INFO:root:2021-07-16-10--49--43 Sleep Check Completed
INFO:root:2021-07-16-10--49--43 Frame manipulations completed
INFO:root:2021-07-16-10--49--43 Bounding Box Drawn
INFO:root:2021-07-16-10--49--43 MovingFrameQueue Popped
INFO:root:2021-07-16-10--49--43 anomallyFrameTracker resetted to 200
INFO:root:2021-07-16-10--49--43 anomallyFrameTracker resetted to 200
INFO:root:2021-07-16-10--49--43 anomallyFrameTracker resetted to 200
INFO:root:2021-07-16-10--49--43 Colour Conversion Completed
INFO:root:2021-07-16-10--49--43 Sleep Check Completed
INFO:root:2021-07-16-10--49--43 Frame manipulations completed
INFO:root:2021-07-16-10--49--43 Bounding Box Drawn
INFO:root:2021-07-16-10--49--43 MovingFrameQueue Appended
INFO:root:2021-07-16-10--49--43 anomallyFrameTracker resetted to 200
INFO:root:2021-07-16-10--49--43 anomallyFrameTracker resetted to 200
INFO:root:2021-07-16-10--49--43 anomallyFrameTracker resetted to 200
INFO:root:2021-07-16-10--49--43 Colour Conversion Completed
INFO:root:2021-07-16-10--49--43 Sleep Check Completed
INFO:root:2021-07-16-10--49--43 Frame manipulations completed
INFO:root:2021-07-16-10--49--43 Bounding Box Drawn
INFO:root:2021-07-16-10--49--43 MovingFrameQueue Popped
INFO:root:2021-07-16-10--49--43 anomallyFrameTracker resetted to 200
INFO:root:2021-07-16-10--49--43 anomallyFrameTracker resetted to 200
INFO:root:2021-07-16-10--49--43 anomallyFrameTracker resetted to 200
INFO:root:2021-07-16-10--49--43 Colour Conversion Completed
INFO:root:2021-07-16-10--49--43 Sleep Check Completed
INFO:root:2021-07-16-10--49--43 Frame manipulations completed
INFO:root:2021-07-16-10--49--43 Bounding Box Drawn
INFO:root:2021-07-16-10--49--43 MovingFrameQueue Appended
INFO:root:2021-07-16-10--49--43 anomallyFrameTracker resetted to 200
INFO:root:2021-07-16-10--49--43 anomallyFrameTracker resetted to 200
INFO:root:2021-07-16-10--49--43 anomallyFrameTracker resetted to 200
INFO:root:2021-07-16-10--49--43 Colour Conversion Completed
INFO:root:2021-07-16-10--49--43 Sleep Check Completed
INFO:root:2021-07-16-10--49--43 Frame manipulations completed
INFO:root:2021-07-16-10--49--43 Bounding Box Drawn
INFO:root:2021-07-16-10--49--43 MovingFrameQueue Popped
INFO:root:2021-07-16-10--49--43 anomallyFrameTracker resetted to 200
INFO:root:2021-07-16-10--49--43 anomallyFrameTracker resetted to 200
INFO:root:2021-07-16-10--49--43 anomallyFrameTracker resetted to 200
INFO:root:2021-07-16-10--49--43 Colour Conversion Completed
INFO:root:2021-07-16-10--49--43 Sleep Check Completed
INFO:root:2021-07-16-10--49--43 Frame manipulations completed
INFO:root:2021-07-16-10--49--43 Bounding Box Drawn
INFO:root:2021-07-16-10--49--43 MovingFrameQueue Appended
INFO:root:2021-07-16-10--49--43 anomallyFrameTracker resetted to 200
INFO:root:2021-07-16-10--49--43 anomallyFrameTracker resetted to 200
INFO:root:2021-07-16-10--49--43 anomallyFrameTracker resetted to 200
INFO:root:2021-07-16-10--49--43 Colour Conversion Completed
INFO:root:2021-07-16-10--49--43 Sleep Check Completed
INFO:root:2021-07-16-10--49--43 Frame manipulations completed
INFO:root:2021-07-16-10--49--43 Bounding Box Drawn
INFO:root:2021-07-16-10--49--44 MovingFrameQueue Popped
INFO:root:2021-07-16-10--49--44 anomallyFrameTracker resetted to 200
INFO:root:2021-07-16-10--49--44 anomallyFrameTracker resetted to 200
INFO:root:2021-07-16-10--49--44 anomallyFrameTracker resetted to 200
INFO:root:2021-07-16-10--49--44 Colour Conversion Completed
INFO:root:2021-07-16-10--49--44 Sleep Check Completed
INFO:root:2021-07-16-10--49--44 Frame manipulations completed
INFO:root:2021-07-16-10--49--44 Bounding Box Drawn
INFO:root:2021-07-16-10--49--44 MovingFrameQueue Appended
INFO:root:2021-07-16-10--49--44 anomallyFrameTracker resetted to 200
INFO:root:2021-07-16-10--49--44 anomallyFrameTracker resetted to 200
INFO:root:2021-07-16-10--49--44 anomallyFrameTracker resetted to 200
INFO:root:2021-07-16-10--49--44 Colour Conversion Completed
INFO:root:2021-07-16-10--49--44 Sleep Check Completed
INFO:root:2021-07-16-10--49--44 Frame manipulations completed
INFO:root:2021-07-16-10--49--44 Bounding Box Drawn
INFO:root:2021-07-16-10--49--44 MovingFrameQueue Popped
INFO:root:2021-07-16-10--49--44 anomallyFrameTracker resetted to 200
INFO:root:2021-07-16-10--49--44 anomallyFrameTracker resetted to 200
INFO:root:2021-07-16-10--49--44 anomallyFrameTracker resetted to 200
INFO:root:2021-07-16-10--49--44 Colour Conversion Completed
INFO:root:2021-07-16-10--49--44 Sleep Check Completed
INFO:root:2021-07-16-10--49--44 Frame manipulations completed
INFO:root:2021-07-16-10--49--44 Bounding Box Drawn
INFO:root:2021-07-16-10--49--44 MovingFrameQueue Appended
INFO:root:2021-07-16-10--49--44 anomallyFrameTracker resetted to 200
INFO:root:2021-07-16-10--49--44 anomallyFrameTracker resetted to 200
INFO:root:2021-07-16-10--49--44 anomallyFrameTracker resetted to 200
INFO:root:2021-07-16-10--49--44 Colour Conversion Completed
INFO:root:2021-07-16-10--49--44 Sleep Check Completed
INFO:root:2021-07-16-10--49--44 Frame manipulations completed
INFO:root:2021-07-16-10--49--44 Bounding Box Drawn
INFO:root:2021-07-16-10--49--44 MovingFrameQueue Popped
INFO:root:2021-07-16-10--49--44 anomallyFrameTracker resetted to 200
INFO:root:2021-07-16-10--49--44 anomallyFrameTracker resetted to 200
INFO:root:2021-07-16-10--49--44 anomallyFrameTracker resetted to 200
INFO:root:2021-07-16-10--49--44 Colour Conversion Completed
INFO:root:2021-07-16-10--49--44 Sleep Check Completed
INFO:root:2021-07-16-10--49--44 Frame manipulations completed
INFO:root:2021-07-16-10--49--44 Bounding Box Drawn
INFO:root:2021-07-16-10--49--44 MovingFrameQueue Appended
INFO:root:2021-07-16-10--49--44 anomallyFrameTracker resetted to 200
INFO:root:2021-07-16-10--49--44 anomallyFrameTracker resetted to 200
INFO:root:2021-07-16-10--49--44 anomallyFrameTracker resetted to 200
INFO:root:2021-07-16-10--49--44 Colour Conversion Completed
INFO:root:2021-07-16-10--49--44 Sleep Check Completed
INFO:root:2021-07-16-10--49--44 Frame manipulations completed
INFO:root:2021-07-16-10--49--44 Bounding Box Drawn
INFO:root:2021-07-16-10--49--44 MovingFrameQueue Popped
INFO:root:2021-07-16-10--49--44 anomallyFrameTracker resetted to 200
INFO:root:2021-07-16-10--49--44 anomallyFrameTracker resetted to 200
INFO:root:2021-07-16-10--49--44 anomallyFrameTracker resetted to 200
INFO:root:2021-07-16-10--49--44 Colour Conversion Completed
INFO:root:2021-07-16-10--49--44 Sleep Check Completed
INFO:root:2021-07-16-10--49--44 Frame manipulations completed
INFO:root:2021-07-16-10--49--44 Bounding Box Drawn
INFO:root:2021-07-16-10--49--44 MovingFrameQueue Appended
INFO:root:2021-07-16-10--49--44 anomallyFrameTracker resetted to 200
INFO:root:2021-07-16-10--49--44 anomallyFrameTracker resetted to 200
INFO:root:2021-07-16-10--49--44 anomallyFrameTracker resetted to 200
INFO:root:2021-07-16-10--49--44 Colour Conversion Completed
INFO:root:2021-07-16-10--49--44 Sleep Check Completed
INFO:root:2021-07-16-10--49--44 Frame manipulations completed
INFO:root:2021-07-16-10--49--44 Bounding Box Drawn
INFO:root:2021-07-16-10--49--44 MovingFrameQueue Popped
INFO:root:2021-07-16-10--49--44 anomallyFrameTracker resetted to 200
INFO:root:2021-07-16-10--49--44 anomallyFrameTracker resetted to 200
INFO:root:2021-07-16-10--49--44 anomallyFrameTracker resetted to 200
INFO:root:2021-07-16-10--49--45 Colour Conversion Completed
INFO:root:2021-07-16-10--49--45 Sleep Check Completed
INFO:root:2021-07-16-10--49--45 Frame manipulations completed
INFO:root:2021-07-16-10--49--45 Bounding Box Drawn
INFO:root:2021-07-16-10--49--45 MovingFrameQueue Appended
INFO:root:2021-07-16-10--49--45 Anomally Detected, starting call for more frames
INFO:root:2021-07-16-10--49--45 anomallyFrameTracker resetted to 200
INFO:root:2021-07-16-10--49--45 anomallyFrameTracker resetted to 200
INFO:root:2021-07-16-10--49--45 anomallyFrameTracker resetted to 200
INFO:root:2021-07-16-10--49--45 Colour Conversion Completed
INFO:root:2021-07-16-10--49--45 Sleep Check Completed
INFO:root:2021-07-16-10--49--45 Frame manipulations completed
INFO:root:2021-07-16-10--49--45 Bounding Box Drawn
INFO:root:2021-07-16-10--49--45 MovingFrameQueue Popped
INFO:root:2021-07-16-10--49--45 anomallyFrameTracker resetted to 200
INFO:root:2021-07-16-10--49--45 anomallyFrameTracker resetted to 200
INFO:root:2021-07-16-10--49--45 anomallyFrameTracker resetted to 200
INFO:root:2021-07-16-10--49--45 Colour Conversion Completed
INFO:root:2021-07-16-10--49--45 Sleep Check Completed
INFO:root:2021-07-16-10--49--45 Frame manipulations completed
INFO:root:2021-07-16-10--49--45 Bounding Box Drawn
INFO:root:2021-07-16-10--49--45 MovingFrameQueue Appended
INFO:root:2021-07-16-10--49--45 anomallyFrameTracker resetted to 200
INFO:root:2021-07-16-10--49--45 anomallyFrameTracker resetted to 200
INFO:root:2021-07-16-10--49--45 anomallyFrameTracker resetted to 200
INFO:root:2021-07-16-10--49--45 Colour Conversion Completed
INFO:root:2021-07-16-10--49--45 Sleep Check Completed
INFO:root:2021-07-16-10--49--45 Frame manipulations completed
INFO:root:2021-07-16-10--49--45 Bounding Box Drawn
INFO:root:2021-07-16-10--49--45 MovingFrameQueue Popped
INFO:root:2021-07-16-10--49--45 anomallyFrameTracker resetted to 200
INFO:root:2021-07-16-10--49--45 anomallyFrameTracker resetted to 200
INFO:root:2021-07-16-10--49--45 anomallyFrameTracker resetted to 200
INFO:root:2021-07-16-10--49--45 Colour Conversion Completed
INFO:root:2021-07-16-10--49--45 Sleep Check Completed
INFO:root:2021-07-16-10--49--45 Frame manipulations completed
INFO:root:2021-07-16-10--49--45 Bounding Box Drawn
INFO:root:2021-07-16-10--49--45 MovingFrameQueue Appended
INFO:root:2021-07-16-10--49--45 anomallyFrameTracker resetted to 200
INFO:root:2021-07-16-10--49--45 anomallyFrameTracker resetted to 200
INFO:root:2021-07-16-10--49--45 anomallyFrameTracker resetted to 200
INFO:root:2021-07-16-10--49--45 Colour Conversion Completed
INFO:root:2021-07-16-10--49--45 Sleep Check Completed
INFO:root:2021-07-16-10--49--45 Frame manipulations completed
INFO:root:2021-07-16-10--49--45 Bounding Box Drawn
INFO:root:2021-07-16-10--49--45 MovingFrameQueue Popped
INFO:root:2021-07-16-10--49--45 Anomally Detected, starting call for more frames
INFO:root:2021-07-16-10--49--45 anomallyFrameTracker resetted to 200
INFO:root:2021-07-16-10--49--45 anomallyFrameTracker resetted to 200
INFO:root:2021-07-16-10--49--45 anomallyFrameTracker resetted to 200
INFO:root:2021-07-16-10--49--45 Colour Conversion Completed
INFO:root:2021-07-16-10--49--45 Sleep Check Completed
INFO:root:2021-07-16-10--49--45 Frame manipulations completed
INFO:root:2021-07-16-10--49--45 Bounding Box Drawn
INFO:root:2021-07-16-10--49--45 MovingFrameQueue Appended
INFO:root:2021-07-16-10--49--45 Anomally Detected, starting call for more frames
INFO:root:2021-07-16-10--49--45 anomallyFrameTracker resetted to 200
INFO:root:2021-07-16-10--49--45 anomallyFrameTracker resetted to 200
INFO:root:2021-07-16-10--49--45 anomallyFrameTracker resetted to 200
INFO:root:2021-07-16-10--49--45 Colour Conversion Completed
INFO:root:2021-07-16-10--49--45 Sleep Check Completed
INFO:root:2021-07-16-10--49--45 Frame manipulations completed
INFO:root:2021-07-16-10--49--45 Bounding Box Drawn
INFO:root:2021-07-16-10--49--45 MovingFrameQueue Popped
INFO:root:2021-07-16-10--49--45 Anomally Detected, starting call for more frames
INFO:root:2021-07-16-10--49--45 anomallyFrameTracker resetted to 200
INFO:root:2021-07-16-10--49--45 anomallyFrameTracker resetted to 200
INFO:root:2021-07-16-10--49--45 anomallyFrameTracker resetted to 200
INFO:root:2021-07-16-10--49--45 Colour Conversion Completed
INFO:root:2021-07-16-10--49--45 Sleep Check Completed
INFO:root:2021-07-16-10--49--45 Frame manipulations completed
INFO:root:2021-07-16-10--49--45 Bounding Box Drawn
INFO:root:2021-07-16-10--49--45 MovingFrameQueue Appended
INFO:root:2021-07-16-10--49--45 Anomally Detected, starting call for more frames
INFO:root:2021-07-16-10--49--45 anomallyFrameTracker resetted to 200
INFO:root:2021-07-16-10--49--45 anomallyFrameTracker resetted to 200
INFO:root:2021-07-16-10--49--45 anomallyFrameTracker resetted to 200
INFO:root:2021-07-16-10--49--46 Colour Conversion Completed
INFO:root:2021-07-16-10--49--46 Sleep Check Completed
INFO:root:2021-07-16-10--49--46 Frame manipulations completed
INFO:root:2021-07-16-10--49--46 Bounding Box Drawn
INFO:root:2021-07-16-10--49--46 MovingFrameQueue Popped
INFO:root:2021-07-16-10--49--46 Anomally Detected, starting call for more frames
INFO:root:2021-07-16-10--49--46 anomallyFrameTracker resetted to 200
INFO:root:2021-07-16-10--49--46 anomallyFrameTracker resetted to 200
INFO:root:2021-07-16-10--49--46 anomallyFrameTracker resetted to 200
INFO:root:2021-07-16-10--49--46 Colour Conversion Completed
INFO:root:2021-07-16-10--49--46 Sleep Check Completed
INFO:root:2021-07-16-10--49--46 Frame manipulations completed
INFO:root:2021-07-16-10--49--46 Bounding Box Drawn
INFO:root:2021-07-16-10--49--46 MovingFrameQueue Appended
INFO:root:2021-07-16-10--49--46 Anomally Detected, starting call for more frames
INFO:root:2021-07-16-10--49--46 anomallyFrameTracker resetted to 200
INFO:root:2021-07-16-10--49--46 anomallyFrameTracker resetted to 200
INFO:root:2021-07-16-10--49--46 anomallyFrameTracker resetted to 200
INFO:root:2021-07-16-10--49--46 Colour Conversion Completed
INFO:root:2021-07-16-10--49--46 Sleep Check Completed
INFO:root:2021-07-16-10--49--46 Frame manipulations completed
INFO:root:2021-07-16-10--49--46 Bounding Box Drawn
INFO:root:2021-07-16-10--49--46 MovingFrameQueue Popped
INFO:root:2021-07-16-10--49--46 anomallyFrameTracker resetted to 200
INFO:root:2021-07-16-10--49--46 anomallyFrameTracker resetted to 200
INFO:root:2021-07-16-10--49--46 anomallyFrameTracker resetted to 200
INFO:root:2021-07-16-10--49--46 Colour Conversion Completed
INFO:root:2021-07-16-10--49--46 Sleep Check Completed
INFO:root:2021-07-16-10--49--46 Frame manipulations completed
INFO:root:2021-07-16-10--49--46 Bounding Box Drawn
INFO:root:2021-07-16-10--49--46 MovingFrameQueue Appended
INFO:root:2021-07-16-10--49--46 anomallyFrameTracker resetted to 200
INFO:root:2021-07-16-10--49--46 anomallyFrameTracker resetted to 200
INFO:root:2021-07-16-10--49--46 anomallyFrameTracker resetted to 200
INFO:root:2021-07-16-10--49--46 Colour Conversion Completed
INFO:root:2021-07-16-10--49--46 Sleep Check Completed
INFO:root:2021-07-16-10--49--46 Frame manipulations completed
INFO:root:2021-07-16-10--49--46 Bounding Box Drawn
INFO:root:2021-07-16-10--49--46 MovingFrameQueue Popped
INFO:root:2021-07-16-10--49--46 anomallyFrameTracker resetted to 200
INFO:root:2021-07-16-10--49--46 anomallyFrameTracker resetted to 200
INFO:root:2021-07-16-10--49--46 anomallyFrameTracker resetted to 200
INFO:root:2021-07-16-10--49--46 Colour Conversion Completed
INFO:root:2021-07-16-10--49--46 Sleep Check Completed
INFO:root:2021-07-16-10--49--46 Frame manipulations completed
INFO:root:2021-07-16-10--49--46 Bounding Box Drawn
INFO:root:2021-07-16-10--49--46 MovingFrameQueue Appended
INFO:root:2021-07-16-10--49--46 anomallyFrameTracker resetted to 200
INFO:root:2021-07-16-10--49--46 anomallyFrameTracker resetted to 200
INFO:root:2021-07-16-10--49--46 anomallyFrameTracker resetted to 200
INFO:root:2021-07-16-10--49--46 Colour Conversion Completed
INFO:root:2021-07-16-10--49--46 Sleep Check Completed
INFO:root:2021-07-16-10--49--46 Frame manipulations completed
INFO:root:2021-07-16-10--49--46 Bounding Box Drawn
INFO:root:2021-07-16-10--49--46 MovingFrameQueue Popped
INFO:root:2021-07-16-10--49--46 anomallyFrameTracker resetted to 200
INFO:root:2021-07-16-10--49--46 anomallyFrameTracker resetted to 200
INFO:root:2021-07-16-10--49--46 anomallyFrameTracker resetted to 200
INFO:root:2021-07-16-10--49--46 Colour Conversion Completed
INFO:root:2021-07-16-10--49--47 Sleep Check Completed
INFO:root:2021-07-16-10--49--47 Frame manipulations completed
INFO:root:2021-07-16-10--49--47 Bounding Box Drawn
INFO:root:2021-07-16-10--49--47 MovingFrameQueue Appended
INFO:root:2021-07-16-10--49--47 Anomally Detected, starting call for more frames
INFO:root:2021-07-16-10--49--47 anomallyFrameTracker resetted to 200
INFO:root:2021-07-16-10--49--47 anomallyFrameTracker resetted to 200
INFO:root:2021-07-16-10--49--47 anomallyFrameTracker resetted to 200
INFO:root:2021-07-16-10--49--47 Colour Conversion Completed
INFO:root:2021-07-16-10--49--47 Sleep Check Completed
INFO:root:2021-07-16-10--49--47 Frame manipulations completed
INFO:root:2021-07-16-10--49--47 Bounding Box Drawn
INFO:root:2021-07-16-10--49--47 MovingFrameQueue Popped
INFO:root:2021-07-16-10--49--47 Anomally Detected, starting call for more frames
INFO:root:2021-07-16-10--49--47 Anomally Detected, starting call for more frames
INFO:root:2021-07-16-10--49--47 anomallyFrameTracker resetted to 200
INFO:root:2021-07-16-10--49--47 anomallyFrameTracker resetted to 200
INFO:root:2021-07-16-10--49--47 anomallyFrameTracker resetted to 200
INFO:root:2021-07-16-10--49--47 Colour Conversion Completed
INFO:root:2021-07-16-10--49--47 Sleep Check Completed
INFO:root:2021-07-16-10--49--47 Frame manipulations completed
INFO:root:2021-07-16-10--49--47 Bounding Box Drawn
INFO:root:2021-07-16-10--49--47 MovingFrameQueue Appended
INFO:root:2021-07-16-10--49--47 Anomally Detected, starting call for more frames
INFO:root:2021-07-16-10--49--47 anomallyFrameTracker resetted to 200
INFO:root:2021-07-16-10--49--47 anomallyFrameTracker resetted to 200
INFO:root:2021-07-16-10--49--47 anomallyFrameTracker resetted to 200
INFO:root:2021-07-16-10--49--47 Colour Conversion Completed
INFO:root:2021-07-16-10--49--47 Sleep Check Completed
INFO:root:2021-07-16-10--49--47 Frame manipulations completed
INFO:root:2021-07-16-10--49--47 Bounding Box Drawn
INFO:root:2021-07-16-10--49--47 MovingFrameQueue Popped
INFO:root:2021-07-16-10--49--47 Anomally Detected, starting call for more frames
INFO:root:2021-07-16-10--49--47 anomallyFrameTracker resetted to 200
INFO:root:2021-07-16-10--49--47 anomallyFrameTracker resetted to 200
INFO:root:2021-07-16-10--49--47 anomallyFrameTracker resetted to 200
INFO:root:2021-07-16-10--49--47 Colour Conversion Completed
INFO:root:2021-07-16-10--49--47 Sleep Check Completed
INFO:root:2021-07-16-10--49--47 Frame manipulations completed
INFO:root:2021-07-16-10--49--47 Bounding Box Drawn
INFO:root:2021-07-16-10--49--47 MovingFrameQueue Appended
INFO:root:2021-07-16-10--49--47 Anomally Detected, starting call for more frames
INFO:root:2021-07-16-10--49--47 anomallyFrameTracker resetted to 200
INFO:root:2021-07-16-10--49--47 anomallyFrameTracker resetted to 200
INFO:root:2021-07-16-10--49--47 anomallyFrameTracker resetted to 200
INFO:root:2021-07-16-10--49--47 Colour Conversion Completed
INFO:root:2021-07-16-10--49--47 Sleep Check Completed
INFO:root:2021-07-16-10--49--47 Frame manipulations completed
INFO:root:2021-07-16-10--49--47 Bounding Box Drawn
INFO:root:2021-07-16-10--49--47 MovingFrameQueue Popped
INFO:root:2021-07-16-10--49--47 Anomally Detected, starting call for more frames
INFO:root:2021-07-16-10--49--47 anomallyFrameTracker resetted to 200
INFO:root:2021-07-16-10--49--47 anomallyFrameTracker resetted to 200
INFO:root:2021-07-16-10--49--47 anomallyFrameTracker resetted to 200
INFO:root:2021-07-16-10--49--47 Colour Conversion Completed
INFO:root:2021-07-16-10--49--47 Sleep Check Completed
INFO:root:2021-07-16-10--49--47 Frame manipulations completed
INFO:root:2021-07-16-10--49--47 Bounding Box Drawn
INFO:root:2021-07-16-10--49--47 MovingFrameQueue Appended
INFO:root:2021-07-16-10--49--47 Anomally Detected, starting call for more frames
INFO:root:2021-07-16-10--49--47 anomallyFrameTracker resetted to 200
INFO:root:2021-07-16-10--49--47 anomallyFrameTracker resetted to 200
INFO:root:2021-07-16-10--49--47 anomallyFrameTracker resetted to 200
INFO:root:2021-07-16-10--49--47 Colour Conversion Completed
INFO:root:2021-07-16-10--49--48 Sleep Check Completed
INFO:root:2021-07-16-10--49--48 Frame manipulations completed
INFO:root:2021-07-16-10--49--48 Bounding Box Drawn
INFO:root:2021-07-16-10--49--48[INFO] elapsed time: 12.57
INFO:root:2021-07-16-10--49--48[INFO] approx. FPS: 7.87
