INFO:root:2021-07-16-15--50--59 Parameter Generation Success
INFO:root:2021-07-16-15--50--59 Colour Conversion Completed
INFO:root:2021-07-16-15--50--59 Sleep Check Completed
INFO:root:2021-07-16-15--50--59 Frame manipulations completed
INFO:root:2021-07-16-15--50--59 Bounding Box Drawn
INFO:root:2021-07-16-15--51--04 MovingFrameQueue Appended
INFO:root:2021-07-16-15--51--04 anomallyFrameTracker resetted to 200
INFO:root:2021-07-16-15--51--04 Colour Conversion Completed
INFO:root:2021-07-16-15--51--04 Sleep Check Completed
INFO:root:2021-07-16-15--51--04 Frame manipulations completed
INFO:root:2021-07-16-15--51--04 Bounding Box Drawn
INFO:root:2021-07-16-15--51--04 MovingFrameQueue Appended
INFO:root:2021-07-16-15--51--04 anomallyFrameTracker resetted to 200
INFO:root:2021-07-16-15--51--04 Colour Conversion Completed
INFO:root:2021-07-16-15--51--04 Sleep Check Completed
INFO:root:2021-07-16-15--51--04 Frame manipulations completed
INFO:root:2021-07-16-15--51--04 Bounding Box Drawn
INFO:root:2021-07-16-15--51--04 MovingFrameQueue Appended
INFO:root:2021-07-16-15--51--04 anomallyFrameTracker resetted to 200
INFO:root:2021-07-16-15--51--04 Colour Conversion Completed
INFO:root:2021-07-16-15--51--04 Sleep Check Completed
INFO:root:2021-07-16-15--51--04 Frame manipulations completed
INFO:root:2021-07-16-15--51--04 Bounding Box Drawn
INFO:root:2021-07-16-15--51--04 MovingFrameQueue Appended
INFO:root:2021-07-16-15--51--04 anomallyFrameTracker resetted to 200
INFO:root:2021-07-16-15--51--04 Colour Conversion Completed
ERROR:root:2021-07-16-15--51--04 Sleep Check Failed
INFO:root:2021-07-16-15--51--04 Frame manipulations completed
INFO:root:2021-07-16-15--51--04 Bounding Box Drawn
INFO:root:2021-07-16-15--51--04 MovingFrameQueue Appended
INFO:root:2021-07-16-15--51--04 anomallyFrameTracker resetted to 200
INFO:root:2021-07-16-15--51--04 Colour Conversion Completed
INFO:root:2021-07-16-15--51--04 Sleep Check Completed
INFO:root:2021-07-16-15--51--04 Frame manipulations completed
INFO:root:2021-07-16-15--51--04 Bounding Box Drawn
INFO:root:2021-07-16-15--51--05 MovingFrameQueue Appended
INFO:root:2021-07-16-15--51--05 anomallyFrameTracker resetted to 200
INFO:root:2021-07-16-15--51--05 Colour Conversion Completed
INFO:root:2021-07-16-15--51--05 Sleep Check Completed
INFO:root:2021-07-16-15--51--05 Frame manipulations completed
INFO:root:2021-07-16-15--51--05 Bounding Box Drawn
INFO:root:2021-07-16-15--51--05 MovingFrameQueue Appended
INFO:root:2021-07-16-15--51--05 anomallyFrameTracker resetted to 200
INFO:root:2021-07-16-15--51--05 Colour Conversion Completed
INFO:root:2021-07-16-15--51--05 Sleep Check Completed
INFO:root:2021-07-16-15--51--05 Frame manipulations completed
INFO:root:2021-07-16-15--51--05 Bounding Box Drawn
INFO:root:2021-07-16-15--51--05 MovingFrameQueue Appended
INFO:root:2021-07-16-15--51--05 anomallyFrameTracker resetted to 200
INFO:root:2021-07-16-15--51--05 Colour Conversion Completed
INFO:root:2021-07-16-15--51--05 Sleep Check Completed
INFO:root:2021-07-16-15--51--05 Frame manipulations completed
INFO:root:2021-07-16-15--51--05 Bounding Box Drawn
INFO:root:2021-07-16-15--51--05 MovingFrameQueue Appended
INFO:root:2021-07-16-15--51--05 anomallyFrameTracker resetted to 200
INFO:root:2021-07-16-15--51--05 Colour Conversion Completed
INFO:root:2021-07-16-15--51--05 Sleep Check Completed
INFO:root:2021-07-16-15--51--05 Frame manipulations completed
INFO:root:2021-07-16-15--51--05 Bounding Box Drawn
INFO:root:2021-07-16-15--51--05 MovingFrameQueue Appended
INFO:root:2021-07-16-15--51--05 anomallyFrameTracker resetted to 200
INFO:root:2021-07-16-15--51--05 Colour Conversion Completed
INFO:root:2021-07-16-15--51--05 Sleep Check Completed
INFO:root:2021-07-16-15--51--05 Frame manipulations completed
INFO:root:2021-07-16-15--51--05 Bounding Box Drawn
INFO:root:2021-07-16-15--51--05 MovingFrameQueue Appended
INFO:root:2021-07-16-15--51--05 anomallyFrameTracker resetted to 200
INFO:root:2021-07-16-15--51--05 Colour Conversion Completed
INFO:root:2021-07-16-15--51--05 Sleep Check Completed
INFO:root:2021-07-16-15--51--05 Frame manipulations completed
INFO:root:2021-07-16-15--51--05 Bounding Box Drawn
INFO:root:2021-07-16-15--51--05 MovingFrameQueue Appended
INFO:root:2021-07-16-15--51--05 anomallyFrameTracker resetted to 200
INFO:root:2021-07-16-15--51--05 Colour Conversion Completed
INFO:root:2021-07-16-15--51--05 Sleep Check Completed
INFO:root:2021-07-16-15--51--05 Frame manipulations completed
INFO:root:2021-07-16-15--51--05 Bounding Box Drawn
INFO:root:2021-07-16-15--51--06 MovingFrameQueue Appended
INFO:root:2021-07-16-15--51--06 anomallyFrameTracker resetted to 200
INFO:root:2021-07-16-15--51--06 Colour Conversion Completed
INFO:root:2021-07-16-15--51--06 Sleep Check Completed
INFO:root:2021-07-16-15--51--06 Frame manipulations completed
INFO:root:2021-07-16-15--51--06 Bounding Box Drawn
INFO:root:2021-07-16-15--51--06 MovingFrameQueue Appended
INFO:root:2021-07-16-15--51--06 anomallyFrameTracker resetted to 200
INFO:root:2021-07-16-15--51--06 Colour Conversion Completed
INFO:root:2021-07-16-15--51--06 Sleep Check Completed
INFO:root:2021-07-16-15--51--06 Frame manipulations completed
INFO:root:2021-07-16-15--51--06 Bounding Box Drawn
INFO:root:2021-07-16-15--51--06 MovingFrameQueue Appended
INFO:root:2021-07-16-15--51--06 anomallyFrameTracker resetted to 200
INFO:root:2021-07-16-15--51--06 Colour Conversion Completed
INFO:root:2021-07-16-15--51--06 Sleep Check Completed
INFO:root:2021-07-16-15--51--06 Frame manipulations completed
INFO:root:2021-07-16-15--51--06 Bounding Box Drawn
INFO:root:2021-07-16-15--51--06 MovingFrameQueue Appended
INFO:root:2021-07-16-15--51--06 anomallyFrameTracker resetted to 200
INFO:root:2021-07-16-15--51--06 Colour Conversion Completed
INFO:root:2021-07-16-15--51--06 Sleep Check Completed
INFO:root:2021-07-16-15--51--06 Frame manipulations completed
INFO:root:2021-07-16-15--51--06 Bounding Box Drawn
INFO:root:2021-07-16-15--51--06 MovingFrameQueue Appended
INFO:root:2021-07-16-15--51--06 anomallyFrameTracker resetted to 200
INFO:root:2021-07-16-15--51--06 Colour Conversion Completed
INFO:root:2021-07-16-15--51--06 Sleep Check Completed
INFO:root:2021-07-16-15--51--06 Frame manipulations completed
INFO:root:2021-07-16-15--51--06 Bounding Box Drawn
INFO:root:2021-07-16-15--51--06 MovingFrameQueue Appended
INFO:root:2021-07-16-15--51--06 anomallyFrameTracker resetted to 200
INFO:root:2021-07-16-15--51--06 Colour Conversion Completed
INFO:root:2021-07-16-15--51--06 Sleep Check Completed
INFO:root:2021-07-16-15--51--06 Frame manipulations completed
INFO:root:2021-07-16-15--51--06 Bounding Box Drawn
INFO:root:2021-07-16-15--51--06 MovingFrameQueue Appended
INFO:root:2021-07-16-15--51--06 anomallyFrameTracker resetted to 200
INFO:root:2021-07-16-15--51--06 Colour Conversion Completed
INFO:root:2021-07-16-15--51--06 Sleep Check Completed
INFO:root:2021-07-16-15--51--06 Frame manipulations completed
INFO:root:2021-07-16-15--51--06 Bounding Box Drawn
INFO:root:2021-07-16-15--51--06 MovingFrameQueue Appended
INFO:root:2021-07-16-15--51--06 anomallyFrameTracker resetted to 200
INFO:root:2021-07-16-15--51--06 Colour Conversion Completed
INFO:root:2021-07-16-15--51--06 Sleep Check Completed
INFO:root:2021-07-16-15--51--06 Frame manipulations completed
INFO:root:2021-07-16-15--51--06 Bounding Box Drawn
INFO:root:2021-07-16-15--51--06 MovingFrameQueue Appended
INFO:root:2021-07-16-15--51--06 anomallyFrameTracker resetted to 200
INFO:root:2021-07-16-15--51--06 Colour Conversion Completed
INFO:root:2021-07-16-15--51--06 Sleep Check Completed
INFO:root:2021-07-16-15--51--06 Frame manipulations completed
INFO:root:2021-07-16-15--51--06 Bounding Box Drawn
INFO:root:2021-07-16-15--51--06 MovingFrameQueue Appended
INFO:root:2021-07-16-15--51--06 anomallyFrameTracker resetted to 200
INFO:root:2021-07-16-15--51--06 Colour Conversion Completed
INFO:root:2021-07-16-15--51--06 Sleep Check Completed
INFO:root:2021-07-16-15--51--06 Frame manipulations completed
INFO:root:2021-07-16-15--51--06 Bounding Box Drawn
INFO:root:2021-07-16-15--51--07 MovingFrameQueue Appended
INFO:root:2021-07-16-15--51--07 anomallyFrameTracker resetted to 200
INFO:root:2021-07-16-15--51--07 Colour Conversion Completed
INFO:root:2021-07-16-15--51--07 Sleep Check Completed
INFO:root:2021-07-16-15--51--07 Frame manipulations completed
INFO:root:2021-07-16-15--51--07 Bounding Box Drawn
INFO:root:2021-07-16-15--51--07 MovingFrameQueue Appended
INFO:root:2021-07-16-15--51--07 anomallyFrameTracker resetted to 200
INFO:root:2021-07-16-15--51--07 Colour Conversion Completed
INFO:root:2021-07-16-15--51--07 Sleep Check Completed
INFO:root:2021-07-16-15--51--07 Frame manipulations completed
INFO:root:2021-07-16-15--51--07 Bounding Box Drawn
INFO:root:2021-07-16-15--51--07 MovingFrameQueue Appended
INFO:root:2021-07-16-15--51--07 anomallyFrameTracker resetted to 200
INFO:root:2021-07-16-15--51--07 Colour Conversion Completed
INFO:root:2021-07-16-15--51--07 Sleep Check Completed
INFO:root:2021-07-16-15--51--07 Frame manipulations completed
INFO:root:2021-07-16-15--51--07 Bounding Box Drawn
INFO:root:2021-07-16-15--51--07 MovingFrameQueue Appended
INFO:root:2021-07-16-15--51--07 anomallyFrameTracker resetted to 200
INFO:root:2021-07-16-15--51--07 Colour Conversion Completed
INFO:root:2021-07-16-15--51--07 Sleep Check Completed
INFO:root:2021-07-16-15--51--07 Frame manipulations completed
INFO:root:2021-07-16-15--51--07 Bounding Box Drawn
INFO:root:2021-07-16-15--51--07 MovingFrameQueue Appended
INFO:root:2021-07-16-15--51--07 anomallyFrameTracker resetted to 200
INFO:root:2021-07-16-15--51--07 Colour Conversion Completed
INFO:root:2021-07-16-15--51--07 Sleep Check Completed
INFO:root:2021-07-16-15--51--07 Frame manipulations completed
INFO:root:2021-07-16-15--51--07 Bounding Box Drawn
INFO:root:2021-07-16-15--51--07 MovingFrameQueue Appended
INFO:root:2021-07-16-15--51--07 anomallyFrameTracker resetted to 200
INFO:root:2021-07-16-15--51--07 Colour Conversion Completed
INFO:root:2021-07-16-15--51--07 Sleep Check Completed
INFO:root:2021-07-16-15--51--07 Frame manipulations completed
INFO:root:2021-07-16-15--51--07 Bounding Box Drawn
INFO:root:2021-07-16-15--51--07 MovingFrameQueue Appended
INFO:root:2021-07-16-15--51--07 anomallyFrameTracker resetted to 200
INFO:root:2021-07-16-15--51--07 Colour Conversion Completed
INFO:root:2021-07-16-15--51--07 Sleep Check Completed
INFO:root:2021-07-16-15--51--07 Frame manipulations completed
INFO:root:2021-07-16-15--51--07 Bounding Box Drawn
INFO:root:2021-07-16-15--51--07 MovingFrameQueue Appended
INFO:root:2021-07-16-15--51--07 anomallyFrameTracker resetted to 200
INFO:root:2021-07-16-15--51--07 Colour Conversion Completed
INFO:root:2021-07-16-15--51--07 Sleep Check Completed
INFO:root:2021-07-16-15--51--07 Frame manipulations completed
INFO:root:2021-07-16-15--51--07 Bounding Box Drawn
INFO:root:2021-07-16-15--51--07 MovingFrameQueue Appended
INFO:root:2021-07-16-15--51--07 anomallyFrameTracker resetted to 200
INFO:root:2021-07-16-15--51--07 Colour Conversion Completed
INFO:root:2021-07-16-15--51--07 Sleep Check Completed
INFO:root:2021-07-16-15--51--07 Frame manipulations completed
INFO:root:2021-07-16-15--51--07 Bounding Box Drawn
INFO:root:2021-07-16-15--51--08 MovingFrameQueue Appended
INFO:root:2021-07-16-15--51--08 anomallyFrameTracker resetted to 200
INFO:root:2021-07-16-15--51--08 Colour Conversion Completed
INFO:root:2021-07-16-15--51--08 Sleep Check Completed
INFO:root:2021-07-16-15--51--08 Frame manipulations completed
INFO:root:2021-07-16-15--51--08 Bounding Box Drawn
INFO:root:2021-07-16-15--51--08 MovingFrameQueue Appended
INFO:root:2021-07-16-15--51--08 anomallyFrameTracker resetted to 200
INFO:root:2021-07-16-15--51--08 Colour Conversion Completed
INFO:root:2021-07-16-15--51--08 Sleep Check Completed
INFO:root:2021-07-16-15--51--08 Frame manipulations completed
INFO:root:2021-07-16-15--51--08 Bounding Box Drawn
INFO:root:2021-07-16-15--51--08 MovingFrameQueue Appended
INFO:root:2021-07-16-15--51--08 anomallyFrameTracker resetted to 200
INFO:root:2021-07-16-15--51--08 Colour Conversion Completed
INFO:root:2021-07-16-15--51--08 Sleep Check Completed
INFO:root:2021-07-16-15--51--08 Frame manipulations completed
INFO:root:2021-07-16-15--51--08 Bounding Box Drawn
INFO:root:2021-07-16-15--51--08 MovingFrameQueue Appended
INFO:root:2021-07-16-15--51--08 anomallyFrameTracker resetted to 200
INFO:root:2021-07-16-15--51--08 Colour Conversion Completed
INFO:root:2021-07-16-15--51--08 Sleep Check Completed
INFO:root:2021-07-16-15--51--08 Frame manipulations completed
INFO:root:2021-07-16-15--51--08 Bounding Box Drawn
INFO:root:2021-07-16-15--51--08 MovingFrameQueue Appended
INFO:root:2021-07-16-15--51--08 anomallyFrameTracker resetted to 200
INFO:root:2021-07-16-15--51--08 Colour Conversion Completed
INFO:root:2021-07-16-15--51--08 Sleep Check Completed
INFO:root:2021-07-16-15--51--08 Frame manipulations completed
INFO:root:2021-07-16-15--51--08 Bounding Box Drawn
INFO:root:2021-07-16-15--51--08 MovingFrameQueue Appended
INFO:root:2021-07-16-15--51--08 anomallyFrameTracker resetted to 200
INFO:root:2021-07-16-15--51--08 Colour Conversion Completed
INFO:root:2021-07-16-15--51--08 Sleep Check Completed
INFO:root:2021-07-16-15--51--08 Frame manipulations completed
INFO:root:2021-07-16-15--51--08 Bounding Box Drawn
INFO:root:2021-07-16-15--51--08 MovingFrameQueue Appended
INFO:root:2021-07-16-15--51--08 anomallyFrameTracker resetted to 200
INFO:root:2021-07-16-15--51--08 Colour Conversion Completed
INFO:root:2021-07-16-15--51--08 Sleep Check Completed
INFO:root:2021-07-16-15--51--08 Frame manipulations completed
INFO:root:2021-07-16-15--51--08 Bounding Box Drawn
INFO:root:2021-07-16-15--51--08 MovingFrameQueue Appended
INFO:root:2021-07-16-15--51--08 anomallyFrameTracker resetted to 200
INFO:root:2021-07-16-15--51--08 Colour Conversion Completed
INFO:root:2021-07-16-15--51--08 Sleep Check Completed
INFO:root:2021-07-16-15--51--08 Frame manipulations completed
INFO:root:2021-07-16-15--51--08 Bounding Box Drawn
INFO:root:2021-07-16-15--51--08 MovingFrameQueue Appended
INFO:root:2021-07-16-15--51--08 anomallyFrameTracker resetted to 200
INFO:root:2021-07-16-15--51--08 Colour Conversion Completed
INFO:root:2021-07-16-15--51--08 Sleep Check Completed
INFO:root:2021-07-16-15--51--08 Frame manipulations completed
INFO:root:2021-07-16-15--51--08 Bounding Box Drawn
INFO:root:2021-07-16-15--51--09 MovingFrameQueue Appended
INFO:root:2021-07-16-15--51--09 anomallyFrameTracker resetted to 200
INFO:root:2021-07-16-15--51--09 Colour Conversion Completed
INFO:root:2021-07-16-15--51--09 Sleep Check Completed
INFO:root:2021-07-16-15--51--09 Frame manipulations completed
INFO:root:2021-07-16-15--51--09 Bounding Box Drawn
INFO:root:2021-07-16-15--51--09 MovingFrameQueue Appended
INFO:root:2021-07-16-15--51--09 anomallyFrameTracker resetted to 200
INFO:root:2021-07-16-15--51--09 Colour Conversion Completed
INFO:root:2021-07-16-15--51--09 Sleep Check Completed
INFO:root:2021-07-16-15--51--09 Frame manipulations completed
INFO:root:2021-07-16-15--51--09 Bounding Box Drawn
INFO:root:2021-07-16-15--51--09 MovingFrameQueue Appended
INFO:root:2021-07-16-15--51--09 anomallyFrameTracker resetted to 200
INFO:root:2021-07-16-15--51--09 Colour Conversion Completed
INFO:root:2021-07-16-15--51--09 Sleep Check Completed
INFO:root:2021-07-16-15--51--09 Frame manipulations completed
INFO:root:2021-07-16-15--51--09 Bounding Box Drawn
INFO:root:2021-07-16-15--51--09 MovingFrameQueue Appended
INFO:root:2021-07-16-15--51--09 anomallyFrameTracker resetted to 200
INFO:root:2021-07-16-15--51--09 Colour Conversion Completed
INFO:root:2021-07-16-15--51--09 Sleep Check Completed
INFO:root:2021-07-16-15--51--09 Frame manipulations completed
INFO:root:2021-07-16-15--51--09 Bounding Box Drawn
INFO:root:2021-07-16-15--51--09 MovingFrameQueue Appended
INFO:root:2021-07-16-15--51--09 anomallyFrameTracker resetted to 200
INFO:root:2021-07-16-15--51--09 Colour Conversion Completed
INFO:root:2021-07-16-15--51--09 Sleep Check Completed
INFO:root:2021-07-16-15--51--09 Frame manipulations completed
INFO:root:2021-07-16-15--51--09 Bounding Box Drawn
INFO:root:2021-07-16-15--51--09 MovingFrameQueue Appended
INFO:root:2021-07-16-15--51--09 anomallyFrameTracker resetted to 200
INFO:root:2021-07-16-15--51--09 Colour Conversion Completed
INFO:root:2021-07-16-15--51--09 Sleep Check Completed
INFO:root:2021-07-16-15--51--09 Frame manipulations completed
INFO:root:2021-07-16-15--51--09 Bounding Box Drawn
INFO:root:2021-07-16-15--51--09 MovingFrameQueue Appended
INFO:root:2021-07-16-15--51--09 anomallyFrameTracker resetted to 200
INFO:root:2021-07-16-15--51--09 Colour Conversion Completed
INFO:root:2021-07-16-15--51--09 Sleep Check Completed
INFO:root:2021-07-16-15--51--09 Frame manipulations completed
INFO:root:2021-07-16-15--51--09 Bounding Box Drawn
INFO:root:2021-07-16-15--51--09 MovingFrameQueue Appended
INFO:root:2021-07-16-15--51--09 anomallyFrameTracker resetted to 200
INFO:root:2021-07-16-15--51--09 Colour Conversion Completed
INFO:root:2021-07-16-15--51--09 Sleep Check Completed
INFO:root:2021-07-16-15--51--09 Frame manipulations completed
INFO:root:2021-07-16-15--51--09 Bounding Box Drawn
INFO:root:2021-07-16-15--51--09 MovingFrameQueue Appended
INFO:root:2021-07-16-15--51--09 anomallyFrameTracker resetted to 200
INFO:root:2021-07-16-15--51--09 Colour Conversion Completed
INFO:root:2021-07-16-15--51--09 Sleep Check Completed
INFO:root:2021-07-16-15--51--09 Frame manipulations completed
INFO:root:2021-07-16-15--51--09 Bounding Box Drawn
INFO:root:2021-07-16-15--51--10[INFO] elapsed time: 10.39
INFO:root:2021-07-16-15--51--10[INFO] approx. FPS: 4.72
INFO:root:2021-07-16-15--51--10 Getting Auth Token Success
INFO:root:2021-07-16-15--51--10 BedTime Upload Completed
