INFO:root:2021-08-02-11--49--02 Parameter Generation Success
INFO:root:2021-08-02-11--49--02 Colour Conversion Completed
INFO:root:2021-08-02-11--49--02 Sleep Check Completed
INFO:root:2021-08-02-11--49--02 Frame manipulations completed
INFO:root:2021-08-02-11--49--02 Bounding Box Drawn
INFO:root:2021-08-02-11--49--08 MovingFrameQueue Appended
INFO:root:2021-08-02-11--49--08 anomallyFrameTracker resetted to 200
INFO:root:2021-08-02-11--49--08 Colour Conversion Completed
INFO:root:2021-08-02-11--49--08 Sleep Check Completed
INFO:root:2021-08-02-11--49--08 Frame manipulations completed
INFO:root:2021-08-02-11--49--08 Bounding Box Drawn
INFO:root:2021-08-02-11--49--08 MovingFrameQueue Appended
INFO:root:2021-08-02-11--49--08 anomallyFrameTracker resetted to 200
INFO:root:2021-08-02-11--49--08 Colour Conversion Completed
INFO:root:2021-08-02-11--49--08 Sleep Check Completed
INFO:root:2021-08-02-11--49--08 Frame manipulations completed
INFO:root:2021-08-02-11--49--08 Bounding Box Drawn
INFO:root:2021-08-02-11--49--08 MovingFrameQueue Appended
INFO:root:2021-08-02-11--49--08 anomallyFrameTracker resetted to 200
INFO:root:2021-08-02-11--49--08 Colour Conversion Completed
INFO:root:2021-08-02-11--49--08 Sleep Check Completed
INFO:root:2021-08-02-11--49--08 Frame manipulations completed
INFO:root:2021-08-02-11--49--08 Bounding Box Drawn
INFO:root:2021-08-02-11--49--08 MovingFrameQueue Appended
INFO:root:2021-08-02-11--49--08 anomallyFrameTracker resetted to 200
INFO:root:2021-08-02-11--49--08 Colour Conversion Completed
INFO:root:2021-08-02-11--49--09 Sleep Check Completed
INFO:root:2021-08-02-11--49--09 Frame manipulations completed
INFO:root:2021-08-02-11--49--09 Bounding Box Drawn
INFO:root:2021-08-02-11--49--09 MovingFrameQueue Appended
INFO:root:2021-08-02-11--49--09 anomallyFrameTracker resetted to 200
INFO:root:2021-08-02-11--49--09 Colour Conversion Completed
INFO:root:2021-08-02-11--49--09 Sleep Check Completed
INFO:root:2021-08-02-11--49--09 Frame manipulations completed
INFO:root:2021-08-02-11--49--09 Bounding Box Drawn
INFO:root:2021-08-02-11--49--09 MovingFrameQueue Appended
INFO:root:2021-08-02-11--49--09 anomallyFrameTracker resetted to 200
INFO:root:2021-08-02-11--49--09 Colour Conversion Completed
INFO:root:2021-08-02-11--49--09 Sleep Check Completed
INFO:root:2021-08-02-11--49--09 Frame manipulations completed
INFO:root:2021-08-02-11--49--09 Bounding Box Drawn
INFO:root:2021-08-02-11--49--09 MovingFrameQueue Appended
INFO:root:2021-08-02-11--49--09 anomallyFrameTracker resetted to 200
INFO:root:2021-08-02-11--49--09 Colour Conversion Completed
INFO:root:2021-08-02-11--49--09 Sleep Check Completed
INFO:root:2021-08-02-11--49--09 Frame manipulations completed
INFO:root:2021-08-02-11--49--09 Bounding Box Drawn
INFO:root:2021-08-02-11--49--09 MovingFrameQueue Appended
INFO:root:2021-08-02-11--49--09 anomallyFrameTracker resetted to 200
INFO:root:2021-08-02-11--49--09 Colour Conversion Completed
INFO:root:2021-08-02-11--49--09 Sleep Check Completed
INFO:root:2021-08-02-11--49--09 Frame manipulations completed
INFO:root:2021-08-02-11--49--09 Bounding Box Drawn
INFO:root:2021-08-02-11--49--09 MovingFrameQueue Appended
INFO:root:2021-08-02-11--49--09 anomallyFrameTracker resetted to 200
INFO:root:2021-08-02-11--49--09 Colour Conversion Completed
INFO:root:2021-08-02-11--49--09 Sleep Check Completed
INFO:root:2021-08-02-11--49--09 Frame manipulations completed
INFO:root:2021-08-02-11--49--09 Bounding Box Drawn
INFO:root:2021-08-02-11--49--10 MovingFrameQueue Appended
INFO:root:2021-08-02-11--49--10 anomallyFrameTracker resetted to 200
INFO:root:2021-08-02-11--49--10 Colour Conversion Completed
INFO:root:2021-08-02-11--49--10 Sleep Check Completed
INFO:root:2021-08-02-11--49--10 Frame manipulations completed
INFO:root:2021-08-02-11--49--10 Bounding Box Drawn
INFO:root:2021-08-02-11--49--10 MovingFrameQueue Appended
INFO:root:2021-08-02-11--49--10 anomallyFrameTracker resetted to 200
INFO:root:2021-08-02-11--49--10 Colour Conversion Completed
INFO:root:2021-08-02-11--49--10 Sleep Check Completed
INFO:root:2021-08-02-11--49--10 Frame manipulations completed
INFO:root:2021-08-02-11--49--10 Bounding Box Drawn
INFO:root:2021-08-02-11--49--10 MovingFrameQueue Appended
INFO:root:2021-08-02-11--49--10 anomallyFrameTracker resetted to 200
INFO:root:2021-08-02-11--49--10 Colour Conversion Completed
INFO:root:2021-08-02-11--49--10 Sleep Check Completed
INFO:root:2021-08-02-11--49--10 Frame manipulations completed
INFO:root:2021-08-02-11--49--10 Bounding Box Drawn
INFO:root:2021-08-02-11--49--10 MovingFrameQueue Appended
INFO:root:2021-08-02-11--49--10 anomallyFrameTracker resetted to 200
INFO:root:2021-08-02-11--49--10 Colour Conversion Completed
INFO:root:2021-08-02-11--49--10 Sleep Check Completed
INFO:root:2021-08-02-11--49--10 Frame manipulations completed
INFO:root:2021-08-02-11--49--10 Bounding Box Drawn
INFO:root:2021-08-02-11--49--10 MovingFrameQueue Appended
INFO:root:2021-08-02-11--49--10 anomallyFrameTracker resetted to 200
INFO:root:2021-08-02-11--49--10 Colour Conversion Completed
INFO:root:2021-08-02-11--49--10 Sleep Check Completed
INFO:root:2021-08-02-11--49--10 Frame manipulations completed
INFO:root:2021-08-02-11--49--10 Bounding Box Drawn
INFO:root:2021-08-02-11--49--10 MovingFrameQueue Appended
INFO:root:2021-08-02-11--49--10 anomallyFrameTracker resetted to 200
INFO:root:2021-08-02-11--49--10 Colour Conversion Completed
INFO:root:2021-08-02-11--49--10 Sleep Check Completed
INFO:root:2021-08-02-11--49--10 Frame manipulations completed
INFO:root:2021-08-02-11--49--10 Bounding Box Drawn
INFO:root:2021-08-02-11--49--11 MovingFrameQueue Appended
INFO:root:2021-08-02-11--49--11 anomallyFrameTracker resetted to 200
INFO:root:2021-08-02-11--49--11 Colour Conversion Completed
INFO:root:2021-08-02-11--49--11 Sleep Check Completed
INFO:root:2021-08-02-11--49--11 Frame manipulations completed
INFO:root:2021-08-02-11--49--11 Bounding Box Drawn
INFO:root:2021-08-02-11--49--11 MovingFrameQueue Appended
INFO:root:2021-08-02-11--49--11 anomallyFrameTracker resetted to 200
INFO:root:2021-08-02-11--49--11 Colour Conversion Completed
INFO:root:2021-08-02-11--49--11 Sleep Check Completed
INFO:root:2021-08-02-11--49--11 Frame manipulations completed
INFO:root:2021-08-02-11--49--11 Bounding Box Drawn
INFO:root:2021-08-02-11--49--11 MovingFrameQueue Appended
INFO:root:2021-08-02-11--49--11 anomallyFrameTracker resetted to 200
INFO:root:2021-08-02-11--49--11 Colour Conversion Completed
INFO:root:2021-08-02-11--49--11 Sleep Check Completed
INFO:root:2021-08-02-11--49--11 Frame manipulations completed
INFO:root:2021-08-02-11--49--11 Bounding Box Drawn
INFO:root:2021-08-02-11--49--11 MovingFrameQueue Appended
INFO:root:2021-08-02-11--49--11 anomallyFrameTracker resetted to 200
INFO:root:2021-08-02-11--49--11 Colour Conversion Completed
INFO:root:2021-08-02-11--49--11 Sleep Check Completed
INFO:root:2021-08-02-11--49--11 Frame manipulations completed
INFO:root:2021-08-02-11--49--11 Bounding Box Drawn
INFO:root:2021-08-02-11--49--11 MovingFrameQueue Appended
INFO:root:2021-08-02-11--49--11 anomallyFrameTracker resetted to 200
INFO:root:2021-08-02-11--49--11 Colour Conversion Completed
INFO:root:2021-08-02-11--49--11 Sleep Check Completed
INFO:root:2021-08-02-11--49--11 Frame manipulations completed
INFO:root:2021-08-02-11--49--11 Bounding Box Drawn
INFO:root:2021-08-02-11--49--11 MovingFrameQueue Appended
INFO:root:2021-08-02-11--49--11 anomallyFrameTracker resetted to 200
INFO:root:2021-08-02-11--49--11 Colour Conversion Completed
INFO:root:2021-08-02-11--49--11 Sleep Check Completed
INFO:root:2021-08-02-11--49--11 Frame manipulations completed
INFO:root:2021-08-02-11--49--11 Bounding Box Drawn
INFO:root:2021-08-02-11--49--11 MovingFrameQueue Appended
INFO:root:2021-08-02-11--49--11 anomallyFrameTracker resetted to 200
INFO:root:2021-08-02-11--49--11 Colour Conversion Completed
INFO:root:2021-08-02-11--49--11 Sleep Check Completed
INFO:root:2021-08-02-11--49--11 Frame manipulations completed
INFO:root:2021-08-02-11--49--11 Bounding Box Drawn
INFO:root:2021-08-02-11--49--12 MovingFrameQueue Appended
INFO:root:2021-08-02-11--49--12 anomallyFrameTracker resetted to 200
INFO:root:2021-08-02-11--49--12 Colour Conversion Completed
INFO:root:2021-08-02-11--49--12 Sleep Check Completed
INFO:root:2021-08-02-11--49--12 Frame manipulations completed
INFO:root:2021-08-02-11--49--12 Bounding Box Drawn
INFO:root:2021-08-02-11--49--12 MovingFrameQueue Appended
INFO:root:2021-08-02-11--49--12 anomallyFrameTracker resetted to 200
INFO:root:2021-08-02-11--49--12 Colour Conversion Completed
INFO:root:2021-08-02-11--49--12 Sleep Check Completed
INFO:root:2021-08-02-11--49--12 Frame manipulations completed
INFO:root:2021-08-02-11--49--12 Bounding Box Drawn
INFO:root:2021-08-02-11--49--12 MovingFrameQueue Appended
INFO:root:2021-08-02-11--49--12 anomallyFrameTracker resetted to 200
INFO:root:2021-08-02-11--49--12 Colour Conversion Completed
INFO:root:2021-08-02-11--49--12 Sleep Check Completed
INFO:root:2021-08-02-11--49--12 Frame manipulations completed
INFO:root:2021-08-02-11--49--12 Bounding Box Drawn
INFO:root:2021-08-02-11--49--12 MovingFrameQueue Appended
INFO:root:2021-08-02-11--49--12 anomallyFrameTracker resetted to 200
INFO:root:2021-08-02-11--49--12 Colour Conversion Completed
INFO:root:2021-08-02-11--49--12 Sleep Check Completed
INFO:root:2021-08-02-11--49--12 Frame manipulations completed
INFO:root:2021-08-02-11--49--12 Bounding Box Drawn
INFO:root:2021-08-02-11--49--12 MovingFrameQueue Appended
INFO:root:2021-08-02-11--49--12 anomallyFrameTracker resetted to 200
INFO:root:2021-08-02-11--49--12 Colour Conversion Completed
INFO:root:2021-08-02-11--49--12 Sleep Check Completed
INFO:root:2021-08-02-11--49--12 Frame manipulations completed
INFO:root:2021-08-02-11--49--12 Bounding Box Drawn
INFO:root:2021-08-02-11--49--12 MovingFrameQueue Appended
INFO:root:2021-08-02-11--49--12 anomallyFrameTracker resetted to 200
INFO:root:2021-08-02-11--49--12 Colour Conversion Completed
INFO:root:2021-08-02-11--49--12 Sleep Check Completed
INFO:root:2021-08-02-11--49--12 Frame manipulations completed
INFO:root:2021-08-02-11--49--12 Bounding Box Drawn
INFO:root:2021-08-02-11--49--12 MovingFrameQueue Appended
INFO:root:2021-08-02-11--49--12 anomallyFrameTracker resetted to 200
INFO:root:2021-08-02-11--49--12 Colour Conversion Completed
INFO:root:2021-08-02-11--49--13 Sleep Check Completed
INFO:root:2021-08-02-11--49--13 Frame manipulations completed
INFO:root:2021-08-02-11--49--13 Bounding Box Drawn
INFO:root:2021-08-02-11--49--13 MovingFrameQueue Appended
INFO:root:2021-08-02-11--49--13 anomallyFrameTracker resetted to 200
INFO:root:2021-08-02-11--49--13 Colour Conversion Completed
INFO:root:2021-08-02-11--49--13 Sleep Check Completed
INFO:root:2021-08-02-11--49--13 Frame manipulations completed
INFO:root:2021-08-02-11--49--13 Bounding Box Drawn
INFO:root:2021-08-02-11--49--13 MovingFrameQueue Appended
INFO:root:2021-08-02-11--49--13 anomallyFrameTracker resetted to 200
INFO:root:2021-08-02-11--49--13 Colour Conversion Completed
INFO:root:2021-08-02-11--49--13 Sleep Check Completed
INFO:root:2021-08-02-11--49--13 Frame manipulations completed
INFO:root:2021-08-02-11--49--13 Bounding Box Drawn
INFO:root:2021-08-02-11--49--13 MovingFrameQueue Appended
INFO:root:2021-08-02-11--49--13 anomallyFrameTracker resetted to 200
INFO:root:2021-08-02-11--49--13 Colour Conversion Completed
INFO:root:2021-08-02-11--49--13 Sleep Check Completed
INFO:root:2021-08-02-11--49--13 Frame manipulations completed
INFO:root:2021-08-02-11--49--13 Bounding Box Drawn
INFO:root:2021-08-02-11--49--13 MovingFrameQueue Appended
INFO:root:2021-08-02-11--49--13 anomallyFrameTracker resetted to 200
INFO:root:2021-08-02-11--49--13 Colour Conversion Completed
INFO:root:2021-08-02-11--49--13 Sleep Check Completed
INFO:root:2021-08-02-11--49--13 Frame manipulations completed
INFO:root:2021-08-02-11--49--13 Bounding Box Drawn
INFO:root:2021-08-02-11--49--13 MovingFrameQueue Appended
INFO:root:2021-08-02-11--49--13 anomallyFrameTracker resetted to 200
INFO:root:2021-08-02-11--49--13 Colour Conversion Completed
INFO:root:2021-08-02-11--49--13 Sleep Check Completed
INFO:root:2021-08-02-11--49--13 Frame manipulations completed
INFO:root:2021-08-02-11--49--13 Bounding Box Drawn
INFO:root:2021-08-02-11--49--13 MovingFrameQueue Appended
INFO:root:2021-08-02-11--49--13 anomallyFrameTracker resetted to 200
INFO:root:2021-08-02-11--49--13 Colour Conversion Completed
INFO:root:2021-08-02-11--49--13 Sleep Check Completed
INFO:root:2021-08-02-11--49--13 Frame manipulations completed
INFO:root:2021-08-02-11--49--13 Bounding Box Drawn
INFO:root:2021-08-02-11--49--13 MovingFrameQueue Appended
INFO:root:2021-08-02-11--49--13 anomallyFrameTracker resetted to 200
INFO:root:2021-08-02-11--49--13 Colour Conversion Completed
INFO:root:2021-08-02-11--49--13 Sleep Check Completed
INFO:root:2021-08-02-11--49--13 Frame manipulations completed
INFO:root:2021-08-02-11--49--13 Bounding Box Drawn
INFO:root:2021-08-02-11--49--14 MovingFrameQueue Appended
INFO:root:2021-08-02-11--49--14 anomallyFrameTracker resetted to 200
INFO:root:2021-08-02-11--49--14 Colour Conversion Completed
INFO:root:2021-08-02-11--49--14 Sleep Check Completed
INFO:root:2021-08-02-11--49--14 Frame manipulations completed
INFO:root:2021-08-02-11--49--14 Bounding Box Drawn
INFO:root:2021-08-02-11--49--14 MovingFrameQueue Appended
INFO:root:2021-08-02-11--49--14 anomallyFrameTracker resetted to 200
INFO:root:2021-08-02-11--49--14 Colour Conversion Completed
INFO:root:2021-08-02-11--49--14 Sleep Check Completed
INFO:root:2021-08-02-11--49--14 Frame manipulations completed
INFO:root:2021-08-02-11--49--14 Bounding Box Drawn
INFO:root:2021-08-02-11--49--14 MovingFrameQueue Appended
INFO:root:2021-08-02-11--49--14 anomallyFrameTracker resetted to 200
INFO:root:2021-08-02-11--49--14 Colour Conversion Completed
INFO:root:2021-08-02-11--49--14 Sleep Check Completed
INFO:root:2021-08-02-11--49--14 Frame manipulations completed
INFO:root:2021-08-02-11--49--14 Bounding Box Drawn
INFO:root:2021-08-02-11--49--14 MovingFrameQueue Appended
INFO:root:2021-08-02-11--49--14 anomallyFrameTracker resetted to 200
INFO:root:2021-08-02-11--49--14 Colour Conversion Completed
INFO:root:2021-08-02-11--49--14 Sleep Check Completed
INFO:root:2021-08-02-11--49--14 Frame manipulations completed
INFO:root:2021-08-02-11--49--14 Bounding Box Drawn
INFO:root:2021-08-02-11--49--14 MovingFrameQueue Appended
INFO:root:2021-08-02-11--49--14 anomallyFrameTracker resetted to 200
INFO:root:2021-08-02-11--49--14 Colour Conversion Completed
INFO:root:2021-08-02-11--49--14 Sleep Check Completed
INFO:root:2021-08-02-11--49--14 Frame manipulations completed
INFO:root:2021-08-02-11--49--14 Bounding Box Drawn
INFO:root:2021-08-02-11--49--14 MovingFrameQueue Appended
INFO:root:2021-08-02-11--49--14 anomallyFrameTracker resetted to 200
INFO:root:2021-08-02-11--49--14 Colour Conversion Completed
INFO:root:2021-08-02-11--49--14 Sleep Check Completed
INFO:root:2021-08-02-11--49--14 Frame manipulations completed
INFO:root:2021-08-02-11--49--14 Bounding Box Drawn
INFO:root:2021-08-02-11--49--14 MovingFrameQueue Appended
INFO:root:2021-08-02-11--49--14 anomallyFrameTracker resetted to 200
INFO:root:2021-08-02-11--49--14 Colour Conversion Completed
INFO:root:2021-08-02-11--49--14 Sleep Check Completed
INFO:root:2021-08-02-11--49--14 Frame manipulations completed
INFO:root:2021-08-02-11--49--14 Bounding Box Drawn
INFO:root:2021-08-02-11--49--14 MovingFrameQueue Appended
INFO:root:2021-08-02-11--49--14 anomallyFrameTracker resetted to 200
INFO:root:2021-08-02-11--49--14 Colour Conversion Completed
INFO:root:2021-08-02-11--49--14 Sleep Check Completed
INFO:root:2021-08-02-11--49--14 Frame manipulations completed
INFO:root:2021-08-02-11--49--14 Bounding Box Drawn
INFO:root:2021-08-02-11--49--15 MovingFrameQueue Appended
INFO:root:2021-08-02-11--49--15 anomallyFrameTracker resetted to 200
INFO:root:2021-08-02-11--49--15 Colour Conversion Completed
INFO:root:2021-08-02-11--49--15 Sleep Check Completed
INFO:root:2021-08-02-11--49--15 Frame manipulations completed
INFO:root:2021-08-02-11--49--15 Bounding Box Drawn
INFO:root:2021-08-02-11--49--15 MovingFrameQueue Appended
INFO:root:2021-08-02-11--49--15 anomallyFrameTracker resetted to 200
INFO:root:2021-08-02-11--49--15 Colour Conversion Completed
INFO:root:2021-08-02-11--49--15 Sleep Check Completed
INFO:root:2021-08-02-11--49--15 Frame manipulations completed
INFO:root:2021-08-02-11--49--15 Bounding Box Drawn
INFO:root:2021-08-02-11--49--15 MovingFrameQueue Appended
INFO:root:2021-08-02-11--49--15 anomallyFrameTracker resetted to 200
INFO:root:2021-08-02-11--49--15 Colour Conversion Completed
INFO:root:2021-08-02-11--49--15 Sleep Check Completed
INFO:root:2021-08-02-11--49--15 Frame manipulations completed
INFO:root:2021-08-02-11--49--15 Bounding Box Drawn
INFO:root:2021-08-02-11--49--15 MovingFrameQueue Appended
INFO:root:2021-08-02-11--49--15 anomallyFrameTracker resetted to 200
INFO:root:2021-08-02-11--49--15 Colour Conversion Completed
INFO:root:2021-08-02-11--49--15 Sleep Check Completed
INFO:root:2021-08-02-11--49--15 Frame manipulations completed
INFO:root:2021-08-02-11--49--15 Bounding Box Drawn
INFO:root:2021-08-02-11--49--15 MovingFrameQueue Appended
INFO:root:2021-08-02-11--49--15 anomallyFrameTracker resetted to 200
INFO:root:2021-08-02-11--49--15 Colour Conversion Completed
INFO:root:2021-08-02-11--49--15 Sleep Check Completed
INFO:root:2021-08-02-11--49--15 Frame manipulations completed
INFO:root:2021-08-02-11--49--15 Bounding Box Drawn
INFO:root:2021-08-02-11--49--15 MovingFrameQueue Appended
INFO:root:2021-08-02-11--49--15 anomallyFrameTracker resetted to 200
INFO:root:2021-08-02-11--49--15 Colour Conversion Completed
INFO:root:2021-08-02-11--49--15 Sleep Check Completed
INFO:root:2021-08-02-11--49--15 Frame manipulations completed
INFO:root:2021-08-02-11--49--15 Bounding Box Drawn
INFO:root:2021-08-02-11--49--15 MovingFrameQueue Appended
INFO:root:2021-08-02-11--49--15 anomallyFrameTracker resetted to 200
INFO:root:2021-08-02-11--49--15 Colour Conversion Completed
INFO:root:2021-08-02-11--49--15 Sleep Check Completed
INFO:root:2021-08-02-11--49--15 Frame manipulations completed
INFO:root:2021-08-02-11--49--15 Bounding Box Drawn
INFO:root:2021-08-02-11--49--15 MovingFrameQueue Popped
INFO:root:2021-08-02-11--49--15 anomallyFrameTracker resetted to 200
INFO:root:2021-08-02-11--49--15 Colour Conversion Completed
INFO:root:2021-08-02-11--49--15 Sleep Check Completed
INFO:root:2021-08-02-11--49--15 Frame manipulations completed
INFO:root:2021-08-02-11--49--15 Bounding Box Drawn
INFO:root:2021-08-02-11--49--16 MovingFrameQueue Appended
INFO:root:2021-08-02-11--49--16 anomallyFrameTracker resetted to 200
INFO:root:2021-08-02-11--49--16 Colour Conversion Completed
INFO:root:2021-08-02-11--49--16 Sleep Check Completed
INFO:root:2021-08-02-11--49--16 Frame manipulations completed
INFO:root:2021-08-02-11--49--16 Bounding Box Drawn
INFO:root:2021-08-02-11--49--16 MovingFrameQueue Popped
INFO:root:2021-08-02-11--49--16 anomallyFrameTracker resetted to 200
INFO:root:2021-08-02-11--49--16 Colour Conversion Completed
INFO:root:2021-08-02-11--49--16 Sleep Check Completed
INFO:root:2021-08-02-11--49--16 Frame manipulations completed
INFO:root:2021-08-02-11--49--16 Bounding Box Drawn
INFO:root:2021-08-02-11--49--16 MovingFrameQueue Appended
INFO:root:2021-08-02-11--49--16 anomallyFrameTracker resetted to 200
INFO:root:2021-08-02-11--49--16 Colour Conversion Completed
INFO:root:2021-08-02-11--49--16 Sleep Check Completed
INFO:root:2021-08-02-11--49--16 Frame manipulations completed
INFO:root:2021-08-02-11--49--16 Bounding Box Drawn
INFO:root:2021-08-02-11--49--16 MovingFrameQueue Popped
INFO:root:2021-08-02-11--49--16 anomallyFrameTracker resetted to 200
INFO:root:2021-08-02-11--49--16 Colour Conversion Completed
INFO:root:2021-08-02-11--49--16 Sleep Check Completed
INFO:root:2021-08-02-11--49--16 Frame manipulations completed
INFO:root:2021-08-02-11--49--16 Bounding Box Drawn
INFO:root:2021-08-02-11--49--16 MovingFrameQueue Appended
INFO:root:2021-08-02-11--49--16 anomallyFrameTracker resetted to 200
INFO:root:2021-08-02-11--49--16 Colour Conversion Completed
INFO:root:2021-08-02-11--49--16 Sleep Check Completed
INFO:root:2021-08-02-11--49--16 Frame manipulations completed
INFO:root:2021-08-02-11--49--16 Bounding Box Drawn
INFO:root:2021-08-02-11--49--16 MovingFrameQueue Popped
INFO:root:2021-08-02-11--49--16 anomallyFrameTracker resetted to 200
INFO:root:2021-08-02-11--49--16 Colour Conversion Completed
INFO:root:2021-08-02-11--49--16 Sleep Check Completed
INFO:root:2021-08-02-11--49--16 Frame manipulations completed
INFO:root:2021-08-02-11--49--16 Bounding Box Drawn
INFO:root:2021-08-02-11--49--16 MovingFrameQueue Appended
INFO:root:2021-08-02-11--49--16 anomallyFrameTracker resetted to 200
INFO:root:2021-08-02-11--49--16 Colour Conversion Completed
INFO:root:2021-08-02-11--49--16 Sleep Check Completed
INFO:root:2021-08-02-11--49--16 Frame manipulations completed
INFO:root:2021-08-02-11--49--16 Bounding Box Drawn
INFO:root:2021-08-02-11--49--17 MovingFrameQueue Popped
INFO:root:2021-08-02-11--49--17 anomallyFrameTracker resetted to 200
INFO:root:2021-08-02-11--49--17 Colour Conversion Completed
INFO:root:2021-08-02-11--49--17 Sleep Check Completed
INFO:root:2021-08-02-11--49--17 Frame manipulations completed
INFO:root:2021-08-02-11--49--17 Bounding Box Drawn
INFO:root:2021-08-02-11--49--17 MovingFrameQueue Appended
INFO:root:2021-08-02-11--49--17 anomallyFrameTracker resetted to 200
INFO:root:2021-08-02-11--49--17 Colour Conversion Completed
INFO:root:2021-08-02-11--49--17 Sleep Check Completed
INFO:root:2021-08-02-11--49--17 Frame manipulations completed
INFO:root:2021-08-02-11--49--17 Bounding Box Drawn
INFO:root:2021-08-02-11--49--17 MovingFrameQueue Popped
INFO:root:2021-08-02-11--49--17 anomallyFrameTracker resetted to 200
INFO:root:2021-08-02-11--49--17 Colour Conversion Completed
INFO:root:2021-08-02-11--49--17 Sleep Check Completed
INFO:root:2021-08-02-11--49--17 Frame manipulations completed
INFO:root:2021-08-02-11--49--17 Bounding Box Drawn
INFO:root:2021-08-02-11--49--17 MovingFrameQueue Appended
INFO:root:2021-08-02-11--49--17 anomallyFrameTracker resetted to 200
INFO:root:2021-08-02-11--49--17 Colour Conversion Completed
INFO:root:2021-08-02-11--49--17 Sleep Check Completed
INFO:root:2021-08-02-11--49--17 Frame manipulations completed
INFO:root:2021-08-02-11--49--17 Bounding Box Drawn
INFO:root:2021-08-02-11--49--17 MovingFrameQueue Popped
INFO:root:2021-08-02-11--49--17 anomallyFrameTracker resetted to 200
INFO:root:2021-08-02-11--49--17 Colour Conversion Completed
INFO:root:2021-08-02-11--49--17 Sleep Check Completed
INFO:root:2021-08-02-11--49--17 Frame manipulations completed
INFO:root:2021-08-02-11--49--17 Bounding Box Drawn
INFO:root:2021-08-02-11--49--17 MovingFrameQueue Appended
INFO:root:2021-08-02-11--49--17 anomallyFrameTracker resetted to 200
INFO:root:2021-08-02-11--49--17 Colour Conversion Completed
INFO:root:2021-08-02-11--49--17 Sleep Check Completed
INFO:root:2021-08-02-11--49--17 Frame manipulations completed
INFO:root:2021-08-02-11--49--17 Bounding Box Drawn
INFO:root:2021-08-02-11--49--17 MovingFrameQueue Popped
INFO:root:2021-08-02-11--49--17 anomallyFrameTracker resetted to 200
INFO:root:2021-08-02-11--49--17 Colour Conversion Completed
INFO:root:2021-08-02-11--49--17 Sleep Check Completed
INFO:root:2021-08-02-11--49--17 Frame manipulations completed
INFO:root:2021-08-02-11--49--17 Bounding Box Drawn
INFO:root:2021-08-02-11--49--17 MovingFrameQueue Appended
INFO:root:2021-08-02-11--49--17 anomallyFrameTracker resetted to 200
INFO:root:2021-08-02-11--49--17 Colour Conversion Completed
INFO:root:2021-08-02-11--49--17 Sleep Check Completed
INFO:root:2021-08-02-11--49--17 Frame manipulations completed
INFO:root:2021-08-02-11--49--17 Bounding Box Drawn
INFO:root:2021-08-02-11--49--17 MovingFrameQueue Popped
INFO:root:2021-08-02-11--49--17 anomallyFrameTracker resetted to 200
INFO:root:2021-08-02-11--49--17 Colour Conversion Completed
INFO:root:2021-08-02-11--49--17 Sleep Check Completed
INFO:root:2021-08-02-11--49--17 Frame manipulations completed
INFO:root:2021-08-02-11--49--17 Bounding Box Drawn
INFO:root:2021-08-02-11--49--18 MovingFrameQueue Appended
INFO:root:2021-08-02-11--49--18 anomallyFrameTracker resetted to 200
INFO:root:2021-08-02-11--49--18 Colour Conversion Completed
INFO:root:2021-08-02-11--49--18 Sleep Check Completed
INFO:root:2021-08-02-11--49--18 Frame manipulations completed
INFO:root:2021-08-02-11--49--18 Bounding Box Drawn
INFO:root:2021-08-02-11--49--18 MovingFrameQueue Popped
INFO:root:2021-08-02-11--49--18 anomallyFrameTracker resetted to 200
INFO:root:2021-08-02-11--49--18 Colour Conversion Completed
INFO:root:2021-08-02-11--49--18 Sleep Check Completed
INFO:root:2021-08-02-11--49--18 Frame manipulations completed
INFO:root:2021-08-02-11--49--18 Bounding Box Drawn
INFO:root:2021-08-02-11--49--18 MovingFrameQueue Appended
INFO:root:2021-08-02-11--49--18 anomallyFrameTracker resetted to 200
INFO:root:2021-08-02-11--49--18 Colour Conversion Completed
INFO:root:2021-08-02-11--49--18 Sleep Check Completed
INFO:root:2021-08-02-11--49--18 Frame manipulations completed
INFO:root:2021-08-02-11--49--18 Bounding Box Drawn
INFO:root:2021-08-02-11--49--18 MovingFrameQueue Popped
INFO:root:2021-08-02-11--49--18 anomallyFrameTracker resetted to 200
INFO:root:2021-08-02-11--49--18 Colour Conversion Completed
INFO:root:2021-08-02-11--49--18 Sleep Check Completed
INFO:root:2021-08-02-11--49--18 Frame manipulations completed
INFO:root:2021-08-02-11--49--18 Bounding Box Drawn
INFO:root:2021-08-02-11--49--18 MovingFrameQueue Appended
INFO:root:2021-08-02-11--49--18 anomallyFrameTracker resetted to 200
INFO:root:2021-08-02-11--49--18 Colour Conversion Completed
INFO:root:2021-08-02-11--49--18 Sleep Check Completed
INFO:root:2021-08-02-11--49--18 Frame manipulations completed
INFO:root:2021-08-02-11--49--18 Bounding Box Drawn
INFO:root:2021-08-02-11--49--18 MovingFrameQueue Popped
INFO:root:2021-08-02-11--49--18 anomallyFrameTracker resetted to 200
INFO:root:2021-08-02-11--49--18 Colour Conversion Completed
INFO:root:2021-08-02-11--49--18 Sleep Check Completed
INFO:root:2021-08-02-11--49--18 Frame manipulations completed
INFO:root:2021-08-02-11--49--18 Bounding Box Drawn
INFO:root:2021-08-02-11--49--18 MovingFrameQueue Appended
INFO:root:2021-08-02-11--49--18 anomallyFrameTracker resetted to 200
INFO:root:2021-08-02-11--49--18 Colour Conversion Completed
INFO:root:2021-08-02-11--49--18 Sleep Check Completed
INFO:root:2021-08-02-11--49--18 Frame manipulations completed
INFO:root:2021-08-02-11--49--18 Bounding Box Drawn
INFO:root:2021-08-02-11--49--19 MovingFrameQueue Popped
INFO:root:2021-08-02-11--49--19 anomallyFrameTracker resetted to 200
INFO:root:2021-08-02-11--49--19 Colour Conversion Completed
INFO:root:2021-08-02-11--49--19 Sleep Check Completed
INFO:root:2021-08-02-11--49--19 Frame manipulations completed
INFO:root:2021-08-02-11--49--19 Bounding Box Drawn
INFO:root:2021-08-02-11--49--19 MovingFrameQueue Appended
INFO:root:2021-08-02-11--49--19 anomallyFrameTracker resetted to 200
INFO:root:2021-08-02-11--49--19 Colour Conversion Completed
INFO:root:2021-08-02-11--49--19 Sleep Check Completed
INFO:root:2021-08-02-11--49--19 Frame manipulations completed
INFO:root:2021-08-02-11--49--19 Bounding Box Drawn
INFO:root:2021-08-02-11--49--19 MovingFrameQueue Popped
INFO:root:2021-08-02-11--49--19 anomallyFrameTracker resetted to 200
INFO:root:2021-08-02-11--49--19 Colour Conversion Completed
INFO:root:2021-08-02-11--49--19 Sleep Check Completed
INFO:root:2021-08-02-11--49--19 Frame manipulations completed
INFO:root:2021-08-02-11--49--19 Bounding Box Drawn
INFO:root:2021-08-02-11--49--19 MovingFrameQueue Appended
INFO:root:2021-08-02-11--49--19 anomallyFrameTracker resetted to 200
INFO:root:2021-08-02-11--49--19 Colour Conversion Completed
INFO:root:2021-08-02-11--49--19 Sleep Check Completed
INFO:root:2021-08-02-11--49--19 Frame manipulations completed
INFO:root:2021-08-02-11--49--19 Bounding Box Drawn
INFO:root:2021-08-02-11--49--19 MovingFrameQueue Popped
INFO:root:2021-08-02-11--49--19 anomallyFrameTracker resetted to 200
INFO:root:2021-08-02-11--49--19 Colour Conversion Completed
INFO:root:2021-08-02-11--49--19 Sleep Check Completed
INFO:root:2021-08-02-11--49--19 Frame manipulations completed
INFO:root:2021-08-02-11--49--19 Bounding Box Drawn
INFO:root:2021-08-02-11--49--19 MovingFrameQueue Appended
INFO:root:2021-08-02-11--49--19 anomallyFrameTracker resetted to 200
INFO:root:2021-08-02-11--49--19 Colour Conversion Completed
INFO:root:2021-08-02-11--49--19 Sleep Check Completed
INFO:root:2021-08-02-11--49--19 Frame manipulations completed
INFO:root:2021-08-02-11--49--19 Bounding Box Drawn
INFO:root:2021-08-02-11--49--19 MovingFrameQueue Popped
INFO:root:2021-08-02-11--49--19 anomallyFrameTracker resetted to 200
INFO:root:2021-08-02-11--49--19 Colour Conversion Completed
INFO:root:2021-08-02-11--49--19 Sleep Check Completed
INFO:root:2021-08-02-11--49--19 Frame manipulations completed
INFO:root:2021-08-02-11--49--19 Bounding Box Drawn
INFO:root:2021-08-02-11--49--20 MovingFrameQueue Appended
INFO:root:2021-08-02-11--49--20 anomallyFrameTracker resetted to 200
INFO:root:2021-08-02-11--49--20 Colour Conversion Completed
INFO:root:2021-08-02-11--49--20 Sleep Check Completed
INFO:root:2021-08-02-11--49--20 Frame manipulations completed
INFO:root:2021-08-02-11--49--20 Bounding Box Drawn
INFO:root:2021-08-02-11--49--20 MovingFrameQueue Popped
INFO:root:2021-08-02-11--49--20 anomallyFrameTracker resetted to 200
INFO:root:2021-08-02-11--49--20 Colour Conversion Completed
INFO:root:2021-08-02-11--49--20 Sleep Check Completed
INFO:root:2021-08-02-11--49--20 Frame manipulations completed
INFO:root:2021-08-02-11--49--20 Bounding Box Drawn
INFO:root:2021-08-02-11--49--20 MovingFrameQueue Appended
INFO:root:2021-08-02-11--49--20 anomallyFrameTracker resetted to 200
INFO:root:2021-08-02-11--49--20 Colour Conversion Completed
INFO:root:2021-08-02-11--49--20 Sleep Check Completed
INFO:root:2021-08-02-11--49--20 Frame manipulations completed
INFO:root:2021-08-02-11--49--20 Bounding Box Drawn
INFO:root:2021-08-02-11--49--20 MovingFrameQueue Popped
INFO:root:2021-08-02-11--49--20 anomallyFrameTracker resetted to 200
INFO:root:2021-08-02-11--49--20 Colour Conversion Completed
INFO:root:2021-08-02-11--49--20 Sleep Check Completed
INFO:root:2021-08-02-11--49--20 Frame manipulations completed
INFO:root:2021-08-02-11--49--20 Bounding Box Drawn
INFO:root:2021-08-02-11--49--20 MovingFrameQueue Appended
INFO:root:2021-08-02-11--49--20 anomallyFrameTracker resetted to 200
INFO:root:2021-08-02-11--49--20 Colour Conversion Completed
INFO:root:2021-08-02-11--49--20 Sleep Check Completed
INFO:root:2021-08-02-11--49--20 Frame manipulations completed
INFO:root:2021-08-02-11--49--20 Bounding Box Drawn
INFO:root:2021-08-02-11--49--20 MovingFrameQueue Popped
INFO:root:2021-08-02-11--49--20 anomallyFrameTracker resetted to 200
INFO:root:2021-08-02-11--49--20 Colour Conversion Completed
INFO:root:2021-08-02-11--49--20 Sleep Check Completed
INFO:root:2021-08-02-11--49--20 Frame manipulations completed
INFO:root:2021-08-02-11--49--20 Bounding Box Drawn
INFO:root:2021-08-02-11--49--20 MovingFrameQueue Appended
INFO:root:2021-08-02-11--49--20 anomallyFrameTracker resetted to 200
INFO:root:2021-08-02-11--49--20 Colour Conversion Completed
INFO:root:2021-08-02-11--49--20 Sleep Check Completed
INFO:root:2021-08-02-11--49--20 Frame manipulations completed
INFO:root:2021-08-02-11--49--20 Bounding Box Drawn
INFO:root:2021-08-02-11--49--20[INFO] elapsed time: 18.00
INFO:root:2021-08-02-11--49--20[INFO] approx. FPS: 4.94
