INFO:root:2021-07-27-10--42--02 Parameter Generation Success
INFO:root:2021-07-27-10--42--02 Colour Conversion Completed
INFO:root:2021-07-27-10--42--02 Sleep Check Completed
INFO:root:2021-07-27-10--42--02 Frame manipulations completed
INFO:root:2021-07-27-10--42--02 Bounding Box Drawn
INFO:root:2021-07-27-10--42--08 MovingFrameQueue Appended
INFO:root:2021-07-27-10--42--08 anomallyFrameTracker resetted to 200
INFO:root:2021-07-27-10--42--08 Colour Conversion Completed
INFO:root:2021-07-27-10--42--08 Sleep Check Completed
INFO:root:2021-07-27-10--42--08 Frame manipulations completed
INFO:root:2021-07-27-10--42--08 Bounding Box Drawn
INFO:root:2021-07-27-10--42--08 MovingFrameQueue Appended
INFO:root:2021-07-27-10--42--08 anomallyFrameTracker resetted to 200
INFO:root:2021-07-27-10--42--08 Colour Conversion Completed
INFO:root:2021-07-27-10--42--08 Sleep Check Completed
INFO:root:2021-07-27-10--42--08 Frame manipulations completed
INFO:root:2021-07-27-10--42--08 Bounding Box Drawn
INFO:root:2021-07-27-10--42--08 MovingFrameQueue Appended
INFO:root:2021-07-27-10--42--08 anomallyFrameTracker resetted to 200
INFO:root:2021-07-27-10--42--08 Colour Conversion Completed
INFO:root:2021-07-27-10--42--08 Sleep Check Completed
INFO:root:2021-07-27-10--42--08 Frame manipulations completed
INFO:root:2021-07-27-10--42--08 Bounding Box Drawn
INFO:root:2021-07-27-10--42--08 MovingFrameQueue Appended
INFO:root:2021-07-27-10--42--08 anomallyFrameTracker resetted to 200
INFO:root:2021-07-27-10--42--08 Colour Conversion Completed
INFO:root:2021-07-27-10--42--08 Sleep Check Completed
INFO:root:2021-07-27-10--42--08 Frame manipulations completed
INFO:root:2021-07-27-10--42--08 Bounding Box Drawn
INFO:root:2021-07-27-10--42--08 MovingFrameQueue Appended
INFO:root:2021-07-27-10--42--08 anomallyFrameTracker resetted to 200
INFO:root:2021-07-27-10--42--08 Colour Conversion Completed
INFO:root:2021-07-27-10--42--08 Sleep Check Completed
INFO:root:2021-07-27-10--42--08 Frame manipulations completed
INFO:root:2021-07-27-10--42--08 Bounding Box Drawn
INFO:root:2021-07-27-10--42--08 MovingFrameQueue Appended
INFO:root:2021-07-27-10--42--08 anomallyFrameTracker resetted to 200
INFO:root:2021-07-27-10--42--08 Colour Conversion Completed
INFO:root:2021-07-27-10--42--08 Sleep Check Completed
INFO:root:2021-07-27-10--42--08 Frame manipulations completed
INFO:root:2021-07-27-10--42--08 Bounding Box Drawn
INFO:root:2021-07-27-10--42--09 MovingFrameQueue Appended
INFO:root:2021-07-27-10--42--09 anomallyFrameTracker resetted to 200
INFO:root:2021-07-27-10--42--09 Colour Conversion Completed
INFO:root:2021-07-27-10--42--09 Sleep Check Completed
INFO:root:2021-07-27-10--42--09 Frame manipulations completed
INFO:root:2021-07-27-10--42--09 Bounding Box Drawn
INFO:root:2021-07-27-10--42--09 MovingFrameQueue Appended
INFO:root:2021-07-27-10--42--09 anomallyFrameTracker resetted to 200
INFO:root:2021-07-27-10--42--09 Colour Conversion Completed
INFO:root:2021-07-27-10--42--09 Sleep Check Completed
INFO:root:2021-07-27-10--42--09 Frame manipulations completed
INFO:root:2021-07-27-10--42--09 Bounding Box Drawn
INFO:root:2021-07-27-10--42--10 MovingFrameQueue Appended
INFO:root:2021-07-27-10--42--10 anomallyFrameTracker resetted to 200
INFO:root:2021-07-27-10--42--10 Colour Conversion Completed
INFO:root:2021-07-27-10--42--10 Sleep Check Completed
INFO:root:2021-07-27-10--42--10 Frame manipulations completed
INFO:root:2021-07-27-10--42--10 Bounding Box Drawn
INFO:root:2021-07-27-10--42--10 MovingFrameQueue Appended
INFO:root:2021-07-27-10--42--10 anomallyFrameTracker resetted to 200
INFO:root:2021-07-27-10--42--10 Colour Conversion Completed
INFO:root:2021-07-27-10--42--10 Sleep Check Completed
INFO:root:2021-07-27-10--42--10 Frame manipulations completed
INFO:root:2021-07-27-10--42--10 Bounding Box Drawn
INFO:root:2021-07-27-10--42--12 MovingFrameQueue Appended
INFO:root:2021-07-27-10--42--12 anomallyFrameTracker resetted to 200
INFO:root:2021-07-27-10--42--12 Colour Conversion Completed
INFO:root:2021-07-27-10--42--12 Sleep Check Completed
INFO:root:2021-07-27-10--42--12 Frame manipulations completed
INFO:root:2021-07-27-10--42--12 Bounding Box Drawn
INFO:root:2021-07-27-10--42--12 MovingFrameQueue Appended
INFO:root:2021-07-27-10--42--12 anomallyFrameTracker resetted to 200
INFO:root:2021-07-27-10--42--12 Colour Conversion Completed
INFO:root:2021-07-27-10--42--12 Sleep Check Completed
INFO:root:2021-07-27-10--42--12 Frame manipulations completed
INFO:root:2021-07-27-10--42--12 Bounding Box Drawn
INFO:root:2021-07-27-10--42--12 MovingFrameQueue Appended
INFO:root:2021-07-27-10--42--12 anomallyFrameTracker resetted to 200
INFO:root:2021-07-27-10--42--12 Colour Conversion Completed
INFO:root:2021-07-27-10--42--12 Sleep Check Completed
INFO:root:2021-07-27-10--42--12 Frame manipulations completed
INFO:root:2021-07-27-10--42--12 Bounding Box Drawn
INFO:root:2021-07-27-10--42--12 MovingFrameQueue Appended
INFO:root:2021-07-27-10--42--12 anomallyFrameTracker resetted to 200
INFO:root:2021-07-27-10--42--12 Colour Conversion Completed
INFO:root:2021-07-27-10--42--12 Sleep Check Completed
INFO:root:2021-07-27-10--42--12 Frame manipulations completed
INFO:root:2021-07-27-10--42--12 Bounding Box Drawn
INFO:root:2021-07-27-10--42--12 MovingFrameQueue Appended
INFO:root:2021-07-27-10--42--12 anomallyFrameTracker resetted to 200
INFO:root:2021-07-27-10--42--12 Colour Conversion Completed
INFO:root:2021-07-27-10--42--12 Sleep Check Completed
INFO:root:2021-07-27-10--42--12 Frame manipulations completed
INFO:root:2021-07-27-10--42--12 Bounding Box Drawn
INFO:root:2021-07-27-10--42--12 MovingFrameQueue Appended
INFO:root:2021-07-27-10--42--12 anomallyFrameTracker resetted to 200
INFO:root:2021-07-27-10--42--12 Colour Conversion Completed
INFO:root:2021-07-27-10--42--12 Sleep Check Completed
INFO:root:2021-07-27-10--42--12 Frame manipulations completed
INFO:root:2021-07-27-10--42--12 Bounding Box Drawn
INFO:root:2021-07-27-10--42--12 MovingFrameQueue Appended
INFO:root:2021-07-27-10--42--12 anomallyFrameTracker resetted to 200
INFO:root:2021-07-27-10--42--12 Colour Conversion Completed
INFO:root:2021-07-27-10--42--12 Sleep Check Completed
INFO:root:2021-07-27-10--42--12 Frame manipulations completed
INFO:root:2021-07-27-10--42--12 Bounding Box Drawn
INFO:root:2021-07-27-10--42--12 MovingFrameQueue Appended
INFO:root:2021-07-27-10--42--12 anomallyFrameTracker resetted to 200
INFO:root:2021-07-27-10--42--12 Colour Conversion Completed
INFO:root:2021-07-27-10--42--12 Sleep Check Completed
INFO:root:2021-07-27-10--42--12 Frame manipulations completed
INFO:root:2021-07-27-10--42--12 Bounding Box Drawn
INFO:root:2021-07-27-10--42--12 MovingFrameQueue Appended
INFO:root:2021-07-27-10--42--12 anomallyFrameTracker resetted to 200
INFO:root:2021-07-27-10--42--12 Colour Conversion Completed
INFO:root:2021-07-27-10--42--12 Sleep Check Completed
INFO:root:2021-07-27-10--42--12 Frame manipulations completed
INFO:root:2021-07-27-10--42--12 Bounding Box Drawn
INFO:root:2021-07-27-10--42--12 MovingFrameQueue Appended
INFO:root:2021-07-27-10--42--12 anomallyFrameTracker resetted to 200
INFO:root:2021-07-27-10--42--13 Colour Conversion Completed
INFO:root:2021-07-27-10--42--13 Sleep Check Completed
INFO:root:2021-07-27-10--42--13 Frame manipulations completed
INFO:root:2021-07-27-10--42--13 Bounding Box Drawn
INFO:root:2021-07-27-10--42--13 MovingFrameQueue Appended
INFO:root:2021-07-27-10--42--13 anomallyFrameTracker resetted to 200
INFO:root:2021-07-27-10--42--13 Colour Conversion Completed
INFO:root:2021-07-27-10--42--13 Sleep Check Completed
INFO:root:2021-07-27-10--42--13 Frame manipulations completed
INFO:root:2021-07-27-10--42--13 Bounding Box Drawn
INFO:root:2021-07-27-10--42--13 MovingFrameQueue Appended
INFO:root:2021-07-27-10--42--13 anomallyFrameTracker resetted to 200
INFO:root:2021-07-27-10--42--13 Colour Conversion Completed
INFO:root:2021-07-27-10--42--13 Sleep Check Completed
INFO:root:2021-07-27-10--42--13 Frame manipulations completed
INFO:root:2021-07-27-10--42--13 Bounding Box Drawn
INFO:root:2021-07-27-10--42--13 MovingFrameQueue Appended
INFO:root:2021-07-27-10--42--13 anomallyFrameTracker resetted to 200
INFO:root:2021-07-27-10--42--13 Colour Conversion Completed
INFO:root:2021-07-27-10--42--13 Sleep Check Completed
INFO:root:2021-07-27-10--42--13 Frame manipulations completed
INFO:root:2021-07-27-10--42--13 Bounding Box Drawn
INFO:root:2021-07-27-10--42--13 MovingFrameQueue Appended
INFO:root:2021-07-27-10--42--13 anomallyFrameTracker resetted to 200
INFO:root:2021-07-27-10--42--13 Colour Conversion Completed
INFO:root:2021-07-27-10--42--13 Sleep Check Completed
INFO:root:2021-07-27-10--42--13 Frame manipulations completed
INFO:root:2021-07-27-10--42--13 Bounding Box Drawn
INFO:root:2021-07-27-10--42--13 MovingFrameQueue Appended
INFO:root:2021-07-27-10--42--13 anomallyFrameTracker resetted to 200
INFO:root:2021-07-27-10--42--13 Colour Conversion Completed
INFO:root:2021-07-27-10--42--13 Sleep Check Completed
INFO:root:2021-07-27-10--42--13 Frame manipulations completed
INFO:root:2021-07-27-10--42--13 Bounding Box Drawn
INFO:root:2021-07-27-10--42--13 MovingFrameQueue Appended
INFO:root:2021-07-27-10--42--13 anomallyFrameTracker resetted to 200
INFO:root:2021-07-27-10--42--13 Colour Conversion Completed
INFO:root:2021-07-27-10--42--13 Sleep Check Completed
INFO:root:2021-07-27-10--42--13 Frame manipulations completed
INFO:root:2021-07-27-10--42--13 Bounding Box Drawn
INFO:root:2021-07-27-10--42--14 MovingFrameQueue Appended
INFO:root:2021-07-27-10--42--14 anomallyFrameTracker resetted to 200
INFO:root:2021-07-27-10--42--14 Colour Conversion Completed
INFO:root:2021-07-27-10--42--14 Sleep Check Completed
INFO:root:2021-07-27-10--42--14 Frame manipulations completed
INFO:root:2021-07-27-10--42--14 Bounding Box Drawn
INFO:root:2021-07-27-10--42--14 MovingFrameQueue Appended
INFO:root:2021-07-27-10--42--14 anomallyFrameTracker resetted to 200
INFO:root:2021-07-27-10--42--14 Colour Conversion Completed
INFO:root:2021-07-27-10--42--14 Sleep Check Completed
INFO:root:2021-07-27-10--42--14 Frame manipulations completed
INFO:root:2021-07-27-10--42--14 Bounding Box Drawn
INFO:root:2021-07-27-10--42--14 MovingFrameQueue Appended
INFO:root:2021-07-27-10--42--14 anomallyFrameTracker resetted to 200
INFO:root:2021-07-27-10--42--14 Colour Conversion Completed
INFO:root:2021-07-27-10--42--14 Sleep Check Completed
INFO:root:2021-07-27-10--42--14 Frame manipulations completed
INFO:root:2021-07-27-10--42--14 Bounding Box Drawn
INFO:root:2021-07-27-10--42--14 MovingFrameQueue Appended
INFO:root:2021-07-27-10--42--14 anomallyFrameTracker resetted to 200
INFO:root:2021-07-27-10--42--14 Colour Conversion Completed
INFO:root:2021-07-27-10--42--14 Sleep Check Completed
INFO:root:2021-07-27-10--42--14 Frame manipulations completed
INFO:root:2021-07-27-10--42--14 Bounding Box Drawn
INFO:root:2021-07-27-10--42--16 MovingFrameQueue Appended
INFO:root:2021-07-27-10--42--16 anomallyFrameTracker resetted to 200
INFO:root:2021-07-27-10--42--16 Colour Conversion Completed
INFO:root:2021-07-27-10--42--16 Sleep Check Completed
INFO:root:2021-07-27-10--42--16 Frame manipulations completed
INFO:root:2021-07-27-10--42--16 Bounding Box Drawn
INFO:root:2021-07-27-10--42--16 MovingFrameQueue Appended
INFO:root:2021-07-27-10--42--16 anomallyFrameTracker resetted to 200
INFO:root:2021-07-27-10--42--16 Colour Conversion Completed
INFO:root:2021-07-27-10--42--16 Sleep Check Completed
INFO:root:2021-07-27-10--42--16 Frame manipulations completed
INFO:root:2021-07-27-10--42--16 Bounding Box Drawn
INFO:root:2021-07-27-10--42--16 MovingFrameQueue Appended
INFO:root:2021-07-27-10--42--16 anomallyFrameTracker resetted to 200
INFO:root:2021-07-27-10--42--16 Colour Conversion Completed
INFO:root:2021-07-27-10--42--16 Sleep Check Completed
INFO:root:2021-07-27-10--42--16 Frame manipulations completed
INFO:root:2021-07-27-10--42--16 Bounding Box Drawn
INFO:root:2021-07-27-10--42--16 MovingFrameQueue Appended
INFO:root:2021-07-27-10--42--16 anomallyFrameTracker resetted to 200
INFO:root:2021-07-27-10--42--16 Colour Conversion Completed
INFO:root:2021-07-27-10--42--16 Sleep Check Completed
INFO:root:2021-07-27-10--42--16 Frame manipulations completed
INFO:root:2021-07-27-10--42--16 Bounding Box Drawn
INFO:root:2021-07-27-10--42--16 MovingFrameQueue Appended
INFO:root:2021-07-27-10--42--16 anomallyFrameTracker resetted to 200
INFO:root:2021-07-27-10--42--16 Colour Conversion Completed
INFO:root:2021-07-27-10--42--16 Sleep Check Completed
INFO:root:2021-07-27-10--42--16 Frame manipulations completed
INFO:root:2021-07-27-10--42--16 Bounding Box Drawn
INFO:root:2021-07-27-10--42--16 MovingFrameQueue Appended
INFO:root:2021-07-27-10--42--16 anomallyFrameTracker resetted to 200
INFO:root:2021-07-27-10--42--16 Colour Conversion Completed
INFO:root:2021-07-27-10--42--16 Sleep Check Completed
INFO:root:2021-07-27-10--42--16 Frame manipulations completed
INFO:root:2021-07-27-10--42--16 Bounding Box Drawn
INFO:root:2021-07-27-10--42--16 MovingFrameQueue Appended
INFO:root:2021-07-27-10--42--16 anomallyFrameTracker resetted to 200
INFO:root:2021-07-27-10--42--16 Colour Conversion Completed
INFO:root:2021-07-27-10--42--16 Sleep Check Completed
INFO:root:2021-07-27-10--42--16 Frame manipulations completed
INFO:root:2021-07-27-10--42--16 Bounding Box Drawn
INFO:root:2021-07-27-10--42--16 MovingFrameQueue Appended
INFO:root:2021-07-27-10--42--16 anomallyFrameTracker resetted to 200
INFO:root:2021-07-27-10--42--16 Colour Conversion Completed
INFO:root:2021-07-27-10--42--16 Sleep Check Completed
INFO:root:2021-07-27-10--42--16 Frame manipulations completed
INFO:root:2021-07-27-10--42--16 Bounding Box Drawn
INFO:root:2021-07-27-10--42--16 MovingFrameQueue Appended
INFO:root:2021-07-27-10--42--16 anomallyFrameTracker resetted to 200
INFO:root:2021-07-27-10--42--17 Colour Conversion Completed
INFO:root:2021-07-27-10--42--17 Sleep Check Completed
INFO:root:2021-07-27-10--42--17 Frame manipulations completed
INFO:root:2021-07-27-10--42--17 Bounding Box Drawn
INFO:root:2021-07-27-10--42--17 MovingFrameQueue Appended
INFO:root:2021-07-27-10--42--17 anomallyFrameTracker resetted to 200
INFO:root:2021-07-27-10--42--17 Colour Conversion Completed
INFO:root:2021-07-27-10--42--17 Sleep Check Completed
INFO:root:2021-07-27-10--42--17 Frame manipulations completed
INFO:root:2021-07-27-10--42--17 Bounding Box Drawn
INFO:root:2021-07-27-10--42--17 MovingFrameQueue Appended
INFO:root:2021-07-27-10--42--17 anomallyFrameTracker resetted to 200
INFO:root:2021-07-27-10--42--17 Colour Conversion Completed
INFO:root:2021-07-27-10--42--17 Sleep Check Completed
INFO:root:2021-07-27-10--42--17 Frame manipulations completed
INFO:root:2021-07-27-10--42--17 Bounding Box Drawn
INFO:root:2021-07-27-10--42--17 MovingFrameQueue Appended
INFO:root:2021-07-27-10--42--17 anomallyFrameTracker resetted to 200
INFO:root:2021-07-27-10--42--17 Colour Conversion Completed
INFO:root:2021-07-27-10--42--17 Sleep Check Completed
INFO:root:2021-07-27-10--42--17 Frame manipulations completed
INFO:root:2021-07-27-10--42--17 Bounding Box Drawn
INFO:root:2021-07-27-10--42--17 MovingFrameQueue Appended
INFO:root:2021-07-27-10--42--17 anomallyFrameTracker resetted to 200
INFO:root:2021-07-27-10--42--17 Colour Conversion Completed
INFO:root:2021-07-27-10--42--17 Sleep Check Completed
INFO:root:2021-07-27-10--42--17 Frame manipulations completed
INFO:root:2021-07-27-10--42--17 Bounding Box Drawn
INFO:root:2021-07-27-10--42--17 MovingFrameQueue Appended
INFO:root:2021-07-27-10--42--17 anomallyFrameTracker resetted to 200
INFO:root:2021-07-27-10--42--17 Colour Conversion Completed
INFO:root:2021-07-27-10--42--17 Sleep Check Completed
INFO:root:2021-07-27-10--42--17 Frame manipulations completed
INFO:root:2021-07-27-10--42--17 Bounding Box Drawn
INFO:root:2021-07-27-10--42--17 MovingFrameQueue Appended
INFO:root:2021-07-27-10--42--17 anomallyFrameTracker resetted to 200
INFO:root:2021-07-27-10--42--17 Colour Conversion Completed
INFO:root:2021-07-27-10--42--17 Sleep Check Completed
INFO:root:2021-07-27-10--42--17 Frame manipulations completed
INFO:root:2021-07-27-10--42--17 Bounding Box Drawn
INFO:root:2021-07-27-10--42--17 MovingFrameQueue Appended
INFO:root:2021-07-27-10--42--17 anomallyFrameTracker resetted to 200
INFO:root:2021-07-27-10--42--17 Colour Conversion Completed
INFO:root:2021-07-27-10--42--17 Sleep Check Completed
INFO:root:2021-07-27-10--42--17 Frame manipulations completed
INFO:root:2021-07-27-10--42--17 Bounding Box Drawn
INFO:root:2021-07-27-10--42--17 MovingFrameQueue Appended
INFO:root:2021-07-27-10--42--17 anomallyFrameTracker resetted to 200
INFO:root:2021-07-27-10--42--17 Colour Conversion Completed
INFO:root:2021-07-27-10--42--17 Sleep Check Completed
INFO:root:2021-07-27-10--42--17 Frame manipulations completed
INFO:root:2021-07-27-10--42--17 Bounding Box Drawn
INFO:root:2021-07-27-10--42--17 MovingFrameQueue Appended
INFO:root:2021-07-27-10--42--17 anomallyFrameTracker resetted to 200
INFO:root:2021-07-27-10--42--18 Colour Conversion Completed
INFO:root:2021-07-27-10--42--18 Sleep Check Completed
INFO:root:2021-07-27-10--42--18 Frame manipulations completed
INFO:root:2021-07-27-10--42--18 Bounding Box Drawn
INFO:root:2021-07-27-10--42--18 MovingFrameQueue Appended
INFO:root:2021-07-27-10--42--18 anomallyFrameTracker resetted to 200
INFO:root:2021-07-27-10--42--18 Colour Conversion Completed
INFO:root:2021-07-27-10--42--18 Sleep Check Completed
INFO:root:2021-07-27-10--42--18 Frame manipulations completed
INFO:root:2021-07-27-10--42--18 Bounding Box Drawn
INFO:root:2021-07-27-10--42--18 MovingFrameQueue Appended
INFO:root:2021-07-27-10--42--18 anomallyFrameTracker resetted to 200
INFO:root:2021-07-27-10--42--18 Colour Conversion Completed
INFO:root:2021-07-27-10--42--18 Sleep Check Completed
INFO:root:2021-07-27-10--42--18 Frame manipulations completed
INFO:root:2021-07-27-10--42--18 Bounding Box Drawn
INFO:root:2021-07-27-10--42--18 MovingFrameQueue Appended
INFO:root:2021-07-27-10--42--18 anomallyFrameTracker resetted to 200
INFO:root:2021-07-27-10--42--18 Colour Conversion Completed
INFO:root:2021-07-27-10--42--18 Sleep Check Completed
INFO:root:2021-07-27-10--42--18 Frame manipulations completed
INFO:root:2021-07-27-10--42--18 Bounding Box Drawn
INFO:root:2021-07-27-10--42--19 MovingFrameQueue Popped
INFO:root:2021-07-27-10--42--19 anomallyFrameTracker resetted to 200
INFO:root:2021-07-27-10--42--19 Colour Conversion Completed
INFO:root:2021-07-27-10--42--19 Sleep Check Completed
INFO:root:2021-07-27-10--42--19 Frame manipulations completed
INFO:root:2021-07-27-10--42--19 Bounding Box Drawn
INFO:root:2021-07-27-10--42--19 MovingFrameQueue Appended
INFO:root:2021-07-27-10--42--19 anomallyFrameTracker resetted to 200
INFO:root:2021-07-27-10--42--19 Colour Conversion Completed
INFO:root:2021-07-27-10--42--19 Sleep Check Completed
INFO:root:2021-07-27-10--42--19 Frame manipulations completed
INFO:root:2021-07-27-10--42--19 Bounding Box Drawn
INFO:root:2021-07-27-10--42--19 MovingFrameQueue Popped
INFO:root:2021-07-27-10--42--19 anomallyFrameTracker resetted to 200
INFO:root:2021-07-27-10--42--19 Colour Conversion Completed
INFO:root:2021-07-27-10--42--19 Sleep Check Completed
INFO:root:2021-07-27-10--42--19 Frame manipulations completed
INFO:root:2021-07-27-10--42--19 Bounding Box Drawn
INFO:root:2021-07-27-10--42--20 MovingFrameQueue Appended
INFO:root:2021-07-27-10--42--20 anomallyFrameTracker resetted to 200
INFO:root:2021-07-27-10--42--20 Colour Conversion Completed
INFO:root:2021-07-27-10--42--20 Sleep Check Completed
INFO:root:2021-07-27-10--42--20 Frame manipulations completed
INFO:root:2021-07-27-10--42--20 Bounding Box Drawn
INFO:root:2021-07-27-10--42--20 MovingFrameQueue Popped
INFO:root:2021-07-27-10--42--20 anomallyFrameTracker resetted to 200
INFO:root:2021-07-27-10--42--20 Colour Conversion Completed
INFO:root:2021-07-27-10--42--20 Sleep Check Completed
INFO:root:2021-07-27-10--42--20 Frame manipulations completed
INFO:root:2021-07-27-10--42--20 Bounding Box Drawn
INFO:root:2021-07-27-10--42--21 MovingFrameQueue Appended
INFO:root:2021-07-27-10--42--21 anomallyFrameTracker resetted to 200
INFO:root:2021-07-27-10--42--21 Colour Conversion Completed
INFO:root:2021-07-27-10--42--21 Sleep Check Completed
INFO:root:2021-07-27-10--42--21 Frame manipulations completed
INFO:root:2021-07-27-10--42--21 Bounding Box Drawn
INFO:root:2021-07-27-10--42--21 MovingFrameQueue Popped
INFO:root:2021-07-27-10--42--21 anomallyFrameTracker resetted to 200
INFO:root:2021-07-27-10--42--21 Colour Conversion Completed
INFO:root:2021-07-27-10--42--21 Sleep Check Completed
INFO:root:2021-07-27-10--42--21 Frame manipulations completed
INFO:root:2021-07-27-10--42--21 Bounding Box Drawn
INFO:root:2021-07-27-10--42--21 MovingFrameQueue Appended
INFO:root:2021-07-27-10--42--21 anomallyFrameTracker resetted to 200
INFO:root:2021-07-27-10--42--21 Colour Conversion Completed
INFO:root:2021-07-27-10--42--21 Sleep Check Completed
INFO:root:2021-07-27-10--42--21 Frame manipulations completed
INFO:root:2021-07-27-10--42--21 Bounding Box Drawn
INFO:root:2021-07-27-10--42--22 MovingFrameQueue Popped
INFO:root:2021-07-27-10--42--22 anomallyFrameTracker resetted to 200
INFO:root:2021-07-27-10--42--22 Colour Conversion Completed
INFO:root:2021-07-27-10--42--22 Sleep Check Completed
INFO:root:2021-07-27-10--42--22 Frame manipulations completed
INFO:root:2021-07-27-10--42--22 Bounding Box Drawn
INFO:root:2021-07-27-10--42--22 MovingFrameQueue Appended
INFO:root:2021-07-27-10--42--22 anomallyFrameTracker resetted to 200
INFO:root:2021-07-27-10--42--22 Colour Conversion Completed
INFO:root:2021-07-27-10--42--22 Sleep Check Completed
INFO:root:2021-07-27-10--42--22 Frame manipulations completed
INFO:root:2021-07-27-10--42--22 Bounding Box Drawn
INFO:root:2021-07-27-10--42--22 MovingFrameQueue Popped
INFO:root:2021-07-27-10--42--22 anomallyFrameTracker resetted to 200
INFO:root:2021-07-27-10--42--22 Colour Conversion Completed
INFO:root:2021-07-27-10--42--22 Sleep Check Completed
INFO:root:2021-07-27-10--42--22 Frame manipulations completed
INFO:root:2021-07-27-10--42--22 Bounding Box Drawn
INFO:root:2021-07-27-10--42--23 MovingFrameQueue Appended
INFO:root:2021-07-27-10--42--23 anomallyFrameTracker resetted to 200
INFO:root:2021-07-27-10--42--23 Colour Conversion Completed
INFO:root:2021-07-27-10--42--23 Sleep Check Completed
INFO:root:2021-07-27-10--42--23 Frame manipulations completed
INFO:root:2021-07-27-10--42--23 Bounding Box Drawn
INFO:root:2021-07-27-10--42--23 MovingFrameQueue Popped
INFO:root:2021-07-27-10--42--23 anomallyFrameTracker resetted to 200
INFO:root:2021-07-27-10--42--23 Colour Conversion Completed
INFO:root:2021-07-27-10--42--23 Sleep Check Completed
INFO:root:2021-07-27-10--42--23 Frame manipulations completed
INFO:root:2021-07-27-10--42--23 Bounding Box Drawn
INFO:root:2021-07-27-10--42--23 MovingFrameQueue Appended
INFO:root:2021-07-27-10--42--23 anomallyFrameTracker resetted to 200
INFO:root:2021-07-27-10--42--23 Colour Conversion Completed
INFO:root:2021-07-27-10--42--23 Sleep Check Completed
INFO:root:2021-07-27-10--42--23 Frame manipulations completed
INFO:root:2021-07-27-10--42--23 Bounding Box Drawn
INFO:root:2021-07-27-10--42--24 MovingFrameQueue Popped
INFO:root:2021-07-27-10--42--24 anomallyFrameTracker resetted to 200
INFO:root:2021-07-27-10--42--24 Colour Conversion Completed
INFO:root:2021-07-27-10--42--24 Sleep Check Completed
INFO:root:2021-07-27-10--42--24 Frame manipulations completed
INFO:root:2021-07-27-10--42--24 Bounding Box Drawn
INFO:root:2021-07-27-10--42--24 MovingFrameQueue Appended
INFO:root:2021-07-27-10--42--24 anomallyFrameTracker resetted to 200
INFO:root:2021-07-27-10--42--24 Colour Conversion Completed
INFO:root:2021-07-27-10--42--24 Sleep Check Completed
INFO:root:2021-07-27-10--42--24 Frame manipulations completed
INFO:root:2021-07-27-10--42--24 Bounding Box Drawn
INFO:root:2021-07-27-10--42--25 MovingFrameQueue Popped
INFO:root:2021-07-27-10--42--25 anomallyFrameTracker resetted to 200
INFO:root:2021-07-27-10--42--25 Colour Conversion Completed
INFO:root:2021-07-27-10--42--25 Sleep Check Completed
INFO:root:2021-07-27-10--42--25 Frame manipulations completed
INFO:root:2021-07-27-10--42--25 Bounding Box Drawn
INFO:root:2021-07-27-10--42--25 MovingFrameQueue Appended
INFO:root:2021-07-27-10--42--25 anomallyFrameTracker resetted to 200
INFO:root:2021-07-27-10--42--25 Colour Conversion Completed
INFO:root:2021-07-27-10--42--25 Sleep Check Completed
INFO:root:2021-07-27-10--42--25 Frame manipulations completed
INFO:root:2021-07-27-10--42--25 Bounding Box Drawn
INFO:root:2021-07-27-10--42--25 MovingFrameQueue Popped
INFO:root:2021-07-27-10--42--25 anomallyFrameTracker resetted to 200
INFO:root:2021-07-27-10--42--25 Colour Conversion Completed
INFO:root:2021-07-27-10--42--25 Sleep Check Completed
INFO:root:2021-07-27-10--42--25 Frame manipulations completed
INFO:root:2021-07-27-10--42--25 Bounding Box Drawn
INFO:root:2021-07-27-10--42--25 MovingFrameQueue Appended
INFO:root:2021-07-27-10--42--25 anomallyFrameTracker resetted to 200
INFO:root:2021-07-27-10--42--25 Colour Conversion Completed
INFO:root:2021-07-27-10--42--25 Sleep Check Completed
INFO:root:2021-07-27-10--42--25 Frame manipulations completed
INFO:root:2021-07-27-10--42--25 Bounding Box Drawn
INFO:root:2021-07-27-10--42--26 MovingFrameQueue Popped
INFO:root:2021-07-27-10--42--26 anomallyFrameTracker resetted to 200
INFO:root:2021-07-27-10--42--26 Colour Conversion Completed
INFO:root:2021-07-27-10--42--26 Sleep Check Completed
INFO:root:2021-07-27-10--42--26 Frame manipulations completed
INFO:root:2021-07-27-10--42--26 Bounding Box Drawn
INFO:root:2021-07-27-10--42--26 MovingFrameQueue Appended
INFO:root:2021-07-27-10--42--26 anomallyFrameTracker resetted to 200
INFO:root:2021-07-27-10--42--26 Colour Conversion Completed
INFO:root:2021-07-27-10--42--26 Sleep Check Completed
INFO:root:2021-07-27-10--42--26 Frame manipulations completed
INFO:root:2021-07-27-10--42--26 Bounding Box Drawn
INFO:root:2021-07-27-10--42--26 MovingFrameQueue Popped
INFO:root:2021-07-27-10--42--26 anomallyFrameTracker resetted to 200
INFO:root:2021-07-27-10--42--26 Colour Conversion Completed
INFO:root:2021-07-27-10--42--26 Sleep Check Completed
INFO:root:2021-07-27-10--42--26 Frame manipulations completed
INFO:root:2021-07-27-10--42--26 Bounding Box Drawn
INFO:root:2021-07-27-10--42--27 MovingFrameQueue Appended
INFO:root:2021-07-27-10--42--27 anomallyFrameTracker resetted to 200
INFO:root:2021-07-27-10--42--27 Colour Conversion Completed
INFO:root:2021-07-27-10--42--27 Sleep Check Completed
INFO:root:2021-07-27-10--42--27 Frame manipulations completed
INFO:root:2021-07-27-10--42--27 Bounding Box Drawn
INFO:root:2021-07-27-10--42--27 MovingFrameQueue Popped
INFO:root:2021-07-27-10--42--27 anomallyFrameTracker resetted to 200
INFO:root:2021-07-27-10--42--27 Colour Conversion Completed
INFO:root:2021-07-27-10--42--27 Sleep Check Completed
INFO:root:2021-07-27-10--42--27 Frame manipulations completed
INFO:root:2021-07-27-10--42--27 Bounding Box Drawn
INFO:root:2021-07-27-10--42--27 MovingFrameQueue Appended
INFO:root:2021-07-27-10--42--27 anomallyFrameTracker resetted to 200
INFO:root:2021-07-27-10--42--28 Colour Conversion Completed
INFO:root:2021-07-27-10--42--28 Sleep Check Completed
INFO:root:2021-07-27-10--42--28 Frame manipulations completed
INFO:root:2021-07-27-10--42--28 Bounding Box Drawn
INFO:root:2021-07-27-10--42--28 MovingFrameQueue Popped
INFO:root:2021-07-27-10--42--28 anomallyFrameTracker resetted to 200
INFO:root:2021-07-27-10--42--28 Colour Conversion Completed
INFO:root:2021-07-27-10--42--28 Sleep Check Completed
INFO:root:2021-07-27-10--42--28 Frame manipulations completed
INFO:root:2021-07-27-10--42--28 Bounding Box Drawn
INFO:root:2021-07-27-10--42--29 MovingFrameQueue Appended
INFO:root:2021-07-27-10--42--29 anomallyFrameTracker resetted to 200
INFO:root:2021-07-27-10--42--29 Colour Conversion Completed
INFO:root:2021-07-27-10--42--29 Sleep Check Completed
INFO:root:2021-07-27-10--42--29 Frame manipulations completed
INFO:root:2021-07-27-10--42--29 Bounding Box Drawn
INFO:root:2021-07-27-10--42--29 MovingFrameQueue Popped
INFO:root:2021-07-27-10--42--29 anomallyFrameTracker resetted to 200
INFO:root:2021-07-27-10--42--29 Colour Conversion Completed
INFO:root:2021-07-27-10--42--29 Sleep Check Completed
INFO:root:2021-07-27-10--42--29 Frame manipulations completed
INFO:root:2021-07-27-10--42--29 Bounding Box Drawn
INFO:root:2021-07-27-10--42--30 MovingFrameQueue Appended
INFO:root:2021-07-27-10--42--30 anomallyFrameTracker resetted to 200
INFO:root:2021-07-27-10--42--30 Colour Conversion Completed
INFO:root:2021-07-27-10--42--30 Sleep Check Completed
INFO:root:2021-07-27-10--42--30 Frame manipulations completed
INFO:root:2021-07-27-10--42--30 Bounding Box Drawn
INFO:root:2021-07-27-10--42--31 MovingFrameQueue Popped
INFO:root:2021-07-27-10--42--31 anomallyFrameTracker resetted to 200
INFO:root:2021-07-27-10--42--31 Colour Conversion Completed
INFO:root:2021-07-27-10--42--31 Sleep Check Completed
INFO:root:2021-07-27-10--42--31 Frame manipulations completed
INFO:root:2021-07-27-10--42--31 Bounding Box Drawn
INFO:root:2021-07-27-10--42--31 MovingFrameQueue Appended
INFO:root:2021-07-27-10--42--31 anomallyFrameTracker resetted to 200
INFO:root:2021-07-27-10--42--31 Colour Conversion Completed
INFO:root:2021-07-27-10--42--31 Sleep Check Completed
INFO:root:2021-07-27-10--42--31 Frame manipulations completed
INFO:root:2021-07-27-10--42--31 Bounding Box Drawn
INFO:root:2021-07-27-10--42--32 MovingFrameQueue Popped
INFO:root:2021-07-27-10--42--32 anomallyFrameTracker resetted to 200
INFO:root:2021-07-27-10--42--32 Colour Conversion Completed
INFO:root:2021-07-27-10--42--32 Sleep Check Completed
INFO:root:2021-07-27-10--42--32 Frame manipulations completed
INFO:root:2021-07-27-10--42--32 Bounding Box Drawn
INFO:root:2021-07-27-10--42--33 MovingFrameQueue Appended
INFO:root:2021-07-27-10--42--33 anomallyFrameTracker resetted to 200
INFO:root:2021-07-27-10--42--33 Colour Conversion Completed
INFO:root:2021-07-27-10--42--33 Sleep Check Completed
INFO:root:2021-07-27-10--42--33 Frame manipulations completed
INFO:root:2021-07-27-10--42--33 Bounding Box Drawn
INFO:root:2021-07-27-10--42--33 MovingFrameQueue Popped
INFO:root:2021-07-27-10--42--33 anomallyFrameTracker resetted to 200
INFO:root:2021-07-27-10--42--33 Colour Conversion Completed
INFO:root:2021-07-27-10--42--33 Sleep Check Completed
INFO:root:2021-07-27-10--42--33 Frame manipulations completed
INFO:root:2021-07-27-10--42--33 Bounding Box Drawn
INFO:root:2021-07-27-10--42--34 MovingFrameQueue Appended
INFO:root:2021-07-27-10--42--34 anomallyFrameTracker resetted to 200
INFO:root:2021-07-27-10--42--34 Colour Conversion Completed
INFO:root:2021-07-27-10--42--34 Sleep Check Completed
INFO:root:2021-07-27-10--42--34 Frame manipulations completed
INFO:root:2021-07-27-10--42--34 Bounding Box Drawn
INFO:root:2021-07-27-10--42--35 MovingFrameQueue Popped
INFO:root:2021-07-27-10--42--35 anomallyFrameTracker resetted to 200
INFO:root:2021-07-27-10--42--35 Colour Conversion Completed
INFO:root:2021-07-27-10--42--35 Sleep Check Completed
INFO:root:2021-07-27-10--42--35 Frame manipulations completed
INFO:root:2021-07-27-10--42--35 Bounding Box Drawn
INFO:root:2021-07-27-10--42--35 MovingFrameQueue Appended
INFO:root:2021-07-27-10--42--35 anomallyFrameTracker resetted to 200
INFO:root:2021-07-27-10--42--35 Colour Conversion Completed
INFO:root:2021-07-27-10--42--35 Sleep Check Completed
INFO:root:2021-07-27-10--42--35 Frame manipulations completed
INFO:root:2021-07-27-10--42--35 Bounding Box Drawn
INFO:root:2021-07-27-10--42--36 MovingFrameQueue Popped
INFO:root:2021-07-27-10--42--36 anomallyFrameTracker resetted to 200
INFO:root:2021-07-27-10--42--36 Colour Conversion Completed
INFO:root:2021-07-27-10--42--36 Sleep Check Completed
INFO:root:2021-07-27-10--42--36 Frame manipulations completed
INFO:root:2021-07-27-10--42--36 Bounding Box Drawn
INFO:root:2021-07-27-10--42--37 MovingFrameQueue Appended
INFO:root:2021-07-27-10--42--37 anomallyFrameTracker resetted to 200
INFO:root:2021-07-27-10--42--37 Colour Conversion Completed
INFO:root:2021-07-27-10--42--37 Sleep Check Completed
INFO:root:2021-07-27-10--42--37 Frame manipulations completed
INFO:root:2021-07-27-10--42--37 Bounding Box Drawn
INFO:root:2021-07-27-10--42--37 MovingFrameQueue Popped
INFO:root:2021-07-27-10--42--37 anomallyFrameTracker resetted to 200
INFO:root:2021-07-27-10--42--37 Colour Conversion Completed
INFO:root:2021-07-27-10--42--37 Sleep Check Completed
INFO:root:2021-07-27-10--42--37 Frame manipulations completed
INFO:root:2021-07-27-10--42--37 Bounding Box Drawn
INFO:root:2021-07-27-10--42--38 MovingFrameQueue Appended
INFO:root:2021-07-27-10--42--38 anomallyFrameTracker resetted to 200
INFO:root:2021-07-27-10--42--38 Colour Conversion Completed
INFO:root:2021-07-27-10--42--38 Sleep Check Completed
INFO:root:2021-07-27-10--42--38 Frame manipulations completed
INFO:root:2021-07-27-10--42--38 Bounding Box Drawn
INFO:root:2021-07-27-10--42--38 MovingFrameQueue Popped
INFO:root:2021-07-27-10--42--38 anomallyFrameTracker resetted to 200
INFO:root:2021-07-27-10--42--38 Colour Conversion Completed
INFO:root:2021-07-27-10--42--38 Sleep Check Completed
INFO:root:2021-07-27-10--42--38 Frame manipulations completed
INFO:root:2021-07-27-10--42--38 Bounding Box Drawn
INFO:root:2021-07-27-10--42--39 MovingFrameQueue Appended
INFO:root:2021-07-27-10--42--39 anomallyFrameTracker resetted to 200
INFO:root:2021-07-27-10--42--39 Colour Conversion Completed
INFO:root:2021-07-27-10--42--39 Sleep Check Completed
INFO:root:2021-07-27-10--42--39 Frame manipulations completed
INFO:root:2021-07-27-10--42--39 Bounding Box Drawn
INFO:root:2021-07-27-10--42--39 MovingFrameQueue Popped
INFO:root:2021-07-27-10--42--39 anomallyFrameTracker resetted to 200
INFO:root:2021-07-27-10--42--39 Colour Conversion Completed
INFO:root:2021-07-27-10--42--39 Sleep Check Completed
INFO:root:2021-07-27-10--42--39 Frame manipulations completed
INFO:root:2021-07-27-10--42--39 Bounding Box Drawn
INFO:root:2021-07-27-10--42--40 MovingFrameQueue Appended
INFO:root:2021-07-27-10--42--40 anomallyFrameTracker resetted to 200
INFO:root:2021-07-27-10--42--40 Colour Conversion Completed
INFO:root:2021-07-27-10--42--40 Sleep Check Completed
INFO:root:2021-07-27-10--42--40 Frame manipulations completed
INFO:root:2021-07-27-10--42--40 Bounding Box Drawn
INFO:root:2021-07-27-10--42--40 MovingFrameQueue Popped
INFO:root:2021-07-27-10--42--40 anomallyFrameTracker resetted to 200
INFO:root:2021-07-27-10--42--40 Colour Conversion Completed
INFO:root:2021-07-27-10--42--41 Sleep Check Completed
INFO:root:2021-07-27-10--42--41 Frame manipulations completed
INFO:root:2021-07-27-10--42--41 Bounding Box Drawn
INFO:root:2021-07-27-10--42--41 MovingFrameQueue Appended
INFO:root:2021-07-27-10--42--41 anomallyFrameTracker resetted to 200
INFO:root:2021-07-27-10--42--41 Colour Conversion Completed
INFO:root:2021-07-27-10--42--41 Sleep Check Completed
INFO:root:2021-07-27-10--42--41 Frame manipulations completed
INFO:root:2021-07-27-10--42--41 Bounding Box Drawn
INFO:root:2021-07-27-10--42--42 MovingFrameQueue Popped
INFO:root:2021-07-27-10--42--42 anomallyFrameTracker resetted to 200
INFO:root:2021-07-27-10--42--42 Colour Conversion Completed
INFO:root:2021-07-27-10--42--42 Sleep Check Completed
INFO:root:2021-07-27-10--42--42 Frame manipulations completed
INFO:root:2021-07-27-10--42--42 Bounding Box Drawn
INFO:root:2021-07-27-10--42--42 MovingFrameQueue Appended
INFO:root:2021-07-27-10--42--42 anomallyFrameTracker resetted to 200
INFO:root:2021-07-27-10--42--42 Colour Conversion Completed
INFO:root:2021-07-27-10--42--42 Sleep Check Completed
INFO:root:2021-07-27-10--42--42 Frame manipulations completed
INFO:root:2021-07-27-10--42--42 Bounding Box Drawn
INFO:root:2021-07-27-10--42--43 MovingFrameQueue Popped
INFO:root:2021-07-27-10--42--43 anomallyFrameTracker resetted to 200
INFO:root:2021-07-27-10--42--43 Colour Conversion Completed
INFO:root:2021-07-27-10--42--43 Sleep Check Completed
INFO:root:2021-07-27-10--42--43 Frame manipulations completed
INFO:root:2021-07-27-10--42--43 Bounding Box Drawn
INFO:root:2021-07-27-10--42--43 MovingFrameQueue Appended
INFO:root:2021-07-27-10--42--43 anomallyFrameTracker resetted to 200
INFO:root:2021-07-27-10--42--43 Colour Conversion Completed
INFO:root:2021-07-27-10--42--43 Sleep Check Completed
INFO:root:2021-07-27-10--42--43 Frame manipulations completed
INFO:root:2021-07-27-10--42--43 Bounding Box Drawn
INFO:root:2021-07-27-10--42--44 MovingFrameQueue Popped
INFO:root:2021-07-27-10--42--44 anomallyFrameTracker resetted to 200
INFO:root:2021-07-27-10--42--44 Colour Conversion Completed
INFO:root:2021-07-27-10--42--44 Sleep Check Completed
INFO:root:2021-07-27-10--42--44 Frame manipulations completed
INFO:root:2021-07-27-10--42--44 Bounding Box Drawn
INFO:root:2021-07-27-10--42--44 MovingFrameQueue Appended
INFO:root:2021-07-27-10--42--44 anomallyFrameTracker resetted to 200
INFO:root:2021-07-27-10--42--44 Colour Conversion Completed
INFO:root:2021-07-27-10--42--44 Sleep Check Completed
INFO:root:2021-07-27-10--42--44 Frame manipulations completed
INFO:root:2021-07-27-10--42--44 Bounding Box Drawn
INFO:root:2021-07-27-10--42--45 MovingFrameQueue Popped
INFO:root:2021-07-27-10--42--45 anomallyFrameTracker resetted to 200
INFO:root:2021-07-27-10--42--45 Colour Conversion Completed
INFO:root:2021-07-27-10--42--45 Sleep Check Completed
INFO:root:2021-07-27-10--42--45 Frame manipulations completed
INFO:root:2021-07-27-10--42--45 Bounding Box Drawn
INFO:root:2021-07-27-10--42--46 MovingFrameQueue Appended
INFO:root:2021-07-27-10--42--46 anomallyFrameTracker resetted to 200
INFO:root:2021-07-27-10--42--46 Colour Conversion Completed
INFO:root:2021-07-27-10--42--46 Sleep Check Completed
INFO:root:2021-07-27-10--42--46 Frame manipulations completed
INFO:root:2021-07-27-10--42--46 Bounding Box Drawn
INFO:root:2021-07-27-10--42--46 MovingFrameQueue Popped
INFO:root:2021-07-27-10--42--46 anomallyFrameTracker resetted to 200
INFO:root:2021-07-27-10--42--46 Colour Conversion Completed
INFO:root:2021-07-27-10--42--46 Sleep Check Completed
INFO:root:2021-07-27-10--42--46 Frame manipulations completed
INFO:root:2021-07-27-10--42--46 Bounding Box Drawn
INFO:root:2021-07-27-10--42--47 MovingFrameQueue Appended
INFO:root:2021-07-27-10--42--47 anomallyFrameTracker resetted to 200
INFO:root:2021-07-27-10--42--47 Colour Conversion Completed
INFO:root:2021-07-27-10--42--47 Sleep Check Completed
INFO:root:2021-07-27-10--42--47 Frame manipulations completed
INFO:root:2021-07-27-10--42--47 Bounding Box Drawn
INFO:root:2021-07-27-10--42--48 MovingFrameQueue Popped
INFO:root:2021-07-27-10--42--48 anomallyFrameTracker resetted to 200
INFO:root:2021-07-27-10--42--48 Colour Conversion Completed
INFO:root:2021-07-27-10--42--48 Sleep Check Completed
INFO:root:2021-07-27-10--42--48 Frame manipulations completed
INFO:root:2021-07-27-10--42--48 Bounding Box Drawn
INFO:root:2021-07-27-10--42--49 MovingFrameQueue Appended
INFO:root:2021-07-27-10--42--49 anomallyFrameTracker resetted to 200
INFO:root:2021-07-27-10--42--49 Colour Conversion Completed
INFO:root:2021-07-27-10--42--49 Sleep Check Completed
INFO:root:2021-07-27-10--42--49 Frame manipulations completed
INFO:root:2021-07-27-10--42--49 Bounding Box Drawn
INFO:root:2021-07-27-10--42--49 MovingFrameQueue Popped
INFO:root:2021-07-27-10--42--49 anomallyFrameTracker resetted to 200
INFO:root:2021-07-27-10--42--49 Colour Conversion Completed
INFO:root:2021-07-27-10--42--49 Sleep Check Completed
INFO:root:2021-07-27-10--42--49 Frame manipulations completed
INFO:root:2021-07-27-10--42--49 Bounding Box Drawn
INFO:root:2021-07-27-10--42--50 MovingFrameQueue Appended
INFO:root:2021-07-27-10--42--50 anomallyFrameTracker resetted to 200
INFO:root:2021-07-27-10--42--50 Colour Conversion Completed
INFO:root:2021-07-27-10--42--50 Sleep Check Completed
INFO:root:2021-07-27-10--42--50 Frame manipulations completed
INFO:root:2021-07-27-10--42--50 Bounding Box Drawn
INFO:root:2021-07-27-10--42--51 MovingFrameQueue Popped
INFO:root:2021-07-27-10--42--51 anomallyFrameTracker resetted to 200
INFO:root:2021-07-27-10--42--51 Colour Conversion Completed
INFO:root:2021-07-27-10--42--51 Sleep Check Completed
INFO:root:2021-07-27-10--42--51 Frame manipulations completed
INFO:root:2021-07-27-10--42--51 Bounding Box Drawn
INFO:root:2021-07-27-10--42--51 MovingFrameQueue Appended
INFO:root:2021-07-27-10--42--51 anomallyFrameTracker resetted to 200
INFO:root:2021-07-27-10--42--51 Colour Conversion Completed
INFO:root:2021-07-27-10--42--51 Sleep Check Completed
INFO:root:2021-07-27-10--42--51 Frame manipulations completed
INFO:root:2021-07-27-10--42--51 Bounding Box Drawn
INFO:root:2021-07-27-10--42--52 MovingFrameQueue Popped
INFO:root:2021-07-27-10--42--52 anomallyFrameTracker resetted to 200
INFO:root:2021-07-27-10--42--52 Colour Conversion Completed
INFO:root:2021-07-27-10--42--52 Sleep Check Completed
INFO:root:2021-07-27-10--42--52 Frame manipulations completed
INFO:root:2021-07-27-10--42--52 Bounding Box Drawn
INFO:root:2021-07-27-10--42--53 MovingFrameQueue Appended
INFO:root:2021-07-27-10--42--53 anomallyFrameTracker resetted to 200
INFO:root:2021-07-27-10--42--53 Colour Conversion Completed
INFO:root:2021-07-27-10--42--53 Sleep Check Completed
INFO:root:2021-07-27-10--42--53 Frame manipulations completed
INFO:root:2021-07-27-10--42--53 Bounding Box Drawn
INFO:root:2021-07-27-10--42--53 MovingFrameQueue Popped
INFO:root:2021-07-27-10--42--53 anomallyFrameTracker resetted to 200
INFO:root:2021-07-27-10--42--53 Colour Conversion Completed
INFO:root:2021-07-27-10--42--53 Sleep Check Completed
INFO:root:2021-07-27-10--42--53 Frame manipulations completed
INFO:root:2021-07-27-10--42--53 Bounding Box Drawn
INFO:root:2021-07-27-10--42--54 MovingFrameQueue Appended
INFO:root:2021-07-27-10--42--54 anomallyFrameTracker resetted to 200
INFO:root:2021-07-27-10--42--54 Colour Conversion Completed
INFO:root:2021-07-27-10--42--54 Sleep Check Completed
INFO:root:2021-07-27-10--42--54 Frame manipulations completed
INFO:root:2021-07-27-10--42--54 Bounding Box Drawn
INFO:root:2021-07-27-10--42--55 MovingFrameQueue Popped
INFO:root:2021-07-27-10--42--55 anomallyFrameTracker resetted to 200
INFO:root:2021-07-27-10--42--55 Colour Conversion Completed
INFO:root:2021-07-27-10--42--55 Sleep Check Completed
INFO:root:2021-07-27-10--42--55 Frame manipulations completed
INFO:root:2021-07-27-10--42--55 Bounding Box Drawn
INFO:root:2021-07-27-10--42--55 MovingFrameQueue Appended
INFO:root:2021-07-27-10--42--55 anomallyFrameTracker resetted to 200
INFO:root:2021-07-27-10--42--55 Colour Conversion Completed
INFO:root:2021-07-27-10--42--55 Sleep Check Completed
INFO:root:2021-07-27-10--42--55 Frame manipulations completed
INFO:root:2021-07-27-10--42--55 Bounding Box Drawn
INFO:root:2021-07-27-10--42--55 MovingFrameQueue Popped
INFO:root:2021-07-27-10--42--55 anomallyFrameTracker resetted to 200
INFO:root:2021-07-27-10--42--55 Colour Conversion Completed
INFO:root:2021-07-27-10--42--56 Sleep Check Completed
INFO:root:2021-07-27-10--42--56 Frame manipulations completed
INFO:root:2021-07-27-10--42--56 Bounding Box Drawn
INFO:root:2021-07-27-10--42--56 MovingFrameQueue Appended
INFO:root:2021-07-27-10--42--56 anomallyFrameTracker resetted to 200
INFO:root:2021-07-27-10--42--56 Colour Conversion Completed
INFO:root:2021-07-27-10--42--56 Sleep Check Completed
INFO:root:2021-07-27-10--42--56 Frame manipulations completed
INFO:root:2021-07-27-10--42--56 Bounding Box Drawn
INFO:root:2021-07-27-10--42--57 MovingFrameQueue Popped
INFO:root:2021-07-27-10--42--57 anomallyFrameTracker resetted to 200
INFO:root:2021-07-27-10--42--57 Colour Conversion Completed
INFO:root:2021-07-27-10--42--57 Sleep Check Completed
INFO:root:2021-07-27-10--42--57 Frame manipulations completed
INFO:root:2021-07-27-10--42--57 Bounding Box Drawn
INFO:root:2021-07-27-10--42--57 MovingFrameQueue Appended
INFO:root:2021-07-27-10--42--57 anomallyFrameTracker resetted to 200
INFO:root:2021-07-27-10--42--57 Colour Conversion Completed
INFO:root:2021-07-27-10--42--57 Sleep Check Completed
INFO:root:2021-07-27-10--42--57 Frame manipulations completed
INFO:root:2021-07-27-10--42--57 Bounding Box Drawn
INFO:root:2021-07-27-10--42--58 MovingFrameQueue Popped
INFO:root:2021-07-27-10--42--58 anomallyFrameTracker resetted to 200
INFO:root:2021-07-27-10--42--58 Colour Conversion Completed
INFO:root:2021-07-27-10--42--58 Sleep Check Completed
INFO:root:2021-07-27-10--42--58 Frame manipulations completed
INFO:root:2021-07-27-10--42--58 Bounding Box Drawn
INFO:root:2021-07-27-10--42--58 MovingFrameQueue Appended
INFO:root:2021-07-27-10--42--58 anomallyFrameTracker resetted to 200
INFO:root:2021-07-27-10--42--58 Colour Conversion Completed
INFO:root:2021-07-27-10--42--58 Sleep Check Completed
INFO:root:2021-07-27-10--42--58 Frame manipulations completed
INFO:root:2021-07-27-10--42--58 Bounding Box Drawn
INFO:root:2021-07-27-10--42--59 MovingFrameQueue Popped
INFO:root:2021-07-27-10--42--59 anomallyFrameTracker resetted to 200
INFO:root:2021-07-27-10--42--59 Colour Conversion Completed
INFO:root:2021-07-27-10--42--59 Sleep Check Completed
INFO:root:2021-07-27-10--42--59 Frame manipulations completed
INFO:root:2021-07-27-10--42--59 Bounding Box Drawn
INFO:root:2021-07-27-10--42--59 MovingFrameQueue Appended
INFO:root:2021-07-27-10--42--59 anomallyFrameTracker resetted to 200
INFO:root:2021-07-27-10--42--59 Colour Conversion Completed
INFO:root:2021-07-27-10--42--59 Sleep Check Completed
INFO:root:2021-07-27-10--42--59 Frame manipulations completed
INFO:root:2021-07-27-10--42--59 Bounding Box Drawn
INFO:root:2021-07-27-10--43--00 MovingFrameQueue Popped
INFO:root:2021-07-27-10--43--00 anomallyFrameTracker resetted to 200
INFO:root:2021-07-27-10--43--00 Colour Conversion Completed
INFO:root:2021-07-27-10--43--00 Sleep Check Completed
INFO:root:2021-07-27-10--43--00 Frame manipulations completed
INFO:root:2021-07-27-10--43--00 Bounding Box Drawn
INFO:root:2021-07-27-10--43--00 MovingFrameQueue Appended
INFO:root:2021-07-27-10--43--00 anomallyFrameTracker resetted to 200
INFO:root:2021-07-27-10--43--00 Colour Conversion Completed
INFO:root:2021-07-27-10--43--00 Sleep Check Completed
INFO:root:2021-07-27-10--43--00 Frame manipulations completed
INFO:root:2021-07-27-10--43--00 Bounding Box Drawn
INFO:root:2021-07-27-10--43--01 MovingFrameQueue Popped
INFO:root:2021-07-27-10--43--01 anomallyFrameTracker resetted to 200
INFO:root:2021-07-27-10--43--01 Colour Conversion Completed
INFO:root:2021-07-27-10--43--01 Sleep Check Completed
INFO:root:2021-07-27-10--43--01 Frame manipulations completed
INFO:root:2021-07-27-10--43--01 Bounding Box Drawn
INFO:root:2021-07-27-10--43--01 MovingFrameQueue Appended
INFO:root:2021-07-27-10--43--01 anomallyFrameTracker resetted to 200
INFO:root:2021-07-27-10--43--01 Colour Conversion Completed
INFO:root:2021-07-27-10--43--01 Sleep Check Completed
INFO:root:2021-07-27-10--43--01 Frame manipulations completed
INFO:root:2021-07-27-10--43--01 Bounding Box Drawn
INFO:root:2021-07-27-10--43--02 MovingFrameQueue Popped
INFO:root:2021-07-27-10--43--02 anomallyFrameTracker resetted to 200
INFO:root:2021-07-27-10--43--02 Colour Conversion Completed
INFO:root:2021-07-27-10--43--02 Sleep Check Completed
INFO:root:2021-07-27-10--43--02 Frame manipulations completed
INFO:root:2021-07-27-10--43--02 Bounding Box Drawn
INFO:root:2021-07-27-10--43--03 MovingFrameQueue Appended
INFO:root:2021-07-27-10--43--03 anomallyFrameTracker resetted to 200
INFO:root:2021-07-27-10--43--03 Colour Conversion Completed
INFO:root:2021-07-27-10--43--03 Sleep Check Completed
INFO:root:2021-07-27-10--43--03 Frame manipulations completed
INFO:root:2021-07-27-10--43--03 Bounding Box Drawn
INFO:root:2021-07-27-10--43--03 MovingFrameQueue Popped
INFO:root:2021-07-27-10--43--03 anomallyFrameTracker resetted to 200
INFO:root:2021-07-27-10--43--03 Colour Conversion Completed
INFO:root:2021-07-27-10--43--03 Sleep Check Completed
INFO:root:2021-07-27-10--43--03 Frame manipulations completed
INFO:root:2021-07-27-10--43--03 Bounding Box Drawn
INFO:root:2021-07-27-10--43--04 MovingFrameQueue Appended
INFO:root:2021-07-27-10--43--04 anomallyFrameTracker resetted to 200
INFO:root:2021-07-27-10--43--04 Colour Conversion Completed
INFO:root:2021-07-27-10--43--04 Sleep Check Completed
INFO:root:2021-07-27-10--43--04 Frame manipulations completed
INFO:root:2021-07-27-10--43--04 Bounding Box Drawn
INFO:root:2021-07-27-10--43--04 MovingFrameQueue Popped
INFO:root:2021-07-27-10--43--04 anomallyFrameTracker resetted to 200
INFO:root:2021-07-27-10--43--04 Colour Conversion Completed
INFO:root:2021-07-27-10--43--04 Sleep Check Completed
INFO:root:2021-07-27-10--43--04 Frame manipulations completed
INFO:root:2021-07-27-10--43--04 Bounding Box Drawn
INFO:root:2021-07-27-10--43--05 MovingFrameQueue Appended
INFO:root:2021-07-27-10--43--05 anomallyFrameTracker resetted to 200
INFO:root:2021-07-27-10--43--05 Colour Conversion Completed
INFO:root:2021-07-27-10--43--05 Sleep Check Completed
INFO:root:2021-07-27-10--43--05 Frame manipulations completed
INFO:root:2021-07-27-10--43--05 Bounding Box Drawn
INFO:root:2021-07-27-10--43--05 MovingFrameQueue Popped
INFO:root:2021-07-27-10--43--05 anomallyFrameTracker resetted to 200
INFO:root:2021-07-27-10--43--05 Colour Conversion Completed
INFO:root:2021-07-27-10--43--05 Sleep Check Completed
INFO:root:2021-07-27-10--43--05 Frame manipulations completed
INFO:root:2021-07-27-10--43--05 Bounding Box Drawn
INFO:root:2021-07-27-10--43--06 MovingFrameQueue Appended
INFO:root:2021-07-27-10--43--06 anomallyFrameTracker resetted to 200
INFO:root:2021-07-27-10--43--06 Colour Conversion Completed
INFO:root:2021-07-27-10--43--06 Sleep Check Completed
INFO:root:2021-07-27-10--43--06 Frame manipulations completed
INFO:root:2021-07-27-10--43--06 Bounding Box Drawn
INFO:root:2021-07-27-10--43--07 MovingFrameQueue Popped
INFO:root:2021-07-27-10--43--07 anomallyFrameTracker resetted to 200
INFO:root:2021-07-27-10--43--07 Colour Conversion Completed
INFO:root:2021-07-27-10--43--07 Sleep Check Completed
INFO:root:2021-07-27-10--43--07 Frame manipulations completed
INFO:root:2021-07-27-10--43--07 Bounding Box Drawn
INFO:root:2021-07-27-10--43--07 MovingFrameQueue Appended
INFO:root:2021-07-27-10--43--07 anomallyFrameTracker resetted to 200
INFO:root:2021-07-27-10--43--07 Colour Conversion Completed
INFO:root:2021-07-27-10--43--07 Sleep Check Completed
INFO:root:2021-07-27-10--43--07 Frame manipulations completed
INFO:root:2021-07-27-10--43--07 Bounding Box Drawn
INFO:root:2021-07-27-10--43--08 MovingFrameQueue Popped
INFO:root:2021-07-27-10--43--08 anomallyFrameTracker resetted to 200
INFO:root:2021-07-27-10--43--08 Colour Conversion Completed
INFO:root:2021-07-27-10--43--08 Sleep Check Completed
INFO:root:2021-07-27-10--43--08 Frame manipulations completed
INFO:root:2021-07-27-10--43--08 Bounding Box Drawn
INFO:root:2021-07-27-10--43--09 MovingFrameQueue Appended
INFO:root:2021-07-27-10--43--09 anomallyFrameTracker resetted to 200
INFO:root:2021-07-27-10--43--09 Colour Conversion Completed
INFO:root:2021-07-27-10--43--09 Sleep Check Completed
INFO:root:2021-07-27-10--43--09 Frame manipulations completed
INFO:root:2021-07-27-10--43--09 Bounding Box Drawn
INFO:root:2021-07-27-10--43--09[INFO] elapsed time: 66.79
INFO:root:2021-07-27-10--43--09[INFO] approx. FPS: 2.17
INFO:root:2021-07-27-10--43--09 Getting Auth Token Success
INFO:root:2021-07-27-10--43--09 BedTime Upload Completed
