INFO:root:2021-08-05-14--25--19 Parameter Generation Success
INFO:root:2021-08-05-14--25--22 Colour Conversion Completed
INFO:root:2021-08-05-14--25--22 Sleep Check Completed
INFO:root:2021-08-05-14--25--22 Frame manipulations completed
INFO:root:2021-08-05-14--25--22 Bounding Box Drawn
INFO:root:2021-08-05-14--25--27 MovingFrameQueue Appended
INFO:root:2021-08-05-14--25--27 Colour Conversion Completed
INFO:root:2021-08-05-14--25--27 Sleep Check Completed
INFO:root:2021-08-05-14--25--27 Frame manipulations completed
INFO:root:2021-08-05-14--25--27 Bounding Box Drawn
INFO:root:2021-08-05-14--25--27 MovingFrameQueue Appended
INFO:root:2021-08-05-14--25--27 Colour Conversion Completed
INFO:root:2021-08-05-14--25--27 Sleep Check Completed
INFO:root:2021-08-05-14--25--27 Frame manipulations completed
INFO:root:2021-08-05-14--25--27 Bounding Box Drawn
INFO:root:2021-08-05-14--25--27 MovingFrameQueue Appended
INFO:root:2021-08-05-14--25--28 Colour Conversion Completed
INFO:root:2021-08-05-14--25--28 Sleep Check Completed
INFO:root:2021-08-05-14--25--28 Frame manipulations completed
INFO:root:2021-08-05-14--25--28 Bounding Box Drawn
INFO:root:2021-08-05-14--25--28 MovingFrameQueue Appended
INFO:root:2021-08-05-14--25--28 Colour Conversion Completed
INFO:root:2021-08-05-14--25--28 Sleep Check Completed
INFO:root:2021-08-05-14--25--28 Frame manipulations completed
INFO:root:2021-08-05-14--25--28 Bounding Box Drawn
INFO:root:2021-08-05-14--25--28 MovingFrameQueue Appended
INFO:root:2021-08-05-14--25--28 Colour Conversion Completed
INFO:root:2021-08-05-14--25--28 Sleep Check Completed
INFO:root:2021-08-05-14--25--28 Frame manipulations completed
INFO:root:2021-08-05-14--25--28 Bounding Box Drawn
INFO:root:2021-08-05-14--25--28 MovingFrameQueue Appended
INFO:root:2021-08-05-14--25--28 Colour Conversion Completed
INFO:root:2021-08-05-14--25--28 Sleep Check Completed
INFO:root:2021-08-05-14--25--28 Frame manipulations completed
INFO:root:2021-08-05-14--25--28 Bounding Box Drawn
INFO:root:2021-08-05-14--25--28 MovingFrameQueue Appended
INFO:root:2021-08-05-14--25--28 Colour Conversion Completed
INFO:root:2021-08-05-14--25--28 Sleep Check Completed
INFO:root:2021-08-05-14--25--28 Frame manipulations completed
INFO:root:2021-08-05-14--25--28 Bounding Box Drawn
INFO:root:2021-08-05-14--25--28 MovingFrameQueue Appended
INFO:root:2021-08-05-14--25--28 Colour Conversion Completed
INFO:root:2021-08-05-14--25--28 Sleep Check Completed
INFO:root:2021-08-05-14--25--28 Frame manipulations completed
INFO:root:2021-08-05-14--25--28 Bounding Box Drawn
INFO:root:2021-08-05-14--25--29 MovingFrameQueue Appended
INFO:root:2021-08-05-14--25--29 Colour Conversion Completed
INFO:root:2021-08-05-14--25--29 Sleep Check Completed
INFO:root:2021-08-05-14--25--29 Frame manipulations completed
INFO:root:2021-08-05-14--25--29 Bounding Box Drawn
INFO:root:2021-08-05-14--25--29 MovingFrameQueue Appended
INFO:root:2021-08-05-14--25--29 Colour Conversion Completed
INFO:root:2021-08-05-14--25--29 Sleep Check Completed
INFO:root:2021-08-05-14--25--29 Frame manipulations completed
INFO:root:2021-08-05-14--25--29 Bounding Box Drawn
INFO:root:2021-08-05-14--25--29 MovingFrameQueue Appended
INFO:root:2021-08-05-14--25--29 Colour Conversion Completed
INFO:root:2021-08-05-14--25--29 Sleep Check Completed
INFO:root:2021-08-05-14--25--29 Frame manipulations completed
INFO:root:2021-08-05-14--25--29 Bounding Box Drawn
INFO:root:2021-08-05-14--25--29 MovingFrameQueue Appended
INFO:root:2021-08-05-14--25--29 Colour Conversion Completed
INFO:root:2021-08-05-14--25--29 Sleep Check Completed
INFO:root:2021-08-05-14--25--29 Frame manipulations completed
INFO:root:2021-08-05-14--25--29 Bounding Box Drawn
INFO:root:2021-08-05-14--25--29 MovingFrameQueue Appended
INFO:root:2021-08-05-14--25--29 Colour Conversion Completed
INFO:root:2021-08-05-14--25--29 Sleep Check Completed
INFO:root:2021-08-05-14--25--29 Frame manipulations completed
INFO:root:2021-08-05-14--25--29 Bounding Box Drawn
INFO:root:2021-08-05-14--25--29 MovingFrameQueue Appended
INFO:root:2021-08-05-14--25--29 Colour Conversion Completed
INFO:root:2021-08-05-14--25--29 Sleep Check Completed
INFO:root:2021-08-05-14--25--29 Frame manipulations completed
INFO:root:2021-08-05-14--25--29 Bounding Box Drawn
INFO:root:2021-08-05-14--25--29 MovingFrameQueue Appended
INFO:root:2021-08-05-14--25--29 Colour Conversion Completed
INFO:root:2021-08-05-14--25--29 Sleep Check Completed
INFO:root:2021-08-05-14--25--29 Frame manipulations completed
INFO:root:2021-08-05-14--25--29 Bounding Box Drawn
INFO:root:2021-08-05-14--25--30 MovingFrameQueue Appended
INFO:root:2021-08-05-14--25--30 Colour Conversion Completed
INFO:root:2021-08-05-14--25--30 Sleep Check Completed
INFO:root:2021-08-05-14--25--30 Frame manipulations completed
INFO:root:2021-08-05-14--25--30 Bounding Box Drawn
INFO:root:2021-08-05-14--25--30 MovingFrameQueue Appended
INFO:root:2021-08-05-14--25--30 Colour Conversion Completed
INFO:root:2021-08-05-14--25--30 Sleep Check Completed
INFO:root:2021-08-05-14--25--30 Frame manipulations completed
INFO:root:2021-08-05-14--25--30 Bounding Box Drawn
INFO:root:2021-08-05-14--25--30 MovingFrameQueue Appended
INFO:root:2021-08-05-14--25--30 Colour Conversion Completed
INFO:root:2021-08-05-14--25--30 Sleep Check Completed
INFO:root:2021-08-05-14--25--30 Frame manipulations completed
INFO:root:2021-08-05-14--25--30 Bounding Box Drawn
INFO:root:2021-08-05-14--25--30 MovingFrameQueue Appended
INFO:root:2021-08-05-14--25--30 Colour Conversion Completed
INFO:root:2021-08-05-14--25--30 Sleep Check Completed
INFO:root:2021-08-05-14--25--30 Frame manipulations completed
INFO:root:2021-08-05-14--25--30 Bounding Box Drawn
INFO:root:2021-08-05-14--25--30 MovingFrameQueue Appended
INFO:root:2021-08-05-14--25--30 Colour Conversion Completed
INFO:root:2021-08-05-14--25--30 Sleep Check Completed
INFO:root:2021-08-05-14--25--30 Frame manipulations completed
INFO:root:2021-08-05-14--25--30 Bounding Box Drawn
INFO:root:2021-08-05-14--25--30 MovingFrameQueue Appended
INFO:root:2021-08-05-14--25--30 Colour Conversion Completed
INFO:root:2021-08-05-14--25--30 Sleep Check Completed
INFO:root:2021-08-05-14--25--30 Frame manipulations completed
INFO:root:2021-08-05-14--25--30 Bounding Box Drawn
INFO:root:2021-08-05-14--25--30 MovingFrameQueue Appended
INFO:root:2021-08-05-14--25--30 Colour Conversion Completed
INFO:root:2021-08-05-14--25--30 Sleep Check Completed
INFO:root:2021-08-05-14--25--30 Frame manipulations completed
INFO:root:2021-08-05-14--25--30 Bounding Box Drawn
INFO:root:2021-08-05-14--25--30 MovingFrameQueue Appended
INFO:root:2021-08-05-14--25--30 Colour Conversion Completed
INFO:root:2021-08-05-14--25--30 Sleep Check Completed
INFO:root:2021-08-05-14--25--30 Frame manipulations completed
INFO:root:2021-08-05-14--25--30 Bounding Box Drawn
INFO:root:2021-08-05-14--25--31 MovingFrameQueue Appended
INFO:root:2021-08-05-14--25--31 Colour Conversion Completed
INFO:root:2021-08-05-14--25--31 Sleep Check Completed
INFO:root:2021-08-05-14--25--31 Frame manipulations completed
INFO:root:2021-08-05-14--25--31 Bounding Box Drawn
INFO:root:2021-08-05-14--25--31 MovingFrameQueue Appended
INFO:root:2021-08-05-14--25--31 Colour Conversion Completed
INFO:root:2021-08-05-14--25--31 Sleep Check Completed
INFO:root:2021-08-05-14--25--31 Frame manipulations completed
INFO:root:2021-08-05-14--25--31 Bounding Box Drawn
INFO:root:2021-08-05-14--25--31 MovingFrameQueue Appended
INFO:root:2021-08-05-14--25--31 Colour Conversion Completed
INFO:root:2021-08-05-14--25--31 Sleep Check Completed
INFO:root:2021-08-05-14--25--31 Frame manipulations completed
INFO:root:2021-08-05-14--25--31 Bounding Box Drawn
INFO:root:2021-08-05-14--25--31 MovingFrameQueue Appended
INFO:root:2021-08-05-14--25--31 Colour Conversion Completed
INFO:root:2021-08-05-14--25--31 Sleep Check Completed
INFO:root:2021-08-05-14--25--31 Frame manipulations completed
INFO:root:2021-08-05-14--25--31 Bounding Box Drawn
INFO:root:2021-08-05-14--25--31 MovingFrameQueue Appended
INFO:root:2021-08-05-14--25--31 Colour Conversion Completed
INFO:root:2021-08-05-14--25--31 Sleep Check Completed
INFO:root:2021-08-05-14--25--31 Frame manipulations completed
INFO:root:2021-08-05-14--25--31 Bounding Box Drawn
INFO:root:2021-08-05-14--25--31 MovingFrameQueue Appended
INFO:root:2021-08-05-14--25--31 Colour Conversion Completed
INFO:root:2021-08-05-14--25--31 Sleep Check Completed
INFO:root:2021-08-05-14--25--31 Frame manipulations completed
INFO:root:2021-08-05-14--25--31 Bounding Box Drawn
INFO:root:2021-08-05-14--25--31 MovingFrameQueue Appended
INFO:root:2021-08-05-14--25--31 Colour Conversion Completed
INFO:root:2021-08-05-14--25--31 Sleep Check Completed
INFO:root:2021-08-05-14--25--31 Frame manipulations completed
INFO:root:2021-08-05-14--25--31 Bounding Box Drawn
INFO:root:2021-08-05-14--25--31 MovingFrameQueue Appended
INFO:root:2021-08-05-14--25--31 Colour Conversion Completed
INFO:root:2021-08-05-14--25--31 Sleep Check Completed
INFO:root:2021-08-05-14--25--31 Frame manipulations completed
INFO:root:2021-08-05-14--25--31 Bounding Box Drawn
INFO:root:2021-08-05-14--25--32 MovingFrameQueue Appended
INFO:root:2021-08-05-14--25--32 Colour Conversion Completed
INFO:root:2021-08-05-14--25--32 Sleep Check Completed
INFO:root:2021-08-05-14--25--32 Frame manipulations completed
INFO:root:2021-08-05-14--25--32 Bounding Box Drawn
INFO:root:2021-08-05-14--25--32 MovingFrameQueue Appended
INFO:root:2021-08-05-14--25--32 Colour Conversion Completed
INFO:root:2021-08-05-14--25--32 Sleep Check Completed
INFO:root:2021-08-05-14--25--32 Frame manipulations completed
INFO:root:2021-08-05-14--25--32 Bounding Box Drawn
INFO:root:2021-08-05-14--25--32 MovingFrameQueue Appended
INFO:root:2021-08-05-14--25--32 Colour Conversion Completed
INFO:root:2021-08-05-14--25--32 Sleep Check Completed
INFO:root:2021-08-05-14--25--32 Frame manipulations completed
INFO:root:2021-08-05-14--25--32 Bounding Box Drawn
INFO:root:2021-08-05-14--25--32 MovingFrameQueue Appended
INFO:root:2021-08-05-14--25--32 Colour Conversion Completed
INFO:root:2021-08-05-14--25--32 Sleep Check Completed
INFO:root:2021-08-05-14--25--32 Frame manipulations completed
INFO:root:2021-08-05-14--25--32 Bounding Box Drawn
INFO:root:2021-08-05-14--25--32 MovingFrameQueue Appended
INFO:root:2021-08-05-14--25--32 Colour Conversion Completed
INFO:root:2021-08-05-14--25--32 Sleep Check Completed
INFO:root:2021-08-05-14--25--32 Frame manipulations completed
INFO:root:2021-08-05-14--25--32 Bounding Box Drawn
INFO:root:2021-08-05-14--25--32 MovingFrameQueue Appended
INFO:root:2021-08-05-14--25--32 Colour Conversion Completed
INFO:root:2021-08-05-14--25--32 Sleep Check Completed
INFO:root:2021-08-05-14--25--32 Frame manipulations completed
INFO:root:2021-08-05-14--25--32 Bounding Box Drawn
INFO:root:2021-08-05-14--25--32 MovingFrameQueue Appended
INFO:root:2021-08-05-14--25--32 Colour Conversion Completed
INFO:root:2021-08-05-14--25--32 Sleep Check Completed
INFO:root:2021-08-05-14--25--32 Frame manipulations completed
INFO:root:2021-08-05-14--25--32 Bounding Box Drawn
INFO:root:2021-08-05-14--25--32 MovingFrameQueue Appended
INFO:root:2021-08-05-14--25--32 Colour Conversion Completed
INFO:root:2021-08-05-14--25--32 Sleep Check Completed
INFO:root:2021-08-05-14--25--32 Frame manipulations completed
INFO:root:2021-08-05-14--25--32 Bounding Box Drawn
INFO:root:2021-08-05-14--25--32 MovingFrameQueue Appended
INFO:root:2021-08-05-14--25--32 Colour Conversion Completed
INFO:root:2021-08-05-14--25--32 Sleep Check Completed
INFO:root:2021-08-05-14--25--32 Frame manipulations completed
INFO:root:2021-08-05-14--25--32 Bounding Box Drawn
INFO:root:2021-08-05-14--25--32 MovingFrameQueue Appended
INFO:root:2021-08-05-14--25--32 Colour Conversion Completed
INFO:root:2021-08-05-14--25--32 Sleep Check Completed
INFO:root:2021-08-05-14--25--32 Frame manipulations completed
INFO:root:2021-08-05-14--25--32 Bounding Box Drawn
INFO:root:2021-08-05-14--25--33 MovingFrameQueue Appended
INFO:root:2021-08-05-14--25--33 Colour Conversion Completed
INFO:root:2021-08-05-14--25--33 Sleep Check Completed
INFO:root:2021-08-05-14--25--33 Frame manipulations completed
INFO:root:2021-08-05-14--25--33 Bounding Box Drawn
INFO:root:2021-08-05-14--25--33 MovingFrameQueue Appended
INFO:root:2021-08-05-14--25--33 Colour Conversion Completed
INFO:root:2021-08-05-14--25--33 Sleep Check Completed
INFO:root:2021-08-05-14--25--33 Frame manipulations completed
INFO:root:2021-08-05-14--25--33 Bounding Box Drawn
INFO:root:2021-08-05-14--25--33 MovingFrameQueue Appended
INFO:root:2021-08-05-14--25--33 Colour Conversion Completed
INFO:root:2021-08-05-14--25--33 Sleep Check Completed
INFO:root:2021-08-05-14--25--33 Frame manipulations completed
INFO:root:2021-08-05-14--25--33 Bounding Box Drawn
INFO:root:2021-08-05-14--25--33 MovingFrameQueue Appended
INFO:root:2021-08-05-14--25--33 Colour Conversion Completed
INFO:root:2021-08-05-14--25--33 Sleep Check Completed
INFO:root:2021-08-05-14--25--33 Frame manipulations completed
INFO:root:2021-08-05-14--25--33 Bounding Box Drawn
INFO:root:2021-08-05-14--25--33 MovingFrameQueue Appended
INFO:root:2021-08-05-14--25--33 Colour Conversion Completed
INFO:root:2021-08-05-14--25--33 Sleep Check Completed
INFO:root:2021-08-05-14--25--33 Frame manipulations completed
INFO:root:2021-08-05-14--25--33 Bounding Box Drawn
INFO:root:2021-08-05-14--25--33 MovingFrameQueue Appended
INFO:root:2021-08-05-14--25--33 Colour Conversion Completed
INFO:root:2021-08-05-14--25--33 Sleep Check Completed
INFO:root:2021-08-05-14--25--33 Frame manipulations completed
INFO:root:2021-08-05-14--25--33 Bounding Box Drawn
INFO:root:2021-08-05-14--25--33 MovingFrameQueue Appended
INFO:root:2021-08-05-14--25--33 Colour Conversion Completed
INFO:root:2021-08-05-14--25--33 Sleep Check Completed
INFO:root:2021-08-05-14--25--33 Frame manipulations completed
INFO:root:2021-08-05-14--25--33 Bounding Box Drawn
INFO:root:2021-08-05-14--25--33 MovingFrameQueue Appended
INFO:root:2021-08-05-14--25--33 Colour Conversion Completed
INFO:root:2021-08-05-14--25--33 Sleep Check Completed
INFO:root:2021-08-05-14--25--33 Frame manipulations completed
INFO:root:2021-08-05-14--25--33 Bounding Box Drawn
INFO:root:2021-08-05-14--25--34 MovingFrameQueue Appended
INFO:root:2021-08-05-14--25--34 Colour Conversion Completed
INFO:root:2021-08-05-14--25--34 Sleep Check Completed
INFO:root:2021-08-05-14--25--34 Frame manipulations completed
INFO:root:2021-08-05-14--25--34 Bounding Box Drawn
INFO:root:2021-08-05-14--25--34 MovingFrameQueue Appended
INFO:root:2021-08-05-14--25--34 Colour Conversion Completed
INFO:root:2021-08-05-14--25--34 Sleep Check Completed
INFO:root:2021-08-05-14--25--34 Frame manipulations completed
INFO:root:2021-08-05-14--25--34 Bounding Box Drawn
INFO:root:2021-08-05-14--25--34 MovingFrameQueue Popped
INFO:root:2021-08-05-14--25--34 Colour Conversion Completed
INFO:root:2021-08-05-14--25--34 Sleep Check Completed
INFO:root:2021-08-05-14--25--34 Frame manipulations completed
INFO:root:2021-08-05-14--25--34 Bounding Box Drawn
INFO:root:2021-08-05-14--25--34 MovingFrameQueue Appended
INFO:root:2021-08-05-14--25--34 Colour Conversion Completed
INFO:root:2021-08-05-14--25--34 Sleep Check Completed
INFO:root:2021-08-05-14--25--34 Frame manipulations completed
INFO:root:2021-08-05-14--25--34 Bounding Box Drawn
INFO:root:2021-08-05-14--25--34 MovingFrameQueue Popped
INFO:root:2021-08-05-14--25--34 Colour Conversion Completed
INFO:root:2021-08-05-14--25--34 Sleep Check Completed
INFO:root:2021-08-05-14--25--34 Frame manipulations completed
INFO:root:2021-08-05-14--25--34 Bounding Box Drawn
INFO:root:2021-08-05-14--25--34 MovingFrameQueue Appended
INFO:root:2021-08-05-14--25--34 Colour Conversion Completed
INFO:root:2021-08-05-14--25--34 Sleep Check Completed
INFO:root:2021-08-05-14--25--34 Frame manipulations completed
INFO:root:2021-08-05-14--25--34 Bounding Box Drawn
INFO:root:2021-08-05-14--25--34 MovingFrameQueue Popped
INFO:root:2021-08-05-14--25--34 Colour Conversion Completed
INFO:root:2021-08-05-14--25--34 Sleep Check Completed
INFO:root:2021-08-05-14--25--34 Frame manipulations completed
INFO:root:2021-08-05-14--25--34 Bounding Box Drawn
INFO:root:2021-08-05-14--25--35 MovingFrameQueue Appended
INFO:root:2021-08-05-14--25--35 Colour Conversion Completed
INFO:root:2021-08-05-14--25--35 Sleep Check Completed
INFO:root:2021-08-05-14--25--35 Frame manipulations completed
INFO:root:2021-08-05-14--25--35 Bounding Box Drawn
INFO:root:2021-08-05-14--25--35 MovingFrameQueue Popped
INFO:root:2021-08-05-14--25--35 Colour Conversion Completed
INFO:root:2021-08-05-14--25--35 Sleep Check Completed
INFO:root:2021-08-05-14--25--35 Frame manipulations completed
INFO:root:2021-08-05-14--25--35 Bounding Box Drawn
INFO:root:2021-08-05-14--25--35 MovingFrameQueue Appended
INFO:root:2021-08-05-14--25--35 Colour Conversion Completed
INFO:root:2021-08-05-14--25--35 Sleep Check Completed
INFO:root:2021-08-05-14--25--35 Frame manipulations completed
INFO:root:2021-08-05-14--25--35 Bounding Box Drawn
INFO:root:2021-08-05-14--25--36 MovingFrameQueue Popped
INFO:root:2021-08-05-14--25--36 Colour Conversion Completed
INFO:root:2021-08-05-14--25--36 Sleep Check Completed
INFO:root:2021-08-05-14--25--36 Frame manipulations completed
INFO:root:2021-08-05-14--25--36 Bounding Box Drawn
INFO:root:2021-08-05-14--25--36 MovingFrameQueue Appended
INFO:root:2021-08-05-14--25--36 Colour Conversion Completed
INFO:root:2021-08-05-14--25--36 Sleep Check Completed
INFO:root:2021-08-05-14--25--36 Frame manipulations completed
INFO:root:2021-08-05-14--25--36 Bounding Box Drawn
INFO:root:2021-08-05-14--25--36 MovingFrameQueue Popped
INFO:root:2021-08-05-14--25--36 Colour Conversion Completed
INFO:root:2021-08-05-14--25--36 Sleep Check Completed
INFO:root:2021-08-05-14--25--36 Frame manipulations completed
INFO:root:2021-08-05-14--25--36 Bounding Box Drawn
INFO:root:2021-08-05-14--25--36 MovingFrameQueue Appended
INFO:root:2021-08-05-14--25--36 Colour Conversion Completed
INFO:root:2021-08-05-14--25--36 Sleep Check Completed
INFO:root:2021-08-05-14--25--36 Frame manipulations completed
INFO:root:2021-08-05-14--25--36 Bounding Box Drawn
INFO:root:2021-08-05-14--25--36 MovingFrameQueue Popped
INFO:root:2021-08-05-14--25--36 Colour Conversion Completed
INFO:root:2021-08-05-14--25--36 Sleep Check Completed
INFO:root:2021-08-05-14--25--36 Frame manipulations completed
INFO:root:2021-08-05-14--25--36 Bounding Box Drawn
INFO:root:2021-08-05-14--25--36 MovingFrameQueue Appended
INFO:root:2021-08-05-14--25--36 Colour Conversion Completed
INFO:root:2021-08-05-14--25--36 Sleep Check Completed
INFO:root:2021-08-05-14--25--36 Frame manipulations completed
INFO:root:2021-08-05-14--25--36 Bounding Box Drawn
INFO:root:2021-08-05-14--25--36 MovingFrameQueue Popped
INFO:root:2021-08-05-14--25--36 Colour Conversion Completed
INFO:root:2021-08-05-14--25--36 Sleep Check Completed
INFO:root:2021-08-05-14--25--36 Frame manipulations completed
INFO:root:2021-08-05-14--25--36 Bounding Box Drawn
INFO:root:2021-08-05-14--25--36 MovingFrameQueue Appended
INFO:root:2021-08-05-14--25--36 Colour Conversion Completed
INFO:root:2021-08-05-14--25--36 Sleep Check Completed
INFO:root:2021-08-05-14--25--36 Frame manipulations completed
INFO:root:2021-08-05-14--25--36 Bounding Box Drawn
INFO:root:2021-08-05-14--25--36 MovingFrameQueue Popped
INFO:root:2021-08-05-14--25--36 Colour Conversion Completed
INFO:root:2021-08-05-14--25--36 Sleep Check Completed
INFO:root:2021-08-05-14--25--36 Frame manipulations completed
INFO:root:2021-08-05-14--25--36 Bounding Box Drawn
INFO:root:2021-08-05-14--25--37 MovingFrameQueue Appended
INFO:root:2021-08-05-14--25--37 Colour Conversion Completed
INFO:root:2021-08-05-14--25--37 Sleep Check Completed
INFO:root:2021-08-05-14--25--37 Frame manipulations completed
INFO:root:2021-08-05-14--25--37 Bounding Box Drawn
INFO:root:2021-08-05-14--25--37 MovingFrameQueue Popped
INFO:root:2021-08-05-14--25--37 Colour Conversion Completed
INFO:root:2021-08-05-14--25--37 Sleep Check Completed
INFO:root:2021-08-05-14--25--37 Frame manipulations completed
INFO:root:2021-08-05-14--25--37 Bounding Box Drawn
INFO:root:2021-08-05-14--25--37 MovingFrameQueue Appended
INFO:root:2021-08-05-14--25--37 Colour Conversion Completed
INFO:root:2021-08-05-14--25--37 Sleep Check Completed
INFO:root:2021-08-05-14--25--37 Frame manipulations completed
INFO:root:2021-08-05-14--25--37 Bounding Box Drawn
INFO:root:2021-08-05-14--25--37 MovingFrameQueue Popped
INFO:root:2021-08-05-14--25--37 Colour Conversion Completed
INFO:root:2021-08-05-14--25--37 Sleep Check Completed
INFO:root:2021-08-05-14--25--37 Frame manipulations completed
INFO:root:2021-08-05-14--25--37 Bounding Box Drawn
INFO:root:2021-08-05-14--25--37 MovingFrameQueue Appended
INFO:root:2021-08-05-14--25--37 Colour Conversion Completed
INFO:root:2021-08-05-14--25--37 Sleep Check Completed
INFO:root:2021-08-05-14--25--37 Frame manipulations completed
INFO:root:2021-08-05-14--25--37 Bounding Box Drawn
INFO:root:2021-08-05-14--25--37 MovingFrameQueue Popped
INFO:root:2021-08-05-14--25--37 Colour Conversion Completed
INFO:root:2021-08-05-14--25--37 Sleep Check Completed
INFO:root:2021-08-05-14--25--37 Frame manipulations completed
INFO:root:2021-08-05-14--25--37 Bounding Box Drawn
INFO:root:2021-08-05-14--25--37 MovingFrameQueue Appended
INFO:root:2021-08-05-14--25--37 Colour Conversion Completed
INFO:root:2021-08-05-14--25--37 Sleep Check Completed
INFO:root:2021-08-05-14--25--37 Frame manipulations completed
INFO:root:2021-08-05-14--25--37 Bounding Box Drawn
INFO:root:2021-08-05-14--25--38 MovingFrameQueue Popped
INFO:root:2021-08-05-14--25--38 Colour Conversion Completed
INFO:root:2021-08-05-14--25--38 Sleep Check Completed
INFO:root:2021-08-05-14--25--38 Frame manipulations completed
INFO:root:2021-08-05-14--25--38 Bounding Box Drawn
INFO:root:2021-08-05-14--25--38 MovingFrameQueue Appended
INFO:root:2021-08-05-14--25--38 Colour Conversion Completed
INFO:root:2021-08-05-14--25--38 Sleep Check Completed
INFO:root:2021-08-05-14--25--38 Frame manipulations completed
INFO:root:2021-08-05-14--25--38 Bounding Box Drawn
INFO:root:2021-08-05-14--25--38 MovingFrameQueue Popped
INFO:root:2021-08-05-14--25--38 Colour Conversion Completed
INFO:root:2021-08-05-14--25--38 Sleep Check Completed
INFO:root:2021-08-05-14--25--38 Frame manipulations completed
INFO:root:2021-08-05-14--25--38 Bounding Box Drawn
INFO:root:2021-08-05-14--25--38 MovingFrameQueue Appended
INFO:root:2021-08-05-14--25--38 Colour Conversion Completed
INFO:root:2021-08-05-14--25--38 Sleep Check Completed
INFO:root:2021-08-05-14--25--38 Frame manipulations completed
INFO:root:2021-08-05-14--25--38 Bounding Box Drawn
INFO:root:2021-08-05-14--25--38 MovingFrameQueue Popped
INFO:root:2021-08-05-14--25--38 Colour Conversion Completed
INFO:root:2021-08-05-14--25--38 Sleep Check Completed
INFO:root:2021-08-05-14--25--38 Frame manipulations completed
INFO:root:2021-08-05-14--25--38 Bounding Box Drawn
INFO:root:2021-08-05-14--25--38 MovingFrameQueue Appended
INFO:root:2021-08-05-14--25--38 Colour Conversion Completed
INFO:root:2021-08-05-14--25--38 Sleep Check Completed
INFO:root:2021-08-05-14--25--38 Frame manipulations completed
INFO:root:2021-08-05-14--25--38 Bounding Box Drawn
INFO:root:2021-08-05-14--25--38 MovingFrameQueue Popped
INFO:root:2021-08-05-14--25--38 Colour Conversion Completed
INFO:root:2021-08-05-14--25--38 Sleep Check Completed
INFO:root:2021-08-05-14--25--38 Frame manipulations completed
INFO:root:2021-08-05-14--25--38 Bounding Box Drawn
INFO:root:2021-08-05-14--25--38 MovingFrameQueue Appended
INFO:root:2021-08-05-14--25--38 Colour Conversion Completed
INFO:root:2021-08-05-14--25--38 Sleep Check Completed
INFO:root:2021-08-05-14--25--38 Frame manipulations completed
INFO:root:2021-08-05-14--25--38 Bounding Box Drawn
INFO:root:2021-08-05-14--25--38 MovingFrameQueue Popped
INFO:root:2021-08-05-14--25--38 Colour Conversion Completed
INFO:root:2021-08-05-14--25--38 Sleep Check Completed
INFO:root:2021-08-05-14--25--38 Frame manipulations completed
INFO:root:2021-08-05-14--25--38 Bounding Box Drawn
INFO:root:2021-08-05-14--25--39 MovingFrameQueue Appended
INFO:root:2021-08-05-14--25--39 Colour Conversion Completed
INFO:root:2021-08-05-14--25--39 Sleep Check Completed
INFO:root:2021-08-05-14--25--39 Frame manipulations completed
INFO:root:2021-08-05-14--25--39 Bounding Box Drawn
INFO:root:2021-08-05-14--25--39 MovingFrameQueue Popped
INFO:root:2021-08-05-14--25--39 Colour Conversion Completed
INFO:root:2021-08-05-14--25--39 Sleep Check Completed
INFO:root:2021-08-05-14--25--39 Frame manipulations completed
INFO:root:2021-08-05-14--25--39 Bounding Box Drawn
INFO:root:2021-08-05-14--25--39 MovingFrameQueue Appended
INFO:root:2021-08-05-14--25--39 Colour Conversion Completed
INFO:root:2021-08-05-14--25--39 Sleep Check Completed
INFO:root:2021-08-05-14--25--39 Frame manipulations completed
INFO:root:2021-08-05-14--25--39 Bounding Box Drawn
INFO:root:2021-08-05-14--25--39 MovingFrameQueue Popped
INFO:root:2021-08-05-14--25--39 Colour Conversion Completed
INFO:root:2021-08-05-14--25--39 Sleep Check Completed
INFO:root:2021-08-05-14--25--39 Frame manipulations completed
INFO:root:2021-08-05-14--25--39 Bounding Box Drawn
INFO:root:2021-08-05-14--25--39 MovingFrameQueue Appended
INFO:root:2021-08-05-14--25--39 Colour Conversion Completed
INFO:root:2021-08-05-14--25--39 Sleep Check Completed
INFO:root:2021-08-05-14--25--39 Frame manipulations completed
INFO:root:2021-08-05-14--25--39 Bounding Box Drawn
INFO:root:2021-08-05-14--25--39 MovingFrameQueue Popped
INFO:root:2021-08-05-14--25--39 Colour Conversion Completed
INFO:root:2021-08-05-14--25--39 Sleep Check Completed
INFO:root:2021-08-05-14--25--39 Frame manipulations completed
INFO:root:2021-08-05-14--25--39 Bounding Box Drawn
INFO:root:2021-08-05-14--25--39 MovingFrameQueue Appended
INFO:root:2021-08-05-14--25--39 Colour Conversion Completed
INFO:root:2021-08-05-14--25--39 Sleep Check Completed
INFO:root:2021-08-05-14--25--39 Frame manipulations completed
INFO:root:2021-08-05-14--25--39 Bounding Box Drawn
INFO:root:2021-08-05-14--25--39 MovingFrameQueue Popped
INFO:root:2021-08-05-14--25--39 Colour Conversion Completed
INFO:root:2021-08-05-14--25--39 Sleep Check Completed
INFO:root:2021-08-05-14--25--39 Frame manipulations completed
INFO:root:2021-08-05-14--25--39 Bounding Box Drawn
INFO:root:2021-08-05-14--25--39 MovingFrameQueue Appended
INFO:root:2021-08-05-14--25--39 Colour Conversion Completed
INFO:root:2021-08-05-14--25--39 Sleep Check Completed
INFO:root:2021-08-05-14--25--39 Frame manipulations completed
INFO:root:2021-08-05-14--25--39 Bounding Box Drawn
INFO:root:2021-08-05-14--25--40 MovingFrameQueue Popped
INFO:root:2021-08-05-14--25--40 Colour Conversion Completed
INFO:root:2021-08-05-14--25--40 Sleep Check Completed
INFO:root:2021-08-05-14--25--40 Frame manipulations completed
INFO:root:2021-08-05-14--25--40 Bounding Box Drawn
INFO:root:2021-08-05-14--25--40 MovingFrameQueue Appended
INFO:root:2021-08-05-14--25--40 Colour Conversion Completed
INFO:root:2021-08-05-14--25--40 Sleep Check Completed
INFO:root:2021-08-05-14--25--40 Frame manipulations completed
INFO:root:2021-08-05-14--25--40 Bounding Box Drawn
INFO:root:2021-08-05-14--25--40 MovingFrameQueue Popped
INFO:root:2021-08-05-14--25--40 Colour Conversion Completed
INFO:root:2021-08-05-14--25--40 Sleep Check Completed
INFO:root:2021-08-05-14--25--40 Frame manipulations completed
INFO:root:2021-08-05-14--25--40 Bounding Box Drawn
INFO:root:2021-08-05-14--25--40 MovingFrameQueue Appended
INFO:root:2021-08-05-14--25--40 Colour Conversion Completed
INFO:root:2021-08-05-14--25--40 Sleep Check Completed
INFO:root:2021-08-05-14--25--40 Frame manipulations completed
INFO:root:2021-08-05-14--25--40 Bounding Box Drawn
INFO:root:2021-08-05-14--25--40 MovingFrameQueue Popped
INFO:root:2021-08-05-14--25--40 Colour Conversion Completed
INFO:root:2021-08-05-14--25--40 Sleep Check Completed
INFO:root:2021-08-05-14--25--40 Frame manipulations completed
INFO:root:2021-08-05-14--25--40 Bounding Box Drawn
INFO:root:2021-08-05-14--25--40 MovingFrameQueue Appended
INFO:root:2021-08-05-14--25--40 Colour Conversion Completed
INFO:root:2021-08-05-14--25--40 Sleep Check Completed
INFO:root:2021-08-05-14--25--40 Frame manipulations completed
INFO:root:2021-08-05-14--25--40 Bounding Box Drawn
INFO:root:2021-08-05-14--25--40 MovingFrameQueue Popped
INFO:root:2021-08-05-14--25--40 Colour Conversion Completed
INFO:root:2021-08-05-14--25--40 Sleep Check Completed
INFO:root:2021-08-05-14--25--40 Frame manipulations completed
INFO:root:2021-08-05-14--25--40 Bounding Box Drawn
INFO:root:2021-08-05-14--25--40 MovingFrameQueue Appended
INFO:root:2021-08-05-14--25--40 Colour Conversion Completed
INFO:root:2021-08-05-14--25--40 Sleep Check Completed
INFO:root:2021-08-05-14--25--40 Frame manipulations completed
INFO:root:2021-08-05-14--25--40 Bounding Box Drawn
INFO:root:2021-08-05-14--25--40 MovingFrameQueue Popped
INFO:root:2021-08-05-14--25--40 Colour Conversion Completed
INFO:root:2021-08-05-14--25--40 Sleep Check Completed
INFO:root:2021-08-05-14--25--40 Frame manipulations completed
INFO:root:2021-08-05-14--25--40 Bounding Box Drawn
INFO:root:2021-08-05-14--25--41 MovingFrameQueue Appended
INFO:root:2021-08-05-14--25--41 Colour Conversion Completed
INFO:root:2021-08-05-14--25--41 Sleep Check Completed
INFO:root:2021-08-05-14--25--41 Frame manipulations completed
INFO:root:2021-08-05-14--25--41 Bounding Box Drawn
INFO:root:2021-08-05-14--25--41 MovingFrameQueue Popped
INFO:root:2021-08-05-14--25--41 Colour Conversion Completed
INFO:root:2021-08-05-14--25--41 Sleep Check Completed
INFO:root:2021-08-05-14--25--41 Frame manipulations completed
INFO:root:2021-08-05-14--25--41 Bounding Box Drawn
INFO:root:2021-08-05-14--25--41 MovingFrameQueue Appended
INFO:root:2021-08-05-14--25--41 Colour Conversion Completed
INFO:root:2021-08-05-14--25--41 Sleep Check Completed
INFO:root:2021-08-05-14--25--41 Frame manipulations completed
INFO:root:2021-08-05-14--25--41 Bounding Box Drawn
INFO:root:2021-08-05-14--25--41 MovingFrameQueue Popped
INFO:root:2021-08-05-14--25--41 Colour Conversion Completed
INFO:root:2021-08-05-14--25--41 Sleep Check Completed
INFO:root:2021-08-05-14--25--41 Frame manipulations completed
INFO:root:2021-08-05-14--25--41 Bounding Box Drawn
INFO:root:2021-08-05-14--25--41 MovingFrameQueue Appended
INFO:root:2021-08-05-14--25--41 Colour Conversion Completed
INFO:root:2021-08-05-14--25--41 Sleep Check Completed
INFO:root:2021-08-05-14--25--41 Frame manipulations completed
INFO:root:2021-08-05-14--25--41 Bounding Box Drawn
INFO:root:2021-08-05-14--25--41 MovingFrameQueue Popped
INFO:root:2021-08-05-14--25--41 Colour Conversion Completed
INFO:root:2021-08-05-14--25--41 Sleep Check Completed
INFO:root:2021-08-05-14--25--41 Frame manipulations completed
INFO:root:2021-08-05-14--25--41 Bounding Box Drawn
INFO:root:2021-08-05-14--25--41 MovingFrameQueue Appended
INFO:root:2021-08-05-14--25--41 Colour Conversion Completed
INFO:root:2021-08-05-14--25--41 Sleep Check Completed
INFO:root:2021-08-05-14--25--41 Frame manipulations completed
INFO:root:2021-08-05-14--25--41 Bounding Box Drawn
INFO:root:2021-08-05-14--25--41 MovingFrameQueue Popped
INFO:root:2021-08-05-14--25--41 Colour Conversion Completed
INFO:root:2021-08-05-14--25--41 Sleep Check Completed
INFO:root:2021-08-05-14--25--41 Frame manipulations completed
INFO:root:2021-08-05-14--25--41 Bounding Box Drawn
INFO:root:2021-08-05-14--25--41 MovingFrameQueue Appended
INFO:root:2021-08-05-14--25--41 Colour Conversion Completed
INFO:root:2021-08-05-14--25--41 Sleep Check Completed
INFO:root:2021-08-05-14--25--41 Frame manipulations completed
INFO:root:2021-08-05-14--25--41 Bounding Box Drawn
INFO:root:2021-08-05-14--25--42 MovingFrameQueue Popped
INFO:root:2021-08-05-14--25--42 Colour Conversion Completed
INFO:root:2021-08-05-14--25--42 Sleep Check Completed
INFO:root:2021-08-05-14--25--42 Frame manipulations completed
INFO:root:2021-08-05-14--25--42 Bounding Box Drawn
INFO:root:2021-08-05-14--25--42 MovingFrameQueue Appended
INFO:root:2021-08-05-14--25--42 Colour Conversion Completed
INFO:root:2021-08-05-14--25--42 Sleep Check Completed
INFO:root:2021-08-05-14--25--42 Frame manipulations completed
INFO:root:2021-08-05-14--25--42 Bounding Box Drawn
INFO:root:2021-08-05-14--25--42 MovingFrameQueue Popped
INFO:root:2021-08-05-14--25--42 Colour Conversion Completed
INFO:root:2021-08-05-14--25--42 Sleep Check Completed
INFO:root:2021-08-05-14--25--42 Frame manipulations completed
INFO:root:2021-08-05-14--25--42 Bounding Box Drawn
INFO:root:2021-08-05-14--25--42 MovingFrameQueue Appended
INFO:root:2021-08-05-14--25--42 Colour Conversion Completed
INFO:root:2021-08-05-14--25--42 Sleep Check Completed
INFO:root:2021-08-05-14--25--42 Frame manipulations completed
INFO:root:2021-08-05-14--25--42 Bounding Box Drawn
INFO:root:2021-08-05-14--25--42 MovingFrameQueue Popped
INFO:root:2021-08-05-14--25--42 Colour Conversion Completed
INFO:root:2021-08-05-14--25--42 Sleep Check Completed
INFO:root:2021-08-05-14--25--42 Frame manipulations completed
INFO:root:2021-08-05-14--25--42 Bounding Box Drawn
INFO:root:2021-08-05-14--25--42 MovingFrameQueue Appended
INFO:root:2021-08-05-14--25--42 Colour Conversion Completed
INFO:root:2021-08-05-14--25--42 Sleep Check Completed
INFO:root:2021-08-05-14--25--42 Frame manipulations completed
INFO:root:2021-08-05-14--25--42 Bounding Box Drawn
INFO:root:2021-08-05-14--25--42 MovingFrameQueue Popped
INFO:root:2021-08-05-14--25--42 Colour Conversion Completed
INFO:root:2021-08-05-14--25--42 Sleep Check Completed
INFO:root:2021-08-05-14--25--42 Frame manipulations completed
INFO:root:2021-08-05-14--25--42 Bounding Box Drawn
INFO:root:2021-08-05-14--25--42 MovingFrameQueue Appended
INFO:root:2021-08-05-14--25--42 Colour Conversion Completed
INFO:root:2021-08-05-14--25--42 Sleep Check Completed
INFO:root:2021-08-05-14--25--42 Frame manipulations completed
INFO:root:2021-08-05-14--25--42 Bounding Box Drawn
INFO:root:2021-08-05-14--25--43 MovingFrameQueue Popped
INFO:root:2021-08-05-14--25--43 Colour Conversion Completed
INFO:root:2021-08-05-14--25--43 Sleep Check Completed
INFO:root:2021-08-05-14--25--43 Frame manipulations completed
INFO:root:2021-08-05-14--25--43 Bounding Box Drawn
INFO:root:2021-08-05-14--25--43 MovingFrameQueue Appended
INFO:root:2021-08-05-14--25--43 Colour Conversion Completed
INFO:root:2021-08-05-14--25--43 Sleep Check Completed
INFO:root:2021-08-05-14--25--43 Frame manipulations completed
INFO:root:2021-08-05-14--25--43 Bounding Box Drawn
INFO:root:2021-08-05-14--25--43 MovingFrameQueue Popped
INFO:root:2021-08-05-14--25--43 Colour Conversion Completed
INFO:root:2021-08-05-14--25--43 Sleep Check Completed
INFO:root:2021-08-05-14--25--43 Frame manipulations completed
INFO:root:2021-08-05-14--25--43 Bounding Box Drawn
INFO:root:2021-08-05-14--25--43 MovingFrameQueue Appended
INFO:root:2021-08-05-14--25--43 Colour Conversion Completed
INFO:root:2021-08-05-14--25--43 Sleep Check Completed
INFO:root:2021-08-05-14--25--43 Frame manipulations completed
INFO:root:2021-08-05-14--25--43 Bounding Box Drawn
INFO:root:2021-08-05-14--25--43 MovingFrameQueue Popped
INFO:root:2021-08-05-14--25--43 Colour Conversion Completed
INFO:root:2021-08-05-14--25--43 Sleep Check Completed
INFO:root:2021-08-05-14--25--43 Frame manipulations completed
INFO:root:2021-08-05-14--25--43 Bounding Box Drawn
INFO:root:2021-08-05-14--25--43 MovingFrameQueue Appended
INFO:root:2021-08-05-14--25--43 Colour Conversion Completed
INFO:root:2021-08-05-14--25--43 Sleep Check Completed
INFO:root:2021-08-05-14--25--43 Frame manipulations completed
INFO:root:2021-08-05-14--25--43 Bounding Box Drawn
INFO:root:2021-08-05-14--25--43 MovingFrameQueue Popped
INFO:root:2021-08-05-14--25--43 Colour Conversion Completed
INFO:root:2021-08-05-14--25--43 Sleep Check Completed
INFO:root:2021-08-05-14--25--43 Frame manipulations completed
INFO:root:2021-08-05-14--25--43 Bounding Box Drawn
INFO:root:2021-08-05-14--25--43 MovingFrameQueue Appended
INFO:root:2021-08-05-14--25--43 Colour Conversion Completed
INFO:root:2021-08-05-14--25--43 Sleep Check Completed
INFO:root:2021-08-05-14--25--43 Frame manipulations completed
INFO:root:2021-08-05-14--25--43 Bounding Box Drawn
INFO:root:2021-08-05-14--25--44 MovingFrameQueue Popped
INFO:root:2021-08-05-14--25--44 Colour Conversion Completed
INFO:root:2021-08-05-14--25--44 Sleep Check Completed
INFO:root:2021-08-05-14--25--44 Frame manipulations completed
INFO:root:2021-08-05-14--25--44 Bounding Box Drawn
INFO:root:2021-08-05-14--25--44 MovingFrameQueue Appended
INFO:root:2021-08-05-14--25--44 Colour Conversion Completed
INFO:root:2021-08-05-14--25--44 Sleep Check Completed
INFO:root:2021-08-05-14--25--44 Frame manipulations completed
INFO:root:2021-08-05-14--25--44 Bounding Box Drawn
INFO:root:2021-08-05-14--25--44 MovingFrameQueue Popped
INFO:root:2021-08-05-14--25--44 Colour Conversion Completed
INFO:root:2021-08-05-14--25--44 Sleep Check Completed
INFO:root:2021-08-05-14--25--44 Frame manipulations completed
INFO:root:2021-08-05-14--25--44 Bounding Box Drawn
INFO:root:2021-08-05-14--25--44 MovingFrameQueue Appended
INFO:root:2021-08-05-14--25--44 Colour Conversion Completed
INFO:root:2021-08-05-14--25--44 Sleep Check Completed
INFO:root:2021-08-05-14--25--44 Frame manipulations completed
INFO:root:2021-08-05-14--25--44 Bounding Box Drawn
INFO:root:2021-08-05-14--25--44 MovingFrameQueue Popped
INFO:root:2021-08-05-14--25--44 Colour Conversion Completed
INFO:root:2021-08-05-14--25--44 Sleep Check Completed
INFO:root:2021-08-05-14--25--44 Frame manipulations completed
INFO:root:2021-08-05-14--25--44 Bounding Box Drawn
INFO:root:2021-08-05-14--25--44 MovingFrameQueue Appended
INFO:root:2021-08-05-14--25--44 Colour Conversion Completed
INFO:root:2021-08-05-14--25--44 Sleep Check Completed
INFO:root:2021-08-05-14--25--44 Frame manipulations completed
INFO:root:2021-08-05-14--25--44 Bounding Box Drawn
INFO:root:2021-08-05-14--25--44 MovingFrameQueue Popped
INFO:root:2021-08-05-14--25--44 Colour Conversion Completed
INFO:root:2021-08-05-14--25--44 Sleep Check Completed
INFO:root:2021-08-05-14--25--44 Frame manipulations completed
INFO:root:2021-08-05-14--25--44 Bounding Box Drawn
INFO:root:2021-08-05-14--25--44 MovingFrameQueue Appended
INFO:root:2021-08-05-14--25--44 Colour Conversion Completed
INFO:root:2021-08-05-14--25--44 Sleep Check Completed
INFO:root:2021-08-05-14--25--44 Frame manipulations completed
INFO:root:2021-08-05-14--25--44 Bounding Box Drawn
INFO:root:2021-08-05-14--25--44 MovingFrameQueue Popped
INFO:root:2021-08-05-14--25--44 Colour Conversion Completed
INFO:root:2021-08-05-14--25--44 Sleep Check Completed
INFO:root:2021-08-05-14--25--44 Frame manipulations completed
INFO:root:2021-08-05-14--25--44 Bounding Box Drawn
INFO:root:2021-08-05-14--25--45 MovingFrameQueue Appended
INFO:root:2021-08-05-14--25--45 Colour Conversion Completed
INFO:root:2021-08-05-14--25--45 Sleep Check Completed
INFO:root:2021-08-05-14--25--45 Frame manipulations completed
INFO:root:2021-08-05-14--25--45 Bounding Box Drawn
INFO:root:2021-08-05-14--25--45 MovingFrameQueue Popped
INFO:root:2021-08-05-14--25--45 Colour Conversion Completed
INFO:root:2021-08-05-14--25--45 Sleep Check Completed
INFO:root:2021-08-05-14--25--45 Frame manipulations completed
INFO:root:2021-08-05-14--25--45 Bounding Box Drawn
INFO:root:2021-08-05-14--25--45 MovingFrameQueue Appended
INFO:root:2021-08-05-14--25--45 Colour Conversion Completed
INFO:root:2021-08-05-14--25--45 Sleep Check Completed
INFO:root:2021-08-05-14--25--45 Frame manipulations completed
INFO:root:2021-08-05-14--25--45 Bounding Box Drawn
INFO:root:2021-08-05-14--25--45 MovingFrameQueue Popped
INFO:root:2021-08-05-14--25--45 Colour Conversion Completed
INFO:root:2021-08-05-14--25--45 Sleep Check Completed
INFO:root:2021-08-05-14--25--45 Frame manipulations completed
INFO:root:2021-08-05-14--25--45 Bounding Box Drawn
INFO:root:2021-08-05-14--25--45 MovingFrameQueue Appended
INFO:root:2021-08-05-14--25--45 Colour Conversion Completed
INFO:root:2021-08-05-14--25--45 Sleep Check Completed
INFO:root:2021-08-05-14--25--45 Frame manipulations completed
INFO:root:2021-08-05-14--25--45 Bounding Box Drawn
INFO:root:2021-08-05-14--25--45 MovingFrameQueue Popped
INFO:root:2021-08-05-14--25--45 Colour Conversion Completed
INFO:root:2021-08-05-14--25--45 Sleep Check Completed
INFO:root:2021-08-05-14--25--45 Frame manipulations completed
INFO:root:2021-08-05-14--25--45 Bounding Box Drawn
INFO:root:2021-08-05-14--25--45 MovingFrameQueue Appended
INFO:root:2021-08-05-14--25--45 Colour Conversion Completed
INFO:root:2021-08-05-14--25--45 Sleep Check Completed
INFO:root:2021-08-05-14--25--45 Frame manipulations completed
INFO:root:2021-08-05-14--25--45 Bounding Box Drawn
INFO:root:2021-08-05-14--25--45 MovingFrameQueue Popped
INFO:root:2021-08-05-14--25--45 Colour Conversion Completed
INFO:root:2021-08-05-14--25--45 Sleep Check Completed
INFO:root:2021-08-05-14--25--45 Frame manipulations completed
INFO:root:2021-08-05-14--25--45 Bounding Box Drawn
INFO:root:2021-08-05-14--25--45 MovingFrameQueue Appended
INFO:root:2021-08-05-14--25--45 Colour Conversion Completed
INFO:root:2021-08-05-14--25--46 Sleep Check Completed
INFO:root:2021-08-05-14--25--46 Frame manipulations completed
INFO:root:2021-08-05-14--25--46 Bounding Box Drawn
INFO:root:2021-08-05-14--25--46 MovingFrameQueue Popped
INFO:root:2021-08-05-14--25--46 Colour Conversion Completed
INFO:root:2021-08-05-14--25--46 Sleep Check Completed
INFO:root:2021-08-05-14--25--46 Frame manipulations completed
INFO:root:2021-08-05-14--25--46 Bounding Box Drawn
INFO:root:2021-08-05-14--25--46 MovingFrameQueue Appended
INFO:root:2021-08-05-14--25--46 Colour Conversion Completed
INFO:root:2021-08-05-14--25--46 Sleep Check Completed
INFO:root:2021-08-05-14--25--46 Frame manipulations completed
INFO:root:2021-08-05-14--25--46 Bounding Box Drawn
INFO:root:2021-08-05-14--25--46 MovingFrameQueue Popped
INFO:root:2021-08-05-14--25--46 Colour Conversion Completed
INFO:root:2021-08-05-14--25--46 Sleep Check Completed
INFO:root:2021-08-05-14--25--46 Frame manipulations completed
INFO:root:2021-08-05-14--25--46 Bounding Box Drawn
INFO:root:2021-08-05-14--25--46 MovingFrameQueue Appended
INFO:root:2021-08-05-14--25--46 Colour Conversion Completed
INFO:root:2021-08-05-14--25--46 Sleep Check Completed
INFO:root:2021-08-05-14--25--46 Frame manipulations completed
INFO:root:2021-08-05-14--25--46 Bounding Box Drawn
INFO:root:2021-08-05-14--25--46 MovingFrameQueue Popped
INFO:root:2021-08-05-14--25--46 Colour Conversion Completed
INFO:root:2021-08-05-14--25--46 Sleep Check Completed
INFO:root:2021-08-05-14--25--46 Frame manipulations completed
INFO:root:2021-08-05-14--25--46 Bounding Box Drawn
INFO:root:2021-08-05-14--25--46 MovingFrameQueue Appended
INFO:root:2021-08-05-14--25--46 Colour Conversion Completed
INFO:root:2021-08-05-14--25--46 Sleep Check Completed
INFO:root:2021-08-05-14--25--46 Frame manipulations completed
INFO:root:2021-08-05-14--25--46 Bounding Box Drawn
INFO:root:2021-08-05-14--25--46 MovingFrameQueue Popped
INFO:root:2021-08-05-14--25--46 Colour Conversion Completed
INFO:root:2021-08-05-14--25--46 Sleep Check Completed
INFO:root:2021-08-05-14--25--46 Frame manipulations completed
INFO:root:2021-08-05-14--25--46 Bounding Box Drawn
INFO:root:2021-08-05-14--25--46 MovingFrameQueue Appended
INFO:root:2021-08-05-14--25--46 Colour Conversion Completed
INFO:root:2021-08-05-14--25--46 Sleep Check Completed
INFO:root:2021-08-05-14--25--46 Frame manipulations completed
INFO:root:2021-08-05-14--25--46 Bounding Box Drawn
INFO:root:2021-08-05-14--25--46 MovingFrameQueue Popped
INFO:root:2021-08-05-14--25--47 Colour Conversion Completed
INFO:root:2021-08-05-14--25--47 Sleep Check Completed
INFO:root:2021-08-05-14--25--47 Frame manipulations completed
INFO:root:2021-08-05-14--25--47 Bounding Box Drawn
INFO:root:2021-08-05-14--25--47 MovingFrameQueue Appended
INFO:root:2021-08-05-14--25--47 Colour Conversion Completed
INFO:root:2021-08-05-14--25--47 Sleep Check Completed
INFO:root:2021-08-05-14--25--47 Frame manipulations completed
INFO:root:2021-08-05-14--25--47 Bounding Box Drawn
INFO:root:2021-08-05-14--25--47 MovingFrameQueue Popped
INFO:root:2021-08-05-14--25--47 Colour Conversion Completed
INFO:root:2021-08-05-14--25--47 Sleep Check Completed
INFO:root:2021-08-05-14--25--47 Frame manipulations completed
INFO:root:2021-08-05-14--25--47 Bounding Box Drawn
INFO:root:2021-08-05-14--25--47 MovingFrameQueue Appended
INFO:root:2021-08-05-14--25--47 Colour Conversion Completed
INFO:root:2021-08-05-14--25--47 Sleep Check Completed
INFO:root:2021-08-05-14--25--47 Frame manipulations completed
INFO:root:2021-08-05-14--25--47 Bounding Box Drawn
INFO:root:2021-08-05-14--25--47 MovingFrameQueue Popped
INFO:root:2021-08-05-14--25--47 Colour Conversion Completed
INFO:root:2021-08-05-14--25--47 Sleep Check Completed
INFO:root:2021-08-05-14--25--47 Frame manipulations completed
INFO:root:2021-08-05-14--25--47 Bounding Box Drawn
INFO:root:2021-08-05-14--25--47 MovingFrameQueue Appended
INFO:root:2021-08-05-14--25--47 Colour Conversion Completed
INFO:root:2021-08-05-14--25--47 Sleep Check Completed
INFO:root:2021-08-05-14--25--47 Frame manipulations completed
INFO:root:2021-08-05-14--25--47 Bounding Box Drawn
INFO:root:2021-08-05-14--25--47 MovingFrameQueue Popped
INFO:root:2021-08-05-14--25--47 Colour Conversion Completed
INFO:root:2021-08-05-14--25--47 Sleep Check Completed
INFO:root:2021-08-05-14--25--47 Frame manipulations completed
INFO:root:2021-08-05-14--25--47 Bounding Box Drawn
INFO:root:2021-08-05-14--25--47 MovingFrameQueue Appended
INFO:root:2021-08-05-14--25--47 Colour Conversion Completed
INFO:root:2021-08-05-14--25--47 Sleep Check Completed
INFO:root:2021-08-05-14--25--47 Frame manipulations completed
INFO:root:2021-08-05-14--25--47 Bounding Box Drawn
INFO:root:2021-08-05-14--25--47 MovingFrameQueue Popped
INFO:root:2021-08-05-14--25--47 Colour Conversion Completed
INFO:root:2021-08-05-14--25--47 Sleep Check Completed
INFO:root:2021-08-05-14--25--47 Frame manipulations completed
INFO:root:2021-08-05-14--25--47 Bounding Box Drawn
INFO:root:2021-08-05-14--25--48 MovingFrameQueue Appended
INFO:root:2021-08-05-14--25--48 Colour Conversion Completed
INFO:root:2021-08-05-14--25--48 Sleep Check Completed
INFO:root:2021-08-05-14--25--48 Frame manipulations completed
INFO:root:2021-08-05-14--25--48 Bounding Box Drawn
INFO:root:2021-08-05-14--25--48 MovingFrameQueue Popped
INFO:root:2021-08-05-14--25--48 Colour Conversion Completed
INFO:root:2021-08-05-14--25--48 Sleep Check Completed
INFO:root:2021-08-05-14--25--48 Frame manipulations completed
INFO:root:2021-08-05-14--25--48 Bounding Box Drawn
INFO:root:2021-08-05-14--25--48 MovingFrameQueue Appended
INFO:root:2021-08-05-14--25--48 Colour Conversion Completed
INFO:root:2021-08-05-14--25--48 Sleep Check Completed
INFO:root:2021-08-05-14--25--48 Frame manipulations completed
INFO:root:2021-08-05-14--25--48 Bounding Box Drawn
INFO:root:2021-08-05-14--25--48 MovingFrameQueue Popped
INFO:root:2021-08-05-14--25--48 Colour Conversion Completed
INFO:root:2021-08-05-14--25--48 Sleep Check Completed
INFO:root:2021-08-05-14--25--48 Frame manipulations completed
INFO:root:2021-08-05-14--25--48 Bounding Box Drawn
INFO:root:2021-08-05-14--25--48 MovingFrameQueue Appended
INFO:root:2021-08-05-14--25--48 Colour Conversion Completed
INFO:root:2021-08-05-14--25--48 Sleep Check Completed
INFO:root:2021-08-05-14--25--48 Frame manipulations completed
INFO:root:2021-08-05-14--25--48 Bounding Box Drawn
INFO:root:2021-08-05-14--25--48 MovingFrameQueue Popped
INFO:root:2021-08-05-14--25--48 Colour Conversion Completed
INFO:root:2021-08-05-14--25--48 Sleep Check Completed
INFO:root:2021-08-05-14--25--48 Frame manipulations completed
INFO:root:2021-08-05-14--25--48 Bounding Box Drawn
INFO:root:2021-08-05-14--25--48 MovingFrameQueue Appended
INFO:root:2021-08-05-14--25--48 Colour Conversion Completed
INFO:root:2021-08-05-14--25--48 Sleep Check Completed
INFO:root:2021-08-05-14--25--48 Frame manipulations completed
INFO:root:2021-08-05-14--25--48 Bounding Box Drawn
INFO:root:2021-08-05-14--25--48 MovingFrameQueue Popped
INFO:root:2021-08-05-14--25--48 Colour Conversion Completed
INFO:root:2021-08-05-14--25--48 Sleep Check Completed
INFO:root:2021-08-05-14--25--48 Frame manipulations completed
INFO:root:2021-08-05-14--25--48 Bounding Box Drawn
INFO:root:2021-08-05-14--25--48 MovingFrameQueue Appended
INFO:root:2021-08-05-14--25--48 Colour Conversion Completed
INFO:root:2021-08-05-14--25--48 Sleep Check Completed
INFO:root:2021-08-05-14--25--48 Frame manipulations completed
INFO:root:2021-08-05-14--25--48 Bounding Box Drawn
INFO:root:2021-08-05-14--25--49 MovingFrameQueue Popped
INFO:root:2021-08-05-14--25--49 Colour Conversion Completed
INFO:root:2021-08-05-14--25--49 Sleep Check Completed
INFO:root:2021-08-05-14--25--49 Frame manipulations completed
INFO:root:2021-08-05-14--25--49 Bounding Box Drawn
INFO:root:2021-08-05-14--25--49 MovingFrameQueue Appended
INFO:root:2021-08-05-14--25--49 Colour Conversion Completed
INFO:root:2021-08-05-14--25--49 Sleep Check Completed
INFO:root:2021-08-05-14--25--49 Frame manipulations completed
INFO:root:2021-08-05-14--25--49 Bounding Box Drawn
INFO:root:2021-08-05-14--25--49 MovingFrameQueue Popped
INFO:root:2021-08-05-14--25--49 Colour Conversion Completed
INFO:root:2021-08-05-14--25--49 Sleep Check Completed
INFO:root:2021-08-05-14--25--49 Frame manipulations completed
INFO:root:2021-08-05-14--25--49 Bounding Box Drawn
INFO:root:2021-08-05-14--25--49 MovingFrameQueue Appended
INFO:root:2021-08-05-14--25--49 Colour Conversion Completed
INFO:root:2021-08-05-14--25--49 Sleep Check Completed
INFO:root:2021-08-05-14--25--49 Frame manipulations completed
INFO:root:2021-08-05-14--25--49 Bounding Box Drawn
INFO:root:2021-08-05-14--25--49 MovingFrameQueue Popped
INFO:root:2021-08-05-14--25--49 Colour Conversion Completed
INFO:root:2021-08-05-14--25--49 Sleep Check Completed
INFO:root:2021-08-05-14--25--49 Frame manipulations completed
INFO:root:2021-08-05-14--25--49 Bounding Box Drawn
INFO:root:2021-08-05-14--25--49 MovingFrameQueue Appended
INFO:root:2021-08-05-14--25--49 Colour Conversion Completed
INFO:root:2021-08-05-14--25--49 Sleep Check Completed
INFO:root:2021-08-05-14--25--49 Frame manipulations completed
INFO:root:2021-08-05-14--25--49 Bounding Box Drawn
INFO:root:2021-08-05-14--25--49 MovingFrameQueue Popped
INFO:root:2021-08-05-14--25--49 Colour Conversion Completed
INFO:root:2021-08-05-14--25--49 Sleep Check Completed
INFO:root:2021-08-05-14--25--49 Frame manipulations completed
INFO:root:2021-08-05-14--25--49 Bounding Box Drawn
INFO:root:2021-08-05-14--25--49 MovingFrameQueue Appended
INFO:root:2021-08-05-14--25--49 Colour Conversion Completed
INFO:root:2021-08-05-14--25--49 Sleep Check Completed
INFO:root:2021-08-05-14--25--49 Frame manipulations completed
INFO:root:2021-08-05-14--25--49 Bounding Box Drawn
INFO:root:2021-08-05-14--25--49 MovingFrameQueue Popped
INFO:root:2021-08-05-14--25--49 Colour Conversion Completed
INFO:root:2021-08-05-14--25--49 Sleep Check Completed
INFO:root:2021-08-05-14--25--49 Frame manipulations completed
INFO:root:2021-08-05-14--25--49 Bounding Box Drawn
INFO:root:2021-08-05-14--25--50 MovingFrameQueue Appended
INFO:root:2021-08-05-14--25--50 Colour Conversion Completed
INFO:root:2021-08-05-14--25--50 Sleep Check Completed
INFO:root:2021-08-05-14--25--50 Frame manipulations completed
INFO:root:2021-08-05-14--25--50 Bounding Box Drawn
INFO:root:2021-08-05-14--25--50 MovingFrameQueue Popped
INFO:root:2021-08-05-14--25--50 Colour Conversion Completed
INFO:root:2021-08-05-14--25--50 Sleep Check Completed
INFO:root:2021-08-05-14--25--50 Frame manipulations completed
INFO:root:2021-08-05-14--25--50 Bounding Box Drawn
INFO:root:2021-08-05-14--25--50 MovingFrameQueue Appended
INFO:root:2021-08-05-14--25--50 Colour Conversion Completed
INFO:root:2021-08-05-14--25--50 Sleep Check Completed
INFO:root:2021-08-05-14--25--50 Frame manipulations completed
INFO:root:2021-08-05-14--25--50 Bounding Box Drawn
INFO:root:2021-08-05-14--25--50 MovingFrameQueue Popped
INFO:root:2021-08-05-14--25--50 Colour Conversion Completed
INFO:root:2021-08-05-14--25--50 Sleep Check Completed
INFO:root:2021-08-05-14--25--50 Frame manipulations completed
INFO:root:2021-08-05-14--25--50 Bounding Box Drawn
INFO:root:2021-08-05-14--25--50 MovingFrameQueue Appended
INFO:root:2021-08-05-14--25--50 Colour Conversion Completed
INFO:root:2021-08-05-14--25--50 Sleep Check Completed
INFO:root:2021-08-05-14--25--50 Frame manipulations completed
INFO:root:2021-08-05-14--25--50 Bounding Box Drawn
INFO:root:2021-08-05-14--25--50 MovingFrameQueue Popped
INFO:root:2021-08-05-14--25--50 Colour Conversion Completed
INFO:root:2021-08-05-14--25--50 Sleep Check Completed
INFO:root:2021-08-05-14--25--50 Frame manipulations completed
INFO:root:2021-08-05-14--25--50 Bounding Box Drawn
INFO:root:2021-08-05-14--25--50 MovingFrameQueue Appended
INFO:root:2021-08-05-14--25--50 Colour Conversion Completed
INFO:root:2021-08-05-14--25--50 Sleep Check Completed
INFO:root:2021-08-05-14--25--50 Frame manipulations completed
INFO:root:2021-08-05-14--25--50 Bounding Box Drawn
INFO:root:2021-08-05-14--25--50 MovingFrameQueue Popped
INFO:root:2021-08-05-14--25--50 Colour Conversion Completed
INFO:root:2021-08-05-14--25--50 Sleep Check Completed
INFO:root:2021-08-05-14--25--50 Frame manipulations completed
INFO:root:2021-08-05-14--25--50 Bounding Box Drawn
INFO:root:2021-08-05-14--25--51 MovingFrameQueue Appended
INFO:root:2021-08-05-14--25--51 Colour Conversion Completed
INFO:root:2021-08-05-14--25--51 Sleep Check Completed
INFO:root:2021-08-05-14--25--51 Frame manipulations completed
INFO:root:2021-08-05-14--25--51 Bounding Box Drawn
INFO:root:2021-08-05-14--25--51 MovingFrameQueue Popped
INFO:root:2021-08-05-14--25--51 Colour Conversion Completed
INFO:root:2021-08-05-14--25--51 Sleep Check Completed
INFO:root:2021-08-05-14--25--51 Frame manipulations completed
INFO:root:2021-08-05-14--25--51 Bounding Box Drawn
INFO:root:2021-08-05-14--25--51 MovingFrameQueue Appended
INFO:root:2021-08-05-14--25--51 Colour Conversion Completed
INFO:root:2021-08-05-14--25--51 Sleep Check Completed
INFO:root:2021-08-05-14--25--51 Frame manipulations completed
INFO:root:2021-08-05-14--25--51 Bounding Box Drawn
INFO:root:2021-08-05-14--25--51 MovingFrameQueue Popped
INFO:root:2021-08-05-14--25--51 Colour Conversion Completed
INFO:root:2021-08-05-14--25--51 Sleep Check Completed
INFO:root:2021-08-05-14--25--51 Frame manipulations completed
INFO:root:2021-08-05-14--25--51 Bounding Box Drawn
INFO:root:2021-08-05-14--25--51 MovingFrameQueue Appended
INFO:root:2021-08-05-14--25--51 Colour Conversion Completed
INFO:root:2021-08-05-14--25--51 Sleep Check Completed
INFO:root:2021-08-05-14--25--51 Frame manipulations completed
INFO:root:2021-08-05-14--25--51 Bounding Box Drawn
INFO:root:2021-08-05-14--25--51 MovingFrameQueue Popped
INFO:root:2021-08-05-14--25--51 Colour Conversion Completed
INFO:root:2021-08-05-14--25--51 Sleep Check Completed
INFO:root:2021-08-05-14--25--51 Frame manipulations completed
INFO:root:2021-08-05-14--25--51 Bounding Box Drawn
INFO:root:2021-08-05-14--25--51 MovingFrameQueue Appended
INFO:root:2021-08-05-14--25--51 Colour Conversion Completed
INFO:root:2021-08-05-14--25--51 Sleep Check Completed
INFO:root:2021-08-05-14--25--51 Frame manipulations completed
INFO:root:2021-08-05-14--25--51 Bounding Box Drawn
INFO:root:2021-08-05-14--25--52 MovingFrameQueue Popped
INFO:root:2021-08-05-14--25--52 Colour Conversion Completed
INFO:root:2021-08-05-14--25--52 Sleep Check Completed
INFO:root:2021-08-05-14--25--52 Frame manipulations completed
INFO:root:2021-08-05-14--25--52 Bounding Box Drawn
INFO:root:2021-08-05-14--25--52 MovingFrameQueue Appended
INFO:root:2021-08-05-14--25--52 Colour Conversion Completed
INFO:root:2021-08-05-14--25--52 Sleep Check Completed
INFO:root:2021-08-05-14--25--52 Frame manipulations completed
INFO:root:2021-08-05-14--25--52 Bounding Box Drawn
INFO:root:2021-08-05-14--25--52 MovingFrameQueue Popped
INFO:root:2021-08-05-14--25--52 Colour Conversion Completed
INFO:root:2021-08-05-14--25--52 Sleep Check Completed
INFO:root:2021-08-05-14--25--52 Frame manipulations completed
INFO:root:2021-08-05-14--25--52 Bounding Box Drawn
INFO:root:2021-08-05-14--25--52 MovingFrameQueue Appended
INFO:root:2021-08-05-14--25--52 Colour Conversion Completed
INFO:root:2021-08-05-14--25--52 Sleep Check Completed
INFO:root:2021-08-05-14--25--52 Frame manipulations completed
INFO:root:2021-08-05-14--25--52 Bounding Box Drawn
INFO:root:2021-08-05-14--25--52 MovingFrameQueue Popped
INFO:root:2021-08-05-14--25--52 Colour Conversion Completed
INFO:root:2021-08-05-14--25--52 Sleep Check Completed
INFO:root:2021-08-05-14--25--52 Frame manipulations completed
INFO:root:2021-08-05-14--25--52 Bounding Box Drawn
INFO:root:2021-08-05-14--25--52 MovingFrameQueue Appended
INFO:root:2021-08-05-14--25--52 Colour Conversion Completed
INFO:root:2021-08-05-14--25--52 Sleep Check Completed
INFO:root:2021-08-05-14--25--52 Frame manipulations completed
INFO:root:2021-08-05-14--25--52 Bounding Box Drawn
INFO:root:2021-08-05-14--25--52 MovingFrameQueue Popped
INFO:root:2021-08-05-14--25--52 Colour Conversion Completed
INFO:root:2021-08-05-14--25--52 Sleep Check Completed
INFO:root:2021-08-05-14--25--52 Frame manipulations completed
INFO:root:2021-08-05-14--25--52 Bounding Box Drawn
INFO:root:2021-08-05-14--25--52 MovingFrameQueue Appended
INFO:root:2021-08-05-14--25--52 Colour Conversion Completed
INFO:root:2021-08-05-14--25--52 Sleep Check Completed
INFO:root:2021-08-05-14--25--52 Frame manipulations completed
INFO:root:2021-08-05-14--25--52 Bounding Box Drawn
INFO:root:2021-08-05-14--25--52 MovingFrameQueue Popped
INFO:root:2021-08-05-14--25--52 Colour Conversion Completed
INFO:root:2021-08-05-14--25--52 Sleep Check Completed
INFO:root:2021-08-05-14--25--52 Frame manipulations completed
INFO:root:2021-08-05-14--25--52 Bounding Box Drawn
INFO:root:2021-08-05-14--25--53 MovingFrameQueue Appended
INFO:root:2021-08-05-14--25--53 Colour Conversion Completed
INFO:root:2021-08-05-14--25--53 Sleep Check Completed
INFO:root:2021-08-05-14--25--53 Frame manipulations completed
INFO:root:2021-08-05-14--25--53 Bounding Box Drawn
INFO:root:2021-08-05-14--25--53 MovingFrameQueue Popped
INFO:root:2021-08-05-14--25--53 Colour Conversion Completed
INFO:root:2021-08-05-14--25--53 Sleep Check Completed
INFO:root:2021-08-05-14--25--53 Frame manipulations completed
INFO:root:2021-08-05-14--25--53 Bounding Box Drawn
INFO:root:2021-08-05-14--25--53 MovingFrameQueue Appended
INFO:root:2021-08-05-14--25--53 Colour Conversion Completed
INFO:root:2021-08-05-14--25--53 Sleep Check Completed
INFO:root:2021-08-05-14--25--53 Frame manipulations completed
INFO:root:2021-08-05-14--25--53 Bounding Box Drawn
INFO:root:2021-08-05-14--25--53 MovingFrameQueue Popped
INFO:root:2021-08-05-14--25--53 Colour Conversion Completed
INFO:root:2021-08-05-14--25--53 Sleep Check Completed
INFO:root:2021-08-05-14--25--53 Frame manipulations completed
INFO:root:2021-08-05-14--25--53 Bounding Box Drawn
INFO:root:2021-08-05-14--25--53 MovingFrameQueue Appended
INFO:root:2021-08-05-14--25--53 Colour Conversion Completed
INFO:root:2021-08-05-14--25--53 Sleep Check Completed
INFO:root:2021-08-05-14--25--53 Frame manipulations completed
INFO:root:2021-08-05-14--25--53 Bounding Box Drawn
INFO:root:2021-08-05-14--25--53 MovingFrameQueue Popped
INFO:root:2021-08-05-14--25--53 Colour Conversion Completed
INFO:root:2021-08-05-14--25--53 Sleep Check Completed
INFO:root:2021-08-05-14--25--53 Frame manipulations completed
INFO:root:2021-08-05-14--25--53 Bounding Box Drawn
INFO:root:2021-08-05-14--25--53 MovingFrameQueue Appended
INFO:root:2021-08-05-14--25--53 Colour Conversion Completed
INFO:root:2021-08-05-14--25--53 Sleep Check Completed
INFO:root:2021-08-05-14--25--53 Frame manipulations completed
INFO:root:2021-08-05-14--25--53 Bounding Box Drawn
INFO:root:2021-08-05-14--25--53 MovingFrameQueue Popped
INFO:root:2021-08-05-14--25--53 Colour Conversion Completed
INFO:root:2021-08-05-14--25--53 Sleep Check Completed
INFO:root:2021-08-05-14--25--53 Frame manipulations completed
INFO:root:2021-08-05-14--25--53 Bounding Box Drawn
INFO:root:2021-08-05-14--25--53 MovingFrameQueue Appended
INFO:root:2021-08-05-14--25--53 Colour Conversion Completed
INFO:root:2021-08-05-14--25--53 Sleep Check Completed
INFO:root:2021-08-05-14--25--53 Frame manipulations completed
INFO:root:2021-08-05-14--25--53 Bounding Box Drawn
INFO:root:2021-08-05-14--25--54 MovingFrameQueue Popped
INFO:root:2021-08-05-14--25--54 Colour Conversion Completed
INFO:root:2021-08-05-14--25--54 Sleep Check Completed
INFO:root:2021-08-05-14--25--54 Frame manipulations completed
INFO:root:2021-08-05-14--25--54 Bounding Box Drawn
INFO:root:2021-08-05-14--25--54 MovingFrameQueue Appended
INFO:root:2021-08-05-14--25--54 Colour Conversion Completed
INFO:root:2021-08-05-14--25--54 Sleep Check Completed
INFO:root:2021-08-05-14--25--54 Frame manipulations completed
INFO:root:2021-08-05-14--25--54 Bounding Box Drawn
INFO:root:2021-08-05-14--25--54 MovingFrameQueue Popped
INFO:root:2021-08-05-14--25--54 Colour Conversion Completed
INFO:root:2021-08-05-14--25--54 Sleep Check Completed
INFO:root:2021-08-05-14--25--54 Frame manipulations completed
INFO:root:2021-08-05-14--25--54 Bounding Box Drawn
INFO:root:2021-08-05-14--25--54 MovingFrameQueue Appended
INFO:root:2021-08-05-14--25--54 Colour Conversion Completed
INFO:root:2021-08-05-14--25--54 Sleep Check Completed
INFO:root:2021-08-05-14--25--54 Frame manipulations completed
INFO:root:2021-08-05-14--25--54 Bounding Box Drawn
INFO:root:2021-08-05-14--25--54 MovingFrameQueue Popped
INFO:root:2021-08-05-14--25--54 Colour Conversion Completed
INFO:root:2021-08-05-14--25--54 Sleep Check Completed
INFO:root:2021-08-05-14--25--54 Frame manipulations completed
INFO:root:2021-08-05-14--25--54 Bounding Box Drawn
INFO:root:2021-08-05-14--25--54 MovingFrameQueue Appended
INFO:root:2021-08-05-14--25--54 Colour Conversion Completed
INFO:root:2021-08-05-14--25--54 Sleep Check Completed
INFO:root:2021-08-05-14--25--54 Frame manipulations completed
INFO:root:2021-08-05-14--25--54 Bounding Box Drawn
INFO:root:2021-08-05-14--25--54 MovingFrameQueue Popped
INFO:root:2021-08-05-14--25--54 Colour Conversion Completed
INFO:root:2021-08-05-14--25--54 Sleep Check Completed
INFO:root:2021-08-05-14--25--54 Frame manipulations completed
INFO:root:2021-08-05-14--25--54 Bounding Box Drawn
INFO:root:2021-08-05-14--25--54 MovingFrameQueue Appended
INFO:root:2021-08-05-14--25--54 Colour Conversion Completed
INFO:root:2021-08-05-14--25--54 Sleep Check Completed
INFO:root:2021-08-05-14--25--54 Frame manipulations completed
INFO:root:2021-08-05-14--25--54 Bounding Box Drawn
INFO:root:2021-08-05-14--25--55 MovingFrameQueue Popped
INFO:root:2021-08-05-14--25--55 Colour Conversion Completed
INFO:root:2021-08-05-14--25--55 Sleep Check Completed
INFO:root:2021-08-05-14--25--55 Frame manipulations completed
INFO:root:2021-08-05-14--25--55 Bounding Box Drawn
INFO:root:2021-08-05-14--25--55 MovingFrameQueue Appended
INFO:root:2021-08-05-14--25--55 Colour Conversion Completed
INFO:root:2021-08-05-14--25--55 Sleep Check Completed
INFO:root:2021-08-05-14--25--55 Frame manipulations completed
INFO:root:2021-08-05-14--25--55 Bounding Box Drawn
INFO:root:2021-08-05-14--25--55[INFO] elapsed time: 33.03
INFO:root:2021-08-05-14--25--55[INFO] approx. FPS: 6.75
ERROR:root:2021-08-05-14--25--55 Getting Auth Token Failure
ERROR:root:2021-08-05-14--25--55 BedTime Upload Failed
