INFO:root:2021-07-16-16--09--49 Parameter Generation Success
INFO:root:2021-07-16-16--09--49 Colour Conversion Completed
INFO:root:2021-07-16-16--09--49 Sleep Check Completed
INFO:root:2021-07-16-16--09--49 Frame manipulations completed
INFO:root:2021-07-16-16--09--49 Bounding Box Drawn
INFO:root:2021-07-16-16--09--54 MovingFrameQueue Appended
INFO:root:2021-07-16-16--09--54 anomallyFrameTracker resetted to 200
INFO:root:2021-07-16-16--09--54 Colour Conversion Completed
INFO:root:2021-07-16-16--09--54 Sleep Check Completed
INFO:root:2021-07-16-16--09--54 Frame manipulations completed
INFO:root:2021-07-16-16--09--54 Bounding Box Drawn
INFO:root:2021-07-16-16--09--54 MovingFrameQueue Appended
INFO:root:2021-07-16-16--09--54 anomallyFrameTracker resetted to 200
INFO:root:2021-07-16-16--09--54 Colour Conversion Completed
INFO:root:2021-07-16-16--09--54 Sleep Check Completed
INFO:root:2021-07-16-16--09--54 Frame manipulations completed
INFO:root:2021-07-16-16--09--54 Bounding Box Drawn
INFO:root:2021-07-16-16--09--54 MovingFrameQueue Appended
INFO:root:2021-07-16-16--09--54 anomallyFrameTracker resetted to 200
INFO:root:2021-07-16-16--09--54 Colour Conversion Completed
INFO:root:2021-07-16-16--09--54 Sleep Check Completed
INFO:root:2021-07-16-16--09--54 Frame manipulations completed
INFO:root:2021-07-16-16--09--54 Bounding Box Drawn
INFO:root:2021-07-16-16--09--54 MovingFrameQueue Appended
INFO:root:2021-07-16-16--09--54 anomallyFrameTracker resetted to 200
INFO:root:2021-07-16-16--09--54 Colour Conversion Completed
INFO:root:2021-07-16-16--09--54 Sleep Check Completed
INFO:root:2021-07-16-16--09--54 Frame manipulations completed
INFO:root:2021-07-16-16--09--54 Bounding Box Drawn
INFO:root:2021-07-16-16--09--54 MovingFrameQueue Appended
INFO:root:2021-07-16-16--09--54 anomallyFrameTracker resetted to 200
INFO:root:2021-07-16-16--09--54 Colour Conversion Completed
INFO:root:2021-07-16-16--09--54 Sleep Check Completed
INFO:root:2021-07-16-16--09--54 Frame manipulations completed
INFO:root:2021-07-16-16--09--54 Bounding Box Drawn
INFO:root:2021-07-16-16--09--54 MovingFrameQueue Appended
INFO:root:2021-07-16-16--09--54 anomallyFrameTracker resetted to 200
INFO:root:2021-07-16-16--09--54 Colour Conversion Completed
INFO:root:2021-07-16-16--09--54 Sleep Check Completed
INFO:root:2021-07-16-16--09--54 Frame manipulations completed
INFO:root:2021-07-16-16--09--54 Bounding Box Drawn
INFO:root:2021-07-16-16--09--55 MovingFrameQueue Appended
INFO:root:2021-07-16-16--09--55 anomallyFrameTracker resetted to 200
INFO:root:2021-07-16-16--09--55 Colour Conversion Completed
INFO:root:2021-07-16-16--09--55 Sleep Check Completed
INFO:root:2021-07-16-16--09--55 Frame manipulations completed
INFO:root:2021-07-16-16--09--55 Bounding Box Drawn
INFO:root:2021-07-16-16--09--55 MovingFrameQueue Appended
INFO:root:2021-07-16-16--09--55 anomallyFrameTracker resetted to 200
INFO:root:2021-07-16-16--09--55 Colour Conversion Completed
INFO:root:2021-07-16-16--09--55 Sleep Check Completed
INFO:root:2021-07-16-16--09--55 Frame manipulations completed
INFO:root:2021-07-16-16--09--55 Bounding Box Drawn
INFO:root:2021-07-16-16--09--55 MovingFrameQueue Appended
INFO:root:2021-07-16-16--09--55 anomallyFrameTracker resetted to 200
INFO:root:2021-07-16-16--09--55 Colour Conversion Completed
INFO:root:2021-07-16-16--09--55 Sleep Check Completed
INFO:root:2021-07-16-16--09--55 Frame manipulations completed
INFO:root:2021-07-16-16--09--55 Bounding Box Drawn
INFO:root:2021-07-16-16--09--55 MovingFrameQueue Appended
INFO:root:2021-07-16-16--09--55 anomallyFrameTracker resetted to 200
INFO:root:2021-07-16-16--09--55 Colour Conversion Completed
INFO:root:2021-07-16-16--09--55 Sleep Check Completed
INFO:root:2021-07-16-16--09--55 Frame manipulations completed
INFO:root:2021-07-16-16--09--55 Bounding Box Drawn
INFO:root:2021-07-16-16--09--55 MovingFrameQueue Appended
INFO:root:2021-07-16-16--09--55 anomallyFrameTracker resetted to 200
INFO:root:2021-07-16-16--09--55 Colour Conversion Completed
INFO:root:2021-07-16-16--09--55 Sleep Check Completed
INFO:root:2021-07-16-16--09--55 Frame manipulations completed
INFO:root:2021-07-16-16--09--55 Bounding Box Drawn
INFO:root:2021-07-16-16--09--55 MovingFrameQueue Appended
INFO:root:2021-07-16-16--09--55 anomallyFrameTracker resetted to 200
INFO:root:2021-07-16-16--09--55 Colour Conversion Completed
INFO:root:2021-07-16-16--09--55 Sleep Check Completed
INFO:root:2021-07-16-16--09--55 Frame manipulations completed
INFO:root:2021-07-16-16--09--55 Bounding Box Drawn
INFO:root:2021-07-16-16--09--55 MovingFrameQueue Appended
INFO:root:2021-07-16-16--09--55 anomallyFrameTracker resetted to 200
INFO:root:2021-07-16-16--09--55 Colour Conversion Completed
INFO:root:2021-07-16-16--09--55 Sleep Check Completed
INFO:root:2021-07-16-16--09--55 Frame manipulations completed
INFO:root:2021-07-16-16--09--55 Bounding Box Drawn
INFO:root:2021-07-16-16--09--55 MovingFrameQueue Appended
INFO:root:2021-07-16-16--09--55 anomallyFrameTracker resetted to 200
INFO:root:2021-07-16-16--09--55 Colour Conversion Completed
INFO:root:2021-07-16-16--09--55 Sleep Check Completed
INFO:root:2021-07-16-16--09--55 Frame manipulations completed
INFO:root:2021-07-16-16--09--55 Bounding Box Drawn
INFO:root:2021-07-16-16--09--56 MovingFrameQueue Appended
INFO:root:2021-07-16-16--09--56 anomallyFrameTracker resetted to 200
INFO:root:2021-07-16-16--09--56 Colour Conversion Completed
INFO:root:2021-07-16-16--09--56 Sleep Check Completed
INFO:root:2021-07-16-16--09--56 Frame manipulations completed
INFO:root:2021-07-16-16--09--56 Bounding Box Drawn
INFO:root:2021-07-16-16--09--56 MovingFrameQueue Appended
INFO:root:2021-07-16-16--09--56 anomallyFrameTracker resetted to 200
INFO:root:2021-07-16-16--09--56 Colour Conversion Completed
INFO:root:2021-07-16-16--09--56 Sleep Check Completed
INFO:root:2021-07-16-16--09--56 Frame manipulations completed
INFO:root:2021-07-16-16--09--56 Bounding Box Drawn
INFO:root:2021-07-16-16--09--56 MovingFrameQueue Appended
INFO:root:2021-07-16-16--09--56 anomallyFrameTracker resetted to 200
INFO:root:2021-07-16-16--09--56 Colour Conversion Completed
INFO:root:2021-07-16-16--09--56 Sleep Check Completed
INFO:root:2021-07-16-16--09--56 Frame manipulations completed
INFO:root:2021-07-16-16--09--56 Bounding Box Drawn
INFO:root:2021-07-16-16--09--56 MovingFrameQueue Appended
INFO:root:2021-07-16-16--09--56 anomallyFrameTracker resetted to 200
INFO:root:2021-07-16-16--09--56 Colour Conversion Completed
INFO:root:2021-07-16-16--09--56 Sleep Check Completed
INFO:root:2021-07-16-16--09--56 Frame manipulations completed
INFO:root:2021-07-16-16--09--56 Bounding Box Drawn
INFO:root:2021-07-16-16--09--56 MovingFrameQueue Appended
INFO:root:2021-07-16-16--09--56 anomallyFrameTracker resetted to 200
INFO:root:2021-07-16-16--09--56 Colour Conversion Completed
INFO:root:2021-07-16-16--09--56 Sleep Check Completed
INFO:root:2021-07-16-16--09--56 Frame manipulations completed
INFO:root:2021-07-16-16--09--56 Bounding Box Drawn
INFO:root:2021-07-16-16--09--56 MovingFrameQueue Appended
INFO:root:2021-07-16-16--09--56 anomallyFrameTracker resetted to 200
INFO:root:2021-07-16-16--09--56 Colour Conversion Completed
INFO:root:2021-07-16-16--09--56 Sleep Check Completed
INFO:root:2021-07-16-16--09--56 Frame manipulations completed
INFO:root:2021-07-16-16--09--56 Bounding Box Drawn
INFO:root:2021-07-16-16--09--56 MovingFrameQueue Appended
INFO:root:2021-07-16-16--09--56 anomallyFrameTracker resetted to 200
INFO:root:2021-07-16-16--09--56 Colour Conversion Completed
INFO:root:2021-07-16-16--09--56 Sleep Check Completed
INFO:root:2021-07-16-16--09--56 Frame manipulations completed
INFO:root:2021-07-16-16--09--56 Bounding Box Drawn
INFO:root:2021-07-16-16--09--56 MovingFrameQueue Appended
INFO:root:2021-07-16-16--09--56 anomallyFrameTracker resetted to 200
INFO:root:2021-07-16-16--09--56 Colour Conversion Completed
INFO:root:2021-07-16-16--09--56 Sleep Check Completed
INFO:root:2021-07-16-16--09--56 Frame manipulations completed
INFO:root:2021-07-16-16--09--56 Bounding Box Drawn
INFO:root:2021-07-16-16--09--56 MovingFrameQueue Appended
INFO:root:2021-07-16-16--09--56 anomallyFrameTracker resetted to 200
INFO:root:2021-07-16-16--09--56 Colour Conversion Completed
INFO:root:2021-07-16-16--09--57 Sleep Check Completed
INFO:root:2021-07-16-16--09--57 Frame manipulations completed
INFO:root:2021-07-16-16--09--57 Bounding Box Drawn
INFO:root:2021-07-16-16--09--57 MovingFrameQueue Appended
INFO:root:2021-07-16-16--09--57 anomallyFrameTracker resetted to 200
INFO:root:2021-07-16-16--09--57 Colour Conversion Completed
INFO:root:2021-07-16-16--09--57 Sleep Check Completed
INFO:root:2021-07-16-16--09--57 Frame manipulations completed
INFO:root:2021-07-16-16--09--57 Bounding Box Drawn
INFO:root:2021-07-16-16--09--57 MovingFrameQueue Appended
INFO:root:2021-07-16-16--09--57 anomallyFrameTracker resetted to 200
INFO:root:2021-07-16-16--09--57 Colour Conversion Completed
INFO:root:2021-07-16-16--09--57 Sleep Check Completed
INFO:root:2021-07-16-16--09--57 Frame manipulations completed
INFO:root:2021-07-16-16--09--57 Bounding Box Drawn
INFO:root:2021-07-16-16--09--57 MovingFrameQueue Appended
INFO:root:2021-07-16-16--09--57 anomallyFrameTracker resetted to 200
INFO:root:2021-07-16-16--09--57 Colour Conversion Completed
INFO:root:2021-07-16-16--09--57 Sleep Check Completed
INFO:root:2021-07-16-16--09--57 Frame manipulations completed
INFO:root:2021-07-16-16--09--57 Bounding Box Drawn
INFO:root:2021-07-16-16--09--57 MovingFrameQueue Appended
INFO:root:2021-07-16-16--09--57 anomallyFrameTracker resetted to 200
INFO:root:2021-07-16-16--09--57 Colour Conversion Completed
INFO:root:2021-07-16-16--09--57 Sleep Check Completed
INFO:root:2021-07-16-16--09--57 Frame manipulations completed
INFO:root:2021-07-16-16--09--57 Bounding Box Drawn
INFO:root:2021-07-16-16--09--57 MovingFrameQueue Appended
INFO:root:2021-07-16-16--09--57 anomallyFrameTracker resetted to 200
INFO:root:2021-07-16-16--09--57 Colour Conversion Completed
INFO:root:2021-07-16-16--09--57 Sleep Check Completed
INFO:root:2021-07-16-16--09--57 Frame manipulations completed
INFO:root:2021-07-16-16--09--57 Bounding Box Drawn
INFO:root:2021-07-16-16--09--57 MovingFrameQueue Appended
INFO:root:2021-07-16-16--09--57 anomallyFrameTracker resetted to 200
INFO:root:2021-07-16-16--09--57 Colour Conversion Completed
INFO:root:2021-07-16-16--09--57 Sleep Check Completed
INFO:root:2021-07-16-16--09--57 Frame manipulations completed
INFO:root:2021-07-16-16--09--57 Bounding Box Drawn
INFO:root:2021-07-16-16--09--57 MovingFrameQueue Appended
INFO:root:2021-07-16-16--09--57 anomallyFrameTracker resetted to 200
INFO:root:2021-07-16-16--09--57 Colour Conversion Completed
INFO:root:2021-07-16-16--09--57 Sleep Check Completed
INFO:root:2021-07-16-16--09--57 Frame manipulations completed
INFO:root:2021-07-16-16--09--57 Bounding Box Drawn
INFO:root:2021-07-16-16--09--57 MovingFrameQueue Appended
INFO:root:2021-07-16-16--09--57 anomallyFrameTracker resetted to 200
INFO:root:2021-07-16-16--09--57 Colour Conversion Completed
INFO:root:2021-07-16-16--09--57 Sleep Check Completed
INFO:root:2021-07-16-16--09--57 Frame manipulations completed
INFO:root:2021-07-16-16--09--57 Bounding Box Drawn
INFO:root:2021-07-16-16--09--58 MovingFrameQueue Appended
INFO:root:2021-07-16-16--09--58 anomallyFrameTracker resetted to 200
INFO:root:2021-07-16-16--09--58 Colour Conversion Completed
INFO:root:2021-07-16-16--09--58 Sleep Check Completed
INFO:root:2021-07-16-16--09--58 Frame manipulations completed
INFO:root:2021-07-16-16--09--58 Bounding Box Drawn
INFO:root:2021-07-16-16--09--58 MovingFrameQueue Appended
INFO:root:2021-07-16-16--09--58 anomallyFrameTracker resetted to 200
INFO:root:2021-07-16-16--09--58 Colour Conversion Completed
INFO:root:2021-07-16-16--09--58 Sleep Check Completed
INFO:root:2021-07-16-16--09--58 Frame manipulations completed
INFO:root:2021-07-16-16--09--58 Bounding Box Drawn
INFO:root:2021-07-16-16--09--58 MovingFrameQueue Appended
INFO:root:2021-07-16-16--09--58 anomallyFrameTracker resetted to 200
INFO:root:2021-07-16-16--09--58 Colour Conversion Completed
INFO:root:2021-07-16-16--09--58 Sleep Check Completed
INFO:root:2021-07-16-16--09--58 Frame manipulations completed
INFO:root:2021-07-16-16--09--58 Bounding Box Drawn
INFO:root:2021-07-16-16--09--58 MovingFrameQueue Appended
INFO:root:2021-07-16-16--09--58 anomallyFrameTracker resetted to 200
INFO:root:2021-07-16-16--09--58 Colour Conversion Completed
INFO:root:2021-07-16-16--09--58 Sleep Check Completed
INFO:root:2021-07-16-16--09--58 Frame manipulations completed
INFO:root:2021-07-16-16--09--58 Bounding Box Drawn
INFO:root:2021-07-16-16--09--58 MovingFrameQueue Appended
INFO:root:2021-07-16-16--09--58 anomallyFrameTracker resetted to 200
INFO:root:2021-07-16-16--09--58 Colour Conversion Completed
INFO:root:2021-07-16-16--09--58 Sleep Check Completed
INFO:root:2021-07-16-16--09--58 Frame manipulations completed
INFO:root:2021-07-16-16--09--58 Bounding Box Drawn
INFO:root:2021-07-16-16--09--58 MovingFrameQueue Appended
INFO:root:2021-07-16-16--09--58 anomallyFrameTracker resetted to 200
INFO:root:2021-07-16-16--09--58 Colour Conversion Completed
INFO:root:2021-07-16-16--09--58 Sleep Check Completed
INFO:root:2021-07-16-16--09--58 Frame manipulations completed
INFO:root:2021-07-16-16--09--58 Bounding Box Drawn
INFO:root:2021-07-16-16--09--58 MovingFrameQueue Appended
INFO:root:2021-07-16-16--09--58 anomallyFrameTracker resetted to 200
INFO:root:2021-07-16-16--09--58 Colour Conversion Completed
INFO:root:2021-07-16-16--09--58 Sleep Check Completed
INFO:root:2021-07-16-16--09--58 Frame manipulations completed
INFO:root:2021-07-16-16--09--58 Bounding Box Drawn
INFO:root:2021-07-16-16--09--58 MovingFrameQueue Appended
INFO:root:2021-07-16-16--09--58 anomallyFrameTracker resetted to 200
INFO:root:2021-07-16-16--09--58 Colour Conversion Completed
INFO:root:2021-07-16-16--09--58 Sleep Check Completed
INFO:root:2021-07-16-16--09--58 Frame manipulations completed
INFO:root:2021-07-16-16--09--58 Bounding Box Drawn
INFO:root:2021-07-16-16--09--58 MovingFrameQueue Appended
INFO:root:2021-07-16-16--09--58 anomallyFrameTracker resetted to 200
INFO:root:2021-07-16-16--09--58 Colour Conversion Completed
INFO:root:2021-07-16-16--09--58 Sleep Check Completed
INFO:root:2021-07-16-16--09--58 Frame manipulations completed
INFO:root:2021-07-16-16--09--58 Bounding Box Drawn
INFO:root:2021-07-16-16--09--59 MovingFrameQueue Appended
INFO:root:2021-07-16-16--09--59 anomallyFrameTracker resetted to 200
INFO:root:2021-07-16-16--09--59 Colour Conversion Completed
INFO:root:2021-07-16-16--09--59 Sleep Check Completed
INFO:root:2021-07-16-16--09--59 Frame manipulations completed
INFO:root:2021-07-16-16--09--59 Bounding Box Drawn
INFO:root:2021-07-16-16--09--59 MovingFrameQueue Appended
INFO:root:2021-07-16-16--09--59 anomallyFrameTracker resetted to 200
INFO:root:2021-07-16-16--09--59 Colour Conversion Completed
INFO:root:2021-07-16-16--09--59 Sleep Check Completed
INFO:root:2021-07-16-16--09--59 Frame manipulations completed
INFO:root:2021-07-16-16--09--59 Bounding Box Drawn
INFO:root:2021-07-16-16--09--59 MovingFrameQueue Appended
INFO:root:2021-07-16-16--09--59 anomallyFrameTracker resetted to 200
INFO:root:2021-07-16-16--09--59 Colour Conversion Completed
INFO:root:2021-07-16-16--09--59 Sleep Check Completed
INFO:root:2021-07-16-16--09--59 Frame manipulations completed
INFO:root:2021-07-16-16--09--59 Bounding Box Drawn
INFO:root:2021-07-16-16--09--59 MovingFrameQueue Appended
INFO:root:2021-07-16-16--09--59 anomallyFrameTracker resetted to 200
INFO:root:2021-07-16-16--09--59 Colour Conversion Completed
INFO:root:2021-07-16-16--09--59 Sleep Check Completed
INFO:root:2021-07-16-16--09--59 Frame manipulations completed
INFO:root:2021-07-16-16--09--59 Bounding Box Drawn
INFO:root:2021-07-16-16--09--59 MovingFrameQueue Appended
INFO:root:2021-07-16-16--09--59 anomallyFrameTracker resetted to 200
INFO:root:2021-07-16-16--09--59 Colour Conversion Completed
INFO:root:2021-07-16-16--09--59 Sleep Check Completed
INFO:root:2021-07-16-16--09--59 Frame manipulations completed
INFO:root:2021-07-16-16--09--59 Bounding Box Drawn
INFO:root:2021-07-16-16--09--59 MovingFrameQueue Appended
INFO:root:2021-07-16-16--09--59 anomallyFrameTracker resetted to 200
INFO:root:2021-07-16-16--09--59 Colour Conversion Completed
INFO:root:2021-07-16-16--09--59 Sleep Check Completed
INFO:root:2021-07-16-16--09--59 Frame manipulations completed
INFO:root:2021-07-16-16--09--59 Bounding Box Drawn
INFO:root:2021-07-16-16--09--59 MovingFrameQueue Appended
INFO:root:2021-07-16-16--09--59 anomallyFrameTracker resetted to 200
INFO:root:2021-07-16-16--09--59 Colour Conversion Completed
INFO:root:2021-07-16-16--09--59 Sleep Check Completed
INFO:root:2021-07-16-16--09--59 Frame manipulations completed
INFO:root:2021-07-16-16--09--59 Bounding Box Drawn
INFO:root:2021-07-16-16--09--59 MovingFrameQueue Appended
INFO:root:2021-07-16-16--09--59 anomallyFrameTracker resetted to 200
INFO:root:2021-07-16-16--09--59 Colour Conversion Completed
INFO:root:2021-07-16-16--09--59 Sleep Check Completed
INFO:root:2021-07-16-16--09--59 Frame manipulations completed
INFO:root:2021-07-16-16--09--59 Bounding Box Drawn
INFO:root:2021-07-16-16--10--00 MovingFrameQueue Appended
INFO:root:2021-07-16-16--10--00 anomallyFrameTracker resetted to 200
INFO:root:2021-07-16-16--10--00 Colour Conversion Completed
INFO:root:2021-07-16-16--10--00 Sleep Check Completed
INFO:root:2021-07-16-16--10--00 Frame manipulations completed
INFO:root:2021-07-16-16--10--00 Bounding Box Drawn
INFO:root:2021-07-16-16--10--00 MovingFrameQueue Appended
INFO:root:2021-07-16-16--10--00 anomallyFrameTracker resetted to 200
INFO:root:2021-07-16-16--10--00 Colour Conversion Completed
INFO:root:2021-07-16-16--10--00 Sleep Check Completed
INFO:root:2021-07-16-16--10--00 Frame manipulations completed
INFO:root:2021-07-16-16--10--00 Bounding Box Drawn
INFO:root:2021-07-16-16--10--00 MovingFrameQueue Appended
INFO:root:2021-07-16-16--10--00 anomallyFrameTracker resetted to 200
INFO:root:2021-07-16-16--10--00 Colour Conversion Completed
INFO:root:2021-07-16-16--10--00 Sleep Check Completed
INFO:root:2021-07-16-16--10--00 Frame manipulations completed
INFO:root:2021-07-16-16--10--00 Bounding Box Drawn
INFO:root:2021-07-16-16--10--00 MovingFrameQueue Popped
INFO:root:2021-07-16-16--10--00 anomallyFrameTracker resetted to 200
INFO:root:2021-07-16-16--10--00 Colour Conversion Completed
INFO:root:2021-07-16-16--10--00 Sleep Check Completed
INFO:root:2021-07-16-16--10--00 Frame manipulations completed
INFO:root:2021-07-16-16--10--00 Bounding Box Drawn
INFO:root:2021-07-16-16--10--00 MovingFrameQueue Appended
INFO:root:2021-07-16-16--10--00 anomallyFrameTracker resetted to 200
INFO:root:2021-07-16-16--10--00 Colour Conversion Completed
INFO:root:2021-07-16-16--10--00 Sleep Check Completed
INFO:root:2021-07-16-16--10--00 Frame manipulations completed
INFO:root:2021-07-16-16--10--00 Bounding Box Drawn
INFO:root:2021-07-16-16--10--00 MovingFrameQueue Popped
INFO:root:2021-07-16-16--10--00 anomallyFrameTracker resetted to 200
INFO:root:2021-07-16-16--10--00 Colour Conversion Completed
INFO:root:2021-07-16-16--10--00 Sleep Check Completed
INFO:root:2021-07-16-16--10--00 Frame manipulations completed
INFO:root:2021-07-16-16--10--00 Bounding Box Drawn
INFO:root:2021-07-16-16--10--00 MovingFrameQueue Appended
INFO:root:2021-07-16-16--10--00 anomallyFrameTracker resetted to 200
INFO:root:2021-07-16-16--10--00 Colour Conversion Completed
INFO:root:2021-07-16-16--10--00 Sleep Check Completed
INFO:root:2021-07-16-16--10--00 Frame manipulations completed
INFO:root:2021-07-16-16--10--00 Bounding Box Drawn
INFO:root:2021-07-16-16--10--00 MovingFrameQueue Popped
INFO:root:2021-07-16-16--10--00 anomallyFrameTracker resetted to 200
INFO:root:2021-07-16-16--10--00 Colour Conversion Completed
INFO:root:2021-07-16-16--10--00 Sleep Check Completed
INFO:root:2021-07-16-16--10--00 Frame manipulations completed
INFO:root:2021-07-16-16--10--00 Bounding Box Drawn
INFO:root:2021-07-16-16--10--00 MovingFrameQueue Appended
INFO:root:2021-07-16-16--10--00 anomallyFrameTracker resetted to 200
INFO:root:2021-07-16-16--10--00 Colour Conversion Completed
INFO:root:2021-07-16-16--10--01 Sleep Check Completed
INFO:root:2021-07-16-16--10--01 Frame manipulations completed
INFO:root:2021-07-16-16--10--01 Bounding Box Drawn
INFO:root:2021-07-16-16--10--01 MovingFrameQueue Popped
INFO:root:2021-07-16-16--10--01 anomallyFrameTracker resetted to 200
INFO:root:2021-07-16-16--10--01 Colour Conversion Completed
INFO:root:2021-07-16-16--10--01 Sleep Check Completed
INFO:root:2021-07-16-16--10--01 Frame manipulations completed
INFO:root:2021-07-16-16--10--01 Bounding Box Drawn
INFO:root:2021-07-16-16--10--01 MovingFrameQueue Appended
INFO:root:2021-07-16-16--10--01 anomallyFrameTracker resetted to 200
INFO:root:2021-07-16-16--10--01 Colour Conversion Completed
INFO:root:2021-07-16-16--10--01 Sleep Check Completed
INFO:root:2021-07-16-16--10--01 Frame manipulations completed
INFO:root:2021-07-16-16--10--01 Bounding Box Drawn
INFO:root:2021-07-16-16--10--01 MovingFrameQueue Popped
INFO:root:2021-07-16-16--10--01 anomallyFrameTracker resetted to 200
INFO:root:2021-07-16-16--10--01 Colour Conversion Completed
INFO:root:2021-07-16-16--10--01 Sleep Check Completed
INFO:root:2021-07-16-16--10--01 Frame manipulations completed
INFO:root:2021-07-16-16--10--01 Bounding Box Drawn
INFO:root:2021-07-16-16--10--01 MovingFrameQueue Appended
INFO:root:2021-07-16-16--10--01 anomallyFrameTracker resetted to 200
INFO:root:2021-07-16-16--10--01 Colour Conversion Completed
INFO:root:2021-07-16-16--10--01 Sleep Check Completed
INFO:root:2021-07-16-16--10--01 Frame manipulations completed
INFO:root:2021-07-16-16--10--01 Bounding Box Drawn
INFO:root:2021-07-16-16--10--01 MovingFrameQueue Popped
INFO:root:2021-07-16-16--10--01 anomallyFrameTracker resetted to 200
INFO:root:2021-07-16-16--10--01 Colour Conversion Completed
INFO:root:2021-07-16-16--10--01 Sleep Check Completed
INFO:root:2021-07-16-16--10--01 Frame manipulations completed
INFO:root:2021-07-16-16--10--01 Bounding Box Drawn
INFO:root:2021-07-16-16--10--01 MovingFrameQueue Appended
INFO:root:2021-07-16-16--10--01 anomallyFrameTracker resetted to 200
INFO:root:2021-07-16-16--10--01 Colour Conversion Completed
INFO:root:2021-07-16-16--10--01 Sleep Check Completed
INFO:root:2021-07-16-16--10--01 Frame manipulations completed
INFO:root:2021-07-16-16--10--01 Bounding Box Drawn
INFO:root:2021-07-16-16--10--01 MovingFrameQueue Popped
INFO:root:2021-07-16-16--10--01 anomallyFrameTracker resetted to 200
INFO:root:2021-07-16-16--10--01 Colour Conversion Completed
INFO:root:2021-07-16-16--10--01 Sleep Check Completed
INFO:root:2021-07-16-16--10--01 Frame manipulations completed
INFO:root:2021-07-16-16--10--01 Bounding Box Drawn
INFO:root:2021-07-16-16--10--01 MovingFrameQueue Appended
INFO:root:2021-07-16-16--10--01 anomallyFrameTracker resetted to 200
INFO:root:2021-07-16-16--10--01 Colour Conversion Completed
INFO:root:2021-07-16-16--10--01 Sleep Check Completed
INFO:root:2021-07-16-16--10--01 Frame manipulations completed
INFO:root:2021-07-16-16--10--01 Bounding Box Drawn
INFO:root:2021-07-16-16--10--02 MovingFrameQueue Popped
INFO:root:2021-07-16-16--10--02 anomallyFrameTracker resetted to 200
INFO:root:2021-07-16-16--10--02 Colour Conversion Completed
INFO:root:2021-07-16-16--10--02 Sleep Check Completed
INFO:root:2021-07-16-16--10--02 Frame manipulations completed
INFO:root:2021-07-16-16--10--02 Bounding Box Drawn
INFO:root:2021-07-16-16--10--02 MovingFrameQueue Appended
INFO:root:2021-07-16-16--10--02 anomallyFrameTracker resetted to 200
INFO:root:2021-07-16-16--10--02 Colour Conversion Completed
INFO:root:2021-07-16-16--10--02 Sleep Check Completed
INFO:root:2021-07-16-16--10--02 Frame manipulations completed
INFO:root:2021-07-16-16--10--02 Bounding Box Drawn
INFO:root:2021-07-16-16--10--02 MovingFrameQueue Popped
INFO:root:2021-07-16-16--10--02 anomallyFrameTracker resetted to 200
INFO:root:2021-07-16-16--10--02 Colour Conversion Completed
INFO:root:2021-07-16-16--10--02 Sleep Check Completed
INFO:root:2021-07-16-16--10--02 Frame manipulations completed
INFO:root:2021-07-16-16--10--02 Bounding Box Drawn
INFO:root:2021-07-16-16--10--02 MovingFrameQueue Appended
INFO:root:2021-07-16-16--10--02 anomallyFrameTracker resetted to 200
INFO:root:2021-07-16-16--10--02 Colour Conversion Completed
INFO:root:2021-07-16-16--10--02 Sleep Check Completed
INFO:root:2021-07-16-16--10--02 Frame manipulations completed
INFO:root:2021-07-16-16--10--02 Bounding Box Drawn
INFO:root:2021-07-16-16--10--02 MovingFrameQueue Popped
INFO:root:2021-07-16-16--10--02 anomallyFrameTracker resetted to 200
INFO:root:2021-07-16-16--10--02 Colour Conversion Completed
INFO:root:2021-07-16-16--10--02 Sleep Check Completed
INFO:root:2021-07-16-16--10--02 Frame manipulations completed
INFO:root:2021-07-16-16--10--02 Bounding Box Drawn
INFO:root:2021-07-16-16--10--02 MovingFrameQueue Appended
INFO:root:2021-07-16-16--10--02 anomallyFrameTracker resetted to 200
INFO:root:2021-07-16-16--10--03 Colour Conversion Completed
INFO:root:2021-07-16-16--10--03 Sleep Check Completed
INFO:root:2021-07-16-16--10--03 Frame manipulations completed
INFO:root:2021-07-16-16--10--03 Bounding Box Drawn
INFO:root:2021-07-16-16--10--03 MovingFrameQueue Popped
INFO:root:2021-07-16-16--10--03 anomallyFrameTracker resetted to 200
INFO:root:2021-07-16-16--10--03 Colour Conversion Completed
INFO:root:2021-07-16-16--10--03 Sleep Check Completed
INFO:root:2021-07-16-16--10--03 Frame manipulations completed
INFO:root:2021-07-16-16--10--03 Bounding Box Drawn
INFO:root:2021-07-16-16--10--03 MovingFrameQueue Appended
INFO:root:2021-07-16-16--10--03 anomallyFrameTracker resetted to 200
INFO:root:2021-07-16-16--10--03 Colour Conversion Completed
INFO:root:2021-07-16-16--10--03 Sleep Check Completed
INFO:root:2021-07-16-16--10--03 Frame manipulations completed
INFO:root:2021-07-16-16--10--03 Bounding Box Drawn
INFO:root:2021-07-16-16--10--03 MovingFrameQueue Popped
INFO:root:2021-07-16-16--10--03 anomallyFrameTracker resetted to 200
INFO:root:2021-07-16-16--10--03 Colour Conversion Completed
INFO:root:2021-07-16-16--10--03 Sleep Check Completed
INFO:root:2021-07-16-16--10--03 Frame manipulations completed
INFO:root:2021-07-16-16--10--03 Bounding Box Drawn
INFO:root:2021-07-16-16--10--03 MovingFrameQueue Appended
INFO:root:2021-07-16-16--10--03 anomallyFrameTracker resetted to 200
INFO:root:2021-07-16-16--10--03 Colour Conversion Completed
INFO:root:2021-07-16-16--10--03 Sleep Check Completed
INFO:root:2021-07-16-16--10--03 Frame manipulations completed
INFO:root:2021-07-16-16--10--03 Bounding Box Drawn
INFO:root:2021-07-16-16--10--03 MovingFrameQueue Popped
INFO:root:2021-07-16-16--10--03 anomallyFrameTracker resetted to 200
INFO:root:2021-07-16-16--10--03 Colour Conversion Completed
INFO:root:2021-07-16-16--10--03 Sleep Check Completed
INFO:root:2021-07-16-16--10--03 Frame manipulations completed
INFO:root:2021-07-16-16--10--03 Bounding Box Drawn
INFO:root:2021-07-16-16--10--03 MovingFrameQueue Appended
INFO:root:2021-07-16-16--10--03 anomallyFrameTracker resetted to 200
INFO:root:2021-07-16-16--10--03 Colour Conversion Completed
INFO:root:2021-07-16-16--10--03 Sleep Check Completed
INFO:root:2021-07-16-16--10--03 Frame manipulations completed
INFO:root:2021-07-16-16--10--03 Bounding Box Drawn
INFO:root:2021-07-16-16--10--03 MovingFrameQueue Popped
INFO:root:2021-07-16-16--10--03 anomallyFrameTracker resetted to 200
INFO:root:2021-07-16-16--10--03 Colour Conversion Completed
INFO:root:2021-07-16-16--10--03 Sleep Check Completed
INFO:root:2021-07-16-16--10--03 Frame manipulations completed
INFO:root:2021-07-16-16--10--03 Bounding Box Drawn
INFO:root:2021-07-16-16--10--03 MovingFrameQueue Appended
INFO:root:2021-07-16-16--10--03 anomallyFrameTracker resetted to 200
INFO:root:2021-07-16-16--10--03 Colour Conversion Completed
INFO:root:2021-07-16-16--10--03 Sleep Check Completed
INFO:root:2021-07-16-16--10--03 Frame manipulations completed
INFO:root:2021-07-16-16--10--03 Bounding Box Drawn
INFO:root:2021-07-16-16--10--04 MovingFrameQueue Popped
INFO:root:2021-07-16-16--10--04 anomallyFrameTracker resetted to 200
INFO:root:2021-07-16-16--10--04 Colour Conversion Completed
INFO:root:2021-07-16-16--10--04 Sleep Check Completed
INFO:root:2021-07-16-16--10--04 Frame manipulations completed
INFO:root:2021-07-16-16--10--04 Bounding Box Drawn
INFO:root:2021-07-16-16--10--04[INFO] elapsed time: 14.68
INFO:root:2021-07-16-16--10--04[INFO] approx. FPS: 5.45
INFO:root:2021-07-16-16--10--04 Getting Auth Token Success
INFO:root:2021-07-16-16--10--04 BedTime Upload Completed
