INFO:root:2021-07-21-10--31--14 Parameter Generation Success
INFO:root:2021-07-21-10--31--14 Colour Conversion Completed
INFO:root:2021-07-21-10--31--14 Sleep Check Completed
INFO:root:2021-07-21-10--31--14 Frame manipulations completed
INFO:root:2021-07-21-10--31--14 Bounding Box Drawn
INFO:root:2021-07-21-10--31--19 MovingFrameQueue Appended
INFO:root:2021-07-21-10--31--19 anomallyFrameTracker resetted to 200
INFO:root:2021-07-21-10--31--19 Colour Conversion Completed
INFO:root:2021-07-21-10--31--19 Sleep Check Completed
INFO:root:2021-07-21-10--31--19 Frame manipulations completed
INFO:root:2021-07-21-10--31--19 Bounding Box Drawn
INFO:root:2021-07-21-10--31--19 MovingFrameQueue Appended
INFO:root:2021-07-21-10--31--19 anomallyFrameTracker resetted to 200
INFO:root:2021-07-21-10--31--19 Colour Conversion Completed
INFO:root:2021-07-21-10--31--19 Sleep Check Completed
INFO:root:2021-07-21-10--31--19 Frame manipulations completed
INFO:root:2021-07-21-10--31--19 Bounding Box Drawn
INFO:root:2021-07-21-10--31--19 MovingFrameQueue Appended
INFO:root:2021-07-21-10--31--19 anomallyFrameTracker resetted to 200
INFO:root:2021-07-21-10--31--19 Colour Conversion Completed
INFO:root:2021-07-21-10--31--19 Sleep Check Completed
INFO:root:2021-07-21-10--31--19 Frame manipulations completed
INFO:root:2021-07-21-10--31--19 Bounding Box Drawn
INFO:root:2021-07-21-10--31--19 MovingFrameQueue Appended
INFO:root:2021-07-21-10--31--19 anomallyFrameTracker resetted to 200
INFO:root:2021-07-21-10--31--20 Colour Conversion Completed
INFO:root:2021-07-21-10--31--20 Sleep Check Completed
INFO:root:2021-07-21-10--31--20 Frame manipulations completed
INFO:root:2021-07-21-10--31--20 Bounding Box Drawn
INFO:root:2021-07-21-10--31--20 MovingFrameQueue Appended
INFO:root:2021-07-21-10--31--20 anomallyFrameTracker resetted to 200
INFO:root:2021-07-21-10--31--20 Colour Conversion Completed
INFO:root:2021-07-21-10--31--20 Sleep Check Completed
INFO:root:2021-07-21-10--31--20 Frame manipulations completed
INFO:root:2021-07-21-10--31--20 Bounding Box Drawn
INFO:root:2021-07-21-10--31--20 MovingFrameQueue Appended
INFO:root:2021-07-21-10--31--20 anomallyFrameTracker resetted to 200
INFO:root:2021-07-21-10--31--20 Colour Conversion Completed
INFO:root:2021-07-21-10--31--20 Sleep Check Completed
INFO:root:2021-07-21-10--31--20 Frame manipulations completed
INFO:root:2021-07-21-10--31--20 Bounding Box Drawn
INFO:root:2021-07-21-10--31--20 MovingFrameQueue Appended
INFO:root:2021-07-21-10--31--20 anomallyFrameTracker resetted to 200
INFO:root:2021-07-21-10--31--20 Colour Conversion Completed
INFO:root:2021-07-21-10--31--20 Sleep Check Completed
INFO:root:2021-07-21-10--31--20 Frame manipulations completed
INFO:root:2021-07-21-10--31--20 Bounding Box Drawn
INFO:root:2021-07-21-10--31--20 MovingFrameQueue Appended
INFO:root:2021-07-21-10--31--20 anomallyFrameTracker resetted to 200
INFO:root:2021-07-21-10--31--20 Colour Conversion Completed
INFO:root:2021-07-21-10--31--20 Sleep Check Completed
INFO:root:2021-07-21-10--31--20 Frame manipulations completed
INFO:root:2021-07-21-10--31--20 Bounding Box Drawn
INFO:root:2021-07-21-10--31--20 MovingFrameQueue Appended
INFO:root:2021-07-21-10--31--20 anomallyFrameTracker resetted to 200
INFO:root:2021-07-21-10--31--20 Colour Conversion Completed
INFO:root:2021-07-21-10--31--20 Sleep Check Completed
INFO:root:2021-07-21-10--31--20 Frame manipulations completed
INFO:root:2021-07-21-10--31--20 Bounding Box Drawn
INFO:root:2021-07-21-10--31--21 MovingFrameQueue Appended
INFO:root:2021-07-21-10--31--21 anomallyFrameTracker resetted to 200
INFO:root:2021-07-21-10--31--21 Colour Conversion Completed
INFO:root:2021-07-21-10--31--21 Sleep Check Completed
INFO:root:2021-07-21-10--31--21 Frame manipulations completed
INFO:root:2021-07-21-10--31--21 Bounding Box Drawn
INFO:root:2021-07-21-10--31--21 MovingFrameQueue Appended
INFO:root:2021-07-21-10--31--21 anomallyFrameTracker resetted to 200
INFO:root:2021-07-21-10--31--21 Colour Conversion Completed
INFO:root:2021-07-21-10--31--21 Sleep Check Completed
INFO:root:2021-07-21-10--31--21 Frame manipulations completed
INFO:root:2021-07-21-10--31--21 Bounding Box Drawn
INFO:root:2021-07-21-10--31--21 MovingFrameQueue Appended
INFO:root:2021-07-21-10--31--21 anomallyFrameTracker resetted to 200
INFO:root:2021-07-21-10--31--21 Colour Conversion Completed
INFO:root:2021-07-21-10--31--21 Sleep Check Completed
INFO:root:2021-07-21-10--31--21 Frame manipulations completed
INFO:root:2021-07-21-10--31--21 Bounding Box Drawn
INFO:root:2021-07-21-10--31--21 MovingFrameQueue Appended
INFO:root:2021-07-21-10--31--21 anomallyFrameTracker resetted to 200
INFO:root:2021-07-21-10--31--21 Colour Conversion Completed
INFO:root:2021-07-21-10--31--21 Sleep Check Completed
INFO:root:2021-07-21-10--31--21 Frame manipulations completed
INFO:root:2021-07-21-10--31--21 Bounding Box Drawn
INFO:root:2021-07-21-10--31--21 MovingFrameQueue Appended
INFO:root:2021-07-21-10--31--21 anomallyFrameTracker resetted to 200
INFO:root:2021-07-21-10--31--21 Colour Conversion Completed
INFO:root:2021-07-21-10--31--21 Sleep Check Completed
INFO:root:2021-07-21-10--31--21 Frame manipulations completed
INFO:root:2021-07-21-10--31--21 Bounding Box Drawn
INFO:root:2021-07-21-10--31--21 MovingFrameQueue Appended
INFO:root:2021-07-21-10--31--21 anomallyFrameTracker resetted to 200
INFO:root:2021-07-21-10--31--21 Colour Conversion Completed
INFO:root:2021-07-21-10--31--21 Sleep Check Completed
INFO:root:2021-07-21-10--31--21 Frame manipulations completed
INFO:root:2021-07-21-10--31--21 Bounding Box Drawn
INFO:root:2021-07-21-10--31--21 MovingFrameQueue Appended
INFO:root:2021-07-21-10--31--21 anomallyFrameTracker resetted to 200
INFO:root:2021-07-21-10--31--21 Colour Conversion Completed
INFO:root:2021-07-21-10--31--21 Sleep Check Completed
INFO:root:2021-07-21-10--31--21 Frame manipulations completed
INFO:root:2021-07-21-10--31--21 Bounding Box Drawn
INFO:root:2021-07-21-10--31--22 MovingFrameQueue Appended
INFO:root:2021-07-21-10--31--22 anomallyFrameTracker resetted to 200
INFO:root:2021-07-21-10--31--22 Colour Conversion Completed
INFO:root:2021-07-21-10--31--22 Sleep Check Completed
INFO:root:2021-07-21-10--31--22 Frame manipulations completed
INFO:root:2021-07-21-10--31--22 Bounding Box Drawn
INFO:root:2021-07-21-10--31--22 MovingFrameQueue Appended
INFO:root:2021-07-21-10--31--22 anomallyFrameTracker resetted to 200
INFO:root:2021-07-21-10--31--22 Colour Conversion Completed
INFO:root:2021-07-21-10--31--22 Sleep Check Completed
INFO:root:2021-07-21-10--31--22 Frame manipulations completed
INFO:root:2021-07-21-10--31--22 Bounding Box Drawn
INFO:root:2021-07-21-10--31--22 MovingFrameQueue Appended
INFO:root:2021-07-21-10--31--22 anomallyFrameTracker resetted to 200
INFO:root:2021-07-21-10--31--22 Colour Conversion Completed
INFO:root:2021-07-21-10--31--22 Sleep Check Completed
INFO:root:2021-07-21-10--31--22 Frame manipulations completed
INFO:root:2021-07-21-10--31--22 Bounding Box Drawn
INFO:root:2021-07-21-10--31--22 MovingFrameQueue Appended
INFO:root:2021-07-21-10--31--22 anomallyFrameTracker resetted to 200
INFO:root:2021-07-21-10--31--22 Colour Conversion Completed
INFO:root:2021-07-21-10--31--22 Sleep Check Completed
INFO:root:2021-07-21-10--31--22 Frame manipulations completed
INFO:root:2021-07-21-10--31--22 Bounding Box Drawn
INFO:root:2021-07-21-10--31--22 MovingFrameQueue Appended
INFO:root:2021-07-21-10--31--22 anomallyFrameTracker resetted to 200
INFO:root:2021-07-21-10--31--22 Colour Conversion Completed
INFO:root:2021-07-21-10--31--22 Sleep Check Completed
INFO:root:2021-07-21-10--31--22 Frame manipulations completed
INFO:root:2021-07-21-10--31--22 Bounding Box Drawn
INFO:root:2021-07-21-10--31--22 MovingFrameQueue Appended
INFO:root:2021-07-21-10--31--22 anomallyFrameTracker resetted to 200
INFO:root:2021-07-21-10--31--22 Colour Conversion Completed
INFO:root:2021-07-21-10--31--22 Sleep Check Completed
INFO:root:2021-07-21-10--31--22 Frame manipulations completed
INFO:root:2021-07-21-10--31--22 Bounding Box Drawn
INFO:root:2021-07-21-10--31--22 MovingFrameQueue Appended
INFO:root:2021-07-21-10--31--22 anomallyFrameTracker resetted to 200
INFO:root:2021-07-21-10--31--22 Colour Conversion Completed
INFO:root:2021-07-21-10--31--22 Sleep Check Completed
INFO:root:2021-07-21-10--31--22 Frame manipulations completed
INFO:root:2021-07-21-10--31--22 Bounding Box Drawn
INFO:root:2021-07-21-10--31--23 MovingFrameQueue Appended
INFO:root:2021-07-21-10--31--23 anomallyFrameTracker resetted to 200
INFO:root:2021-07-21-10--31--23 Colour Conversion Completed
INFO:root:2021-07-21-10--31--23 Sleep Check Completed
INFO:root:2021-07-21-10--31--23 Frame manipulations completed
INFO:root:2021-07-21-10--31--23 Bounding Box Drawn
INFO:root:2021-07-21-10--31--23 MovingFrameQueue Appended
INFO:root:2021-07-21-10--31--23 anomallyFrameTracker resetted to 200
INFO:root:2021-07-21-10--31--23 Colour Conversion Completed
INFO:root:2021-07-21-10--31--23 Sleep Check Completed
INFO:root:2021-07-21-10--31--23 Frame manipulations completed
INFO:root:2021-07-21-10--31--23 Bounding Box Drawn
INFO:root:2021-07-21-10--31--23 MovingFrameQueue Appended
INFO:root:2021-07-21-10--31--23 anomallyFrameTracker resetted to 200
INFO:root:2021-07-21-10--31--23 Colour Conversion Completed
INFO:root:2021-07-21-10--31--23 Sleep Check Completed
INFO:root:2021-07-21-10--31--23 Frame manipulations completed
INFO:root:2021-07-21-10--31--23 Bounding Box Drawn
INFO:root:2021-07-21-10--31--23 MovingFrameQueue Appended
INFO:root:2021-07-21-10--31--23 anomallyFrameTracker resetted to 200
INFO:root:2021-07-21-10--31--23 Colour Conversion Completed
INFO:root:2021-07-21-10--31--23 Sleep Check Completed
INFO:root:2021-07-21-10--31--23 Frame manipulations completed
INFO:root:2021-07-21-10--31--23 Bounding Box Drawn
INFO:root:2021-07-21-10--31--23 MovingFrameQueue Appended
INFO:root:2021-07-21-10--31--23 anomallyFrameTracker resetted to 200
INFO:root:2021-07-21-10--31--23 Colour Conversion Completed
INFO:root:2021-07-21-10--31--23 Sleep Check Completed
INFO:root:2021-07-21-10--31--23 Frame manipulations completed
INFO:root:2021-07-21-10--31--23 Bounding Box Drawn
INFO:root:2021-07-21-10--31--23 MovingFrameQueue Appended
INFO:root:2021-07-21-10--31--23 anomallyFrameTracker resetted to 200
INFO:root:2021-07-21-10--31--23 Colour Conversion Completed
INFO:root:2021-07-21-10--31--23 Sleep Check Completed
INFO:root:2021-07-21-10--31--23 Frame manipulations completed
INFO:root:2021-07-21-10--31--23 Bounding Box Drawn
INFO:root:2021-07-21-10--31--23 MovingFrameQueue Appended
INFO:root:2021-07-21-10--31--23 anomallyFrameTracker resetted to 200
INFO:root:2021-07-21-10--31--23 Colour Conversion Completed
INFO:root:2021-07-21-10--31--23 Sleep Check Completed
INFO:root:2021-07-21-10--31--23 Frame manipulations completed
INFO:root:2021-07-21-10--31--23 Bounding Box Drawn
INFO:root:2021-07-21-10--31--23 MovingFrameQueue Appended
INFO:root:2021-07-21-10--31--23 anomallyFrameTracker resetted to 200
INFO:root:2021-07-21-10--31--23 Colour Conversion Completed
INFO:root:2021-07-21-10--31--23 Sleep Check Completed
INFO:root:2021-07-21-10--31--23 Frame manipulations completed
INFO:root:2021-07-21-10--31--23 Bounding Box Drawn
INFO:root:2021-07-21-10--31--24 MovingFrameQueue Appended
INFO:root:2021-07-21-10--31--24 anomallyFrameTracker resetted to 200
INFO:root:2021-07-21-10--31--24 Colour Conversion Completed
INFO:root:2021-07-21-10--31--24 Sleep Check Completed
INFO:root:2021-07-21-10--31--24 Frame manipulations completed
INFO:root:2021-07-21-10--31--24 Bounding Box Drawn
INFO:root:2021-07-21-10--31--24 MovingFrameQueue Appended
INFO:root:2021-07-21-10--31--24 anomallyFrameTracker resetted to 200
INFO:root:2021-07-21-10--31--24 Colour Conversion Completed
INFO:root:2021-07-21-10--31--24 Sleep Check Completed
INFO:root:2021-07-21-10--31--24 Frame manipulations completed
INFO:root:2021-07-21-10--31--24 Bounding Box Drawn
INFO:root:2021-07-21-10--31--24 MovingFrameQueue Appended
INFO:root:2021-07-21-10--31--24 anomallyFrameTracker resetted to 200
INFO:root:2021-07-21-10--31--24 Colour Conversion Completed
INFO:root:2021-07-21-10--31--24 Sleep Check Completed
INFO:root:2021-07-21-10--31--24 Frame manipulations completed
INFO:root:2021-07-21-10--31--24 Bounding Box Drawn
INFO:root:2021-07-21-10--31--24 MovingFrameQueue Appended
INFO:root:2021-07-21-10--31--24 anomallyFrameTracker resetted to 200
INFO:root:2021-07-21-10--31--24 Colour Conversion Completed
INFO:root:2021-07-21-10--31--24 Sleep Check Completed
INFO:root:2021-07-21-10--31--24 Frame manipulations completed
INFO:root:2021-07-21-10--31--24 Bounding Box Drawn
INFO:root:2021-07-21-10--31--24 MovingFrameQueue Appended
INFO:root:2021-07-21-10--31--24 anomallyFrameTracker resetted to 200
INFO:root:2021-07-21-10--31--24 Colour Conversion Completed
INFO:root:2021-07-21-10--31--24 Sleep Check Completed
INFO:root:2021-07-21-10--31--24 Frame manipulations completed
INFO:root:2021-07-21-10--31--24 Bounding Box Drawn
INFO:root:2021-07-21-10--31--24 MovingFrameQueue Appended
INFO:root:2021-07-21-10--31--24 anomallyFrameTracker resetted to 200
INFO:root:2021-07-21-10--31--24 Colour Conversion Completed
INFO:root:2021-07-21-10--31--24 Sleep Check Completed
INFO:root:2021-07-21-10--31--24 Frame manipulations completed
INFO:root:2021-07-21-10--31--24 Bounding Box Drawn
INFO:root:2021-07-21-10--31--24 MovingFrameQueue Appended
INFO:root:2021-07-21-10--31--24 anomallyFrameTracker resetted to 200
INFO:root:2021-07-21-10--31--24 Colour Conversion Completed
INFO:root:2021-07-21-10--31--24 Sleep Check Completed
INFO:root:2021-07-21-10--31--24 Frame manipulations completed
INFO:root:2021-07-21-10--31--24 Bounding Box Drawn
INFO:root:2021-07-21-10--31--24 MovingFrameQueue Appended
INFO:root:2021-07-21-10--31--24 anomallyFrameTracker resetted to 200
INFO:root:2021-07-21-10--31--24 Colour Conversion Completed
INFO:root:2021-07-21-10--31--24 Sleep Check Completed
INFO:root:2021-07-21-10--31--24 Frame manipulations completed
INFO:root:2021-07-21-10--31--24 Bounding Box Drawn
INFO:root:2021-07-21-10--31--25 MovingFrameQueue Appended
INFO:root:2021-07-21-10--31--25 anomallyFrameTracker resetted to 200
INFO:root:2021-07-21-10--31--25 Colour Conversion Completed
INFO:root:2021-07-21-10--31--25 Sleep Check Completed
INFO:root:2021-07-21-10--31--25 Frame manipulations completed
INFO:root:2021-07-21-10--31--25 Bounding Box Drawn
INFO:root:2021-07-21-10--31--25 MovingFrameQueue Appended
INFO:root:2021-07-21-10--31--25 anomallyFrameTracker resetted to 200
INFO:root:2021-07-21-10--31--25 Colour Conversion Completed
INFO:root:2021-07-21-10--31--25 Sleep Check Completed
INFO:root:2021-07-21-10--31--25 Frame manipulations completed
INFO:root:2021-07-21-10--31--25 Bounding Box Drawn
INFO:root:2021-07-21-10--31--25 MovingFrameQueue Appended
INFO:root:2021-07-21-10--31--25 anomallyFrameTracker resetted to 200
INFO:root:2021-07-21-10--31--25 Colour Conversion Completed
INFO:root:2021-07-21-10--31--25 Sleep Check Completed
INFO:root:2021-07-21-10--31--25 Frame manipulations completed
INFO:root:2021-07-21-10--31--25 Bounding Box Drawn
INFO:root:2021-07-21-10--31--25 MovingFrameQueue Appended
INFO:root:2021-07-21-10--31--25 anomallyFrameTracker resetted to 200
INFO:root:2021-07-21-10--31--25 Colour Conversion Completed
INFO:root:2021-07-21-10--31--25 Sleep Check Completed
INFO:root:2021-07-21-10--31--25 Frame manipulations completed
INFO:root:2021-07-21-10--31--25 Bounding Box Drawn
INFO:root:2021-07-21-10--31--25 MovingFrameQueue Appended
INFO:root:2021-07-21-10--31--25 anomallyFrameTracker resetted to 200
INFO:root:2021-07-21-10--31--25 Colour Conversion Completed
INFO:root:2021-07-21-10--31--25 Sleep Check Completed
INFO:root:2021-07-21-10--31--25 Frame manipulations completed
INFO:root:2021-07-21-10--31--25 Bounding Box Drawn
INFO:root:2021-07-21-10--31--25 MovingFrameQueue Appended
INFO:root:2021-07-21-10--31--25 anomallyFrameTracker resetted to 200
INFO:root:2021-07-21-10--31--25 Colour Conversion Completed
INFO:root:2021-07-21-10--31--25 Sleep Check Completed
INFO:root:2021-07-21-10--31--25 Frame manipulations completed
INFO:root:2021-07-21-10--31--25 Bounding Box Drawn
INFO:root:2021-07-21-10--31--25 MovingFrameQueue Appended
INFO:root:2021-07-21-10--31--25 anomallyFrameTracker resetted to 200
INFO:root:2021-07-21-10--31--25 Colour Conversion Completed
INFO:root:2021-07-21-10--31--25 Sleep Check Completed
INFO:root:2021-07-21-10--31--25 Frame manipulations completed
INFO:root:2021-07-21-10--31--25 Bounding Box Drawn
INFO:root:2021-07-21-10--31--26 MovingFrameQueue Appended
INFO:root:2021-07-21-10--31--26 anomallyFrameTracker resetted to 200
INFO:root:2021-07-21-10--31--26 Colour Conversion Completed
INFO:root:2021-07-21-10--31--26 Sleep Check Completed
INFO:root:2021-07-21-10--31--26 Frame manipulations completed
INFO:root:2021-07-21-10--31--26 Bounding Box Drawn
INFO:root:2021-07-21-10--31--26 MovingFrameQueue Appended
INFO:root:2021-07-21-10--31--26 anomallyFrameTracker resetted to 200
INFO:root:2021-07-21-10--31--26 Colour Conversion Completed
INFO:root:2021-07-21-10--31--26 Sleep Check Completed
INFO:root:2021-07-21-10--31--26 Frame manipulations completed
INFO:root:2021-07-21-10--31--26 Bounding Box Drawn
INFO:root:2021-07-21-10--31--26 MovingFrameQueue Appended
INFO:root:2021-07-21-10--31--26 anomallyFrameTracker resetted to 200
INFO:root:2021-07-21-10--31--26 Colour Conversion Completed
INFO:root:2021-07-21-10--31--26 Sleep Check Completed
INFO:root:2021-07-21-10--31--26 Frame manipulations completed
INFO:root:2021-07-21-10--31--26 Bounding Box Drawn
INFO:root:2021-07-21-10--31--26 MovingFrameQueue Appended
INFO:root:2021-07-21-10--31--26 anomallyFrameTracker resetted to 200
INFO:root:2021-07-21-10--31--26 Colour Conversion Completed
INFO:root:2021-07-21-10--31--26 Sleep Check Completed
INFO:root:2021-07-21-10--31--26 Frame manipulations completed
INFO:root:2021-07-21-10--31--26 Bounding Box Drawn
INFO:root:2021-07-21-10--31--26 MovingFrameQueue Appended
INFO:root:2021-07-21-10--31--26 anomallyFrameTracker resetted to 200
INFO:root:2021-07-21-10--31--26 Colour Conversion Completed
INFO:root:2021-07-21-10--31--26 Sleep Check Completed
INFO:root:2021-07-21-10--31--26 Frame manipulations completed
INFO:root:2021-07-21-10--31--26 Bounding Box Drawn
INFO:root:2021-07-21-10--31--26 MovingFrameQueue Popped
INFO:root:2021-07-21-10--31--26 anomallyFrameTracker resetted to 200
INFO:root:2021-07-21-10--31--26 Colour Conversion Completed
INFO:root:2021-07-21-10--31--26 Sleep Check Completed
INFO:root:2021-07-21-10--31--26 Frame manipulations completed
INFO:root:2021-07-21-10--31--26 Bounding Box Drawn
INFO:root:2021-07-21-10--31--26 MovingFrameQueue Appended
INFO:root:2021-07-21-10--31--26 anomallyFrameTracker resetted to 200
INFO:root:2021-07-21-10--31--26 Colour Conversion Completed
INFO:root:2021-07-21-10--31--26 Sleep Check Completed
INFO:root:2021-07-21-10--31--26 Frame manipulations completed
INFO:root:2021-07-21-10--31--26 Bounding Box Drawn
INFO:root:2021-07-21-10--31--27 MovingFrameQueue Popped
INFO:root:2021-07-21-10--31--27 anomallyFrameTracker resetted to 200
INFO:root:2021-07-21-10--31--27 Colour Conversion Completed
INFO:root:2021-07-21-10--31--27 Sleep Check Completed
INFO:root:2021-07-21-10--31--27 Frame manipulations completed
INFO:root:2021-07-21-10--31--27 Bounding Box Drawn
INFO:root:2021-07-21-10--31--27 MovingFrameQueue Appended
INFO:root:2021-07-21-10--31--27 anomallyFrameTracker resetted to 200
INFO:root:2021-07-21-10--31--27 Colour Conversion Completed
INFO:root:2021-07-21-10--31--27 Sleep Check Completed
INFO:root:2021-07-21-10--31--27 Frame manipulations completed
INFO:root:2021-07-21-10--31--27 Bounding Box Drawn
INFO:root:2021-07-21-10--31--27 MovingFrameQueue Popped
INFO:root:2021-07-21-10--31--27 anomallyFrameTracker resetted to 200
INFO:root:2021-07-21-10--31--27 Colour Conversion Completed
INFO:root:2021-07-21-10--31--27 Sleep Check Completed
INFO:root:2021-07-21-10--31--27 Frame manipulations completed
INFO:root:2021-07-21-10--31--27 Bounding Box Drawn
INFO:root:2021-07-21-10--31--27 MovingFrameQueue Appended
INFO:root:2021-07-21-10--31--27 anomallyFrameTracker resetted to 200
INFO:root:2021-07-21-10--31--27 Colour Conversion Completed
INFO:root:2021-07-21-10--31--27 Sleep Check Completed
INFO:root:2021-07-21-10--31--27 Frame manipulations completed
INFO:root:2021-07-21-10--31--27 Bounding Box Drawn
INFO:root:2021-07-21-10--31--27 MovingFrameQueue Popped
INFO:root:2021-07-21-10--31--27 anomallyFrameTracker resetted to 200
INFO:root:2021-07-21-10--31--27 Colour Conversion Completed
INFO:root:2021-07-21-10--31--27 Sleep Check Completed
INFO:root:2021-07-21-10--31--27 Frame manipulations completed
INFO:root:2021-07-21-10--31--27 Bounding Box Drawn
INFO:root:2021-07-21-10--31--27 MovingFrameQueue Appended
INFO:root:2021-07-21-10--31--27 anomallyFrameTracker resetted to 200
INFO:root:2021-07-21-10--31--27 Colour Conversion Completed
INFO:root:2021-07-21-10--31--27 Sleep Check Completed
INFO:root:2021-07-21-10--31--27 Frame manipulations completed
INFO:root:2021-07-21-10--31--27 Bounding Box Drawn
INFO:root:2021-07-21-10--31--27 MovingFrameQueue Popped
INFO:root:2021-07-21-10--31--27 anomallyFrameTracker resetted to 200
INFO:root:2021-07-21-10--31--27 Colour Conversion Completed
INFO:root:2021-07-21-10--31--27 Sleep Check Completed
INFO:root:2021-07-21-10--31--27 Frame manipulations completed
INFO:root:2021-07-21-10--31--27 Bounding Box Drawn
INFO:root:2021-07-21-10--31--28 MovingFrameQueue Appended
INFO:root:2021-07-21-10--31--28 anomallyFrameTracker resetted to 200
INFO:root:2021-07-21-10--31--28 Colour Conversion Completed
INFO:root:2021-07-21-10--31--28 Sleep Check Completed
INFO:root:2021-07-21-10--31--28 Frame manipulations completed
INFO:root:2021-07-21-10--31--28 Bounding Box Drawn
INFO:root:2021-07-21-10--31--28 MovingFrameQueue Popped
INFO:root:2021-07-21-10--31--28 anomallyFrameTracker resetted to 200
INFO:root:2021-07-21-10--31--28 Colour Conversion Completed
INFO:root:2021-07-21-10--31--28 Sleep Check Completed
INFO:root:2021-07-21-10--31--28 Frame manipulations completed
INFO:root:2021-07-21-10--31--28 Bounding Box Drawn
INFO:root:2021-07-21-10--31--28 MovingFrameQueue Appended
INFO:root:2021-07-21-10--31--28 anomallyFrameTracker resetted to 200
INFO:root:2021-07-21-10--31--28 Colour Conversion Completed
INFO:root:2021-07-21-10--31--28 Sleep Check Completed
INFO:root:2021-07-21-10--31--28 Frame manipulations completed
INFO:root:2021-07-21-10--31--28 Bounding Box Drawn
INFO:root:2021-07-21-10--31--28 MovingFrameQueue Popped
INFO:root:2021-07-21-10--31--28 anomallyFrameTracker resetted to 200
INFO:root:2021-07-21-10--31--28 Colour Conversion Completed
INFO:root:2021-07-21-10--31--28 Sleep Check Completed
INFO:root:2021-07-21-10--31--28 Frame manipulations completed
INFO:root:2021-07-21-10--31--28 Bounding Box Drawn
INFO:root:2021-07-21-10--31--28 MovingFrameQueue Appended
INFO:root:2021-07-21-10--31--28 anomallyFrameTracker resetted to 200
INFO:root:2021-07-21-10--31--28 Colour Conversion Completed
INFO:root:2021-07-21-10--31--28 Sleep Check Completed
INFO:root:2021-07-21-10--31--28 Frame manipulations completed
INFO:root:2021-07-21-10--31--28 Bounding Box Drawn
INFO:root:2021-07-21-10--31--28 MovingFrameQueue Popped
INFO:root:2021-07-21-10--31--28 anomallyFrameTracker resetted to 200
INFO:root:2021-07-21-10--31--28 Colour Conversion Completed
INFO:root:2021-07-21-10--31--28 Sleep Check Completed
INFO:root:2021-07-21-10--31--28 Frame manipulations completed
INFO:root:2021-07-21-10--31--28 Bounding Box Drawn
INFO:root:2021-07-21-10--31--29 MovingFrameQueue Appended
INFO:root:2021-07-21-10--31--29 anomallyFrameTracker resetted to 200
INFO:root:2021-07-21-10--31--29 Colour Conversion Completed
INFO:root:2021-07-21-10--31--29 Sleep Check Completed
INFO:root:2021-07-21-10--31--29 Frame manipulations completed
INFO:root:2021-07-21-10--31--29 Bounding Box Drawn
INFO:root:2021-07-21-10--31--29 MovingFrameQueue Popped
INFO:root:2021-07-21-10--31--29 anomallyFrameTracker resetted to 200
INFO:root:2021-07-21-10--31--29 Colour Conversion Completed
INFO:root:2021-07-21-10--31--29 Sleep Check Completed
INFO:root:2021-07-21-10--31--29 Frame manipulations completed
INFO:root:2021-07-21-10--31--29 Bounding Box Drawn
INFO:root:2021-07-21-10--31--29 MovingFrameQueue Appended
INFO:root:2021-07-21-10--31--29 anomallyFrameTracker resetted to 200
INFO:root:2021-07-21-10--31--29 Colour Conversion Completed
INFO:root:2021-07-21-10--31--29 Sleep Check Completed
INFO:root:2021-07-21-10--31--29 Frame manipulations completed
INFO:root:2021-07-21-10--31--29 Bounding Box Drawn
INFO:root:2021-07-21-10--31--29 MovingFrameQueue Popped
INFO:root:2021-07-21-10--31--29 anomallyFrameTracker resetted to 200
INFO:root:2021-07-21-10--31--29 Colour Conversion Completed
INFO:root:2021-07-21-10--31--29 Sleep Check Completed
INFO:root:2021-07-21-10--31--29 Frame manipulations completed
INFO:root:2021-07-21-10--31--29 Bounding Box Drawn
INFO:root:2021-07-21-10--31--29 MovingFrameQueue Appended
INFO:root:2021-07-21-10--31--29 anomallyFrameTracker resetted to 200
INFO:root:2021-07-21-10--31--29 Colour Conversion Completed
INFO:root:2021-07-21-10--31--29 Sleep Check Completed
INFO:root:2021-07-21-10--31--29 Frame manipulations completed
INFO:root:2021-07-21-10--31--29 Bounding Box Drawn
INFO:root:2021-07-21-10--31--29 MovingFrameQueue Popped
INFO:root:2021-07-21-10--31--29 anomallyFrameTracker resetted to 200
INFO:root:2021-07-21-10--31--29 Colour Conversion Completed
INFO:root:2021-07-21-10--31--29 Sleep Check Completed
INFO:root:2021-07-21-10--31--29 Frame manipulations completed
INFO:root:2021-07-21-10--31--29 Bounding Box Drawn
INFO:root:2021-07-21-10--31--30 MovingFrameQueue Appended
INFO:root:2021-07-21-10--31--30 anomallyFrameTracker resetted to 200
INFO:root:2021-07-21-10--31--30 Colour Conversion Completed
INFO:root:2021-07-21-10--31--30 Sleep Check Completed
INFO:root:2021-07-21-10--31--30 Frame manipulations completed
INFO:root:2021-07-21-10--31--30 Bounding Box Drawn
INFO:root:2021-07-21-10--31--30 MovingFrameQueue Popped
INFO:root:2021-07-21-10--31--30 anomallyFrameTracker resetted to 200
INFO:root:2021-07-21-10--31--30 Colour Conversion Completed
INFO:root:2021-07-21-10--31--30 Sleep Check Completed
INFO:root:2021-07-21-10--31--30 Frame manipulations completed
INFO:root:2021-07-21-10--31--30 Bounding Box Drawn
INFO:root:2021-07-21-10--31--30 MovingFrameQueue Appended
INFO:root:2021-07-21-10--31--30 anomallyFrameTracker resetted to 200
INFO:root:2021-07-21-10--31--30 Colour Conversion Completed
INFO:root:2021-07-21-10--31--30 Sleep Check Completed
INFO:root:2021-07-21-10--31--30 Frame manipulations completed
INFO:root:2021-07-21-10--31--30 Bounding Box Drawn
INFO:root:2021-07-21-10--31--30 MovingFrameQueue Popped
INFO:root:2021-07-21-10--31--30 anomallyFrameTracker resetted to 200
INFO:root:2021-07-21-10--31--30 Colour Conversion Completed
INFO:root:2021-07-21-10--31--30 Sleep Check Completed
INFO:root:2021-07-21-10--31--30 Frame manipulations completed
INFO:root:2021-07-21-10--31--30 Bounding Box Drawn
INFO:root:2021-07-21-10--31--30 MovingFrameQueue Appended
INFO:root:2021-07-21-10--31--30 anomallyFrameTracker resetted to 200
INFO:root:2021-07-21-10--31--30 Colour Conversion Completed
INFO:root:2021-07-21-10--31--30 Sleep Check Completed
INFO:root:2021-07-21-10--31--30 Frame manipulations completed
INFO:root:2021-07-21-10--31--30 Bounding Box Drawn
INFO:root:2021-07-21-10--31--30 MovingFrameQueue Popped
INFO:root:2021-07-21-10--31--30 anomallyFrameTracker resetted to 200
INFO:root:2021-07-21-10--31--30 Colour Conversion Completed
INFO:root:2021-07-21-10--31--30 Sleep Check Completed
INFO:root:2021-07-21-10--31--30 Frame manipulations completed
INFO:root:2021-07-21-10--31--30 Bounding Box Drawn
INFO:root:2021-07-21-10--31--30 MovingFrameQueue Appended
INFO:root:2021-07-21-10--31--30 anomallyFrameTracker resetted to 200
INFO:root:2021-07-21-10--31--31 Colour Conversion Completed
INFO:root:2021-07-21-10--31--31 Sleep Check Completed
INFO:root:2021-07-21-10--31--31 Frame manipulations completed
INFO:root:2021-07-21-10--31--31 Bounding Box Drawn
INFO:root:2021-07-21-10--31--31 MovingFrameQueue Popped
INFO:root:2021-07-21-10--31--31 anomallyFrameTracker resetted to 200
INFO:root:2021-07-21-10--31--31 Colour Conversion Completed
INFO:root:2021-07-21-10--31--31 Sleep Check Completed
INFO:root:2021-07-21-10--31--31 Frame manipulations completed
INFO:root:2021-07-21-10--31--31 Bounding Box Drawn
INFO:root:2021-07-21-10--31--31 MovingFrameQueue Appended
INFO:root:2021-07-21-10--31--31 anomallyFrameTracker resetted to 200
INFO:root:2021-07-21-10--31--31 Colour Conversion Completed
INFO:root:2021-07-21-10--31--31 Sleep Check Completed
INFO:root:2021-07-21-10--31--31 Frame manipulations completed
INFO:root:2021-07-21-10--31--31 Bounding Box Drawn
INFO:root:2021-07-21-10--31--31 MovingFrameQueue Popped
INFO:root:2021-07-21-10--31--31 anomallyFrameTracker resetted to 200
INFO:root:2021-07-21-10--31--31 Colour Conversion Completed
INFO:root:2021-07-21-10--31--31 Sleep Check Completed
INFO:root:2021-07-21-10--31--31 Frame manipulations completed
INFO:root:2021-07-21-10--31--31 Bounding Box Drawn
INFO:root:2021-07-21-10--31--31 MovingFrameQueue Appended
INFO:root:2021-07-21-10--31--31 anomallyFrameTracker resetted to 200
INFO:root:2021-07-21-10--31--31 Colour Conversion Completed
INFO:root:2021-07-21-10--31--31 Sleep Check Completed
INFO:root:2021-07-21-10--31--31 Frame manipulations completed
INFO:root:2021-07-21-10--31--31 Bounding Box Drawn
INFO:root:2021-07-21-10--31--31 MovingFrameQueue Popped
INFO:root:2021-07-21-10--31--31 anomallyFrameTracker resetted to 200
INFO:root:2021-07-21-10--31--31 Colour Conversion Completed
INFO:root:2021-07-21-10--31--31 Sleep Check Completed
INFO:root:2021-07-21-10--31--31 Frame manipulations completed
INFO:root:2021-07-21-10--31--31 Bounding Box Drawn
INFO:root:2021-07-21-10--31--31 MovingFrameQueue Appended
INFO:root:2021-07-21-10--31--31 anomallyFrameTracker resetted to 200
INFO:root:2021-07-21-10--31--31 Colour Conversion Completed
INFO:root:2021-07-21-10--31--31 Sleep Check Completed
INFO:root:2021-07-21-10--31--31 Frame manipulations completed
INFO:root:2021-07-21-10--31--31 Bounding Box Drawn
INFO:root:2021-07-21-10--31--32 MovingFrameQueue Popped
INFO:root:2021-07-21-10--31--32 anomallyFrameTracker resetted to 200
INFO:root:2021-07-21-10--31--32 Colour Conversion Completed
INFO:root:2021-07-21-10--31--32 Sleep Check Completed
INFO:root:2021-07-21-10--31--32 Frame manipulations completed
INFO:root:2021-07-21-10--31--32 Bounding Box Drawn
INFO:root:2021-07-21-10--31--32 MovingFrameQueue Appended
INFO:root:2021-07-21-10--31--32 anomallyFrameTracker resetted to 200
INFO:root:2021-07-21-10--31--32 Colour Conversion Completed
INFO:root:2021-07-21-10--31--32 Sleep Check Completed
INFO:root:2021-07-21-10--31--32 Frame manipulations completed
INFO:root:2021-07-21-10--31--32 Bounding Box Drawn
INFO:root:2021-07-21-10--31--32[INFO] elapsed time: 17.89
INFO:root:2021-07-21-10--31--32[INFO] approx. FPS: 4.86
INFO:root:2021-07-21-10--31--32 Getting Auth Token Success
INFO:root:2021-07-21-10--31--32 BedTime Upload Completed
