INFO:root:2021-08-05-14--35--07 Parameter Generation Success
INFO:root:2021-08-05-14--35--08 Colour Conversion Completed
INFO:root:2021-08-05-14--35--08 Sleep Check Completed
INFO:root:2021-08-05-14--35--08 Frame manipulations completed
INFO:root:2021-08-05-14--35--08 Bounding Box Drawn
INFO:root:2021-08-05-14--35--14 MovingFrameQueue Appended
INFO:root:2021-08-05-14--35--14 Colour Conversion Completed
INFO:root:2021-08-05-14--35--14 Sleep Check Completed
INFO:root:2021-08-05-14--35--14 Frame manipulations completed
INFO:root:2021-08-05-14--35--14 Bounding Box Drawn
INFO:root:2021-08-05-14--35--14 MovingFrameQueue Appended
INFO:root:2021-08-05-14--35--14 Colour Conversion Completed
INFO:root:2021-08-05-14--35--14 Sleep Check Completed
INFO:root:2021-08-05-14--35--14 Frame manipulations completed
INFO:root:2021-08-05-14--35--14 Bounding Box Drawn
INFO:root:2021-08-05-14--35--14 MovingFrameQueue Appended
INFO:root:2021-08-05-14--35--14 Colour Conversion Completed
INFO:root:2021-08-05-14--35--14 Sleep Check Completed
INFO:root:2021-08-05-14--35--14 Frame manipulations completed
INFO:root:2021-08-05-14--35--14 Bounding Box Drawn
INFO:root:2021-08-05-14--35--14 MovingFrameQueue Appended
INFO:root:2021-08-05-14--35--14 Colour Conversion Completed
INFO:root:2021-08-05-14--35--14 Sleep Check Completed
INFO:root:2021-08-05-14--35--14 Frame manipulations completed
INFO:root:2021-08-05-14--35--14 Bounding Box Drawn
INFO:root:2021-08-05-14--35--14 MovingFrameQueue Appended
INFO:root:2021-08-05-14--35--14 Colour Conversion Completed
INFO:root:2021-08-05-14--35--14 Sleep Check Completed
INFO:root:2021-08-05-14--35--14 Frame manipulations completed
INFO:root:2021-08-05-14--35--14 Bounding Box Drawn
INFO:root:2021-08-05-14--35--14 MovingFrameQueue Appended
INFO:root:2021-08-05-14--35--14 Colour Conversion Completed
INFO:root:2021-08-05-14--35--14 Sleep Check Completed
INFO:root:2021-08-05-14--35--14 Frame manipulations completed
INFO:root:2021-08-05-14--35--14 Bounding Box Drawn
INFO:root:2021-08-05-14--35--15 MovingFrameQueue Appended
INFO:root:2021-08-05-14--35--15 Colour Conversion Completed
INFO:root:2021-08-05-14--35--15 Sleep Check Completed
INFO:root:2021-08-05-14--35--15 Frame manipulations completed
INFO:root:2021-08-05-14--35--15 Bounding Box Drawn
INFO:root:2021-08-05-14--35--15 MovingFrameQueue Appended
INFO:root:2021-08-05-14--35--15 Colour Conversion Completed
INFO:root:2021-08-05-14--35--15 Sleep Check Completed
INFO:root:2021-08-05-14--35--15 Frame manipulations completed
INFO:root:2021-08-05-14--35--15 Bounding Box Drawn
INFO:root:2021-08-05-14--35--15 MovingFrameQueue Appended
INFO:root:2021-08-05-14--35--15 Colour Conversion Completed
INFO:root:2021-08-05-14--35--15 Sleep Check Completed
INFO:root:2021-08-05-14--35--15 Frame manipulations completed
INFO:root:2021-08-05-14--35--15 Bounding Box Drawn
INFO:root:2021-08-05-14--35--15 MovingFrameQueue Appended
INFO:root:2021-08-05-14--35--15 Colour Conversion Completed
INFO:root:2021-08-05-14--35--15 Sleep Check Completed
INFO:root:2021-08-05-14--35--15 Frame manipulations completed
INFO:root:2021-08-05-14--35--15 Bounding Box Drawn
INFO:root:2021-08-05-14--35--15 MovingFrameQueue Appended
INFO:root:2021-08-05-14--35--15 Colour Conversion Completed
INFO:root:2021-08-05-14--35--15 Sleep Check Completed
INFO:root:2021-08-05-14--35--15 Frame manipulations completed
INFO:root:2021-08-05-14--35--15 Bounding Box Drawn
INFO:root:2021-08-05-14--35--16 MovingFrameQueue Appended
INFO:root:2021-08-05-14--35--16 Colour Conversion Completed
INFO:root:2021-08-05-14--35--16 Sleep Check Completed
INFO:root:2021-08-05-14--35--16 Frame manipulations completed
INFO:root:2021-08-05-14--35--16 Bounding Box Drawn
INFO:root:2021-08-05-14--35--16 MovingFrameQueue Appended
INFO:root:2021-08-05-14--35--16 Colour Conversion Completed
INFO:root:2021-08-05-14--35--16 Sleep Check Completed
INFO:root:2021-08-05-14--35--16 Frame manipulations completed
INFO:root:2021-08-05-14--35--16 Bounding Box Drawn
INFO:root:2021-08-05-14--35--16 MovingFrameQueue Appended
INFO:root:2021-08-05-14--35--16 Colour Conversion Completed
INFO:root:2021-08-05-14--35--16 Sleep Check Completed
INFO:root:2021-08-05-14--35--16 Frame manipulations completed
INFO:root:2021-08-05-14--35--16 Bounding Box Drawn
INFO:root:2021-08-05-14--35--16 MovingFrameQueue Appended
INFO:root:2021-08-05-14--35--16 Colour Conversion Completed
INFO:root:2021-08-05-14--35--16 Sleep Check Completed
INFO:root:2021-08-05-14--35--16 Frame manipulations completed
INFO:root:2021-08-05-14--35--16 Bounding Box Drawn
INFO:root:2021-08-05-14--35--16 MovingFrameQueue Appended
INFO:root:2021-08-05-14--35--16 Colour Conversion Completed
INFO:root:2021-08-05-14--35--16 Sleep Check Completed
INFO:root:2021-08-05-14--35--16 Frame manipulations completed
INFO:root:2021-08-05-14--35--16 Bounding Box Drawn
INFO:root:2021-08-05-14--35--16 MovingFrameQueue Appended
INFO:root:2021-08-05-14--35--16 Colour Conversion Completed
INFO:root:2021-08-05-14--35--16 Sleep Check Completed
INFO:root:2021-08-05-14--35--16 Frame manipulations completed
INFO:root:2021-08-05-14--35--16 Bounding Box Drawn
INFO:root:2021-08-05-14--35--16 MovingFrameQueue Appended
INFO:root:2021-08-05-14--35--16 Colour Conversion Completed
INFO:root:2021-08-05-14--35--16 Sleep Check Completed
INFO:root:2021-08-05-14--35--16 Frame manipulations completed
INFO:root:2021-08-05-14--35--16 Bounding Box Drawn
INFO:root:2021-08-05-14--35--16 MovingFrameQueue Appended
INFO:root:2021-08-05-14--35--16 Colour Conversion Completed
INFO:root:2021-08-05-14--35--16 Sleep Check Completed
INFO:root:2021-08-05-14--35--16 Frame manipulations completed
INFO:root:2021-08-05-14--35--16 Bounding Box Drawn
INFO:root:2021-08-05-14--35--16 MovingFrameQueue Appended
INFO:root:2021-08-05-14--35--16 Colour Conversion Completed
INFO:root:2021-08-05-14--35--16 Sleep Check Completed
INFO:root:2021-08-05-14--35--16 Frame manipulations completed
INFO:root:2021-08-05-14--35--16 Bounding Box Drawn
INFO:root:2021-08-05-14--35--17 MovingFrameQueue Appended
INFO:root:2021-08-05-14--35--17 Colour Conversion Completed
INFO:root:2021-08-05-14--35--17 Sleep Check Completed
INFO:root:2021-08-05-14--35--17 Frame manipulations completed
INFO:root:2021-08-05-14--35--17 Bounding Box Drawn
INFO:root:2021-08-05-14--35--17 MovingFrameQueue Appended
INFO:root:2021-08-05-14--35--17 Colour Conversion Completed
INFO:root:2021-08-05-14--35--17 Sleep Check Completed
INFO:root:2021-08-05-14--35--17 Frame manipulations completed
INFO:root:2021-08-05-14--35--17 Bounding Box Drawn
INFO:root:2021-08-05-14--35--17 MovingFrameQueue Appended
INFO:root:2021-08-05-14--35--17 Colour Conversion Completed
INFO:root:2021-08-05-14--35--17 Sleep Check Completed
INFO:root:2021-08-05-14--35--17 Frame manipulations completed
INFO:root:2021-08-05-14--35--17 Bounding Box Drawn
INFO:root:2021-08-05-14--35--17 MovingFrameQueue Appended
INFO:root:2021-08-05-14--35--17 Colour Conversion Completed
INFO:root:2021-08-05-14--35--17 Sleep Check Completed
INFO:root:2021-08-05-14--35--17 Frame manipulations completed
INFO:root:2021-08-05-14--35--17 Bounding Box Drawn
INFO:root:2021-08-05-14--35--17 MovingFrameQueue Appended
INFO:root:2021-08-05-14--35--17 Colour Conversion Completed
INFO:root:2021-08-05-14--35--17 Sleep Check Completed
INFO:root:2021-08-05-14--35--17 Frame manipulations completed
INFO:root:2021-08-05-14--35--17 Bounding Box Drawn
INFO:root:2021-08-05-14--35--17 MovingFrameQueue Appended
INFO:root:2021-08-05-14--35--17 Colour Conversion Completed
INFO:root:2021-08-05-14--35--17 Sleep Check Completed
INFO:root:2021-08-05-14--35--17 Frame manipulations completed
INFO:root:2021-08-05-14--35--17 Bounding Box Drawn
INFO:root:2021-08-05-14--35--17 MovingFrameQueue Appended
INFO:root:2021-08-05-14--35--17 Colour Conversion Completed
INFO:root:2021-08-05-14--35--17 Sleep Check Completed
INFO:root:2021-08-05-14--35--17 Frame manipulations completed
INFO:root:2021-08-05-14--35--17 Bounding Box Drawn
INFO:root:2021-08-05-14--35--17 MovingFrameQueue Appended
INFO:root:2021-08-05-14--35--17 Colour Conversion Completed
INFO:root:2021-08-05-14--35--17 Sleep Check Completed
INFO:root:2021-08-05-14--35--17 Frame manipulations completed
INFO:root:2021-08-05-14--35--17 Bounding Box Drawn
INFO:root:2021-08-05-14--35--17 MovingFrameQueue Appended
INFO:root:2021-08-05-14--35--17 Colour Conversion Completed
INFO:root:2021-08-05-14--35--17 Sleep Check Completed
INFO:root:2021-08-05-14--35--17 Frame manipulations completed
INFO:root:2021-08-05-14--35--17 Bounding Box Drawn
INFO:root:2021-08-05-14--35--18 MovingFrameQueue Appended
INFO:root:2021-08-05-14--35--18 Colour Conversion Completed
INFO:root:2021-08-05-14--35--18 Sleep Check Completed
INFO:root:2021-08-05-14--35--18 Frame manipulations completed
INFO:root:2021-08-05-14--35--18 Bounding Box Drawn
INFO:root:2021-08-05-14--35--18 MovingFrameQueue Appended
INFO:root:2021-08-05-14--35--18 Colour Conversion Completed
INFO:root:2021-08-05-14--35--18 Sleep Check Completed
INFO:root:2021-08-05-14--35--18 Frame manipulations completed
INFO:root:2021-08-05-14--35--18 Bounding Box Drawn
INFO:root:2021-08-05-14--35--18 MovingFrameQueue Appended
INFO:root:2021-08-05-14--35--18 Colour Conversion Completed
INFO:root:2021-08-05-14--35--18 Sleep Check Completed
INFO:root:2021-08-05-14--35--18 Frame manipulations completed
INFO:root:2021-08-05-14--35--18 Bounding Box Drawn
INFO:root:2021-08-05-14--35--18 MovingFrameQueue Appended
INFO:root:2021-08-05-14--35--18 Colour Conversion Completed
INFO:root:2021-08-05-14--35--18 Sleep Check Completed
INFO:root:2021-08-05-14--35--18 Frame manipulations completed
INFO:root:2021-08-05-14--35--18 Bounding Box Drawn
INFO:root:2021-08-05-14--35--18 MovingFrameQueue Appended
INFO:root:2021-08-05-14--35--18 Colour Conversion Completed
INFO:root:2021-08-05-14--35--18 Sleep Check Completed
INFO:root:2021-08-05-14--35--18 Frame manipulations completed
INFO:root:2021-08-05-14--35--18 Bounding Box Drawn
INFO:root:2021-08-05-14--35--18 MovingFrameQueue Appended
INFO:root:2021-08-05-14--35--18 Colour Conversion Completed
INFO:root:2021-08-05-14--35--18 Sleep Check Completed
INFO:root:2021-08-05-14--35--18 Frame manipulations completed
INFO:root:2021-08-05-14--35--18 Bounding Box Drawn
INFO:root:2021-08-05-14--35--18 MovingFrameQueue Appended
INFO:root:2021-08-05-14--35--18 Colour Conversion Completed
INFO:root:2021-08-05-14--35--18 Sleep Check Completed
INFO:root:2021-08-05-14--35--18 Frame manipulations completed
INFO:root:2021-08-05-14--35--18 Bounding Box Drawn
INFO:root:2021-08-05-14--35--18 MovingFrameQueue Appended
INFO:root:2021-08-05-14--35--18 Colour Conversion Completed
INFO:root:2021-08-05-14--35--18 Sleep Check Completed
INFO:root:2021-08-05-14--35--18 Frame manipulations completed
INFO:root:2021-08-05-14--35--18 Bounding Box Drawn
INFO:root:2021-08-05-14--35--19 MovingFrameQueue Appended
INFO:root:2021-08-05-14--35--19 Colour Conversion Completed
INFO:root:2021-08-05-14--35--19 Sleep Check Completed
INFO:root:2021-08-05-14--35--19 Frame manipulations completed
INFO:root:2021-08-05-14--35--19 Bounding Box Drawn
INFO:root:2021-08-05-14--35--19 MovingFrameQueue Appended
INFO:root:2021-08-05-14--35--19 Colour Conversion Completed
INFO:root:2021-08-05-14--35--19 Sleep Check Completed
INFO:root:2021-08-05-14--35--19 Frame manipulations completed
INFO:root:2021-08-05-14--35--19 Bounding Box Drawn
INFO:root:2021-08-05-14--35--19 MovingFrameQueue Appended
INFO:root:2021-08-05-14--35--19 Colour Conversion Completed
INFO:root:2021-08-05-14--35--19 Sleep Check Completed
INFO:root:2021-08-05-14--35--19 Frame manipulations completed
INFO:root:2021-08-05-14--35--19 Bounding Box Drawn
INFO:root:2021-08-05-14--35--19 MovingFrameQueue Appended
INFO:root:2021-08-05-14--35--19 Colour Conversion Completed
INFO:root:2021-08-05-14--35--19 Sleep Check Completed
INFO:root:2021-08-05-14--35--19 Frame manipulations completed
INFO:root:2021-08-05-14--35--19 Bounding Box Drawn
INFO:root:2021-08-05-14--35--19 MovingFrameQueue Appended
INFO:root:2021-08-05-14--35--19 Colour Conversion Completed
INFO:root:2021-08-05-14--35--19 Sleep Check Completed
INFO:root:2021-08-05-14--35--19 Frame manipulations completed
INFO:root:2021-08-05-14--35--19 Bounding Box Drawn
INFO:root:2021-08-05-14--35--19 MovingFrameQueue Appended
INFO:root:2021-08-05-14--35--19 Colour Conversion Completed
INFO:root:2021-08-05-14--35--19 Sleep Check Completed
INFO:root:2021-08-05-14--35--19 Frame manipulations completed
INFO:root:2021-08-05-14--35--19 Bounding Box Drawn
INFO:root:2021-08-05-14--35--19 MovingFrameQueue Appended
INFO:root:2021-08-05-14--35--19 Colour Conversion Completed
INFO:root:2021-08-05-14--35--19 Sleep Check Completed
INFO:root:2021-08-05-14--35--19 Frame manipulations completed
INFO:root:2021-08-05-14--35--19 Bounding Box Drawn
INFO:root:2021-08-05-14--35--19 MovingFrameQueue Appended
INFO:root:2021-08-05-14--35--19 Colour Conversion Completed
INFO:root:2021-08-05-14--35--19 Sleep Check Completed
INFO:root:2021-08-05-14--35--19 Frame manipulations completed
INFO:root:2021-08-05-14--35--19 Bounding Box Drawn
INFO:root:2021-08-05-14--35--19 MovingFrameQueue Appended
INFO:root:2021-08-05-14--35--19 Colour Conversion Completed
INFO:root:2021-08-05-14--35--19 Sleep Check Completed
INFO:root:2021-08-05-14--35--19 Frame manipulations completed
INFO:root:2021-08-05-14--35--19 Bounding Box Drawn
INFO:root:2021-08-05-14--35--20 MovingFrameQueue Appended
INFO:root:2021-08-05-14--35--20 Colour Conversion Completed
INFO:root:2021-08-05-14--35--20 Sleep Check Completed
INFO:root:2021-08-05-14--35--20 Frame manipulations completed
INFO:root:2021-08-05-14--35--20 Bounding Box Drawn
INFO:root:2021-08-05-14--35--20 MovingFrameQueue Appended
INFO:root:2021-08-05-14--35--20 Colour Conversion Completed
INFO:root:2021-08-05-14--35--20 Sleep Check Completed
INFO:root:2021-08-05-14--35--20 Frame manipulations completed
INFO:root:2021-08-05-14--35--20 Bounding Box Drawn
INFO:root:2021-08-05-14--35--20 MovingFrameQueue Appended
INFO:root:2021-08-05-14--35--20 Colour Conversion Completed
INFO:root:2021-08-05-14--35--20 Sleep Check Completed
INFO:root:2021-08-05-14--35--20 Frame manipulations completed
INFO:root:2021-08-05-14--35--20 Bounding Box Drawn
INFO:root:2021-08-05-14--35--20 MovingFrameQueue Appended
INFO:root:2021-08-05-14--35--20 Colour Conversion Completed
INFO:root:2021-08-05-14--35--20 Sleep Check Completed
INFO:root:2021-08-05-14--35--20 Frame manipulations completed
INFO:root:2021-08-05-14--35--20 Bounding Box Drawn
INFO:root:2021-08-05-14--35--20 MovingFrameQueue Appended
INFO:root:2021-08-05-14--35--20 Colour Conversion Completed
INFO:root:2021-08-05-14--35--20 Sleep Check Completed
INFO:root:2021-08-05-14--35--20 Frame manipulations completed
INFO:root:2021-08-05-14--35--20 Bounding Box Drawn
INFO:root:2021-08-05-14--35--20 MovingFrameQueue Popped
INFO:root:2021-08-05-14--35--20 Colour Conversion Completed
INFO:root:2021-08-05-14--35--20 Sleep Check Completed
INFO:root:2021-08-05-14--35--20 Frame manipulations completed
INFO:root:2021-08-05-14--35--20 Bounding Box Drawn
INFO:root:2021-08-05-14--35--20 MovingFrameQueue Appended
INFO:root:2021-08-05-14--35--20 Colour Conversion Completed
INFO:root:2021-08-05-14--35--20 Sleep Check Completed
INFO:root:2021-08-05-14--35--20 Frame manipulations completed
INFO:root:2021-08-05-14--35--20 Bounding Box Drawn
INFO:root:2021-08-05-14--35--20 MovingFrameQueue Popped
INFO:root:2021-08-05-14--35--20 Colour Conversion Completed
INFO:root:2021-08-05-14--35--20 Sleep Check Completed
INFO:root:2021-08-05-14--35--20 Frame manipulations completed
INFO:root:2021-08-05-14--35--20 Bounding Box Drawn
INFO:root:2021-08-05-14--35--21 MovingFrameQueue Appended
INFO:root:2021-08-05-14--35--21 Colour Conversion Completed
INFO:root:2021-08-05-14--35--21 Sleep Check Completed
INFO:root:2021-08-05-14--35--21 Frame manipulations completed
INFO:root:2021-08-05-14--35--21 Bounding Box Drawn
INFO:root:2021-08-05-14--35--21 MovingFrameQueue Popped
INFO:root:2021-08-05-14--35--21 Colour Conversion Completed
INFO:root:2021-08-05-14--35--21 Sleep Check Completed
INFO:root:2021-08-05-14--35--21 Frame manipulations completed
INFO:root:2021-08-05-14--35--21 Bounding Box Drawn
INFO:root:2021-08-05-14--35--21 MovingFrameQueue Appended
INFO:root:2021-08-05-14--35--21 Colour Conversion Completed
INFO:root:2021-08-05-14--35--21 Sleep Check Completed
INFO:root:2021-08-05-14--35--21 Frame manipulations completed
INFO:root:2021-08-05-14--35--21 Bounding Box Drawn
INFO:root:2021-08-05-14--35--21 MovingFrameQueue Popped
INFO:root:2021-08-05-14--35--21 Colour Conversion Completed
INFO:root:2021-08-05-14--35--21 Sleep Check Completed
INFO:root:2021-08-05-14--35--21 Frame manipulations completed
INFO:root:2021-08-05-14--35--21 Bounding Box Drawn
INFO:root:2021-08-05-14--35--21 MovingFrameQueue Appended
INFO:root:2021-08-05-14--35--21 Colour Conversion Completed
INFO:root:2021-08-05-14--35--21 Sleep Check Completed
INFO:root:2021-08-05-14--35--21 Frame manipulations completed
INFO:root:2021-08-05-14--35--21 Bounding Box Drawn
INFO:root:2021-08-05-14--35--21 MovingFrameQueue Popped
INFO:root:2021-08-05-14--35--21 Colour Conversion Completed
INFO:root:2021-08-05-14--35--21 Sleep Check Completed
INFO:root:2021-08-05-14--35--21 Frame manipulations completed
INFO:root:2021-08-05-14--35--21 Bounding Box Drawn
INFO:root:2021-08-05-14--35--21 MovingFrameQueue Appended
INFO:root:2021-08-05-14--35--21 Colour Conversion Completed
INFO:root:2021-08-05-14--35--21 Sleep Check Completed
INFO:root:2021-08-05-14--35--21 Frame manipulations completed
INFO:root:2021-08-05-14--35--21 Bounding Box Drawn
INFO:root:2021-08-05-14--35--21 MovingFrameQueue Popped
INFO:root:2021-08-05-14--35--21 Colour Conversion Completed
INFO:root:2021-08-05-14--35--21 Sleep Check Completed
INFO:root:2021-08-05-14--35--21 Frame manipulations completed
INFO:root:2021-08-05-14--35--21 Bounding Box Drawn
INFO:root:2021-08-05-14--35--22 MovingFrameQueue Appended
INFO:root:2021-08-05-14--35--22 Colour Conversion Completed
INFO:root:2021-08-05-14--35--22 Sleep Check Completed
INFO:root:2021-08-05-14--35--22 Frame manipulations completed
INFO:root:2021-08-05-14--35--22 Bounding Box Drawn
INFO:root:2021-08-05-14--35--22 MovingFrameQueue Popped
INFO:root:2021-08-05-14--35--22 Colour Conversion Completed
INFO:root:2021-08-05-14--35--22 Sleep Check Completed
INFO:root:2021-08-05-14--35--22 Frame manipulations completed
INFO:root:2021-08-05-14--35--22 Bounding Box Drawn
INFO:root:2021-08-05-14--35--22 MovingFrameQueue Appended
INFO:root:2021-08-05-14--35--22 Colour Conversion Completed
INFO:root:2021-08-05-14--35--22 Sleep Check Completed
INFO:root:2021-08-05-14--35--22 Frame manipulations completed
INFO:root:2021-08-05-14--35--22 Bounding Box Drawn
INFO:root:2021-08-05-14--35--22 MovingFrameQueue Popped
INFO:root:2021-08-05-14--35--22 Colour Conversion Completed
INFO:root:2021-08-05-14--35--22 Sleep Check Completed
INFO:root:2021-08-05-14--35--22 Frame manipulations completed
INFO:root:2021-08-05-14--35--22 Bounding Box Drawn
INFO:root:2021-08-05-14--35--22 MovingFrameQueue Appended
INFO:root:2021-08-05-14--35--22 Colour Conversion Completed
INFO:root:2021-08-05-14--35--22 Sleep Check Completed
INFO:root:2021-08-05-14--35--22 Frame manipulations completed
INFO:root:2021-08-05-14--35--22 Bounding Box Drawn
INFO:root:2021-08-05-14--35--22 MovingFrameQueue Popped
INFO:root:2021-08-05-14--35--22 Colour Conversion Completed
INFO:root:2021-08-05-14--35--22 Sleep Check Completed
INFO:root:2021-08-05-14--35--22 Frame manipulations completed
INFO:root:2021-08-05-14--35--22 Bounding Box Drawn
INFO:root:2021-08-05-14--35--22 MovingFrameQueue Appended
INFO:root:2021-08-05-14--35--22 Colour Conversion Completed
INFO:root:2021-08-05-14--35--22 Sleep Check Completed
INFO:root:2021-08-05-14--35--22 Frame manipulations completed
INFO:root:2021-08-05-14--35--22 Bounding Box Drawn
INFO:root:2021-08-05-14--35--22 MovingFrameQueue Popped
INFO:root:2021-08-05-14--35--22 Colour Conversion Completed
INFO:root:2021-08-05-14--35--22 Sleep Check Completed
INFO:root:2021-08-05-14--35--22 Frame manipulations completed
INFO:root:2021-08-05-14--35--22 Bounding Box Drawn
INFO:root:2021-08-05-14--35--22 MovingFrameQueue Appended
INFO:root:2021-08-05-14--35--22 Colour Conversion Completed
INFO:root:2021-08-05-14--35--22 Sleep Check Completed
INFO:root:2021-08-05-14--35--22 Frame manipulations completed
INFO:root:2021-08-05-14--35--22 Bounding Box Drawn
INFO:root:2021-08-05-14--35--23 MovingFrameQueue Popped
INFO:root:2021-08-05-14--35--23 Colour Conversion Completed
INFO:root:2021-08-05-14--35--23 Sleep Check Completed
INFO:root:2021-08-05-14--35--23 Frame manipulations completed
INFO:root:2021-08-05-14--35--23 Bounding Box Drawn
INFO:root:2021-08-05-14--35--23 MovingFrameQueue Appended
INFO:root:2021-08-05-14--35--23 Colour Conversion Completed
INFO:root:2021-08-05-14--35--23 Sleep Check Completed
INFO:root:2021-08-05-14--35--23 Frame manipulations completed
INFO:root:2021-08-05-14--35--23 Bounding Box Drawn
INFO:root:2021-08-05-14--35--23 MovingFrameQueue Popped
INFO:root:2021-08-05-14--35--23 Colour Conversion Completed
INFO:root:2021-08-05-14--35--23 Sleep Check Completed
INFO:root:2021-08-05-14--35--23 Frame manipulations completed
INFO:root:2021-08-05-14--35--23 Bounding Box Drawn
INFO:root:2021-08-05-14--35--23 MovingFrameQueue Appended
INFO:root:2021-08-05-14--35--23 Colour Conversion Completed
INFO:root:2021-08-05-14--35--23 Sleep Check Completed
INFO:root:2021-08-05-14--35--23 Frame manipulations completed
INFO:root:2021-08-05-14--35--23 Bounding Box Drawn
INFO:root:2021-08-05-14--35--23 MovingFrameQueue Popped
INFO:root:2021-08-05-14--35--23 Colour Conversion Completed
INFO:root:2021-08-05-14--35--23 Sleep Check Completed
INFO:root:2021-08-05-14--35--23 Frame manipulations completed
INFO:root:2021-08-05-14--35--23 Bounding Box Drawn
INFO:root:2021-08-05-14--35--23 MovingFrameQueue Appended
INFO:root:2021-08-05-14--35--23 Colour Conversion Completed
INFO:root:2021-08-05-14--35--23 Sleep Check Completed
INFO:root:2021-08-05-14--35--23 Frame manipulations completed
INFO:root:2021-08-05-14--35--23 Bounding Box Drawn
INFO:root:2021-08-05-14--35--24 MovingFrameQueue Popped
INFO:root:2021-08-05-14--35--24 Colour Conversion Completed
INFO:root:2021-08-05-14--35--24 Sleep Check Completed
INFO:root:2021-08-05-14--35--24 Frame manipulations completed
INFO:root:2021-08-05-14--35--24 Bounding Box Drawn
INFO:root:2021-08-05-14--35--24 MovingFrameQueue Appended
INFO:root:2021-08-05-14--35--24 Colour Conversion Completed
INFO:root:2021-08-05-14--35--24 Sleep Check Completed
INFO:root:2021-08-05-14--35--24 Frame manipulations completed
INFO:root:2021-08-05-14--35--24 Bounding Box Drawn
INFO:root:2021-08-05-14--35--24 MovingFrameQueue Popped
INFO:root:2021-08-05-14--35--24 Colour Conversion Completed
INFO:root:2021-08-05-14--35--24 Sleep Check Completed
INFO:root:2021-08-05-14--35--24 Frame manipulations completed
INFO:root:2021-08-05-14--35--24 Bounding Box Drawn
INFO:root:2021-08-05-14--35--24 MovingFrameQueue Appended
INFO:root:2021-08-05-14--35--24 Colour Conversion Completed
INFO:root:2021-08-05-14--35--24 Sleep Check Completed
INFO:root:2021-08-05-14--35--24 Frame manipulations completed
INFO:root:2021-08-05-14--35--24 Bounding Box Drawn
INFO:root:2021-08-05-14--35--24 MovingFrameQueue Popped
INFO:root:2021-08-05-14--35--24 Colour Conversion Completed
INFO:root:2021-08-05-14--35--24 Sleep Check Completed
INFO:root:2021-08-05-14--35--24 Frame manipulations completed
INFO:root:2021-08-05-14--35--24 Bounding Box Drawn
INFO:root:2021-08-05-14--35--25 MovingFrameQueue Appended
INFO:root:2021-08-05-14--35--25 Colour Conversion Completed
INFO:root:2021-08-05-14--35--25 Sleep Check Completed
INFO:root:2021-08-05-14--35--25 Frame manipulations completed
INFO:root:2021-08-05-14--35--25 Bounding Box Drawn
INFO:root:2021-08-05-14--35--25 MovingFrameQueue Popped
INFO:root:2021-08-05-14--35--25 Colour Conversion Completed
INFO:root:2021-08-05-14--35--25 Sleep Check Completed
INFO:root:2021-08-05-14--35--25 Frame manipulations completed
INFO:root:2021-08-05-14--35--25 Bounding Box Drawn
INFO:root:2021-08-05-14--35--25 MovingFrameQueue Appended
INFO:root:2021-08-05-14--35--25 Colour Conversion Completed
INFO:root:2021-08-05-14--35--25 Sleep Check Completed
INFO:root:2021-08-05-14--35--25 Frame manipulations completed
INFO:root:2021-08-05-14--35--25 Bounding Box Drawn
INFO:root:2021-08-05-14--35--25 MovingFrameQueue Popped
INFO:root:2021-08-05-14--35--25 Colour Conversion Completed
INFO:root:2021-08-05-14--35--25 Sleep Check Completed
INFO:root:2021-08-05-14--35--25 Frame manipulations completed
INFO:root:2021-08-05-14--35--25 Bounding Box Drawn
INFO:root:2021-08-05-14--35--25 MovingFrameQueue Appended
INFO:root:2021-08-05-14--35--25 Colour Conversion Completed
INFO:root:2021-08-05-14--35--25 Sleep Check Completed
INFO:root:2021-08-05-14--35--25 Frame manipulations completed
INFO:root:2021-08-05-14--35--25 Bounding Box Drawn
INFO:root:2021-08-05-14--35--25 MovingFrameQueue Popped
INFO:root:2021-08-05-14--35--25 Colour Conversion Completed
INFO:root:2021-08-05-14--35--25 Sleep Check Completed
INFO:root:2021-08-05-14--35--25 Frame manipulations completed
INFO:root:2021-08-05-14--35--25 Bounding Box Drawn
INFO:root:2021-08-05-14--35--25 MovingFrameQueue Appended
INFO:root:2021-08-05-14--35--25 Colour Conversion Completed
INFO:root:2021-08-05-14--35--25 Sleep Check Completed
INFO:root:2021-08-05-14--35--25 Frame manipulations completed
INFO:root:2021-08-05-14--35--25 Bounding Box Drawn
INFO:root:2021-08-05-14--35--25 MovingFrameQueue Popped
INFO:root:2021-08-05-14--35--25 Colour Conversion Completed
INFO:root:2021-08-05-14--35--25 Sleep Check Completed
INFO:root:2021-08-05-14--35--25 Frame manipulations completed
INFO:root:2021-08-05-14--35--25 Bounding Box Drawn
INFO:root:2021-08-05-14--35--25 MovingFrameQueue Appended
INFO:root:2021-08-05-14--35--25 Colour Conversion Completed
INFO:root:2021-08-05-14--35--25 Sleep Check Completed
INFO:root:2021-08-05-14--35--25 Frame manipulations completed
INFO:root:2021-08-05-14--35--25 Bounding Box Drawn
INFO:root:2021-08-05-14--35--26 MovingFrameQueue Popped
INFO:root:2021-08-05-14--35--26 Colour Conversion Completed
INFO:root:2021-08-05-14--35--26 Sleep Check Completed
INFO:root:2021-08-05-14--35--26 Frame manipulations completed
INFO:root:2021-08-05-14--35--26 Bounding Box Drawn
INFO:root:2021-08-05-14--35--26 MovingFrameQueue Appended
INFO:root:2021-08-05-14--35--26 Colour Conversion Completed
INFO:root:2021-08-05-14--35--26 Sleep Check Completed
INFO:root:2021-08-05-14--35--26 Frame manipulations completed
INFO:root:2021-08-05-14--35--26 Bounding Box Drawn
INFO:root:2021-08-05-14--35--26 MovingFrameQueue Popped
INFO:root:2021-08-05-14--35--26 Colour Conversion Completed
INFO:root:2021-08-05-14--35--26 Sleep Check Completed
INFO:root:2021-08-05-14--35--26 Frame manipulations completed
INFO:root:2021-08-05-14--35--26 Bounding Box Drawn
INFO:root:2021-08-05-14--35--26 MovingFrameQueue Appended
INFO:root:2021-08-05-14--35--26 Colour Conversion Completed
INFO:root:2021-08-05-14--35--26 Sleep Check Completed
INFO:root:2021-08-05-14--35--26 Frame manipulations completed
INFO:root:2021-08-05-14--35--26 Bounding Box Drawn
INFO:root:2021-08-05-14--35--26 MovingFrameQueue Popped
INFO:root:2021-08-05-14--35--26 Colour Conversion Completed
INFO:root:2021-08-05-14--35--26 Sleep Check Completed
INFO:root:2021-08-05-14--35--26 Frame manipulations completed
INFO:root:2021-08-05-14--35--26 Bounding Box Drawn
INFO:root:2021-08-05-14--35--26 MovingFrameQueue Appended
INFO:root:2021-08-05-14--35--26 Colour Conversion Completed
INFO:root:2021-08-05-14--35--26 Sleep Check Completed
INFO:root:2021-08-05-14--35--26 Frame manipulations completed
INFO:root:2021-08-05-14--35--26 Bounding Box Drawn
INFO:root:2021-08-05-14--35--26 MovingFrameQueue Popped
INFO:root:2021-08-05-14--35--26 Colour Conversion Completed
INFO:root:2021-08-05-14--35--26 Sleep Check Completed
INFO:root:2021-08-05-14--35--26 Frame manipulations completed
INFO:root:2021-08-05-14--35--26 Bounding Box Drawn
INFO:root:2021-08-05-14--35--26 MovingFrameQueue Appended
INFO:root:2021-08-05-14--35--26 Colour Conversion Completed
INFO:root:2021-08-05-14--35--26 Sleep Check Completed
INFO:root:2021-08-05-14--35--26 Frame manipulations completed
INFO:root:2021-08-05-14--35--26 Bounding Box Drawn
INFO:root:2021-08-05-14--35--27 MovingFrameQueue Popped
INFO:root:2021-08-05-14--35--27 Colour Conversion Completed
INFO:root:2021-08-05-14--35--27 Sleep Check Completed
INFO:root:2021-08-05-14--35--27 Frame manipulations completed
INFO:root:2021-08-05-14--35--27 Bounding Box Drawn
INFO:root:2021-08-05-14--35--27 MovingFrameQueue Appended
INFO:root:2021-08-05-14--35--27 Colour Conversion Completed
INFO:root:2021-08-05-14--35--27 Sleep Check Completed
INFO:root:2021-08-05-14--35--27 Frame manipulations completed
INFO:root:2021-08-05-14--35--27 Bounding Box Drawn
INFO:root:2021-08-05-14--35--27 MovingFrameQueue Popped
INFO:root:2021-08-05-14--35--27 Colour Conversion Completed
INFO:root:2021-08-05-14--35--27 Sleep Check Completed
INFO:root:2021-08-05-14--35--27 Frame manipulations completed
INFO:root:2021-08-05-14--35--27 Bounding Box Drawn
INFO:root:2021-08-05-14--35--27 MovingFrameQueue Appended
INFO:root:2021-08-05-14--35--27 Colour Conversion Completed
INFO:root:2021-08-05-14--35--27 Sleep Check Completed
INFO:root:2021-08-05-14--35--27 Frame manipulations completed
INFO:root:2021-08-05-14--35--27 Bounding Box Drawn
INFO:root:2021-08-05-14--35--27 MovingFrameQueue Popped
INFO:root:2021-08-05-14--35--27 Colour Conversion Completed
INFO:root:2021-08-05-14--35--27 Sleep Check Completed
INFO:root:2021-08-05-14--35--27 Frame manipulations completed
INFO:root:2021-08-05-14--35--27 Bounding Box Drawn
INFO:root:2021-08-05-14--35--27 MovingFrameQueue Appended
INFO:root:2021-08-05-14--35--27 Colour Conversion Completed
INFO:root:2021-08-05-14--35--27 Sleep Check Completed
INFO:root:2021-08-05-14--35--27 Frame manipulations completed
INFO:root:2021-08-05-14--35--27 Bounding Box Drawn
INFO:root:2021-08-05-14--35--27 MovingFrameQueue Popped
INFO:root:2021-08-05-14--35--27 Colour Conversion Completed
INFO:root:2021-08-05-14--35--27 Sleep Check Completed
INFO:root:2021-08-05-14--35--27 Frame manipulations completed
INFO:root:2021-08-05-14--35--27 Bounding Box Drawn
INFO:root:2021-08-05-14--35--27 MovingFrameQueue Appended
INFO:root:2021-08-05-14--35--27 Colour Conversion Completed
INFO:root:2021-08-05-14--35--27 Sleep Check Completed
INFO:root:2021-08-05-14--35--27 Frame manipulations completed
INFO:root:2021-08-05-14--35--27 Bounding Box Drawn
INFO:root:2021-08-05-14--35--27 MovingFrameQueue Popped
INFO:root:2021-08-05-14--35--27 Colour Conversion Completed
INFO:root:2021-08-05-14--35--27 Sleep Check Completed
INFO:root:2021-08-05-14--35--27 Frame manipulations completed
INFO:root:2021-08-05-14--35--27 Bounding Box Drawn
INFO:root:2021-08-05-14--35--28 MovingFrameQueue Appended
INFO:root:2021-08-05-14--35--28 Colour Conversion Completed
INFO:root:2021-08-05-14--35--28 Sleep Check Completed
INFO:root:2021-08-05-14--35--28 Frame manipulations completed
INFO:root:2021-08-05-14--35--28 Bounding Box Drawn
INFO:root:2021-08-05-14--35--28 MovingFrameQueue Popped
INFO:root:2021-08-05-14--35--28 Colour Conversion Completed
INFO:root:2021-08-05-14--35--28 Sleep Check Completed
INFO:root:2021-08-05-14--35--28 Frame manipulations completed
INFO:root:2021-08-05-14--35--28 Bounding Box Drawn
INFO:root:2021-08-05-14--35--28 MovingFrameQueue Appended
INFO:root:2021-08-05-14--35--28 Colour Conversion Completed
INFO:root:2021-08-05-14--35--28 Sleep Check Completed
INFO:root:2021-08-05-14--35--28 Frame manipulations completed
INFO:root:2021-08-05-14--35--28 Bounding Box Drawn
INFO:root:2021-08-05-14--35--28 MovingFrameQueue Popped
INFO:root:2021-08-05-14--35--28 Colour Conversion Completed
INFO:root:2021-08-05-14--35--28 Sleep Check Completed
INFO:root:2021-08-05-14--35--28 Frame manipulations completed
INFO:root:2021-08-05-14--35--28 Bounding Box Drawn
INFO:root:2021-08-05-14--35--28 MovingFrameQueue Appended
INFO:root:2021-08-05-14--35--28 Colour Conversion Completed
INFO:root:2021-08-05-14--35--28 Sleep Check Completed
INFO:root:2021-08-05-14--35--28 Frame manipulations completed
INFO:root:2021-08-05-14--35--28 Bounding Box Drawn
INFO:root:2021-08-05-14--35--28 MovingFrameQueue Popped
INFO:root:2021-08-05-14--35--28 Colour Conversion Completed
INFO:root:2021-08-05-14--35--28 Sleep Check Completed
INFO:root:2021-08-05-14--35--28 Frame manipulations completed
INFO:root:2021-08-05-14--35--28 Bounding Box Drawn
INFO:root:2021-08-05-14--35--28 MovingFrameQueue Appended
INFO:root:2021-08-05-14--35--28 Colour Conversion Completed
INFO:root:2021-08-05-14--35--28 Sleep Check Completed
INFO:root:2021-08-05-14--35--28 Frame manipulations completed
INFO:root:2021-08-05-14--35--28 Bounding Box Drawn
INFO:root:2021-08-05-14--35--29 MovingFrameQueue Popped
INFO:root:2021-08-05-14--35--29 Colour Conversion Completed
INFO:root:2021-08-05-14--35--29 Sleep Check Completed
INFO:root:2021-08-05-14--35--29 Frame manipulations completed
INFO:root:2021-08-05-14--35--29 Bounding Box Drawn
INFO:root:2021-08-05-14--35--29 MovingFrameQueue Appended
INFO:root:2021-08-05-14--35--29 Colour Conversion Completed
INFO:root:2021-08-05-14--35--29 Sleep Check Completed
INFO:root:2021-08-05-14--35--29 Frame manipulations completed
INFO:root:2021-08-05-14--35--29 Bounding Box Drawn
INFO:root:2021-08-05-14--35--29 MovingFrameQueue Popped
INFO:root:2021-08-05-14--35--29 Colour Conversion Completed
INFO:root:2021-08-05-14--35--29 Sleep Check Completed
INFO:root:2021-08-05-14--35--29 Frame manipulations completed
INFO:root:2021-08-05-14--35--29 Bounding Box Drawn
INFO:root:2021-08-05-14--35--29 MovingFrameQueue Appended
INFO:root:2021-08-05-14--35--29 Colour Conversion Completed
INFO:root:2021-08-05-14--35--29 Sleep Check Completed
INFO:root:2021-08-05-14--35--29 Frame manipulations completed
INFO:root:2021-08-05-14--35--29 Bounding Box Drawn
INFO:root:2021-08-05-14--35--29 MovingFrameQueue Popped
INFO:root:2021-08-05-14--35--29 Colour Conversion Completed
INFO:root:2021-08-05-14--35--29 Sleep Check Completed
INFO:root:2021-08-05-14--35--29 Frame manipulations completed
INFO:root:2021-08-05-14--35--29 Bounding Box Drawn
INFO:root:2021-08-05-14--35--29 MovingFrameQueue Appended
INFO:root:2021-08-05-14--35--29 Colour Conversion Completed
INFO:root:2021-08-05-14--35--29 Sleep Check Completed
INFO:root:2021-08-05-14--35--29 Frame manipulations completed
INFO:root:2021-08-05-14--35--29 Bounding Box Drawn
INFO:root:2021-08-05-14--35--29 MovingFrameQueue Popped
INFO:root:2021-08-05-14--35--29 Colour Conversion Completed
INFO:root:2021-08-05-14--35--29 Sleep Check Completed
INFO:root:2021-08-05-14--35--29 Frame manipulations completed
INFO:root:2021-08-05-14--35--29 Bounding Box Drawn
INFO:root:2021-08-05-14--35--29 MovingFrameQueue Appended
INFO:root:2021-08-05-14--35--29 Colour Conversion Completed
INFO:root:2021-08-05-14--35--29 Sleep Check Completed
INFO:root:2021-08-05-14--35--29 Frame manipulations completed
INFO:root:2021-08-05-14--35--29 Bounding Box Drawn
INFO:root:2021-08-05-14--35--29 MovingFrameQueue Popped
INFO:root:2021-08-05-14--35--29 Colour Conversion Completed
INFO:root:2021-08-05-14--35--29 Sleep Check Completed
INFO:root:2021-08-05-14--35--29 Frame manipulations completed
INFO:root:2021-08-05-14--35--29 Bounding Box Drawn
INFO:root:2021-08-05-14--35--30 MovingFrameQueue Appended
INFO:root:2021-08-05-14--35--30 Colour Conversion Completed
INFO:root:2021-08-05-14--35--30 Sleep Check Completed
INFO:root:2021-08-05-14--35--30 Frame manipulations completed
INFO:root:2021-08-05-14--35--30 Bounding Box Drawn
INFO:root:2021-08-05-14--35--30 MovingFrameQueue Popped
INFO:root:2021-08-05-14--35--30 Colour Conversion Completed
INFO:root:2021-08-05-14--35--30 Sleep Check Completed
INFO:root:2021-08-05-14--35--30 Frame manipulations completed
INFO:root:2021-08-05-14--35--30 Bounding Box Drawn
INFO:root:2021-08-05-14--35--30 MovingFrameQueue Appended
INFO:root:2021-08-05-14--35--30 Colour Conversion Completed
INFO:root:2021-08-05-14--35--30 Sleep Check Completed
INFO:root:2021-08-05-14--35--30 Frame manipulations completed
INFO:root:2021-08-05-14--35--30 Bounding Box Drawn
INFO:root:2021-08-05-14--35--30 MovingFrameQueue Popped
INFO:root:2021-08-05-14--35--30 Colour Conversion Completed
INFO:root:2021-08-05-14--35--30 Sleep Check Completed
INFO:root:2021-08-05-14--35--30 Frame manipulations completed
INFO:root:2021-08-05-14--35--30 Bounding Box Drawn
INFO:root:2021-08-05-14--35--30 MovingFrameQueue Appended
INFO:root:2021-08-05-14--35--30 Colour Conversion Completed
INFO:root:2021-08-05-14--35--30 Sleep Check Completed
INFO:root:2021-08-05-14--35--30 Frame manipulations completed
INFO:root:2021-08-05-14--35--30 Bounding Box Drawn
INFO:root:2021-08-05-14--35--30 MovingFrameQueue Popped
INFO:root:2021-08-05-14--35--30 Colour Conversion Completed
INFO:root:2021-08-05-14--35--30 Sleep Check Completed
INFO:root:2021-08-05-14--35--30 Frame manipulations completed
INFO:root:2021-08-05-14--35--30 Bounding Box Drawn
INFO:root:2021-08-05-14--35--30 MovingFrameQueue Appended
INFO:root:2021-08-05-14--35--30 Colour Conversion Completed
INFO:root:2021-08-05-14--35--30 Sleep Check Completed
INFO:root:2021-08-05-14--35--30 Frame manipulations completed
INFO:root:2021-08-05-14--35--30 Bounding Box Drawn
INFO:root:2021-08-05-14--35--30 MovingFrameQueue Popped
INFO:root:2021-08-05-14--35--30 Colour Conversion Completed
INFO:root:2021-08-05-14--35--30 Sleep Check Completed
INFO:root:2021-08-05-14--35--30 Frame manipulations completed
INFO:root:2021-08-05-14--35--30 Bounding Box Drawn
INFO:root:2021-08-05-14--35--31 MovingFrameQueue Appended
INFO:root:2021-08-05-14--35--31 Colour Conversion Completed
INFO:root:2021-08-05-14--35--31 Sleep Check Completed
INFO:root:2021-08-05-14--35--31 Frame manipulations completed
INFO:root:2021-08-05-14--35--31 Bounding Box Drawn
INFO:root:2021-08-05-14--35--31 MovingFrameQueue Popped
INFO:root:2021-08-05-14--35--31 Colour Conversion Completed
INFO:root:2021-08-05-14--35--31 Sleep Check Completed
INFO:root:2021-08-05-14--35--31 Frame manipulations completed
INFO:root:2021-08-05-14--35--31 Bounding Box Drawn
INFO:root:2021-08-05-14--35--31 MovingFrameQueue Appended
INFO:root:2021-08-05-14--35--31 Colour Conversion Completed
INFO:root:2021-08-05-14--35--31 Sleep Check Completed
INFO:root:2021-08-05-14--35--31 Frame manipulations completed
INFO:root:2021-08-05-14--35--31 Bounding Box Drawn
INFO:root:2021-08-05-14--35--31 MovingFrameQueue Popped
INFO:root:2021-08-05-14--35--31 Colour Conversion Completed
INFO:root:2021-08-05-14--35--31 Sleep Check Completed
INFO:root:2021-08-05-14--35--31 Frame manipulations completed
INFO:root:2021-08-05-14--35--31 Bounding Box Drawn
INFO:root:2021-08-05-14--35--31 MovingFrameQueue Appended
INFO:root:2021-08-05-14--35--31 Colour Conversion Completed
INFO:root:2021-08-05-14--35--31 Sleep Check Completed
INFO:root:2021-08-05-14--35--31 Frame manipulations completed
INFO:root:2021-08-05-14--35--31 Bounding Box Drawn
INFO:root:2021-08-05-14--35--31 MovingFrameQueue Popped
INFO:root:2021-08-05-14--35--31 Colour Conversion Completed
INFO:root:2021-08-05-14--35--31 Sleep Check Completed
INFO:root:2021-08-05-14--35--31 Frame manipulations completed
INFO:root:2021-08-05-14--35--31 Bounding Box Drawn
INFO:root:2021-08-05-14--35--31 MovingFrameQueue Appended
INFO:root:2021-08-05-14--35--31 Colour Conversion Completed
INFO:root:2021-08-05-14--35--31 Sleep Check Completed
INFO:root:2021-08-05-14--35--31 Frame manipulations completed
INFO:root:2021-08-05-14--35--31 Bounding Box Drawn
INFO:root:2021-08-05-14--35--32 MovingFrameQueue Popped
INFO:root:2021-08-05-14--35--32 Colour Conversion Completed
INFO:root:2021-08-05-14--35--32 Sleep Check Completed
INFO:root:2021-08-05-14--35--32 Frame manipulations completed
INFO:root:2021-08-05-14--35--32 Bounding Box Drawn
INFO:root:2021-08-05-14--35--32 MovingFrameQueue Appended
INFO:root:2021-08-05-14--35--32 Colour Conversion Completed
INFO:root:2021-08-05-14--35--32 Sleep Check Completed
INFO:root:2021-08-05-14--35--32 Frame manipulations completed
INFO:root:2021-08-05-14--35--32 Bounding Box Drawn
INFO:root:2021-08-05-14--35--32 MovingFrameQueue Popped
INFO:root:2021-08-05-14--35--32 Colour Conversion Completed
INFO:root:2021-08-05-14--35--32 Sleep Check Completed
INFO:root:2021-08-05-14--35--32 Frame manipulations completed
INFO:root:2021-08-05-14--35--32 Bounding Box Drawn
INFO:root:2021-08-05-14--35--32 MovingFrameQueue Appended
INFO:root:2021-08-05-14--35--32 Colour Conversion Completed
INFO:root:2021-08-05-14--35--32 Sleep Check Completed
INFO:root:2021-08-05-14--35--32 Frame manipulations completed
INFO:root:2021-08-05-14--35--32 Bounding Box Drawn
INFO:root:2021-08-05-14--35--32 MovingFrameQueue Popped
INFO:root:2021-08-05-14--35--32 Colour Conversion Completed
INFO:root:2021-08-05-14--35--32 Sleep Check Completed
INFO:root:2021-08-05-14--35--32 Frame manipulations completed
INFO:root:2021-08-05-14--35--32 Bounding Box Drawn
INFO:root:2021-08-05-14--35--32 MovingFrameQueue Appended
INFO:root:2021-08-05-14--35--32 Colour Conversion Completed
INFO:root:2021-08-05-14--35--32 Sleep Check Completed
INFO:root:2021-08-05-14--35--32 Frame manipulations completed
INFO:root:2021-08-05-14--35--32 Bounding Box Drawn
INFO:root:2021-08-05-14--35--32 MovingFrameQueue Popped
INFO:root:2021-08-05-14--35--32 Colour Conversion Completed
INFO:root:2021-08-05-14--35--32 Sleep Check Completed
INFO:root:2021-08-05-14--35--32 Frame manipulations completed
INFO:root:2021-08-05-14--35--32 Bounding Box Drawn
INFO:root:2021-08-05-14--35--32 MovingFrameQueue Appended
INFO:root:2021-08-05-14--35--32 Colour Conversion Completed
INFO:root:2021-08-05-14--35--32 Sleep Check Completed
INFO:root:2021-08-05-14--35--32 Frame manipulations completed
INFO:root:2021-08-05-14--35--32 Bounding Box Drawn
INFO:root:2021-08-05-14--35--33[INFO] elapsed time: 24.62
INFO:root:2021-08-05-14--35--33[INFO] approx. FPS: 5.97
ERROR:root:2021-08-05-14--35--33 Getting Auth Token Failure
ERROR:root:2021-08-05-14--35--33 BedTime Upload Failed
