INFO:root:2021-08-10-15--05--24 Parameter Generation Success
INFO:root:2021-08-10-15--05--25 Colour Conversion Completed
INFO:root:2021-08-10-15--05--25 Sleep Check Completed
INFO:root:2021-08-10-15--05--25 Frame manipulations completed
INFO:root:2021-08-10-15--05--25 Bounding Box Drawn
INFO:root:2021-08-10-15--05--31 MovingFrameQueue Appended
INFO:root:2021-08-10-15--05--31 Colour Conversion Completed
INFO:root:2021-08-10-15--05--31 Sleep Check Completed
INFO:root:2021-08-10-15--05--31 Frame manipulations completed
INFO:root:2021-08-10-15--05--31 Bounding Box Drawn
INFO:root:2021-08-10-15--05--31 MovingFrameQueue Appended
INFO:root:2021-08-10-15--05--31 Colour Conversion Completed
INFO:root:2021-08-10-15--05--31 Sleep Check Completed
INFO:root:2021-08-10-15--05--31 Frame manipulations completed
INFO:root:2021-08-10-15--05--31 Bounding Box Drawn
INFO:root:2021-08-10-15--05--31 MovingFrameQueue Appended
INFO:root:2021-08-10-15--05--31 Colour Conversion Completed
INFO:root:2021-08-10-15--05--31 Sleep Check Completed
INFO:root:2021-08-10-15--05--31 Frame manipulations completed
INFO:root:2021-08-10-15--05--31 Bounding Box Drawn
INFO:root:2021-08-10-15--05--31 MovingFrameQueue Appended
INFO:root:2021-08-10-15--05--31 Colour Conversion Completed
INFO:root:2021-08-10-15--05--31 Sleep Check Completed
INFO:root:2021-08-10-15--05--31 Frame manipulations completed
INFO:root:2021-08-10-15--05--31 Bounding Box Drawn
INFO:root:2021-08-10-15--05--31 MovingFrameQueue Appended
INFO:root:2021-08-10-15--05--31 Colour Conversion Completed
INFO:root:2021-08-10-15--05--31 Sleep Check Completed
INFO:root:2021-08-10-15--05--31 Frame manipulations completed
INFO:root:2021-08-10-15--05--31 Bounding Box Drawn
INFO:root:2021-08-10-15--05--31 MovingFrameQueue Appended
INFO:root:2021-08-10-15--05--31 Colour Conversion Completed
INFO:root:2021-08-10-15--05--31 Sleep Check Completed
INFO:root:2021-08-10-15--05--31 Frame manipulations completed
INFO:root:2021-08-10-15--05--31 Bounding Box Drawn
INFO:root:2021-08-10-15--05--31 MovingFrameQueue Appended
INFO:root:2021-08-10-15--05--31 Colour Conversion Completed
INFO:root:2021-08-10-15--05--31 Sleep Check Completed
INFO:root:2021-08-10-15--05--31 Frame manipulations completed
INFO:root:2021-08-10-15--05--31 Bounding Box Drawn
INFO:root:2021-08-10-15--05--32 MovingFrameQueue Appended
INFO:root:2021-08-10-15--05--32 Colour Conversion Completed
INFO:root:2021-08-10-15--05--32 Sleep Check Completed
INFO:root:2021-08-10-15--05--32 Frame manipulations completed
INFO:root:2021-08-10-15--05--32 Bounding Box Drawn
INFO:root:2021-08-10-15--05--32 MovingFrameQueue Appended
INFO:root:2021-08-10-15--05--32 Colour Conversion Completed
INFO:root:2021-08-10-15--05--32 Sleep Check Completed
INFO:root:2021-08-10-15--05--32 Frame manipulations completed
INFO:root:2021-08-10-15--05--32 Bounding Box Drawn
INFO:root:2021-08-10-15--05--32 MovingFrameQueue Appended
INFO:root:2021-08-10-15--05--32 Colour Conversion Completed
INFO:root:2021-08-10-15--05--32 Sleep Check Completed
INFO:root:2021-08-10-15--05--32 Frame manipulations completed
INFO:root:2021-08-10-15--05--32 Bounding Box Drawn
INFO:root:2021-08-10-15--05--32 MovingFrameQueue Appended
INFO:root:2021-08-10-15--05--32 Colour Conversion Completed
INFO:root:2021-08-10-15--05--32 Sleep Check Completed
INFO:root:2021-08-10-15--05--32 Frame manipulations completed
INFO:root:2021-08-10-15--05--32 Bounding Box Drawn
INFO:root:2021-08-10-15--05--33 MovingFrameQueue Appended
INFO:root:2021-08-10-15--05--33 Colour Conversion Completed
INFO:root:2021-08-10-15--05--33 Sleep Check Completed
INFO:root:2021-08-10-15--05--33 Frame manipulations completed
INFO:root:2021-08-10-15--05--33 Bounding Box Drawn
INFO:root:2021-08-10-15--05--33 MovingFrameQueue Appended
INFO:root:2021-08-10-15--05--33 Colour Conversion Completed
INFO:root:2021-08-10-15--05--33 Sleep Check Completed
INFO:root:2021-08-10-15--05--33 Frame manipulations completed
INFO:root:2021-08-10-15--05--33 Bounding Box Drawn
INFO:root:2021-08-10-15--05--34 MovingFrameQueue Appended
INFO:root:2021-08-10-15--05--34 Colour Conversion Completed
INFO:root:2021-08-10-15--05--34 Sleep Check Completed
INFO:root:2021-08-10-15--05--34 Frame manipulations completed
INFO:root:2021-08-10-15--05--34 Bounding Box Drawn
INFO:root:2021-08-10-15--05--34 MovingFrameQueue Appended
INFO:root:2021-08-10-15--05--34 Colour Conversion Completed
INFO:root:2021-08-10-15--05--34 Sleep Check Completed
INFO:root:2021-08-10-15--05--34 Frame manipulations completed
INFO:root:2021-08-10-15--05--34 Bounding Box Drawn
INFO:root:2021-08-10-15--05--34 MovingFrameQueue Appended
INFO:root:2021-08-10-15--05--34 Colour Conversion Completed
INFO:root:2021-08-10-15--05--34 Sleep Check Completed
INFO:root:2021-08-10-15--05--34 Frame manipulations completed
INFO:root:2021-08-10-15--05--34 Bounding Box Drawn
INFO:root:2021-08-10-15--05--34 MovingFrameQueue Appended
INFO:root:2021-08-10-15--05--34 Colour Conversion Completed
INFO:root:2021-08-10-15--05--34 Sleep Check Completed
INFO:root:2021-08-10-15--05--34 Frame manipulations completed
INFO:root:2021-08-10-15--05--34 Bounding Box Drawn
INFO:root:2021-08-10-15--05--35 MovingFrameQueue Appended
INFO:root:2021-08-10-15--05--35 Colour Conversion Completed
INFO:root:2021-08-10-15--05--35 Sleep Check Completed
INFO:root:2021-08-10-15--05--35 Frame manipulations completed
INFO:root:2021-08-10-15--05--35 Bounding Box Drawn
INFO:root:2021-08-10-15--05--35 MovingFrameQueue Appended
INFO:root:2021-08-10-15--05--35 Colour Conversion Completed
INFO:root:2021-08-10-15--05--35 Sleep Check Completed
INFO:root:2021-08-10-15--05--35 Frame manipulations completed
INFO:root:2021-08-10-15--05--35 Bounding Box Drawn
INFO:root:2021-08-10-15--05--35 MovingFrameQueue Appended
INFO:root:2021-08-10-15--05--35 Colour Conversion Completed
INFO:root:2021-08-10-15--05--35 Sleep Check Completed
INFO:root:2021-08-10-15--05--35 Frame manipulations completed
INFO:root:2021-08-10-15--05--35 Bounding Box Drawn
INFO:root:2021-08-10-15--05--35 MovingFrameQueue Appended
INFO:root:2021-08-10-15--05--35 Colour Conversion Completed
INFO:root:2021-08-10-15--05--35 Sleep Check Completed
INFO:root:2021-08-10-15--05--35 Frame manipulations completed
INFO:root:2021-08-10-15--05--35 Bounding Box Drawn
INFO:root:2021-08-10-15--05--35 MovingFrameQueue Appended
INFO:root:2021-08-10-15--05--35 Colour Conversion Completed
INFO:root:2021-08-10-15--05--36 Sleep Check Completed
INFO:root:2021-08-10-15--05--36 Frame manipulations completed
INFO:root:2021-08-10-15--05--36 Bounding Box Drawn
INFO:root:2021-08-10-15--05--36 MovingFrameQueue Appended
INFO:root:2021-08-10-15--05--36 Colour Conversion Completed
INFO:root:2021-08-10-15--05--36 Sleep Check Completed
INFO:root:2021-08-10-15--05--36 Frame manipulations completed
INFO:root:2021-08-10-15--05--36 Bounding Box Drawn
INFO:root:2021-08-10-15--05--36 MovingFrameQueue Appended
INFO:root:2021-08-10-15--05--36 Colour Conversion Completed
INFO:root:2021-08-10-15--05--36 Sleep Check Completed
INFO:root:2021-08-10-15--05--36 Frame manipulations completed
INFO:root:2021-08-10-15--05--36 Bounding Box Drawn
INFO:root:2021-08-10-15--05--36 MovingFrameQueue Appended
INFO:root:2021-08-10-15--05--36 Colour Conversion Completed
INFO:root:2021-08-10-15--05--36 Sleep Check Completed
INFO:root:2021-08-10-15--05--36 Frame manipulations completed
INFO:root:2021-08-10-15--05--36 Bounding Box Drawn
INFO:root:2021-08-10-15--05--36 MovingFrameQueue Appended
INFO:root:2021-08-10-15--05--36 Colour Conversion Completed
INFO:root:2021-08-10-15--05--37 Sleep Check Completed
INFO:root:2021-08-10-15--05--37 Frame manipulations completed
INFO:root:2021-08-10-15--05--37 Bounding Box Drawn
INFO:root:2021-08-10-15--05--37 MovingFrameQueue Appended
INFO:root:2021-08-10-15--05--37 Colour Conversion Completed
INFO:root:2021-08-10-15--05--37 Sleep Check Completed
INFO:root:2021-08-10-15--05--37 Frame manipulations completed
INFO:root:2021-08-10-15--05--37 Bounding Box Drawn
INFO:root:2021-08-10-15--05--37 MovingFrameQueue Appended
INFO:root:2021-08-10-15--05--37 Colour Conversion Completed
INFO:root:2021-08-10-15--05--37 Sleep Check Completed
INFO:root:2021-08-10-15--05--37 Frame manipulations completed
INFO:root:2021-08-10-15--05--37 Bounding Box Drawn
INFO:root:2021-08-10-15--05--37 MovingFrameQueue Appended
INFO:root:2021-08-10-15--05--37 Colour Conversion Completed
INFO:root:2021-08-10-15--05--37 Sleep Check Completed
INFO:root:2021-08-10-15--05--37 Frame manipulations completed
INFO:root:2021-08-10-15--05--37 Bounding Box Drawn
INFO:root:2021-08-10-15--05--37 MovingFrameQueue Appended
INFO:root:2021-08-10-15--05--38 Colour Conversion Completed
INFO:root:2021-08-10-15--05--38 Sleep Check Completed
INFO:root:2021-08-10-15--05--38 Frame manipulations completed
INFO:root:2021-08-10-15--05--38 Bounding Box Drawn
INFO:root:2021-08-10-15--05--38 MovingFrameQueue Appended
INFO:root:2021-08-10-15--05--38 Colour Conversion Completed
INFO:root:2021-08-10-15--05--38 Sleep Check Completed
INFO:root:2021-08-10-15--05--38 Frame manipulations completed
INFO:root:2021-08-10-15--05--38 Bounding Box Drawn
INFO:root:2021-08-10-15--05--38 MovingFrameQueue Appended
INFO:root:2021-08-10-15--05--38 Colour Conversion Completed
INFO:root:2021-08-10-15--05--38 Sleep Check Completed
INFO:root:2021-08-10-15--05--38 Frame manipulations completed
INFO:root:2021-08-10-15--05--38 Bounding Box Drawn
INFO:root:2021-08-10-15--05--38 MovingFrameQueue Appended
INFO:root:2021-08-10-15--05--38 Colour Conversion Completed
INFO:root:2021-08-10-15--05--38 Sleep Check Completed
INFO:root:2021-08-10-15--05--38 Frame manipulations completed
INFO:root:2021-08-10-15--05--38 Bounding Box Drawn
INFO:root:2021-08-10-15--05--38 MovingFrameQueue Appended
INFO:root:2021-08-10-15--05--38 Colour Conversion Completed
INFO:root:2021-08-10-15--05--38 Sleep Check Completed
INFO:root:2021-08-10-15--05--38 Frame manipulations completed
INFO:root:2021-08-10-15--05--38 Bounding Box Drawn
INFO:root:2021-08-10-15--05--38 MovingFrameQueue Appended
INFO:root:2021-08-10-15--05--38 Colour Conversion Completed
INFO:root:2021-08-10-15--05--38 Sleep Check Completed
INFO:root:2021-08-10-15--05--38 Frame manipulations completed
INFO:root:2021-08-10-15--05--38 Bounding Box Drawn
INFO:root:2021-08-10-15--05--39 MovingFrameQueue Appended
INFO:root:2021-08-10-15--05--39 Colour Conversion Completed
INFO:root:2021-08-10-15--05--39 Sleep Check Completed
INFO:root:2021-08-10-15--05--39 Frame manipulations completed
INFO:root:2021-08-10-15--05--39 Bounding Box Drawn
INFO:root:2021-08-10-15--05--39 MovingFrameQueue Appended
INFO:root:2021-08-10-15--05--39 Colour Conversion Completed
INFO:root:2021-08-10-15--05--39 Sleep Check Completed
INFO:root:2021-08-10-15--05--39 Frame manipulations completed
INFO:root:2021-08-10-15--05--39 Bounding Box Drawn
INFO:root:2021-08-10-15--05--39 MovingFrameQueue Appended
INFO:root:2021-08-10-15--05--39 Colour Conversion Completed
INFO:root:2021-08-10-15--05--39 Sleep Check Completed
INFO:root:2021-08-10-15--05--39 Frame manipulations completed
INFO:root:2021-08-10-15--05--39 Bounding Box Drawn
INFO:root:2021-08-10-15--05--39 MovingFrameQueue Appended
INFO:root:2021-08-10-15--05--39 Colour Conversion Completed
INFO:root:2021-08-10-15--05--39 Sleep Check Completed
INFO:root:2021-08-10-15--05--39 Frame manipulations completed
INFO:root:2021-08-10-15--05--39 Bounding Box Drawn
INFO:root:2021-08-10-15--05--39 MovingFrameQueue Appended
INFO:root:2021-08-10-15--05--39 Colour Conversion Completed
INFO:root:2021-08-10-15--05--39 Sleep Check Completed
INFO:root:2021-08-10-15--05--39 Frame manipulations completed
INFO:root:2021-08-10-15--05--39 Bounding Box Drawn
INFO:root:2021-08-10-15--05--39 MovingFrameQueue Appended
INFO:root:2021-08-10-15--05--39 Colour Conversion Completed
INFO:root:2021-08-10-15--05--39 Sleep Check Completed
INFO:root:2021-08-10-15--05--39 Frame manipulations completed
INFO:root:2021-08-10-15--05--39 Bounding Box Drawn
INFO:root:2021-08-10-15--05--40 MovingFrameQueue Appended
INFO:root:2021-08-10-15--05--40 Colour Conversion Completed
INFO:root:2021-08-10-15--05--40 Sleep Check Completed
INFO:root:2021-08-10-15--05--40 Frame manipulations completed
INFO:root:2021-08-10-15--05--40 Bounding Box Drawn
INFO:root:2021-08-10-15--05--40 MovingFrameQueue Appended
INFO:root:2021-08-10-15--05--40 Colour Conversion Completed
INFO:root:2021-08-10-15--05--40 Sleep Check Completed
INFO:root:2021-08-10-15--05--40 Frame manipulations completed
INFO:root:2021-08-10-15--05--40 Bounding Box Drawn
INFO:root:2021-08-10-15--05--40 MovingFrameQueue Appended
INFO:root:2021-08-10-15--05--40 Colour Conversion Completed
INFO:root:2021-08-10-15--05--40 Sleep Check Completed
INFO:root:2021-08-10-15--05--40 Frame manipulations completed
INFO:root:2021-08-10-15--05--40 Bounding Box Drawn
INFO:root:2021-08-10-15--05--40 MovingFrameQueue Appended
INFO:root:2021-08-10-15--05--40 Colour Conversion Completed
INFO:root:2021-08-10-15--05--40 Sleep Check Completed
INFO:root:2021-08-10-15--05--40 Frame manipulations completed
INFO:root:2021-08-10-15--05--40 Bounding Box Drawn
INFO:root:2021-08-10-15--05--40 MovingFrameQueue Appended
INFO:root:2021-08-10-15--05--40 Colour Conversion Completed
INFO:root:2021-08-10-15--05--40 Sleep Check Completed
INFO:root:2021-08-10-15--05--40 Frame manipulations completed
INFO:root:2021-08-10-15--05--40 Bounding Box Drawn
INFO:root:2021-08-10-15--05--41 MovingFrameQueue Appended
INFO:root:2021-08-10-15--05--41 Colour Conversion Completed
INFO:root:2021-08-10-15--05--41 Sleep Check Completed
INFO:root:2021-08-10-15--05--41 Frame manipulations completed
INFO:root:2021-08-10-15--05--41 Bounding Box Drawn
INFO:root:2021-08-10-15--05--41 MovingFrameQueue Appended
INFO:root:2021-08-10-15--05--41 Colour Conversion Completed
INFO:root:2021-08-10-15--05--41 Sleep Check Completed
INFO:root:2021-08-10-15--05--41 Frame manipulations completed
INFO:root:2021-08-10-15--05--41 Bounding Box Drawn
INFO:root:2021-08-10-15--05--41 MovingFrameQueue Appended
INFO:root:2021-08-10-15--05--41 Colour Conversion Completed
INFO:root:2021-08-10-15--05--41 Sleep Check Completed
INFO:root:2021-08-10-15--05--41 Frame manipulations completed
INFO:root:2021-08-10-15--05--41 Bounding Box Drawn
INFO:root:2021-08-10-15--05--41 MovingFrameQueue Appended
INFO:root:2021-08-10-15--05--41 Colour Conversion Completed
INFO:root:2021-08-10-15--05--41 Sleep Check Completed
INFO:root:2021-08-10-15--05--41 Frame manipulations completed
INFO:root:2021-08-10-15--05--41 Bounding Box Drawn
INFO:root:2021-08-10-15--05--41 MovingFrameQueue Appended
INFO:root:2021-08-10-15--05--41 Colour Conversion Completed
INFO:root:2021-08-10-15--05--41 Sleep Check Completed
INFO:root:2021-08-10-15--05--41 Frame manipulations completed
INFO:root:2021-08-10-15--05--41 Bounding Box Drawn
INFO:root:2021-08-10-15--05--41 MovingFrameQueue Popped
INFO:root:2021-08-10-15--05--41 Colour Conversion Completed
INFO:root:2021-08-10-15--05--42 Sleep Check Completed
INFO:root:2021-08-10-15--05--42 Frame manipulations completed
INFO:root:2021-08-10-15--05--42 Bounding Box Drawn
INFO:root:2021-08-10-15--05--42 MovingFrameQueue Appended
INFO:root:2021-08-10-15--05--42 Colour Conversion Completed
INFO:root:2021-08-10-15--05--42 Sleep Check Completed
INFO:root:2021-08-10-15--05--42 Frame manipulations completed
INFO:root:2021-08-10-15--05--42 Bounding Box Drawn
INFO:root:2021-08-10-15--05--42 MovingFrameQueue Popped
INFO:root:2021-08-10-15--05--42 Colour Conversion Completed
INFO:root:2021-08-10-15--05--42 Sleep Check Completed
INFO:root:2021-08-10-15--05--42 Frame manipulations completed
INFO:root:2021-08-10-15--05--42 Bounding Box Drawn
INFO:root:2021-08-10-15--05--42 MovingFrameQueue Appended
INFO:root:2021-08-10-15--05--42 Colour Conversion Completed
INFO:root:2021-08-10-15--05--42 Sleep Check Completed
INFO:root:2021-08-10-15--05--42 Frame manipulations completed
INFO:root:2021-08-10-15--05--42 Bounding Box Drawn
INFO:root:2021-08-10-15--05--42 MovingFrameQueue Popped
INFO:root:2021-08-10-15--05--42 Colour Conversion Completed
INFO:root:2021-08-10-15--05--42 Sleep Check Completed
INFO:root:2021-08-10-15--05--42 Frame manipulations completed
INFO:root:2021-08-10-15--05--42 Bounding Box Drawn
INFO:root:2021-08-10-15--05--42 MovingFrameQueue Appended
INFO:root:2021-08-10-15--05--42 Colour Conversion Completed
INFO:root:2021-08-10-15--05--42 Sleep Check Completed
INFO:root:2021-08-10-15--05--42 Frame manipulations completed
INFO:root:2021-08-10-15--05--42 Bounding Box Drawn
INFO:root:2021-08-10-15--05--43 MovingFrameQueue Popped
INFO:root:2021-08-10-15--05--43 Colour Conversion Completed
INFO:root:2021-08-10-15--05--43 Sleep Check Completed
INFO:root:2021-08-10-15--05--43 Frame manipulations completed
INFO:root:2021-08-10-15--05--43 Bounding Box Drawn
INFO:root:2021-08-10-15--05--43 MovingFrameQueue Appended
INFO:root:2021-08-10-15--05--43 Colour Conversion Completed
INFO:root:2021-08-10-15--05--43 Sleep Check Completed
INFO:root:2021-08-10-15--05--43 Frame manipulations completed
INFO:root:2021-08-10-15--05--43 Bounding Box Drawn
INFO:root:2021-08-10-15--05--43 MovingFrameQueue Popped
INFO:root:2021-08-10-15--05--43 Colour Conversion Completed
INFO:root:2021-08-10-15--05--43 Sleep Check Completed
INFO:root:2021-08-10-15--05--43 Frame manipulations completed
INFO:root:2021-08-10-15--05--43 Bounding Box Drawn
INFO:root:2021-08-10-15--05--43 MovingFrameQueue Appended
INFO:root:2021-08-10-15--05--43 Colour Conversion Completed
INFO:root:2021-08-10-15--05--43 Sleep Check Completed
INFO:root:2021-08-10-15--05--43 Frame manipulations completed
INFO:root:2021-08-10-15--05--43 Bounding Box Drawn
INFO:root:2021-08-10-15--05--43 MovingFrameQueue Popped
INFO:root:2021-08-10-15--05--43 Colour Conversion Completed
INFO:root:2021-08-10-15--05--43 Sleep Check Completed
INFO:root:2021-08-10-15--05--43 Frame manipulations completed
INFO:root:2021-08-10-15--05--43 Bounding Box Drawn
INFO:root:2021-08-10-15--05--44 MovingFrameQueue Appended
INFO:root:2021-08-10-15--05--44 Colour Conversion Completed
INFO:root:2021-08-10-15--05--44 Sleep Check Completed
INFO:root:2021-08-10-15--05--44 Frame manipulations completed
INFO:root:2021-08-10-15--05--44 Bounding Box Drawn
INFO:root:2021-08-10-15--05--44 MovingFrameQueue Popped
INFO:root:2021-08-10-15--05--44 Colour Conversion Completed
INFO:root:2021-08-10-15--05--44 Sleep Check Completed
INFO:root:2021-08-10-15--05--44 Frame manipulations completed
INFO:root:2021-08-10-15--05--44 Bounding Box Drawn
INFO:root:2021-08-10-15--05--44 MovingFrameQueue Appended
INFO:root:2021-08-10-15--05--44 Colour Conversion Completed
INFO:root:2021-08-10-15--05--44 Sleep Check Completed
INFO:root:2021-08-10-15--05--44 Frame manipulations completed
INFO:root:2021-08-10-15--05--44 Bounding Box Drawn
INFO:root:2021-08-10-15--05--44 MovingFrameQueue Popped
INFO:root:2021-08-10-15--05--44 Colour Conversion Completed
INFO:root:2021-08-10-15--05--44 Sleep Check Completed
INFO:root:2021-08-10-15--05--44 Frame manipulations completed
INFO:root:2021-08-10-15--05--44 Bounding Box Drawn
INFO:root:2021-08-10-15--05--44 MovingFrameQueue Appended
INFO:root:2021-08-10-15--05--44 Colour Conversion Completed
INFO:root:2021-08-10-15--05--44 Sleep Check Completed
INFO:root:2021-08-10-15--05--44 Frame manipulations completed
INFO:root:2021-08-10-15--05--44 Bounding Box Drawn
INFO:root:2021-08-10-15--05--45 MovingFrameQueue Popped
INFO:root:2021-08-10-15--05--45 Colour Conversion Completed
INFO:root:2021-08-10-15--05--45 Sleep Check Completed
INFO:root:2021-08-10-15--05--45 Frame manipulations completed
INFO:root:2021-08-10-15--05--45 Bounding Box Drawn
INFO:root:2021-08-10-15--05--45 MovingFrameQueue Appended
INFO:root:2021-08-10-15--05--45 Colour Conversion Completed
INFO:root:2021-08-10-15--05--45 Sleep Check Completed
INFO:root:2021-08-10-15--05--45 Frame manipulations completed
INFO:root:2021-08-10-15--05--45 Bounding Box Drawn
INFO:root:2021-08-10-15--05--45 MovingFrameQueue Popped
INFO:root:2021-08-10-15--05--45 Colour Conversion Completed
INFO:root:2021-08-10-15--05--45 Sleep Check Completed
INFO:root:2021-08-10-15--05--45 Frame manipulations completed
INFO:root:2021-08-10-15--05--45 Bounding Box Drawn
INFO:root:2021-08-10-15--05--45 MovingFrameQueue Appended
INFO:root:2021-08-10-15--05--45 Colour Conversion Completed
INFO:root:2021-08-10-15--05--45 Sleep Check Completed
INFO:root:2021-08-10-15--05--45 Frame manipulations completed
INFO:root:2021-08-10-15--05--45 Bounding Box Drawn
INFO:root:2021-08-10-15--05--45 MovingFrameQueue Popped
INFO:root:2021-08-10-15--05--45 Colour Conversion Completed
INFO:root:2021-08-10-15--05--45 Sleep Check Completed
INFO:root:2021-08-10-15--05--45 Frame manipulations completed
INFO:root:2021-08-10-15--05--45 Bounding Box Drawn
INFO:root:2021-08-10-15--05--45 MovingFrameQueue Appended
INFO:root:2021-08-10-15--05--45 Colour Conversion Completed
INFO:root:2021-08-10-15--05--45 Sleep Check Completed
INFO:root:2021-08-10-15--05--45 Frame manipulations completed
INFO:root:2021-08-10-15--05--45 Bounding Box Drawn
INFO:root:2021-08-10-15--05--46 MovingFrameQueue Popped
INFO:root:2021-08-10-15--05--46 Colour Conversion Completed
INFO:root:2021-08-10-15--05--46 Sleep Check Completed
INFO:root:2021-08-10-15--05--46 Frame manipulations completed
INFO:root:2021-08-10-15--05--46 Bounding Box Drawn
INFO:root:2021-08-10-15--05--46 MovingFrameQueue Appended
INFO:root:2021-08-10-15--05--46 Colour Conversion Completed
INFO:root:2021-08-10-15--05--46 Sleep Check Completed
INFO:root:2021-08-10-15--05--46 Frame manipulations completed
INFO:root:2021-08-10-15--05--46 Bounding Box Drawn
INFO:root:2021-08-10-15--05--46 MovingFrameQueue Popped
INFO:root:2021-08-10-15--05--46 Colour Conversion Completed
INFO:root:2021-08-10-15--05--46 Sleep Check Completed
INFO:root:2021-08-10-15--05--46 Frame manipulations completed
INFO:root:2021-08-10-15--05--46 Bounding Box Drawn
INFO:root:2021-08-10-15--05--46 MovingFrameQueue Appended
INFO:root:2021-08-10-15--05--46 Colour Conversion Completed
INFO:root:2021-08-10-15--05--46 Sleep Check Completed
INFO:root:2021-08-10-15--05--46 Frame manipulations completed
INFO:root:2021-08-10-15--05--46 Bounding Box Drawn
INFO:root:2021-08-10-15--05--47 MovingFrameQueue Popped
INFO:root:2021-08-10-15--05--47 Colour Conversion Completed
INFO:root:2021-08-10-15--05--47 Sleep Check Completed
INFO:root:2021-08-10-15--05--47 Frame manipulations completed
INFO:root:2021-08-10-15--05--47 Bounding Box Drawn
INFO:root:2021-08-10-15--05--47 MovingFrameQueue Appended
INFO:root:2021-08-10-15--05--47 Colour Conversion Completed
INFO:root:2021-08-10-15--05--47 Sleep Check Completed
INFO:root:2021-08-10-15--05--47 Frame manipulations completed
INFO:root:2021-08-10-15--05--47 Bounding Box Drawn
INFO:root:2021-08-10-15--05--47 MovingFrameQueue Popped
INFO:root:2021-08-10-15--05--48 Colour Conversion Completed
INFO:root:2021-08-10-15--05--48 Sleep Check Completed
INFO:root:2021-08-10-15--05--48 Frame manipulations completed
INFO:root:2021-08-10-15--05--48 Bounding Box Drawn
INFO:root:2021-08-10-15--05--48 MovingFrameQueue Appended
INFO:root:2021-08-10-15--05--48 Colour Conversion Completed
INFO:root:2021-08-10-15--05--48 Sleep Check Completed
INFO:root:2021-08-10-15--05--48 Frame manipulations completed
INFO:root:2021-08-10-15--05--48 Bounding Box Drawn
INFO:root:2021-08-10-15--05--48 MovingFrameQueue Popped
INFO:root:2021-08-10-15--05--48 Colour Conversion Completed
INFO:root:2021-08-10-15--05--48 Sleep Check Completed
INFO:root:2021-08-10-15--05--48 Frame manipulations completed
INFO:root:2021-08-10-15--05--48 Bounding Box Drawn
INFO:root:2021-08-10-15--05--48 MovingFrameQueue Appended
INFO:root:2021-08-10-15--05--48 Colour Conversion Completed
INFO:root:2021-08-10-15--05--48 Sleep Check Completed
INFO:root:2021-08-10-15--05--48 Frame manipulations completed
INFO:root:2021-08-10-15--05--48 Bounding Box Drawn
INFO:root:2021-08-10-15--05--49 MovingFrameQueue Popped
INFO:root:2021-08-10-15--05--49 Colour Conversion Completed
INFO:root:2021-08-10-15--05--49 Sleep Check Completed
INFO:root:2021-08-10-15--05--49 Frame manipulations completed
INFO:root:2021-08-10-15--05--49 Bounding Box Drawn
INFO:root:2021-08-10-15--05--49 MovingFrameQueue Appended
INFO:root:2021-08-10-15--05--49 Colour Conversion Completed
INFO:root:2021-08-10-15--05--49 Sleep Check Completed
INFO:root:2021-08-10-15--05--49 Frame manipulations completed
INFO:root:2021-08-10-15--05--49 Bounding Box Drawn
INFO:root:2021-08-10-15--05--49 MovingFrameQueue Popped
INFO:root:2021-08-10-15--05--49 Colour Conversion Completed
INFO:root:2021-08-10-15--05--49 Sleep Check Completed
INFO:root:2021-08-10-15--05--49 Frame manipulations completed
INFO:root:2021-08-10-15--05--49 Bounding Box Drawn
INFO:root:2021-08-10-15--05--49 MovingFrameQueue Appended
INFO:root:2021-08-10-15--05--49 Colour Conversion Completed
INFO:root:2021-08-10-15--05--49 Sleep Check Completed
INFO:root:2021-08-10-15--05--49 Frame manipulations completed
INFO:root:2021-08-10-15--05--49 Bounding Box Drawn
INFO:root:2021-08-10-15--05--50 MovingFrameQueue Popped
INFO:root:2021-08-10-15--05--50 Colour Conversion Completed
INFO:root:2021-08-10-15--05--50 Sleep Check Completed
INFO:root:2021-08-10-15--05--50 Frame manipulations completed
INFO:root:2021-08-10-15--05--50 Bounding Box Drawn
INFO:root:2021-08-10-15--05--50 MovingFrameQueue Appended
INFO:root:2021-08-10-15--05--50 Colour Conversion Completed
INFO:root:2021-08-10-15--05--50 Sleep Check Completed
INFO:root:2021-08-10-15--05--50 Frame manipulations completed
INFO:root:2021-08-10-15--05--50 Bounding Box Drawn
INFO:root:2021-08-10-15--05--50 MovingFrameQueue Popped
INFO:root:2021-08-10-15--05--50 Colour Conversion Completed
INFO:root:2021-08-10-15--05--50 Sleep Check Completed
INFO:root:2021-08-10-15--05--50 Frame manipulations completed
INFO:root:2021-08-10-15--05--50 Bounding Box Drawn
INFO:root:2021-08-10-15--05--50 MovingFrameQueue Appended
INFO:root:2021-08-10-15--05--50 Colour Conversion Completed
INFO:root:2021-08-10-15--05--50 Sleep Check Completed
INFO:root:2021-08-10-15--05--50 Frame manipulations completed
INFO:root:2021-08-10-15--05--50 Bounding Box Drawn
INFO:root:2021-08-10-15--05--50 MovingFrameQueue Popped
INFO:root:2021-08-10-15--05--50 Colour Conversion Completed
INFO:root:2021-08-10-15--05--50 Sleep Check Completed
INFO:root:2021-08-10-15--05--50 Frame manipulations completed
INFO:root:2021-08-10-15--05--50 Bounding Box Drawn
INFO:root:2021-08-10-15--05--51 MovingFrameQueue Appended
INFO:root:2021-08-10-15--05--51 Colour Conversion Completed
INFO:root:2021-08-10-15--05--51 Sleep Check Completed
INFO:root:2021-08-10-15--05--51 Frame manipulations completed
INFO:root:2021-08-10-15--05--51 Bounding Box Drawn
INFO:root:2021-08-10-15--05--51 MovingFrameQueue Popped
INFO:root:2021-08-10-15--05--51 Colour Conversion Completed
INFO:root:2021-08-10-15--05--51 Sleep Check Completed
INFO:root:2021-08-10-15--05--51 Frame manipulations completed
INFO:root:2021-08-10-15--05--51 Bounding Box Drawn
INFO:root:2021-08-10-15--05--51 MovingFrameQueue Appended
INFO:root:2021-08-10-15--05--51 Colour Conversion Completed
INFO:root:2021-08-10-15--05--51 Sleep Check Completed
INFO:root:2021-08-10-15--05--51 Frame manipulations completed
INFO:root:2021-08-10-15--05--51 Bounding Box Drawn
INFO:root:2021-08-10-15--05--51 MovingFrameQueue Popped
INFO:root:2021-08-10-15--05--51 Colour Conversion Completed
INFO:root:2021-08-10-15--05--51 Sleep Check Completed
INFO:root:2021-08-10-15--05--51 Frame manipulations completed
INFO:root:2021-08-10-15--05--51 Bounding Box Drawn
INFO:root:2021-08-10-15--05--51 MovingFrameQueue Appended
INFO:root:2021-08-10-15--05--51 Colour Conversion Completed
INFO:root:2021-08-10-15--05--51 Sleep Check Completed
INFO:root:2021-08-10-15--05--51 Frame manipulations completed
INFO:root:2021-08-10-15--05--51 Bounding Box Drawn
INFO:root:2021-08-10-15--05--52 MovingFrameQueue Popped
INFO:root:2021-08-10-15--05--52 Colour Conversion Completed
INFO:root:2021-08-10-15--05--52 Sleep Check Completed
INFO:root:2021-08-10-15--05--52 Frame manipulations completed
INFO:root:2021-08-10-15--05--52 Bounding Box Drawn
INFO:root:2021-08-10-15--05--52 MovingFrameQueue Appended
INFO:root:2021-08-10-15--05--52 Colour Conversion Completed
INFO:root:2021-08-10-15--05--52 Sleep Check Completed
INFO:root:2021-08-10-15--05--52 Frame manipulations completed
INFO:root:2021-08-10-15--05--52 Bounding Box Drawn
INFO:root:2021-08-10-15--05--52 MovingFrameQueue Popped
INFO:root:2021-08-10-15--05--52 Colour Conversion Completed
INFO:root:2021-08-10-15--05--52 Sleep Check Completed
INFO:root:2021-08-10-15--05--52 Frame manipulations completed
INFO:root:2021-08-10-15--05--52 Bounding Box Drawn
INFO:root:2021-08-10-15--05--52 MovingFrameQueue Appended
INFO:root:2021-08-10-15--05--52 Colour Conversion Completed
INFO:root:2021-08-10-15--05--52 Sleep Check Completed
INFO:root:2021-08-10-15--05--52 Frame manipulations completed
INFO:root:2021-08-10-15--05--52 Bounding Box Drawn
INFO:root:2021-08-10-15--05--52 MovingFrameQueue Popped
INFO:root:2021-08-10-15--05--52 Colour Conversion Completed
INFO:root:2021-08-10-15--05--52 Sleep Check Completed
INFO:root:2021-08-10-15--05--52 Frame manipulations completed
INFO:root:2021-08-10-15--05--52 Bounding Box Drawn
INFO:root:2021-08-10-15--05--53 MovingFrameQueue Appended
INFO:root:2021-08-10-15--05--53 Colour Conversion Completed
INFO:root:2021-08-10-15--05--53 Sleep Check Completed
INFO:root:2021-08-10-15--05--53 Frame manipulations completed
INFO:root:2021-08-10-15--05--53 Bounding Box Drawn
INFO:root:2021-08-10-15--05--53 MovingFrameQueue Popped
INFO:root:2021-08-10-15--05--53 Colour Conversion Completed
INFO:root:2021-08-10-15--05--53 Sleep Check Completed
INFO:root:2021-08-10-15--05--53 Frame manipulations completed
INFO:root:2021-08-10-15--05--53 Bounding Box Drawn
INFO:root:2021-08-10-15--05--53 MovingFrameQueue Appended
INFO:root:2021-08-10-15--05--53 Colour Conversion Completed
INFO:root:2021-08-10-15--05--53 Sleep Check Completed
INFO:root:2021-08-10-15--05--53 Frame manipulations completed
INFO:root:2021-08-10-15--05--53 Bounding Box Drawn
INFO:root:2021-08-10-15--05--54 MovingFrameQueue Popped
INFO:root:2021-08-10-15--05--54 Colour Conversion Completed
INFO:root:2021-08-10-15--05--54 Sleep Check Completed
INFO:root:2021-08-10-15--05--54 Frame manipulations completed
INFO:root:2021-08-10-15--05--54 Bounding Box Drawn
INFO:root:2021-08-10-15--05--54 MovingFrameQueue Appended
INFO:root:2021-08-10-15--05--54 Colour Conversion Completed
INFO:root:2021-08-10-15--05--54 Sleep Check Completed
INFO:root:2021-08-10-15--05--54 Frame manipulations completed
INFO:root:2021-08-10-15--05--54 Bounding Box Drawn
INFO:root:2021-08-10-15--05--54 MovingFrameQueue Popped
INFO:root:2021-08-10-15--05--54 Colour Conversion Completed
INFO:root:2021-08-10-15--05--54 Sleep Check Completed
INFO:root:2021-08-10-15--05--54 Frame manipulations completed
INFO:root:2021-08-10-15--05--54 Bounding Box Drawn
INFO:root:2021-08-10-15--05--55 MovingFrameQueue Appended
INFO:root:2021-08-10-15--05--55 Colour Conversion Completed
INFO:root:2021-08-10-15--05--55 Sleep Check Completed
INFO:root:2021-08-10-15--05--55 Frame manipulations completed
INFO:root:2021-08-10-15--05--55 Bounding Box Drawn
INFO:root:2021-08-10-15--05--55 MovingFrameQueue Popped
INFO:root:2021-08-10-15--05--55 Colour Conversion Completed
INFO:root:2021-08-10-15--05--55 Sleep Check Completed
INFO:root:2021-08-10-15--05--55 Frame manipulations completed
INFO:root:2021-08-10-15--05--55 Bounding Box Drawn
INFO:root:2021-08-10-15--05--55 MovingFrameQueue Appended
INFO:root:2021-08-10-15--05--55 Colour Conversion Completed
INFO:root:2021-08-10-15--05--55 Sleep Check Completed
INFO:root:2021-08-10-15--05--55 Frame manipulations completed
INFO:root:2021-08-10-15--05--55 Bounding Box Drawn
INFO:root:2021-08-10-15--05--55 MovingFrameQueue Popped
INFO:root:2021-08-10-15--05--55 Colour Conversion Completed
INFO:root:2021-08-10-15--05--55 Sleep Check Completed
INFO:root:2021-08-10-15--05--55 Frame manipulations completed
INFO:root:2021-08-10-15--05--55 Bounding Box Drawn
INFO:root:2021-08-10-15--05--55 MovingFrameQueue Appended
INFO:root:2021-08-10-15--05--55 Colour Conversion Completed
INFO:root:2021-08-10-15--05--55 Sleep Check Completed
INFO:root:2021-08-10-15--05--55 Frame manipulations completed
INFO:root:2021-08-10-15--05--55 Bounding Box Drawn
INFO:root:2021-08-10-15--05--56 MovingFrameQueue Popped
INFO:root:2021-08-10-15--05--56 Colour Conversion Completed
INFO:root:2021-08-10-15--05--56 Sleep Check Completed
INFO:root:2021-08-10-15--05--56 Frame manipulations completed
INFO:root:2021-08-10-15--05--56 Bounding Box Drawn
INFO:root:2021-08-10-15--05--56 MovingFrameQueue Appended
INFO:root:2021-08-10-15--05--56 Colour Conversion Completed
INFO:root:2021-08-10-15--05--56 Sleep Check Completed
INFO:root:2021-08-10-15--05--56 Frame manipulations completed
INFO:root:2021-08-10-15--05--56 Bounding Box Drawn
INFO:root:2021-08-10-15--05--56 MovingFrameQueue Popped
INFO:root:2021-08-10-15--05--56 Colour Conversion Completed
INFO:root:2021-08-10-15--05--56 Sleep Check Completed
INFO:root:2021-08-10-15--05--56 Frame manipulations completed
INFO:root:2021-08-10-15--05--56 Bounding Box Drawn
INFO:root:2021-08-10-15--05--56 MovingFrameQueue Appended
INFO:root:2021-08-10-15--05--56 Colour Conversion Completed
INFO:root:2021-08-10-15--05--56 Sleep Check Completed
INFO:root:2021-08-10-15--05--56 Frame manipulations completed
INFO:root:2021-08-10-15--05--56 Bounding Box Drawn
INFO:root:2021-08-10-15--05--56 MovingFrameQueue Popped
INFO:root:2021-08-10-15--05--56 Colour Conversion Completed
INFO:root:2021-08-10-15--05--56 Sleep Check Completed
INFO:root:2021-08-10-15--05--56 Frame manipulations completed
INFO:root:2021-08-10-15--05--56 Bounding Box Drawn
INFO:root:2021-08-10-15--05--57 MovingFrameQueue Appended
INFO:root:2021-08-10-15--05--57 Colour Conversion Completed
INFO:root:2021-08-10-15--05--57 Sleep Check Completed
INFO:root:2021-08-10-15--05--57 Frame manipulations completed
INFO:root:2021-08-10-15--05--57 Bounding Box Drawn
INFO:root:2021-08-10-15--05--57[INFO] elapsed time: 31.84
INFO:root:2021-08-10-15--05--57[INFO] approx. FPS: 3.74
ERROR:root:2021-08-10-15--05--57 Getting Auth Token Failure
ERROR:root:2021-08-10-15--05--57 BedTime Upload Failed
