INFO:root:2021-08-02-12--07--06 Parameter Generation Success
INFO:root:2021-08-02-12--07--07 Colour Conversion Completed
INFO:root:2021-08-02-12--07--07 Sleep Check Completed
INFO:root:2021-08-02-12--07--07 Frame manipulations completed
INFO:root:2021-08-02-12--07--07 Bounding Box Drawn
INFO:root:2021-08-02-12--07--13 MovingFrameQueue Appended
INFO:root:2021-08-02-12--07--13 Colour Conversion Completed
INFO:root:2021-08-02-12--07--13 Sleep Check Completed
INFO:root:2021-08-02-12--07--13 Frame manipulations completed
INFO:root:2021-08-02-12--07--13 Bounding Box Drawn
INFO:root:2021-08-02-12--07--13 MovingFrameQueue Appended
INFO:root:2021-08-02-12--07--13 Colour Conversion Completed
INFO:root:2021-08-02-12--07--13 Sleep Check Completed
INFO:root:2021-08-02-12--07--13 Frame manipulations completed
INFO:root:2021-08-02-12--07--13 Bounding Box Drawn
INFO:root:2021-08-02-12--07--13 MovingFrameQueue Appended
INFO:root:2021-08-02-12--07--13 Colour Conversion Completed
INFO:root:2021-08-02-12--07--13 Sleep Check Completed
INFO:root:2021-08-02-12--07--13 Frame manipulations completed
INFO:root:2021-08-02-12--07--13 Bounding Box Drawn
INFO:root:2021-08-02-12--07--13 MovingFrameQueue Appended
INFO:root:2021-08-02-12--07--13 Colour Conversion Completed
INFO:root:2021-08-02-12--07--13 Sleep Check Completed
INFO:root:2021-08-02-12--07--13 Frame manipulations completed
INFO:root:2021-08-02-12--07--13 Bounding Box Drawn
INFO:root:2021-08-02-12--07--13 MovingFrameQueue Appended
INFO:root:2021-08-02-12--07--13 Colour Conversion Completed
INFO:root:2021-08-02-12--07--13 Sleep Check Completed
INFO:root:2021-08-02-12--07--13 Frame manipulations completed
INFO:root:2021-08-02-12--07--13 Bounding Box Drawn
INFO:root:2021-08-02-12--07--13 MovingFrameQueue Appended
INFO:root:2021-08-02-12--07--13 Colour Conversion Completed
INFO:root:2021-08-02-12--07--13 Sleep Check Completed
INFO:root:2021-08-02-12--07--13 Frame manipulations completed
INFO:root:2021-08-02-12--07--13 Bounding Box Drawn
INFO:root:2021-08-02-12--07--14 MovingFrameQueue Appended
INFO:root:2021-08-02-12--07--14 Colour Conversion Completed
INFO:root:2021-08-02-12--07--14 Sleep Check Completed
INFO:root:2021-08-02-12--07--14 Frame manipulations completed
INFO:root:2021-08-02-12--07--14 Bounding Box Drawn
INFO:root:2021-08-02-12--07--14 MovingFrameQueue Appended
INFO:root:2021-08-02-12--07--14 Colour Conversion Completed
INFO:root:2021-08-02-12--07--14 Sleep Check Completed
INFO:root:2021-08-02-12--07--14 Frame manipulations completed
INFO:root:2021-08-02-12--07--14 Bounding Box Drawn
INFO:root:2021-08-02-12--07--14 MovingFrameQueue Appended
INFO:root:2021-08-02-12--07--14 Colour Conversion Completed
INFO:root:2021-08-02-12--07--14 Sleep Check Completed
INFO:root:2021-08-02-12--07--14 Frame manipulations completed
INFO:root:2021-08-02-12--07--14 Bounding Box Drawn
INFO:root:2021-08-02-12--07--14 MovingFrameQueue Appended
INFO:root:2021-08-02-12--07--14 Colour Conversion Completed
INFO:root:2021-08-02-12--07--14 Sleep Check Completed
INFO:root:2021-08-02-12--07--14 Frame manipulations completed
INFO:root:2021-08-02-12--07--14 Bounding Box Drawn
INFO:root:2021-08-02-12--07--14 MovingFrameQueue Appended
INFO:root:2021-08-02-12--07--14 Colour Conversion Completed
INFO:root:2021-08-02-12--07--14 Sleep Check Completed
INFO:root:2021-08-02-12--07--14 Frame manipulations completed
INFO:root:2021-08-02-12--07--14 Bounding Box Drawn
INFO:root:2021-08-02-12--07--15 MovingFrameQueue Appended
INFO:root:2021-08-02-12--07--15 Colour Conversion Completed
INFO:root:2021-08-02-12--07--15 Sleep Check Completed
INFO:root:2021-08-02-12--07--15 Frame manipulations completed
INFO:root:2021-08-02-12--07--15 Bounding Box Drawn
INFO:root:2021-08-02-12--07--15 MovingFrameQueue Appended
INFO:root:2021-08-02-12--07--15 Colour Conversion Completed
INFO:root:2021-08-02-12--07--15 Sleep Check Completed
INFO:root:2021-08-02-12--07--15 Frame manipulations completed
INFO:root:2021-08-02-12--07--15 Bounding Box Drawn
INFO:root:2021-08-02-12--07--15 MovingFrameQueue Appended
INFO:root:2021-08-02-12--07--15 Colour Conversion Completed
INFO:root:2021-08-02-12--07--15 Sleep Check Completed
INFO:root:2021-08-02-12--07--15 Frame manipulations completed
INFO:root:2021-08-02-12--07--15 Bounding Box Drawn
INFO:root:2021-08-02-12--07--15 MovingFrameQueue Appended
INFO:root:2021-08-02-12--07--15 Colour Conversion Completed
INFO:root:2021-08-02-12--07--15 Sleep Check Completed
INFO:root:2021-08-02-12--07--15 Frame manipulations completed
INFO:root:2021-08-02-12--07--15 Bounding Box Drawn
INFO:root:2021-08-02-12--07--15 MovingFrameQueue Appended
INFO:root:2021-08-02-12--07--15 Colour Conversion Completed
INFO:root:2021-08-02-12--07--15 Sleep Check Completed
INFO:root:2021-08-02-12--07--15 Frame manipulations completed
INFO:root:2021-08-02-12--07--15 Bounding Box Drawn
INFO:root:2021-08-02-12--07--15 MovingFrameQueue Appended
INFO:root:2021-08-02-12--07--15 Colour Conversion Completed
INFO:root:2021-08-02-12--07--15 Sleep Check Completed
INFO:root:2021-08-02-12--07--15 Frame manipulations completed
INFO:root:2021-08-02-12--07--15 Bounding Box Drawn
INFO:root:2021-08-02-12--07--15 MovingFrameQueue Appended
INFO:root:2021-08-02-12--07--15 Colour Conversion Completed
INFO:root:2021-08-02-12--07--15 Sleep Check Completed
INFO:root:2021-08-02-12--07--15 Frame manipulations completed
INFO:root:2021-08-02-12--07--15 Bounding Box Drawn
INFO:root:2021-08-02-12--07--16 MovingFrameQueue Appended
INFO:root:2021-08-02-12--07--16 Colour Conversion Completed
INFO:root:2021-08-02-12--07--16 Sleep Check Completed
INFO:root:2021-08-02-12--07--16 Frame manipulations completed
INFO:root:2021-08-02-12--07--16 Bounding Box Drawn
INFO:root:2021-08-02-12--07--16 MovingFrameQueue Appended
INFO:root:2021-08-02-12--07--16 Colour Conversion Completed
INFO:root:2021-08-02-12--07--16 Sleep Check Completed
INFO:root:2021-08-02-12--07--16 Frame manipulations completed
INFO:root:2021-08-02-12--07--16 Bounding Box Drawn
INFO:root:2021-08-02-12--07--16 MovingFrameQueue Appended
INFO:root:2021-08-02-12--07--16 Colour Conversion Completed
INFO:root:2021-08-02-12--07--16 Sleep Check Completed
INFO:root:2021-08-02-12--07--16 Frame manipulations completed
INFO:root:2021-08-02-12--07--16 Bounding Box Drawn
INFO:root:2021-08-02-12--07--16 MovingFrameQueue Appended
INFO:root:2021-08-02-12--07--16 Colour Conversion Completed
INFO:root:2021-08-02-12--07--16 Sleep Check Completed
INFO:root:2021-08-02-12--07--16 Frame manipulations completed
INFO:root:2021-08-02-12--07--16 Bounding Box Drawn
INFO:root:2021-08-02-12--07--16 MovingFrameQueue Appended
INFO:root:2021-08-02-12--07--16 Colour Conversion Completed
INFO:root:2021-08-02-12--07--16 Sleep Check Completed
INFO:root:2021-08-02-12--07--16 Frame manipulations completed
INFO:root:2021-08-02-12--07--16 Bounding Box Drawn
INFO:root:2021-08-02-12--07--16 MovingFrameQueue Appended
INFO:root:2021-08-02-12--07--16 Colour Conversion Completed
INFO:root:2021-08-02-12--07--16 Sleep Check Completed
INFO:root:2021-08-02-12--07--16 Frame manipulations completed
INFO:root:2021-08-02-12--07--16 Bounding Box Drawn
INFO:root:2021-08-02-12--07--17 MovingFrameQueue Appended
INFO:root:2021-08-02-12--07--17 Colour Conversion Completed
INFO:root:2021-08-02-12--07--17 Sleep Check Completed
INFO:root:2021-08-02-12--07--17 Frame manipulations completed
INFO:root:2021-08-02-12--07--17 Bounding Box Drawn
INFO:root:2021-08-02-12--07--17 MovingFrameQueue Appended
INFO:root:2021-08-02-12--07--17 Colour Conversion Completed
INFO:root:2021-08-02-12--07--17 Sleep Check Completed
INFO:root:2021-08-02-12--07--17 Frame manipulations completed
INFO:root:2021-08-02-12--07--17 Bounding Box Drawn
INFO:root:2021-08-02-12--07--17 MovingFrameQueue Appended
INFO:root:2021-08-02-12--07--17 Colour Conversion Completed
INFO:root:2021-08-02-12--07--17 Sleep Check Completed
INFO:root:2021-08-02-12--07--17 Frame manipulations completed
INFO:root:2021-08-02-12--07--17 Bounding Box Drawn
INFO:root:2021-08-02-12--07--17 MovingFrameQueue Appended
INFO:root:2021-08-02-12--07--17 Colour Conversion Completed
INFO:root:2021-08-02-12--07--17 Sleep Check Completed
INFO:root:2021-08-02-12--07--17 Frame manipulations completed
INFO:root:2021-08-02-12--07--17 Bounding Box Drawn
INFO:root:2021-08-02-12--07--17 MovingFrameQueue Appended
INFO:root:2021-08-02-12--07--17 Colour Conversion Completed
INFO:root:2021-08-02-12--07--17 Sleep Check Completed
INFO:root:2021-08-02-12--07--17 Frame manipulations completed
INFO:root:2021-08-02-12--07--17 Bounding Box Drawn
INFO:root:2021-08-02-12--07--17 MovingFrameQueue Appended
INFO:root:2021-08-02-12--07--17 Colour Conversion Completed
INFO:root:2021-08-02-12--07--17 Sleep Check Completed
INFO:root:2021-08-02-12--07--17 Frame manipulations completed
INFO:root:2021-08-02-12--07--17 Bounding Box Drawn
INFO:root:2021-08-02-12--07--18 MovingFrameQueue Appended
INFO:root:2021-08-02-12--07--18 Colour Conversion Completed
INFO:root:2021-08-02-12--07--18 Sleep Check Completed
INFO:root:2021-08-02-12--07--18 Frame manipulations completed
INFO:root:2021-08-02-12--07--18 Bounding Box Drawn
INFO:root:2021-08-02-12--07--18 MovingFrameQueue Appended
INFO:root:2021-08-02-12--07--18 Colour Conversion Completed
INFO:root:2021-08-02-12--07--18 Sleep Check Completed
INFO:root:2021-08-02-12--07--18 Frame manipulations completed
INFO:root:2021-08-02-12--07--18 Bounding Box Drawn
INFO:root:2021-08-02-12--07--18 MovingFrameQueue Appended
INFO:root:2021-08-02-12--07--18 Colour Conversion Completed
INFO:root:2021-08-02-12--07--18 Sleep Check Completed
INFO:root:2021-08-02-12--07--18 Frame manipulations completed
INFO:root:2021-08-02-12--07--18 Bounding Box Drawn
INFO:root:2021-08-02-12--07--18 MovingFrameQueue Appended
INFO:root:2021-08-02-12--07--18 Anomally Detected, starting call for more frames
INFO:root:2021-08-02-12--07--18 anomallyFrameTracker resetted to 50
INFO:root:2021-08-02-12--07--18 Colour Conversion Completed
INFO:root:2021-08-02-12--07--18 Sleep Check Completed
INFO:root:2021-08-02-12--07--18 Frame manipulations completed
INFO:root:2021-08-02-12--07--18 Bounding Box Drawn
INFO:root:2021-08-02-12--07--18 MovingFrameQueue Appended
INFO:root:2021-08-02-12--07--18 Anomally Detected, starting call for more frames
INFO:root:2021-08-02-12--07--18 Colour Conversion Completed
INFO:root:2021-08-02-12--07--18 Sleep Check Completed
INFO:root:2021-08-02-12--07--18 Frame manipulations completed
INFO:root:2021-08-02-12--07--18 Bounding Box Drawn
INFO:root:2021-08-02-12--07--18 MovingFrameQueue Appended
INFO:root:2021-08-02-12--07--18 Anomally Detected, starting call for more frames
INFO:root:2021-08-02-12--07--18 Colour Conversion Completed
INFO:root:2021-08-02-12--07--18 Sleep Check Completed
INFO:root:2021-08-02-12--07--18 Frame manipulations completed
INFO:root:2021-08-02-12--07--18 Bounding Box Drawn
INFO:root:2021-08-02-12--07--19 MovingFrameQueue Appended
INFO:root:2021-08-02-12--07--19 Anomally Detected, starting call for more frames
INFO:root:2021-08-02-12--07--19 Colour Conversion Completed
INFO:root:2021-08-02-12--07--19 Sleep Check Completed
INFO:root:2021-08-02-12--07--19 Frame manipulations completed
INFO:root:2021-08-02-12--07--19 Bounding Box Drawn
INFO:root:2021-08-02-12--07--19 MovingFrameQueue Appended
INFO:root:2021-08-02-12--07--19 Anomally Detected, starting call for more frames
INFO:root:2021-08-02-12--07--19 Colour Conversion Completed
INFO:root:2021-08-02-12--07--19 Sleep Check Completed
INFO:root:2021-08-02-12--07--19 Frame manipulations completed
INFO:root:2021-08-02-12--07--19 Bounding Box Drawn
INFO:root:2021-08-02-12--07--19 MovingFrameQueue Appended
INFO:root:2021-08-02-12--07--19 Anomally Detected, starting call for more frames
INFO:root:2021-08-02-12--07--19 Colour Conversion Completed
INFO:root:2021-08-02-12--07--19 Sleep Check Completed
INFO:root:2021-08-02-12--07--19 Frame manipulations completed
INFO:root:2021-08-02-12--07--19 Bounding Box Drawn
INFO:root:2021-08-02-12--07--19 MovingFrameQueue Appended
INFO:root:2021-08-02-12--07--19 Anomally Detected, starting call for more frames
INFO:root:2021-08-02-12--07--19 Colour Conversion Completed
INFO:root:2021-08-02-12--07--19 Sleep Check Completed
INFO:root:2021-08-02-12--07--19 Frame manipulations completed
INFO:root:2021-08-02-12--07--19 Bounding Box Drawn
INFO:root:2021-08-02-12--07--19 MovingFrameQueue Appended
INFO:root:2021-08-02-12--07--19 Anomally Detected, starting call for more frames
INFO:root:2021-08-02-12--07--19 Colour Conversion Completed
INFO:root:2021-08-02-12--07--19 Sleep Check Completed
INFO:root:2021-08-02-12--07--19 Frame manipulations completed
INFO:root:2021-08-02-12--07--19 Bounding Box Drawn
INFO:root:2021-08-02-12--07--19 MovingFrameQueue Appended
INFO:root:2021-08-02-12--07--19 Anomally Detected, starting call for more frames
INFO:root:2021-08-02-12--07--19 Colour Conversion Completed
INFO:root:2021-08-02-12--07--19 Sleep Check Completed
INFO:root:2021-08-02-12--07--19 Frame manipulations completed
INFO:root:2021-08-02-12--07--19 Bounding Box Drawn
INFO:root:2021-08-02-12--07--20 MovingFrameQueue Appended
INFO:root:2021-08-02-12--07--20 Anomally Detected, starting call for more frames
INFO:root:2021-08-02-12--07--20 Colour Conversion Completed
INFO:root:2021-08-02-12--07--20 Sleep Check Completed
INFO:root:2021-08-02-12--07--20 Frame manipulations completed
INFO:root:2021-08-02-12--07--20 Bounding Box Drawn
INFO:root:2021-08-02-12--07--20 MovingFrameQueue Appended
INFO:root:2021-08-02-12--07--20 Anomally Detected, starting call for more frames
INFO:root:2021-08-02-12--07--20 Colour Conversion Completed
INFO:root:2021-08-02-12--07--20 Sleep Check Completed
INFO:root:2021-08-02-12--07--20 Frame manipulations completed
INFO:root:2021-08-02-12--07--20 Bounding Box Drawn
INFO:root:2021-08-02-12--07--20 MovingFrameQueue Appended
INFO:root:2021-08-02-12--07--20 Anomally Detected, starting call for more frames
INFO:root:2021-08-02-12--07--20 Colour Conversion Completed
INFO:root:2021-08-02-12--07--20 Sleep Check Completed
INFO:root:2021-08-02-12--07--20 Frame manipulations completed
INFO:root:2021-08-02-12--07--20 Bounding Box Drawn
INFO:root:2021-08-02-12--07--20 MovingFrameQueue Appended
INFO:root:2021-08-02-12--07--20 Anomally Detected, starting call for more frames
INFO:root:2021-08-02-12--07--20 Colour Conversion Completed
INFO:root:2021-08-02-12--07--20 Sleep Check Completed
INFO:root:2021-08-02-12--07--20 Frame manipulations completed
INFO:root:2021-08-02-12--07--20 Bounding Box Drawn
INFO:root:2021-08-02-12--07--20 MovingFrameQueue Appended
INFO:root:2021-08-02-12--07--20 Anomally Detected, starting call for more frames
INFO:root:2021-08-02-12--07--20 Colour Conversion Completed
INFO:root:2021-08-02-12--07--20 Sleep Check Completed
INFO:root:2021-08-02-12--07--20 Frame manipulations completed
INFO:root:2021-08-02-12--07--20 Bounding Box Drawn
INFO:root:2021-08-02-12--07--20 MovingFrameQueue Appended
INFO:root:2021-08-02-12--07--20 Anomally Detected, starting call for more frames
INFO:root:2021-08-02-12--07--20 Colour Conversion Completed
INFO:root:2021-08-02-12--07--20 Sleep Check Completed
INFO:root:2021-08-02-12--07--20 Frame manipulations completed
INFO:root:2021-08-02-12--07--20 Bounding Box Drawn
INFO:root:2021-08-02-12--07--21 MovingFrameQueue Appended
INFO:root:2021-08-02-12--07--21 Anomally Detected, starting call for more frames
INFO:root:2021-08-02-12--07--21 Colour Conversion Completed
INFO:root:2021-08-02-12--07--21 Sleep Check Completed
INFO:root:2021-08-02-12--07--21 Frame manipulations completed
INFO:root:2021-08-02-12--07--21 Bounding Box Drawn
INFO:root:2021-08-02-12--07--21 MovingFrameQueue Appended
INFO:root:2021-08-02-12--07--21 Anomally Detected, starting call for more frames
INFO:root:2021-08-02-12--07--21 Colour Conversion Completed
INFO:root:2021-08-02-12--07--21 Sleep Check Completed
INFO:root:2021-08-02-12--07--21 Frame manipulations completed
INFO:root:2021-08-02-12--07--21 Bounding Box Drawn
INFO:root:2021-08-02-12--07--21 MovingFrameQueue Appended
INFO:root:2021-08-02-12--07--21 Anomally Detected, starting call for more frames
INFO:root:2021-08-02-12--07--21 Colour Conversion Completed
INFO:root:2021-08-02-12--07--21 Sleep Check Completed
INFO:root:2021-08-02-12--07--21 Frame manipulations completed
INFO:root:2021-08-02-12--07--21 Bounding Box Drawn
INFO:root:2021-08-02-12--07--21 MovingFrameQueue Popped
INFO:root:2021-08-02-12--07--21 Anomally Detected, starting call for more frames
INFO:root:2021-08-02-12--07--21 Colour Conversion Completed
INFO:root:2021-08-02-12--07--21 Sleep Check Completed
INFO:root:2021-08-02-12--07--21 Frame manipulations completed
INFO:root:2021-08-02-12--07--21 Bounding Box Drawn
INFO:root:2021-08-02-12--07--21 MovingFrameQueue Appended
INFO:root:2021-08-02-12--07--21 Anomally Detected, starting call for more frames
INFO:root:2021-08-02-12--07--21 Colour Conversion Completed
INFO:root:2021-08-02-12--07--21 Sleep Check Completed
INFO:root:2021-08-02-12--07--21 Frame manipulations completed
INFO:root:2021-08-02-12--07--21 Bounding Box Drawn
INFO:root:2021-08-02-12--07--22 MovingFrameQueue Popped
INFO:root:2021-08-02-12--07--22 Colour Conversion Completed
INFO:root:2021-08-02-12--07--22 Sleep Check Completed
INFO:root:2021-08-02-12--07--22 Frame manipulations completed
INFO:root:2021-08-02-12--07--22 Bounding Box Drawn
INFO:root:2021-08-02-12--07--22 MovingFrameQueue Appended
INFO:root:2021-08-02-12--07--22 Colour Conversion Completed
INFO:root:2021-08-02-12--07--22 Sleep Check Completed
INFO:root:2021-08-02-12--07--22 Frame manipulations completed
INFO:root:2021-08-02-12--07--22 Bounding Box Drawn
INFO:root:2021-08-02-12--07--22 MovingFrameQueue Popped
INFO:root:2021-08-02-12--07--22 Colour Conversion Completed
INFO:root:2021-08-02-12--07--22 Sleep Check Completed
INFO:root:2021-08-02-12--07--22 Frame manipulations completed
INFO:root:2021-08-02-12--07--22 Bounding Box Drawn
INFO:root:2021-08-02-12--07--22 MovingFrameQueue Appended
INFO:root:2021-08-02-12--07--22 Colour Conversion Completed
INFO:root:2021-08-02-12--07--22 Sleep Check Completed
INFO:root:2021-08-02-12--07--22 Frame manipulations completed
INFO:root:2021-08-02-12--07--22 Bounding Box Drawn
INFO:root:2021-08-02-12--07--22 MovingFrameQueue Popped
INFO:root:2021-08-02-12--07--22 Colour Conversion Completed
INFO:root:2021-08-02-12--07--22 Sleep Check Completed
INFO:root:2021-08-02-12--07--22 Frame manipulations completed
INFO:root:2021-08-02-12--07--22 Bounding Box Drawn
INFO:root:2021-08-02-12--07--23 MovingFrameQueue Appended
INFO:root:2021-08-02-12--07--23 Colour Conversion Completed
INFO:root:2021-08-02-12--07--23 Sleep Check Completed
INFO:root:2021-08-02-12--07--23 Frame manipulations completed
INFO:root:2021-08-02-12--07--23 Bounding Box Drawn
INFO:root:2021-08-02-12--07--23 MovingFrameQueue Popped
INFO:root:2021-08-02-12--07--23 Colour Conversion Completed
INFO:root:2021-08-02-12--07--23 Sleep Check Completed
INFO:root:2021-08-02-12--07--23 Frame manipulations completed
INFO:root:2021-08-02-12--07--23 Bounding Box Drawn
INFO:root:2021-08-02-12--07--23 MovingFrameQueue Appended
INFO:root:2021-08-02-12--07--23 Colour Conversion Completed
INFO:root:2021-08-02-12--07--23 Sleep Check Completed
INFO:root:2021-08-02-12--07--23 Frame manipulations completed
INFO:root:2021-08-02-12--07--23 Bounding Box Drawn
INFO:root:2021-08-02-12--07--23 MovingFrameQueue Popped
INFO:root:2021-08-02-12--07--23 Colour Conversion Completed
INFO:root:2021-08-02-12--07--23 Sleep Check Completed
INFO:root:2021-08-02-12--07--23 Frame manipulations completed
INFO:root:2021-08-02-12--07--23 Bounding Box Drawn
INFO:root:2021-08-02-12--07--23 MovingFrameQueue Appended
INFO:root:2021-08-02-12--07--23 Colour Conversion Completed
INFO:root:2021-08-02-12--07--23 Sleep Check Completed
INFO:root:2021-08-02-12--07--23 Frame manipulations completed
INFO:root:2021-08-02-12--07--23 Bounding Box Drawn
INFO:root:2021-08-02-12--07--24 MovingFrameQueue Popped
INFO:root:2021-08-02-12--07--24 Colour Conversion Completed
INFO:root:2021-08-02-12--07--24 Sleep Check Completed
INFO:root:2021-08-02-12--07--24 Frame manipulations completed
INFO:root:2021-08-02-12--07--24 Bounding Box Drawn
INFO:root:2021-08-02-12--07--24 MovingFrameQueue Appended
INFO:root:2021-08-02-12--07--24 Colour Conversion Completed
INFO:root:2021-08-02-12--07--24 Sleep Check Completed
INFO:root:2021-08-02-12--07--24 Frame manipulations completed
INFO:root:2021-08-02-12--07--24 Bounding Box Drawn
INFO:root:2021-08-02-12--07--24 MovingFrameQueue Popped
INFO:root:2021-08-02-12--07--24 Colour Conversion Completed
INFO:root:2021-08-02-12--07--24 Sleep Check Completed
INFO:root:2021-08-02-12--07--24 Frame manipulations completed
INFO:root:2021-08-02-12--07--24 Bounding Box Drawn
INFO:root:2021-08-02-12--07--24 MovingFrameQueue Appended
INFO:root:2021-08-02-12--07--24 Colour Conversion Completed
INFO:root:2021-08-02-12--07--24 Sleep Check Completed
INFO:root:2021-08-02-12--07--24 Frame manipulations completed
INFO:root:2021-08-02-12--07--24 Bounding Box Drawn
INFO:root:2021-08-02-12--07--24 MovingFrameQueue Popped
INFO:root:2021-08-02-12--07--24 Colour Conversion Completed
INFO:root:2021-08-02-12--07--24 Sleep Check Completed
INFO:root:2021-08-02-12--07--24 Frame manipulations completed
INFO:root:2021-08-02-12--07--24 Bounding Box Drawn
INFO:root:2021-08-02-12--07--24 MovingFrameQueue Appended
INFO:root:2021-08-02-12--07--24 Colour Conversion Completed
INFO:root:2021-08-02-12--07--24 Sleep Check Completed
INFO:root:2021-08-02-12--07--24 Frame manipulations completed
INFO:root:2021-08-02-12--07--24 Bounding Box Drawn
INFO:root:2021-08-02-12--07--25 MovingFrameQueue Popped
INFO:root:2021-08-02-12--07--25 Colour Conversion Completed
INFO:root:2021-08-02-12--07--25 Sleep Check Completed
INFO:root:2021-08-02-12--07--25 Frame manipulations completed
INFO:root:2021-08-02-12--07--25 Bounding Box Drawn
INFO:root:2021-08-02-12--07--25 MovingFrameQueue Appended
INFO:root:2021-08-02-12--07--25 Colour Conversion Completed
INFO:root:2021-08-02-12--07--25 Sleep Check Completed
INFO:root:2021-08-02-12--07--25 Frame manipulations completed
INFO:root:2021-08-02-12--07--25 Bounding Box Drawn
INFO:root:2021-08-02-12--07--25 MovingFrameQueue Popped
INFO:root:2021-08-02-12--07--25 Colour Conversion Completed
INFO:root:2021-08-02-12--07--25 Sleep Check Completed
INFO:root:2021-08-02-12--07--25 Frame manipulations completed
INFO:root:2021-08-02-12--07--25 Bounding Box Drawn
INFO:root:2021-08-02-12--07--25 MovingFrameQueue Appended
INFO:root:2021-08-02-12--07--25 Colour Conversion Completed
INFO:root:2021-08-02-12--07--25 Sleep Check Completed
INFO:root:2021-08-02-12--07--25 Frame manipulations completed
INFO:root:2021-08-02-12--07--25 Bounding Box Drawn
INFO:root:2021-08-02-12--07--25 MovingFrameQueue Popped
INFO:root:2021-08-02-12--07--25 Colour Conversion Completed
INFO:root:2021-08-02-12--07--25 Sleep Check Completed
INFO:root:2021-08-02-12--07--25 Frame manipulations completed
INFO:root:2021-08-02-12--07--25 Bounding Box Drawn
INFO:root:2021-08-02-12--07--26 MovingFrameQueue Appended
INFO:root:2021-08-02-12--07--26 Colour Conversion Completed
INFO:root:2021-08-02-12--07--26 Sleep Check Completed
INFO:root:2021-08-02-12--07--26 Frame manipulations completed
INFO:root:2021-08-02-12--07--26 Bounding Box Drawn
INFO:root:2021-08-02-12--07--26 MovingFrameQueue Popped
INFO:root:2021-08-02-12--07--26 Colour Conversion Completed
INFO:root:2021-08-02-12--07--26 Sleep Check Completed
INFO:root:2021-08-02-12--07--26 Frame manipulations completed
INFO:root:2021-08-02-12--07--26 Bounding Box Drawn
INFO:root:2021-08-02-12--07--26 MovingFrameQueue Appended
INFO:root:2021-08-02-12--07--26 Colour Conversion Completed
INFO:root:2021-08-02-12--07--26 Sleep Check Completed
INFO:root:2021-08-02-12--07--26 Frame manipulations completed
INFO:root:2021-08-02-12--07--26 Bounding Box Drawn
INFO:root:2021-08-02-12--07--26 MovingFrameQueue Popped
INFO:root:2021-08-02-12--07--26 Colour Conversion Completed
INFO:root:2021-08-02-12--07--26 Sleep Check Completed
INFO:root:2021-08-02-12--07--26 Frame manipulations completed
INFO:root:2021-08-02-12--07--26 Bounding Box Drawn
INFO:root:2021-08-02-12--07--26 MovingFrameQueue Appended
INFO:root:2021-08-02-12--07--26 Colour Conversion Completed
INFO:root:2021-08-02-12--07--26 Sleep Check Completed
INFO:root:2021-08-02-12--07--26 Frame manipulations completed
INFO:root:2021-08-02-12--07--26 Bounding Box Drawn
INFO:root:2021-08-02-12--07--27 MovingFrameQueue Popped
INFO:root:2021-08-02-12--07--27 Colour Conversion Completed
INFO:root:2021-08-02-12--07--27 Sleep Check Completed
INFO:root:2021-08-02-12--07--27 Frame manipulations completed
INFO:root:2021-08-02-12--07--27 Bounding Box Drawn
INFO:root:2021-08-02-12--07--27 MovingFrameQueue Appended
INFO:root:2021-08-02-12--07--27 Colour Conversion Completed
INFO:root:2021-08-02-12--07--27 Sleep Check Completed
INFO:root:2021-08-02-12--07--27 Frame manipulations completed
INFO:root:2021-08-02-12--07--27 Bounding Box Drawn
INFO:root:2021-08-02-12--07--27 MovingFrameQueue Popped
INFO:root:2021-08-02-12--07--27 Colour Conversion Completed
INFO:root:2021-08-02-12--07--27 Sleep Check Completed
INFO:root:2021-08-02-12--07--27 Frame manipulations completed
INFO:root:2021-08-02-12--07--27 Bounding Box Drawn
INFO:root:2021-08-02-12--07--27 MovingFrameQueue Appended
INFO:root:2021-08-02-12--07--27 Anomally Video Output unsuccessful
INFO:root:2021-08-02-12--07--27 Colour Conversion Completed
INFO:root:2021-08-02-12--07--27 Sleep Check Completed
INFO:root:2021-08-02-12--07--27 Frame manipulations completed
INFO:root:2021-08-02-12--07--27 Bounding Box Drawn
INFO:root:2021-08-02-12--07--27 MovingFrameQueue Popped
INFO:root:2021-08-02-12--07--27 Anomally Video Output unsuccessful
INFO:root:2021-08-02-12--07--27 Colour Conversion Completed
INFO:root:2021-08-02-12--07--27 Sleep Check Completed
INFO:root:2021-08-02-12--07--27 Frame manipulations completed
INFO:root:2021-08-02-12--07--27 Bounding Box Drawn
INFO:root:2021-08-02-12--07--28 MovingFrameQueue Appended
INFO:root:2021-08-02-12--07--28 Anomally Video Output unsuccessful
INFO:root:2021-08-02-12--07--28 Colour Conversion Completed
INFO:root:2021-08-02-12--07--28 Sleep Check Completed
INFO:root:2021-08-02-12--07--28 Frame manipulations completed
INFO:root:2021-08-02-12--07--28 Bounding Box Drawn
INFO:root:2021-08-02-12--07--28 MovingFrameQueue Popped
INFO:root:2021-08-02-12--07--28 Anomally Video Output unsuccessful
INFO:root:2021-08-02-12--07--28 Colour Conversion Completed
INFO:root:2021-08-02-12--07--28 Sleep Check Completed
INFO:root:2021-08-02-12--07--28 Frame manipulations completed
INFO:root:2021-08-02-12--07--28 Bounding Box Drawn
INFO:root:2021-08-02-12--07--28 MovingFrameQueue Appended
INFO:root:2021-08-02-12--07--28 Anomally Video Output unsuccessful
INFO:root:2021-08-02-12--07--28 Colour Conversion Completed
INFO:root:2021-08-02-12--07--28 Sleep Check Completed
INFO:root:2021-08-02-12--07--28 Frame manipulations completed
INFO:root:2021-08-02-12--07--28 Bounding Box Drawn
INFO:root:2021-08-02-12--07--28 MovingFrameQueue Popped
INFO:root:2021-08-02-12--07--28 Anomally Video Output unsuccessful
INFO:root:2021-08-02-12--07--28 Colour Conversion Completed
INFO:root:2021-08-02-12--07--28 Sleep Check Completed
INFO:root:2021-08-02-12--07--28 Frame manipulations completed
INFO:root:2021-08-02-12--07--28 Bounding Box Drawn
INFO:root:2021-08-02-12--07--28 MovingFrameQueue Appended
INFO:root:2021-08-02-12--07--28 Anomally Video Output unsuccessful
INFO:root:2021-08-02-12--07--28 Colour Conversion Completed
INFO:root:2021-08-02-12--07--28 Sleep Check Completed
INFO:root:2021-08-02-12--07--28 Frame manipulations completed
INFO:root:2021-08-02-12--07--28 Bounding Box Drawn
INFO:root:2021-08-02-12--07--29 MovingFrameQueue Popped
INFO:root:2021-08-02-12--07--29 Anomally Video Output unsuccessful
INFO:root:2021-08-02-12--07--29 Colour Conversion Completed
INFO:root:2021-08-02-12--07--29 Sleep Check Completed
INFO:root:2021-08-02-12--07--29 Frame manipulations completed
INFO:root:2021-08-02-12--07--29 Bounding Box Drawn
INFO:root:2021-08-02-12--07--29 MovingFrameQueue Appended
INFO:root:2021-08-02-12--07--29 Anomally Video Output unsuccessful
INFO:root:2021-08-02-12--07--29 Colour Conversion Completed
INFO:root:2021-08-02-12--07--29 Sleep Check Completed
INFO:root:2021-08-02-12--07--29 Frame manipulations completed
INFO:root:2021-08-02-12--07--29 Bounding Box Drawn
INFO:root:2021-08-02-12--07--29 MovingFrameQueue Popped
INFO:root:2021-08-02-12--07--29 Anomally Video Output unsuccessful
INFO:root:2021-08-02-12--07--29 Colour Conversion Completed
INFO:root:2021-08-02-12--07--29 Sleep Check Completed
INFO:root:2021-08-02-12--07--29 Frame manipulations completed
INFO:root:2021-08-02-12--07--29 Bounding Box Drawn
INFO:root:2021-08-02-12--07--29 MovingFrameQueue Appended
INFO:root:2021-08-02-12--07--29 Anomally Video Output unsuccessful
INFO:root:2021-08-02-12--07--29 Colour Conversion Completed
INFO:root:2021-08-02-12--07--29 Sleep Check Completed
INFO:root:2021-08-02-12--07--29 Frame manipulations completed
INFO:root:2021-08-02-12--07--29 Bounding Box Drawn
INFO:root:2021-08-02-12--07--29 MovingFrameQueue Popped
INFO:root:2021-08-02-12--07--29 Anomally Video Output unsuccessful
INFO:root:2021-08-02-12--07--29 Colour Conversion Completed
INFO:root:2021-08-02-12--07--29 Sleep Check Completed
INFO:root:2021-08-02-12--07--29 Frame manipulations completed
INFO:root:2021-08-02-12--07--29 Bounding Box Drawn
INFO:root:2021-08-02-12--07--30 MovingFrameQueue Appended
INFO:root:2021-08-02-12--07--30 Anomally Video Output unsuccessful
INFO:root:2021-08-02-12--07--30 Colour Conversion Completed
INFO:root:2021-08-02-12--07--30 Sleep Check Completed
INFO:root:2021-08-02-12--07--30 Frame manipulations completed
INFO:root:2021-08-02-12--07--30 Bounding Box Drawn
INFO:root:2021-08-02-12--07--30 MovingFrameQueue Popped
INFO:root:2021-08-02-12--07--30 Anomally Video Output unsuccessful
INFO:root:2021-08-02-12--07--30 Colour Conversion Completed
INFO:root:2021-08-02-12--07--30 Sleep Check Completed
INFO:root:2021-08-02-12--07--30 Frame manipulations completed
INFO:root:2021-08-02-12--07--30 Bounding Box Drawn
INFO:root:2021-08-02-12--07--30 MovingFrameQueue Appended
INFO:root:2021-08-02-12--07--30 Anomally Video Output unsuccessful
INFO:root:2021-08-02-12--07--30 Colour Conversion Completed
INFO:root:2021-08-02-12--07--30 Sleep Check Completed
INFO:root:2021-08-02-12--07--30 Frame manipulations completed
INFO:root:2021-08-02-12--07--30 Bounding Box Drawn
INFO:root:2021-08-02-12--07--30 MovingFrameQueue Popped
INFO:root:2021-08-02-12--07--30 Anomally Video Output unsuccessful
INFO:root:2021-08-02-12--07--30 Colour Conversion Completed
INFO:root:2021-08-02-12--07--30 Sleep Check Completed
INFO:root:2021-08-02-12--07--30 Frame manipulations completed
INFO:root:2021-08-02-12--07--30 Bounding Box Drawn
INFO:root:2021-08-02-12--07--30 MovingFrameQueue Appended
INFO:root:2021-08-02-12--07--30 Anomally Video Output unsuccessful
INFO:root:2021-08-02-12--07--30 Colour Conversion Completed
INFO:root:2021-08-02-12--07--30 Sleep Check Completed
INFO:root:2021-08-02-12--07--30 Frame manipulations completed
INFO:root:2021-08-02-12--07--30 Bounding Box Drawn
INFO:root:2021-08-02-12--07--30 MovingFrameQueue Popped
INFO:root:2021-08-02-12--07--30 Anomally Video Output unsuccessful
INFO:root:2021-08-02-12--07--30 Colour Conversion Completed
INFO:root:2021-08-02-12--07--30 Sleep Check Completed
INFO:root:2021-08-02-12--07--30 Frame manipulations completed
INFO:root:2021-08-02-12--07--30 Bounding Box Drawn
INFO:root:2021-08-02-12--07--31 MovingFrameQueue Appended
INFO:root:2021-08-02-12--07--31 Anomally Video Output unsuccessful
INFO:root:2021-08-02-12--07--31 Colour Conversion Completed
INFO:root:2021-08-02-12--07--31 Sleep Check Completed
INFO:root:2021-08-02-12--07--31 Frame manipulations completed
INFO:root:2021-08-02-12--07--31 Bounding Box Drawn
INFO:root:2021-08-02-12--07--31 MovingFrameQueue Popped
INFO:root:2021-08-02-12--07--31 Anomally Video Output unsuccessful
INFO:root:2021-08-02-12--07--31 Colour Conversion Completed
INFO:root:2021-08-02-12--07--31 Sleep Check Completed
INFO:root:2021-08-02-12--07--31 Frame manipulations completed
INFO:root:2021-08-02-12--07--31 Bounding Box Drawn
INFO:root:2021-08-02-12--07--31 MovingFrameQueue Appended
INFO:root:2021-08-02-12--07--31 Anomally Video Output unsuccessful
INFO:root:2021-08-02-12--07--31 Colour Conversion Completed
INFO:root:2021-08-02-12--07--31 Sleep Check Completed
INFO:root:2021-08-02-12--07--31 Frame manipulations completed
INFO:root:2021-08-02-12--07--31 Bounding Box Drawn
INFO:root:2021-08-02-12--07--31 MovingFrameQueue Popped
INFO:root:2021-08-02-12--07--31 Anomally Video Output unsuccessful
INFO:root:2021-08-02-12--07--31 Colour Conversion Completed
INFO:root:2021-08-02-12--07--31 Sleep Check Completed
INFO:root:2021-08-02-12--07--31 Frame manipulations completed
INFO:root:2021-08-02-12--07--31 Bounding Box Drawn
INFO:root:2021-08-02-12--07--31 MovingFrameQueue Appended
INFO:root:2021-08-02-12--07--31 Anomally Video Output unsuccessful
INFO:root:2021-08-02-12--07--31 Colour Conversion Completed
INFO:root:2021-08-02-12--07--31 Sleep Check Completed
INFO:root:2021-08-02-12--07--31 Frame manipulations completed
INFO:root:2021-08-02-12--07--31 Bounding Box Drawn
INFO:root:2021-08-02-12--07--31 MovingFrameQueue Popped
INFO:root:2021-08-02-12--07--31 Anomally Video Output unsuccessful
INFO:root:2021-08-02-12--07--31 Colour Conversion Completed
INFO:root:2021-08-02-12--07--31 Sleep Check Completed
INFO:root:2021-08-02-12--07--31 Frame manipulations completed
INFO:root:2021-08-02-12--07--31 Bounding Box Drawn
INFO:root:2021-08-02-12--07--32 MovingFrameQueue Appended
INFO:root:2021-08-02-12--07--32 Anomally Video Output unsuccessful
INFO:root:2021-08-02-12--07--32 Colour Conversion Completed
INFO:root:2021-08-02-12--07--32 Sleep Check Completed
INFO:root:2021-08-02-12--07--32 Frame manipulations completed
INFO:root:2021-08-02-12--07--32 Bounding Box Drawn
INFO:root:2021-08-02-12--07--32 MovingFrameQueue Popped
INFO:root:2021-08-02-12--07--32 Anomally Video Output unsuccessful
INFO:root:2021-08-02-12--07--32 Colour Conversion Completed
INFO:root:2021-08-02-12--07--32 Sleep Check Completed
INFO:root:2021-08-02-12--07--32 Frame manipulations completed
INFO:root:2021-08-02-12--07--32 Bounding Box Drawn
INFO:root:2021-08-02-12--07--32 MovingFrameQueue Appended
INFO:root:2021-08-02-12--07--32 Anomally Video Output unsuccessful
INFO:root:2021-08-02-12--07--32 Colour Conversion Completed
INFO:root:2021-08-02-12--07--32 Sleep Check Completed
INFO:root:2021-08-02-12--07--32 Frame manipulations completed
INFO:root:2021-08-02-12--07--32 Bounding Box Drawn
INFO:root:2021-08-02-12--07--32 MovingFrameQueue Popped
INFO:root:2021-08-02-12--07--32 Anomally Video Output unsuccessful
INFO:root:2021-08-02-12--07--32 Colour Conversion Completed
INFO:root:2021-08-02-12--07--32 Sleep Check Completed
INFO:root:2021-08-02-12--07--32 Frame manipulations completed
INFO:root:2021-08-02-12--07--32 Bounding Box Drawn
INFO:root:2021-08-02-12--07--32 MovingFrameQueue Appended
INFO:root:2021-08-02-12--07--32 Anomally Video Output unsuccessful
INFO:root:2021-08-02-12--07--32 Colour Conversion Completed
INFO:root:2021-08-02-12--07--32 Sleep Check Completed
INFO:root:2021-08-02-12--07--32 Frame manipulations completed
INFO:root:2021-08-02-12--07--32 Bounding Box Drawn
INFO:root:2021-08-02-12--07--32[INFO] elapsed time: 25.31
INFO:root:2021-08-02-12--07--32[INFO] approx. FPS: 4.39
INFO:root:2021-08-02-12--07--33 Getting Auth Token Success
INFO:root:2021-08-02-12--07--33 BedTime Upload Completed
