INFO:root:2021-07-27-11--12--10 Parameter Generation Success
INFO:root:2021-07-27-11--12--10 Colour Conversion Completed
INFO:root:2021-07-27-11--12--10 Sleep Check Completed
INFO:root:2021-07-27-11--12--10 Frame manipulations completed
INFO:root:2021-07-27-11--12--10 Bounding Box Drawn
INFO:root:2021-07-27-11--12--16 MovingFrameQueue Appended
INFO:root:2021-07-27-11--12--16 anomallyFrameTracker resetted to 200
INFO:root:2021-07-27-11--12--16 Colour Conversion Completed
INFO:root:2021-07-27-11--12--16 Sleep Check Completed
INFO:root:2021-07-27-11--12--16 Frame manipulations completed
INFO:root:2021-07-27-11--12--16 Bounding Box Drawn
INFO:root:2021-07-27-11--12--16 MovingFrameQueue Appended
INFO:root:2021-07-27-11--12--16 anomallyFrameTracker resetted to 200
INFO:root:2021-07-27-11--12--16 Colour Conversion Completed
INFO:root:2021-07-27-11--12--16 Sleep Check Completed
INFO:root:2021-07-27-11--12--16 Frame manipulations completed
INFO:root:2021-07-27-11--12--16 Bounding Box Drawn
INFO:root:2021-07-27-11--12--16 MovingFrameQueue Appended
INFO:root:2021-07-27-11--12--16 anomallyFrameTracker resetted to 200
INFO:root:2021-07-27-11--12--16 Colour Conversion Completed
INFO:root:2021-07-27-11--12--16 Sleep Check Completed
INFO:root:2021-07-27-11--12--16 Frame manipulations completed
INFO:root:2021-07-27-11--12--16 Bounding Box Drawn
INFO:root:2021-07-27-11--12--16 MovingFrameQueue Appended
INFO:root:2021-07-27-11--12--16 anomallyFrameTracker resetted to 200
INFO:root:2021-07-27-11--12--16 Colour Conversion Completed
INFO:root:2021-07-27-11--12--16 Sleep Check Completed
INFO:root:2021-07-27-11--12--16 Frame manipulations completed
INFO:root:2021-07-27-11--12--16 Bounding Box Drawn
INFO:root:2021-07-27-11--12--16 MovingFrameQueue Appended
INFO:root:2021-07-27-11--12--16 anomallyFrameTracker resetted to 200
INFO:root:2021-07-27-11--12--16 Colour Conversion Completed
INFO:root:2021-07-27-11--12--16 Sleep Check Completed
INFO:root:2021-07-27-11--12--16 Frame manipulations completed
INFO:root:2021-07-27-11--12--16 Bounding Box Drawn
INFO:root:2021-07-27-11--12--16 MovingFrameQueue Appended
INFO:root:2021-07-27-11--12--16 anomallyFrameTracker resetted to 200
INFO:root:2021-07-27-11--12--16 Colour Conversion Completed
INFO:root:2021-07-27-11--12--16 Sleep Check Completed
INFO:root:2021-07-27-11--12--16 Frame manipulations completed
INFO:root:2021-07-27-11--12--16 Bounding Box Drawn
INFO:root:2021-07-27-11--12--16 MovingFrameQueue Appended
INFO:root:2021-07-27-11--12--16 anomallyFrameTracker resetted to 200
INFO:root:2021-07-27-11--12--16 Colour Conversion Completed
INFO:root:2021-07-27-11--12--16 Sleep Check Completed
INFO:root:2021-07-27-11--12--16 Frame manipulations completed
INFO:root:2021-07-27-11--12--16 Bounding Box Drawn
INFO:root:2021-07-27-11--12--17 MovingFrameQueue Appended
INFO:root:2021-07-27-11--12--17 anomallyFrameTracker resetted to 200
INFO:root:2021-07-27-11--12--17 Colour Conversion Completed
INFO:root:2021-07-27-11--12--17 Sleep Check Completed
INFO:root:2021-07-27-11--12--17 Frame manipulations completed
INFO:root:2021-07-27-11--12--17 Bounding Box Drawn
INFO:root:2021-07-27-11--12--18 MovingFrameQueue Appended
INFO:root:2021-07-27-11--12--18 anomallyFrameTracker resetted to 200
INFO:root:2021-07-27-11--12--18 Colour Conversion Completed
INFO:root:2021-07-27-11--12--18 Sleep Check Completed
INFO:root:2021-07-27-11--12--18 Frame manipulations completed
INFO:root:2021-07-27-11--12--18 Bounding Box Drawn
INFO:root:2021-07-27-11--12--19 MovingFrameQueue Appended
INFO:root:2021-07-27-11--12--19 anomallyFrameTracker resetted to 200
INFO:root:2021-07-27-11--12--19 Colour Conversion Completed
INFO:root:2021-07-27-11--12--19 Sleep Check Completed
INFO:root:2021-07-27-11--12--19 Frame manipulations completed
INFO:root:2021-07-27-11--12--19 Bounding Box Drawn
INFO:root:2021-07-27-11--12--21 MovingFrameQueue Appended
INFO:root:2021-07-27-11--12--21 anomallyFrameTracker resetted to 200
INFO:root:2021-07-27-11--12--21 Colour Conversion Completed
INFO:root:2021-07-27-11--12--21 Sleep Check Completed
INFO:root:2021-07-27-11--12--21 Frame manipulations completed
INFO:root:2021-07-27-11--12--21 Bounding Box Drawn
INFO:root:2021-07-27-11--12--21 MovingFrameQueue Appended
INFO:root:2021-07-27-11--12--21 anomallyFrameTracker resetted to 200
INFO:root:2021-07-27-11--12--21 Colour Conversion Completed
INFO:root:2021-07-27-11--12--21 Sleep Check Completed
INFO:root:2021-07-27-11--12--21 Frame manipulations completed
INFO:root:2021-07-27-11--12--21 Bounding Box Drawn
INFO:root:2021-07-27-11--12--21 MovingFrameQueue Appended
INFO:root:2021-07-27-11--12--21 anomallyFrameTracker resetted to 200
INFO:root:2021-07-27-11--12--21 Colour Conversion Completed
INFO:root:2021-07-27-11--12--21 Sleep Check Completed
INFO:root:2021-07-27-11--12--21 Frame manipulations completed
INFO:root:2021-07-27-11--12--21 Bounding Box Drawn
INFO:root:2021-07-27-11--12--21 MovingFrameQueue Appended
INFO:root:2021-07-27-11--12--21 anomallyFrameTracker resetted to 200
INFO:root:2021-07-27-11--12--21 Colour Conversion Completed
INFO:root:2021-07-27-11--12--21 Sleep Check Completed
INFO:root:2021-07-27-11--12--21 Frame manipulations completed
INFO:root:2021-07-27-11--12--21 Bounding Box Drawn
INFO:root:2021-07-27-11--12--21 MovingFrameQueue Appended
INFO:root:2021-07-27-11--12--21 anomallyFrameTracker resetted to 200
INFO:root:2021-07-27-11--12--21 Colour Conversion Completed
INFO:root:2021-07-27-11--12--21 Sleep Check Completed
INFO:root:2021-07-27-11--12--21 Frame manipulations completed
INFO:root:2021-07-27-11--12--21 Bounding Box Drawn
INFO:root:2021-07-27-11--12--21 MovingFrameQueue Appended
INFO:root:2021-07-27-11--12--21 anomallyFrameTracker resetted to 200
INFO:root:2021-07-27-11--12--21 Colour Conversion Completed
INFO:root:2021-07-27-11--12--21 Sleep Check Completed
INFO:root:2021-07-27-11--12--21 Frame manipulations completed
INFO:root:2021-07-27-11--12--21 Bounding Box Drawn
INFO:root:2021-07-27-11--12--21 MovingFrameQueue Appended
INFO:root:2021-07-27-11--12--21 anomallyFrameTracker resetted to 200
INFO:root:2021-07-27-11--12--21 Colour Conversion Completed
INFO:root:2021-07-27-11--12--22 Sleep Check Completed
INFO:root:2021-07-27-11--12--22 Frame manipulations completed
INFO:root:2021-07-27-11--12--22 Bounding Box Drawn
INFO:root:2021-07-27-11--12--22 MovingFrameQueue Appended
INFO:root:2021-07-27-11--12--22 anomallyFrameTracker resetted to 200
INFO:root:2021-07-27-11--12--22 Colour Conversion Completed
INFO:root:2021-07-27-11--12--22 Sleep Check Completed
INFO:root:2021-07-27-11--12--22 Frame manipulations completed
INFO:root:2021-07-27-11--12--22 Bounding Box Drawn
INFO:root:2021-07-27-11--12--22 MovingFrameQueue Appended
INFO:root:2021-07-27-11--12--22 anomallyFrameTracker resetted to 200
INFO:root:2021-07-27-11--12--22 Colour Conversion Completed
INFO:root:2021-07-27-11--12--22 Sleep Check Completed
INFO:root:2021-07-27-11--12--22 Frame manipulations completed
INFO:root:2021-07-27-11--12--22 Bounding Box Drawn
INFO:root:2021-07-27-11--12--22 MovingFrameQueue Appended
INFO:root:2021-07-27-11--12--22 anomallyFrameTracker resetted to 200
INFO:root:2021-07-27-11--12--22 Colour Conversion Completed
INFO:root:2021-07-27-11--12--22 Sleep Check Completed
INFO:root:2021-07-27-11--12--22 Frame manipulations completed
INFO:root:2021-07-27-11--12--22 Bounding Box Drawn
INFO:root:2021-07-27-11--12--22 MovingFrameQueue Appended
INFO:root:2021-07-27-11--12--22 anomallyFrameTracker resetted to 200
INFO:root:2021-07-27-11--12--22 Colour Conversion Completed
INFO:root:2021-07-27-11--12--22 Sleep Check Completed
INFO:root:2021-07-27-11--12--22 Frame manipulations completed
INFO:root:2021-07-27-11--12--22 Bounding Box Drawn
INFO:root:2021-07-27-11--12--22 MovingFrameQueue Appended
INFO:root:2021-07-27-11--12--22 anomallyFrameTracker resetted to 200
INFO:root:2021-07-27-11--12--22 Colour Conversion Completed
INFO:root:2021-07-27-11--12--22 Sleep Check Completed
INFO:root:2021-07-27-11--12--22 Frame manipulations completed
INFO:root:2021-07-27-11--12--22 Bounding Box Drawn
INFO:root:2021-07-27-11--12--22 MovingFrameQueue Appended
INFO:root:2021-07-27-11--12--22 anomallyFrameTracker resetted to 200
INFO:root:2021-07-27-11--12--22 Colour Conversion Completed
INFO:root:2021-07-27-11--12--22 Sleep Check Completed
INFO:root:2021-07-27-11--12--22 Frame manipulations completed
INFO:root:2021-07-27-11--12--22 Bounding Box Drawn
INFO:root:2021-07-27-11--12--22 MovingFrameQueue Appended
INFO:root:2021-07-27-11--12--22 anomallyFrameTracker resetted to 200
INFO:root:2021-07-27-11--12--22 Colour Conversion Completed
INFO:root:2021-07-27-11--12--22 Sleep Check Completed
INFO:root:2021-07-27-11--12--22 Frame manipulations completed
INFO:root:2021-07-27-11--12--22 Bounding Box Drawn
INFO:root:2021-07-27-11--12--22 MovingFrameQueue Appended
INFO:root:2021-07-27-11--12--22 anomallyFrameTracker resetted to 200
INFO:root:2021-07-27-11--12--22 Colour Conversion Completed
INFO:root:2021-07-27-11--12--22 Sleep Check Completed
INFO:root:2021-07-27-11--12--22 Frame manipulations completed
INFO:root:2021-07-27-11--12--22 Bounding Box Drawn
INFO:root:2021-07-27-11--12--22 MovingFrameQueue Appended
INFO:root:2021-07-27-11--12--22 anomallyFrameTracker resetted to 200
INFO:root:2021-07-27-11--12--23 Colour Conversion Completed
INFO:root:2021-07-27-11--12--23 Sleep Check Completed
INFO:root:2021-07-27-11--12--23 Frame manipulations completed
INFO:root:2021-07-27-11--12--23 Bounding Box Drawn
INFO:root:2021-07-27-11--12--23 MovingFrameQueue Appended
INFO:root:2021-07-27-11--12--23 anomallyFrameTracker resetted to 200
INFO:root:2021-07-27-11--12--23 Colour Conversion Completed
INFO:root:2021-07-27-11--12--23 Sleep Check Completed
INFO:root:2021-07-27-11--12--23 Frame manipulations completed
INFO:root:2021-07-27-11--12--23 Bounding Box Drawn
INFO:root:2021-07-27-11--12--23 MovingFrameQueue Appended
INFO:root:2021-07-27-11--12--23 anomallyFrameTracker resetted to 200
INFO:root:2021-07-27-11--12--23 Colour Conversion Completed
INFO:root:2021-07-27-11--12--23 Sleep Check Completed
INFO:root:2021-07-27-11--12--23 Frame manipulations completed
INFO:root:2021-07-27-11--12--23 Bounding Box Drawn
INFO:root:2021-07-27-11--12--23 MovingFrameQueue Appended
INFO:root:2021-07-27-11--12--23 anomallyFrameTracker resetted to 200
INFO:root:2021-07-27-11--12--23 Colour Conversion Completed
INFO:root:2021-07-27-11--12--23 Sleep Check Completed
INFO:root:2021-07-27-11--12--23 Frame manipulations completed
INFO:root:2021-07-27-11--12--23 Bounding Box Drawn
INFO:root:2021-07-27-11--12--23 MovingFrameQueue Appended
INFO:root:2021-07-27-11--12--23 anomallyFrameTracker resetted to 200
INFO:root:2021-07-27-11--12--23 Colour Conversion Completed
INFO:root:2021-07-27-11--12--23 Sleep Check Completed
INFO:root:2021-07-27-11--12--23 Frame manipulations completed
INFO:root:2021-07-27-11--12--23 Bounding Box Drawn
INFO:root:2021-07-27-11--12--23 MovingFrameQueue Appended
INFO:root:2021-07-27-11--12--23 anomallyFrameTracker resetted to 200
INFO:root:2021-07-27-11--12--23 Colour Conversion Completed
INFO:root:2021-07-27-11--12--23 Sleep Check Completed
INFO:root:2021-07-27-11--12--23 Frame manipulations completed
INFO:root:2021-07-27-11--12--23 Bounding Box Drawn
INFO:root:2021-07-27-11--12--23 MovingFrameQueue Appended
INFO:root:2021-07-27-11--12--23 anomallyFrameTracker resetted to 200
INFO:root:2021-07-27-11--12--23 Colour Conversion Completed
INFO:root:2021-07-27-11--12--23 Sleep Check Completed
INFO:root:2021-07-27-11--12--23 Frame manipulations completed
INFO:root:2021-07-27-11--12--23 Bounding Box Drawn
INFO:root:2021-07-27-11--12--23 MovingFrameQueue Appended
INFO:root:2021-07-27-11--12--23 anomallyFrameTracker resetted to 200
INFO:root:2021-07-27-11--12--23 Colour Conversion Completed
INFO:root:2021-07-27-11--12--23 Sleep Check Completed
INFO:root:2021-07-27-11--12--23 Frame manipulations completed
INFO:root:2021-07-27-11--12--23 Bounding Box Drawn
INFO:root:2021-07-27-11--12--23 MovingFrameQueue Appended
INFO:root:2021-07-27-11--12--23 anomallyFrameTracker resetted to 200
INFO:root:2021-07-27-11--12--23 Colour Conversion Completed
INFO:root:2021-07-27-11--12--23 Sleep Check Completed
INFO:root:2021-07-27-11--12--23 Frame manipulations completed
INFO:root:2021-07-27-11--12--23 Bounding Box Drawn
INFO:root:2021-07-27-11--12--23 MovingFrameQueue Appended
INFO:root:2021-07-27-11--12--23 anomallyFrameTracker resetted to 200
INFO:root:2021-07-27-11--12--24 Colour Conversion Completed
INFO:root:2021-07-27-11--12--24 Sleep Check Completed
INFO:root:2021-07-27-11--12--24 Frame manipulations completed
INFO:root:2021-07-27-11--12--24 Bounding Box Drawn
INFO:root:2021-07-27-11--12--24 MovingFrameQueue Appended
INFO:root:2021-07-27-11--12--24 anomallyFrameTracker resetted to 200
INFO:root:2021-07-27-11--12--24 Colour Conversion Completed
INFO:root:2021-07-27-11--12--24 Sleep Check Completed
INFO:root:2021-07-27-11--12--24 Frame manipulations completed
INFO:root:2021-07-27-11--12--24 Bounding Box Drawn
INFO:root:2021-07-27-11--12--24 MovingFrameQueue Appended
INFO:root:2021-07-27-11--12--24 anomallyFrameTracker resetted to 200
INFO:root:2021-07-27-11--12--24 Colour Conversion Completed
INFO:root:2021-07-27-11--12--24 Sleep Check Completed
INFO:root:2021-07-27-11--12--24 Frame manipulations completed
INFO:root:2021-07-27-11--12--24 Bounding Box Drawn
INFO:root:2021-07-27-11--12--24 MovingFrameQueue Appended
INFO:root:2021-07-27-11--12--24 anomallyFrameTracker resetted to 200
INFO:root:2021-07-27-11--12--24 Colour Conversion Completed
INFO:root:2021-07-27-11--12--24 Sleep Check Completed
INFO:root:2021-07-27-11--12--24 Frame manipulations completed
INFO:root:2021-07-27-11--12--24 Bounding Box Drawn
INFO:root:2021-07-27-11--12--24 MovingFrameQueue Appended
INFO:root:2021-07-27-11--12--24 anomallyFrameTracker resetted to 200
INFO:root:2021-07-27-11--12--24 Colour Conversion Completed
INFO:root:2021-07-27-11--12--24 Sleep Check Completed
INFO:root:2021-07-27-11--12--24 Frame manipulations completed
INFO:root:2021-07-27-11--12--24 Bounding Box Drawn
INFO:root:2021-07-27-11--12--24 MovingFrameQueue Appended
INFO:root:2021-07-27-11--12--24 anomallyFrameTracker resetted to 200
INFO:root:2021-07-27-11--12--24 Colour Conversion Completed
INFO:root:2021-07-27-11--12--24 Sleep Check Completed
INFO:root:2021-07-27-11--12--24 Frame manipulations completed
INFO:root:2021-07-27-11--12--24 Bounding Box Drawn
INFO:root:2021-07-27-11--12--24 MovingFrameQueue Appended
INFO:root:2021-07-27-11--12--24 anomallyFrameTracker resetted to 200
INFO:root:2021-07-27-11--12--24 Colour Conversion Completed
INFO:root:2021-07-27-11--12--24 Sleep Check Completed
INFO:root:2021-07-27-11--12--24 Frame manipulations completed
INFO:root:2021-07-27-11--12--24 Bounding Box Drawn
INFO:root:2021-07-27-11--12--24 MovingFrameQueue Appended
INFO:root:2021-07-27-11--12--24 anomallyFrameTracker resetted to 200
INFO:root:2021-07-27-11--12--24 Colour Conversion Completed
INFO:root:2021-07-27-11--12--24 Sleep Check Completed
INFO:root:2021-07-27-11--12--24 Frame manipulations completed
INFO:root:2021-07-27-11--12--24 Bounding Box Drawn
INFO:root:2021-07-27-11--12--24 MovingFrameQueue Appended
INFO:root:2021-07-27-11--12--24 anomallyFrameTracker resetted to 200
INFO:root:2021-07-27-11--12--24 Colour Conversion Completed
INFO:root:2021-07-27-11--12--24 Sleep Check Completed
INFO:root:2021-07-27-11--12--24 Frame manipulations completed
INFO:root:2021-07-27-11--12--24 Bounding Box Drawn
INFO:root:2021-07-27-11--12--25 MovingFrameQueue Appended
INFO:root:2021-07-27-11--12--25 anomallyFrameTracker resetted to 200
INFO:root:2021-07-27-11--12--25 Colour Conversion Completed
INFO:root:2021-07-27-11--12--25 Sleep Check Completed
INFO:root:2021-07-27-11--12--25 Frame manipulations completed
INFO:root:2021-07-27-11--12--25 Bounding Box Drawn
INFO:root:2021-07-27-11--12--25 MovingFrameQueue Appended
INFO:root:2021-07-27-11--12--25 anomallyFrameTracker resetted to 200
INFO:root:2021-07-27-11--12--25 Colour Conversion Completed
INFO:root:2021-07-27-11--12--25 Sleep Check Completed
INFO:root:2021-07-27-11--12--25 Frame manipulations completed
INFO:root:2021-07-27-11--12--25 Bounding Box Drawn
INFO:root:2021-07-27-11--12--25 MovingFrameQueue Appended
INFO:root:2021-07-27-11--12--25 anomallyFrameTracker resetted to 200
INFO:root:2021-07-27-11--12--25 Colour Conversion Completed
INFO:root:2021-07-27-11--12--25 Sleep Check Completed
INFO:root:2021-07-27-11--12--25 Frame manipulations completed
INFO:root:2021-07-27-11--12--25 Bounding Box Drawn
INFO:root:2021-07-27-11--12--25 MovingFrameQueue Appended
INFO:root:2021-07-27-11--12--25 anomallyFrameTracker resetted to 200
INFO:root:2021-07-27-11--12--25 Colour Conversion Completed
INFO:root:2021-07-27-11--12--25 Sleep Check Completed
INFO:root:2021-07-27-11--12--25 Frame manipulations completed
INFO:root:2021-07-27-11--12--25 Bounding Box Drawn
INFO:root:2021-07-27-11--12--25 MovingFrameQueue Appended
INFO:root:2021-07-27-11--12--25 anomallyFrameTracker resetted to 200
INFO:root:2021-07-27-11--12--25 Colour Conversion Completed
INFO:root:2021-07-27-11--12--25 Sleep Check Completed
INFO:root:2021-07-27-11--12--25 Frame manipulations completed
INFO:root:2021-07-27-11--12--25 Bounding Box Drawn
INFO:root:2021-07-27-11--12--26 MovingFrameQueue Appended
INFO:root:2021-07-27-11--12--26 anomallyFrameTracker resetted to 200
INFO:root:2021-07-27-11--12--26 Colour Conversion Completed
INFO:root:2021-07-27-11--12--26 Sleep Check Completed
INFO:root:2021-07-27-11--12--26 Frame manipulations completed
INFO:root:2021-07-27-11--12--26 Bounding Box Drawn
INFO:root:2021-07-27-11--12--27 MovingFrameQueue Appended
INFO:root:2021-07-27-11--12--27 anomallyFrameTracker resetted to 200
INFO:root:2021-07-27-11--12--27 Colour Conversion Completed
INFO:root:2021-07-27-11--12--27 Sleep Check Completed
INFO:root:2021-07-27-11--12--27 Frame manipulations completed
INFO:root:2021-07-27-11--12--27 Bounding Box Drawn
INFO:root:2021-07-27-11--12--27 MovingFrameQueue Appended
INFO:root:2021-07-27-11--12--27 anomallyFrameTracker resetted to 200
INFO:root:2021-07-27-11--12--27 Colour Conversion Completed
INFO:root:2021-07-27-11--12--27 Sleep Check Completed
INFO:root:2021-07-27-11--12--27 Frame manipulations completed
INFO:root:2021-07-27-11--12--27 Bounding Box Drawn
INFO:root:2021-07-27-11--12--28 MovingFrameQueue Popped
INFO:root:2021-07-27-11--12--28 anomallyFrameTracker resetted to 200
INFO:root:2021-07-27-11--12--28 Colour Conversion Completed
INFO:root:2021-07-27-11--12--28 Sleep Check Completed
INFO:root:2021-07-27-11--12--28 Frame manipulations completed
INFO:root:2021-07-27-11--12--28 Bounding Box Drawn
INFO:root:2021-07-27-11--12--28 MovingFrameQueue Appended
INFO:root:2021-07-27-11--12--28 anomallyFrameTracker resetted to 200
INFO:root:2021-07-27-11--12--28 Colour Conversion Completed
INFO:root:2021-07-27-11--12--28 Sleep Check Completed
INFO:root:2021-07-27-11--12--28 Frame manipulations completed
INFO:root:2021-07-27-11--12--28 Bounding Box Drawn
INFO:root:2021-07-27-11--12--29 MovingFrameQueue Popped
INFO:root:2021-07-27-11--12--29 anomallyFrameTracker resetted to 200
INFO:root:2021-07-27-11--12--29 Colour Conversion Completed
INFO:root:2021-07-27-11--12--29 Sleep Check Completed
INFO:root:2021-07-27-11--12--29 Frame manipulations completed
INFO:root:2021-07-27-11--12--29 Bounding Box Drawn
INFO:root:2021-07-27-11--12--30 MovingFrameQueue Appended
INFO:root:2021-07-27-11--12--30 anomallyFrameTracker resetted to 200
INFO:root:2021-07-27-11--12--30 Colour Conversion Completed
INFO:root:2021-07-27-11--12--30 Sleep Check Completed
INFO:root:2021-07-27-11--12--30 Frame manipulations completed
INFO:root:2021-07-27-11--12--30 Bounding Box Drawn
INFO:root:2021-07-27-11--12--30 MovingFrameQueue Popped
INFO:root:2021-07-27-11--12--30 anomallyFrameTracker resetted to 200
INFO:root:2021-07-27-11--12--30 Colour Conversion Completed
INFO:root:2021-07-27-11--12--30 Sleep Check Completed
INFO:root:2021-07-27-11--12--30 Frame manipulations completed
INFO:root:2021-07-27-11--12--30 Bounding Box Drawn
INFO:root:2021-07-27-11--12--31 MovingFrameQueue Appended
INFO:root:2021-07-27-11--12--31 anomallyFrameTracker resetted to 200
INFO:root:2021-07-27-11--12--31 Colour Conversion Completed
INFO:root:2021-07-27-11--12--31 Sleep Check Completed
INFO:root:2021-07-27-11--12--31 Frame manipulations completed
INFO:root:2021-07-27-11--12--31 Bounding Box Drawn
INFO:root:2021-07-27-11--12--31 MovingFrameQueue Popped
INFO:root:2021-07-27-11--12--31 anomallyFrameTracker resetted to 200
INFO:root:2021-07-27-11--12--31 Colour Conversion Completed
INFO:root:2021-07-27-11--12--31 Sleep Check Completed
INFO:root:2021-07-27-11--12--31 Frame manipulations completed
INFO:root:2021-07-27-11--12--31 Bounding Box Drawn
INFO:root:2021-07-27-11--12--32 MovingFrameQueue Appended
INFO:root:2021-07-27-11--12--32 anomallyFrameTracker resetted to 200
INFO:root:2021-07-27-11--12--32 Colour Conversion Completed
INFO:root:2021-07-27-11--12--32 Sleep Check Completed
INFO:root:2021-07-27-11--12--32 Frame manipulations completed
INFO:root:2021-07-27-11--12--32 Bounding Box Drawn
INFO:root:2021-07-27-11--12--32 MovingFrameQueue Popped
INFO:root:2021-07-27-11--12--32 anomallyFrameTracker resetted to 200
INFO:root:2021-07-27-11--12--32 Colour Conversion Completed
INFO:root:2021-07-27-11--12--32 Sleep Check Completed
INFO:root:2021-07-27-11--12--32 Frame manipulations completed
INFO:root:2021-07-27-11--12--32 Bounding Box Drawn
INFO:root:2021-07-27-11--12--33 MovingFrameQueue Appended
INFO:root:2021-07-27-11--12--33 anomallyFrameTracker resetted to 200
INFO:root:2021-07-27-11--12--33 Colour Conversion Completed
INFO:root:2021-07-27-11--12--33 Sleep Check Completed
INFO:root:2021-07-27-11--12--33 Frame manipulations completed
INFO:root:2021-07-27-11--12--33 Bounding Box Drawn
INFO:root:2021-07-27-11--12--33 MovingFrameQueue Popped
INFO:root:2021-07-27-11--12--33 anomallyFrameTracker resetted to 200
INFO:root:2021-07-27-11--12--33 Colour Conversion Completed
INFO:root:2021-07-27-11--12--33 Sleep Check Completed
INFO:root:2021-07-27-11--12--33 Frame manipulations completed
INFO:root:2021-07-27-11--12--33 Bounding Box Drawn
INFO:root:2021-07-27-11--12--34 MovingFrameQueue Appended
INFO:root:2021-07-27-11--12--34 anomallyFrameTracker resetted to 200
INFO:root:2021-07-27-11--12--34 Colour Conversion Completed
INFO:root:2021-07-27-11--12--34 Sleep Check Completed
INFO:root:2021-07-27-11--12--34 Frame manipulations completed
INFO:root:2021-07-27-11--12--34 Bounding Box Drawn
INFO:root:2021-07-27-11--12--34 MovingFrameQueue Popped
INFO:root:2021-07-27-11--12--34 anomallyFrameTracker resetted to 200
INFO:root:2021-07-27-11--12--34 Colour Conversion Completed
INFO:root:2021-07-27-11--12--34 Sleep Check Completed
INFO:root:2021-07-27-11--12--34 Frame manipulations completed
INFO:root:2021-07-27-11--12--34 Bounding Box Drawn
INFO:root:2021-07-27-11--12--35 MovingFrameQueue Appended
INFO:root:2021-07-27-11--12--35 anomallyFrameTracker resetted to 200
INFO:root:2021-07-27-11--12--35 Colour Conversion Completed
INFO:root:2021-07-27-11--12--35 Sleep Check Completed
INFO:root:2021-07-27-11--12--35 Frame manipulations completed
INFO:root:2021-07-27-11--12--35 Bounding Box Drawn
INFO:root:2021-07-27-11--12--36 MovingFrameQueue Popped
INFO:root:2021-07-27-11--12--36 anomallyFrameTracker resetted to 200
INFO:root:2021-07-27-11--12--36 Colour Conversion Completed
INFO:root:2021-07-27-11--12--36 Sleep Check Completed
INFO:root:2021-07-27-11--12--36 Frame manipulations completed
INFO:root:2021-07-27-11--12--36 Bounding Box Drawn
INFO:root:2021-07-27-11--12--36 MovingFrameQueue Appended
INFO:root:2021-07-27-11--12--36 anomallyFrameTracker resetted to 200
INFO:root:2021-07-27-11--12--36 Colour Conversion Completed
INFO:root:2021-07-27-11--12--36 Sleep Check Completed
INFO:root:2021-07-27-11--12--36 Frame manipulations completed
INFO:root:2021-07-27-11--12--36 Bounding Box Drawn
INFO:root:2021-07-27-11--12--37 MovingFrameQueue Popped
INFO:root:2021-07-27-11--12--37 anomallyFrameTracker resetted to 200
INFO:root:2021-07-27-11--12--37 Colour Conversion Completed
INFO:root:2021-07-27-11--12--37 Sleep Check Completed
INFO:root:2021-07-27-11--12--37 Frame manipulations completed
INFO:root:2021-07-27-11--12--37 Bounding Box Drawn
INFO:root:2021-07-27-11--12--37 MovingFrameQueue Appended
INFO:root:2021-07-27-11--12--37 anomallyFrameTracker resetted to 200
INFO:root:2021-07-27-11--12--37 Colour Conversion Completed
INFO:root:2021-07-27-11--12--37 Sleep Check Completed
INFO:root:2021-07-27-11--12--37 Frame manipulations completed
INFO:root:2021-07-27-11--12--37 Bounding Box Drawn
INFO:root:2021-07-27-11--12--38 MovingFrameQueue Popped
INFO:root:2021-07-27-11--12--38 anomallyFrameTracker resetted to 200
INFO:root:2021-07-27-11--12--38 Colour Conversion Completed
INFO:root:2021-07-27-11--12--38 Sleep Check Completed
INFO:root:2021-07-27-11--12--38 Frame manipulations completed
INFO:root:2021-07-27-11--12--38 Bounding Box Drawn
INFO:root:2021-07-27-11--12--38 MovingFrameQueue Appended
INFO:root:2021-07-27-11--12--38 anomallyFrameTracker resetted to 200
INFO:root:2021-07-27-11--12--38 Colour Conversion Completed
INFO:root:2021-07-27-11--12--38 Sleep Check Completed
INFO:root:2021-07-27-11--12--38 Frame manipulations completed
INFO:root:2021-07-27-11--12--38 Bounding Box Drawn
INFO:root:2021-07-27-11--12--39 MovingFrameQueue Popped
INFO:root:2021-07-27-11--12--39 anomallyFrameTracker resetted to 200
INFO:root:2021-07-27-11--12--39 Colour Conversion Completed
INFO:root:2021-07-27-11--12--39 Sleep Check Completed
INFO:root:2021-07-27-11--12--39 Frame manipulations completed
INFO:root:2021-07-27-11--12--39 Bounding Box Drawn
INFO:root:2021-07-27-11--12--40 MovingFrameQueue Appended
INFO:root:2021-07-27-11--12--40 anomallyFrameTracker resetted to 200
INFO:root:2021-07-27-11--12--40 Colour Conversion Completed
INFO:root:2021-07-27-11--12--40 Sleep Check Completed
INFO:root:2021-07-27-11--12--40 Frame manipulations completed
INFO:root:2021-07-27-11--12--40 Bounding Box Drawn
INFO:root:2021-07-27-11--12--40[INFO] elapsed time: 29.83
INFO:root:2021-07-27-11--12--40[INFO] approx. FPS: 2.45
INFO:root:2021-07-27-11--12--40 Getting Auth Token Success
INFO:root:2021-07-27-11--12--40 BedTime Upload Completed
