INFO:root:2021-07-21-10--30--21 Parameter Generation Success
INFO:root:2021-07-21-10--30--21 Colour Conversion Completed
INFO:root:2021-07-21-10--30--21 Sleep Check Completed
INFO:root:2021-07-21-10--30--21 Frame manipulations completed
INFO:root:2021-07-21-10--30--21 Bounding Box Drawn
INFO:root:2021-07-21-10--30--26 MovingFrameQueue Appended
INFO:root:2021-07-21-10--30--26 anomallyFrameTracker resetted to 200
INFO:root:2021-07-21-10--30--26 Colour Conversion Completed
INFO:root:2021-07-21-10--30--26 Sleep Check Completed
INFO:root:2021-07-21-10--30--26 Frame manipulations completed
INFO:root:2021-07-21-10--30--26 Bounding Box Drawn
INFO:root:2021-07-21-10--30--26 MovingFrameQueue Appended
INFO:root:2021-07-21-10--30--26 anomallyFrameTracker resetted to 200
INFO:root:2021-07-21-10--30--27 Colour Conversion Completed
INFO:root:2021-07-21-10--30--27 Sleep Check Completed
INFO:root:2021-07-21-10--30--27 Frame manipulations completed
INFO:root:2021-07-21-10--30--27 Bounding Box Drawn
INFO:root:2021-07-21-10--30--27 MovingFrameQueue Appended
INFO:root:2021-07-21-10--30--27 anomallyFrameTracker resetted to 200
INFO:root:2021-07-21-10--30--27 Colour Conversion Completed
INFO:root:2021-07-21-10--30--27 Sleep Check Completed
INFO:root:2021-07-21-10--30--27 Frame manipulations completed
INFO:root:2021-07-21-10--30--27 Bounding Box Drawn
INFO:root:2021-07-21-10--30--27 MovingFrameQueue Appended
INFO:root:2021-07-21-10--30--27 anomallyFrameTracker resetted to 200
INFO:root:2021-07-21-10--30--27 Colour Conversion Completed
INFO:root:2021-07-21-10--30--27 Sleep Check Completed
INFO:root:2021-07-21-10--30--27 Frame manipulations completed
INFO:root:2021-07-21-10--30--27 Bounding Box Drawn
INFO:root:2021-07-21-10--30--27 MovingFrameQueue Appended
INFO:root:2021-07-21-10--30--27 anomallyFrameTracker resetted to 200
INFO:root:2021-07-21-10--30--27 Colour Conversion Completed
INFO:root:2021-07-21-10--30--27 Sleep Check Completed
INFO:root:2021-07-21-10--30--27 Frame manipulations completed
INFO:root:2021-07-21-10--30--27 Bounding Box Drawn
INFO:root:2021-07-21-10--30--27 MovingFrameQueue Appended
INFO:root:2021-07-21-10--30--27 anomallyFrameTracker resetted to 200
INFO:root:2021-07-21-10--30--27 Colour Conversion Completed
INFO:root:2021-07-21-10--30--27 Sleep Check Completed
INFO:root:2021-07-21-10--30--27 Frame manipulations completed
INFO:root:2021-07-21-10--30--27 Bounding Box Drawn
INFO:root:2021-07-21-10--30--27 MovingFrameQueue Appended
INFO:root:2021-07-21-10--30--27 anomallyFrameTracker resetted to 200
INFO:root:2021-07-21-10--30--27 Colour Conversion Completed
INFO:root:2021-07-21-10--30--27 Sleep Check Completed
INFO:root:2021-07-21-10--30--27 Frame manipulations completed
INFO:root:2021-07-21-10--30--27 Bounding Box Drawn
INFO:root:2021-07-21-10--30--27 MovingFrameQueue Appended
INFO:root:2021-07-21-10--30--27 anomallyFrameTracker resetted to 200
INFO:root:2021-07-21-10--30--27 Colour Conversion Completed
INFO:root:2021-07-21-10--30--27 Sleep Check Completed
INFO:root:2021-07-21-10--30--27 Frame manipulations completed
INFO:root:2021-07-21-10--30--27 Bounding Box Drawn
INFO:root:2021-07-21-10--30--28 MovingFrameQueue Appended
INFO:root:2021-07-21-10--30--28 anomallyFrameTracker resetted to 200
INFO:root:2021-07-21-10--30--28 Colour Conversion Completed
INFO:root:2021-07-21-10--30--28 Sleep Check Completed
INFO:root:2021-07-21-10--30--28 Frame manipulations completed
INFO:root:2021-07-21-10--30--28 Bounding Box Drawn
INFO:root:2021-07-21-10--30--28 MovingFrameQueue Appended
INFO:root:2021-07-21-10--30--28 anomallyFrameTracker resetted to 200
INFO:root:2021-07-21-10--30--28 Colour Conversion Completed
INFO:root:2021-07-21-10--30--28 Sleep Check Completed
INFO:root:2021-07-21-10--30--28 Frame manipulations completed
INFO:root:2021-07-21-10--30--28 Bounding Box Drawn
INFO:root:2021-07-21-10--30--28 MovingFrameQueue Appended
INFO:root:2021-07-21-10--30--28 anomallyFrameTracker resetted to 200
INFO:root:2021-07-21-10--30--28 Colour Conversion Completed
INFO:root:2021-07-21-10--30--28 Sleep Check Completed
INFO:root:2021-07-21-10--30--28 Frame manipulations completed
INFO:root:2021-07-21-10--30--28 Bounding Box Drawn
INFO:root:2021-07-21-10--30--28 MovingFrameQueue Appended
INFO:root:2021-07-21-10--30--28 anomallyFrameTracker resetted to 200
INFO:root:2021-07-21-10--30--28 Colour Conversion Completed
INFO:root:2021-07-21-10--30--28 Sleep Check Completed
INFO:root:2021-07-21-10--30--28 Frame manipulations completed
INFO:root:2021-07-21-10--30--28 Bounding Box Drawn
INFO:root:2021-07-21-10--30--28 MovingFrameQueue Appended
INFO:root:2021-07-21-10--30--28 anomallyFrameTracker resetted to 200
INFO:root:2021-07-21-10--30--28 Colour Conversion Completed
INFO:root:2021-07-21-10--30--28 Sleep Check Completed
INFO:root:2021-07-21-10--30--28 Frame manipulations completed
INFO:root:2021-07-21-10--30--28 Bounding Box Drawn
INFO:root:2021-07-21-10--30--28 MovingFrameQueue Appended
INFO:root:2021-07-21-10--30--28 anomallyFrameTracker resetted to 200
INFO:root:2021-07-21-10--30--28 Colour Conversion Completed
INFO:root:2021-07-21-10--30--28 Sleep Check Completed
INFO:root:2021-07-21-10--30--28 Frame manipulations completed
INFO:root:2021-07-21-10--30--28 Bounding Box Drawn
INFO:root:2021-07-21-10--30--28 MovingFrameQueue Appended
INFO:root:2021-07-21-10--30--28 anomallyFrameTracker resetted to 200
INFO:root:2021-07-21-10--30--28 Colour Conversion Completed
INFO:root:2021-07-21-10--30--28 Sleep Check Completed
INFO:root:2021-07-21-10--30--28 Frame manipulations completed
INFO:root:2021-07-21-10--30--29 Bounding Box Drawn
INFO:root:2021-07-21-10--30--29 MovingFrameQueue Appended
INFO:root:2021-07-21-10--30--29 anomallyFrameTracker resetted to 200
INFO:root:2021-07-21-10--30--29 Colour Conversion Completed
INFO:root:2021-07-21-10--30--29 Sleep Check Completed
INFO:root:2021-07-21-10--30--29 Frame manipulations completed
INFO:root:2021-07-21-10--30--29 Bounding Box Drawn
INFO:root:2021-07-21-10--30--29 MovingFrameQueue Appended
INFO:root:2021-07-21-10--30--29 anomallyFrameTracker resetted to 200
INFO:root:2021-07-21-10--30--29 Colour Conversion Completed
INFO:root:2021-07-21-10--30--29 Sleep Check Completed
INFO:root:2021-07-21-10--30--29 Frame manipulations completed
INFO:root:2021-07-21-10--30--29 Bounding Box Drawn
INFO:root:2021-07-21-10--30--29 MovingFrameQueue Appended
INFO:root:2021-07-21-10--30--29 anomallyFrameTracker resetted to 200
INFO:root:2021-07-21-10--30--29 Colour Conversion Completed
INFO:root:2021-07-21-10--30--29 Sleep Check Completed
INFO:root:2021-07-21-10--30--29 Frame manipulations completed
INFO:root:2021-07-21-10--30--29 Bounding Box Drawn
INFO:root:2021-07-21-10--30--29 MovingFrameQueue Appended
INFO:root:2021-07-21-10--30--29 anomallyFrameTracker resetted to 200
INFO:root:2021-07-21-10--30--29 Colour Conversion Completed
INFO:root:2021-07-21-10--30--29 Sleep Check Completed
INFO:root:2021-07-21-10--30--29 Frame manipulations completed
INFO:root:2021-07-21-10--30--29 Bounding Box Drawn
INFO:root:2021-07-21-10--30--29 MovingFrameQueue Appended
INFO:root:2021-07-21-10--30--29 anomallyFrameTracker resetted to 200
INFO:root:2021-07-21-10--30--29 Colour Conversion Completed
INFO:root:2021-07-21-10--30--29 Sleep Check Completed
INFO:root:2021-07-21-10--30--29 Frame manipulations completed
INFO:root:2021-07-21-10--30--29 Bounding Box Drawn
INFO:root:2021-07-21-10--30--29 MovingFrameQueue Appended
INFO:root:2021-07-21-10--30--29 anomallyFrameTracker resetted to 200
INFO:root:2021-07-21-10--30--29 Colour Conversion Completed
INFO:root:2021-07-21-10--30--29 Sleep Check Completed
INFO:root:2021-07-21-10--30--29 Frame manipulations completed
INFO:root:2021-07-21-10--30--29 Bounding Box Drawn
INFO:root:2021-07-21-10--30--31 MovingFrameQueue Appended
INFO:root:2021-07-21-10--30--31 anomallyFrameTracker resetted to 200
INFO:root:2021-07-21-10--30--31 Colour Conversion Completed
INFO:root:2021-07-21-10--30--31 Sleep Check Completed
INFO:root:2021-07-21-10--30--31 Frame manipulations completed
INFO:root:2021-07-21-10--30--31 Bounding Box Drawn
INFO:root:2021-07-21-10--30--31 MovingFrameQueue Appended
INFO:root:2021-07-21-10--30--31 anomallyFrameTracker resetted to 200
INFO:root:2021-07-21-10--30--31 Colour Conversion Completed
INFO:root:2021-07-21-10--30--31 Sleep Check Completed
INFO:root:2021-07-21-10--30--31 Frame manipulations completed
INFO:root:2021-07-21-10--30--31 Bounding Box Drawn
INFO:root:2021-07-21-10--30--31 MovingFrameQueue Appended
INFO:root:2021-07-21-10--30--31 anomallyFrameTracker resetted to 200
INFO:root:2021-07-21-10--30--31 Colour Conversion Completed
INFO:root:2021-07-21-10--30--31 Sleep Check Completed
INFO:root:2021-07-21-10--30--31 Frame manipulations completed
INFO:root:2021-07-21-10--30--31 Bounding Box Drawn
INFO:root:2021-07-21-10--30--31 MovingFrameQueue Appended
INFO:root:2021-07-21-10--30--31 anomallyFrameTracker resetted to 200
INFO:root:2021-07-21-10--30--31 Colour Conversion Completed
INFO:root:2021-07-21-10--30--31 Sleep Check Completed
INFO:root:2021-07-21-10--30--31 Frame manipulations completed
INFO:root:2021-07-21-10--30--31 Bounding Box Drawn
INFO:root:2021-07-21-10--30--31 MovingFrameQueue Appended
INFO:root:2021-07-21-10--30--31 anomallyFrameTracker resetted to 200
INFO:root:2021-07-21-10--30--31 Colour Conversion Completed
INFO:root:2021-07-21-10--30--31 Sleep Check Completed
INFO:root:2021-07-21-10--30--31 Frame manipulations completed
INFO:root:2021-07-21-10--30--31 Bounding Box Drawn
INFO:root:2021-07-21-10--30--31 MovingFrameQueue Appended
INFO:root:2021-07-21-10--30--31 anomallyFrameTracker resetted to 200
INFO:root:2021-07-21-10--30--31 Colour Conversion Completed
INFO:root:2021-07-21-10--30--31 Sleep Check Completed
INFO:root:2021-07-21-10--30--31 Frame manipulations completed
INFO:root:2021-07-21-10--30--31 Bounding Box Drawn
INFO:root:2021-07-21-10--30--31 MovingFrameQueue Appended
INFO:root:2021-07-21-10--30--31 anomallyFrameTracker resetted to 200
INFO:root:2021-07-21-10--30--31 Colour Conversion Completed
INFO:root:2021-07-21-10--30--31 Sleep Check Completed
INFO:root:2021-07-21-10--30--31 Frame manipulations completed
INFO:root:2021-07-21-10--30--31 Bounding Box Drawn
INFO:root:2021-07-21-10--30--31 MovingFrameQueue Appended
INFO:root:2021-07-21-10--30--31 anomallyFrameTracker resetted to 200
INFO:root:2021-07-21-10--30--31 Colour Conversion Completed
INFO:root:2021-07-21-10--30--31 Sleep Check Completed
INFO:root:2021-07-21-10--30--31 Frame manipulations completed
INFO:root:2021-07-21-10--30--31 Bounding Box Drawn
INFO:root:2021-07-21-10--30--31 MovingFrameQueue Appended
INFO:root:2021-07-21-10--30--31 anomallyFrameTracker resetted to 200
INFO:root:2021-07-21-10--30--32 Colour Conversion Completed
INFO:root:2021-07-21-10--30--32 Sleep Check Completed
INFO:root:2021-07-21-10--30--32 Frame manipulations completed
INFO:root:2021-07-21-10--30--32 Bounding Box Drawn
INFO:root:2021-07-21-10--30--32 MovingFrameQueue Appended
INFO:root:2021-07-21-10--30--32 anomallyFrameTracker resetted to 200
INFO:root:2021-07-21-10--30--32 Colour Conversion Completed
INFO:root:2021-07-21-10--30--32 Sleep Check Completed
INFO:root:2021-07-21-10--30--32 Frame manipulations completed
INFO:root:2021-07-21-10--30--32 Bounding Box Drawn
INFO:root:2021-07-21-10--30--32 MovingFrameQueue Appended
INFO:root:2021-07-21-10--30--32 anomallyFrameTracker resetted to 200
INFO:root:2021-07-21-10--30--32 Colour Conversion Completed
INFO:root:2021-07-21-10--30--32 Sleep Check Completed
INFO:root:2021-07-21-10--30--32 Frame manipulations completed
INFO:root:2021-07-21-10--30--32 Bounding Box Drawn
INFO:root:2021-07-21-10--30--32 MovingFrameQueue Appended
INFO:root:2021-07-21-10--30--32 anomallyFrameTracker resetted to 200
INFO:root:2021-07-21-10--30--32 Colour Conversion Completed
INFO:root:2021-07-21-10--30--32 Sleep Check Completed
INFO:root:2021-07-21-10--30--32 Frame manipulations completed
INFO:root:2021-07-21-10--30--32 Bounding Box Drawn
INFO:root:2021-07-21-10--30--32 MovingFrameQueue Appended
INFO:root:2021-07-21-10--30--32 anomallyFrameTracker resetted to 200
INFO:root:2021-07-21-10--30--32 Colour Conversion Completed
INFO:root:2021-07-21-10--30--32 Sleep Check Completed
INFO:root:2021-07-21-10--30--32 Frame manipulations completed
INFO:root:2021-07-21-10--30--32 Bounding Box Drawn
INFO:root:2021-07-21-10--30--32 MovingFrameQueue Appended
INFO:root:2021-07-21-10--30--32 anomallyFrameTracker resetted to 200
INFO:root:2021-07-21-10--30--32 Colour Conversion Completed
INFO:root:2021-07-21-10--30--32 Sleep Check Completed
INFO:root:2021-07-21-10--30--32 Frame manipulations completed
INFO:root:2021-07-21-10--30--32 Bounding Box Drawn
INFO:root:2021-07-21-10--30--32 MovingFrameQueue Appended
INFO:root:2021-07-21-10--30--32 anomallyFrameTracker resetted to 200
INFO:root:2021-07-21-10--30--32 Colour Conversion Completed
INFO:root:2021-07-21-10--30--32 Sleep Check Completed
INFO:root:2021-07-21-10--30--32 Frame manipulations completed
INFO:root:2021-07-21-10--30--32 Bounding Box Drawn
INFO:root:2021-07-21-10--30--32 MovingFrameQueue Appended
INFO:root:2021-07-21-10--30--32 anomallyFrameTracker resetted to 200
INFO:root:2021-07-21-10--30--32 Colour Conversion Completed
INFO:root:2021-07-21-10--30--32 Sleep Check Completed
INFO:root:2021-07-21-10--30--32 Frame manipulations completed
INFO:root:2021-07-21-10--30--32 Bounding Box Drawn
INFO:root:2021-07-21-10--30--32 MovingFrameQueue Appended
INFO:root:2021-07-21-10--30--32 anomallyFrameTracker resetted to 200
INFO:root:2021-07-21-10--30--32 Colour Conversion Completed
INFO:root:2021-07-21-10--30--32 Sleep Check Completed
INFO:root:2021-07-21-10--30--32 Frame manipulations completed
INFO:root:2021-07-21-10--30--32 Bounding Box Drawn
INFO:root:2021-07-21-10--30--32 MovingFrameQueue Appended
INFO:root:2021-07-21-10--30--32 anomallyFrameTracker resetted to 200
INFO:root:2021-07-21-10--30--33 Colour Conversion Completed
INFO:root:2021-07-21-10--30--33 Sleep Check Completed
INFO:root:2021-07-21-10--30--33 Frame manipulations completed
INFO:root:2021-07-21-10--30--33 Bounding Box Drawn
INFO:root:2021-07-21-10--30--33 MovingFrameQueue Appended
INFO:root:2021-07-21-10--30--33 anomallyFrameTracker resetted to 200
INFO:root:2021-07-21-10--30--33 Colour Conversion Completed
INFO:root:2021-07-21-10--30--33 Sleep Check Completed
INFO:root:2021-07-21-10--30--33 Frame manipulations completed
INFO:root:2021-07-21-10--30--33 Bounding Box Drawn
INFO:root:2021-07-21-10--30--33 MovingFrameQueue Appended
INFO:root:2021-07-21-10--30--33 anomallyFrameTracker resetted to 200
INFO:root:2021-07-21-10--30--33 Colour Conversion Completed
INFO:root:2021-07-21-10--30--33 Sleep Check Completed
INFO:root:2021-07-21-10--30--33 Frame manipulations completed
INFO:root:2021-07-21-10--30--33 Bounding Box Drawn
INFO:root:2021-07-21-10--30--33 MovingFrameQueue Appended
INFO:root:2021-07-21-10--30--33 anomallyFrameTracker resetted to 200
INFO:root:2021-07-21-10--30--33 Colour Conversion Completed
INFO:root:2021-07-21-10--30--33 Sleep Check Completed
INFO:root:2021-07-21-10--30--33 Frame manipulations completed
INFO:root:2021-07-21-10--30--33 Bounding Box Drawn
INFO:root:2021-07-21-10--30--33 MovingFrameQueue Appended
INFO:root:2021-07-21-10--30--33 anomallyFrameTracker resetted to 200
INFO:root:2021-07-21-10--30--33 Colour Conversion Completed
INFO:root:2021-07-21-10--30--33 Sleep Check Completed
INFO:root:2021-07-21-10--30--33 Frame manipulations completed
INFO:root:2021-07-21-10--30--33 Bounding Box Drawn
INFO:root:2021-07-21-10--30--33 MovingFrameQueue Appended
INFO:root:2021-07-21-10--30--33 anomallyFrameTracker resetted to 200
INFO:root:2021-07-21-10--30--33 Colour Conversion Completed
INFO:root:2021-07-21-10--30--33 Sleep Check Completed
INFO:root:2021-07-21-10--30--33 Frame manipulations completed
INFO:root:2021-07-21-10--30--33 Bounding Box Drawn
INFO:root:2021-07-21-10--30--33 MovingFrameQueue Appended
INFO:root:2021-07-21-10--30--33 anomallyFrameTracker resetted to 200
INFO:root:2021-07-21-10--30--33 Colour Conversion Completed
INFO:root:2021-07-21-10--30--33 Sleep Check Completed
INFO:root:2021-07-21-10--30--33 Frame manipulations completed
INFO:root:2021-07-21-10--30--33 Bounding Box Drawn
INFO:root:2021-07-21-10--30--33 MovingFrameQueue Appended
INFO:root:2021-07-21-10--30--33 anomallyFrameTracker resetted to 200
INFO:root:2021-07-21-10--30--33 Colour Conversion Completed
INFO:root:2021-07-21-10--30--33 Sleep Check Completed
INFO:root:2021-07-21-10--30--33 Frame manipulations completed
INFO:root:2021-07-21-10--30--33 Bounding Box Drawn
INFO:root:2021-07-21-10--30--34 MovingFrameQueue Appended
INFO:root:2021-07-21-10--30--34 anomallyFrameTracker resetted to 200
INFO:root:2021-07-21-10--30--34 Colour Conversion Completed
INFO:root:2021-07-21-10--30--34 Sleep Check Completed
INFO:root:2021-07-21-10--30--34 Frame manipulations completed
INFO:root:2021-07-21-10--30--34 Bounding Box Drawn
INFO:root:2021-07-21-10--30--34 MovingFrameQueue Appended
INFO:root:2021-07-21-10--30--34 anomallyFrameTracker resetted to 200
INFO:root:2021-07-21-10--30--34 Colour Conversion Completed
INFO:root:2021-07-21-10--30--34 Sleep Check Completed
INFO:root:2021-07-21-10--30--34 Frame manipulations completed
INFO:root:2021-07-21-10--30--34 Bounding Box Drawn
INFO:root:2021-07-21-10--30--34 MovingFrameQueue Appended
INFO:root:2021-07-21-10--30--34 anomallyFrameTracker resetted to 200
INFO:root:2021-07-21-10--30--34 Colour Conversion Completed
INFO:root:2021-07-21-10--30--34 Sleep Check Completed
INFO:root:2021-07-21-10--30--34 Frame manipulations completed
INFO:root:2021-07-21-10--30--34 Bounding Box Drawn
INFO:root:2021-07-21-10--30--34 MovingFrameQueue Appended
INFO:root:2021-07-21-10--30--34 anomallyFrameTracker resetted to 200
INFO:root:2021-07-21-10--30--34 Colour Conversion Completed
INFO:root:2021-07-21-10--30--34 Sleep Check Completed
INFO:root:2021-07-21-10--30--34 Frame manipulations completed
INFO:root:2021-07-21-10--30--34 Bounding Box Drawn
INFO:root:2021-07-21-10--30--34 MovingFrameQueue Appended
INFO:root:2021-07-21-10--30--34 anomallyFrameTracker resetted to 200
INFO:root:2021-07-21-10--30--34 Colour Conversion Completed
INFO:root:2021-07-21-10--30--34 Sleep Check Completed
INFO:root:2021-07-21-10--30--34 Frame manipulations completed
INFO:root:2021-07-21-10--30--34 Bounding Box Drawn
INFO:root:2021-07-21-10--30--34 MovingFrameQueue Popped
INFO:root:2021-07-21-10--30--34 anomallyFrameTracker resetted to 200
INFO:root:2021-07-21-10--30--34 Colour Conversion Completed
INFO:root:2021-07-21-10--30--34 Sleep Check Completed
INFO:root:2021-07-21-10--30--34 Frame manipulations completed
INFO:root:2021-07-21-10--30--34 Bounding Box Drawn
INFO:root:2021-07-21-10--30--34 MovingFrameQueue Appended
INFO:root:2021-07-21-10--30--34 anomallyFrameTracker resetted to 200
INFO:root:2021-07-21-10--30--34 Colour Conversion Completed
INFO:root:2021-07-21-10--30--34 Sleep Check Completed
INFO:root:2021-07-21-10--30--34 Frame manipulations completed
INFO:root:2021-07-21-10--30--34 Bounding Box Drawn
INFO:root:2021-07-21-10--30--35 MovingFrameQueue Popped
INFO:root:2021-07-21-10--30--35 anomallyFrameTracker resetted to 200
INFO:root:2021-07-21-10--30--35 Colour Conversion Completed
INFO:root:2021-07-21-10--30--35 Sleep Check Completed
INFO:root:2021-07-21-10--30--35 Frame manipulations completed
INFO:root:2021-07-21-10--30--35 Bounding Box Drawn
INFO:root:2021-07-21-10--30--35 MovingFrameQueue Appended
INFO:root:2021-07-21-10--30--35 anomallyFrameTracker resetted to 200
INFO:root:2021-07-21-10--30--35 Colour Conversion Completed
INFO:root:2021-07-21-10--30--35 Sleep Check Completed
INFO:root:2021-07-21-10--30--35 Frame manipulations completed
INFO:root:2021-07-21-10--30--35 Bounding Box Drawn
INFO:root:2021-07-21-10--30--35 MovingFrameQueue Popped
INFO:root:2021-07-21-10--30--35 anomallyFrameTracker resetted to 200
INFO:root:2021-07-21-10--30--35 Colour Conversion Completed
INFO:root:2021-07-21-10--30--35 Sleep Check Completed
INFO:root:2021-07-21-10--30--35 Frame manipulations completed
INFO:root:2021-07-21-10--30--35 Bounding Box Drawn
INFO:root:2021-07-21-10--30--35 MovingFrameQueue Appended
INFO:root:2021-07-21-10--30--35 anomallyFrameTracker resetted to 200
INFO:root:2021-07-21-10--30--35 Colour Conversion Completed
INFO:root:2021-07-21-10--30--35 Sleep Check Completed
INFO:root:2021-07-21-10--30--35 Frame manipulations completed
INFO:root:2021-07-21-10--30--35 Bounding Box Drawn
INFO:root:2021-07-21-10--30--35 MovingFrameQueue Popped
INFO:root:2021-07-21-10--30--35 anomallyFrameTracker resetted to 200
INFO:root:2021-07-21-10--30--35 Colour Conversion Completed
INFO:root:2021-07-21-10--30--35 Sleep Check Completed
INFO:root:2021-07-21-10--30--35 Frame manipulations completed
INFO:root:2021-07-21-10--30--35 Bounding Box Drawn
INFO:root:2021-07-21-10--30--35 MovingFrameQueue Appended
INFO:root:2021-07-21-10--30--35 anomallyFrameTracker resetted to 200
INFO:root:2021-07-21-10--30--35 Colour Conversion Completed
INFO:root:2021-07-21-10--30--35 Sleep Check Completed
INFO:root:2021-07-21-10--30--35 Frame manipulations completed
INFO:root:2021-07-21-10--30--35 Bounding Box Drawn
INFO:root:2021-07-21-10--30--35 MovingFrameQueue Popped
INFO:root:2021-07-21-10--30--35 anomallyFrameTracker resetted to 200
INFO:root:2021-07-21-10--30--35 Colour Conversion Completed
INFO:root:2021-07-21-10--30--35 Sleep Check Completed
INFO:root:2021-07-21-10--30--35 Frame manipulations completed
INFO:root:2021-07-21-10--30--35 Bounding Box Drawn
INFO:root:2021-07-21-10--30--35 MovingFrameQueue Appended
INFO:root:2021-07-21-10--30--35 anomallyFrameTracker resetted to 200
INFO:root:2021-07-21-10--30--35 Colour Conversion Completed
INFO:root:2021-07-21-10--30--35 Sleep Check Completed
INFO:root:2021-07-21-10--30--35 Frame manipulations completed
INFO:root:2021-07-21-10--30--35 Bounding Box Drawn
INFO:root:2021-07-21-10--30--36 MovingFrameQueue Popped
INFO:root:2021-07-21-10--30--36 anomallyFrameTracker resetted to 200
INFO:root:2021-07-21-10--30--36 Colour Conversion Completed
INFO:root:2021-07-21-10--30--36 Sleep Check Completed
INFO:root:2021-07-21-10--30--36 Frame manipulations completed
INFO:root:2021-07-21-10--30--36 Bounding Box Drawn
INFO:root:2021-07-21-10--30--36 MovingFrameQueue Appended
INFO:root:2021-07-21-10--30--36 anomallyFrameTracker resetted to 200
INFO:root:2021-07-21-10--30--36 Colour Conversion Completed
INFO:root:2021-07-21-10--30--36 Sleep Check Completed
INFO:root:2021-07-21-10--30--36 Frame manipulations completed
INFO:root:2021-07-21-10--30--36 Bounding Box Drawn
INFO:root:2021-07-21-10--30--36 MovingFrameQueue Popped
INFO:root:2021-07-21-10--30--36 anomallyFrameTracker resetted to 200
INFO:root:2021-07-21-10--30--36 Colour Conversion Completed
INFO:root:2021-07-21-10--30--36 Sleep Check Completed
INFO:root:2021-07-21-10--30--36 Frame manipulations completed
INFO:root:2021-07-21-10--30--36 Bounding Box Drawn
INFO:root:2021-07-21-10--30--36 MovingFrameQueue Appended
INFO:root:2021-07-21-10--30--36 anomallyFrameTracker resetted to 200
INFO:root:2021-07-21-10--30--36 Colour Conversion Completed
INFO:root:2021-07-21-10--30--36 Sleep Check Completed
INFO:root:2021-07-21-10--30--36 Frame manipulations completed
INFO:root:2021-07-21-10--30--36 Bounding Box Drawn
INFO:root:2021-07-21-10--30--36 MovingFrameQueue Popped
INFO:root:2021-07-21-10--30--36 anomallyFrameTracker resetted to 200
INFO:root:2021-07-21-10--30--36 Colour Conversion Completed
INFO:root:2021-07-21-10--30--36 Sleep Check Completed
INFO:root:2021-07-21-10--30--36 Frame manipulations completed
INFO:root:2021-07-21-10--30--36 Bounding Box Drawn
INFO:root:2021-07-21-10--30--36 MovingFrameQueue Appended
INFO:root:2021-07-21-10--30--36 anomallyFrameTracker resetted to 200
INFO:root:2021-07-21-10--30--36 Colour Conversion Completed
INFO:root:2021-07-21-10--30--36 Sleep Check Completed
INFO:root:2021-07-21-10--30--36 Frame manipulations completed
INFO:root:2021-07-21-10--30--36 Bounding Box Drawn
INFO:root:2021-07-21-10--30--36 MovingFrameQueue Popped
INFO:root:2021-07-21-10--30--36 anomallyFrameTracker resetted to 200
INFO:root:2021-07-21-10--30--36 Colour Conversion Completed
INFO:root:2021-07-21-10--30--36 Sleep Check Completed
INFO:root:2021-07-21-10--30--36 Frame manipulations completed
INFO:root:2021-07-21-10--30--36 Bounding Box Drawn
INFO:root:2021-07-21-10--30--37 MovingFrameQueue Appended
INFO:root:2021-07-21-10--30--37 anomallyFrameTracker resetted to 200
INFO:root:2021-07-21-10--30--37 Colour Conversion Completed
INFO:root:2021-07-21-10--30--37 Sleep Check Completed
INFO:root:2021-07-21-10--30--37 Frame manipulations completed
INFO:root:2021-07-21-10--30--37 Bounding Box Drawn
INFO:root:2021-07-21-10--30--37 MovingFrameQueue Popped
INFO:root:2021-07-21-10--30--37 anomallyFrameTracker resetted to 200
INFO:root:2021-07-21-10--30--37 Colour Conversion Completed
INFO:root:2021-07-21-10--30--37 Sleep Check Completed
INFO:root:2021-07-21-10--30--37 Frame manipulations completed
INFO:root:2021-07-21-10--30--37 Bounding Box Drawn
INFO:root:2021-07-21-10--30--37 MovingFrameQueue Appended
INFO:root:2021-07-21-10--30--37 anomallyFrameTracker resetted to 200
INFO:root:2021-07-21-10--30--37 Colour Conversion Completed
INFO:root:2021-07-21-10--30--37 Sleep Check Completed
INFO:root:2021-07-21-10--30--37 Frame manipulations completed
INFO:root:2021-07-21-10--30--37 Bounding Box Drawn
INFO:root:2021-07-21-10--30--37 MovingFrameQueue Popped
INFO:root:2021-07-21-10--30--37 anomallyFrameTracker resetted to 200
INFO:root:2021-07-21-10--30--37 Colour Conversion Completed
INFO:root:2021-07-21-10--30--37 Sleep Check Completed
INFO:root:2021-07-21-10--30--37 Frame manipulations completed
INFO:root:2021-07-21-10--30--37 Bounding Box Drawn
INFO:root:2021-07-21-10--30--37 MovingFrameQueue Appended
INFO:root:2021-07-21-10--30--37 anomallyFrameTracker resetted to 200
INFO:root:2021-07-21-10--30--37 Colour Conversion Completed
INFO:root:2021-07-21-10--30--37 Sleep Check Completed
INFO:root:2021-07-21-10--30--37 Frame manipulations completed
INFO:root:2021-07-21-10--30--37 Bounding Box Drawn
INFO:root:2021-07-21-10--30--37 MovingFrameQueue Popped
INFO:root:2021-07-21-10--30--37 anomallyFrameTracker resetted to 200
INFO:root:2021-07-21-10--30--37 Colour Conversion Completed
INFO:root:2021-07-21-10--30--37 Sleep Check Completed
INFO:root:2021-07-21-10--30--37 Frame manipulations completed
INFO:root:2021-07-21-10--30--37 Bounding Box Drawn
INFO:root:2021-07-21-10--30--37 MovingFrameQueue Appended
INFO:root:2021-07-21-10--30--37 anomallyFrameTracker resetted to 200
INFO:root:2021-07-21-10--30--37 Colour Conversion Completed
INFO:root:2021-07-21-10--30--37 Sleep Check Completed
INFO:root:2021-07-21-10--30--37 Frame manipulations completed
INFO:root:2021-07-21-10--30--37 Bounding Box Drawn
INFO:root:2021-07-21-10--30--38 MovingFrameQueue Popped
INFO:root:2021-07-21-10--30--38 anomallyFrameTracker resetted to 200
INFO:root:2021-07-21-10--30--38 Colour Conversion Completed
INFO:root:2021-07-21-10--30--38 Sleep Check Completed
INFO:root:2021-07-21-10--30--38 Frame manipulations completed
INFO:root:2021-07-21-10--30--38 Bounding Box Drawn
INFO:root:2021-07-21-10--30--38 MovingFrameQueue Appended
INFO:root:2021-07-21-10--30--38 anomallyFrameTracker resetted to 200
INFO:root:2021-07-21-10--30--38 Colour Conversion Completed
INFO:root:2021-07-21-10--30--38 Sleep Check Completed
INFO:root:2021-07-21-10--30--38 Frame manipulations completed
INFO:root:2021-07-21-10--30--38 Bounding Box Drawn
INFO:root:2021-07-21-10--30--38 MovingFrameQueue Popped
INFO:root:2021-07-21-10--30--38 anomallyFrameTracker resetted to 200
INFO:root:2021-07-21-10--30--38 Colour Conversion Completed
INFO:root:2021-07-21-10--30--38 Sleep Check Completed
INFO:root:2021-07-21-10--30--38 Frame manipulations completed
INFO:root:2021-07-21-10--30--38 Bounding Box Drawn
INFO:root:2021-07-21-10--30--38 MovingFrameQueue Appended
INFO:root:2021-07-21-10--30--38 anomallyFrameTracker resetted to 200
INFO:root:2021-07-21-10--30--38 Colour Conversion Completed
INFO:root:2021-07-21-10--30--38 Sleep Check Completed
INFO:root:2021-07-21-10--30--38 Frame manipulations completed
INFO:root:2021-07-21-10--30--38 Bounding Box Drawn
INFO:root:2021-07-21-10--30--38 MovingFrameQueue Popped
INFO:root:2021-07-21-10--30--38 anomallyFrameTracker resetted to 200
INFO:root:2021-07-21-10--30--38 Colour Conversion Completed
INFO:root:2021-07-21-10--30--38 Sleep Check Completed
INFO:root:2021-07-21-10--30--38 Frame manipulations completed
INFO:root:2021-07-21-10--30--38 Bounding Box Drawn
INFO:root:2021-07-21-10--30--38 MovingFrameQueue Appended
INFO:root:2021-07-21-10--30--38 anomallyFrameTracker resetted to 200
INFO:root:2021-07-21-10--30--38 Colour Conversion Completed
INFO:root:2021-07-21-10--30--38 Sleep Check Completed
INFO:root:2021-07-21-10--30--38 Frame manipulations completed
INFO:root:2021-07-21-10--30--38 Bounding Box Drawn
INFO:root:2021-07-21-10--30--39 MovingFrameQueue Popped
INFO:root:2021-07-21-10--30--39 anomallyFrameTracker resetted to 200
INFO:root:2021-07-21-10--30--39 Colour Conversion Completed
INFO:root:2021-07-21-10--30--39 Sleep Check Completed
INFO:root:2021-07-21-10--30--39 Frame manipulations completed
INFO:root:2021-07-21-10--30--39 Bounding Box Drawn
INFO:root:2021-07-21-10--30--39 MovingFrameQueue Appended
INFO:root:2021-07-21-10--30--39 anomallyFrameTracker resetted to 200
INFO:root:2021-07-21-10--30--39 Colour Conversion Completed
INFO:root:2021-07-21-10--30--39 Sleep Check Completed
INFO:root:2021-07-21-10--30--39 Frame manipulations completed
INFO:root:2021-07-21-10--30--39 Bounding Box Drawn
INFO:root:2021-07-21-10--30--39 MovingFrameQueue Popped
INFO:root:2021-07-21-10--30--39 anomallyFrameTracker resetted to 200
INFO:root:2021-07-21-10--30--39 Colour Conversion Completed
INFO:root:2021-07-21-10--30--39 Sleep Check Completed
INFO:root:2021-07-21-10--30--39 Frame manipulations completed
INFO:root:2021-07-21-10--30--39 Bounding Box Drawn
INFO:root:2021-07-21-10--30--39 MovingFrameQueue Appended
INFO:root:2021-07-21-10--30--39 anomallyFrameTracker resetted to 200
INFO:root:2021-07-21-10--30--39 Colour Conversion Completed
INFO:root:2021-07-21-10--30--39 Sleep Check Completed
INFO:root:2021-07-21-10--30--39 Frame manipulations completed
INFO:root:2021-07-21-10--30--39 Bounding Box Drawn
INFO:root:2021-07-21-10--30--39 MovingFrameQueue Popped
INFO:root:2021-07-21-10--30--39 anomallyFrameTracker resetted to 200
INFO:root:2021-07-21-10--30--39 Colour Conversion Completed
INFO:root:2021-07-21-10--30--39 Sleep Check Completed
INFO:root:2021-07-21-10--30--39 Frame manipulations completed
INFO:root:2021-07-21-10--30--39 Bounding Box Drawn
INFO:root:2021-07-21-10--30--39 MovingFrameQueue Appended
INFO:root:2021-07-21-10--30--39 anomallyFrameTracker resetted to 200
INFO:root:2021-07-21-10--30--39 Colour Conversion Completed
INFO:root:2021-07-21-10--30--39 Sleep Check Completed
INFO:root:2021-07-21-10--30--39 Frame manipulations completed
INFO:root:2021-07-21-10--30--39 Bounding Box Drawn
INFO:root:2021-07-21-10--30--39 MovingFrameQueue Popped
INFO:root:2021-07-21-10--30--39 anomallyFrameTracker resetted to 200
INFO:root:2021-07-21-10--30--39 Colour Conversion Completed
INFO:root:2021-07-21-10--30--39 Sleep Check Completed
INFO:root:2021-07-21-10--30--39 Frame manipulations completed
INFO:root:2021-07-21-10--30--39 Bounding Box Drawn
INFO:root:2021-07-21-10--30--40 MovingFrameQueue Appended
INFO:root:2021-07-21-10--30--40 anomallyFrameTracker resetted to 200
INFO:root:2021-07-21-10--30--40 Colour Conversion Completed
INFO:root:2021-07-21-10--30--40 Sleep Check Completed
INFO:root:2021-07-21-10--30--40 Frame manipulations completed
INFO:root:2021-07-21-10--30--40 Bounding Box Drawn
INFO:root:2021-07-21-10--30--40 MovingFrameQueue Popped
INFO:root:2021-07-21-10--30--40 anomallyFrameTracker resetted to 200
INFO:root:2021-07-21-10--30--40 Colour Conversion Completed
INFO:root:2021-07-21-10--30--40 Sleep Check Completed
INFO:root:2021-07-21-10--30--40 Frame manipulations completed
INFO:root:2021-07-21-10--30--40 Bounding Box Drawn
INFO:root:2021-07-21-10--30--40 MovingFrameQueue Appended
INFO:root:2021-07-21-10--30--40 anomallyFrameTracker resetted to 200
INFO:root:2021-07-21-10--30--40 Colour Conversion Completed
INFO:root:2021-07-21-10--30--40 Sleep Check Completed
INFO:root:2021-07-21-10--30--40 Frame manipulations completed
INFO:root:2021-07-21-10--30--40 Bounding Box Drawn
INFO:root:2021-07-21-10--30--40 MovingFrameQueue Popped
INFO:root:2021-07-21-10--30--40 anomallyFrameTracker resetted to 200
INFO:root:2021-07-21-10--30--40 Colour Conversion Completed
INFO:root:2021-07-21-10--30--40 Sleep Check Completed
INFO:root:2021-07-21-10--30--40 Frame manipulations completed
INFO:root:2021-07-21-10--30--40 Bounding Box Drawn
INFO:root:2021-07-21-10--30--40 MovingFrameQueue Appended
INFO:root:2021-07-21-10--30--40 anomallyFrameTracker resetted to 200
INFO:root:2021-07-21-10--30--40 Colour Conversion Completed
INFO:root:2021-07-21-10--30--40 Sleep Check Completed
INFO:root:2021-07-21-10--30--40 Frame manipulations completed
INFO:root:2021-07-21-10--30--40 Bounding Box Drawn
INFO:root:2021-07-21-10--30--40 MovingFrameQueue Popped
INFO:root:2021-07-21-10--30--40 anomallyFrameTracker resetted to 200
INFO:root:2021-07-21-10--30--40 Colour Conversion Completed
INFO:root:2021-07-21-10--30--40 Sleep Check Completed
INFO:root:2021-07-21-10--30--40 Frame manipulations completed
INFO:root:2021-07-21-10--30--40 Bounding Box Drawn
INFO:root:2021-07-21-10--30--40 MovingFrameQueue Appended
INFO:root:2021-07-21-10--30--40 anomallyFrameTracker resetted to 200
INFO:root:2021-07-21-10--30--40 Colour Conversion Completed
INFO:root:2021-07-21-10--30--40 Sleep Check Completed
INFO:root:2021-07-21-10--30--40 Frame manipulations completed
INFO:root:2021-07-21-10--30--40 Bounding Box Drawn
INFO:root:2021-07-21-10--30--41 MovingFrameQueue Popped
INFO:root:2021-07-21-10--30--41 anomallyFrameTracker resetted to 200
INFO:root:2021-07-21-10--30--41 Colour Conversion Completed
INFO:root:2021-07-21-10--30--41 Sleep Check Completed
INFO:root:2021-07-21-10--30--41 Frame manipulations completed
INFO:root:2021-07-21-10--30--41 Bounding Box Drawn
INFO:root:2021-07-21-10--30--41 MovingFrameQueue Appended
INFO:root:2021-07-21-10--30--41 anomallyFrameTracker resetted to 200
INFO:root:2021-07-21-10--30--41 Colour Conversion Completed
INFO:root:2021-07-21-10--30--41 Sleep Check Completed
INFO:root:2021-07-21-10--30--41 Frame manipulations completed
INFO:root:2021-07-21-10--30--41 Bounding Box Drawn
INFO:root:2021-07-21-10--30--41 MovingFrameQueue Popped
INFO:root:2021-07-21-10--30--41 anomallyFrameTracker resetted to 200
INFO:root:2021-07-21-10--30--41 Colour Conversion Completed
INFO:root:2021-07-21-10--30--41 Sleep Check Completed
INFO:root:2021-07-21-10--30--41 Frame manipulations completed
INFO:root:2021-07-21-10--30--41 Bounding Box Drawn
INFO:root:2021-07-21-10--30--41 MovingFrameQueue Appended
INFO:root:2021-07-21-10--30--41 anomallyFrameTracker resetted to 200
INFO:root:2021-07-21-10--30--41 Colour Conversion Completed
INFO:root:2021-07-21-10--30--41 Sleep Check Completed
INFO:root:2021-07-21-10--30--41 Frame manipulations completed
INFO:root:2021-07-21-10--30--41 Bounding Box Drawn
INFO:root:2021-07-21-10--30--41 MovingFrameQueue Popped
INFO:root:2021-07-21-10--30--41 anomallyFrameTracker resetted to 200
INFO:root:2021-07-21-10--30--41 Colour Conversion Completed
INFO:root:2021-07-21-10--30--41 Sleep Check Completed
INFO:root:2021-07-21-10--30--41 Frame manipulations completed
INFO:root:2021-07-21-10--30--41 Bounding Box Drawn
INFO:root:2021-07-21-10--30--41 MovingFrameQueue Appended
INFO:root:2021-07-21-10--30--41 anomallyFrameTracker resetted to 200
INFO:root:2021-07-21-10--30--41 Colour Conversion Completed
INFO:root:2021-07-21-10--30--41 Sleep Check Completed
INFO:root:2021-07-21-10--30--41 Frame manipulations completed
INFO:root:2021-07-21-10--30--41 Bounding Box Drawn
INFO:root:2021-07-21-10--30--41 MovingFrameQueue Popped
INFO:root:2021-07-21-10--30--41 anomallyFrameTracker resetted to 200
INFO:root:2021-07-21-10--30--41 Colour Conversion Completed
INFO:root:2021-07-21-10--30--41 Sleep Check Completed
INFO:root:2021-07-21-10--30--41 Frame manipulations completed
INFO:root:2021-07-21-10--30--41 Bounding Box Drawn
INFO:root:2021-07-21-10--30--42 MovingFrameQueue Appended
INFO:root:2021-07-21-10--30--42 anomallyFrameTracker resetted to 200
INFO:root:2021-07-21-10--30--42 Colour Conversion Completed
INFO:root:2021-07-21-10--30--42 Sleep Check Completed
INFO:root:2021-07-21-10--30--42 Frame manipulations completed
INFO:root:2021-07-21-10--30--42 Bounding Box Drawn
INFO:root:2021-07-21-10--30--42 MovingFrameQueue Popped
INFO:root:2021-07-21-10--30--42 anomallyFrameTracker resetted to 200
INFO:root:2021-07-21-10--30--42 Colour Conversion Completed
INFO:root:2021-07-21-10--30--42 Sleep Check Completed
INFO:root:2021-07-21-10--30--42 Frame manipulations completed
INFO:root:2021-07-21-10--30--42 Bounding Box Drawn
INFO:root:2021-07-21-10--30--42 MovingFrameQueue Appended
INFO:root:2021-07-21-10--30--42 anomallyFrameTracker resetted to 200
INFO:root:2021-07-21-10--30--42 Colour Conversion Completed
INFO:root:2021-07-21-10--30--42 Sleep Check Completed
INFO:root:2021-07-21-10--30--42 Frame manipulations completed
INFO:root:2021-07-21-10--30--42 Bounding Box Drawn
INFO:root:2021-07-21-10--30--42 MovingFrameQueue Popped
INFO:root:2021-07-21-10--30--42 anomallyFrameTracker resetted to 200
INFO:root:2021-07-21-10--30--42 Colour Conversion Completed
INFO:root:2021-07-21-10--30--42 Sleep Check Completed
INFO:root:2021-07-21-10--30--42 Frame manipulations completed
INFO:root:2021-07-21-10--30--42 Bounding Box Drawn
INFO:root:2021-07-21-10--30--42 MovingFrameQueue Appended
INFO:root:2021-07-21-10--30--42 anomallyFrameTracker resetted to 200
INFO:root:2021-07-21-10--30--42 Colour Conversion Completed
INFO:root:2021-07-21-10--30--42 Sleep Check Completed
INFO:root:2021-07-21-10--30--42 Frame manipulations completed
INFO:root:2021-07-21-10--30--42 Bounding Box Drawn
INFO:root:2021-07-21-10--30--42 MovingFrameQueue Popped
INFO:root:2021-07-21-10--30--42 anomallyFrameTracker resetted to 200
INFO:root:2021-07-21-10--30--42 Colour Conversion Completed
INFO:root:2021-07-21-10--30--42 Sleep Check Completed
INFO:root:2021-07-21-10--30--42 Frame manipulations completed
INFO:root:2021-07-21-10--30--42 Bounding Box Drawn
INFO:root:2021-07-21-10--30--42 MovingFrameQueue Appended
INFO:root:2021-07-21-10--30--42 anomallyFrameTracker resetted to 200
INFO:root:2021-07-21-10--30--42 Colour Conversion Completed
INFO:root:2021-07-21-10--30--42 Sleep Check Completed
INFO:root:2021-07-21-10--30--42 Frame manipulations completed
INFO:root:2021-07-21-10--30--42 Bounding Box Drawn
INFO:root:2021-07-21-10--30--42 MovingFrameQueue Popped
INFO:root:2021-07-21-10--30--42 anomallyFrameTracker resetted to 200
INFO:root:2021-07-21-10--30--42 Colour Conversion Completed
INFO:root:2021-07-21-10--30--42 Sleep Check Completed
INFO:root:2021-07-21-10--30--42 Frame manipulations completed
INFO:root:2021-07-21-10--30--42 Bounding Box Drawn
INFO:root:2021-07-21-10--30--43 MovingFrameQueue Appended
INFO:root:2021-07-21-10--30--43 anomallyFrameTracker resetted to 200
INFO:root:2021-07-21-10--30--43 Colour Conversion Completed
INFO:root:2021-07-21-10--30--43 Sleep Check Completed
INFO:root:2021-07-21-10--30--43 Frame manipulations completed
INFO:root:2021-07-21-10--30--43 Bounding Box Drawn
INFO:root:2021-07-21-10--30--43 MovingFrameQueue Popped
INFO:root:2021-07-21-10--30--43 anomallyFrameTracker resetted to 200
INFO:root:2021-07-21-10--30--43 Colour Conversion Completed
INFO:root:2021-07-21-10--30--43 Sleep Check Completed
INFO:root:2021-07-21-10--30--43 Frame manipulations completed
INFO:root:2021-07-21-10--30--43 Bounding Box Drawn
INFO:root:2021-07-21-10--30--43 MovingFrameQueue Appended
INFO:root:2021-07-21-10--30--43 anomallyFrameTracker resetted to 200
INFO:root:2021-07-21-10--30--43 Colour Conversion Completed
INFO:root:2021-07-21-10--30--43 Sleep Check Completed
INFO:root:2021-07-21-10--30--43 Frame manipulations completed
INFO:root:2021-07-21-10--30--43 Bounding Box Drawn
INFO:root:2021-07-21-10--30--43 MovingFrameQueue Popped
INFO:root:2021-07-21-10--30--43 anomallyFrameTracker resetted to 200
INFO:root:2021-07-21-10--30--43 Colour Conversion Completed
INFO:root:2021-07-21-10--30--43 Sleep Check Completed
INFO:root:2021-07-21-10--30--43 Frame manipulations completed
INFO:root:2021-07-21-10--30--43 Bounding Box Drawn
INFO:root:2021-07-21-10--30--43 MovingFrameQueue Appended
INFO:root:2021-07-21-10--30--43 anomallyFrameTracker resetted to 200
INFO:root:2021-07-21-10--30--43 Colour Conversion Completed
INFO:root:2021-07-21-10--30--43 Sleep Check Completed
INFO:root:2021-07-21-10--30--43 Frame manipulations completed
INFO:root:2021-07-21-10--30--43 Bounding Box Drawn
INFO:root:2021-07-21-10--30--43 MovingFrameQueue Popped
INFO:root:2021-07-21-10--30--43 anomallyFrameTracker resetted to 200
INFO:root:2021-07-21-10--30--43 Colour Conversion Completed
INFO:root:2021-07-21-10--30--43 Sleep Check Completed
INFO:root:2021-07-21-10--30--43 Frame manipulations completed
INFO:root:2021-07-21-10--30--43 Bounding Box Drawn
INFO:root:2021-07-21-10--30--43 MovingFrameQueue Appended
INFO:root:2021-07-21-10--30--43 anomallyFrameTracker resetted to 200
INFO:root:2021-07-21-10--30--43 Colour Conversion Completed
INFO:root:2021-07-21-10--30--43 Sleep Check Completed
INFO:root:2021-07-21-10--30--43 Frame manipulations completed
INFO:root:2021-07-21-10--30--43 Bounding Box Drawn
INFO:root:2021-07-21-10--30--44 MovingFrameQueue Popped
INFO:root:2021-07-21-10--30--44 anomallyFrameTracker resetted to 200
INFO:root:2021-07-21-10--30--44 Colour Conversion Completed
INFO:root:2021-07-21-10--30--44 Sleep Check Completed
INFO:root:2021-07-21-10--30--44 Frame manipulations completed
INFO:root:2021-07-21-10--30--44 Bounding Box Drawn
INFO:root:2021-07-21-10--30--44 MovingFrameQueue Appended
INFO:root:2021-07-21-10--30--44 anomallyFrameTracker resetted to 200
INFO:root:2021-07-21-10--30--44 Colour Conversion Completed
INFO:root:2021-07-21-10--30--44 Sleep Check Completed
INFO:root:2021-07-21-10--30--44 Frame manipulations completed
INFO:root:2021-07-21-10--30--44 Bounding Box Drawn
INFO:root:2021-07-21-10--30--44 MovingFrameQueue Popped
INFO:root:2021-07-21-10--30--44 anomallyFrameTracker resetted to 200
INFO:root:2021-07-21-10--30--44 Colour Conversion Completed
INFO:root:2021-07-21-10--30--44 Sleep Check Completed
INFO:root:2021-07-21-10--30--44 Frame manipulations completed
INFO:root:2021-07-21-10--30--44 Bounding Box Drawn
INFO:root:2021-07-21-10--30--44 MovingFrameQueue Appended
INFO:root:2021-07-21-10--30--44 anomallyFrameTracker resetted to 200
INFO:root:2021-07-21-10--30--44 Colour Conversion Completed
INFO:root:2021-07-21-10--30--44 Sleep Check Completed
INFO:root:2021-07-21-10--30--44 Frame manipulations completed
INFO:root:2021-07-21-10--30--44 Bounding Box Drawn
INFO:root:2021-07-21-10--30--44 MovingFrameQueue Popped
INFO:root:2021-07-21-10--30--44 anomallyFrameTracker resetted to 200
INFO:root:2021-07-21-10--30--44 Colour Conversion Completed
INFO:root:2021-07-21-10--30--44 Sleep Check Completed
INFO:root:2021-07-21-10--30--44 Frame manipulations completed
INFO:root:2021-07-21-10--30--44 Bounding Box Drawn
INFO:root:2021-07-21-10--30--44 MovingFrameQueue Appended
INFO:root:2021-07-21-10--30--44 anomallyFrameTracker resetted to 200
INFO:root:2021-07-21-10--30--44 Colour Conversion Completed
INFO:root:2021-07-21-10--30--44 Sleep Check Completed
INFO:root:2021-07-21-10--30--44 Frame manipulations completed
INFO:root:2021-07-21-10--30--44 Bounding Box Drawn
INFO:root:2021-07-21-10--30--45 MovingFrameQueue Popped
INFO:root:2021-07-21-10--30--45 anomallyFrameTracker resetted to 200
INFO:root:2021-07-21-10--30--45 Colour Conversion Completed
INFO:root:2021-07-21-10--30--45 Sleep Check Completed
INFO:root:2021-07-21-10--30--45 Frame manipulations completed
INFO:root:2021-07-21-10--30--45 Bounding Box Drawn
INFO:root:2021-07-21-10--30--45 MovingFrameQueue Appended
INFO:root:2021-07-21-10--30--45 anomallyFrameTracker resetted to 200
INFO:root:2021-07-21-10--30--45 Colour Conversion Completed
INFO:root:2021-07-21-10--30--45 Sleep Check Completed
INFO:root:2021-07-21-10--30--45 Frame manipulations completed
INFO:root:2021-07-21-10--30--45 Bounding Box Drawn
INFO:root:2021-07-21-10--30--45 MovingFrameQueue Popped
INFO:root:2021-07-21-10--30--45 anomallyFrameTracker resetted to 200
INFO:root:2021-07-21-10--30--45 Colour Conversion Completed
INFO:root:2021-07-21-10--30--45 Sleep Check Completed
INFO:root:2021-07-21-10--30--45 Frame manipulations completed
INFO:root:2021-07-21-10--30--45 Bounding Box Drawn
INFO:root:2021-07-21-10--30--45 MovingFrameQueue Appended
INFO:root:2021-07-21-10--30--45 anomallyFrameTracker resetted to 200
INFO:root:2021-07-21-10--30--45 Colour Conversion Completed
INFO:root:2021-07-21-10--30--45 Sleep Check Completed
INFO:root:2021-07-21-10--30--45 Frame manipulations completed
INFO:root:2021-07-21-10--30--45 Bounding Box Drawn
INFO:root:2021-07-21-10--30--45 MovingFrameQueue Popped
INFO:root:2021-07-21-10--30--45 anomallyFrameTracker resetted to 200
INFO:root:2021-07-21-10--30--45 Colour Conversion Completed
INFO:root:2021-07-21-10--30--45 Sleep Check Completed
INFO:root:2021-07-21-10--30--45 Frame manipulations completed
INFO:root:2021-07-21-10--30--45 Bounding Box Drawn
INFO:root:2021-07-21-10--30--45 MovingFrameQueue Appended
INFO:root:2021-07-21-10--30--45 anomallyFrameTracker resetted to 200
INFO:root:2021-07-21-10--30--45 Colour Conversion Completed
INFO:root:2021-07-21-10--30--45 Sleep Check Completed
INFO:root:2021-07-21-10--30--45 Frame manipulations completed
INFO:root:2021-07-21-10--30--45 Bounding Box Drawn
INFO:root:2021-07-21-10--30--45 MovingFrameQueue Popped
INFO:root:2021-07-21-10--30--45 anomallyFrameTracker resetted to 200
INFO:root:2021-07-21-10--30--45 Colour Conversion Completed
INFO:root:2021-07-21-10--30--45 Sleep Check Completed
INFO:root:2021-07-21-10--30--45 Frame manipulations completed
INFO:root:2021-07-21-10--30--45 Bounding Box Drawn
INFO:root:2021-07-21-10--30--46 MovingFrameQueue Appended
INFO:root:2021-07-21-10--30--46 anomallyFrameTracker resetted to 200
INFO:root:2021-07-21-10--30--46 Colour Conversion Completed
INFO:root:2021-07-21-10--30--46 Sleep Check Completed
INFO:root:2021-07-21-10--30--46 Frame manipulations completed
INFO:root:2021-07-21-10--30--46 Bounding Box Drawn
INFO:root:2021-07-21-10--30--46 MovingFrameQueue Popped
INFO:root:2021-07-21-10--30--46 anomallyFrameTracker resetted to 200
INFO:root:2021-07-21-10--30--46 Colour Conversion Completed
INFO:root:2021-07-21-10--30--46 Sleep Check Completed
INFO:root:2021-07-21-10--30--46 Frame manipulations completed
INFO:root:2021-07-21-10--30--46 Bounding Box Drawn
INFO:root:2021-07-21-10--30--46 MovingFrameQueue Appended
INFO:root:2021-07-21-10--30--46 anomallyFrameTracker resetted to 200
INFO:root:2021-07-21-10--30--46 Colour Conversion Completed
INFO:root:2021-07-21-10--30--46 Sleep Check Completed
INFO:root:2021-07-21-10--30--46 Frame manipulations completed
INFO:root:2021-07-21-10--30--46 Bounding Box Drawn
INFO:root:2021-07-21-10--30--46 MovingFrameQueue Popped
INFO:root:2021-07-21-10--30--46 anomallyFrameTracker resetted to 200
INFO:root:2021-07-21-10--30--46 Colour Conversion Completed
INFO:root:2021-07-21-10--30--46 Sleep Check Completed
INFO:root:2021-07-21-10--30--46 Frame manipulations completed
INFO:root:2021-07-21-10--30--46 Bounding Box Drawn
INFO:root:2021-07-21-10--30--46 MovingFrameQueue Appended
INFO:root:2021-07-21-10--30--46 anomallyFrameTracker resetted to 200
INFO:root:2021-07-21-10--30--46 Colour Conversion Completed
INFO:root:2021-07-21-10--30--46 Sleep Check Completed
INFO:root:2021-07-21-10--30--46 Frame manipulations completed
INFO:root:2021-07-21-10--30--46 Bounding Box Drawn
INFO:root:2021-07-21-10--30--46 MovingFrameQueue Popped
INFO:root:2021-07-21-10--30--46 anomallyFrameTracker resetted to 200
INFO:root:2021-07-21-10--30--46 Colour Conversion Completed
INFO:root:2021-07-21-10--30--46 Sleep Check Completed
INFO:root:2021-07-21-10--30--46 Frame manipulations completed
INFO:root:2021-07-21-10--30--46 Bounding Box Drawn
INFO:root:2021-07-21-10--30--46[INFO] elapsed time: 25.91
INFO:root:2021-07-21-10--30--46[INFO] approx. FPS: 5.25
INFO:root:2021-07-21-10--30--47 Getting Auth Token Success
INFO:root:2021-07-21-10--30--47 BedTime Upload Completed
