INFO:root:2021-07-16-15--17--45 Parameter Generation Success
INFO:root:2021-07-16-15--17--45 Colour Conversion Completed
INFO:root:2021-07-16-15--17--45 Sleep Check Completed
INFO:root:2021-07-16-15--17--45 Frame manipulations completed
INFO:root:2021-07-16-15--17--45 Bounding Box Drawn
INFO:root:2021-07-16-15--17--50 MovingFrameQueue Appended
INFO:root:2021-07-16-15--17--50 anomallyFrameTracker resetted to 200
INFO:root:2021-07-16-15--17--50 Colour Conversion Completed
INFO:root:2021-07-16-15--17--50 Sleep Check Completed
INFO:root:2021-07-16-15--17--50 Frame manipulations completed
INFO:root:2021-07-16-15--17--50 Bounding Box Drawn
INFO:root:2021-07-16-15--17--50 MovingFrameQueue Appended
INFO:root:2021-07-16-15--17--50 anomallyFrameTracker resetted to 200
INFO:root:2021-07-16-15--17--50 Colour Conversion Completed
INFO:root:2021-07-16-15--17--50 Sleep Check Completed
INFO:root:2021-07-16-15--17--50 Frame manipulations completed
INFO:root:2021-07-16-15--17--50 Bounding Box Drawn
INFO:root:2021-07-16-15--17--50 MovingFrameQueue Appended
INFO:root:2021-07-16-15--17--50 anomallyFrameTracker resetted to 200
INFO:root:2021-07-16-15--17--50 Colour Conversion Completed
INFO:root:2021-07-16-15--17--50 Sleep Check Completed
INFO:root:2021-07-16-15--17--50 Frame manipulations completed
INFO:root:2021-07-16-15--17--50 Bounding Box Drawn
INFO:root:2021-07-16-15--17--50 MovingFrameQueue Appended
INFO:root:2021-07-16-15--17--50 anomallyFrameTracker resetted to 200
INFO:root:2021-07-16-15--17--50 Colour Conversion Completed
INFO:root:2021-07-16-15--17--50 Sleep Check Completed
INFO:root:2021-07-16-15--17--50 Frame manipulations completed
INFO:root:2021-07-16-15--17--50 Bounding Box Drawn
INFO:root:2021-07-16-15--17--50 MovingFrameQueue Appended
INFO:root:2021-07-16-15--17--50 anomallyFrameTracker resetted to 200
INFO:root:2021-07-16-15--17--50 Colour Conversion Completed
INFO:root:2021-07-16-15--17--50 Sleep Check Completed
INFO:root:2021-07-16-15--17--50 Frame manipulations completed
INFO:root:2021-07-16-15--17--50 Bounding Box Drawn
INFO:root:2021-07-16-15--17--50 MovingFrameQueue Appended
INFO:root:2021-07-16-15--17--50 anomallyFrameTracker resetted to 200
INFO:root:2021-07-16-15--17--50 Colour Conversion Completed
INFO:root:2021-07-16-15--17--50 Sleep Check Completed
INFO:root:2021-07-16-15--17--50 Frame manipulations completed
INFO:root:2021-07-16-15--17--50 Bounding Box Drawn
INFO:root:2021-07-16-15--17--51 MovingFrameQueue Appended
INFO:root:2021-07-16-15--17--51 anomallyFrameTracker resetted to 200
INFO:root:2021-07-16-15--17--51 Colour Conversion Completed
INFO:root:2021-07-16-15--17--51 Sleep Check Completed
INFO:root:2021-07-16-15--17--51 Frame manipulations completed
INFO:root:2021-07-16-15--17--51 Bounding Box Drawn
INFO:root:2021-07-16-15--17--51 MovingFrameQueue Appended
INFO:root:2021-07-16-15--17--51 anomallyFrameTracker resetted to 200
INFO:root:2021-07-16-15--17--51 Colour Conversion Completed
INFO:root:2021-07-16-15--17--51 Sleep Check Completed
INFO:root:2021-07-16-15--17--51 Frame manipulations completed
INFO:root:2021-07-16-15--17--51 Bounding Box Drawn
INFO:root:2021-07-16-15--17--51 MovingFrameQueue Appended
INFO:root:2021-07-16-15--17--51 anomallyFrameTracker resetted to 200
INFO:root:2021-07-16-15--17--51 Colour Conversion Completed
INFO:root:2021-07-16-15--17--51 Sleep Check Completed
INFO:root:2021-07-16-15--17--51 Frame manipulations completed
INFO:root:2021-07-16-15--17--51 Bounding Box Drawn
INFO:root:2021-07-16-15--17--51 MovingFrameQueue Appended
INFO:root:2021-07-16-15--17--51 anomallyFrameTracker resetted to 200
INFO:root:2021-07-16-15--17--51 Colour Conversion Completed
INFO:root:2021-07-16-15--17--51 Sleep Check Completed
INFO:root:2021-07-16-15--17--51 Frame manipulations completed
INFO:root:2021-07-16-15--17--51 Bounding Box Drawn
INFO:root:2021-07-16-15--17--51 MovingFrameQueue Appended
INFO:root:2021-07-16-15--17--51 anomallyFrameTracker resetted to 200
INFO:root:2021-07-16-15--17--51 Colour Conversion Completed
INFO:root:2021-07-16-15--17--51 Sleep Check Completed
INFO:root:2021-07-16-15--17--51 Frame manipulations completed
INFO:root:2021-07-16-15--17--51 Bounding Box Drawn
INFO:root:2021-07-16-15--17--51 MovingFrameQueue Appended
INFO:root:2021-07-16-15--17--51 anomallyFrameTracker resetted to 200
INFO:root:2021-07-16-15--17--51 Colour Conversion Completed
INFO:root:2021-07-16-15--17--51 Sleep Check Completed
INFO:root:2021-07-16-15--17--51 Frame manipulations completed
INFO:root:2021-07-16-15--17--51 Bounding Box Drawn
INFO:root:2021-07-16-15--17--51 MovingFrameQueue Appended
INFO:root:2021-07-16-15--17--51 anomallyFrameTracker resetted to 200
INFO:root:2021-07-16-15--17--51 Colour Conversion Completed
INFO:root:2021-07-16-15--17--51 Sleep Check Completed
INFO:root:2021-07-16-15--17--51 Frame manipulations completed
INFO:root:2021-07-16-15--17--51 Bounding Box Drawn
INFO:root:2021-07-16-15--17--51 MovingFrameQueue Appended
INFO:root:2021-07-16-15--17--51 anomallyFrameTracker resetted to 200
INFO:root:2021-07-16-15--17--51 Colour Conversion Completed
INFO:root:2021-07-16-15--17--51 Sleep Check Completed
INFO:root:2021-07-16-15--17--51 Frame manipulations completed
INFO:root:2021-07-16-15--17--51 Bounding Box Drawn
INFO:root:2021-07-16-15--17--51 MovingFrameQueue Appended
INFO:root:2021-07-16-15--17--51 anomallyFrameTracker resetted to 200
INFO:root:2021-07-16-15--17--51 Colour Conversion Completed
INFO:root:2021-07-16-15--17--51 Sleep Check Completed
INFO:root:2021-07-16-15--17--51 Frame manipulations completed
INFO:root:2021-07-16-15--17--51 Bounding Box Drawn
INFO:root:2021-07-16-15--17--52[INFO] elapsed time: 6.71
INFO:root:2021-07-16-15--17--52[INFO] approx. FPS: 2.23
INFO:root:2021-07-16-15--17--52 Getting Auth Token Success
INFO:root:2021-07-16-15--17--52 BedTime Upload Completed
