INFO:root:2021-08-02-15--37--16 Parameter Generation Success
INFO:root:2021-08-02-15--37--18 Colour Conversion Completed
INFO:root:2021-08-02-15--37--18 Sleep Check Completed
INFO:root:2021-08-02-15--37--18 Frame manipulations completed
INFO:root:2021-08-02-15--37--18 Bounding Box Drawn
INFO:root:2021-08-02-15--37--18 MovingFrameQueue Appended
INFO:root:2021-08-02-15--37--18 Colour Conversion Completed
INFO:root:2021-08-02-15--37--18 Sleep Check Completed
INFO:root:2021-08-02-15--37--18 Frame manipulations completed
INFO:root:2021-08-02-15--37--18 Bounding Box Drawn
INFO:root:2021-08-02-15--37--18 MovingFrameQueue Appended
INFO:root:2021-08-02-15--37--18 Colour Conversion Completed
INFO:root:2021-08-02-15--37--18 Sleep Check Completed
INFO:root:2021-08-02-15--37--18 Frame manipulations completed
INFO:root:2021-08-02-15--37--18 Bounding Box Drawn
INFO:root:2021-08-02-15--37--18 MovingFrameQueue Appended
INFO:root:2021-08-02-15--37--18 Colour Conversion Completed
INFO:root:2021-08-02-15--37--18 Sleep Check Completed
INFO:root:2021-08-02-15--37--18 Frame manipulations completed
INFO:root:2021-08-02-15--37--18 Bounding Box Drawn
INFO:root:2021-08-02-15--37--18 MovingFrameQueue Appended
INFO:root:2021-08-02-15--37--19 Colour Conversion Completed
INFO:root:2021-08-02-15--37--19 Sleep Check Completed
INFO:root:2021-08-02-15--37--19 Frame manipulations completed
INFO:root:2021-08-02-15--37--19 Bounding Box Drawn
INFO:root:2021-08-02-15--37--19 MovingFrameQueue Appended
INFO:root:2021-08-02-15--37--19 Colour Conversion Completed
INFO:root:2021-08-02-15--37--19 Sleep Check Completed
INFO:root:2021-08-02-15--37--19 Frame manipulations completed
INFO:root:2021-08-02-15--37--19 Bounding Box Drawn
INFO:root:2021-08-02-15--37--19 MovingFrameQueue Appended
INFO:root:2021-08-02-15--37--19 Colour Conversion Completed
INFO:root:2021-08-02-15--37--19 Sleep Check Completed
INFO:root:2021-08-02-15--37--19 Frame manipulations completed
INFO:root:2021-08-02-15--37--19 Bounding Box Drawn
INFO:root:2021-08-02-15--37--19 MovingFrameQueue Appended
INFO:root:2021-08-02-15--37--19 Colour Conversion Completed
INFO:root:2021-08-02-15--37--19 Sleep Check Completed
INFO:root:2021-08-02-15--37--19 Frame manipulations completed
INFO:root:2021-08-02-15--37--19 Bounding Box Drawn
INFO:root:2021-08-02-15--37--19 MovingFrameQueue Appended
INFO:root:2021-08-02-15--37--19 Colour Conversion Completed
INFO:root:2021-08-02-15--37--19 Sleep Check Completed
INFO:root:2021-08-02-15--37--19 Frame manipulations completed
INFO:root:2021-08-02-15--37--19 Bounding Box Drawn
INFO:root:2021-08-02-15--37--19 MovingFrameQueue Appended
INFO:root:2021-08-02-15--37--19 Colour Conversion Completed
INFO:root:2021-08-02-15--37--19 Sleep Check Completed
INFO:root:2021-08-02-15--37--19 Frame manipulations completed
INFO:root:2021-08-02-15--37--19 Bounding Box Drawn
INFO:root:2021-08-02-15--37--19 MovingFrameQueue Appended
INFO:root:2021-08-02-15--37--19 Colour Conversion Completed
INFO:root:2021-08-02-15--37--19 Sleep Check Completed
INFO:root:2021-08-02-15--37--19 Frame manipulations completed
INFO:root:2021-08-02-15--37--19 Bounding Box Drawn
INFO:root:2021-08-02-15--37--19 MovingFrameQueue Appended
INFO:root:2021-08-02-15--37--19 Colour Conversion Completed
INFO:root:2021-08-02-15--37--19 Sleep Check Completed
INFO:root:2021-08-02-15--37--19 Frame manipulations completed
INFO:root:2021-08-02-15--37--19 Bounding Box Drawn
INFO:root:2021-08-02-15--37--19 MovingFrameQueue Appended
INFO:root:2021-08-02-15--37--19 Colour Conversion Completed
INFO:root:2021-08-02-15--37--19 Sleep Check Completed
INFO:root:2021-08-02-15--37--19 Frame manipulations completed
INFO:root:2021-08-02-15--37--19 Bounding Box Drawn
INFO:root:2021-08-02-15--37--19 MovingFrameQueue Appended
INFO:root:2021-08-02-15--37--20 Colour Conversion Completed
INFO:root:2021-08-02-15--37--20 Sleep Check Completed
INFO:root:2021-08-02-15--37--20 Frame manipulations completed
INFO:root:2021-08-02-15--37--20 Bounding Box Drawn
INFO:root:2021-08-02-15--37--20 MovingFrameQueue Appended
INFO:root:2021-08-02-15--37--20 Colour Conversion Completed
INFO:root:2021-08-02-15--37--20 Sleep Check Completed
INFO:root:2021-08-02-15--37--20 Frame manipulations completed
INFO:root:2021-08-02-15--37--20 Bounding Box Drawn
INFO:root:2021-08-02-15--37--20 MovingFrameQueue Appended
INFO:root:2021-08-02-15--37--20 Colour Conversion Completed
INFO:root:2021-08-02-15--37--20 Sleep Check Completed
INFO:root:2021-08-02-15--37--20 Frame manipulations completed
INFO:root:2021-08-02-15--37--20 Bounding Box Drawn
INFO:root:2021-08-02-15--37--20 MovingFrameQueue Appended
INFO:root:2021-08-02-15--37--20 Colour Conversion Completed
INFO:root:2021-08-02-15--37--20 Sleep Check Completed
INFO:root:2021-08-02-15--37--20 Frame manipulations completed
INFO:root:2021-08-02-15--37--20 Bounding Box Drawn
INFO:root:2021-08-02-15--37--20 MovingFrameQueue Appended
INFO:root:2021-08-02-15--37--20 Colour Conversion Completed
INFO:root:2021-08-02-15--37--20 Sleep Check Completed
INFO:root:2021-08-02-15--37--20 Frame manipulations completed
INFO:root:2021-08-02-15--37--20 Bounding Box Drawn
INFO:root:2021-08-02-15--37--20 MovingFrameQueue Appended
INFO:root:2021-08-02-15--37--20 Colour Conversion Completed
INFO:root:2021-08-02-15--37--20 Sleep Check Completed
INFO:root:2021-08-02-15--37--20 Frame manipulations completed
INFO:root:2021-08-02-15--37--20 Bounding Box Drawn
INFO:root:2021-08-02-15--37--20 MovingFrameQueue Appended
INFO:root:2021-08-02-15--37--20 Colour Conversion Completed
INFO:root:2021-08-02-15--37--20 Sleep Check Completed
INFO:root:2021-08-02-15--37--20 Frame manipulations completed
INFO:root:2021-08-02-15--37--20 Bounding Box Drawn
INFO:root:2021-08-02-15--37--20 MovingFrameQueue Appended
INFO:root:2021-08-02-15--37--20 Colour Conversion Completed
INFO:root:2021-08-02-15--37--20 Sleep Check Completed
INFO:root:2021-08-02-15--37--20 Frame manipulations completed
INFO:root:2021-08-02-15--37--20 Bounding Box Drawn
INFO:root:2021-08-02-15--37--20 MovingFrameQueue Appended
INFO:root:2021-08-02-15--37--21 Colour Conversion Completed
INFO:root:2021-08-02-15--37--21 Sleep Check Completed
INFO:root:2021-08-02-15--37--21 Frame manipulations completed
INFO:root:2021-08-02-15--37--21 Bounding Box Drawn
INFO:root:2021-08-02-15--37--21 MovingFrameQueue Appended
INFO:root:2021-08-02-15--37--21 Colour Conversion Completed
INFO:root:2021-08-02-15--37--21 Sleep Check Completed
INFO:root:2021-08-02-15--37--21 Frame manipulations completed
INFO:root:2021-08-02-15--37--21 Bounding Box Drawn
INFO:root:2021-08-02-15--37--21 MovingFrameQueue Appended
INFO:root:2021-08-02-15--37--21 Colour Conversion Completed
INFO:root:2021-08-02-15--37--21 Sleep Check Completed
INFO:root:2021-08-02-15--37--21 Frame manipulations completed
INFO:root:2021-08-02-15--37--21 Bounding Box Drawn
INFO:root:2021-08-02-15--37--21 MovingFrameQueue Appended
INFO:root:2021-08-02-15--37--21 Colour Conversion Completed
INFO:root:2021-08-02-15--37--21 Sleep Check Completed
INFO:root:2021-08-02-15--37--21 Frame manipulations completed
INFO:root:2021-08-02-15--37--21 Bounding Box Drawn
INFO:root:2021-08-02-15--37--21 MovingFrameQueue Appended
INFO:root:2021-08-02-15--37--21 Colour Conversion Completed
INFO:root:2021-08-02-15--37--21 Sleep Check Completed
INFO:root:2021-08-02-15--37--21 Frame manipulations completed
INFO:root:2021-08-02-15--37--21 Bounding Box Drawn
INFO:root:2021-08-02-15--37--21 MovingFrameQueue Appended
INFO:root:2021-08-02-15--37--21 Colour Conversion Completed
INFO:root:2021-08-02-15--37--21 Sleep Check Completed
INFO:root:2021-08-02-15--37--21 Frame manipulations completed
INFO:root:2021-08-02-15--37--21 Bounding Box Drawn
INFO:root:2021-08-02-15--37--21 MovingFrameQueue Appended
INFO:root:2021-08-02-15--37--21 Colour Conversion Completed
INFO:root:2021-08-02-15--37--21 Sleep Check Completed
INFO:root:2021-08-02-15--37--21 Frame manipulations completed
INFO:root:2021-08-02-15--37--21 Bounding Box Drawn
INFO:root:2021-08-02-15--37--21 MovingFrameQueue Appended
INFO:root:2021-08-02-15--37--21 Colour Conversion Completed
INFO:root:2021-08-02-15--37--21 Sleep Check Completed
INFO:root:2021-08-02-15--37--21 Frame manipulations completed
INFO:root:2021-08-02-15--37--21 Bounding Box Drawn
INFO:root:2021-08-02-15--37--21 MovingFrameQueue Appended
INFO:root:2021-08-02-15--37--21 Colour Conversion Completed
INFO:root:2021-08-02-15--37--21 Sleep Check Completed
INFO:root:2021-08-02-15--37--21 Frame manipulations completed
INFO:root:2021-08-02-15--37--21 Bounding Box Drawn
INFO:root:2021-08-02-15--37--21 MovingFrameQueue Appended
INFO:root:2021-08-02-15--37--22 Colour Conversion Completed
INFO:root:2021-08-02-15--37--22 Sleep Check Completed
INFO:root:2021-08-02-15--37--22 Frame manipulations completed
INFO:root:2021-08-02-15--37--22 Bounding Box Drawn
INFO:root:2021-08-02-15--37--22 MovingFrameQueue Appended
INFO:root:2021-08-02-15--37--22 Colour Conversion Completed
INFO:root:2021-08-02-15--37--22 Sleep Check Completed
INFO:root:2021-08-02-15--37--22 Frame manipulations completed
INFO:root:2021-08-02-15--37--22 Bounding Box Drawn
INFO:root:2021-08-02-15--37--22 MovingFrameQueue Appended
INFO:root:2021-08-02-15--37--22 Colour Conversion Completed
INFO:root:2021-08-02-15--37--22 Sleep Check Completed
INFO:root:2021-08-02-15--37--22 Frame manipulations completed
INFO:root:2021-08-02-15--37--22 Bounding Box Drawn
INFO:root:2021-08-02-15--37--22 MovingFrameQueue Appended
INFO:root:2021-08-02-15--37--22 Colour Conversion Completed
INFO:root:2021-08-02-15--37--22 Sleep Check Completed
INFO:root:2021-08-02-15--37--22 Frame manipulations completed
INFO:root:2021-08-02-15--37--22 Bounding Box Drawn
INFO:root:2021-08-02-15--37--22 MovingFrameQueue Appended
INFO:root:2021-08-02-15--37--22 Colour Conversion Completed
INFO:root:2021-08-02-15--37--22 Sleep Check Completed
INFO:root:2021-08-02-15--37--22 Frame manipulations completed
INFO:root:2021-08-02-15--37--22 Bounding Box Drawn
INFO:root:2021-08-02-15--37--22 MovingFrameQueue Appended
INFO:root:2021-08-02-15--37--22 Colour Conversion Completed
INFO:root:2021-08-02-15--37--22 Sleep Check Completed
INFO:root:2021-08-02-15--37--22 Frame manipulations completed
INFO:root:2021-08-02-15--37--22 Bounding Box Drawn
INFO:root:2021-08-02-15--37--22 MovingFrameQueue Appended
INFO:root:2021-08-02-15--37--22 Colour Conversion Completed
INFO:root:2021-08-02-15--37--22 Sleep Check Completed
INFO:root:2021-08-02-15--37--22 Frame manipulations completed
INFO:root:2021-08-02-15--37--22 Bounding Box Drawn
INFO:root:2021-08-02-15--37--22 MovingFrameQueue Appended
INFO:root:2021-08-02-15--37--22 Colour Conversion Completed
INFO:root:2021-08-02-15--37--22 Sleep Check Completed
INFO:root:2021-08-02-15--37--22 Frame manipulations completed
INFO:root:2021-08-02-15--37--22 Bounding Box Drawn
INFO:root:2021-08-02-15--37--22 MovingFrameQueue Appended
INFO:root:2021-08-02-15--37--22 Colour Conversion Completed
INFO:root:2021-08-02-15--37--22 Sleep Check Completed
INFO:root:2021-08-02-15--37--22 Frame manipulations completed
INFO:root:2021-08-02-15--37--22 Bounding Box Drawn
INFO:root:2021-08-02-15--37--22 MovingFrameQueue Appended
INFO:root:2021-08-02-15--37--23 Colour Conversion Completed
INFO:root:2021-08-02-15--37--23 Sleep Check Completed
INFO:root:2021-08-02-15--37--23 Frame manipulations completed
INFO:root:2021-08-02-15--37--23 Bounding Box Drawn
INFO:root:2021-08-02-15--37--23 MovingFrameQueue Appended
INFO:root:2021-08-02-15--37--23 Colour Conversion Completed
INFO:root:2021-08-02-15--37--23 Sleep Check Completed
INFO:root:2021-08-02-15--37--23 Frame manipulations completed
INFO:root:2021-08-02-15--37--23 Bounding Box Drawn
INFO:root:2021-08-02-15--37--23 MovingFrameQueue Appended
INFO:root:2021-08-02-15--37--23 Colour Conversion Completed
INFO:root:2021-08-02-15--37--23 Sleep Check Completed
INFO:root:2021-08-02-15--37--23 Frame manipulations completed
INFO:root:2021-08-02-15--37--23 Bounding Box Drawn
INFO:root:2021-08-02-15--37--23 MovingFrameQueue Appended
INFO:root:2021-08-02-15--37--23 Colour Conversion Completed
INFO:root:2021-08-02-15--37--23 Sleep Check Completed
INFO:root:2021-08-02-15--37--23 Frame manipulations completed
INFO:root:2021-08-02-15--37--23 Bounding Box Drawn
INFO:root:2021-08-02-15--37--23 MovingFrameQueue Appended
INFO:root:2021-08-02-15--37--23 Colour Conversion Completed
INFO:root:2021-08-02-15--37--23 Sleep Check Completed
INFO:root:2021-08-02-15--37--23 Frame manipulations completed
INFO:root:2021-08-02-15--37--23 Bounding Box Drawn
INFO:root:2021-08-02-15--37--23 MovingFrameQueue Appended
INFO:root:2021-08-02-15--37--23 Colour Conversion Completed
INFO:root:2021-08-02-15--37--23 Sleep Check Completed
INFO:root:2021-08-02-15--37--23 Frame manipulations completed
INFO:root:2021-08-02-15--37--23 Bounding Box Drawn
INFO:root:2021-08-02-15--37--23 MovingFrameQueue Appended
INFO:root:2021-08-02-15--37--23 Colour Conversion Completed
INFO:root:2021-08-02-15--37--23 Sleep Check Completed
INFO:root:2021-08-02-15--37--23 Frame manipulations completed
INFO:root:2021-08-02-15--37--23 Bounding Box Drawn
INFO:root:2021-08-02-15--37--23 MovingFrameQueue Appended
INFO:root:2021-08-02-15--37--23 Colour Conversion Completed
INFO:root:2021-08-02-15--37--23 Sleep Check Completed
INFO:root:2021-08-02-15--37--23 Frame manipulations completed
INFO:root:2021-08-02-15--37--23 Bounding Box Drawn
INFO:root:2021-08-02-15--37--23 MovingFrameQueue Appended
INFO:root:2021-08-02-15--37--23 Colour Conversion Completed
INFO:root:2021-08-02-15--37--23 Sleep Check Completed
INFO:root:2021-08-02-15--37--23 Frame manipulations completed
INFO:root:2021-08-02-15--37--23 Bounding Box Drawn
INFO:root:2021-08-02-15--37--23 MovingFrameQueue Appended
INFO:root:2021-08-02-15--37--24 Colour Conversion Completed
INFO:root:2021-08-02-15--37--24 Sleep Check Completed
INFO:root:2021-08-02-15--37--24 Frame manipulations completed
INFO:root:2021-08-02-15--37--24 Bounding Box Drawn
INFO:root:2021-08-02-15--37--24 MovingFrameQueue Appended
INFO:root:2021-08-02-15--37--24 Colour Conversion Completed
INFO:root:2021-08-02-15--37--24 Sleep Check Completed
INFO:root:2021-08-02-15--37--24 Frame manipulations completed
INFO:root:2021-08-02-15--37--24 Bounding Box Drawn
INFO:root:2021-08-02-15--37--24 MovingFrameQueue Appended
INFO:root:2021-08-02-15--37--24 Colour Conversion Completed
INFO:root:2021-08-02-15--37--24 Sleep Check Completed
INFO:root:2021-08-02-15--37--24 Frame manipulations completed
INFO:root:2021-08-02-15--37--24 Bounding Box Drawn
INFO:root:2021-08-02-15--37--24 MovingFrameQueue Appended
INFO:root:2021-08-02-15--37--24 Colour Conversion Completed
INFO:root:2021-08-02-15--37--24 Sleep Check Completed
INFO:root:2021-08-02-15--37--24 Frame manipulations completed
INFO:root:2021-08-02-15--37--24 Bounding Box Drawn
INFO:root:2021-08-02-15--37--24 MovingFrameQueue Popped
INFO:root:2021-08-02-15--37--24 Colour Conversion Completed
INFO:root:2021-08-02-15--37--24 Sleep Check Completed
INFO:root:2021-08-02-15--37--24 Frame manipulations completed
INFO:root:2021-08-02-15--37--24 Bounding Box Drawn
INFO:root:2021-08-02-15--37--24 MovingFrameQueue Appended
INFO:root:2021-08-02-15--37--24 Colour Conversion Completed
INFO:root:2021-08-02-15--37--24 Sleep Check Completed
INFO:root:2021-08-02-15--37--24 Frame manipulations completed
INFO:root:2021-08-02-15--37--24 Bounding Box Drawn
INFO:root:2021-08-02-15--37--24 MovingFrameQueue Popped
INFO:root:2021-08-02-15--37--24 Colour Conversion Completed
INFO:root:2021-08-02-15--37--24 Sleep Check Completed
INFO:root:2021-08-02-15--37--24 Frame manipulations completed
INFO:root:2021-08-02-15--37--24 Bounding Box Drawn
INFO:root:2021-08-02-15--37--24 MovingFrameQueue Appended
INFO:root:2021-08-02-15--37--24 Colour Conversion Completed
INFO:root:2021-08-02-15--37--24 Sleep Check Completed
INFO:root:2021-08-02-15--37--24 Frame manipulations completed
INFO:root:2021-08-02-15--37--24 Bounding Box Drawn
INFO:root:2021-08-02-15--37--24 MovingFrameQueue Popped
INFO:root:2021-08-02-15--37--24 Colour Conversion Completed
INFO:root:2021-08-02-15--37--24 Sleep Check Completed
INFO:root:2021-08-02-15--37--24 Frame manipulations completed
INFO:root:2021-08-02-15--37--24 Bounding Box Drawn
INFO:root:2021-08-02-15--37--24 MovingFrameQueue Appended
INFO:root:2021-08-02-15--37--25 Colour Conversion Completed
INFO:root:2021-08-02-15--37--25 Sleep Check Completed
INFO:root:2021-08-02-15--37--25 Frame manipulations completed
INFO:root:2021-08-02-15--37--25 Bounding Box Drawn
INFO:root:2021-08-02-15--37--25 MovingFrameQueue Popped
INFO:root:2021-08-02-15--37--25 Colour Conversion Completed
INFO:root:2021-08-02-15--37--25 Sleep Check Completed
INFO:root:2021-08-02-15--37--25 Frame manipulations completed
INFO:root:2021-08-02-15--37--25 Bounding Box Drawn
INFO:root:2021-08-02-15--37--25 MovingFrameQueue Appended
INFO:root:2021-08-02-15--37--25 Colour Conversion Completed
INFO:root:2021-08-02-15--37--25 Sleep Check Completed
INFO:root:2021-08-02-15--37--25 Frame manipulations completed
INFO:root:2021-08-02-15--37--25 Bounding Box Drawn
INFO:root:2021-08-02-15--37--25 MovingFrameQueue Popped
INFO:root:2021-08-02-15--37--25 Colour Conversion Completed
INFO:root:2021-08-02-15--37--25 Sleep Check Completed
INFO:root:2021-08-02-15--37--25 Frame manipulations completed
INFO:root:2021-08-02-15--37--25 Bounding Box Drawn
INFO:root:2021-08-02-15--37--25 MovingFrameQueue Appended
INFO:root:2021-08-02-15--37--25 Colour Conversion Completed
INFO:root:2021-08-02-15--37--25 Sleep Check Completed
INFO:root:2021-08-02-15--37--25 Frame manipulations completed
INFO:root:2021-08-02-15--37--25 Bounding Box Drawn
INFO:root:2021-08-02-15--37--25 MovingFrameQueue Popped
INFO:root:2021-08-02-15--37--25 Colour Conversion Completed
INFO:root:2021-08-02-15--37--25 Sleep Check Completed
INFO:root:2021-08-02-15--37--25 Frame manipulations completed
INFO:root:2021-08-02-15--37--25 Bounding Box Drawn
INFO:root:2021-08-02-15--37--25 MovingFrameQueue Appended
INFO:root:2021-08-02-15--37--25 Colour Conversion Completed
INFO:root:2021-08-02-15--37--25 Sleep Check Completed
INFO:root:2021-08-02-15--37--25 Frame manipulations completed
INFO:root:2021-08-02-15--37--25 Bounding Box Drawn
INFO:root:2021-08-02-15--37--25 MovingFrameQueue Popped
INFO:root:2021-08-02-15--37--25 Colour Conversion Completed
INFO:root:2021-08-02-15--37--25 Sleep Check Completed
INFO:root:2021-08-02-15--37--25 Frame manipulations completed
INFO:root:2021-08-02-15--37--25 Bounding Box Drawn
INFO:root:2021-08-02-15--37--25 MovingFrameQueue Appended
INFO:root:2021-08-02-15--37--25 Colour Conversion Completed
INFO:root:2021-08-02-15--37--25 Sleep Check Completed
INFO:root:2021-08-02-15--37--25 Frame manipulations completed
INFO:root:2021-08-02-15--37--25 Bounding Box Drawn
INFO:root:2021-08-02-15--37--26 MovingFrameQueue Popped
INFO:root:2021-08-02-15--37--26 Colour Conversion Completed
INFO:root:2021-08-02-15--37--26 Sleep Check Completed
INFO:root:2021-08-02-15--37--26 Frame manipulations completed
INFO:root:2021-08-02-15--37--26 Bounding Box Drawn
INFO:root:2021-08-02-15--37--26 MovingFrameQueue Appended
INFO:root:2021-08-02-15--37--26 Colour Conversion Completed
INFO:root:2021-08-02-15--37--26 Sleep Check Completed
INFO:root:2021-08-02-15--37--26 Frame manipulations completed
INFO:root:2021-08-02-15--37--26 Bounding Box Drawn
INFO:root:2021-08-02-15--37--26 MovingFrameQueue Popped
