INFO:root:2021-07-21-12--39--47 Parameter Generation Success
INFO:root:2021-07-21-12--39--47 Colour Conversion Completed
INFO:root:2021-07-21-12--39--47 Sleep Check Completed
INFO:root:2021-07-21-12--39--47 Frame manipulations completed
INFO:root:2021-07-21-12--39--47 Bounding Box Drawn
INFO:root:2021-07-21-12--39--53 MovingFrameQueue Appended
INFO:root:2021-07-21-12--39--53 anomallyFrameTracker resetted to 200
INFO:root:2021-07-21-12--39--53 Colour Conversion Completed
INFO:root:2021-07-21-12--39--53 Sleep Check Completed
INFO:root:2021-07-21-12--39--53 Frame manipulations completed
INFO:root:2021-07-21-12--39--53 Bounding Box Drawn
INFO:root:2021-07-21-12--39--53 MovingFrameQueue Appended
INFO:root:2021-07-21-12--39--53 anomallyFrameTracker resetted to 200
INFO:root:2021-07-21-12--39--53 Colour Conversion Completed
INFO:root:2021-07-21-12--39--53 Sleep Check Completed
INFO:root:2021-07-21-12--39--53 Frame manipulations completed
INFO:root:2021-07-21-12--39--53 Bounding Box Drawn
INFO:root:2021-07-21-12--39--53 MovingFrameQueue Appended
INFO:root:2021-07-21-12--39--53 anomallyFrameTracker resetted to 200
INFO:root:2021-07-21-12--39--53 Colour Conversion Completed
INFO:root:2021-07-21-12--39--53 Sleep Check Completed
INFO:root:2021-07-21-12--39--53 Frame manipulations completed
INFO:root:2021-07-21-12--39--53 Bounding Box Drawn
INFO:root:2021-07-21-12--39--53 MovingFrameQueue Appended
INFO:root:2021-07-21-12--39--53 anomallyFrameTracker resetted to 200
INFO:root:2021-07-21-12--39--53 Colour Conversion Completed
INFO:root:2021-07-21-12--39--53 Sleep Check Completed
INFO:root:2021-07-21-12--39--53 Frame manipulations completed
INFO:root:2021-07-21-12--39--53 Bounding Box Drawn
INFO:root:2021-07-21-12--39--53 MovingFrameQueue Appended
INFO:root:2021-07-21-12--39--53 anomallyFrameTracker resetted to 200
INFO:root:2021-07-21-12--39--53 Colour Conversion Completed
INFO:root:2021-07-21-12--39--53 Sleep Check Completed
INFO:root:2021-07-21-12--39--53 Frame manipulations completed
INFO:root:2021-07-21-12--39--53 Bounding Box Drawn
INFO:root:2021-07-21-12--39--53 MovingFrameQueue Appended
INFO:root:2021-07-21-12--39--53 anomallyFrameTracker resetted to 200
INFO:root:2021-07-21-12--39--53 Colour Conversion Completed
INFO:root:2021-07-21-12--39--54 Sleep Check Completed
INFO:root:2021-07-21-12--39--54 Frame manipulations completed
INFO:root:2021-07-21-12--39--54 Bounding Box Drawn
INFO:root:2021-07-21-12--39--54 MovingFrameQueue Appended
INFO:root:2021-07-21-12--39--54 anomallyFrameTracker resetted to 200
INFO:root:2021-07-21-12--39--54 Colour Conversion Completed
INFO:root:2021-07-21-12--39--54 Sleep Check Completed
INFO:root:2021-07-21-12--39--54 Frame manipulations completed
INFO:root:2021-07-21-12--39--54 Bounding Box Drawn
INFO:root:2021-07-21-12--39--54 MovingFrameQueue Appended
INFO:root:2021-07-21-12--39--54 anomallyFrameTracker resetted to 200
INFO:root:2021-07-21-12--39--54 Colour Conversion Completed
INFO:root:2021-07-21-12--39--54 Sleep Check Completed
INFO:root:2021-07-21-12--39--54 Frame manipulations completed
INFO:root:2021-07-21-12--39--54 Bounding Box Drawn
INFO:root:2021-07-21-12--39--54 MovingFrameQueue Appended
INFO:root:2021-07-21-12--39--54 anomallyFrameTracker resetted to 200
INFO:root:2021-07-21-12--39--54 Colour Conversion Completed
INFO:root:2021-07-21-12--39--54 Sleep Check Completed
INFO:root:2021-07-21-12--39--54 Frame manipulations completed
INFO:root:2021-07-21-12--39--54 Bounding Box Drawn
INFO:root:2021-07-21-12--39--54 MovingFrameQueue Appended
INFO:root:2021-07-21-12--39--54 anomallyFrameTracker resetted to 200
INFO:root:2021-07-21-12--39--54 Colour Conversion Completed
INFO:root:2021-07-21-12--39--54 Sleep Check Completed
INFO:root:2021-07-21-12--39--54 Frame manipulations completed
INFO:root:2021-07-21-12--39--54 Bounding Box Drawn
INFO:root:2021-07-21-12--39--54 MovingFrameQueue Appended
INFO:root:2021-07-21-12--39--54 anomallyFrameTracker resetted to 200
INFO:root:2021-07-21-12--39--54 Colour Conversion Completed
INFO:root:2021-07-21-12--39--54 Sleep Check Completed
INFO:root:2021-07-21-12--39--54 Frame manipulations completed
INFO:root:2021-07-21-12--39--54 Bounding Box Drawn
INFO:root:2021-07-21-12--39--55 MovingFrameQueue Appended
INFO:root:2021-07-21-12--39--55 anomallyFrameTracker resetted to 200
INFO:root:2021-07-21-12--39--55 Colour Conversion Completed
INFO:root:2021-07-21-12--39--55 Sleep Check Completed
INFO:root:2021-07-21-12--39--55 Frame manipulations completed
INFO:root:2021-07-21-12--39--55 Bounding Box Drawn
INFO:root:2021-07-21-12--39--55 MovingFrameQueue Appended
INFO:root:2021-07-21-12--39--55 anomallyFrameTracker resetted to 200
INFO:root:2021-07-21-12--39--55 Colour Conversion Completed
INFO:root:2021-07-21-12--39--55 Sleep Check Completed
INFO:root:2021-07-21-12--39--55 Frame manipulations completed
INFO:root:2021-07-21-12--39--55 Bounding Box Drawn
INFO:root:2021-07-21-12--39--55 MovingFrameQueue Appended
INFO:root:2021-07-21-12--39--55 anomallyFrameTracker resetted to 200
INFO:root:2021-07-21-12--39--55 Colour Conversion Completed
INFO:root:2021-07-21-12--39--55 Sleep Check Completed
INFO:root:2021-07-21-12--39--55 Frame manipulations completed
INFO:root:2021-07-21-12--39--55 Bounding Box Drawn
INFO:root:2021-07-21-12--39--55 MovingFrameQueue Appended
INFO:root:2021-07-21-12--39--55 anomallyFrameTracker resetted to 200
INFO:root:2021-07-21-12--39--55 Colour Conversion Completed
INFO:root:2021-07-21-12--39--55 Sleep Check Completed
INFO:root:2021-07-21-12--39--55 Frame manipulations completed
INFO:root:2021-07-21-12--39--55 Bounding Box Drawn
INFO:root:2021-07-21-12--39--55 MovingFrameQueue Appended
INFO:root:2021-07-21-12--39--55 anomallyFrameTracker resetted to 200
INFO:root:2021-07-21-12--39--55 Colour Conversion Completed
INFO:root:2021-07-21-12--39--55 Sleep Check Completed
INFO:root:2021-07-21-12--39--55 Frame manipulations completed
INFO:root:2021-07-21-12--39--55 Bounding Box Drawn
INFO:root:2021-07-21-12--39--55 MovingFrameQueue Appended
INFO:root:2021-07-21-12--39--55 anomallyFrameTracker resetted to 200
INFO:root:2021-07-21-12--39--55 Colour Conversion Completed
INFO:root:2021-07-21-12--39--55 Sleep Check Completed
INFO:root:2021-07-21-12--39--55 Frame manipulations completed
INFO:root:2021-07-21-12--39--55 Bounding Box Drawn
INFO:root:2021-07-21-12--39--55 MovingFrameQueue Appended
INFO:root:2021-07-21-12--39--55 anomallyFrameTracker resetted to 200
INFO:root:2021-07-21-12--39--55 Colour Conversion Completed
INFO:root:2021-07-21-12--39--55 Sleep Check Completed
INFO:root:2021-07-21-12--39--55 Frame manipulations completed
INFO:root:2021-07-21-12--39--55 Bounding Box Drawn
INFO:root:2021-07-21-12--39--56 MovingFrameQueue Appended
INFO:root:2021-07-21-12--39--56 anomallyFrameTracker resetted to 200
INFO:root:2021-07-21-12--39--56 Colour Conversion Completed
INFO:root:2021-07-21-12--39--56 Sleep Check Completed
INFO:root:2021-07-21-12--39--56 Frame manipulations completed
INFO:root:2021-07-21-12--39--56 Bounding Box Drawn
INFO:root:2021-07-21-12--39--56 MovingFrameQueue Appended
INFO:root:2021-07-21-12--39--56 anomallyFrameTracker resetted to 200
INFO:root:2021-07-21-12--39--56 Colour Conversion Completed
INFO:root:2021-07-21-12--39--56 Sleep Check Completed
INFO:root:2021-07-21-12--39--56 Frame manipulations completed
INFO:root:2021-07-21-12--39--56 Bounding Box Drawn
INFO:root:2021-07-21-12--39--56 MovingFrameQueue Appended
INFO:root:2021-07-21-12--39--56 anomallyFrameTracker resetted to 200
INFO:root:2021-07-21-12--39--56 Colour Conversion Completed
INFO:root:2021-07-21-12--39--56 Sleep Check Completed
INFO:root:2021-07-21-12--39--56 Frame manipulations completed
INFO:root:2021-07-21-12--39--56 Bounding Box Drawn
INFO:root:2021-07-21-12--39--56 MovingFrameQueue Appended
INFO:root:2021-07-21-12--39--56 anomallyFrameTracker resetted to 200
INFO:root:2021-07-21-12--39--56 Colour Conversion Completed
INFO:root:2021-07-21-12--39--56 Sleep Check Completed
INFO:root:2021-07-21-12--39--56 Frame manipulations completed
INFO:root:2021-07-21-12--39--56 Bounding Box Drawn
INFO:root:2021-07-21-12--39--56 MovingFrameQueue Appended
INFO:root:2021-07-21-12--39--56 anomallyFrameTracker resetted to 200
INFO:root:2021-07-21-12--39--56 Colour Conversion Completed
INFO:root:2021-07-21-12--39--56 Sleep Check Completed
INFO:root:2021-07-21-12--39--56 Frame manipulations completed
INFO:root:2021-07-21-12--39--56 Bounding Box Drawn
INFO:root:2021-07-21-12--39--57 MovingFrameQueue Appended
INFO:root:2021-07-21-12--39--57 anomallyFrameTracker resetted to 200
INFO:root:2021-07-21-12--39--57 Colour Conversion Completed
INFO:root:2021-07-21-12--39--57 Sleep Check Completed
INFO:root:2021-07-21-12--39--57 Frame manipulations completed
INFO:root:2021-07-21-12--39--57 Bounding Box Drawn
INFO:root:2021-07-21-12--39--57 MovingFrameQueue Appended
INFO:root:2021-07-21-12--39--57 anomallyFrameTracker resetted to 200
INFO:root:2021-07-21-12--39--57 Colour Conversion Completed
INFO:root:2021-07-21-12--39--57 Sleep Check Completed
INFO:root:2021-07-21-12--39--57 Frame manipulations completed
INFO:root:2021-07-21-12--39--57 Bounding Box Drawn
INFO:root:2021-07-21-12--39--57 MovingFrameQueue Appended
INFO:root:2021-07-21-12--39--57 anomallyFrameTracker resetted to 200
INFO:root:2021-07-21-12--39--57 Colour Conversion Completed
INFO:root:2021-07-21-12--39--57 Sleep Check Completed
INFO:root:2021-07-21-12--39--57 Frame manipulations completed
INFO:root:2021-07-21-12--39--57 Bounding Box Drawn
INFO:root:2021-07-21-12--39--57 MovingFrameQueue Appended
INFO:root:2021-07-21-12--39--57 anomallyFrameTracker resetted to 200
INFO:root:2021-07-21-12--39--57 Colour Conversion Completed
INFO:root:2021-07-21-12--39--57 Sleep Check Completed
INFO:root:2021-07-21-12--39--57 Frame manipulations completed
INFO:root:2021-07-21-12--39--57 Bounding Box Drawn
INFO:root:2021-07-21-12--39--57 MovingFrameQueue Appended
INFO:root:2021-07-21-12--39--57 anomallyFrameTracker resetted to 200
INFO:root:2021-07-21-12--39--57 Colour Conversion Completed
INFO:root:2021-07-21-12--39--57 Sleep Check Completed
INFO:root:2021-07-21-12--39--57 Frame manipulations completed
INFO:root:2021-07-21-12--39--57 Bounding Box Drawn
INFO:root:2021-07-21-12--39--57 MovingFrameQueue Appended
INFO:root:2021-07-21-12--39--57 anomallyFrameTracker resetted to 200
INFO:root:2021-07-21-12--39--57 Colour Conversion Completed
INFO:root:2021-07-21-12--39--58 Sleep Check Completed
INFO:root:2021-07-21-12--39--58 Frame manipulations completed
INFO:root:2021-07-21-12--39--58 Bounding Box Drawn
INFO:root:2021-07-21-12--39--58 MovingFrameQueue Appended
INFO:root:2021-07-21-12--39--58 anomallyFrameTracker resetted to 200
INFO:root:2021-07-21-12--39--58 Colour Conversion Completed
INFO:root:2021-07-21-12--39--58 Sleep Check Completed
INFO:root:2021-07-21-12--39--58 Frame manipulations completed
INFO:root:2021-07-21-12--39--58 Bounding Box Drawn
INFO:root:2021-07-21-12--39--58 MovingFrameQueue Appended
INFO:root:2021-07-21-12--39--58 anomallyFrameTracker resetted to 200
INFO:root:2021-07-21-12--39--58 Colour Conversion Completed
INFO:root:2021-07-21-12--39--58 Sleep Check Completed
INFO:root:2021-07-21-12--39--58 Frame manipulations completed
INFO:root:2021-07-21-12--39--58 Bounding Box Drawn
INFO:root:2021-07-21-12--39--58 MovingFrameQueue Appended
INFO:root:2021-07-21-12--39--58 anomallyFrameTracker resetted to 200
INFO:root:2021-07-21-12--39--58 Colour Conversion Completed
INFO:root:2021-07-21-12--39--58 Sleep Check Completed
INFO:root:2021-07-21-12--39--58 Frame manipulations completed
INFO:root:2021-07-21-12--39--58 Bounding Box Drawn
INFO:root:2021-07-21-12--39--58 MovingFrameQueue Appended
INFO:root:2021-07-21-12--39--58 anomallyFrameTracker resetted to 200
INFO:root:2021-07-21-12--39--58 Colour Conversion Completed
INFO:root:2021-07-21-12--39--58 Sleep Check Completed
INFO:root:2021-07-21-12--39--58 Frame manipulations completed
INFO:root:2021-07-21-12--39--58 Bounding Box Drawn
INFO:root:2021-07-21-12--39--59 MovingFrameQueue Appended
INFO:root:2021-07-21-12--39--59 anomallyFrameTracker resetted to 200
INFO:root:2021-07-21-12--39--59 Colour Conversion Completed
INFO:root:2021-07-21-12--39--59 Sleep Check Completed
INFO:root:2021-07-21-12--39--59 Frame manipulations completed
INFO:root:2021-07-21-12--39--59 Bounding Box Drawn
INFO:root:2021-07-21-12--39--59 MovingFrameQueue Appended
INFO:root:2021-07-21-12--39--59 anomallyFrameTracker resetted to 200
INFO:root:2021-07-21-12--39--59 Colour Conversion Completed
INFO:root:2021-07-21-12--39--59 Sleep Check Completed
INFO:root:2021-07-21-12--39--59 Frame manipulations completed
INFO:root:2021-07-21-12--39--59 Bounding Box Drawn
INFO:root:2021-07-21-12--39--59 MovingFrameQueue Appended
INFO:root:2021-07-21-12--39--59 anomallyFrameTracker resetted to 200
INFO:root:2021-07-21-12--39--59 Colour Conversion Completed
INFO:root:2021-07-21-12--39--59 Sleep Check Completed
INFO:root:2021-07-21-12--39--59 Frame manipulations completed
INFO:root:2021-07-21-12--39--59 Bounding Box Drawn
INFO:root:2021-07-21-12--39--59 MovingFrameQueue Appended
INFO:root:2021-07-21-12--39--59 anomallyFrameTracker resetted to 200
INFO:root:2021-07-21-12--39--59 Colour Conversion Completed
INFO:root:2021-07-21-12--39--59 Sleep Check Completed
INFO:root:2021-07-21-12--39--59 Frame manipulations completed
INFO:root:2021-07-21-12--39--59 Bounding Box Drawn
INFO:root:2021-07-21-12--39--59 MovingFrameQueue Appended
INFO:root:2021-07-21-12--39--59 anomallyFrameTracker resetted to 200
INFO:root:2021-07-21-12--39--59 Colour Conversion Completed
INFO:root:2021-07-21-12--39--59 Sleep Check Completed
INFO:root:2021-07-21-12--39--59 Frame manipulations completed
INFO:root:2021-07-21-12--39--59 Bounding Box Drawn
INFO:root:2021-07-21-12--40--00 MovingFrameQueue Appended
INFO:root:2021-07-21-12--40--00 anomallyFrameTracker resetted to 200
INFO:root:2021-07-21-12--40--00 Colour Conversion Completed
INFO:root:2021-07-21-12--40--00 Sleep Check Completed
INFO:root:2021-07-21-12--40--00 Frame manipulations completed
INFO:root:2021-07-21-12--40--00 Bounding Box Drawn
INFO:root:2021-07-21-12--40--00 MovingFrameQueue Appended
INFO:root:2021-07-21-12--40--00 anomallyFrameTracker resetted to 200
INFO:root:2021-07-21-12--40--00 Colour Conversion Completed
INFO:root:2021-07-21-12--40--00 Sleep Check Completed
INFO:root:2021-07-21-12--40--00 Frame manipulations completed
INFO:root:2021-07-21-12--40--00 Bounding Box Drawn
INFO:root:2021-07-21-12--40--00 MovingFrameQueue Appended
INFO:root:2021-07-21-12--40--00 anomallyFrameTracker resetted to 200
INFO:root:2021-07-21-12--40--00 Colour Conversion Completed
INFO:root:2021-07-21-12--40--00 Sleep Check Completed
INFO:root:2021-07-21-12--40--00 Frame manipulations completed
INFO:root:2021-07-21-12--40--00 Bounding Box Drawn
INFO:root:2021-07-21-12--40--00 MovingFrameQueue Appended
INFO:root:2021-07-21-12--40--00 anomallyFrameTracker resetted to 200
INFO:root:2021-07-21-12--40--00 Colour Conversion Completed
INFO:root:2021-07-21-12--40--00 Sleep Check Completed
INFO:root:2021-07-21-12--40--00 Frame manipulations completed
INFO:root:2021-07-21-12--40--00 Bounding Box Drawn
INFO:root:2021-07-21-12--40--00 MovingFrameQueue Appended
INFO:root:2021-07-21-12--40--00 anomallyFrameTracker resetted to 200
INFO:root:2021-07-21-12--40--00 Colour Conversion Completed
INFO:root:2021-07-21-12--40--00 Sleep Check Completed
INFO:root:2021-07-21-12--40--00 Frame manipulations completed
INFO:root:2021-07-21-12--40--00 Bounding Box Drawn
INFO:root:2021-07-21-12--40--00 MovingFrameQueue Appended
INFO:root:2021-07-21-12--40--00 anomallyFrameTracker resetted to 200
INFO:root:2021-07-21-12--40--00 Colour Conversion Completed
INFO:root:2021-07-21-12--40--00 Sleep Check Completed
INFO:root:2021-07-21-12--40--00 Frame manipulations completed
INFO:root:2021-07-21-12--40--00 Bounding Box Drawn
INFO:root:2021-07-21-12--40--01 MovingFrameQueue Appended
INFO:root:2021-07-21-12--40--01 anomallyFrameTracker resetted to 200
INFO:root:2021-07-21-12--40--01 Colour Conversion Completed
INFO:root:2021-07-21-12--40--01 Sleep Check Completed
INFO:root:2021-07-21-12--40--01 Frame manipulations completed
INFO:root:2021-07-21-12--40--01 Bounding Box Drawn
INFO:root:2021-07-21-12--40--01 MovingFrameQueue Appended
INFO:root:2021-07-21-12--40--01 anomallyFrameTracker resetted to 200
INFO:root:2021-07-21-12--40--01 Colour Conversion Completed
INFO:root:2021-07-21-12--40--01 Sleep Check Completed
INFO:root:2021-07-21-12--40--01 Frame manipulations completed
INFO:root:2021-07-21-12--40--01 Bounding Box Drawn
INFO:root:2021-07-21-12--40--01 MovingFrameQueue Appended
INFO:root:2021-07-21-12--40--01 anomallyFrameTracker resetted to 200
INFO:root:2021-07-21-12--40--01 Colour Conversion Completed
INFO:root:2021-07-21-12--40--01 Sleep Check Completed
INFO:root:2021-07-21-12--40--01 Frame manipulations completed
INFO:root:2021-07-21-12--40--01 Bounding Box Drawn
INFO:root:2021-07-21-12--40--01 MovingFrameQueue Appended
INFO:root:2021-07-21-12--40--01 anomallyFrameTracker resetted to 200
INFO:root:2021-07-21-12--40--01 Colour Conversion Completed
INFO:root:2021-07-21-12--40--01 Sleep Check Completed
INFO:root:2021-07-21-12--40--01 Frame manipulations completed
INFO:root:2021-07-21-12--40--01 Bounding Box Drawn
INFO:root:2021-07-21-12--40--01 MovingFrameQueue Appended
INFO:root:2021-07-21-12--40--01 anomallyFrameTracker resetted to 200
INFO:root:2021-07-21-12--40--01 Colour Conversion Completed
INFO:root:2021-07-21-12--40--01 Sleep Check Completed
INFO:root:2021-07-21-12--40--01 Frame manipulations completed
INFO:root:2021-07-21-12--40--01 Bounding Box Drawn
INFO:root:2021-07-21-12--40--01 MovingFrameQueue Appended
INFO:root:2021-07-21-12--40--01 anomallyFrameTracker resetted to 200
INFO:root:2021-07-21-12--40--01 Colour Conversion Completed
INFO:root:2021-07-21-12--40--01 Sleep Check Completed
INFO:root:2021-07-21-12--40--01 Frame manipulations completed
INFO:root:2021-07-21-12--40--01 Bounding Box Drawn
INFO:root:2021-07-21-12--40--02 MovingFrameQueue Appended
INFO:root:2021-07-21-12--40--02 anomallyFrameTracker resetted to 200
INFO:root:2021-07-21-12--40--02 Colour Conversion Completed
INFO:root:2021-07-21-12--40--02 Sleep Check Completed
INFO:root:2021-07-21-12--40--02 Frame manipulations completed
INFO:root:2021-07-21-12--40--02 Bounding Box Drawn
INFO:root:2021-07-21-12--40--02 MovingFrameQueue Popped
INFO:root:2021-07-21-12--40--02 anomallyFrameTracker resetted to 200
INFO:root:2021-07-21-12--40--02 Colour Conversion Completed
INFO:root:2021-07-21-12--40--02 Sleep Check Completed
INFO:root:2021-07-21-12--40--02 Frame manipulations completed
INFO:root:2021-07-21-12--40--02 Bounding Box Drawn
INFO:root:2021-07-21-12--40--02 MovingFrameQueue Appended
INFO:root:2021-07-21-12--40--02 anomallyFrameTracker resetted to 200
INFO:root:2021-07-21-12--40--02 Colour Conversion Completed
INFO:root:2021-07-21-12--40--02 Sleep Check Completed
INFO:root:2021-07-21-12--40--02 Frame manipulations completed
INFO:root:2021-07-21-12--40--02 Bounding Box Drawn
INFO:root:2021-07-21-12--40--02 MovingFrameQueue Popped
INFO:root:2021-07-21-12--40--02 anomallyFrameTracker resetted to 200
INFO:root:2021-07-21-12--40--02 Colour Conversion Completed
INFO:root:2021-07-21-12--40--02 Sleep Check Completed
INFO:root:2021-07-21-12--40--02 Frame manipulations completed
INFO:root:2021-07-21-12--40--02 Bounding Box Drawn
INFO:root:2021-07-21-12--40--03 MovingFrameQueue Appended
INFO:root:2021-07-21-12--40--03 anomallyFrameTracker resetted to 200
INFO:root:2021-07-21-12--40--03 Colour Conversion Completed
INFO:root:2021-07-21-12--40--03 Sleep Check Completed
INFO:root:2021-07-21-12--40--03 Frame manipulations completed
INFO:root:2021-07-21-12--40--03 Bounding Box Drawn
INFO:root:2021-07-21-12--40--03 MovingFrameQueue Popped
INFO:root:2021-07-21-12--40--03 anomallyFrameTracker resetted to 200
INFO:root:2021-07-21-12--40--03 Colour Conversion Completed
INFO:root:2021-07-21-12--40--03 Sleep Check Completed
INFO:root:2021-07-21-12--40--03 Frame manipulations completed
INFO:root:2021-07-21-12--40--03 Bounding Box Drawn
INFO:root:2021-07-21-12--40--03 MovingFrameQueue Appended
INFO:root:2021-07-21-12--40--03 anomallyFrameTracker resetted to 200
INFO:root:2021-07-21-12--40--03 Colour Conversion Completed
INFO:root:2021-07-21-12--40--03 Sleep Check Completed
INFO:root:2021-07-21-12--40--03 Frame manipulations completed
INFO:root:2021-07-21-12--40--03 Bounding Box Drawn
INFO:root:2021-07-21-12--40--03 MovingFrameQueue Popped
INFO:root:2021-07-21-12--40--03 anomallyFrameTracker resetted to 200
INFO:root:2021-07-21-12--40--03 Colour Conversion Completed
INFO:root:2021-07-21-12--40--03 Sleep Check Completed
INFO:root:2021-07-21-12--40--03 Frame manipulations completed
INFO:root:2021-07-21-12--40--03 Bounding Box Drawn
INFO:root:2021-07-21-12--40--03 MovingFrameQueue Appended
INFO:root:2021-07-21-12--40--03 anomallyFrameTracker resetted to 200
INFO:root:2021-07-21-12--40--03 Colour Conversion Completed
INFO:root:2021-07-21-12--40--04 Sleep Check Completed
INFO:root:2021-07-21-12--40--04 Frame manipulations completed
INFO:root:2021-07-21-12--40--04 Bounding Box Drawn
