INFO:root:2021-07-23-14--30--37 Parameter Generation Success
INFO:root:2021-07-23-14--30--40 Colour Conversion Completed
INFO:root:2021-07-23-14--30--40 Sleep Check Completed
INFO:root:2021-07-23-14--30--40 Frame manipulations completed
INFO:root:2021-07-23-14--30--40 Bounding Box Drawn
INFO:root:2021-07-23-14--30--40 MovingFrameQueue Appended
INFO:root:2021-07-23-14--30--40 anomallyFrameTracker resetted to 200
INFO:root:2021-07-23-14--30--40 Colour Conversion Completed
INFO:root:2021-07-23-14--30--40 Sleep Check Completed
INFO:root:2021-07-23-14--30--40 Frame manipulations completed
INFO:root:2021-07-23-14--30--40 Bounding Box Drawn
INFO:root:2021-07-23-14--30--40 MovingFrameQueue Appended
INFO:root:2021-07-23-14--30--40 anomallyFrameTracker resetted to 200
INFO:root:2021-07-23-14--30--40 Colour Conversion Completed
INFO:root:2021-07-23-14--30--40 Sleep Check Completed
INFO:root:2021-07-23-14--30--40 Frame manipulations completed
INFO:root:2021-07-23-14--30--40 Bounding Box Drawn
INFO:root:2021-07-23-14--30--40 MovingFrameQueue Appended
INFO:root:2021-07-23-14--30--40 anomallyFrameTracker resetted to 200
INFO:root:2021-07-23-14--30--40 Colour Conversion Completed
INFO:root:2021-07-23-14--30--40 Sleep Check Completed
INFO:root:2021-07-23-14--30--40 Frame manipulations completed
INFO:root:2021-07-23-14--30--40 Bounding Box Drawn
INFO:root:2021-07-23-14--30--40 MovingFrameQueue Appended
INFO:root:2021-07-23-14--30--40 anomallyFrameTracker resetted to 200
INFO:root:2021-07-23-14--30--40 Colour Conversion Completed
INFO:root:2021-07-23-14--30--40 Sleep Check Completed
INFO:root:2021-07-23-14--30--40 Frame manipulations completed
INFO:root:2021-07-23-14--30--40 Bounding Box Drawn
INFO:root:2021-07-23-14--30--40 MovingFrameQueue Appended
INFO:root:2021-07-23-14--30--40 anomallyFrameTracker resetted to 200
INFO:root:2021-07-23-14--30--40 Colour Conversion Completed
INFO:root:2021-07-23-14--30--40 Sleep Check Completed
INFO:root:2021-07-23-14--30--40 Frame manipulations completed
INFO:root:2021-07-23-14--30--40 Bounding Box Drawn
INFO:root:2021-07-23-14--30--40 MovingFrameQueue Appended
INFO:root:2021-07-23-14--30--40 anomallyFrameTracker resetted to 200
INFO:root:2021-07-23-14--30--40 Colour Conversion Completed
INFO:root:2021-07-23-14--30--40 Sleep Check Completed
INFO:root:2021-07-23-14--30--40 Frame manipulations completed
INFO:root:2021-07-23-14--30--40 Bounding Box Drawn
INFO:root:2021-07-23-14--30--40 MovingFrameQueue Appended
INFO:root:2021-07-23-14--30--40 anomallyFrameTracker resetted to 200
INFO:root:2021-07-23-14--30--40 Colour Conversion Completed
INFO:root:2021-07-23-14--30--40 Sleep Check Completed
INFO:root:2021-07-23-14--30--40 Frame manipulations completed
INFO:root:2021-07-23-14--30--40 Bounding Box Drawn
INFO:root:2021-07-23-14--30--41 MovingFrameQueue Appended
INFO:root:2021-07-23-14--30--41 anomallyFrameTracker resetted to 200
INFO:root:2021-07-23-14--30--41 Colour Conversion Completed
INFO:root:2021-07-23-14--30--41 Sleep Check Completed
INFO:root:2021-07-23-14--30--41 Frame manipulations completed
INFO:root:2021-07-23-14--30--41 Bounding Box Drawn
INFO:root:2021-07-23-14--30--41 MovingFrameQueue Appended
INFO:root:2021-07-23-14--30--41 anomallyFrameTracker resetted to 200
INFO:root:2021-07-23-14--30--41 Colour Conversion Completed
INFO:root:2021-07-23-14--30--41 Sleep Check Completed
INFO:root:2021-07-23-14--30--41 Frame manipulations completed
INFO:root:2021-07-23-14--30--41 Bounding Box Drawn
INFO:root:2021-07-23-14--30--41 MovingFrameQueue Appended
INFO:root:2021-07-23-14--30--41 anomallyFrameTracker resetted to 200
INFO:root:2021-07-23-14--30--41 Colour Conversion Completed
INFO:root:2021-07-23-14--30--41 Sleep Check Completed
INFO:root:2021-07-23-14--30--41 Frame manipulations completed
INFO:root:2021-07-23-14--30--41 Bounding Box Drawn
INFO:root:2021-07-23-14--30--41 MovingFrameQueue Appended
INFO:root:2021-07-23-14--30--41 anomallyFrameTracker resetted to 200
INFO:root:2021-07-23-14--30--41 Colour Conversion Completed
INFO:root:2021-07-23-14--30--41 Sleep Check Completed
INFO:root:2021-07-23-14--30--41 Frame manipulations completed
INFO:root:2021-07-23-14--30--41 Bounding Box Drawn
INFO:root:2021-07-23-14--30--41 MovingFrameQueue Appended
INFO:root:2021-07-23-14--30--41 anomallyFrameTracker resetted to 200
INFO:root:2021-07-23-14--30--41 Colour Conversion Completed
INFO:root:2021-07-23-14--30--41 Sleep Check Completed
INFO:root:2021-07-23-14--30--41 Frame manipulations completed
INFO:root:2021-07-23-14--30--41 Bounding Box Drawn
INFO:root:2021-07-23-14--30--41 MovingFrameQueue Appended
INFO:root:2021-07-23-14--30--41 anomallyFrameTracker resetted to 200
INFO:root:2021-07-23-14--30--41 Colour Conversion Completed
INFO:root:2021-07-23-14--30--41 Sleep Check Completed
INFO:root:2021-07-23-14--30--41 Frame manipulations completed
INFO:root:2021-07-23-14--30--41 Bounding Box Drawn
INFO:root:2021-07-23-14--30--41 MovingFrameQueue Appended
INFO:root:2021-07-23-14--30--41 anomallyFrameTracker resetted to 200
INFO:root:2021-07-23-14--30--41 Colour Conversion Completed
INFO:root:2021-07-23-14--30--41 Sleep Check Completed
INFO:root:2021-07-23-14--30--41 Frame manipulations completed
INFO:root:2021-07-23-14--30--41 Bounding Box Drawn
INFO:root:2021-07-23-14--30--41 MovingFrameQueue Appended
INFO:root:2021-07-23-14--30--41 anomallyFrameTracker resetted to 200
INFO:root:2021-07-23-14--30--41 Colour Conversion Completed
INFO:root:2021-07-23-14--30--41 Sleep Check Completed
INFO:root:2021-07-23-14--30--41 Frame manipulations completed
INFO:root:2021-07-23-14--30--41 Bounding Box Drawn
INFO:root:2021-07-23-14--30--41 MovingFrameQueue Appended
INFO:root:2021-07-23-14--30--41 anomallyFrameTracker resetted to 200
INFO:root:2021-07-23-14--30--41 Colour Conversion Completed
INFO:root:2021-07-23-14--30--41 Sleep Check Completed
INFO:root:2021-07-23-14--30--41 Frame manipulations completed
INFO:root:2021-07-23-14--30--41 Bounding Box Drawn
INFO:root:2021-07-23-14--30--42 MovingFrameQueue Appended
INFO:root:2021-07-23-14--30--42 anomallyFrameTracker resetted to 200
INFO:root:2021-07-23-14--30--42 Colour Conversion Completed
INFO:root:2021-07-23-14--30--42 Sleep Check Completed
INFO:root:2021-07-23-14--30--42 Frame manipulations completed
INFO:root:2021-07-23-14--30--42 Bounding Box Drawn
INFO:root:2021-07-23-14--30--42 MovingFrameQueue Appended
INFO:root:2021-07-23-14--30--42 anomallyFrameTracker resetted to 200
INFO:root:2021-07-23-14--30--42 Colour Conversion Completed
INFO:root:2021-07-23-14--30--42 Sleep Check Completed
INFO:root:2021-07-23-14--30--42 Frame manipulations completed
INFO:root:2021-07-23-14--30--42 Bounding Box Drawn
INFO:root:2021-07-23-14--30--42 MovingFrameQueue Appended
INFO:root:2021-07-23-14--30--42 anomallyFrameTracker resetted to 200
INFO:root:2021-07-23-14--30--42 Colour Conversion Completed
INFO:root:2021-07-23-14--30--42 Sleep Check Completed
INFO:root:2021-07-23-14--30--42 Frame manipulations completed
INFO:root:2021-07-23-14--30--42 Bounding Box Drawn
INFO:root:2021-07-23-14--30--42 MovingFrameQueue Appended
INFO:root:2021-07-23-14--30--42 anomallyFrameTracker resetted to 200
INFO:root:2021-07-23-14--30--42 Colour Conversion Completed
INFO:root:2021-07-23-14--30--42 Sleep Check Completed
INFO:root:2021-07-23-14--30--42 Frame manipulations completed
INFO:root:2021-07-23-14--30--42 Bounding Box Drawn
INFO:root:2021-07-23-14--30--42 MovingFrameQueue Appended
INFO:root:2021-07-23-14--30--42 anomallyFrameTracker resetted to 200
INFO:root:2021-07-23-14--30--42 Colour Conversion Completed
INFO:root:2021-07-23-14--30--42 Sleep Check Completed
INFO:root:2021-07-23-14--30--42 Frame manipulations completed
INFO:root:2021-07-23-14--30--42 Bounding Box Drawn
INFO:root:2021-07-23-14--30--42 MovingFrameQueue Appended
INFO:root:2021-07-23-14--30--42 anomallyFrameTracker resetted to 200
INFO:root:2021-07-23-14--30--42 Colour Conversion Completed
INFO:root:2021-07-23-14--30--42 Sleep Check Completed
INFO:root:2021-07-23-14--30--42 Frame manipulations completed
INFO:root:2021-07-23-14--30--42 Bounding Box Drawn
INFO:root:2021-07-23-14--30--42 MovingFrameQueue Appended
INFO:root:2021-07-23-14--30--42 anomallyFrameTracker resetted to 200
INFO:root:2021-07-23-14--30--42 Colour Conversion Completed
INFO:root:2021-07-23-14--30--42 Sleep Check Completed
INFO:root:2021-07-23-14--30--42 Frame manipulations completed
INFO:root:2021-07-23-14--30--42 Bounding Box Drawn
INFO:root:2021-07-23-14--30--42 MovingFrameQueue Appended
INFO:root:2021-07-23-14--30--42 anomallyFrameTracker resetted to 200
INFO:root:2021-07-23-14--30--42 Colour Conversion Completed
INFO:root:2021-07-23-14--30--42 Sleep Check Completed
INFO:root:2021-07-23-14--30--42 Frame manipulations completed
INFO:root:2021-07-23-14--30--42 Bounding Box Drawn
INFO:root:2021-07-23-14--30--42 MovingFrameQueue Appended
INFO:root:2021-07-23-14--30--42 anomallyFrameTracker resetted to 200
INFO:root:2021-07-23-14--30--45 Colour Conversion Completed
INFO:root:2021-07-23-14--30--45 Sleep Check Completed
INFO:root:2021-07-23-14--30--45 Frame manipulations completed
INFO:root:2021-07-23-14--30--45 Bounding Box Drawn
INFO:root:2021-07-23-14--30--45 MovingFrameQueue Appended
INFO:root:2021-07-23-14--30--45 anomallyFrameTracker resetted to 200
INFO:root:2021-07-23-14--30--45 Colour Conversion Completed
INFO:root:2021-07-23-14--30--45 Sleep Check Completed
INFO:root:2021-07-23-14--30--45 Frame manipulations completed
INFO:root:2021-07-23-14--30--45 Bounding Box Drawn
INFO:root:2021-07-23-14--30--45 MovingFrameQueue Appended
INFO:root:2021-07-23-14--30--45 anomallyFrameTracker resetted to 200
INFO:root:2021-07-23-14--30--45 Colour Conversion Completed
INFO:root:2021-07-23-14--30--45 Sleep Check Completed
INFO:root:2021-07-23-14--30--45 Frame manipulations completed
INFO:root:2021-07-23-14--30--45 Bounding Box Drawn
INFO:root:2021-07-23-14--30--45 MovingFrameQueue Appended
INFO:root:2021-07-23-14--30--45 anomallyFrameTracker resetted to 200
INFO:root:2021-07-23-14--30--45 Colour Conversion Completed
INFO:root:2021-07-23-14--30--45 Sleep Check Completed
INFO:root:2021-07-23-14--30--45 Frame manipulations completed
INFO:root:2021-07-23-14--30--45 Bounding Box Drawn
INFO:root:2021-07-23-14--30--45 MovingFrameQueue Appended
INFO:root:2021-07-23-14--30--45 anomallyFrameTracker resetted to 200
INFO:root:2021-07-23-14--30--45 Colour Conversion Completed
INFO:root:2021-07-23-14--30--45 Sleep Check Completed
INFO:root:2021-07-23-14--30--45 Frame manipulations completed
INFO:root:2021-07-23-14--30--45 Bounding Box Drawn
INFO:root:2021-07-23-14--30--46 MovingFrameQueue Appended
INFO:root:2021-07-23-14--30--46 anomallyFrameTracker resetted to 200
INFO:root:2021-07-23-14--30--46 Colour Conversion Completed
INFO:root:2021-07-23-14--30--46 Sleep Check Completed
INFO:root:2021-07-23-14--30--46 Frame manipulations completed
INFO:root:2021-07-23-14--30--46 Bounding Box Drawn
INFO:root:2021-07-23-14--30--46 MovingFrameQueue Appended
INFO:root:2021-07-23-14--30--46 anomallyFrameTracker resetted to 200
INFO:root:2021-07-23-14--30--46 Colour Conversion Completed
INFO:root:2021-07-23-14--30--46 Sleep Check Completed
INFO:root:2021-07-23-14--30--46 Frame manipulations completed
INFO:root:2021-07-23-14--30--46 Bounding Box Drawn
INFO:root:2021-07-23-14--30--46 MovingFrameQueue Appended
INFO:root:2021-07-23-14--30--46 anomallyFrameTracker resetted to 200
INFO:root:2021-07-23-14--30--46 Colour Conversion Completed
INFO:root:2021-07-23-14--30--46 Sleep Check Completed
INFO:root:2021-07-23-14--30--46 Frame manipulations completed
INFO:root:2021-07-23-14--30--46 Bounding Box Drawn
INFO:root:2021-07-23-14--30--46 MovingFrameQueue Appended
INFO:root:2021-07-23-14--30--46 anomallyFrameTracker resetted to 200
INFO:root:2021-07-23-14--30--46 Colour Conversion Completed
INFO:root:2021-07-23-14--30--46 Sleep Check Completed
INFO:root:2021-07-23-14--30--46 Frame manipulations completed
INFO:root:2021-07-23-14--30--46 Bounding Box Drawn
INFO:root:2021-07-23-14--30--46 MovingFrameQueue Appended
INFO:root:2021-07-23-14--30--46 anomallyFrameTracker resetted to 200
INFO:root:2021-07-23-14--30--46 Colour Conversion Completed
INFO:root:2021-07-23-14--30--46 Sleep Check Completed
INFO:root:2021-07-23-14--30--46 Frame manipulations completed
INFO:root:2021-07-23-14--30--46 Bounding Box Drawn
INFO:root:2021-07-23-14--30--46 MovingFrameQueue Appended
INFO:root:2021-07-23-14--30--46 anomallyFrameTracker resetted to 200
INFO:root:2021-07-23-14--30--46 Colour Conversion Completed
INFO:root:2021-07-23-14--30--46 Sleep Check Completed
INFO:root:2021-07-23-14--30--46 Frame manipulations completed
INFO:root:2021-07-23-14--30--46 Bounding Box Drawn
INFO:root:2021-07-23-14--30--46 MovingFrameQueue Appended
INFO:root:2021-07-23-14--30--46 anomallyFrameTracker resetted to 200
INFO:root:2021-07-23-14--30--46 Colour Conversion Completed
INFO:root:2021-07-23-14--30--46 Sleep Check Completed
INFO:root:2021-07-23-14--30--46 Frame manipulations completed
INFO:root:2021-07-23-14--30--46 Bounding Box Drawn
INFO:root:2021-07-23-14--30--46 MovingFrameQueue Appended
INFO:root:2021-07-23-14--30--46 anomallyFrameTracker resetted to 200
INFO:root:2021-07-23-14--30--46 Colour Conversion Completed
INFO:root:2021-07-23-14--30--46 Sleep Check Completed
INFO:root:2021-07-23-14--30--46 Frame manipulations completed
INFO:root:2021-07-23-14--30--46 Bounding Box Drawn
INFO:root:2021-07-23-14--30--46 MovingFrameQueue Appended
INFO:root:2021-07-23-14--30--46 anomallyFrameTracker resetted to 200
INFO:root:2021-07-23-14--30--46 Colour Conversion Completed
INFO:root:2021-07-23-14--30--46 Sleep Check Completed
INFO:root:2021-07-23-14--30--46 Frame manipulations completed
INFO:root:2021-07-23-14--30--46 Bounding Box Drawn
INFO:root:2021-07-23-14--30--47 MovingFrameQueue Appended
INFO:root:2021-07-23-14--30--47 anomallyFrameTracker resetted to 200
INFO:root:2021-07-23-14--30--47 Colour Conversion Completed
INFO:root:2021-07-23-14--30--47 Sleep Check Completed
INFO:root:2021-07-23-14--30--47 Frame manipulations completed
INFO:root:2021-07-23-14--30--47 Bounding Box Drawn
INFO:root:2021-07-23-14--30--47 MovingFrameQueue Appended
INFO:root:2021-07-23-14--30--47 anomallyFrameTracker resetted to 200
INFO:root:2021-07-23-14--30--47 Colour Conversion Completed
INFO:root:2021-07-23-14--30--47 Sleep Check Completed
INFO:root:2021-07-23-14--30--47 Frame manipulations completed
INFO:root:2021-07-23-14--30--47 Bounding Box Drawn
INFO:root:2021-07-23-14--30--47 MovingFrameQueue Appended
INFO:root:2021-07-23-14--30--47 anomallyFrameTracker resetted to 200
INFO:root:2021-07-23-14--30--47 Colour Conversion Completed
INFO:root:2021-07-23-14--30--47 Sleep Check Completed
INFO:root:2021-07-23-14--30--47 Frame manipulations completed
INFO:root:2021-07-23-14--30--47 Bounding Box Drawn
INFO:root:2021-07-23-14--30--47 MovingFrameQueue Appended
INFO:root:2021-07-23-14--30--47 anomallyFrameTracker resetted to 200
INFO:root:2021-07-23-14--30--47 Colour Conversion Completed
INFO:root:2021-07-23-14--30--47 Sleep Check Completed
INFO:root:2021-07-23-14--30--47 Frame manipulations completed
INFO:root:2021-07-23-14--30--47 Bounding Box Drawn
INFO:root:2021-07-23-14--30--47 MovingFrameQueue Appended
INFO:root:2021-07-23-14--30--47 anomallyFrameTracker resetted to 200
INFO:root:2021-07-23-14--30--47 Colour Conversion Completed
INFO:root:2021-07-23-14--30--47 Sleep Check Completed
INFO:root:2021-07-23-14--30--47 Frame manipulations completed
INFO:root:2021-07-23-14--30--47 Bounding Box Drawn
INFO:root:2021-07-23-14--30--47 MovingFrameQueue Appended
INFO:root:2021-07-23-14--30--47 anomallyFrameTracker resetted to 200
INFO:root:2021-07-23-14--30--47 Colour Conversion Completed
INFO:root:2021-07-23-14--30--47 Sleep Check Completed
INFO:root:2021-07-23-14--30--47 Frame manipulations completed
INFO:root:2021-07-23-14--30--47 Bounding Box Drawn
INFO:root:2021-07-23-14--30--47 MovingFrameQueue Appended
INFO:root:2021-07-23-14--30--47 anomallyFrameTracker resetted to 200
INFO:root:2021-07-23-14--30--47 Colour Conversion Completed
INFO:root:2021-07-23-14--30--47 Sleep Check Completed
INFO:root:2021-07-23-14--30--47 Frame manipulations completed
INFO:root:2021-07-23-14--30--47 Bounding Box Drawn
INFO:root:2021-07-23-14--30--47 MovingFrameQueue Appended
INFO:root:2021-07-23-14--30--47 anomallyFrameTracker resetted to 200
INFO:root:2021-07-23-14--30--47 Colour Conversion Completed
INFO:root:2021-07-23-14--30--47 Sleep Check Completed
INFO:root:2021-07-23-14--30--47 Frame manipulations completed
INFO:root:2021-07-23-14--30--47 Bounding Box Drawn
INFO:root:2021-07-23-14--30--47 MovingFrameQueue Appended
INFO:root:2021-07-23-14--30--47 anomallyFrameTracker resetted to 200
INFO:root:2021-07-23-14--30--47 Colour Conversion Completed
INFO:root:2021-07-23-14--30--47 Sleep Check Completed
INFO:root:2021-07-23-14--30--47 Frame manipulations completed
INFO:root:2021-07-23-14--30--47 Bounding Box Drawn
INFO:root:2021-07-23-14--30--48 MovingFrameQueue Appended
INFO:root:2021-07-23-14--30--48 anomallyFrameTracker resetted to 200
INFO:root:2021-07-23-14--30--48 Colour Conversion Completed
INFO:root:2021-07-23-14--30--48 Sleep Check Completed
INFO:root:2021-07-23-14--30--48 Frame manipulations completed
INFO:root:2021-07-23-14--30--48 Bounding Box Drawn
INFO:root:2021-07-23-14--30--48 MovingFrameQueue Appended
INFO:root:2021-07-23-14--30--48 anomallyFrameTracker resetted to 200
INFO:root:2021-07-23-14--30--48 Colour Conversion Completed
INFO:root:2021-07-23-14--30--48 Sleep Check Completed
INFO:root:2021-07-23-14--30--48 Frame manipulations completed
INFO:root:2021-07-23-14--30--48 Bounding Box Drawn
INFO:root:2021-07-23-14--30--48 MovingFrameQueue Appended
INFO:root:2021-07-23-14--30--48 anomallyFrameTracker resetted to 200
