INFO:root:2021-08-02-11--58--00 Parameter Generation Success
INFO:root:2021-08-02-11--58--00 Colour Conversion Completed
INFO:root:2021-08-02-11--58--00 Sleep Check Completed
INFO:root:2021-08-02-11--58--00 Frame manipulations completed
INFO:root:2021-08-02-11--58--00 Bounding Box Drawn
INFO:root:2021-08-02-11--58--05 MovingFrameQueue Appended
INFO:root:2021-08-02-11--58--05 anomallyFrameTracker resetted to 200
INFO:root:2021-08-02-11--58--05 Colour Conversion Completed
INFO:root:2021-08-02-11--58--05 Sleep Check Completed
INFO:root:2021-08-02-11--58--05 Frame manipulations completed
INFO:root:2021-08-02-11--58--05 Bounding Box Drawn
INFO:root:2021-08-02-11--58--05 MovingFrameQueue Appended
INFO:root:2021-08-02-11--58--05 anomallyFrameTracker resetted to 200
INFO:root:2021-08-02-11--58--06 Colour Conversion Completed
INFO:root:2021-08-02-11--58--06 Sleep Check Completed
INFO:root:2021-08-02-11--58--06 Frame manipulations completed
INFO:root:2021-08-02-11--58--06 Bounding Box Drawn
INFO:root:2021-08-02-11--58--06 MovingFrameQueue Appended
INFO:root:2021-08-02-11--58--06 anomallyFrameTracker resetted to 200
INFO:root:2021-08-02-11--58--06 Colour Conversion Completed
INFO:root:2021-08-02-11--58--06 Sleep Check Completed
INFO:root:2021-08-02-11--58--06 Frame manipulations completed
INFO:root:2021-08-02-11--58--06 Bounding Box Drawn
INFO:root:2021-08-02-11--58--06 MovingFrameQueue Appended
INFO:root:2021-08-02-11--58--06 anomallyFrameTracker resetted to 200
INFO:root:2021-08-02-11--58--06 Colour Conversion Completed
INFO:root:2021-08-02-11--58--06 Sleep Check Completed
INFO:root:2021-08-02-11--58--06 Frame manipulations completed
INFO:root:2021-08-02-11--58--06 Bounding Box Drawn
INFO:root:2021-08-02-11--58--06 MovingFrameQueue Appended
INFO:root:2021-08-02-11--58--06 anomallyFrameTracker resetted to 200
INFO:root:2021-08-02-11--58--06 Colour Conversion Completed
INFO:root:2021-08-02-11--58--06 Sleep Check Completed
INFO:root:2021-08-02-11--58--06 Frame manipulations completed
INFO:root:2021-08-02-11--58--06 Bounding Box Drawn
INFO:root:2021-08-02-11--58--06 MovingFrameQueue Appended
INFO:root:2021-08-02-11--58--06 anomallyFrameTracker resetted to 200
INFO:root:2021-08-02-11--58--06 Colour Conversion Completed
INFO:root:2021-08-02-11--58--06 Sleep Check Completed
INFO:root:2021-08-02-11--58--06 Frame manipulations completed
INFO:root:2021-08-02-11--58--06 Bounding Box Drawn
INFO:root:2021-08-02-11--58--06 MovingFrameQueue Appended
INFO:root:2021-08-02-11--58--06 anomallyFrameTracker resetted to 200
INFO:root:2021-08-02-11--58--06 Colour Conversion Completed
INFO:root:2021-08-02-11--58--06 Sleep Check Completed
INFO:root:2021-08-02-11--58--06 Frame manipulations completed
INFO:root:2021-08-02-11--58--06 Bounding Box Drawn
INFO:root:2021-08-02-11--58--06 MovingFrameQueue Appended
INFO:root:2021-08-02-11--58--06 anomallyFrameTracker resetted to 200
INFO:root:2021-08-02-11--58--06 Colour Conversion Completed
INFO:root:2021-08-02-11--58--06 Sleep Check Completed
INFO:root:2021-08-02-11--58--06 Frame manipulations completed
INFO:root:2021-08-02-11--58--06 Bounding Box Drawn
INFO:root:2021-08-02-11--58--07 MovingFrameQueue Appended
INFO:root:2021-08-02-11--58--07 anomallyFrameTracker resetted to 200
INFO:root:2021-08-02-11--58--07 Colour Conversion Completed
INFO:root:2021-08-02-11--58--07 Sleep Check Completed
INFO:root:2021-08-02-11--58--07 Frame manipulations completed
INFO:root:2021-08-02-11--58--07 Bounding Box Drawn
INFO:root:2021-08-02-11--58--07 MovingFrameQueue Appended
INFO:root:2021-08-02-11--58--07 anomallyFrameTracker resetted to 200
INFO:root:2021-08-02-11--58--07 Colour Conversion Completed
INFO:root:2021-08-02-11--58--07 Sleep Check Completed
INFO:root:2021-08-02-11--58--07 Frame manipulations completed
INFO:root:2021-08-02-11--58--07 Bounding Box Drawn
INFO:root:2021-08-02-11--58--07 MovingFrameQueue Appended
INFO:root:2021-08-02-11--58--07 anomallyFrameTracker resetted to 200
INFO:root:2021-08-02-11--58--07 Colour Conversion Completed
INFO:root:2021-08-02-11--58--07 Sleep Check Completed
INFO:root:2021-08-02-11--58--07 Frame manipulations completed
INFO:root:2021-08-02-11--58--07 Bounding Box Drawn
INFO:root:2021-08-02-11--58--07 MovingFrameQueue Appended
INFO:root:2021-08-02-11--58--07 anomallyFrameTracker resetted to 200
INFO:root:2021-08-02-11--58--07 Colour Conversion Completed
INFO:root:2021-08-02-11--58--07 Sleep Check Completed
INFO:root:2021-08-02-11--58--07 Frame manipulations completed
INFO:root:2021-08-02-11--58--07 Bounding Box Drawn
INFO:root:2021-08-02-11--58--07 MovingFrameQueue Appended
INFO:root:2021-08-02-11--58--07 anomallyFrameTracker resetted to 200
INFO:root:2021-08-02-11--58--07 Colour Conversion Completed
INFO:root:2021-08-02-11--58--08 Sleep Check Completed
INFO:root:2021-08-02-11--58--08 Frame manipulations completed
INFO:root:2021-08-02-11--58--08 Bounding Box Drawn
INFO:root:2021-08-02-11--58--08 MovingFrameQueue Appended
INFO:root:2021-08-02-11--58--08 anomallyFrameTracker resetted to 200
INFO:root:2021-08-02-11--58--08 Colour Conversion Completed
INFO:root:2021-08-02-11--58--08 Sleep Check Completed
INFO:root:2021-08-02-11--58--08 Frame manipulations completed
INFO:root:2021-08-02-11--58--08 Bounding Box Drawn
INFO:root:2021-08-02-11--58--08 MovingFrameQueue Appended
INFO:root:2021-08-02-11--58--08 anomallyFrameTracker resetted to 200
INFO:root:2021-08-02-11--58--08 Colour Conversion Completed
INFO:root:2021-08-02-11--58--08 Sleep Check Completed
INFO:root:2021-08-02-11--58--08 Frame manipulations completed
INFO:root:2021-08-02-11--58--08 Bounding Box Drawn
INFO:root:2021-08-02-11--58--08 MovingFrameQueue Appended
INFO:root:2021-08-02-11--58--08 anomallyFrameTracker resetted to 200
INFO:root:2021-08-02-11--58--08 Colour Conversion Completed
INFO:root:2021-08-02-11--58--08 Sleep Check Completed
INFO:root:2021-08-02-11--58--08 Frame manipulations completed
INFO:root:2021-08-02-11--58--08 Bounding Box Drawn
INFO:root:2021-08-02-11--58--09 MovingFrameQueue Appended
INFO:root:2021-08-02-11--58--09 anomallyFrameTracker resetted to 200
INFO:root:2021-08-02-11--58--09 Colour Conversion Completed
INFO:root:2021-08-02-11--58--09 Sleep Check Completed
INFO:root:2021-08-02-11--58--09 Frame manipulations completed
INFO:root:2021-08-02-11--58--09 Bounding Box Drawn
INFO:root:2021-08-02-11--58--09 MovingFrameQueue Appended
INFO:root:2021-08-02-11--58--09 anomallyFrameTracker resetted to 200
INFO:root:2021-08-02-11--58--09 Colour Conversion Completed
INFO:root:2021-08-02-11--58--09 Sleep Check Completed
INFO:root:2021-08-02-11--58--09 Frame manipulations completed
INFO:root:2021-08-02-11--58--09 Bounding Box Drawn
INFO:root:2021-08-02-11--58--09 MovingFrameQueue Appended
INFO:root:2021-08-02-11--58--09 anomallyFrameTracker resetted to 200
INFO:root:2021-08-02-11--58--09 Colour Conversion Completed
INFO:root:2021-08-02-11--58--09 Sleep Check Completed
INFO:root:2021-08-02-11--58--09 Frame manipulations completed
INFO:root:2021-08-02-11--58--09 Bounding Box Drawn
INFO:root:2021-08-02-11--58--09 MovingFrameQueue Appended
INFO:root:2021-08-02-11--58--09 anomallyFrameTracker resetted to 200
INFO:root:2021-08-02-11--58--09 Colour Conversion Completed
INFO:root:2021-08-02-11--58--09 Sleep Check Completed
INFO:root:2021-08-02-11--58--09 Frame manipulations completed
INFO:root:2021-08-02-11--58--09 Bounding Box Drawn
INFO:root:2021-08-02-11--58--10 MovingFrameQueue Appended
INFO:root:2021-08-02-11--58--10 anomallyFrameTracker resetted to 200
INFO:root:2021-08-02-11--58--10 Colour Conversion Completed
INFO:root:2021-08-02-11--58--10 Sleep Check Completed
INFO:root:2021-08-02-11--58--10 Frame manipulations completed
INFO:root:2021-08-02-11--58--10 Bounding Box Drawn
INFO:root:2021-08-02-11--58--10 MovingFrameQueue Appended
INFO:root:2021-08-02-11--58--10 anomallyFrameTracker resetted to 200
INFO:root:2021-08-02-11--58--10 Colour Conversion Completed
INFO:root:2021-08-02-11--58--10 Sleep Check Completed
INFO:root:2021-08-02-11--58--10 Frame manipulations completed
INFO:root:2021-08-02-11--58--10 Bounding Box Drawn
INFO:root:2021-08-02-11--58--10 MovingFrameQueue Appended
INFO:root:2021-08-02-11--58--10 anomallyFrameTracker resetted to 200
INFO:root:2021-08-02-11--58--10 Colour Conversion Completed
INFO:root:2021-08-02-11--58--10 Sleep Check Completed
INFO:root:2021-08-02-11--58--10 Frame manipulations completed
INFO:root:2021-08-02-11--58--10 Bounding Box Drawn
INFO:root:2021-08-02-11--58--10 MovingFrameQueue Appended
INFO:root:2021-08-02-11--58--10 anomallyFrameTracker resetted to 200
INFO:root:2021-08-02-11--58--10 Colour Conversion Completed
INFO:root:2021-08-02-11--58--10 Sleep Check Completed
INFO:root:2021-08-02-11--58--10 Frame manipulations completed
INFO:root:2021-08-02-11--58--10 Bounding Box Drawn
INFO:root:2021-08-02-11--58--11 MovingFrameQueue Appended
INFO:root:2021-08-02-11--58--11 anomallyFrameTracker resetted to 200
INFO:root:2021-08-02-11--58--11 Colour Conversion Completed
INFO:root:2021-08-02-11--58--11 Sleep Check Completed
INFO:root:2021-08-02-11--58--11 Frame manipulations completed
INFO:root:2021-08-02-11--58--11 Bounding Box Drawn
INFO:root:2021-08-02-11--58--11 MovingFrameQueue Appended
INFO:root:2021-08-02-11--58--11 anomallyFrameTracker resetted to 200
INFO:root:2021-08-02-11--58--11 Colour Conversion Completed
INFO:root:2021-08-02-11--58--11 Sleep Check Completed
INFO:root:2021-08-02-11--58--11 Frame manipulations completed
INFO:root:2021-08-02-11--58--11 Bounding Box Drawn
INFO:root:2021-08-02-11--58--11 MovingFrameQueue Appended
INFO:root:2021-08-02-11--58--11 anomallyFrameTracker resetted to 200
INFO:root:2021-08-02-11--58--11 Colour Conversion Completed
INFO:root:2021-08-02-11--58--11 Sleep Check Completed
INFO:root:2021-08-02-11--58--11 Frame manipulations completed
INFO:root:2021-08-02-11--58--11 Bounding Box Drawn
INFO:root:2021-08-02-11--58--11 MovingFrameQueue Appended
INFO:root:2021-08-02-11--58--11 anomallyFrameTracker resetted to 200
INFO:root:2021-08-02-11--58--11 Colour Conversion Completed
INFO:root:2021-08-02-11--58--11 Sleep Check Completed
INFO:root:2021-08-02-11--58--11 Frame manipulations completed
INFO:root:2021-08-02-11--58--11 Bounding Box Drawn
INFO:root:2021-08-02-11--58--11 MovingFrameQueue Appended
INFO:root:2021-08-02-11--58--11 anomallyFrameTracker resetted to 200
INFO:root:2021-08-02-11--58--11 Colour Conversion Completed
INFO:root:2021-08-02-11--58--11 Sleep Check Completed
INFO:root:2021-08-02-11--58--11 Frame manipulations completed
INFO:root:2021-08-02-11--58--11 Bounding Box Drawn
INFO:root:2021-08-02-11--58--12 MovingFrameQueue Appended
INFO:root:2021-08-02-11--58--12 anomallyFrameTracker resetted to 200
INFO:root:2021-08-02-11--58--12 Colour Conversion Completed
INFO:root:2021-08-02-11--58--12 Sleep Check Completed
INFO:root:2021-08-02-11--58--12 Frame manipulations completed
INFO:root:2021-08-02-11--58--12 Bounding Box Drawn
INFO:root:2021-08-02-11--58--12 MovingFrameQueue Appended
INFO:root:2021-08-02-11--58--12 anomallyFrameTracker resetted to 200
INFO:root:2021-08-02-11--58--12 Colour Conversion Completed
INFO:root:2021-08-02-11--58--12 Sleep Check Completed
INFO:root:2021-08-02-11--58--12 Frame manipulations completed
INFO:root:2021-08-02-11--58--12 Bounding Box Drawn
INFO:root:2021-08-02-11--58--12 MovingFrameQueue Appended
INFO:root:2021-08-02-11--58--12 anomallyFrameTracker resetted to 200
INFO:root:2021-08-02-11--58--12 Colour Conversion Completed
INFO:root:2021-08-02-11--58--12 Sleep Check Completed
INFO:root:2021-08-02-11--58--12 Frame manipulations completed
INFO:root:2021-08-02-11--58--12 Bounding Box Drawn
INFO:root:2021-08-02-11--58--12 MovingFrameQueue Appended
INFO:root:2021-08-02-11--58--12 anomallyFrameTracker resetted to 200
INFO:root:2021-08-02-11--58--12 Colour Conversion Completed
INFO:root:2021-08-02-11--58--12 Sleep Check Completed
INFO:root:2021-08-02-11--58--12 Frame manipulations completed
INFO:root:2021-08-02-11--58--12 Bounding Box Drawn
INFO:root:2021-08-02-11--58--12 MovingFrameQueue Appended
INFO:root:2021-08-02-11--58--12 anomallyFrameTracker resetted to 200
INFO:root:2021-08-02-11--58--12 Colour Conversion Completed
INFO:root:2021-08-02-11--58--12 Sleep Check Completed
INFO:root:2021-08-02-11--58--12 Frame manipulations completed
INFO:root:2021-08-02-11--58--12 Bounding Box Drawn
INFO:root:2021-08-02-11--58--13 MovingFrameQueue Appended
INFO:root:2021-08-02-11--58--13 anomallyFrameTracker resetted to 200
INFO:root:2021-08-02-11--58--13 Colour Conversion Completed
INFO:root:2021-08-02-11--58--13 Sleep Check Completed
INFO:root:2021-08-02-11--58--13 Frame manipulations completed
INFO:root:2021-08-02-11--58--13 Bounding Box Drawn
INFO:root:2021-08-02-11--58--13 MovingFrameQueue Appended
INFO:root:2021-08-02-11--58--13 anomallyFrameTracker resetted to 200
INFO:root:2021-08-02-11--58--13 Colour Conversion Completed
INFO:root:2021-08-02-11--58--13 Sleep Check Completed
INFO:root:2021-08-02-11--58--13 Frame manipulations completed
INFO:root:2021-08-02-11--58--13 Bounding Box Drawn
INFO:root:2021-08-02-11--58--13 MovingFrameQueue Appended
INFO:root:2021-08-02-11--58--13 anomallyFrameTracker resetted to 200
INFO:root:2021-08-02-11--58--13 Colour Conversion Completed
INFO:root:2021-08-02-11--58--13 Sleep Check Completed
INFO:root:2021-08-02-11--58--13 Frame manipulations completed
INFO:root:2021-08-02-11--58--13 Bounding Box Drawn
INFO:root:2021-08-02-11--58--13 MovingFrameQueue Appended
INFO:root:2021-08-02-11--58--13 anomallyFrameTracker resetted to 200
INFO:root:2021-08-02-11--58--13 Colour Conversion Completed
INFO:root:2021-08-02-11--58--13 Sleep Check Completed
INFO:root:2021-08-02-11--58--13 Frame manipulations completed
INFO:root:2021-08-02-11--58--13 Bounding Box Drawn
INFO:root:2021-08-02-11--58--13 MovingFrameQueue Appended
INFO:root:2021-08-02-11--58--13 anomallyFrameTracker resetted to 200
INFO:root:2021-08-02-11--58--13 Colour Conversion Completed
INFO:root:2021-08-02-11--58--13 Sleep Check Completed
INFO:root:2021-08-02-11--58--13 Frame manipulations completed
INFO:root:2021-08-02-11--58--13 Bounding Box Drawn
INFO:root:2021-08-02-11--58--14 MovingFrameQueue Appended
INFO:root:2021-08-02-11--58--14 anomallyFrameTracker resetted to 200
INFO:root:2021-08-02-11--58--14 Colour Conversion Completed
INFO:root:2021-08-02-11--58--14 Sleep Check Completed
INFO:root:2021-08-02-11--58--14 Frame manipulations completed
INFO:root:2021-08-02-11--58--14 Bounding Box Drawn
INFO:root:2021-08-02-11--58--14 MovingFrameQueue Appended
INFO:root:2021-08-02-11--58--14 anomallyFrameTracker resetted to 200
INFO:root:2021-08-02-11--58--14 Colour Conversion Completed
INFO:root:2021-08-02-11--58--14 Sleep Check Completed
INFO:root:2021-08-02-11--58--14 Frame manipulations completed
INFO:root:2021-08-02-11--58--14 Bounding Box Drawn
INFO:root:2021-08-02-11--58--14 MovingFrameQueue Appended
INFO:root:2021-08-02-11--58--14 anomallyFrameTracker resetted to 200
INFO:root:2021-08-02-11--58--14 Colour Conversion Completed
INFO:root:2021-08-02-11--58--14 Sleep Check Completed
INFO:root:2021-08-02-11--58--14 Frame manipulations completed
INFO:root:2021-08-02-11--58--14 Bounding Box Drawn
INFO:root:2021-08-02-11--58--14 MovingFrameQueue Appended
INFO:root:2021-08-02-11--58--14 anomallyFrameTracker resetted to 200
INFO:root:2021-08-02-11--58--14 Colour Conversion Completed
INFO:root:2021-08-02-11--58--14 Sleep Check Completed
INFO:root:2021-08-02-11--58--14 Frame manipulations completed
INFO:root:2021-08-02-11--58--14 Bounding Box Drawn
INFO:root:2021-08-02-11--58--14 MovingFrameQueue Appended
INFO:root:2021-08-02-11--58--14 anomallyFrameTracker resetted to 200
INFO:root:2021-08-02-11--58--14 Colour Conversion Completed
INFO:root:2021-08-02-11--58--14 Sleep Check Completed
INFO:root:2021-08-02-11--58--14 Frame manipulations completed
INFO:root:2021-08-02-11--58--14 Bounding Box Drawn
INFO:root:2021-08-02-11--58--14 MovingFrameQueue Appended
INFO:root:2021-08-02-11--58--14 anomallyFrameTracker resetted to 200
INFO:root:2021-08-02-11--58--14 Colour Conversion Completed
INFO:root:2021-08-02-11--58--14 Sleep Check Completed
INFO:root:2021-08-02-11--58--14 Frame manipulations completed
INFO:root:2021-08-02-11--58--14 Bounding Box Drawn
INFO:root:2021-08-02-11--58--15 MovingFrameQueue Appended
INFO:root:2021-08-02-11--58--15 anomallyFrameTracker resetted to 200
INFO:root:2021-08-02-11--58--15 Colour Conversion Completed
INFO:root:2021-08-02-11--58--15 Sleep Check Completed
INFO:root:2021-08-02-11--58--15 Frame manipulations completed
INFO:root:2021-08-02-11--58--15 Bounding Box Drawn
INFO:root:2021-08-02-11--58--15 MovingFrameQueue Appended
INFO:root:2021-08-02-11--58--15 Anomally Detected, starting call for more frames
INFO:root:2021-08-02-11--58--15 anomallyFrameTracker resetted to 200
INFO:root:2021-08-02-11--58--15 Colour Conversion Completed
INFO:root:2021-08-02-11--58--15 Sleep Check Completed
INFO:root:2021-08-02-11--58--15 Frame manipulations completed
INFO:root:2021-08-02-11--58--15 Bounding Box Drawn
INFO:root:2021-08-02-11--58--15 MovingFrameQueue Appended
INFO:root:2021-08-02-11--58--15 Anomally Detected, starting call for more frames
INFO:root:2021-08-02-11--58--15 anomallyFrameTracker resetted to 200
INFO:root:2021-08-02-11--58--15 Colour Conversion Completed
INFO:root:2021-08-02-11--58--15 Sleep Check Completed
INFO:root:2021-08-02-11--58--15 Frame manipulations completed
INFO:root:2021-08-02-11--58--15 Bounding Box Drawn
INFO:root:2021-08-02-11--58--15 MovingFrameQueue Appended
INFO:root:2021-08-02-11--58--15 Anomally Detected, starting call for more frames
INFO:root:2021-08-02-11--58--15 anomallyFrameTracker resetted to 200
INFO:root:2021-08-02-11--58--15 Colour Conversion Completed
INFO:root:2021-08-02-11--58--15 Sleep Check Completed
INFO:root:2021-08-02-11--58--15 Frame manipulations completed
INFO:root:2021-08-02-11--58--15 Bounding Box Drawn
INFO:root:2021-08-02-11--58--15 MovingFrameQueue Appended
INFO:root:2021-08-02-11--58--15 Anomally Detected, starting call for more frames
INFO:root:2021-08-02-11--58--15 anomallyFrameTracker resetted to 200
INFO:root:2021-08-02-11--58--15 Colour Conversion Completed
INFO:root:2021-08-02-11--58--15 Sleep Check Completed
INFO:root:2021-08-02-11--58--15 Frame manipulations completed
INFO:root:2021-08-02-11--58--15 Bounding Box Drawn
INFO:root:2021-08-02-11--58--16 MovingFrameQueue Appended
INFO:root:2021-08-02-11--58--16 Anomally Detected, starting call for more frames
INFO:root:2021-08-02-11--58--16 anomallyFrameTracker resetted to 200
INFO:root:2021-08-02-11--58--16 Colour Conversion Completed
INFO:root:2021-08-02-11--58--16 Sleep Check Completed
INFO:root:2021-08-02-11--58--16 Frame manipulations completed
INFO:root:2021-08-02-11--58--16 Bounding Box Drawn
INFO:root:2021-08-02-11--58--16 MovingFrameQueue Popped
INFO:root:2021-08-02-11--58--16 Anomally Detected, starting call for more frames
INFO:root:2021-08-02-11--58--16 anomallyFrameTracker resetted to 200
INFO:root:2021-08-02-11--58--16 Colour Conversion Completed
INFO:root:2021-08-02-11--58--16 Sleep Check Completed
INFO:root:2021-08-02-11--58--16 Frame manipulations completed
INFO:root:2021-08-02-11--58--16 Bounding Box Drawn
INFO:root:2021-08-02-11--58--16 MovingFrameQueue Appended
INFO:root:2021-08-02-11--58--16 Anomally Detected, starting call for more frames
INFO:root:2021-08-02-11--58--16 anomallyFrameTracker resetted to 200
INFO:root:2021-08-02-11--58--16 Colour Conversion Completed
INFO:root:2021-08-02-11--58--16 Sleep Check Completed
INFO:root:2021-08-02-11--58--16 Frame manipulations completed
INFO:root:2021-08-02-11--58--16 Bounding Box Drawn
INFO:root:2021-08-02-11--58--16 MovingFrameQueue Popped
INFO:root:2021-08-02-11--58--16 Anomally Detected, starting call for more frames
INFO:root:2021-08-02-11--58--16 anomallyFrameTracker resetted to 200
INFO:root:2021-08-02-11--58--16 Colour Conversion Completed
INFO:root:2021-08-02-11--58--16 Sleep Check Completed
INFO:root:2021-08-02-11--58--16 Frame manipulations completed
INFO:root:2021-08-02-11--58--16 Bounding Box Drawn
INFO:root:2021-08-02-11--58--16 MovingFrameQueue Appended
INFO:root:2021-08-02-11--58--16 anomallyFrameTracker resetted to 200
INFO:root:2021-08-02-11--58--16 Colour Conversion Completed
INFO:root:2021-08-02-11--58--16 Sleep Check Completed
INFO:root:2021-08-02-11--58--16 Frame manipulations completed
INFO:root:2021-08-02-11--58--16 Bounding Box Drawn
INFO:root:2021-08-02-11--58--17 MovingFrameQueue Popped
INFO:root:2021-08-02-11--58--17 anomallyFrameTracker resetted to 200
INFO:root:2021-08-02-11--58--17 Colour Conversion Completed
INFO:root:2021-08-02-11--58--17 Sleep Check Completed
INFO:root:2021-08-02-11--58--17 Frame manipulations completed
INFO:root:2021-08-02-11--58--17 Bounding Box Drawn
INFO:root:2021-08-02-11--58--17 MovingFrameQueue Appended
INFO:root:2021-08-02-11--58--17 anomallyFrameTracker resetted to 200
INFO:root:2021-08-02-11--58--17 Colour Conversion Completed
INFO:root:2021-08-02-11--58--17 Sleep Check Completed
INFO:root:2021-08-02-11--58--17 Frame manipulations completed
INFO:root:2021-08-02-11--58--17 Bounding Box Drawn
INFO:root:2021-08-02-11--58--17 MovingFrameQueue Popped
INFO:root:2021-08-02-11--58--17 anomallyFrameTracker resetted to 200
INFO:root:2021-08-02-11--58--17 Colour Conversion Completed
INFO:root:2021-08-02-11--58--17 Sleep Check Completed
INFO:root:2021-08-02-11--58--17 Frame manipulations completed
INFO:root:2021-08-02-11--58--17 Bounding Box Drawn
INFO:root:2021-08-02-11--58--17 MovingFrameQueue Appended
INFO:root:2021-08-02-11--58--17 anomallyFrameTracker resetted to 200
INFO:root:2021-08-02-11--58--17 Colour Conversion Completed
INFO:root:2021-08-02-11--58--17 Sleep Check Completed
INFO:root:2021-08-02-11--58--17 Frame manipulations completed
INFO:root:2021-08-02-11--58--17 Bounding Box Drawn
INFO:root:2021-08-02-11--58--17 MovingFrameQueue Popped
INFO:root:2021-08-02-11--58--17 anomallyFrameTracker resetted to 200
INFO:root:2021-08-02-11--58--17 Colour Conversion Completed
INFO:root:2021-08-02-11--58--17 Sleep Check Completed
INFO:root:2021-08-02-11--58--17 Frame manipulations completed
INFO:root:2021-08-02-11--58--17 Bounding Box Drawn
INFO:root:2021-08-02-11--58--17 MovingFrameQueue Appended
INFO:root:2021-08-02-11--58--17 anomallyFrameTracker resetted to 200
INFO:root:2021-08-02-11--58--17 Colour Conversion Completed
INFO:root:2021-08-02-11--58--17 Sleep Check Completed
INFO:root:2021-08-02-11--58--17 Frame manipulations completed
INFO:root:2021-08-02-11--58--17 Bounding Box Drawn
INFO:root:2021-08-02-11--58--18 MovingFrameQueue Popped
INFO:root:2021-08-02-11--58--18 anomallyFrameTracker resetted to 200
INFO:root:2021-08-02-11--58--18 Colour Conversion Completed
INFO:root:2021-08-02-11--58--18 Sleep Check Completed
INFO:root:2021-08-02-11--58--18 Frame manipulations completed
INFO:root:2021-08-02-11--58--18 Bounding Box Drawn
INFO:root:2021-08-02-11--58--18 MovingFrameQueue Appended
INFO:root:2021-08-02-11--58--18 anomallyFrameTracker resetted to 200
INFO:root:2021-08-02-11--58--18 Colour Conversion Completed
INFO:root:2021-08-02-11--58--18 Sleep Check Completed
INFO:root:2021-08-02-11--58--18 Frame manipulations completed
INFO:root:2021-08-02-11--58--18 Bounding Box Drawn
INFO:root:2021-08-02-11--58--18 MovingFrameQueue Popped
INFO:root:2021-08-02-11--58--18 anomallyFrameTracker resetted to 200
INFO:root:2021-08-02-11--58--18 Colour Conversion Completed
INFO:root:2021-08-02-11--58--18 Sleep Check Completed
INFO:root:2021-08-02-11--58--18 Frame manipulations completed
INFO:root:2021-08-02-11--58--18 Bounding Box Drawn
INFO:root:2021-08-02-11--58--18 MovingFrameQueue Appended
INFO:root:2021-08-02-11--58--18 anomallyFrameTracker resetted to 200
INFO:root:2021-08-02-11--58--18 Colour Conversion Completed
INFO:root:2021-08-02-11--58--18 Sleep Check Completed
INFO:root:2021-08-02-11--58--18 Frame manipulations completed
INFO:root:2021-08-02-11--58--18 Bounding Box Drawn
INFO:root:2021-08-02-11--58--18 MovingFrameQueue Popped
INFO:root:2021-08-02-11--58--18 anomallyFrameTracker resetted to 200
INFO:root:2021-08-02-11--58--18 Colour Conversion Completed
INFO:root:2021-08-02-11--58--18 Sleep Check Completed
INFO:root:2021-08-02-11--58--18 Frame manipulations completed
INFO:root:2021-08-02-11--58--18 Bounding Box Drawn
INFO:root:2021-08-02-11--58--18 MovingFrameQueue Appended
INFO:root:2021-08-02-11--58--18 anomallyFrameTracker resetted to 200
INFO:root:2021-08-02-11--58--18 Colour Conversion Completed
INFO:root:2021-08-02-11--58--18 Sleep Check Completed
INFO:root:2021-08-02-11--58--18 Frame manipulations completed
INFO:root:2021-08-02-11--58--18 Bounding Box Drawn
INFO:root:2021-08-02-11--58--19 MovingFrameQueue Popped
INFO:root:2021-08-02-11--58--19 anomallyFrameTracker resetted to 200
INFO:root:2021-08-02-11--58--19 Colour Conversion Completed
INFO:root:2021-08-02-11--58--19 Sleep Check Completed
INFO:root:2021-08-02-11--58--19 Frame manipulations completed
INFO:root:2021-08-02-11--58--19 Bounding Box Drawn
INFO:root:2021-08-02-11--58--19 MovingFrameQueue Appended
INFO:root:2021-08-02-11--58--19 anomallyFrameTracker resetted to 200
INFO:root:2021-08-02-11--58--19 Colour Conversion Completed
INFO:root:2021-08-02-11--58--19 Sleep Check Completed
INFO:root:2021-08-02-11--58--19 Frame manipulations completed
INFO:root:2021-08-02-11--58--19 Bounding Box Drawn
INFO:root:2021-08-02-11--58--19 MovingFrameQueue Popped
INFO:root:2021-08-02-11--58--19 anomallyFrameTracker resetted to 200
INFO:root:2021-08-02-11--58--19 Colour Conversion Completed
INFO:root:2021-08-02-11--58--19 Sleep Check Completed
INFO:root:2021-08-02-11--58--19 Frame manipulations completed
INFO:root:2021-08-02-11--58--19 Bounding Box Drawn
INFO:root:2021-08-02-11--58--19 MovingFrameQueue Appended
INFO:root:2021-08-02-11--58--19 anomallyFrameTracker resetted to 200
INFO:root:2021-08-02-11--58--19 Colour Conversion Completed
INFO:root:2021-08-02-11--58--19 Sleep Check Completed
INFO:root:2021-08-02-11--58--19 Frame manipulations completed
INFO:root:2021-08-02-11--58--19 Bounding Box Drawn
INFO:root:2021-08-02-11--58--19 MovingFrameQueue Popped
INFO:root:2021-08-02-11--58--19 anomallyFrameTracker resetted to 200
INFO:root:2021-08-02-11--58--19 Colour Conversion Completed
INFO:root:2021-08-02-11--58--19 Sleep Check Completed
INFO:root:2021-08-02-11--58--19 Frame manipulations completed
INFO:root:2021-08-02-11--58--19 Bounding Box Drawn
INFO:root:2021-08-02-11--58--20 MovingFrameQueue Appended
INFO:root:2021-08-02-11--58--20 anomallyFrameTracker resetted to 200
INFO:root:2021-08-02-11--58--20 Colour Conversion Completed
INFO:root:2021-08-02-11--58--20 Sleep Check Completed
INFO:root:2021-08-02-11--58--20 Frame manipulations completed
INFO:root:2021-08-02-11--58--20 Bounding Box Drawn
INFO:root:2021-08-02-11--58--20 MovingFrameQueue Popped
INFO:root:2021-08-02-11--58--20 anomallyFrameTracker resetted to 200
INFO:root:2021-08-02-11--58--20 Colour Conversion Completed
INFO:root:2021-08-02-11--58--20 Sleep Check Completed
INFO:root:2021-08-02-11--58--20 Frame manipulations completed
INFO:root:2021-08-02-11--58--20 Bounding Box Drawn
INFO:root:2021-08-02-11--58--20 MovingFrameQueue Appended
INFO:root:2021-08-02-11--58--20 anomallyFrameTracker resetted to 200
INFO:root:2021-08-02-11--58--20 Colour Conversion Completed
INFO:root:2021-08-02-11--58--20 Sleep Check Completed
INFO:root:2021-08-02-11--58--20 Frame manipulations completed
INFO:root:2021-08-02-11--58--20 Bounding Box Drawn
INFO:root:2021-08-02-11--58--20 MovingFrameQueue Popped
INFO:root:2021-08-02-11--58--20 anomallyFrameTracker resetted to 200
INFO:root:2021-08-02-11--58--20 Colour Conversion Completed
INFO:root:2021-08-02-11--58--20 Sleep Check Completed
INFO:root:2021-08-02-11--58--20 Frame manipulations completed
INFO:root:2021-08-02-11--58--20 Bounding Box Drawn
INFO:root:2021-08-02-11--58--20 MovingFrameQueue Appended
INFO:root:2021-08-02-11--58--20 anomallyFrameTracker resetted to 200
INFO:root:2021-08-02-11--58--20 Colour Conversion Completed
INFO:root:2021-08-02-11--58--20 Sleep Check Completed
INFO:root:2021-08-02-11--58--20 Frame manipulations completed
INFO:root:2021-08-02-11--58--20 Bounding Box Drawn
INFO:root:2021-08-02-11--58--20 MovingFrameQueue Popped
INFO:root:2021-08-02-11--58--20 anomallyFrameTracker resetted to 200
INFO:root:2021-08-02-11--58--20 Colour Conversion Completed
INFO:root:2021-08-02-11--58--20 Sleep Check Completed
INFO:root:2021-08-02-11--58--20 Frame manipulations completed
INFO:root:2021-08-02-11--58--20 Bounding Box Drawn
INFO:root:2021-08-02-11--58--21 MovingFrameQueue Appended
INFO:root:2021-08-02-11--58--21 anomallyFrameTracker resetted to 200
INFO:root:2021-08-02-11--58--21 Colour Conversion Completed
INFO:root:2021-08-02-11--58--21 Sleep Check Completed
INFO:root:2021-08-02-11--58--21 Frame manipulations completed
INFO:root:2021-08-02-11--58--21 Bounding Box Drawn
INFO:root:2021-08-02-11--58--21 MovingFrameQueue Popped
INFO:root:2021-08-02-11--58--21 anomallyFrameTracker resetted to 200
INFO:root:2021-08-02-11--58--21 Colour Conversion Completed
INFO:root:2021-08-02-11--58--21 Sleep Check Completed
INFO:root:2021-08-02-11--58--21 Frame manipulations completed
INFO:root:2021-08-02-11--58--21 Bounding Box Drawn
INFO:root:2021-08-02-11--58--21 MovingFrameQueue Appended
INFO:root:2021-08-02-11--58--21 anomallyFrameTracker resetted to 200
INFO:root:2021-08-02-11--58--21 Colour Conversion Completed
INFO:root:2021-08-02-11--58--21 Sleep Check Completed
INFO:root:2021-08-02-11--58--21 Frame manipulations completed
INFO:root:2021-08-02-11--58--21 Bounding Box Drawn
INFO:root:2021-08-02-11--58--21 MovingFrameQueue Popped
INFO:root:2021-08-02-11--58--21 anomallyFrameTracker resetted to 200
INFO:root:2021-08-02-11--58--21 Colour Conversion Completed
INFO:root:2021-08-02-11--58--21 Sleep Check Completed
INFO:root:2021-08-02-11--58--21 Frame manipulations completed
INFO:root:2021-08-02-11--58--21 Bounding Box Drawn
INFO:root:2021-08-02-11--58--21 MovingFrameQueue Appended
INFO:root:2021-08-02-11--58--21 anomallyFrameTracker resetted to 200
INFO:root:2021-08-02-11--58--21 Colour Conversion Completed
INFO:root:2021-08-02-11--58--21 Sleep Check Completed
INFO:root:2021-08-02-11--58--21 Frame manipulations completed
INFO:root:2021-08-02-11--58--21 Bounding Box Drawn
INFO:root:2021-08-02-11--58--21 MovingFrameQueue Popped
INFO:root:2021-08-02-11--58--21 anomallyFrameTracker resetted to 200
INFO:root:2021-08-02-11--58--21 Colour Conversion Completed
INFO:root:2021-08-02-11--58--21 Sleep Check Completed
INFO:root:2021-08-02-11--58--21 Frame manipulations completed
INFO:root:2021-08-02-11--58--21 Bounding Box Drawn
INFO:root:2021-08-02-11--58--22 MovingFrameQueue Appended
INFO:root:2021-08-02-11--58--22 anomallyFrameTracker resetted to 200
INFO:root:2021-08-02-11--58--22 Colour Conversion Completed
INFO:root:2021-08-02-11--58--22 Sleep Check Completed
INFO:root:2021-08-02-11--58--22 Frame manipulations completed
INFO:root:2021-08-02-11--58--22 Bounding Box Drawn
INFO:root:2021-08-02-11--58--22 MovingFrameQueue Popped
INFO:root:2021-08-02-11--58--22 anomallyFrameTracker resetted to 200
INFO:root:2021-08-02-11--58--22 Colour Conversion Completed
INFO:root:2021-08-02-11--58--22 Sleep Check Completed
INFO:root:2021-08-02-11--58--22 Frame manipulations completed
INFO:root:2021-08-02-11--58--22 Bounding Box Drawn
INFO:root:2021-08-02-11--58--22 MovingFrameQueue Appended
INFO:root:2021-08-02-11--58--22 anomallyFrameTracker resetted to 200
INFO:root:2021-08-02-11--58--22 Colour Conversion Completed
INFO:root:2021-08-02-11--58--22 Sleep Check Completed
INFO:root:2021-08-02-11--58--22 Frame manipulations completed
INFO:root:2021-08-02-11--58--22 Bounding Box Drawn
INFO:root:2021-08-02-11--58--22 MovingFrameQueue Popped
INFO:root:2021-08-02-11--58--22 anomallyFrameTracker resetted to 200
INFO:root:2021-08-02-11--58--22 Colour Conversion Completed
INFO:root:2021-08-02-11--58--22 Sleep Check Completed
INFO:root:2021-08-02-11--58--22 Frame manipulations completed
INFO:root:2021-08-02-11--58--22 Bounding Box Drawn
INFO:root:2021-08-02-11--58--22 MovingFrameQueue Appended
INFO:root:2021-08-02-11--58--22 anomallyFrameTracker resetted to 200
INFO:root:2021-08-02-11--58--22 Colour Conversion Completed
INFO:root:2021-08-02-11--58--22 Sleep Check Completed
INFO:root:2021-08-02-11--58--22 Frame manipulations completed
INFO:root:2021-08-02-11--58--22 Bounding Box Drawn
INFO:root:2021-08-02-11--58--22 MovingFrameQueue Popped
INFO:root:2021-08-02-11--58--22 anomallyFrameTracker resetted to 200
INFO:root:2021-08-02-11--58--22 Colour Conversion Completed
INFO:root:2021-08-02-11--58--22 Sleep Check Completed
INFO:root:2021-08-02-11--58--22 Frame manipulations completed
INFO:root:2021-08-02-11--58--22 Bounding Box Drawn
INFO:root:2021-08-02-11--58--23 MovingFrameQueue Appended
INFO:root:2021-08-02-11--58--23 Anomally Detected, starting call for more frames
INFO:root:2021-08-02-11--58--23 anomallyFrameTracker resetted to 200
INFO:root:2021-08-02-11--58--23 Colour Conversion Completed
INFO:root:2021-08-02-11--58--23 Sleep Check Completed
INFO:root:2021-08-02-11--58--23 Frame manipulations completed
INFO:root:2021-08-02-11--58--23 Bounding Box Drawn
INFO:root:2021-08-02-11--58--23 MovingFrameQueue Popped
INFO:root:2021-08-02-11--58--23 Anomally Detected, starting call for more frames
INFO:root:2021-08-02-11--58--23 anomallyFrameTracker resetted to 200
INFO:root:2021-08-02-11--58--23 Colour Conversion Completed
INFO:root:2021-08-02-11--58--23 Sleep Check Completed
INFO:root:2021-08-02-11--58--23 Frame manipulations completed
INFO:root:2021-08-02-11--58--23 Bounding Box Drawn
INFO:root:2021-08-02-11--58--23 MovingFrameQueue Appended
INFO:root:2021-08-02-11--58--23 Anomally Detected, starting call for more frames
INFO:root:2021-08-02-11--58--23 anomallyFrameTracker resetted to 200
INFO:root:2021-08-02-11--58--23 Colour Conversion Completed
INFO:root:2021-08-02-11--58--23 Sleep Check Completed
INFO:root:2021-08-02-11--58--23 Frame manipulations completed
INFO:root:2021-08-02-11--58--23 Bounding Box Drawn
INFO:root:2021-08-02-11--58--23 MovingFrameQueue Popped
INFO:root:2021-08-02-11--58--23 Anomally Detected, starting call for more frames
INFO:root:2021-08-02-11--58--23 anomallyFrameTracker resetted to 200
INFO:root:2021-08-02-11--58--23 Colour Conversion Completed
INFO:root:2021-08-02-11--58--23 Sleep Check Completed
INFO:root:2021-08-02-11--58--23 Frame manipulations completed
INFO:root:2021-08-02-11--58--23 Bounding Box Drawn
INFO:root:2021-08-02-11--58--23 MovingFrameQueue Appended
INFO:root:2021-08-02-11--58--23 Anomally Detected, starting call for more frames
INFO:root:2021-08-02-11--58--23 anomallyFrameTracker resetted to 200
INFO:root:2021-08-02-11--58--23 Colour Conversion Completed
INFO:root:2021-08-02-11--58--23 Sleep Check Completed
INFO:root:2021-08-02-11--58--23 Frame manipulations completed
INFO:root:2021-08-02-11--58--23 Bounding Box Drawn
INFO:root:2021-08-02-11--58--23 MovingFrameQueue Popped
INFO:root:2021-08-02-11--58--23 anomallyFrameTracker resetted to 200
INFO:root:2021-08-02-11--58--24 Getting Auth Token Success
INFO:root:2021-08-02-11--58--26 Anomalous Detection Video Upload Completed
INFO:root:2021-08-02-11--58--26 Colour Conversion Completed
INFO:root:2021-08-02-11--58--26 Sleep Check Completed
INFO:root:2021-08-02-11--58--26 Frame manipulations completed
INFO:root:2021-08-02-11--58--26 Bounding Box Drawn
INFO:root:2021-08-02-11--58--26 MovingFrameQueue Appended
INFO:root:2021-08-02-11--58--26 anomallyFrameTracker resetted to 200
INFO:root:2021-08-02-11--58--26 Colour Conversion Completed
INFO:root:2021-08-02-11--58--26 Sleep Check Completed
INFO:root:2021-08-02-11--58--26 Frame manipulations completed
INFO:root:2021-08-02-11--58--26 Bounding Box Drawn
INFO:root:2021-08-02-11--58--26 MovingFrameQueue Popped
INFO:root:2021-08-02-11--58--26 anomallyFrameTracker resetted to 200
INFO:root:2021-08-02-11--58--26 Colour Conversion Completed
INFO:root:2021-08-02-11--58--26 Sleep Check Completed
INFO:root:2021-08-02-11--58--26 Frame manipulations completed
INFO:root:2021-08-02-11--58--26 Bounding Box Drawn
INFO:root:2021-08-02-11--58--27 MovingFrameQueue Appended
INFO:root:2021-08-02-11--58--27 anomallyFrameTracker resetted to 200
INFO:root:2021-08-02-11--58--27 Colour Conversion Completed
INFO:root:2021-08-02-11--58--27 Sleep Check Completed
INFO:root:2021-08-02-11--58--27 Frame manipulations completed
INFO:root:2021-08-02-11--58--27 Bounding Box Drawn
INFO:root:2021-08-02-11--58--27 MovingFrameQueue Popped
INFO:root:2021-08-02-11--58--27 anomallyFrameTracker resetted to 200
INFO:root:2021-08-02-11--58--27 Colour Conversion Completed
INFO:root:2021-08-02-11--58--27 Sleep Check Completed
INFO:root:2021-08-02-11--58--27 Frame manipulations completed
INFO:root:2021-08-02-11--58--27 Bounding Box Drawn
INFO:root:2021-08-02-11--58--27 MovingFrameQueue Appended
INFO:root:2021-08-02-11--58--27 anomallyFrameTracker resetted to 200
INFO:root:2021-08-02-11--58--27 Colour Conversion Completed
INFO:root:2021-08-02-11--58--27 Sleep Check Completed
INFO:root:2021-08-02-11--58--27 Frame manipulations completed
INFO:root:2021-08-02-11--58--27 Bounding Box Drawn
INFO:root:2021-08-02-11--58--27 MovingFrameQueue Popped
INFO:root:2021-08-02-11--58--27 anomallyFrameTracker resetted to 200
INFO:root:2021-08-02-11--58--27 Colour Conversion Completed
INFO:root:2021-08-02-11--58--27 Sleep Check Completed
INFO:root:2021-08-02-11--58--27 Frame manipulations completed
INFO:root:2021-08-02-11--58--27 Bounding Box Drawn
INFO:root:2021-08-02-11--58--27 MovingFrameQueue Appended
INFO:root:2021-08-02-11--58--27 anomallyFrameTracker resetted to 200
INFO:root:2021-08-02-11--58--27 Colour Conversion Completed
INFO:root:2021-08-02-11--58--27 Sleep Check Completed
INFO:root:2021-08-02-11--58--27 Frame manipulations completed
INFO:root:2021-08-02-11--58--27 Bounding Box Drawn
INFO:root:2021-08-02-11--58--27 MovingFrameQueue Popped
INFO:root:2021-08-02-11--58--27 anomallyFrameTracker resetted to 200
INFO:root:2021-08-02-11--58--27 Colour Conversion Completed
INFO:root:2021-08-02-11--58--28 Sleep Check Completed
INFO:root:2021-08-02-11--58--28 Frame manipulations completed
INFO:root:2021-08-02-11--58--28 Bounding Box Drawn
INFO:root:2021-08-02-11--58--28[INFO] elapsed time: 27.70
INFO:root:2021-08-02-11--58--28[INFO] approx. FPS: 3.75
