INFO:root:2021-07-21-15--53--41 Parameter Generation Success
INFO:root:2021-07-21-15--53--41 Colour Conversion Completed
INFO:root:2021-07-21-15--53--41 Sleep Check Completed
INFO:root:2021-07-21-15--53--41 Frame manipulations completed
INFO:root:2021-07-21-15--53--41 Bounding Box Drawn
INFO:root:2021-07-21-15--53--47 MovingFrameQueue Appended
INFO:root:2021-07-21-15--53--47 anomallyFrameTracker resetted to 200
INFO:root:2021-07-21-15--53--47 anomallyFrameTracker resetted to 200
INFO:root:2021-07-21-15--53--47 anomallyFrameTracker resetted to 200
INFO:root:2021-07-21-15--53--47 Colour Conversion Completed
INFO:root:2021-07-21-15--53--47 Sleep Check Completed
INFO:root:2021-07-21-15--53--47 Frame manipulations completed
INFO:root:2021-07-21-15--53--47 Bounding Box Drawn
INFO:root:2021-07-21-15--53--47 MovingFrameQueue Appended
INFO:root:2021-07-21-15--53--47 anomallyFrameTracker resetted to 200
INFO:root:2021-07-21-15--53--47 anomallyFrameTracker resetted to 200
INFO:root:2021-07-21-15--53--47 anomallyFrameTracker resetted to 200
INFO:root:2021-07-21-15--53--47 Colour Conversion Completed
INFO:root:2021-07-21-15--53--47 Sleep Check Completed
INFO:root:2021-07-21-15--53--47 Frame manipulations completed
INFO:root:2021-07-21-15--53--47 Bounding Box Drawn
INFO:root:2021-07-21-15--53--47 MovingFrameQueue Appended
INFO:root:2021-07-21-15--53--47 anomallyFrameTracker resetted to 200
INFO:root:2021-07-21-15--53--47 anomallyFrameTracker resetted to 200
INFO:root:2021-07-21-15--53--47 anomallyFrameTracker resetted to 200
INFO:root:2021-07-21-15--53--47 Colour Conversion Completed
INFO:root:2021-07-21-15--53--47 Sleep Check Completed
INFO:root:2021-07-21-15--53--47 Frame manipulations completed
INFO:root:2021-07-21-15--53--47 Bounding Box Drawn
INFO:root:2021-07-21-15--53--47 MovingFrameQueue Appended
INFO:root:2021-07-21-15--53--47 anomallyFrameTracker resetted to 200
INFO:root:2021-07-21-15--53--47 anomallyFrameTracker resetted to 200
INFO:root:2021-07-21-15--53--47 anomallyFrameTracker resetted to 200
INFO:root:2021-07-21-15--53--47 Colour Conversion Completed
INFO:root:2021-07-21-15--53--47 Sleep Check Completed
INFO:root:2021-07-21-15--53--47 Frame manipulations completed
INFO:root:2021-07-21-15--53--47 Bounding Box Drawn
INFO:root:2021-07-21-15--53--47 MovingFrameQueue Appended
INFO:root:2021-07-21-15--53--47 anomallyFrameTracker resetted to 200
INFO:root:2021-07-21-15--53--47 anomallyFrameTracker resetted to 200
INFO:root:2021-07-21-15--53--47 anomallyFrameTracker resetted to 200
INFO:root:2021-07-21-15--53--47 Colour Conversion Completed
INFO:root:2021-07-21-15--53--47 Sleep Check Completed
INFO:root:2021-07-21-15--53--47 Frame manipulations completed
INFO:root:2021-07-21-15--53--47 Bounding Box Drawn
INFO:root:2021-07-21-15--53--47 MovingFrameQueue Appended
INFO:root:2021-07-21-15--53--47 anomallyFrameTracker resetted to 200
INFO:root:2021-07-21-15--53--47 anomallyFrameTracker resetted to 200
INFO:root:2021-07-21-15--53--47 anomallyFrameTracker resetted to 200
INFO:root:2021-07-21-15--53--47 Colour Conversion Completed
INFO:root:2021-07-21-15--53--48 Sleep Check Completed
INFO:root:2021-07-21-15--53--48 Frame manipulations completed
INFO:root:2021-07-21-15--53--48 Bounding Box Drawn
INFO:root:2021-07-21-15--53--48 MovingFrameQueue Appended
INFO:root:2021-07-21-15--53--48 anomallyFrameTracker resetted to 200
INFO:root:2021-07-21-15--53--48 anomallyFrameTracker resetted to 200
INFO:root:2021-07-21-15--53--48 anomallyFrameTracker resetted to 200
INFO:root:2021-07-21-15--53--48 Colour Conversion Completed
INFO:root:2021-07-21-15--53--48 Sleep Check Completed
INFO:root:2021-07-21-15--53--48 Frame manipulations completed
INFO:root:2021-07-21-15--53--48 Bounding Box Drawn
INFO:root:2021-07-21-15--53--48 MovingFrameQueue Appended
INFO:root:2021-07-21-15--53--48 anomallyFrameTracker resetted to 200
INFO:root:2021-07-21-15--53--48 anomallyFrameTracker resetted to 200
INFO:root:2021-07-21-15--53--48 anomallyFrameTracker resetted to 200
INFO:root:2021-07-21-15--53--48 Colour Conversion Completed
INFO:root:2021-07-21-15--53--48 Sleep Check Completed
INFO:root:2021-07-21-15--53--48 Frame manipulations completed
INFO:root:2021-07-21-15--53--48 Bounding Box Drawn
INFO:root:2021-07-21-15--53--48 MovingFrameQueue Appended
INFO:root:2021-07-21-15--53--48 anomallyFrameTracker resetted to 200
INFO:root:2021-07-21-15--53--48 anomallyFrameTracker resetted to 200
INFO:root:2021-07-21-15--53--48 anomallyFrameTracker resetted to 200
INFO:root:2021-07-21-15--53--48 Colour Conversion Completed
INFO:root:2021-07-21-15--53--48 Sleep Check Completed
INFO:root:2021-07-21-15--53--48 Frame manipulations completed
INFO:root:2021-07-21-15--53--48 Bounding Box Drawn
INFO:root:2021-07-21-15--53--48 MovingFrameQueue Appended
INFO:root:2021-07-21-15--53--49 anomallyFrameTracker resetted to 200
INFO:root:2021-07-21-15--53--49 anomallyFrameTracker resetted to 200
INFO:root:2021-07-21-15--53--49 anomallyFrameTracker resetted to 200
INFO:root:2021-07-21-15--53--49 Colour Conversion Completed
INFO:root:2021-07-21-15--53--49 Sleep Check Completed
INFO:root:2021-07-21-15--53--49 Frame manipulations completed
INFO:root:2021-07-21-15--53--49 Bounding Box Drawn
INFO:root:2021-07-21-15--53--49 MovingFrameQueue Appended
INFO:root:2021-07-21-15--53--49 anomallyFrameTracker resetted to 200
INFO:root:2021-07-21-15--53--49 anomallyFrameTracker resetted to 200
INFO:root:2021-07-21-15--53--49 anomallyFrameTracker resetted to 200
INFO:root:2021-07-21-15--53--49 Colour Conversion Completed
INFO:root:2021-07-21-15--53--49 Sleep Check Completed
INFO:root:2021-07-21-15--53--49 Frame manipulations completed
INFO:root:2021-07-21-15--53--49 Bounding Box Drawn
INFO:root:2021-07-21-15--53--49 MovingFrameQueue Appended
INFO:root:2021-07-21-15--53--49 anomallyFrameTracker resetted to 200
INFO:root:2021-07-21-15--53--49 anomallyFrameTracker resetted to 200
INFO:root:2021-07-21-15--53--49 anomallyFrameTracker resetted to 200
INFO:root:2021-07-21-15--53--49 Colour Conversion Completed
INFO:root:2021-07-21-15--53--49 Sleep Check Completed
INFO:root:2021-07-21-15--53--49 Frame manipulations completed
INFO:root:2021-07-21-15--53--49 Bounding Box Drawn
INFO:root:2021-07-21-15--53--49 MovingFrameQueue Appended
INFO:root:2021-07-21-15--53--49 anomallyFrameTracker resetted to 200
INFO:root:2021-07-21-15--53--49 anomallyFrameTracker resetted to 200
INFO:root:2021-07-21-15--53--49 anomallyFrameTracker resetted to 200
INFO:root:2021-07-21-15--53--49 Colour Conversion Completed
INFO:root:2021-07-21-15--53--49 Sleep Check Completed
INFO:root:2021-07-21-15--53--49 Frame manipulations completed
INFO:root:2021-07-21-15--53--49 Bounding Box Drawn
INFO:root:2021-07-21-15--53--50 MovingFrameQueue Appended
INFO:root:2021-07-21-15--53--50 anomallyFrameTracker resetted to 200
INFO:root:2021-07-21-15--53--50 anomallyFrameTracker resetted to 200
INFO:root:2021-07-21-15--53--50 anomallyFrameTracker resetted to 200
INFO:root:2021-07-21-15--53--50 Colour Conversion Completed
INFO:root:2021-07-21-15--53--50 Sleep Check Completed
INFO:root:2021-07-21-15--53--50 Frame manipulations completed
INFO:root:2021-07-21-15--53--50 Bounding Box Drawn
INFO:root:2021-07-21-15--53--50 MovingFrameQueue Appended
INFO:root:2021-07-21-15--53--50 anomallyFrameTracker resetted to 200
INFO:root:2021-07-21-15--53--50 anomallyFrameTracker resetted to 200
INFO:root:2021-07-21-15--53--50 anomallyFrameTracker resetted to 200
INFO:root:2021-07-21-15--53--50 Colour Conversion Completed
INFO:root:2021-07-21-15--53--50 Sleep Check Completed
INFO:root:2021-07-21-15--53--50 Frame manipulations completed
INFO:root:2021-07-21-15--53--50 Bounding Box Drawn
INFO:root:2021-07-21-15--53--50 MovingFrameQueue Appended
INFO:root:2021-07-21-15--53--50 anomallyFrameTracker resetted to 200
INFO:root:2021-07-21-15--53--50 anomallyFrameTracker resetted to 200
INFO:root:2021-07-21-15--53--50 anomallyFrameTracker resetted to 200
INFO:root:2021-07-21-15--53--50 Colour Conversion Completed
INFO:root:2021-07-21-15--53--50 Sleep Check Completed
INFO:root:2021-07-21-15--53--50 Frame manipulations completed
INFO:root:2021-07-21-15--53--50 Bounding Box Drawn
INFO:root:2021-07-21-15--53--50 MovingFrameQueue Appended
INFO:root:2021-07-21-15--53--50 anomallyFrameTracker resetted to 200
INFO:root:2021-07-21-15--53--50 anomallyFrameTracker resetted to 200
INFO:root:2021-07-21-15--53--50 anomallyFrameTracker resetted to 200
INFO:root:2021-07-21-15--53--50 Colour Conversion Completed
INFO:root:2021-07-21-15--53--50 Sleep Check Completed
INFO:root:2021-07-21-15--53--50 Frame manipulations completed
INFO:root:2021-07-21-15--53--50 Bounding Box Drawn
INFO:root:2021-07-21-15--53--50 MovingFrameQueue Appended
INFO:root:2021-07-21-15--53--50 anomallyFrameTracker resetted to 200
INFO:root:2021-07-21-15--53--50 anomallyFrameTracker resetted to 200
INFO:root:2021-07-21-15--53--50 anomallyFrameTracker resetted to 200
INFO:root:2021-07-21-15--53--50 Colour Conversion Completed
INFO:root:2021-07-21-15--53--50 Sleep Check Completed
INFO:root:2021-07-21-15--53--50 Frame manipulations completed
INFO:root:2021-07-21-15--53--50 Bounding Box Drawn
INFO:root:2021-07-21-15--53--51 MovingFrameQueue Appended
INFO:root:2021-07-21-15--53--51 anomallyFrameTracker resetted to 200
INFO:root:2021-07-21-15--53--51 anomallyFrameTracker resetted to 200
INFO:root:2021-07-21-15--53--51 anomallyFrameTracker resetted to 200
INFO:root:2021-07-21-15--53--51 Colour Conversion Completed
INFO:root:2021-07-21-15--53--51 Sleep Check Completed
INFO:root:2021-07-21-15--53--51 Frame manipulations completed
INFO:root:2021-07-21-15--53--51 Bounding Box Drawn
INFO:root:2021-07-21-15--53--51 MovingFrameQueue Appended
INFO:root:2021-07-21-15--53--51 anomallyFrameTracker resetted to 200
INFO:root:2021-07-21-15--53--51 anomallyFrameTracker resetted to 200
INFO:root:2021-07-21-15--53--51 anomallyFrameTracker resetted to 200
INFO:root:2021-07-21-15--53--51 Colour Conversion Completed
INFO:root:2021-07-21-15--53--51 Sleep Check Completed
INFO:root:2021-07-21-15--53--51 Frame manipulations completed
INFO:root:2021-07-21-15--53--51 Bounding Box Drawn
INFO:root:2021-07-21-15--53--51 MovingFrameQueue Appended
INFO:root:2021-07-21-15--53--51 anomallyFrameTracker resetted to 200
INFO:root:2021-07-21-15--53--51 anomallyFrameTracker resetted to 200
INFO:root:2021-07-21-15--53--51 anomallyFrameTracker resetted to 200
INFO:root:2021-07-21-15--53--51 Colour Conversion Completed
INFO:root:2021-07-21-15--53--51 Sleep Check Completed
INFO:root:2021-07-21-15--53--51 Frame manipulations completed
INFO:root:2021-07-21-15--53--51 Bounding Box Drawn
INFO:root:2021-07-21-15--53--51 MovingFrameQueue Appended
INFO:root:2021-07-21-15--53--51 anomallyFrameTracker resetted to 200
INFO:root:2021-07-21-15--53--51 anomallyFrameTracker resetted to 200
INFO:root:2021-07-21-15--53--51 anomallyFrameTracker resetted to 200
INFO:root:2021-07-21-15--53--51 Colour Conversion Completed
INFO:root:2021-07-21-15--53--52 Sleep Check Completed
INFO:root:2021-07-21-15--53--52 Frame manipulations completed
INFO:root:2021-07-21-15--53--52 Bounding Box Drawn
INFO:root:2021-07-21-15--53--52 MovingFrameQueue Appended
INFO:root:2021-07-21-15--53--52 anomallyFrameTracker resetted to 200
INFO:root:2021-07-21-15--53--52 anomallyFrameTracker resetted to 200
INFO:root:2021-07-21-15--53--52 anomallyFrameTracker resetted to 200
INFO:root:2021-07-21-15--53--52 Colour Conversion Completed
INFO:root:2021-07-21-15--53--52 Sleep Check Completed
INFO:root:2021-07-21-15--53--52 Frame manipulations completed
INFO:root:2021-07-21-15--53--52 Bounding Box Drawn
INFO:root:2021-07-21-15--53--52 MovingFrameQueue Appended
INFO:root:2021-07-21-15--53--52 anomallyFrameTracker resetted to 200
INFO:root:2021-07-21-15--53--52 anomallyFrameTracker resetted to 200
INFO:root:2021-07-21-15--53--52 anomallyFrameTracker resetted to 200
INFO:root:2021-07-21-15--53--52 Colour Conversion Completed
INFO:root:2021-07-21-15--53--52 Sleep Check Completed
INFO:root:2021-07-21-15--53--52 Frame manipulations completed
INFO:root:2021-07-21-15--53--52 Bounding Box Drawn
INFO:root:2021-07-21-15--53--52 MovingFrameQueue Appended
INFO:root:2021-07-21-15--53--52 anomallyFrameTracker resetted to 200
INFO:root:2021-07-21-15--53--52 anomallyFrameTracker resetted to 200
INFO:root:2021-07-21-15--53--52 anomallyFrameTracker resetted to 200
INFO:root:2021-07-21-15--53--52 Colour Conversion Completed
INFO:root:2021-07-21-15--53--52 Sleep Check Completed
INFO:root:2021-07-21-15--53--52 Frame manipulations completed
INFO:root:2021-07-21-15--53--52 Bounding Box Drawn
INFO:root:2021-07-21-15--53--52 MovingFrameQueue Appended
INFO:root:2021-07-21-15--53--52 anomallyFrameTracker resetted to 200
INFO:root:2021-07-21-15--53--52 anomallyFrameTracker resetted to 200
INFO:root:2021-07-21-15--53--52 anomallyFrameTracker resetted to 200
INFO:root:2021-07-21-15--53--52 Colour Conversion Completed
INFO:root:2021-07-21-15--53--52 Sleep Check Completed
INFO:root:2021-07-21-15--53--52 Frame manipulations completed
INFO:root:2021-07-21-15--53--52 Bounding Box Drawn
INFO:root:2021-07-21-15--53--52 MovingFrameQueue Appended
INFO:root:2021-07-21-15--53--52 anomallyFrameTracker resetted to 200
INFO:root:2021-07-21-15--53--52 anomallyFrameTracker resetted to 200
INFO:root:2021-07-21-15--53--52 anomallyFrameTracker resetted to 200
INFO:root:2021-07-21-15--53--52 Colour Conversion Completed
INFO:root:2021-07-21-15--53--52 Sleep Check Completed
INFO:root:2021-07-21-15--53--52 Frame manipulations completed
INFO:root:2021-07-21-15--53--52 Bounding Box Drawn
INFO:root:2021-07-21-15--53--53 MovingFrameQueue Appended
INFO:root:2021-07-21-15--53--53 anomallyFrameTracker resetted to 200
INFO:root:2021-07-21-15--53--53 anomallyFrameTracker resetted to 200
INFO:root:2021-07-21-15--53--53 anomallyFrameTracker resetted to 200
INFO:root:2021-07-21-15--53--53 Colour Conversion Completed
INFO:root:2021-07-21-15--53--53 Sleep Check Completed
INFO:root:2021-07-21-15--53--53 Frame manipulations completed
INFO:root:2021-07-21-15--53--53 Bounding Box Drawn
INFO:root:2021-07-21-15--53--53 MovingFrameQueue Appended
INFO:root:2021-07-21-15--53--53 anomallyFrameTracker resetted to 200
INFO:root:2021-07-21-15--53--53 anomallyFrameTracker resetted to 200
INFO:root:2021-07-21-15--53--53 anomallyFrameTracker resetted to 200
INFO:root:2021-07-21-15--53--53 Colour Conversion Completed
INFO:root:2021-07-21-15--53--53 Sleep Check Completed
INFO:root:2021-07-21-15--53--53 Frame manipulations completed
INFO:root:2021-07-21-15--53--53 Bounding Box Drawn
INFO:root:2021-07-21-15--53--53 MovingFrameQueue Appended
INFO:root:2021-07-21-15--53--53 anomallyFrameTracker resetted to 200
INFO:root:2021-07-21-15--53--53 anomallyFrameTracker resetted to 200
INFO:root:2021-07-21-15--53--53 anomallyFrameTracker resetted to 200
INFO:root:2021-07-21-15--53--53 Colour Conversion Completed
INFO:root:2021-07-21-15--53--54 Sleep Check Completed
INFO:root:2021-07-21-15--53--54 Frame manipulations completed
INFO:root:2021-07-21-15--53--54 Bounding Box Drawn
INFO:root:2021-07-21-15--53--54 MovingFrameQueue Appended
INFO:root:2021-07-21-15--53--54 anomallyFrameTracker resetted to 200
INFO:root:2021-07-21-15--53--54 anomallyFrameTracker resetted to 200
INFO:root:2021-07-21-15--53--54 anomallyFrameTracker resetted to 200
INFO:root:2021-07-21-15--53--54 Colour Conversion Completed
INFO:root:2021-07-21-15--53--54 Sleep Check Completed
INFO:root:2021-07-21-15--53--54 Frame manipulations completed
INFO:root:2021-07-21-15--53--54 Bounding Box Drawn
INFO:root:2021-07-21-15--53--54 MovingFrameQueue Appended
INFO:root:2021-07-21-15--53--54 anomallyFrameTracker resetted to 200
INFO:root:2021-07-21-15--53--54 anomallyFrameTracker resetted to 200
INFO:root:2021-07-21-15--53--54 anomallyFrameTracker resetted to 200
INFO:root:2021-07-21-15--53--54 Colour Conversion Completed
INFO:root:2021-07-21-15--53--54 Sleep Check Completed
INFO:root:2021-07-21-15--53--54 Frame manipulations completed
INFO:root:2021-07-21-15--53--54 Bounding Box Drawn
INFO:root:2021-07-21-15--53--54 MovingFrameQueue Appended
INFO:root:2021-07-21-15--53--54 anomallyFrameTracker resetted to 200
INFO:root:2021-07-21-15--53--54 anomallyFrameTracker resetted to 200
INFO:root:2021-07-21-15--53--54 anomallyFrameTracker resetted to 200
INFO:root:2021-07-21-15--53--54 Colour Conversion Completed
INFO:root:2021-07-21-15--53--54 Sleep Check Completed
INFO:root:2021-07-21-15--53--54 Frame manipulations completed
INFO:root:2021-07-21-15--53--54 Bounding Box Drawn
INFO:root:2021-07-21-15--53--54 MovingFrameQueue Appended
INFO:root:2021-07-21-15--53--54 anomallyFrameTracker resetted to 200
INFO:root:2021-07-21-15--53--54 anomallyFrameTracker resetted to 200
INFO:root:2021-07-21-15--53--54 anomallyFrameTracker resetted to 200
INFO:root:2021-07-21-15--53--54 Colour Conversion Completed
INFO:root:2021-07-21-15--53--54 Sleep Check Completed
INFO:root:2021-07-21-15--53--54 Frame manipulations completed
INFO:root:2021-07-21-15--53--54 Bounding Box Drawn
INFO:root:2021-07-21-15--53--54 MovingFrameQueue Appended
INFO:root:2021-07-21-15--53--54 anomallyFrameTracker resetted to 200
INFO:root:2021-07-21-15--53--54 anomallyFrameTracker resetted to 200
INFO:root:2021-07-21-15--53--54 anomallyFrameTracker resetted to 200
INFO:root:2021-07-21-15--53--54 Colour Conversion Completed
INFO:root:2021-07-21-15--53--54 Sleep Check Completed
INFO:root:2021-07-21-15--53--54 Frame manipulations completed
INFO:root:2021-07-21-15--53--54 Bounding Box Drawn
INFO:root:2021-07-21-15--53--54 MovingFrameQueue Appended
INFO:root:2021-07-21-15--53--54 anomallyFrameTracker resetted to 200
INFO:root:2021-07-21-15--53--54 anomallyFrameTracker resetted to 200
INFO:root:2021-07-21-15--53--54 anomallyFrameTracker resetted to 200
INFO:root:2021-07-21-15--53--54 Colour Conversion Completed
INFO:root:2021-07-21-15--53--55 Sleep Check Completed
INFO:root:2021-07-21-15--53--55 Frame manipulations completed
INFO:root:2021-07-21-15--53--55 Bounding Box Drawn
INFO:root:2021-07-21-15--53--55 MovingFrameQueue Appended
INFO:root:2021-07-21-15--53--55 anomallyFrameTracker resetted to 200
INFO:root:2021-07-21-15--53--55 anomallyFrameTracker resetted to 200
INFO:root:2021-07-21-15--53--55 anomallyFrameTracker resetted to 200
INFO:root:2021-07-21-15--53--55 Colour Conversion Completed
INFO:root:2021-07-21-15--53--55 Sleep Check Completed
INFO:root:2021-07-21-15--53--55 Frame manipulations completed
INFO:root:2021-07-21-15--53--55 Bounding Box Drawn
INFO:root:2021-07-21-15--53--55 MovingFrameQueue Appended
INFO:root:2021-07-21-15--53--55 anomallyFrameTracker resetted to 200
INFO:root:2021-07-21-15--53--55 anomallyFrameTracker resetted to 200
INFO:root:2021-07-21-15--53--55 anomallyFrameTracker resetted to 200
INFO:root:2021-07-21-15--53--55 Colour Conversion Completed
INFO:root:2021-07-21-15--53--55 Sleep Check Completed
INFO:root:2021-07-21-15--53--55 Frame manipulations completed
INFO:root:2021-07-21-15--53--55 Bounding Box Drawn
INFO:root:2021-07-21-15--53--55 MovingFrameQueue Appended
INFO:root:2021-07-21-15--53--55 anomallyFrameTracker resetted to 200
INFO:root:2021-07-21-15--53--55 anomallyFrameTracker resetted to 200
INFO:root:2021-07-21-15--53--55 anomallyFrameTracker resetted to 200
INFO:root:2021-07-21-15--53--55 Colour Conversion Completed
INFO:root:2021-07-21-15--53--55 Sleep Check Completed
INFO:root:2021-07-21-15--53--55 Frame manipulations completed
INFO:root:2021-07-21-15--53--55 Bounding Box Drawn
INFO:root:2021-07-21-15--53--55 MovingFrameQueue Appended
INFO:root:2021-07-21-15--53--55 anomallyFrameTracker resetted to 200
INFO:root:2021-07-21-15--53--55 anomallyFrameTracker resetted to 200
INFO:root:2021-07-21-15--53--55 anomallyFrameTracker resetted to 200
INFO:root:2021-07-21-15--53--55 Colour Conversion Completed
INFO:root:2021-07-21-15--53--55 Sleep Check Completed
INFO:root:2021-07-21-15--53--55 Frame manipulations completed
INFO:root:2021-07-21-15--53--55 Bounding Box Drawn
INFO:root:2021-07-21-15--53--55 MovingFrameQueue Appended
INFO:root:2021-07-21-15--53--55 anomallyFrameTracker resetted to 200
INFO:root:2021-07-21-15--53--55 anomallyFrameTracker resetted to 200
INFO:root:2021-07-21-15--53--55 anomallyFrameTracker resetted to 200
INFO:root:2021-07-21-15--53--55 Colour Conversion Completed
INFO:root:2021-07-21-15--53--55 Sleep Check Completed
INFO:root:2021-07-21-15--53--55 Frame manipulations completed
INFO:root:2021-07-21-15--53--55 Bounding Box Drawn
INFO:root:2021-07-21-15--53--55 MovingFrameQueue Appended
INFO:root:2021-07-21-15--53--55 anomallyFrameTracker resetted to 200
INFO:root:2021-07-21-15--53--55 anomallyFrameTracker resetted to 200
INFO:root:2021-07-21-15--53--55 anomallyFrameTracker resetted to 200
INFO:root:2021-07-21-15--53--55 Colour Conversion Completed
INFO:root:2021-07-21-15--53--55 Sleep Check Completed
INFO:root:2021-07-21-15--53--55 Frame manipulations completed
INFO:root:2021-07-21-15--53--55 Bounding Box Drawn
INFO:root:2021-07-21-15--53--55 MovingFrameQueue Appended
INFO:root:2021-07-21-15--53--55 anomallyFrameTracker resetted to 200
INFO:root:2021-07-21-15--53--55 anomallyFrameTracker resetted to 200
INFO:root:2021-07-21-15--53--55 anomallyFrameTracker resetted to 200
INFO:root:2021-07-21-15--53--55 Colour Conversion Completed
INFO:root:2021-07-21-15--53--56 Sleep Check Completed
INFO:root:2021-07-21-15--53--56 Frame manipulations completed
INFO:root:2021-07-21-15--53--56 Bounding Box Drawn
INFO:root:2021-07-21-15--53--56 MovingFrameQueue Appended
INFO:root:2021-07-21-15--53--56 anomallyFrameTracker resetted to 200
INFO:root:2021-07-21-15--53--56 anomallyFrameTracker resetted to 200
INFO:root:2021-07-21-15--53--56 anomallyFrameTracker resetted to 200
INFO:root:2021-07-21-15--53--56 Colour Conversion Completed
INFO:root:2021-07-21-15--53--56 Sleep Check Completed
INFO:root:2021-07-21-15--53--56 Frame manipulations completed
INFO:root:2021-07-21-15--53--56 Bounding Box Drawn
INFO:root:2021-07-21-15--53--56 MovingFrameQueue Appended
INFO:root:2021-07-21-15--53--56 anomallyFrameTracker resetted to 200
INFO:root:2021-07-21-15--53--56 anomallyFrameTracker resetted to 200
INFO:root:2021-07-21-15--53--56 anomallyFrameTracker resetted to 200
INFO:root:2021-07-21-15--53--56 Colour Conversion Completed
INFO:root:2021-07-21-15--53--56 Sleep Check Completed
INFO:root:2021-07-21-15--53--56 Frame manipulations completed
INFO:root:2021-07-21-15--53--56 Bounding Box Drawn
INFO:root:2021-07-21-15--53--56 MovingFrameQueue Appended
INFO:root:2021-07-21-15--53--56 anomallyFrameTracker resetted to 200
INFO:root:2021-07-21-15--53--56 anomallyFrameTracker resetted to 200
INFO:root:2021-07-21-15--53--56 anomallyFrameTracker resetted to 200
INFO:root:2021-07-21-15--53--56 Colour Conversion Completed
INFO:root:2021-07-21-15--53--56 Sleep Check Completed
INFO:root:2021-07-21-15--53--56 Frame manipulations completed
INFO:root:2021-07-21-15--53--56 Bounding Box Drawn
INFO:root:2021-07-21-15--53--56 MovingFrameQueue Appended
INFO:root:2021-07-21-15--53--56 anomallyFrameTracker resetted to 200
INFO:root:2021-07-21-15--53--56 anomallyFrameTracker resetted to 200
INFO:root:2021-07-21-15--53--56 anomallyFrameTracker resetted to 200
INFO:root:2021-07-21-15--53--56 Colour Conversion Completed
INFO:root:2021-07-21-15--53--56 Sleep Check Completed
INFO:root:2021-07-21-15--53--56 Frame manipulations completed
INFO:root:2021-07-21-15--53--56 Bounding Box Drawn
INFO:root:2021-07-21-15--53--56 MovingFrameQueue Appended
INFO:root:2021-07-21-15--53--56 anomallyFrameTracker resetted to 200
INFO:root:2021-07-21-15--53--56 anomallyFrameTracker resetted to 200
INFO:root:2021-07-21-15--53--56 anomallyFrameTracker resetted to 200
INFO:root:2021-07-21-15--53--56 Colour Conversion Completed
INFO:root:2021-07-21-15--53--56 Sleep Check Completed
INFO:root:2021-07-21-15--53--56 Frame manipulations completed
INFO:root:2021-07-21-15--53--56 Bounding Box Drawn
INFO:root:2021-07-21-15--53--56 MovingFrameQueue Appended
INFO:root:2021-07-21-15--53--56 anomallyFrameTracker resetted to 200
INFO:root:2021-07-21-15--53--56 anomallyFrameTracker resetted to 200
INFO:root:2021-07-21-15--53--56 anomallyFrameTracker resetted to 200
INFO:root:2021-07-21-15--53--56 Colour Conversion Completed
INFO:root:2021-07-21-15--53--56 Sleep Check Completed
INFO:root:2021-07-21-15--53--56 Frame manipulations completed
INFO:root:2021-07-21-15--53--56 Bounding Box Drawn
INFO:root:2021-07-21-15--53--56 MovingFrameQueue Appended
INFO:root:2021-07-21-15--53--56 anomallyFrameTracker resetted to 200
INFO:root:2021-07-21-15--53--56 anomallyFrameTracker resetted to 200
INFO:root:2021-07-21-15--53--56 anomallyFrameTracker resetted to 200
INFO:root:2021-07-21-15--53--56 Colour Conversion Completed
INFO:root:2021-07-21-15--53--56 Sleep Check Completed
INFO:root:2021-07-21-15--53--56 Frame manipulations completed
INFO:root:2021-07-21-15--53--56 Bounding Box Drawn
INFO:root:2021-07-21-15--53--56 MovingFrameQueue Appended
INFO:root:2021-07-21-15--53--56 anomallyFrameTracker resetted to 200
INFO:root:2021-07-21-15--53--56 anomallyFrameTracker resetted to 200
INFO:root:2021-07-21-15--53--56 anomallyFrameTracker resetted to 200
INFO:root:2021-07-21-15--53--56 Colour Conversion Completed
INFO:root:2021-07-21-15--53--56 Sleep Check Completed
INFO:root:2021-07-21-15--53--56 Frame manipulations completed
INFO:root:2021-07-21-15--53--56 Bounding Box Drawn
INFO:root:2021-07-21-15--53--56 MovingFrameQueue Popped
INFO:root:2021-07-21-15--53--56 anomallyFrameTracker resetted to 200
INFO:root:2021-07-21-15--53--56 anomallyFrameTracker resetted to 200
INFO:root:2021-07-21-15--53--56 anomallyFrameTracker resetted to 200
INFO:root:2021-07-21-15--53--57 Colour Conversion Completed
INFO:root:2021-07-21-15--53--57 Sleep Check Completed
INFO:root:2021-07-21-15--53--57 Frame manipulations completed
INFO:root:2021-07-21-15--53--57 Bounding Box Drawn
INFO:root:2021-07-21-15--53--57 MovingFrameQueue Appended
INFO:root:2021-07-21-15--53--57 anomallyFrameTracker resetted to 200
INFO:root:2021-07-21-15--53--57 anomallyFrameTracker resetted to 200
INFO:root:2021-07-21-15--53--57 anomallyFrameTracker resetted to 200
INFO:root:2021-07-21-15--53--57 Colour Conversion Completed
INFO:root:2021-07-21-15--53--57 Sleep Check Completed
INFO:root:2021-07-21-15--53--57 Frame manipulations completed
INFO:root:2021-07-21-15--53--57 Bounding Box Drawn
INFO:root:2021-07-21-15--53--57 MovingFrameQueue Popped
INFO:root:2021-07-21-15--53--57 anomallyFrameTracker resetted to 200
INFO:root:2021-07-21-15--53--57 anomallyFrameTracker resetted to 200
INFO:root:2021-07-21-15--53--57 anomallyFrameTracker resetted to 200
INFO:root:2021-07-21-15--53--57 Colour Conversion Completed
INFO:root:2021-07-21-15--53--57 Sleep Check Completed
INFO:root:2021-07-21-15--53--57 Frame manipulations completed
INFO:root:2021-07-21-15--53--57 Bounding Box Drawn
INFO:root:2021-07-21-15--53--57 MovingFrameQueue Appended
INFO:root:2021-07-21-15--53--57 anomallyFrameTracker resetted to 200
INFO:root:2021-07-21-15--53--57 anomallyFrameTracker resetted to 200
INFO:root:2021-07-21-15--53--57 anomallyFrameTracker resetted to 200
INFO:root:2021-07-21-15--53--57 Colour Conversion Completed
INFO:root:2021-07-21-15--53--57 Sleep Check Completed
INFO:root:2021-07-21-15--53--57 Frame manipulations completed
INFO:root:2021-07-21-15--53--57 Bounding Box Drawn
INFO:root:2021-07-21-15--53--57 MovingFrameQueue Popped
INFO:root:2021-07-21-15--53--57 anomallyFrameTracker resetted to 200
INFO:root:2021-07-21-15--53--57 anomallyFrameTracker resetted to 200
INFO:root:2021-07-21-15--53--57 anomallyFrameTracker resetted to 200
INFO:root:2021-07-21-15--53--57 Colour Conversion Completed
INFO:root:2021-07-21-15--53--57 Sleep Check Completed
INFO:root:2021-07-21-15--53--57 Frame manipulations completed
INFO:root:2021-07-21-15--53--57 Bounding Box Drawn
INFO:root:2021-07-21-15--53--57 MovingFrameQueue Appended
INFO:root:2021-07-21-15--53--57 anomallyFrameTracker resetted to 200
INFO:root:2021-07-21-15--53--57 anomallyFrameTracker resetted to 200
INFO:root:2021-07-21-15--53--57 anomallyFrameTracker resetted to 200
INFO:root:2021-07-21-15--53--57 Colour Conversion Completed
INFO:root:2021-07-21-15--53--57 Sleep Check Completed
INFO:root:2021-07-21-15--53--57 Frame manipulations completed
INFO:root:2021-07-21-15--53--57 Bounding Box Drawn
INFO:root:2021-07-21-15--53--57 MovingFrameQueue Popped
INFO:root:2021-07-21-15--53--57 anomallyFrameTracker resetted to 200
INFO:root:2021-07-21-15--53--57 anomallyFrameTracker resetted to 200
INFO:root:2021-07-21-15--53--57 anomallyFrameTracker resetted to 200
INFO:root:2021-07-21-15--53--57 Colour Conversion Completed
INFO:root:2021-07-21-15--53--57 Sleep Check Completed
INFO:root:2021-07-21-15--53--57 Frame manipulations completed
INFO:root:2021-07-21-15--53--57 Bounding Box Drawn
INFO:root:2021-07-21-15--53--57 MovingFrameQueue Appended
INFO:root:2021-07-21-15--53--57 anomallyFrameTracker resetted to 200
INFO:root:2021-07-21-15--53--57 anomallyFrameTracker resetted to 200
INFO:root:2021-07-21-15--53--57 anomallyFrameTracker resetted to 200
INFO:root:2021-07-21-15--53--57 Colour Conversion Completed
INFO:root:2021-07-21-15--53--57 Sleep Check Completed
INFO:root:2021-07-21-15--53--57 Frame manipulations completed
INFO:root:2021-07-21-15--53--57 Bounding Box Drawn
INFO:root:2021-07-21-15--53--57 MovingFrameQueue Popped
INFO:root:2021-07-21-15--53--57 anomallyFrameTracker resetted to 200
INFO:root:2021-07-21-15--53--57 anomallyFrameTracker resetted to 200
INFO:root:2021-07-21-15--53--57 anomallyFrameTracker resetted to 200
INFO:root:2021-07-21-15--53--57 Colour Conversion Completed
INFO:root:2021-07-21-15--53--57 Sleep Check Completed
INFO:root:2021-07-21-15--53--57 Frame manipulations completed
INFO:root:2021-07-21-15--53--57 Bounding Box Drawn
INFO:root:2021-07-21-15--53--58 MovingFrameQueue Appended
INFO:root:2021-07-21-15--53--58 anomallyFrameTracker resetted to 200
INFO:root:2021-07-21-15--53--58 anomallyFrameTracker resetted to 200
INFO:root:2021-07-21-15--53--58 anomallyFrameTracker resetted to 200
INFO:root:2021-07-21-15--53--58 Colour Conversion Completed
INFO:root:2021-07-21-15--53--58 Sleep Check Completed
INFO:root:2021-07-21-15--53--58 Frame manipulations completed
INFO:root:2021-07-21-15--53--58 Bounding Box Drawn
INFO:root:2021-07-21-15--53--58 MovingFrameQueue Popped
INFO:root:2021-07-21-15--53--58 anomallyFrameTracker resetted to 200
INFO:root:2021-07-21-15--53--58 anomallyFrameTracker resetted to 200
INFO:root:2021-07-21-15--53--58 anomallyFrameTracker resetted to 200
INFO:root:2021-07-21-15--53--58 Colour Conversion Completed
INFO:root:2021-07-21-15--53--58 Sleep Check Completed
INFO:root:2021-07-21-15--53--58 Frame manipulations completed
INFO:root:2021-07-21-15--53--58 Bounding Box Drawn
INFO:root:2021-07-21-15--53--58 MovingFrameQueue Appended
INFO:root:2021-07-21-15--53--58 anomallyFrameTracker resetted to 200
INFO:root:2021-07-21-15--53--58 anomallyFrameTracker resetted to 200
INFO:root:2021-07-21-15--53--58 anomallyFrameTracker resetted to 200
INFO:root:2021-07-21-15--53--58 Colour Conversion Completed
INFO:root:2021-07-21-15--53--58 Sleep Check Completed
INFO:root:2021-07-21-15--53--58 Frame manipulations completed
INFO:root:2021-07-21-15--53--58 Bounding Box Drawn
INFO:root:2021-07-21-15--53--58 MovingFrameQueue Popped
INFO:root:2021-07-21-15--53--58 anomallyFrameTracker resetted to 200
INFO:root:2021-07-21-15--53--58 anomallyFrameTracker resetted to 200
INFO:root:2021-07-21-15--53--58 anomallyFrameTracker resetted to 200
INFO:root:2021-07-21-15--53--58 Colour Conversion Completed
INFO:root:2021-07-21-15--53--58 Sleep Check Completed
INFO:root:2021-07-21-15--53--58 Frame manipulations completed
INFO:root:2021-07-21-15--53--58 Bounding Box Drawn
INFO:root:2021-07-21-15--53--58 MovingFrameQueue Appended
INFO:root:2021-07-21-15--53--58 anomallyFrameTracker resetted to 200
INFO:root:2021-07-21-15--53--58 anomallyFrameTracker resetted to 200
INFO:root:2021-07-21-15--53--58 anomallyFrameTracker resetted to 200
INFO:root:2021-07-21-15--53--58 Colour Conversion Completed
INFO:root:2021-07-21-15--53--58 Sleep Check Completed
INFO:root:2021-07-21-15--53--58 Frame manipulations completed
INFO:root:2021-07-21-15--53--58 Bounding Box Drawn
INFO:root:2021-07-21-15--53--59 MovingFrameQueue Popped
INFO:root:2021-07-21-15--53--59 anomallyFrameTracker resetted to 200
INFO:root:2021-07-21-15--53--59 anomallyFrameTracker resetted to 200
INFO:root:2021-07-21-15--53--59 anomallyFrameTracker resetted to 200
INFO:root:2021-07-21-15--53--59 Colour Conversion Completed
INFO:root:2021-07-21-15--53--59 Sleep Check Completed
INFO:root:2021-07-21-15--53--59 Frame manipulations completed
INFO:root:2021-07-21-15--53--59 Bounding Box Drawn
INFO:root:2021-07-21-15--53--59 MovingFrameQueue Appended
INFO:root:2021-07-21-15--53--59 anomallyFrameTracker resetted to 200
INFO:root:2021-07-21-15--53--59 anomallyFrameTracker resetted to 200
INFO:root:2021-07-21-15--53--59 anomallyFrameTracker resetted to 200
INFO:root:2021-07-21-15--53--59 Colour Conversion Completed
INFO:root:2021-07-21-15--53--59 Sleep Check Completed
INFO:root:2021-07-21-15--53--59 Frame manipulations completed
INFO:root:2021-07-21-15--53--59 Bounding Box Drawn
INFO:root:2021-07-21-15--53--59 MovingFrameQueue Popped
INFO:root:2021-07-21-15--53--59 anomallyFrameTracker resetted to 200
INFO:root:2021-07-21-15--53--59 anomallyFrameTracker resetted to 200
INFO:root:2021-07-21-15--53--59 anomallyFrameTracker resetted to 200
INFO:root:2021-07-21-15--53--59 Colour Conversion Completed
INFO:root:2021-07-21-15--53--59 Sleep Check Completed
INFO:root:2021-07-21-15--53--59 Frame manipulations completed
INFO:root:2021-07-21-15--53--59 Bounding Box Drawn
INFO:root:2021-07-21-15--53--59 MovingFrameQueue Appended
INFO:root:2021-07-21-15--53--59 anomallyFrameTracker resetted to 200
INFO:root:2021-07-21-15--53--59 anomallyFrameTracker resetted to 200
INFO:root:2021-07-21-15--53--59 anomallyFrameTracker resetted to 200
INFO:root:2021-07-21-15--53--59 Colour Conversion Completed
INFO:root:2021-07-21-15--53--59 Sleep Check Completed
INFO:root:2021-07-21-15--53--59 Frame manipulations completed
INFO:root:2021-07-21-15--53--59 Bounding Box Drawn
INFO:root:2021-07-21-15--53--59 MovingFrameQueue Popped
INFO:root:2021-07-21-15--53--59 anomallyFrameTracker resetted to 200
INFO:root:2021-07-21-15--53--59 anomallyFrameTracker resetted to 200
INFO:root:2021-07-21-15--53--59 anomallyFrameTracker resetted to 200
INFO:root:2021-07-21-15--53--59 Colour Conversion Completed
INFO:root:2021-07-21-15--53--59 Sleep Check Completed
INFO:root:2021-07-21-15--53--59 Frame manipulations completed
INFO:root:2021-07-21-15--53--59 Bounding Box Drawn
INFO:root:2021-07-21-15--53--59 MovingFrameQueue Appended
INFO:root:2021-07-21-15--53--59 anomallyFrameTracker resetted to 200
INFO:root:2021-07-21-15--53--59 anomallyFrameTracker resetted to 200
INFO:root:2021-07-21-15--53--59 anomallyFrameTracker resetted to 200
INFO:root:2021-07-21-15--53--59 Colour Conversion Completed
INFO:root:2021-07-21-15--53--59 Sleep Check Completed
INFO:root:2021-07-21-15--53--59 Frame manipulations completed
INFO:root:2021-07-21-15--53--59 Bounding Box Drawn
INFO:root:2021-07-21-15--53--59 MovingFrameQueue Popped
INFO:root:2021-07-21-15--53--59 anomallyFrameTracker resetted to 200
INFO:root:2021-07-21-15--53--59 anomallyFrameTracker resetted to 200
INFO:root:2021-07-21-15--53--59 anomallyFrameTracker resetted to 200
INFO:root:2021-07-21-15--53--59 Colour Conversion Completed
INFO:root:2021-07-21-15--53--59 Sleep Check Completed
INFO:root:2021-07-21-15--53--59 Frame manipulations completed
INFO:root:2021-07-21-15--53--59 Bounding Box Drawn
INFO:root:2021-07-21-15--54--00 MovingFrameQueue Appended
INFO:root:2021-07-21-15--54--00 anomallyFrameTracker resetted to 200
INFO:root:2021-07-21-15--54--00 anomallyFrameTracker resetted to 200
INFO:root:2021-07-21-15--54--00 anomallyFrameTracker resetted to 200
INFO:root:2021-07-21-15--54--00 Colour Conversion Completed
INFO:root:2021-07-21-15--54--00 Sleep Check Completed
INFO:root:2021-07-21-15--54--00 Frame manipulations completed
INFO:root:2021-07-21-15--54--00 Bounding Box Drawn
INFO:root:2021-07-21-15--54--00 MovingFrameQueue Popped
INFO:root:2021-07-21-15--54--00 anomallyFrameTracker resetted to 200
INFO:root:2021-07-21-15--54--00 anomallyFrameTracker resetted to 200
INFO:root:2021-07-21-15--54--00 anomallyFrameTracker resetted to 200
INFO:root:2021-07-21-15--54--00 Colour Conversion Completed
INFO:root:2021-07-21-15--54--00 Sleep Check Completed
INFO:root:2021-07-21-15--54--00 Frame manipulations completed
INFO:root:2021-07-21-15--54--00 Bounding Box Drawn
INFO:root:2021-07-21-15--54--00 MovingFrameQueue Appended
INFO:root:2021-07-21-15--54--00 anomallyFrameTracker resetted to 200
INFO:root:2021-07-21-15--54--00 anomallyFrameTracker resetted to 200
INFO:root:2021-07-21-15--54--00 anomallyFrameTracker resetted to 200
INFO:root:2021-07-21-15--54--00 Colour Conversion Completed
INFO:root:2021-07-21-15--54--00 Sleep Check Completed
INFO:root:2021-07-21-15--54--00 Frame manipulations completed
INFO:root:2021-07-21-15--54--00 Bounding Box Drawn
INFO:root:2021-07-21-15--54--00 MovingFrameQueue Popped
INFO:root:2021-07-21-15--54--00 anomallyFrameTracker resetted to 200
INFO:root:2021-07-21-15--54--00 anomallyFrameTracker resetted to 200
INFO:root:2021-07-21-15--54--00 anomallyFrameTracker resetted to 200
INFO:root:2021-07-21-15--54--00 Colour Conversion Completed
INFO:root:2021-07-21-15--54--00 Sleep Check Completed
INFO:root:2021-07-21-15--54--00 Frame manipulations completed
INFO:root:2021-07-21-15--54--00 Bounding Box Drawn
INFO:root:2021-07-21-15--54--00 MovingFrameQueue Appended
INFO:root:2021-07-21-15--54--00 anomallyFrameTracker resetted to 200
INFO:root:2021-07-21-15--54--00 anomallyFrameTracker resetted to 200
INFO:root:2021-07-21-15--54--00 anomallyFrameTracker resetted to 200
INFO:root:2021-07-21-15--54--00 Colour Conversion Completed
INFO:root:2021-07-21-15--54--00 Sleep Check Completed
INFO:root:2021-07-21-15--54--00 Frame manipulations completed
INFO:root:2021-07-21-15--54--00 Bounding Box Drawn
INFO:root:2021-07-21-15--54--00 MovingFrameQueue Popped
INFO:root:2021-07-21-15--54--00 anomallyFrameTracker resetted to 200
INFO:root:2021-07-21-15--54--00 anomallyFrameTracker resetted to 200
INFO:root:2021-07-21-15--54--00 anomallyFrameTracker resetted to 200
INFO:root:2021-07-21-15--54--00 Colour Conversion Completed
INFO:root:2021-07-21-15--54--00 Sleep Check Completed
INFO:root:2021-07-21-15--54--00 Frame manipulations completed
INFO:root:2021-07-21-15--54--00 Bounding Box Drawn
INFO:root:2021-07-21-15--54--01 MovingFrameQueue Appended
INFO:root:2021-07-21-15--54--01 anomallyFrameTracker resetted to 200
INFO:root:2021-07-21-15--54--01 anomallyFrameTracker resetted to 200
INFO:root:2021-07-21-15--54--01 anomallyFrameTracker resetted to 200
INFO:root:2021-07-21-15--54--01 Colour Conversion Completed
INFO:root:2021-07-21-15--54--01 Sleep Check Completed
INFO:root:2021-07-21-15--54--01 Frame manipulations completed
INFO:root:2021-07-21-15--54--01 Bounding Box Drawn
INFO:root:2021-07-21-15--54--01 MovingFrameQueue Popped
INFO:root:2021-07-21-15--54--01 anomallyFrameTracker resetted to 200
INFO:root:2021-07-21-15--54--01 anomallyFrameTracker resetted to 200
INFO:root:2021-07-21-15--54--01 anomallyFrameTracker resetted to 200
INFO:root:2021-07-21-15--54--01 Colour Conversion Completed
INFO:root:2021-07-21-15--54--01 Sleep Check Completed
INFO:root:2021-07-21-15--54--01 Frame manipulations completed
INFO:root:2021-07-21-15--54--01 Bounding Box Drawn
INFO:root:2021-07-21-15--54--01 MovingFrameQueue Appended
INFO:root:2021-07-21-15--54--01 anomallyFrameTracker resetted to 200
INFO:root:2021-07-21-15--54--01 anomallyFrameTracker resetted to 200
INFO:root:2021-07-21-15--54--01 anomallyFrameTracker resetted to 200
INFO:root:2021-07-21-15--54--01 Colour Conversion Completed
INFO:root:2021-07-21-15--54--01 Sleep Check Completed
INFO:root:2021-07-21-15--54--01 Frame manipulations completed
INFO:root:2021-07-21-15--54--01 Bounding Box Drawn
INFO:root:2021-07-21-15--54--01 MovingFrameQueue Popped
INFO:root:2021-07-21-15--54--01 anomallyFrameTracker resetted to 200
INFO:root:2021-07-21-15--54--01 anomallyFrameTracker resetted to 200
INFO:root:2021-07-21-15--54--01 anomallyFrameTracker resetted to 200
INFO:root:2021-07-21-15--54--01 Colour Conversion Completed
INFO:root:2021-07-21-15--54--01 Sleep Check Completed
INFO:root:2021-07-21-15--54--01 Frame manipulations completed
INFO:root:2021-07-21-15--54--01 Bounding Box Drawn
INFO:root:2021-07-21-15--54--01 MovingFrameQueue Appended
INFO:root:2021-07-21-15--54--01 anomallyFrameTracker resetted to 200
INFO:root:2021-07-21-15--54--01 anomallyFrameTracker resetted to 200
INFO:root:2021-07-21-15--54--01 anomallyFrameTracker resetted to 200
INFO:root:2021-07-21-15--54--01 Colour Conversion Completed
INFO:root:2021-07-21-15--54--01 Sleep Check Completed
INFO:root:2021-07-21-15--54--01 Frame manipulations completed
INFO:root:2021-07-21-15--54--01 Bounding Box Drawn
INFO:root:2021-07-21-15--54--02 MovingFrameQueue Popped
INFO:root:2021-07-21-15--54--02 anomallyFrameTracker resetted to 200
INFO:root:2021-07-21-15--54--02 anomallyFrameTracker resetted to 200
INFO:root:2021-07-21-15--54--02 anomallyFrameTracker resetted to 200
INFO:root:2021-07-21-15--54--02 Colour Conversion Completed
INFO:root:2021-07-21-15--54--02 Sleep Check Completed
INFO:root:2021-07-21-15--54--02 Frame manipulations completed
INFO:root:2021-07-21-15--54--02 Bounding Box Drawn
INFO:root:2021-07-21-15--54--02 MovingFrameQueue Appended
INFO:root:2021-07-21-15--54--02 anomallyFrameTracker resetted to 200
INFO:root:2021-07-21-15--54--02 anomallyFrameTracker resetted to 200
INFO:root:2021-07-21-15--54--02 anomallyFrameTracker resetted to 200
INFO:root:2021-07-21-15--54--02 Colour Conversion Completed
INFO:root:2021-07-21-15--54--02 Sleep Check Completed
INFO:root:2021-07-21-15--54--02 Frame manipulations completed
INFO:root:2021-07-21-15--54--02 Bounding Box Drawn
INFO:root:2021-07-21-15--54--02 MovingFrameQueue Popped
INFO:root:2021-07-21-15--54--02 anomallyFrameTracker resetted to 200
INFO:root:2021-07-21-15--54--02 anomallyFrameTracker resetted to 200
INFO:root:2021-07-21-15--54--02 anomallyFrameTracker resetted to 200
INFO:root:2021-07-21-15--54--02 Colour Conversion Completed
INFO:root:2021-07-21-15--54--02 Sleep Check Completed
INFO:root:2021-07-21-15--54--02 Frame manipulations completed
INFO:root:2021-07-21-15--54--02 Bounding Box Drawn
INFO:root:2021-07-21-15--54--02 MovingFrameQueue Appended
INFO:root:2021-07-21-15--54--02 anomallyFrameTracker resetted to 200
INFO:root:2021-07-21-15--54--02 anomallyFrameTracker resetted to 200
INFO:root:2021-07-21-15--54--02 anomallyFrameTracker resetted to 200
INFO:root:2021-07-21-15--54--02 Colour Conversion Completed
INFO:root:2021-07-21-15--54--03 Sleep Check Completed
INFO:root:2021-07-21-15--54--03 Frame manipulations completed
INFO:root:2021-07-21-15--54--03 Bounding Box Drawn
INFO:root:2021-07-21-15--54--03 MovingFrameQueue Popped
INFO:root:2021-07-21-15--54--03 anomallyFrameTracker resetted to 200
INFO:root:2021-07-21-15--54--03 anomallyFrameTracker resetted to 200
INFO:root:2021-07-21-15--54--03 anomallyFrameTracker resetted to 200
INFO:root:2021-07-21-15--54--03 Colour Conversion Completed
INFO:root:2021-07-21-15--54--03 Sleep Check Completed
INFO:root:2021-07-21-15--54--03 Frame manipulations completed
INFO:root:2021-07-21-15--54--03 Bounding Box Drawn
INFO:root:2021-07-21-15--54--03 MovingFrameQueue Appended
INFO:root:2021-07-21-15--54--03 anomallyFrameTracker resetted to 200
INFO:root:2021-07-21-15--54--03 anomallyFrameTracker resetted to 200
INFO:root:2021-07-21-15--54--03 anomallyFrameTracker resetted to 200
INFO:root:2021-07-21-15--54--03 Colour Conversion Completed
INFO:root:2021-07-21-15--54--03 Sleep Check Completed
INFO:root:2021-07-21-15--54--03 Frame manipulations completed
INFO:root:2021-07-21-15--54--03 Bounding Box Drawn
INFO:root:2021-07-21-15--54--03 MovingFrameQueue Popped
INFO:root:2021-07-21-15--54--03 anomallyFrameTracker resetted to 200
INFO:root:2021-07-21-15--54--03 anomallyFrameTracker resetted to 200
INFO:root:2021-07-21-15--54--03 anomallyFrameTracker resetted to 200
INFO:root:2021-07-21-15--54--03 Colour Conversion Completed
INFO:root:2021-07-21-15--54--03 Sleep Check Completed
INFO:root:2021-07-21-15--54--03 Frame manipulations completed
INFO:root:2021-07-21-15--54--03 Bounding Box Drawn
INFO:root:2021-07-21-15--54--04 MovingFrameQueue Appended
INFO:root:2021-07-21-15--54--04 anomallyFrameTracker resetted to 200
INFO:root:2021-07-21-15--54--04 anomallyFrameTracker resetted to 200
INFO:root:2021-07-21-15--54--04 anomallyFrameTracker resetted to 200
INFO:root:2021-07-21-15--54--04 Colour Conversion Completed
INFO:root:2021-07-21-15--54--04 Sleep Check Completed
INFO:root:2021-07-21-15--54--04 Frame manipulations completed
INFO:root:2021-07-21-15--54--04 Bounding Box Drawn
INFO:root:2021-07-21-15--54--04 MovingFrameQueue Popped
INFO:root:2021-07-21-15--54--04 anomallyFrameTracker resetted to 200
INFO:root:2021-07-21-15--54--04 anomallyFrameTracker resetted to 200
INFO:root:2021-07-21-15--54--04 anomallyFrameTracker resetted to 200
INFO:root:2021-07-21-15--54--04 Colour Conversion Completed
INFO:root:2021-07-21-15--54--04 Sleep Check Completed
INFO:root:2021-07-21-15--54--04 Frame manipulations completed
INFO:root:2021-07-21-15--54--04 Bounding Box Drawn
INFO:root:2021-07-21-15--54--04 MovingFrameQueue Appended
INFO:root:2021-07-21-15--54--04 anomallyFrameTracker resetted to 200
INFO:root:2021-07-21-15--54--04 anomallyFrameTracker resetted to 200
INFO:root:2021-07-21-15--54--04 anomallyFrameTracker resetted to 200
INFO:root:2021-07-21-15--54--04 Colour Conversion Completed
INFO:root:2021-07-21-15--54--04 Sleep Check Completed
INFO:root:2021-07-21-15--54--04 Frame manipulations completed
INFO:root:2021-07-21-15--54--04 Bounding Box Drawn
INFO:root:2021-07-21-15--54--04 MovingFrameQueue Popped
INFO:root:2021-07-21-15--54--04 anomallyFrameTracker resetted to 200
INFO:root:2021-07-21-15--54--04 anomallyFrameTracker resetted to 200
INFO:root:2021-07-21-15--54--04 anomallyFrameTracker resetted to 200
INFO:root:2021-07-21-15--54--04 Colour Conversion Completed
INFO:root:2021-07-21-15--54--04 Sleep Check Completed
INFO:root:2021-07-21-15--54--04 Frame manipulations completed
INFO:root:2021-07-21-15--54--04 Bounding Box Drawn
INFO:root:2021-07-21-15--54--05 MovingFrameQueue Appended
INFO:root:2021-07-21-15--54--05 anomallyFrameTracker resetted to 200
INFO:root:2021-07-21-15--54--05 anomallyFrameTracker resetted to 200
INFO:root:2021-07-21-15--54--05 anomallyFrameTracker resetted to 200
INFO:root:2021-07-21-15--54--05 Colour Conversion Completed
INFO:root:2021-07-21-15--54--05 Sleep Check Completed
INFO:root:2021-07-21-15--54--05 Frame manipulations completed
INFO:root:2021-07-21-15--54--05 Bounding Box Drawn
INFO:root:2021-07-21-15--54--05 MovingFrameQueue Popped
INFO:root:2021-07-21-15--54--05 anomallyFrameTracker resetted to 200
INFO:root:2021-07-21-15--54--05 anomallyFrameTracker resetted to 200
INFO:root:2021-07-21-15--54--05 anomallyFrameTracker resetted to 200
INFO:root:2021-07-21-15--54--05 Colour Conversion Completed
INFO:root:2021-07-21-15--54--05 Sleep Check Completed
INFO:root:2021-07-21-15--54--05 Frame manipulations completed
INFO:root:2021-07-21-15--54--05 Bounding Box Drawn
INFO:root:2021-07-21-15--54--05 MovingFrameQueue Appended
INFO:root:2021-07-21-15--54--05 anomallyFrameTracker resetted to 200
INFO:root:2021-07-21-15--54--05 anomallyFrameTracker resetted to 200
INFO:root:2021-07-21-15--54--05 anomallyFrameTracker resetted to 200
INFO:root:2021-07-21-15--54--05 Colour Conversion Completed
INFO:root:2021-07-21-15--54--05 Sleep Check Completed
INFO:root:2021-07-21-15--54--05 Frame manipulations completed
INFO:root:2021-07-21-15--54--05 Bounding Box Drawn
INFO:root:2021-07-21-15--54--05 MovingFrameQueue Popped
INFO:root:2021-07-21-15--54--05 anomallyFrameTracker resetted to 200
INFO:root:2021-07-21-15--54--05 anomallyFrameTracker resetted to 200
INFO:root:2021-07-21-15--54--05 anomallyFrameTracker resetted to 200
INFO:root:2021-07-21-15--54--05 Colour Conversion Completed
INFO:root:2021-07-21-15--54--05 Sleep Check Completed
INFO:root:2021-07-21-15--54--05 Frame manipulations completed
INFO:root:2021-07-21-15--54--05 Bounding Box Drawn
INFO:root:2021-07-21-15--54--06 MovingFrameQueue Appended
INFO:root:2021-07-21-15--54--06 anomallyFrameTracker resetted to 200
INFO:root:2021-07-21-15--54--06 anomallyFrameTracker resetted to 200
INFO:root:2021-07-21-15--54--06 anomallyFrameTracker resetted to 200
INFO:root:2021-07-21-15--54--06 Colour Conversion Completed
INFO:root:2021-07-21-15--54--06 Sleep Check Completed
INFO:root:2021-07-21-15--54--06 Frame manipulations completed
INFO:root:2021-07-21-15--54--06 Bounding Box Drawn
INFO:root:2021-07-21-15--54--06 MovingFrameQueue Popped
INFO:root:2021-07-21-15--54--06 anomallyFrameTracker resetted to 200
INFO:root:2021-07-21-15--54--06 anomallyFrameTracker resetted to 200
INFO:root:2021-07-21-15--54--06 anomallyFrameTracker resetted to 200
INFO:root:2021-07-21-15--54--06 Colour Conversion Completed
INFO:root:2021-07-21-15--54--06 Sleep Check Completed
INFO:root:2021-07-21-15--54--06 Frame manipulations completed
INFO:root:2021-07-21-15--54--06 Bounding Box Drawn
INFO:root:2021-07-21-15--54--06 MovingFrameQueue Appended
INFO:root:2021-07-21-15--54--06 anomallyFrameTracker resetted to 200
INFO:root:2021-07-21-15--54--06 anomallyFrameTracker resetted to 200
INFO:root:2021-07-21-15--54--06 anomallyFrameTracker resetted to 200
INFO:root:2021-07-21-15--54--06 Colour Conversion Completed
INFO:root:2021-07-21-15--54--06 Sleep Check Completed
INFO:root:2021-07-21-15--54--06 Frame manipulations completed
INFO:root:2021-07-21-15--54--06 Bounding Box Drawn
INFO:root:2021-07-21-15--54--07 MovingFrameQueue Popped
INFO:root:2021-07-21-15--54--07 anomallyFrameTracker resetted to 200
INFO:root:2021-07-21-15--54--07 anomallyFrameTracker resetted to 200
INFO:root:2021-07-21-15--54--07 anomallyFrameTracker resetted to 200
INFO:root:2021-07-21-15--54--07 Colour Conversion Completed
INFO:root:2021-07-21-15--54--07 Sleep Check Completed
INFO:root:2021-07-21-15--54--07 Frame manipulations completed
INFO:root:2021-07-21-15--54--07 Bounding Box Drawn
INFO:root:2021-07-21-15--54--07 MovingFrameQueue Appended
INFO:root:2021-07-21-15--54--07 anomallyFrameTracker resetted to 200
INFO:root:2021-07-21-15--54--07 anomallyFrameTracker resetted to 200
INFO:root:2021-07-21-15--54--07 anomallyFrameTracker resetted to 200
INFO:root:2021-07-21-15--54--07 Colour Conversion Completed
INFO:root:2021-07-21-15--54--07 Sleep Check Completed
INFO:root:2021-07-21-15--54--07 Frame manipulations completed
INFO:root:2021-07-21-15--54--07 Bounding Box Drawn
INFO:root:2021-07-21-15--54--07 MovingFrameQueue Popped
INFO:root:2021-07-21-15--54--07 anomallyFrameTracker resetted to 200
INFO:root:2021-07-21-15--54--07 anomallyFrameTracker resetted to 200
INFO:root:2021-07-21-15--54--07 anomallyFrameTracker resetted to 200
INFO:root:2021-07-21-15--54--07 Colour Conversion Completed
INFO:root:2021-07-21-15--54--07 Sleep Check Completed
INFO:root:2021-07-21-15--54--07 Frame manipulations completed
INFO:root:2021-07-21-15--54--07 Bounding Box Drawn
INFO:root:2021-07-21-15--54--07 MovingFrameQueue Appended
INFO:root:2021-07-21-15--54--07 anomallyFrameTracker resetted to 200
INFO:root:2021-07-21-15--54--07 anomallyFrameTracker resetted to 200
INFO:root:2021-07-21-15--54--07 anomallyFrameTracker resetted to 200
INFO:root:2021-07-21-15--54--07 Colour Conversion Completed
INFO:root:2021-07-21-15--54--08 Sleep Check Completed
INFO:root:2021-07-21-15--54--08 Frame manipulations completed
INFO:root:2021-07-21-15--54--08 Bounding Box Drawn
INFO:root:2021-07-21-15--54--08 MovingFrameQueue Popped
INFO:root:2021-07-21-15--54--08 anomallyFrameTracker resetted to 200
INFO:root:2021-07-21-15--54--08 anomallyFrameTracker resetted to 200
INFO:root:2021-07-21-15--54--08 anomallyFrameTracker resetted to 200
INFO:root:2021-07-21-15--54--08 Colour Conversion Completed
INFO:root:2021-07-21-15--54--08 Sleep Check Completed
INFO:root:2021-07-21-15--54--08 Frame manipulations completed
INFO:root:2021-07-21-15--54--08 Bounding Box Drawn
INFO:root:2021-07-21-15--54--08 MovingFrameQueue Appended
INFO:root:2021-07-21-15--54--08 anomallyFrameTracker resetted to 200
INFO:root:2021-07-21-15--54--08 anomallyFrameTracker resetted to 200
INFO:root:2021-07-21-15--54--08 anomallyFrameTracker resetted to 200
INFO:root:2021-07-21-15--54--08 Colour Conversion Completed
INFO:root:2021-07-21-15--54--08 Sleep Check Completed
INFO:root:2021-07-21-15--54--08 Frame manipulations completed
INFO:root:2021-07-21-15--54--08 Bounding Box Drawn
INFO:root:2021-07-21-15--54--08 MovingFrameQueue Popped
INFO:root:2021-07-21-15--54--08 anomallyFrameTracker resetted to 200
INFO:root:2021-07-21-15--54--08 anomallyFrameTracker resetted to 200
INFO:root:2021-07-21-15--54--08 anomallyFrameTracker resetted to 200
INFO:root:2021-07-21-15--54--08 Colour Conversion Completed
INFO:root:2021-07-21-15--54--08 Sleep Check Completed
INFO:root:2021-07-21-15--54--08 Frame manipulations completed
INFO:root:2021-07-21-15--54--08 Bounding Box Drawn
INFO:root:2021-07-21-15--54--08 MovingFrameQueue Appended
INFO:root:2021-07-21-15--54--08 anomallyFrameTracker resetted to 200
INFO:root:2021-07-21-15--54--08 anomallyFrameTracker resetted to 200
INFO:root:2021-07-21-15--54--08 anomallyFrameTracker resetted to 200
INFO:root:2021-07-21-15--54--08 Colour Conversion Completed
INFO:root:2021-07-21-15--54--08 Sleep Check Completed
INFO:root:2021-07-21-15--54--08 Frame manipulations completed
INFO:root:2021-07-21-15--54--08 Bounding Box Drawn
INFO:root:2021-07-21-15--54--08 MovingFrameQueue Popped
INFO:root:2021-07-21-15--54--08 anomallyFrameTracker resetted to 200
INFO:root:2021-07-21-15--54--08 anomallyFrameTracker resetted to 200
INFO:root:2021-07-21-15--54--08 anomallyFrameTracker resetted to 200
INFO:root:2021-07-21-15--54--08 Colour Conversion Completed
INFO:root:2021-07-21-15--54--08 Sleep Check Completed
INFO:root:2021-07-21-15--54--08 Frame manipulations completed
INFO:root:2021-07-21-15--54--08 Bounding Box Drawn
INFO:root:2021-07-21-15--54--08 MovingFrameQueue Appended
INFO:root:2021-07-21-15--54--08 anomallyFrameTracker resetted to 200
INFO:root:2021-07-21-15--54--08 anomallyFrameTracker resetted to 200
INFO:root:2021-07-21-15--54--08 anomallyFrameTracker resetted to 200
INFO:root:2021-07-21-15--54--08 Colour Conversion Completed
INFO:root:2021-07-21-15--54--08 Sleep Check Completed
INFO:root:2021-07-21-15--54--08 Frame manipulations completed
INFO:root:2021-07-21-15--54--08 Bounding Box Drawn
INFO:root:2021-07-21-15--54--08 MovingFrameQueue Popped
INFO:root:2021-07-21-15--54--08 anomallyFrameTracker resetted to 200
INFO:root:2021-07-21-15--54--08 anomallyFrameTracker resetted to 200
INFO:root:2021-07-21-15--54--08 anomallyFrameTracker resetted to 200
INFO:root:2021-07-21-15--54--08 Colour Conversion Completed
INFO:root:2021-07-21-15--54--08 Sleep Check Completed
INFO:root:2021-07-21-15--54--08 Frame manipulations completed
INFO:root:2021-07-21-15--54--08 Bounding Box Drawn
INFO:root:2021-07-21-15--54--08 MovingFrameQueue Appended
INFO:root:2021-07-21-15--54--08 anomallyFrameTracker resetted to 200
INFO:root:2021-07-21-15--54--08 anomallyFrameTracker resetted to 200
INFO:root:2021-07-21-15--54--08 anomallyFrameTracker resetted to 200
INFO:root:2021-07-21-15--54--09 Colour Conversion Completed
INFO:root:2021-07-21-15--54--09 Sleep Check Completed
INFO:root:2021-07-21-15--54--09 Frame manipulations completed
INFO:root:2021-07-21-15--54--09 Bounding Box Drawn
INFO:root:2021-07-21-15--54--09 MovingFrameQueue Popped
INFO:root:2021-07-21-15--54--09 anomallyFrameTracker resetted to 200
INFO:root:2021-07-21-15--54--09 anomallyFrameTracker resetted to 200
INFO:root:2021-07-21-15--54--09 anomallyFrameTracker resetted to 200
INFO:root:2021-07-21-15--54--09 Colour Conversion Completed
INFO:root:2021-07-21-15--54--09 Sleep Check Completed
INFO:root:2021-07-21-15--54--09 Frame manipulations completed
INFO:root:2021-07-21-15--54--09 Bounding Box Drawn
INFO:root:2021-07-21-15--54--09 MovingFrameQueue Appended
INFO:root:2021-07-21-15--54--09 anomallyFrameTracker resetted to 200
INFO:root:2021-07-21-15--54--09 anomallyFrameTracker resetted to 200
INFO:root:2021-07-21-15--54--09 anomallyFrameTracker resetted to 200
INFO:root:2021-07-21-15--54--09 Colour Conversion Completed
INFO:root:2021-07-21-15--54--09 Sleep Check Completed
INFO:root:2021-07-21-15--54--09 Frame manipulations completed
INFO:root:2021-07-21-15--54--09 Bounding Box Drawn
INFO:root:2021-07-21-15--54--09 MovingFrameQueue Popped
INFO:root:2021-07-21-15--54--09 anomallyFrameTracker resetted to 200
INFO:root:2021-07-21-15--54--09 anomallyFrameTracker resetted to 200
INFO:root:2021-07-21-15--54--09 anomallyFrameTracker resetted to 200
INFO:root:2021-07-21-15--54--09 Colour Conversion Completed
INFO:root:2021-07-21-15--54--09 Sleep Check Completed
INFO:root:2021-07-21-15--54--09 Frame manipulations completed
INFO:root:2021-07-21-15--54--09 Bounding Box Drawn
INFO:root:2021-07-21-15--54--09 MovingFrameQueue Appended
INFO:root:2021-07-21-15--54--09 anomallyFrameTracker resetted to 200
INFO:root:2021-07-21-15--54--09 anomallyFrameTracker resetted to 200
INFO:root:2021-07-21-15--54--09 anomallyFrameTracker resetted to 200
INFO:root:2021-07-21-15--54--09 Colour Conversion Completed
INFO:root:2021-07-21-15--54--09 Sleep Check Completed
INFO:root:2021-07-21-15--54--09 Frame manipulations completed
INFO:root:2021-07-21-15--54--09 Bounding Box Drawn
INFO:root:2021-07-21-15--54--09 MovingFrameQueue Popped
INFO:root:2021-07-21-15--54--09 anomallyFrameTracker resetted to 200
INFO:root:2021-07-21-15--54--09 anomallyFrameTracker resetted to 200
INFO:root:2021-07-21-15--54--09 anomallyFrameTracker resetted to 200
INFO:root:2021-07-21-15--54--09 Colour Conversion Completed
INFO:root:2021-07-21-15--54--10 Sleep Check Completed
INFO:root:2021-07-21-15--54--10 Frame manipulations completed
INFO:root:2021-07-21-15--54--10 Bounding Box Drawn
INFO:root:2021-07-21-15--54--10 MovingFrameQueue Appended
INFO:root:2021-07-21-15--54--10 Anomally Detected, starting call for more frames
INFO:root:2021-07-21-15--54--10 anomallyFrameTracker resetted to 200
INFO:root:2021-07-21-15--54--10 anomallyFrameTracker resetted to 200
INFO:root:2021-07-21-15--54--10 anomallyFrameTracker resetted to 200
INFO:root:2021-07-21-15--54--10 Colour Conversion Completed
INFO:root:2021-07-21-15--54--10 Sleep Check Completed
INFO:root:2021-07-21-15--54--10 Frame manipulations completed
INFO:root:2021-07-21-15--54--10 Bounding Box Drawn
INFO:root:2021-07-21-15--54--10 MovingFrameQueue Popped
INFO:root:2021-07-21-15--54--10 Anomally Detected, starting call for more frames
INFO:root:2021-07-21-15--54--10 anomallyFrameTracker resetted to 200
INFO:root:2021-07-21-15--54--10 anomallyFrameTracker resetted to 200
INFO:root:2021-07-21-15--54--10 anomallyFrameTracker resetted to 200
INFO:root:2021-07-21-15--54--10 Colour Conversion Completed
INFO:root:2021-07-21-15--54--10 Sleep Check Completed
INFO:root:2021-07-21-15--54--10 Frame manipulations completed
INFO:root:2021-07-21-15--54--10 Bounding Box Drawn
INFO:root:2021-07-21-15--54--10 MovingFrameQueue Appended
INFO:root:2021-07-21-15--54--10 Anomally Detected, starting call for more frames
INFO:root:2021-07-21-15--54--10 anomallyFrameTracker resetted to 200
INFO:root:2021-07-21-15--54--10 anomallyFrameTracker resetted to 200
INFO:root:2021-07-21-15--54--10 anomallyFrameTracker resetted to 200
INFO:root:2021-07-21-15--54--10 Colour Conversion Completed
INFO:root:2021-07-21-15--54--10 Sleep Check Completed
INFO:root:2021-07-21-15--54--10 Frame manipulations completed
INFO:root:2021-07-21-15--54--10 Bounding Box Drawn
INFO:root:2021-07-21-15--54--10 MovingFrameQueue Popped
INFO:root:2021-07-21-15--54--10 Anomally Detected, starting call for more frames
INFO:root:2021-07-21-15--54--10 anomallyFrameTracker resetted to 200
INFO:root:2021-07-21-15--54--10 anomallyFrameTracker resetted to 200
INFO:root:2021-07-21-15--54--10 anomallyFrameTracker resetted to 200
INFO:root:2021-07-21-15--54--10 Colour Conversion Completed
INFO:root:2021-07-21-15--54--10 Sleep Check Completed
INFO:root:2021-07-21-15--54--10 Frame manipulations completed
INFO:root:2021-07-21-15--54--10 Bounding Box Drawn
INFO:root:2021-07-21-15--54--10 MovingFrameQueue Appended
INFO:root:2021-07-21-15--54--10 Anomally Detected, starting call for more frames
INFO:root:2021-07-21-15--54--10 anomallyFrameTracker resetted to 200
INFO:root:2021-07-21-15--54--10 anomallyFrameTracker resetted to 200
INFO:root:2021-07-21-15--54--10 anomallyFrameTracker resetted to 200
INFO:root:2021-07-21-15--54--10 Colour Conversion Completed
INFO:root:2021-07-21-15--54--11 Sleep Check Completed
INFO:root:2021-07-21-15--54--11 Frame manipulations completed
INFO:root:2021-07-21-15--54--11 Bounding Box Drawn
INFO:root:2021-07-21-15--54--11 MovingFrameQueue Popped
INFO:root:2021-07-21-15--54--11 Anomally Detected, starting call for more frames
INFO:root:2021-07-21-15--54--11 anomallyFrameTracker resetted to 200
INFO:root:2021-07-21-15--54--11 anomallyFrameTracker resetted to 200
INFO:root:2021-07-21-15--54--11 anomallyFrameTracker resetted to 200
INFO:root:2021-07-21-15--54--11 Colour Conversion Completed
INFO:root:2021-07-21-15--54--11 Sleep Check Completed
INFO:root:2021-07-21-15--54--11 Frame manipulations completed
INFO:root:2021-07-21-15--54--11 Bounding Box Drawn
INFO:root:2021-07-21-15--54--11 MovingFrameQueue Appended
INFO:root:2021-07-21-15--54--11 Anomally Detected, starting call for more frames
INFO:root:2021-07-21-15--54--11 anomallyFrameTracker resetted to 200
INFO:root:2021-07-21-15--54--11 anomallyFrameTracker resetted to 200
INFO:root:2021-07-21-15--54--11 anomallyFrameTracker resetted to 200
INFO:root:2021-07-21-15--54--11 Colour Conversion Completed
INFO:root:2021-07-21-15--54--11 Sleep Check Completed
INFO:root:2021-07-21-15--54--11 Frame manipulations completed
INFO:root:2021-07-21-15--54--11 Bounding Box Drawn
INFO:root:2021-07-21-15--54--11 MovingFrameQueue Popped
INFO:root:2021-07-21-15--54--11 Anomally Detected, starting call for more frames
INFO:root:2021-07-21-15--54--11 anomallyFrameTracker resetted to 200
INFO:root:2021-07-21-15--54--11 anomallyFrameTracker resetted to 200
INFO:root:2021-07-21-15--54--11 anomallyFrameTracker resetted to 200
INFO:root:2021-07-21-15--54--11 Colour Conversion Completed
INFO:root:2021-07-21-15--54--11 Sleep Check Completed
INFO:root:2021-07-21-15--54--11 Frame manipulations completed
INFO:root:2021-07-21-15--54--11 Bounding Box Drawn
INFO:root:2021-07-21-15--54--11 MovingFrameQueue Appended
INFO:root:2021-07-21-15--54--11 Anomally Detected, starting call for more frames
INFO:root:2021-07-21-15--54--11 anomallyFrameTracker resetted to 200
INFO:root:2021-07-21-15--54--11 anomallyFrameTracker resetted to 200
INFO:root:2021-07-21-15--54--11 anomallyFrameTracker resetted to 200
INFO:root:2021-07-21-15--54--11 Colour Conversion Completed
INFO:root:2021-07-21-15--54--11 Sleep Check Completed
INFO:root:2021-07-21-15--54--11 Frame manipulations completed
INFO:root:2021-07-21-15--54--11 Bounding Box Drawn
INFO:root:2021-07-21-15--54--11 MovingFrameQueue Popped
INFO:root:2021-07-21-15--54--11 Anomally Detected, starting call for more frames
INFO:root:2021-07-21-15--54--11 anomallyFrameTracker resetted to 200
INFO:root:2021-07-21-15--54--11 anomallyFrameTracker resetted to 200
INFO:root:2021-07-21-15--54--11 anomallyFrameTracker resetted to 200
INFO:root:2021-07-21-15--54--11 Colour Conversion Completed
INFO:root:2021-07-21-15--54--11 Sleep Check Completed
INFO:root:2021-07-21-15--54--11 Frame manipulations completed
INFO:root:2021-07-21-15--54--11 Bounding Box Drawn
INFO:root:2021-07-21-15--54--11 MovingFrameQueue Appended
INFO:root:2021-07-21-15--54--11 Anomally Detected, starting call for more frames
INFO:root:2021-07-21-15--54--11 anomallyFrameTracker resetted to 200
INFO:root:2021-07-21-15--54--11 anomallyFrameTracker resetted to 200
INFO:root:2021-07-21-15--54--11 anomallyFrameTracker resetted to 200
INFO:root:2021-07-21-15--54--11 Colour Conversion Completed
INFO:root:2021-07-21-15--54--12 Sleep Check Completed
INFO:root:2021-07-21-15--54--12 Frame manipulations completed
INFO:root:2021-07-21-15--54--12 Bounding Box Drawn
INFO:root:2021-07-21-15--54--12 MovingFrameQueue Popped
INFO:root:2021-07-21-15--54--12 Anomally Detected, starting call for more frames
INFO:root:2021-07-21-15--54--12 anomallyFrameTracker resetted to 200
INFO:root:2021-07-21-15--54--12 anomallyFrameTracker resetted to 200
INFO:root:2021-07-21-15--54--12 anomallyFrameTracker resetted to 200
INFO:root:2021-07-21-15--54--12 Colour Conversion Completed
INFO:root:2021-07-21-15--54--12 Sleep Check Completed
INFO:root:2021-07-21-15--54--12 Frame manipulations completed
INFO:root:2021-07-21-15--54--12 Bounding Box Drawn
INFO:root:2021-07-21-15--54--12 MovingFrameQueue Appended
INFO:root:2021-07-21-15--54--12 Anomally Detected, starting call for more frames
INFO:root:2021-07-21-15--54--12 anomallyFrameTracker resetted to 200
INFO:root:2021-07-21-15--54--12 anomallyFrameTracker resetted to 200
INFO:root:2021-07-21-15--54--12 anomallyFrameTracker resetted to 200
INFO:root:2021-07-21-15--54--12 Colour Conversion Completed
INFO:root:2021-07-21-15--54--12 Sleep Check Completed
INFO:root:2021-07-21-15--54--12 Frame manipulations completed
INFO:root:2021-07-21-15--54--12 Bounding Box Drawn
INFO:root:2021-07-21-15--54--12 MovingFrameQueue Popped
INFO:root:2021-07-21-15--54--12 Anomally Detected, starting call for more frames
INFO:root:2021-07-21-15--54--12 anomallyFrameTracker resetted to 200
INFO:root:2021-07-21-15--54--12 anomallyFrameTracker resetted to 200
INFO:root:2021-07-21-15--54--12 anomallyFrameTracker resetted to 200
INFO:root:2021-07-21-15--54--12 Colour Conversion Completed
INFO:root:2021-07-21-15--54--12 Sleep Check Completed
INFO:root:2021-07-21-15--54--12 Frame manipulations completed
INFO:root:2021-07-21-15--54--12 Bounding Box Drawn
INFO:root:2021-07-21-15--54--12 MovingFrameQueue Appended
INFO:root:2021-07-21-15--54--12 Anomally Detected, starting call for more frames
INFO:root:2021-07-21-15--54--12 anomallyFrameTracker resetted to 200
INFO:root:2021-07-21-15--54--12 anomallyFrameTracker resetted to 200
INFO:root:2021-07-21-15--54--12 anomallyFrameTracker resetted to 200
INFO:root:2021-07-21-15--54--12 Colour Conversion Completed
INFO:root:2021-07-21-15--54--12 Sleep Check Completed
INFO:root:2021-07-21-15--54--12 Frame manipulations completed
INFO:root:2021-07-21-15--54--12 Bounding Box Drawn
INFO:root:2021-07-21-15--54--13 MovingFrameQueue Popped
INFO:root:2021-07-21-15--54--13 Anomally Detected, starting call for more frames
INFO:root:2021-07-21-15--54--13 anomallyFrameTracker resetted to 200
INFO:root:2021-07-21-15--54--13 anomallyFrameTracker resetted to 200
INFO:root:2021-07-21-15--54--13 anomallyFrameTracker resetted to 200
INFO:root:2021-07-21-15--54--13 Colour Conversion Completed
INFO:root:2021-07-21-15--54--13 Sleep Check Completed
INFO:root:2021-07-21-15--54--13 Frame manipulations completed
INFO:root:2021-07-21-15--54--13 Bounding Box Drawn
INFO:root:2021-07-21-15--54--13 MovingFrameQueue Appended
INFO:root:2021-07-21-15--54--13 Anomally Detected, starting call for more frames
INFO:root:2021-07-21-15--54--13 anomallyFrameTracker resetted to 200
INFO:root:2021-07-21-15--54--13 anomallyFrameTracker resetted to 200
INFO:root:2021-07-21-15--54--13 anomallyFrameTracker resetted to 200
INFO:root:2021-07-21-15--54--13 Colour Conversion Completed
INFO:root:2021-07-21-15--54--13 Sleep Check Completed
INFO:root:2021-07-21-15--54--13 Frame manipulations completed
INFO:root:2021-07-21-15--54--13 Bounding Box Drawn
INFO:root:2021-07-21-15--54--13 MovingFrameQueue Popped
INFO:root:2021-07-21-15--54--13 Anomally Detected, starting call for more frames
INFO:root:2021-07-21-15--54--13 anomallyFrameTracker resetted to 200
INFO:root:2021-07-21-15--54--13 anomallyFrameTracker resetted to 200
INFO:root:2021-07-21-15--54--13 anomallyFrameTracker resetted to 200
INFO:root:2021-07-21-15--54--13 Colour Conversion Completed
INFO:root:2021-07-21-15--54--13 Sleep Check Completed
INFO:root:2021-07-21-15--54--13 Frame manipulations completed
INFO:root:2021-07-21-15--54--13 Bounding Box Drawn
INFO:root:2021-07-21-15--54--13 MovingFrameQueue Appended
INFO:root:2021-07-21-15--54--13 Anomally Detected, starting call for more frames
INFO:root:2021-07-21-15--54--13 anomallyFrameTracker resetted to 200
INFO:root:2021-07-21-15--54--13 anomallyFrameTracker resetted to 200
INFO:root:2021-07-21-15--54--13 anomallyFrameTracker resetted to 200
INFO:root:2021-07-21-15--54--13 Colour Conversion Completed
INFO:root:2021-07-21-15--54--13 Sleep Check Completed
INFO:root:2021-07-21-15--54--13 Frame manipulations completed
INFO:root:2021-07-21-15--54--13 Bounding Box Drawn
INFO:root:2021-07-21-15--54--14 MovingFrameQueue Popped
INFO:root:2021-07-21-15--54--14 Anomally Detected, starting call for more frames
INFO:root:2021-07-21-15--54--14 anomallyFrameTracker resetted to 200
INFO:root:2021-07-21-15--54--14 anomallyFrameTracker resetted to 200
INFO:root:2021-07-21-15--54--14 anomallyFrameTracker resetted to 200
INFO:root:2021-07-21-15--54--14 Colour Conversion Completed
INFO:root:2021-07-21-15--54--14 Sleep Check Completed
INFO:root:2021-07-21-15--54--14 Frame manipulations completed
INFO:root:2021-07-21-15--54--14 Bounding Box Drawn
INFO:root:2021-07-21-15--54--14 MovingFrameQueue Appended
INFO:root:2021-07-21-15--54--14 Anomally Detected, starting call for more frames
INFO:root:2021-07-21-15--54--14 anomallyFrameTracker resetted to 200
INFO:root:2021-07-21-15--54--14 anomallyFrameTracker resetted to 200
INFO:root:2021-07-21-15--54--14 anomallyFrameTracker resetted to 200
INFO:root:2021-07-21-15--54--14 Colour Conversion Completed
INFO:root:2021-07-21-15--54--14 Sleep Check Completed
INFO:root:2021-07-21-15--54--14 Frame manipulations completed
INFO:root:2021-07-21-15--54--14 Bounding Box Drawn
INFO:root:2021-07-21-15--54--14 MovingFrameQueue Popped
INFO:root:2021-07-21-15--54--14 Anomally Detected, starting call for more frames
INFO:root:2021-07-21-15--54--14 anomallyFrameTracker resetted to 200
INFO:root:2021-07-21-15--54--14 anomallyFrameTracker resetted to 200
INFO:root:2021-07-21-15--54--14 anomallyFrameTracker resetted to 200
INFO:root:2021-07-21-15--54--14 Colour Conversion Completed
INFO:root:2021-07-21-15--54--14 Sleep Check Completed
INFO:root:2021-07-21-15--54--14 Frame manipulations completed
INFO:root:2021-07-21-15--54--14 Bounding Box Drawn
INFO:root:2021-07-21-15--54--14 MovingFrameQueue Appended
INFO:root:2021-07-21-15--54--14 Anomally Detected, starting call for more frames
INFO:root:2021-07-21-15--54--14 anomallyFrameTracker resetted to 200
INFO:root:2021-07-21-15--54--14 anomallyFrameTracker resetted to 200
INFO:root:2021-07-21-15--54--14 anomallyFrameTracker resetted to 200
INFO:root:2021-07-21-15--54--14 Colour Conversion Completed
INFO:root:2021-07-21-15--54--14 Sleep Check Completed
INFO:root:2021-07-21-15--54--14 Frame manipulations completed
INFO:root:2021-07-21-15--54--14 Bounding Box Drawn
INFO:root:2021-07-21-15--54--14 MovingFrameQueue Popped
INFO:root:2021-07-21-15--54--14 Anomally Detected, starting call for more frames
INFO:root:2021-07-21-15--54--14 anomallyFrameTracker resetted to 200
INFO:root:2021-07-21-15--54--14 anomallyFrameTracker resetted to 200
INFO:root:2021-07-21-15--54--14 anomallyFrameTracker resetted to 200
INFO:root:2021-07-21-15--54--14 Colour Conversion Completed
INFO:root:2021-07-21-15--54--14 Sleep Check Completed
INFO:root:2021-07-21-15--54--14 Frame manipulations completed
INFO:root:2021-07-21-15--54--14 Bounding Box Drawn
INFO:root:2021-07-21-15--54--15 MovingFrameQueue Appended
INFO:root:2021-07-21-15--54--15 Anomally Detected, starting call for more frames
INFO:root:2021-07-21-15--54--15 anomallyFrameTracker resetted to 200
INFO:root:2021-07-21-15--54--15 anomallyFrameTracker resetted to 200
INFO:root:2021-07-21-15--54--15 anomallyFrameTracker resetted to 200
INFO:root:2021-07-21-15--54--15 Colour Conversion Completed
INFO:root:2021-07-21-15--54--15 Sleep Check Completed
INFO:root:2021-07-21-15--54--15 Frame manipulations completed
INFO:root:2021-07-21-15--54--15 Bounding Box Drawn
INFO:root:2021-07-21-15--54--15 MovingFrameQueue Popped
INFO:root:2021-07-21-15--54--15 Anomally Detected, starting call for more frames
INFO:root:2021-07-21-15--54--15 anomallyFrameTracker resetted to 200
INFO:root:2021-07-21-15--54--15 anomallyFrameTracker resetted to 200
INFO:root:2021-07-21-15--54--15 anomallyFrameTracker resetted to 200
INFO:root:2021-07-21-15--54--15 Colour Conversion Completed
INFO:root:2021-07-21-15--54--15 Sleep Check Completed
INFO:root:2021-07-21-15--54--15 Frame manipulations completed
INFO:root:2021-07-21-15--54--15 Bounding Box Drawn
INFO:root:2021-07-21-15--54--15 MovingFrameQueue Appended
INFO:root:2021-07-21-15--54--15 Anomally Detected, starting call for more frames
INFO:root:2021-07-21-15--54--15 anomallyFrameTracker resetted to 200
INFO:root:2021-07-21-15--54--15 anomallyFrameTracker resetted to 200
INFO:root:2021-07-21-15--54--15 anomallyFrameTracker resetted to 200
INFO:root:2021-07-21-15--54--15 Colour Conversion Completed
INFO:root:2021-07-21-15--54--15 Sleep Check Completed
INFO:root:2021-07-21-15--54--15 Frame manipulations completed
INFO:root:2021-07-21-15--54--15 Bounding Box Drawn
INFO:root:2021-07-21-15--54--15 MovingFrameQueue Popped
INFO:root:2021-07-21-15--54--15 Anomally Detected, starting call for more frames
INFO:root:2021-07-21-15--54--15 anomallyFrameTracker resetted to 200
INFO:root:2021-07-21-15--54--15 anomallyFrameTracker resetted to 200
INFO:root:2021-07-21-15--54--15 anomallyFrameTracker resetted to 200
INFO:root:2021-07-21-15--54--15 Colour Conversion Completed
INFO:root:2021-07-21-15--54--15 Sleep Check Completed
INFO:root:2021-07-21-15--54--15 Frame manipulations completed
INFO:root:2021-07-21-15--54--15 Bounding Box Drawn
INFO:root:2021-07-21-15--54--15 MovingFrameQueue Appended
INFO:root:2021-07-21-15--54--15 Anomally Detected, starting call for more frames
INFO:root:2021-07-21-15--54--15 anomallyFrameTracker resetted to 200
INFO:root:2021-07-21-15--54--15 anomallyFrameTracker resetted to 200
INFO:root:2021-07-21-15--54--15 anomallyFrameTracker resetted to 200
INFO:root:2021-07-21-15--54--15 Colour Conversion Completed
INFO:root:2021-07-21-15--54--15 Sleep Check Completed
INFO:root:2021-07-21-15--54--15 Frame manipulations completed
INFO:root:2021-07-21-15--54--15 Bounding Box Drawn
INFO:root:2021-07-21-15--54--15 MovingFrameQueue Popped
INFO:root:2021-07-21-15--54--15 Anomally Detected, starting call for more frames
INFO:root:2021-07-21-15--54--15 anomallyFrameTracker resetted to 200
INFO:root:2021-07-21-15--54--15 anomallyFrameTracker resetted to 200
INFO:root:2021-07-21-15--54--15 anomallyFrameTracker resetted to 200
INFO:root:2021-07-21-15--54--15 Colour Conversion Completed
INFO:root:2021-07-21-15--54--15 Sleep Check Completed
INFO:root:2021-07-21-15--54--15 Frame manipulations completed
INFO:root:2021-07-21-15--54--15 Bounding Box Drawn
INFO:root:2021-07-21-15--54--15 MovingFrameQueue Appended
INFO:root:2021-07-21-15--54--15 Anomally Detected, starting call for more frames
INFO:root:2021-07-21-15--54--15 anomallyFrameTracker resetted to 200
INFO:root:2021-07-21-15--54--15 anomallyFrameTracker resetted to 200
INFO:root:2021-07-21-15--54--15 anomallyFrameTracker resetted to 200
INFO:root:2021-07-21-15--54--15 Colour Conversion Completed
INFO:root:2021-07-21-15--54--15 Sleep Check Completed
INFO:root:2021-07-21-15--54--15 Frame manipulations completed
INFO:root:2021-07-21-15--54--15 Bounding Box Drawn
INFO:root:2021-07-21-15--54--16 MovingFrameQueue Popped
INFO:root:2021-07-21-15--54--16 Anomally Detected, starting call for more frames
INFO:root:2021-07-21-15--54--16 anomallyFrameTracker resetted to 200
INFO:root:2021-07-21-15--54--16 anomallyFrameTracker resetted to 200
INFO:root:2021-07-21-15--54--16 anomallyFrameTracker resetted to 200
INFO:root:2021-07-21-15--54--16 Colour Conversion Completed
INFO:root:2021-07-21-15--54--16 Sleep Check Completed
INFO:root:2021-07-21-15--54--16 Frame manipulations completed
INFO:root:2021-07-21-15--54--16 Bounding Box Drawn
INFO:root:2021-07-21-15--54--16 MovingFrameQueue Appended
INFO:root:2021-07-21-15--54--16 Anomally Detected, starting call for more frames
INFO:root:2021-07-21-15--54--16 anomallyFrameTracker resetted to 200
INFO:root:2021-07-21-15--54--16 anomallyFrameTracker resetted to 200
INFO:root:2021-07-21-15--54--16 anomallyFrameTracker resetted to 200
INFO:root:2021-07-21-15--54--16 Colour Conversion Completed
INFO:root:2021-07-21-15--54--16 Sleep Check Completed
INFO:root:2021-07-21-15--54--16 Frame manipulations completed
INFO:root:2021-07-21-15--54--16 Bounding Box Drawn
INFO:root:2021-07-21-15--54--16 MovingFrameQueue Popped
INFO:root:2021-07-21-15--54--16 Anomally Detected, starting call for more frames
INFO:root:2021-07-21-15--54--16 anomallyFrameTracker resetted to 200
INFO:root:2021-07-21-15--54--16 anomallyFrameTracker resetted to 200
INFO:root:2021-07-21-15--54--16 anomallyFrameTracker resetted to 200
INFO:root:2021-07-21-15--54--16 Colour Conversion Completed
INFO:root:2021-07-21-15--54--16 Sleep Check Completed
INFO:root:2021-07-21-15--54--16 Frame manipulations completed
INFO:root:2021-07-21-15--54--16 Bounding Box Drawn
INFO:root:2021-07-21-15--54--16 MovingFrameQueue Appended
INFO:root:2021-07-21-15--54--16 Anomally Detected, starting call for more frames
INFO:root:2021-07-21-15--54--16 anomallyFrameTracker resetted to 200
INFO:root:2021-07-21-15--54--16 anomallyFrameTracker resetted to 200
INFO:root:2021-07-21-15--54--16 anomallyFrameTracker resetted to 200
INFO:root:2021-07-21-15--54--16 Colour Conversion Completed
INFO:root:2021-07-21-15--54--16 Sleep Check Completed
INFO:root:2021-07-21-15--54--16 Frame manipulations completed
INFO:root:2021-07-21-15--54--16 Bounding Box Drawn
INFO:root:2021-07-21-15--54--16 MovingFrameQueue Popped
INFO:root:2021-07-21-15--54--16 Anomally Detected, starting call for more frames
INFO:root:2021-07-21-15--54--16 anomallyFrameTracker resetted to 200
INFO:root:2021-07-21-15--54--16 anomallyFrameTracker resetted to 200
INFO:root:2021-07-21-15--54--16 anomallyFrameTracker resetted to 200
INFO:root:2021-07-21-15--54--16 Colour Conversion Completed
INFO:root:2021-07-21-15--54--16 Sleep Check Completed
INFO:root:2021-07-21-15--54--16 Frame manipulations completed
INFO:root:2021-07-21-15--54--16 Bounding Box Drawn
INFO:root:2021-07-21-15--54--16 MovingFrameQueue Appended
INFO:root:2021-07-21-15--54--16 Anomally Detected, starting call for more frames
INFO:root:2021-07-21-15--54--16 anomallyFrameTracker resetted to 200
INFO:root:2021-07-21-15--54--16 anomallyFrameTracker resetted to 200
INFO:root:2021-07-21-15--54--16 anomallyFrameTracker resetted to 200
INFO:root:2021-07-21-15--54--16 Colour Conversion Completed
INFO:root:2021-07-21-15--54--16 Sleep Check Completed
INFO:root:2021-07-21-15--54--16 Frame manipulations completed
INFO:root:2021-07-21-15--54--16 Bounding Box Drawn
INFO:root:2021-07-21-15--54--16 MovingFrameQueue Popped
INFO:root:2021-07-21-15--54--16 Anomally Detected, starting call for more frames
INFO:root:2021-07-21-15--54--16 anomallyFrameTracker resetted to 200
INFO:root:2021-07-21-15--54--16 anomallyFrameTracker resetted to 200
INFO:root:2021-07-21-15--54--16 anomallyFrameTracker resetted to 200
INFO:root:2021-07-21-15--54--16 Colour Conversion Completed
INFO:root:2021-07-21-15--54--16 Sleep Check Completed
INFO:root:2021-07-21-15--54--16 Frame manipulations completed
INFO:root:2021-07-21-15--54--16 Bounding Box Drawn
INFO:root:2021-07-21-15--54--16 MovingFrameQueue Appended
INFO:root:2021-07-21-15--54--16 Anomally Detected, starting call for more frames
INFO:root:2021-07-21-15--54--16 anomallyFrameTracker resetted to 200
INFO:root:2021-07-21-15--54--16 anomallyFrameTracker resetted to 200
INFO:root:2021-07-21-15--54--16 anomallyFrameTracker resetted to 200
INFO:root:2021-07-21-15--54--16 Colour Conversion Completed
INFO:root:2021-07-21-15--54--16 Sleep Check Completed
INFO:root:2021-07-21-15--54--16 Frame manipulations completed
INFO:root:2021-07-21-15--54--16 Bounding Box Drawn
INFO:root:2021-07-21-15--54--17 MovingFrameQueue Popped
INFO:root:2021-07-21-15--54--17 Anomally Detected, starting call for more frames
INFO:root:2021-07-21-15--54--17 anomallyFrameTracker resetted to 200
INFO:root:2021-07-21-15--54--17 anomallyFrameTracker resetted to 200
INFO:root:2021-07-21-15--54--17 anomallyFrameTracker resetted to 200
INFO:root:2021-07-21-15--54--17 Colour Conversion Completed
INFO:root:2021-07-21-15--54--17 Sleep Check Completed
INFO:root:2021-07-21-15--54--17 Frame manipulations completed
INFO:root:2021-07-21-15--54--17 Bounding Box Drawn
INFO:root:2021-07-21-15--54--17 MovingFrameQueue Appended
INFO:root:2021-07-21-15--54--17 Anomally Detected, starting call for more frames
INFO:root:2021-07-21-15--54--17 anomallyFrameTracker resetted to 200
INFO:root:2021-07-21-15--54--17 anomallyFrameTracker resetted to 200
INFO:root:2021-07-21-15--54--17 anomallyFrameTracker resetted to 200
INFO:root:2021-07-21-15--54--17 Colour Conversion Completed
INFO:root:2021-07-21-15--54--17 Sleep Check Completed
INFO:root:2021-07-21-15--54--17 Frame manipulations completed
INFO:root:2021-07-21-15--54--17 Bounding Box Drawn
INFO:root:2021-07-21-15--54--17 MovingFrameQueue Popped
INFO:root:2021-07-21-15--54--17 Anomally Detected, starting call for more frames
INFO:root:2021-07-21-15--54--17 anomallyFrameTracker resetted to 200
INFO:root:2021-07-21-15--54--17 anomallyFrameTracker resetted to 200
INFO:root:2021-07-21-15--54--17 anomallyFrameTracker resetted to 200
INFO:root:2021-07-21-15--54--17 Colour Conversion Completed
INFO:root:2021-07-21-15--54--17 Sleep Check Completed
INFO:root:2021-07-21-15--54--17 Frame manipulations completed
INFO:root:2021-07-21-15--54--17 Bounding Box Drawn
INFO:root:2021-07-21-15--54--17 MovingFrameQueue Appended
INFO:root:2021-07-21-15--54--17 Anomally Detected, starting call for more frames
INFO:root:2021-07-21-15--54--17 anomallyFrameTracker resetted to 200
INFO:root:2021-07-21-15--54--17 anomallyFrameTracker resetted to 200
INFO:root:2021-07-21-15--54--17 anomallyFrameTracker resetted to 200
INFO:root:2021-07-21-15--54--17 Colour Conversion Completed
INFO:root:2021-07-21-15--54--17 Sleep Check Completed
INFO:root:2021-07-21-15--54--17 Frame manipulations completed
INFO:root:2021-07-21-15--54--17 Bounding Box Drawn
INFO:root:2021-07-21-15--54--17 MovingFrameQueue Popped
INFO:root:2021-07-21-15--54--17 Anomally Detected, starting call for more frames
INFO:root:2021-07-21-15--54--17 anomallyFrameTracker resetted to 200
INFO:root:2021-07-21-15--54--17 anomallyFrameTracker resetted to 200
INFO:root:2021-07-21-15--54--17 anomallyFrameTracker resetted to 200
INFO:root:2021-07-21-15--54--17 Colour Conversion Completed
INFO:root:2021-07-21-15--54--17 Sleep Check Completed
INFO:root:2021-07-21-15--54--17 Frame manipulations completed
INFO:root:2021-07-21-15--54--17 Bounding Box Drawn
INFO:root:2021-07-21-15--54--17 MovingFrameQueue Appended
INFO:root:2021-07-21-15--54--17 Anomally Detected, starting call for more frames
INFO:root:2021-07-21-15--54--17 anomallyFrameTracker resetted to 200
INFO:root:2021-07-21-15--54--17 anomallyFrameTracker resetted to 200
INFO:root:2021-07-21-15--54--17 anomallyFrameTracker resetted to 200
INFO:root:2021-07-21-15--54--17 Colour Conversion Completed
INFO:root:2021-07-21-15--54--17 Sleep Check Completed
INFO:root:2021-07-21-15--54--17 Frame manipulations completed
INFO:root:2021-07-21-15--54--17 Bounding Box Drawn
INFO:root:2021-07-21-15--54--17 MovingFrameQueue Popped
INFO:root:2021-07-21-15--54--17 Anomally Detected, starting call for more frames
INFO:root:2021-07-21-15--54--17 anomallyFrameTracker resetted to 200
INFO:root:2021-07-21-15--54--17 anomallyFrameTracker resetted to 200
INFO:root:2021-07-21-15--54--17 anomallyFrameTracker resetted to 200
INFO:root:2021-07-21-15--54--17 Colour Conversion Completed
INFO:root:2021-07-21-15--54--17 Sleep Check Completed
INFO:root:2021-07-21-15--54--17 Frame manipulations completed
INFO:root:2021-07-21-15--54--17 Bounding Box Drawn
INFO:root:2021-07-21-15--54--17 MovingFrameQueue Appended
INFO:root:2021-07-21-15--54--17 Anomally Detected, starting call for more frames
INFO:root:2021-07-21-15--54--17 anomallyFrameTracker resetted to 200
INFO:root:2021-07-21-15--54--17 anomallyFrameTracker resetted to 200
INFO:root:2021-07-21-15--54--17 anomallyFrameTracker resetted to 200
INFO:root:2021-07-21-15--54--17 Colour Conversion Completed
INFO:root:2021-07-21-15--54--17 Sleep Check Completed
INFO:root:2021-07-21-15--54--17 Frame manipulations completed
INFO:root:2021-07-21-15--54--17 Bounding Box Drawn
INFO:root:2021-07-21-15--54--17 MovingFrameQueue Popped
INFO:root:2021-07-21-15--54--17 Anomally Detected, starting call for more frames
INFO:root:2021-07-21-15--54--17 anomallyFrameTracker resetted to 200
INFO:root:2021-07-21-15--54--17 anomallyFrameTracker resetted to 200
INFO:root:2021-07-21-15--54--17 anomallyFrameTracker resetted to 200
INFO:root:2021-07-21-15--54--17 Colour Conversion Completed
INFO:root:2021-07-21-15--54--17 Sleep Check Completed
INFO:root:2021-07-21-15--54--17 Frame manipulations completed
INFO:root:2021-07-21-15--54--17 Bounding Box Drawn
INFO:root:2021-07-21-15--54--18 MovingFrameQueue Appended
INFO:root:2021-07-21-15--54--18 Anomally Detected, starting call for more frames
INFO:root:2021-07-21-15--54--18 anomallyFrameTracker resetted to 200
INFO:root:2021-07-21-15--54--18 anomallyFrameTracker resetted to 200
INFO:root:2021-07-21-15--54--18 anomallyFrameTracker resetted to 200
INFO:root:2021-07-21-15--54--18 Colour Conversion Completed
INFO:root:2021-07-21-15--54--18 Sleep Check Completed
INFO:root:2021-07-21-15--54--18 Frame manipulations completed
INFO:root:2021-07-21-15--54--18 Bounding Box Drawn
INFO:root:2021-07-21-15--54--18 MovingFrameQueue Popped
INFO:root:2021-07-21-15--54--18 Anomally Detected, starting call for more frames
INFO:root:2021-07-21-15--54--18 anomallyFrameTracker resetted to 200
INFO:root:2021-07-21-15--54--18 anomallyFrameTracker resetted to 200
INFO:root:2021-07-21-15--54--18 anomallyFrameTracker resetted to 200
INFO:root:2021-07-21-15--54--18 Getting Auth Token Success
INFO:root:2021-07-21-15--54--19 Anomalous Detection Video Upload Completed
INFO:root:2021-07-21-15--54--19 Colour Conversion Completed
INFO:root:2021-07-21-15--54--19 Sleep Check Completed
INFO:root:2021-07-21-15--54--19 Frame manipulations completed
INFO:root:2021-07-21-15--54--19 Bounding Box Drawn
INFO:root:2021-07-21-15--54--19 MovingFrameQueue Appended
INFO:root:2021-07-21-15--54--19 Anomally Detected, starting call for more frames
INFO:root:2021-07-21-15--54--19 anomallyFrameTracker resetted to 200
INFO:root:2021-07-21-15--54--19 anomallyFrameTracker resetted to 200
INFO:root:2021-07-21-15--54--19 anomallyFrameTracker resetted to 200
INFO:root:2021-07-21-15--54--19 Colour Conversion Completed
INFO:root:2021-07-21-15--54--19 Sleep Check Completed
INFO:root:2021-07-21-15--54--19 Frame manipulations completed
INFO:root:2021-07-21-15--54--19 Bounding Box Drawn
INFO:root:2021-07-21-15--54--19 MovingFrameQueue Popped
INFO:root:2021-07-21-15--54--19 anomallyFrameTracker resetted to 200
INFO:root:2021-07-21-15--54--19 anomallyFrameTracker resetted to 200
INFO:root:2021-07-21-15--54--19 anomallyFrameTracker resetted to 200
INFO:root:2021-07-21-15--54--19 Colour Conversion Completed
INFO:root:2021-07-21-15--54--19 Sleep Check Completed
INFO:root:2021-07-21-15--54--19 Frame manipulations completed
INFO:root:2021-07-21-15--54--19 Bounding Box Drawn
INFO:root:2021-07-21-15--54--19 MovingFrameQueue Appended
INFO:root:2021-07-21-15--54--19 anomallyFrameTracker resetted to 200
INFO:root:2021-07-21-15--54--19 anomallyFrameTracker resetted to 200
INFO:root:2021-07-21-15--54--19 anomallyFrameTracker resetted to 200
INFO:root:2021-07-21-15--54--19 Colour Conversion Completed
INFO:root:2021-07-21-15--54--19 Sleep Check Completed
INFO:root:2021-07-21-15--54--19 Frame manipulations completed
INFO:root:2021-07-21-15--54--19 Bounding Box Drawn
INFO:root:2021-07-21-15--54--20 MovingFrameQueue Popped
INFO:root:2021-07-21-15--54--20 anomallyFrameTracker resetted to 200
INFO:root:2021-07-21-15--54--20 anomallyFrameTracker resetted to 200
INFO:root:2021-07-21-15--54--20 anomallyFrameTracker resetted to 200
INFO:root:2021-07-21-15--54--20 Colour Conversion Completed
INFO:root:2021-07-21-15--54--20 Sleep Check Completed
INFO:root:2021-07-21-15--54--20 Frame manipulations completed
INFO:root:2021-07-21-15--54--20 Bounding Box Drawn
INFO:root:2021-07-21-15--54--20 MovingFrameQueue Appended
INFO:root:2021-07-21-15--54--20 anomallyFrameTracker resetted to 200
INFO:root:2021-07-21-15--54--20 anomallyFrameTracker resetted to 200
INFO:root:2021-07-21-15--54--20 anomallyFrameTracker resetted to 200
INFO:root:2021-07-21-15--54--20 Colour Conversion Completed
INFO:root:2021-07-21-15--54--20 Sleep Check Completed
INFO:root:2021-07-21-15--54--20 Frame manipulations completed
INFO:root:2021-07-21-15--54--20 Bounding Box Drawn
INFO:root:2021-07-21-15--54--20 MovingFrameQueue Popped
INFO:root:2021-07-21-15--54--20 anomallyFrameTracker resetted to 200
INFO:root:2021-07-21-15--54--20 anomallyFrameTracker resetted to 200
INFO:root:2021-07-21-15--54--20 anomallyFrameTracker resetted to 200
INFO:root:2021-07-21-15--54--20 Colour Conversion Completed
INFO:root:2021-07-21-15--54--20 Sleep Check Completed
INFO:root:2021-07-21-15--54--20 Frame manipulations completed
INFO:root:2021-07-21-15--54--20 Bounding Box Drawn
INFO:root:2021-07-21-15--54--20 MovingFrameQueue Appended
INFO:root:2021-07-21-15--54--20 anomallyFrameTracker resetted to 200
INFO:root:2021-07-21-15--54--20 anomallyFrameTracker resetted to 200
INFO:root:2021-07-21-15--54--20 anomallyFrameTracker resetted to 200
INFO:root:2021-07-21-15--54--20 Colour Conversion Completed
INFO:root:2021-07-21-15--54--20 Sleep Check Completed
INFO:root:2021-07-21-15--54--20 Frame manipulations completed
INFO:root:2021-07-21-15--54--20 Bounding Box Drawn
INFO:root:2021-07-21-15--54--20 MovingFrameQueue Popped
INFO:root:2021-07-21-15--54--20 anomallyFrameTracker resetted to 200
INFO:root:2021-07-21-15--54--20 anomallyFrameTracker resetted to 200
INFO:root:2021-07-21-15--54--20 anomallyFrameTracker resetted to 200
INFO:root:2021-07-21-15--54--20 Colour Conversion Completed
INFO:root:2021-07-21-15--54--20 Sleep Check Completed
INFO:root:2021-07-21-15--54--20 Frame manipulations completed
INFO:root:2021-07-21-15--54--20 Bounding Box Drawn
INFO:root:2021-07-21-15--54--20 MovingFrameQueue Appended
INFO:root:2021-07-21-15--54--20 anomallyFrameTracker resetted to 200
INFO:root:2021-07-21-15--54--20 anomallyFrameTracker resetted to 200
INFO:root:2021-07-21-15--54--20 anomallyFrameTracker resetted to 200
INFO:root:2021-07-21-15--54--20 Colour Conversion Completed
INFO:root:2021-07-21-15--54--20 Sleep Check Completed
INFO:root:2021-07-21-15--54--20 Frame manipulations completed
INFO:root:2021-07-21-15--54--20 Bounding Box Drawn
INFO:root:2021-07-21-15--54--20 MovingFrameQueue Popped
INFO:root:2021-07-21-15--54--20 anomallyFrameTracker resetted to 200
INFO:root:2021-07-21-15--54--20 anomallyFrameTracker resetted to 200
INFO:root:2021-07-21-15--54--20 anomallyFrameTracker resetted to 200
INFO:root:2021-07-21-15--54--20 Colour Conversion Completed
INFO:root:2021-07-21-15--54--20 Sleep Check Completed
INFO:root:2021-07-21-15--54--20 Frame manipulations completed
INFO:root:2021-07-21-15--54--20 Bounding Box Drawn
INFO:root:2021-07-21-15--54--20 MovingFrameQueue Appended
INFO:root:2021-07-21-15--54--20 anomallyFrameTracker resetted to 200
INFO:root:2021-07-21-15--54--20 anomallyFrameTracker resetted to 200
INFO:root:2021-07-21-15--54--20 anomallyFrameTracker resetted to 200
INFO:root:2021-07-21-15--54--20 Colour Conversion Completed
INFO:root:2021-07-21-15--54--20 Sleep Check Completed
INFO:root:2021-07-21-15--54--20 Frame manipulations completed
INFO:root:2021-07-21-15--54--20 Bounding Box Drawn
INFO:root:2021-07-21-15--54--21 MovingFrameQueue Popped
INFO:root:2021-07-21-15--54--21 anomallyFrameTracker resetted to 200
INFO:root:2021-07-21-15--54--21 anomallyFrameTracker resetted to 200
INFO:root:2021-07-21-15--54--21 anomallyFrameTracker resetted to 200
INFO:root:2021-07-21-15--54--21 Colour Conversion Completed
INFO:root:2021-07-21-15--54--21 Sleep Check Completed
INFO:root:2021-07-21-15--54--21 Frame manipulations completed
INFO:root:2021-07-21-15--54--21 Bounding Box Drawn
INFO:root:2021-07-21-15--54--21 MovingFrameQueue Appended
INFO:root:2021-07-21-15--54--21 anomallyFrameTracker resetted to 200
INFO:root:2021-07-21-15--54--21 anomallyFrameTracker resetted to 200
INFO:root:2021-07-21-15--54--21 anomallyFrameTracker resetted to 200
INFO:root:2021-07-21-15--54--21 Colour Conversion Completed
INFO:root:2021-07-21-15--54--21 Sleep Check Completed
INFO:root:2021-07-21-15--54--21 Frame manipulations completed
INFO:root:2021-07-21-15--54--21 Bounding Box Drawn
INFO:root:2021-07-21-15--54--21 MovingFrameQueue Popped
INFO:root:2021-07-21-15--54--21 anomallyFrameTracker resetted to 200
INFO:root:2021-07-21-15--54--21 anomallyFrameTracker resetted to 200
INFO:root:2021-07-21-15--54--21 anomallyFrameTracker resetted to 200
INFO:root:2021-07-21-15--54--21 Colour Conversion Completed
INFO:root:2021-07-21-15--54--21 Sleep Check Completed
INFO:root:2021-07-21-15--54--21 Frame manipulations completed
INFO:root:2021-07-21-15--54--21 Bounding Box Drawn
INFO:root:2021-07-21-15--54--21 MovingFrameQueue Appended
INFO:root:2021-07-21-15--54--21 anomallyFrameTracker resetted to 200
INFO:root:2021-07-21-15--54--21 anomallyFrameTracker resetted to 200
INFO:root:2021-07-21-15--54--21 anomallyFrameTracker resetted to 200
INFO:root:2021-07-21-15--54--21 Colour Conversion Completed
INFO:root:2021-07-21-15--54--21 Sleep Check Completed
INFO:root:2021-07-21-15--54--21 Frame manipulations completed
INFO:root:2021-07-21-15--54--21 Bounding Box Drawn
INFO:root:2021-07-21-15--54--21 MovingFrameQueue Popped
INFO:root:2021-07-21-15--54--21 anomallyFrameTracker resetted to 200
INFO:root:2021-07-21-15--54--21 anomallyFrameTracker resetted to 200
INFO:root:2021-07-21-15--54--21 anomallyFrameTracker resetted to 200
INFO:root:2021-07-21-15--54--21 Colour Conversion Completed
INFO:root:2021-07-21-15--54--21 Sleep Check Completed
INFO:root:2021-07-21-15--54--21 Frame manipulations completed
INFO:root:2021-07-21-15--54--21 Bounding Box Drawn
