INFO:root:2021-07-21-11--05--13 Parameter Generation Success
INFO:root:2021-07-21-11--05--13 Colour Conversion Completed
INFO:root:2021-07-21-11--05--13 Sleep Check Completed
INFO:root:2021-07-21-11--05--13 Frame manipulations completed
INFO:root:2021-07-21-11--05--13 Bounding Box Drawn
INFO:root:2021-07-21-11--05--18 MovingFrameQueue Appended
INFO:root:2021-07-21-11--05--18 anomallyFrameTracker resetted to 200
INFO:root:2021-07-21-11--05--18 Colour Conversion Completed
INFO:root:2021-07-21-11--05--18 Sleep Check Completed
INFO:root:2021-07-21-11--05--18 Frame manipulations completed
INFO:root:2021-07-21-11--05--18 Bounding Box Drawn
INFO:root:2021-07-21-11--05--18 MovingFrameQueue Appended
INFO:root:2021-07-21-11--05--18 anomallyFrameTracker resetted to 200
INFO:root:2021-07-21-11--05--19 Colour Conversion Completed
INFO:root:2021-07-21-11--05--19 Sleep Check Completed
INFO:root:2021-07-21-11--05--19 Frame manipulations completed
INFO:root:2021-07-21-11--05--19 Bounding Box Drawn
INFO:root:2021-07-21-11--05--19 MovingFrameQueue Appended
INFO:root:2021-07-21-11--05--19 anomallyFrameTracker resetted to 200
INFO:root:2021-07-21-11--05--19 Colour Conversion Completed
INFO:root:2021-07-21-11--05--19 Sleep Check Completed
INFO:root:2021-07-21-11--05--19 Frame manipulations completed
INFO:root:2021-07-21-11--05--19 Bounding Box Drawn
INFO:root:2021-07-21-11--05--19 MovingFrameQueue Appended
INFO:root:2021-07-21-11--05--19 anomallyFrameTracker resetted to 200
INFO:root:2021-07-21-11--05--19 Colour Conversion Completed
INFO:root:2021-07-21-11--05--19 Sleep Check Completed
INFO:root:2021-07-21-11--05--19 Frame manipulations completed
INFO:root:2021-07-21-11--05--19 Bounding Box Drawn
INFO:root:2021-07-21-11--05--19 MovingFrameQueue Appended
INFO:root:2021-07-21-11--05--19 anomallyFrameTracker resetted to 200
INFO:root:2021-07-21-11--05--19 Colour Conversion Completed
INFO:root:2021-07-21-11--05--19 Sleep Check Completed
INFO:root:2021-07-21-11--05--19 Frame manipulations completed
INFO:root:2021-07-21-11--05--19 Bounding Box Drawn
INFO:root:2021-07-21-11--05--19 MovingFrameQueue Appended
INFO:root:2021-07-21-11--05--19 anomallyFrameTracker resetted to 200
INFO:root:2021-07-21-11--05--19 Colour Conversion Completed
INFO:root:2021-07-21-11--05--19 Sleep Check Completed
INFO:root:2021-07-21-11--05--19 Frame manipulations completed
INFO:root:2021-07-21-11--05--19 Bounding Box Drawn
INFO:root:2021-07-21-11--05--19 MovingFrameQueue Appended
INFO:root:2021-07-21-11--05--19 anomallyFrameTracker resetted to 200
INFO:root:2021-07-21-11--05--19 Colour Conversion Completed
INFO:root:2021-07-21-11--05--20 Sleep Check Completed
INFO:root:2021-07-21-11--05--20 Frame manipulations completed
INFO:root:2021-07-21-11--05--20 Bounding Box Drawn
INFO:root:2021-07-21-11--05--20 MovingFrameQueue Appended
INFO:root:2021-07-21-11--05--20 anomallyFrameTracker resetted to 200
INFO:root:2021-07-21-11--05--20 Colour Conversion Completed
INFO:root:2021-07-21-11--05--20 Sleep Check Completed
INFO:root:2021-07-21-11--05--20 Frame manipulations completed
INFO:root:2021-07-21-11--05--20 Bounding Box Drawn
INFO:root:2021-07-21-11--05--20 MovingFrameQueue Appended
INFO:root:2021-07-21-11--05--20 anomallyFrameTracker resetted to 200
INFO:root:2021-07-21-11--05--20 Colour Conversion Completed
INFO:root:2021-07-21-11--05--20 Sleep Check Completed
INFO:root:2021-07-21-11--05--20 Frame manipulations completed
INFO:root:2021-07-21-11--05--20 Bounding Box Drawn
INFO:root:2021-07-21-11--05--20 MovingFrameQueue Appended
INFO:root:2021-07-21-11--05--20 anomallyFrameTracker resetted to 200
INFO:root:2021-07-21-11--05--20 Colour Conversion Completed
INFO:root:2021-07-21-11--05--20 Sleep Check Completed
INFO:root:2021-07-21-11--05--20 Frame manipulations completed
INFO:root:2021-07-21-11--05--20 Bounding Box Drawn
INFO:root:2021-07-21-11--05--21 MovingFrameQueue Appended
INFO:root:2021-07-21-11--05--21 anomallyFrameTracker resetted to 200
INFO:root:2021-07-21-11--05--21 Colour Conversion Completed
INFO:root:2021-07-21-11--05--21 Sleep Check Completed
INFO:root:2021-07-21-11--05--21 Frame manipulations completed
INFO:root:2021-07-21-11--05--21 Bounding Box Drawn
INFO:root:2021-07-21-11--05--21 MovingFrameQueue Appended
INFO:root:2021-07-21-11--05--21 anomallyFrameTracker resetted to 200
INFO:root:2021-07-21-11--05--21 Colour Conversion Completed
INFO:root:2021-07-21-11--05--21 Sleep Check Completed
INFO:root:2021-07-21-11--05--21 Frame manipulations completed
INFO:root:2021-07-21-11--05--21 Bounding Box Drawn
INFO:root:2021-07-21-11--05--21 MovingFrameQueue Appended
INFO:root:2021-07-21-11--05--21 anomallyFrameTracker resetted to 200
INFO:root:2021-07-21-11--05--21 Colour Conversion Completed
INFO:root:2021-07-21-11--05--21 Sleep Check Completed
INFO:root:2021-07-21-11--05--21 Frame manipulations completed
INFO:root:2021-07-21-11--05--21 Bounding Box Drawn
INFO:root:2021-07-21-11--05--21 MovingFrameQueue Appended
INFO:root:2021-07-21-11--05--21 anomallyFrameTracker resetted to 200
INFO:root:2021-07-21-11--05--21 Colour Conversion Completed
INFO:root:2021-07-21-11--05--21 Sleep Check Completed
INFO:root:2021-07-21-11--05--21 Frame manipulations completed
INFO:root:2021-07-21-11--05--21 Bounding Box Drawn
INFO:root:2021-07-21-11--05--21 MovingFrameQueue Appended
INFO:root:2021-07-21-11--05--21 anomallyFrameTracker resetted to 200
INFO:root:2021-07-21-11--05--21 Colour Conversion Completed
INFO:root:2021-07-21-11--05--21 Sleep Check Completed
INFO:root:2021-07-21-11--05--21 Frame manipulations completed
INFO:root:2021-07-21-11--05--21 Bounding Box Drawn
INFO:root:2021-07-21-11--05--21 MovingFrameQueue Appended
INFO:root:2021-07-21-11--05--21 anomallyFrameTracker resetted to 200
INFO:root:2021-07-21-11--05--21 Colour Conversion Completed
INFO:root:2021-07-21-11--05--22 Sleep Check Completed
INFO:root:2021-07-21-11--05--22 Frame manipulations completed
INFO:root:2021-07-21-11--05--22 Bounding Box Drawn
INFO:root:2021-07-21-11--05--22 MovingFrameQueue Appended
INFO:root:2021-07-21-11--05--22 anomallyFrameTracker resetted to 200
INFO:root:2021-07-21-11--05--22 Colour Conversion Completed
INFO:root:2021-07-21-11--05--22 Sleep Check Completed
INFO:root:2021-07-21-11--05--22 Frame manipulations completed
INFO:root:2021-07-21-11--05--22 Bounding Box Drawn
INFO:root:2021-07-21-11--05--22 MovingFrameQueue Appended
INFO:root:2021-07-21-11--05--22 anomallyFrameTracker resetted to 200
INFO:root:2021-07-21-11--05--22 Colour Conversion Completed
INFO:root:2021-07-21-11--05--22 Sleep Check Completed
INFO:root:2021-07-21-11--05--22 Frame manipulations completed
INFO:root:2021-07-21-11--05--22 Bounding Box Drawn
INFO:root:2021-07-21-11--05--22 MovingFrameQueue Appended
INFO:root:2021-07-21-11--05--22 anomallyFrameTracker resetted to 200
INFO:root:2021-07-21-11--05--22 Colour Conversion Completed
INFO:root:2021-07-21-11--05--22 Sleep Check Completed
INFO:root:2021-07-21-11--05--22 Frame manipulations completed
INFO:root:2021-07-21-11--05--22 Bounding Box Drawn
INFO:root:2021-07-21-11--05--22 MovingFrameQueue Appended
INFO:root:2021-07-21-11--05--22 anomallyFrameTracker resetted to 200
INFO:root:2021-07-21-11--05--22 Colour Conversion Completed
INFO:root:2021-07-21-11--05--22 Sleep Check Completed
INFO:root:2021-07-21-11--05--22 Frame manipulations completed
INFO:root:2021-07-21-11--05--22 Bounding Box Drawn
INFO:root:2021-07-21-11--05--22 MovingFrameQueue Appended
INFO:root:2021-07-21-11--05--22 anomallyFrameTracker resetted to 200
INFO:root:2021-07-21-11--05--22 Colour Conversion Completed
INFO:root:2021-07-21-11--05--22 Sleep Check Completed
INFO:root:2021-07-21-11--05--22 Frame manipulations completed
INFO:root:2021-07-21-11--05--22 Bounding Box Drawn
INFO:root:2021-07-21-11--05--23 MovingFrameQueue Appended
INFO:root:2021-07-21-11--05--23 anomallyFrameTracker resetted to 200
INFO:root:2021-07-21-11--05--23 Colour Conversion Completed
INFO:root:2021-07-21-11--05--23 Sleep Check Completed
INFO:root:2021-07-21-11--05--23 Frame manipulations completed
INFO:root:2021-07-21-11--05--23 Bounding Box Drawn
INFO:root:2021-07-21-11--05--23 MovingFrameQueue Appended
INFO:root:2021-07-21-11--05--23 anomallyFrameTracker resetted to 200
INFO:root:2021-07-21-11--05--23 Colour Conversion Completed
INFO:root:2021-07-21-11--05--23 Sleep Check Completed
INFO:root:2021-07-21-11--05--23 Frame manipulations completed
INFO:root:2021-07-21-11--05--23 Bounding Box Drawn
INFO:root:2021-07-21-11--05--23 MovingFrameQueue Appended
INFO:root:2021-07-21-11--05--23 anomallyFrameTracker resetted to 200
INFO:root:2021-07-21-11--05--23 Colour Conversion Completed
INFO:root:2021-07-21-11--05--23 Sleep Check Completed
INFO:root:2021-07-21-11--05--23 Frame manipulations completed
INFO:root:2021-07-21-11--05--23 Bounding Box Drawn
INFO:root:2021-07-21-11--05--23 MovingFrameQueue Appended
INFO:root:2021-07-21-11--05--23 anomallyFrameTracker resetted to 200
INFO:root:2021-07-21-11--05--23 Colour Conversion Completed
INFO:root:2021-07-21-11--05--23 Sleep Check Completed
INFO:root:2021-07-21-11--05--23 Frame manipulations completed
INFO:root:2021-07-21-11--05--23 Bounding Box Drawn
INFO:root:2021-07-21-11--05--23 MovingFrameQueue Appended
INFO:root:2021-07-21-11--05--23 anomallyFrameTracker resetted to 200
INFO:root:2021-07-21-11--05--23 Colour Conversion Completed
INFO:root:2021-07-21-11--05--23 Sleep Check Completed
INFO:root:2021-07-21-11--05--23 Frame manipulations completed
INFO:root:2021-07-21-11--05--23 Bounding Box Drawn
INFO:root:2021-07-21-11--05--23 MovingFrameQueue Appended
INFO:root:2021-07-21-11--05--23 anomallyFrameTracker resetted to 200
INFO:root:2021-07-21-11--05--23 Colour Conversion Completed
INFO:root:2021-07-21-11--05--23 Sleep Check Completed
INFO:root:2021-07-21-11--05--23 Frame manipulations completed
INFO:root:2021-07-21-11--05--23 Bounding Box Drawn
INFO:root:2021-07-21-11--05--24 MovingFrameQueue Appended
INFO:root:2021-07-21-11--05--24 anomallyFrameTracker resetted to 200
INFO:root:2021-07-21-11--05--24 Colour Conversion Completed
INFO:root:2021-07-21-11--05--24 Sleep Check Completed
INFO:root:2021-07-21-11--05--24 Frame manipulations completed
INFO:root:2021-07-21-11--05--24 Bounding Box Drawn
INFO:root:2021-07-21-11--05--24 MovingFrameQueue Appended
INFO:root:2021-07-21-11--05--24 anomallyFrameTracker resetted to 200
INFO:root:2021-07-21-11--05--24 Colour Conversion Completed
INFO:root:2021-07-21-11--05--24 Sleep Check Completed
INFO:root:2021-07-21-11--05--24 Frame manipulations completed
INFO:root:2021-07-21-11--05--24 Bounding Box Drawn
INFO:root:2021-07-21-11--05--24 MovingFrameQueue Appended
INFO:root:2021-07-21-11--05--24 anomallyFrameTracker resetted to 200
INFO:root:2021-07-21-11--05--24 Colour Conversion Completed
INFO:root:2021-07-21-11--05--24 Sleep Check Completed
INFO:root:2021-07-21-11--05--24 Frame manipulations completed
INFO:root:2021-07-21-11--05--24 Bounding Box Drawn
INFO:root:2021-07-21-11--05--24 MovingFrameQueue Appended
INFO:root:2021-07-21-11--05--24 anomallyFrameTracker resetted to 200
INFO:root:2021-07-21-11--05--24 Colour Conversion Completed
INFO:root:2021-07-21-11--05--24 Sleep Check Completed
INFO:root:2021-07-21-11--05--24 Frame manipulations completed
INFO:root:2021-07-21-11--05--24 Bounding Box Drawn
INFO:root:2021-07-21-11--05--24[INFO] elapsed time: 11.62
INFO:root:2021-07-21-11--05--24[INFO] approx. FPS: 2.67
INFO:root:2021-07-21-11--05--24 Getting Auth Token Success
INFO:root:2021-07-21-11--05--25 BedTime Upload Completed
