INFO:root:2021-07-16-12--39--52 Parameter Generation Success
INFO:root:2021-07-16-12--39--52 Colour Conversion Completed
INFO:root:2021-07-16-12--39--52 Sleep Check Completed
INFO:root:2021-07-16-12--39--52 Frame manipulations completed
INFO:root:2021-07-16-12--39--52 Bounding Box Drawn
INFO:root:2021-07-16-12--39--53 MovingFrameQueue Appended
INFO:root:2021-07-16-12--39--53 anomallyFrameTracker resetted to 200
INFO:root:2021-07-16-12--39--53 anomallyFrameTracker resetted to 200
INFO:root:2021-07-16-12--39--53 anomallyFrameTracker resetted to 200
INFO:root:2021-07-16-12--39--53 Colour Conversion Completed
INFO:root:2021-07-16-12--39--53 Sleep Check Completed
INFO:root:2021-07-16-12--39--53 Frame manipulations completed
INFO:root:2021-07-16-12--39--53 Bounding Box Drawn
INFO:root:2021-07-16-12--39--53 MovingFrameQueue Appended
INFO:root:2021-07-16-12--39--53 anomallyFrameTracker resetted to 200
INFO:root:2021-07-16-12--39--53 anomallyFrameTracker resetted to 200
INFO:root:2021-07-16-12--39--53 anomallyFrameTracker resetted to 200
INFO:root:2021-07-16-12--39--53 Colour Conversion Completed
INFO:root:2021-07-16-12--39--53 Sleep Check Completed
INFO:root:2021-07-16-12--39--53 Frame manipulations completed
INFO:root:2021-07-16-12--39--53 Bounding Box Drawn
INFO:root:2021-07-16-12--39--53 MovingFrameQueue Appended
INFO:root:2021-07-16-12--39--53 anomallyFrameTracker resetted to 200
INFO:root:2021-07-16-12--39--53 anomallyFrameTracker resetted to 200
INFO:root:2021-07-16-12--39--53 anomallyFrameTracker resetted to 200
INFO:root:2021-07-16-12--39--53 Colour Conversion Completed
INFO:root:2021-07-16-12--39--53 Sleep Check Completed
INFO:root:2021-07-16-12--39--53 Frame manipulations completed
INFO:root:2021-07-16-12--39--53 Bounding Box Drawn
INFO:root:2021-07-16-12--39--53 MovingFrameQueue Appended
INFO:root:2021-07-16-12--39--53 anomallyFrameTracker resetted to 200
INFO:root:2021-07-16-12--39--53 anomallyFrameTracker resetted to 200
INFO:root:2021-07-16-12--39--53 anomallyFrameTracker resetted to 200
INFO:root:2021-07-16-12--39--53 Colour Conversion Completed
INFO:root:2021-07-16-12--39--53 Sleep Check Completed
INFO:root:2021-07-16-12--39--53 Frame manipulations completed
INFO:root:2021-07-16-12--39--53 Bounding Box Drawn
INFO:root:2021-07-16-12--39--53 MovingFrameQueue Appended
INFO:root:2021-07-16-12--39--53 anomallyFrameTracker resetted to 200
INFO:root:2021-07-16-12--39--53 anomallyFrameTracker resetted to 200
INFO:root:2021-07-16-12--39--53 anomallyFrameTracker resetted to 200
INFO:root:2021-07-16-12--39--53 Colour Conversion Completed
INFO:root:2021-07-16-12--39--53 Sleep Check Completed
INFO:root:2021-07-16-12--39--53 Frame manipulations completed
INFO:root:2021-07-16-12--39--53 Bounding Box Drawn
INFO:root:2021-07-16-12--39--53 MovingFrameQueue Appended
INFO:root:2021-07-16-12--39--53 anomallyFrameTracker resetted to 200
INFO:root:2021-07-16-12--39--53 anomallyFrameTracker resetted to 200
INFO:root:2021-07-16-12--39--53 anomallyFrameTracker resetted to 200
INFO:root:2021-07-16-12--39--53 Colour Conversion Completed
INFO:root:2021-07-16-12--39--53 Sleep Check Completed
INFO:root:2021-07-16-12--39--53 Frame manipulations completed
INFO:root:2021-07-16-12--39--53 Bounding Box Drawn
INFO:root:2021-07-16-12--39--53 MovingFrameQueue Appended
INFO:root:2021-07-16-12--39--53 anomallyFrameTracker resetted to 200
INFO:root:2021-07-16-12--39--53 anomallyFrameTracker resetted to 200
INFO:root:2021-07-16-12--39--53 anomallyFrameTracker resetted to 200
INFO:root:2021-07-16-12--39--53 Colour Conversion Completed
INFO:root:2021-07-16-12--39--53 Sleep Check Completed
INFO:root:2021-07-16-12--39--53 Frame manipulations completed
INFO:root:2021-07-16-12--39--53 Bounding Box Drawn
INFO:root:2021-07-16-12--39--53 MovingFrameQueue Appended
INFO:root:2021-07-16-12--39--53 anomallyFrameTracker resetted to 200
INFO:root:2021-07-16-12--39--53 anomallyFrameTracker resetted to 200
INFO:root:2021-07-16-12--39--53 anomallyFrameTracker resetted to 200
INFO:root:2021-07-16-12--39--54 Colour Conversion Completed
INFO:root:2021-07-16-12--39--54 Sleep Check Completed
INFO:root:2021-07-16-12--39--54 Frame manipulations completed
INFO:root:2021-07-16-12--39--54 Bounding Box Drawn
INFO:root:2021-07-16-12--39--54 MovingFrameQueue Appended
INFO:root:2021-07-16-12--39--54 anomallyFrameTracker resetted to 200
INFO:root:2021-07-16-12--39--54 anomallyFrameTracker resetted to 200
INFO:root:2021-07-16-12--39--54 anomallyFrameTracker resetted to 200
INFO:root:2021-07-16-12--39--54 Colour Conversion Completed
INFO:root:2021-07-16-12--39--54 Sleep Check Completed
INFO:root:2021-07-16-12--39--54 Frame manipulations completed
INFO:root:2021-07-16-12--39--54 Bounding Box Drawn
INFO:root:2021-07-16-12--39--54 MovingFrameQueue Appended
INFO:root:2021-07-16-12--39--54 anomallyFrameTracker resetted to 200
INFO:root:2021-07-16-12--39--54 anomallyFrameTracker resetted to 200
INFO:root:2021-07-16-12--39--54 anomallyFrameTracker resetted to 200
INFO:root:2021-07-16-12--39--54 Colour Conversion Completed
INFO:root:2021-07-16-12--39--54 Sleep Check Completed
INFO:root:2021-07-16-12--39--54 Frame manipulations completed
INFO:root:2021-07-16-12--39--54 Bounding Box Drawn
INFO:root:2021-07-16-12--39--54 MovingFrameQueue Appended
INFO:root:2021-07-16-12--39--54 anomallyFrameTracker resetted to 200
INFO:root:2021-07-16-12--39--54 anomallyFrameTracker resetted to 200
INFO:root:2021-07-16-12--39--54 anomallyFrameTracker resetted to 200
INFO:root:2021-07-16-12--39--54 Colour Conversion Completed
INFO:root:2021-07-16-12--39--54 Sleep Check Completed
INFO:root:2021-07-16-12--39--54 Frame manipulations completed
INFO:root:2021-07-16-12--39--54 Bounding Box Drawn
INFO:root:2021-07-16-12--39--54 MovingFrameQueue Appended
INFO:root:2021-07-16-12--39--54 anomallyFrameTracker resetted to 200
INFO:root:2021-07-16-12--39--54 anomallyFrameTracker resetted to 200
INFO:root:2021-07-16-12--39--54 anomallyFrameTracker resetted to 200
INFO:root:2021-07-16-12--39--54 Colour Conversion Completed
INFO:root:2021-07-16-12--39--54 Sleep Check Completed
INFO:root:2021-07-16-12--39--54 Frame manipulations completed
INFO:root:2021-07-16-12--39--54 Bounding Box Drawn
INFO:root:2021-07-16-12--39--54 MovingFrameQueue Appended
INFO:root:2021-07-16-12--39--54 anomallyFrameTracker resetted to 200
INFO:root:2021-07-16-12--39--54 anomallyFrameTracker resetted to 200
INFO:root:2021-07-16-12--39--54 anomallyFrameTracker resetted to 200
INFO:root:2021-07-16-12--39--54 Colour Conversion Completed
INFO:root:2021-07-16-12--39--54 Sleep Check Completed
INFO:root:2021-07-16-12--39--54 Frame manipulations completed
INFO:root:2021-07-16-12--39--54 Bounding Box Drawn
INFO:root:2021-07-16-12--39--54 MovingFrameQueue Appended
INFO:root:2021-07-16-12--39--54 anomallyFrameTracker resetted to 200
INFO:root:2021-07-16-12--39--54 anomallyFrameTracker resetted to 200
INFO:root:2021-07-16-12--39--54 anomallyFrameTracker resetted to 200
INFO:root:2021-07-16-12--39--54 Colour Conversion Completed
INFO:root:2021-07-16-12--39--54 Sleep Check Completed
INFO:root:2021-07-16-12--39--54 Frame manipulations completed
INFO:root:2021-07-16-12--39--54 Bounding Box Drawn
INFO:root:2021-07-16-12--39--54 MovingFrameQueue Appended
INFO:root:2021-07-16-12--39--54 anomallyFrameTracker resetted to 200
INFO:root:2021-07-16-12--39--54 anomallyFrameTracker resetted to 200
INFO:root:2021-07-16-12--39--54 anomallyFrameTracker resetted to 200
INFO:root:2021-07-16-12--39--54 Colour Conversion Completed
INFO:root:2021-07-16-12--39--54 Sleep Check Completed
INFO:root:2021-07-16-12--39--54 Frame manipulations completed
INFO:root:2021-07-16-12--39--54 Bounding Box Drawn
INFO:root:2021-07-16-12--39--54 MovingFrameQueue Appended
INFO:root:2021-07-16-12--39--54 anomallyFrameTracker resetted to 200
INFO:root:2021-07-16-12--39--54 anomallyFrameTracker resetted to 200
INFO:root:2021-07-16-12--39--54 anomallyFrameTracker resetted to 200
INFO:root:2021-07-16-12--39--54 Colour Conversion Completed
INFO:root:2021-07-16-12--39--54 Sleep Check Completed
INFO:root:2021-07-16-12--39--54 Frame manipulations completed
INFO:root:2021-07-16-12--39--54 Bounding Box Drawn
INFO:root:2021-07-16-12--39--54 MovingFrameQueue Appended
INFO:root:2021-07-16-12--39--54 anomallyFrameTracker resetted to 200
INFO:root:2021-07-16-12--39--54 anomallyFrameTracker resetted to 200
INFO:root:2021-07-16-12--39--54 anomallyFrameTracker resetted to 200
INFO:root:2021-07-16-12--39--55 Colour Conversion Completed
INFO:root:2021-07-16-12--39--55 Sleep Check Completed
INFO:root:2021-07-16-12--39--55 Frame manipulations completed
INFO:root:2021-07-16-12--39--55 Bounding Box Drawn
INFO:root:2021-07-16-12--39--55 MovingFrameQueue Appended
INFO:root:2021-07-16-12--39--55 anomallyFrameTracker resetted to 200
INFO:root:2021-07-16-12--39--55 anomallyFrameTracker resetted to 200
INFO:root:2021-07-16-12--39--55 anomallyFrameTracker resetted to 200
INFO:root:2021-07-16-12--39--55 Colour Conversion Completed
INFO:root:2021-07-16-12--39--55 Sleep Check Completed
INFO:root:2021-07-16-12--39--55 Frame manipulations completed
INFO:root:2021-07-16-12--39--55 Bounding Box Drawn
INFO:root:2021-07-16-12--39--55 MovingFrameQueue Appended
INFO:root:2021-07-16-12--39--55 anomallyFrameTracker resetted to 200
INFO:root:2021-07-16-12--39--55 anomallyFrameTracker resetted to 200
INFO:root:2021-07-16-12--39--55 anomallyFrameTracker resetted to 200
INFO:root:2021-07-16-12--39--55 Colour Conversion Completed
INFO:root:2021-07-16-12--39--55 Sleep Check Completed
INFO:root:2021-07-16-12--39--55 Frame manipulations completed
INFO:root:2021-07-16-12--39--55 Bounding Box Drawn
INFO:root:2021-07-16-12--39--55 MovingFrameQueue Appended
INFO:root:2021-07-16-12--39--55 anomallyFrameTracker resetted to 200
INFO:root:2021-07-16-12--39--55 anomallyFrameTracker resetted to 200
INFO:root:2021-07-16-12--39--55 anomallyFrameTracker resetted to 200
INFO:root:2021-07-16-12--39--55 Colour Conversion Completed
INFO:root:2021-07-16-12--39--55 Sleep Check Completed
INFO:root:2021-07-16-12--39--55 Frame manipulations completed
INFO:root:2021-07-16-12--39--55 Bounding Box Drawn
INFO:root:2021-07-16-12--39--55 MovingFrameQueue Appended
INFO:root:2021-07-16-12--39--55 anomallyFrameTracker resetted to 200
INFO:root:2021-07-16-12--39--55 anomallyFrameTracker resetted to 200
INFO:root:2021-07-16-12--39--55 anomallyFrameTracker resetted to 200
INFO:root:2021-07-16-12--39--55 Colour Conversion Completed
INFO:root:2021-07-16-12--39--55 Sleep Check Completed
INFO:root:2021-07-16-12--39--55 Frame manipulations completed
INFO:root:2021-07-16-12--39--55 Bounding Box Drawn
INFO:root:2021-07-16-12--39--55 MovingFrameQueue Appended
INFO:root:2021-07-16-12--39--55 anomallyFrameTracker resetted to 200
INFO:root:2021-07-16-12--39--55 anomallyFrameTracker resetted to 200
INFO:root:2021-07-16-12--39--55 anomallyFrameTracker resetted to 200
INFO:root:2021-07-16-12--39--55 Colour Conversion Completed
INFO:root:2021-07-16-12--39--55 Sleep Check Completed
INFO:root:2021-07-16-12--39--55 Frame manipulations completed
INFO:root:2021-07-16-12--39--55 Bounding Box Drawn
INFO:root:2021-07-16-12--39--55 MovingFrameQueue Appended
INFO:root:2021-07-16-12--39--55 anomallyFrameTracker resetted to 200
INFO:root:2021-07-16-12--39--55 anomallyFrameTracker resetted to 200
INFO:root:2021-07-16-12--39--55 anomallyFrameTracker resetted to 200
INFO:root:2021-07-16-12--39--55 Colour Conversion Completed
INFO:root:2021-07-16-12--39--55 Sleep Check Completed
INFO:root:2021-07-16-12--39--55 Frame manipulations completed
INFO:root:2021-07-16-12--39--55 Bounding Box Drawn
INFO:root:2021-07-16-12--39--55 MovingFrameQueue Appended
INFO:root:2021-07-16-12--39--55 anomallyFrameTracker resetted to 200
INFO:root:2021-07-16-12--39--55 anomallyFrameTracker resetted to 200
INFO:root:2021-07-16-12--39--55 anomallyFrameTracker resetted to 200
INFO:root:2021-07-16-12--39--55 Colour Conversion Completed
INFO:root:2021-07-16-12--39--55 Sleep Check Completed
INFO:root:2021-07-16-12--39--55 Frame manipulations completed
INFO:root:2021-07-16-12--39--55 Bounding Box Drawn
INFO:root:2021-07-16-12--39--55 MovingFrameQueue Appended
INFO:root:2021-07-16-12--39--55 anomallyFrameTracker resetted to 200
INFO:root:2021-07-16-12--39--55 anomallyFrameTracker resetted to 200
INFO:root:2021-07-16-12--39--55 anomallyFrameTracker resetted to 200
INFO:root:2021-07-16-12--39--56 Colour Conversion Completed
INFO:root:2021-07-16-12--39--56 Sleep Check Completed
INFO:root:2021-07-16-12--39--56 Frame manipulations completed
INFO:root:2021-07-16-12--39--56 Bounding Box Drawn
INFO:root:2021-07-16-12--39--56 MovingFrameQueue Appended
INFO:root:2021-07-16-12--39--56 anomallyFrameTracker resetted to 200
INFO:root:2021-07-16-12--39--56 anomallyFrameTracker resetted to 200
INFO:root:2021-07-16-12--39--56 anomallyFrameTracker resetted to 200
INFO:root:2021-07-16-12--39--56 Colour Conversion Completed
INFO:root:2021-07-16-12--39--56 Sleep Check Completed
INFO:root:2021-07-16-12--39--56 Frame manipulations completed
INFO:root:2021-07-16-12--39--56 Bounding Box Drawn
INFO:root:2021-07-16-12--39--56 MovingFrameQueue Appended
INFO:root:2021-07-16-12--39--56 anomallyFrameTracker resetted to 200
INFO:root:2021-07-16-12--39--56 anomallyFrameTracker resetted to 200
INFO:root:2021-07-16-12--39--56 anomallyFrameTracker resetted to 200
INFO:root:2021-07-16-12--39--56 Colour Conversion Completed
INFO:root:2021-07-16-12--39--56 Sleep Check Completed
INFO:root:2021-07-16-12--39--56 Frame manipulations completed
INFO:root:2021-07-16-12--39--56 Bounding Box Drawn
INFO:root:2021-07-16-12--39--56 MovingFrameQueue Appended
INFO:root:2021-07-16-12--39--56 anomallyFrameTracker resetted to 200
INFO:root:2021-07-16-12--39--56 anomallyFrameTracker resetted to 200
INFO:root:2021-07-16-12--39--56 anomallyFrameTracker resetted to 200
INFO:root:2021-07-16-12--39--56 Colour Conversion Completed
INFO:root:2021-07-16-12--39--56 Sleep Check Completed
INFO:root:2021-07-16-12--39--56 Frame manipulations completed
INFO:root:2021-07-16-12--39--56 Bounding Box Drawn
INFO:root:2021-07-16-12--39--56 MovingFrameQueue Appended
INFO:root:2021-07-16-12--39--56 anomallyFrameTracker resetted to 200
INFO:root:2021-07-16-12--39--56 anomallyFrameTracker resetted to 200
INFO:root:2021-07-16-12--39--56 anomallyFrameTracker resetted to 200
INFO:root:2021-07-16-12--39--56 Colour Conversion Completed
INFO:root:2021-07-16-12--39--56 Sleep Check Completed
INFO:root:2021-07-16-12--39--56 Frame manipulations completed
INFO:root:2021-07-16-12--39--56 Bounding Box Drawn
INFO:root:2021-07-16-12--39--56 MovingFrameQueue Appended
INFO:root:2021-07-16-12--39--56 anomallyFrameTracker resetted to 200
INFO:root:2021-07-16-12--39--56 anomallyFrameTracker resetted to 200
INFO:root:2021-07-16-12--39--56 anomallyFrameTracker resetted to 200
INFO:root:2021-07-16-12--39--56 Colour Conversion Completed
INFO:root:2021-07-16-12--39--57 Sleep Check Completed
INFO:root:2021-07-16-12--39--57 Frame manipulations completed
INFO:root:2021-07-16-12--39--57 Bounding Box Drawn
INFO:root:2021-07-16-12--39--57 MovingFrameQueue Appended
INFO:root:2021-07-16-12--39--57 anomallyFrameTracker resetted to 200
INFO:root:2021-07-16-12--39--57 anomallyFrameTracker resetted to 200
INFO:root:2021-07-16-12--39--57 anomallyFrameTracker resetted to 200
INFO:root:2021-07-16-12--39--57 Colour Conversion Completed
INFO:root:2021-07-16-12--39--57 Sleep Check Completed
INFO:root:2021-07-16-12--39--57 Frame manipulations completed
INFO:root:2021-07-16-12--39--57 Bounding Box Drawn
INFO:root:2021-07-16-12--39--57 MovingFrameQueue Appended
INFO:root:2021-07-16-12--39--57 anomallyFrameTracker resetted to 200
INFO:root:2021-07-16-12--39--57 anomallyFrameTracker resetted to 200
INFO:root:2021-07-16-12--39--57 anomallyFrameTracker resetted to 200
INFO:root:2021-07-16-12--39--57 Colour Conversion Completed
INFO:root:2021-07-16-12--39--57 Sleep Check Completed
INFO:root:2021-07-16-12--39--57 Frame manipulations completed
INFO:root:2021-07-16-12--39--57 Bounding Box Drawn
INFO:root:2021-07-16-12--39--57 MovingFrameQueue Appended
INFO:root:2021-07-16-12--39--57 anomallyFrameTracker resetted to 200
INFO:root:2021-07-16-12--39--57 anomallyFrameTracker resetted to 200
INFO:root:2021-07-16-12--39--57 anomallyFrameTracker resetted to 200
INFO:root:2021-07-16-12--39--57 Colour Conversion Completed
INFO:root:2021-07-16-12--39--57 Sleep Check Completed
INFO:root:2021-07-16-12--39--57 Frame manipulations completed
INFO:root:2021-07-16-12--39--57 Bounding Box Drawn
INFO:root:2021-07-16-12--39--57 MovingFrameQueue Appended
INFO:root:2021-07-16-12--39--57 anomallyFrameTracker resetted to 200
INFO:root:2021-07-16-12--39--57 anomallyFrameTracker resetted to 200
INFO:root:2021-07-16-12--39--57 anomallyFrameTracker resetted to 200
INFO:root:2021-07-16-12--39--57 Colour Conversion Completed
INFO:root:2021-07-16-12--39--57 Sleep Check Completed
INFO:root:2021-07-16-12--39--57 Frame manipulations completed
INFO:root:2021-07-16-12--39--57 Bounding Box Drawn
INFO:root:2021-07-16-12--39--57 MovingFrameQueue Appended
INFO:root:2021-07-16-12--39--57 anomallyFrameTracker resetted to 200
INFO:root:2021-07-16-12--39--57 anomallyFrameTracker resetted to 200
INFO:root:2021-07-16-12--39--57 anomallyFrameTracker resetted to 200
INFO:root:2021-07-16-12--39--57 Colour Conversion Completed
INFO:root:2021-07-16-12--39--57 Sleep Check Completed
INFO:root:2021-07-16-12--39--57 Frame manipulations completed
INFO:root:2021-07-16-12--39--57 Bounding Box Drawn
INFO:root:2021-07-16-12--39--57 MovingFrameQueue Appended
INFO:root:2021-07-16-12--39--57 anomallyFrameTracker resetted to 200
INFO:root:2021-07-16-12--39--57 anomallyFrameTracker resetted to 200
INFO:root:2021-07-16-12--39--57 anomallyFrameTracker resetted to 200
INFO:root:2021-07-16-12--39--57 Colour Conversion Completed
INFO:root:2021-07-16-12--39--58 Sleep Check Completed
INFO:root:2021-07-16-12--39--58 Frame manipulations completed
INFO:root:2021-07-16-12--39--58 Bounding Box Drawn
INFO:root:2021-07-16-12--39--58 MovingFrameQueue Appended
INFO:root:2021-07-16-12--39--58 anomallyFrameTracker resetted to 200
INFO:root:2021-07-16-12--39--58 anomallyFrameTracker resetted to 200
INFO:root:2021-07-16-12--39--58 anomallyFrameTracker resetted to 200
INFO:root:2021-07-16-12--39--58 Colour Conversion Completed
INFO:root:2021-07-16-12--39--58 Sleep Check Completed
INFO:root:2021-07-16-12--39--58 Frame manipulations completed
INFO:root:2021-07-16-12--39--58 Bounding Box Drawn
INFO:root:2021-07-16-12--39--58 MovingFrameQueue Appended
INFO:root:2021-07-16-12--39--58 anomallyFrameTracker resetted to 200
INFO:root:2021-07-16-12--39--58 anomallyFrameTracker resetted to 200
INFO:root:2021-07-16-12--39--58 anomallyFrameTracker resetted to 200
INFO:root:2021-07-16-12--39--58 Colour Conversion Completed
INFO:root:2021-07-16-12--39--58 Sleep Check Completed
INFO:root:2021-07-16-12--39--58 Frame manipulations completed
INFO:root:2021-07-16-12--39--58 Bounding Box Drawn
INFO:root:2021-07-16-12--39--58 MovingFrameQueue Appended
INFO:root:2021-07-16-12--39--58 anomallyFrameTracker resetted to 200
INFO:root:2021-07-16-12--39--58 anomallyFrameTracker resetted to 200
INFO:root:2021-07-16-12--39--58 anomallyFrameTracker resetted to 200
INFO:root:2021-07-16-12--39--58 Colour Conversion Completed
INFO:root:2021-07-16-12--39--58 Sleep Check Completed
INFO:root:2021-07-16-12--39--58 Frame manipulations completed
INFO:root:2021-07-16-12--39--58 Bounding Box Drawn
INFO:root:2021-07-16-12--39--58 MovingFrameQueue Appended
INFO:root:2021-07-16-12--39--58 anomallyFrameTracker resetted to 200
INFO:root:2021-07-16-12--39--58 anomallyFrameTracker resetted to 200
INFO:root:2021-07-16-12--39--58 anomallyFrameTracker resetted to 200
INFO:root:2021-07-16-12--39--58 Colour Conversion Completed
INFO:root:2021-07-16-12--39--59 Sleep Check Completed
INFO:root:2021-07-16-12--39--59 Frame manipulations completed
INFO:root:2021-07-16-12--39--59 Bounding Box Drawn
INFO:root:2021-07-16-12--39--59 MovingFrameQueue Appended
INFO:root:2021-07-16-12--39--59 anomallyFrameTracker resetted to 200
INFO:root:2021-07-16-12--39--59 anomallyFrameTracker resetted to 200
INFO:root:2021-07-16-12--39--59 anomallyFrameTracker resetted to 200
INFO:root:2021-07-16-12--39--59 Colour Conversion Completed
INFO:root:2021-07-16-12--39--59 Sleep Check Completed
INFO:root:2021-07-16-12--39--59 Frame manipulations completed
INFO:root:2021-07-16-12--39--59 Bounding Box Drawn
INFO:root:2021-07-16-12--39--59 MovingFrameQueue Appended
INFO:root:2021-07-16-12--39--59 anomallyFrameTracker resetted to 200
INFO:root:2021-07-16-12--39--59 anomallyFrameTracker resetted to 200
INFO:root:2021-07-16-12--39--59 anomallyFrameTracker resetted to 200
INFO:root:2021-07-16-12--39--59 Colour Conversion Completed
INFO:root:2021-07-16-12--39--59 Sleep Check Completed
INFO:root:2021-07-16-12--39--59 Frame manipulations completed
INFO:root:2021-07-16-12--39--59 Bounding Box Drawn
INFO:root:2021-07-16-12--39--59 MovingFrameQueue Appended
INFO:root:2021-07-16-12--39--59 anomallyFrameTracker resetted to 200
INFO:root:2021-07-16-12--39--59 anomallyFrameTracker resetted to 200
INFO:root:2021-07-16-12--39--59 anomallyFrameTracker resetted to 200
INFO:root:2021-07-16-12--39--59 Colour Conversion Completed
INFO:root:2021-07-16-12--39--59 Sleep Check Completed
INFO:root:2021-07-16-12--39--59 Frame manipulations completed
INFO:root:2021-07-16-12--39--59 Bounding Box Drawn
INFO:root:2021-07-16-12--40--00 MovingFrameQueue Appended
INFO:root:2021-07-16-12--40--00 anomallyFrameTracker resetted to 200
INFO:root:2021-07-16-12--40--00 anomallyFrameTracker resetted to 200
INFO:root:2021-07-16-12--40--00 anomallyFrameTracker resetted to 200
INFO:root:2021-07-16-12--40--00 Colour Conversion Completed
INFO:root:2021-07-16-12--40--00 Sleep Check Completed
INFO:root:2021-07-16-12--40--00 Frame manipulations completed
INFO:root:2021-07-16-12--40--00 Bounding Box Drawn
INFO:root:2021-07-16-12--40--00 MovingFrameQueue Appended
INFO:root:2021-07-16-12--40--00 anomallyFrameTracker resetted to 200
INFO:root:2021-07-16-12--40--00 anomallyFrameTracker resetted to 200
INFO:root:2021-07-16-12--40--00 anomallyFrameTracker resetted to 200
INFO:root:2021-07-16-12--40--00 Colour Conversion Completed
INFO:root:2021-07-16-12--40--00 Sleep Check Completed
INFO:root:2021-07-16-12--40--00 Frame manipulations completed
INFO:root:2021-07-16-12--40--00 Bounding Box Drawn
INFO:root:2021-07-16-12--40--00 MovingFrameQueue Appended
INFO:root:2021-07-16-12--40--00 anomallyFrameTracker resetted to 200
INFO:root:2021-07-16-12--40--00 anomallyFrameTracker resetted to 200
INFO:root:2021-07-16-12--40--00 anomallyFrameTracker resetted to 200
INFO:root:2021-07-16-12--40--00 Colour Conversion Completed
INFO:root:2021-07-16-12--40--00 Sleep Check Completed
INFO:root:2021-07-16-12--40--00 Frame manipulations completed
INFO:root:2021-07-16-12--40--00 Bounding Box Drawn
INFO:root:2021-07-16-12--40--00 MovingFrameQueue Appended
INFO:root:2021-07-16-12--40--00 anomallyFrameTracker resetted to 200
INFO:root:2021-07-16-12--40--00 anomallyFrameTracker resetted to 200
INFO:root:2021-07-16-12--40--00 anomallyFrameTracker resetted to 200
INFO:root:2021-07-16-12--40--00 Colour Conversion Completed
INFO:root:2021-07-16-12--40--01 Sleep Check Completed
INFO:root:2021-07-16-12--40--01 Frame manipulations completed
INFO:root:2021-07-16-12--40--01 Bounding Box Drawn
INFO:root:2021-07-16-12--40--01 MovingFrameQueue Appended
INFO:root:2021-07-16-12--40--01 anomallyFrameTracker resetted to 200
INFO:root:2021-07-16-12--40--01 anomallyFrameTracker resetted to 200
INFO:root:2021-07-16-12--40--01 anomallyFrameTracker resetted to 200
INFO:root:2021-07-16-12--40--01 Colour Conversion Completed
INFO:root:2021-07-16-12--40--01 Sleep Check Completed
INFO:root:2021-07-16-12--40--01 Frame manipulations completed
INFO:root:2021-07-16-12--40--01 Bounding Box Drawn
INFO:root:2021-07-16-12--40--01 MovingFrameQueue Appended
INFO:root:2021-07-16-12--40--01 anomallyFrameTracker resetted to 200
INFO:root:2021-07-16-12--40--01 anomallyFrameTracker resetted to 200
INFO:root:2021-07-16-12--40--01 anomallyFrameTracker resetted to 200
INFO:root:2021-07-16-12--40--01 Colour Conversion Completed
INFO:root:2021-07-16-12--40--01 Sleep Check Completed
INFO:root:2021-07-16-12--40--01 Frame manipulations completed
INFO:root:2021-07-16-12--40--01 Bounding Box Drawn
INFO:root:2021-07-16-12--40--01 MovingFrameQueue Appended
INFO:root:2021-07-16-12--40--01 anomallyFrameTracker resetted to 200
INFO:root:2021-07-16-12--40--01 anomallyFrameTracker resetted to 200
INFO:root:2021-07-16-12--40--01 anomallyFrameTracker resetted to 200
INFO:root:2021-07-16-12--40--01 Colour Conversion Completed
INFO:root:2021-07-16-12--40--01 Sleep Check Completed
INFO:root:2021-07-16-12--40--01 Frame manipulations completed
INFO:root:2021-07-16-12--40--01 Bounding Box Drawn
INFO:root:2021-07-16-12--40--01 MovingFrameQueue Appended
INFO:root:2021-07-16-12--40--01 anomallyFrameTracker resetted to 200
INFO:root:2021-07-16-12--40--01 anomallyFrameTracker resetted to 200
INFO:root:2021-07-16-12--40--01 anomallyFrameTracker resetted to 200
INFO:root:2021-07-16-12--40--01 Colour Conversion Completed
INFO:root:2021-07-16-12--40--01 Sleep Check Completed
INFO:root:2021-07-16-12--40--01 Frame manipulations completed
INFO:root:2021-07-16-12--40--01 Bounding Box Drawn
INFO:root:2021-07-16-12--40--02 MovingFrameQueue Popped
INFO:root:2021-07-16-12--40--02 anomallyFrameTracker resetted to 200
INFO:root:2021-07-16-12--40--02 anomallyFrameTracker resetted to 200
INFO:root:2021-07-16-12--40--02 anomallyFrameTracker resetted to 200
INFO:root:2021-07-16-12--40--02 Colour Conversion Completed
INFO:root:2021-07-16-12--40--02 Sleep Check Completed
INFO:root:2021-07-16-12--40--02 Frame manipulations completed
INFO:root:2021-07-16-12--40--02 Bounding Box Drawn
INFO:root:2021-07-16-12--40--02 MovingFrameQueue Appended
INFO:root:2021-07-16-12--40--02 anomallyFrameTracker resetted to 200
INFO:root:2021-07-16-12--40--02 anomallyFrameTracker resetted to 200
INFO:root:2021-07-16-12--40--02 anomallyFrameTracker resetted to 200
INFO:root:2021-07-16-12--40--02 Colour Conversion Completed
INFO:root:2021-07-16-12--40--02 Sleep Check Completed
INFO:root:2021-07-16-12--40--02 Frame manipulations completed
INFO:root:2021-07-16-12--40--02 Bounding Box Drawn
INFO:root:2021-07-16-12--40--02 MovingFrameQueue Popped
INFO:root:2021-07-16-12--40--02 anomallyFrameTracker resetted to 200
INFO:root:2021-07-16-12--40--02 anomallyFrameTracker resetted to 200
INFO:root:2021-07-16-12--40--02 anomallyFrameTracker resetted to 200
INFO:root:2021-07-16-12--40--02 Colour Conversion Completed
INFO:root:2021-07-16-12--40--02 Sleep Check Completed
INFO:root:2021-07-16-12--40--02 Frame manipulations completed
INFO:root:2021-07-16-12--40--02 Bounding Box Drawn
INFO:root:2021-07-16-12--40--02 MovingFrameQueue Appended
INFO:root:2021-07-16-12--40--02 anomallyFrameTracker resetted to 200
INFO:root:2021-07-16-12--40--02 anomallyFrameTracker resetted to 200
INFO:root:2021-07-16-12--40--02 anomallyFrameTracker resetted to 200
INFO:root:2021-07-16-12--40--02 Colour Conversion Completed
INFO:root:2021-07-16-12--40--02 Sleep Check Completed
INFO:root:2021-07-16-12--40--02 Frame manipulations completed
INFO:root:2021-07-16-12--40--02 Bounding Box Drawn
INFO:root:2021-07-16-12--40--03 MovingFrameQueue Popped
INFO:root:2021-07-16-12--40--03 anomallyFrameTracker resetted to 200
INFO:root:2021-07-16-12--40--03 anomallyFrameTracker resetted to 200
INFO:root:2021-07-16-12--40--03 anomallyFrameTracker resetted to 200
INFO:root:2021-07-16-12--40--03 Colour Conversion Completed
INFO:root:2021-07-16-12--40--03 Sleep Check Completed
INFO:root:2021-07-16-12--40--03 Frame manipulations completed
INFO:root:2021-07-16-12--40--03 Bounding Box Drawn
INFO:root:2021-07-16-12--40--03 MovingFrameQueue Appended
INFO:root:2021-07-16-12--40--03 anomallyFrameTracker resetted to 200
INFO:root:2021-07-16-12--40--03 anomallyFrameTracker resetted to 200
INFO:root:2021-07-16-12--40--03 anomallyFrameTracker resetted to 200
INFO:root:2021-07-16-12--40--03 Colour Conversion Completed
INFO:root:2021-07-16-12--40--03 Sleep Check Completed
INFO:root:2021-07-16-12--40--03 Frame manipulations completed
INFO:root:2021-07-16-12--40--03 Bounding Box Drawn
INFO:root:2021-07-16-12--40--03 MovingFrameQueue Popped
INFO:root:2021-07-16-12--40--03 anomallyFrameTracker resetted to 200
INFO:root:2021-07-16-12--40--03 anomallyFrameTracker resetted to 200
INFO:root:2021-07-16-12--40--03 anomallyFrameTracker resetted to 200
INFO:root:2021-07-16-12--40--03 Colour Conversion Completed
INFO:root:2021-07-16-12--40--03 Sleep Check Completed
INFO:root:2021-07-16-12--40--03 Frame manipulations completed
INFO:root:2021-07-16-12--40--03 Bounding Box Drawn
INFO:root:2021-07-16-12--40--03 MovingFrameQueue Appended
INFO:root:2021-07-16-12--40--03 anomallyFrameTracker resetted to 200
INFO:root:2021-07-16-12--40--03 anomallyFrameTracker resetted to 200
INFO:root:2021-07-16-12--40--03 anomallyFrameTracker resetted to 200
INFO:root:2021-07-16-12--40--03 Colour Conversion Completed
INFO:root:2021-07-16-12--40--03 Sleep Check Completed
INFO:root:2021-07-16-12--40--03 Frame manipulations completed
INFO:root:2021-07-16-12--40--03 Bounding Box Drawn
INFO:root:2021-07-16-12--40--03 MovingFrameQueue Popped
INFO:root:2021-07-16-12--40--03 anomallyFrameTracker resetted to 200
INFO:root:2021-07-16-12--40--03 anomallyFrameTracker resetted to 200
INFO:root:2021-07-16-12--40--03 anomallyFrameTracker resetted to 200
INFO:root:2021-07-16-12--40--03 Colour Conversion Completed
INFO:root:2021-07-16-12--40--04 Sleep Check Completed
INFO:root:2021-07-16-12--40--04 Frame manipulations completed
INFO:root:2021-07-16-12--40--04 Bounding Box Drawn
INFO:root:2021-07-16-12--40--04 MovingFrameQueue Appended
INFO:root:2021-07-16-12--40--04 anomallyFrameTracker resetted to 200
INFO:root:2021-07-16-12--40--04 anomallyFrameTracker resetted to 200
INFO:root:2021-07-16-12--40--04 anomallyFrameTracker resetted to 200
INFO:root:2021-07-16-12--40--04 Colour Conversion Completed
INFO:root:2021-07-16-12--40--04 Sleep Check Completed
INFO:root:2021-07-16-12--40--04 Frame manipulations completed
INFO:root:2021-07-16-12--40--04 Bounding Box Drawn
INFO:root:2021-07-16-12--40--04 MovingFrameQueue Popped
INFO:root:2021-07-16-12--40--04 anomallyFrameTracker resetted to 200
INFO:root:2021-07-16-12--40--04 anomallyFrameTracker resetted to 200
INFO:root:2021-07-16-12--40--04 anomallyFrameTracker resetted to 200
INFO:root:2021-07-16-12--40--04 Colour Conversion Completed
INFO:root:2021-07-16-12--40--04 Sleep Check Completed
INFO:root:2021-07-16-12--40--04 Frame manipulations completed
INFO:root:2021-07-16-12--40--04 Bounding Box Drawn
INFO:root:2021-07-16-12--40--04 MovingFrameQueue Appended
INFO:root:2021-07-16-12--40--04 anomallyFrameTracker resetted to 200
INFO:root:2021-07-16-12--40--04 anomallyFrameTracker resetted to 200
INFO:root:2021-07-16-12--40--04 anomallyFrameTracker resetted to 200
INFO:root:2021-07-16-12--40--04 Colour Conversion Completed
INFO:root:2021-07-16-12--40--04 Sleep Check Completed
INFO:root:2021-07-16-12--40--04 Frame manipulations completed
INFO:root:2021-07-16-12--40--04 Bounding Box Drawn
INFO:root:2021-07-16-12--40--04 MovingFrameQueue Popped
INFO:root:2021-07-16-12--40--04 anomallyFrameTracker resetted to 200
INFO:root:2021-07-16-12--40--04 anomallyFrameTracker resetted to 200
INFO:root:2021-07-16-12--40--04 anomallyFrameTracker resetted to 200
INFO:root:2021-07-16-12--40--04 Colour Conversion Completed
INFO:root:2021-07-16-12--40--05 Sleep Check Completed
INFO:root:2021-07-16-12--40--05 Frame manipulations completed
INFO:root:2021-07-16-12--40--05 Bounding Box Drawn
INFO:root:2021-07-16-12--40--05 MovingFrameQueue Appended
INFO:root:2021-07-16-12--40--05 anomallyFrameTracker resetted to 200
INFO:root:2021-07-16-12--40--05 anomallyFrameTracker resetted to 200
INFO:root:2021-07-16-12--40--05 anomallyFrameTracker resetted to 200
INFO:root:2021-07-16-12--40--05 Colour Conversion Completed
INFO:root:2021-07-16-12--40--05 Sleep Check Completed
INFO:root:2021-07-16-12--40--05 Frame manipulations completed
INFO:root:2021-07-16-12--40--05 Bounding Box Drawn
INFO:root:2021-07-16-12--40--05 MovingFrameQueue Popped
INFO:root:2021-07-16-12--40--05 anomallyFrameTracker resetted to 200
INFO:root:2021-07-16-12--40--05 anomallyFrameTracker resetted to 200
INFO:root:2021-07-16-12--40--05 anomallyFrameTracker resetted to 200
INFO:root:2021-07-16-12--40--05 Colour Conversion Completed
INFO:root:2021-07-16-12--40--05 Sleep Check Completed
INFO:root:2021-07-16-12--40--05 Frame manipulations completed
INFO:root:2021-07-16-12--40--05 Bounding Box Drawn
INFO:root:2021-07-16-12--40--05 MovingFrameQueue Appended
INFO:root:2021-07-16-12--40--05 anomallyFrameTracker resetted to 200
INFO:root:2021-07-16-12--40--05 anomallyFrameTracker resetted to 200
INFO:root:2021-07-16-12--40--05 anomallyFrameTracker resetted to 200
INFO:root:2021-07-16-12--40--05 Colour Conversion Completed
INFO:root:2021-07-16-12--40--05 Sleep Check Completed
INFO:root:2021-07-16-12--40--05 Frame manipulations completed
INFO:root:2021-07-16-12--40--05 Bounding Box Drawn
INFO:root:2021-07-16-12--40--05 MovingFrameQueue Popped
INFO:root:2021-07-16-12--40--05 anomallyFrameTracker resetted to 200
INFO:root:2021-07-16-12--40--05 anomallyFrameTracker resetted to 200
INFO:root:2021-07-16-12--40--05 anomallyFrameTracker resetted to 200
INFO:root:2021-07-16-12--40--05 Colour Conversion Completed
INFO:root:2021-07-16-12--40--05 Sleep Check Completed
INFO:root:2021-07-16-12--40--05 Frame manipulations completed
INFO:root:2021-07-16-12--40--05 Bounding Box Drawn
INFO:root:2021-07-16-12--40--05 MovingFrameQueue Appended
INFO:root:2021-07-16-12--40--05 anomallyFrameTracker resetted to 200
INFO:root:2021-07-16-12--40--05 anomallyFrameTracker resetted to 200
INFO:root:2021-07-16-12--40--05 anomallyFrameTracker resetted to 200
INFO:root:2021-07-16-12--40--05 Colour Conversion Completed
INFO:root:2021-07-16-12--40--05 Sleep Check Completed
INFO:root:2021-07-16-12--40--05 Frame manipulations completed
INFO:root:2021-07-16-12--40--05 Bounding Box Drawn
INFO:root:2021-07-16-12--40--05 MovingFrameQueue Popped
INFO:root:2021-07-16-12--40--05 anomallyFrameTracker resetted to 200
INFO:root:2021-07-16-12--40--05 anomallyFrameTracker resetted to 200
INFO:root:2021-07-16-12--40--05 anomallyFrameTracker resetted to 200
INFO:root:2021-07-16-12--40--05 Colour Conversion Completed
INFO:root:2021-07-16-12--40--05 Sleep Check Completed
INFO:root:2021-07-16-12--40--05 Frame manipulations completed
INFO:root:2021-07-16-12--40--05 Bounding Box Drawn
INFO:root:2021-07-16-12--40--05 MovingFrameQueue Appended
INFO:root:2021-07-16-12--40--05 anomallyFrameTracker resetted to 200
INFO:root:2021-07-16-12--40--05 anomallyFrameTracker resetted to 200
INFO:root:2021-07-16-12--40--05 anomallyFrameTracker resetted to 200
INFO:root:2021-07-16-12--40--05 Colour Conversion Completed
INFO:root:2021-07-16-12--40--05 Sleep Check Completed
INFO:root:2021-07-16-12--40--05 Frame manipulations completed
INFO:root:2021-07-16-12--40--05 Bounding Box Drawn
INFO:root:2021-07-16-12--40--05 MovingFrameQueue Popped
INFO:root:2021-07-16-12--40--05 anomallyFrameTracker resetted to 200
INFO:root:2021-07-16-12--40--05 anomallyFrameTracker resetted to 200
INFO:root:2021-07-16-12--40--05 anomallyFrameTracker resetted to 200
INFO:root:2021-07-16-12--40--05 Colour Conversion Completed
INFO:root:2021-07-16-12--40--06 Sleep Check Completed
INFO:root:2021-07-16-12--40--06 Frame manipulations completed
INFO:root:2021-07-16-12--40--06 Bounding Box Drawn
INFO:root:2021-07-16-12--40--06 MovingFrameQueue Appended
INFO:root:2021-07-16-12--40--06 anomallyFrameTracker resetted to 200
INFO:root:2021-07-16-12--40--06 anomallyFrameTracker resetted to 200
INFO:root:2021-07-16-12--40--06 anomallyFrameTracker resetted to 200
INFO:root:2021-07-16-12--40--06 Colour Conversion Completed
INFO:root:2021-07-16-12--40--06 Sleep Check Completed
INFO:root:2021-07-16-12--40--06 Frame manipulations completed
INFO:root:2021-07-16-12--40--06 Bounding Box Drawn
INFO:root:2021-07-16-12--40--06 MovingFrameQueue Popped
INFO:root:2021-07-16-12--40--06 anomallyFrameTracker resetted to 200
INFO:root:2021-07-16-12--40--06 anomallyFrameTracker resetted to 200
INFO:root:2021-07-16-12--40--06 anomallyFrameTracker resetted to 200
INFO:root:2021-07-16-12--40--06 Colour Conversion Completed
INFO:root:2021-07-16-12--40--06 Sleep Check Completed
INFO:root:2021-07-16-12--40--06 Frame manipulations completed
INFO:root:2021-07-16-12--40--06 Bounding Box Drawn
INFO:root:2021-07-16-12--40--06 MovingFrameQueue Appended
INFO:root:2021-07-16-12--40--06 anomallyFrameTracker resetted to 200
INFO:root:2021-07-16-12--40--06 anomallyFrameTracker resetted to 200
INFO:root:2021-07-16-12--40--06 anomallyFrameTracker resetted to 200
INFO:root:2021-07-16-12--40--06 Colour Conversion Completed
INFO:root:2021-07-16-12--40--06 Sleep Check Completed
INFO:root:2021-07-16-12--40--06 Frame manipulations completed
INFO:root:2021-07-16-12--40--06 Bounding Box Drawn
INFO:root:2021-07-16-12--40--06 MovingFrameQueue Popped
INFO:root:2021-07-16-12--40--06 anomallyFrameTracker resetted to 200
INFO:root:2021-07-16-12--40--06 anomallyFrameTracker resetted to 200
INFO:root:2021-07-16-12--40--06 anomallyFrameTracker resetted to 200
INFO:root:2021-07-16-12--40--06 Colour Conversion Completed
INFO:root:2021-07-16-12--40--06 Sleep Check Completed
INFO:root:2021-07-16-12--40--06 Frame manipulations completed
INFO:root:2021-07-16-12--40--06 Bounding Box Drawn
INFO:root:2021-07-16-12--40--06 MovingFrameQueue Appended
INFO:root:2021-07-16-12--40--06 anomallyFrameTracker resetted to 200
INFO:root:2021-07-16-12--40--06 anomallyFrameTracker resetted to 200
INFO:root:2021-07-16-12--40--06 anomallyFrameTracker resetted to 200
INFO:root:2021-07-16-12--40--06 Colour Conversion Completed
INFO:root:2021-07-16-12--40--06 Sleep Check Completed
INFO:root:2021-07-16-12--40--06 Frame manipulations completed
INFO:root:2021-07-16-12--40--06 Bounding Box Drawn
INFO:root:2021-07-16-12--40--06 MovingFrameQueue Popped
INFO:root:2021-07-16-12--40--06 anomallyFrameTracker resetted to 200
INFO:root:2021-07-16-12--40--06 anomallyFrameTracker resetted to 200
INFO:root:2021-07-16-12--40--06 anomallyFrameTracker resetted to 200
INFO:root:2021-07-16-12--40--06 Colour Conversion Completed
INFO:root:2021-07-16-12--40--06 Sleep Check Completed
INFO:root:2021-07-16-12--40--06 Frame manipulations completed
INFO:root:2021-07-16-12--40--06 Bounding Box Drawn
INFO:root:2021-07-16-12--40--06 MovingFrameQueue Appended
INFO:root:2021-07-16-12--40--06 anomallyFrameTracker resetted to 200
INFO:root:2021-07-16-12--40--06 anomallyFrameTracker resetted to 200
INFO:root:2021-07-16-12--40--06 anomallyFrameTracker resetted to 200
INFO:root:2021-07-16-12--40--06 Colour Conversion Completed
INFO:root:2021-07-16-12--40--06 Sleep Check Completed
INFO:root:2021-07-16-12--40--06 Frame manipulations completed
INFO:root:2021-07-16-12--40--06 Bounding Box Drawn
INFO:root:2021-07-16-12--40--06 MovingFrameQueue Popped
INFO:root:2021-07-16-12--40--06 anomallyFrameTracker resetted to 200
INFO:root:2021-07-16-12--40--06 anomallyFrameTracker resetted to 200
INFO:root:2021-07-16-12--40--06 anomallyFrameTracker resetted to 200
INFO:root:2021-07-16-12--40--06 Colour Conversion Completed
INFO:root:2021-07-16-12--40--06 Sleep Check Completed
INFO:root:2021-07-16-12--40--06 Frame manipulations completed
INFO:root:2021-07-16-12--40--06 Bounding Box Drawn
INFO:root:2021-07-16-12--40--06 MovingFrameQueue Appended
INFO:root:2021-07-16-12--40--06 anomallyFrameTracker resetted to 200
INFO:root:2021-07-16-12--40--06 anomallyFrameTracker resetted to 200
INFO:root:2021-07-16-12--40--06 anomallyFrameTracker resetted to 200
INFO:root:2021-07-16-12--40--07 Colour Conversion Completed
INFO:root:2021-07-16-12--40--07 Sleep Check Completed
INFO:root:2021-07-16-12--40--07 Frame manipulations completed
INFO:root:2021-07-16-12--40--07 Bounding Box Drawn
INFO:root:2021-07-16-12--40--07 MovingFrameQueue Popped
INFO:root:2021-07-16-12--40--07 anomallyFrameTracker resetted to 200
INFO:root:2021-07-16-12--40--07 anomallyFrameTracker resetted to 200
INFO:root:2021-07-16-12--40--07 anomallyFrameTracker resetted to 200
INFO:root:2021-07-16-12--40--07 Colour Conversion Completed
INFO:root:2021-07-16-12--40--07 Sleep Check Completed
INFO:root:2021-07-16-12--40--07 Frame manipulations completed
INFO:root:2021-07-16-12--40--07 Bounding Box Drawn
INFO:root:2021-07-16-12--40--07 MovingFrameQueue Appended
INFO:root:2021-07-16-12--40--07 anomallyFrameTracker resetted to 200
INFO:root:2021-07-16-12--40--07 anomallyFrameTracker resetted to 200
INFO:root:2021-07-16-12--40--07 anomallyFrameTracker resetted to 200
INFO:root:2021-07-16-12--40--07 Colour Conversion Completed
INFO:root:2021-07-16-12--40--07 Sleep Check Completed
INFO:root:2021-07-16-12--40--07 Frame manipulations completed
INFO:root:2021-07-16-12--40--07 Bounding Box Drawn
INFO:root:2021-07-16-12--40--07 MovingFrameQueue Popped
INFO:root:2021-07-16-12--40--07 anomallyFrameTracker resetted to 200
INFO:root:2021-07-16-12--40--07 anomallyFrameTracker resetted to 200
INFO:root:2021-07-16-12--40--07 anomallyFrameTracker resetted to 200
INFO:root:2021-07-16-12--40--07 Colour Conversion Completed
INFO:root:2021-07-16-12--40--07 Sleep Check Completed
INFO:root:2021-07-16-12--40--07 Frame manipulations completed
INFO:root:2021-07-16-12--40--07 Bounding Box Drawn
INFO:root:2021-07-16-12--40--07 MovingFrameQueue Appended
INFO:root:2021-07-16-12--40--07 anomallyFrameTracker resetted to 200
INFO:root:2021-07-16-12--40--07 anomallyFrameTracker resetted to 200
INFO:root:2021-07-16-12--40--07 anomallyFrameTracker resetted to 200
INFO:root:2021-07-16-12--40--07 Colour Conversion Completed
INFO:root:2021-07-16-12--40--07 Sleep Check Completed
INFO:root:2021-07-16-12--40--07 Frame manipulations completed
INFO:root:2021-07-16-12--40--07 Bounding Box Drawn
INFO:root:2021-07-16-12--40--07 MovingFrameQueue Popped
INFO:root:2021-07-16-12--40--07 anomallyFrameTracker resetted to 200
INFO:root:2021-07-16-12--40--07 anomallyFrameTracker resetted to 200
INFO:root:2021-07-16-12--40--07 anomallyFrameTracker resetted to 200
INFO:root:2021-07-16-12--40--07 Colour Conversion Completed
INFO:root:2021-07-16-12--40--07 Sleep Check Completed
INFO:root:2021-07-16-12--40--07 Frame manipulations completed
INFO:root:2021-07-16-12--40--07 Bounding Box Drawn
INFO:root:2021-07-16-12--40--07 MovingFrameQueue Appended
INFO:root:2021-07-16-12--40--07 anomallyFrameTracker resetted to 200
INFO:root:2021-07-16-12--40--07 anomallyFrameTracker resetted to 200
INFO:root:2021-07-16-12--40--07 anomallyFrameTracker resetted to 200
INFO:root:2021-07-16-12--40--07 Colour Conversion Completed
INFO:root:2021-07-16-12--40--07 Sleep Check Completed
INFO:root:2021-07-16-12--40--07 Frame manipulations completed
INFO:root:2021-07-16-12--40--07 Bounding Box Drawn
INFO:root:2021-07-16-12--40--07 MovingFrameQueue Popped
INFO:root:2021-07-16-12--40--07 anomallyFrameTracker resetted to 200
INFO:root:2021-07-16-12--40--07 anomallyFrameTracker resetted to 200
INFO:root:2021-07-16-12--40--07 anomallyFrameTracker resetted to 200
INFO:root:2021-07-16-12--40--07 Colour Conversion Completed
INFO:root:2021-07-16-12--40--07 Sleep Check Completed
INFO:root:2021-07-16-12--40--07 Frame manipulations completed
INFO:root:2021-07-16-12--40--07 Bounding Box Drawn
INFO:root:2021-07-16-12--40--07 MovingFrameQueue Appended
INFO:root:2021-07-16-12--40--07 anomallyFrameTracker resetted to 200
INFO:root:2021-07-16-12--40--07 anomallyFrameTracker resetted to 200
INFO:root:2021-07-16-12--40--07 anomallyFrameTracker resetted to 200
INFO:root:2021-07-16-12--40--07 Colour Conversion Completed
INFO:root:2021-07-16-12--40--07 Sleep Check Completed
INFO:root:2021-07-16-12--40--07 Frame manipulations completed
INFO:root:2021-07-16-12--40--07 Bounding Box Drawn
INFO:root:2021-07-16-12--40--07 MovingFrameQueue Popped
INFO:root:2021-07-16-12--40--07 anomallyFrameTracker resetted to 200
INFO:root:2021-07-16-12--40--07 anomallyFrameTracker resetted to 200
INFO:root:2021-07-16-12--40--07 anomallyFrameTracker resetted to 200
INFO:root:2021-07-16-12--40--08 Colour Conversion Completed
INFO:root:2021-07-16-12--40--08 Sleep Check Completed
INFO:root:2021-07-16-12--40--08 Frame manipulations completed
INFO:root:2021-07-16-12--40--08 Bounding Box Drawn
INFO:root:2021-07-16-12--40--08 MovingFrameQueue Appended
INFO:root:2021-07-16-12--40--08 anomallyFrameTracker resetted to 200
INFO:root:2021-07-16-12--40--08 anomallyFrameTracker resetted to 200
INFO:root:2021-07-16-12--40--08 anomallyFrameTracker resetted to 200
INFO:root:2021-07-16-12--40--08 Colour Conversion Completed
INFO:root:2021-07-16-12--40--08 Sleep Check Completed
INFO:root:2021-07-16-12--40--08 Frame manipulations completed
INFO:root:2021-07-16-12--40--08 Bounding Box Drawn
INFO:root:2021-07-16-12--40--08 MovingFrameQueue Popped
INFO:root:2021-07-16-12--40--08 anomallyFrameTracker resetted to 200
INFO:root:2021-07-16-12--40--08 anomallyFrameTracker resetted to 200
INFO:root:2021-07-16-12--40--08 anomallyFrameTracker resetted to 200
INFO:root:2021-07-16-12--40--08 Colour Conversion Completed
INFO:root:2021-07-16-12--40--08 Sleep Check Completed
INFO:root:2021-07-16-12--40--08 Frame manipulations completed
INFO:root:2021-07-16-12--40--08 Bounding Box Drawn
INFO:root:2021-07-16-12--40--08 MovingFrameQueue Appended
INFO:root:2021-07-16-12--40--08 anomallyFrameTracker resetted to 200
INFO:root:2021-07-16-12--40--08 anomallyFrameTracker resetted to 200
INFO:root:2021-07-16-12--40--08 anomallyFrameTracker resetted to 200
INFO:root:2021-07-16-12--40--08 Colour Conversion Completed
INFO:root:2021-07-16-12--40--08 Sleep Check Completed
INFO:root:2021-07-16-12--40--08 Frame manipulations completed
INFO:root:2021-07-16-12--40--08 Bounding Box Drawn
INFO:root:2021-07-16-12--40--08 MovingFrameQueue Popped
INFO:root:2021-07-16-12--40--08 anomallyFrameTracker resetted to 200
INFO:root:2021-07-16-12--40--08 anomallyFrameTracker resetted to 200
INFO:root:2021-07-16-12--40--08 anomallyFrameTracker resetted to 200
INFO:root:2021-07-16-12--40--08 Colour Conversion Completed
INFO:root:2021-07-16-12--40--08 Sleep Check Completed
INFO:root:2021-07-16-12--40--08 Frame manipulations completed
INFO:root:2021-07-16-12--40--08 Bounding Box Drawn
INFO:root:2021-07-16-12--40--08 MovingFrameQueue Appended
INFO:root:2021-07-16-12--40--08 anomallyFrameTracker resetted to 200
INFO:root:2021-07-16-12--40--08 anomallyFrameTracker resetted to 200
INFO:root:2021-07-16-12--40--08 anomallyFrameTracker resetted to 200
INFO:root:2021-07-16-12--40--08 Colour Conversion Completed
INFO:root:2021-07-16-12--40--08 Sleep Check Completed
INFO:root:2021-07-16-12--40--08 Frame manipulations completed
INFO:root:2021-07-16-12--40--08 Bounding Box Drawn
INFO:root:2021-07-16-12--40--08 MovingFrameQueue Popped
INFO:root:2021-07-16-12--40--08 anomallyFrameTracker resetted to 200
INFO:root:2021-07-16-12--40--08 anomallyFrameTracker resetted to 200
INFO:root:2021-07-16-12--40--08 anomallyFrameTracker resetted to 200
INFO:root:2021-07-16-12--40--08 Colour Conversion Completed
INFO:root:2021-07-16-12--40--08 Sleep Check Completed
INFO:root:2021-07-16-12--40--08 Frame manipulations completed
INFO:root:2021-07-16-12--40--08 Bounding Box Drawn
INFO:root:2021-07-16-12--40--08 MovingFrameQueue Appended
INFO:root:2021-07-16-12--40--08 anomallyFrameTracker resetted to 200
INFO:root:2021-07-16-12--40--08 anomallyFrameTracker resetted to 200
INFO:root:2021-07-16-12--40--08 anomallyFrameTracker resetted to 200
INFO:root:2021-07-16-12--40--08 Colour Conversion Completed
INFO:root:2021-07-16-12--40--08 Sleep Check Completed
INFO:root:2021-07-16-12--40--08 Frame manipulations completed
INFO:root:2021-07-16-12--40--08 Bounding Box Drawn
INFO:root:2021-07-16-12--40--08 MovingFrameQueue Popped
INFO:root:2021-07-16-12--40--08 anomallyFrameTracker resetted to 200
INFO:root:2021-07-16-12--40--08 anomallyFrameTracker resetted to 200
INFO:root:2021-07-16-12--40--08 anomallyFrameTracker resetted to 200
INFO:root:2021-07-16-12--40--08 Colour Conversion Completed
INFO:root:2021-07-16-12--40--08 Sleep Check Completed
INFO:root:2021-07-16-12--40--08 Frame manipulations completed
INFO:root:2021-07-16-12--40--08 Bounding Box Drawn
INFO:root:2021-07-16-12--40--08 MovingFrameQueue Appended
INFO:root:2021-07-16-12--40--08 anomallyFrameTracker resetted to 200
INFO:root:2021-07-16-12--40--08 anomallyFrameTracker resetted to 200
INFO:root:2021-07-16-12--40--08 anomallyFrameTracker resetted to 200
INFO:root:2021-07-16-12--40--09 Colour Conversion Completed
INFO:root:2021-07-16-12--40--09 Sleep Check Completed
INFO:root:2021-07-16-12--40--09 Frame manipulations completed
INFO:root:2021-07-16-12--40--09 Bounding Box Drawn
INFO:root:2021-07-16-12--40--09 MovingFrameQueue Popped
INFO:root:2021-07-16-12--40--09 anomallyFrameTracker resetted to 200
INFO:root:2021-07-16-12--40--09 anomallyFrameTracker resetted to 200
INFO:root:2021-07-16-12--40--09 anomallyFrameTracker resetted to 200
INFO:root:2021-07-16-12--40--09 Colour Conversion Completed
INFO:root:2021-07-16-12--40--09 Sleep Check Completed
INFO:root:2021-07-16-12--40--09 Frame manipulations completed
INFO:root:2021-07-16-12--40--09 Bounding Box Drawn
INFO:root:2021-07-16-12--40--09 MovingFrameQueue Appended
INFO:root:2021-07-16-12--40--09 anomallyFrameTracker resetted to 200
INFO:root:2021-07-16-12--40--09 anomallyFrameTracker resetted to 200
INFO:root:2021-07-16-12--40--09 anomallyFrameTracker resetted to 200
INFO:root:2021-07-16-12--40--09 Colour Conversion Completed
INFO:root:2021-07-16-12--40--09 Sleep Check Completed
INFO:root:2021-07-16-12--40--09 Frame manipulations completed
INFO:root:2021-07-16-12--40--09 Bounding Box Drawn
INFO:root:2021-07-16-12--40--09 MovingFrameQueue Popped
INFO:root:2021-07-16-12--40--09 anomallyFrameTracker resetted to 200
INFO:root:2021-07-16-12--40--09 anomallyFrameTracker resetted to 200
INFO:root:2021-07-16-12--40--09 anomallyFrameTracker resetted to 200
INFO:root:2021-07-16-12--40--09 Colour Conversion Completed
INFO:root:2021-07-16-12--40--09 Sleep Check Completed
INFO:root:2021-07-16-12--40--09 Frame manipulations completed
INFO:root:2021-07-16-12--40--09 Bounding Box Drawn
INFO:root:2021-07-16-12--40--09 MovingFrameQueue Appended
INFO:root:2021-07-16-12--40--09 anomallyFrameTracker resetted to 200
INFO:root:2021-07-16-12--40--09 anomallyFrameTracker resetted to 200
INFO:root:2021-07-16-12--40--09 anomallyFrameTracker resetted to 200
INFO:root:2021-07-16-12--40--09 Colour Conversion Completed
INFO:root:2021-07-16-12--40--09 Sleep Check Completed
INFO:root:2021-07-16-12--40--09 Frame manipulations completed
INFO:root:2021-07-16-12--40--09 Bounding Box Drawn
INFO:root:2021-07-16-12--40--09 MovingFrameQueue Popped
INFO:root:2021-07-16-12--40--09 anomallyFrameTracker resetted to 200
INFO:root:2021-07-16-12--40--09 anomallyFrameTracker resetted to 200
INFO:root:2021-07-16-12--40--09 anomallyFrameTracker resetted to 200
INFO:root:2021-07-16-12--40--09 Colour Conversion Completed
INFO:root:2021-07-16-12--40--09 Sleep Check Completed
INFO:root:2021-07-16-12--40--09 Frame manipulations completed
INFO:root:2021-07-16-12--40--09 Bounding Box Drawn
INFO:root:2021-07-16-12--40--09 MovingFrameQueue Appended
INFO:root:2021-07-16-12--40--09 anomallyFrameTracker resetted to 200
INFO:root:2021-07-16-12--40--09 anomallyFrameTracker resetted to 200
INFO:root:2021-07-16-12--40--09 anomallyFrameTracker resetted to 200
INFO:root:2021-07-16-12--40--09 Colour Conversion Completed
INFO:root:2021-07-16-12--40--09 Sleep Check Completed
INFO:root:2021-07-16-12--40--09 Frame manipulations completed
INFO:root:2021-07-16-12--40--09 Bounding Box Drawn
INFO:root:2021-07-16-12--40--09 MovingFrameQueue Popped
INFO:root:2021-07-16-12--40--09 anomallyFrameTracker resetted to 200
INFO:root:2021-07-16-12--40--09 anomallyFrameTracker resetted to 200
INFO:root:2021-07-16-12--40--09 anomallyFrameTracker resetted to 200
INFO:root:2021-07-16-12--40--09 Colour Conversion Completed
INFO:root:2021-07-16-12--40--09 Sleep Check Completed
INFO:root:2021-07-16-12--40--09 Frame manipulations completed
INFO:root:2021-07-16-12--40--09 Bounding Box Drawn
INFO:root:2021-07-16-12--40--09 MovingFrameQueue Appended
INFO:root:2021-07-16-12--40--09 anomallyFrameTracker resetted to 200
INFO:root:2021-07-16-12--40--09 anomallyFrameTracker resetted to 200
INFO:root:2021-07-16-12--40--09 anomallyFrameTracker resetted to 200
INFO:root:2021-07-16-12--40--09 Colour Conversion Completed
INFO:root:2021-07-16-12--40--09 Sleep Check Completed
INFO:root:2021-07-16-12--40--09 Frame manipulations completed
INFO:root:2021-07-16-12--40--09 Bounding Box Drawn
INFO:root:2021-07-16-12--40--10 MovingFrameQueue Popped
INFO:root:2021-07-16-12--40--10 anomallyFrameTracker resetted to 200
INFO:root:2021-07-16-12--40--10 anomallyFrameTracker resetted to 200
INFO:root:2021-07-16-12--40--10 anomallyFrameTracker resetted to 200
INFO:root:2021-07-16-12--40--10 Colour Conversion Completed
INFO:root:2021-07-16-12--40--10 Sleep Check Completed
INFO:root:2021-07-16-12--40--10 Frame manipulations completed
INFO:root:2021-07-16-12--40--10 Bounding Box Drawn
INFO:root:2021-07-16-12--40--10 MovingFrameQueue Appended
INFO:root:2021-07-16-12--40--10 anomallyFrameTracker resetted to 200
INFO:root:2021-07-16-12--40--10 anomallyFrameTracker resetted to 200
INFO:root:2021-07-16-12--40--10 anomallyFrameTracker resetted to 200
INFO:root:2021-07-16-12--40--10 Colour Conversion Completed
INFO:root:2021-07-16-12--40--10 Sleep Check Completed
INFO:root:2021-07-16-12--40--10 Frame manipulations completed
INFO:root:2021-07-16-12--40--10 Bounding Box Drawn
INFO:root:2021-07-16-12--40--10 MovingFrameQueue Popped
INFO:root:2021-07-16-12--40--10 anomallyFrameTracker resetted to 200
INFO:root:2021-07-16-12--40--10 anomallyFrameTracker resetted to 200
INFO:root:2021-07-16-12--40--10 anomallyFrameTracker resetted to 200
INFO:root:2021-07-16-12--40--10 Colour Conversion Completed
INFO:root:2021-07-16-12--40--10 Sleep Check Completed
INFO:root:2021-07-16-12--40--10 Frame manipulations completed
INFO:root:2021-07-16-12--40--10 Bounding Box Drawn
INFO:root:2021-07-16-12--40--10 MovingFrameQueue Appended
INFO:root:2021-07-16-12--40--10 anomallyFrameTracker resetted to 200
INFO:root:2021-07-16-12--40--10 anomallyFrameTracker resetted to 200
INFO:root:2021-07-16-12--40--10 anomallyFrameTracker resetted to 200
INFO:root:2021-07-16-12--40--10 Colour Conversion Completed
INFO:root:2021-07-16-12--40--10 Sleep Check Completed
INFO:root:2021-07-16-12--40--10 Frame manipulations completed
INFO:root:2021-07-16-12--40--10 Bounding Box Drawn
INFO:root:2021-07-16-12--40--10 MovingFrameQueue Popped
INFO:root:2021-07-16-12--40--10 anomallyFrameTracker resetted to 200
INFO:root:2021-07-16-12--40--10 anomallyFrameTracker resetted to 200
INFO:root:2021-07-16-12--40--10 anomallyFrameTracker resetted to 200
INFO:root:2021-07-16-12--40--10 Colour Conversion Completed
INFO:root:2021-07-16-12--40--11 Sleep Check Completed
INFO:root:2021-07-16-12--40--11 Frame manipulations completed
INFO:root:2021-07-16-12--40--11 Bounding Box Drawn
INFO:root:2021-07-16-12--40--11 MovingFrameQueue Appended
INFO:root:2021-07-16-12--40--11 anomallyFrameTracker resetted to 200
INFO:root:2021-07-16-12--40--11 anomallyFrameTracker resetted to 200
INFO:root:2021-07-16-12--40--11 anomallyFrameTracker resetted to 200
INFO:root:2021-07-16-12--40--11 Colour Conversion Completed
INFO:root:2021-07-16-12--40--11 Sleep Check Completed
INFO:root:2021-07-16-12--40--11 Frame manipulations completed
INFO:root:2021-07-16-12--40--11 Bounding Box Drawn
INFO:root:2021-07-16-12--40--11 MovingFrameQueue Popped
INFO:root:2021-07-16-12--40--11 anomallyFrameTracker resetted to 200
INFO:root:2021-07-16-12--40--11 anomallyFrameTracker resetted to 200
INFO:root:2021-07-16-12--40--11 anomallyFrameTracker resetted to 200
INFO:root:2021-07-16-12--40--11 Colour Conversion Completed
INFO:root:2021-07-16-12--40--11 Sleep Check Completed
INFO:root:2021-07-16-12--40--11 Frame manipulations completed
INFO:root:2021-07-16-12--40--11 Bounding Box Drawn
INFO:root:2021-07-16-12--40--11 MovingFrameQueue Appended
INFO:root:2021-07-16-12--40--11 anomallyFrameTracker resetted to 200
INFO:root:2021-07-16-12--40--11 anomallyFrameTracker resetted to 200
INFO:root:2021-07-16-12--40--11 anomallyFrameTracker resetted to 200
INFO:root:2021-07-16-12--40--11 Colour Conversion Completed
INFO:root:2021-07-16-12--40--11 Sleep Check Completed
INFO:root:2021-07-16-12--40--11 Frame manipulations completed
INFO:root:2021-07-16-12--40--11 Bounding Box Drawn
INFO:root:2021-07-16-12--40--11 MovingFrameQueue Popped
INFO:root:2021-07-16-12--40--11 anomallyFrameTracker resetted to 200
INFO:root:2021-07-16-12--40--11 anomallyFrameTracker resetted to 200
INFO:root:2021-07-16-12--40--11 anomallyFrameTracker resetted to 200
INFO:root:2021-07-16-12--40--11 Colour Conversion Completed
INFO:root:2021-07-16-12--40--11 Sleep Check Completed
INFO:root:2021-07-16-12--40--11 Frame manipulations completed
INFO:root:2021-07-16-12--40--11 Bounding Box Drawn
INFO:root:2021-07-16-12--40--11 MovingFrameQueue Appended
INFO:root:2021-07-16-12--40--11 anomallyFrameTracker resetted to 200
INFO:root:2021-07-16-12--40--11 anomallyFrameTracker resetted to 200
INFO:root:2021-07-16-12--40--11 anomallyFrameTracker resetted to 200
INFO:root:2021-07-16-12--40--11 Colour Conversion Completed
INFO:root:2021-07-16-12--40--12 Sleep Check Completed
INFO:root:2021-07-16-12--40--12 Frame manipulations completed
INFO:root:2021-07-16-12--40--12 Bounding Box Drawn
INFO:root:2021-07-16-12--40--12 MovingFrameQueue Popped
INFO:root:2021-07-16-12--40--12 anomallyFrameTracker resetted to 200
INFO:root:2021-07-16-12--40--12 anomallyFrameTracker resetted to 200
INFO:root:2021-07-16-12--40--12 anomallyFrameTracker resetted to 200
INFO:root:2021-07-16-12--40--12 Colour Conversion Completed
INFO:root:2021-07-16-12--40--12 Sleep Check Completed
INFO:root:2021-07-16-12--40--12 Frame manipulations completed
INFO:root:2021-07-16-12--40--12 Bounding Box Drawn
INFO:root:2021-07-16-12--40--12 MovingFrameQueue Appended
INFO:root:2021-07-16-12--40--12 anomallyFrameTracker resetted to 200
INFO:root:2021-07-16-12--40--12 anomallyFrameTracker resetted to 200
INFO:root:2021-07-16-12--40--12 anomallyFrameTracker resetted to 200
INFO:root:2021-07-16-12--40--12 Colour Conversion Completed
INFO:root:2021-07-16-12--40--12 Sleep Check Completed
INFO:root:2021-07-16-12--40--12 Frame manipulations completed
INFO:root:2021-07-16-12--40--12 Bounding Box Drawn
INFO:root:2021-07-16-12--40--12 MovingFrameQueue Popped
INFO:root:2021-07-16-12--40--12 anomallyFrameTracker resetted to 200
INFO:root:2021-07-16-12--40--12 anomallyFrameTracker resetted to 200
INFO:root:2021-07-16-12--40--12 anomallyFrameTracker resetted to 200
INFO:root:2021-07-16-12--40--12 Colour Conversion Completed
INFO:root:2021-07-16-12--40--12 Sleep Check Completed
INFO:root:2021-07-16-12--40--12 Frame manipulations completed
INFO:root:2021-07-16-12--40--12 Bounding Box Drawn
INFO:root:2021-07-16-12--40--12 MovingFrameQueue Appended
INFO:root:2021-07-16-12--40--12 anomallyFrameTracker resetted to 200
INFO:root:2021-07-16-12--40--12 anomallyFrameTracker resetted to 200
INFO:root:2021-07-16-12--40--12 anomallyFrameTracker resetted to 200
INFO:root:2021-07-16-12--40--12 Colour Conversion Completed
INFO:root:2021-07-16-12--40--12 Sleep Check Completed
INFO:root:2021-07-16-12--40--12 Frame manipulations completed
INFO:root:2021-07-16-12--40--12 Bounding Box Drawn
INFO:root:2021-07-16-12--40--12 MovingFrameQueue Popped
INFO:root:2021-07-16-12--40--12 anomallyFrameTracker resetted to 200
INFO:root:2021-07-16-12--40--12 anomallyFrameTracker resetted to 200
INFO:root:2021-07-16-12--40--12 anomallyFrameTracker resetted to 200
INFO:root:2021-07-16-12--40--12 Colour Conversion Completed
INFO:root:2021-07-16-12--40--12 Sleep Check Completed
INFO:root:2021-07-16-12--40--12 Frame manipulations completed
INFO:root:2021-07-16-12--40--12 Bounding Box Drawn
INFO:root:2021-07-16-12--40--12 MovingFrameQueue Appended
INFO:root:2021-07-16-12--40--12 anomallyFrameTracker resetted to 200
INFO:root:2021-07-16-12--40--12 anomallyFrameTracker resetted to 200
INFO:root:2021-07-16-12--40--12 anomallyFrameTracker resetted to 200
INFO:root:2021-07-16-12--40--12 Colour Conversion Completed
INFO:root:2021-07-16-12--40--13 Sleep Check Completed
INFO:root:2021-07-16-12--40--13 Frame manipulations completed
INFO:root:2021-07-16-12--40--13 Bounding Box Drawn
INFO:root:2021-07-16-12--40--13 MovingFrameQueue Popped
INFO:root:2021-07-16-12--40--13 anomallyFrameTracker resetted to 200
INFO:root:2021-07-16-12--40--13 anomallyFrameTracker resetted to 200
INFO:root:2021-07-16-12--40--13 anomallyFrameTracker resetted to 200
INFO:root:2021-07-16-12--40--13 Colour Conversion Completed
INFO:root:2021-07-16-12--40--13 Sleep Check Completed
INFO:root:2021-07-16-12--40--13 Frame manipulations completed
INFO:root:2021-07-16-12--40--13 Bounding Box Drawn
INFO:root:2021-07-16-12--40--13 MovingFrameQueue Appended
INFO:root:2021-07-16-12--40--13 anomallyFrameTracker resetted to 200
INFO:root:2021-07-16-12--40--13 anomallyFrameTracker resetted to 200
INFO:root:2021-07-16-12--40--13 anomallyFrameTracker resetted to 200
INFO:root:2021-07-16-12--40--13 Colour Conversion Completed
INFO:root:2021-07-16-12--40--13 Sleep Check Completed
INFO:root:2021-07-16-12--40--13 Frame manipulations completed
INFO:root:2021-07-16-12--40--13 Bounding Box Drawn
INFO:root:2021-07-16-12--40--13 MovingFrameQueue Popped
INFO:root:2021-07-16-12--40--13 anomallyFrameTracker resetted to 200
INFO:root:2021-07-16-12--40--13 anomallyFrameTracker resetted to 200
INFO:root:2021-07-16-12--40--13 anomallyFrameTracker resetted to 200
INFO:root:2021-07-16-12--40--13 Colour Conversion Completed
INFO:root:2021-07-16-12--40--13 Sleep Check Completed
INFO:root:2021-07-16-12--40--13 Frame manipulations completed
INFO:root:2021-07-16-12--40--13 Bounding Box Drawn
INFO:root:2021-07-16-12--40--13 MovingFrameQueue Appended
INFO:root:2021-07-16-12--40--13 anomallyFrameTracker resetted to 200
INFO:root:2021-07-16-12--40--13 anomallyFrameTracker resetted to 200
INFO:root:2021-07-16-12--40--13 anomallyFrameTracker resetted to 200
INFO:root:2021-07-16-12--40--13 Colour Conversion Completed
INFO:root:2021-07-16-12--40--13 Sleep Check Completed
INFO:root:2021-07-16-12--40--13 Frame manipulations completed
INFO:root:2021-07-16-12--40--13 Bounding Box Drawn
INFO:root:2021-07-16-12--40--13 MovingFrameQueue Popped
INFO:root:2021-07-16-12--40--13 anomallyFrameTracker resetted to 200
INFO:root:2021-07-16-12--40--13 anomallyFrameTracker resetted to 200
INFO:root:2021-07-16-12--40--13 anomallyFrameTracker resetted to 200
INFO:root:2021-07-16-12--40--13 Colour Conversion Completed
INFO:root:2021-07-16-12--40--13 Sleep Check Completed
INFO:root:2021-07-16-12--40--13 Frame manipulations completed
INFO:root:2021-07-16-12--40--13 Bounding Box Drawn
INFO:root:2021-07-16-12--40--13 MovingFrameQueue Appended
INFO:root:2021-07-16-12--40--13 anomallyFrameTracker resetted to 200
INFO:root:2021-07-16-12--40--13 anomallyFrameTracker resetted to 200
INFO:root:2021-07-16-12--40--13 anomallyFrameTracker resetted to 200
INFO:root:2021-07-16-12--40--13 Colour Conversion Completed
INFO:root:2021-07-16-12--40--14 Sleep Check Completed
INFO:root:2021-07-16-12--40--14 Frame manipulations completed
INFO:root:2021-07-16-12--40--14 Bounding Box Drawn
INFO:root:2021-07-16-12--40--14 MovingFrameQueue Popped
INFO:root:2021-07-16-12--40--14 anomallyFrameTracker resetted to 200
INFO:root:2021-07-16-12--40--14 anomallyFrameTracker resetted to 200
INFO:root:2021-07-16-12--40--14 anomallyFrameTracker resetted to 200
INFO:root:2021-07-16-12--40--14 Colour Conversion Completed
INFO:root:2021-07-16-12--40--14 Sleep Check Completed
INFO:root:2021-07-16-12--40--14 Frame manipulations completed
INFO:root:2021-07-16-12--40--14 Bounding Box Drawn
INFO:root:2021-07-16-12--40--14 MovingFrameQueue Appended
INFO:root:2021-07-16-12--40--14 anomallyFrameTracker resetted to 200
INFO:root:2021-07-16-12--40--14 anomallyFrameTracker resetted to 200
INFO:root:2021-07-16-12--40--14 anomallyFrameTracker resetted to 200
INFO:root:2021-07-16-12--40--14 Colour Conversion Completed
INFO:root:2021-07-16-12--40--14 Sleep Check Completed
INFO:root:2021-07-16-12--40--14 Frame manipulations completed
INFO:root:2021-07-16-12--40--14 Bounding Box Drawn
INFO:root:2021-07-16-12--40--14 MovingFrameQueue Popped
INFO:root:2021-07-16-12--40--14 anomallyFrameTracker resetted to 200
INFO:root:2021-07-16-12--40--14 anomallyFrameTracker resetted to 200
INFO:root:2021-07-16-12--40--14 anomallyFrameTracker resetted to 200
INFO:root:2021-07-16-12--40--14 Colour Conversion Completed
INFO:root:2021-07-16-12--40--14 Sleep Check Completed
INFO:root:2021-07-16-12--40--14 Frame manipulations completed
INFO:root:2021-07-16-12--40--14 Bounding Box Drawn
INFO:root:2021-07-16-12--40--14 MovingFrameQueue Appended
INFO:root:2021-07-16-12--40--14 anomallyFrameTracker resetted to 200
INFO:root:2021-07-16-12--40--14 anomallyFrameTracker resetted to 200
INFO:root:2021-07-16-12--40--14 anomallyFrameTracker resetted to 200
INFO:root:2021-07-16-12--40--14 Colour Conversion Completed
INFO:root:2021-07-16-12--40--14 Sleep Check Completed
INFO:root:2021-07-16-12--40--14 Frame manipulations completed
INFO:root:2021-07-16-12--40--14 Bounding Box Drawn
INFO:root:2021-07-16-12--40--14 MovingFrameQueue Popped
INFO:root:2021-07-16-12--40--14 anomallyFrameTracker resetted to 200
INFO:root:2021-07-16-12--40--14 anomallyFrameTracker resetted to 200
INFO:root:2021-07-16-12--40--14 anomallyFrameTracker resetted to 200
INFO:root:2021-07-16-12--40--14 Colour Conversion Completed
INFO:root:2021-07-16-12--40--15 Sleep Check Completed
INFO:root:2021-07-16-12--40--15 Frame manipulations completed
INFO:root:2021-07-16-12--40--15 Bounding Box Drawn
INFO:root:2021-07-16-12--40--15 MovingFrameQueue Appended
INFO:root:2021-07-16-12--40--15 anomallyFrameTracker resetted to 200
INFO:root:2021-07-16-12--40--15 anomallyFrameTracker resetted to 200
INFO:root:2021-07-16-12--40--15 anomallyFrameTracker resetted to 200
INFO:root:2021-07-16-12--40--15 Colour Conversion Completed
INFO:root:2021-07-16-12--40--15 Sleep Check Completed
INFO:root:2021-07-16-12--40--15 Frame manipulations completed
INFO:root:2021-07-16-12--40--15 Bounding Box Drawn
INFO:root:2021-07-16-12--40--15 MovingFrameQueue Popped
INFO:root:2021-07-16-12--40--15 anomallyFrameTracker resetted to 200
INFO:root:2021-07-16-12--40--15 anomallyFrameTracker resetted to 200
INFO:root:2021-07-16-12--40--15 anomallyFrameTracker resetted to 200
INFO:root:2021-07-16-12--40--15 Colour Conversion Completed
INFO:root:2021-07-16-12--40--15 Sleep Check Completed
INFO:root:2021-07-16-12--40--15 Frame manipulations completed
INFO:root:2021-07-16-12--40--15 Bounding Box Drawn
INFO:root:2021-07-16-12--40--15 MovingFrameQueue Appended
INFO:root:2021-07-16-12--40--15 anomallyFrameTracker resetted to 200
INFO:root:2021-07-16-12--40--15 anomallyFrameTracker resetted to 200
INFO:root:2021-07-16-12--40--15 anomallyFrameTracker resetted to 200
INFO:root:2021-07-16-12--40--15 Colour Conversion Completed
INFO:root:2021-07-16-12--40--15 Sleep Check Completed
INFO:root:2021-07-16-12--40--15 Frame manipulations completed
INFO:root:2021-07-16-12--40--15 Bounding Box Drawn
INFO:root:2021-07-16-12--40--15 MovingFrameQueue Popped
INFO:root:2021-07-16-12--40--15 anomallyFrameTracker resetted to 200
INFO:root:2021-07-16-12--40--15 anomallyFrameTracker resetted to 200
INFO:root:2021-07-16-12--40--15 anomallyFrameTracker resetted to 200
INFO:root:2021-07-16-12--40--15 Colour Conversion Completed
INFO:root:2021-07-16-12--40--15 Sleep Check Completed
INFO:root:2021-07-16-12--40--15 Frame manipulations completed
INFO:root:2021-07-16-12--40--15 Bounding Box Drawn
INFO:root:2021-07-16-12--40--15 MovingFrameQueue Appended
INFO:root:2021-07-16-12--40--15 anomallyFrameTracker resetted to 200
INFO:root:2021-07-16-12--40--15 anomallyFrameTracker resetted to 200
INFO:root:2021-07-16-12--40--15 anomallyFrameTracker resetted to 200
INFO:root:2021-07-16-12--40--15 Colour Conversion Completed
INFO:root:2021-07-16-12--40--15 Sleep Check Completed
INFO:root:2021-07-16-12--40--15 Frame manipulations completed
INFO:root:2021-07-16-12--40--15 Bounding Box Drawn
INFO:root:2021-07-16-12--40--15 MovingFrameQueue Popped
INFO:root:2021-07-16-12--40--15 anomallyFrameTracker resetted to 200
INFO:root:2021-07-16-12--40--15 anomallyFrameTracker resetted to 200
INFO:root:2021-07-16-12--40--15 anomallyFrameTracker resetted to 200
INFO:root:2021-07-16-12--40--15 Colour Conversion Completed
INFO:root:2021-07-16-12--40--16 Sleep Check Completed
INFO:root:2021-07-16-12--40--16 Frame manipulations completed
INFO:root:2021-07-16-12--40--16 Bounding Box Drawn
INFO:root:2021-07-16-12--40--16 MovingFrameQueue Appended
INFO:root:2021-07-16-12--40--16 anomallyFrameTracker resetted to 200
INFO:root:2021-07-16-12--40--16 anomallyFrameTracker resetted to 200
INFO:root:2021-07-16-12--40--16 anomallyFrameTracker resetted to 200
INFO:root:2021-07-16-12--40--16 Colour Conversion Completed
INFO:root:2021-07-16-12--40--16 Sleep Check Completed
INFO:root:2021-07-16-12--40--16 Frame manipulations completed
INFO:root:2021-07-16-12--40--16 Bounding Box Drawn
INFO:root:2021-07-16-12--40--16 MovingFrameQueue Popped
INFO:root:2021-07-16-12--40--16 anomallyFrameTracker resetted to 200
INFO:root:2021-07-16-12--40--16 anomallyFrameTracker resetted to 200
INFO:root:2021-07-16-12--40--16 anomallyFrameTracker resetted to 200
INFO:root:2021-07-16-12--40--16 Colour Conversion Completed
INFO:root:2021-07-16-12--40--16 Sleep Check Completed
INFO:root:2021-07-16-12--40--16 Frame manipulations completed
INFO:root:2021-07-16-12--40--16 Bounding Box Drawn
INFO:root:2021-07-16-12--40--16 MovingFrameQueue Appended
INFO:root:2021-07-16-12--40--16 anomallyFrameTracker resetted to 200
INFO:root:2021-07-16-12--40--16 anomallyFrameTracker resetted to 200
INFO:root:2021-07-16-12--40--16 anomallyFrameTracker resetted to 200
INFO:root:2021-07-16-12--40--16 Colour Conversion Completed
INFO:root:2021-07-16-12--40--16 Sleep Check Completed
INFO:root:2021-07-16-12--40--16 Frame manipulations completed
INFO:root:2021-07-16-12--40--16 Bounding Box Drawn
INFO:root:2021-07-16-12--40--16 MovingFrameQueue Popped
INFO:root:2021-07-16-12--40--16 anomallyFrameTracker resetted to 200
INFO:root:2021-07-16-12--40--16 anomallyFrameTracker resetted to 200
INFO:root:2021-07-16-12--40--16 anomallyFrameTracker resetted to 200
INFO:root:2021-07-16-12--40--16 Colour Conversion Completed
INFO:root:2021-07-16-12--40--16 Sleep Check Completed
INFO:root:2021-07-16-12--40--16 Frame manipulations completed
INFO:root:2021-07-16-12--40--16 Bounding Box Drawn
INFO:root:2021-07-16-12--40--16 MovingFrameQueue Appended
INFO:root:2021-07-16-12--40--16 anomallyFrameTracker resetted to 200
INFO:root:2021-07-16-12--40--16 anomallyFrameTracker resetted to 200
INFO:root:2021-07-16-12--40--16 anomallyFrameTracker resetted to 200
INFO:root:2021-07-16-12--40--16 Colour Conversion Completed
INFO:root:2021-07-16-12--40--16 Sleep Check Completed
INFO:root:2021-07-16-12--40--16 Frame manipulations completed
INFO:root:2021-07-16-12--40--16 Bounding Box Drawn
INFO:root:2021-07-16-12--40--16 MovingFrameQueue Popped
INFO:root:2021-07-16-12--40--16 anomallyFrameTracker resetted to 200
INFO:root:2021-07-16-12--40--16 anomallyFrameTracker resetted to 200
INFO:root:2021-07-16-12--40--16 anomallyFrameTracker resetted to 200
INFO:root:2021-07-16-12--40--16 Colour Conversion Completed
INFO:root:2021-07-16-12--40--17 Sleep Check Completed
INFO:root:2021-07-16-12--40--17 Frame manipulations completed
INFO:root:2021-07-16-12--40--17 Bounding Box Drawn
INFO:root:2021-07-16-12--40--17 MovingFrameQueue Appended
INFO:root:2021-07-16-12--40--17 anomallyFrameTracker resetted to 200
INFO:root:2021-07-16-12--40--17 anomallyFrameTracker resetted to 200
INFO:root:2021-07-16-12--40--17 anomallyFrameTracker resetted to 200
INFO:root:2021-07-16-12--40--17 Colour Conversion Completed
INFO:root:2021-07-16-12--40--17 Sleep Check Completed
INFO:root:2021-07-16-12--40--17 Frame manipulations completed
INFO:root:2021-07-16-12--40--17 Bounding Box Drawn
INFO:root:2021-07-16-12--40--17 MovingFrameQueue Popped
INFO:root:2021-07-16-12--40--17 anomallyFrameTracker resetted to 200
INFO:root:2021-07-16-12--40--17 anomallyFrameTracker resetted to 200
INFO:root:2021-07-16-12--40--17 anomallyFrameTracker resetted to 200
INFO:root:2021-07-16-12--40--17 Colour Conversion Completed
INFO:root:2021-07-16-12--40--17 Sleep Check Completed
INFO:root:2021-07-16-12--40--17 Frame manipulations completed
INFO:root:2021-07-16-12--40--17 Bounding Box Drawn
INFO:root:2021-07-16-12--40--17 MovingFrameQueue Appended
INFO:root:2021-07-16-12--40--17 anomallyFrameTracker resetted to 200
INFO:root:2021-07-16-12--40--17 anomallyFrameTracker resetted to 200
INFO:root:2021-07-16-12--40--17 anomallyFrameTracker resetted to 200
INFO:root:2021-07-16-12--40--17 Colour Conversion Completed
INFO:root:2021-07-16-12--40--17 Sleep Check Completed
INFO:root:2021-07-16-12--40--17 Frame manipulations completed
INFO:root:2021-07-16-12--40--17 Bounding Box Drawn
INFO:root:2021-07-16-12--40--17 MovingFrameQueue Popped
INFO:root:2021-07-16-12--40--17 anomallyFrameTracker resetted to 200
INFO:root:2021-07-16-12--40--17 anomallyFrameTracker resetted to 200
INFO:root:2021-07-16-12--40--17 anomallyFrameTracker resetted to 200
INFO:root:2021-07-16-12--40--17 Colour Conversion Completed
INFO:root:2021-07-16-12--40--17 Sleep Check Completed
INFO:root:2021-07-16-12--40--17 Frame manipulations completed
INFO:root:2021-07-16-12--40--17 Bounding Box Drawn
INFO:root:2021-07-16-12--40--17 MovingFrameQueue Appended
INFO:root:2021-07-16-12--40--17 anomallyFrameTracker resetted to 200
INFO:root:2021-07-16-12--40--17 anomallyFrameTracker resetted to 200
INFO:root:2021-07-16-12--40--17 anomallyFrameTracker resetted to 200
INFO:root:2021-07-16-12--40--17 Colour Conversion Completed
INFO:root:2021-07-16-12--40--18 Sleep Check Completed
INFO:root:2021-07-16-12--40--18 Frame manipulations completed
INFO:root:2021-07-16-12--40--18 Bounding Box Drawn
INFO:root:2021-07-16-12--40--18 MovingFrameQueue Popped
INFO:root:2021-07-16-12--40--18 anomallyFrameTracker resetted to 200
INFO:root:2021-07-16-12--40--18 anomallyFrameTracker resetted to 200
INFO:root:2021-07-16-12--40--18 anomallyFrameTracker resetted to 200
INFO:root:2021-07-16-12--40--18 Colour Conversion Completed
INFO:root:2021-07-16-12--40--18 Sleep Check Completed
INFO:root:2021-07-16-12--40--18 Frame manipulations completed
INFO:root:2021-07-16-12--40--18 Bounding Box Drawn
INFO:root:2021-07-16-12--40--18 MovingFrameQueue Appended
INFO:root:2021-07-16-12--40--18 anomallyFrameTracker resetted to 200
INFO:root:2021-07-16-12--40--18 anomallyFrameTracker resetted to 200
INFO:root:2021-07-16-12--40--18 anomallyFrameTracker resetted to 200
INFO:root:2021-07-16-12--40--18 Colour Conversion Completed
INFO:root:2021-07-16-12--40--18 Sleep Check Completed
INFO:root:2021-07-16-12--40--18 Frame manipulations completed
INFO:root:2021-07-16-12--40--18 Bounding Box Drawn
INFO:root:2021-07-16-12--40--18 MovingFrameQueue Popped
INFO:root:2021-07-16-12--40--18 anomallyFrameTracker resetted to 200
INFO:root:2021-07-16-12--40--18 anomallyFrameTracker resetted to 200
INFO:root:2021-07-16-12--40--18 anomallyFrameTracker resetted to 200
INFO:root:2021-07-16-12--40--18 Colour Conversion Completed
INFO:root:2021-07-16-12--40--18 Sleep Check Completed
INFO:root:2021-07-16-12--40--18 Frame manipulations completed
INFO:root:2021-07-16-12--40--18 Bounding Box Drawn
INFO:root:2021-07-16-12--40--18 MovingFrameQueue Appended
INFO:root:2021-07-16-12--40--18 anomallyFrameTracker resetted to 200
INFO:root:2021-07-16-12--40--18 anomallyFrameTracker resetted to 200
INFO:root:2021-07-16-12--40--18 anomallyFrameTracker resetted to 200
INFO:root:2021-07-16-12--40--18 Colour Conversion Completed
INFO:root:2021-07-16-12--40--18 Sleep Check Completed
INFO:root:2021-07-16-12--40--18 Frame manipulations completed
INFO:root:2021-07-16-12--40--18 Bounding Box Drawn
INFO:root:2021-07-16-12--40--18 MovingFrameQueue Popped
INFO:root:2021-07-16-12--40--18 anomallyFrameTracker resetted to 200
INFO:root:2021-07-16-12--40--18 anomallyFrameTracker resetted to 200
INFO:root:2021-07-16-12--40--18 anomallyFrameTracker resetted to 200
INFO:root:2021-07-16-12--40--18 Colour Conversion Completed
INFO:root:2021-07-16-12--40--18 Sleep Check Completed
INFO:root:2021-07-16-12--40--18 Frame manipulations completed
INFO:root:2021-07-16-12--40--18 Bounding Box Drawn
INFO:root:2021-07-16-12--40--18 MovingFrameQueue Appended
INFO:root:2021-07-16-12--40--18 anomallyFrameTracker resetted to 200
INFO:root:2021-07-16-12--40--18 anomallyFrameTracker resetted to 200
INFO:root:2021-07-16-12--40--18 anomallyFrameTracker resetted to 200
INFO:root:2021-07-16-12--40--18 Colour Conversion Completed
INFO:root:2021-07-16-12--40--18 Sleep Check Completed
INFO:root:2021-07-16-12--40--18 Frame manipulations completed
INFO:root:2021-07-16-12--40--18 Bounding Box Drawn
INFO:root:2021-07-16-12--40--19 MovingFrameQueue Popped
INFO:root:2021-07-16-12--40--19 anomallyFrameTracker resetted to 200
INFO:root:2021-07-16-12--40--19 anomallyFrameTracker resetted to 200
INFO:root:2021-07-16-12--40--19 anomallyFrameTracker resetted to 200
INFO:root:2021-07-16-12--40--19 Colour Conversion Completed
INFO:root:2021-07-16-12--40--19 Sleep Check Completed
INFO:root:2021-07-16-12--40--19 Frame manipulations completed
INFO:root:2021-07-16-12--40--19 Bounding Box Drawn
INFO:root:2021-07-16-12--40--19 MovingFrameQueue Appended
INFO:root:2021-07-16-12--40--19 anomallyFrameTracker resetted to 200
INFO:root:2021-07-16-12--40--19 anomallyFrameTracker resetted to 200
INFO:root:2021-07-16-12--40--19 anomallyFrameTracker resetted to 200
INFO:root:2021-07-16-12--40--19 Colour Conversion Completed
INFO:root:2021-07-16-12--40--19 Sleep Check Completed
INFO:root:2021-07-16-12--40--19 Frame manipulations completed
INFO:root:2021-07-16-12--40--19 Bounding Box Drawn
INFO:root:2021-07-16-12--40--19 MovingFrameQueue Popped
INFO:root:2021-07-16-12--40--19 anomallyFrameTracker resetted to 200
INFO:root:2021-07-16-12--40--19 anomallyFrameTracker resetted to 200
INFO:root:2021-07-16-12--40--19 anomallyFrameTracker resetted to 200
INFO:root:2021-07-16-12--40--19 Colour Conversion Completed
INFO:root:2021-07-16-12--40--19 Sleep Check Completed
INFO:root:2021-07-16-12--40--19 Frame manipulations completed
INFO:root:2021-07-16-12--40--19 Bounding Box Drawn
INFO:root:2021-07-16-12--40--19 MovingFrameQueue Appended
INFO:root:2021-07-16-12--40--19 anomallyFrameTracker resetted to 200
INFO:root:2021-07-16-12--40--19 anomallyFrameTracker resetted to 200
INFO:root:2021-07-16-12--40--19 anomallyFrameTracker resetted to 200
INFO:root:2021-07-16-12--40--19 Colour Conversion Completed
INFO:root:2021-07-16-12--40--19 Sleep Check Completed
INFO:root:2021-07-16-12--40--19 Frame manipulations completed
INFO:root:2021-07-16-12--40--19 Bounding Box Drawn
INFO:root:2021-07-16-12--40--19 MovingFrameQueue Popped
INFO:root:2021-07-16-12--40--19 anomallyFrameTracker resetted to 200
INFO:root:2021-07-16-12--40--19 anomallyFrameTracker resetted to 200
INFO:root:2021-07-16-12--40--19 anomallyFrameTracker resetted to 200
INFO:root:2021-07-16-12--40--19 Colour Conversion Completed
INFO:root:2021-07-16-12--40--19 Sleep Check Completed
INFO:root:2021-07-16-12--40--19 Frame manipulations completed
INFO:root:2021-07-16-12--40--19 Bounding Box Drawn
INFO:root:2021-07-16-12--40--19 MovingFrameQueue Appended
INFO:root:2021-07-16-12--40--19 anomallyFrameTracker resetted to 200
INFO:root:2021-07-16-12--40--19 anomallyFrameTracker resetted to 200
INFO:root:2021-07-16-12--40--19 anomallyFrameTracker resetted to 200
INFO:root:2021-07-16-12--40--19 Colour Conversion Completed
INFO:root:2021-07-16-12--40--20 Sleep Check Completed
INFO:root:2021-07-16-12--40--20 Frame manipulations completed
INFO:root:2021-07-16-12--40--20 Bounding Box Drawn
INFO:root:2021-07-16-12--40--20 MovingFrameQueue Popped
INFO:root:2021-07-16-12--40--20 anomallyFrameTracker resetted to 200
INFO:root:2021-07-16-12--40--20 anomallyFrameTracker resetted to 200
INFO:root:2021-07-16-12--40--20 anomallyFrameTracker resetted to 200
INFO:root:2021-07-16-12--40--20 Colour Conversion Completed
INFO:root:2021-07-16-12--40--20 Sleep Check Completed
INFO:root:2021-07-16-12--40--20 Frame manipulations completed
INFO:root:2021-07-16-12--40--20 Bounding Box Drawn
INFO:root:2021-07-16-12--40--20 MovingFrameQueue Appended
INFO:root:2021-07-16-12--40--20 anomallyFrameTracker resetted to 200
INFO:root:2021-07-16-12--40--20 anomallyFrameTracker resetted to 200
INFO:root:2021-07-16-12--40--20 anomallyFrameTracker resetted to 200
INFO:root:2021-07-16-12--40--20 Colour Conversion Completed
INFO:root:2021-07-16-12--40--20 Sleep Check Completed
INFO:root:2021-07-16-12--40--20 Frame manipulations completed
INFO:root:2021-07-16-12--40--20 Bounding Box Drawn
INFO:root:2021-07-16-12--40--20[INFO] elapsed time: 28.18
INFO:root:2021-07-16-12--40--20[INFO] approx. FPS: 5.86
