INFO:root:2021-07-13-11--09--29 Parameter Generation Success
INFO:root:2021-07-13-11--09--29 Colour Conversion Completed
INFO:root:2021-07-13-11--09--29 Sleep Check Completed
INFO:root:2021-07-13-11--09--29 Frame manipulations completed
INFO:root:2021-07-13-11--09--29 Writer Initialized
INFO:root:2021-07-13-11--09--29 Bounding Box Drawn
INFO:root:2021-07-13-11--09--29 MovingFrameQueue Appended
INFO:root:2021-07-13-11--09--29 Colour Conversion Completed
INFO:root:2021-07-13-11--09--29 Sleep Check Completed
INFO:root:2021-07-13-11--09--29 Frame manipulations completed
INFO:root:2021-07-13-11--09--29 Bounding Box Drawn
INFO:root:2021-07-13-11--09--29 MovingFrameQueue Appended
INFO:root:2021-07-13-11--09--29 Anomally Detected, starting call for more frames
INFO:root:2021-07-13-11--09--29 anomallyFrameTracker resetted to 200
INFO:root:2021-07-13-11--09--29 Colour Conversion Completed
INFO:root:2021-07-13-11--09--29 Sleep Check Completed
INFO:root:2021-07-13-11--09--29 Frame manipulations completed
INFO:root:2021-07-13-11--09--29 Bounding Box Drawn
INFO:root:2021-07-13-11--09--29 MovingFrameQueue Appended
INFO:root:2021-07-13-11--09--29 Anomally Detected, starting call for more frames
INFO:root:2021-07-13-11--09--29 Anomally Detected, starting call for more frames
INFO:root:2021-07-13-11--09--29 anomallyFrameTracker resetted to 200
INFO:root:2021-07-13-11--09--29 Colour Conversion Completed
INFO:root:2021-07-13-11--09--29 Sleep Check Completed
INFO:root:2021-07-13-11--09--29 Frame manipulations completed
INFO:root:2021-07-13-11--09--29 Bounding Box Drawn
INFO:root:2021-07-13-11--09--29 MovingFrameQueue Appended
INFO:root:2021-07-13-11--09--29 Anomally Detected, starting call for more frames
INFO:root:2021-07-13-11--09--29 anomallyFrameTracker resetted to 200
INFO:root:2021-07-13-11--09--29 Colour Conversion Completed
INFO:root:2021-07-13-11--09--29 Sleep Check Completed
INFO:root:2021-07-13-11--09--29 Frame manipulations completed
INFO:root:2021-07-13-11--09--29 Bounding Box Drawn
INFO:root:2021-07-13-11--09--29 MovingFrameQueue Appended
INFO:root:2021-07-13-11--09--29 Anomally Detected, starting call for more frames
INFO:root:2021-07-13-11--09--29 anomallyFrameTracker resetted to 200
INFO:root:2021-07-13-11--09--29 Colour Conversion Completed
INFO:root:2021-07-13-11--09--29 Sleep Check Completed
INFO:root:2021-07-13-11--09--29 Frame manipulations completed
INFO:root:2021-07-13-11--09--29 Bounding Box Drawn
INFO:root:2021-07-13-11--09--29 MovingFrameQueue Appended
INFO:root:2021-07-13-11--09--29 Anomally Detected, starting call for more frames
INFO:root:2021-07-13-11--09--29 anomallyFrameTracker resetted to 200
INFO:root:2021-07-13-11--09--29 Colour Conversion Completed
INFO:root:2021-07-13-11--09--29 Sleep Check Completed
INFO:root:2021-07-13-11--09--29 Frame manipulations completed
INFO:root:2021-07-13-11--09--29 Bounding Box Drawn
INFO:root:2021-07-13-11--09--29 MovingFrameQueue Appended
INFO:root:2021-07-13-11--09--29 Anomally Detected, starting call for more frames
INFO:root:2021-07-13-11--09--29 anomallyFrameTracker resetted to 200
INFO:root:2021-07-13-11--09--30 Colour Conversion Completed
INFO:root:2021-07-13-11--09--30 Sleep Check Completed
INFO:root:2021-07-13-11--09--30 Frame manipulations completed
INFO:root:2021-07-13-11--09--30 Bounding Box Drawn
INFO:root:2021-07-13-11--09--30 MovingFrameQueue Appended
INFO:root:2021-07-13-11--09--30 Anomally Detected, starting call for more frames
INFO:root:2021-07-13-11--09--30 anomallyFrameTracker resetted to 200
INFO:root:2021-07-13-11--09--30 Colour Conversion Completed
INFO:root:2021-07-13-11--09--30 Sleep Check Completed
INFO:root:2021-07-13-11--09--30 Frame manipulations completed
INFO:root:2021-07-13-11--09--30 Bounding Box Drawn
INFO:root:2021-07-13-11--09--30 MovingFrameQueue Appended
INFO:root:2021-07-13-11--09--30 Anomally Detected, starting call for more frames
INFO:root:2021-07-13-11--09--30 anomallyFrameTracker resetted to 200
INFO:root:2021-07-13-11--09--30 Colour Conversion Completed
INFO:root:2021-07-13-11--09--30 Sleep Check Completed
INFO:root:2021-07-13-11--09--30 Frame manipulations completed
INFO:root:2021-07-13-11--09--30 Bounding Box Drawn
INFO:root:2021-07-13-11--09--30 MovingFrameQueue Appended
INFO:root:2021-07-13-11--09--30 Anomally Detected, starting call for more frames
INFO:root:2021-07-13-11--09--30 anomallyFrameTracker resetted to 200
INFO:root:2021-07-13-11--09--30 Colour Conversion Completed
INFO:root:2021-07-13-11--09--30 Sleep Check Completed
INFO:root:2021-07-13-11--09--30 Frame manipulations completed
INFO:root:2021-07-13-11--09--30 Bounding Box Drawn
INFO:root:2021-07-13-11--09--30 MovingFrameQueue Appended
INFO:root:2021-07-13-11--09--30 Anomally Detected, starting call for more frames
INFO:root:2021-07-13-11--09--30 anomallyFrameTracker resetted to 200
INFO:root:2021-07-13-11--09--30 Colour Conversion Completed
INFO:root:2021-07-13-11--09--30 Sleep Check Completed
INFO:root:2021-07-13-11--09--30 Frame manipulations completed
INFO:root:2021-07-13-11--09--30 Bounding Box Drawn
INFO:root:2021-07-13-11--09--30 MovingFrameQueue Appended
INFO:root:2021-07-13-11--09--30 Anomally Detected, starting call for more frames
INFO:root:2021-07-13-11--09--30 anomallyFrameTracker resetted to 200
INFO:root:2021-07-13-11--09--30 Colour Conversion Completed
INFO:root:2021-07-13-11--09--30 Sleep Check Completed
INFO:root:2021-07-13-11--09--30 Frame manipulations completed
INFO:root:2021-07-13-11--09--30 Bounding Box Drawn
INFO:root:2021-07-13-11--09--30 MovingFrameQueue Appended
INFO:root:2021-07-13-11--09--30 Anomally Detected, starting call for more frames
INFO:root:2021-07-13-11--09--30 anomallyFrameTracker resetted to 200
INFO:root:2021-07-13-11--09--30 Colour Conversion Completed
INFO:root:2021-07-13-11--09--30 Sleep Check Completed
INFO:root:2021-07-13-11--09--30 Frame manipulations completed
INFO:root:2021-07-13-11--09--30 Bounding Box Drawn
INFO:root:2021-07-13-11--09--30 MovingFrameQueue Appended
INFO:root:2021-07-13-11--09--30 Anomally Detected, starting call for more frames
INFO:root:2021-07-13-11--09--30 anomallyFrameTracker resetted to 200
INFO:root:2021-07-13-11--09--30 Colour Conversion Completed
INFO:root:2021-07-13-11--09--30 Sleep Check Completed
INFO:root:2021-07-13-11--09--30 Frame manipulations completed
INFO:root:2021-07-13-11--09--30 Bounding Box Drawn
INFO:root:2021-07-13-11--09--30 MovingFrameQueue Appended
INFO:root:2021-07-13-11--09--30 Anomally Detected, starting call for more frames
INFO:root:2021-07-13-11--09--30 anomallyFrameTracker resetted to 200
INFO:root:2021-07-13-11--09--30 Colour Conversion Completed
INFO:root:2021-07-13-11--09--30 Sleep Check Completed
INFO:root:2021-07-13-11--09--30 Frame manipulations completed
INFO:root:2021-07-13-11--09--30 Bounding Box Drawn
INFO:root:2021-07-13-11--09--30 MovingFrameQueue Appended
INFO:root:2021-07-13-11--09--30 Anomally Detected, starting call for more frames
INFO:root:2021-07-13-11--09--30 anomallyFrameTracker resetted to 200
INFO:root:2021-07-13-11--09--31 Colour Conversion Completed
INFO:root:2021-07-13-11--09--31 Sleep Check Completed
INFO:root:2021-07-13-11--09--31 Frame manipulations completed
INFO:root:2021-07-13-11--09--31 Bounding Box Drawn
INFO:root:2021-07-13-11--09--31 MovingFrameQueue Appended
INFO:root:2021-07-13-11--09--31 Anomally Detected, starting call for more frames
INFO:root:2021-07-13-11--09--31 Anomally Detected, starting call for more frames
INFO:root:2021-07-13-11--09--31 anomallyFrameTracker resetted to 200
INFO:root:2021-07-13-11--09--31 Colour Conversion Completed
INFO:root:2021-07-13-11--09--31 Sleep Check Completed
INFO:root:2021-07-13-11--09--31 Frame manipulations completed
INFO:root:2021-07-13-11--09--31 Bounding Box Drawn
INFO:root:2021-07-13-11--09--31 MovingFrameQueue Appended
INFO:root:2021-07-13-11--09--31 Anomally Detected, starting call for more frames
INFO:root:2021-07-13-11--09--31 Anomally Detected, starting call for more frames
INFO:root:2021-07-13-11--09--31 anomallyFrameTracker resetted to 200
INFO:root:2021-07-13-11--09--31 Colour Conversion Completed
INFO:root:2021-07-13-11--09--31 Sleep Check Completed
INFO:root:2021-07-13-11--09--31 Frame manipulations completed
INFO:root:2021-07-13-11--09--31 Bounding Box Drawn
INFO:root:2021-07-13-11--09--31 MovingFrameQueue Appended
INFO:root:2021-07-13-11--09--31 Anomally Detected, starting call for more frames
INFO:root:2021-07-13-11--09--31 anomallyFrameTracker resetted to 200
INFO:root:2021-07-13-11--09--31 Colour Conversion Completed
INFO:root:2021-07-13-11--09--31 Sleep Check Completed
INFO:root:2021-07-13-11--09--31 Frame manipulations completed
INFO:root:2021-07-13-11--09--31 Bounding Box Drawn
INFO:root:2021-07-13-11--09--31 MovingFrameQueue Appended
INFO:root:2021-07-13-11--09--31 Anomally Detected, starting call for more frames
INFO:root:2021-07-13-11--09--31 anomallyFrameTracker resetted to 200
INFO:root:2021-07-13-11--09--31 Colour Conversion Completed
INFO:root:2021-07-13-11--09--31 Sleep Check Completed
INFO:root:2021-07-13-11--09--31 Frame manipulations completed
INFO:root:2021-07-13-11--09--31 Bounding Box Drawn
INFO:root:2021-07-13-11--09--31 MovingFrameQueue Appended
INFO:root:2021-07-13-11--09--31 Anomally Detected, starting call for more frames
INFO:root:2021-07-13-11--09--31 Anomally Detected, starting call for more frames
INFO:root:2021-07-13-11--09--31 anomallyFrameTracker resetted to 200
INFO:root:2021-07-13-11--09--31 Colour Conversion Completed
INFO:root:2021-07-13-11--09--31 Sleep Check Completed
INFO:root:2021-07-13-11--09--31 Frame manipulations completed
INFO:root:2021-07-13-11--09--31 Bounding Box Drawn
INFO:root:2021-07-13-11--09--31 MovingFrameQueue Appended
INFO:root:2021-07-13-11--09--31 Anomally Detected, starting call for more frames
INFO:root:2021-07-13-11--09--31 anomallyFrameTracker resetted to 200
INFO:root:2021-07-13-11--09--31 Colour Conversion Completed
INFO:root:2021-07-13-11--09--31 Sleep Check Completed
INFO:root:2021-07-13-11--09--31 Frame manipulations completed
INFO:root:2021-07-13-11--09--31 Bounding Box Drawn
INFO:root:2021-07-13-11--09--31 MovingFrameQueue Appended
INFO:root:2021-07-13-11--09--31 Anomally Detected, starting call for more frames
INFO:root:2021-07-13-11--09--31 anomallyFrameTracker resetted to 200
INFO:root:2021-07-13-11--09--31 Colour Conversion Completed
INFO:root:2021-07-13-11--09--31 Sleep Check Completed
INFO:root:2021-07-13-11--09--31 Frame manipulations completed
INFO:root:2021-07-13-11--09--31 Bounding Box Drawn
INFO:root:2021-07-13-11--09--31 MovingFrameQueue Appended
INFO:root:2021-07-13-11--09--31 Anomally Detected, starting call for more frames
INFO:root:2021-07-13-11--09--31 anomallyFrameTracker resetted to 200
INFO:root:2021-07-13-11--09--31 Colour Conversion Completed
INFO:root:2021-07-13-11--09--31 Sleep Check Completed
INFO:root:2021-07-13-11--09--31 Frame manipulations completed
INFO:root:2021-07-13-11--09--31 Bounding Box Drawn
INFO:root:2021-07-13-11--09--31 MovingFrameQueue Appended
INFO:root:2021-07-13-11--09--31 Anomally Detected, starting call for more frames
INFO:root:2021-07-13-11--09--31 anomallyFrameTracker resetted to 200
INFO:root:2021-07-13-11--09--32 Colour Conversion Completed
INFO:root:2021-07-13-11--09--32 Sleep Check Completed
INFO:root:2021-07-13-11--09--32 Frame manipulations completed
INFO:root:2021-07-13-11--09--32 Bounding Box Drawn
INFO:root:2021-07-13-11--09--32 MovingFrameQueue Appended
INFO:root:2021-07-13-11--09--32 Anomally Detected, starting call for more frames
INFO:root:2021-07-13-11--09--32 anomallyFrameTracker resetted to 200
INFO:root:2021-07-13-11--09--32 Colour Conversion Completed
INFO:root:2021-07-13-11--09--32 Sleep Check Completed
INFO:root:2021-07-13-11--09--32 Frame manipulations completed
INFO:root:2021-07-13-11--09--32 Bounding Box Drawn
INFO:root:2021-07-13-11--09--32 MovingFrameQueue Appended
INFO:root:2021-07-13-11--09--32 Anomally Detected, starting call for more frames
INFO:root:2021-07-13-11--09--32 anomallyFrameTracker resetted to 200
INFO:root:2021-07-13-11--09--32 Colour Conversion Completed
INFO:root:2021-07-13-11--09--32 Sleep Check Completed
INFO:root:2021-07-13-11--09--32 Frame manipulations completed
INFO:root:2021-07-13-11--09--32 Bounding Box Drawn
INFO:root:2021-07-13-11--09--32 MovingFrameQueue Appended
INFO:root:2021-07-13-11--09--32 Anomally Detected, starting call for more frames
INFO:root:2021-07-13-11--09--32 anomallyFrameTracker resetted to 200
INFO:root:2021-07-13-11--09--32 Colour Conversion Completed
INFO:root:2021-07-13-11--09--32 Sleep Check Completed
INFO:root:2021-07-13-11--09--32 Frame manipulations completed
INFO:root:2021-07-13-11--09--32 Bounding Box Drawn
INFO:root:2021-07-13-11--09--32 MovingFrameQueue Appended
INFO:root:2021-07-13-11--09--32 Anomally Detected, starting call for more frames
INFO:root:2021-07-13-11--09--32 anomallyFrameTracker resetted to 200
INFO:root:2021-07-13-11--09--32 Colour Conversion Completed
INFO:root:2021-07-13-11--09--32 Sleep Check Completed
INFO:root:2021-07-13-11--09--32 Frame manipulations completed
INFO:root:2021-07-13-11--09--32 Bounding Box Drawn
INFO:root:2021-07-13-11--09--32 MovingFrameQueue Appended
INFO:root:2021-07-13-11--09--32 Anomally Detected, starting call for more frames
INFO:root:2021-07-13-11--09--32 anomallyFrameTracker resetted to 200
INFO:root:2021-07-13-11--09--32 Colour Conversion Completed
INFO:root:2021-07-13-11--09--32 Sleep Check Completed
INFO:root:2021-07-13-11--09--32 Frame manipulations completed
INFO:root:2021-07-13-11--09--32 Bounding Box Drawn
INFO:root:2021-07-13-11--09--32 MovingFrameQueue Appended
INFO:root:2021-07-13-11--09--32 Anomally Detected, starting call for more frames
INFO:root:2021-07-13-11--09--32 anomallyFrameTracker resetted to 200
INFO:root:2021-07-13-11--09--32 Colour Conversion Completed
INFO:root:2021-07-13-11--09--32 Sleep Check Completed
INFO:root:2021-07-13-11--09--32 Frame manipulations completed
INFO:root:2021-07-13-11--09--32 Bounding Box Drawn
INFO:root:2021-07-13-11--09--32 MovingFrameQueue Appended
INFO:root:2021-07-13-11--09--32 Anomally Detected, starting call for more frames
INFO:root:2021-07-13-11--09--32 anomallyFrameTracker resetted to 200
INFO:root:2021-07-13-11--09--32 Colour Conversion Completed
INFO:root:2021-07-13-11--09--32 Sleep Check Completed
INFO:root:2021-07-13-11--09--32 Frame manipulations completed
INFO:root:2021-07-13-11--09--32 Bounding Box Drawn
INFO:root:2021-07-13-11--09--32 MovingFrameQueue Appended
INFO:root:2021-07-13-11--09--32 Anomally Detected, starting call for more frames
INFO:root:2021-07-13-11--09--32 anomallyFrameTracker resetted to 200
INFO:root:2021-07-13-11--09--32 Colour Conversion Completed
INFO:root:2021-07-13-11--09--33 Sleep Check Completed
INFO:root:2021-07-13-11--09--33 Frame manipulations completed
INFO:root:2021-07-13-11--09--33 Bounding Box Drawn
INFO:root:2021-07-13-11--09--33 MovingFrameQueue Appended
INFO:root:2021-07-13-11--09--33 Anomally Detected, starting call for more frames
INFO:root:2021-07-13-11--09--33 anomallyFrameTracker resetted to 200
INFO:root:2021-07-13-11--09--33 Colour Conversion Completed
INFO:root:2021-07-13-11--09--33 Sleep Check Completed
INFO:root:2021-07-13-11--09--33 Frame manipulations completed
INFO:root:2021-07-13-11--09--33 Bounding Box Drawn
INFO:root:2021-07-13-11--09--33 MovingFrameQueue Appended
INFO:root:2021-07-13-11--09--33 Anomally Detected, starting call for more frames
INFO:root:2021-07-13-11--09--33 anomallyFrameTracker resetted to 200
INFO:root:2021-07-13-11--09--33 Colour Conversion Completed
INFO:root:2021-07-13-11--09--33 Sleep Check Completed
INFO:root:2021-07-13-11--09--33 Frame manipulations completed
INFO:root:2021-07-13-11--09--33 Bounding Box Drawn
INFO:root:2021-07-13-11--09--33 MovingFrameQueue Appended
INFO:root:2021-07-13-11--09--33 Anomally Detected, starting call for more frames
INFO:root:2021-07-13-11--09--33 anomallyFrameTracker resetted to 200
INFO:root:2021-07-13-11--09--33 Colour Conversion Completed
INFO:root:2021-07-13-11--09--33 Sleep Check Completed
INFO:root:2021-07-13-11--09--33 Frame manipulations completed
INFO:root:2021-07-13-11--09--33 Bounding Box Drawn
INFO:root:2021-07-13-11--09--33 MovingFrameQueue Appended
INFO:root:2021-07-13-11--09--33 Anomally Detected, starting call for more frames
INFO:root:2021-07-13-11--09--33 Anomally Detected, starting call for more frames
INFO:root:2021-07-13-11--09--33 anomallyFrameTracker resetted to 200
INFO:root:2021-07-13-11--09--33 Colour Conversion Completed
INFO:root:2021-07-13-11--09--33 Sleep Check Completed
INFO:root:2021-07-13-11--09--33 Frame manipulations completed
INFO:root:2021-07-13-11--09--33 Bounding Box Drawn
INFO:root:2021-07-13-11--09--33 MovingFrameQueue Appended
INFO:root:2021-07-13-11--09--33 Anomally Detected, starting call for more frames
INFO:root:2021-07-13-11--09--33 Anomally Detected, starting call for more frames
INFO:root:2021-07-13-11--09--33 anomallyFrameTracker resetted to 200
INFO:root:2021-07-13-11--09--33 Colour Conversion Completed
INFO:root:2021-07-13-11--09--33 Sleep Check Completed
INFO:root:2021-07-13-11--09--33 Frame manipulations completed
INFO:root:2021-07-13-11--09--33 Bounding Box Drawn
INFO:root:2021-07-13-11--09--33 MovingFrameQueue Appended
INFO:root:2021-07-13-11--09--33 Anomally Detected, starting call for more frames
INFO:root:2021-07-13-11--09--33 Anomally Detected, starting call for more frames
INFO:root:2021-07-13-11--09--33 Anomally Detected, starting call for more frames
INFO:root:2021-07-13-11--09--33 anomallyFrameTracker resetted to 200
INFO:root:2021-07-13-11--09--33 Colour Conversion Completed
INFO:root:2021-07-13-11--09--33 Sleep Check Completed
INFO:root:2021-07-13-11--09--33 Frame manipulations completed
INFO:root:2021-07-13-11--09--33 Bounding Box Drawn
INFO:root:2021-07-13-11--09--33 MovingFrameQueue Appended
INFO:root:2021-07-13-11--09--33 Anomally Detected, starting call for more frames
INFO:root:2021-07-13-11--09--33 Anomally Detected, starting call for more frames
INFO:root:2021-07-13-11--09--33 Anomally Detected, starting call for more frames
INFO:root:2021-07-13-11--09--33 anomallyFrameTracker resetted to 200
INFO:root:2021-07-13-11--09--33 Colour Conversion Completed
INFO:root:2021-07-13-11--09--33 Sleep Check Completed
INFO:root:2021-07-13-11--09--33 Frame manipulations completed
INFO:root:2021-07-13-11--09--33 Bounding Box Drawn
INFO:root:2021-07-13-11--09--33 MovingFrameQueue Appended
INFO:root:2021-07-13-11--09--33 Anomally Detected, starting call for more frames
INFO:root:2021-07-13-11--09--33 Anomally Detected, starting call for more frames
INFO:root:2021-07-13-11--09--33 Anomally Detected, starting call for more frames
INFO:root:2021-07-13-11--09--33 anomallyFrameTracker resetted to 200
INFO:root:2021-07-13-11--09--33 Colour Conversion Completed
INFO:root:2021-07-13-11--09--33 Sleep Check Completed
INFO:root:2021-07-13-11--09--33 Frame manipulations completed
INFO:root:2021-07-13-11--09--33 Bounding Box Drawn
INFO:root:2021-07-13-11--09--33 MovingFrameQueue Appended
INFO:root:2021-07-13-11--09--33 Anomally Detected, starting call for more frames
INFO:root:2021-07-13-11--09--33 Anomally Detected, starting call for more frames
INFO:root:2021-07-13-11--09--33 anomallyFrameTracker resetted to 200
INFO:root:2021-07-13-11--09--34 Colour Conversion Completed
INFO:root:2021-07-13-11--09--34 Sleep Check Completed
INFO:root:2021-07-13-11--09--34 Frame manipulations completed
INFO:root:2021-07-13-11--09--34 Bounding Box Drawn
INFO:root:2021-07-13-11--09--34 MovingFrameQueue Appended
INFO:root:2021-07-13-11--09--34 Anomally Detected, starting call for more frames
INFO:root:2021-07-13-11--09--34 Anomally Detected, starting call for more frames
INFO:root:2021-07-13-11--09--34 anomallyFrameTracker resetted to 200
INFO:root:2021-07-13-11--09--34 Colour Conversion Completed
INFO:root:2021-07-13-11--09--34 Sleep Check Completed
INFO:root:2021-07-13-11--09--34 Frame manipulations completed
INFO:root:2021-07-13-11--09--34 Bounding Box Drawn
INFO:root:2021-07-13-11--09--34 MovingFrameQueue Appended
INFO:root:2021-07-13-11--09--34 Anomally Detected, starting call for more frames
INFO:root:2021-07-13-11--09--34 Anomally Detected, starting call for more frames
INFO:root:2021-07-13-11--09--34 anomallyFrameTracker resetted to 200
INFO:root:2021-07-13-11--09--34 Colour Conversion Completed
INFO:root:2021-07-13-11--09--34 Sleep Check Completed
INFO:root:2021-07-13-11--09--34 Frame manipulations completed
INFO:root:2021-07-13-11--09--34 Bounding Box Drawn
INFO:root:2021-07-13-11--09--34 MovingFrameQueue Appended
INFO:root:2021-07-13-11--09--34 Anomally Detected, starting call for more frames
INFO:root:2021-07-13-11--09--34 Anomally Detected, starting call for more frames
INFO:root:2021-07-13-11--09--34 anomallyFrameTracker resetted to 200
INFO:root:2021-07-13-11--09--34 Colour Conversion Completed
INFO:root:2021-07-13-11--09--34 Sleep Check Completed
INFO:root:2021-07-13-11--09--34 Frame manipulations completed
INFO:root:2021-07-13-11--09--34 Bounding Box Drawn
INFO:root:2021-07-13-11--09--34 MovingFrameQueue Appended
INFO:root:2021-07-13-11--09--34 Anomally Detected, starting call for more frames
INFO:root:2021-07-13-11--09--34 Anomally Detected, starting call for more frames
INFO:root:2021-07-13-11--09--34 anomallyFrameTracker resetted to 200
INFO:root:2021-07-13-11--09--34 Colour Conversion Completed
INFO:root:2021-07-13-11--09--34 Sleep Check Completed
INFO:root:2021-07-13-11--09--34 Frame manipulations completed
INFO:root:2021-07-13-11--09--34 Bounding Box Drawn
INFO:root:2021-07-13-11--09--34 MovingFrameQueue Appended
INFO:root:2021-07-13-11--09--34 Anomally Detected, starting call for more frames
INFO:root:2021-07-13-11--09--34 Anomally Detected, starting call for more frames
INFO:root:2021-07-13-11--09--34 anomallyFrameTracker resetted to 200
INFO:root:2021-07-13-11--09--34 Colour Conversion Completed
INFO:root:2021-07-13-11--09--34 Sleep Check Completed
INFO:root:2021-07-13-11--09--34 Frame manipulations completed
INFO:root:2021-07-13-11--09--34 Bounding Box Drawn
INFO:root:2021-07-13-11--09--34 MovingFrameQueue Appended
INFO:root:2021-07-13-11--09--34 Anomally Detected, starting call for more frames
INFO:root:2021-07-13-11--09--34 Anomally Detected, starting call for more frames
INFO:root:2021-07-13-11--09--34 anomallyFrameTracker resetted to 200
INFO:root:2021-07-13-11--09--34 Colour Conversion Completed
INFO:root:2021-07-13-11--09--34 Sleep Check Completed
INFO:root:2021-07-13-11--09--34 Frame manipulations completed
INFO:root:2021-07-13-11--09--34 Bounding Box Drawn
INFO:root:2021-07-13-11--09--34 MovingFrameQueue Appended
INFO:root:2021-07-13-11--09--34 Anomally Detected, starting call for more frames
INFO:root:2021-07-13-11--09--34 anomallyFrameTracker resetted to 200
INFO:root:2021-07-13-11--09--34 Colour Conversion Completed
INFO:root:2021-07-13-11--09--34 Sleep Check Completed
INFO:root:2021-07-13-11--09--34 Frame manipulations completed
INFO:root:2021-07-13-11--09--34 Bounding Box Drawn
INFO:root:2021-07-13-11--09--34 MovingFrameQueue Appended
INFO:root:2021-07-13-11--09--34 Anomally Detected, starting call for more frames
INFO:root:2021-07-13-11--09--34 anomallyFrameTracker resetted to 200
INFO:root:2021-07-13-11--09--34 Colour Conversion Completed
INFO:root:2021-07-13-11--09--34 Sleep Check Completed
INFO:root:2021-07-13-11--09--34 Frame manipulations completed
INFO:root:2021-07-13-11--09--34 Bounding Box Drawn
INFO:root:2021-07-13-11--09--34 MovingFrameQueue Appended
INFO:root:2021-07-13-11--09--34 Anomally Detected, starting call for more frames
INFO:root:2021-07-13-11--09--34 anomallyFrameTracker resetted to 200
INFO:root:2021-07-13-11--09--35 Colour Conversion Completed
INFO:root:2021-07-13-11--09--35 Sleep Check Completed
INFO:root:2021-07-13-11--09--35 Frame manipulations completed
INFO:root:2021-07-13-11--09--35 Bounding Box Drawn
INFO:root:2021-07-13-11--09--35[INFO] elapsed time: 5.91
INFO:root:2021-07-13-11--09--35[INFO] approx. FPS: 8.62
INFO:root:2021-07-13-11--09--35 Getting Auth Token Success
INFO:root:2021-07-13-11--09--35 Anomalous Detection Video Upload Completed
INFO:root:2021-07-13-11--09--35 Getting Auth Token Success
INFO:root:2021-07-13-11--09--35 BedTime Upload Completed
INFO:root:2021-07-13-11--09--35 BedTime Upload Completed
INFO:root:2021-07-13-11--09--35 BedTime Upload Completed
