INFO:root:2021-08-02-15--36--45 Parameter Generation Success
INFO:root:2021-08-02-15--36--46 Colour Conversion Completed
INFO:root:2021-08-02-15--36--46 Sleep Check Completed
INFO:root:2021-08-02-15--36--46 Frame manipulations completed
INFO:root:2021-08-02-15--36--46 Bounding Box Drawn
INFO:root:2021-08-02-15--36--46 MovingFrameQueue Appended
INFO:root:2021-08-02-15--36--46 Colour Conversion Completed
INFO:root:2021-08-02-15--36--46 Sleep Check Completed
INFO:root:2021-08-02-15--36--46 Frame manipulations completed
INFO:root:2021-08-02-15--36--46 Bounding Box Drawn
INFO:root:2021-08-02-15--36--46 MovingFrameQueue Appended
INFO:root:2021-08-02-15--36--46 Colour Conversion Completed
INFO:root:2021-08-02-15--36--46 Sleep Check Completed
INFO:root:2021-08-02-15--36--46 Frame manipulations completed
INFO:root:2021-08-02-15--36--46 Bounding Box Drawn
INFO:root:2021-08-02-15--36--46 MovingFrameQueue Appended
INFO:root:2021-08-02-15--36--46 Colour Conversion Completed
INFO:root:2021-08-02-15--36--46 Sleep Check Completed
INFO:root:2021-08-02-15--36--46 Frame manipulations completed
INFO:root:2021-08-02-15--36--46 Bounding Box Drawn
INFO:root:2021-08-02-15--36--46 MovingFrameQueue Appended
INFO:root:2021-08-02-15--36--46 Colour Conversion Completed
INFO:root:2021-08-02-15--36--46 Sleep Check Completed
INFO:root:2021-08-02-15--36--46 Frame manipulations completed
INFO:root:2021-08-02-15--36--46 Bounding Box Drawn
INFO:root:2021-08-02-15--36--46 MovingFrameQueue Appended
INFO:root:2021-08-02-15--36--46 Colour Conversion Completed
INFO:root:2021-08-02-15--36--46 Sleep Check Completed
INFO:root:2021-08-02-15--36--46 Frame manipulations completed
INFO:root:2021-08-02-15--36--46 Bounding Box Drawn
INFO:root:2021-08-02-15--36--46 MovingFrameQueue Appended
INFO:root:2021-08-02-15--36--46 Colour Conversion Completed
INFO:root:2021-08-02-15--36--46 Sleep Check Completed
INFO:root:2021-08-02-15--36--46 Frame manipulations completed
INFO:root:2021-08-02-15--36--46 Bounding Box Drawn
INFO:root:2021-08-02-15--36--46 MovingFrameQueue Appended
INFO:root:2021-08-02-15--36--46 Colour Conversion Completed
INFO:root:2021-08-02-15--36--46 Sleep Check Completed
INFO:root:2021-08-02-15--36--46 Frame manipulations completed
INFO:root:2021-08-02-15--36--46 Bounding Box Drawn
INFO:root:2021-08-02-15--36--46 MovingFrameQueue Appended
INFO:root:2021-08-02-15--36--47 Colour Conversion Completed
INFO:root:2021-08-02-15--36--47 Sleep Check Completed
INFO:root:2021-08-02-15--36--47 Frame manipulations completed
INFO:root:2021-08-02-15--36--47 Bounding Box Drawn
INFO:root:2021-08-02-15--36--47 MovingFrameQueue Appended
INFO:root:2021-08-02-15--36--47 Colour Conversion Completed
INFO:root:2021-08-02-15--36--47 Sleep Check Completed
INFO:root:2021-08-02-15--36--47 Frame manipulations completed
INFO:root:2021-08-02-15--36--47 Bounding Box Drawn
INFO:root:2021-08-02-15--36--47 MovingFrameQueue Appended
INFO:root:2021-08-02-15--36--47 Colour Conversion Completed
INFO:root:2021-08-02-15--36--47 Sleep Check Completed
INFO:root:2021-08-02-15--36--47 Frame manipulations completed
INFO:root:2021-08-02-15--36--47 Bounding Box Drawn
INFO:root:2021-08-02-15--36--47 MovingFrameQueue Appended
INFO:root:2021-08-02-15--36--47 Colour Conversion Completed
INFO:root:2021-08-02-15--36--47 Sleep Check Completed
INFO:root:2021-08-02-15--36--47 Frame manipulations completed
INFO:root:2021-08-02-15--36--47 Bounding Box Drawn
INFO:root:2021-08-02-15--36--47 MovingFrameQueue Appended
INFO:root:2021-08-02-15--36--47 Colour Conversion Completed
INFO:root:2021-08-02-15--36--47 Sleep Check Completed
INFO:root:2021-08-02-15--36--47 Frame manipulations completed
INFO:root:2021-08-02-15--36--47 Bounding Box Drawn
INFO:root:2021-08-02-15--36--47 MovingFrameQueue Appended
INFO:root:2021-08-02-15--36--47 Colour Conversion Completed
INFO:root:2021-08-02-15--36--47 Sleep Check Completed
INFO:root:2021-08-02-15--36--47 Frame manipulations completed
INFO:root:2021-08-02-15--36--47 Bounding Box Drawn
INFO:root:2021-08-02-15--36--47 MovingFrameQueue Appended
INFO:root:2021-08-02-15--36--47 Colour Conversion Completed
INFO:root:2021-08-02-15--36--47 Sleep Check Completed
INFO:root:2021-08-02-15--36--47 Frame manipulations completed
INFO:root:2021-08-02-15--36--47 Bounding Box Drawn
INFO:root:2021-08-02-15--36--47 MovingFrameQueue Appended
INFO:root:2021-08-02-15--36--47 Colour Conversion Completed
INFO:root:2021-08-02-15--36--47 Sleep Check Completed
INFO:root:2021-08-02-15--36--47 Frame manipulations completed
INFO:root:2021-08-02-15--36--47 Bounding Box Drawn
INFO:root:2021-08-02-15--36--47 MovingFrameQueue Appended
INFO:root:2021-08-02-15--36--47 Colour Conversion Completed
INFO:root:2021-08-02-15--36--47 Sleep Check Completed
INFO:root:2021-08-02-15--36--47 Frame manipulations completed
INFO:root:2021-08-02-15--36--47 Bounding Box Drawn
INFO:root:2021-08-02-15--36--47 MovingFrameQueue Appended
INFO:root:2021-08-02-15--36--48 Colour Conversion Completed
INFO:root:2021-08-02-15--36--48 Sleep Check Completed
INFO:root:2021-08-02-15--36--48 Frame manipulations completed
INFO:root:2021-08-02-15--36--48 Bounding Box Drawn
INFO:root:2021-08-02-15--36--48 MovingFrameQueue Appended
INFO:root:2021-08-02-15--36--48 Colour Conversion Completed
INFO:root:2021-08-02-15--36--48 Sleep Check Completed
INFO:root:2021-08-02-15--36--48 Frame manipulations completed
INFO:root:2021-08-02-15--36--48 Bounding Box Drawn
INFO:root:2021-08-02-15--36--48 MovingFrameQueue Appended
INFO:root:2021-08-02-15--36--48 Colour Conversion Completed
INFO:root:2021-08-02-15--36--48 Sleep Check Completed
INFO:root:2021-08-02-15--36--48 Frame manipulations completed
INFO:root:2021-08-02-15--36--48 Bounding Box Drawn
INFO:root:2021-08-02-15--36--48 MovingFrameQueue Appended
INFO:root:2021-08-02-15--36--48 Colour Conversion Completed
INFO:root:2021-08-02-15--36--48 Sleep Check Completed
INFO:root:2021-08-02-15--36--48 Frame manipulations completed
INFO:root:2021-08-02-15--36--48 Bounding Box Drawn
INFO:root:2021-08-02-15--36--48 MovingFrameQueue Appended
INFO:root:2021-08-02-15--36--48 Colour Conversion Completed
INFO:root:2021-08-02-15--36--48 Sleep Check Completed
INFO:root:2021-08-02-15--36--48 Frame manipulations completed
INFO:root:2021-08-02-15--36--48 Bounding Box Drawn
INFO:root:2021-08-02-15--36--48 MovingFrameQueue Appended
INFO:root:2021-08-02-15--36--48 Colour Conversion Completed
INFO:root:2021-08-02-15--36--48 Sleep Check Completed
INFO:root:2021-08-02-15--36--48 Frame manipulations completed
INFO:root:2021-08-02-15--36--48 Bounding Box Drawn
INFO:root:2021-08-02-15--36--48 MovingFrameQueue Appended
INFO:root:2021-08-02-15--36--48 Colour Conversion Completed
INFO:root:2021-08-02-15--36--48 Sleep Check Completed
INFO:root:2021-08-02-15--36--48 Frame manipulations completed
INFO:root:2021-08-02-15--36--48 Bounding Box Drawn
INFO:root:2021-08-02-15--36--48 MovingFrameQueue Appended
INFO:root:2021-08-02-15--36--48 Colour Conversion Completed
INFO:root:2021-08-02-15--36--48 Sleep Check Completed
INFO:root:2021-08-02-15--36--48 Frame manipulations completed
INFO:root:2021-08-02-15--36--48 Bounding Box Drawn
INFO:root:2021-08-02-15--36--48 MovingFrameQueue Appended
INFO:root:2021-08-02-15--36--48 Colour Conversion Completed
INFO:root:2021-08-02-15--36--48 Sleep Check Completed
INFO:root:2021-08-02-15--36--48 Frame manipulations completed
INFO:root:2021-08-02-15--36--48 Bounding Box Drawn
INFO:root:2021-08-02-15--36--48 MovingFrameQueue Appended
INFO:root:2021-08-02-15--36--49 Colour Conversion Completed
INFO:root:2021-08-02-15--36--49 Sleep Check Completed
INFO:root:2021-08-02-15--36--49 Frame manipulations completed
INFO:root:2021-08-02-15--36--49 Bounding Box Drawn
INFO:root:2021-08-02-15--36--49 MovingFrameQueue Appended
INFO:root:2021-08-02-15--36--49 Colour Conversion Completed
INFO:root:2021-08-02-15--36--49 Sleep Check Completed
INFO:root:2021-08-02-15--36--49 Frame manipulations completed
INFO:root:2021-08-02-15--36--49 Bounding Box Drawn
INFO:root:2021-08-02-15--36--49 MovingFrameQueue Appended
INFO:root:2021-08-02-15--36--49 Colour Conversion Completed
INFO:root:2021-08-02-15--36--49 Sleep Check Completed
INFO:root:2021-08-02-15--36--49 Frame manipulations completed
INFO:root:2021-08-02-15--36--49 Bounding Box Drawn
INFO:root:2021-08-02-15--36--49 MovingFrameQueue Appended
INFO:root:2021-08-02-15--36--49 Colour Conversion Completed
INFO:root:2021-08-02-15--36--49 Sleep Check Completed
INFO:root:2021-08-02-15--36--49 Frame manipulations completed
INFO:root:2021-08-02-15--36--49 Bounding Box Drawn
INFO:root:2021-08-02-15--36--49 MovingFrameQueue Appended
INFO:root:2021-08-02-15--36--49 Colour Conversion Completed
INFO:root:2021-08-02-15--36--49 Sleep Check Completed
INFO:root:2021-08-02-15--36--49 Frame manipulations completed
INFO:root:2021-08-02-15--36--49 Bounding Box Drawn
INFO:root:2021-08-02-15--36--49 MovingFrameQueue Appended
INFO:root:2021-08-02-15--36--49 Colour Conversion Completed
INFO:root:2021-08-02-15--36--49 Sleep Check Completed
INFO:root:2021-08-02-15--36--49 Frame manipulations completed
INFO:root:2021-08-02-15--36--49 Bounding Box Drawn
INFO:root:2021-08-02-15--36--49 MovingFrameQueue Appended
INFO:root:2021-08-02-15--36--49 Colour Conversion Completed
INFO:root:2021-08-02-15--36--49 Sleep Check Completed
INFO:root:2021-08-02-15--36--49 Frame manipulations completed
INFO:root:2021-08-02-15--36--49 Bounding Box Drawn
INFO:root:2021-08-02-15--36--49 MovingFrameQueue Appended
INFO:root:2021-08-02-15--36--49 Colour Conversion Completed
INFO:root:2021-08-02-15--36--49 Sleep Check Completed
INFO:root:2021-08-02-15--36--49 Frame manipulations completed
INFO:root:2021-08-02-15--36--49 Bounding Box Drawn
INFO:root:2021-08-02-15--36--49 MovingFrameQueue Appended
INFO:root:2021-08-02-15--36--49 Colour Conversion Completed
INFO:root:2021-08-02-15--36--49 Sleep Check Completed
INFO:root:2021-08-02-15--36--49 Frame manipulations completed
INFO:root:2021-08-02-15--36--49 Bounding Box Drawn
INFO:root:2021-08-02-15--36--49 MovingFrameQueue Appended
INFO:root:2021-08-02-15--36--50 Colour Conversion Completed
INFO:root:2021-08-02-15--36--50 Sleep Check Completed
INFO:root:2021-08-02-15--36--50 Frame manipulations completed
INFO:root:2021-08-02-15--36--50 Bounding Box Drawn
INFO:root:2021-08-02-15--36--50 MovingFrameQueue Appended
INFO:root:2021-08-02-15--36--50 Colour Conversion Completed
INFO:root:2021-08-02-15--36--50 Sleep Check Completed
INFO:root:2021-08-02-15--36--50 Frame manipulations completed
INFO:root:2021-08-02-15--36--50 Bounding Box Drawn
INFO:root:2021-08-02-15--36--50 MovingFrameQueue Appended
INFO:root:2021-08-02-15--36--50 Colour Conversion Completed
INFO:root:2021-08-02-15--36--50 Sleep Check Completed
INFO:root:2021-08-02-15--36--50 Frame manipulations completed
INFO:root:2021-08-02-15--36--50 Bounding Box Drawn
INFO:root:2021-08-02-15--36--50 MovingFrameQueue Appended
INFO:root:2021-08-02-15--36--50 Colour Conversion Completed
INFO:root:2021-08-02-15--36--50 Sleep Check Completed
INFO:root:2021-08-02-15--36--50 Frame manipulations completed
INFO:root:2021-08-02-15--36--50 Bounding Box Drawn
INFO:root:2021-08-02-15--36--50 MovingFrameQueue Appended
INFO:root:2021-08-02-15--36--50 Colour Conversion Completed
INFO:root:2021-08-02-15--36--50 Sleep Check Completed
INFO:root:2021-08-02-15--36--50 Frame manipulations completed
INFO:root:2021-08-02-15--36--50 Bounding Box Drawn
INFO:root:2021-08-02-15--36--50 MovingFrameQueue Appended
INFO:root:2021-08-02-15--36--50 Colour Conversion Completed
INFO:root:2021-08-02-15--36--50 Sleep Check Completed
INFO:root:2021-08-02-15--36--50 Frame manipulations completed
INFO:root:2021-08-02-15--36--50 Bounding Box Drawn
INFO:root:2021-08-02-15--36--50 MovingFrameQueue Appended
INFO:root:2021-08-02-15--36--50 Colour Conversion Completed
INFO:root:2021-08-02-15--36--50 Sleep Check Completed
INFO:root:2021-08-02-15--36--50 Frame manipulations completed
INFO:root:2021-08-02-15--36--50 Bounding Box Drawn
INFO:root:2021-08-02-15--36--50 MovingFrameQueue Appended
INFO:root:2021-08-02-15--36--50 Colour Conversion Completed
INFO:root:2021-08-02-15--36--50 Sleep Check Completed
INFO:root:2021-08-02-15--36--50 Frame manipulations completed
INFO:root:2021-08-02-15--36--50 Bounding Box Drawn
INFO:root:2021-08-02-15--36--50 MovingFrameQueue Appended
INFO:root:2021-08-02-15--36--51 Colour Conversion Completed
INFO:root:2021-08-02-15--36--51 Sleep Check Completed
INFO:root:2021-08-02-15--36--51 Frame manipulations completed
INFO:root:2021-08-02-15--36--51 Bounding Box Drawn
INFO:root:2021-08-02-15--36--51 MovingFrameQueue Appended
INFO:root:2021-08-02-15--36--51 Colour Conversion Completed
INFO:root:2021-08-02-15--36--51 Sleep Check Completed
INFO:root:2021-08-02-15--36--51 Frame manipulations completed
INFO:root:2021-08-02-15--36--51 Bounding Box Drawn
INFO:root:2021-08-02-15--36--51 MovingFrameQueue Appended
INFO:root:2021-08-02-15--36--51 Colour Conversion Completed
INFO:root:2021-08-02-15--36--51 Sleep Check Completed
INFO:root:2021-08-02-15--36--51 Frame manipulations completed
INFO:root:2021-08-02-15--36--51 Bounding Box Drawn
INFO:root:2021-08-02-15--36--51 MovingFrameQueue Appended
INFO:root:2021-08-02-15--36--51 Colour Conversion Completed
INFO:root:2021-08-02-15--36--51 Sleep Check Completed
INFO:root:2021-08-02-15--36--51 Frame manipulations completed
INFO:root:2021-08-02-15--36--51 Bounding Box Drawn
INFO:root:2021-08-02-15--36--51 MovingFrameQueue Appended
INFO:root:2021-08-02-15--36--51 Colour Conversion Completed
INFO:root:2021-08-02-15--36--51 Sleep Check Completed
INFO:root:2021-08-02-15--36--51 Frame manipulations completed
INFO:root:2021-08-02-15--36--51 Bounding Box Drawn
INFO:root:2021-08-02-15--36--51 MovingFrameQueue Appended
INFO:root:2021-08-02-15--36--51 Colour Conversion Completed
INFO:root:2021-08-02-15--36--51 Sleep Check Completed
INFO:root:2021-08-02-15--36--51 Frame manipulations completed
INFO:root:2021-08-02-15--36--51 Bounding Box Drawn
INFO:root:2021-08-02-15--36--51 MovingFrameQueue Appended
INFO:root:2021-08-02-15--36--51 Colour Conversion Completed
INFO:root:2021-08-02-15--36--51 Sleep Check Completed
INFO:root:2021-08-02-15--36--51 Frame manipulations completed
INFO:root:2021-08-02-15--36--51 Bounding Box Drawn
INFO:root:2021-08-02-15--36--51 MovingFrameQueue Appended
INFO:root:2021-08-02-15--36--51 Colour Conversion Completed
INFO:root:2021-08-02-15--36--51 Sleep Check Completed
INFO:root:2021-08-02-15--36--51 Frame manipulations completed
INFO:root:2021-08-02-15--36--51 Bounding Box Drawn
INFO:root:2021-08-02-15--36--51 MovingFrameQueue Appended
INFO:root:2021-08-02-15--36--51 Colour Conversion Completed
INFO:root:2021-08-02-15--36--51 Sleep Check Completed
INFO:root:2021-08-02-15--36--51 Frame manipulations completed
INFO:root:2021-08-02-15--36--51 Bounding Box Drawn
INFO:root:2021-08-02-15--36--51 MovingFrameQueue Popped
INFO:root:2021-08-02-15--36--52 Colour Conversion Completed
INFO:root:2021-08-02-15--36--52 Sleep Check Completed
INFO:root:2021-08-02-15--36--52 Frame manipulations completed
INFO:root:2021-08-02-15--36--52 Bounding Box Drawn
INFO:root:2021-08-02-15--36--52 MovingFrameQueue Appended
INFO:root:2021-08-02-15--36--52 Colour Conversion Completed
INFO:root:2021-08-02-15--36--52 Sleep Check Completed
INFO:root:2021-08-02-15--36--52 Frame manipulations completed
INFO:root:2021-08-02-15--36--52 Bounding Box Drawn
INFO:root:2021-08-02-15--36--52 MovingFrameQueue Popped
INFO:root:2021-08-02-15--36--52 Colour Conversion Completed
INFO:root:2021-08-02-15--36--52 Sleep Check Completed
INFO:root:2021-08-02-15--36--52 Frame manipulations completed
INFO:root:2021-08-02-15--36--52 Bounding Box Drawn
INFO:root:2021-08-02-15--36--52 MovingFrameQueue Appended
INFO:root:2021-08-02-15--36--52 Colour Conversion Completed
INFO:root:2021-08-02-15--36--52 Sleep Check Completed
INFO:root:2021-08-02-15--36--52 Frame manipulations completed
INFO:root:2021-08-02-15--36--52 Bounding Box Drawn
INFO:root:2021-08-02-15--36--52 MovingFrameQueue Popped
INFO:root:2021-08-02-15--36--52 Colour Conversion Completed
INFO:root:2021-08-02-15--36--52 Sleep Check Completed
INFO:root:2021-08-02-15--36--52 Frame manipulations completed
INFO:root:2021-08-02-15--36--52 Bounding Box Drawn
INFO:root:2021-08-02-15--36--52 MovingFrameQueue Appended
INFO:root:2021-08-02-15--36--52 Colour Conversion Completed
INFO:root:2021-08-02-15--36--52 Sleep Check Completed
INFO:root:2021-08-02-15--36--52 Frame manipulations completed
INFO:root:2021-08-02-15--36--52 Bounding Box Drawn
INFO:root:2021-08-02-15--36--52 MovingFrameQueue Popped
INFO:root:2021-08-02-15--36--52 Colour Conversion Completed
INFO:root:2021-08-02-15--36--52 Sleep Check Completed
INFO:root:2021-08-02-15--36--52 Frame manipulations completed
INFO:root:2021-08-02-15--36--52 Bounding Box Drawn
INFO:root:2021-08-02-15--36--52 MovingFrameQueue Appended
INFO:root:2021-08-02-15--36--52 Colour Conversion Completed
INFO:root:2021-08-02-15--36--52 Sleep Check Completed
INFO:root:2021-08-02-15--36--52 Frame manipulations completed
INFO:root:2021-08-02-15--36--52 Bounding Box Drawn
INFO:root:2021-08-02-15--36--52 MovingFrameQueue Popped
INFO:root:2021-08-02-15--36--52 Colour Conversion Completed
INFO:root:2021-08-02-15--36--52 Sleep Check Completed
INFO:root:2021-08-02-15--36--52 Frame manipulations completed
INFO:root:2021-08-02-15--36--52 Bounding Box Drawn
INFO:root:2021-08-02-15--36--52 MovingFrameQueue Appended
INFO:root:2021-08-02-15--36--53 Colour Conversion Completed
INFO:root:2021-08-02-15--36--53 Sleep Check Completed
INFO:root:2021-08-02-15--36--53 Frame manipulations completed
INFO:root:2021-08-02-15--36--53 Bounding Box Drawn
INFO:root:2021-08-02-15--36--53 MovingFrameQueue Popped
INFO:root:2021-08-02-15--36--53 Colour Conversion Completed
INFO:root:2021-08-02-15--36--53 Sleep Check Completed
INFO:root:2021-08-02-15--36--53 Frame manipulations completed
INFO:root:2021-08-02-15--36--53 Bounding Box Drawn
INFO:root:2021-08-02-15--36--53 MovingFrameQueue Appended
INFO:root:2021-08-02-15--36--53 Colour Conversion Completed
INFO:root:2021-08-02-15--36--53 Sleep Check Completed
INFO:root:2021-08-02-15--36--53 Frame manipulations completed
INFO:root:2021-08-02-15--36--53 Bounding Box Drawn
INFO:root:2021-08-02-15--36--53 MovingFrameQueue Popped
INFO:root:2021-08-02-15--36--53 Colour Conversion Completed
INFO:root:2021-08-02-15--36--53 Sleep Check Completed
INFO:root:2021-08-02-15--36--53 Frame manipulations completed
INFO:root:2021-08-02-15--36--53 Bounding Box Drawn
INFO:root:2021-08-02-15--36--53 MovingFrameQueue Appended
INFO:root:2021-08-02-15--36--53 Colour Conversion Completed
INFO:root:2021-08-02-15--36--53 Sleep Check Completed
INFO:root:2021-08-02-15--36--53 Frame manipulations completed
INFO:root:2021-08-02-15--36--53 Bounding Box Drawn
INFO:root:2021-08-02-15--36--53 MovingFrameQueue Popped
INFO:root:2021-08-02-15--36--53 Colour Conversion Completed
INFO:root:2021-08-02-15--36--53 Sleep Check Completed
INFO:root:2021-08-02-15--36--53 Frame manipulations completed
INFO:root:2021-08-02-15--36--53 Bounding Box Drawn
INFO:root:2021-08-02-15--36--53 MovingFrameQueue Appended
INFO:root:2021-08-02-15--36--53 Colour Conversion Completed
INFO:root:2021-08-02-15--36--53 Sleep Check Completed
INFO:root:2021-08-02-15--36--53 Frame manipulations completed
INFO:root:2021-08-02-15--36--53 Bounding Box Drawn
INFO:root:2021-08-02-15--36--53 MovingFrameQueue Popped
INFO:root:2021-08-02-15--36--53 Colour Conversion Completed
INFO:root:2021-08-02-15--36--53 Sleep Check Completed
INFO:root:2021-08-02-15--36--53 Frame manipulations completed
INFO:root:2021-08-02-15--36--53 Bounding Box Drawn
INFO:root:2021-08-02-15--36--53 MovingFrameQueue Appended
INFO:root:2021-08-02-15--36--53 Colour Conversion Completed
INFO:root:2021-08-02-15--36--53 Sleep Check Completed
INFO:root:2021-08-02-15--36--53 Frame manipulations completed
INFO:root:2021-08-02-15--36--53 Bounding Box Drawn
INFO:root:2021-08-02-15--36--53 MovingFrameQueue Popped
INFO:root:2021-08-02-15--36--54 Colour Conversion Completed
INFO:root:2021-08-02-15--36--54 Sleep Check Completed
INFO:root:2021-08-02-15--36--54 Frame manipulations completed
INFO:root:2021-08-02-15--36--54 Bounding Box Drawn
INFO:root:2021-08-02-15--36--54 MovingFrameQueue Appended
INFO:root:2021-08-02-15--36--54 Colour Conversion Completed
INFO:root:2021-08-02-15--36--54 Sleep Check Completed
INFO:root:2021-08-02-15--36--54 Frame manipulations completed
INFO:root:2021-08-02-15--36--54 Bounding Box Drawn
INFO:root:2021-08-02-15--36--54 MovingFrameQueue Popped
INFO:root:2021-08-02-15--36--54 Colour Conversion Completed
INFO:root:2021-08-02-15--36--54 Sleep Check Completed
INFO:root:2021-08-02-15--36--54 Frame manipulations completed
INFO:root:2021-08-02-15--36--54 Bounding Box Drawn
INFO:root:2021-08-02-15--36--54 MovingFrameQueue Appended
INFO:root:2021-08-02-15--36--54 Colour Conversion Completed
INFO:root:2021-08-02-15--36--54 Sleep Check Completed
INFO:root:2021-08-02-15--36--54 Frame manipulations completed
INFO:root:2021-08-02-15--36--54 Bounding Box Drawn
INFO:root:2021-08-02-15--36--54 MovingFrameQueue Popped
INFO:root:2021-08-02-15--36--54 Colour Conversion Completed
INFO:root:2021-08-02-15--36--54 Sleep Check Completed
INFO:root:2021-08-02-15--36--54 Frame manipulations completed
INFO:root:2021-08-02-15--36--54 Bounding Box Drawn
INFO:root:2021-08-02-15--36--54 MovingFrameQueue Appended
INFO:root:2021-08-02-15--36--54 Colour Conversion Completed
INFO:root:2021-08-02-15--36--54 Sleep Check Completed
INFO:root:2021-08-02-15--36--54 Frame manipulations completed
INFO:root:2021-08-02-15--36--54 Bounding Box Drawn
INFO:root:2021-08-02-15--36--54 MovingFrameQueue Popped
INFO:root:2021-08-02-15--36--54 Colour Conversion Completed
INFO:root:2021-08-02-15--36--54 Sleep Check Completed
INFO:root:2021-08-02-15--36--54 Frame manipulations completed
INFO:root:2021-08-02-15--36--54 Bounding Box Drawn
INFO:root:2021-08-02-15--36--54 MovingFrameQueue Appended
INFO:root:2021-08-02-15--36--54 Colour Conversion Completed
INFO:root:2021-08-02-15--36--54 Sleep Check Completed
INFO:root:2021-08-02-15--36--54 Frame manipulations completed
INFO:root:2021-08-02-15--36--54 Bounding Box Drawn
INFO:root:2021-08-02-15--36--54 MovingFrameQueue Popped
INFO:root:2021-08-02-15--36--55 Colour Conversion Completed
INFO:root:2021-08-02-15--36--55 Sleep Check Completed
INFO:root:2021-08-02-15--36--55 Frame manipulations completed
INFO:root:2021-08-02-15--36--55 Bounding Box Drawn
INFO:root:2021-08-02-15--36--55 MovingFrameQueue Appended
INFO:root:2021-08-02-15--36--55 Colour Conversion Completed
INFO:root:2021-08-02-15--36--55 Sleep Check Completed
INFO:root:2021-08-02-15--36--55 Frame manipulations completed
INFO:root:2021-08-02-15--36--55 Bounding Box Drawn
INFO:root:2021-08-02-15--36--55 MovingFrameQueue Popped
INFO:root:2021-08-02-15--36--55 Colour Conversion Completed
INFO:root:2021-08-02-15--36--55 Sleep Check Completed
INFO:root:2021-08-02-15--36--55 Frame manipulations completed
INFO:root:2021-08-02-15--36--55 Bounding Box Drawn
INFO:root:2021-08-02-15--36--55 MovingFrameQueue Appended
INFO:root:2021-08-02-15--36--55 Colour Conversion Completed
INFO:root:2021-08-02-15--36--55 Sleep Check Completed
INFO:root:2021-08-02-15--36--55 Frame manipulations completed
INFO:root:2021-08-02-15--36--55 Bounding Box Drawn
INFO:root:2021-08-02-15--36--55 MovingFrameQueue Popped
INFO:root:2021-08-02-15--36--55 Colour Conversion Completed
INFO:root:2021-08-02-15--36--55 Sleep Check Completed
INFO:root:2021-08-02-15--36--55 Frame manipulations completed
INFO:root:2021-08-02-15--36--55 Bounding Box Drawn
INFO:root:2021-08-02-15--36--55 MovingFrameQueue Appended
INFO:root:2021-08-02-15--36--55 Colour Conversion Completed
INFO:root:2021-08-02-15--36--55 Sleep Check Completed
INFO:root:2021-08-02-15--36--55 Frame manipulations completed
INFO:root:2021-08-02-15--36--55 Bounding Box Drawn
INFO:root:2021-08-02-15--36--55 MovingFrameQueue Popped
INFO:root:2021-08-02-15--36--55 Colour Conversion Completed
INFO:root:2021-08-02-15--36--55 Sleep Check Completed
INFO:root:2021-08-02-15--36--55 Frame manipulations completed
INFO:root:2021-08-02-15--36--55 Bounding Box Drawn
INFO:root:2021-08-02-15--36--55 MovingFrameQueue Appended
INFO:root:2021-08-02-15--36--55 Colour Conversion Completed
INFO:root:2021-08-02-15--36--55 Sleep Check Completed
INFO:root:2021-08-02-15--36--55 Frame manipulations completed
INFO:root:2021-08-02-15--36--55 Bounding Box Drawn
INFO:root:2021-08-02-15--36--55 MovingFrameQueue Popped
INFO:root:2021-08-02-15--36--55 Colour Conversion Completed
INFO:root:2021-08-02-15--36--55 Sleep Check Completed
INFO:root:2021-08-02-15--36--55 Frame manipulations completed
INFO:root:2021-08-02-15--36--55 Bounding Box Drawn
INFO:root:2021-08-02-15--36--55 MovingFrameQueue Appended
INFO:root:2021-08-02-15--36--56 Colour Conversion Completed
INFO:root:2021-08-02-15--36--56 Sleep Check Completed
INFO:root:2021-08-02-15--36--56 Frame manipulations completed
INFO:root:2021-08-02-15--36--56 Bounding Box Drawn
INFO:root:2021-08-02-15--36--56 MovingFrameQueue Popped
INFO:root:2021-08-02-15--36--56 Colour Conversion Completed
INFO:root:2021-08-02-15--36--56 Sleep Check Completed
INFO:root:2021-08-02-15--36--56 Frame manipulations completed
INFO:root:2021-08-02-15--36--56 Bounding Box Drawn
INFO:root:2021-08-02-15--36--56 MovingFrameQueue Appended
INFO:root:2021-08-02-15--36--56 Colour Conversion Completed
INFO:root:2021-08-02-15--36--56 Sleep Check Completed
INFO:root:2021-08-02-15--36--56 Frame manipulations completed
INFO:root:2021-08-02-15--36--56 Bounding Box Drawn
INFO:root:2021-08-02-15--36--56 MovingFrameQueue Popped
INFO:root:2021-08-02-15--36--56 Colour Conversion Completed
INFO:root:2021-08-02-15--36--56 Sleep Check Completed
INFO:root:2021-08-02-15--36--56 Frame manipulations completed
INFO:root:2021-08-02-15--36--56 Bounding Box Drawn
INFO:root:2021-08-02-15--36--56 MovingFrameQueue Appended
INFO:root:2021-08-02-15--36--56 Colour Conversion Completed
INFO:root:2021-08-02-15--36--56 Sleep Check Completed
INFO:root:2021-08-02-15--36--56 Frame manipulations completed
INFO:root:2021-08-02-15--36--56 Bounding Box Drawn
INFO:root:2021-08-02-15--36--56 MovingFrameQueue Popped
INFO:root:2021-08-02-15--36--56 Colour Conversion Completed
INFO:root:2021-08-02-15--36--56 Sleep Check Completed
INFO:root:2021-08-02-15--36--56 Frame manipulations completed
INFO:root:2021-08-02-15--36--56 Bounding Box Drawn
INFO:root:2021-08-02-15--36--56 MovingFrameQueue Appended
INFO:root:2021-08-02-15--36--56 Colour Conversion Completed
INFO:root:2021-08-02-15--36--56 Sleep Check Completed
INFO:root:2021-08-02-15--36--56 Frame manipulations completed
INFO:root:2021-08-02-15--36--56 Bounding Box Drawn
INFO:root:2021-08-02-15--36--56 MovingFrameQueue Popped
INFO:root:2021-08-02-15--36--56 Colour Conversion Completed
INFO:root:2021-08-02-15--36--56 Sleep Check Completed
INFO:root:2021-08-02-15--36--56 Frame manipulations completed
INFO:root:2021-08-02-15--36--56 Bounding Box Drawn
INFO:root:2021-08-02-15--36--56 MovingFrameQueue Appended
INFO:root:2021-08-02-15--36--56 Colour Conversion Completed
INFO:root:2021-08-02-15--36--56 Sleep Check Completed
INFO:root:2021-08-02-15--36--56 Frame manipulations completed
INFO:root:2021-08-02-15--36--56 Bounding Box Drawn
INFO:root:2021-08-02-15--36--56 MovingFrameQueue Popped
INFO:root:2021-08-02-15--36--57 Colour Conversion Completed
INFO:root:2021-08-02-15--36--57 Sleep Check Completed
INFO:root:2021-08-02-15--36--57 Frame manipulations completed
INFO:root:2021-08-02-15--36--57 Bounding Box Drawn
INFO:root:2021-08-02-15--36--57 MovingFrameQueue Appended
INFO:root:2021-08-02-15--36--57 Colour Conversion Completed
INFO:root:2021-08-02-15--36--57 Sleep Check Completed
INFO:root:2021-08-02-15--36--57 Frame manipulations completed
INFO:root:2021-08-02-15--36--57 Bounding Box Drawn
INFO:root:2021-08-02-15--36--57 MovingFrameQueue Popped
INFO:root:2021-08-02-15--36--57 Colour Conversion Completed
INFO:root:2021-08-02-15--36--57 Sleep Check Completed
INFO:root:2021-08-02-15--36--57 Frame manipulations completed
INFO:root:2021-08-02-15--36--57 Bounding Box Drawn
INFO:root:2021-08-02-15--36--57 MovingFrameQueue Appended
INFO:root:2021-08-02-15--36--57 Colour Conversion Completed
INFO:root:2021-08-02-15--36--57 Sleep Check Completed
INFO:root:2021-08-02-15--36--57 Frame manipulations completed
INFO:root:2021-08-02-15--36--57 Bounding Box Drawn
INFO:root:2021-08-02-15--36--57 MovingFrameQueue Popped
INFO:root:2021-08-02-15--36--57 Colour Conversion Completed
INFO:root:2021-08-02-15--36--57 Sleep Check Completed
INFO:root:2021-08-02-15--36--57 Frame manipulations completed
INFO:root:2021-08-02-15--36--57 Bounding Box Drawn
INFO:root:2021-08-02-15--36--57 MovingFrameQueue Appended
INFO:root:2021-08-02-15--36--57 Colour Conversion Completed
INFO:root:2021-08-02-15--36--57 Sleep Check Completed
INFO:root:2021-08-02-15--36--57 Frame manipulations completed
INFO:root:2021-08-02-15--36--57 Bounding Box Drawn
INFO:root:2021-08-02-15--36--57 MovingFrameQueue Popped
INFO:root:2021-08-02-15--36--57 Colour Conversion Completed
INFO:root:2021-08-02-15--36--57 Sleep Check Completed
INFO:root:2021-08-02-15--36--57 Frame manipulations completed
INFO:root:2021-08-02-15--36--57 Bounding Box Drawn
INFO:root:2021-08-02-15--36--57 MovingFrameQueue Appended
INFO:root:2021-08-02-15--36--57 Colour Conversion Completed
INFO:root:2021-08-02-15--36--57 Sleep Check Completed
INFO:root:2021-08-02-15--36--57 Frame manipulations completed
INFO:root:2021-08-02-15--36--57 Bounding Box Drawn
INFO:root:2021-08-02-15--36--57 MovingFrameQueue Popped
INFO:root:2021-08-02-15--36--57 Colour Conversion Completed
INFO:root:2021-08-02-15--36--58 Sleep Check Completed
INFO:root:2021-08-02-15--36--58 Frame manipulations completed
INFO:root:2021-08-02-15--36--58 Bounding Box Drawn
INFO:root:2021-08-02-15--36--58 MovingFrameQueue Appended
INFO:root:2021-08-02-15--36--58 Colour Conversion Completed
INFO:root:2021-08-02-15--36--58 Sleep Check Completed
INFO:root:2021-08-02-15--36--58 Frame manipulations completed
INFO:root:2021-08-02-15--36--58 Bounding Box Drawn
INFO:root:2021-08-02-15--36--58 MovingFrameQueue Popped
INFO:root:2021-08-02-15--36--58 Colour Conversion Completed
INFO:root:2021-08-02-15--36--58 Sleep Check Completed
INFO:root:2021-08-02-15--36--58 Frame manipulations completed
INFO:root:2021-08-02-15--36--58 Bounding Box Drawn
INFO:root:2021-08-02-15--36--58 MovingFrameQueue Appended
INFO:root:2021-08-02-15--36--58 Colour Conversion Completed
INFO:root:2021-08-02-15--36--58 Sleep Check Completed
INFO:root:2021-08-02-15--36--58 Frame manipulations completed
INFO:root:2021-08-02-15--36--58 Bounding Box Drawn
INFO:root:2021-08-02-15--36--58 MovingFrameQueue Popped
INFO:root:2021-08-02-15--36--58 Colour Conversion Completed
INFO:root:2021-08-02-15--36--58 Sleep Check Completed
INFO:root:2021-08-02-15--36--58 Frame manipulations completed
INFO:root:2021-08-02-15--36--58 Bounding Box Drawn
INFO:root:2021-08-02-15--36--58 MovingFrameQueue Appended
INFO:root:2021-08-02-15--36--58 Colour Conversion Completed
INFO:root:2021-08-02-15--36--58 Sleep Check Completed
INFO:root:2021-08-02-15--36--58 Frame manipulations completed
INFO:root:2021-08-02-15--36--58 Bounding Box Drawn
INFO:root:2021-08-02-15--36--58 MovingFrameQueue Popped
INFO:root:2021-08-02-15--36--58 Colour Conversion Completed
INFO:root:2021-08-02-15--36--58 Sleep Check Completed
INFO:root:2021-08-02-15--36--58 Frame manipulations completed
INFO:root:2021-08-02-15--36--58 Bounding Box Drawn
INFO:root:2021-08-02-15--36--58 MovingFrameQueue Appended
INFO:root:2021-08-02-15--36--58 Colour Conversion Completed
INFO:root:2021-08-02-15--36--58 Sleep Check Completed
INFO:root:2021-08-02-15--36--58 Frame manipulations completed
INFO:root:2021-08-02-15--36--58 Bounding Box Drawn
INFO:root:2021-08-02-15--36--58 MovingFrameQueue Popped
INFO:root:2021-08-02-15--36--58 Colour Conversion Completed
INFO:root:2021-08-02-15--36--58 Sleep Check Completed
INFO:root:2021-08-02-15--36--58 Frame manipulations completed
INFO:root:2021-08-02-15--36--58 Bounding Box Drawn
INFO:root:2021-08-02-15--36--58 MovingFrameQueue Appended
INFO:root:2021-08-02-15--36--59 Colour Conversion Completed
INFO:root:2021-08-02-15--36--59 Sleep Check Completed
INFO:root:2021-08-02-15--36--59 Frame manipulations completed
INFO:root:2021-08-02-15--36--59 Bounding Box Drawn
INFO:root:2021-08-02-15--36--59 MovingFrameQueue Popped
INFO:root:2021-08-02-15--36--59 Colour Conversion Completed
INFO:root:2021-08-02-15--36--59 Sleep Check Completed
INFO:root:2021-08-02-15--36--59 Frame manipulations completed
INFO:root:2021-08-02-15--36--59 Bounding Box Drawn
INFO:root:2021-08-02-15--36--59 MovingFrameQueue Appended
INFO:root:2021-08-02-15--36--59 Colour Conversion Completed
INFO:root:2021-08-02-15--36--59 Sleep Check Completed
INFO:root:2021-08-02-15--36--59 Frame manipulations completed
INFO:root:2021-08-02-15--36--59 Bounding Box Drawn
INFO:root:2021-08-02-15--36--59 MovingFrameQueue Popped
INFO:root:2021-08-02-15--36--59 Colour Conversion Completed
INFO:root:2021-08-02-15--36--59 Sleep Check Completed
INFO:root:2021-08-02-15--36--59 Frame manipulations completed
INFO:root:2021-08-02-15--36--59 Bounding Box Drawn
INFO:root:2021-08-02-15--36--59 MovingFrameQueue Appended
INFO:root:2021-08-02-15--36--59 Colour Conversion Completed
INFO:root:2021-08-02-15--36--59 Sleep Check Completed
INFO:root:2021-08-02-15--36--59 Frame manipulations completed
INFO:root:2021-08-02-15--36--59 Bounding Box Drawn
INFO:root:2021-08-02-15--36--59 MovingFrameQueue Popped
INFO:root:2021-08-02-15--36--59 Colour Conversion Completed
INFO:root:2021-08-02-15--36--59 Sleep Check Completed
INFO:root:2021-08-02-15--36--59 Frame manipulations completed
INFO:root:2021-08-02-15--36--59 Bounding Box Drawn
INFO:root:2021-08-02-15--36--59 MovingFrameQueue Appended
INFO:root:2021-08-02-15--36--59 Colour Conversion Completed
INFO:root:2021-08-02-15--36--59 Sleep Check Completed
INFO:root:2021-08-02-15--36--59 Frame manipulations completed
INFO:root:2021-08-02-15--36--59 Bounding Box Drawn
INFO:root:2021-08-02-15--36--59 MovingFrameQueue Popped
INFO:root:2021-08-02-15--36--59 Colour Conversion Completed
INFO:root:2021-08-02-15--36--59 Sleep Check Completed
INFO:root:2021-08-02-15--36--59 Frame manipulations completed
INFO:root:2021-08-02-15--36--59 Bounding Box Drawn
INFO:root:2021-08-02-15--36--59 MovingFrameQueue Appended
INFO:root:2021-08-02-15--36--59 Colour Conversion Completed
INFO:root:2021-08-02-15--36--59 Sleep Check Completed
INFO:root:2021-08-02-15--36--59 Frame manipulations completed
INFO:root:2021-08-02-15--36--59 Bounding Box Drawn
INFO:root:2021-08-02-15--36--59 MovingFrameQueue Popped
INFO:root:2021-08-02-15--37--00 Colour Conversion Completed
INFO:root:2021-08-02-15--37--00 Sleep Check Completed
INFO:root:2021-08-02-15--37--00 Frame manipulations completed
INFO:root:2021-08-02-15--37--00 Bounding Box Drawn
INFO:root:2021-08-02-15--37--00 MovingFrameQueue Appended
INFO:root:2021-08-02-15--37--00 Colour Conversion Completed
INFO:root:2021-08-02-15--37--00 Sleep Check Completed
INFO:root:2021-08-02-15--37--00 Frame manipulations completed
INFO:root:2021-08-02-15--37--00 Bounding Box Drawn
INFO:root:2021-08-02-15--37--00 MovingFrameQueue Popped
INFO:root:2021-08-02-15--37--00 Colour Conversion Completed
INFO:root:2021-08-02-15--37--00 Sleep Check Completed
INFO:root:2021-08-02-15--37--00 Frame manipulations completed
INFO:root:2021-08-02-15--37--00 Bounding Box Drawn
INFO:root:2021-08-02-15--37--00 MovingFrameQueue Appended
INFO:root:2021-08-02-15--37--00 Colour Conversion Completed
INFO:root:2021-08-02-15--37--00 Sleep Check Completed
INFO:root:2021-08-02-15--37--00 Frame manipulations completed
INFO:root:2021-08-02-15--37--00 Bounding Box Drawn
INFO:root:2021-08-02-15--37--00 MovingFrameQueue Popped
INFO:root:2021-08-02-15--37--00 Colour Conversion Completed
INFO:root:2021-08-02-15--37--00 Sleep Check Completed
INFO:root:2021-08-02-15--37--00 Frame manipulations completed
INFO:root:2021-08-02-15--37--00 Bounding Box Drawn
INFO:root:2021-08-02-15--37--00 MovingFrameQueue Appended
INFO:root:2021-08-02-15--37--00 Colour Conversion Completed
INFO:root:2021-08-02-15--37--00 Sleep Check Completed
INFO:root:2021-08-02-15--37--00 Frame manipulations completed
INFO:root:2021-08-02-15--37--00 Bounding Box Drawn
INFO:root:2021-08-02-15--37--00 MovingFrameQueue Popped
INFO:root:2021-08-02-15--37--00 Colour Conversion Completed
INFO:root:2021-08-02-15--37--00 Sleep Check Completed
INFO:root:2021-08-02-15--37--00 Frame manipulations completed
INFO:root:2021-08-02-15--37--00 Bounding Box Drawn
INFO:root:2021-08-02-15--37--00 MovingFrameQueue Appended
INFO:root:2021-08-02-15--37--00 Colour Conversion Completed
INFO:root:2021-08-02-15--37--00 Sleep Check Completed
INFO:root:2021-08-02-15--37--00 Frame manipulations completed
INFO:root:2021-08-02-15--37--00 Bounding Box Drawn
INFO:root:2021-08-02-15--37--00 MovingFrameQueue Popped
INFO:root:2021-08-02-15--37--00 Colour Conversion Completed
INFO:root:2021-08-02-15--37--00 Sleep Check Completed
INFO:root:2021-08-02-15--37--00 Frame manipulations completed
INFO:root:2021-08-02-15--37--00 Bounding Box Drawn
INFO:root:2021-08-02-15--37--00 MovingFrameQueue Appended
INFO:root:2021-08-02-15--37--01 Colour Conversion Completed
INFO:root:2021-08-02-15--37--01 Sleep Check Completed
INFO:root:2021-08-02-15--37--01 Frame manipulations completed
INFO:root:2021-08-02-15--37--01 Bounding Box Drawn
INFO:root:2021-08-02-15--37--01 MovingFrameQueue Popped
INFO:root:2021-08-02-15--37--01 Colour Conversion Completed
INFO:root:2021-08-02-15--37--01 Sleep Check Completed
INFO:root:2021-08-02-15--37--01 Frame manipulations completed
INFO:root:2021-08-02-15--37--01 Bounding Box Drawn
INFO:root:2021-08-02-15--37--01 MovingFrameQueue Appended
INFO:root:2021-08-02-15--37--01 Colour Conversion Completed
INFO:root:2021-08-02-15--37--01 Sleep Check Completed
INFO:root:2021-08-02-15--37--01 Frame manipulations completed
INFO:root:2021-08-02-15--37--01 Bounding Box Drawn
INFO:root:2021-08-02-15--37--01 MovingFrameQueue Popped
INFO:root:2021-08-02-15--37--01 Colour Conversion Completed
INFO:root:2021-08-02-15--37--01 Sleep Check Completed
INFO:root:2021-08-02-15--37--01 Frame manipulations completed
INFO:root:2021-08-02-15--37--01 Bounding Box Drawn
INFO:root:2021-08-02-15--37--01 MovingFrameQueue Appended
INFO:root:2021-08-02-15--37--01 Colour Conversion Completed
INFO:root:2021-08-02-15--37--01 Sleep Check Completed
INFO:root:2021-08-02-15--37--01 Frame manipulations completed
INFO:root:2021-08-02-15--37--01 Bounding Box Drawn
INFO:root:2021-08-02-15--37--01 MovingFrameQueue Popped
INFO:root:2021-08-02-15--37--01 Colour Conversion Completed
INFO:root:2021-08-02-15--37--01 Sleep Check Completed
INFO:root:2021-08-02-15--37--01 Frame manipulations completed
INFO:root:2021-08-02-15--37--01 Bounding Box Drawn
INFO:root:2021-08-02-15--37--01 MovingFrameQueue Appended
