INFO:root:2021-07-13-10--51--51 Parameter Generation Success
INFO:root:2021-07-13-10--51--51 Colour Conversion Completed
INFO:root:2021-07-13-10--51--51 Sleep Check Completed
INFO:root:2021-07-13-10--51--51 Frame manipulations completed
INFO:root:2021-07-13-10--51--51 Writer Initialized
INFO:root:2021-07-13-10--51--51 Bounding Box Drawn
INFO:root:2021-07-13-10--51--51 MovingFrameQueue Appended
INFO:root:2021-07-13-10--51--51 Anomally Detected, starting call for more frames
INFO:root:2021-07-13-10--51--51 anomallyFrameTracker resetted to 200
INFO:root:2021-07-13-10--51--51 Colour Conversion Completed
INFO:root:2021-07-13-10--51--51 Sleep Check Completed
INFO:root:2021-07-13-10--51--51 Frame manipulations completed
INFO:root:2021-07-13-10--51--51 Bounding Box Drawn
INFO:root:2021-07-13-10--51--51 MovingFrameQueue Appended
INFO:root:2021-07-13-10--51--51 Anomally Detected, starting call for more frames
INFO:root:2021-07-13-10--51--51 anomallyFrameTracker resetted to 200
INFO:root:2021-07-13-10--51--51 Colour Conversion Completed
INFO:root:2021-07-13-10--51--51 Sleep Check Completed
INFO:root:2021-07-13-10--51--51 Frame manipulations completed
INFO:root:2021-07-13-10--51--51 Bounding Box Drawn
INFO:root:2021-07-13-10--51--51 MovingFrameQueue Appended
INFO:root:2021-07-13-10--51--51 Anomally Detected, starting call for more frames
INFO:root:2021-07-13-10--51--51 anomallyFrameTracker resetted to 200
INFO:root:2021-07-13-10--51--51 Colour Conversion Completed
INFO:root:2021-07-13-10--51--51 Sleep Check Completed
INFO:root:2021-07-13-10--51--51 Frame manipulations completed
INFO:root:2021-07-13-10--51--51 Bounding Box Drawn
INFO:root:2021-07-13-10--51--51 MovingFrameQueue Appended
INFO:root:2021-07-13-10--51--51 Anomally Detected, starting call for more frames
INFO:root:2021-07-13-10--51--51 anomallyFrameTracker resetted to 200
INFO:root:2021-07-13-10--51--51 Colour Conversion Completed
INFO:root:2021-07-13-10--51--51 Sleep Check Completed
INFO:root:2021-07-13-10--51--51 Frame manipulations completed
INFO:root:2021-07-13-10--51--51 Bounding Box Drawn
INFO:root:2021-07-13-10--51--51 MovingFrameQueue Appended
INFO:root:2021-07-13-10--51--51 Anomally Detected, starting call for more frames
INFO:root:2021-07-13-10--51--51 anomallyFrameTracker resetted to 200
INFO:root:2021-07-13-10--51--51 Colour Conversion Completed
INFO:root:2021-07-13-10--51--51 Sleep Check Completed
INFO:root:2021-07-13-10--51--51 Frame manipulations completed
INFO:root:2021-07-13-10--51--51 Bounding Box Drawn
INFO:root:2021-07-13-10--51--51 MovingFrameQueue Appended
INFO:root:2021-07-13-10--51--51 Anomally Detected, starting call for more frames
INFO:root:2021-07-13-10--51--51 anomallyFrameTracker resetted to 200
INFO:root:2021-07-13-10--51--51 Colour Conversion Completed
INFO:root:2021-07-13-10--51--51 Sleep Check Completed
INFO:root:2021-07-13-10--51--51 Frame manipulations completed
INFO:root:2021-07-13-10--51--51 Bounding Box Drawn
INFO:root:2021-07-13-10--51--51 MovingFrameQueue Appended
INFO:root:2021-07-13-10--51--51 Anomally Detected, starting call for more frames
INFO:root:2021-07-13-10--51--51 anomallyFrameTracker resetted to 200
INFO:root:2021-07-13-10--51--51 Colour Conversion Completed
INFO:root:2021-07-13-10--51--51 Sleep Check Completed
INFO:root:2021-07-13-10--51--51 Frame manipulations completed
INFO:root:2021-07-13-10--51--51 Bounding Box Drawn
INFO:root:2021-07-13-10--51--51 MovingFrameQueue Appended
INFO:root:2021-07-13-10--51--51 Anomally Detected, starting call for more frames
INFO:root:2021-07-13-10--51--51 anomallyFrameTracker resetted to 200
INFO:root:2021-07-13-10--51--52 Colour Conversion Completed
INFO:root:2021-07-13-10--51--52 Sleep Check Completed
INFO:root:2021-07-13-10--51--52 Frame manipulations completed
INFO:root:2021-07-13-10--51--52 Bounding Box Drawn
INFO:root:2021-07-13-10--51--52 MovingFrameQueue Appended
INFO:root:2021-07-13-10--51--52 Anomally Detected, starting call for more frames
INFO:root:2021-07-13-10--51--52 anomallyFrameTracker resetted to 200
INFO:root:2021-07-13-10--51--52 Colour Conversion Completed
INFO:root:2021-07-13-10--51--52 Sleep Check Completed
INFO:root:2021-07-13-10--51--52 Frame manipulations completed
INFO:root:2021-07-13-10--51--52 Bounding Box Drawn
INFO:root:2021-07-13-10--51--52 MovingFrameQueue Appended
INFO:root:2021-07-13-10--51--52 Anomally Detected, starting call for more frames
INFO:root:2021-07-13-10--51--52 anomallyFrameTracker resetted to 200
INFO:root:2021-07-13-10--51--52 Colour Conversion Completed
INFO:root:2021-07-13-10--51--52 Sleep Check Completed
INFO:root:2021-07-13-10--51--52 Frame manipulations completed
INFO:root:2021-07-13-10--51--52 Bounding Box Drawn
INFO:root:2021-07-13-10--51--52 MovingFrameQueue Appended
INFO:root:2021-07-13-10--51--52 Anomally Detected, starting call for more frames
INFO:root:2021-07-13-10--51--52 anomallyFrameTracker resetted to 200
INFO:root:2021-07-13-10--51--52 Colour Conversion Completed
INFO:root:2021-07-13-10--51--52 Sleep Check Completed
INFO:root:2021-07-13-10--51--52 Frame manipulations completed
INFO:root:2021-07-13-10--51--52 Bounding Box Drawn
INFO:root:2021-07-13-10--51--52 MovingFrameQueue Appended
INFO:root:2021-07-13-10--51--52 Anomally Detected, starting call for more frames
INFO:root:2021-07-13-10--51--52 anomallyFrameTracker resetted to 200
INFO:root:2021-07-13-10--51--52 Colour Conversion Completed
INFO:root:2021-07-13-10--51--52 Sleep Check Completed
INFO:root:2021-07-13-10--51--52 Frame manipulations completed
INFO:root:2021-07-13-10--51--52 Bounding Box Drawn
INFO:root:2021-07-13-10--51--52 MovingFrameQueue Appended
INFO:root:2021-07-13-10--51--52 Anomally Detected, starting call for more frames
INFO:root:2021-07-13-10--51--52 anomallyFrameTracker resetted to 200
INFO:root:2021-07-13-10--51--52 Colour Conversion Completed
INFO:root:2021-07-13-10--51--52 Sleep Check Completed
INFO:root:2021-07-13-10--51--52 Frame manipulations completed
INFO:root:2021-07-13-10--51--52 Bounding Box Drawn
INFO:root:2021-07-13-10--51--52 MovingFrameQueue Appended
INFO:root:2021-07-13-10--51--52 Anomally Detected, starting call for more frames
INFO:root:2021-07-13-10--51--52 anomallyFrameTracker resetted to 200
INFO:root:2021-07-13-10--51--52 Colour Conversion Completed
INFO:root:2021-07-13-10--51--52 Sleep Check Completed
INFO:root:2021-07-13-10--51--52 Frame manipulations completed
INFO:root:2021-07-13-10--51--52 Bounding Box Drawn
INFO:root:2021-07-13-10--51--52 MovingFrameQueue Appended
INFO:root:2021-07-13-10--51--52 Anomally Detected, starting call for more frames
INFO:root:2021-07-13-10--51--52 anomallyFrameTracker resetted to 200
INFO:root:2021-07-13-10--51--52 Colour Conversion Completed
INFO:root:2021-07-13-10--51--52 Sleep Check Completed
INFO:root:2021-07-13-10--51--52 Frame manipulations completed
INFO:root:2021-07-13-10--51--52 Bounding Box Drawn
INFO:root:2021-07-13-10--51--52 MovingFrameQueue Appended
INFO:root:2021-07-13-10--51--52 Anomally Detected, starting call for more frames
INFO:root:2021-07-13-10--51--52 anomallyFrameTracker resetted to 200
INFO:root:2021-07-13-10--51--52 Colour Conversion Completed
INFO:root:2021-07-13-10--51--52 Sleep Check Completed
INFO:root:2021-07-13-10--51--52 Frame manipulations completed
INFO:root:2021-07-13-10--51--52 Bounding Box Drawn
INFO:root:2021-07-13-10--51--52 MovingFrameQueue Appended
INFO:root:2021-07-13-10--51--52 Anomally Detected, starting call for more frames
INFO:root:2021-07-13-10--51--52 anomallyFrameTracker resetted to 200
INFO:root:2021-07-13-10--51--53 Colour Conversion Completed
INFO:root:2021-07-13-10--51--53 Sleep Check Completed
INFO:root:2021-07-13-10--51--53 Frame manipulations completed
INFO:root:2021-07-13-10--51--53 Bounding Box Drawn
INFO:root:2021-07-13-10--51--53 MovingFrameQueue Appended
INFO:root:2021-07-13-10--51--53 Anomally Detected, starting call for more frames
INFO:root:2021-07-13-10--51--53 anomallyFrameTracker resetted to 200
INFO:root:2021-07-13-10--51--53 Colour Conversion Completed
INFO:root:2021-07-13-10--51--53 Sleep Check Completed
INFO:root:2021-07-13-10--51--53 Frame manipulations completed
INFO:root:2021-07-13-10--51--53 Bounding Box Drawn
INFO:root:2021-07-13-10--51--53 MovingFrameQueue Appended
INFO:root:2021-07-13-10--51--53 Anomally Detected, starting call for more frames
INFO:root:2021-07-13-10--51--53 anomallyFrameTracker resetted to 200
INFO:root:2021-07-13-10--51--53 Colour Conversion Completed
INFO:root:2021-07-13-10--51--53 Sleep Check Completed
INFO:root:2021-07-13-10--51--53 Frame manipulations completed
INFO:root:2021-07-13-10--51--53 Bounding Box Drawn
INFO:root:2021-07-13-10--51--53 MovingFrameQueue Appended
INFO:root:2021-07-13-10--51--53 Anomally Detected, starting call for more frames
INFO:root:2021-07-13-10--51--53 anomallyFrameTracker resetted to 200
INFO:root:2021-07-13-10--51--53 Colour Conversion Completed
INFO:root:2021-07-13-10--51--53 Sleep Check Completed
INFO:root:2021-07-13-10--51--53 Frame manipulations completed
INFO:root:2021-07-13-10--51--53 Bounding Box Drawn
INFO:root:2021-07-13-10--51--53 MovingFrameQueue Appended
INFO:root:2021-07-13-10--51--53 Anomally Detected, starting call for more frames
INFO:root:2021-07-13-10--51--53 anomallyFrameTracker resetted to 200
INFO:root:2021-07-13-10--51--53 Colour Conversion Completed
INFO:root:2021-07-13-10--51--53 Sleep Check Completed
INFO:root:2021-07-13-10--51--53 Frame manipulations completed
INFO:root:2021-07-13-10--51--53 Bounding Box Drawn
INFO:root:2021-07-13-10--51--53 MovingFrameQueue Appended
INFO:root:2021-07-13-10--51--53 Anomally Detected, starting call for more frames
INFO:root:2021-07-13-10--51--53 anomallyFrameTracker resetted to 200
INFO:root:2021-07-13-10--51--53 Colour Conversion Completed
INFO:root:2021-07-13-10--51--53 Sleep Check Completed
INFO:root:2021-07-13-10--51--53 Frame manipulations completed
INFO:root:2021-07-13-10--51--53 Bounding Box Drawn
INFO:root:2021-07-13-10--51--53[INFO] elapsed time: 2.62
INFO:root:2021-07-13-10--51--53[INFO] approx. FPS: 8.41
INFO:root:2021-07-13-10--51--53 Getting Auth Token Success
INFO:root:2021-07-13-10--51--54 Anomalous Detection Video Upload Completed
INFO:root:2021-07-13-10--51--54 Getting Auth Token Success
INFO:root:2021-07-13-10--51--54 BedTime Upload Completed
