INFO:root:2021-07-16-12--56--59 Parameter Generation Success
INFO:root:2021-07-16-12--56--59 Colour Conversion Completed
INFO:root:2021-07-16-12--56--59 Sleep Check Completed
INFO:root:2021-07-16-12--56--59 Frame manipulations completed
INFO:root:2021-07-16-12--56--59 Bounding Box Drawn
INFO:root:2021-07-16-12--57--04 MovingFrameQueue Appended
INFO:root:2021-07-16-12--57--04 Anomally Detected, starting call for more frames
INFO:root:2021-07-16-12--57--04 Anomally Detected, starting call for more frames
INFO:root:2021-07-16-12--57--04 Anomally Detected, starting call for more frames
INFO:root:2021-07-16-12--57--04 anomallyFrameTracker resetted to 200
INFO:root:2021-07-16-12--57--04 anomallyFrameTracker resetted to 200
INFO:root:2021-07-16-12--57--04 anomallyFrameTracker resetted to 200
INFO:root:2021-07-16-12--57--04 Colour Conversion Completed
INFO:root:2021-07-16-12--57--04 Sleep Check Completed
INFO:root:2021-07-16-12--57--04 Frame manipulations completed
INFO:root:2021-07-16-12--57--04 Bounding Box Drawn
INFO:root:2021-07-16-12--57--04 MovingFrameQueue Appended
INFO:root:2021-07-16-12--57--04 Anomally Detected, starting call for more frames
INFO:root:2021-07-16-12--57--04 Anomally Detected, starting call for more frames
INFO:root:2021-07-16-12--57--04 Anomally Detected, starting call for more frames
INFO:root:2021-07-16-12--57--04 anomallyFrameTracker resetted to 200
INFO:root:2021-07-16-12--57--04 anomallyFrameTracker resetted to 200
INFO:root:2021-07-16-12--57--04 anomallyFrameTracker resetted to 200
INFO:root:2021-07-16-12--57--04 Colour Conversion Completed
INFO:root:2021-07-16-12--57--04 Sleep Check Completed
INFO:root:2021-07-16-12--57--04 Frame manipulations completed
INFO:root:2021-07-16-12--57--04 Bounding Box Drawn
INFO:root:2021-07-16-12--57--05 MovingFrameQueue Appended
INFO:root:2021-07-16-12--57--05 Anomally Detected, starting call for more frames
INFO:root:2021-07-16-12--57--05 Anomally Detected, starting call for more frames
INFO:root:2021-07-16-12--57--05 Anomally Detected, starting call for more frames
INFO:root:2021-07-16-12--57--05 anomallyFrameTracker resetted to 200
INFO:root:2021-07-16-12--57--05 anomallyFrameTracker resetted to 200
INFO:root:2021-07-16-12--57--05 anomallyFrameTracker resetted to 200
INFO:root:2021-07-16-12--57--05 Colour Conversion Completed
INFO:root:2021-07-16-12--57--05 Sleep Check Completed
INFO:root:2021-07-16-12--57--05 Frame manipulations completed
INFO:root:2021-07-16-12--57--05 Bounding Box Drawn
INFO:root:2021-07-16-12--57--05 MovingFrameQueue Appended
INFO:root:2021-07-16-12--57--05 Anomally Detected, starting call for more frames
INFO:root:2021-07-16-12--57--05 Anomally Detected, starting call for more frames
INFO:root:2021-07-16-12--57--05 Anomally Detected, starting call for more frames
INFO:root:2021-07-16-12--57--05 anomallyFrameTracker resetted to 200
INFO:root:2021-07-16-12--57--05 anomallyFrameTracker resetted to 200
INFO:root:2021-07-16-12--57--05 anomallyFrameTracker resetted to 200
INFO:root:2021-07-16-12--57--05 Colour Conversion Completed
INFO:root:2021-07-16-12--57--05 Sleep Check Completed
INFO:root:2021-07-16-12--57--05 Frame manipulations completed
INFO:root:2021-07-16-12--57--05 Bounding Box Drawn
INFO:root:2021-07-16-12--57--05 MovingFrameQueue Appended
INFO:root:2021-07-16-12--57--05 Anomally Detected, starting call for more frames
INFO:root:2021-07-16-12--57--05 Anomally Detected, starting call for more frames
INFO:root:2021-07-16-12--57--05 Anomally Detected, starting call for more frames
INFO:root:2021-07-16-12--57--05 anomallyFrameTracker resetted to 200
INFO:root:2021-07-16-12--57--05 anomallyFrameTracker resetted to 200
INFO:root:2021-07-16-12--57--05 anomallyFrameTracker resetted to 200
INFO:root:2021-07-16-12--57--05 Colour Conversion Completed
INFO:root:2021-07-16-12--57--05 Sleep Check Completed
INFO:root:2021-07-16-12--57--05 Frame manipulations completed
INFO:root:2021-07-16-12--57--05 Bounding Box Drawn
INFO:root:2021-07-16-12--57--05 MovingFrameQueue Appended
INFO:root:2021-07-16-12--57--05 Anomally Detected, starting call for more frames
INFO:root:2021-07-16-12--57--05 Anomally Detected, starting call for more frames
INFO:root:2021-07-16-12--57--05 Anomally Detected, starting call for more frames
INFO:root:2021-07-16-12--57--05 anomallyFrameTracker resetted to 200
INFO:root:2021-07-16-12--57--05 anomallyFrameTracker resetted to 200
INFO:root:2021-07-16-12--57--05 anomallyFrameTracker resetted to 200
INFO:root:2021-07-16-12--57--05 Colour Conversion Completed
INFO:root:2021-07-16-12--57--05 Sleep Check Completed
INFO:root:2021-07-16-12--57--05 Frame manipulations completed
INFO:root:2021-07-16-12--57--05 Bounding Box Drawn
INFO:root:2021-07-16-12--57--05 MovingFrameQueue Appended
INFO:root:2021-07-16-12--57--05 Anomally Detected, starting call for more frames
INFO:root:2021-07-16-12--57--05 Anomally Detected, starting call for more frames
INFO:root:2021-07-16-12--57--05 Anomally Detected, starting call for more frames
INFO:root:2021-07-16-12--57--05 anomallyFrameTracker resetted to 200
INFO:root:2021-07-16-12--57--05 anomallyFrameTracker resetted to 200
INFO:root:2021-07-16-12--57--05 anomallyFrameTracker resetted to 200
INFO:root:2021-07-16-12--57--05 Colour Conversion Completed
INFO:root:2021-07-16-12--57--05 Sleep Check Completed
INFO:root:2021-07-16-12--57--05 Frame manipulations completed
INFO:root:2021-07-16-12--57--05 Bounding Box Drawn
INFO:root:2021-07-16-12--57--06 MovingFrameQueue Appended
INFO:root:2021-07-16-12--57--06 Anomally Detected, starting call for more frames
INFO:root:2021-07-16-12--57--06 Anomally Detected, starting call for more frames
INFO:root:2021-07-16-12--57--06 Anomally Detected, starting call for more frames
INFO:root:2021-07-16-12--57--06 anomallyFrameTracker resetted to 200
INFO:root:2021-07-16-12--57--06 anomallyFrameTracker resetted to 200
INFO:root:2021-07-16-12--57--06 anomallyFrameTracker resetted to 200
INFO:root:2021-07-16-12--57--06 Colour Conversion Completed
INFO:root:2021-07-16-12--57--06 Sleep Check Completed
INFO:root:2021-07-16-12--57--06 Frame manipulations completed
INFO:root:2021-07-16-12--57--06 Bounding Box Drawn
INFO:root:2021-07-16-12--57--06 MovingFrameQueue Appended
INFO:root:2021-07-16-12--57--06 Anomally Detected, starting call for more frames
INFO:root:2021-07-16-12--57--06 Anomally Detected, starting call for more frames
INFO:root:2021-07-16-12--57--06 Anomally Detected, starting call for more frames
INFO:root:2021-07-16-12--57--06 anomallyFrameTracker resetted to 200
INFO:root:2021-07-16-12--57--06 anomallyFrameTracker resetted to 200
INFO:root:2021-07-16-12--57--06 anomallyFrameTracker resetted to 200
INFO:root:2021-07-16-12--57--06 Colour Conversion Completed
INFO:root:2021-07-16-12--57--06 Sleep Check Completed
INFO:root:2021-07-16-12--57--06 Frame manipulations completed
INFO:root:2021-07-16-12--57--06 Bounding Box Drawn
INFO:root:2021-07-16-12--57--06 MovingFrameQueue Appended
INFO:root:2021-07-16-12--57--06 Anomally Detected, starting call for more frames
INFO:root:2021-07-16-12--57--06 Anomally Detected, starting call for more frames
INFO:root:2021-07-16-12--57--06 Anomally Detected, starting call for more frames
INFO:root:2021-07-16-12--57--06 anomallyFrameTracker resetted to 200
INFO:root:2021-07-16-12--57--06 anomallyFrameTracker resetted to 200
INFO:root:2021-07-16-12--57--06 anomallyFrameTracker resetted to 200
INFO:root:2021-07-16-12--57--06 Colour Conversion Completed
INFO:root:2021-07-16-12--57--06 Sleep Check Completed
INFO:root:2021-07-16-12--57--06 Frame manipulations completed
INFO:root:2021-07-16-12--57--06 Bounding Box Drawn
INFO:root:2021-07-16-12--57--07 MovingFrameQueue Appended
INFO:root:2021-07-16-12--57--07 Anomally Detected, starting call for more frames
INFO:root:2021-07-16-12--57--07 Anomally Detected, starting call for more frames
INFO:root:2021-07-16-12--57--07 Anomally Detected, starting call for more frames
INFO:root:2021-07-16-12--57--07 anomallyFrameTracker resetted to 200
INFO:root:2021-07-16-12--57--07 anomallyFrameTracker resetted to 200
INFO:root:2021-07-16-12--57--07 anomallyFrameTracker resetted to 200
INFO:root:2021-07-16-12--57--07 Colour Conversion Completed
INFO:root:2021-07-16-12--57--07 Sleep Check Completed
INFO:root:2021-07-16-12--57--07 Frame manipulations completed
INFO:root:2021-07-16-12--57--07 Bounding Box Drawn
INFO:root:2021-07-16-12--57--07 MovingFrameQueue Appended
INFO:root:2021-07-16-12--57--07 Anomally Detected, starting call for more frames
INFO:root:2021-07-16-12--57--07 Anomally Detected, starting call for more frames
INFO:root:2021-07-16-12--57--07 Anomally Detected, starting call for more frames
INFO:root:2021-07-16-12--57--07 anomallyFrameTracker resetted to 200
INFO:root:2021-07-16-12--57--07 anomallyFrameTracker resetted to 200
INFO:root:2021-07-16-12--57--07 anomallyFrameTracker resetted to 200
INFO:root:2021-07-16-12--57--07 Colour Conversion Completed
INFO:root:2021-07-16-12--57--07 Sleep Check Completed
INFO:root:2021-07-16-12--57--07 Frame manipulations completed
INFO:root:2021-07-16-12--57--07 Bounding Box Drawn
INFO:root:2021-07-16-12--57--09 MovingFrameQueue Appended
INFO:root:2021-07-16-12--57--09 Anomally Detected, starting call for more frames
INFO:root:2021-07-16-12--57--09 Anomally Detected, starting call for more frames
INFO:root:2021-07-16-12--57--09 Anomally Detected, starting call for more frames
INFO:root:2021-07-16-12--57--09 anomallyFrameTracker resetted to 200
INFO:root:2021-07-16-12--57--09 anomallyFrameTracker resetted to 200
INFO:root:2021-07-16-12--57--09 anomallyFrameTracker resetted to 200
INFO:root:2021-07-16-12--57--09 Colour Conversion Completed
INFO:root:2021-07-16-12--57--09 Sleep Check Completed
INFO:root:2021-07-16-12--57--09 Frame manipulations completed
INFO:root:2021-07-16-12--57--09 Bounding Box Drawn
INFO:root:2021-07-16-12--57--09 MovingFrameQueue Appended
INFO:root:2021-07-16-12--57--09 Anomally Detected, starting call for more frames
INFO:root:2021-07-16-12--57--09 Anomally Detected, starting call for more frames
INFO:root:2021-07-16-12--57--09 Anomally Detected, starting call for more frames
INFO:root:2021-07-16-12--57--09 anomallyFrameTracker resetted to 200
INFO:root:2021-07-16-12--57--09 anomallyFrameTracker resetted to 200
INFO:root:2021-07-16-12--57--09 anomallyFrameTracker resetted to 200
INFO:root:2021-07-16-12--57--09 Colour Conversion Completed
INFO:root:2021-07-16-12--57--09 Sleep Check Completed
INFO:root:2021-07-16-12--57--09 Frame manipulations completed
INFO:root:2021-07-16-12--57--09 Bounding Box Drawn
INFO:root:2021-07-16-12--57--09 MovingFrameQueue Appended
INFO:root:2021-07-16-12--57--09 Anomally Detected, starting call for more frames
INFO:root:2021-07-16-12--57--09 Anomally Detected, starting call for more frames
INFO:root:2021-07-16-12--57--09 Anomally Detected, starting call for more frames
INFO:root:2021-07-16-12--57--09 anomallyFrameTracker resetted to 200
INFO:root:2021-07-16-12--57--09 anomallyFrameTracker resetted to 200
INFO:root:2021-07-16-12--57--09 anomallyFrameTracker resetted to 200
INFO:root:2021-07-16-12--57--09 Colour Conversion Completed
INFO:root:2021-07-16-12--57--09 Sleep Check Completed
INFO:root:2021-07-16-12--57--09 Frame manipulations completed
INFO:root:2021-07-16-12--57--09 Bounding Box Drawn
INFO:root:2021-07-16-12--57--09 MovingFrameQueue Appended
INFO:root:2021-07-16-12--57--09 Anomally Detected, starting call for more frames
INFO:root:2021-07-16-12--57--09 Anomally Detected, starting call for more frames
INFO:root:2021-07-16-12--57--09 Anomally Detected, starting call for more frames
INFO:root:2021-07-16-12--57--09 anomallyFrameTracker resetted to 200
INFO:root:2021-07-16-12--57--09 anomallyFrameTracker resetted to 200
INFO:root:2021-07-16-12--57--09 anomallyFrameTracker resetted to 200
INFO:root:2021-07-16-12--57--09 Colour Conversion Completed
INFO:root:2021-07-16-12--57--09 Sleep Check Completed
INFO:root:2021-07-16-12--57--09 Frame manipulations completed
INFO:root:2021-07-16-12--57--09 Bounding Box Drawn
INFO:root:2021-07-16-12--57--09 MovingFrameQueue Appended
INFO:root:2021-07-16-12--57--09 Anomally Detected, starting call for more frames
INFO:root:2021-07-16-12--57--09 Anomally Detected, starting call for more frames
INFO:root:2021-07-16-12--57--09 Anomally Detected, starting call for more frames
INFO:root:2021-07-16-12--57--09 anomallyFrameTracker resetted to 200
INFO:root:2021-07-16-12--57--09 anomallyFrameTracker resetted to 200
INFO:root:2021-07-16-12--57--09 anomallyFrameTracker resetted to 200
INFO:root:2021-07-16-12--57--09 Colour Conversion Completed
INFO:root:2021-07-16-12--57--09 Sleep Check Completed
INFO:root:2021-07-16-12--57--09 Frame manipulations completed
INFO:root:2021-07-16-12--57--09 Bounding Box Drawn
INFO:root:2021-07-16-12--57--09 MovingFrameQueue Appended
INFO:root:2021-07-16-12--57--09 Anomally Detected, starting call for more frames
INFO:root:2021-07-16-12--57--09 Anomally Detected, starting call for more frames
INFO:root:2021-07-16-12--57--09 Anomally Detected, starting call for more frames
INFO:root:2021-07-16-12--57--09 anomallyFrameTracker resetted to 200
INFO:root:2021-07-16-12--57--09 anomallyFrameTracker resetted to 200
INFO:root:2021-07-16-12--57--09 anomallyFrameTracker resetted to 200
INFO:root:2021-07-16-12--57--09 Colour Conversion Completed
INFO:root:2021-07-16-12--57--09 Sleep Check Completed
INFO:root:2021-07-16-12--57--09 Frame manipulations completed
INFO:root:2021-07-16-12--57--09 Bounding Box Drawn
INFO:root:2021-07-16-12--57--09 MovingFrameQueue Appended
INFO:root:2021-07-16-12--57--09 Anomally Detected, starting call for more frames
INFO:root:2021-07-16-12--57--09 Anomally Detected, starting call for more frames
INFO:root:2021-07-16-12--57--09 Anomally Detected, starting call for more frames
INFO:root:2021-07-16-12--57--09 anomallyFrameTracker resetted to 200
INFO:root:2021-07-16-12--57--09 anomallyFrameTracker resetted to 200
INFO:root:2021-07-16-12--57--09 anomallyFrameTracker resetted to 200
INFO:root:2021-07-16-12--57--09 Colour Conversion Completed
INFO:root:2021-07-16-12--57--09 Sleep Check Completed
INFO:root:2021-07-16-12--57--09 Frame manipulations completed
INFO:root:2021-07-16-12--57--09 Bounding Box Drawn
INFO:root:2021-07-16-12--57--09 MovingFrameQueue Appended
INFO:root:2021-07-16-12--57--09 Anomally Detected, starting call for more frames
INFO:root:2021-07-16-12--57--09 Anomally Detected, starting call for more frames
INFO:root:2021-07-16-12--57--09 Anomally Detected, starting call for more frames
INFO:root:2021-07-16-12--57--09 anomallyFrameTracker resetted to 200
INFO:root:2021-07-16-12--57--09 anomallyFrameTracker resetted to 200
INFO:root:2021-07-16-12--57--09 anomallyFrameTracker resetted to 200
INFO:root:2021-07-16-12--57--09 Colour Conversion Completed
INFO:root:2021-07-16-12--57--09 Sleep Check Completed
INFO:root:2021-07-16-12--57--09 Frame manipulations completed
INFO:root:2021-07-16-12--57--09 Bounding Box Drawn
INFO:root:2021-07-16-12--57--09 MovingFrameQueue Appended
INFO:root:2021-07-16-12--57--09 Anomally Detected, starting call for more frames
INFO:root:2021-07-16-12--57--09 Anomally Detected, starting call for more frames
INFO:root:2021-07-16-12--57--09 Anomally Detected, starting call for more frames
INFO:root:2021-07-16-12--57--09 anomallyFrameTracker resetted to 200
INFO:root:2021-07-16-12--57--09 anomallyFrameTracker resetted to 200
INFO:root:2021-07-16-12--57--09 anomallyFrameTracker resetted to 200
INFO:root:2021-07-16-12--57--09 Colour Conversion Completed
INFO:root:2021-07-16-12--57--09 Sleep Check Completed
INFO:root:2021-07-16-12--57--09 Frame manipulations completed
INFO:root:2021-07-16-12--57--09 Bounding Box Drawn
INFO:root:2021-07-16-12--57--10 MovingFrameQueue Appended
INFO:root:2021-07-16-12--57--10 Anomally Detected, starting call for more frames
INFO:root:2021-07-16-12--57--10 Anomally Detected, starting call for more frames
INFO:root:2021-07-16-12--57--10 Anomally Detected, starting call for more frames
INFO:root:2021-07-16-12--57--10 anomallyFrameTracker resetted to 200
INFO:root:2021-07-16-12--57--10 anomallyFrameTracker resetted to 200
INFO:root:2021-07-16-12--57--10 anomallyFrameTracker resetted to 200
INFO:root:2021-07-16-12--57--10 Colour Conversion Completed
INFO:root:2021-07-16-12--57--10 Sleep Check Completed
INFO:root:2021-07-16-12--57--10 Frame manipulations completed
INFO:root:2021-07-16-12--57--10 Bounding Box Drawn
INFO:root:2021-07-16-12--57--10 MovingFrameQueue Appended
INFO:root:2021-07-16-12--57--10 Anomally Detected, starting call for more frames
INFO:root:2021-07-16-12--57--10 Anomally Detected, starting call for more frames
INFO:root:2021-07-16-12--57--10 Anomally Detected, starting call for more frames
INFO:root:2021-07-16-12--57--10 anomallyFrameTracker resetted to 200
INFO:root:2021-07-16-12--57--10 anomallyFrameTracker resetted to 200
INFO:root:2021-07-16-12--57--10 anomallyFrameTracker resetted to 200
INFO:root:2021-07-16-12--57--10 Colour Conversion Completed
INFO:root:2021-07-16-12--57--10 Sleep Check Completed
INFO:root:2021-07-16-12--57--10 Frame manipulations completed
INFO:root:2021-07-16-12--57--10 Bounding Box Drawn
INFO:root:2021-07-16-12--57--10 MovingFrameQueue Appended
INFO:root:2021-07-16-12--57--10 Anomally Detected, starting call for more frames
INFO:root:2021-07-16-12--57--10 Anomally Detected, starting call for more frames
INFO:root:2021-07-16-12--57--10 Anomally Detected, starting call for more frames
INFO:root:2021-07-16-12--57--10 anomallyFrameTracker resetted to 200
INFO:root:2021-07-16-12--57--10 anomallyFrameTracker resetted to 200
INFO:root:2021-07-16-12--57--10 anomallyFrameTracker resetted to 200
INFO:root:2021-07-16-12--57--10 Colour Conversion Completed
INFO:root:2021-07-16-12--57--10 Sleep Check Completed
INFO:root:2021-07-16-12--57--10 Frame manipulations completed
INFO:root:2021-07-16-12--57--10 Bounding Box Drawn
INFO:root:2021-07-16-12--57--10 MovingFrameQueue Appended
INFO:root:2021-07-16-12--57--10 Anomally Detected, starting call for more frames
INFO:root:2021-07-16-12--57--10 Anomally Detected, starting call for more frames
INFO:root:2021-07-16-12--57--10 Anomally Detected, starting call for more frames
INFO:root:2021-07-16-12--57--10 anomallyFrameTracker resetted to 200
INFO:root:2021-07-16-12--57--10 anomallyFrameTracker resetted to 200
INFO:root:2021-07-16-12--57--10 anomallyFrameTracker resetted to 200
INFO:root:2021-07-16-12--57--10 Colour Conversion Completed
INFO:root:2021-07-16-12--57--10 Sleep Check Completed
INFO:root:2021-07-16-12--57--10 Frame manipulations completed
INFO:root:2021-07-16-12--57--10 Bounding Box Drawn
INFO:root:2021-07-16-12--57--10 MovingFrameQueue Appended
INFO:root:2021-07-16-12--57--10 Anomally Detected, starting call for more frames
INFO:root:2021-07-16-12--57--10 Anomally Detected, starting call for more frames
INFO:root:2021-07-16-12--57--10 Anomally Detected, starting call for more frames
INFO:root:2021-07-16-12--57--10 anomallyFrameTracker resetted to 200
INFO:root:2021-07-16-12--57--10 anomallyFrameTracker resetted to 200
INFO:root:2021-07-16-12--57--10 anomallyFrameTracker resetted to 200
INFO:root:2021-07-16-12--57--10 Colour Conversion Completed
INFO:root:2021-07-16-12--57--10 Sleep Check Completed
INFO:root:2021-07-16-12--57--10 Frame manipulations completed
INFO:root:2021-07-16-12--57--10 Bounding Box Drawn
INFO:root:2021-07-16-12--57--10 MovingFrameQueue Appended
INFO:root:2021-07-16-12--57--10 Anomally Detected, starting call for more frames
INFO:root:2021-07-16-12--57--10 Anomally Detected, starting call for more frames
INFO:root:2021-07-16-12--57--10 Anomally Detected, starting call for more frames
INFO:root:2021-07-16-12--57--10 anomallyFrameTracker resetted to 200
INFO:root:2021-07-16-12--57--10 anomallyFrameTracker resetted to 200
INFO:root:2021-07-16-12--57--10 anomallyFrameTracker resetted to 200
INFO:root:2021-07-16-12--57--10 Colour Conversion Completed
INFO:root:2021-07-16-12--57--10 Sleep Check Completed
INFO:root:2021-07-16-12--57--10 Frame manipulations completed
INFO:root:2021-07-16-12--57--10 Bounding Box Drawn
INFO:root:2021-07-16-12--57--12 MovingFrameQueue Appended
INFO:root:2021-07-16-12--57--12 Anomally Detected, starting call for more frames
INFO:root:2021-07-16-12--57--12 Anomally Detected, starting call for more frames
INFO:root:2021-07-16-12--57--12 Anomally Detected, starting call for more frames
INFO:root:2021-07-16-12--57--12 anomallyFrameTracker resetted to 200
INFO:root:2021-07-16-12--57--12 anomallyFrameTracker resetted to 200
INFO:root:2021-07-16-12--57--12 anomallyFrameTracker resetted to 200
INFO:root:2021-07-16-12--57--12 Colour Conversion Completed
INFO:root:2021-07-16-12--57--12 Sleep Check Completed
INFO:root:2021-07-16-12--57--12 Frame manipulations completed
INFO:root:2021-07-16-12--57--12 Bounding Box Drawn
INFO:root:2021-07-16-12--57--12 MovingFrameQueue Appended
INFO:root:2021-07-16-12--57--12 Anomally Detected, starting call for more frames
INFO:root:2021-07-16-12--57--12 Anomally Detected, starting call for more frames
INFO:root:2021-07-16-12--57--12 Anomally Detected, starting call for more frames
INFO:root:2021-07-16-12--57--12 anomallyFrameTracker resetted to 200
INFO:root:2021-07-16-12--57--12 anomallyFrameTracker resetted to 200
INFO:root:2021-07-16-12--57--12 anomallyFrameTracker resetted to 200
INFO:root:2021-07-16-12--57--12 Colour Conversion Completed
INFO:root:2021-07-16-12--57--12 Sleep Check Completed
INFO:root:2021-07-16-12--57--12 Frame manipulations completed
INFO:root:2021-07-16-12--57--12 Bounding Box Drawn
INFO:root:2021-07-16-12--57--12 MovingFrameQueue Appended
INFO:root:2021-07-16-12--57--12 Anomally Detected, starting call for more frames
INFO:root:2021-07-16-12--57--12 Anomally Detected, starting call for more frames
INFO:root:2021-07-16-12--57--12 Anomally Detected, starting call for more frames
INFO:root:2021-07-16-12--57--12 anomallyFrameTracker resetted to 200
INFO:root:2021-07-16-12--57--12 anomallyFrameTracker resetted to 200
INFO:root:2021-07-16-12--57--12 anomallyFrameTracker resetted to 200
INFO:root:2021-07-16-12--57--12 Colour Conversion Completed
INFO:root:2021-07-16-12--57--12 Sleep Check Completed
INFO:root:2021-07-16-12--57--12 Frame manipulations completed
INFO:root:2021-07-16-12--57--12 Bounding Box Drawn
INFO:root:2021-07-16-12--57--12 MovingFrameQueue Appended
INFO:root:2021-07-16-12--57--12 Anomally Detected, starting call for more frames
INFO:root:2021-07-16-12--57--12 Anomally Detected, starting call for more frames
INFO:root:2021-07-16-12--57--12 Anomally Detected, starting call for more frames
INFO:root:2021-07-16-12--57--12 anomallyFrameTracker resetted to 200
INFO:root:2021-07-16-12--57--12 anomallyFrameTracker resetted to 200
INFO:root:2021-07-16-12--57--12 anomallyFrameTracker resetted to 200
INFO:root:2021-07-16-12--57--12 Colour Conversion Completed
INFO:root:2021-07-16-12--57--12 Sleep Check Completed
INFO:root:2021-07-16-12--57--12 Frame manipulations completed
INFO:root:2021-07-16-12--57--12 Bounding Box Drawn
INFO:root:2021-07-16-12--57--12 MovingFrameQueue Appended
INFO:root:2021-07-16-12--57--12 Anomally Detected, starting call for more frames
INFO:root:2021-07-16-12--57--12 Anomally Detected, starting call for more frames
INFO:root:2021-07-16-12--57--12 Anomally Detected, starting call for more frames
INFO:root:2021-07-16-12--57--12 anomallyFrameTracker resetted to 200
INFO:root:2021-07-16-12--57--12 anomallyFrameTracker resetted to 200
INFO:root:2021-07-16-12--57--12 anomallyFrameTracker resetted to 200
INFO:root:2021-07-16-12--57--12 Colour Conversion Completed
INFO:root:2021-07-16-12--57--13 Sleep Check Completed
INFO:root:2021-07-16-12--57--13 Frame manipulations completed
INFO:root:2021-07-16-12--57--13 Bounding Box Drawn
INFO:root:2021-07-16-12--57--13 MovingFrameQueue Appended
INFO:root:2021-07-16-12--57--13 Anomally Detected, starting call for more frames
INFO:root:2021-07-16-12--57--13 Anomally Detected, starting call for more frames
INFO:root:2021-07-16-12--57--13 Anomally Detected, starting call for more frames
INFO:root:2021-07-16-12--57--13 anomallyFrameTracker resetted to 200
INFO:root:2021-07-16-12--57--13 anomallyFrameTracker resetted to 200
INFO:root:2021-07-16-12--57--13 anomallyFrameTracker resetted to 200
INFO:root:2021-07-16-12--57--13 Colour Conversion Completed
INFO:root:2021-07-16-12--57--13 Sleep Check Completed
INFO:root:2021-07-16-12--57--13 Frame manipulations completed
INFO:root:2021-07-16-12--57--13 Bounding Box Drawn
INFO:root:2021-07-16-12--57--13 MovingFrameQueue Appended
INFO:root:2021-07-16-12--57--13 Anomally Detected, starting call for more frames
INFO:root:2021-07-16-12--57--13 Anomally Detected, starting call for more frames
INFO:root:2021-07-16-12--57--13 Anomally Detected, starting call for more frames
INFO:root:2021-07-16-12--57--13 anomallyFrameTracker resetted to 200
INFO:root:2021-07-16-12--57--13 anomallyFrameTracker resetted to 200
INFO:root:2021-07-16-12--57--13 anomallyFrameTracker resetted to 200
INFO:root:2021-07-16-12--57--13 Colour Conversion Completed
INFO:root:2021-07-16-12--57--13 Sleep Check Completed
INFO:root:2021-07-16-12--57--13 Frame manipulations completed
INFO:root:2021-07-16-12--57--13 Bounding Box Drawn
INFO:root:2021-07-16-12--57--13 MovingFrameQueue Appended
INFO:root:2021-07-16-12--57--13 Anomally Detected, starting call for more frames
INFO:root:2021-07-16-12--57--13 Anomally Detected, starting call for more frames
INFO:root:2021-07-16-12--57--13 Anomally Detected, starting call for more frames
INFO:root:2021-07-16-12--57--13 anomallyFrameTracker resetted to 200
INFO:root:2021-07-16-12--57--13 anomallyFrameTracker resetted to 200
INFO:root:2021-07-16-12--57--13 anomallyFrameTracker resetted to 200
INFO:root:2021-07-16-12--57--13 Colour Conversion Completed
INFO:root:2021-07-16-12--57--13 Sleep Check Completed
INFO:root:2021-07-16-12--57--13 Frame manipulations completed
INFO:root:2021-07-16-12--57--13 Bounding Box Drawn
INFO:root:2021-07-16-12--57--13 MovingFrameQueue Appended
INFO:root:2021-07-16-12--57--13 Anomally Detected, starting call for more frames
INFO:root:2021-07-16-12--57--13 Anomally Detected, starting call for more frames
INFO:root:2021-07-16-12--57--13 Anomally Detected, starting call for more frames
INFO:root:2021-07-16-12--57--13 anomallyFrameTracker resetted to 200
INFO:root:2021-07-16-12--57--13 anomallyFrameTracker resetted to 200
INFO:root:2021-07-16-12--57--13 anomallyFrameTracker resetted to 200
INFO:root:2021-07-16-12--57--13 Colour Conversion Completed
INFO:root:2021-07-16-12--57--13 Sleep Check Completed
INFO:root:2021-07-16-12--57--13 Frame manipulations completed
INFO:root:2021-07-16-12--57--13 Bounding Box Drawn
INFO:root:2021-07-16-12--57--13 MovingFrameQueue Appended
INFO:root:2021-07-16-12--57--13 Anomally Detected, starting call for more frames
INFO:root:2021-07-16-12--57--13 Anomally Detected, starting call for more frames
INFO:root:2021-07-16-12--57--13 Anomally Detected, starting call for more frames
INFO:root:2021-07-16-12--57--13 anomallyFrameTracker resetted to 200
INFO:root:2021-07-16-12--57--13 anomallyFrameTracker resetted to 200
INFO:root:2021-07-16-12--57--13 anomallyFrameTracker resetted to 200
INFO:root:2021-07-16-12--57--13 Colour Conversion Completed
INFO:root:2021-07-16-12--57--13 Sleep Check Completed
INFO:root:2021-07-16-12--57--13 Frame manipulations completed
INFO:root:2021-07-16-12--57--13 Bounding Box Drawn
INFO:root:2021-07-16-12--57--13 MovingFrameQueue Appended
INFO:root:2021-07-16-12--57--13 Anomally Detected, starting call for more frames
INFO:root:2021-07-16-12--57--13 Anomally Detected, starting call for more frames
INFO:root:2021-07-16-12--57--13 Anomally Detected, starting call for more frames
INFO:root:2021-07-16-12--57--13 anomallyFrameTracker resetted to 200
INFO:root:2021-07-16-12--57--13 anomallyFrameTracker resetted to 200
INFO:root:2021-07-16-12--57--13 anomallyFrameTracker resetted to 200
INFO:root:2021-07-16-12--57--13 Colour Conversion Completed
INFO:root:2021-07-16-12--57--13 Sleep Check Completed
INFO:root:2021-07-16-12--57--13 Frame manipulations completed
INFO:root:2021-07-16-12--57--13 Bounding Box Drawn
INFO:root:2021-07-16-12--57--13 MovingFrameQueue Appended
INFO:root:2021-07-16-12--57--13 Anomally Detected, starting call for more frames
INFO:root:2021-07-16-12--57--13 Anomally Detected, starting call for more frames
INFO:root:2021-07-16-12--57--13 Anomally Detected, starting call for more frames
INFO:root:2021-07-16-12--57--13 anomallyFrameTracker resetted to 200
INFO:root:2021-07-16-12--57--13 anomallyFrameTracker resetted to 200
INFO:root:2021-07-16-12--57--13 anomallyFrameTracker resetted to 200
INFO:root:2021-07-16-12--57--13 Colour Conversion Completed
INFO:root:2021-07-16-12--57--13 Sleep Check Completed
INFO:root:2021-07-16-12--57--13 Frame manipulations completed
INFO:root:2021-07-16-12--57--13 Bounding Box Drawn
INFO:root:2021-07-16-12--57--13 MovingFrameQueue Appended
INFO:root:2021-07-16-12--57--13 Anomally Detected, starting call for more frames
INFO:root:2021-07-16-12--57--13 Anomally Detected, starting call for more frames
INFO:root:2021-07-16-12--57--13 Anomally Detected, starting call for more frames
INFO:root:2021-07-16-12--57--13 anomallyFrameTracker resetted to 200
INFO:root:2021-07-16-12--57--13 anomallyFrameTracker resetted to 200
INFO:root:2021-07-16-12--57--13 anomallyFrameTracker resetted to 200
INFO:root:2021-07-16-12--57--13 Colour Conversion Completed
INFO:root:2021-07-16-12--57--13 Sleep Check Completed
INFO:root:2021-07-16-12--57--13 Frame manipulations completed
INFO:root:2021-07-16-12--57--13 Bounding Box Drawn
INFO:root:2021-07-16-12--57--13 MovingFrameQueue Appended
INFO:root:2021-07-16-12--57--13 Anomally Detected, starting call for more frames
INFO:root:2021-07-16-12--57--13 Anomally Detected, starting call for more frames
INFO:root:2021-07-16-12--57--13 Anomally Detected, starting call for more frames
INFO:root:2021-07-16-12--57--13 anomallyFrameTracker resetted to 200
INFO:root:2021-07-16-12--57--13 anomallyFrameTracker resetted to 200
INFO:root:2021-07-16-12--57--13 anomallyFrameTracker resetted to 200
INFO:root:2021-07-16-12--57--13 Colour Conversion Completed
INFO:root:2021-07-16-12--57--13 Sleep Check Completed
INFO:root:2021-07-16-12--57--13 Frame manipulations completed
INFO:root:2021-07-16-12--57--13 Bounding Box Drawn
INFO:root:2021-07-16-12--57--13 MovingFrameQueue Appended
INFO:root:2021-07-16-12--57--13 Anomally Detected, starting call for more frames
INFO:root:2021-07-16-12--57--13 Anomally Detected, starting call for more frames
INFO:root:2021-07-16-12--57--13 Anomally Detected, starting call for more frames
INFO:root:2021-07-16-12--57--13 anomallyFrameTracker resetted to 200
INFO:root:2021-07-16-12--57--13 anomallyFrameTracker resetted to 200
INFO:root:2021-07-16-12--57--13 anomallyFrameTracker resetted to 200
INFO:root:2021-07-16-12--57--14 Colour Conversion Completed
INFO:root:2021-07-16-12--57--14 Sleep Check Completed
INFO:root:2021-07-16-12--57--14 Frame manipulations completed
INFO:root:2021-07-16-12--57--14 Bounding Box Drawn
INFO:root:2021-07-16-12--57--14 MovingFrameQueue Appended
INFO:root:2021-07-16-12--57--14 Anomally Detected, starting call for more frames
INFO:root:2021-07-16-12--57--14 Anomally Detected, starting call for more frames
INFO:root:2021-07-16-12--57--14 Anomally Detected, starting call for more frames
INFO:root:2021-07-16-12--57--14 anomallyFrameTracker resetted to 200
INFO:root:2021-07-16-12--57--14 anomallyFrameTracker resetted to 200
INFO:root:2021-07-16-12--57--14 anomallyFrameTracker resetted to 200
INFO:root:2021-07-16-12--57--14 Colour Conversion Completed
INFO:root:2021-07-16-12--57--14 Sleep Check Completed
INFO:root:2021-07-16-12--57--14 Frame manipulations completed
INFO:root:2021-07-16-12--57--14 Bounding Box Drawn
INFO:root:2021-07-16-12--57--14 MovingFrameQueue Appended
INFO:root:2021-07-16-12--57--14 Anomally Detected, starting call for more frames
INFO:root:2021-07-16-12--57--14 Anomally Detected, starting call for more frames
INFO:root:2021-07-16-12--57--14 Anomally Detected, starting call for more frames
INFO:root:2021-07-16-12--57--14 anomallyFrameTracker resetted to 200
INFO:root:2021-07-16-12--57--14 anomallyFrameTracker resetted to 200
INFO:root:2021-07-16-12--57--14 anomallyFrameTracker resetted to 200
INFO:root:2021-07-16-12--57--14 Colour Conversion Completed
INFO:root:2021-07-16-12--57--14 Sleep Check Completed
INFO:root:2021-07-16-12--57--14 Frame manipulations completed
INFO:root:2021-07-16-12--57--14 Bounding Box Drawn
INFO:root:2021-07-16-12--57--15 MovingFrameQueue Appended
INFO:root:2021-07-16-12--57--15 Anomally Detected, starting call for more frames
INFO:root:2021-07-16-12--57--15 Anomally Detected, starting call for more frames
INFO:root:2021-07-16-12--57--15 Anomally Detected, starting call for more frames
INFO:root:2021-07-16-12--57--15 anomallyFrameTracker resetted to 200
INFO:root:2021-07-16-12--57--15 anomallyFrameTracker resetted to 200
INFO:root:2021-07-16-12--57--15 anomallyFrameTracker resetted to 200
INFO:root:2021-07-16-12--57--15 Colour Conversion Completed
INFO:root:2021-07-16-12--57--15 Sleep Check Completed
INFO:root:2021-07-16-12--57--15 Frame manipulations completed
INFO:root:2021-07-16-12--57--15 Bounding Box Drawn
INFO:root:2021-07-16-12--57--15 MovingFrameQueue Appended
INFO:root:2021-07-16-12--57--15 Anomally Detected, starting call for more frames
INFO:root:2021-07-16-12--57--15 Anomally Detected, starting call for more frames
INFO:root:2021-07-16-12--57--15 Anomally Detected, starting call for more frames
INFO:root:2021-07-16-12--57--15 anomallyFrameTracker resetted to 200
INFO:root:2021-07-16-12--57--15 anomallyFrameTracker resetted to 200
INFO:root:2021-07-16-12--57--15 anomallyFrameTracker resetted to 200
INFO:root:2021-07-16-12--57--15 Colour Conversion Completed
INFO:root:2021-07-16-12--57--15 Sleep Check Completed
INFO:root:2021-07-16-12--57--15 Frame manipulations completed
INFO:root:2021-07-16-12--57--15 Bounding Box Drawn
INFO:root:2021-07-16-12--57--15 MovingFrameQueue Appended
INFO:root:2021-07-16-12--57--15 Anomally Detected, starting call for more frames
INFO:root:2021-07-16-12--57--15 Anomally Detected, starting call for more frames
INFO:root:2021-07-16-12--57--15 Anomally Detected, starting call for more frames
INFO:root:2021-07-16-12--57--15 anomallyFrameTracker resetted to 200
INFO:root:2021-07-16-12--57--15 anomallyFrameTracker resetted to 200
INFO:root:2021-07-16-12--57--15 anomallyFrameTracker resetted to 200
INFO:root:2021-07-16-12--57--15 Colour Conversion Completed
INFO:root:2021-07-16-12--57--15 Sleep Check Completed
INFO:root:2021-07-16-12--57--15 Frame manipulations completed
INFO:root:2021-07-16-12--57--15 Bounding Box Drawn
INFO:root:2021-07-16-12--57--16 MovingFrameQueue Appended
INFO:root:2021-07-16-12--57--16 anomallyFrameTracker resetted to 200
INFO:root:2021-07-16-12--57--16 anomallyFrameTracker resetted to 200
INFO:root:2021-07-16-12--57--16 anomallyFrameTracker resetted to 200
INFO:root:2021-07-16-12--57--16 Colour Conversion Completed
INFO:root:2021-07-16-12--57--16 Sleep Check Completed
INFO:root:2021-07-16-12--57--16 Frame manipulations completed
INFO:root:2021-07-16-12--57--16 Bounding Box Drawn
INFO:root:2021-07-16-12--57--17 MovingFrameQueue Appended
INFO:root:2021-07-16-12--57--17 Anomally Detected, starting call for more frames
INFO:root:2021-07-16-12--57--17 Anomally Detected, starting call for more frames
INFO:root:2021-07-16-12--57--17 Anomally Detected, starting call for more frames
INFO:root:2021-07-16-12--57--17 anomallyFrameTracker resetted to 200
INFO:root:2021-07-16-12--57--17 anomallyFrameTracker resetted to 200
INFO:root:2021-07-16-12--57--17 anomallyFrameTracker resetted to 200
INFO:root:2021-07-16-12--57--17 Colour Conversion Completed
INFO:root:2021-07-16-12--57--17 Sleep Check Completed
INFO:root:2021-07-16-12--57--17 Frame manipulations completed
INFO:root:2021-07-16-12--57--17 Bounding Box Drawn
INFO:root:2021-07-16-12--57--17 MovingFrameQueue Appended
INFO:root:2021-07-16-12--57--17 Anomally Detected, starting call for more frames
INFO:root:2021-07-16-12--57--17 Anomally Detected, starting call for more frames
INFO:root:2021-07-16-12--57--17 Anomally Detected, starting call for more frames
INFO:root:2021-07-16-12--57--17 anomallyFrameTracker resetted to 200
INFO:root:2021-07-16-12--57--17 anomallyFrameTracker resetted to 200
INFO:root:2021-07-16-12--57--17 anomallyFrameTracker resetted to 200
INFO:root:2021-07-16-12--57--17 Colour Conversion Completed
INFO:root:2021-07-16-12--57--17 Sleep Check Completed
INFO:root:2021-07-16-12--57--17 Frame manipulations completed
INFO:root:2021-07-16-12--57--17 Bounding Box Drawn
INFO:root:2021-07-16-12--57--18 MovingFrameQueue Appended
INFO:root:2021-07-16-12--57--18 Anomally Detected, starting call for more frames
INFO:root:2021-07-16-12--57--18 Anomally Detected, starting call for more frames
INFO:root:2021-07-16-12--57--18 anomallyFrameTracker resetted to 200
INFO:root:2021-07-16-12--57--18 anomallyFrameTracker resetted to 200
INFO:root:2021-07-16-12--57--18 anomallyFrameTracker resetted to 200
INFO:root:2021-07-16-12--57--18 Colour Conversion Completed
INFO:root:2021-07-16-12--57--18 Sleep Check Completed
INFO:root:2021-07-16-12--57--18 Frame manipulations completed
INFO:root:2021-07-16-12--57--18 Bounding Box Drawn
INFO:root:2021-07-16-12--57--18 MovingFrameQueue Popped
INFO:root:2021-07-16-12--57--18 Anomally Detected, starting call for more frames
INFO:root:2021-07-16-12--57--18 Anomally Detected, starting call for more frames
INFO:root:2021-07-16-12--57--18 anomallyFrameTracker resetted to 200
INFO:root:2021-07-16-12--57--18 anomallyFrameTracker resetted to 200
INFO:root:2021-07-16-12--57--18 anomallyFrameTracker resetted to 200
INFO:root:2021-07-16-12--57--18 Colour Conversion Completed
INFO:root:2021-07-16-12--57--18 Sleep Check Completed
INFO:root:2021-07-16-12--57--18 Frame manipulations completed
INFO:root:2021-07-16-12--57--18 Bounding Box Drawn
INFO:root:2021-07-16-12--57--19 MovingFrameQueue Appended
INFO:root:2021-07-16-12--57--19 Anomally Detected, starting call for more frames
INFO:root:2021-07-16-12--57--19 Anomally Detected, starting call for more frames
INFO:root:2021-07-16-12--57--19 anomallyFrameTracker resetted to 200
INFO:root:2021-07-16-12--57--19 anomallyFrameTracker resetted to 200
INFO:root:2021-07-16-12--57--19 anomallyFrameTracker resetted to 200
INFO:root:2021-07-16-12--57--19 Colour Conversion Completed
INFO:root:2021-07-16-12--57--19 Sleep Check Completed
INFO:root:2021-07-16-12--57--19 Frame manipulations completed
INFO:root:2021-07-16-12--57--19 Bounding Box Drawn
INFO:root:2021-07-16-12--57--19 MovingFrameQueue Popped
INFO:root:2021-07-16-12--57--19 Anomally Detected, starting call for more frames
INFO:root:2021-07-16-12--57--19 Anomally Detected, starting call for more frames
INFO:root:2021-07-16-12--57--19 anomallyFrameTracker resetted to 200
INFO:root:2021-07-16-12--57--19 anomallyFrameTracker resetted to 200
INFO:root:2021-07-16-12--57--19 anomallyFrameTracker resetted to 200
INFO:root:2021-07-16-12--57--19 Colour Conversion Completed
INFO:root:2021-07-16-12--57--20 Sleep Check Completed
INFO:root:2021-07-16-12--57--20 Frame manipulations completed
INFO:root:2021-07-16-12--57--20 Bounding Box Drawn
INFO:root:2021-07-16-12--57--20 MovingFrameQueue Appended
INFO:root:2021-07-16-12--57--20 Anomally Detected, starting call for more frames
INFO:root:2021-07-16-12--57--20 Anomally Detected, starting call for more frames
INFO:root:2021-07-16-12--57--20 anomallyFrameTracker resetted to 200
INFO:root:2021-07-16-12--57--20 anomallyFrameTracker resetted to 200
INFO:root:2021-07-16-12--57--20 anomallyFrameTracker resetted to 200
INFO:root:2021-07-16-12--57--20 Colour Conversion Completed
INFO:root:2021-07-16-12--57--20 Sleep Check Completed
INFO:root:2021-07-16-12--57--20 Frame manipulations completed
INFO:root:2021-07-16-12--57--20 Bounding Box Drawn
INFO:root:2021-07-16-12--57--20 MovingFrameQueue Popped
INFO:root:2021-07-16-12--57--20 Anomally Detected, starting call for more frames
INFO:root:2021-07-16-12--57--20 Anomally Detected, starting call for more frames
INFO:root:2021-07-16-12--57--20 anomallyFrameTracker resetted to 200
INFO:root:2021-07-16-12--57--20 anomallyFrameTracker resetted to 200
INFO:root:2021-07-16-12--57--20 anomallyFrameTracker resetted to 200
INFO:root:2021-07-16-12--57--20 Colour Conversion Completed
INFO:root:2021-07-16-12--57--20 Sleep Check Completed
INFO:root:2021-07-16-12--57--20 Frame manipulations completed
INFO:root:2021-07-16-12--57--20 Bounding Box Drawn
INFO:root:2021-07-16-12--57--21[INFO] elapsed time: 21.90
INFO:root:2021-07-16-12--57--21[INFO] approx. FPS: 2.56
