INFO:root:2021-08-02-11--43--31 Parameter Generation Success
INFO:root:2021-08-02-11--43--39 Colour Conversion Completed
INFO:root:2021-08-02-11--43--39 Sleep Check Completed
INFO:root:2021-08-02-11--43--39 Frame manipulations completed
INFO:root:2021-08-02-11--43--39 Bounding Box Drawn
INFO:root:2021-08-02-11--43--44 MovingFrameQueue Appended
INFO:root:2021-08-02-11--43--44 Colour Conversion Completed
INFO:root:2021-08-02-11--43--44 Sleep Check Completed
INFO:root:2021-08-02-11--43--44 Frame manipulations completed
INFO:root:2021-08-02-11--43--44 Bounding Box Drawn
INFO:root:2021-08-02-11--43--44 MovingFrameQueue Appended
INFO:root:2021-08-02-11--43--44 Colour Conversion Completed
INFO:root:2021-08-02-11--43--45 Sleep Check Completed
INFO:root:2021-08-02-11--43--45 Frame manipulations completed
INFO:root:2021-08-02-11--43--45 Bounding Box Drawn
INFO:root:2021-08-02-11--43--45 MovingFrameQueue Appended
INFO:root:2021-08-02-11--43--45 Colour Conversion Completed
INFO:root:2021-08-02-11--43--45 Sleep Check Completed
INFO:root:2021-08-02-11--43--45 Frame manipulations completed
INFO:root:2021-08-02-11--43--45 Bounding Box Drawn
INFO:root:2021-08-02-11--43--45 MovingFrameQueue Appended
INFO:root:2021-08-02-11--43--45 Colour Conversion Completed
INFO:root:2021-08-02-11--43--45 Sleep Check Completed
INFO:root:2021-08-02-11--43--45 Frame manipulations completed
INFO:root:2021-08-02-11--43--45 Bounding Box Drawn
INFO:root:2021-08-02-11--43--45 MovingFrameQueue Appended
INFO:root:2021-08-02-11--43--45 Colour Conversion Completed
INFO:root:2021-08-02-11--43--45 Sleep Check Completed
INFO:root:2021-08-02-11--43--45 Frame manipulations completed
INFO:root:2021-08-02-11--43--45 Bounding Box Drawn
INFO:root:2021-08-02-11--43--45 MovingFrameQueue Appended
INFO:root:2021-08-02-11--43--45 Colour Conversion Completed
INFO:root:2021-08-02-11--43--45 Sleep Check Completed
INFO:root:2021-08-02-11--43--45 Frame manipulations completed
INFO:root:2021-08-02-11--43--45 Bounding Box Drawn
INFO:root:2021-08-02-11--43--45 MovingFrameQueue Appended
INFO:root:2021-08-02-11--43--45 Colour Conversion Completed
INFO:root:2021-08-02-11--43--45 Sleep Check Completed
INFO:root:2021-08-02-11--43--45 Frame manipulations completed
INFO:root:2021-08-02-11--43--45 Bounding Box Drawn
INFO:root:2021-08-02-11--43--45 MovingFrameQueue Appended
INFO:root:2021-08-02-11--43--45 Colour Conversion Completed
INFO:root:2021-08-02-11--43--45 Sleep Check Completed
INFO:root:2021-08-02-11--43--45 Frame manipulations completed
INFO:root:2021-08-02-11--43--45 Bounding Box Drawn
INFO:root:2021-08-02-11--43--45 MovingFrameQueue Appended
INFO:root:2021-08-02-11--43--45 Colour Conversion Completed
INFO:root:2021-08-02-11--43--46 Sleep Check Completed
INFO:root:2021-08-02-11--43--46 Frame manipulations completed
INFO:root:2021-08-02-11--43--46 Bounding Box Drawn
INFO:root:2021-08-02-11--43--46 MovingFrameQueue Appended
INFO:root:2021-08-02-11--43--46 Colour Conversion Completed
INFO:root:2021-08-02-11--43--46 Sleep Check Completed
INFO:root:2021-08-02-11--43--46 Frame manipulations completed
INFO:root:2021-08-02-11--43--46 Bounding Box Drawn
INFO:root:2021-08-02-11--43--46 MovingFrameQueue Appended
INFO:root:2021-08-02-11--43--46 Colour Conversion Completed
INFO:root:2021-08-02-11--43--46 Sleep Check Completed
INFO:root:2021-08-02-11--43--46 Frame manipulations completed
INFO:root:2021-08-02-11--43--46 Bounding Box Drawn
INFO:root:2021-08-02-11--43--46 MovingFrameQueue Appended
INFO:root:2021-08-02-11--43--46 Colour Conversion Completed
INFO:root:2021-08-02-11--43--46 Sleep Check Completed
INFO:root:2021-08-02-11--43--46 Frame manipulations completed
INFO:root:2021-08-02-11--43--46 Bounding Box Drawn
INFO:root:2021-08-02-11--43--46 MovingFrameQueue Appended
INFO:root:2021-08-02-11--43--46 Colour Conversion Completed
INFO:root:2021-08-02-11--43--46 Sleep Check Completed
INFO:root:2021-08-02-11--43--46 Frame manipulations completed
INFO:root:2021-08-02-11--43--46 Bounding Box Drawn
INFO:root:2021-08-02-11--43--46 MovingFrameQueue Appended
INFO:root:2021-08-02-11--43--46 Colour Conversion Completed
INFO:root:2021-08-02-11--43--46 Sleep Check Completed
INFO:root:2021-08-02-11--43--46 Frame manipulations completed
INFO:root:2021-08-02-11--43--46 Bounding Box Drawn
INFO:root:2021-08-02-11--43--46 MovingFrameQueue Appended
INFO:root:2021-08-02-11--43--46 Colour Conversion Completed
INFO:root:2021-08-02-11--43--46 Sleep Check Completed
INFO:root:2021-08-02-11--43--46 Frame manipulations completed
INFO:root:2021-08-02-11--43--46 Bounding Box Drawn
INFO:root:2021-08-02-11--43--46 MovingFrameQueue Appended
INFO:root:2021-08-02-11--43--46 Colour Conversion Completed
INFO:root:2021-08-02-11--43--46 Sleep Check Completed
INFO:root:2021-08-02-11--43--46 Frame manipulations completed
INFO:root:2021-08-02-11--43--46 Bounding Box Drawn
INFO:root:2021-08-02-11--43--46 MovingFrameQueue Appended
INFO:root:2021-08-02-11--43--46 Colour Conversion Completed
INFO:root:2021-08-02-11--43--46 Sleep Check Completed
INFO:root:2021-08-02-11--43--46 Frame manipulations completed
INFO:root:2021-08-02-11--43--46 Bounding Box Drawn
INFO:root:2021-08-02-11--43--46 MovingFrameQueue Appended
INFO:root:2021-08-02-11--43--46 Colour Conversion Completed
INFO:root:2021-08-02-11--43--46 Sleep Check Completed
INFO:root:2021-08-02-11--43--46 Frame manipulations completed
INFO:root:2021-08-02-11--43--46 Bounding Box Drawn
INFO:root:2021-08-02-11--43--47 MovingFrameQueue Appended
INFO:root:2021-08-02-11--43--47 Colour Conversion Completed
INFO:root:2021-08-02-11--43--47 Sleep Check Completed
INFO:root:2021-08-02-11--43--47 Frame manipulations completed
INFO:root:2021-08-02-11--43--47 Bounding Box Drawn
INFO:root:2021-08-02-11--43--47 MovingFrameQueue Appended
INFO:root:2021-08-02-11--43--47 Colour Conversion Completed
INFO:root:2021-08-02-11--43--47 Sleep Check Completed
INFO:root:2021-08-02-11--43--47 Frame manipulations completed
INFO:root:2021-08-02-11--43--47 Bounding Box Drawn
INFO:root:2021-08-02-11--43--47 MovingFrameQueue Appended
INFO:root:2021-08-02-11--43--47 Colour Conversion Completed
INFO:root:2021-08-02-11--43--47 Sleep Check Completed
INFO:root:2021-08-02-11--43--47 Frame manipulations completed
INFO:root:2021-08-02-11--43--47 Bounding Box Drawn
INFO:root:2021-08-02-11--43--47 MovingFrameQueue Appended
INFO:root:2021-08-02-11--43--47 Colour Conversion Completed
INFO:root:2021-08-02-11--43--47 Sleep Check Completed
INFO:root:2021-08-02-11--43--47 Frame manipulations completed
INFO:root:2021-08-02-11--43--47 Bounding Box Drawn
INFO:root:2021-08-02-11--43--47 MovingFrameQueue Appended
INFO:root:2021-08-02-11--43--47 Colour Conversion Completed
INFO:root:2021-08-02-11--43--47 Sleep Check Completed
INFO:root:2021-08-02-11--43--47 Frame manipulations completed
INFO:root:2021-08-02-11--43--47 Bounding Box Drawn
INFO:root:2021-08-02-11--43--48 MovingFrameQueue Appended
INFO:root:2021-08-02-11--43--48 Colour Conversion Completed
INFO:root:2021-08-02-11--43--48 Sleep Check Completed
INFO:root:2021-08-02-11--43--48 Frame manipulations completed
INFO:root:2021-08-02-11--43--48 Bounding Box Drawn
INFO:root:2021-08-02-11--43--48 MovingFrameQueue Appended
INFO:root:2021-08-02-11--43--48 Colour Conversion Completed
INFO:root:2021-08-02-11--43--48 Sleep Check Completed
INFO:root:2021-08-02-11--43--48 Frame manipulations completed
INFO:root:2021-08-02-11--43--48 Bounding Box Drawn
INFO:root:2021-08-02-11--43--48 MovingFrameQueue Appended
INFO:root:2021-08-02-11--43--48 Colour Conversion Completed
INFO:root:2021-08-02-11--43--48 Sleep Check Completed
INFO:root:2021-08-02-11--43--48 Frame manipulations completed
INFO:root:2021-08-02-11--43--48 Bounding Box Drawn
INFO:root:2021-08-02-11--43--48 MovingFrameQueue Appended
INFO:root:2021-08-02-11--43--48 Colour Conversion Completed
INFO:root:2021-08-02-11--43--48 Sleep Check Completed
INFO:root:2021-08-02-11--43--48 Frame manipulations completed
INFO:root:2021-08-02-11--43--48 Bounding Box Drawn
INFO:root:2021-08-02-11--43--48 MovingFrameQueue Appended
INFO:root:2021-08-02-11--43--48 Colour Conversion Completed
INFO:root:2021-08-02-11--43--48 Sleep Check Completed
INFO:root:2021-08-02-11--43--48 Frame manipulations completed
INFO:root:2021-08-02-11--43--48 Bounding Box Drawn
INFO:root:2021-08-02-11--43--48 MovingFrameQueue Appended
INFO:root:2021-08-02-11--43--48 Colour Conversion Completed
INFO:root:2021-08-02-11--43--48 Sleep Check Completed
INFO:root:2021-08-02-11--43--48 Frame manipulations completed
INFO:root:2021-08-02-11--43--48 Bounding Box Drawn
INFO:root:2021-08-02-11--43--48 MovingFrameQueue Appended
INFO:root:2021-08-02-11--43--48 Colour Conversion Completed
INFO:root:2021-08-02-11--43--48 Sleep Check Completed
INFO:root:2021-08-02-11--43--48 Frame manipulations completed
INFO:root:2021-08-02-11--43--48 Bounding Box Drawn
INFO:root:2021-08-02-11--43--48 MovingFrameQueue Appended
INFO:root:2021-08-02-11--43--49 Colour Conversion Completed
INFO:root:2021-08-02-11--43--49 Sleep Check Completed
INFO:root:2021-08-02-11--43--49 Frame manipulations completed
INFO:root:2021-08-02-11--43--49 Bounding Box Drawn
INFO:root:2021-08-02-11--43--49 MovingFrameQueue Appended
INFO:root:2021-08-02-11--43--49 Colour Conversion Completed
INFO:root:2021-08-02-11--43--49 Sleep Check Completed
INFO:root:2021-08-02-11--43--49 Frame manipulations completed
INFO:root:2021-08-02-11--43--49 Bounding Box Drawn
INFO:root:2021-08-02-11--43--49 MovingFrameQueue Appended
INFO:root:2021-08-02-11--43--49 Colour Conversion Completed
INFO:root:2021-08-02-11--43--49 Sleep Check Completed
INFO:root:2021-08-02-11--43--49 Frame manipulations completed
INFO:root:2021-08-02-11--43--49 Bounding Box Drawn
INFO:root:2021-08-02-11--43--49 MovingFrameQueue Appended
INFO:root:2021-08-02-11--43--49 Colour Conversion Completed
INFO:root:2021-08-02-11--43--49 Sleep Check Completed
INFO:root:2021-08-02-11--43--49 Frame manipulations completed
INFO:root:2021-08-02-11--43--49 Bounding Box Drawn
INFO:root:2021-08-02-11--43--49 MovingFrameQueue Appended
INFO:root:2021-08-02-11--43--49 Colour Conversion Completed
INFO:root:2021-08-02-11--43--49 Sleep Check Completed
INFO:root:2021-08-02-11--43--49 Frame manipulations completed
INFO:root:2021-08-02-11--43--49 Bounding Box Drawn
INFO:root:2021-08-02-11--43--49 MovingFrameQueue Appended
INFO:root:2021-08-02-11--43--49 Colour Conversion Completed
INFO:root:2021-08-02-11--43--49 Sleep Check Completed
INFO:root:2021-08-02-11--43--49 Frame manipulations completed
INFO:root:2021-08-02-11--43--49 Bounding Box Drawn
INFO:root:2021-08-02-11--43--49 MovingFrameQueue Appended
INFO:root:2021-08-02-11--43--49 Colour Conversion Completed
INFO:root:2021-08-02-11--43--49 Sleep Check Completed
INFO:root:2021-08-02-11--43--49 Frame manipulations completed
INFO:root:2021-08-02-11--43--49 Bounding Box Drawn
INFO:root:2021-08-02-11--43--49 MovingFrameQueue Appended
INFO:root:2021-08-02-11--43--49 Colour Conversion Completed
INFO:root:2021-08-02-11--43--49 Sleep Check Completed
INFO:root:2021-08-02-11--43--49 Frame manipulations completed
INFO:root:2021-08-02-11--43--49 Bounding Box Drawn
INFO:root:2021-08-02-11--43--49 MovingFrameQueue Appended
INFO:root:2021-08-02-11--43--49 Colour Conversion Completed
INFO:root:2021-08-02-11--43--49 Sleep Check Completed
INFO:root:2021-08-02-11--43--49 Frame manipulations completed
INFO:root:2021-08-02-11--43--49 Bounding Box Drawn
INFO:root:2021-08-02-11--43--50 MovingFrameQueue Appended
INFO:root:2021-08-02-11--43--50 Colour Conversion Completed
INFO:root:2021-08-02-11--43--50 Sleep Check Completed
INFO:root:2021-08-02-11--43--50 Frame manipulations completed
INFO:root:2021-08-02-11--43--50 Bounding Box Drawn
INFO:root:2021-08-02-11--43--50 MovingFrameQueue Appended
INFO:root:2021-08-02-11--43--50 Colour Conversion Completed
INFO:root:2021-08-02-11--43--50 Sleep Check Completed
INFO:root:2021-08-02-11--43--50 Frame manipulations completed
INFO:root:2021-08-02-11--43--50 Bounding Box Drawn
INFO:root:2021-08-02-11--43--50 MovingFrameQueue Appended
INFO:root:2021-08-02-11--43--50 Colour Conversion Completed
INFO:root:2021-08-02-11--43--50 Sleep Check Completed
INFO:root:2021-08-02-11--43--50 Frame manipulations completed
INFO:root:2021-08-02-11--43--50 Bounding Box Drawn
INFO:root:2021-08-02-11--43--50 MovingFrameQueue Appended
INFO:root:2021-08-02-11--43--50 Colour Conversion Completed
INFO:root:2021-08-02-11--43--50 Sleep Check Completed
INFO:root:2021-08-02-11--43--50 Frame manipulations completed
INFO:root:2021-08-02-11--43--50 Bounding Box Drawn
INFO:root:2021-08-02-11--43--50 MovingFrameQueue Appended
INFO:root:2021-08-02-11--43--50 Colour Conversion Completed
INFO:root:2021-08-02-11--43--50 Sleep Check Completed
INFO:root:2021-08-02-11--43--50 Frame manipulations completed
INFO:root:2021-08-02-11--43--50 Bounding Box Drawn
INFO:root:2021-08-02-11--43--50 MovingFrameQueue Appended
INFO:root:2021-08-02-11--43--50 Colour Conversion Completed
INFO:root:2021-08-02-11--43--50 Sleep Check Completed
INFO:root:2021-08-02-11--43--50 Frame manipulations completed
INFO:root:2021-08-02-11--43--50 Bounding Box Drawn
INFO:root:2021-08-02-11--43--50 MovingFrameQueue Appended
INFO:root:2021-08-02-11--43--50 Colour Conversion Completed
INFO:root:2021-08-02-11--43--50 Sleep Check Completed
INFO:root:2021-08-02-11--43--50 Frame manipulations completed
INFO:root:2021-08-02-11--43--50 Bounding Box Drawn
INFO:root:2021-08-02-11--43--50 MovingFrameQueue Appended
INFO:root:2021-08-02-11--43--50 Colour Conversion Completed
INFO:root:2021-08-02-11--43--50 Sleep Check Completed
INFO:root:2021-08-02-11--43--50 Frame manipulations completed
INFO:root:2021-08-02-11--43--50 Bounding Box Drawn
INFO:root:2021-08-02-11--43--51 MovingFrameQueue Appended
INFO:root:2021-08-02-11--43--51 Colour Conversion Completed
INFO:root:2021-08-02-11--43--51 Sleep Check Completed
INFO:root:2021-08-02-11--43--51 Frame manipulations completed
INFO:root:2021-08-02-11--43--51 Bounding Box Drawn
INFO:root:2021-08-02-11--43--51 MovingFrameQueue Appended
INFO:root:2021-08-02-11--43--51 Colour Conversion Completed
INFO:root:2021-08-02-11--43--51 Sleep Check Completed
INFO:root:2021-08-02-11--43--51 Frame manipulations completed
INFO:root:2021-08-02-11--43--51 Bounding Box Drawn
INFO:root:2021-08-02-11--43--51 MovingFrameQueue Appended
INFO:root:2021-08-02-11--43--51 Colour Conversion Completed
INFO:root:2021-08-02-11--43--51 Sleep Check Completed
INFO:root:2021-08-02-11--43--51 Frame manipulations completed
INFO:root:2021-08-02-11--43--51 Bounding Box Drawn
INFO:root:2021-08-02-11--43--51 MovingFrameQueue Appended
INFO:root:2021-08-02-11--43--51 Colour Conversion Completed
INFO:root:2021-08-02-11--43--51 Sleep Check Completed
INFO:root:2021-08-02-11--43--51 Frame manipulations completed
INFO:root:2021-08-02-11--43--51 Bounding Box Drawn
INFO:root:2021-08-02-11--43--51 MovingFrameQueue Popped
INFO:root:2021-08-02-11--43--51 Colour Conversion Completed
INFO:root:2021-08-02-11--43--51 Sleep Check Completed
INFO:root:2021-08-02-11--43--51 Frame manipulations completed
INFO:root:2021-08-02-11--43--51 Bounding Box Drawn
INFO:root:2021-08-02-11--43--51 MovingFrameQueue Appended
INFO:root:2021-08-02-11--43--51 Colour Conversion Completed
INFO:root:2021-08-02-11--43--51 Sleep Check Completed
INFO:root:2021-08-02-11--43--51 Frame manipulations completed
INFO:root:2021-08-02-11--43--51 Bounding Box Drawn
