INFO:root:2021-07-16-13--17--39 Parameter Generation Success
INFO:root:2021-07-16-13--17--39 Colour Conversion Completed
INFO:root:2021-07-16-13--17--39 Sleep Check Completed
INFO:root:2021-07-16-13--17--39 Frame manipulations completed
INFO:root:2021-07-16-13--17--39 Bounding Box Drawn
INFO:root:2021-07-16-13--17--44 MovingFrameQueue Appended
INFO:root:2021-07-16-13--17--44 anomallyFrameTracker resetted to 200
INFO:root:2021-07-16-13--17--44 Colour Conversion Completed
INFO:root:2021-07-16-13--17--44 Sleep Check Completed
INFO:root:2021-07-16-13--17--44 Frame manipulations completed
INFO:root:2021-07-16-13--17--44 Bounding Box Drawn
INFO:root:2021-07-16-13--17--44 MovingFrameQueue Appended
INFO:root:2021-07-16-13--17--44 anomallyFrameTracker resetted to 200
INFO:root:2021-07-16-13--17--44 Colour Conversion Completed
INFO:root:2021-07-16-13--17--44 Sleep Check Completed
INFO:root:2021-07-16-13--17--44 Frame manipulations completed
INFO:root:2021-07-16-13--17--44 Bounding Box Drawn
INFO:root:2021-07-16-13--17--44 MovingFrameQueue Appended
INFO:root:2021-07-16-13--17--44 anomallyFrameTracker resetted to 200
INFO:root:2021-07-16-13--17--44 Colour Conversion Completed
INFO:root:2021-07-16-13--17--44 Sleep Check Completed
INFO:root:2021-07-16-13--17--44 Frame manipulations completed
INFO:root:2021-07-16-13--17--44 Bounding Box Drawn
INFO:root:2021-07-16-13--17--44 MovingFrameQueue Appended
INFO:root:2021-07-16-13--17--44 anomallyFrameTracker resetted to 200
INFO:root:2021-07-16-13--17--44 Colour Conversion Completed
INFO:root:2021-07-16-13--17--44 Sleep Check Completed
INFO:root:2021-07-16-13--17--44 Frame manipulations completed
INFO:root:2021-07-16-13--17--44 Bounding Box Drawn
INFO:root:2021-07-16-13--17--44 MovingFrameQueue Appended
INFO:root:2021-07-16-13--17--44 anomallyFrameTracker resetted to 200
INFO:root:2021-07-16-13--17--44 Colour Conversion Completed
INFO:root:2021-07-16-13--17--44 Sleep Check Completed
INFO:root:2021-07-16-13--17--44 Frame manipulations completed
INFO:root:2021-07-16-13--17--44 Bounding Box Drawn
INFO:root:2021-07-16-13--17--45 MovingFrameQueue Appended
INFO:root:2021-07-16-13--17--45 anomallyFrameTracker resetted to 200
INFO:root:2021-07-16-13--17--45 Colour Conversion Completed
INFO:root:2021-07-16-13--17--45 Sleep Check Completed
INFO:root:2021-07-16-13--17--45 Frame manipulations completed
INFO:root:2021-07-16-13--17--45 Bounding Box Drawn
INFO:root:2021-07-16-13--17--45 MovingFrameQueue Appended
INFO:root:2021-07-16-13--17--45 anomallyFrameTracker resetted to 200
INFO:root:2021-07-16-13--17--45 Colour Conversion Completed
INFO:root:2021-07-16-13--17--45 Sleep Check Completed
INFO:root:2021-07-16-13--17--45 Frame manipulations completed
INFO:root:2021-07-16-13--17--45 Bounding Box Drawn
INFO:root:2021-07-16-13--17--45 MovingFrameQueue Appended
INFO:root:2021-07-16-13--17--45 anomallyFrameTracker resetted to 200
INFO:root:2021-07-16-13--17--45 Colour Conversion Completed
INFO:root:2021-07-16-13--17--45 Sleep Check Completed
INFO:root:2021-07-16-13--17--45 Frame manipulations completed
INFO:root:2021-07-16-13--17--45 Bounding Box Drawn
INFO:root:2021-07-16-13--17--45 MovingFrameQueue Appended
INFO:root:2021-07-16-13--17--45 anomallyFrameTracker resetted to 200
INFO:root:2021-07-16-13--17--45 Colour Conversion Completed
INFO:root:2021-07-16-13--17--45 Sleep Check Completed
INFO:root:2021-07-16-13--17--45 Frame manipulations completed
INFO:root:2021-07-16-13--17--45 Bounding Box Drawn
INFO:root:2021-07-16-13--17--45 MovingFrameQueue Appended
INFO:root:2021-07-16-13--17--45 anomallyFrameTracker resetted to 200
INFO:root:2021-07-16-13--17--45 Colour Conversion Completed
INFO:root:2021-07-16-13--17--45 Sleep Check Completed
INFO:root:2021-07-16-13--17--45 Frame manipulations completed
INFO:root:2021-07-16-13--17--45 Bounding Box Drawn
INFO:root:2021-07-16-13--17--46 MovingFrameQueue Appended
INFO:root:2021-07-16-13--17--46 anomallyFrameTracker resetted to 200
INFO:root:2021-07-16-13--17--46 Colour Conversion Completed
INFO:root:2021-07-16-13--17--46 Sleep Check Completed
INFO:root:2021-07-16-13--17--46 Frame manipulations completed
INFO:root:2021-07-16-13--17--46 Bounding Box Drawn
INFO:root:2021-07-16-13--17--46 MovingFrameQueue Appended
INFO:root:2021-07-16-13--17--46 anomallyFrameTracker resetted to 200
INFO:root:2021-07-16-13--17--46 Colour Conversion Completed
INFO:root:2021-07-16-13--17--46 Sleep Check Completed
INFO:root:2021-07-16-13--17--46 Frame manipulations completed
INFO:root:2021-07-16-13--17--46 Bounding Box Drawn
INFO:root:2021-07-16-13--17--46 MovingFrameQueue Appended
INFO:root:2021-07-16-13--17--46 anomallyFrameTracker resetted to 200
INFO:root:2021-07-16-13--17--46 Colour Conversion Completed
INFO:root:2021-07-16-13--17--46 Sleep Check Completed
INFO:root:2021-07-16-13--17--46 Frame manipulations completed
INFO:root:2021-07-16-13--17--46 Bounding Box Drawn
INFO:root:2021-07-16-13--17--46 MovingFrameQueue Appended
INFO:root:2021-07-16-13--17--46 anomallyFrameTracker resetted to 200
INFO:root:2021-07-16-13--17--46 Colour Conversion Completed
INFO:root:2021-07-16-13--17--46 Sleep Check Completed
INFO:root:2021-07-16-13--17--46 Frame manipulations completed
INFO:root:2021-07-16-13--17--46 Bounding Box Drawn
INFO:root:2021-07-16-13--17--46 MovingFrameQueue Appended
INFO:root:2021-07-16-13--17--46 anomallyFrameTracker resetted to 200
INFO:root:2021-07-16-13--17--46 Colour Conversion Completed
INFO:root:2021-07-16-13--17--46 Sleep Check Completed
INFO:root:2021-07-16-13--17--46 Frame manipulations completed
INFO:root:2021-07-16-13--17--46 Bounding Box Drawn
INFO:root:2021-07-16-13--17--46 MovingFrameQueue Appended
INFO:root:2021-07-16-13--17--46 anomallyFrameTracker resetted to 200
INFO:root:2021-07-16-13--17--46 Colour Conversion Completed
INFO:root:2021-07-16-13--17--46 Sleep Check Completed
INFO:root:2021-07-16-13--17--46 Frame manipulations completed
INFO:root:2021-07-16-13--17--46 Bounding Box Drawn
INFO:root:2021-07-16-13--17--46 MovingFrameQueue Appended
INFO:root:2021-07-16-13--17--46 anomallyFrameTracker resetted to 200
INFO:root:2021-07-16-13--17--46 Colour Conversion Completed
INFO:root:2021-07-16-13--17--46 Sleep Check Completed
INFO:root:2021-07-16-13--17--46 Frame manipulations completed
INFO:root:2021-07-16-13--17--46 Bounding Box Drawn
INFO:root:2021-07-16-13--17--47 MovingFrameQueue Appended
INFO:root:2021-07-16-13--17--47 anomallyFrameTracker resetted to 200
INFO:root:2021-07-16-13--17--47 Colour Conversion Completed
INFO:root:2021-07-16-13--17--47 Sleep Check Completed
INFO:root:2021-07-16-13--17--47 Frame manipulations completed
INFO:root:2021-07-16-13--17--47 Bounding Box Drawn
INFO:root:2021-07-16-13--17--47 MovingFrameQueue Appended
INFO:root:2021-07-16-13--17--47 anomallyFrameTracker resetted to 200
INFO:root:2021-07-16-13--17--47 Colour Conversion Completed
INFO:root:2021-07-16-13--17--47 Sleep Check Completed
INFO:root:2021-07-16-13--17--47 Frame manipulations completed
INFO:root:2021-07-16-13--17--47 Bounding Box Drawn
INFO:root:2021-07-16-13--17--47 MovingFrameQueue Appended
INFO:root:2021-07-16-13--17--47 anomallyFrameTracker resetted to 200
INFO:root:2021-07-16-13--17--47 Colour Conversion Completed
INFO:root:2021-07-16-13--17--47 Sleep Check Completed
INFO:root:2021-07-16-13--17--47 Frame manipulations completed
INFO:root:2021-07-16-13--17--47 Bounding Box Drawn
INFO:root:2021-07-16-13--17--47 MovingFrameQueue Appended
INFO:root:2021-07-16-13--17--47 anomallyFrameTracker resetted to 200
INFO:root:2021-07-16-13--17--47 Colour Conversion Completed
INFO:root:2021-07-16-13--17--47 Sleep Check Completed
INFO:root:2021-07-16-13--17--47 Frame manipulations completed
INFO:root:2021-07-16-13--17--47 Bounding Box Drawn
INFO:root:2021-07-16-13--17--47 MovingFrameQueue Appended
INFO:root:2021-07-16-13--17--47 anomallyFrameTracker resetted to 200
INFO:root:2021-07-16-13--17--47 Colour Conversion Completed
INFO:root:2021-07-16-13--17--47 Sleep Check Completed
INFO:root:2021-07-16-13--17--47 Frame manipulations completed
INFO:root:2021-07-16-13--17--47 Bounding Box Drawn
INFO:root:2021-07-16-13--17--47 MovingFrameQueue Appended
INFO:root:2021-07-16-13--17--47 anomallyFrameTracker resetted to 200
INFO:root:2021-07-16-13--17--47 Colour Conversion Completed
INFO:root:2021-07-16-13--17--47 Sleep Check Completed
INFO:root:2021-07-16-13--17--47 Frame manipulations completed
INFO:root:2021-07-16-13--17--47 Bounding Box Drawn
INFO:root:2021-07-16-13--17--48 MovingFrameQueue Appended
INFO:root:2021-07-16-13--17--48 anomallyFrameTracker resetted to 200
INFO:root:2021-07-16-13--17--48 Colour Conversion Completed
INFO:root:2021-07-16-13--17--48 Sleep Check Completed
INFO:root:2021-07-16-13--17--48 Frame manipulations completed
INFO:root:2021-07-16-13--17--48 Bounding Box Drawn
INFO:root:2021-07-16-13--17--48 MovingFrameQueue Appended
INFO:root:2021-07-16-13--17--48 anomallyFrameTracker resetted to 200
INFO:root:2021-07-16-13--17--48 Colour Conversion Completed
INFO:root:2021-07-16-13--17--48 Sleep Check Completed
INFO:root:2021-07-16-13--17--48 Frame manipulations completed
INFO:root:2021-07-16-13--17--48 Bounding Box Drawn
INFO:root:2021-07-16-13--17--48 MovingFrameQueue Appended
INFO:root:2021-07-16-13--17--48 anomallyFrameTracker resetted to 200
INFO:root:2021-07-16-13--17--48 Colour Conversion Completed
INFO:root:2021-07-16-13--17--48 Sleep Check Completed
INFO:root:2021-07-16-13--17--48 Frame manipulations completed
INFO:root:2021-07-16-13--17--48 Bounding Box Drawn
INFO:root:2021-07-16-13--17--48 MovingFrameQueue Appended
INFO:root:2021-07-16-13--17--48 anomallyFrameTracker resetted to 200
INFO:root:2021-07-16-13--17--48 Colour Conversion Completed
INFO:root:2021-07-16-13--17--48 Sleep Check Completed
INFO:root:2021-07-16-13--17--48 Frame manipulations completed
INFO:root:2021-07-16-13--17--48 Bounding Box Drawn
INFO:root:2021-07-16-13--17--48 MovingFrameQueue Appended
INFO:root:2021-07-16-13--17--48 anomallyFrameTracker resetted to 200
INFO:root:2021-07-16-13--17--48 Colour Conversion Completed
INFO:root:2021-07-16-13--17--48 Sleep Check Completed
INFO:root:2021-07-16-13--17--48 Frame manipulations completed
INFO:root:2021-07-16-13--17--48 Bounding Box Drawn
INFO:root:2021-07-16-13--17--48 MovingFrameQueue Appended
INFO:root:2021-07-16-13--17--48 anomallyFrameTracker resetted to 200
INFO:root:2021-07-16-13--17--48 Colour Conversion Completed
INFO:root:2021-07-16-13--17--48 Sleep Check Completed
INFO:root:2021-07-16-13--17--48 Frame manipulations completed
INFO:root:2021-07-16-13--17--48 Bounding Box Drawn
INFO:root:2021-07-16-13--17--49 MovingFrameQueue Appended
INFO:root:2021-07-16-13--17--49 anomallyFrameTracker resetted to 200
INFO:root:2021-07-16-13--17--49 Colour Conversion Completed
INFO:root:2021-07-16-13--17--49 Sleep Check Completed
INFO:root:2021-07-16-13--17--49 Frame manipulations completed
INFO:root:2021-07-16-13--17--49 Bounding Box Drawn
INFO:root:2021-07-16-13--17--49 MovingFrameQueue Appended
INFO:root:2021-07-16-13--17--49 anomallyFrameTracker resetted to 200
INFO:root:2021-07-16-13--17--49 Colour Conversion Completed
INFO:root:2021-07-16-13--17--49 Sleep Check Completed
INFO:root:2021-07-16-13--17--49 Frame manipulations completed
INFO:root:2021-07-16-13--17--49 Bounding Box Drawn
INFO:root:2021-07-16-13--17--49 MovingFrameQueue Appended
INFO:root:2021-07-16-13--17--49 anomallyFrameTracker resetted to 200
INFO:root:2021-07-16-13--17--49 Colour Conversion Completed
INFO:root:2021-07-16-13--17--49 Sleep Check Completed
INFO:root:2021-07-16-13--17--49 Frame manipulations completed
INFO:root:2021-07-16-13--17--49 Bounding Box Drawn
INFO:root:2021-07-16-13--17--49 MovingFrameQueue Appended
INFO:root:2021-07-16-13--17--49 anomallyFrameTracker resetted to 200
INFO:root:2021-07-16-13--17--49 Colour Conversion Completed
INFO:root:2021-07-16-13--17--49 Sleep Check Completed
INFO:root:2021-07-16-13--17--49 Frame manipulations completed
INFO:root:2021-07-16-13--17--49 Bounding Box Drawn
INFO:root:2021-07-16-13--17--49 MovingFrameQueue Appended
INFO:root:2021-07-16-13--17--49 anomallyFrameTracker resetted to 200
INFO:root:2021-07-16-13--17--49 Colour Conversion Completed
INFO:root:2021-07-16-13--17--49 Sleep Check Completed
INFO:root:2021-07-16-13--17--49 Frame manipulations completed
INFO:root:2021-07-16-13--17--49 Bounding Box Drawn
INFO:root:2021-07-16-13--17--49 MovingFrameQueue Appended
INFO:root:2021-07-16-13--17--49 anomallyFrameTracker resetted to 200
INFO:root:2021-07-16-13--17--49 Colour Conversion Completed
INFO:root:2021-07-16-13--17--49 Sleep Check Completed
INFO:root:2021-07-16-13--17--49 Frame manipulations completed
INFO:root:2021-07-16-13--17--49 Bounding Box Drawn
INFO:root:2021-07-16-13--17--49 MovingFrameQueue Appended
INFO:root:2021-07-16-13--17--49 anomallyFrameTracker resetted to 200
INFO:root:2021-07-16-13--17--49 Colour Conversion Completed
INFO:root:2021-07-16-13--17--49 Sleep Check Completed
INFO:root:2021-07-16-13--17--49 Frame manipulations completed
INFO:root:2021-07-16-13--17--49 Bounding Box Drawn
INFO:root:2021-07-16-13--17--50 MovingFrameQueue Appended
INFO:root:2021-07-16-13--17--50 anomallyFrameTracker resetted to 200
INFO:root:2021-07-16-13--17--50 Colour Conversion Completed
INFO:root:2021-07-16-13--17--50 Sleep Check Completed
INFO:root:2021-07-16-13--17--50 Frame manipulations completed
INFO:root:2021-07-16-13--17--50 Bounding Box Drawn
INFO:root:2021-07-16-13--17--50 MovingFrameQueue Appended
INFO:root:2021-07-16-13--17--50 anomallyFrameTracker resetted to 200
INFO:root:2021-07-16-13--17--50 Colour Conversion Completed
INFO:root:2021-07-16-13--17--50 Sleep Check Completed
INFO:root:2021-07-16-13--17--50 Frame manipulations completed
INFO:root:2021-07-16-13--17--50 Bounding Box Drawn
INFO:root:2021-07-16-13--17--50 MovingFrameQueue Appended
INFO:root:2021-07-16-13--17--50 anomallyFrameTracker resetted to 200
INFO:root:2021-07-16-13--17--50 Colour Conversion Completed
INFO:root:2021-07-16-13--17--50 Sleep Check Completed
INFO:root:2021-07-16-13--17--50 Frame manipulations completed
INFO:root:2021-07-16-13--17--50 Bounding Box Drawn
INFO:root:2021-07-16-13--17--50 MovingFrameQueue Appended
INFO:root:2021-07-16-13--17--50 anomallyFrameTracker resetted to 200
INFO:root:2021-07-16-13--17--50 Colour Conversion Completed
INFO:root:2021-07-16-13--17--50 Sleep Check Completed
INFO:root:2021-07-16-13--17--50 Frame manipulations completed
INFO:root:2021-07-16-13--17--50 Bounding Box Drawn
INFO:root:2021-07-16-13--17--50 MovingFrameQueue Appended
INFO:root:2021-07-16-13--17--50 anomallyFrameTracker resetted to 200
INFO:root:2021-07-16-13--17--50 Colour Conversion Completed
INFO:root:2021-07-16-13--17--50 Sleep Check Completed
INFO:root:2021-07-16-13--17--50 Frame manipulations completed
INFO:root:2021-07-16-13--17--50 Bounding Box Drawn
INFO:root:2021-07-16-13--17--50 MovingFrameQueue Appended
INFO:root:2021-07-16-13--17--50 anomallyFrameTracker resetted to 200
INFO:root:2021-07-16-13--17--50 Colour Conversion Completed
INFO:root:2021-07-16-13--17--50 Sleep Check Completed
INFO:root:2021-07-16-13--17--50 Frame manipulations completed
INFO:root:2021-07-16-13--17--50 Bounding Box Drawn
INFO:root:2021-07-16-13--17--51 MovingFrameQueue Appended
INFO:root:2021-07-16-13--17--51 anomallyFrameTracker resetted to 200
INFO:root:2021-07-16-13--17--51 Colour Conversion Completed
INFO:root:2021-07-16-13--17--51 Sleep Check Completed
INFO:root:2021-07-16-13--17--51 Frame manipulations completed
INFO:root:2021-07-16-13--17--51 Bounding Box Drawn
INFO:root:2021-07-16-13--17--51 MovingFrameQueue Appended
INFO:root:2021-07-16-13--17--51 anomallyFrameTracker resetted to 200
INFO:root:2021-07-16-13--17--51 Colour Conversion Completed
INFO:root:2021-07-16-13--17--51 Sleep Check Completed
INFO:root:2021-07-16-13--17--51 Frame manipulations completed
INFO:root:2021-07-16-13--17--51 Bounding Box Drawn
INFO:root:2021-07-16-13--17--51 MovingFrameQueue Appended
INFO:root:2021-07-16-13--17--51 anomallyFrameTracker resetted to 200
INFO:root:2021-07-16-13--17--51 Colour Conversion Completed
INFO:root:2021-07-16-13--17--51 Sleep Check Completed
INFO:root:2021-07-16-13--17--51 Frame manipulations completed
INFO:root:2021-07-16-13--17--51 Bounding Box Drawn
INFO:root:2021-07-16-13--17--51 MovingFrameQueue Appended
INFO:root:2021-07-16-13--17--51 anomallyFrameTracker resetted to 200
INFO:root:2021-07-16-13--17--51 Colour Conversion Completed
INFO:root:2021-07-16-13--17--51 Sleep Check Completed
INFO:root:2021-07-16-13--17--51 Frame manipulations completed
INFO:root:2021-07-16-13--17--51 Bounding Box Drawn
INFO:root:2021-07-16-13--17--51 MovingFrameQueue Appended
INFO:root:2021-07-16-13--17--51 anomallyFrameTracker resetted to 200
INFO:root:2021-07-16-13--17--51 Colour Conversion Completed
INFO:root:2021-07-16-13--17--51 Sleep Check Completed
INFO:root:2021-07-16-13--17--51 Frame manipulations completed
INFO:root:2021-07-16-13--17--51 Bounding Box Drawn
INFO:root:2021-07-16-13--17--51 MovingFrameQueue Appended
INFO:root:2021-07-16-13--17--51 anomallyFrameTracker resetted to 200
INFO:root:2021-07-16-13--17--51 Colour Conversion Completed
INFO:root:2021-07-16-13--17--51 Sleep Check Completed
INFO:root:2021-07-16-13--17--51 Frame manipulations completed
INFO:root:2021-07-16-13--17--51 Bounding Box Drawn
INFO:root:2021-07-16-13--17--51 MovingFrameQueue Appended
INFO:root:2021-07-16-13--17--51 anomallyFrameTracker resetted to 200
INFO:root:2021-07-16-13--17--51 Colour Conversion Completed
INFO:root:2021-07-16-13--17--51 Sleep Check Completed
INFO:root:2021-07-16-13--17--51 Frame manipulations completed
INFO:root:2021-07-16-13--17--51 Bounding Box Drawn
INFO:root:2021-07-16-13--17--51 MovingFrameQueue Appended
INFO:root:2021-07-16-13--17--51 anomallyFrameTracker resetted to 200
INFO:root:2021-07-16-13--17--51 Colour Conversion Completed
INFO:root:2021-07-16-13--17--51 Sleep Check Completed
INFO:root:2021-07-16-13--17--51 Frame manipulations completed
INFO:root:2021-07-16-13--17--51 Bounding Box Drawn
INFO:root:2021-07-16-13--17--52 MovingFrameQueue Appended
INFO:root:2021-07-16-13--17--52 anomallyFrameTracker resetted to 200
INFO:root:2021-07-16-13--17--52 Colour Conversion Completed
INFO:root:2021-07-16-13--17--52 Sleep Check Completed
INFO:root:2021-07-16-13--17--52 Frame manipulations completed
INFO:root:2021-07-16-13--17--52 Bounding Box Drawn
INFO:root:2021-07-16-13--17--52 MovingFrameQueue Popped
INFO:root:2021-07-16-13--17--52 anomallyFrameTracker resetted to 200
INFO:root:2021-07-16-13--17--52 Colour Conversion Completed
INFO:root:2021-07-16-13--17--52 Sleep Check Completed
INFO:root:2021-07-16-13--17--52 Frame manipulations completed
INFO:root:2021-07-16-13--17--52 Bounding Box Drawn
INFO:root:2021-07-16-13--17--52 MovingFrameQueue Appended
INFO:root:2021-07-16-13--17--52 anomallyFrameTracker resetted to 200
INFO:root:2021-07-16-13--17--52 Colour Conversion Completed
INFO:root:2021-07-16-13--17--52 Sleep Check Completed
INFO:root:2021-07-16-13--17--52 Frame manipulations completed
INFO:root:2021-07-16-13--17--52 Bounding Box Drawn
INFO:root:2021-07-16-13--17--52 MovingFrameQueue Popped
INFO:root:2021-07-16-13--17--52 anomallyFrameTracker resetted to 200
INFO:root:2021-07-16-13--17--52 Colour Conversion Completed
INFO:root:2021-07-16-13--17--52 Sleep Check Completed
INFO:root:2021-07-16-13--17--52 Frame manipulations completed
INFO:root:2021-07-16-13--17--52 Bounding Box Drawn
INFO:root:2021-07-16-13--17--52 MovingFrameQueue Appended
INFO:root:2021-07-16-13--17--52 anomallyFrameTracker resetted to 200
INFO:root:2021-07-16-13--17--52 Colour Conversion Completed
INFO:root:2021-07-16-13--17--52 Sleep Check Completed
INFO:root:2021-07-16-13--17--52 Frame manipulations completed
INFO:root:2021-07-16-13--17--52 Bounding Box Drawn
INFO:root:2021-07-16-13--17--52 MovingFrameQueue Popped
INFO:root:2021-07-16-13--17--52 anomallyFrameTracker resetted to 200
INFO:root:2021-07-16-13--17--52 Colour Conversion Completed
INFO:root:2021-07-16-13--17--52 Sleep Check Completed
INFO:root:2021-07-16-13--17--52 Frame manipulations completed
INFO:root:2021-07-16-13--17--52 Bounding Box Drawn
INFO:root:2021-07-16-13--17--52 MovingFrameQueue Appended
INFO:root:2021-07-16-13--17--52 anomallyFrameTracker resetted to 200
INFO:root:2021-07-16-13--17--52 Colour Conversion Completed
INFO:root:2021-07-16-13--17--52 Sleep Check Completed
INFO:root:2021-07-16-13--17--52 Frame manipulations completed
INFO:root:2021-07-16-13--17--52 Bounding Box Drawn
INFO:root:2021-07-16-13--17--53 MovingFrameQueue Popped
INFO:root:2021-07-16-13--17--53 anomallyFrameTracker resetted to 200
INFO:root:2021-07-16-13--17--53 Colour Conversion Completed
INFO:root:2021-07-16-13--17--53 Sleep Check Completed
INFO:root:2021-07-16-13--17--53 Frame manipulations completed
INFO:root:2021-07-16-13--17--53 Bounding Box Drawn
INFO:root:2021-07-16-13--17--53 MovingFrameQueue Appended
INFO:root:2021-07-16-13--17--53 anomallyFrameTracker resetted to 200
INFO:root:2021-07-16-13--17--53 Colour Conversion Completed
INFO:root:2021-07-16-13--17--53 Sleep Check Completed
INFO:root:2021-07-16-13--17--53 Frame manipulations completed
INFO:root:2021-07-16-13--17--53 Bounding Box Drawn
INFO:root:2021-07-16-13--17--53 MovingFrameQueue Popped
INFO:root:2021-07-16-13--17--53 anomallyFrameTracker resetted to 200
INFO:root:2021-07-16-13--17--53 Colour Conversion Completed
INFO:root:2021-07-16-13--17--53 Sleep Check Completed
INFO:root:2021-07-16-13--17--53 Frame manipulations completed
INFO:root:2021-07-16-13--17--53 Bounding Box Drawn
INFO:root:2021-07-16-13--17--53 MovingFrameQueue Appended
INFO:root:2021-07-16-13--17--53 anomallyFrameTracker resetted to 200
INFO:root:2021-07-16-13--17--53 Colour Conversion Completed
INFO:root:2021-07-16-13--17--53 Sleep Check Completed
INFO:root:2021-07-16-13--17--53 Frame manipulations completed
INFO:root:2021-07-16-13--17--53 Bounding Box Drawn
INFO:root:2021-07-16-13--17--53 MovingFrameQueue Popped
INFO:root:2021-07-16-13--17--53 anomallyFrameTracker resetted to 200
INFO:root:2021-07-16-13--17--53 Colour Conversion Completed
INFO:root:2021-07-16-13--17--53 Sleep Check Completed
INFO:root:2021-07-16-13--17--53 Frame manipulations completed
INFO:root:2021-07-16-13--17--53 Bounding Box Drawn
INFO:root:2021-07-16-13--17--53 MovingFrameQueue Appended
INFO:root:2021-07-16-13--17--53 anomallyFrameTracker resetted to 200
INFO:root:2021-07-16-13--17--53 Colour Conversion Completed
INFO:root:2021-07-16-13--17--53 Sleep Check Completed
INFO:root:2021-07-16-13--17--53 Frame manipulations completed
INFO:root:2021-07-16-13--17--53 Bounding Box Drawn
INFO:root:2021-07-16-13--17--53 MovingFrameQueue Popped
INFO:root:2021-07-16-13--17--53 anomallyFrameTracker resetted to 200
INFO:root:2021-07-16-13--17--54 Colour Conversion Completed
INFO:root:2021-07-16-13--17--54 Sleep Check Completed
INFO:root:2021-07-16-13--17--54 Frame manipulations completed
INFO:root:2021-07-16-13--17--54 Bounding Box Drawn
INFO:root:2021-07-16-13--17--54 MovingFrameQueue Appended
INFO:root:2021-07-16-13--17--54 anomallyFrameTracker resetted to 200
INFO:root:2021-07-16-13--17--54 Colour Conversion Completed
INFO:root:2021-07-16-13--17--54 Sleep Check Completed
INFO:root:2021-07-16-13--17--54 Frame manipulations completed
INFO:root:2021-07-16-13--17--54 Bounding Box Drawn
INFO:root:2021-07-16-13--17--54 MovingFrameQueue Popped
INFO:root:2021-07-16-13--17--54 anomallyFrameTracker resetted to 200
INFO:root:2021-07-16-13--17--54 Colour Conversion Completed
INFO:root:2021-07-16-13--17--54 Sleep Check Completed
INFO:root:2021-07-16-13--17--54 Frame manipulations completed
INFO:root:2021-07-16-13--17--54 Bounding Box Drawn
INFO:root:2021-07-16-13--17--54 MovingFrameQueue Appended
INFO:root:2021-07-16-13--17--54 anomallyFrameTracker resetted to 200
INFO:root:2021-07-16-13--17--54 Colour Conversion Completed
INFO:root:2021-07-16-13--17--54 Sleep Check Completed
INFO:root:2021-07-16-13--17--54 Frame manipulations completed
INFO:root:2021-07-16-13--17--54 Bounding Box Drawn
INFO:root:2021-07-16-13--17--54 MovingFrameQueue Popped
INFO:root:2021-07-16-13--17--54 anomallyFrameTracker resetted to 200
INFO:root:2021-07-16-13--17--54 Colour Conversion Completed
INFO:root:2021-07-16-13--17--54 Sleep Check Completed
INFO:root:2021-07-16-13--17--54 Frame manipulations completed
INFO:root:2021-07-16-13--17--54 Bounding Box Drawn
INFO:root:2021-07-16-13--17--54 MovingFrameQueue Appended
INFO:root:2021-07-16-13--17--54 anomallyFrameTracker resetted to 200
INFO:root:2021-07-16-13--17--54 Colour Conversion Completed
INFO:root:2021-07-16-13--17--54 Sleep Check Completed
INFO:root:2021-07-16-13--17--54 Frame manipulations completed
INFO:root:2021-07-16-13--17--54 Bounding Box Drawn
INFO:root:2021-07-16-13--17--54 MovingFrameQueue Popped
INFO:root:2021-07-16-13--17--54 anomallyFrameTracker resetted to 200
INFO:root:2021-07-16-13--17--54 Colour Conversion Completed
INFO:root:2021-07-16-13--17--54 Sleep Check Completed
INFO:root:2021-07-16-13--17--54 Frame manipulations completed
INFO:root:2021-07-16-13--17--54 Bounding Box Drawn
INFO:root:2021-07-16-13--17--55 MovingFrameQueue Appended
INFO:root:2021-07-16-13--17--55 anomallyFrameTracker resetted to 200
INFO:root:2021-07-16-13--17--55 Colour Conversion Completed
INFO:root:2021-07-16-13--17--55 Sleep Check Completed
INFO:root:2021-07-16-13--17--55 Frame manipulations completed
INFO:root:2021-07-16-13--17--55 Bounding Box Drawn
INFO:root:2021-07-16-13--17--55 MovingFrameQueue Popped
INFO:root:2021-07-16-13--17--55 anomallyFrameTracker resetted to 200
INFO:root:2021-07-16-13--17--55 Colour Conversion Completed
INFO:root:2021-07-16-13--17--55 Sleep Check Completed
INFO:root:2021-07-16-13--17--55 Frame manipulations completed
INFO:root:2021-07-16-13--17--55 Bounding Box Drawn
INFO:root:2021-07-16-13--17--55 MovingFrameQueue Appended
INFO:root:2021-07-16-13--17--55 anomallyFrameTracker resetted to 200
INFO:root:2021-07-16-13--17--55 Colour Conversion Completed
INFO:root:2021-07-16-13--17--55 Sleep Check Completed
INFO:root:2021-07-16-13--17--55 Frame manipulations completed
INFO:root:2021-07-16-13--17--55 Bounding Box Drawn
INFO:root:2021-07-16-13--17--55 MovingFrameQueue Popped
INFO:root:2021-07-16-13--17--55 anomallyFrameTracker resetted to 200
INFO:root:2021-07-16-13--17--55 Colour Conversion Completed
INFO:root:2021-07-16-13--17--55 Sleep Check Completed
INFO:root:2021-07-16-13--17--55 Frame manipulations completed
INFO:root:2021-07-16-13--17--55 Bounding Box Drawn
INFO:root:2021-07-16-13--17--55 MovingFrameQueue Appended
INFO:root:2021-07-16-13--17--55 anomallyFrameTracker resetted to 200
INFO:root:2021-07-16-13--17--55 Colour Conversion Completed
INFO:root:2021-07-16-13--17--55 Sleep Check Completed
INFO:root:2021-07-16-13--17--55 Frame manipulations completed
INFO:root:2021-07-16-13--17--55 Bounding Box Drawn
INFO:root:2021-07-16-13--17--55 MovingFrameQueue Popped
INFO:root:2021-07-16-13--17--55 anomallyFrameTracker resetted to 200
INFO:root:2021-07-16-13--17--55 Colour Conversion Completed
INFO:root:2021-07-16-13--17--55 Sleep Check Completed
INFO:root:2021-07-16-13--17--55 Frame manipulations completed
INFO:root:2021-07-16-13--17--55 Bounding Box Drawn
INFO:root:2021-07-16-13--17--55 MovingFrameQueue Appended
INFO:root:2021-07-16-13--17--55 anomallyFrameTracker resetted to 200
INFO:root:2021-07-16-13--17--55 Colour Conversion Completed
INFO:root:2021-07-16-13--17--55 Sleep Check Completed
INFO:root:2021-07-16-13--17--55 Frame manipulations completed
INFO:root:2021-07-16-13--17--55 Bounding Box Drawn
INFO:root:2021-07-16-13--17--55 MovingFrameQueue Popped
INFO:root:2021-07-16-13--17--55 anomallyFrameTracker resetted to 200
INFO:root:2021-07-16-13--17--55 Colour Conversion Completed
INFO:root:2021-07-16-13--17--56 Sleep Check Completed
INFO:root:2021-07-16-13--17--56 Frame manipulations completed
INFO:root:2021-07-16-13--17--56 Bounding Box Drawn
INFO:root:2021-07-16-13--17--56 MovingFrameQueue Appended
INFO:root:2021-07-16-13--17--56 anomallyFrameTracker resetted to 200
INFO:root:2021-07-16-13--17--56 Colour Conversion Completed
INFO:root:2021-07-16-13--17--56 Sleep Check Completed
INFO:root:2021-07-16-13--17--56 Frame manipulations completed
INFO:root:2021-07-16-13--17--56 Bounding Box Drawn
INFO:root:2021-07-16-13--17--56 MovingFrameQueue Popped
INFO:root:2021-07-16-13--17--56 anomallyFrameTracker resetted to 200
INFO:root:2021-07-16-13--17--56 Colour Conversion Completed
INFO:root:2021-07-16-13--17--56 Sleep Check Completed
INFO:root:2021-07-16-13--17--56 Frame manipulations completed
INFO:root:2021-07-16-13--17--56 Bounding Box Drawn
INFO:root:2021-07-16-13--17--56 MovingFrameQueue Appended
INFO:root:2021-07-16-13--17--56 anomallyFrameTracker resetted to 200
INFO:root:2021-07-16-13--17--56 Colour Conversion Completed
INFO:root:2021-07-16-13--17--56 Sleep Check Completed
INFO:root:2021-07-16-13--17--56 Frame manipulations completed
INFO:root:2021-07-16-13--17--56 Bounding Box Drawn
INFO:root:2021-07-16-13--17--56 MovingFrameQueue Popped
INFO:root:2021-07-16-13--17--56 anomallyFrameTracker resetted to 200
INFO:root:2021-07-16-13--17--56 Colour Conversion Completed
INFO:root:2021-07-16-13--17--56 Sleep Check Completed
INFO:root:2021-07-16-13--17--56 Frame manipulations completed
INFO:root:2021-07-16-13--17--56 Bounding Box Drawn
INFO:root:2021-07-16-13--17--56 MovingFrameQueue Appended
INFO:root:2021-07-16-13--17--56 anomallyFrameTracker resetted to 200
INFO:root:2021-07-16-13--17--56 Colour Conversion Completed
INFO:root:2021-07-16-13--17--56 Sleep Check Completed
INFO:root:2021-07-16-13--17--56 Frame manipulations completed
INFO:root:2021-07-16-13--17--56 Bounding Box Drawn
INFO:root:2021-07-16-13--17--56 MovingFrameQueue Popped
INFO:root:2021-07-16-13--17--56 anomallyFrameTracker resetted to 200
INFO:root:2021-07-16-13--17--56 Colour Conversion Completed
INFO:root:2021-07-16-13--17--56 Sleep Check Completed
INFO:root:2021-07-16-13--17--56 Frame manipulations completed
INFO:root:2021-07-16-13--17--56 Bounding Box Drawn
INFO:root:2021-07-16-13--17--56 MovingFrameQueue Appended
INFO:root:2021-07-16-13--17--56 anomallyFrameTracker resetted to 200
INFO:root:2021-07-16-13--17--56 Colour Conversion Completed
INFO:root:2021-07-16-13--17--56 Sleep Check Completed
INFO:root:2021-07-16-13--17--56 Frame manipulations completed
INFO:root:2021-07-16-13--17--56 Bounding Box Drawn
INFO:root:2021-07-16-13--17--57 MovingFrameQueue Popped
INFO:root:2021-07-16-13--17--57 anomallyFrameTracker resetted to 200
INFO:root:2021-07-16-13--17--57 Colour Conversion Completed
INFO:root:2021-07-16-13--17--57 Sleep Check Completed
INFO:root:2021-07-16-13--17--57 Frame manipulations completed
INFO:root:2021-07-16-13--17--57 Bounding Box Drawn
INFO:root:2021-07-16-13--17--57 MovingFrameQueue Appended
INFO:root:2021-07-16-13--17--57 anomallyFrameTracker resetted to 200
INFO:root:2021-07-16-13--17--57 Colour Conversion Completed
INFO:root:2021-07-16-13--17--57 Sleep Check Completed
INFO:root:2021-07-16-13--17--57 Frame manipulations completed
INFO:root:2021-07-16-13--17--57 Bounding Box Drawn
INFO:root:2021-07-16-13--17--57 MovingFrameQueue Popped
INFO:root:2021-07-16-13--17--57 anomallyFrameTracker resetted to 200
INFO:root:2021-07-16-13--17--57 Colour Conversion Completed
INFO:root:2021-07-16-13--17--57 Sleep Check Completed
INFO:root:2021-07-16-13--17--57 Frame manipulations completed
INFO:root:2021-07-16-13--17--57 Bounding Box Drawn
INFO:root:2021-07-16-13--17--57 MovingFrameQueue Appended
INFO:root:2021-07-16-13--17--57 anomallyFrameTracker resetted to 200
INFO:root:2021-07-16-13--17--57 Colour Conversion Completed
INFO:root:2021-07-16-13--17--57 Sleep Check Completed
INFO:root:2021-07-16-13--17--57 Frame manipulations completed
INFO:root:2021-07-16-13--17--57 Bounding Box Drawn
INFO:root:2021-07-16-13--17--57 MovingFrameQueue Popped
INFO:root:2021-07-16-13--17--57 anomallyFrameTracker resetted to 200
INFO:root:2021-07-16-13--17--57 Colour Conversion Completed
INFO:root:2021-07-16-13--17--57 Sleep Check Completed
INFO:root:2021-07-16-13--17--57 Frame manipulations completed
INFO:root:2021-07-16-13--17--57 Bounding Box Drawn
INFO:root:2021-07-16-13--17--57 MovingFrameQueue Appended
INFO:root:2021-07-16-13--17--57 anomallyFrameTracker resetted to 200
INFO:root:2021-07-16-13--17--57 Colour Conversion Completed
INFO:root:2021-07-16-13--17--57 Sleep Check Completed
INFO:root:2021-07-16-13--17--57 Frame manipulations completed
INFO:root:2021-07-16-13--17--57 Bounding Box Drawn
INFO:root:2021-07-16-13--17--57 MovingFrameQueue Popped
INFO:root:2021-07-16-13--17--57 anomallyFrameTracker resetted to 200
INFO:root:2021-07-16-13--17--57 Colour Conversion Completed
INFO:root:2021-07-16-13--17--57 Sleep Check Completed
INFO:root:2021-07-16-13--17--57 Frame manipulations completed
INFO:root:2021-07-16-13--17--57 Bounding Box Drawn
INFO:root:2021-07-16-13--17--58 MovingFrameQueue Appended
INFO:root:2021-07-16-13--17--58 anomallyFrameTracker resetted to 200
INFO:root:2021-07-16-13--17--58 Colour Conversion Completed
INFO:root:2021-07-16-13--17--58 Sleep Check Completed
INFO:root:2021-07-16-13--17--58 Frame manipulations completed
INFO:root:2021-07-16-13--17--58 Bounding Box Drawn
INFO:root:2021-07-16-13--17--58 MovingFrameQueue Popped
INFO:root:2021-07-16-13--17--58 anomallyFrameTracker resetted to 200
INFO:root:2021-07-16-13--17--58 Colour Conversion Completed
INFO:root:2021-07-16-13--17--58 Sleep Check Completed
INFO:root:2021-07-16-13--17--58 Frame manipulations completed
INFO:root:2021-07-16-13--17--58 Bounding Box Drawn
INFO:root:2021-07-16-13--17--58 MovingFrameQueue Appended
INFO:root:2021-07-16-13--17--58 anomallyFrameTracker resetted to 200
INFO:root:2021-07-16-13--17--58 Colour Conversion Completed
INFO:root:2021-07-16-13--17--58 Sleep Check Completed
INFO:root:2021-07-16-13--17--58 Frame manipulations completed
INFO:root:2021-07-16-13--17--58 Bounding Box Drawn
INFO:root:2021-07-16-13--17--58 MovingFrameQueue Popped
INFO:root:2021-07-16-13--17--58 anomallyFrameTracker resetted to 200
INFO:root:2021-07-16-13--17--58 Colour Conversion Completed
INFO:root:2021-07-16-13--17--58 Sleep Check Completed
INFO:root:2021-07-16-13--17--58 Frame manipulations completed
INFO:root:2021-07-16-13--17--58 Bounding Box Drawn
INFO:root:2021-07-16-13--17--58 MovingFrameQueue Appended
INFO:root:2021-07-16-13--17--58 anomallyFrameTracker resetted to 200
INFO:root:2021-07-16-13--17--58 Colour Conversion Completed
INFO:root:2021-07-16-13--17--58 Sleep Check Completed
INFO:root:2021-07-16-13--17--58 Frame manipulations completed
INFO:root:2021-07-16-13--17--58 Bounding Box Drawn
INFO:root:2021-07-16-13--17--58 MovingFrameQueue Popped
INFO:root:2021-07-16-13--17--58 anomallyFrameTracker resetted to 200
INFO:root:2021-07-16-13--17--58 Colour Conversion Completed
INFO:root:2021-07-16-13--17--58 Sleep Check Completed
INFO:root:2021-07-16-13--17--58 Frame manipulations completed
INFO:root:2021-07-16-13--17--58 Bounding Box Drawn
INFO:root:2021-07-16-13--17--58 MovingFrameQueue Appended
INFO:root:2021-07-16-13--17--58 anomallyFrameTracker resetted to 200
INFO:root:2021-07-16-13--17--59 Colour Conversion Completed
INFO:root:2021-07-16-13--17--59 Sleep Check Completed
INFO:root:2021-07-16-13--17--59 Frame manipulations completed
INFO:root:2021-07-16-13--17--59 Bounding Box Drawn
INFO:root:2021-07-16-13--17--59 MovingFrameQueue Popped
INFO:root:2021-07-16-13--17--59 anomallyFrameTracker resetted to 200
INFO:root:2021-07-16-13--17--59 Colour Conversion Completed
INFO:root:2021-07-16-13--17--59 Sleep Check Completed
INFO:root:2021-07-16-13--17--59 Frame manipulations completed
INFO:root:2021-07-16-13--17--59 Bounding Box Drawn
INFO:root:2021-07-16-13--17--59 MovingFrameQueue Appended
INFO:root:2021-07-16-13--17--59 anomallyFrameTracker resetted to 200
INFO:root:2021-07-16-13--17--59 Colour Conversion Completed
INFO:root:2021-07-16-13--17--59 Sleep Check Completed
INFO:root:2021-07-16-13--17--59 Frame manipulations completed
INFO:root:2021-07-16-13--17--59 Bounding Box Drawn
INFO:root:2021-07-16-13--17--59 MovingFrameQueue Popped
INFO:root:2021-07-16-13--17--59 anomallyFrameTracker resetted to 200
INFO:root:2021-07-16-13--17--59 Colour Conversion Completed
INFO:root:2021-07-16-13--17--59 Sleep Check Completed
INFO:root:2021-07-16-13--17--59 Frame manipulations completed
INFO:root:2021-07-16-13--17--59 Bounding Box Drawn
INFO:root:2021-07-16-13--17--59[INFO] elapsed time: 19.87
INFO:root:2021-07-16-13--17--59[INFO] approx. FPS: 5.13
