INFO:root:2021-07-21-10--41--58 Parameter Generation Success
INFO:root:2021-07-21-10--41--58 Colour Conversion Completed
INFO:root:2021-07-21-10--41--58 Sleep Check Completed
INFO:root:2021-07-21-10--41--58 Frame manipulations completed
INFO:root:2021-07-21-10--41--58 Bounding Box Drawn
INFO:root:2021-07-21-10--42--03 MovingFrameQueue Appended
INFO:root:2021-07-21-10--42--03 anomallyFrameTracker resetted to 200
INFO:root:2021-07-21-10--42--03 Colour Conversion Completed
INFO:root:2021-07-21-10--42--03 Sleep Check Completed
INFO:root:2021-07-21-10--42--03 Frame manipulations completed
INFO:root:2021-07-21-10--42--03 Bounding Box Drawn
INFO:root:2021-07-21-10--42--03 MovingFrameQueue Appended
INFO:root:2021-07-21-10--42--03 anomallyFrameTracker resetted to 200
INFO:root:2021-07-21-10--42--03 Colour Conversion Completed
INFO:root:2021-07-21-10--42--03 Sleep Check Completed
INFO:root:2021-07-21-10--42--03 Frame manipulations completed
INFO:root:2021-07-21-10--42--03 Bounding Box Drawn
INFO:root:2021-07-21-10--42--03 MovingFrameQueue Appended
INFO:root:2021-07-21-10--42--03 anomallyFrameTracker resetted to 200
INFO:root:2021-07-21-10--42--03 Colour Conversion Completed
INFO:root:2021-07-21-10--42--03 Sleep Check Completed
INFO:root:2021-07-21-10--42--03 Frame manipulations completed
INFO:root:2021-07-21-10--42--03 Bounding Box Drawn
INFO:root:2021-07-21-10--42--03 MovingFrameQueue Appended
INFO:root:2021-07-21-10--42--03 anomallyFrameTracker resetted to 200
INFO:root:2021-07-21-10--42--03 Colour Conversion Completed
INFO:root:2021-07-21-10--42--03 Sleep Check Completed
INFO:root:2021-07-21-10--42--03 Frame manipulations completed
INFO:root:2021-07-21-10--42--03 Bounding Box Drawn
INFO:root:2021-07-21-10--42--03 MovingFrameQueue Appended
INFO:root:2021-07-21-10--42--03 anomallyFrameTracker resetted to 200
INFO:root:2021-07-21-10--42--03 Colour Conversion Completed
INFO:root:2021-07-21-10--42--03 Sleep Check Completed
INFO:root:2021-07-21-10--42--03 Frame manipulations completed
INFO:root:2021-07-21-10--42--03 Bounding Box Drawn
INFO:root:2021-07-21-10--42--03 MovingFrameQueue Appended
INFO:root:2021-07-21-10--42--03 anomallyFrameTracker resetted to 200
INFO:root:2021-07-21-10--42--03 Colour Conversion Completed
INFO:root:2021-07-21-10--42--03 Sleep Check Completed
INFO:root:2021-07-21-10--42--03 Frame manipulations completed
INFO:root:2021-07-21-10--42--03 Bounding Box Drawn
INFO:root:2021-07-21-10--42--03 MovingFrameQueue Appended
INFO:root:2021-07-21-10--42--03 anomallyFrameTracker resetted to 200
INFO:root:2021-07-21-10--42--03 Colour Conversion Completed
INFO:root:2021-07-21-10--42--03 Sleep Check Completed
INFO:root:2021-07-21-10--42--03 Frame manipulations completed
INFO:root:2021-07-21-10--42--03 Bounding Box Drawn
INFO:root:2021-07-21-10--42--04 MovingFrameQueue Appended
INFO:root:2021-07-21-10--42--04 anomallyFrameTracker resetted to 200
INFO:root:2021-07-21-10--42--04 Colour Conversion Completed
INFO:root:2021-07-21-10--42--04 Sleep Check Completed
INFO:root:2021-07-21-10--42--04 Frame manipulations completed
INFO:root:2021-07-21-10--42--04 Bounding Box Drawn
INFO:root:2021-07-21-10--42--04 MovingFrameQueue Appended
INFO:root:2021-07-21-10--42--04 anomallyFrameTracker resetted to 200
INFO:root:2021-07-21-10--42--04 Colour Conversion Completed
INFO:root:2021-07-21-10--42--04 Sleep Check Completed
INFO:root:2021-07-21-10--42--04 Frame manipulations completed
INFO:root:2021-07-21-10--42--04 Bounding Box Drawn
INFO:root:2021-07-21-10--42--04 MovingFrameQueue Appended
INFO:root:2021-07-21-10--42--04 anomallyFrameTracker resetted to 200
INFO:root:2021-07-21-10--42--04 Colour Conversion Completed
INFO:root:2021-07-21-10--42--04 Sleep Check Completed
INFO:root:2021-07-21-10--42--04 Frame manipulations completed
INFO:root:2021-07-21-10--42--04 Bounding Box Drawn
INFO:root:2021-07-21-10--42--04 MovingFrameQueue Appended
INFO:root:2021-07-21-10--42--04 anomallyFrameTracker resetted to 200
INFO:root:2021-07-21-10--42--04 Colour Conversion Completed
INFO:root:2021-07-21-10--42--04 Sleep Check Completed
INFO:root:2021-07-21-10--42--04 Frame manipulations completed
INFO:root:2021-07-21-10--42--04 Bounding Box Drawn
INFO:root:2021-07-21-10--42--04 MovingFrameQueue Appended
INFO:root:2021-07-21-10--42--04 anomallyFrameTracker resetted to 200
INFO:root:2021-07-21-10--42--04 Colour Conversion Completed
INFO:root:2021-07-21-10--42--04 Sleep Check Completed
INFO:root:2021-07-21-10--42--04 Frame manipulations completed
INFO:root:2021-07-21-10--42--04 Bounding Box Drawn
INFO:root:2021-07-21-10--42--05 MovingFrameQueue Appended
INFO:root:2021-07-21-10--42--05 anomallyFrameTracker resetted to 200
INFO:root:2021-07-21-10--42--05 Colour Conversion Completed
INFO:root:2021-07-21-10--42--05 Sleep Check Completed
INFO:root:2021-07-21-10--42--05 Frame manipulations completed
INFO:root:2021-07-21-10--42--05 Bounding Box Drawn
INFO:root:2021-07-21-10--42--05 MovingFrameQueue Appended
INFO:root:2021-07-21-10--42--05 anomallyFrameTracker resetted to 200
INFO:root:2021-07-21-10--42--05 Colour Conversion Completed
INFO:root:2021-07-21-10--42--05 Sleep Check Completed
INFO:root:2021-07-21-10--42--05 Frame manipulations completed
INFO:root:2021-07-21-10--42--05 Bounding Box Drawn
INFO:root:2021-07-21-10--42--05 MovingFrameQueue Appended
INFO:root:2021-07-21-10--42--05 anomallyFrameTracker resetted to 200
INFO:root:2021-07-21-10--42--05 Colour Conversion Completed
INFO:root:2021-07-21-10--42--05 Sleep Check Completed
INFO:root:2021-07-21-10--42--05 Frame manipulations completed
INFO:root:2021-07-21-10--42--05 Bounding Box Drawn
INFO:root:2021-07-21-10--42--05 MovingFrameQueue Appended
INFO:root:2021-07-21-10--42--05 anomallyFrameTracker resetted to 200
INFO:root:2021-07-21-10--42--05 Colour Conversion Completed
INFO:root:2021-07-21-10--42--05 Sleep Check Completed
INFO:root:2021-07-21-10--42--05 Frame manipulations completed
INFO:root:2021-07-21-10--42--05 Bounding Box Drawn
INFO:root:2021-07-21-10--42--05 MovingFrameQueue Appended
INFO:root:2021-07-21-10--42--05 anomallyFrameTracker resetted to 200
INFO:root:2021-07-21-10--42--05 Colour Conversion Completed
INFO:root:2021-07-21-10--42--05 Sleep Check Completed
INFO:root:2021-07-21-10--42--05 Frame manipulations completed
INFO:root:2021-07-21-10--42--05 Bounding Box Drawn
INFO:root:2021-07-21-10--42--06 MovingFrameQueue Appended
INFO:root:2021-07-21-10--42--06 anomallyFrameTracker resetted to 200
INFO:root:2021-07-21-10--42--06 Colour Conversion Completed
INFO:root:2021-07-21-10--42--06 Sleep Check Completed
INFO:root:2021-07-21-10--42--06 Frame manipulations completed
INFO:root:2021-07-21-10--42--06 Bounding Box Drawn
INFO:root:2021-07-21-10--42--06 MovingFrameQueue Appended
INFO:root:2021-07-21-10--42--06 anomallyFrameTracker resetted to 200
INFO:root:2021-07-21-10--42--06 Colour Conversion Completed
INFO:root:2021-07-21-10--42--06 Sleep Check Completed
INFO:root:2021-07-21-10--42--06 Frame manipulations completed
INFO:root:2021-07-21-10--42--06 Bounding Box Drawn
INFO:root:2021-07-21-10--42--06 MovingFrameQueue Appended
INFO:root:2021-07-21-10--42--06 anomallyFrameTracker resetted to 200
INFO:root:2021-07-21-10--42--06 Colour Conversion Completed
INFO:root:2021-07-21-10--42--06 Sleep Check Completed
INFO:root:2021-07-21-10--42--06 Frame manipulations completed
INFO:root:2021-07-21-10--42--06 Bounding Box Drawn
INFO:root:2021-07-21-10--42--06 MovingFrameQueue Appended
INFO:root:2021-07-21-10--42--06 anomallyFrameTracker resetted to 200
INFO:root:2021-07-21-10--42--06 Colour Conversion Completed
INFO:root:2021-07-21-10--42--06 Sleep Check Completed
INFO:root:2021-07-21-10--42--06 Frame manipulations completed
INFO:root:2021-07-21-10--42--06 Bounding Box Drawn
INFO:root:2021-07-21-10--42--06 MovingFrameQueue Appended
INFO:root:2021-07-21-10--42--06 anomallyFrameTracker resetted to 200
INFO:root:2021-07-21-10--42--06 Colour Conversion Completed
INFO:root:2021-07-21-10--42--06 Sleep Check Completed
INFO:root:2021-07-21-10--42--06 Frame manipulations completed
INFO:root:2021-07-21-10--42--06 Bounding Box Drawn
INFO:root:2021-07-21-10--42--06 MovingFrameQueue Appended
INFO:root:2021-07-21-10--42--06 anomallyFrameTracker resetted to 200
INFO:root:2021-07-21-10--42--06 Colour Conversion Completed
INFO:root:2021-07-21-10--42--06 Sleep Check Completed
INFO:root:2021-07-21-10--42--06 Frame manipulations completed
INFO:root:2021-07-21-10--42--06 Bounding Box Drawn
INFO:root:2021-07-21-10--42--07 MovingFrameQueue Appended
INFO:root:2021-07-21-10--42--07 anomallyFrameTracker resetted to 200
INFO:root:2021-07-21-10--42--07 Colour Conversion Completed
INFO:root:2021-07-21-10--42--07 Sleep Check Completed
INFO:root:2021-07-21-10--42--07 Frame manipulations completed
INFO:root:2021-07-21-10--42--07 Bounding Box Drawn
INFO:root:2021-07-21-10--42--07 MovingFrameQueue Appended
INFO:root:2021-07-21-10--42--07 anomallyFrameTracker resetted to 200
INFO:root:2021-07-21-10--42--07 Colour Conversion Completed
INFO:root:2021-07-21-10--42--07 Sleep Check Completed
INFO:root:2021-07-21-10--42--07 Frame manipulations completed
INFO:root:2021-07-21-10--42--07 Bounding Box Drawn
INFO:root:2021-07-21-10--42--07 MovingFrameQueue Appended
INFO:root:2021-07-21-10--42--07 anomallyFrameTracker resetted to 200
INFO:root:2021-07-21-10--42--07 Colour Conversion Completed
INFO:root:2021-07-21-10--42--07 Sleep Check Completed
INFO:root:2021-07-21-10--42--07 Frame manipulations completed
INFO:root:2021-07-21-10--42--07 Bounding Box Drawn
INFO:root:2021-07-21-10--42--07 MovingFrameQueue Appended
INFO:root:2021-07-21-10--42--07 anomallyFrameTracker resetted to 200
INFO:root:2021-07-21-10--42--07 Colour Conversion Completed
INFO:root:2021-07-21-10--42--07 Sleep Check Completed
INFO:root:2021-07-21-10--42--07 Frame manipulations completed
INFO:root:2021-07-21-10--42--07 Bounding Box Drawn
INFO:root:2021-07-21-10--42--07 MovingFrameQueue Appended
INFO:root:2021-07-21-10--42--07 anomallyFrameTracker resetted to 200
INFO:root:2021-07-21-10--42--07 Colour Conversion Completed
INFO:root:2021-07-21-10--42--07 Sleep Check Completed
INFO:root:2021-07-21-10--42--07 Frame manipulations completed
INFO:root:2021-07-21-10--42--07 Bounding Box Drawn
INFO:root:2021-07-21-10--42--07 MovingFrameQueue Appended
INFO:root:2021-07-21-10--42--07 anomallyFrameTracker resetted to 200
INFO:root:2021-07-21-10--42--07 Colour Conversion Completed
INFO:root:2021-07-21-10--42--07 Sleep Check Completed
INFO:root:2021-07-21-10--42--07 Frame manipulations completed
INFO:root:2021-07-21-10--42--07 Bounding Box Drawn
INFO:root:2021-07-21-10--42--08 MovingFrameQueue Appended
INFO:root:2021-07-21-10--42--08 anomallyFrameTracker resetted to 200
INFO:root:2021-07-21-10--42--08 Colour Conversion Completed
INFO:root:2021-07-21-10--42--08 Sleep Check Completed
INFO:root:2021-07-21-10--42--08 Frame manipulations completed
INFO:root:2021-07-21-10--42--08 Bounding Box Drawn
INFO:root:2021-07-21-10--42--08 MovingFrameQueue Appended
INFO:root:2021-07-21-10--42--08 anomallyFrameTracker resetted to 200
INFO:root:2021-07-21-10--42--08 Colour Conversion Completed
INFO:root:2021-07-21-10--42--08 Sleep Check Completed
INFO:root:2021-07-21-10--42--08 Frame manipulations completed
INFO:root:2021-07-21-10--42--08 Bounding Box Drawn
INFO:root:2021-07-21-10--42--08 MovingFrameQueue Appended
INFO:root:2021-07-21-10--42--08 anomallyFrameTracker resetted to 200
INFO:root:2021-07-21-10--42--08 Colour Conversion Completed
INFO:root:2021-07-21-10--42--08 Sleep Check Completed
INFO:root:2021-07-21-10--42--08 Frame manipulations completed
INFO:root:2021-07-21-10--42--08 Bounding Box Drawn
INFO:root:2021-07-21-10--42--08 MovingFrameQueue Appended
INFO:root:2021-07-21-10--42--08 anomallyFrameTracker resetted to 200
INFO:root:2021-07-21-10--42--08 Colour Conversion Completed
INFO:root:2021-07-21-10--42--08 Sleep Check Completed
INFO:root:2021-07-21-10--42--08 Frame manipulations completed
INFO:root:2021-07-21-10--42--08 Bounding Box Drawn
INFO:root:2021-07-21-10--42--08 MovingFrameQueue Appended
INFO:root:2021-07-21-10--42--08 anomallyFrameTracker resetted to 200
INFO:root:2021-07-21-10--42--08 Colour Conversion Completed
INFO:root:2021-07-21-10--42--08 Sleep Check Completed
INFO:root:2021-07-21-10--42--08 Frame manipulations completed
INFO:root:2021-07-21-10--42--08 Bounding Box Drawn
INFO:root:2021-07-21-10--42--08 MovingFrameQueue Appended
INFO:root:2021-07-21-10--42--08 anomallyFrameTracker resetted to 200
INFO:root:2021-07-21-10--42--08 Colour Conversion Completed
INFO:root:2021-07-21-10--42--08 Sleep Check Completed
INFO:root:2021-07-21-10--42--08 Frame manipulations completed
INFO:root:2021-07-21-10--42--08 Bounding Box Drawn
INFO:root:2021-07-21-10--42--09 MovingFrameQueue Appended
INFO:root:2021-07-21-10--42--09 anomallyFrameTracker resetted to 200
INFO:root:2021-07-21-10--42--09 Colour Conversion Completed
INFO:root:2021-07-21-10--42--09 Sleep Check Completed
INFO:root:2021-07-21-10--42--09 Frame manipulations completed
INFO:root:2021-07-21-10--42--09 Bounding Box Drawn
INFO:root:2021-07-21-10--42--09 MovingFrameQueue Appended
INFO:root:2021-07-21-10--42--09 anomallyFrameTracker resetted to 200
INFO:root:2021-07-21-10--42--09 Colour Conversion Completed
INFO:root:2021-07-21-10--42--09 Sleep Check Completed
INFO:root:2021-07-21-10--42--09 Frame manipulations completed
INFO:root:2021-07-21-10--42--09 Bounding Box Drawn
INFO:root:2021-07-21-10--42--09 MovingFrameQueue Appended
INFO:root:2021-07-21-10--42--09 anomallyFrameTracker resetted to 200
INFO:root:2021-07-21-10--42--09 Colour Conversion Completed
INFO:root:2021-07-21-10--42--09 Sleep Check Completed
INFO:root:2021-07-21-10--42--09 Frame manipulations completed
INFO:root:2021-07-21-10--42--09 Bounding Box Drawn
INFO:root:2021-07-21-10--42--09 MovingFrameQueue Appended
INFO:root:2021-07-21-10--42--09 anomallyFrameTracker resetted to 200
INFO:root:2021-07-21-10--42--09 Colour Conversion Completed
INFO:root:2021-07-21-10--42--09 Sleep Check Completed
INFO:root:2021-07-21-10--42--09 Frame manipulations completed
INFO:root:2021-07-21-10--42--09 Bounding Box Drawn
INFO:root:2021-07-21-10--42--09 MovingFrameQueue Appended
INFO:root:2021-07-21-10--42--09 anomallyFrameTracker resetted to 200
INFO:root:2021-07-21-10--42--09 Colour Conversion Completed
INFO:root:2021-07-21-10--42--09 Sleep Check Completed
INFO:root:2021-07-21-10--42--09 Frame manipulations completed
INFO:root:2021-07-21-10--42--09 Bounding Box Drawn
INFO:root:2021-07-21-10--42--09 MovingFrameQueue Appended
INFO:root:2021-07-21-10--42--09 anomallyFrameTracker resetted to 200
INFO:root:2021-07-21-10--42--09 Colour Conversion Completed
INFO:root:2021-07-21-10--42--09 Sleep Check Completed
INFO:root:2021-07-21-10--42--09 Frame manipulations completed
INFO:root:2021-07-21-10--42--09 Bounding Box Drawn
INFO:root:2021-07-21-10--42--10 MovingFrameQueue Appended
INFO:root:2021-07-21-10--42--10 anomallyFrameTracker resetted to 200
INFO:root:2021-07-21-10--42--10 Colour Conversion Completed
INFO:root:2021-07-21-10--42--10 Sleep Check Completed
INFO:root:2021-07-21-10--42--10 Frame manipulations completed
INFO:root:2021-07-21-10--42--10 Bounding Box Drawn
INFO:root:2021-07-21-10--42--10 MovingFrameQueue Appended
INFO:root:2021-07-21-10--42--10 anomallyFrameTracker resetted to 200
INFO:root:2021-07-21-10--42--10 Colour Conversion Completed
INFO:root:2021-07-21-10--42--10 Sleep Check Completed
INFO:root:2021-07-21-10--42--10 Frame manipulations completed
INFO:root:2021-07-21-10--42--10 Bounding Box Drawn
INFO:root:2021-07-21-10--42--10 MovingFrameQueue Appended
INFO:root:2021-07-21-10--42--10 anomallyFrameTracker resetted to 200
INFO:root:2021-07-21-10--42--10 Colour Conversion Completed
INFO:root:2021-07-21-10--42--10 Sleep Check Completed
INFO:root:2021-07-21-10--42--10 Frame manipulations completed
INFO:root:2021-07-21-10--42--10 Bounding Box Drawn
INFO:root:2021-07-21-10--42--10 MovingFrameQueue Appended
INFO:root:2021-07-21-10--42--10 anomallyFrameTracker resetted to 200
INFO:root:2021-07-21-10--42--10 Colour Conversion Completed
INFO:root:2021-07-21-10--42--10 Sleep Check Completed
INFO:root:2021-07-21-10--42--10 Frame manipulations completed
INFO:root:2021-07-21-10--42--10 Bounding Box Drawn
INFO:root:2021-07-21-10--42--10 MovingFrameQueue Appended
INFO:root:2021-07-21-10--42--10 anomallyFrameTracker resetted to 200
INFO:root:2021-07-21-10--42--10 Colour Conversion Completed
INFO:root:2021-07-21-10--42--10 Sleep Check Completed
INFO:root:2021-07-21-10--42--10 Frame manipulations completed
INFO:root:2021-07-21-10--42--10 Bounding Box Drawn
INFO:root:2021-07-21-10--42--10 MovingFrameQueue Appended
INFO:root:2021-07-21-10--42--10 anomallyFrameTracker resetted to 200
INFO:root:2021-07-21-10--42--10 Colour Conversion Completed
INFO:root:2021-07-21-10--42--10 Sleep Check Completed
INFO:root:2021-07-21-10--42--10 Frame manipulations completed
INFO:root:2021-07-21-10--42--10 Bounding Box Drawn
INFO:root:2021-07-21-10--42--11 MovingFrameQueue Appended
INFO:root:2021-07-21-10--42--11 anomallyFrameTracker resetted to 200
INFO:root:2021-07-21-10--42--11 Colour Conversion Completed
INFO:root:2021-07-21-10--42--11 Sleep Check Completed
INFO:root:2021-07-21-10--42--11 Frame manipulations completed
INFO:root:2021-07-21-10--42--11 Bounding Box Drawn
INFO:root:2021-07-21-10--42--11 MovingFrameQueue Appended
INFO:root:2021-07-21-10--42--11 anomallyFrameTracker resetted to 200
INFO:root:2021-07-21-10--42--11 Colour Conversion Completed
INFO:root:2021-07-21-10--42--11 Sleep Check Completed
INFO:root:2021-07-21-10--42--11 Frame manipulations completed
INFO:root:2021-07-21-10--42--11 Bounding Box Drawn
INFO:root:2021-07-21-10--42--11 MovingFrameQueue Appended
INFO:root:2021-07-21-10--42--11 anomallyFrameTracker resetted to 200
INFO:root:2021-07-21-10--42--11 Colour Conversion Completed
INFO:root:2021-07-21-10--42--11 Sleep Check Completed
INFO:root:2021-07-21-10--42--11 Frame manipulations completed
INFO:root:2021-07-21-10--42--11 Bounding Box Drawn
INFO:root:2021-07-21-10--42--11 MovingFrameQueue Appended
INFO:root:2021-07-21-10--42--11 anomallyFrameTracker resetted to 200
INFO:root:2021-07-21-10--42--11 Colour Conversion Completed
INFO:root:2021-07-21-10--42--11 Sleep Check Completed
INFO:root:2021-07-21-10--42--11 Frame manipulations completed
INFO:root:2021-07-21-10--42--11 Bounding Box Drawn
INFO:root:2021-07-21-10--42--11 MovingFrameQueue Popped
INFO:root:2021-07-21-10--42--11 anomallyFrameTracker resetted to 200
INFO:root:2021-07-21-10--42--11 Colour Conversion Completed
INFO:root:2021-07-21-10--42--11 Sleep Check Completed
INFO:root:2021-07-21-10--42--11 Frame manipulations completed
INFO:root:2021-07-21-10--42--11 Bounding Box Drawn
INFO:root:2021-07-21-10--42--11 MovingFrameQueue Appended
INFO:root:2021-07-21-10--42--11 anomallyFrameTracker resetted to 200
INFO:root:2021-07-21-10--42--11 Colour Conversion Completed
INFO:root:2021-07-21-10--42--11 Sleep Check Completed
INFO:root:2021-07-21-10--42--11 Frame manipulations completed
INFO:root:2021-07-21-10--42--11 Bounding Box Drawn
INFO:root:2021-07-21-10--42--12 MovingFrameQueue Popped
INFO:root:2021-07-21-10--42--12 anomallyFrameTracker resetted to 200
INFO:root:2021-07-21-10--42--12 Colour Conversion Completed
INFO:root:2021-07-21-10--42--12 Sleep Check Completed
INFO:root:2021-07-21-10--42--12 Frame manipulations completed
INFO:root:2021-07-21-10--42--12 Bounding Box Drawn
INFO:root:2021-07-21-10--42--12 MovingFrameQueue Appended
INFO:root:2021-07-21-10--42--12 anomallyFrameTracker resetted to 200
INFO:root:2021-07-21-10--42--12 Colour Conversion Completed
INFO:root:2021-07-21-10--42--12 Sleep Check Completed
INFO:root:2021-07-21-10--42--12 Frame manipulations completed
INFO:root:2021-07-21-10--42--12 Bounding Box Drawn
INFO:root:2021-07-21-10--42--12 MovingFrameQueue Popped
INFO:root:2021-07-21-10--42--12 anomallyFrameTracker resetted to 200
INFO:root:2021-07-21-10--42--12 Colour Conversion Completed
INFO:root:2021-07-21-10--42--12 Sleep Check Completed
INFO:root:2021-07-21-10--42--12 Frame manipulations completed
INFO:root:2021-07-21-10--42--12 Bounding Box Drawn
INFO:root:2021-07-21-10--42--12 MovingFrameQueue Appended
INFO:root:2021-07-21-10--42--12 anomallyFrameTracker resetted to 200
INFO:root:2021-07-21-10--42--12 Colour Conversion Completed
INFO:root:2021-07-21-10--42--12 Sleep Check Completed
INFO:root:2021-07-21-10--42--12 Frame manipulations completed
INFO:root:2021-07-21-10--42--12 Bounding Box Drawn
INFO:root:2021-07-21-10--42--12 MovingFrameQueue Popped
INFO:root:2021-07-21-10--42--12 anomallyFrameTracker resetted to 200
INFO:root:2021-07-21-10--42--12 Colour Conversion Completed
INFO:root:2021-07-21-10--42--12 Sleep Check Completed
INFO:root:2021-07-21-10--42--12 Frame manipulations completed
INFO:root:2021-07-21-10--42--12 Bounding Box Drawn
INFO:root:2021-07-21-10--42--12 MovingFrameQueue Appended
INFO:root:2021-07-21-10--42--12 anomallyFrameTracker resetted to 200
INFO:root:2021-07-21-10--42--12 Colour Conversion Completed
INFO:root:2021-07-21-10--42--12 Sleep Check Completed
INFO:root:2021-07-21-10--42--12 Frame manipulations completed
INFO:root:2021-07-21-10--42--12 Bounding Box Drawn
INFO:root:2021-07-21-10--42--12 MovingFrameQueue Popped
INFO:root:2021-07-21-10--42--12 anomallyFrameTracker resetted to 200
INFO:root:2021-07-21-10--42--12 Colour Conversion Completed
INFO:root:2021-07-21-10--42--12 Sleep Check Completed
INFO:root:2021-07-21-10--42--12 Frame manipulations completed
INFO:root:2021-07-21-10--42--12 Bounding Box Drawn
INFO:root:2021-07-21-10--42--13 MovingFrameQueue Appended
INFO:root:2021-07-21-10--42--13 anomallyFrameTracker resetted to 200
INFO:root:2021-07-21-10--42--13 Colour Conversion Completed
INFO:root:2021-07-21-10--42--13 Sleep Check Completed
INFO:root:2021-07-21-10--42--13 Frame manipulations completed
INFO:root:2021-07-21-10--42--13 Bounding Box Drawn
INFO:root:2021-07-21-10--42--13 MovingFrameQueue Popped
INFO:root:2021-07-21-10--42--13 anomallyFrameTracker resetted to 200
INFO:root:2021-07-21-10--42--13 Colour Conversion Completed
INFO:root:2021-07-21-10--42--13 Sleep Check Completed
INFO:root:2021-07-21-10--42--13 Frame manipulations completed
INFO:root:2021-07-21-10--42--13 Bounding Box Drawn
INFO:root:2021-07-21-10--42--13 MovingFrameQueue Appended
INFO:root:2021-07-21-10--42--13 anomallyFrameTracker resetted to 200
INFO:root:2021-07-21-10--42--13 Colour Conversion Completed
INFO:root:2021-07-21-10--42--13 Sleep Check Completed
INFO:root:2021-07-21-10--42--13 Frame manipulations completed
INFO:root:2021-07-21-10--42--13 Bounding Box Drawn
INFO:root:2021-07-21-10--42--13 MovingFrameQueue Popped
INFO:root:2021-07-21-10--42--13 anomallyFrameTracker resetted to 200
INFO:root:2021-07-21-10--42--13 Colour Conversion Completed
INFO:root:2021-07-21-10--42--13 Sleep Check Completed
INFO:root:2021-07-21-10--42--13 Frame manipulations completed
INFO:root:2021-07-21-10--42--13 Bounding Box Drawn
INFO:root:2021-07-21-10--42--13 MovingFrameQueue Appended
INFO:root:2021-07-21-10--42--13 anomallyFrameTracker resetted to 200
INFO:root:2021-07-21-10--42--13 Colour Conversion Completed
INFO:root:2021-07-21-10--42--13 Sleep Check Completed
INFO:root:2021-07-21-10--42--13 Frame manipulations completed
INFO:root:2021-07-21-10--42--13 Bounding Box Drawn
INFO:root:2021-07-21-10--42--13 MovingFrameQueue Popped
INFO:root:2021-07-21-10--42--13 anomallyFrameTracker resetted to 200
INFO:root:2021-07-21-10--42--13 Colour Conversion Completed
INFO:root:2021-07-21-10--42--13 Sleep Check Completed
INFO:root:2021-07-21-10--42--13 Frame manipulations completed
INFO:root:2021-07-21-10--42--13 Bounding Box Drawn
INFO:root:2021-07-21-10--42--14 MovingFrameQueue Appended
INFO:root:2021-07-21-10--42--14 anomallyFrameTracker resetted to 200
INFO:root:2021-07-21-10--42--14 Colour Conversion Completed
INFO:root:2021-07-21-10--42--14 Sleep Check Completed
INFO:root:2021-07-21-10--42--14 Frame manipulations completed
INFO:root:2021-07-21-10--42--14 Bounding Box Drawn
INFO:root:2021-07-21-10--42--14 MovingFrameQueue Popped
INFO:root:2021-07-21-10--42--14 anomallyFrameTracker resetted to 200
INFO:root:2021-07-21-10--42--14 Colour Conversion Completed
INFO:root:2021-07-21-10--42--14 Sleep Check Completed
INFO:root:2021-07-21-10--42--14 Frame manipulations completed
INFO:root:2021-07-21-10--42--14 Bounding Box Drawn
INFO:root:2021-07-21-10--42--14 MovingFrameQueue Appended
INFO:root:2021-07-21-10--42--14 anomallyFrameTracker resetted to 200
INFO:root:2021-07-21-10--42--14 Colour Conversion Completed
INFO:root:2021-07-21-10--42--14 Sleep Check Completed
INFO:root:2021-07-21-10--42--14 Frame manipulations completed
INFO:root:2021-07-21-10--42--14 Bounding Box Drawn
INFO:root:2021-07-21-10--42--14 MovingFrameQueue Popped
INFO:root:2021-07-21-10--42--14 anomallyFrameTracker resetted to 200
INFO:root:2021-07-21-10--42--14 Colour Conversion Completed
INFO:root:2021-07-21-10--42--14 Sleep Check Completed
INFO:root:2021-07-21-10--42--14 Frame manipulations completed
INFO:root:2021-07-21-10--42--14 Bounding Box Drawn
INFO:root:2021-07-21-10--42--14 MovingFrameQueue Appended
INFO:root:2021-07-21-10--42--14 anomallyFrameTracker resetted to 200
INFO:root:2021-07-21-10--42--14 Colour Conversion Completed
INFO:root:2021-07-21-10--42--14 Sleep Check Completed
INFO:root:2021-07-21-10--42--14 Frame manipulations completed
INFO:root:2021-07-21-10--42--14 Bounding Box Drawn
INFO:root:2021-07-21-10--42--14 MovingFrameQueue Popped
INFO:root:2021-07-21-10--42--14 anomallyFrameTracker resetted to 200
INFO:root:2021-07-21-10--42--14 Colour Conversion Completed
INFO:root:2021-07-21-10--42--14 Sleep Check Completed
INFO:root:2021-07-21-10--42--14 Frame manipulations completed
INFO:root:2021-07-21-10--42--14 Bounding Box Drawn
INFO:root:2021-07-21-10--42--15 MovingFrameQueue Appended
INFO:root:2021-07-21-10--42--15 anomallyFrameTracker resetted to 200
INFO:root:2021-07-21-10--42--15 Colour Conversion Completed
INFO:root:2021-07-21-10--42--15 Sleep Check Completed
INFO:root:2021-07-21-10--42--15 Frame manipulations completed
INFO:root:2021-07-21-10--42--15 Bounding Box Drawn
INFO:root:2021-07-21-10--42--15 MovingFrameQueue Popped
INFO:root:2021-07-21-10--42--15 anomallyFrameTracker resetted to 200
INFO:root:2021-07-21-10--42--15 Colour Conversion Completed
INFO:root:2021-07-21-10--42--15 Sleep Check Completed
INFO:root:2021-07-21-10--42--15 Frame manipulations completed
INFO:root:2021-07-21-10--42--15 Bounding Box Drawn
INFO:root:2021-07-21-10--42--15 MovingFrameQueue Appended
INFO:root:2021-07-21-10--42--15 anomallyFrameTracker resetted to 200
INFO:root:2021-07-21-10--42--15 Colour Conversion Completed
INFO:root:2021-07-21-10--42--15 Sleep Check Completed
INFO:root:2021-07-21-10--42--15 Frame manipulations completed
INFO:root:2021-07-21-10--42--15 Bounding Box Drawn
INFO:root:2021-07-21-10--42--15 MovingFrameQueue Popped
INFO:root:2021-07-21-10--42--15 anomallyFrameTracker resetted to 200
INFO:root:2021-07-21-10--42--15 Colour Conversion Completed
INFO:root:2021-07-21-10--42--15 Sleep Check Completed
INFO:root:2021-07-21-10--42--15 Frame manipulations completed
INFO:root:2021-07-21-10--42--15 Bounding Box Drawn
INFO:root:2021-07-21-10--42--15 MovingFrameQueue Appended
INFO:root:2021-07-21-10--42--15 anomallyFrameTracker resetted to 200
INFO:root:2021-07-21-10--42--15 Colour Conversion Completed
INFO:root:2021-07-21-10--42--15 Sleep Check Completed
INFO:root:2021-07-21-10--42--15 Frame manipulations completed
INFO:root:2021-07-21-10--42--15 Bounding Box Drawn
INFO:root:2021-07-21-10--42--15 MovingFrameQueue Popped
INFO:root:2021-07-21-10--42--15 anomallyFrameTracker resetted to 200
INFO:root:2021-07-21-10--42--15 Colour Conversion Completed
INFO:root:2021-07-21-10--42--15 Sleep Check Completed
INFO:root:2021-07-21-10--42--15 Frame manipulations completed
INFO:root:2021-07-21-10--42--15 Bounding Box Drawn
INFO:root:2021-07-21-10--42--16 MovingFrameQueue Appended
INFO:root:2021-07-21-10--42--16 anomallyFrameTracker resetted to 200
INFO:root:2021-07-21-10--42--16 Colour Conversion Completed
INFO:root:2021-07-21-10--42--16 Sleep Check Completed
INFO:root:2021-07-21-10--42--16 Frame manipulations completed
INFO:root:2021-07-21-10--42--16 Bounding Box Drawn
INFO:root:2021-07-21-10--42--16 MovingFrameQueue Popped
INFO:root:2021-07-21-10--42--16 anomallyFrameTracker resetted to 200
INFO:root:2021-07-21-10--42--16 Colour Conversion Completed
INFO:root:2021-07-21-10--42--16 Sleep Check Completed
INFO:root:2021-07-21-10--42--16 Frame manipulations completed
INFO:root:2021-07-21-10--42--16 Bounding Box Drawn
INFO:root:2021-07-21-10--42--16 MovingFrameQueue Appended
INFO:root:2021-07-21-10--42--16 anomallyFrameTracker resetted to 200
INFO:root:2021-07-21-10--42--16 Colour Conversion Completed
INFO:root:2021-07-21-10--42--16 Sleep Check Completed
INFO:root:2021-07-21-10--42--16 Frame manipulations completed
INFO:root:2021-07-21-10--42--16 Bounding Box Drawn
INFO:root:2021-07-21-10--42--16 MovingFrameQueue Popped
INFO:root:2021-07-21-10--42--16 anomallyFrameTracker resetted to 200
INFO:root:2021-07-21-10--42--16 Colour Conversion Completed
INFO:root:2021-07-21-10--42--16 Sleep Check Completed
INFO:root:2021-07-21-10--42--16 Frame manipulations completed
INFO:root:2021-07-21-10--42--16 Bounding Box Drawn
INFO:root:2021-07-21-10--42--17 MovingFrameQueue Appended
INFO:root:2021-07-21-10--42--17 anomallyFrameTracker resetted to 200
INFO:root:2021-07-21-10--42--17 Colour Conversion Completed
INFO:root:2021-07-21-10--42--17 Sleep Check Completed
INFO:root:2021-07-21-10--42--17 Frame manipulations completed
INFO:root:2021-07-21-10--42--17 Bounding Box Drawn
INFO:root:2021-07-21-10--42--17 MovingFrameQueue Popped
INFO:root:2021-07-21-10--42--17 anomallyFrameTracker resetted to 200
INFO:root:2021-07-21-10--42--17 Colour Conversion Completed
INFO:root:2021-07-21-10--42--17 Sleep Check Completed
INFO:root:2021-07-21-10--42--17 Frame manipulations completed
INFO:root:2021-07-21-10--42--17 Bounding Box Drawn
INFO:root:2021-07-21-10--42--17 MovingFrameQueue Appended
INFO:root:2021-07-21-10--42--17 anomallyFrameTracker resetted to 200
INFO:root:2021-07-21-10--42--17 Colour Conversion Completed
INFO:root:2021-07-21-10--42--17 Sleep Check Completed
INFO:root:2021-07-21-10--42--17 Frame manipulations completed
INFO:root:2021-07-21-10--42--17 Bounding Box Drawn
INFO:root:2021-07-21-10--42--17 MovingFrameQueue Popped
INFO:root:2021-07-21-10--42--17 anomallyFrameTracker resetted to 200
INFO:root:2021-07-21-10--42--17 Colour Conversion Completed
INFO:root:2021-07-21-10--42--17 Sleep Check Completed
INFO:root:2021-07-21-10--42--17 Frame manipulations completed
INFO:root:2021-07-21-10--42--17 Bounding Box Drawn
INFO:root:2021-07-21-10--42--17 MovingFrameQueue Appended
INFO:root:2021-07-21-10--42--17 anomallyFrameTracker resetted to 200
INFO:root:2021-07-21-10--42--17 Colour Conversion Completed
INFO:root:2021-07-21-10--42--18 Sleep Check Completed
INFO:root:2021-07-21-10--42--18 Frame manipulations completed
INFO:root:2021-07-21-10--42--18 Bounding Box Drawn
INFO:root:2021-07-21-10--42--18 MovingFrameQueue Popped
INFO:root:2021-07-21-10--42--18 anomallyFrameTracker resetted to 200
INFO:root:2021-07-21-10--42--18 Colour Conversion Completed
INFO:root:2021-07-21-10--42--18 Sleep Check Completed
INFO:root:2021-07-21-10--42--18 Frame manipulations completed
INFO:root:2021-07-21-10--42--18 Bounding Box Drawn
INFO:root:2021-07-21-10--42--18 MovingFrameQueue Appended
INFO:root:2021-07-21-10--42--18 anomallyFrameTracker resetted to 200
INFO:root:2021-07-21-10--42--18 Colour Conversion Completed
INFO:root:2021-07-21-10--42--18 Sleep Check Completed
INFO:root:2021-07-21-10--42--18 Frame manipulations completed
INFO:root:2021-07-21-10--42--18 Bounding Box Drawn
INFO:root:2021-07-21-10--42--18 MovingFrameQueue Popped
INFO:root:2021-07-21-10--42--18 anomallyFrameTracker resetted to 200
INFO:root:2021-07-21-10--42--18 Colour Conversion Completed
INFO:root:2021-07-21-10--42--18 Sleep Check Completed
INFO:root:2021-07-21-10--42--18 Frame manipulations completed
INFO:root:2021-07-21-10--42--18 Bounding Box Drawn
INFO:root:2021-07-21-10--42--18 MovingFrameQueue Appended
INFO:root:2021-07-21-10--42--18 anomallyFrameTracker resetted to 200
INFO:root:2021-07-21-10--42--18 Colour Conversion Completed
INFO:root:2021-07-21-10--42--18 Sleep Check Completed
INFO:root:2021-07-21-10--42--18 Frame manipulations completed
INFO:root:2021-07-21-10--42--18 Bounding Box Drawn
INFO:root:2021-07-21-10--42--19 MovingFrameQueue Popped
INFO:root:2021-07-21-10--42--19 anomallyFrameTracker resetted to 200
INFO:root:2021-07-21-10--42--19 Colour Conversion Completed
INFO:root:2021-07-21-10--42--19 Sleep Check Completed
INFO:root:2021-07-21-10--42--19 Frame manipulations completed
INFO:root:2021-07-21-10--42--19 Bounding Box Drawn
INFO:root:2021-07-21-10--42--19 MovingFrameQueue Appended
INFO:root:2021-07-21-10--42--19 anomallyFrameTracker resetted to 200
INFO:root:2021-07-21-10--42--19 Colour Conversion Completed
INFO:root:2021-07-21-10--42--19 Sleep Check Completed
INFO:root:2021-07-21-10--42--19 Frame manipulations completed
INFO:root:2021-07-21-10--42--19 Bounding Box Drawn
INFO:root:2021-07-21-10--42--19 MovingFrameQueue Popped
INFO:root:2021-07-21-10--42--19 anomallyFrameTracker resetted to 200
INFO:root:2021-07-21-10--42--19 Colour Conversion Completed
INFO:root:2021-07-21-10--42--19 Sleep Check Completed
INFO:root:2021-07-21-10--42--19 Frame manipulations completed
INFO:root:2021-07-21-10--42--19 Bounding Box Drawn
INFO:root:2021-07-21-10--42--19 MovingFrameQueue Appended
INFO:root:2021-07-21-10--42--19 anomallyFrameTracker resetted to 200
INFO:root:2021-07-21-10--42--19 Colour Conversion Completed
INFO:root:2021-07-21-10--42--19 Sleep Check Completed
INFO:root:2021-07-21-10--42--19 Frame manipulations completed
INFO:root:2021-07-21-10--42--19 Bounding Box Drawn
INFO:root:2021-07-21-10--42--19 MovingFrameQueue Popped
INFO:root:2021-07-21-10--42--19 anomallyFrameTracker resetted to 200
INFO:root:2021-07-21-10--42--19 Colour Conversion Completed
INFO:root:2021-07-21-10--42--19 Sleep Check Completed
INFO:root:2021-07-21-10--42--19 Frame manipulations completed
INFO:root:2021-07-21-10--42--19 Bounding Box Drawn
INFO:root:2021-07-21-10--42--20 MovingFrameQueue Appended
INFO:root:2021-07-21-10--42--20 anomallyFrameTracker resetted to 200
INFO:root:2021-07-21-10--42--20 Colour Conversion Completed
INFO:root:2021-07-21-10--42--20 Sleep Check Completed
INFO:root:2021-07-21-10--42--20 Frame manipulations completed
INFO:root:2021-07-21-10--42--20 Bounding Box Drawn
INFO:root:2021-07-21-10--42--20 MovingFrameQueue Popped
INFO:root:2021-07-21-10--42--20 anomallyFrameTracker resetted to 200
INFO:root:2021-07-21-10--42--20 Colour Conversion Completed
INFO:root:2021-07-21-10--42--20 Sleep Check Completed
INFO:root:2021-07-21-10--42--20 Frame manipulations completed
INFO:root:2021-07-21-10--42--20 Bounding Box Drawn
INFO:root:2021-07-21-10--42--20 MovingFrameQueue Appended
INFO:root:2021-07-21-10--42--20 anomallyFrameTracker resetted to 200
INFO:root:2021-07-21-10--42--20 Colour Conversion Completed
INFO:root:2021-07-21-10--42--20 Sleep Check Completed
INFO:root:2021-07-21-10--42--20 Frame manipulations completed
INFO:root:2021-07-21-10--42--20 Bounding Box Drawn
INFO:root:2021-07-21-10--42--20 MovingFrameQueue Popped
INFO:root:2021-07-21-10--42--20 anomallyFrameTracker resetted to 200
INFO:root:2021-07-21-10--42--20 Colour Conversion Completed
INFO:root:2021-07-21-10--42--20 Sleep Check Completed
INFO:root:2021-07-21-10--42--20 Frame manipulations completed
INFO:root:2021-07-21-10--42--20 Bounding Box Drawn
INFO:root:2021-07-21-10--42--20 MovingFrameQueue Appended
INFO:root:2021-07-21-10--42--20 anomallyFrameTracker resetted to 200
INFO:root:2021-07-21-10--42--20 Colour Conversion Completed
INFO:root:2021-07-21-10--42--20 Sleep Check Completed
INFO:root:2021-07-21-10--42--20 Frame manipulations completed
INFO:root:2021-07-21-10--42--20 Bounding Box Drawn
INFO:root:2021-07-21-10--42--20 MovingFrameQueue Popped
INFO:root:2021-07-21-10--42--20 anomallyFrameTracker resetted to 200
INFO:root:2021-07-21-10--42--20 Colour Conversion Completed
INFO:root:2021-07-21-10--42--20 Sleep Check Completed
INFO:root:2021-07-21-10--42--20 Frame manipulations completed
INFO:root:2021-07-21-10--42--20 Bounding Box Drawn
INFO:root:2021-07-21-10--42--21 MovingFrameQueue Appended
INFO:root:2021-07-21-10--42--21 anomallyFrameTracker resetted to 200
INFO:root:2021-07-21-10--42--21 Colour Conversion Completed
INFO:root:2021-07-21-10--42--21 Sleep Check Completed
INFO:root:2021-07-21-10--42--21 Frame manipulations completed
INFO:root:2021-07-21-10--42--21 Bounding Box Drawn
INFO:root:2021-07-21-10--42--21 MovingFrameQueue Popped
INFO:root:2021-07-21-10--42--21 anomallyFrameTracker resetted to 200
INFO:root:2021-07-21-10--42--21 Colour Conversion Completed
INFO:root:2021-07-21-10--42--21 Sleep Check Completed
INFO:root:2021-07-21-10--42--21 Frame manipulations completed
INFO:root:2021-07-21-10--42--21 Bounding Box Drawn
INFO:root:2021-07-21-10--42--21 MovingFrameQueue Appended
INFO:root:2021-07-21-10--42--21 anomallyFrameTracker resetted to 200
INFO:root:2021-07-21-10--42--21 Colour Conversion Completed
INFO:root:2021-07-21-10--42--21 Sleep Check Completed
INFO:root:2021-07-21-10--42--21 Frame manipulations completed
INFO:root:2021-07-21-10--42--21 Bounding Box Drawn
INFO:root:2021-07-21-10--42--21 MovingFrameQueue Popped
INFO:root:2021-07-21-10--42--21 anomallyFrameTracker resetted to 200
INFO:root:2021-07-21-10--42--21 Colour Conversion Completed
INFO:root:2021-07-21-10--42--21 Sleep Check Completed
INFO:root:2021-07-21-10--42--21 Frame manipulations completed
INFO:root:2021-07-21-10--42--21 Bounding Box Drawn
INFO:root:2021-07-21-10--42--21[INFO] elapsed time: 23.94
INFO:root:2021-07-21-10--42--21[INFO] approx. FPS: 4.43
INFO:root:2021-07-21-10--42--22 Getting Auth Token Success
INFO:root:2021-07-21-10--42--22 BedTime Upload Completed
