INFO:root:2021-07-13-10--57--09 Parameter Generation Success
INFO:root:2021-07-13-10--57--10 Colour Conversion Completed
INFO:root:2021-07-13-10--57--10 Sleep Check Completed
INFO:root:2021-07-13-10--57--10 Frame manipulations completed
INFO:root:2021-07-13-10--57--10 Writer Initialized
INFO:root:2021-07-13-10--57--10 Bounding Box Drawn
INFO:root:2021-07-13-10--57--10 MovingFrameQueue Appended
INFO:root:2021-07-13-10--57--10 Colour Conversion Completed
INFO:root:2021-07-13-10--57--10 Sleep Check Completed
INFO:root:2021-07-13-10--57--10 Frame manipulations completed
INFO:root:2021-07-13-10--57--10 Bounding Box Drawn
INFO:root:2021-07-13-10--57--10 MovingFrameQueue Appended
INFO:root:2021-07-13-10--57--10 Anomally Detected, starting call for more frames
INFO:root:2021-07-13-10--57--10 anomallyFrameTracker resetted to 200
INFO:root:2021-07-13-10--57--10 Colour Conversion Completed
INFO:root:2021-07-13-10--57--10 Sleep Check Completed
INFO:root:2021-07-13-10--57--10 Frame manipulations completed
INFO:root:2021-07-13-10--57--10 Bounding Box Drawn
INFO:root:2021-07-13-10--57--10 MovingFrameQueue Appended
INFO:root:2021-07-13-10--57--10 Anomally Detected, starting call for more frames
INFO:root:2021-07-13-10--57--10 anomallyFrameTracker resetted to 200
INFO:root:2021-07-13-10--57--10 Colour Conversion Completed
INFO:root:2021-07-13-10--57--10 Sleep Check Completed
INFO:root:2021-07-13-10--57--10 Frame manipulations completed
INFO:root:2021-07-13-10--57--10 Bounding Box Drawn
INFO:root:2021-07-13-10--57--10 MovingFrameQueue Appended
INFO:root:2021-07-13-10--57--10 Anomally Detected, starting call for more frames
INFO:root:2021-07-13-10--57--10 anomallyFrameTracker resetted to 200
INFO:root:2021-07-13-10--57--10 Colour Conversion Completed
INFO:root:2021-07-13-10--57--10 Sleep Check Completed
INFO:root:2021-07-13-10--57--10 Frame manipulations completed
INFO:root:2021-07-13-10--57--10 Bounding Box Drawn
INFO:root:2021-07-13-10--57--10 MovingFrameQueue Appended
INFO:root:2021-07-13-10--57--10 Anomally Detected, starting call for more frames
INFO:root:2021-07-13-10--57--10 anomallyFrameTracker resetted to 200
INFO:root:2021-07-13-10--57--10 Colour Conversion Completed
INFO:root:2021-07-13-10--57--10 Sleep Check Completed
INFO:root:2021-07-13-10--57--10 Frame manipulations completed
INFO:root:2021-07-13-10--57--10 Bounding Box Drawn
INFO:root:2021-07-13-10--57--10 MovingFrameQueue Appended
INFO:root:2021-07-13-10--57--10 Anomally Detected, starting call for more frames
INFO:root:2021-07-13-10--57--10 anomallyFrameTracker resetted to 200
INFO:root:2021-07-13-10--57--10 Colour Conversion Completed
INFO:root:2021-07-13-10--57--10 Sleep Check Completed
INFO:root:2021-07-13-10--57--10 Frame manipulations completed
INFO:root:2021-07-13-10--57--10 Bounding Box Drawn
INFO:root:2021-07-13-10--57--10 MovingFrameQueue Appended
INFO:root:2021-07-13-10--57--10 Anomally Detected, starting call for more frames
INFO:root:2021-07-13-10--57--10 anomallyFrameTracker resetted to 200
INFO:root:2021-07-13-10--57--10 Colour Conversion Completed
INFO:root:2021-07-13-10--57--10 Sleep Check Completed
INFO:root:2021-07-13-10--57--10 Frame manipulations completed
INFO:root:2021-07-13-10--57--10 Bounding Box Drawn
INFO:root:2021-07-13-10--57--10 MovingFrameQueue Appended
INFO:root:2021-07-13-10--57--10 Anomally Detected, starting call for more frames
INFO:root:2021-07-13-10--57--10 anomallyFrameTracker resetted to 200
INFO:root:2021-07-13-10--57--10 Colour Conversion Completed
INFO:root:2021-07-13-10--57--10 Sleep Check Completed
INFO:root:2021-07-13-10--57--10 Frame manipulations completed
INFO:root:2021-07-13-10--57--10 Bounding Box Drawn
INFO:root:2021-07-13-10--57--10 MovingFrameQueue Appended
INFO:root:2021-07-13-10--57--10 Anomally Detected, starting call for more frames
INFO:root:2021-07-13-10--57--10 anomallyFrameTracker resetted to 200
INFO:root:2021-07-13-10--57--11 Colour Conversion Completed
INFO:root:2021-07-13-10--57--11 Sleep Check Completed
INFO:root:2021-07-13-10--57--11 Frame manipulations completed
INFO:root:2021-07-13-10--57--11 Bounding Box Drawn
INFO:root:2021-07-13-10--57--11 MovingFrameQueue Appended
INFO:root:2021-07-13-10--57--11 Anomally Detected, starting call for more frames
INFO:root:2021-07-13-10--57--11 anomallyFrameTracker resetted to 200
INFO:root:2021-07-13-10--57--11 Colour Conversion Completed
INFO:root:2021-07-13-10--57--11 Sleep Check Completed
INFO:root:2021-07-13-10--57--11 Frame manipulations completed
INFO:root:2021-07-13-10--57--11 Bounding Box Drawn
INFO:root:2021-07-13-10--57--11 MovingFrameQueue Appended
INFO:root:2021-07-13-10--57--11 Anomally Detected, starting call for more frames
INFO:root:2021-07-13-10--57--11 anomallyFrameTracker resetted to 200
INFO:root:2021-07-13-10--57--11 Colour Conversion Completed
INFO:root:2021-07-13-10--57--11 Sleep Check Completed
INFO:root:2021-07-13-10--57--11 Frame manipulations completed
INFO:root:2021-07-13-10--57--11 Bounding Box Drawn
INFO:root:2021-07-13-10--57--11 MovingFrameQueue Appended
INFO:root:2021-07-13-10--57--11 Anomally Detected, starting call for more frames
INFO:root:2021-07-13-10--57--11 anomallyFrameTracker resetted to 200
INFO:root:2021-07-13-10--57--11 Colour Conversion Completed
INFO:root:2021-07-13-10--57--11 Sleep Check Completed
INFO:root:2021-07-13-10--57--11 Frame manipulations completed
INFO:root:2021-07-13-10--57--11 Bounding Box Drawn
INFO:root:2021-07-13-10--57--11 MovingFrameQueue Appended
INFO:root:2021-07-13-10--57--11 Anomally Detected, starting call for more frames
INFO:root:2021-07-13-10--57--11 anomallyFrameTracker resetted to 200
INFO:root:2021-07-13-10--57--11 Colour Conversion Completed
INFO:root:2021-07-13-10--57--11 Sleep Check Completed
INFO:root:2021-07-13-10--57--11 Frame manipulations completed
INFO:root:2021-07-13-10--57--11 Bounding Box Drawn
INFO:root:2021-07-13-10--57--11 MovingFrameQueue Appended
INFO:root:2021-07-13-10--57--11 Anomally Detected, starting call for more frames
INFO:root:2021-07-13-10--57--11 anomallyFrameTracker resetted to 200
INFO:root:2021-07-13-10--57--11 Colour Conversion Completed
INFO:root:2021-07-13-10--57--11 Sleep Check Completed
INFO:root:2021-07-13-10--57--11 Frame manipulations completed
INFO:root:2021-07-13-10--57--11 Bounding Box Drawn
INFO:root:2021-07-13-10--57--11 MovingFrameQueue Appended
INFO:root:2021-07-13-10--57--11 Anomally Detected, starting call for more frames
INFO:root:2021-07-13-10--57--11 anomallyFrameTracker resetted to 200
INFO:root:2021-07-13-10--57--11 Colour Conversion Completed
INFO:root:2021-07-13-10--57--11 Sleep Check Completed
INFO:root:2021-07-13-10--57--11 Frame manipulations completed
INFO:root:2021-07-13-10--57--11 Bounding Box Drawn
INFO:root:2021-07-13-10--57--11 MovingFrameQueue Appended
INFO:root:2021-07-13-10--57--11 Anomally Detected, starting call for more frames
INFO:root:2021-07-13-10--57--11 anomallyFrameTracker resetted to 200
INFO:root:2021-07-13-10--57--11 Colour Conversion Completed
INFO:root:2021-07-13-10--57--11 Sleep Check Completed
INFO:root:2021-07-13-10--57--11 Frame manipulations completed
INFO:root:2021-07-13-10--57--11 Bounding Box Drawn
INFO:root:2021-07-13-10--57--11[INFO] elapsed time: 1.95
INFO:root:2021-07-13-10--57--11[INFO] approx. FPS: 8.21
INFO:root:2021-07-13-10--57--12 Getting Auth Token Success
INFO:root:2021-07-13-10--57--12 Anomalous Detection Video Upload Completed
INFO:root:2021-07-13-10--57--12 Getting Auth Token Success
INFO:root:2021-07-13-10--57--12 BedTime Upload Completed
