INFO:root:2021-07-23-10--16--08 Parameter Generation Success
INFO:root:2021-07-23-10--16--08 Colour Conversion Completed
INFO:root:2021-07-23-10--16--08 Sleep Check Completed
INFO:root:2021-07-23-10--16--08 Frame manipulations completed
INFO:root:2021-07-23-10--16--08 Bounding Box Drawn
INFO:root:2021-07-23-10--16--13 MovingFrameQueue Appended
INFO:root:2021-07-23-10--16--13 anomallyFrameTracker resetted to 200
INFO:root:2021-07-23-10--16--13 Colour Conversion Completed
INFO:root:2021-07-23-10--16--13 Sleep Check Completed
INFO:root:2021-07-23-10--16--13 Frame manipulations completed
INFO:root:2021-07-23-10--16--13 Bounding Box Drawn
INFO:root:2021-07-23-10--16--13 MovingFrameQueue Appended
INFO:root:2021-07-23-10--16--13 anomallyFrameTracker resetted to 200
INFO:root:2021-07-23-10--16--13 Colour Conversion Completed
INFO:root:2021-07-23-10--16--13 Sleep Check Completed
INFO:root:2021-07-23-10--16--13 Frame manipulations completed
INFO:root:2021-07-23-10--16--13 Bounding Box Drawn
INFO:root:2021-07-23-10--16--13 MovingFrameQueue Appended
INFO:root:2021-07-23-10--16--13 anomallyFrameTracker resetted to 200
INFO:root:2021-07-23-10--16--14 Colour Conversion Completed
INFO:root:2021-07-23-10--16--14 Sleep Check Completed
INFO:root:2021-07-23-10--16--14 Frame manipulations completed
INFO:root:2021-07-23-10--16--14 Bounding Box Drawn
INFO:root:2021-07-23-10--16--14 MovingFrameQueue Appended
INFO:root:2021-07-23-10--16--14 anomallyFrameTracker resetted to 200
INFO:root:2021-07-23-10--16--14 Colour Conversion Completed
INFO:root:2021-07-23-10--16--14 Sleep Check Completed
INFO:root:2021-07-23-10--16--14 Frame manipulations completed
INFO:root:2021-07-23-10--16--14 Bounding Box Drawn
INFO:root:2021-07-23-10--16--14 MovingFrameQueue Appended
INFO:root:2021-07-23-10--16--14 anomallyFrameTracker resetted to 200
INFO:root:2021-07-23-10--16--14 Colour Conversion Completed
INFO:root:2021-07-23-10--16--14 Sleep Check Completed
INFO:root:2021-07-23-10--16--14 Frame manipulations completed
INFO:root:2021-07-23-10--16--14 Bounding Box Drawn
INFO:root:2021-07-23-10--16--14 MovingFrameQueue Appended
INFO:root:2021-07-23-10--16--14 anomallyFrameTracker resetted to 200
INFO:root:2021-07-23-10--16--14 Colour Conversion Completed
INFO:root:2021-07-23-10--16--14 Sleep Check Completed
INFO:root:2021-07-23-10--16--14 Frame manipulations completed
INFO:root:2021-07-23-10--16--14 Bounding Box Drawn
INFO:root:2021-07-23-10--16--14 MovingFrameQueue Appended
INFO:root:2021-07-23-10--16--14 anomallyFrameTracker resetted to 200
INFO:root:2021-07-23-10--16--14 Colour Conversion Completed
INFO:root:2021-07-23-10--16--14 Sleep Check Completed
INFO:root:2021-07-23-10--16--14 Frame manipulations completed
INFO:root:2021-07-23-10--16--14 Bounding Box Drawn
INFO:root:2021-07-23-10--16--14 MovingFrameQueue Appended
INFO:root:2021-07-23-10--16--14 anomallyFrameTracker resetted to 200
INFO:root:2021-07-23-10--16--14 Colour Conversion Completed
INFO:root:2021-07-23-10--16--14 Sleep Check Completed
INFO:root:2021-07-23-10--16--14 Frame manipulations completed
INFO:root:2021-07-23-10--16--14 Bounding Box Drawn
INFO:root:2021-07-23-10--16--14 MovingFrameQueue Appended
INFO:root:2021-07-23-10--16--14 anomallyFrameTracker resetted to 200
INFO:root:2021-07-23-10--16--14 Colour Conversion Completed
INFO:root:2021-07-23-10--16--14 Sleep Check Completed
INFO:root:2021-07-23-10--16--14 Frame manipulations completed
INFO:root:2021-07-23-10--16--14 Bounding Box Drawn
INFO:root:2021-07-23-10--16--15 MovingFrameQueue Appended
INFO:root:2021-07-23-10--16--15 anomallyFrameTracker resetted to 200
INFO:root:2021-07-23-10--16--15 Colour Conversion Completed
INFO:root:2021-07-23-10--16--15 Sleep Check Completed
INFO:root:2021-07-23-10--16--15 Frame manipulations completed
INFO:root:2021-07-23-10--16--15 Bounding Box Drawn
INFO:root:2021-07-23-10--16--15 MovingFrameQueue Appended
INFO:root:2021-07-23-10--16--15 anomallyFrameTracker resetted to 200
INFO:root:2021-07-23-10--16--15 Colour Conversion Completed
INFO:root:2021-07-23-10--16--15 Sleep Check Completed
INFO:root:2021-07-23-10--16--15 Frame manipulations completed
INFO:root:2021-07-23-10--16--15 Bounding Box Drawn
INFO:root:2021-07-23-10--16--15 MovingFrameQueue Appended
INFO:root:2021-07-23-10--16--15 anomallyFrameTracker resetted to 200
INFO:root:2021-07-23-10--16--15 Colour Conversion Completed
INFO:root:2021-07-23-10--16--15 Sleep Check Completed
INFO:root:2021-07-23-10--16--15 Frame manipulations completed
INFO:root:2021-07-23-10--16--15 Bounding Box Drawn
INFO:root:2021-07-23-10--16--15 MovingFrameQueue Appended
INFO:root:2021-07-23-10--16--15 anomallyFrameTracker resetted to 200
INFO:root:2021-07-23-10--16--15 Colour Conversion Completed
INFO:root:2021-07-23-10--16--15 Sleep Check Completed
INFO:root:2021-07-23-10--16--15 Frame manipulations completed
INFO:root:2021-07-23-10--16--15 Bounding Box Drawn
INFO:root:2021-07-23-10--16--15 MovingFrameQueue Appended
INFO:root:2021-07-23-10--16--15 anomallyFrameTracker resetted to 200
INFO:root:2021-07-23-10--16--15 Colour Conversion Completed
INFO:root:2021-07-23-10--16--15 Sleep Check Completed
INFO:root:2021-07-23-10--16--15 Frame manipulations completed
INFO:root:2021-07-23-10--16--15 Bounding Box Drawn
INFO:root:2021-07-23-10--16--15 MovingFrameQueue Appended
INFO:root:2021-07-23-10--16--15 anomallyFrameTracker resetted to 200
INFO:root:2021-07-23-10--16--15 Colour Conversion Completed
INFO:root:2021-07-23-10--16--15 Sleep Check Completed
INFO:root:2021-07-23-10--16--15 Frame manipulations completed
INFO:root:2021-07-23-10--16--15 Bounding Box Drawn
INFO:root:2021-07-23-10--16--15 MovingFrameQueue Appended
INFO:root:2021-07-23-10--16--15 anomallyFrameTracker resetted to 200
INFO:root:2021-07-23-10--16--15 Colour Conversion Completed
INFO:root:2021-07-23-10--16--15 Sleep Check Completed
INFO:root:2021-07-23-10--16--15 Frame manipulations completed
INFO:root:2021-07-23-10--16--15 Bounding Box Drawn
INFO:root:2021-07-23-10--16--15 MovingFrameQueue Appended
INFO:root:2021-07-23-10--16--15 anomallyFrameTracker resetted to 200
INFO:root:2021-07-23-10--16--15 Colour Conversion Completed
INFO:root:2021-07-23-10--16--15 Sleep Check Completed
INFO:root:2021-07-23-10--16--15 Frame manipulations completed
INFO:root:2021-07-23-10--16--15 Bounding Box Drawn
INFO:root:2021-07-23-10--16--15 MovingFrameQueue Appended
INFO:root:2021-07-23-10--16--15 anomallyFrameTracker resetted to 200
INFO:root:2021-07-23-10--16--15 Colour Conversion Completed
INFO:root:2021-07-23-10--16--15 Sleep Check Completed
INFO:root:2021-07-23-10--16--15 Frame manipulations completed
INFO:root:2021-07-23-10--16--15 Bounding Box Drawn
INFO:root:2021-07-23-10--16--16 MovingFrameQueue Appended
INFO:root:2021-07-23-10--16--16 anomallyFrameTracker resetted to 200
INFO:root:2021-07-23-10--16--16 Colour Conversion Completed
INFO:root:2021-07-23-10--16--16 Sleep Check Completed
INFO:root:2021-07-23-10--16--16 Frame manipulations completed
INFO:root:2021-07-23-10--16--16 Bounding Box Drawn
INFO:root:2021-07-23-10--16--16 MovingFrameQueue Appended
INFO:root:2021-07-23-10--16--16 anomallyFrameTracker resetted to 200
INFO:root:2021-07-23-10--16--16 Colour Conversion Completed
INFO:root:2021-07-23-10--16--16 Sleep Check Completed
INFO:root:2021-07-23-10--16--16 Frame manipulations completed
INFO:root:2021-07-23-10--16--16 Bounding Box Drawn
INFO:root:2021-07-23-10--16--16 MovingFrameQueue Appended
INFO:root:2021-07-23-10--16--16 anomallyFrameTracker resetted to 200
INFO:root:2021-07-23-10--16--16 Colour Conversion Completed
INFO:root:2021-07-23-10--16--16 Sleep Check Completed
INFO:root:2021-07-23-10--16--16 Frame manipulations completed
INFO:root:2021-07-23-10--16--16 Bounding Box Drawn
INFO:root:2021-07-23-10--16--18 MovingFrameQueue Appended
INFO:root:2021-07-23-10--16--18 anomallyFrameTracker resetted to 200
INFO:root:2021-07-23-10--16--18 Colour Conversion Completed
INFO:root:2021-07-23-10--16--18 Sleep Check Completed
INFO:root:2021-07-23-10--16--18 Frame manipulations completed
INFO:root:2021-07-23-10--16--18 Bounding Box Drawn
INFO:root:2021-07-23-10--16--18 MovingFrameQueue Appended
INFO:root:2021-07-23-10--16--18 anomallyFrameTracker resetted to 200
INFO:root:2021-07-23-10--16--18 Colour Conversion Completed
INFO:root:2021-07-23-10--16--18 Sleep Check Completed
INFO:root:2021-07-23-10--16--18 Frame manipulations completed
INFO:root:2021-07-23-10--16--18 Bounding Box Drawn
INFO:root:2021-07-23-10--16--18 MovingFrameQueue Appended
INFO:root:2021-07-23-10--16--18 anomallyFrameTracker resetted to 200
INFO:root:2021-07-23-10--16--18 Colour Conversion Completed
INFO:root:2021-07-23-10--16--18 Sleep Check Completed
INFO:root:2021-07-23-10--16--18 Frame manipulations completed
INFO:root:2021-07-23-10--16--18 Bounding Box Drawn
INFO:root:2021-07-23-10--16--18 MovingFrameQueue Appended
INFO:root:2021-07-23-10--16--18 anomallyFrameTracker resetted to 200
INFO:root:2021-07-23-10--16--18 Colour Conversion Completed
INFO:root:2021-07-23-10--16--18 Sleep Check Completed
INFO:root:2021-07-23-10--16--18 Frame manipulations completed
INFO:root:2021-07-23-10--16--18 Bounding Box Drawn
INFO:root:2021-07-23-10--16--18 MovingFrameQueue Appended
INFO:root:2021-07-23-10--16--18 anomallyFrameTracker resetted to 200
INFO:root:2021-07-23-10--16--19 Colour Conversion Completed
INFO:root:2021-07-23-10--16--19 Sleep Check Completed
INFO:root:2021-07-23-10--16--19 Frame manipulations completed
INFO:root:2021-07-23-10--16--19 Bounding Box Drawn
INFO:root:2021-07-23-10--16--19 MovingFrameQueue Appended
INFO:root:2021-07-23-10--16--19 anomallyFrameTracker resetted to 200
INFO:root:2021-07-23-10--16--19 Colour Conversion Completed
INFO:root:2021-07-23-10--16--19 Sleep Check Completed
INFO:root:2021-07-23-10--16--19 Frame manipulations completed
INFO:root:2021-07-23-10--16--19 Bounding Box Drawn
INFO:root:2021-07-23-10--16--19 MovingFrameQueue Appended
INFO:root:2021-07-23-10--16--19 anomallyFrameTracker resetted to 200
INFO:root:2021-07-23-10--16--19 Colour Conversion Completed
INFO:root:2021-07-23-10--16--19 Sleep Check Completed
INFO:root:2021-07-23-10--16--19 Frame manipulations completed
INFO:root:2021-07-23-10--16--19 Bounding Box Drawn
INFO:root:2021-07-23-10--16--19 MovingFrameQueue Appended
INFO:root:2021-07-23-10--16--19 anomallyFrameTracker resetted to 200
INFO:root:2021-07-23-10--16--19 Colour Conversion Completed
INFO:root:2021-07-23-10--16--19 Sleep Check Completed
INFO:root:2021-07-23-10--16--19 Frame manipulations completed
INFO:root:2021-07-23-10--16--19 Bounding Box Drawn
INFO:root:2021-07-23-10--16--19 MovingFrameQueue Appended
INFO:root:2021-07-23-10--16--19 anomallyFrameTracker resetted to 200
INFO:root:2021-07-23-10--16--19 Colour Conversion Completed
INFO:root:2021-07-23-10--16--19 Sleep Check Completed
INFO:root:2021-07-23-10--16--19 Frame manipulations completed
INFO:root:2021-07-23-10--16--19 Bounding Box Drawn
INFO:root:2021-07-23-10--16--19 MovingFrameQueue Appended
INFO:root:2021-07-23-10--16--19 anomallyFrameTracker resetted to 200
INFO:root:2021-07-23-10--16--19 Colour Conversion Completed
INFO:root:2021-07-23-10--16--19 Sleep Check Completed
INFO:root:2021-07-23-10--16--19 Frame manipulations completed
INFO:root:2021-07-23-10--16--19 Bounding Box Drawn
INFO:root:2021-07-23-10--16--19 MovingFrameQueue Appended
INFO:root:2021-07-23-10--16--19 anomallyFrameTracker resetted to 200
INFO:root:2021-07-23-10--16--19 Colour Conversion Completed
INFO:root:2021-07-23-10--16--19 Sleep Check Completed
INFO:root:2021-07-23-10--16--19 Frame manipulations completed
INFO:root:2021-07-23-10--16--19 Bounding Box Drawn
INFO:root:2021-07-23-10--16--19 MovingFrameQueue Appended
INFO:root:2021-07-23-10--16--19 anomallyFrameTracker resetted to 200
INFO:root:2021-07-23-10--16--19 Colour Conversion Completed
INFO:root:2021-07-23-10--16--19 Sleep Check Completed
INFO:root:2021-07-23-10--16--19 Frame manipulations completed
INFO:root:2021-07-23-10--16--19 Bounding Box Drawn
INFO:root:2021-07-23-10--16--19 MovingFrameQueue Appended
INFO:root:2021-07-23-10--16--19 anomallyFrameTracker resetted to 200
INFO:root:2021-07-23-10--16--19 Colour Conversion Completed
INFO:root:2021-07-23-10--16--19 Sleep Check Completed
INFO:root:2021-07-23-10--16--19 Frame manipulations completed
INFO:root:2021-07-23-10--16--19 Bounding Box Drawn
INFO:root:2021-07-23-10--16--19 MovingFrameQueue Appended
INFO:root:2021-07-23-10--16--19 anomallyFrameTracker resetted to 200
INFO:root:2021-07-23-10--16--20 Colour Conversion Completed
INFO:root:2021-07-23-10--16--20 Sleep Check Completed
INFO:root:2021-07-23-10--16--20 Frame manipulations completed
INFO:root:2021-07-23-10--16--20 Bounding Box Drawn
INFO:root:2021-07-23-10--16--20 MovingFrameQueue Appended
INFO:root:2021-07-23-10--16--20 anomallyFrameTracker resetted to 200
INFO:root:2021-07-23-10--16--20 Colour Conversion Completed
INFO:root:2021-07-23-10--16--20 Sleep Check Completed
INFO:root:2021-07-23-10--16--20 Frame manipulations completed
INFO:root:2021-07-23-10--16--20 Bounding Box Drawn
INFO:root:2021-07-23-10--16--20 MovingFrameQueue Appended
INFO:root:2021-07-23-10--16--20 anomallyFrameTracker resetted to 200
INFO:root:2021-07-23-10--16--20 Colour Conversion Completed
INFO:root:2021-07-23-10--16--20 Sleep Check Completed
INFO:root:2021-07-23-10--16--20 Frame manipulations completed
INFO:root:2021-07-23-10--16--20 Bounding Box Drawn
INFO:root:2021-07-23-10--16--20 MovingFrameQueue Appended
INFO:root:2021-07-23-10--16--20 anomallyFrameTracker resetted to 200
INFO:root:2021-07-23-10--16--20 Colour Conversion Completed
INFO:root:2021-07-23-10--16--20 Sleep Check Completed
INFO:root:2021-07-23-10--16--20 Frame manipulations completed
INFO:root:2021-07-23-10--16--20 Bounding Box Drawn
INFO:root:2021-07-23-10--16--20 MovingFrameQueue Appended
INFO:root:2021-07-23-10--16--20 anomallyFrameTracker resetted to 200
INFO:root:2021-07-23-10--16--20 Colour Conversion Completed
INFO:root:2021-07-23-10--16--20 Sleep Check Completed
INFO:root:2021-07-23-10--16--20 Frame manipulations completed
INFO:root:2021-07-23-10--16--20 Bounding Box Drawn
INFO:root:2021-07-23-10--16--20 MovingFrameQueue Appended
INFO:root:2021-07-23-10--16--20 anomallyFrameTracker resetted to 200
INFO:root:2021-07-23-10--16--20 Colour Conversion Completed
INFO:root:2021-07-23-10--16--20 Sleep Check Completed
INFO:root:2021-07-23-10--16--20 Frame manipulations completed
INFO:root:2021-07-23-10--16--20 Bounding Box Drawn
INFO:root:2021-07-23-10--16--20 MovingFrameQueue Appended
INFO:root:2021-07-23-10--16--20 anomallyFrameTracker resetted to 200
INFO:root:2021-07-23-10--16--20 Colour Conversion Completed
INFO:root:2021-07-23-10--16--20 Sleep Check Completed
INFO:root:2021-07-23-10--16--20 Frame manipulations completed
INFO:root:2021-07-23-10--16--20 Bounding Box Drawn
INFO:root:2021-07-23-10--16--20 MovingFrameQueue Appended
INFO:root:2021-07-23-10--16--20 anomallyFrameTracker resetted to 200
INFO:root:2021-07-23-10--16--20 Colour Conversion Completed
INFO:root:2021-07-23-10--16--20 Sleep Check Completed
INFO:root:2021-07-23-10--16--20 Frame manipulations completed
INFO:root:2021-07-23-10--16--20 Bounding Box Drawn
INFO:root:2021-07-23-10--16--20 MovingFrameQueue Appended
INFO:root:2021-07-23-10--16--20 anomallyFrameTracker resetted to 200
INFO:root:2021-07-23-10--16--20 Colour Conversion Completed
INFO:root:2021-07-23-10--16--20 Sleep Check Completed
INFO:root:2021-07-23-10--16--20 Frame manipulations completed
INFO:root:2021-07-23-10--16--20 Bounding Box Drawn
INFO:root:2021-07-23-10--16--20 MovingFrameQueue Appended
INFO:root:2021-07-23-10--16--20 anomallyFrameTracker resetted to 200
INFO:root:2021-07-23-10--16--21 Colour Conversion Completed
INFO:root:2021-07-23-10--16--21 Sleep Check Completed
INFO:root:2021-07-23-10--16--21 Frame manipulations completed
INFO:root:2021-07-23-10--16--21 Bounding Box Drawn
INFO:root:2021-07-23-10--16--21 MovingFrameQueue Appended
INFO:root:2021-07-23-10--16--21 anomallyFrameTracker resetted to 200
INFO:root:2021-07-23-10--16--21 Colour Conversion Completed
INFO:root:2021-07-23-10--16--21 Sleep Check Completed
INFO:root:2021-07-23-10--16--21 Frame manipulations completed
INFO:root:2021-07-23-10--16--21 Bounding Box Drawn
INFO:root:2021-07-23-10--16--22 MovingFrameQueue Appended
INFO:root:2021-07-23-10--16--22 anomallyFrameTracker resetted to 200
INFO:root:2021-07-23-10--16--22 Colour Conversion Completed
INFO:root:2021-07-23-10--16--22 Sleep Check Completed
INFO:root:2021-07-23-10--16--22 Frame manipulations completed
INFO:root:2021-07-23-10--16--22 Bounding Box Drawn
INFO:root:2021-07-23-10--16--22 MovingFrameQueue Appended
INFO:root:2021-07-23-10--16--22 anomallyFrameTracker resetted to 200
INFO:root:2021-07-23-10--16--22 Colour Conversion Completed
INFO:root:2021-07-23-10--16--22 Sleep Check Completed
INFO:root:2021-07-23-10--16--22 Frame manipulations completed
INFO:root:2021-07-23-10--16--22 Bounding Box Drawn
INFO:root:2021-07-23-10--16--22 MovingFrameQueue Appended
INFO:root:2021-07-23-10--16--22 anomallyFrameTracker resetted to 200
INFO:root:2021-07-23-10--16--22 Colour Conversion Completed
INFO:root:2021-07-23-10--16--22 Sleep Check Completed
INFO:root:2021-07-23-10--16--22 Frame manipulations completed
INFO:root:2021-07-23-10--16--22 Bounding Box Drawn
INFO:root:2021-07-23-10--16--22 MovingFrameQueue Appended
INFO:root:2021-07-23-10--16--22 anomallyFrameTracker resetted to 200
INFO:root:2021-07-23-10--16--22 Colour Conversion Completed
INFO:root:2021-07-23-10--16--22 Sleep Check Completed
INFO:root:2021-07-23-10--16--22 Frame manipulations completed
INFO:root:2021-07-23-10--16--22 Bounding Box Drawn
INFO:root:2021-07-23-10--16--22 MovingFrameQueue Appended
INFO:root:2021-07-23-10--16--22 anomallyFrameTracker resetted to 200
INFO:root:2021-07-23-10--16--22 Colour Conversion Completed
INFO:root:2021-07-23-10--16--22 Sleep Check Completed
INFO:root:2021-07-23-10--16--22 Frame manipulations completed
INFO:root:2021-07-23-10--16--22 Bounding Box Drawn
INFO:root:2021-07-23-10--16--22 MovingFrameQueue Appended
INFO:root:2021-07-23-10--16--22 anomallyFrameTracker resetted to 200
INFO:root:2021-07-23-10--16--22 Colour Conversion Completed
INFO:root:2021-07-23-10--16--22 Sleep Check Completed
INFO:root:2021-07-23-10--16--22 Frame manipulations completed
INFO:root:2021-07-23-10--16--22 Bounding Box Drawn
INFO:root:2021-07-23-10--16--22 MovingFrameQueue Popped
INFO:root:2021-07-23-10--16--22 anomallyFrameTracker resetted to 200
INFO:root:2021-07-23-10--16--22 Colour Conversion Completed
INFO:root:2021-07-23-10--16--22 Sleep Check Completed
INFO:root:2021-07-23-10--16--22 Frame manipulations completed
INFO:root:2021-07-23-10--16--22 Bounding Box Drawn
INFO:root:2021-07-23-10--16--22 MovingFrameQueue Appended
INFO:root:2021-07-23-10--16--22 anomallyFrameTracker resetted to 200
INFO:root:2021-07-23-10--16--23 Colour Conversion Completed
INFO:root:2021-07-23-10--16--23 Sleep Check Completed
INFO:root:2021-07-23-10--16--23 Frame manipulations completed
INFO:root:2021-07-23-10--16--23 Bounding Box Drawn
INFO:root:2021-07-23-10--16--23 MovingFrameQueue Popped
INFO:root:2021-07-23-10--16--23 anomallyFrameTracker resetted to 200
INFO:root:2021-07-23-10--16--23 Colour Conversion Completed
INFO:root:2021-07-23-10--16--23 Sleep Check Completed
INFO:root:2021-07-23-10--16--23 Frame manipulations completed
INFO:root:2021-07-23-10--16--23 Bounding Box Drawn
INFO:root:2021-07-23-10--16--23 MovingFrameQueue Appended
INFO:root:2021-07-23-10--16--23 anomallyFrameTracker resetted to 200
INFO:root:2021-07-23-10--16--23 Colour Conversion Completed
INFO:root:2021-07-23-10--16--23 Sleep Check Completed
INFO:root:2021-07-23-10--16--23 Frame manipulations completed
INFO:root:2021-07-23-10--16--23 Bounding Box Drawn
INFO:root:2021-07-23-10--16--23 MovingFrameQueue Popped
INFO:root:2021-07-23-10--16--23 anomallyFrameTracker resetted to 200
INFO:root:2021-07-23-10--16--23 Colour Conversion Completed
INFO:root:2021-07-23-10--16--23 Sleep Check Completed
INFO:root:2021-07-23-10--16--23 Frame manipulations completed
INFO:root:2021-07-23-10--16--23 Bounding Box Drawn
INFO:root:2021-07-23-10--16--23 MovingFrameQueue Appended
INFO:root:2021-07-23-10--16--23 anomallyFrameTracker resetted to 200
INFO:root:2021-07-23-10--16--23 Colour Conversion Completed
INFO:root:2021-07-23-10--16--23 Sleep Check Completed
INFO:root:2021-07-23-10--16--23 Frame manipulations completed
INFO:root:2021-07-23-10--16--23 Bounding Box Drawn
INFO:root:2021-07-23-10--16--23 MovingFrameQueue Popped
INFO:root:2021-07-23-10--16--23 anomallyFrameTracker resetted to 200
INFO:root:2021-07-23-10--16--23 Colour Conversion Completed
INFO:root:2021-07-23-10--16--23 Sleep Check Completed
INFO:root:2021-07-23-10--16--23 Frame manipulations completed
INFO:root:2021-07-23-10--16--23 Bounding Box Drawn
INFO:root:2021-07-23-10--16--23 MovingFrameQueue Appended
INFO:root:2021-07-23-10--16--23 anomallyFrameTracker resetted to 200
INFO:root:2021-07-23-10--16--23 Colour Conversion Completed
INFO:root:2021-07-23-10--16--23 Sleep Check Completed
INFO:root:2021-07-23-10--16--23 Frame manipulations completed
INFO:root:2021-07-23-10--16--23 Bounding Box Drawn
INFO:root:2021-07-23-10--16--23 MovingFrameQueue Popped
INFO:root:2021-07-23-10--16--23 anomallyFrameTracker resetted to 200
INFO:root:2021-07-23-10--16--23 Colour Conversion Completed
INFO:root:2021-07-23-10--16--23 Sleep Check Completed
INFO:root:2021-07-23-10--16--23 Frame manipulations completed
INFO:root:2021-07-23-10--16--23 Bounding Box Drawn
INFO:root:2021-07-23-10--16--23 MovingFrameQueue Appended
INFO:root:2021-07-23-10--16--23 anomallyFrameTracker resetted to 200
INFO:root:2021-07-23-10--16--24 Colour Conversion Completed
INFO:root:2021-07-23-10--16--24 Sleep Check Completed
INFO:root:2021-07-23-10--16--24 Frame manipulations completed
INFO:root:2021-07-23-10--16--24 Bounding Box Drawn
INFO:root:2021-07-23-10--16--24 MovingFrameQueue Popped
INFO:root:2021-07-23-10--16--24 anomallyFrameTracker resetted to 200
INFO:root:2021-07-23-10--16--24 Colour Conversion Completed
INFO:root:2021-07-23-10--16--24 Sleep Check Completed
INFO:root:2021-07-23-10--16--24 Frame manipulations completed
INFO:root:2021-07-23-10--16--24 Bounding Box Drawn
INFO:root:2021-07-23-10--16--24 MovingFrameQueue Appended
INFO:root:2021-07-23-10--16--24 anomallyFrameTracker resetted to 200
INFO:root:2021-07-23-10--16--24 Colour Conversion Completed
INFO:root:2021-07-23-10--16--24 Sleep Check Completed
INFO:root:2021-07-23-10--16--24 Frame manipulations completed
INFO:root:2021-07-23-10--16--24 Bounding Box Drawn
INFO:root:2021-07-23-10--16--24 MovingFrameQueue Popped
INFO:root:2021-07-23-10--16--24 anomallyFrameTracker resetted to 200
INFO:root:2021-07-23-10--16--24 Colour Conversion Completed
INFO:root:2021-07-23-10--16--24 Sleep Check Completed
INFO:root:2021-07-23-10--16--24 Frame manipulations completed
INFO:root:2021-07-23-10--16--24 Bounding Box Drawn
INFO:root:2021-07-23-10--16--24 MovingFrameQueue Appended
INFO:root:2021-07-23-10--16--24 anomallyFrameTracker resetted to 200
INFO:root:2021-07-23-10--16--24 Colour Conversion Completed
INFO:root:2021-07-23-10--16--24 Sleep Check Completed
INFO:root:2021-07-23-10--16--24 Frame manipulations completed
INFO:root:2021-07-23-10--16--24 Bounding Box Drawn
INFO:root:2021-07-23-10--16--24 MovingFrameQueue Popped
INFO:root:2021-07-23-10--16--24 anomallyFrameTracker resetted to 200
INFO:root:2021-07-23-10--16--24 Colour Conversion Completed
INFO:root:2021-07-23-10--16--24 Sleep Check Completed
INFO:root:2021-07-23-10--16--24 Frame manipulations completed
INFO:root:2021-07-23-10--16--24 Bounding Box Drawn
INFO:root:2021-07-23-10--16--24 MovingFrameQueue Appended
INFO:root:2021-07-23-10--16--24 anomallyFrameTracker resetted to 200
INFO:root:2021-07-23-10--16--24 Colour Conversion Completed
INFO:root:2021-07-23-10--16--24 Sleep Check Completed
INFO:root:2021-07-23-10--16--24 Frame manipulations completed
INFO:root:2021-07-23-10--16--24 Bounding Box Drawn
INFO:root:2021-07-23-10--16--24 MovingFrameQueue Popped
INFO:root:2021-07-23-10--16--24 anomallyFrameTracker resetted to 200
INFO:root:2021-07-23-10--16--24 Colour Conversion Completed
INFO:root:2021-07-23-10--16--24 Sleep Check Completed
INFO:root:2021-07-23-10--16--24 Frame manipulations completed
INFO:root:2021-07-23-10--16--24 Bounding Box Drawn
INFO:root:2021-07-23-10--16--24 MovingFrameQueue Appended
INFO:root:2021-07-23-10--16--24 anomallyFrameTracker resetted to 200
INFO:root:2021-07-23-10--16--24 Colour Conversion Completed
INFO:root:2021-07-23-10--16--24 Sleep Check Completed
INFO:root:2021-07-23-10--16--24 Frame manipulations completed
INFO:root:2021-07-23-10--16--24 Bounding Box Drawn
INFO:root:2021-07-23-10--16--24 MovingFrameQueue Popped
INFO:root:2021-07-23-10--16--24 anomallyFrameTracker resetted to 200
INFO:root:2021-07-23-10--16--25 Colour Conversion Completed
INFO:root:2021-07-23-10--16--25 Sleep Check Completed
INFO:root:2021-07-23-10--16--25 Frame manipulations completed
INFO:root:2021-07-23-10--16--25 Bounding Box Drawn
INFO:root:2021-07-23-10--16--25 MovingFrameQueue Appended
INFO:root:2021-07-23-10--16--25 anomallyFrameTracker resetted to 200
INFO:root:2021-07-23-10--16--25 Colour Conversion Completed
INFO:root:2021-07-23-10--16--25 Sleep Check Completed
INFO:root:2021-07-23-10--16--25 Frame manipulations completed
INFO:root:2021-07-23-10--16--25 Bounding Box Drawn
INFO:root:2021-07-23-10--16--25 MovingFrameQueue Popped
INFO:root:2021-07-23-10--16--25 anomallyFrameTracker resetted to 200
INFO:root:2021-07-23-10--16--25 Colour Conversion Completed
INFO:root:2021-07-23-10--16--25 Sleep Check Completed
INFO:root:2021-07-23-10--16--25 Frame manipulations completed
INFO:root:2021-07-23-10--16--25 Bounding Box Drawn
INFO:root:2021-07-23-10--16--25 MovingFrameQueue Appended
INFO:root:2021-07-23-10--16--25 anomallyFrameTracker resetted to 200
INFO:root:2021-07-23-10--16--25 Colour Conversion Completed
INFO:root:2021-07-23-10--16--25 Sleep Check Completed
INFO:root:2021-07-23-10--16--25 Frame manipulations completed
INFO:root:2021-07-23-10--16--25 Bounding Box Drawn
INFO:root:2021-07-23-10--16--25 MovingFrameQueue Popped
INFO:root:2021-07-23-10--16--25 anomallyFrameTracker resetted to 200
INFO:root:2021-07-23-10--16--25 Colour Conversion Completed
INFO:root:2021-07-23-10--16--25 Sleep Check Completed
INFO:root:2021-07-23-10--16--25 Frame manipulations completed
INFO:root:2021-07-23-10--16--25 Bounding Box Drawn
INFO:root:2021-07-23-10--16--25 MovingFrameQueue Appended
INFO:root:2021-07-23-10--16--25 anomallyFrameTracker resetted to 200
INFO:root:2021-07-23-10--16--25 Colour Conversion Completed
INFO:root:2021-07-23-10--16--25 Sleep Check Completed
INFO:root:2021-07-23-10--16--25 Frame manipulations completed
INFO:root:2021-07-23-10--16--25 Bounding Box Drawn
INFO:root:2021-07-23-10--16--25 MovingFrameQueue Popped
INFO:root:2021-07-23-10--16--25 anomallyFrameTracker resetted to 200
INFO:root:2021-07-23-10--16--25 Colour Conversion Completed
INFO:root:2021-07-23-10--16--25 Sleep Check Completed
INFO:root:2021-07-23-10--16--25 Frame manipulations completed
INFO:root:2021-07-23-10--16--25 Bounding Box Drawn
INFO:root:2021-07-23-10--16--25 MovingFrameQueue Appended
INFO:root:2021-07-23-10--16--25 anomallyFrameTracker resetted to 200
INFO:root:2021-07-23-10--16--25 Colour Conversion Completed
INFO:root:2021-07-23-10--16--25 Sleep Check Completed
INFO:root:2021-07-23-10--16--25 Frame manipulations completed
INFO:root:2021-07-23-10--16--25 Bounding Box Drawn
INFO:root:2021-07-23-10--16--25 MovingFrameQueue Popped
INFO:root:2021-07-23-10--16--25 anomallyFrameTracker resetted to 200
INFO:root:2021-07-23-10--16--25 Colour Conversion Completed
INFO:root:2021-07-23-10--16--25 Sleep Check Completed
INFO:root:2021-07-23-10--16--25 Frame manipulations completed
INFO:root:2021-07-23-10--16--25 Bounding Box Drawn
INFO:root:2021-07-23-10--16--26 MovingFrameQueue Appended
INFO:root:2021-07-23-10--16--26 anomallyFrameTracker resetted to 200
INFO:root:2021-07-23-10--16--26 Colour Conversion Completed
INFO:root:2021-07-23-10--16--26 Sleep Check Completed
INFO:root:2021-07-23-10--16--26 Frame manipulations completed
INFO:root:2021-07-23-10--16--26 Bounding Box Drawn
INFO:root:2021-07-23-10--16--26 MovingFrameQueue Popped
INFO:root:2021-07-23-10--16--26 anomallyFrameTracker resetted to 200
INFO:root:2021-07-23-10--16--26 Colour Conversion Completed
INFO:root:2021-07-23-10--16--26 Sleep Check Completed
INFO:root:2021-07-23-10--16--26 Frame manipulations completed
INFO:root:2021-07-23-10--16--26 Bounding Box Drawn
INFO:root:2021-07-23-10--16--26 MovingFrameQueue Appended
INFO:root:2021-07-23-10--16--26 anomallyFrameTracker resetted to 200
INFO:root:2021-07-23-10--16--26 Colour Conversion Completed
INFO:root:2021-07-23-10--16--26 Sleep Check Completed
INFO:root:2021-07-23-10--16--26 Frame manipulations completed
INFO:root:2021-07-23-10--16--26 Bounding Box Drawn
INFO:root:2021-07-23-10--16--26 MovingFrameQueue Popped
INFO:root:2021-07-23-10--16--26 anomallyFrameTracker resetted to 200
INFO:root:2021-07-23-10--16--26 Colour Conversion Completed
INFO:root:2021-07-23-10--16--26 Sleep Check Completed
INFO:root:2021-07-23-10--16--26 Frame manipulations completed
INFO:root:2021-07-23-10--16--26 Bounding Box Drawn
INFO:root:2021-07-23-10--16--26 MovingFrameQueue Appended
INFO:root:2021-07-23-10--16--26 anomallyFrameTracker resetted to 200
INFO:root:2021-07-23-10--16--26 Colour Conversion Completed
INFO:root:2021-07-23-10--16--26 Sleep Check Completed
INFO:root:2021-07-23-10--16--26 Frame manipulations completed
INFO:root:2021-07-23-10--16--26 Bounding Box Drawn
INFO:root:2021-07-23-10--16--26 MovingFrameQueue Popped
INFO:root:2021-07-23-10--16--26 anomallyFrameTracker resetted to 200
INFO:root:2021-07-23-10--16--26 Colour Conversion Completed
INFO:root:2021-07-23-10--16--26 Sleep Check Completed
INFO:root:2021-07-23-10--16--26 Frame manipulations completed
INFO:root:2021-07-23-10--16--26 Bounding Box Drawn
INFO:root:2021-07-23-10--16--26 MovingFrameQueue Appended
INFO:root:2021-07-23-10--16--26 anomallyFrameTracker resetted to 200
INFO:root:2021-07-23-10--16--26 Colour Conversion Completed
INFO:root:2021-07-23-10--16--26 Sleep Check Completed
INFO:root:2021-07-23-10--16--26 Frame manipulations completed
INFO:root:2021-07-23-10--16--26 Bounding Box Drawn
INFO:root:2021-07-23-10--16--26 MovingFrameQueue Popped
INFO:root:2021-07-23-10--16--26 anomallyFrameTracker resetted to 200
INFO:root:2021-07-23-10--16--26 Colour Conversion Completed
INFO:root:2021-07-23-10--16--26 Sleep Check Completed
INFO:root:2021-07-23-10--16--26 Frame manipulations completed
INFO:root:2021-07-23-10--16--26 Bounding Box Drawn
INFO:root:2021-07-23-10--16--26 MovingFrameQueue Appended
INFO:root:2021-07-23-10--16--26 anomallyFrameTracker resetted to 200
INFO:root:2021-07-23-10--16--27 Colour Conversion Completed
INFO:root:2021-07-23-10--16--27 Sleep Check Completed
INFO:root:2021-07-23-10--16--27 Frame manipulations completed
INFO:root:2021-07-23-10--16--27 Bounding Box Drawn
INFO:root:2021-07-23-10--16--27 MovingFrameQueue Popped
INFO:root:2021-07-23-10--16--27 anomallyFrameTracker resetted to 200
INFO:root:2021-07-23-10--16--27 Colour Conversion Completed
INFO:root:2021-07-23-10--16--27 Sleep Check Completed
INFO:root:2021-07-23-10--16--27 Frame manipulations completed
INFO:root:2021-07-23-10--16--27 Bounding Box Drawn
INFO:root:2021-07-23-10--16--27 MovingFrameQueue Appended
INFO:root:2021-07-23-10--16--27 anomallyFrameTracker resetted to 200
INFO:root:2021-07-23-10--16--27 Colour Conversion Completed
INFO:root:2021-07-23-10--16--27 Sleep Check Completed
INFO:root:2021-07-23-10--16--27 Frame manipulations completed
INFO:root:2021-07-23-10--16--27 Bounding Box Drawn
INFO:root:2021-07-23-10--16--27 MovingFrameQueue Popped
INFO:root:2021-07-23-10--16--27 anomallyFrameTracker resetted to 200
INFO:root:2021-07-23-10--16--27 Colour Conversion Completed
INFO:root:2021-07-23-10--16--28 Sleep Check Completed
INFO:root:2021-07-23-10--16--28 Frame manipulations completed
INFO:root:2021-07-23-10--16--28 Bounding Box Drawn
INFO:root:2021-07-23-10--16--28 MovingFrameQueue Appended
INFO:root:2021-07-23-10--16--28 anomallyFrameTracker resetted to 200
INFO:root:2021-07-23-10--16--28 Colour Conversion Completed
INFO:root:2021-07-23-10--16--28 Sleep Check Completed
INFO:root:2021-07-23-10--16--28 Frame manipulations completed
INFO:root:2021-07-23-10--16--28 Bounding Box Drawn
INFO:root:2021-07-23-10--16--28 MovingFrameQueue Popped
INFO:root:2021-07-23-10--16--28 anomallyFrameTracker resetted to 200
INFO:root:2021-07-23-10--16--28 Colour Conversion Completed
INFO:root:2021-07-23-10--16--28 Sleep Check Completed
INFO:root:2021-07-23-10--16--28 Frame manipulations completed
INFO:root:2021-07-23-10--16--28 Bounding Box Drawn
INFO:root:2021-07-23-10--16--28 MovingFrameQueue Appended
INFO:root:2021-07-23-10--16--28 anomallyFrameTracker resetted to 200
INFO:root:2021-07-23-10--16--28 Colour Conversion Completed
INFO:root:2021-07-23-10--16--28 Sleep Check Completed
INFO:root:2021-07-23-10--16--28 Frame manipulations completed
INFO:root:2021-07-23-10--16--28 Bounding Box Drawn
INFO:root:2021-07-23-10--16--28 MovingFrameQueue Popped
INFO:root:2021-07-23-10--16--28 anomallyFrameTracker resetted to 200
INFO:root:2021-07-23-10--16--28 Colour Conversion Completed
INFO:root:2021-07-23-10--16--28 Sleep Check Completed
INFO:root:2021-07-23-10--16--28 Frame manipulations completed
INFO:root:2021-07-23-10--16--28 Bounding Box Drawn
INFO:root:2021-07-23-10--16--28 MovingFrameQueue Appended
INFO:root:2021-07-23-10--16--28 anomallyFrameTracker resetted to 200
INFO:root:2021-07-23-10--16--28 Colour Conversion Completed
INFO:root:2021-07-23-10--16--28 Sleep Check Completed
INFO:root:2021-07-23-10--16--28 Frame manipulations completed
INFO:root:2021-07-23-10--16--28 Bounding Box Drawn
INFO:root:2021-07-23-10--16--28 MovingFrameQueue Popped
INFO:root:2021-07-23-10--16--28 anomallyFrameTracker resetted to 200
INFO:root:2021-07-23-10--16--28 Colour Conversion Completed
INFO:root:2021-07-23-10--16--28 Sleep Check Completed
INFO:root:2021-07-23-10--16--28 Frame manipulations completed
INFO:root:2021-07-23-10--16--28 Bounding Box Drawn
INFO:root:2021-07-23-10--16--28 MovingFrameQueue Appended
INFO:root:2021-07-23-10--16--28 anomallyFrameTracker resetted to 200
INFO:root:2021-07-23-10--16--28 Colour Conversion Completed
INFO:root:2021-07-23-10--16--28 Sleep Check Completed
INFO:root:2021-07-23-10--16--28 Frame manipulations completed
INFO:root:2021-07-23-10--16--28 Bounding Box Drawn
INFO:root:2021-07-23-10--16--28 MovingFrameQueue Popped
INFO:root:2021-07-23-10--16--28 anomallyFrameTracker resetted to 200
INFO:root:2021-07-23-10--16--28 Colour Conversion Completed
INFO:root:2021-07-23-10--16--28 Sleep Check Completed
INFO:root:2021-07-23-10--16--28 Frame manipulations completed
INFO:root:2021-07-23-10--16--28 Bounding Box Drawn
INFO:root:2021-07-23-10--16--28 MovingFrameQueue Appended
INFO:root:2021-07-23-10--16--28 anomallyFrameTracker resetted to 200
INFO:root:2021-07-23-10--16--28 Colour Conversion Completed
INFO:root:2021-07-23-10--16--28 Sleep Check Completed
INFO:root:2021-07-23-10--16--28 Frame manipulations completed
INFO:root:2021-07-23-10--16--28 Bounding Box Drawn
INFO:root:2021-07-23-10--16--28 MovingFrameQueue Popped
INFO:root:2021-07-23-10--16--28 anomallyFrameTracker resetted to 200
INFO:root:2021-07-23-10--16--29 Colour Conversion Completed
INFO:root:2021-07-23-10--16--29 Sleep Check Completed
INFO:root:2021-07-23-10--16--29 Frame manipulations completed
INFO:root:2021-07-23-10--16--29 Bounding Box Drawn
INFO:root:2021-07-23-10--16--29 MovingFrameQueue Appended
INFO:root:2021-07-23-10--16--29 anomallyFrameTracker resetted to 200
INFO:root:2021-07-23-10--16--29 Colour Conversion Completed
INFO:root:2021-07-23-10--16--29 Sleep Check Completed
INFO:root:2021-07-23-10--16--29 Frame manipulations completed
INFO:root:2021-07-23-10--16--29 Bounding Box Drawn
INFO:root:2021-07-23-10--16--29 MovingFrameQueue Popped
INFO:root:2021-07-23-10--16--29 anomallyFrameTracker resetted to 200
INFO:root:2021-07-23-10--16--29 Colour Conversion Completed
INFO:root:2021-07-23-10--16--29 Sleep Check Completed
INFO:root:2021-07-23-10--16--29 Frame manipulations completed
INFO:root:2021-07-23-10--16--29 Bounding Box Drawn
INFO:root:2021-07-23-10--16--29 MovingFrameQueue Appended
INFO:root:2021-07-23-10--16--29 anomallyFrameTracker resetted to 200
INFO:root:2021-07-23-10--16--29 Colour Conversion Completed
INFO:root:2021-07-23-10--16--29 Sleep Check Completed
INFO:root:2021-07-23-10--16--29 Frame manipulations completed
INFO:root:2021-07-23-10--16--29 Bounding Box Drawn
INFO:root:2021-07-23-10--16--29 MovingFrameQueue Popped
INFO:root:2021-07-23-10--16--29 anomallyFrameTracker resetted to 200
INFO:root:2021-07-23-10--16--29 Colour Conversion Completed
INFO:root:2021-07-23-10--16--29 Sleep Check Completed
INFO:root:2021-07-23-10--16--29 Frame manipulations completed
INFO:root:2021-07-23-10--16--29 Bounding Box Drawn
INFO:root:2021-07-23-10--16--29 MovingFrameQueue Appended
INFO:root:2021-07-23-10--16--29 anomallyFrameTracker resetted to 200
INFO:root:2021-07-23-10--16--29 Colour Conversion Completed
INFO:root:2021-07-23-10--16--29 Sleep Check Completed
INFO:root:2021-07-23-10--16--29 Frame manipulations completed
INFO:root:2021-07-23-10--16--29 Bounding Box Drawn
INFO:root:2021-07-23-10--16--29 MovingFrameQueue Popped
INFO:root:2021-07-23-10--16--29 anomallyFrameTracker resetted to 200
INFO:root:2021-07-23-10--16--29 Colour Conversion Completed
INFO:root:2021-07-23-10--16--29 Sleep Check Completed
INFO:root:2021-07-23-10--16--29 Frame manipulations completed
INFO:root:2021-07-23-10--16--29 Bounding Box Drawn
INFO:root:2021-07-23-10--16--29 MovingFrameQueue Appended
INFO:root:2021-07-23-10--16--29 anomallyFrameTracker resetted to 200
INFO:root:2021-07-23-10--16--29 Colour Conversion Completed
INFO:root:2021-07-23-10--16--29 Sleep Check Completed
INFO:root:2021-07-23-10--16--29 Frame manipulations completed
INFO:root:2021-07-23-10--16--29 Bounding Box Drawn
INFO:root:2021-07-23-10--16--29 MovingFrameQueue Popped
INFO:root:2021-07-23-10--16--29 anomallyFrameTracker resetted to 200
INFO:root:2021-07-23-10--16--29 Colour Conversion Completed
INFO:root:2021-07-23-10--16--29 Sleep Check Completed
INFO:root:2021-07-23-10--16--29 Frame manipulations completed
INFO:root:2021-07-23-10--16--29 Bounding Box Drawn
INFO:root:2021-07-23-10--16--30 MovingFrameQueue Appended
INFO:root:2021-07-23-10--16--30 anomallyFrameTracker resetted to 200
INFO:root:2021-07-23-10--16--30 Colour Conversion Completed
INFO:root:2021-07-23-10--16--30 Sleep Check Completed
INFO:root:2021-07-23-10--16--30 Frame manipulations completed
INFO:root:2021-07-23-10--16--30 Bounding Box Drawn
INFO:root:2021-07-23-10--16--30 MovingFrameQueue Popped
INFO:root:2021-07-23-10--16--30 anomallyFrameTracker resetted to 200
INFO:root:2021-07-23-10--16--30 Colour Conversion Completed
INFO:root:2021-07-23-10--16--30 Sleep Check Completed
INFO:root:2021-07-23-10--16--30 Frame manipulations completed
INFO:root:2021-07-23-10--16--30 Bounding Box Drawn
INFO:root:2021-07-23-10--16--30 MovingFrameQueue Appended
INFO:root:2021-07-23-10--16--30 anomallyFrameTracker resetted to 200
INFO:root:2021-07-23-10--16--30 Colour Conversion Completed
INFO:root:2021-07-23-10--16--30 Sleep Check Completed
INFO:root:2021-07-23-10--16--30 Frame manipulations completed
INFO:root:2021-07-23-10--16--30 Bounding Box Drawn
INFO:root:2021-07-23-10--16--30 MovingFrameQueue Popped
INFO:root:2021-07-23-10--16--30 anomallyFrameTracker resetted to 200
INFO:root:2021-07-23-10--16--30 Colour Conversion Completed
INFO:root:2021-07-23-10--16--30 Sleep Check Completed
INFO:root:2021-07-23-10--16--30 Frame manipulations completed
INFO:root:2021-07-23-10--16--30 Bounding Box Drawn
INFO:root:2021-07-23-10--16--30 MovingFrameQueue Appended
INFO:root:2021-07-23-10--16--30 anomallyFrameTracker resetted to 200
INFO:root:2021-07-23-10--16--30 Colour Conversion Completed
INFO:root:2021-07-23-10--16--30 Sleep Check Completed
INFO:root:2021-07-23-10--16--30 Frame manipulations completed
INFO:root:2021-07-23-10--16--30 Bounding Box Drawn
INFO:root:2021-07-23-10--16--30 MovingFrameQueue Popped
INFO:root:2021-07-23-10--16--30 anomallyFrameTracker resetted to 200
INFO:root:2021-07-23-10--16--30 Colour Conversion Completed
INFO:root:2021-07-23-10--16--30 Sleep Check Completed
INFO:root:2021-07-23-10--16--30 Frame manipulations completed
INFO:root:2021-07-23-10--16--30 Bounding Box Drawn
INFO:root:2021-07-23-10--16--30 MovingFrameQueue Appended
INFO:root:2021-07-23-10--16--30 anomallyFrameTracker resetted to 200
INFO:root:2021-07-23-10--16--30 Colour Conversion Completed
INFO:root:2021-07-23-10--16--30 Sleep Check Completed
INFO:root:2021-07-23-10--16--30 Frame manipulations completed
INFO:root:2021-07-23-10--16--30 Bounding Box Drawn
INFO:root:2021-07-23-10--16--30 MovingFrameQueue Popped
INFO:root:2021-07-23-10--16--30 anomallyFrameTracker resetted to 200
INFO:root:2021-07-23-10--16--30 Colour Conversion Completed
INFO:root:2021-07-23-10--16--30 Sleep Check Completed
INFO:root:2021-07-23-10--16--30 Frame manipulations completed
INFO:root:2021-07-23-10--16--30 Bounding Box Drawn
INFO:root:2021-07-23-10--16--30 MovingFrameQueue Appended
INFO:root:2021-07-23-10--16--30 anomallyFrameTracker resetted to 200
INFO:root:2021-07-23-10--16--31 Colour Conversion Completed
INFO:root:2021-07-23-10--16--31 Sleep Check Completed
INFO:root:2021-07-23-10--16--31 Frame manipulations completed
INFO:root:2021-07-23-10--16--31 Bounding Box Drawn
INFO:root:2021-07-23-10--16--31 MovingFrameQueue Popped
INFO:root:2021-07-23-10--16--31 anomallyFrameTracker resetted to 200
INFO:root:2021-07-23-10--16--31 Colour Conversion Completed
INFO:root:2021-07-23-10--16--31 Sleep Check Completed
INFO:root:2021-07-23-10--16--31 Frame manipulations completed
INFO:root:2021-07-23-10--16--31 Bounding Box Drawn
INFO:root:2021-07-23-10--16--31 MovingFrameQueue Appended
INFO:root:2021-07-23-10--16--31 anomallyFrameTracker resetted to 200
INFO:root:2021-07-23-10--16--31 Colour Conversion Completed
INFO:root:2021-07-23-10--16--31 Sleep Check Completed
INFO:root:2021-07-23-10--16--31 Frame manipulations completed
INFO:root:2021-07-23-10--16--31 Bounding Box Drawn
INFO:root:2021-07-23-10--16--31 MovingFrameQueue Popped
INFO:root:2021-07-23-10--16--31 anomallyFrameTracker resetted to 200
INFO:root:2021-07-23-10--16--31 Colour Conversion Completed
INFO:root:2021-07-23-10--16--31 Sleep Check Completed
INFO:root:2021-07-23-10--16--31 Frame manipulations completed
INFO:root:2021-07-23-10--16--31 Bounding Box Drawn
INFO:root:2021-07-23-10--16--31 MovingFrameQueue Appended
INFO:root:2021-07-23-10--16--31 anomallyFrameTracker resetted to 200
INFO:root:2021-07-23-10--16--31 Colour Conversion Completed
INFO:root:2021-07-23-10--16--31 Sleep Check Completed
INFO:root:2021-07-23-10--16--31 Frame manipulations completed
INFO:root:2021-07-23-10--16--31 Bounding Box Drawn
INFO:root:2021-07-23-10--16--31 MovingFrameQueue Popped
INFO:root:2021-07-23-10--16--31 anomallyFrameTracker resetted to 200
INFO:root:2021-07-23-10--16--31 Colour Conversion Completed
INFO:root:2021-07-23-10--16--31 Sleep Check Completed
INFO:root:2021-07-23-10--16--31 Frame manipulations completed
INFO:root:2021-07-23-10--16--31 Bounding Box Drawn
INFO:root:2021-07-23-10--16--31 MovingFrameQueue Appended
INFO:root:2021-07-23-10--16--31 anomallyFrameTracker resetted to 200
INFO:root:2021-07-23-10--16--31 Colour Conversion Completed
INFO:root:2021-07-23-10--16--31 Sleep Check Completed
INFO:root:2021-07-23-10--16--31 Frame manipulations completed
INFO:root:2021-07-23-10--16--31 Bounding Box Drawn
INFO:root:2021-07-23-10--16--31 MovingFrameQueue Popped
INFO:root:2021-07-23-10--16--31 anomallyFrameTracker resetted to 200
INFO:root:2021-07-23-10--16--31 Colour Conversion Completed
INFO:root:2021-07-23-10--16--31 Sleep Check Completed
INFO:root:2021-07-23-10--16--31 Frame manipulations completed
INFO:root:2021-07-23-10--16--31 Bounding Box Drawn
INFO:root:2021-07-23-10--16--31 MovingFrameQueue Appended
INFO:root:2021-07-23-10--16--31 anomallyFrameTracker resetted to 200
INFO:root:2021-07-23-10--16--31 Colour Conversion Completed
INFO:root:2021-07-23-10--16--31 Sleep Check Completed
INFO:root:2021-07-23-10--16--31 Frame manipulations completed
INFO:root:2021-07-23-10--16--31 Bounding Box Drawn
INFO:root:2021-07-23-10--16--31 MovingFrameQueue Popped
INFO:root:2021-07-23-10--16--31 anomallyFrameTracker resetted to 200
INFO:root:2021-07-23-10--16--32 Colour Conversion Completed
INFO:root:2021-07-23-10--16--32 Sleep Check Completed
INFO:root:2021-07-23-10--16--32 Frame manipulations completed
INFO:root:2021-07-23-10--16--32 Bounding Box Drawn
INFO:root:2021-07-23-10--16--32 MovingFrameQueue Appended
INFO:root:2021-07-23-10--16--32 anomallyFrameTracker resetted to 200
INFO:root:2021-07-23-10--16--32 Colour Conversion Completed
INFO:root:2021-07-23-10--16--32 Sleep Check Completed
INFO:root:2021-07-23-10--16--32 Frame manipulations completed
INFO:root:2021-07-23-10--16--32 Bounding Box Drawn
INFO:root:2021-07-23-10--16--32 MovingFrameQueue Popped
INFO:root:2021-07-23-10--16--32 anomallyFrameTracker resetted to 200
INFO:root:2021-07-23-10--16--32 Colour Conversion Completed
INFO:root:2021-07-23-10--16--32 Sleep Check Completed
INFO:root:2021-07-23-10--16--32 Frame manipulations completed
INFO:root:2021-07-23-10--16--32 Bounding Box Drawn
INFO:root:2021-07-23-10--16--32 MovingFrameQueue Appended
INFO:root:2021-07-23-10--16--32 anomallyFrameTracker resetted to 200
INFO:root:2021-07-23-10--16--32 Colour Conversion Completed
INFO:root:2021-07-23-10--16--32 Sleep Check Completed
INFO:root:2021-07-23-10--16--32 Frame manipulations completed
INFO:root:2021-07-23-10--16--32 Bounding Box Drawn
INFO:root:2021-07-23-10--16--32 MovingFrameQueue Popped
INFO:root:2021-07-23-10--16--32 anomallyFrameTracker resetted to 200
INFO:root:2021-07-23-10--16--32 Colour Conversion Completed
INFO:root:2021-07-23-10--16--32 Sleep Check Completed
INFO:root:2021-07-23-10--16--32 Frame manipulations completed
INFO:root:2021-07-23-10--16--32 Bounding Box Drawn
INFO:root:2021-07-23-10--16--32 MovingFrameQueue Appended
INFO:root:2021-07-23-10--16--32 anomallyFrameTracker resetted to 200
INFO:root:2021-07-23-10--16--32 Colour Conversion Completed
INFO:root:2021-07-23-10--16--32 Sleep Check Completed
INFO:root:2021-07-23-10--16--32 Frame manipulations completed
INFO:root:2021-07-23-10--16--32 Bounding Box Drawn
INFO:root:2021-07-23-10--16--32 MovingFrameQueue Popped
INFO:root:2021-07-23-10--16--32 anomallyFrameTracker resetted to 200
INFO:root:2021-07-23-10--16--32 Colour Conversion Completed
INFO:root:2021-07-23-10--16--32 Sleep Check Completed
INFO:root:2021-07-23-10--16--32 Frame manipulations completed
INFO:root:2021-07-23-10--16--32 Bounding Box Drawn
INFO:root:2021-07-23-10--16--32 MovingFrameQueue Appended
INFO:root:2021-07-23-10--16--32 anomallyFrameTracker resetted to 200
INFO:root:2021-07-23-10--16--32 Colour Conversion Completed
INFO:root:2021-07-23-10--16--32 Sleep Check Completed
INFO:root:2021-07-23-10--16--32 Frame manipulations completed
INFO:root:2021-07-23-10--16--32 Bounding Box Drawn
INFO:root:2021-07-23-10--16--32 MovingFrameQueue Popped
INFO:root:2021-07-23-10--16--32 anomallyFrameTracker resetted to 200
INFO:root:2021-07-23-10--16--32 Colour Conversion Completed
INFO:root:2021-07-23-10--16--32 Sleep Check Completed
INFO:root:2021-07-23-10--16--32 Frame manipulations completed
INFO:root:2021-07-23-10--16--32 Bounding Box Drawn
INFO:root:2021-07-23-10--16--32 MovingFrameQueue Appended
INFO:root:2021-07-23-10--16--32 anomallyFrameTracker resetted to 200
INFO:root:2021-07-23-10--16--33 Colour Conversion Completed
INFO:root:2021-07-23-10--16--33 Sleep Check Completed
INFO:root:2021-07-23-10--16--33 Frame manipulations completed
INFO:root:2021-07-23-10--16--33 Bounding Box Drawn
INFO:root:2021-07-23-10--16--33 MovingFrameQueue Popped
INFO:root:2021-07-23-10--16--33 anomallyFrameTracker resetted to 200
INFO:root:2021-07-23-10--16--33 Colour Conversion Completed
INFO:root:2021-07-23-10--16--33 Sleep Check Completed
INFO:root:2021-07-23-10--16--33 Frame manipulations completed
INFO:root:2021-07-23-10--16--33 Bounding Box Drawn
INFO:root:2021-07-23-10--16--33 MovingFrameQueue Appended
INFO:root:2021-07-23-10--16--33 anomallyFrameTracker resetted to 200
INFO:root:2021-07-23-10--16--33 Colour Conversion Completed
INFO:root:2021-07-23-10--16--33 Sleep Check Completed
INFO:root:2021-07-23-10--16--33 Frame manipulations completed
INFO:root:2021-07-23-10--16--33 Bounding Box Drawn
INFO:root:2021-07-23-10--16--33 MovingFrameQueue Popped
INFO:root:2021-07-23-10--16--33 anomallyFrameTracker resetted to 200
INFO:root:2021-07-23-10--16--33 Colour Conversion Completed
INFO:root:2021-07-23-10--16--33 Sleep Check Completed
INFO:root:2021-07-23-10--16--33 Frame manipulations completed
INFO:root:2021-07-23-10--16--33 Bounding Box Drawn
INFO:root:2021-07-23-10--16--33 MovingFrameQueue Appended
INFO:root:2021-07-23-10--16--33 anomallyFrameTracker resetted to 200
INFO:root:2021-07-23-10--16--33 Colour Conversion Completed
INFO:root:2021-07-23-10--16--33 Sleep Check Completed
INFO:root:2021-07-23-10--16--33 Frame manipulations completed
INFO:root:2021-07-23-10--16--33 Bounding Box Drawn
INFO:root:2021-07-23-10--16--33 MovingFrameQueue Popped
INFO:root:2021-07-23-10--16--33 anomallyFrameTracker resetted to 200
INFO:root:2021-07-23-10--16--33 Colour Conversion Completed
INFO:root:2021-07-23-10--16--33 Sleep Check Completed
INFO:root:2021-07-23-10--16--33 Frame manipulations completed
INFO:root:2021-07-23-10--16--33 Bounding Box Drawn
INFO:root:2021-07-23-10--16--33 MovingFrameQueue Appended
INFO:root:2021-07-23-10--16--33 anomallyFrameTracker resetted to 200
INFO:root:2021-07-23-10--16--33 Colour Conversion Completed
INFO:root:2021-07-23-10--16--33 Sleep Check Completed
INFO:root:2021-07-23-10--16--33 Frame manipulations completed
INFO:root:2021-07-23-10--16--33 Bounding Box Drawn
INFO:root:2021-07-23-10--16--33 MovingFrameQueue Popped
INFO:root:2021-07-23-10--16--33 anomallyFrameTracker resetted to 200
INFO:root:2021-07-23-10--16--33 Colour Conversion Completed
INFO:root:2021-07-23-10--16--33 Sleep Check Completed
INFO:root:2021-07-23-10--16--33 Frame manipulations completed
INFO:root:2021-07-23-10--16--33 Bounding Box Drawn
INFO:root:2021-07-23-10--16--33 MovingFrameQueue Appended
INFO:root:2021-07-23-10--16--33 anomallyFrameTracker resetted to 200
INFO:root:2021-07-23-10--16--33 Colour Conversion Completed
INFO:root:2021-07-23-10--16--33 Sleep Check Completed
INFO:root:2021-07-23-10--16--33 Frame manipulations completed
INFO:root:2021-07-23-10--16--33 Bounding Box Drawn
INFO:root:2021-07-23-10--16--33 MovingFrameQueue Popped
INFO:root:2021-07-23-10--16--33 anomallyFrameTracker resetted to 200
INFO:root:2021-07-23-10--16--34 Colour Conversion Completed
INFO:root:2021-07-23-10--16--34 Sleep Check Completed
INFO:root:2021-07-23-10--16--34 Frame manipulations completed
INFO:root:2021-07-23-10--16--34 Bounding Box Drawn
INFO:root:2021-07-23-10--16--34 MovingFrameQueue Appended
INFO:root:2021-07-23-10--16--34 anomallyFrameTracker resetted to 200
INFO:root:2021-07-23-10--16--34 Colour Conversion Completed
INFO:root:2021-07-23-10--16--34 Sleep Check Completed
INFO:root:2021-07-23-10--16--34 Frame manipulations completed
INFO:root:2021-07-23-10--16--34 Bounding Box Drawn
INFO:root:2021-07-23-10--16--34 MovingFrameQueue Popped
INFO:root:2021-07-23-10--16--34 anomallyFrameTracker resetted to 200
INFO:root:2021-07-23-10--16--34 Colour Conversion Completed
INFO:root:2021-07-23-10--16--34 Sleep Check Completed
INFO:root:2021-07-23-10--16--34 Frame manipulations completed
INFO:root:2021-07-23-10--16--34 Bounding Box Drawn
INFO:root:2021-07-23-10--16--34 MovingFrameQueue Appended
INFO:root:2021-07-23-10--16--34 anomallyFrameTracker resetted to 200
INFO:root:2021-07-23-10--16--34 Colour Conversion Completed
INFO:root:2021-07-23-10--16--34 Sleep Check Completed
INFO:root:2021-07-23-10--16--34 Frame manipulations completed
INFO:root:2021-07-23-10--16--34 Bounding Box Drawn
INFO:root:2021-07-23-10--16--34 MovingFrameQueue Popped
INFO:root:2021-07-23-10--16--34 anomallyFrameTracker resetted to 200
INFO:root:2021-07-23-10--16--34 Colour Conversion Completed
INFO:root:2021-07-23-10--16--34 Sleep Check Completed
INFO:root:2021-07-23-10--16--34 Frame manipulations completed
INFO:root:2021-07-23-10--16--34 Bounding Box Drawn
INFO:root:2021-07-23-10--16--34 MovingFrameQueue Appended
INFO:root:2021-07-23-10--16--34 anomallyFrameTracker resetted to 200
INFO:root:2021-07-23-10--16--34 Colour Conversion Completed
INFO:root:2021-07-23-10--16--34 Sleep Check Completed
INFO:root:2021-07-23-10--16--34 Frame manipulations completed
INFO:root:2021-07-23-10--16--34 Bounding Box Drawn
INFO:root:2021-07-23-10--16--34 MovingFrameQueue Popped
INFO:root:2021-07-23-10--16--34 anomallyFrameTracker resetted to 200
INFO:root:2021-07-23-10--16--34 Colour Conversion Completed
INFO:root:2021-07-23-10--16--34 Sleep Check Completed
INFO:root:2021-07-23-10--16--34 Frame manipulations completed
INFO:root:2021-07-23-10--16--34 Bounding Box Drawn
INFO:root:2021-07-23-10--16--34 MovingFrameQueue Appended
INFO:root:2021-07-23-10--16--34 anomallyFrameTracker resetted to 200
INFO:root:2021-07-23-10--16--34 Colour Conversion Completed
INFO:root:2021-07-23-10--16--34 Sleep Check Completed
INFO:root:2021-07-23-10--16--34 Frame manipulations completed
INFO:root:2021-07-23-10--16--34 Bounding Box Drawn
INFO:root:2021-07-23-10--16--34 MovingFrameQueue Popped
INFO:root:2021-07-23-10--16--34 anomallyFrameTracker resetted to 200
INFO:root:2021-07-23-10--16--34 Colour Conversion Completed
INFO:root:2021-07-23-10--16--34 Sleep Check Completed
INFO:root:2021-07-23-10--16--34 Frame manipulations completed
INFO:root:2021-07-23-10--16--34 Bounding Box Drawn
INFO:root:2021-07-23-10--16--35 MovingFrameQueue Appended
INFO:root:2021-07-23-10--16--35 anomallyFrameTracker resetted to 200
INFO:root:2021-07-23-10--16--35 Colour Conversion Completed
INFO:root:2021-07-23-10--16--35 Sleep Check Completed
INFO:root:2021-07-23-10--16--35 Frame manipulations completed
INFO:root:2021-07-23-10--16--35 Bounding Box Drawn
INFO:root:2021-07-23-10--16--35 MovingFrameQueue Popped
INFO:root:2021-07-23-10--16--35 anomallyFrameTracker resetted to 200
INFO:root:2021-07-23-10--16--35 Colour Conversion Completed
INFO:root:2021-07-23-10--16--35 Sleep Check Completed
INFO:root:2021-07-23-10--16--35 Frame manipulations completed
INFO:root:2021-07-23-10--16--35 Bounding Box Drawn
INFO:root:2021-07-23-10--16--35 MovingFrameQueue Appended
INFO:root:2021-07-23-10--16--35 anomallyFrameTracker resetted to 200
INFO:root:2021-07-23-10--16--35 Colour Conversion Completed
INFO:root:2021-07-23-10--16--35 Sleep Check Completed
INFO:root:2021-07-23-10--16--35 Frame manipulations completed
INFO:root:2021-07-23-10--16--35 Bounding Box Drawn
INFO:root:2021-07-23-10--16--35 MovingFrameQueue Popped
INFO:root:2021-07-23-10--16--35 anomallyFrameTracker resetted to 200
INFO:root:2021-07-23-10--16--35 Colour Conversion Completed
INFO:root:2021-07-23-10--16--35 Sleep Check Completed
INFO:root:2021-07-23-10--16--35 Frame manipulations completed
INFO:root:2021-07-23-10--16--35 Bounding Box Drawn
INFO:root:2021-07-23-10--16--35 MovingFrameQueue Appended
INFO:root:2021-07-23-10--16--35 anomallyFrameTracker resetted to 200
INFO:root:2021-07-23-10--16--35 Colour Conversion Completed
INFO:root:2021-07-23-10--16--35 Sleep Check Completed
INFO:root:2021-07-23-10--16--35 Frame manipulations completed
INFO:root:2021-07-23-10--16--35 Bounding Box Drawn
INFO:root:2021-07-23-10--16--35 MovingFrameQueue Popped
INFO:root:2021-07-23-10--16--35 anomallyFrameTracker resetted to 200
INFO:root:2021-07-23-10--16--35 Colour Conversion Completed
INFO:root:2021-07-23-10--16--35 Sleep Check Completed
INFO:root:2021-07-23-10--16--35 Frame manipulations completed
INFO:root:2021-07-23-10--16--35 Bounding Box Drawn
INFO:root:2021-07-23-10--16--35 MovingFrameQueue Appended
INFO:root:2021-07-23-10--16--35 anomallyFrameTracker resetted to 200
INFO:root:2021-07-23-10--16--35 Colour Conversion Completed
INFO:root:2021-07-23-10--16--35 Sleep Check Completed
INFO:root:2021-07-23-10--16--35 Frame manipulations completed
INFO:root:2021-07-23-10--16--35 Bounding Box Drawn
INFO:root:2021-07-23-10--16--35 MovingFrameQueue Popped
INFO:root:2021-07-23-10--16--35 anomallyFrameTracker resetted to 200
INFO:root:2021-07-23-10--16--35 Colour Conversion Completed
INFO:root:2021-07-23-10--16--35 Sleep Check Completed
INFO:root:2021-07-23-10--16--35 Frame manipulations completed
INFO:root:2021-07-23-10--16--35 Bounding Box Drawn
INFO:root:2021-07-23-10--16--35 MovingFrameQueue Appended
INFO:root:2021-07-23-10--16--35 anomallyFrameTracker resetted to 200
