INFO:root:2021-07-21-11--15--26 Parameter Generation Success
INFO:root:2021-07-21-11--15--26 Colour Conversion Completed
INFO:root:2021-07-21-11--15--26 Sleep Check Completed
INFO:root:2021-07-21-11--15--26 Frame manipulations completed
INFO:root:2021-07-21-11--15--26 Bounding Box Drawn
INFO:root:2021-07-21-11--15--32 MovingFrameQueue Appended
INFO:root:2021-07-21-11--15--32 anomallyFrameTracker resetted to 200
INFO:root:2021-07-21-11--15--32 Colour Conversion Completed
INFO:root:2021-07-21-11--15--32 Sleep Check Completed
INFO:root:2021-07-21-11--15--32 Frame manipulations completed
INFO:root:2021-07-21-11--15--32 Bounding Box Drawn
INFO:root:2021-07-21-11--15--32 MovingFrameQueue Appended
INFO:root:2021-07-21-11--15--32 Anomally Detected, starting call for more frames
INFO:root:2021-07-21-11--15--32 anomallyFrameTracker resetted to 200
INFO:root:2021-07-21-11--15--32 Colour Conversion Completed
INFO:root:2021-07-21-11--15--32 Sleep Check Completed
INFO:root:2021-07-21-11--15--32 Frame manipulations completed
INFO:root:2021-07-21-11--15--32 Bounding Box Drawn
INFO:root:2021-07-21-11--15--32 MovingFrameQueue Appended
INFO:root:2021-07-21-11--15--32 Anomally Detected, starting call for more frames
INFO:root:2021-07-21-11--15--32 anomallyFrameTracker resetted to 200
INFO:root:2021-07-21-11--15--32 Colour Conversion Completed
INFO:root:2021-07-21-11--15--32 Sleep Check Completed
INFO:root:2021-07-21-11--15--32 Frame manipulations completed
INFO:root:2021-07-21-11--15--32 Bounding Box Drawn
INFO:root:2021-07-21-11--15--32 MovingFrameQueue Appended
INFO:root:2021-07-21-11--15--32 Anomally Detected, starting call for more frames
INFO:root:2021-07-21-11--15--32 anomallyFrameTracker resetted to 200
INFO:root:2021-07-21-11--15--32 Colour Conversion Completed
INFO:root:2021-07-21-11--15--32 Sleep Check Completed
INFO:root:2021-07-21-11--15--32 Frame manipulations completed
INFO:root:2021-07-21-11--15--32 Bounding Box Drawn
INFO:root:2021-07-21-11--15--33 MovingFrameQueue Appended
INFO:root:2021-07-21-11--15--33 Anomally Detected, starting call for more frames
INFO:root:2021-07-21-11--15--33 anomallyFrameTracker resetted to 200
INFO:root:2021-07-21-11--15--33 Colour Conversion Completed
INFO:root:2021-07-21-11--15--33 Sleep Check Completed
INFO:root:2021-07-21-11--15--33 Frame manipulations completed
INFO:root:2021-07-21-11--15--33 Bounding Box Drawn
INFO:root:2021-07-21-11--15--33 MovingFrameQueue Appended
INFO:root:2021-07-21-11--15--33 Anomally Detected, starting call for more frames
INFO:root:2021-07-21-11--15--33 anomallyFrameTracker resetted to 200
INFO:root:2021-07-21-11--15--33 Colour Conversion Completed
INFO:root:2021-07-21-11--15--33 Sleep Check Completed
INFO:root:2021-07-21-11--15--33 Frame manipulations completed
INFO:root:2021-07-21-11--15--33 Bounding Box Drawn
INFO:root:2021-07-21-11--15--33 MovingFrameQueue Appended
INFO:root:2021-07-21-11--15--33 Anomally Detected, starting call for more frames
INFO:root:2021-07-21-11--15--33 anomallyFrameTracker resetted to 200
INFO:root:2021-07-21-11--15--33 Colour Conversion Completed
INFO:root:2021-07-21-11--15--33 Sleep Check Completed
INFO:root:2021-07-21-11--15--33 Frame manipulations completed
INFO:root:2021-07-21-11--15--33 Bounding Box Drawn
INFO:root:2021-07-21-11--15--33 MovingFrameQueue Appended
INFO:root:2021-07-21-11--15--33 Anomally Detected, starting call for more frames
INFO:root:2021-07-21-11--15--33 anomallyFrameTracker resetted to 200
INFO:root:2021-07-21-11--15--33 Colour Conversion Completed
INFO:root:2021-07-21-11--15--33 Sleep Check Completed
INFO:root:2021-07-21-11--15--33 Frame manipulations completed
INFO:root:2021-07-21-11--15--33 Bounding Box Drawn
INFO:root:2021-07-21-11--15--33 MovingFrameQueue Appended
INFO:root:2021-07-21-11--15--33 Anomally Detected, starting call for more frames
INFO:root:2021-07-21-11--15--33 anomallyFrameTracker resetted to 200
INFO:root:2021-07-21-11--15--33 Colour Conversion Completed
INFO:root:2021-07-21-11--15--33 Sleep Check Completed
INFO:root:2021-07-21-11--15--33 Frame manipulations completed
INFO:root:2021-07-21-11--15--33 Bounding Box Drawn
INFO:root:2021-07-21-11--15--33 MovingFrameQueue Appended
INFO:root:2021-07-21-11--15--33 Anomally Detected, starting call for more frames
INFO:root:2021-07-21-11--15--33 anomallyFrameTracker resetted to 200
INFO:root:2021-07-21-11--15--33 Colour Conversion Completed
INFO:root:2021-07-21-11--15--34 Sleep Check Completed
INFO:root:2021-07-21-11--15--34 Frame manipulations completed
INFO:root:2021-07-21-11--15--34 Bounding Box Drawn
INFO:root:2021-07-21-11--15--34 MovingFrameQueue Appended
INFO:root:2021-07-21-11--15--34 Anomally Detected, starting call for more frames
INFO:root:2021-07-21-11--15--34 anomallyFrameTracker resetted to 200
INFO:root:2021-07-21-11--15--34 Colour Conversion Completed
INFO:root:2021-07-21-11--15--34 Sleep Check Completed
INFO:root:2021-07-21-11--15--34 Frame manipulations completed
INFO:root:2021-07-21-11--15--34 Bounding Box Drawn
INFO:root:2021-07-21-11--15--34 MovingFrameQueue Appended
INFO:root:2021-07-21-11--15--34 Anomally Detected, starting call for more frames
INFO:root:2021-07-21-11--15--34 anomallyFrameTracker resetted to 200
INFO:root:2021-07-21-11--15--34 Colour Conversion Completed
INFO:root:2021-07-21-11--15--34 Sleep Check Completed
INFO:root:2021-07-21-11--15--34 Frame manipulations completed
INFO:root:2021-07-21-11--15--34 Bounding Box Drawn
INFO:root:2021-07-21-11--15--34 MovingFrameQueue Appended
INFO:root:2021-07-21-11--15--34 Anomally Detected, starting call for more frames
INFO:root:2021-07-21-11--15--34 anomallyFrameTracker resetted to 200
INFO:root:2021-07-21-11--15--34 Colour Conversion Completed
INFO:root:2021-07-21-11--15--34 Sleep Check Completed
INFO:root:2021-07-21-11--15--34 Frame manipulations completed
INFO:root:2021-07-21-11--15--34 Bounding Box Drawn
INFO:root:2021-07-21-11--15--34 MovingFrameQueue Appended
INFO:root:2021-07-21-11--15--34 Anomally Detected, starting call for more frames
INFO:root:2021-07-21-11--15--34 anomallyFrameTracker resetted to 200
INFO:root:2021-07-21-11--15--34 Colour Conversion Completed
INFO:root:2021-07-21-11--15--34 Sleep Check Completed
INFO:root:2021-07-21-11--15--34 Frame manipulations completed
INFO:root:2021-07-21-11--15--34 Bounding Box Drawn
INFO:root:2021-07-21-11--15--34 MovingFrameQueue Appended
INFO:root:2021-07-21-11--15--34 Anomally Detected, starting call for more frames
INFO:root:2021-07-21-11--15--34 anomallyFrameTracker resetted to 200
INFO:root:2021-07-21-11--15--34 Colour Conversion Completed
INFO:root:2021-07-21-11--15--34 Sleep Check Completed
INFO:root:2021-07-21-11--15--34 Frame manipulations completed
INFO:root:2021-07-21-11--15--34 Bounding Box Drawn
INFO:root:2021-07-21-11--15--35 MovingFrameQueue Appended
INFO:root:2021-07-21-11--15--35 Anomally Detected, starting call for more frames
INFO:root:2021-07-21-11--15--35 anomallyFrameTracker resetted to 200
INFO:root:2021-07-21-11--15--35 Colour Conversion Completed
INFO:root:2021-07-21-11--15--35 Sleep Check Completed
INFO:root:2021-07-21-11--15--35 Frame manipulations completed
INFO:root:2021-07-21-11--15--35 Bounding Box Drawn
INFO:root:2021-07-21-11--15--35 MovingFrameQueue Appended
INFO:root:2021-07-21-11--15--35 Anomally Detected, starting call for more frames
INFO:root:2021-07-21-11--15--35 anomallyFrameTracker resetted to 200
INFO:root:2021-07-21-11--15--35 Colour Conversion Completed
INFO:root:2021-07-21-11--15--35 Sleep Check Completed
INFO:root:2021-07-21-11--15--35 Frame manipulations completed
INFO:root:2021-07-21-11--15--35 Bounding Box Drawn
INFO:root:2021-07-21-11--15--35 MovingFrameQueue Appended
INFO:root:2021-07-21-11--15--35 Anomally Detected, starting call for more frames
INFO:root:2021-07-21-11--15--35 anomallyFrameTracker resetted to 200
INFO:root:2021-07-21-11--15--35 Colour Conversion Completed
INFO:root:2021-07-21-11--15--35 Sleep Check Completed
INFO:root:2021-07-21-11--15--35 Frame manipulations completed
INFO:root:2021-07-21-11--15--35 Bounding Box Drawn
INFO:root:2021-07-21-11--15--35 MovingFrameQueue Appended
INFO:root:2021-07-21-11--15--35 Anomally Detected, starting call for more frames
INFO:root:2021-07-21-11--15--35 anomallyFrameTracker resetted to 200
INFO:root:2021-07-21-11--15--35 Colour Conversion Completed
INFO:root:2021-07-21-11--15--35 Sleep Check Completed
INFO:root:2021-07-21-11--15--35 Frame manipulations completed
INFO:root:2021-07-21-11--15--35 Bounding Box Drawn
INFO:root:2021-07-21-11--15--35 MovingFrameQueue Appended
INFO:root:2021-07-21-11--15--35 Anomally Detected, starting call for more frames
INFO:root:2021-07-21-11--15--35 anomallyFrameTracker resetted to 200
INFO:root:2021-07-21-11--15--35 Colour Conversion Completed
INFO:root:2021-07-21-11--15--35 Sleep Check Completed
INFO:root:2021-07-21-11--15--35 Frame manipulations completed
INFO:root:2021-07-21-11--15--35 Bounding Box Drawn
INFO:root:2021-07-21-11--15--35 MovingFrameQueue Appended
INFO:root:2021-07-21-11--15--35 Anomally Detected, starting call for more frames
INFO:root:2021-07-21-11--15--35 anomallyFrameTracker resetted to 200
INFO:root:2021-07-21-11--15--35 Colour Conversion Completed
INFO:root:2021-07-21-11--15--35 Sleep Check Completed
INFO:root:2021-07-21-11--15--35 Frame manipulations completed
INFO:root:2021-07-21-11--15--35 Bounding Box Drawn
INFO:root:2021-07-21-11--15--35 MovingFrameQueue Appended
INFO:root:2021-07-21-11--15--35 Anomally Detected, starting call for more frames
INFO:root:2021-07-21-11--15--35 anomallyFrameTracker resetted to 200
INFO:root:2021-07-21-11--15--35 Colour Conversion Completed
INFO:root:2021-07-21-11--15--35 Sleep Check Completed
INFO:root:2021-07-21-11--15--35 Frame manipulations completed
INFO:root:2021-07-21-11--15--35 Bounding Box Drawn
INFO:root:2021-07-21-11--15--36 MovingFrameQueue Appended
INFO:root:2021-07-21-11--15--36 Anomally Detected, starting call for more frames
INFO:root:2021-07-21-11--15--36 anomallyFrameTracker resetted to 200
INFO:root:2021-07-21-11--15--36 Colour Conversion Completed
INFO:root:2021-07-21-11--15--36 Sleep Check Completed
INFO:root:2021-07-21-11--15--36 Frame manipulations completed
INFO:root:2021-07-21-11--15--36 Bounding Box Drawn
INFO:root:2021-07-21-11--15--36 MovingFrameQueue Appended
INFO:root:2021-07-21-11--15--36 Anomally Detected, starting call for more frames
INFO:root:2021-07-21-11--15--36 anomallyFrameTracker resetted to 200
INFO:root:2021-07-21-11--15--36 Colour Conversion Completed
INFO:root:2021-07-21-11--15--36 Sleep Check Completed
INFO:root:2021-07-21-11--15--36 Frame manipulations completed
INFO:root:2021-07-21-11--15--36 Bounding Box Drawn
INFO:root:2021-07-21-11--15--36 MovingFrameQueue Appended
INFO:root:2021-07-21-11--15--36 Anomally Detected, starting call for more frames
INFO:root:2021-07-21-11--15--36 anomallyFrameTracker resetted to 200
INFO:root:2021-07-21-11--15--36 Colour Conversion Completed
INFO:root:2021-07-21-11--15--36 Sleep Check Completed
INFO:root:2021-07-21-11--15--36 Frame manipulations completed
INFO:root:2021-07-21-11--15--36 Bounding Box Drawn
INFO:root:2021-07-21-11--15--36 MovingFrameQueue Appended
INFO:root:2021-07-21-11--15--36 Anomally Detected, starting call for more frames
INFO:root:2021-07-21-11--15--36 anomallyFrameTracker resetted to 200
INFO:root:2021-07-21-11--15--36 Colour Conversion Completed
INFO:root:2021-07-21-11--15--36 Sleep Check Completed
INFO:root:2021-07-21-11--15--36 Frame manipulations completed
INFO:root:2021-07-21-11--15--36 Bounding Box Drawn
INFO:root:2021-07-21-11--15--36 MovingFrameQueue Appended
INFO:root:2021-07-21-11--15--36 Anomally Detected, starting call for more frames
INFO:root:2021-07-21-11--15--36 anomallyFrameTracker resetted to 200
INFO:root:2021-07-21-11--15--36 Colour Conversion Completed
INFO:root:2021-07-21-11--15--36 Sleep Check Completed
INFO:root:2021-07-21-11--15--36 Frame manipulations completed
INFO:root:2021-07-21-11--15--36 Bounding Box Drawn
INFO:root:2021-07-21-11--15--37 MovingFrameQueue Appended
INFO:root:2021-07-21-11--15--37 Anomally Detected, starting call for more frames
INFO:root:2021-07-21-11--15--37 anomallyFrameTracker resetted to 200
INFO:root:2021-07-21-11--15--37 Colour Conversion Completed
INFO:root:2021-07-21-11--15--37 Sleep Check Completed
INFO:root:2021-07-21-11--15--37 Frame manipulations completed
INFO:root:2021-07-21-11--15--37 Bounding Box Drawn
INFO:root:2021-07-21-11--15--37 MovingFrameQueue Appended
INFO:root:2021-07-21-11--15--37 Anomally Detected, starting call for more frames
INFO:root:2021-07-21-11--15--37 anomallyFrameTracker resetted to 200
INFO:root:2021-07-21-11--15--37 Colour Conversion Completed
INFO:root:2021-07-21-11--15--37 Sleep Check Completed
INFO:root:2021-07-21-11--15--37 Frame manipulations completed
INFO:root:2021-07-21-11--15--37 Bounding Box Drawn
INFO:root:2021-07-21-11--15--37 MovingFrameQueue Appended
INFO:root:2021-07-21-11--15--37 Anomally Detected, starting call for more frames
INFO:root:2021-07-21-11--15--37 anomallyFrameTracker resetted to 200
INFO:root:2021-07-21-11--15--37 Colour Conversion Completed
INFO:root:2021-07-21-11--15--37 Sleep Check Completed
INFO:root:2021-07-21-11--15--37 Frame manipulations completed
INFO:root:2021-07-21-11--15--37 Bounding Box Drawn
INFO:root:2021-07-21-11--15--37 MovingFrameQueue Appended
INFO:root:2021-07-21-11--15--37 Anomally Detected, starting call for more frames
INFO:root:2021-07-21-11--15--37 anomallyFrameTracker resetted to 200
INFO:root:2021-07-21-11--15--37 Colour Conversion Completed
INFO:root:2021-07-21-11--15--37 Sleep Check Completed
INFO:root:2021-07-21-11--15--37 Frame manipulations completed
INFO:root:2021-07-21-11--15--37 Bounding Box Drawn
INFO:root:2021-07-21-11--15--37 MovingFrameQueue Appended
INFO:root:2021-07-21-11--15--37 Anomally Detected, starting call for more frames
INFO:root:2021-07-21-11--15--37 anomallyFrameTracker resetted to 200
INFO:root:2021-07-21-11--15--37 Colour Conversion Completed
INFO:root:2021-07-21-11--15--37 Sleep Check Completed
INFO:root:2021-07-21-11--15--37 Frame manipulations completed
INFO:root:2021-07-21-11--15--37 Bounding Box Drawn
INFO:root:2021-07-21-11--15--38 MovingFrameQueue Appended
INFO:root:2021-07-21-11--15--38 Anomally Detected, starting call for more frames
INFO:root:2021-07-21-11--15--38 anomallyFrameTracker resetted to 200
INFO:root:2021-07-21-11--15--38 Colour Conversion Completed
INFO:root:2021-07-21-11--15--38 Sleep Check Completed
INFO:root:2021-07-21-11--15--38 Frame manipulations completed
INFO:root:2021-07-21-11--15--38 Bounding Box Drawn
INFO:root:2021-07-21-11--15--38 MovingFrameQueue Appended
INFO:root:2021-07-21-11--15--38 Anomally Detected, starting call for more frames
INFO:root:2021-07-21-11--15--38 anomallyFrameTracker resetted to 200
INFO:root:2021-07-21-11--15--38 Colour Conversion Completed
INFO:root:2021-07-21-11--15--38 Sleep Check Completed
INFO:root:2021-07-21-11--15--38 Frame manipulations completed
INFO:root:2021-07-21-11--15--38 Bounding Box Drawn
INFO:root:2021-07-21-11--15--38 MovingFrameQueue Appended
INFO:root:2021-07-21-11--15--38 Anomally Detected, starting call for more frames
INFO:root:2021-07-21-11--15--38 anomallyFrameTracker resetted to 200
INFO:root:2021-07-21-11--15--38 Colour Conversion Completed
INFO:root:2021-07-21-11--15--38 Sleep Check Completed
INFO:root:2021-07-21-11--15--38 Frame manipulations completed
INFO:root:2021-07-21-11--15--38 Bounding Box Drawn
INFO:root:2021-07-21-11--15--38 MovingFrameQueue Appended
INFO:root:2021-07-21-11--15--38 Anomally Detected, starting call for more frames
INFO:root:2021-07-21-11--15--38 anomallyFrameTracker resetted to 200
INFO:root:2021-07-21-11--15--38 Colour Conversion Completed
INFO:root:2021-07-21-11--15--38 Sleep Check Completed
INFO:root:2021-07-21-11--15--38 Frame manipulations completed
INFO:root:2021-07-21-11--15--38 Bounding Box Drawn
INFO:root:2021-07-21-11--15--38 MovingFrameQueue Appended
INFO:root:2021-07-21-11--15--38 Anomally Detected, starting call for more frames
INFO:root:2021-07-21-11--15--38 anomallyFrameTracker resetted to 200
INFO:root:2021-07-21-11--15--38 Colour Conversion Completed
INFO:root:2021-07-21-11--15--38 Sleep Check Completed
INFO:root:2021-07-21-11--15--38 Frame manipulations completed
INFO:root:2021-07-21-11--15--38 Bounding Box Drawn
INFO:root:2021-07-21-11--15--39 MovingFrameQueue Appended
INFO:root:2021-07-21-11--15--39 Anomally Detected, starting call for more frames
INFO:root:2021-07-21-11--15--39 anomallyFrameTracker resetted to 200
INFO:root:2021-07-21-11--15--39 Colour Conversion Completed
INFO:root:2021-07-21-11--15--39 Sleep Check Completed
INFO:root:2021-07-21-11--15--39 Frame manipulations completed
INFO:root:2021-07-21-11--15--39 Bounding Box Drawn
INFO:root:2021-07-21-11--15--39 MovingFrameQueue Appended
INFO:root:2021-07-21-11--15--39 Anomally Detected, starting call for more frames
INFO:root:2021-07-21-11--15--39 anomallyFrameTracker resetted to 200
INFO:root:2021-07-21-11--15--39 Colour Conversion Completed
INFO:root:2021-07-21-11--15--39 Sleep Check Completed
INFO:root:2021-07-21-11--15--39 Frame manipulations completed
INFO:root:2021-07-21-11--15--39 Bounding Box Drawn
INFO:root:2021-07-21-11--15--39 MovingFrameQueue Appended
INFO:root:2021-07-21-11--15--39 Anomally Detected, starting call for more frames
INFO:root:2021-07-21-11--15--39 anomallyFrameTracker resetted to 200
INFO:root:2021-07-21-11--15--39 Colour Conversion Completed
INFO:root:2021-07-21-11--15--39 Sleep Check Completed
INFO:root:2021-07-21-11--15--39 Frame manipulations completed
INFO:root:2021-07-21-11--15--39 Bounding Box Drawn
INFO:root:2021-07-21-11--15--39 MovingFrameQueue Appended
INFO:root:2021-07-21-11--15--39 Anomally Detected, starting call for more frames
INFO:root:2021-07-21-11--15--39 anomallyFrameTracker resetted to 200
INFO:root:2021-07-21-11--15--39 Colour Conversion Completed
INFO:root:2021-07-21-11--15--39 Sleep Check Completed
INFO:root:2021-07-21-11--15--39 Frame manipulations completed
INFO:root:2021-07-21-11--15--39 Bounding Box Drawn
INFO:root:2021-07-21-11--15--39 MovingFrameQueue Appended
INFO:root:2021-07-21-11--15--39 Anomally Detected, starting call for more frames
INFO:root:2021-07-21-11--15--39 anomallyFrameTracker resetted to 200
INFO:root:2021-07-21-11--15--39 Colour Conversion Completed
INFO:root:2021-07-21-11--15--39 Sleep Check Completed
INFO:root:2021-07-21-11--15--39 Frame manipulations completed
INFO:root:2021-07-21-11--15--39 Bounding Box Drawn
INFO:root:2021-07-21-11--15--39 MovingFrameQueue Appended
INFO:root:2021-07-21-11--15--39 Anomally Detected, starting call for more frames
INFO:root:2021-07-21-11--15--39 anomallyFrameTracker resetted to 200
INFO:root:2021-07-21-11--15--39 Colour Conversion Completed
INFO:root:2021-07-21-11--15--39 Sleep Check Completed
INFO:root:2021-07-21-11--15--39 Frame manipulations completed
INFO:root:2021-07-21-11--15--39 Bounding Box Drawn
INFO:root:2021-07-21-11--15--40 MovingFrameQueue Appended
INFO:root:2021-07-21-11--15--40 Anomally Detected, starting call for more frames
INFO:root:2021-07-21-11--15--40 anomallyFrameTracker resetted to 200
INFO:root:2021-07-21-11--15--40 Colour Conversion Completed
INFO:root:2021-07-21-11--15--40 Sleep Check Completed
INFO:root:2021-07-21-11--15--40 Frame manipulations completed
INFO:root:2021-07-21-11--15--40 Bounding Box Drawn
INFO:root:2021-07-21-11--15--40 MovingFrameQueue Appended
INFO:root:2021-07-21-11--15--40 Anomally Detected, starting call for more frames
INFO:root:2021-07-21-11--15--40 anomallyFrameTracker resetted to 200
INFO:root:2021-07-21-11--15--40 Colour Conversion Completed
INFO:root:2021-07-21-11--15--40 Sleep Check Completed
INFO:root:2021-07-21-11--15--40 Frame manipulations completed
INFO:root:2021-07-21-11--15--40 Bounding Box Drawn
INFO:root:2021-07-21-11--15--40 MovingFrameQueue Appended
INFO:root:2021-07-21-11--15--40 Anomally Detected, starting call for more frames
INFO:root:2021-07-21-11--15--40 anomallyFrameTracker resetted to 200
INFO:root:2021-07-21-11--15--40 Colour Conversion Completed
INFO:root:2021-07-21-11--15--40 Sleep Check Completed
INFO:root:2021-07-21-11--15--40 Frame manipulations completed
INFO:root:2021-07-21-11--15--40 Bounding Box Drawn
INFO:root:2021-07-21-11--15--40 MovingFrameQueue Appended
INFO:root:2021-07-21-11--15--40 Anomally Detected, starting call for more frames
INFO:root:2021-07-21-11--15--40 anomallyFrameTracker resetted to 200
INFO:root:2021-07-21-11--15--40 Colour Conversion Completed
INFO:root:2021-07-21-11--15--40 Sleep Check Completed
INFO:root:2021-07-21-11--15--40 Frame manipulations completed
INFO:root:2021-07-21-11--15--40 Bounding Box Drawn
INFO:root:2021-07-21-11--15--40 MovingFrameQueue Appended
INFO:root:2021-07-21-11--15--40 Anomally Detected, starting call for more frames
INFO:root:2021-07-21-11--15--40 anomallyFrameTracker resetted to 200
INFO:root:2021-07-21-11--15--40 Colour Conversion Completed
INFO:root:2021-07-21-11--15--40 Sleep Check Completed
INFO:root:2021-07-21-11--15--40 Frame manipulations completed
INFO:root:2021-07-21-11--15--40 Bounding Box Drawn
INFO:root:2021-07-21-11--15--40 MovingFrameQueue Appended
INFO:root:2021-07-21-11--15--40 Anomally Detected, starting call for more frames
INFO:root:2021-07-21-11--15--40 anomallyFrameTracker resetted to 200
INFO:root:2021-07-21-11--15--40 Colour Conversion Completed
INFO:root:2021-07-21-11--15--40 Sleep Check Completed
INFO:root:2021-07-21-11--15--40 Frame manipulations completed
INFO:root:2021-07-21-11--15--40 Bounding Box Drawn
INFO:root:2021-07-21-11--15--41 MovingFrameQueue Appended
INFO:root:2021-07-21-11--15--41 Anomally Detected, starting call for more frames
INFO:root:2021-07-21-11--15--41 anomallyFrameTracker resetted to 200
INFO:root:2021-07-21-11--15--41 Colour Conversion Completed
INFO:root:2021-07-21-11--15--41 Sleep Check Completed
INFO:root:2021-07-21-11--15--41 Frame manipulations completed
INFO:root:2021-07-21-11--15--41 Bounding Box Drawn
INFO:root:2021-07-21-11--15--41 MovingFrameQueue Appended
INFO:root:2021-07-21-11--15--41 Anomally Detected, starting call for more frames
INFO:root:2021-07-21-11--15--41 anomallyFrameTracker resetted to 200
INFO:root:2021-07-21-11--15--41 Getting Auth Token Success
INFO:root:2021-07-21-11--15--42 Anomalous Detection Video Upload Completed
INFO:root:2021-07-21-11--15--42 Colour Conversion Completed
INFO:root:2021-07-21-11--15--42 Sleep Check Completed
INFO:root:2021-07-21-11--15--42 Frame manipulations completed
INFO:root:2021-07-21-11--15--42 Bounding Box Drawn
INFO:root:2021-07-21-11--15--42 MovingFrameQueue Popped
INFO:root:2021-07-21-11--15--42 Anomally Detected, starting call for more frames
INFO:root:2021-07-21-11--15--42 anomallyFrameTracker resetted to 200
INFO:root:2021-07-21-11--15--42 Colour Conversion Completed
INFO:root:2021-07-21-11--15--42 Sleep Check Completed
INFO:root:2021-07-21-11--15--42 Frame manipulations completed
INFO:root:2021-07-21-11--15--42 Bounding Box Drawn
INFO:root:2021-07-21-11--15--42 MovingFrameQueue Appended
INFO:root:2021-07-21-11--15--42 Anomally Detected, starting call for more frames
INFO:root:2021-07-21-11--15--42 anomallyFrameTracker resetted to 200
INFO:root:2021-07-21-11--15--42 Colour Conversion Completed
INFO:root:2021-07-21-11--15--42 Sleep Check Completed
INFO:root:2021-07-21-11--15--42 Frame manipulations completed
INFO:root:2021-07-21-11--15--42 Bounding Box Drawn
INFO:root:2021-07-21-11--15--42 MovingFrameQueue Popped
INFO:root:2021-07-21-11--15--42 Anomally Detected, starting call for more frames
INFO:root:2021-07-21-11--15--42 anomallyFrameTracker resetted to 200
INFO:root:2021-07-21-11--15--42 Colour Conversion Completed
INFO:root:2021-07-21-11--15--42 Sleep Check Completed
INFO:root:2021-07-21-11--15--42 Frame manipulations completed
INFO:root:2021-07-21-11--15--42 Bounding Box Drawn
INFO:root:2021-07-21-11--15--42 MovingFrameQueue Appended
INFO:root:2021-07-21-11--15--42 Anomally Detected, starting call for more frames
INFO:root:2021-07-21-11--15--42 anomallyFrameTracker resetted to 200
INFO:root:2021-07-21-11--15--42 Colour Conversion Completed
INFO:root:2021-07-21-11--15--42 Sleep Check Completed
INFO:root:2021-07-21-11--15--42 Frame manipulations completed
INFO:root:2021-07-21-11--15--42 Bounding Box Drawn
INFO:root:2021-07-21-11--15--42 MovingFrameQueue Popped
INFO:root:2021-07-21-11--15--42 Anomally Detected, starting call for more frames
INFO:root:2021-07-21-11--15--42 anomallyFrameTracker resetted to 200
INFO:root:2021-07-21-11--15--42 Colour Conversion Completed
INFO:root:2021-07-21-11--15--42 Sleep Check Completed
INFO:root:2021-07-21-11--15--42 Frame manipulations completed
INFO:root:2021-07-21-11--15--42 Bounding Box Drawn
INFO:root:2021-07-21-11--15--43 MovingFrameQueue Appended
INFO:root:2021-07-21-11--15--43 Anomally Detected, starting call for more frames
INFO:root:2021-07-21-11--15--43 anomallyFrameTracker resetted to 200
INFO:root:2021-07-21-11--15--43 Colour Conversion Completed
INFO:root:2021-07-21-11--15--43 Sleep Check Completed
INFO:root:2021-07-21-11--15--43 Frame manipulations completed
INFO:root:2021-07-21-11--15--43 Bounding Box Drawn
INFO:root:2021-07-21-11--15--43 MovingFrameQueue Popped
INFO:root:2021-07-21-11--15--43 Anomally Detected, starting call for more frames
INFO:root:2021-07-21-11--15--43 anomallyFrameTracker resetted to 200
INFO:root:2021-07-21-11--15--43 Colour Conversion Completed
INFO:root:2021-07-21-11--15--43 Sleep Check Completed
INFO:root:2021-07-21-11--15--43 Frame manipulations completed
INFO:root:2021-07-21-11--15--43 Bounding Box Drawn
INFO:root:2021-07-21-11--15--43 MovingFrameQueue Appended
INFO:root:2021-07-21-11--15--43 Anomally Detected, starting call for more frames
INFO:root:2021-07-21-11--15--43 anomallyFrameTracker resetted to 200
INFO:root:2021-07-21-11--15--43 Colour Conversion Completed
INFO:root:2021-07-21-11--15--43 Sleep Check Completed
INFO:root:2021-07-21-11--15--43 Frame manipulations completed
INFO:root:2021-07-21-11--15--43 Bounding Box Drawn
INFO:root:2021-07-21-11--15--43 MovingFrameQueue Popped
INFO:root:2021-07-21-11--15--43 Anomally Detected, starting call for more frames
INFO:root:2021-07-21-11--15--43 anomallyFrameTracker resetted to 200
INFO:root:2021-07-21-11--15--43 Colour Conversion Completed
INFO:root:2021-07-21-11--15--43 Sleep Check Completed
INFO:root:2021-07-21-11--15--43 Frame manipulations completed
INFO:root:2021-07-21-11--15--43 Bounding Box Drawn
INFO:root:2021-07-21-11--15--43 MovingFrameQueue Appended
INFO:root:2021-07-21-11--15--43 Anomally Detected, starting call for more frames
INFO:root:2021-07-21-11--15--43 anomallyFrameTracker resetted to 200
INFO:root:2021-07-21-11--15--43 Colour Conversion Completed
INFO:root:2021-07-21-11--15--43 Sleep Check Completed
INFO:root:2021-07-21-11--15--43 Frame manipulations completed
INFO:root:2021-07-21-11--15--43 Bounding Box Drawn
INFO:root:2021-07-21-11--15--43 MovingFrameQueue Popped
INFO:root:2021-07-21-11--15--43 Anomally Detected, starting call for more frames
INFO:root:2021-07-21-11--15--43 anomallyFrameTracker resetted to 200
INFO:root:2021-07-21-11--15--43 Colour Conversion Completed
INFO:root:2021-07-21-11--15--43 Sleep Check Completed
INFO:root:2021-07-21-11--15--43 Frame manipulations completed
INFO:root:2021-07-21-11--15--43 Bounding Box Drawn
INFO:root:2021-07-21-11--15--44 MovingFrameQueue Appended
INFO:root:2021-07-21-11--15--44 Anomally Detected, starting call for more frames
INFO:root:2021-07-21-11--15--44 anomallyFrameTracker resetted to 200
INFO:root:2021-07-21-11--15--44 Colour Conversion Completed
INFO:root:2021-07-21-11--15--44 Sleep Check Completed
INFO:root:2021-07-21-11--15--44 Frame manipulations completed
INFO:root:2021-07-21-11--15--44 Bounding Box Drawn
INFO:root:2021-07-21-11--15--44 MovingFrameQueue Popped
INFO:root:2021-07-21-11--15--44 Anomally Detected, starting call for more frames
INFO:root:2021-07-21-11--15--44 anomallyFrameTracker resetted to 200
INFO:root:2021-07-21-11--15--44 Colour Conversion Completed
INFO:root:2021-07-21-11--15--44 Sleep Check Completed
INFO:root:2021-07-21-11--15--44 Frame manipulations completed
INFO:root:2021-07-21-11--15--44 Bounding Box Drawn
INFO:root:2021-07-21-11--15--44 MovingFrameQueue Appended
INFO:root:2021-07-21-11--15--44 Anomally Detected, starting call for more frames
INFO:root:2021-07-21-11--15--44 anomallyFrameTracker resetted to 200
INFO:root:2021-07-21-11--15--44 Colour Conversion Completed
INFO:root:2021-07-21-11--15--44 Sleep Check Completed
INFO:root:2021-07-21-11--15--44 Frame manipulations completed
INFO:root:2021-07-21-11--15--44 Bounding Box Drawn
INFO:root:2021-07-21-11--15--44 MovingFrameQueue Popped
INFO:root:2021-07-21-11--15--44 Anomally Detected, starting call for more frames
INFO:root:2021-07-21-11--15--44 anomallyFrameTracker resetted to 200
INFO:root:2021-07-21-11--15--44 Colour Conversion Completed
INFO:root:2021-07-21-11--15--44 Sleep Check Completed
INFO:root:2021-07-21-11--15--44 Frame manipulations completed
INFO:root:2021-07-21-11--15--44 Bounding Box Drawn
INFO:root:2021-07-21-11--15--44 MovingFrameQueue Appended
INFO:root:2021-07-21-11--15--44 Anomally Detected, starting call for more frames
INFO:root:2021-07-21-11--15--44 anomallyFrameTracker resetted to 200
INFO:root:2021-07-21-11--15--44 Colour Conversion Completed
INFO:root:2021-07-21-11--15--44 Sleep Check Completed
INFO:root:2021-07-21-11--15--44 Frame manipulations completed
INFO:root:2021-07-21-11--15--44 Bounding Box Drawn
INFO:root:2021-07-21-11--15--44 MovingFrameQueue Popped
INFO:root:2021-07-21-11--15--44 Anomally Detected, starting call for more frames
INFO:root:2021-07-21-11--15--44 anomallyFrameTracker resetted to 200
INFO:root:2021-07-21-11--15--44 Colour Conversion Completed
INFO:root:2021-07-21-11--15--44 Sleep Check Completed
INFO:root:2021-07-21-11--15--44 Frame manipulations completed
INFO:root:2021-07-21-11--15--44 Bounding Box Drawn
INFO:root:2021-07-21-11--15--45 MovingFrameQueue Appended
INFO:root:2021-07-21-11--15--45 Anomally Detected, starting call for more frames
INFO:root:2021-07-21-11--15--45 anomallyFrameTracker resetted to 200
INFO:root:2021-07-21-11--15--45 Colour Conversion Completed
INFO:root:2021-07-21-11--15--45 Sleep Check Completed
INFO:root:2021-07-21-11--15--45 Frame manipulations completed
INFO:root:2021-07-21-11--15--45 Bounding Box Drawn
INFO:root:2021-07-21-11--15--45 MovingFrameQueue Popped
INFO:root:2021-07-21-11--15--45 Anomally Detected, starting call for more frames
INFO:root:2021-07-21-11--15--45 anomallyFrameTracker resetted to 200
INFO:root:2021-07-21-11--15--45 Colour Conversion Completed
INFO:root:2021-07-21-11--15--45 Sleep Check Completed
INFO:root:2021-07-21-11--15--45 Frame manipulations completed
INFO:root:2021-07-21-11--15--45 Bounding Box Drawn
INFO:root:2021-07-21-11--15--45 MovingFrameQueue Appended
INFO:root:2021-07-21-11--15--45 Anomally Detected, starting call for more frames
INFO:root:2021-07-21-11--15--45 anomallyFrameTracker resetted to 200
INFO:root:2021-07-21-11--15--45 Colour Conversion Completed
INFO:root:2021-07-21-11--15--45 Sleep Check Completed
INFO:root:2021-07-21-11--15--45 Frame manipulations completed
INFO:root:2021-07-21-11--15--45 Bounding Box Drawn
INFO:root:2021-07-21-11--15--45 MovingFrameQueue Popped
INFO:root:2021-07-21-11--15--45 anomallyFrameTracker resetted to 200
INFO:root:2021-07-21-11--15--45 Colour Conversion Completed
INFO:root:2021-07-21-11--15--45 Sleep Check Completed
INFO:root:2021-07-21-11--15--45 Frame manipulations completed
INFO:root:2021-07-21-11--15--45 Bounding Box Drawn
INFO:root:2021-07-21-11--15--45 MovingFrameQueue Appended
INFO:root:2021-07-21-11--15--45 anomallyFrameTracker resetted to 200
INFO:root:2021-07-21-11--15--45 Colour Conversion Completed
INFO:root:2021-07-21-11--15--45 Sleep Check Completed
INFO:root:2021-07-21-11--15--45 Frame manipulations completed
INFO:root:2021-07-21-11--15--45 Bounding Box Drawn
INFO:root:2021-07-21-11--15--46 MovingFrameQueue Popped
INFO:root:2021-07-21-11--15--46 Anomally Detected, starting call for more frames
INFO:root:2021-07-21-11--15--46 anomallyFrameTracker resetted to 200
INFO:root:2021-07-21-11--15--46 Colour Conversion Completed
INFO:root:2021-07-21-11--15--46 Sleep Check Completed
INFO:root:2021-07-21-11--15--46 Frame manipulations completed
INFO:root:2021-07-21-11--15--46 Bounding Box Drawn
INFO:root:2021-07-21-11--15--46 MovingFrameQueue Appended
INFO:root:2021-07-21-11--15--46 Anomally Detected, starting call for more frames
INFO:root:2021-07-21-11--15--46 anomallyFrameTracker resetted to 200
INFO:root:2021-07-21-11--15--46 Colour Conversion Completed
INFO:root:2021-07-21-11--15--46 Sleep Check Completed
INFO:root:2021-07-21-11--15--46 Frame manipulations completed
INFO:root:2021-07-21-11--15--46 Bounding Box Drawn
INFO:root:2021-07-21-11--15--46 MovingFrameQueue Popped
INFO:root:2021-07-21-11--15--46 Anomally Detected, starting call for more frames
INFO:root:2021-07-21-11--15--46 anomallyFrameTracker resetted to 200
INFO:root:2021-07-21-11--15--46 Colour Conversion Completed
INFO:root:2021-07-21-11--15--46 Sleep Check Completed
INFO:root:2021-07-21-11--15--46 Frame manipulations completed
INFO:root:2021-07-21-11--15--46 Bounding Box Drawn
INFO:root:2021-07-21-11--15--46 MovingFrameQueue Appended
INFO:root:2021-07-21-11--15--46 anomallyFrameTracker resetted to 200
INFO:root:2021-07-21-11--15--46 Colour Conversion Completed
INFO:root:2021-07-21-11--15--46 Sleep Check Completed
INFO:root:2021-07-21-11--15--46 Frame manipulations completed
INFO:root:2021-07-21-11--15--46 Bounding Box Drawn
INFO:root:2021-07-21-11--15--47 MovingFrameQueue Popped
INFO:root:2021-07-21-11--15--47 anomallyFrameTracker resetted to 200
INFO:root:2021-07-21-11--15--47 Colour Conversion Completed
INFO:root:2021-07-21-11--15--47 Sleep Check Completed
INFO:root:2021-07-21-11--15--47 Frame manipulations completed
INFO:root:2021-07-21-11--15--47 Bounding Box Drawn
INFO:root:2021-07-21-11--15--47 MovingFrameQueue Appended
INFO:root:2021-07-21-11--15--47 anomallyFrameTracker resetted to 200
INFO:root:2021-07-21-11--15--47 Colour Conversion Completed
INFO:root:2021-07-21-11--15--47 Sleep Check Completed
INFO:root:2021-07-21-11--15--47 Frame manipulations completed
INFO:root:2021-07-21-11--15--47 Bounding Box Drawn
INFO:root:2021-07-21-11--15--47 MovingFrameQueue Popped
INFO:root:2021-07-21-11--15--47 anomallyFrameTracker resetted to 200
INFO:root:2021-07-21-11--15--47 Colour Conversion Completed
INFO:root:2021-07-21-11--15--47 Sleep Check Completed
INFO:root:2021-07-21-11--15--47 Frame manipulations completed
INFO:root:2021-07-21-11--15--47 Bounding Box Drawn
INFO:root:2021-07-21-11--15--47 MovingFrameQueue Appended
INFO:root:2021-07-21-11--15--47 anomallyFrameTracker resetted to 200
INFO:root:2021-07-21-11--15--47 Colour Conversion Completed
INFO:root:2021-07-21-11--15--48 Sleep Check Completed
INFO:root:2021-07-21-11--15--48 Frame manipulations completed
INFO:root:2021-07-21-11--15--48 Bounding Box Drawn
INFO:root:2021-07-21-11--15--48 MovingFrameQueue Popped
INFO:root:2021-07-21-11--15--48 anomallyFrameTracker resetted to 200
INFO:root:2021-07-21-11--15--48 Colour Conversion Completed
INFO:root:2021-07-21-11--15--48 Sleep Check Completed
INFO:root:2021-07-21-11--15--48 Frame manipulations completed
INFO:root:2021-07-21-11--15--48 Bounding Box Drawn
INFO:root:2021-07-21-11--15--48 MovingFrameQueue Appended
INFO:root:2021-07-21-11--15--48 anomallyFrameTracker resetted to 200
INFO:root:2021-07-21-11--15--48 Colour Conversion Completed
INFO:root:2021-07-21-11--15--48 Sleep Check Completed
INFO:root:2021-07-21-11--15--48 Frame manipulations completed
INFO:root:2021-07-21-11--15--48 Bounding Box Drawn
INFO:root:2021-07-21-11--15--48 MovingFrameQueue Popped
INFO:root:2021-07-21-11--15--48 anomallyFrameTracker resetted to 200
INFO:root:2021-07-21-11--15--48 Colour Conversion Completed
INFO:root:2021-07-21-11--15--48 Sleep Check Completed
INFO:root:2021-07-21-11--15--48 Frame manipulations completed
INFO:root:2021-07-21-11--15--48 Bounding Box Drawn
INFO:root:2021-07-21-11--15--48 MovingFrameQueue Appended
INFO:root:2021-07-21-11--15--48 anomallyFrameTracker resetted to 200
INFO:root:2021-07-21-11--15--48 Colour Conversion Completed
INFO:root:2021-07-21-11--15--49 Sleep Check Completed
INFO:root:2021-07-21-11--15--49 Frame manipulations completed
INFO:root:2021-07-21-11--15--49 Bounding Box Drawn
INFO:root:2021-07-21-11--15--49 MovingFrameQueue Popped
INFO:root:2021-07-21-11--15--49 anomallyFrameTracker resetted to 200
INFO:root:2021-07-21-11--15--49 Colour Conversion Completed
INFO:root:2021-07-21-11--15--49 Sleep Check Completed
INFO:root:2021-07-21-11--15--49 Frame manipulations completed
INFO:root:2021-07-21-11--15--49 Bounding Box Drawn
INFO:root:2021-07-21-11--15--49 MovingFrameQueue Appended
INFO:root:2021-07-21-11--15--49 anomallyFrameTracker resetted to 200
INFO:root:2021-07-21-11--15--49 Colour Conversion Completed
INFO:root:2021-07-21-11--15--49 Sleep Check Completed
INFO:root:2021-07-21-11--15--49 Frame manipulations completed
INFO:root:2021-07-21-11--15--49 Bounding Box Drawn
INFO:root:2021-07-21-11--15--49 MovingFrameQueue Popped
INFO:root:2021-07-21-11--15--49 anomallyFrameTracker resetted to 200
INFO:root:2021-07-21-11--15--49 Colour Conversion Completed
INFO:root:2021-07-21-11--15--49 Sleep Check Completed
INFO:root:2021-07-21-11--15--49 Frame manipulations completed
INFO:root:2021-07-21-11--15--49 Bounding Box Drawn
INFO:root:2021-07-21-11--15--49 MovingFrameQueue Appended
INFO:root:2021-07-21-11--15--49 anomallyFrameTracker resetted to 200
INFO:root:2021-07-21-11--15--49 Colour Conversion Completed
INFO:root:2021-07-21-11--15--49 Sleep Check Completed
INFO:root:2021-07-21-11--15--49 Frame manipulations completed
INFO:root:2021-07-21-11--15--49 Bounding Box Drawn
INFO:root:2021-07-21-11--15--50 MovingFrameQueue Popped
INFO:root:2021-07-21-11--15--50 anomallyFrameTracker resetted to 200
INFO:root:2021-07-21-11--15--50 Colour Conversion Completed
INFO:root:2021-07-21-11--15--50 Sleep Check Completed
INFO:root:2021-07-21-11--15--50 Frame manipulations completed
INFO:root:2021-07-21-11--15--50 Bounding Box Drawn
INFO:root:2021-07-21-11--15--50 MovingFrameQueue Appended
INFO:root:2021-07-21-11--15--50 anomallyFrameTracker resetted to 200
INFO:root:2021-07-21-11--15--50 Colour Conversion Completed
INFO:root:2021-07-21-11--15--50 Sleep Check Completed
INFO:root:2021-07-21-11--15--50 Frame manipulations completed
INFO:root:2021-07-21-11--15--50 Bounding Box Drawn
INFO:root:2021-07-21-11--15--50 MovingFrameQueue Popped
INFO:root:2021-07-21-11--15--50 anomallyFrameTracker resetted to 200
INFO:root:2021-07-21-11--15--50 Colour Conversion Completed
INFO:root:2021-07-21-11--15--50 Sleep Check Completed
INFO:root:2021-07-21-11--15--50 Frame manipulations completed
INFO:root:2021-07-21-11--15--50 Bounding Box Drawn
INFO:root:2021-07-21-11--15--50 MovingFrameQueue Appended
INFO:root:2021-07-21-11--15--50 anomallyFrameTracker resetted to 200
INFO:root:2021-07-21-11--15--50 Colour Conversion Completed
INFO:root:2021-07-21-11--15--50 Sleep Check Completed
INFO:root:2021-07-21-11--15--50 Frame manipulations completed
INFO:root:2021-07-21-11--15--50 Bounding Box Drawn
INFO:root:2021-07-21-11--15--51 MovingFrameQueue Popped
INFO:root:2021-07-21-11--15--51 anomallyFrameTracker resetted to 200
INFO:root:2021-07-21-11--15--51 Colour Conversion Completed
INFO:root:2021-07-21-11--15--51 Sleep Check Completed
INFO:root:2021-07-21-11--15--51 Frame manipulations completed
INFO:root:2021-07-21-11--15--51 Bounding Box Drawn
INFO:root:2021-07-21-11--15--51 MovingFrameQueue Appended
INFO:root:2021-07-21-11--15--51 anomallyFrameTracker resetted to 200
INFO:root:2021-07-21-11--15--51 Colour Conversion Completed
INFO:root:2021-07-21-11--15--51 Sleep Check Completed
INFO:root:2021-07-21-11--15--51 Frame manipulations completed
INFO:root:2021-07-21-11--15--51 Bounding Box Drawn
INFO:root:2021-07-21-11--15--51 MovingFrameQueue Popped
INFO:root:2021-07-21-11--15--51 anomallyFrameTracker resetted to 200
INFO:root:2021-07-21-11--15--51 Colour Conversion Completed
INFO:root:2021-07-21-11--15--51 Sleep Check Completed
INFO:root:2021-07-21-11--15--51 Frame manipulations completed
INFO:root:2021-07-21-11--15--51 Bounding Box Drawn
INFO:root:2021-07-21-11--15--51 MovingFrameQueue Appended
INFO:root:2021-07-21-11--15--51 anomallyFrameTracker resetted to 200
INFO:root:2021-07-21-11--15--51 Colour Conversion Completed
INFO:root:2021-07-21-11--15--51 Sleep Check Completed
INFO:root:2021-07-21-11--15--51 Frame manipulations completed
INFO:root:2021-07-21-11--15--51 Bounding Box Drawn
INFO:root:2021-07-21-11--15--51 MovingFrameQueue Popped
INFO:root:2021-07-21-11--15--51 anomallyFrameTracker resetted to 200
INFO:root:2021-07-21-11--15--51 Colour Conversion Completed
INFO:root:2021-07-21-11--15--51 Sleep Check Completed
INFO:root:2021-07-21-11--15--51 Frame manipulations completed
INFO:root:2021-07-21-11--15--51 Bounding Box Drawn
INFO:root:2021-07-21-11--15--52 MovingFrameQueue Appended
INFO:root:2021-07-21-11--15--52 anomallyFrameTracker resetted to 200
INFO:root:2021-07-21-11--15--52 Colour Conversion Completed
INFO:root:2021-07-21-11--15--52 Sleep Check Completed
INFO:root:2021-07-21-11--15--52 Frame manipulations completed
INFO:root:2021-07-21-11--15--52 Bounding Box Drawn
INFO:root:2021-07-21-11--15--52 MovingFrameQueue Popped
INFO:root:2021-07-21-11--15--52 anomallyFrameTracker resetted to 200
INFO:root:2021-07-21-11--15--52 Colour Conversion Completed
INFO:root:2021-07-21-11--15--52 Sleep Check Completed
INFO:root:2021-07-21-11--15--52 Frame manipulations completed
INFO:root:2021-07-21-11--15--52 Bounding Box Drawn
INFO:root:2021-07-21-11--15--52 MovingFrameQueue Appended
INFO:root:2021-07-21-11--15--52 anomallyFrameTracker resetted to 200
INFO:root:2021-07-21-11--15--52 Colour Conversion Completed
INFO:root:2021-07-21-11--15--52 Sleep Check Completed
INFO:root:2021-07-21-11--15--52 Frame manipulations completed
INFO:root:2021-07-21-11--15--52 Bounding Box Drawn
INFO:root:2021-07-21-11--15--52 MovingFrameQueue Popped
INFO:root:2021-07-21-11--15--52 anomallyFrameTracker resetted to 200
INFO:root:2021-07-21-11--15--52 Colour Conversion Completed
INFO:root:2021-07-21-11--15--52 Sleep Check Completed
INFO:root:2021-07-21-11--15--52 Frame manipulations completed
INFO:root:2021-07-21-11--15--52 Bounding Box Drawn
INFO:root:2021-07-21-11--15--52 MovingFrameQueue Appended
INFO:root:2021-07-21-11--15--52 anomallyFrameTracker resetted to 200
INFO:root:2021-07-21-11--15--52 Colour Conversion Completed
INFO:root:2021-07-21-11--15--53 Sleep Check Completed
INFO:root:2021-07-21-11--15--53 Frame manipulations completed
INFO:root:2021-07-21-11--15--53 Bounding Box Drawn
INFO:root:2021-07-21-11--15--53 MovingFrameQueue Popped
INFO:root:2021-07-21-11--15--53 anomallyFrameTracker resetted to 200
INFO:root:2021-07-21-11--15--53 Colour Conversion Completed
INFO:root:2021-07-21-11--15--53 Sleep Check Completed
INFO:root:2021-07-21-11--15--53 Frame manipulations completed
INFO:root:2021-07-21-11--15--53 Bounding Box Drawn
INFO:root:2021-07-21-11--15--53 MovingFrameQueue Appended
INFO:root:2021-07-21-11--15--53 anomallyFrameTracker resetted to 200
INFO:root:2021-07-21-11--15--53 Colour Conversion Completed
INFO:root:2021-07-21-11--15--53 Sleep Check Completed
INFO:root:2021-07-21-11--15--53 Frame manipulations completed
INFO:root:2021-07-21-11--15--53 Bounding Box Drawn
INFO:root:2021-07-21-11--15--53 MovingFrameQueue Popped
INFO:root:2021-07-21-11--15--53 anomallyFrameTracker resetted to 200
INFO:root:2021-07-21-11--15--53 Colour Conversion Completed
INFO:root:2021-07-21-11--15--53 Sleep Check Completed
INFO:root:2021-07-21-11--15--53 Frame manipulations completed
INFO:root:2021-07-21-11--15--53 Bounding Box Drawn
INFO:root:2021-07-21-11--15--53 MovingFrameQueue Appended
INFO:root:2021-07-21-11--15--53 anomallyFrameTracker resetted to 200
INFO:root:2021-07-21-11--15--54 Colour Conversion Completed
INFO:root:2021-07-21-11--15--54 Sleep Check Completed
INFO:root:2021-07-21-11--15--54 Frame manipulations completed
INFO:root:2021-07-21-11--15--54 Bounding Box Drawn
INFO:root:2021-07-21-11--15--54 MovingFrameQueue Popped
INFO:root:2021-07-21-11--15--54 anomallyFrameTracker resetted to 200
INFO:root:2021-07-21-11--15--54 Colour Conversion Completed
INFO:root:2021-07-21-11--15--54 Sleep Check Completed
INFO:root:2021-07-21-11--15--54 Frame manipulations completed
INFO:root:2021-07-21-11--15--54 Bounding Box Drawn
INFO:root:2021-07-21-11--15--54 MovingFrameQueue Appended
INFO:root:2021-07-21-11--15--54 anomallyFrameTracker resetted to 200
INFO:root:2021-07-21-11--15--54 Colour Conversion Completed
INFO:root:2021-07-21-11--15--54 Sleep Check Completed
INFO:root:2021-07-21-11--15--54 Frame manipulations completed
INFO:root:2021-07-21-11--15--54 Bounding Box Drawn
INFO:root:2021-07-21-11--15--54 MovingFrameQueue Popped
INFO:root:2021-07-21-11--15--54 anomallyFrameTracker resetted to 200
INFO:root:2021-07-21-11--15--54 Colour Conversion Completed
INFO:root:2021-07-21-11--15--54 Sleep Check Completed
INFO:root:2021-07-21-11--15--54 Frame manipulations completed
INFO:root:2021-07-21-11--15--54 Bounding Box Drawn
INFO:root:2021-07-21-11--15--54 MovingFrameQueue Appended
INFO:root:2021-07-21-11--15--54 anomallyFrameTracker resetted to 200
INFO:root:2021-07-21-11--15--54 Colour Conversion Completed
INFO:root:2021-07-21-11--15--55 Sleep Check Completed
INFO:root:2021-07-21-11--15--55 Frame manipulations completed
INFO:root:2021-07-21-11--15--55 Bounding Box Drawn
INFO:root:2021-07-21-11--15--55 MovingFrameQueue Popped
INFO:root:2021-07-21-11--15--55 anomallyFrameTracker resetted to 200
INFO:root:2021-07-21-11--15--55 Colour Conversion Completed
INFO:root:2021-07-21-11--15--55 Sleep Check Completed
INFO:root:2021-07-21-11--15--55 Frame manipulations completed
INFO:root:2021-07-21-11--15--55 Bounding Box Drawn
INFO:root:2021-07-21-11--15--55 MovingFrameQueue Appended
INFO:root:2021-07-21-11--15--55 anomallyFrameTracker resetted to 200
INFO:root:2021-07-21-11--15--55 Colour Conversion Completed
INFO:root:2021-07-21-11--15--55 Sleep Check Completed
INFO:root:2021-07-21-11--15--55 Frame manipulations completed
INFO:root:2021-07-21-11--15--55 Bounding Box Drawn
INFO:root:2021-07-21-11--15--55 MovingFrameQueue Popped
INFO:root:2021-07-21-11--15--55 anomallyFrameTracker resetted to 200
INFO:root:2021-07-21-11--15--55 Colour Conversion Completed
INFO:root:2021-07-21-11--15--55 Sleep Check Completed
INFO:root:2021-07-21-11--15--55 Frame manipulations completed
INFO:root:2021-07-21-11--15--55 Bounding Box Drawn
INFO:root:2021-07-21-11--15--55 MovingFrameQueue Appended
INFO:root:2021-07-21-11--15--55 anomallyFrameTracker resetted to 200
INFO:root:2021-07-21-11--15--55 Colour Conversion Completed
INFO:root:2021-07-21-11--15--55 Sleep Check Completed
INFO:root:2021-07-21-11--15--55 Frame manipulations completed
INFO:root:2021-07-21-11--15--55 Bounding Box Drawn
INFO:root:2021-07-21-11--15--56 MovingFrameQueue Popped
INFO:root:2021-07-21-11--15--56 anomallyFrameTracker resetted to 200
INFO:root:2021-07-21-11--15--56 Colour Conversion Completed
INFO:root:2021-07-21-11--15--56 Sleep Check Completed
INFO:root:2021-07-21-11--15--56 Frame manipulations completed
INFO:root:2021-07-21-11--15--56 Bounding Box Drawn
INFO:root:2021-07-21-11--15--56 MovingFrameQueue Appended
INFO:root:2021-07-21-11--15--56 anomallyFrameTracker resetted to 200
INFO:root:2021-07-21-11--15--56 Colour Conversion Completed
INFO:root:2021-07-21-11--15--56 Sleep Check Completed
INFO:root:2021-07-21-11--15--56 Frame manipulations completed
INFO:root:2021-07-21-11--15--56 Bounding Box Drawn
INFO:root:2021-07-21-11--15--56 MovingFrameQueue Popped
INFO:root:2021-07-21-11--15--56 anomallyFrameTracker resetted to 200
INFO:root:2021-07-21-11--15--56 Colour Conversion Completed
INFO:root:2021-07-21-11--15--56 Sleep Check Completed
INFO:root:2021-07-21-11--15--56 Frame manipulations completed
INFO:root:2021-07-21-11--15--56 Bounding Box Drawn
INFO:root:2021-07-21-11--15--56 MovingFrameQueue Appended
INFO:root:2021-07-21-11--15--56 anomallyFrameTracker resetted to 200
INFO:root:2021-07-21-11--15--56 Colour Conversion Completed
INFO:root:2021-07-21-11--15--56 Sleep Check Completed
INFO:root:2021-07-21-11--15--56 Frame manipulations completed
INFO:root:2021-07-21-11--15--56 Bounding Box Drawn
INFO:root:2021-07-21-11--15--56 MovingFrameQueue Popped
INFO:root:2021-07-21-11--15--56 anomallyFrameTracker resetted to 200
INFO:root:2021-07-21-11--15--56 Colour Conversion Completed
INFO:root:2021-07-21-11--15--56 Sleep Check Completed
INFO:root:2021-07-21-11--15--56 Frame manipulations completed
INFO:root:2021-07-21-11--15--56 Bounding Box Drawn
INFO:root:2021-07-21-11--15--56 MovingFrameQueue Appended
INFO:root:2021-07-21-11--15--56 anomallyFrameTracker resetted to 200
INFO:root:2021-07-21-11--15--56 Colour Conversion Completed
INFO:root:2021-07-21-11--15--56 Sleep Check Completed
INFO:root:2021-07-21-11--15--56 Frame manipulations completed
INFO:root:2021-07-21-11--15--56 Bounding Box Drawn
INFO:root:2021-07-21-11--15--57 MovingFrameQueue Popped
INFO:root:2021-07-21-11--15--57 anomallyFrameTracker resetted to 200
INFO:root:2021-07-21-11--15--57 Colour Conversion Completed
INFO:root:2021-07-21-11--15--57 Sleep Check Completed
INFO:root:2021-07-21-11--15--57 Frame manipulations completed
INFO:root:2021-07-21-11--15--57 Bounding Box Drawn
INFO:root:2021-07-21-11--15--57 MovingFrameQueue Appended
INFO:root:2021-07-21-11--15--57 anomallyFrameTracker resetted to 200
INFO:root:2021-07-21-11--15--57 Colour Conversion Completed
INFO:root:2021-07-21-11--15--57 Sleep Check Completed
INFO:root:2021-07-21-11--15--57 Frame manipulations completed
INFO:root:2021-07-21-11--15--57 Bounding Box Drawn
INFO:root:2021-07-21-11--15--57 MovingFrameQueue Popped
INFO:root:2021-07-21-11--15--57 anomallyFrameTracker resetted to 200
INFO:root:2021-07-21-11--15--57 Colour Conversion Completed
INFO:root:2021-07-21-11--15--57 Sleep Check Completed
INFO:root:2021-07-21-11--15--57 Frame manipulations completed
INFO:root:2021-07-21-11--15--57 Bounding Box Drawn
INFO:root:2021-07-21-11--15--57 MovingFrameQueue Appended
INFO:root:2021-07-21-11--15--57 anomallyFrameTracker resetted to 200
INFO:root:2021-07-21-11--15--57 Colour Conversion Completed
INFO:root:2021-07-21-11--15--57 Sleep Check Completed
INFO:root:2021-07-21-11--15--57 Frame manipulations completed
INFO:root:2021-07-21-11--15--57 Bounding Box Drawn
INFO:root:2021-07-21-11--15--57 MovingFrameQueue Popped
INFO:root:2021-07-21-11--15--57 anomallyFrameTracker resetted to 200
INFO:root:2021-07-21-11--15--57 Colour Conversion Completed
INFO:root:2021-07-21-11--15--57 Sleep Check Completed
INFO:root:2021-07-21-11--15--57 Frame manipulations completed
INFO:root:2021-07-21-11--15--57 Bounding Box Drawn
INFO:root:2021-07-21-11--15--57 MovingFrameQueue Appended
INFO:root:2021-07-21-11--15--57 anomallyFrameTracker resetted to 200
INFO:root:2021-07-21-11--15--57 Colour Conversion Completed
INFO:root:2021-07-21-11--15--57 Sleep Check Completed
INFO:root:2021-07-21-11--15--57 Frame manipulations completed
INFO:root:2021-07-21-11--15--57 Bounding Box Drawn
INFO:root:2021-07-21-11--15--57 MovingFrameQueue Popped
INFO:root:2021-07-21-11--15--57 anomallyFrameTracker resetted to 200
INFO:root:2021-07-21-11--15--57 Colour Conversion Completed
INFO:root:2021-07-21-11--15--57 Sleep Check Completed
INFO:root:2021-07-21-11--15--57 Frame manipulations completed
INFO:root:2021-07-21-11--15--57 Bounding Box Drawn
INFO:root:2021-07-21-11--15--58 MovingFrameQueue Appended
INFO:root:2021-07-21-11--15--58 anomallyFrameTracker resetted to 200
INFO:root:2021-07-21-11--15--58 Colour Conversion Completed
INFO:root:2021-07-21-11--15--58 Sleep Check Completed
INFO:root:2021-07-21-11--15--58 Frame manipulations completed
INFO:root:2021-07-21-11--15--58 Bounding Box Drawn
INFO:root:2021-07-21-11--15--58 MovingFrameQueue Popped
INFO:root:2021-07-21-11--15--58 anomallyFrameTracker resetted to 200
INFO:root:2021-07-21-11--15--58 Colour Conversion Completed
INFO:root:2021-07-21-11--15--58 Sleep Check Completed
INFO:root:2021-07-21-11--15--58 Frame manipulations completed
INFO:root:2021-07-21-11--15--58 Bounding Box Drawn
INFO:root:2021-07-21-11--15--58 MovingFrameQueue Appended
INFO:root:2021-07-21-11--15--58 anomallyFrameTracker resetted to 200
INFO:root:2021-07-21-11--15--58 Colour Conversion Completed
INFO:root:2021-07-21-11--15--58 Sleep Check Completed
INFO:root:2021-07-21-11--15--58 Frame manipulations completed
INFO:root:2021-07-21-11--15--58 Bounding Box Drawn
INFO:root:2021-07-21-11--15--58 MovingFrameQueue Popped
INFO:root:2021-07-21-11--15--58 anomallyFrameTracker resetted to 200
INFO:root:2021-07-21-11--15--58 Colour Conversion Completed
INFO:root:2021-07-21-11--15--58 Sleep Check Completed
INFO:root:2021-07-21-11--15--58 Frame manipulations completed
INFO:root:2021-07-21-11--15--58 Bounding Box Drawn
INFO:root:2021-07-21-11--15--58 MovingFrameQueue Appended
INFO:root:2021-07-21-11--15--58 anomallyFrameTracker resetted to 200
INFO:root:2021-07-21-11--15--58 Colour Conversion Completed
INFO:root:2021-07-21-11--15--58 Sleep Check Completed
INFO:root:2021-07-21-11--15--58 Frame manipulations completed
INFO:root:2021-07-21-11--15--58 Bounding Box Drawn
INFO:root:2021-07-21-11--15--58 MovingFrameQueue Popped
INFO:root:2021-07-21-11--15--58 anomallyFrameTracker resetted to 200
INFO:root:2021-07-21-11--15--58 Colour Conversion Completed
INFO:root:2021-07-21-11--15--58 Sleep Check Completed
INFO:root:2021-07-21-11--15--58 Frame manipulations completed
INFO:root:2021-07-21-11--15--58 Bounding Box Drawn
INFO:root:2021-07-21-11--15--59 MovingFrameQueue Appended
INFO:root:2021-07-21-11--15--59 anomallyFrameTracker resetted to 200
INFO:root:2021-07-21-11--15--59 Colour Conversion Completed
INFO:root:2021-07-21-11--15--59 Sleep Check Completed
INFO:root:2021-07-21-11--15--59 Frame manipulations completed
INFO:root:2021-07-21-11--15--59 Bounding Box Drawn
INFO:root:2021-07-21-11--15--59 MovingFrameQueue Popped
INFO:root:2021-07-21-11--15--59 anomallyFrameTracker resetted to 200
INFO:root:2021-07-21-11--15--59 Colour Conversion Completed
INFO:root:2021-07-21-11--15--59 Sleep Check Completed
INFO:root:2021-07-21-11--15--59 Frame manipulations completed
INFO:root:2021-07-21-11--15--59 Bounding Box Drawn
INFO:root:2021-07-21-11--15--59 MovingFrameQueue Appended
INFO:root:2021-07-21-11--15--59 anomallyFrameTracker resetted to 200
INFO:root:2021-07-21-11--15--59 Colour Conversion Completed
INFO:root:2021-07-21-11--15--59 Sleep Check Completed
INFO:root:2021-07-21-11--15--59 Frame manipulations completed
INFO:root:2021-07-21-11--15--59 Bounding Box Drawn
INFO:root:2021-07-21-11--15--59 MovingFrameQueue Popped
INFO:root:2021-07-21-11--15--59 anomallyFrameTracker resetted to 200
INFO:root:2021-07-21-11--15--59 Colour Conversion Completed
INFO:root:2021-07-21-11--15--59 Sleep Check Completed
INFO:root:2021-07-21-11--15--59 Frame manipulations completed
INFO:root:2021-07-21-11--15--59 Bounding Box Drawn
INFO:root:2021-07-21-11--15--59 MovingFrameQueue Appended
INFO:root:2021-07-21-11--15--59 anomallyFrameTracker resetted to 200
INFO:root:2021-07-21-11--15--59 Colour Conversion Completed
INFO:root:2021-07-21-11--15--59 Sleep Check Completed
INFO:root:2021-07-21-11--15--59 Frame manipulations completed
INFO:root:2021-07-21-11--15--59 Bounding Box Drawn
INFO:root:2021-07-21-11--15--59 MovingFrameQueue Popped
INFO:root:2021-07-21-11--15--59 anomallyFrameTracker resetted to 200
INFO:root:2021-07-21-11--15--59 Colour Conversion Completed
INFO:root:2021-07-21-11--15--59 Sleep Check Completed
INFO:root:2021-07-21-11--15--59 Frame manipulations completed
INFO:root:2021-07-21-11--15--59 Bounding Box Drawn
INFO:root:2021-07-21-11--16--00 MovingFrameQueue Appended
INFO:root:2021-07-21-11--16--00 anomallyFrameTracker resetted to 200
INFO:root:2021-07-21-11--16--00 Colour Conversion Completed
INFO:root:2021-07-21-11--16--00 Sleep Check Completed
INFO:root:2021-07-21-11--16--00 Frame manipulations completed
INFO:root:2021-07-21-11--16--00 Bounding Box Drawn
INFO:root:2021-07-21-11--16--00 MovingFrameQueue Popped
INFO:root:2021-07-21-11--16--00 anomallyFrameTracker resetted to 200
INFO:root:2021-07-21-11--16--00 Colour Conversion Completed
INFO:root:2021-07-21-11--16--00 Sleep Check Completed
INFO:root:2021-07-21-11--16--00 Frame manipulations completed
INFO:root:2021-07-21-11--16--00 Bounding Box Drawn
INFO:root:2021-07-21-11--16--00 MovingFrameQueue Appended
INFO:root:2021-07-21-11--16--00 anomallyFrameTracker resetted to 200
INFO:root:2021-07-21-11--16--00 Colour Conversion Completed
INFO:root:2021-07-21-11--16--00 Sleep Check Completed
INFO:root:2021-07-21-11--16--00 Frame manipulations completed
INFO:root:2021-07-21-11--16--00 Bounding Box Drawn
INFO:root:2021-07-21-11--16--00 MovingFrameQueue Popped
INFO:root:2021-07-21-11--16--00 anomallyFrameTracker resetted to 200
INFO:root:2021-07-21-11--16--00 Colour Conversion Completed
INFO:root:2021-07-21-11--16--00 Sleep Check Completed
INFO:root:2021-07-21-11--16--00 Frame manipulations completed
INFO:root:2021-07-21-11--16--00 Bounding Box Drawn
INFO:root:2021-07-21-11--16--00 MovingFrameQueue Appended
INFO:root:2021-07-21-11--16--00 anomallyFrameTracker resetted to 200
INFO:root:2021-07-21-11--16--00 Colour Conversion Completed
INFO:root:2021-07-21-11--16--00 Sleep Check Completed
INFO:root:2021-07-21-11--16--00 Frame manipulations completed
INFO:root:2021-07-21-11--16--00 Bounding Box Drawn
INFO:root:2021-07-21-11--16--00 MovingFrameQueue Popped
INFO:root:2021-07-21-11--16--00 anomallyFrameTracker resetted to 200
INFO:root:2021-07-21-11--16--00 Colour Conversion Completed
INFO:root:2021-07-21-11--16--00 Sleep Check Completed
INFO:root:2021-07-21-11--16--00 Frame manipulations completed
INFO:root:2021-07-21-11--16--00 Bounding Box Drawn
INFO:root:2021-07-21-11--16--01 MovingFrameQueue Appended
INFO:root:2021-07-21-11--16--01 anomallyFrameTracker resetted to 200
INFO:root:2021-07-21-11--16--01 Colour Conversion Completed
INFO:root:2021-07-21-11--16--01 Sleep Check Completed
INFO:root:2021-07-21-11--16--01 Frame manipulations completed
INFO:root:2021-07-21-11--16--01 Bounding Box Drawn
INFO:root:2021-07-21-11--16--01 MovingFrameQueue Popped
INFO:root:2021-07-21-11--16--01 anomallyFrameTracker resetted to 200
INFO:root:2021-07-21-11--16--01 Colour Conversion Completed
INFO:root:2021-07-21-11--16--01 Sleep Check Completed
INFO:root:2021-07-21-11--16--01 Frame manipulations completed
INFO:root:2021-07-21-11--16--01 Bounding Box Drawn
INFO:root:2021-07-21-11--16--01 MovingFrameQueue Appended
INFO:root:2021-07-21-11--16--01 anomallyFrameTracker resetted to 200
INFO:root:2021-07-21-11--16--01 Colour Conversion Completed
INFO:root:2021-07-21-11--16--01 Sleep Check Completed
INFO:root:2021-07-21-11--16--01 Frame manipulations completed
INFO:root:2021-07-21-11--16--01 Bounding Box Drawn
INFO:root:2021-07-21-11--16--01 MovingFrameQueue Popped
INFO:root:2021-07-21-11--16--01 anomallyFrameTracker resetted to 200
INFO:root:2021-07-21-11--16--01 Colour Conversion Completed
INFO:root:2021-07-21-11--16--01 Sleep Check Completed
INFO:root:2021-07-21-11--16--01 Frame manipulations completed
INFO:root:2021-07-21-11--16--01 Bounding Box Drawn
INFO:root:2021-07-21-11--16--01 MovingFrameQueue Appended
INFO:root:2021-07-21-11--16--01 anomallyFrameTracker resetted to 200
INFO:root:2021-07-21-11--16--01 Colour Conversion Completed
INFO:root:2021-07-21-11--16--01 Sleep Check Completed
INFO:root:2021-07-21-11--16--01 Frame manipulations completed
INFO:root:2021-07-21-11--16--01 Bounding Box Drawn
INFO:root:2021-07-21-11--16--01 MovingFrameQueue Popped
INFO:root:2021-07-21-11--16--01 anomallyFrameTracker resetted to 200
INFO:root:2021-07-21-11--16--01 Colour Conversion Completed
INFO:root:2021-07-21-11--16--01 Sleep Check Completed
INFO:root:2021-07-21-11--16--01 Frame manipulations completed
INFO:root:2021-07-21-11--16--01 Bounding Box Drawn
INFO:root:2021-07-21-11--16--01 MovingFrameQueue Appended
INFO:root:2021-07-21-11--16--01 anomallyFrameTracker resetted to 200
INFO:root:2021-07-21-11--16--01 Colour Conversion Completed
INFO:root:2021-07-21-11--16--02 Sleep Check Completed
INFO:root:2021-07-21-11--16--02 Frame manipulations completed
INFO:root:2021-07-21-11--16--02 Bounding Box Drawn
INFO:root:2021-07-21-11--16--02 MovingFrameQueue Popped
INFO:root:2021-07-21-11--16--02 anomallyFrameTracker resetted to 200
INFO:root:2021-07-21-11--16--02 Colour Conversion Completed
INFO:root:2021-07-21-11--16--02 Sleep Check Completed
INFO:root:2021-07-21-11--16--02 Frame manipulations completed
INFO:root:2021-07-21-11--16--02 Bounding Box Drawn
INFO:root:2021-07-21-11--16--02 MovingFrameQueue Appended
INFO:root:2021-07-21-11--16--02 anomallyFrameTracker resetted to 200
INFO:root:2021-07-21-11--16--02 Colour Conversion Completed
INFO:root:2021-07-21-11--16--02 Sleep Check Completed
INFO:root:2021-07-21-11--16--02 Frame manipulations completed
INFO:root:2021-07-21-11--16--02 Bounding Box Drawn
INFO:root:2021-07-21-11--16--02 MovingFrameQueue Popped
INFO:root:2021-07-21-11--16--02 anomallyFrameTracker resetted to 200
INFO:root:2021-07-21-11--16--02 Colour Conversion Completed
INFO:root:2021-07-21-11--16--02 Sleep Check Completed
INFO:root:2021-07-21-11--16--02 Frame manipulations completed
INFO:root:2021-07-21-11--16--02 Bounding Box Drawn
INFO:root:2021-07-21-11--16--02 MovingFrameQueue Appended
INFO:root:2021-07-21-11--16--02 anomallyFrameTracker resetted to 200
INFO:root:2021-07-21-11--16--02 Colour Conversion Completed
INFO:root:2021-07-21-11--16--02 Sleep Check Completed
INFO:root:2021-07-21-11--16--02 Frame manipulations completed
INFO:root:2021-07-21-11--16--02 Bounding Box Drawn
INFO:root:2021-07-21-11--16--02 MovingFrameQueue Popped
INFO:root:2021-07-21-11--16--02 anomallyFrameTracker resetted to 200
INFO:root:2021-07-21-11--16--02 Colour Conversion Completed
INFO:root:2021-07-21-11--16--02 Sleep Check Completed
INFO:root:2021-07-21-11--16--02 Frame manipulations completed
INFO:root:2021-07-21-11--16--02 Bounding Box Drawn
INFO:root:2021-07-21-11--16--02 MovingFrameQueue Appended
INFO:root:2021-07-21-11--16--02 anomallyFrameTracker resetted to 200
INFO:root:2021-07-21-11--16--02 Colour Conversion Completed
INFO:root:2021-07-21-11--16--02 Sleep Check Completed
INFO:root:2021-07-21-11--16--02 Frame manipulations completed
INFO:root:2021-07-21-11--16--02 Bounding Box Drawn
INFO:root:2021-07-21-11--16--03 MovingFrameQueue Popped
INFO:root:2021-07-21-11--16--03 anomallyFrameTracker resetted to 200
INFO:root:2021-07-21-11--16--03 Colour Conversion Completed
INFO:root:2021-07-21-11--16--03 Sleep Check Completed
INFO:root:2021-07-21-11--16--03 Frame manipulations completed
INFO:root:2021-07-21-11--16--03 Bounding Box Drawn
INFO:root:2021-07-21-11--16--03 MovingFrameQueue Appended
INFO:root:2021-07-21-11--16--03 anomallyFrameTracker resetted to 200
INFO:root:2021-07-21-11--16--03 Colour Conversion Completed
INFO:root:2021-07-21-11--16--03 Sleep Check Completed
INFO:root:2021-07-21-11--16--03 Frame manipulations completed
INFO:root:2021-07-21-11--16--03 Bounding Box Drawn
INFO:root:2021-07-21-11--16--03 MovingFrameQueue Popped
INFO:root:2021-07-21-11--16--03 anomallyFrameTracker resetted to 200
INFO:root:2021-07-21-11--16--03 Colour Conversion Completed
INFO:root:2021-07-21-11--16--03 Sleep Check Completed
INFO:root:2021-07-21-11--16--03 Frame manipulations completed
INFO:root:2021-07-21-11--16--03 Bounding Box Drawn
INFO:root:2021-07-21-11--16--03 MovingFrameQueue Appended
INFO:root:2021-07-21-11--16--03 anomallyFrameTracker resetted to 200
INFO:root:2021-07-21-11--16--03 Colour Conversion Completed
INFO:root:2021-07-21-11--16--03 Sleep Check Completed
INFO:root:2021-07-21-11--16--03 Frame manipulations completed
INFO:root:2021-07-21-11--16--03 Bounding Box Drawn
INFO:root:2021-07-21-11--16--03 MovingFrameQueue Popped
INFO:root:2021-07-21-11--16--03 anomallyFrameTracker resetted to 200
INFO:root:2021-07-21-11--16--03 Colour Conversion Completed
INFO:root:2021-07-21-11--16--03 Sleep Check Completed
INFO:root:2021-07-21-11--16--03 Frame manipulations completed
INFO:root:2021-07-21-11--16--03 Bounding Box Drawn
INFO:root:2021-07-21-11--16--03 MovingFrameQueue Appended
INFO:root:2021-07-21-11--16--03 anomallyFrameTracker resetted to 200
INFO:root:2021-07-21-11--16--03 Colour Conversion Completed
INFO:root:2021-07-21-11--16--03 Sleep Check Completed
INFO:root:2021-07-21-11--16--03 Frame manipulations completed
INFO:root:2021-07-21-11--16--03 Bounding Box Drawn
INFO:root:2021-07-21-11--16--03 MovingFrameQueue Popped
INFO:root:2021-07-21-11--16--03 anomallyFrameTracker resetted to 200
INFO:root:2021-07-21-11--16--03 Colour Conversion Completed
INFO:root:2021-07-21-11--16--03 Sleep Check Completed
INFO:root:2021-07-21-11--16--03 Frame manipulations completed
INFO:root:2021-07-21-11--16--03 Bounding Box Drawn
INFO:root:2021-07-21-11--16--04 MovingFrameQueue Appended
INFO:root:2021-07-21-11--16--04 anomallyFrameTracker resetted to 200
INFO:root:2021-07-21-11--16--04 Colour Conversion Completed
INFO:root:2021-07-21-11--16--04 Sleep Check Completed
INFO:root:2021-07-21-11--16--04 Frame manipulations completed
INFO:root:2021-07-21-11--16--04 Bounding Box Drawn
INFO:root:2021-07-21-11--16--04 MovingFrameQueue Popped
INFO:root:2021-07-21-11--16--04 anomallyFrameTracker resetted to 200
INFO:root:2021-07-21-11--16--04 Colour Conversion Completed
INFO:root:2021-07-21-11--16--04 Sleep Check Completed
INFO:root:2021-07-21-11--16--04 Frame manipulations completed
INFO:root:2021-07-21-11--16--04 Bounding Box Drawn
INFO:root:2021-07-21-11--16--04 MovingFrameQueue Appended
INFO:root:2021-07-21-11--16--04 anomallyFrameTracker resetted to 200
INFO:root:2021-07-21-11--16--04 Colour Conversion Completed
INFO:root:2021-07-21-11--16--04 Sleep Check Completed
INFO:root:2021-07-21-11--16--04 Frame manipulations completed
INFO:root:2021-07-21-11--16--04 Bounding Box Drawn
INFO:root:2021-07-21-11--16--04 MovingFrameQueue Popped
INFO:root:2021-07-21-11--16--04 anomallyFrameTracker resetted to 200
INFO:root:2021-07-21-11--16--04 Colour Conversion Completed
INFO:root:2021-07-21-11--16--04 Sleep Check Completed
INFO:root:2021-07-21-11--16--04 Frame manipulations completed
INFO:root:2021-07-21-11--16--04 Bounding Box Drawn
INFO:root:2021-07-21-11--16--04 MovingFrameQueue Appended
INFO:root:2021-07-21-11--16--04 anomallyFrameTracker resetted to 200
INFO:root:2021-07-21-11--16--04 Colour Conversion Completed
INFO:root:2021-07-21-11--16--04 Sleep Check Completed
INFO:root:2021-07-21-11--16--04 Frame manipulations completed
INFO:root:2021-07-21-11--16--04 Bounding Box Drawn
INFO:root:2021-07-21-11--16--04 MovingFrameQueue Popped
INFO:root:2021-07-21-11--16--04 anomallyFrameTracker resetted to 200
INFO:root:2021-07-21-11--16--04 Colour Conversion Completed
INFO:root:2021-07-21-11--16--04 Sleep Check Completed
INFO:root:2021-07-21-11--16--04 Frame manipulations completed
INFO:root:2021-07-21-11--16--04 Bounding Box Drawn
INFO:root:2021-07-21-11--16--05 MovingFrameQueue Appended
INFO:root:2021-07-21-11--16--05 anomallyFrameTracker resetted to 200
INFO:root:2021-07-21-11--16--05 Colour Conversion Completed
INFO:root:2021-07-21-11--16--05 Sleep Check Completed
INFO:root:2021-07-21-11--16--05 Frame manipulations completed
INFO:root:2021-07-21-11--16--05 Bounding Box Drawn
INFO:root:2021-07-21-11--16--05 MovingFrameQueue Popped
INFO:root:2021-07-21-11--16--05 anomallyFrameTracker resetted to 200
INFO:root:2021-07-21-11--16--05 Colour Conversion Completed
INFO:root:2021-07-21-11--16--05 Sleep Check Completed
INFO:root:2021-07-21-11--16--05 Frame manipulations completed
INFO:root:2021-07-21-11--16--05 Bounding Box Drawn
INFO:root:2021-07-21-11--16--05 MovingFrameQueue Appended
INFO:root:2021-07-21-11--16--05 anomallyFrameTracker resetted to 200
INFO:root:2021-07-21-11--16--05 Colour Conversion Completed
INFO:root:2021-07-21-11--16--05 Sleep Check Completed
INFO:root:2021-07-21-11--16--05 Frame manipulations completed
INFO:root:2021-07-21-11--16--05 Bounding Box Drawn
INFO:root:2021-07-21-11--16--05 MovingFrameQueue Popped
INFO:root:2021-07-21-11--16--05 anomallyFrameTracker resetted to 200
INFO:root:2021-07-21-11--16--05 Colour Conversion Completed
INFO:root:2021-07-21-11--16--05 Sleep Check Completed
INFO:root:2021-07-21-11--16--05 Frame manipulations completed
INFO:root:2021-07-21-11--16--05 Bounding Box Drawn
INFO:root:2021-07-21-11--16--05 MovingFrameQueue Appended
INFO:root:2021-07-21-11--16--05 anomallyFrameTracker resetted to 200
INFO:root:2021-07-21-11--16--05 Colour Conversion Completed
INFO:root:2021-07-21-11--16--05 Sleep Check Completed
INFO:root:2021-07-21-11--16--05 Frame manipulations completed
INFO:root:2021-07-21-11--16--05 Bounding Box Drawn
INFO:root:2021-07-21-11--16--06 MovingFrameQueue Popped
INFO:root:2021-07-21-11--16--06 anomallyFrameTracker resetted to 200
INFO:root:2021-07-21-11--16--06 Colour Conversion Completed
INFO:root:2021-07-21-11--16--06 Sleep Check Completed
INFO:root:2021-07-21-11--16--06 Frame manipulations completed
INFO:root:2021-07-21-11--16--06 Bounding Box Drawn
INFO:root:2021-07-21-11--16--06 MovingFrameQueue Appended
INFO:root:2021-07-21-11--16--06 anomallyFrameTracker resetted to 200
INFO:root:2021-07-21-11--16--06 Colour Conversion Completed
INFO:root:2021-07-21-11--16--06 Sleep Check Completed
INFO:root:2021-07-21-11--16--06 Frame manipulations completed
INFO:root:2021-07-21-11--16--06 Bounding Box Drawn
INFO:root:2021-07-21-11--16--06 MovingFrameQueue Popped
INFO:root:2021-07-21-11--16--06 anomallyFrameTracker resetted to 200
INFO:root:2021-07-21-11--16--06 Colour Conversion Completed
INFO:root:2021-07-21-11--16--06 Sleep Check Completed
INFO:root:2021-07-21-11--16--06 Frame manipulations completed
INFO:root:2021-07-21-11--16--06 Bounding Box Drawn
INFO:root:2021-07-21-11--16--06 MovingFrameQueue Appended
INFO:root:2021-07-21-11--16--06 anomallyFrameTracker resetted to 200
INFO:root:2021-07-21-11--16--06 Colour Conversion Completed
INFO:root:2021-07-21-11--16--06 Sleep Check Completed
INFO:root:2021-07-21-11--16--06 Frame manipulations completed
INFO:root:2021-07-21-11--16--06 Bounding Box Drawn
INFO:root:2021-07-21-11--16--07 MovingFrameQueue Popped
INFO:root:2021-07-21-11--16--07 anomallyFrameTracker resetted to 200
INFO:root:2021-07-21-11--16--07 Colour Conversion Completed
INFO:root:2021-07-21-11--16--07 Sleep Check Completed
INFO:root:2021-07-21-11--16--07 Frame manipulations completed
INFO:root:2021-07-21-11--16--07 Bounding Box Drawn
INFO:root:2021-07-21-11--16--07 MovingFrameQueue Appended
INFO:root:2021-07-21-11--16--07 anomallyFrameTracker resetted to 200
INFO:root:2021-07-21-11--16--07 Colour Conversion Completed
INFO:root:2021-07-21-11--16--07 Sleep Check Completed
INFO:root:2021-07-21-11--16--07 Frame manipulations completed
INFO:root:2021-07-21-11--16--07 Bounding Box Drawn
INFO:root:2021-07-21-11--16--07 MovingFrameQueue Popped
INFO:root:2021-07-21-11--16--07 anomallyFrameTracker resetted to 200
INFO:root:2021-07-21-11--16--07 Colour Conversion Completed
INFO:root:2021-07-21-11--16--07 Sleep Check Completed
INFO:root:2021-07-21-11--16--07 Frame manipulations completed
INFO:root:2021-07-21-11--16--07 Bounding Box Drawn
INFO:root:2021-07-21-11--16--07 MovingFrameQueue Appended
INFO:root:2021-07-21-11--16--07 anomallyFrameTracker resetted to 200
INFO:root:2021-07-21-11--16--07 Colour Conversion Completed
INFO:root:2021-07-21-11--16--07 Sleep Check Completed
INFO:root:2021-07-21-11--16--07 Frame manipulations completed
INFO:root:2021-07-21-11--16--07 Bounding Box Drawn
INFO:root:2021-07-21-11--16--08 MovingFrameQueue Popped
INFO:root:2021-07-21-11--16--08 anomallyFrameTracker resetted to 200
INFO:root:2021-07-21-11--16--08 Colour Conversion Completed
INFO:root:2021-07-21-11--16--08 Sleep Check Completed
INFO:root:2021-07-21-11--16--08 Frame manipulations completed
INFO:root:2021-07-21-11--16--08 Bounding Box Drawn
INFO:root:2021-07-21-11--16--08 MovingFrameQueue Appended
INFO:root:2021-07-21-11--16--08 anomallyFrameTracker resetted to 200
INFO:root:2021-07-21-11--16--08 Colour Conversion Completed
INFO:root:2021-07-21-11--16--08 Sleep Check Completed
INFO:root:2021-07-21-11--16--08 Frame manipulations completed
INFO:root:2021-07-21-11--16--08 Bounding Box Drawn
INFO:root:2021-07-21-11--16--08 MovingFrameQueue Popped
INFO:root:2021-07-21-11--16--08 anomallyFrameTracker resetted to 200
INFO:root:2021-07-21-11--16--08 Colour Conversion Completed
INFO:root:2021-07-21-11--16--08 Sleep Check Completed
INFO:root:2021-07-21-11--16--08 Frame manipulations completed
INFO:root:2021-07-21-11--16--08 Bounding Box Drawn
INFO:root:2021-07-21-11--16--08 MovingFrameQueue Appended
INFO:root:2021-07-21-11--16--08 anomallyFrameTracker resetted to 200
INFO:root:2021-07-21-11--16--08 Colour Conversion Completed
INFO:root:2021-07-21-11--16--08 Sleep Check Completed
INFO:root:2021-07-21-11--16--08 Frame manipulations completed
INFO:root:2021-07-21-11--16--08 Bounding Box Drawn
INFO:root:2021-07-21-11--16--08 MovingFrameQueue Popped
INFO:root:2021-07-21-11--16--08 anomallyFrameTracker resetted to 200
INFO:root:2021-07-21-11--16--08 Colour Conversion Completed
INFO:root:2021-07-21-11--16--08 Sleep Check Completed
INFO:root:2021-07-21-11--16--08 Frame manipulations completed
INFO:root:2021-07-21-11--16--08 Bounding Box Drawn
INFO:root:2021-07-21-11--16--08 MovingFrameQueue Appended
INFO:root:2021-07-21-11--16--08 anomallyFrameTracker resetted to 200
INFO:root:2021-07-21-11--16--08 Colour Conversion Completed
INFO:root:2021-07-21-11--16--08 Sleep Check Completed
INFO:root:2021-07-21-11--16--08 Frame manipulations completed
INFO:root:2021-07-21-11--16--08 Bounding Box Drawn
INFO:root:2021-07-21-11--16--09 MovingFrameQueue Popped
INFO:root:2021-07-21-11--16--09 anomallyFrameTracker resetted to 200
INFO:root:2021-07-21-11--16--09 Colour Conversion Completed
INFO:root:2021-07-21-11--16--09 Sleep Check Completed
INFO:root:2021-07-21-11--16--09 Frame manipulations completed
INFO:root:2021-07-21-11--16--09 Bounding Box Drawn
INFO:root:2021-07-21-11--16--09 MovingFrameQueue Appended
INFO:root:2021-07-21-11--16--09 anomallyFrameTracker resetted to 200
INFO:root:2021-07-21-11--16--09 Colour Conversion Completed
INFO:root:2021-07-21-11--16--09 Sleep Check Completed
INFO:root:2021-07-21-11--16--09 Frame manipulations completed
INFO:root:2021-07-21-11--16--09 Bounding Box Drawn
INFO:root:2021-07-21-11--16--09 MovingFrameQueue Popped
INFO:root:2021-07-21-11--16--09 anomallyFrameTracker resetted to 200
INFO:root:2021-07-21-11--16--09 Colour Conversion Completed
INFO:root:2021-07-21-11--16--09 Sleep Check Completed
INFO:root:2021-07-21-11--16--09 Frame manipulations completed
INFO:root:2021-07-21-11--16--09 Bounding Box Drawn
INFO:root:2021-07-21-11--16--09 MovingFrameQueue Appended
INFO:root:2021-07-21-11--16--09 anomallyFrameTracker resetted to 200
INFO:root:2021-07-21-11--16--09 Colour Conversion Completed
INFO:root:2021-07-21-11--16--09 Sleep Check Completed
INFO:root:2021-07-21-11--16--09 Frame manipulations completed
INFO:root:2021-07-21-11--16--09 Bounding Box Drawn
INFO:root:2021-07-21-11--16--09 MovingFrameQueue Popped
INFO:root:2021-07-21-11--16--09 anomallyFrameTracker resetted to 200
INFO:root:2021-07-21-11--16--09 Colour Conversion Completed
INFO:root:2021-07-21-11--16--09 Sleep Check Completed
INFO:root:2021-07-21-11--16--09 Frame manipulations completed
INFO:root:2021-07-21-11--16--09 Bounding Box Drawn
INFO:root:2021-07-21-11--16--09 MovingFrameQueue Appended
INFO:root:2021-07-21-11--16--09 anomallyFrameTracker resetted to 200
INFO:root:2021-07-21-11--16--09 Colour Conversion Completed
INFO:root:2021-07-21-11--16--10 Sleep Check Completed
INFO:root:2021-07-21-11--16--10 Frame manipulations completed
INFO:root:2021-07-21-11--16--10 Bounding Box Drawn
INFO:root:2021-07-21-11--16--10 MovingFrameQueue Popped
INFO:root:2021-07-21-11--16--10 anomallyFrameTracker resetted to 200
INFO:root:2021-07-21-11--16--10 Colour Conversion Completed
INFO:root:2021-07-21-11--16--10 Sleep Check Completed
INFO:root:2021-07-21-11--16--10 Frame manipulations completed
INFO:root:2021-07-21-11--16--10 Bounding Box Drawn
INFO:root:2021-07-21-11--16--10 MovingFrameQueue Appended
INFO:root:2021-07-21-11--16--10 anomallyFrameTracker resetted to 200
INFO:root:2021-07-21-11--16--10 Colour Conversion Completed
INFO:root:2021-07-21-11--16--10 Sleep Check Completed
INFO:root:2021-07-21-11--16--10 Frame manipulations completed
INFO:root:2021-07-21-11--16--10 Bounding Box Drawn
INFO:root:2021-07-21-11--16--10 MovingFrameQueue Popped
INFO:root:2021-07-21-11--16--10 anomallyFrameTracker resetted to 200
INFO:root:2021-07-21-11--16--10 Colour Conversion Completed
INFO:root:2021-07-21-11--16--10 Sleep Check Completed
INFO:root:2021-07-21-11--16--10 Frame manipulations completed
INFO:root:2021-07-21-11--16--10 Bounding Box Drawn
INFO:root:2021-07-21-11--16--10 MovingFrameQueue Appended
INFO:root:2021-07-21-11--16--10 anomallyFrameTracker resetted to 200
INFO:root:2021-07-21-11--16--10 Colour Conversion Completed
INFO:root:2021-07-21-11--16--10 Sleep Check Completed
INFO:root:2021-07-21-11--16--10 Frame manipulations completed
INFO:root:2021-07-21-11--16--10 Bounding Box Drawn
INFO:root:2021-07-21-11--16--11 MovingFrameQueue Popped
INFO:root:2021-07-21-11--16--11 anomallyFrameTracker resetted to 200
INFO:root:2021-07-21-11--16--11 Colour Conversion Completed
INFO:root:2021-07-21-11--16--11 Sleep Check Completed
INFO:root:2021-07-21-11--16--11 Frame manipulations completed
INFO:root:2021-07-21-11--16--11 Bounding Box Drawn
INFO:root:2021-07-21-11--16--11 MovingFrameQueue Appended
INFO:root:2021-07-21-11--16--11 anomallyFrameTracker resetted to 200
INFO:root:2021-07-21-11--16--11 Colour Conversion Completed
INFO:root:2021-07-21-11--16--11 Sleep Check Completed
INFO:root:2021-07-21-11--16--11 Frame manipulations completed
INFO:root:2021-07-21-11--16--11 Bounding Box Drawn
INFO:root:2021-07-21-11--16--11 MovingFrameQueue Popped
INFO:root:2021-07-21-11--16--11 anomallyFrameTracker resetted to 200
INFO:root:2021-07-21-11--16--11 Colour Conversion Completed
INFO:root:2021-07-21-11--16--11 Sleep Check Completed
INFO:root:2021-07-21-11--16--11 Frame manipulations completed
INFO:root:2021-07-21-11--16--11 Bounding Box Drawn
INFO:root:2021-07-21-11--16--11 MovingFrameQueue Appended
INFO:root:2021-07-21-11--16--11 anomallyFrameTracker resetted to 200
INFO:root:2021-07-21-11--16--11 Colour Conversion Completed
INFO:root:2021-07-21-11--16--11 Sleep Check Completed
INFO:root:2021-07-21-11--16--11 Frame manipulations completed
INFO:root:2021-07-21-11--16--11 Bounding Box Drawn
INFO:root:2021-07-21-11--16--12 MovingFrameQueue Popped
INFO:root:2021-07-21-11--16--12 anomallyFrameTracker resetted to 200
INFO:root:2021-07-21-11--16--12 Colour Conversion Completed
INFO:root:2021-07-21-11--16--12 Sleep Check Completed
INFO:root:2021-07-21-11--16--12 Frame manipulations completed
INFO:root:2021-07-21-11--16--12 Bounding Box Drawn
INFO:root:2021-07-21-11--16--12 MovingFrameQueue Appended
INFO:root:2021-07-21-11--16--12 anomallyFrameTracker resetted to 200
INFO:root:2021-07-21-11--16--12 Colour Conversion Completed
INFO:root:2021-07-21-11--16--12 Sleep Check Completed
INFO:root:2021-07-21-11--16--12 Frame manipulations completed
INFO:root:2021-07-21-11--16--12 Bounding Box Drawn
INFO:root:2021-07-21-11--16--12 MovingFrameQueue Popped
INFO:root:2021-07-21-11--16--12 anomallyFrameTracker resetted to 200
INFO:root:2021-07-21-11--16--12 Colour Conversion Completed
INFO:root:2021-07-21-11--16--12 Sleep Check Completed
INFO:root:2021-07-21-11--16--12 Frame manipulations completed
INFO:root:2021-07-21-11--16--12 Bounding Box Drawn
INFO:root:2021-07-21-11--16--12 MovingFrameQueue Appended
INFO:root:2021-07-21-11--16--12 anomallyFrameTracker resetted to 200
INFO:root:2021-07-21-11--16--13 Colour Conversion Completed
INFO:root:2021-07-21-11--16--13 Sleep Check Completed
INFO:root:2021-07-21-11--16--13 Frame manipulations completed
INFO:root:2021-07-21-11--16--13 Bounding Box Drawn
INFO:root:2021-07-21-11--16--13 MovingFrameQueue Popped
INFO:root:2021-07-21-11--16--13 anomallyFrameTracker resetted to 200
INFO:root:2021-07-21-11--16--13 Colour Conversion Completed
INFO:root:2021-07-21-11--16--13 Sleep Check Completed
INFO:root:2021-07-21-11--16--13 Frame manipulations completed
INFO:root:2021-07-21-11--16--13 Bounding Box Drawn
INFO:root:2021-07-21-11--16--13 MovingFrameQueue Appended
INFO:root:2021-07-21-11--16--13 anomallyFrameTracker resetted to 200
INFO:root:2021-07-21-11--16--13 Colour Conversion Completed
INFO:root:2021-07-21-11--16--13 Sleep Check Completed
INFO:root:2021-07-21-11--16--13 Frame manipulations completed
INFO:root:2021-07-21-11--16--13 Bounding Box Drawn
INFO:root:2021-07-21-11--16--13 MovingFrameQueue Popped
INFO:root:2021-07-21-11--16--13 anomallyFrameTracker resetted to 200
INFO:root:2021-07-21-11--16--13 Colour Conversion Completed
INFO:root:2021-07-21-11--16--13 Sleep Check Completed
INFO:root:2021-07-21-11--16--13 Frame manipulations completed
INFO:root:2021-07-21-11--16--13 Bounding Box Drawn
INFO:root:2021-07-21-11--16--13 MovingFrameQueue Appended
INFO:root:2021-07-21-11--16--13 anomallyFrameTracker resetted to 200
INFO:root:2021-07-21-11--16--13 Colour Conversion Completed
INFO:root:2021-07-21-11--16--14 Sleep Check Completed
INFO:root:2021-07-21-11--16--14 Frame manipulations completed
INFO:root:2021-07-21-11--16--14 Bounding Box Drawn
INFO:root:2021-07-21-11--16--14 MovingFrameQueue Popped
INFO:root:2021-07-21-11--16--14 anomallyFrameTracker resetted to 200
INFO:root:2021-07-21-11--16--14 Colour Conversion Completed
INFO:root:2021-07-21-11--16--14 Sleep Check Completed
INFO:root:2021-07-21-11--16--14 Frame manipulations completed
INFO:root:2021-07-21-11--16--14 Bounding Box Drawn
INFO:root:2021-07-21-11--16--14 MovingFrameQueue Appended
INFO:root:2021-07-21-11--16--14 anomallyFrameTracker resetted to 200
INFO:root:2021-07-21-11--16--14 Colour Conversion Completed
INFO:root:2021-07-21-11--16--14 Sleep Check Completed
INFO:root:2021-07-21-11--16--14 Frame manipulations completed
INFO:root:2021-07-21-11--16--14 Bounding Box Drawn
INFO:root:2021-07-21-11--16--14 MovingFrameQueue Popped
INFO:root:2021-07-21-11--16--14 anomallyFrameTracker resetted to 200
INFO:root:2021-07-21-11--16--14 Colour Conversion Completed
INFO:root:2021-07-21-11--16--14 Sleep Check Completed
INFO:root:2021-07-21-11--16--14 Frame manipulations completed
INFO:root:2021-07-21-11--16--14 Bounding Box Drawn
INFO:root:2021-07-21-11--16--15 MovingFrameQueue Appended
INFO:root:2021-07-21-11--16--15 anomallyFrameTracker resetted to 200
INFO:root:2021-07-21-11--16--15 Colour Conversion Completed
INFO:root:2021-07-21-11--16--15 Sleep Check Completed
INFO:root:2021-07-21-11--16--15 Frame manipulations completed
INFO:root:2021-07-21-11--16--15 Bounding Box Drawn
INFO:root:2021-07-21-11--16--15 MovingFrameQueue Popped
INFO:root:2021-07-21-11--16--15 anomallyFrameTracker resetted to 200
INFO:root:2021-07-21-11--16--15 Colour Conversion Completed
INFO:root:2021-07-21-11--16--15 Sleep Check Completed
INFO:root:2021-07-21-11--16--15 Frame manipulations completed
INFO:root:2021-07-21-11--16--15 Bounding Box Drawn
INFO:root:2021-07-21-11--16--15 MovingFrameQueue Appended
INFO:root:2021-07-21-11--16--15 anomallyFrameTracker resetted to 200
INFO:root:2021-07-21-11--16--15 Colour Conversion Completed
INFO:root:2021-07-21-11--16--15 Sleep Check Completed
INFO:root:2021-07-21-11--16--15 Frame manipulations completed
INFO:root:2021-07-21-11--16--15 Bounding Box Drawn
INFO:root:2021-07-21-11--16--15 MovingFrameQueue Popped
INFO:root:2021-07-21-11--16--15 anomallyFrameTracker resetted to 200
INFO:root:2021-07-21-11--16--15 Colour Conversion Completed
INFO:root:2021-07-21-11--16--15 Sleep Check Completed
INFO:root:2021-07-21-11--16--15 Frame manipulations completed
INFO:root:2021-07-21-11--16--15 Bounding Box Drawn
INFO:root:2021-07-21-11--16--15 MovingFrameQueue Appended
INFO:root:2021-07-21-11--16--15 anomallyFrameTracker resetted to 200
INFO:root:2021-07-21-11--16--15 Colour Conversion Completed
INFO:root:2021-07-21-11--16--15 Sleep Check Completed
INFO:root:2021-07-21-11--16--15 Frame manipulations completed
INFO:root:2021-07-21-11--16--15 Bounding Box Drawn
INFO:root:2021-07-21-11--16--16 MovingFrameQueue Popped
INFO:root:2021-07-21-11--16--16 anomallyFrameTracker resetted to 200
INFO:root:2021-07-21-11--16--16 Colour Conversion Completed
INFO:root:2021-07-21-11--16--16 Sleep Check Completed
INFO:root:2021-07-21-11--16--16 Frame manipulations completed
INFO:root:2021-07-21-11--16--16 Bounding Box Drawn
INFO:root:2021-07-21-11--16--16 MovingFrameQueue Appended
INFO:root:2021-07-21-11--16--16 anomallyFrameTracker resetted to 200
INFO:root:2021-07-21-11--16--16 Colour Conversion Completed
INFO:root:2021-07-21-11--16--16 Sleep Check Completed
INFO:root:2021-07-21-11--16--16 Frame manipulations completed
INFO:root:2021-07-21-11--16--16 Bounding Box Drawn
INFO:root:2021-07-21-11--16--16 MovingFrameQueue Popped
INFO:root:2021-07-21-11--16--16 anomallyFrameTracker resetted to 200
INFO:root:2021-07-21-11--16--16 Colour Conversion Completed
INFO:root:2021-07-21-11--16--16 Sleep Check Completed
INFO:root:2021-07-21-11--16--16 Frame manipulations completed
INFO:root:2021-07-21-11--16--16 Bounding Box Drawn
INFO:root:2021-07-21-11--16--16 MovingFrameQueue Appended
INFO:root:2021-07-21-11--16--16 anomallyFrameTracker resetted to 200
INFO:root:2021-07-21-11--16--16 Colour Conversion Completed
INFO:root:2021-07-21-11--16--16 Sleep Check Completed
INFO:root:2021-07-21-11--16--16 Frame manipulations completed
INFO:root:2021-07-21-11--16--16 Bounding Box Drawn
INFO:root:2021-07-21-11--16--16 MovingFrameQueue Popped
INFO:root:2021-07-21-11--16--16 anomallyFrameTracker resetted to 200
INFO:root:2021-07-21-11--16--16 Colour Conversion Completed
INFO:root:2021-07-21-11--16--16 Sleep Check Completed
INFO:root:2021-07-21-11--16--16 Frame manipulations completed
INFO:root:2021-07-21-11--16--16 Bounding Box Drawn
INFO:root:2021-07-21-11--16--16 MovingFrameQueue Appended
INFO:root:2021-07-21-11--16--16 anomallyFrameTracker resetted to 200
INFO:root:2021-07-21-11--16--16 Colour Conversion Completed
INFO:root:2021-07-21-11--16--16 Sleep Check Completed
INFO:root:2021-07-21-11--16--16 Frame manipulations completed
INFO:root:2021-07-21-11--16--16 Bounding Box Drawn
INFO:root:2021-07-21-11--16--16 MovingFrameQueue Popped
INFO:root:2021-07-21-11--16--16 anomallyFrameTracker resetted to 200
INFO:root:2021-07-21-11--16--16 Colour Conversion Completed
INFO:root:2021-07-21-11--16--17 Sleep Check Completed
INFO:root:2021-07-21-11--16--17 Frame manipulations completed
INFO:root:2021-07-21-11--16--17 Bounding Box Drawn
INFO:root:2021-07-21-11--16--17 MovingFrameQueue Appended
INFO:root:2021-07-21-11--16--17 anomallyFrameTracker resetted to 200
INFO:root:2021-07-21-11--16--17 Colour Conversion Completed
INFO:root:2021-07-21-11--16--17 Sleep Check Completed
INFO:root:2021-07-21-11--16--17 Frame manipulations completed
INFO:root:2021-07-21-11--16--17 Bounding Box Drawn
INFO:root:2021-07-21-11--16--17 MovingFrameQueue Popped
INFO:root:2021-07-21-11--16--17 anomallyFrameTracker resetted to 200
INFO:root:2021-07-21-11--16--17 Colour Conversion Completed
INFO:root:2021-07-21-11--16--17 Sleep Check Completed
INFO:root:2021-07-21-11--16--17 Frame manipulations completed
INFO:root:2021-07-21-11--16--17 Bounding Box Drawn
INFO:root:2021-07-21-11--16--17 MovingFrameQueue Appended
INFO:root:2021-07-21-11--16--17 anomallyFrameTracker resetted to 200
INFO:root:2021-07-21-11--16--17 Colour Conversion Completed
INFO:root:2021-07-21-11--16--17 Sleep Check Completed
INFO:root:2021-07-21-11--16--17 Frame manipulations completed
INFO:root:2021-07-21-11--16--17 Bounding Box Drawn
INFO:root:2021-07-21-11--16--17 MovingFrameQueue Popped
INFO:root:2021-07-21-11--16--17 anomallyFrameTracker resetted to 200
INFO:root:2021-07-21-11--16--17 Colour Conversion Completed
INFO:root:2021-07-21-11--16--17 Sleep Check Completed
INFO:root:2021-07-21-11--16--17 Frame manipulations completed
INFO:root:2021-07-21-11--16--17 Bounding Box Drawn
INFO:root:2021-07-21-11--16--18 MovingFrameQueue Appended
INFO:root:2021-07-21-11--16--18 anomallyFrameTracker resetted to 200
INFO:root:2021-07-21-11--16--18 Colour Conversion Completed
INFO:root:2021-07-21-11--16--18 Sleep Check Completed
INFO:root:2021-07-21-11--16--18 Frame manipulations completed
INFO:root:2021-07-21-11--16--18 Bounding Box Drawn
INFO:root:2021-07-21-11--16--18 MovingFrameQueue Popped
INFO:root:2021-07-21-11--16--18 anomallyFrameTracker resetted to 200
INFO:root:2021-07-21-11--16--18 Colour Conversion Completed
INFO:root:2021-07-21-11--16--18 Sleep Check Completed
INFO:root:2021-07-21-11--16--18 Frame manipulations completed
INFO:root:2021-07-21-11--16--18 Bounding Box Drawn
INFO:root:2021-07-21-11--16--18 MovingFrameQueue Appended
INFO:root:2021-07-21-11--16--18 anomallyFrameTracker resetted to 200
INFO:root:2021-07-21-11--16--18 Colour Conversion Completed
INFO:root:2021-07-21-11--16--18 Sleep Check Completed
INFO:root:2021-07-21-11--16--18 Frame manipulations completed
INFO:root:2021-07-21-11--16--18 Bounding Box Drawn
INFO:root:2021-07-21-11--16--18 MovingFrameQueue Popped
INFO:root:2021-07-21-11--16--18 anomallyFrameTracker resetted to 200
INFO:root:2021-07-21-11--16--18 Colour Conversion Completed
INFO:root:2021-07-21-11--16--18 Sleep Check Completed
INFO:root:2021-07-21-11--16--18 Frame manipulations completed
INFO:root:2021-07-21-11--16--18 Bounding Box Drawn
INFO:root:2021-07-21-11--16--18 MovingFrameQueue Appended
INFO:root:2021-07-21-11--16--18 anomallyFrameTracker resetted to 200
INFO:root:2021-07-21-11--16--18 Colour Conversion Completed
INFO:root:2021-07-21-11--16--18 Sleep Check Completed
INFO:root:2021-07-21-11--16--18 Frame manipulations completed
INFO:root:2021-07-21-11--16--18 Bounding Box Drawn
INFO:root:2021-07-21-11--16--19 MovingFrameQueue Popped
INFO:root:2021-07-21-11--16--19 anomallyFrameTracker resetted to 200
INFO:root:2021-07-21-11--16--19 Colour Conversion Completed
INFO:root:2021-07-21-11--16--19 Sleep Check Completed
INFO:root:2021-07-21-11--16--19 Frame manipulations completed
INFO:root:2021-07-21-11--16--19 Bounding Box Drawn
INFO:root:2021-07-21-11--16--19[INFO] elapsed time: 52.98
INFO:root:2021-07-21-11--16--19[INFO] approx. FPS: 4.49
INFO:root:2021-07-21-11--16--19 Getting Auth Token Success
INFO:root:2021-07-21-11--16--19 BedTime Upload Completed
