INFO:root:2021-07-16-14--22--32 Parameter Generation Success
INFO:root:2021-07-16-14--22--32 Colour Conversion Completed
INFO:root:2021-07-16-14--22--32 Sleep Check Completed
INFO:root:2021-07-16-14--22--32 Frame manipulations completed
INFO:root:2021-07-16-14--22--32 Bounding Box Drawn
INFO:root:2021-07-16-14--22--37 MovingFrameQueue Appended
INFO:root:2021-07-16-14--22--37 anomallyFrameTracker resetted to 200
INFO:root:2021-07-16-14--22--37 Colour Conversion Completed
INFO:root:2021-07-16-14--22--37 Sleep Check Completed
INFO:root:2021-07-16-14--22--37 Frame manipulations completed
INFO:root:2021-07-16-14--22--37 Bounding Box Drawn
INFO:root:2021-07-16-14--22--37 MovingFrameQueue Appended
INFO:root:2021-07-16-14--22--37 anomallyFrameTracker resetted to 200
INFO:root:2021-07-16-14--22--37 Colour Conversion Completed
INFO:root:2021-07-16-14--22--37 Sleep Check Completed
INFO:root:2021-07-16-14--22--37 Frame manipulations completed
INFO:root:2021-07-16-14--22--37 Bounding Box Drawn
INFO:root:2021-07-16-14--22--38 MovingFrameQueue Appended
INFO:root:2021-07-16-14--22--38 anomallyFrameTracker resetted to 200
INFO:root:2021-07-16-14--22--38 Colour Conversion Completed
INFO:root:2021-07-16-14--22--38 Sleep Check Completed
INFO:root:2021-07-16-14--22--38 Frame manipulations completed
INFO:root:2021-07-16-14--22--38 Bounding Box Drawn
INFO:root:2021-07-16-14--22--38 MovingFrameQueue Appended
INFO:root:2021-07-16-14--22--38 anomallyFrameTracker resetted to 200
INFO:root:2021-07-16-14--22--38 Colour Conversion Completed
INFO:root:2021-07-16-14--22--38 Sleep Check Completed
INFO:root:2021-07-16-14--22--38 Frame manipulations completed
INFO:root:2021-07-16-14--22--38 Bounding Box Drawn
INFO:root:2021-07-16-14--22--38 MovingFrameQueue Appended
INFO:root:2021-07-16-14--22--38 anomallyFrameTracker resetted to 200
INFO:root:2021-07-16-14--22--38 Colour Conversion Completed
INFO:root:2021-07-16-14--22--38 Sleep Check Completed
INFO:root:2021-07-16-14--22--38 Frame manipulations completed
INFO:root:2021-07-16-14--22--38 Bounding Box Drawn
INFO:root:2021-07-16-14--22--38 MovingFrameQueue Appended
INFO:root:2021-07-16-14--22--38 anomallyFrameTracker resetted to 200
INFO:root:2021-07-16-14--22--38 Colour Conversion Completed
INFO:root:2021-07-16-14--22--38 Sleep Check Completed
INFO:root:2021-07-16-14--22--38 Frame manipulations completed
INFO:root:2021-07-16-14--22--38 Bounding Box Drawn
INFO:root:2021-07-16-14--22--38 MovingFrameQueue Appended
INFO:root:2021-07-16-14--22--38 anomallyFrameTracker resetted to 200
INFO:root:2021-07-16-14--22--38 Colour Conversion Completed
INFO:root:2021-07-16-14--22--38 Sleep Check Completed
INFO:root:2021-07-16-14--22--38 Frame manipulations completed
INFO:root:2021-07-16-14--22--38 Bounding Box Drawn
INFO:root:2021-07-16-14--22--39 MovingFrameQueue Appended
INFO:root:2021-07-16-14--22--39 anomallyFrameTracker resetted to 200
INFO:root:2021-07-16-14--22--39 Colour Conversion Completed
INFO:root:2021-07-16-14--22--39 Sleep Check Completed
INFO:root:2021-07-16-14--22--39 Frame manipulations completed
INFO:root:2021-07-16-14--22--39 Bounding Box Drawn
INFO:root:2021-07-16-14--22--39 MovingFrameQueue Appended
INFO:root:2021-07-16-14--22--39 anomallyFrameTracker resetted to 200
INFO:root:2021-07-16-14--22--39 Colour Conversion Completed
INFO:root:2021-07-16-14--22--39 Sleep Check Completed
INFO:root:2021-07-16-14--22--39 Frame manipulations completed
INFO:root:2021-07-16-14--22--39 Bounding Box Drawn
INFO:root:2021-07-16-14--22--40 MovingFrameQueue Appended
INFO:root:2021-07-16-14--22--40 anomallyFrameTracker resetted to 200
INFO:root:2021-07-16-14--22--40 Colour Conversion Completed
INFO:root:2021-07-16-14--22--40 Sleep Check Completed
INFO:root:2021-07-16-14--22--40 Frame manipulations completed
INFO:root:2021-07-16-14--22--40 Bounding Box Drawn
INFO:root:2021-07-16-14--22--40 MovingFrameQueue Appended
INFO:root:2021-07-16-14--22--40 anomallyFrameTracker resetted to 200
INFO:root:2021-07-16-14--22--40 Colour Conversion Completed
INFO:root:2021-07-16-14--22--40 Sleep Check Completed
INFO:root:2021-07-16-14--22--40 Frame manipulations completed
INFO:root:2021-07-16-14--22--40 Bounding Box Drawn
INFO:root:2021-07-16-14--22--40 MovingFrameQueue Appended
INFO:root:2021-07-16-14--22--40 anomallyFrameTracker resetted to 200
INFO:root:2021-07-16-14--22--40 Colour Conversion Completed
INFO:root:2021-07-16-14--22--40 Sleep Check Completed
INFO:root:2021-07-16-14--22--40 Frame manipulations completed
INFO:root:2021-07-16-14--22--40 Bounding Box Drawn
INFO:root:2021-07-16-14--22--40 MovingFrameQueue Appended
INFO:root:2021-07-16-14--22--40 anomallyFrameTracker resetted to 200
INFO:root:2021-07-16-14--22--40 Colour Conversion Completed
INFO:root:2021-07-16-14--22--40 Sleep Check Completed
INFO:root:2021-07-16-14--22--40 Frame manipulations completed
INFO:root:2021-07-16-14--22--40 Bounding Box Drawn
INFO:root:2021-07-16-14--22--40 MovingFrameQueue Appended
INFO:root:2021-07-16-14--22--40 anomallyFrameTracker resetted to 200
INFO:root:2021-07-16-14--22--40 Colour Conversion Completed
INFO:root:2021-07-16-14--22--40 Sleep Check Completed
INFO:root:2021-07-16-14--22--40 Frame manipulations completed
INFO:root:2021-07-16-14--22--40 Bounding Box Drawn
INFO:root:2021-07-16-14--22--40 MovingFrameQueue Appended
INFO:root:2021-07-16-14--22--40 anomallyFrameTracker resetted to 200
INFO:root:2021-07-16-14--22--40 Colour Conversion Completed
INFO:root:2021-07-16-14--22--40 Sleep Check Completed
INFO:root:2021-07-16-14--22--40 Frame manipulations completed
INFO:root:2021-07-16-14--22--40 Bounding Box Drawn
INFO:root:2021-07-16-14--22--41 MovingFrameQueue Appended
INFO:root:2021-07-16-14--22--41 anomallyFrameTracker resetted to 200
INFO:root:2021-07-16-14--22--41 Colour Conversion Completed
INFO:root:2021-07-16-14--22--41 Sleep Check Completed
INFO:root:2021-07-16-14--22--41 Frame manipulations completed
INFO:root:2021-07-16-14--22--41 Bounding Box Drawn
INFO:root:2021-07-16-14--22--41 MovingFrameQueue Appended
INFO:root:2021-07-16-14--22--41 anomallyFrameTracker resetted to 200
INFO:root:2021-07-16-14--22--41 Colour Conversion Completed
INFO:root:2021-07-16-14--22--41 Sleep Check Completed
INFO:root:2021-07-16-14--22--41 Frame manipulations completed
INFO:root:2021-07-16-14--22--41 Bounding Box Drawn
INFO:root:2021-07-16-14--22--41 MovingFrameQueue Appended
INFO:root:2021-07-16-14--22--41 anomallyFrameTracker resetted to 200
INFO:root:2021-07-16-14--22--41 Colour Conversion Completed
INFO:root:2021-07-16-14--22--41 Sleep Check Completed
INFO:root:2021-07-16-14--22--41 Frame manipulations completed
INFO:root:2021-07-16-14--22--41 Bounding Box Drawn
INFO:root:2021-07-16-14--22--41 MovingFrameQueue Appended
INFO:root:2021-07-16-14--22--41 anomallyFrameTracker resetted to 200
INFO:root:2021-07-16-14--22--41 Colour Conversion Completed
INFO:root:2021-07-16-14--22--41 Sleep Check Completed
INFO:root:2021-07-16-14--22--41 Frame manipulations completed
INFO:root:2021-07-16-14--22--41 Bounding Box Drawn
INFO:root:2021-07-16-14--22--41 MovingFrameQueue Appended
INFO:root:2021-07-16-14--22--41 anomallyFrameTracker resetted to 200
INFO:root:2021-07-16-14--22--41 Colour Conversion Completed
INFO:root:2021-07-16-14--22--41 Sleep Check Completed
INFO:root:2021-07-16-14--22--41 Frame manipulations completed
INFO:root:2021-07-16-14--22--41 Bounding Box Drawn
INFO:root:2021-07-16-14--22--41 MovingFrameQueue Appended
INFO:root:2021-07-16-14--22--41 anomallyFrameTracker resetted to 200
INFO:root:2021-07-16-14--22--41 Colour Conversion Completed
INFO:root:2021-07-16-14--22--41 Sleep Check Completed
INFO:root:2021-07-16-14--22--41 Frame manipulations completed
INFO:root:2021-07-16-14--22--41 Bounding Box Drawn
INFO:root:2021-07-16-14--22--41 MovingFrameQueue Appended
INFO:root:2021-07-16-14--22--41 anomallyFrameTracker resetted to 200
INFO:root:2021-07-16-14--22--41 Colour Conversion Completed
INFO:root:2021-07-16-14--22--41 Sleep Check Completed
INFO:root:2021-07-16-14--22--41 Frame manipulations completed
INFO:root:2021-07-16-14--22--41 Bounding Box Drawn
INFO:root:2021-07-16-14--22--41 MovingFrameQueue Appended
INFO:root:2021-07-16-14--22--41 anomallyFrameTracker resetted to 200
INFO:root:2021-07-16-14--22--41 Colour Conversion Completed
INFO:root:2021-07-16-14--22--41 Sleep Check Completed
INFO:root:2021-07-16-14--22--41 Frame manipulations completed
INFO:root:2021-07-16-14--22--41 Bounding Box Drawn
INFO:root:2021-07-16-14--22--42 MovingFrameQueue Appended
INFO:root:2021-07-16-14--22--42 anomallyFrameTracker resetted to 200
INFO:root:2021-07-16-14--22--42 Colour Conversion Completed
INFO:root:2021-07-16-14--22--42 Sleep Check Completed
INFO:root:2021-07-16-14--22--42 Frame manipulations completed
INFO:root:2021-07-16-14--22--42 Bounding Box Drawn
INFO:root:2021-07-16-14--22--42 MovingFrameQueue Appended
INFO:root:2021-07-16-14--22--42 anomallyFrameTracker resetted to 200
INFO:root:2021-07-16-14--22--42 Colour Conversion Completed
INFO:root:2021-07-16-14--22--42 Sleep Check Completed
INFO:root:2021-07-16-14--22--42 Frame manipulations completed
INFO:root:2021-07-16-14--22--42 Bounding Box Drawn
INFO:root:2021-07-16-14--22--42 MovingFrameQueue Appended
INFO:root:2021-07-16-14--22--42 anomallyFrameTracker resetted to 200
INFO:root:2021-07-16-14--22--42 Colour Conversion Completed
INFO:root:2021-07-16-14--22--42 Sleep Check Completed
INFO:root:2021-07-16-14--22--42 Frame manipulations completed
INFO:root:2021-07-16-14--22--42 Bounding Box Drawn
INFO:root:2021-07-16-14--22--42 MovingFrameQueue Appended
INFO:root:2021-07-16-14--22--42 anomallyFrameTracker resetted to 200
INFO:root:2021-07-16-14--22--42 Colour Conversion Completed
INFO:root:2021-07-16-14--22--42 Sleep Check Completed
INFO:root:2021-07-16-14--22--42 Frame manipulations completed
INFO:root:2021-07-16-14--22--42 Bounding Box Drawn
INFO:root:2021-07-16-14--22--42 MovingFrameQueue Appended
INFO:root:2021-07-16-14--22--42 anomallyFrameTracker resetted to 200
INFO:root:2021-07-16-14--22--42 Colour Conversion Completed
INFO:root:2021-07-16-14--22--42 Sleep Check Completed
INFO:root:2021-07-16-14--22--42 Frame manipulations completed
INFO:root:2021-07-16-14--22--42 Bounding Box Drawn
INFO:root:2021-07-16-14--22--42 MovingFrameQueue Appended
INFO:root:2021-07-16-14--22--42 anomallyFrameTracker resetted to 200
INFO:root:2021-07-16-14--22--42 Colour Conversion Completed
INFO:root:2021-07-16-14--22--42 Sleep Check Completed
INFO:root:2021-07-16-14--22--42 Frame manipulations completed
INFO:root:2021-07-16-14--22--42 Bounding Box Drawn
INFO:root:2021-07-16-14--22--42 MovingFrameQueue Appended
INFO:root:2021-07-16-14--22--42 anomallyFrameTracker resetted to 200
INFO:root:2021-07-16-14--22--42 Colour Conversion Completed
INFO:root:2021-07-16-14--22--42 Sleep Check Completed
INFO:root:2021-07-16-14--22--42 Frame manipulations completed
INFO:root:2021-07-16-14--22--42 Bounding Box Drawn
INFO:root:2021-07-16-14--22--43 MovingFrameQueue Appended
INFO:root:2021-07-16-14--22--43 anomallyFrameTracker resetted to 200
INFO:root:2021-07-16-14--22--43 Colour Conversion Completed
INFO:root:2021-07-16-14--22--43 Sleep Check Completed
INFO:root:2021-07-16-14--22--43 Frame manipulations completed
INFO:root:2021-07-16-14--22--43 Bounding Box Drawn
INFO:root:2021-07-16-14--22--43 MovingFrameQueue Appended
INFO:root:2021-07-16-14--22--43 anomallyFrameTracker resetted to 200
INFO:root:2021-07-16-14--22--43 Colour Conversion Completed
INFO:root:2021-07-16-14--22--43 Sleep Check Completed
INFO:root:2021-07-16-14--22--43 Frame manipulations completed
INFO:root:2021-07-16-14--22--43 Bounding Box Drawn
INFO:root:2021-07-16-14--22--43 MovingFrameQueue Appended
INFO:root:2021-07-16-14--22--43 anomallyFrameTracker resetted to 200
INFO:root:2021-07-16-14--22--43 Colour Conversion Completed
INFO:root:2021-07-16-14--22--43 Sleep Check Completed
INFO:root:2021-07-16-14--22--43 Frame manipulations completed
INFO:root:2021-07-16-14--22--43 Bounding Box Drawn
INFO:root:2021-07-16-14--22--43 MovingFrameQueue Appended
INFO:root:2021-07-16-14--22--43 anomallyFrameTracker resetted to 200
INFO:root:2021-07-16-14--22--43 Colour Conversion Completed
INFO:root:2021-07-16-14--22--43 Sleep Check Completed
INFO:root:2021-07-16-14--22--43 Frame manipulations completed
INFO:root:2021-07-16-14--22--43 Bounding Box Drawn
INFO:root:2021-07-16-14--22--43 MovingFrameQueue Appended
INFO:root:2021-07-16-14--22--43 anomallyFrameTracker resetted to 200
INFO:root:2021-07-16-14--22--43 Colour Conversion Completed
INFO:root:2021-07-16-14--22--43 Sleep Check Completed
INFO:root:2021-07-16-14--22--43 Frame manipulations completed
INFO:root:2021-07-16-14--22--43 Bounding Box Drawn
INFO:root:2021-07-16-14--22--43 MovingFrameQueue Appended
INFO:root:2021-07-16-14--22--43 anomallyFrameTracker resetted to 200
INFO:root:2021-07-16-14--22--43 Colour Conversion Completed
INFO:root:2021-07-16-14--22--43 Sleep Check Completed
INFO:root:2021-07-16-14--22--43 Frame manipulations completed
INFO:root:2021-07-16-14--22--43 Bounding Box Drawn
INFO:root:2021-07-16-14--22--43 MovingFrameQueue Appended
INFO:root:2021-07-16-14--22--43 anomallyFrameTracker resetted to 200
INFO:root:2021-07-16-14--22--43 Colour Conversion Completed
INFO:root:2021-07-16-14--22--43 Sleep Check Completed
INFO:root:2021-07-16-14--22--43 Frame manipulations completed
INFO:root:2021-07-16-14--22--43 Bounding Box Drawn
INFO:root:2021-07-16-14--22--43 MovingFrameQueue Appended
INFO:root:2021-07-16-14--22--43 anomallyFrameTracker resetted to 200
INFO:root:2021-07-16-14--22--43 Colour Conversion Completed
INFO:root:2021-07-16-14--22--43 Sleep Check Completed
INFO:root:2021-07-16-14--22--43 Frame manipulations completed
INFO:root:2021-07-16-14--22--43 Bounding Box Drawn
INFO:root:2021-07-16-14--22--44 MovingFrameQueue Appended
INFO:root:2021-07-16-14--22--44 anomallyFrameTracker resetted to 200
INFO:root:2021-07-16-14--22--44 Colour Conversion Completed
INFO:root:2021-07-16-14--22--44 Sleep Check Completed
INFO:root:2021-07-16-14--22--44 Frame manipulations completed
INFO:root:2021-07-16-14--22--44 Bounding Box Drawn
INFO:root:2021-07-16-14--22--44 MovingFrameQueue Appended
INFO:root:2021-07-16-14--22--44 anomallyFrameTracker resetted to 200
INFO:root:2021-07-16-14--22--44 Colour Conversion Completed
INFO:root:2021-07-16-14--22--44 Sleep Check Completed
INFO:root:2021-07-16-14--22--44 Frame manipulations completed
INFO:root:2021-07-16-14--22--44 Bounding Box Drawn
INFO:root:2021-07-16-14--22--44 MovingFrameQueue Appended
INFO:root:2021-07-16-14--22--44 anomallyFrameTracker resetted to 200
INFO:root:2021-07-16-14--22--44 Colour Conversion Completed
INFO:root:2021-07-16-14--22--44 Sleep Check Completed
INFO:root:2021-07-16-14--22--44 Frame manipulations completed
INFO:root:2021-07-16-14--22--44 Bounding Box Drawn
INFO:root:2021-07-16-14--22--44 MovingFrameQueue Appended
INFO:root:2021-07-16-14--22--44 anomallyFrameTracker resetted to 200
INFO:root:2021-07-16-14--22--44 Colour Conversion Completed
INFO:root:2021-07-16-14--22--44 Sleep Check Completed
INFO:root:2021-07-16-14--22--44 Frame manipulations completed
INFO:root:2021-07-16-14--22--44 Bounding Box Drawn
INFO:root:2021-07-16-14--22--44 MovingFrameQueue Appended
INFO:root:2021-07-16-14--22--44 anomallyFrameTracker resetted to 200
INFO:root:2021-07-16-14--22--44 Colour Conversion Completed
INFO:root:2021-07-16-14--22--44 Sleep Check Completed
INFO:root:2021-07-16-14--22--44 Frame manipulations completed
INFO:root:2021-07-16-14--22--44 Bounding Box Drawn
INFO:root:2021-07-16-14--22--44 MovingFrameQueue Appended
INFO:root:2021-07-16-14--22--44 anomallyFrameTracker resetted to 200
INFO:root:2021-07-16-14--22--44 Colour Conversion Completed
INFO:root:2021-07-16-14--22--44 Sleep Check Completed
INFO:root:2021-07-16-14--22--44 Frame manipulations completed
INFO:root:2021-07-16-14--22--44 Bounding Box Drawn
INFO:root:2021-07-16-14--22--45 MovingFrameQueue Appended
INFO:root:2021-07-16-14--22--45 anomallyFrameTracker resetted to 200
INFO:root:2021-07-16-14--22--45 Colour Conversion Completed
INFO:root:2021-07-16-14--22--45 Sleep Check Completed
INFO:root:2021-07-16-14--22--45 Frame manipulations completed
INFO:root:2021-07-16-14--22--45 Bounding Box Drawn
INFO:root:2021-07-16-14--22--45 MovingFrameQueue Appended
INFO:root:2021-07-16-14--22--45 anomallyFrameTracker resetted to 200
INFO:root:2021-07-16-14--22--45 Colour Conversion Completed
INFO:root:2021-07-16-14--22--45 Sleep Check Completed
INFO:root:2021-07-16-14--22--45 Frame manipulations completed
INFO:root:2021-07-16-14--22--45 Bounding Box Drawn
INFO:root:2021-07-16-14--22--45 MovingFrameQueue Appended
INFO:root:2021-07-16-14--22--45 anomallyFrameTracker resetted to 200
INFO:root:2021-07-16-14--22--45 Colour Conversion Completed
INFO:root:2021-07-16-14--22--45 Sleep Check Completed
INFO:root:2021-07-16-14--22--45 Frame manipulations completed
INFO:root:2021-07-16-14--22--45 Bounding Box Drawn
INFO:root:2021-07-16-14--22--45 MovingFrameQueue Appended
INFO:root:2021-07-16-14--22--45 anomallyFrameTracker resetted to 200
INFO:root:2021-07-16-14--22--45 Colour Conversion Completed
INFO:root:2021-07-16-14--22--45 Sleep Check Completed
INFO:root:2021-07-16-14--22--45 Frame manipulations completed
INFO:root:2021-07-16-14--22--45 Bounding Box Drawn
INFO:root:2021-07-16-14--22--45 MovingFrameQueue Appended
INFO:root:2021-07-16-14--22--45 anomallyFrameTracker resetted to 200
INFO:root:2021-07-16-14--22--45 Colour Conversion Completed
INFO:root:2021-07-16-14--22--45 Sleep Check Completed
INFO:root:2021-07-16-14--22--45 Frame manipulations completed
INFO:root:2021-07-16-14--22--45 Bounding Box Drawn
INFO:root:2021-07-16-14--22--46 MovingFrameQueue Appended
INFO:root:2021-07-16-14--22--46 anomallyFrameTracker resetted to 200
INFO:root:2021-07-16-14--22--46 Colour Conversion Completed
INFO:root:2021-07-16-14--22--46 Sleep Check Completed
INFO:root:2021-07-16-14--22--46 Frame manipulations completed
INFO:root:2021-07-16-14--22--46 Bounding Box Drawn
INFO:root:2021-07-16-14--22--46 MovingFrameQueue Appended
INFO:root:2021-07-16-14--22--46 anomallyFrameTracker resetted to 200
INFO:root:2021-07-16-14--22--46 Colour Conversion Completed
INFO:root:2021-07-16-14--22--46 Sleep Check Completed
INFO:root:2021-07-16-14--22--46 Frame manipulations completed
INFO:root:2021-07-16-14--22--46 Bounding Box Drawn
INFO:root:2021-07-16-14--22--46 MovingFrameQueue Popped
INFO:root:2021-07-16-14--22--46 anomallyFrameTracker resetted to 200
INFO:root:2021-07-16-14--22--46 Colour Conversion Completed
INFO:root:2021-07-16-14--22--46 Sleep Check Completed
INFO:root:2021-07-16-14--22--46 Frame manipulations completed
INFO:root:2021-07-16-14--22--46 Bounding Box Drawn
INFO:root:2021-07-16-14--22--46 MovingFrameQueue Appended
INFO:root:2021-07-16-14--22--46 anomallyFrameTracker resetted to 200
INFO:root:2021-07-16-14--22--46 Colour Conversion Completed
INFO:root:2021-07-16-14--22--46 Sleep Check Completed
INFO:root:2021-07-16-14--22--46 Frame manipulations completed
INFO:root:2021-07-16-14--22--46 Bounding Box Drawn
INFO:root:2021-07-16-14--22--46 MovingFrameQueue Popped
INFO:root:2021-07-16-14--22--46 anomallyFrameTracker resetted to 200
INFO:root:2021-07-16-14--22--46 Colour Conversion Completed
INFO:root:2021-07-16-14--22--46 Sleep Check Completed
INFO:root:2021-07-16-14--22--46 Frame manipulations completed
INFO:root:2021-07-16-14--22--46 Bounding Box Drawn
INFO:root:2021-07-16-14--22--46 MovingFrameQueue Appended
INFO:root:2021-07-16-14--22--46 anomallyFrameTracker resetted to 200
INFO:root:2021-07-16-14--22--46 Colour Conversion Completed
INFO:root:2021-07-16-14--22--46 Sleep Check Completed
INFO:root:2021-07-16-14--22--46 Frame manipulations completed
INFO:root:2021-07-16-14--22--46 Bounding Box Drawn
INFO:root:2021-07-16-14--22--47 MovingFrameQueue Popped
INFO:root:2021-07-16-14--22--47 anomallyFrameTracker resetted to 200
INFO:root:2021-07-16-14--22--47 Colour Conversion Completed
INFO:root:2021-07-16-14--22--47 Sleep Check Completed
INFO:root:2021-07-16-14--22--47 Frame manipulations completed
INFO:root:2021-07-16-14--22--47 Bounding Box Drawn
INFO:root:2021-07-16-14--22--47 MovingFrameQueue Appended
INFO:root:2021-07-16-14--22--47 anomallyFrameTracker resetted to 200
INFO:root:2021-07-16-14--22--47 Colour Conversion Completed
INFO:root:2021-07-16-14--22--47 Sleep Check Completed
INFO:root:2021-07-16-14--22--47 Frame manipulations completed
INFO:root:2021-07-16-14--22--47 Bounding Box Drawn
INFO:root:2021-07-16-14--22--47 MovingFrameQueue Popped
INFO:root:2021-07-16-14--22--47 anomallyFrameTracker resetted to 200
INFO:root:2021-07-16-14--22--47 Colour Conversion Completed
INFO:root:2021-07-16-14--22--47 Sleep Check Completed
INFO:root:2021-07-16-14--22--47 Frame manipulations completed
INFO:root:2021-07-16-14--22--47 Bounding Box Drawn
INFO:root:2021-07-16-14--22--47 MovingFrameQueue Appended
INFO:root:2021-07-16-14--22--47 anomallyFrameTracker resetted to 200
INFO:root:2021-07-16-14--22--47 Colour Conversion Completed
INFO:root:2021-07-16-14--22--47 Sleep Check Completed
INFO:root:2021-07-16-14--22--47 Frame manipulations completed
INFO:root:2021-07-16-14--22--47 Bounding Box Drawn
INFO:root:2021-07-16-14--22--47 MovingFrameQueue Popped
INFO:root:2021-07-16-14--22--47 anomallyFrameTracker resetted to 200
INFO:root:2021-07-16-14--22--47 Colour Conversion Completed
INFO:root:2021-07-16-14--22--47 Sleep Check Completed
INFO:root:2021-07-16-14--22--47 Frame manipulations completed
INFO:root:2021-07-16-14--22--47 Bounding Box Drawn
INFO:root:2021-07-16-14--22--47 MovingFrameQueue Appended
INFO:root:2021-07-16-14--22--47 anomallyFrameTracker resetted to 200
INFO:root:2021-07-16-14--22--47 Colour Conversion Completed
INFO:root:2021-07-16-14--22--47 Sleep Check Completed
INFO:root:2021-07-16-14--22--47 Frame manipulations completed
INFO:root:2021-07-16-14--22--47 Bounding Box Drawn
INFO:root:2021-07-16-14--22--48 MovingFrameQueue Popped
INFO:root:2021-07-16-14--22--48 anomallyFrameTracker resetted to 200
INFO:root:2021-07-16-14--22--48 Colour Conversion Completed
INFO:root:2021-07-16-14--22--48 Sleep Check Completed
INFO:root:2021-07-16-14--22--48 Frame manipulations completed
INFO:root:2021-07-16-14--22--48 Bounding Box Drawn
INFO:root:2021-07-16-14--22--48 MovingFrameQueue Appended
INFO:root:2021-07-16-14--22--48 anomallyFrameTracker resetted to 200
INFO:root:2021-07-16-14--22--48 Colour Conversion Completed
INFO:root:2021-07-16-14--22--48 Sleep Check Completed
INFO:root:2021-07-16-14--22--48 Frame manipulations completed
INFO:root:2021-07-16-14--22--48 Bounding Box Drawn
INFO:root:2021-07-16-14--22--48 MovingFrameQueue Popped
INFO:root:2021-07-16-14--22--48 anomallyFrameTracker resetted to 200
INFO:root:2021-07-16-14--22--48 Colour Conversion Completed
INFO:root:2021-07-16-14--22--48 Sleep Check Completed
INFO:root:2021-07-16-14--22--48 Frame manipulations completed
INFO:root:2021-07-16-14--22--48 Bounding Box Drawn
INFO:root:2021-07-16-14--22--48 MovingFrameQueue Appended
INFO:root:2021-07-16-14--22--48 anomallyFrameTracker resetted to 200
INFO:root:2021-07-16-14--22--48 Colour Conversion Completed
INFO:root:2021-07-16-14--22--48 Sleep Check Completed
INFO:root:2021-07-16-14--22--48 Frame manipulations completed
INFO:root:2021-07-16-14--22--48 Bounding Box Drawn
INFO:root:2021-07-16-14--22--48 MovingFrameQueue Popped
INFO:root:2021-07-16-14--22--48 anomallyFrameTracker resetted to 200
INFO:root:2021-07-16-14--22--48 Colour Conversion Completed
INFO:root:2021-07-16-14--22--48 Sleep Check Completed
INFO:root:2021-07-16-14--22--48 Frame manipulations completed
INFO:root:2021-07-16-14--22--48 Bounding Box Drawn
INFO:root:2021-07-16-14--22--48 MovingFrameQueue Appended
INFO:root:2021-07-16-14--22--48 anomallyFrameTracker resetted to 200
INFO:root:2021-07-16-14--22--48 Colour Conversion Completed
INFO:root:2021-07-16-14--22--48 Sleep Check Completed
INFO:root:2021-07-16-14--22--48 Frame manipulations completed
INFO:root:2021-07-16-14--22--48 Bounding Box Drawn
INFO:root:2021-07-16-14--22--49 MovingFrameQueue Popped
INFO:root:2021-07-16-14--22--49 anomallyFrameTracker resetted to 200
INFO:root:2021-07-16-14--22--49 Colour Conversion Completed
INFO:root:2021-07-16-14--22--49 Sleep Check Completed
INFO:root:2021-07-16-14--22--49 Frame manipulations completed
INFO:root:2021-07-16-14--22--49 Bounding Box Drawn
INFO:root:2021-07-16-14--22--49[INFO] elapsed time: 16.86
INFO:root:2021-07-16-14--22--49[INFO] approx. FPS: 4.03
INFO:root:2021-07-16-14--22--49 Getting Auth Token Success
INFO:root:2021-07-16-14--22--50 BedTime Upload Completed
