INFO:root:2021-07-16-10--57--11 Parameter Generation Success
INFO:root:2021-07-16-10--57--11 Colour Conversion Completed
INFO:root:2021-07-16-10--57--12 Sleep Check Completed
INFO:root:2021-07-16-10--57--12 Frame manipulations completed
INFO:root:2021-07-16-10--57--12 Bounding Box Drawn
INFO:root:2021-07-16-10--57--12 MovingFrameQueue Appended
INFO:root:2021-07-16-10--57--12 anomallyFrameTracker resetted to 200
INFO:root:2021-07-16-10--57--12 anomallyFrameTracker resetted to 200
INFO:root:2021-07-16-10--57--12 anomallyFrameTracker resetted to 200
INFO:root:2021-07-16-10--57--12 Colour Conversion Completed
INFO:root:2021-07-16-10--57--12 Sleep Check Completed
INFO:root:2021-07-16-10--57--12 Frame manipulations completed
INFO:root:2021-07-16-10--57--12 Bounding Box Drawn
INFO:root:2021-07-16-10--57--12 MovingFrameQueue Appended
INFO:root:2021-07-16-10--57--12 anomallyFrameTracker resetted to 200
INFO:root:2021-07-16-10--57--12 anomallyFrameTracker resetted to 200
INFO:root:2021-07-16-10--57--12 anomallyFrameTracker resetted to 200
INFO:root:2021-07-16-10--57--12 Colour Conversion Completed
INFO:root:2021-07-16-10--57--12 Sleep Check Completed
INFO:root:2021-07-16-10--57--12 Frame manipulations completed
INFO:root:2021-07-16-10--57--12 Bounding Box Drawn
INFO:root:2021-07-16-10--57--12 MovingFrameQueue Appended
INFO:root:2021-07-16-10--57--12 anomallyFrameTracker resetted to 200
INFO:root:2021-07-16-10--57--12 anomallyFrameTracker resetted to 200
INFO:root:2021-07-16-10--57--12 anomallyFrameTracker resetted to 200
INFO:root:2021-07-16-10--57--12 Colour Conversion Completed
INFO:root:2021-07-16-10--57--12 Sleep Check Completed
INFO:root:2021-07-16-10--57--12 Frame manipulations completed
INFO:root:2021-07-16-10--57--12 Bounding Box Drawn
INFO:root:2021-07-16-10--57--12 MovingFrameQueue Appended
INFO:root:2021-07-16-10--57--12 anomallyFrameTracker resetted to 200
INFO:root:2021-07-16-10--57--12 anomallyFrameTracker resetted to 200
INFO:root:2021-07-16-10--57--12 anomallyFrameTracker resetted to 200
INFO:root:2021-07-16-10--57--12 Colour Conversion Completed
INFO:root:2021-07-16-10--57--12 Sleep Check Completed
INFO:root:2021-07-16-10--57--12 Frame manipulations completed
INFO:root:2021-07-16-10--57--12 Bounding Box Drawn
INFO:root:2021-07-16-10--57--12 MovingFrameQueue Appended
INFO:root:2021-07-16-10--57--12 anomallyFrameTracker resetted to 200
INFO:root:2021-07-16-10--57--12 anomallyFrameTracker resetted to 200
INFO:root:2021-07-16-10--57--12 anomallyFrameTracker resetted to 200
INFO:root:2021-07-16-10--57--12 Colour Conversion Completed
INFO:root:2021-07-16-10--57--12 Sleep Check Completed
INFO:root:2021-07-16-10--57--12 Frame manipulations completed
INFO:root:2021-07-16-10--57--12 Bounding Box Drawn
INFO:root:2021-07-16-10--57--12 MovingFrameQueue Appended
INFO:root:2021-07-16-10--57--12 anomallyFrameTracker resetted to 200
INFO:root:2021-07-16-10--57--12 anomallyFrameTracker resetted to 200
INFO:root:2021-07-16-10--57--12 anomallyFrameTracker resetted to 200
INFO:root:2021-07-16-10--57--12 Colour Conversion Completed
INFO:root:2021-07-16-10--57--12 Sleep Check Completed
INFO:root:2021-07-16-10--57--12 Frame manipulations completed
INFO:root:2021-07-16-10--57--12 Bounding Box Drawn
INFO:root:2021-07-16-10--57--13 MovingFrameQueue Appended
INFO:root:2021-07-16-10--57--13 anomallyFrameTracker resetted to 200
INFO:root:2021-07-16-10--57--13 anomallyFrameTracker resetted to 200
INFO:root:2021-07-16-10--57--13 anomallyFrameTracker resetted to 200
INFO:root:2021-07-16-10--57--13 Colour Conversion Completed
INFO:root:2021-07-16-10--57--13 Sleep Check Completed
INFO:root:2021-07-16-10--57--13 Frame manipulations completed
INFO:root:2021-07-16-10--57--13 Bounding Box Drawn
INFO:root:2021-07-16-10--57--13 MovingFrameQueue Appended
INFO:root:2021-07-16-10--57--13 anomallyFrameTracker resetted to 200
INFO:root:2021-07-16-10--57--13 anomallyFrameTracker resetted to 200
INFO:root:2021-07-16-10--57--13 anomallyFrameTracker resetted to 200
INFO:root:2021-07-16-10--57--13 Colour Conversion Completed
INFO:root:2021-07-16-10--57--13 Sleep Check Completed
INFO:root:2021-07-16-10--57--13 Frame manipulations completed
INFO:root:2021-07-16-10--57--13 Bounding Box Drawn
INFO:root:2021-07-16-10--57--13 MovingFrameQueue Appended
INFO:root:2021-07-16-10--57--13 anomallyFrameTracker resetted to 200
INFO:root:2021-07-16-10--57--13 anomallyFrameTracker resetted to 200
INFO:root:2021-07-16-10--57--13 anomallyFrameTracker resetted to 200
INFO:root:2021-07-16-10--57--13 Colour Conversion Completed
INFO:root:2021-07-16-10--57--13 Sleep Check Completed
INFO:root:2021-07-16-10--57--13 Frame manipulations completed
INFO:root:2021-07-16-10--57--13 Bounding Box Drawn
INFO:root:2021-07-16-10--57--13 MovingFrameQueue Appended
INFO:root:2021-07-16-10--57--13 anomallyFrameTracker resetted to 200
INFO:root:2021-07-16-10--57--13 anomallyFrameTracker resetted to 200
INFO:root:2021-07-16-10--57--13 anomallyFrameTracker resetted to 200
INFO:root:2021-07-16-10--57--13 Colour Conversion Completed
INFO:root:2021-07-16-10--57--13 Sleep Check Completed
INFO:root:2021-07-16-10--57--13 Frame manipulations completed
INFO:root:2021-07-16-10--57--13 Bounding Box Drawn
INFO:root:2021-07-16-10--57--13 MovingFrameQueue Appended
INFO:root:2021-07-16-10--57--13 anomallyFrameTracker resetted to 200
INFO:root:2021-07-16-10--57--13 anomallyFrameTracker resetted to 200
INFO:root:2021-07-16-10--57--13 anomallyFrameTracker resetted to 200
INFO:root:2021-07-16-10--57--13 Colour Conversion Completed
INFO:root:2021-07-16-10--57--13 Sleep Check Completed
INFO:root:2021-07-16-10--57--13 Frame manipulations completed
INFO:root:2021-07-16-10--57--13 Bounding Box Drawn
INFO:root:2021-07-16-10--57--13 MovingFrameQueue Appended
INFO:root:2021-07-16-10--57--13 anomallyFrameTracker resetted to 200
INFO:root:2021-07-16-10--57--13 anomallyFrameTracker resetted to 200
INFO:root:2021-07-16-10--57--13 anomallyFrameTracker resetted to 200
INFO:root:2021-07-16-10--57--13 Colour Conversion Completed
INFO:root:2021-07-16-10--57--13 Sleep Check Completed
INFO:root:2021-07-16-10--57--13 Frame manipulations completed
INFO:root:2021-07-16-10--57--13 Bounding Box Drawn
INFO:root:2021-07-16-10--57--13 MovingFrameQueue Appended
INFO:root:2021-07-16-10--57--13 anomallyFrameTracker resetted to 200
INFO:root:2021-07-16-10--57--13 anomallyFrameTracker resetted to 200
INFO:root:2021-07-16-10--57--13 anomallyFrameTracker resetted to 200
INFO:root:2021-07-16-10--57--13 Colour Conversion Completed
INFO:root:2021-07-16-10--57--13 Sleep Check Completed
INFO:root:2021-07-16-10--57--13 Frame manipulations completed
INFO:root:2021-07-16-10--57--13 Bounding Box Drawn
INFO:root:2021-07-16-10--57--13 MovingFrameQueue Appended
INFO:root:2021-07-16-10--57--13 anomallyFrameTracker resetted to 200
INFO:root:2021-07-16-10--57--13 anomallyFrameTracker resetted to 200
INFO:root:2021-07-16-10--57--13 anomallyFrameTracker resetted to 200
INFO:root:2021-07-16-10--57--13 Colour Conversion Completed
INFO:root:2021-07-16-10--57--13 Sleep Check Completed
INFO:root:2021-07-16-10--57--13 Frame manipulations completed
INFO:root:2021-07-16-10--57--13 Bounding Box Drawn
INFO:root:2021-07-16-10--57--13 MovingFrameQueue Appended
INFO:root:2021-07-16-10--57--13 anomallyFrameTracker resetted to 200
INFO:root:2021-07-16-10--57--13 anomallyFrameTracker resetted to 200
INFO:root:2021-07-16-10--57--13 anomallyFrameTracker resetted to 200
INFO:root:2021-07-16-10--57--13 Colour Conversion Completed
INFO:root:2021-07-16-10--57--13 Sleep Check Completed
INFO:root:2021-07-16-10--57--13 Frame manipulations completed
INFO:root:2021-07-16-10--57--13 Bounding Box Drawn
INFO:root:2021-07-16-10--57--13 MovingFrameQueue Appended
INFO:root:2021-07-16-10--57--13 anomallyFrameTracker resetted to 200
INFO:root:2021-07-16-10--57--13 anomallyFrameTracker resetted to 200
INFO:root:2021-07-16-10--57--13 anomallyFrameTracker resetted to 200
INFO:root:2021-07-16-10--57--14 Colour Conversion Completed
INFO:root:2021-07-16-10--57--14 Sleep Check Completed
INFO:root:2021-07-16-10--57--14 Frame manipulations completed
INFO:root:2021-07-16-10--57--14 Bounding Box Drawn
INFO:root:2021-07-16-10--57--14 MovingFrameQueue Appended
INFO:root:2021-07-16-10--57--14 anomallyFrameTracker resetted to 200
INFO:root:2021-07-16-10--57--14 anomallyFrameTracker resetted to 200
INFO:root:2021-07-16-10--57--14 anomallyFrameTracker resetted to 200
INFO:root:2021-07-16-10--57--14 Colour Conversion Completed
INFO:root:2021-07-16-10--57--14 Sleep Check Completed
INFO:root:2021-07-16-10--57--14 Frame manipulations completed
INFO:root:2021-07-16-10--57--14 Bounding Box Drawn
INFO:root:2021-07-16-10--57--14 MovingFrameQueue Appended
INFO:root:2021-07-16-10--57--14 anomallyFrameTracker resetted to 200
INFO:root:2021-07-16-10--57--14 anomallyFrameTracker resetted to 200
INFO:root:2021-07-16-10--57--14 anomallyFrameTracker resetted to 200
INFO:root:2021-07-16-10--57--14 Colour Conversion Completed
INFO:root:2021-07-16-10--57--14 Sleep Check Completed
INFO:root:2021-07-16-10--57--14 Frame manipulations completed
INFO:root:2021-07-16-10--57--14 Bounding Box Drawn
INFO:root:2021-07-16-10--57--14 MovingFrameQueue Appended
INFO:root:2021-07-16-10--57--14 anomallyFrameTracker resetted to 200
INFO:root:2021-07-16-10--57--14 anomallyFrameTracker resetted to 200
INFO:root:2021-07-16-10--57--14 anomallyFrameTracker resetted to 200
INFO:root:2021-07-16-10--57--14 Colour Conversion Completed
INFO:root:2021-07-16-10--57--14 Sleep Check Completed
INFO:root:2021-07-16-10--57--14 Frame manipulations completed
INFO:root:2021-07-16-10--57--14 Bounding Box Drawn
INFO:root:2021-07-16-10--57--14 MovingFrameQueue Appended
INFO:root:2021-07-16-10--57--14 anomallyFrameTracker resetted to 200
INFO:root:2021-07-16-10--57--14 anomallyFrameTracker resetted to 200
INFO:root:2021-07-16-10--57--14 anomallyFrameTracker resetted to 200
INFO:root:2021-07-16-10--57--14 Colour Conversion Completed
INFO:root:2021-07-16-10--57--14 Sleep Check Completed
INFO:root:2021-07-16-10--57--14 Frame manipulations completed
INFO:root:2021-07-16-10--57--14 Bounding Box Drawn
INFO:root:2021-07-16-10--57--14 MovingFrameQueue Appended
INFO:root:2021-07-16-10--57--14 anomallyFrameTracker resetted to 200
INFO:root:2021-07-16-10--57--14 anomallyFrameTracker resetted to 200
INFO:root:2021-07-16-10--57--14 anomallyFrameTracker resetted to 200
INFO:root:2021-07-16-10--57--14 Colour Conversion Completed
INFO:root:2021-07-16-10--57--14 Sleep Check Completed
INFO:root:2021-07-16-10--57--14 Frame manipulations completed
INFO:root:2021-07-16-10--57--14 Bounding Box Drawn
INFO:root:2021-07-16-10--57--14 MovingFrameQueue Appended
INFO:root:2021-07-16-10--57--14 anomallyFrameTracker resetted to 200
INFO:root:2021-07-16-10--57--14 anomallyFrameTracker resetted to 200
INFO:root:2021-07-16-10--57--14 anomallyFrameTracker resetted to 200
INFO:root:2021-07-16-10--57--14 Colour Conversion Completed
INFO:root:2021-07-16-10--57--14 Sleep Check Completed
INFO:root:2021-07-16-10--57--14 Frame manipulations completed
INFO:root:2021-07-16-10--57--14 Bounding Box Drawn
INFO:root:2021-07-16-10--57--14 MovingFrameQueue Appended
INFO:root:2021-07-16-10--57--14 anomallyFrameTracker resetted to 200
INFO:root:2021-07-16-10--57--14 anomallyFrameTracker resetted to 200
INFO:root:2021-07-16-10--57--14 anomallyFrameTracker resetted to 200
INFO:root:2021-07-16-10--57--14 Colour Conversion Completed
INFO:root:2021-07-16-10--57--14 Sleep Check Completed
INFO:root:2021-07-16-10--57--14 Frame manipulations completed
INFO:root:2021-07-16-10--57--14 Bounding Box Drawn
INFO:root:2021-07-16-10--57--14 MovingFrameQueue Appended
INFO:root:2021-07-16-10--57--14 anomallyFrameTracker resetted to 200
INFO:root:2021-07-16-10--57--14 anomallyFrameTracker resetted to 200
INFO:root:2021-07-16-10--57--14 anomallyFrameTracker resetted to 200
INFO:root:2021-07-16-10--57--14 Colour Conversion Completed
INFO:root:2021-07-16-10--57--14 Sleep Check Completed
INFO:root:2021-07-16-10--57--14 Frame manipulations completed
INFO:root:2021-07-16-10--57--14 Bounding Box Drawn
INFO:root:2021-07-16-10--57--14 MovingFrameQueue Appended
INFO:root:2021-07-16-10--57--14 anomallyFrameTracker resetted to 200
INFO:root:2021-07-16-10--57--14 anomallyFrameTracker resetted to 200
INFO:root:2021-07-16-10--57--14 anomallyFrameTracker resetted to 200
INFO:root:2021-07-16-10--57--15 Colour Conversion Completed
INFO:root:2021-07-16-10--57--15 Sleep Check Completed
INFO:root:2021-07-16-10--57--15 Frame manipulations completed
INFO:root:2021-07-16-10--57--15 Bounding Box Drawn
INFO:root:2021-07-16-10--57--15 MovingFrameQueue Appended
INFO:root:2021-07-16-10--57--15 anomallyFrameTracker resetted to 200
INFO:root:2021-07-16-10--57--15 anomallyFrameTracker resetted to 200
INFO:root:2021-07-16-10--57--15 anomallyFrameTracker resetted to 200
INFO:root:2021-07-16-10--57--15 Colour Conversion Completed
INFO:root:2021-07-16-10--57--15 Sleep Check Completed
INFO:root:2021-07-16-10--57--15 Frame manipulations completed
INFO:root:2021-07-16-10--57--15 Bounding Box Drawn
INFO:root:2021-07-16-10--57--15 MovingFrameQueue Appended
INFO:root:2021-07-16-10--57--15 anomallyFrameTracker resetted to 200
INFO:root:2021-07-16-10--57--15 anomallyFrameTracker resetted to 200
INFO:root:2021-07-16-10--57--15 anomallyFrameTracker resetted to 200
INFO:root:2021-07-16-10--57--15 Colour Conversion Completed
INFO:root:2021-07-16-10--57--15 Sleep Check Completed
INFO:root:2021-07-16-10--57--15 Frame manipulations completed
INFO:root:2021-07-16-10--57--15 Bounding Box Drawn
INFO:root:2021-07-16-10--57--15 MovingFrameQueue Appended
INFO:root:2021-07-16-10--57--15 anomallyFrameTracker resetted to 200
INFO:root:2021-07-16-10--57--15 anomallyFrameTracker resetted to 200
INFO:root:2021-07-16-10--57--15 anomallyFrameTracker resetted to 200
INFO:root:2021-07-16-10--57--15 Colour Conversion Completed
INFO:root:2021-07-16-10--57--15 Sleep Check Completed
INFO:root:2021-07-16-10--57--15 Frame manipulations completed
INFO:root:2021-07-16-10--57--15 Bounding Box Drawn
INFO:root:2021-07-16-10--57--15 MovingFrameQueue Appended
INFO:root:2021-07-16-10--57--15 anomallyFrameTracker resetted to 200
INFO:root:2021-07-16-10--57--15 anomallyFrameTracker resetted to 200
INFO:root:2021-07-16-10--57--15 anomallyFrameTracker resetted to 200
INFO:root:2021-07-16-10--57--15 Colour Conversion Completed
INFO:root:2021-07-16-10--57--15 Sleep Check Completed
INFO:root:2021-07-16-10--57--15 Frame manipulations completed
INFO:root:2021-07-16-10--57--15 Bounding Box Drawn
INFO:root:2021-07-16-10--57--15 MovingFrameQueue Appended
INFO:root:2021-07-16-10--57--15 anomallyFrameTracker resetted to 200
INFO:root:2021-07-16-10--57--15 anomallyFrameTracker resetted to 200
INFO:root:2021-07-16-10--57--15 anomallyFrameTracker resetted to 200
INFO:root:2021-07-16-10--57--15 Colour Conversion Completed
INFO:root:2021-07-16-10--57--15 Sleep Check Completed
INFO:root:2021-07-16-10--57--15 Frame manipulations completed
INFO:root:2021-07-16-10--57--15 Bounding Box Drawn
INFO:root:2021-07-16-10--57--15 MovingFrameQueue Appended
INFO:root:2021-07-16-10--57--15 anomallyFrameTracker resetted to 200
INFO:root:2021-07-16-10--57--15 anomallyFrameTracker resetted to 200
INFO:root:2021-07-16-10--57--15 anomallyFrameTracker resetted to 200
INFO:root:2021-07-16-10--57--15 Colour Conversion Completed
INFO:root:2021-07-16-10--57--15 Sleep Check Completed
INFO:root:2021-07-16-10--57--15 Frame manipulations completed
INFO:root:2021-07-16-10--57--15 Bounding Box Drawn
INFO:root:2021-07-16-10--57--15 MovingFrameQueue Appended
INFO:root:2021-07-16-10--57--15 anomallyFrameTracker resetted to 200
INFO:root:2021-07-16-10--57--15 anomallyFrameTracker resetted to 200
INFO:root:2021-07-16-10--57--15 anomallyFrameTracker resetted to 200
INFO:root:2021-07-16-10--57--15 Colour Conversion Completed
INFO:root:2021-07-16-10--57--15 Sleep Check Completed
INFO:root:2021-07-16-10--57--15 Frame manipulations completed
INFO:root:2021-07-16-10--57--15 Bounding Box Drawn
INFO:root:2021-07-16-10--57--15 MovingFrameQueue Appended
INFO:root:2021-07-16-10--57--15 Anomally Detected, starting call for more frames
INFO:root:2021-07-16-10--57--15 Anomally Detected, starting call for more frames
INFO:root:2021-07-16-10--57--15 anomallyFrameTracker resetted to 200
INFO:root:2021-07-16-10--57--15 anomallyFrameTracker resetted to 200
INFO:root:2021-07-16-10--57--15 anomallyFrameTracker resetted to 200
INFO:root:2021-07-16-10--57--15 Colour Conversion Completed
INFO:root:2021-07-16-10--57--16 Sleep Check Completed
INFO:root:2021-07-16-10--57--16 Frame manipulations completed
INFO:root:2021-07-16-10--57--16 Bounding Box Drawn
INFO:root:2021-07-16-10--57--16 MovingFrameQueue Appended
INFO:root:2021-07-16-10--57--16 Anomally Detected, starting call for more frames
INFO:root:2021-07-16-10--57--16 Anomally Detected, starting call for more frames
INFO:root:2021-07-16-10--57--16 anomallyFrameTracker resetted to 200
INFO:root:2021-07-16-10--57--16 anomallyFrameTracker resetted to 200
INFO:root:2021-07-16-10--57--16 anomallyFrameTracker resetted to 200
INFO:root:2021-07-16-10--57--16 Colour Conversion Completed
INFO:root:2021-07-16-10--57--16 Sleep Check Completed
INFO:root:2021-07-16-10--57--16 Frame manipulations completed
INFO:root:2021-07-16-10--57--16 Bounding Box Drawn
INFO:root:2021-07-16-10--57--16 MovingFrameQueue Appended
INFO:root:2021-07-16-10--57--16 Anomally Detected, starting call for more frames
INFO:root:2021-07-16-10--57--16 anomallyFrameTracker resetted to 200
INFO:root:2021-07-16-10--57--16 anomallyFrameTracker resetted to 200
INFO:root:2021-07-16-10--57--16 anomallyFrameTracker resetted to 200
INFO:root:2021-07-16-10--57--16 Colour Conversion Completed
INFO:root:2021-07-16-10--57--16 Sleep Check Completed
INFO:root:2021-07-16-10--57--16 Frame manipulations completed
INFO:root:2021-07-16-10--57--16 Bounding Box Drawn
INFO:root:2021-07-16-10--57--16 MovingFrameQueue Appended
INFO:root:2021-07-16-10--57--16 Anomally Detected, starting call for more frames
INFO:root:2021-07-16-10--57--16 Anomally Detected, starting call for more frames
INFO:root:2021-07-16-10--57--16 anomallyFrameTracker resetted to 200
INFO:root:2021-07-16-10--57--16 anomallyFrameTracker resetted to 200
INFO:root:2021-07-16-10--57--16 anomallyFrameTracker resetted to 200
INFO:root:2021-07-16-10--57--16 Colour Conversion Completed
INFO:root:2021-07-16-10--57--16 Sleep Check Completed
INFO:root:2021-07-16-10--57--16 Frame manipulations completed
INFO:root:2021-07-16-10--57--16 Bounding Box Drawn
INFO:root:2021-07-16-10--57--16 MovingFrameQueue Appended
INFO:root:2021-07-16-10--57--16 Anomally Detected, starting call for more frames
INFO:root:2021-07-16-10--57--16 Anomally Detected, starting call for more frames
INFO:root:2021-07-16-10--57--16 anomallyFrameTracker resetted to 200
INFO:root:2021-07-16-10--57--16 anomallyFrameTracker resetted to 200
INFO:root:2021-07-16-10--57--16 anomallyFrameTracker resetted to 200
INFO:root:2021-07-16-10--57--16 Colour Conversion Completed
INFO:root:2021-07-16-10--57--16 Sleep Check Completed
INFO:root:2021-07-16-10--57--16 Frame manipulations completed
INFO:root:2021-07-16-10--57--16 Bounding Box Drawn
INFO:root:2021-07-16-10--57--16 MovingFrameQueue Appended
INFO:root:2021-07-16-10--57--16 Anomally Detected, starting call for more frames
INFO:root:2021-07-16-10--57--16 Anomally Detected, starting call for more frames
INFO:root:2021-07-16-10--57--16 anomallyFrameTracker resetted to 200
INFO:root:2021-07-16-10--57--16 anomallyFrameTracker resetted to 200
INFO:root:2021-07-16-10--57--16 anomallyFrameTracker resetted to 200
INFO:root:2021-07-16-10--57--16 Colour Conversion Completed
INFO:root:2021-07-16-10--57--16 Sleep Check Completed
INFO:root:2021-07-16-10--57--16 Frame manipulations completed
INFO:root:2021-07-16-10--57--16 Bounding Box Drawn
INFO:root:2021-07-16-10--57--16 MovingFrameQueue Appended
INFO:root:2021-07-16-10--57--16 Anomally Detected, starting call for more frames
INFO:root:2021-07-16-10--57--16 anomallyFrameTracker resetted to 200
INFO:root:2021-07-16-10--57--16 anomallyFrameTracker resetted to 200
INFO:root:2021-07-16-10--57--16 anomallyFrameTracker resetted to 200
INFO:root:2021-07-16-10--57--16 Colour Conversion Completed
INFO:root:2021-07-16-10--57--16 Sleep Check Completed
INFO:root:2021-07-16-10--57--16 Frame manipulations completed
INFO:root:2021-07-16-10--57--16 Bounding Box Drawn
INFO:root:2021-07-16-10--57--16 MovingFrameQueue Appended
INFO:root:2021-07-16-10--57--16 Anomally Detected, starting call for more frames
INFO:root:2021-07-16-10--57--16 anomallyFrameTracker resetted to 200
INFO:root:2021-07-16-10--57--16 anomallyFrameTracker resetted to 200
INFO:root:2021-07-16-10--57--16 anomallyFrameTracker resetted to 200
INFO:root:2021-07-16-10--57--16 Colour Conversion Completed
INFO:root:2021-07-16-10--57--16 Sleep Check Completed
INFO:root:2021-07-16-10--57--16 Frame manipulations completed
INFO:root:2021-07-16-10--57--16 Bounding Box Drawn
INFO:root:2021-07-16-10--57--16 MovingFrameQueue Appended
INFO:root:2021-07-16-10--57--16 Anomally Detected, starting call for more frames
INFO:root:2021-07-16-10--57--16 anomallyFrameTracker resetted to 200
INFO:root:2021-07-16-10--57--16 anomallyFrameTracker resetted to 200
INFO:root:2021-07-16-10--57--16 anomallyFrameTracker resetted to 200
INFO:root:2021-07-16-10--57--16 Colour Conversion Completed
INFO:root:2021-07-16-10--57--16 Sleep Check Completed
INFO:root:2021-07-16-10--57--16 Frame manipulations completed
INFO:root:2021-07-16-10--57--16 Bounding Box Drawn
INFO:root:2021-07-16-10--57--16 MovingFrameQueue Appended
INFO:root:2021-07-16-10--57--16 Anomally Detected, starting call for more frames
INFO:root:2021-07-16-10--57--16 anomallyFrameTracker resetted to 200
INFO:root:2021-07-16-10--57--16 anomallyFrameTracker resetted to 200
INFO:root:2021-07-16-10--57--16 anomallyFrameTracker resetted to 200
INFO:root:2021-07-16-10--57--17 Colour Conversion Completed
INFO:root:2021-07-16-10--57--17 Sleep Check Completed
INFO:root:2021-07-16-10--57--17 Frame manipulations completed
INFO:root:2021-07-16-10--57--17 Bounding Box Drawn
INFO:root:2021-07-16-10--57--17 MovingFrameQueue Appended
INFO:root:2021-07-16-10--57--17 Anomally Detected, starting call for more frames
INFO:root:2021-07-16-10--57--17 anomallyFrameTracker resetted to 200
INFO:root:2021-07-16-10--57--17 anomallyFrameTracker resetted to 200
INFO:root:2021-07-16-10--57--17 anomallyFrameTracker resetted to 200
INFO:root:2021-07-16-10--57--17 Colour Conversion Completed
INFO:root:2021-07-16-10--57--17 Sleep Check Completed
INFO:root:2021-07-16-10--57--17 Frame manipulations completed
INFO:root:2021-07-16-10--57--17 Bounding Box Drawn
INFO:root:2021-07-16-10--57--17 MovingFrameQueue Appended
INFO:root:2021-07-16-10--57--17 Anomally Detected, starting call for more frames
INFO:root:2021-07-16-10--57--17 anomallyFrameTracker resetted to 200
INFO:root:2021-07-16-10--57--17 anomallyFrameTracker resetted to 200
INFO:root:2021-07-16-10--57--17 anomallyFrameTracker resetted to 200
INFO:root:2021-07-16-10--57--17 Colour Conversion Completed
INFO:root:2021-07-16-10--57--17 Sleep Check Completed
INFO:root:2021-07-16-10--57--17 Frame manipulations completed
INFO:root:2021-07-16-10--57--17 Bounding Box Drawn
INFO:root:2021-07-16-10--57--17 MovingFrameQueue Appended
INFO:root:2021-07-16-10--57--17 Anomally Detected, starting call for more frames
INFO:root:2021-07-16-10--57--17 anomallyFrameTracker resetted to 200
INFO:root:2021-07-16-10--57--17 anomallyFrameTracker resetted to 200
INFO:root:2021-07-16-10--57--17 anomallyFrameTracker resetted to 200
INFO:root:2021-07-16-10--57--17 Colour Conversion Completed
INFO:root:2021-07-16-10--57--17 Sleep Check Completed
INFO:root:2021-07-16-10--57--17 Frame manipulations completed
INFO:root:2021-07-16-10--57--17 Bounding Box Drawn
INFO:root:2021-07-16-10--57--17 MovingFrameQueue Appended
INFO:root:2021-07-16-10--57--17 Anomally Detected, starting call for more frames
INFO:root:2021-07-16-10--57--17 anomallyFrameTracker resetted to 200
INFO:root:2021-07-16-10--57--17 anomallyFrameTracker resetted to 200
INFO:root:2021-07-16-10--57--17 anomallyFrameTracker resetted to 200
INFO:root:2021-07-16-10--57--17 Colour Conversion Completed
INFO:root:2021-07-16-10--57--17 Sleep Check Completed
INFO:root:2021-07-16-10--57--17 Frame manipulations completed
INFO:root:2021-07-16-10--57--17 Bounding Box Drawn
INFO:root:2021-07-16-10--57--17 MovingFrameQueue Appended
INFO:root:2021-07-16-10--57--17 Anomally Detected, starting call for more frames
INFO:root:2021-07-16-10--57--17 anomallyFrameTracker resetted to 200
INFO:root:2021-07-16-10--57--17 anomallyFrameTracker resetted to 200
INFO:root:2021-07-16-10--57--17 anomallyFrameTracker resetted to 200
INFO:root:2021-07-16-10--57--17 Colour Conversion Completed
INFO:root:2021-07-16-10--57--17 Sleep Check Completed
INFO:root:2021-07-16-10--57--17 Frame manipulations completed
INFO:root:2021-07-16-10--57--17 Bounding Box Drawn
INFO:root:2021-07-16-10--57--17 MovingFrameQueue Appended
INFO:root:2021-07-16-10--57--17 anomallyFrameTracker resetted to 200
INFO:root:2021-07-16-10--57--17 anomallyFrameTracker resetted to 200
INFO:root:2021-07-16-10--57--17 anomallyFrameTracker resetted to 200
INFO:root:2021-07-16-10--57--17 Colour Conversion Completed
INFO:root:2021-07-16-10--57--17 Sleep Check Completed
INFO:root:2021-07-16-10--57--17 Frame manipulations completed
INFO:root:2021-07-16-10--57--17 Bounding Box Drawn
INFO:root:2021-07-16-10--57--17 MovingFrameQueue Appended
INFO:root:2021-07-16-10--57--17 anomallyFrameTracker resetted to 200
INFO:root:2021-07-16-10--57--17 anomallyFrameTracker resetted to 200
INFO:root:2021-07-16-10--57--17 anomallyFrameTracker resetted to 200
INFO:root:2021-07-16-10--57--17 Colour Conversion Completed
INFO:root:2021-07-16-10--57--17 Sleep Check Completed
INFO:root:2021-07-16-10--57--17 Frame manipulations completed
INFO:root:2021-07-16-10--57--17 Bounding Box Drawn
INFO:root:2021-07-16-10--57--17 MovingFrameQueue Appended
INFO:root:2021-07-16-10--57--17 Anomally Detected, starting call for more frames
INFO:root:2021-07-16-10--57--17 anomallyFrameTracker resetted to 200
INFO:root:2021-07-16-10--57--17 anomallyFrameTracker resetted to 200
INFO:root:2021-07-16-10--57--17 anomallyFrameTracker resetted to 200
INFO:root:2021-07-16-10--57--17 Colour Conversion Completed
INFO:root:2021-07-16-10--57--17 Sleep Check Completed
INFO:root:2021-07-16-10--57--17 Frame manipulations completed
INFO:root:2021-07-16-10--57--17 Bounding Box Drawn
INFO:root:2021-07-16-10--57--17 MovingFrameQueue Appended
INFO:root:2021-07-16-10--57--17 Anomally Detected, starting call for more frames
INFO:root:2021-07-16-10--57--17 anomallyFrameTracker resetted to 200
INFO:root:2021-07-16-10--57--17 anomallyFrameTracker resetted to 200
INFO:root:2021-07-16-10--57--17 anomallyFrameTracker resetted to 200
INFO:root:2021-07-16-10--57--18 Colour Conversion Completed
INFO:root:2021-07-16-10--57--18 Sleep Check Completed
INFO:root:2021-07-16-10--57--18 Frame manipulations completed
INFO:root:2021-07-16-10--57--18 Bounding Box Drawn
INFO:root:2021-07-16-10--57--18 MovingFrameQueue Popped
INFO:root:2021-07-16-10--57--18 Anomally Detected, starting call for more frames
INFO:root:2021-07-16-10--57--18 anomallyFrameTracker resetted to 200
INFO:root:2021-07-16-10--57--18 anomallyFrameTracker resetted to 200
INFO:root:2021-07-16-10--57--18 anomallyFrameTracker resetted to 200
INFO:root:2021-07-16-10--57--18 Colour Conversion Completed
INFO:root:2021-07-16-10--57--18 Sleep Check Completed
INFO:root:2021-07-16-10--57--18 Frame manipulations completed
INFO:root:2021-07-16-10--57--18 Bounding Box Drawn
INFO:root:2021-07-16-10--57--18 MovingFrameQueue Appended
INFO:root:2021-07-16-10--57--18 Anomally Detected, starting call for more frames
INFO:root:2021-07-16-10--57--18 anomallyFrameTracker resetted to 200
INFO:root:2021-07-16-10--57--18 anomallyFrameTracker resetted to 200
INFO:root:2021-07-16-10--57--18 anomallyFrameTracker resetted to 200
INFO:root:2021-07-16-10--57--18 Colour Conversion Completed
INFO:root:2021-07-16-10--57--18 Sleep Check Completed
INFO:root:2021-07-16-10--57--18 Frame manipulations completed
INFO:root:2021-07-16-10--57--18 Bounding Box Drawn
INFO:root:2021-07-16-10--57--18 MovingFrameQueue Popped
INFO:root:2021-07-16-10--57--18 Anomally Detected, starting call for more frames
INFO:root:2021-07-16-10--57--18 anomallyFrameTracker resetted to 200
INFO:root:2021-07-16-10--57--18 anomallyFrameTracker resetted to 200
INFO:root:2021-07-16-10--57--18 anomallyFrameTracker resetted to 200
INFO:root:2021-07-16-10--57--18 Colour Conversion Completed
INFO:root:2021-07-16-10--57--18 Sleep Check Completed
INFO:root:2021-07-16-10--57--18 Frame manipulations completed
INFO:root:2021-07-16-10--57--18 Bounding Box Drawn
INFO:root:2021-07-16-10--57--18 MovingFrameQueue Appended
INFO:root:2021-07-16-10--57--18 Anomally Detected, starting call for more frames
INFO:root:2021-07-16-10--57--18 anomallyFrameTracker resetted to 200
INFO:root:2021-07-16-10--57--18 anomallyFrameTracker resetted to 200
INFO:root:2021-07-16-10--57--18 anomallyFrameTracker resetted to 200
INFO:root:2021-07-16-10--57--18 Colour Conversion Completed
INFO:root:2021-07-16-10--57--18 Sleep Check Completed
INFO:root:2021-07-16-10--57--18 Frame manipulations completed
INFO:root:2021-07-16-10--57--18 Bounding Box Drawn
INFO:root:2021-07-16-10--57--18 MovingFrameQueue Popped
INFO:root:2021-07-16-10--57--18 Anomally Detected, starting call for more frames
INFO:root:2021-07-16-10--57--18 anomallyFrameTracker resetted to 200
INFO:root:2021-07-16-10--57--18 anomallyFrameTracker resetted to 200
INFO:root:2021-07-16-10--57--18 anomallyFrameTracker resetted to 200
INFO:root:2021-07-16-10--57--18 Colour Conversion Completed
INFO:root:2021-07-16-10--57--18 Sleep Check Completed
INFO:root:2021-07-16-10--57--18 Frame manipulations completed
INFO:root:2021-07-16-10--57--18 Bounding Box Drawn
INFO:root:2021-07-16-10--57--18 MovingFrameQueue Appended
INFO:root:2021-07-16-10--57--18 anomallyFrameTracker resetted to 200
INFO:root:2021-07-16-10--57--18 anomallyFrameTracker resetted to 200
INFO:root:2021-07-16-10--57--18 anomallyFrameTracker resetted to 200
INFO:root:2021-07-16-10--57--18 Colour Conversion Completed
INFO:root:2021-07-16-10--57--18 Sleep Check Completed
INFO:root:2021-07-16-10--57--18 Frame manipulations completed
INFO:root:2021-07-16-10--57--18 Bounding Box Drawn
INFO:root:2021-07-16-10--57--18 MovingFrameQueue Popped
INFO:root:2021-07-16-10--57--18 anomallyFrameTracker resetted to 200
INFO:root:2021-07-16-10--57--18 anomallyFrameTracker resetted to 200
INFO:root:2021-07-16-10--57--18 anomallyFrameTracker resetted to 200
INFO:root:2021-07-16-10--57--18 Colour Conversion Completed
INFO:root:2021-07-16-10--57--18 Sleep Check Completed
INFO:root:2021-07-16-10--57--18 Frame manipulations completed
INFO:root:2021-07-16-10--57--18 Bounding Box Drawn
INFO:root:2021-07-16-10--57--18 MovingFrameQueue Appended
INFO:root:2021-07-16-10--57--18 anomallyFrameTracker resetted to 200
INFO:root:2021-07-16-10--57--18 anomallyFrameTracker resetted to 200
INFO:root:2021-07-16-10--57--18 anomallyFrameTracker resetted to 200
INFO:root:2021-07-16-10--57--18 Colour Conversion Completed
INFO:root:2021-07-16-10--57--18 Sleep Check Completed
INFO:root:2021-07-16-10--57--18 Frame manipulations completed
INFO:root:2021-07-16-10--57--18 Bounding Box Drawn
INFO:root:2021-07-16-10--57--18 MovingFrameQueue Popped
INFO:root:2021-07-16-10--57--18 anomallyFrameTracker resetted to 200
INFO:root:2021-07-16-10--57--18 anomallyFrameTracker resetted to 200
INFO:root:2021-07-16-10--57--18 anomallyFrameTracker resetted to 200
INFO:root:2021-07-16-10--57--19 Colour Conversion Completed
INFO:root:2021-07-16-10--57--19 Sleep Check Completed
INFO:root:2021-07-16-10--57--19 Frame manipulations completed
INFO:root:2021-07-16-10--57--19 Bounding Box Drawn
INFO:root:2021-07-16-10--57--19 MovingFrameQueue Appended
INFO:root:2021-07-16-10--57--19 Anomally Detected, starting call for more frames
INFO:root:2021-07-16-10--57--19 Anomally Detected, starting call for more frames
INFO:root:2021-07-16-10--57--19 Anomally Detected, starting call for more frames
INFO:root:2021-07-16-10--57--19 anomallyFrameTracker resetted to 200
INFO:root:2021-07-16-10--57--19 anomallyFrameTracker resetted to 200
INFO:root:2021-07-16-10--57--19 anomallyFrameTracker resetted to 200
INFO:root:2021-07-16-10--57--19 Colour Conversion Completed
INFO:root:2021-07-16-10--57--19 Sleep Check Completed
INFO:root:2021-07-16-10--57--19 Frame manipulations completed
INFO:root:2021-07-16-10--57--19 Bounding Box Drawn
INFO:root:2021-07-16-10--57--19 MovingFrameQueue Popped
INFO:root:2021-07-16-10--57--19 Anomally Detected, starting call for more frames
INFO:root:2021-07-16-10--57--19 Anomally Detected, starting call for more frames
INFO:root:2021-07-16-10--57--19 Anomally Detected, starting call for more frames
INFO:root:2021-07-16-10--57--19 anomallyFrameTracker resetted to 200
INFO:root:2021-07-16-10--57--19 anomallyFrameTracker resetted to 200
INFO:root:2021-07-16-10--57--19 anomallyFrameTracker resetted to 200
INFO:root:2021-07-16-10--57--19 Colour Conversion Completed
INFO:root:2021-07-16-10--57--19 Sleep Check Completed
INFO:root:2021-07-16-10--57--19 Frame manipulations completed
INFO:root:2021-07-16-10--57--19 Bounding Box Drawn
INFO:root:2021-07-16-10--57--19 MovingFrameQueue Appended
INFO:root:2021-07-16-10--57--19 Anomally Detected, starting call for more frames
INFO:root:2021-07-16-10--57--19 Anomally Detected, starting call for more frames
INFO:root:2021-07-16-10--57--19 Anomally Detected, starting call for more frames
INFO:root:2021-07-16-10--57--19 anomallyFrameTracker resetted to 200
INFO:root:2021-07-16-10--57--19 anomallyFrameTracker resetted to 200
INFO:root:2021-07-16-10--57--19 anomallyFrameTracker resetted to 200
INFO:root:2021-07-16-10--57--19 Colour Conversion Completed
INFO:root:2021-07-16-10--57--19 Sleep Check Completed
INFO:root:2021-07-16-10--57--19 Frame manipulations completed
INFO:root:2021-07-16-10--57--19 Bounding Box Drawn
INFO:root:2021-07-16-10--57--19 MovingFrameQueue Popped
INFO:root:2021-07-16-10--57--19 anomallyFrameTracker resetted to 200
INFO:root:2021-07-16-10--57--19 anomallyFrameTracker resetted to 200
INFO:root:2021-07-16-10--57--19 anomallyFrameTracker resetted to 200
INFO:root:2021-07-16-10--57--19 Colour Conversion Completed
INFO:root:2021-07-16-10--57--19 Sleep Check Completed
INFO:root:2021-07-16-10--57--19 Frame manipulations completed
INFO:root:2021-07-16-10--57--19 Bounding Box Drawn
INFO:root:2021-07-16-10--57--19 MovingFrameQueue Appended
INFO:root:2021-07-16-10--57--19 anomallyFrameTracker resetted to 200
INFO:root:2021-07-16-10--57--19 anomallyFrameTracker resetted to 200
INFO:root:2021-07-16-10--57--19 anomallyFrameTracker resetted to 200
INFO:root:2021-07-16-10--57--19 Colour Conversion Completed
INFO:root:2021-07-16-10--57--19 Sleep Check Completed
INFO:root:2021-07-16-10--57--19 Frame manipulations completed
INFO:root:2021-07-16-10--57--19 Bounding Box Drawn
INFO:root:2021-07-16-10--57--19 MovingFrameQueue Popped
INFO:root:2021-07-16-10--57--19 anomallyFrameTracker resetted to 200
INFO:root:2021-07-16-10--57--19 anomallyFrameTracker resetted to 200
INFO:root:2021-07-16-10--57--19 anomallyFrameTracker resetted to 200
INFO:root:2021-07-16-10--57--19 Colour Conversion Completed
INFO:root:2021-07-16-10--57--19 Sleep Check Completed
INFO:root:2021-07-16-10--57--19 Frame manipulations completed
INFO:root:2021-07-16-10--57--19 Bounding Box Drawn
INFO:root:2021-07-16-10--57--19 MovingFrameQueue Appended
INFO:root:2021-07-16-10--57--19 anomallyFrameTracker resetted to 200
INFO:root:2021-07-16-10--57--19 anomallyFrameTracker resetted to 200
INFO:root:2021-07-16-10--57--19 anomallyFrameTracker resetted to 200
INFO:root:2021-07-16-10--57--19 Colour Conversion Completed
INFO:root:2021-07-16-10--57--20 Sleep Check Completed
INFO:root:2021-07-16-10--57--20 Frame manipulations completed
INFO:root:2021-07-16-10--57--20 Bounding Box Drawn
INFO:root:2021-07-16-10--57--20[INFO] elapsed time: 8.29
INFO:root:2021-07-16-10--57--20[INFO] approx. FPS: 8.08
