INFO:root:2021-07-21-11--35--56 Parameter Generation Success
INFO:root:2021-07-21-11--35--56 Colour Conversion Completed
INFO:root:2021-07-21-11--35--56 Sleep Check Completed
INFO:root:2021-07-21-11--35--56 Frame manipulations completed
INFO:root:2021-07-21-11--35--56 Bounding Box Drawn
INFO:root:2021-07-21-11--36--01 MovingFrameQueue Appended
INFO:root:2021-07-21-11--36--01 anomallyFrameTracker resetted to 200
INFO:root:2021-07-21-11--36--01 Colour Conversion Completed
INFO:root:2021-07-21-11--36--01 Sleep Check Completed
INFO:root:2021-07-21-11--36--01 Frame manipulations completed
INFO:root:2021-07-21-11--36--01 Bounding Box Drawn
INFO:root:2021-07-21-11--36--01 MovingFrameQueue Appended
INFO:root:2021-07-21-11--36--01 anomallyFrameTracker resetted to 200
INFO:root:2021-07-21-11--36--02 Colour Conversion Completed
INFO:root:2021-07-21-11--36--02 Sleep Check Completed
INFO:root:2021-07-21-11--36--02 Frame manipulations completed
INFO:root:2021-07-21-11--36--02 Bounding Box Drawn
INFO:root:2021-07-21-11--36--02 MovingFrameQueue Appended
INFO:root:2021-07-21-11--36--02 anomallyFrameTracker resetted to 200
INFO:root:2021-07-21-11--36--02 Colour Conversion Completed
INFO:root:2021-07-21-11--36--02 Sleep Check Completed
INFO:root:2021-07-21-11--36--02 Frame manipulations completed
INFO:root:2021-07-21-11--36--02 Bounding Box Drawn
INFO:root:2021-07-21-11--36--02 MovingFrameQueue Appended
INFO:root:2021-07-21-11--36--02 anomallyFrameTracker resetted to 200
INFO:root:2021-07-21-11--36--02 Colour Conversion Completed
INFO:root:2021-07-21-11--36--02 Sleep Check Completed
INFO:root:2021-07-21-11--36--02 Frame manipulations completed
INFO:root:2021-07-21-11--36--02 Bounding Box Drawn
INFO:root:2021-07-21-11--36--02 MovingFrameQueue Appended
INFO:root:2021-07-21-11--36--02 anomallyFrameTracker resetted to 200
INFO:root:2021-07-21-11--36--02 Colour Conversion Completed
INFO:root:2021-07-21-11--36--02 Sleep Check Completed
INFO:root:2021-07-21-11--36--02 Frame manipulations completed
INFO:root:2021-07-21-11--36--02 Bounding Box Drawn
INFO:root:2021-07-21-11--36--02 MovingFrameQueue Appended
INFO:root:2021-07-21-11--36--02 anomallyFrameTracker resetted to 200
INFO:root:2021-07-21-11--36--02 Colour Conversion Completed
INFO:root:2021-07-21-11--36--02 Sleep Check Completed
INFO:root:2021-07-21-11--36--02 Frame manipulations completed
INFO:root:2021-07-21-11--36--02 Bounding Box Drawn
INFO:root:2021-07-21-11--36--02 MovingFrameQueue Appended
INFO:root:2021-07-21-11--36--02 anomallyFrameTracker resetted to 200
INFO:root:2021-07-21-11--36--02 Colour Conversion Completed
INFO:root:2021-07-21-11--36--02 Sleep Check Completed
INFO:root:2021-07-21-11--36--02 Frame manipulations completed
INFO:root:2021-07-21-11--36--02 Bounding Box Drawn
INFO:root:2021-07-21-11--36--02 MovingFrameQueue Appended
INFO:root:2021-07-21-11--36--02 anomallyFrameTracker resetted to 200
INFO:root:2021-07-21-11--36--02 Colour Conversion Completed
INFO:root:2021-07-21-11--36--03 Sleep Check Completed
INFO:root:2021-07-21-11--36--03 Frame manipulations completed
INFO:root:2021-07-21-11--36--03 Bounding Box Drawn
INFO:root:2021-07-21-11--36--03 MovingFrameQueue Appended
INFO:root:2021-07-21-11--36--03 anomallyFrameTracker resetted to 200
INFO:root:2021-07-21-11--36--03 Colour Conversion Completed
INFO:root:2021-07-21-11--36--03 Sleep Check Completed
INFO:root:2021-07-21-11--36--03 Frame manipulations completed
INFO:root:2021-07-21-11--36--03 Bounding Box Drawn
INFO:root:2021-07-21-11--36--03 MovingFrameQueue Appended
INFO:root:2021-07-21-11--36--03 anomallyFrameTracker resetted to 200
INFO:root:2021-07-21-11--36--03 Colour Conversion Completed
INFO:root:2021-07-21-11--36--03 Sleep Check Completed
INFO:root:2021-07-21-11--36--03 Frame manipulations completed
INFO:root:2021-07-21-11--36--03 Bounding Box Drawn
INFO:root:2021-07-21-11--36--03 MovingFrameQueue Appended
INFO:root:2021-07-21-11--36--03 anomallyFrameTracker resetted to 200
INFO:root:2021-07-21-11--36--03 Colour Conversion Completed
INFO:root:2021-07-21-11--36--03 Sleep Check Completed
INFO:root:2021-07-21-11--36--03 Frame manipulations completed
INFO:root:2021-07-21-11--36--03 Bounding Box Drawn
INFO:root:2021-07-21-11--36--03 MovingFrameQueue Appended
INFO:root:2021-07-21-11--36--03 anomallyFrameTracker resetted to 200
INFO:root:2021-07-21-11--36--03 Colour Conversion Completed
INFO:root:2021-07-21-11--36--03 Sleep Check Completed
INFO:root:2021-07-21-11--36--03 Frame manipulations completed
INFO:root:2021-07-21-11--36--03 Bounding Box Drawn
INFO:root:2021-07-21-11--36--03 MovingFrameQueue Appended
INFO:root:2021-07-21-11--36--03 anomallyFrameTracker resetted to 200
INFO:root:2021-07-21-11--36--03 Colour Conversion Completed
INFO:root:2021-07-21-11--36--03 Sleep Check Completed
INFO:root:2021-07-21-11--36--03 Frame manipulations completed
INFO:root:2021-07-21-11--36--03 Bounding Box Drawn
INFO:root:2021-07-21-11--36--03 MovingFrameQueue Appended
INFO:root:2021-07-21-11--36--03 anomallyFrameTracker resetted to 200
INFO:root:2021-07-21-11--36--03 Colour Conversion Completed
INFO:root:2021-07-21-11--36--03 Sleep Check Completed
INFO:root:2021-07-21-11--36--03 Frame manipulations completed
INFO:root:2021-07-21-11--36--03 Bounding Box Drawn
INFO:root:2021-07-21-11--36--03 MovingFrameQueue Appended
INFO:root:2021-07-21-11--36--03 anomallyFrameTracker resetted to 200
INFO:root:2021-07-21-11--36--03 Colour Conversion Completed
INFO:root:2021-07-21-11--36--03 Sleep Check Completed
INFO:root:2021-07-21-11--36--03 Frame manipulations completed
INFO:root:2021-07-21-11--36--03 Bounding Box Drawn
INFO:root:2021-07-21-11--36--03 MovingFrameQueue Appended
INFO:root:2021-07-21-11--36--03 anomallyFrameTracker resetted to 200
INFO:root:2021-07-21-11--36--03 Colour Conversion Completed
INFO:root:2021-07-21-11--36--03 Sleep Check Completed
INFO:root:2021-07-21-11--36--03 Frame manipulations completed
INFO:root:2021-07-21-11--36--03 Bounding Box Drawn
INFO:root:2021-07-21-11--36--04 MovingFrameQueue Appended
INFO:root:2021-07-21-11--36--04 anomallyFrameTracker resetted to 200
INFO:root:2021-07-21-11--36--04 Colour Conversion Completed
INFO:root:2021-07-21-11--36--04 Sleep Check Completed
INFO:root:2021-07-21-11--36--04 Frame manipulations completed
INFO:root:2021-07-21-11--36--04 Bounding Box Drawn
INFO:root:2021-07-21-11--36--04 MovingFrameQueue Appended
INFO:root:2021-07-21-11--36--04 anomallyFrameTracker resetted to 200
INFO:root:2021-07-21-11--36--04 Colour Conversion Completed
INFO:root:2021-07-21-11--36--04 Sleep Check Completed
INFO:root:2021-07-21-11--36--04 Frame manipulations completed
INFO:root:2021-07-21-11--36--04 Bounding Box Drawn
INFO:root:2021-07-21-11--36--04 MovingFrameQueue Appended
INFO:root:2021-07-21-11--36--04 anomallyFrameTracker resetted to 200
INFO:root:2021-07-21-11--36--04 Colour Conversion Completed
INFO:root:2021-07-21-11--36--04 Sleep Check Completed
INFO:root:2021-07-21-11--36--04 Frame manipulations completed
INFO:root:2021-07-21-11--36--04 Bounding Box Drawn
INFO:root:2021-07-21-11--36--04 MovingFrameQueue Appended
INFO:root:2021-07-21-11--36--04 anomallyFrameTracker resetted to 200
INFO:root:2021-07-21-11--36--04 Colour Conversion Completed
INFO:root:2021-07-21-11--36--04 Sleep Check Completed
INFO:root:2021-07-21-11--36--04 Frame manipulations completed
INFO:root:2021-07-21-11--36--04 Bounding Box Drawn
INFO:root:2021-07-21-11--36--04 MovingFrameQueue Appended
INFO:root:2021-07-21-11--36--04 anomallyFrameTracker resetted to 200
INFO:root:2021-07-21-11--36--04 Colour Conversion Completed
INFO:root:2021-07-21-11--36--04 Sleep Check Completed
INFO:root:2021-07-21-11--36--04 Frame manipulations completed
INFO:root:2021-07-21-11--36--04 Bounding Box Drawn
INFO:root:2021-07-21-11--36--04 MovingFrameQueue Appended
INFO:root:2021-07-21-11--36--04 anomallyFrameTracker resetted to 200
INFO:root:2021-07-21-11--36--04 Colour Conversion Completed
INFO:root:2021-07-21-11--36--04 Sleep Check Completed
INFO:root:2021-07-21-11--36--04 Frame manipulations completed
INFO:root:2021-07-21-11--36--04 Bounding Box Drawn
INFO:root:2021-07-21-11--36--04 MovingFrameQueue Appended
INFO:root:2021-07-21-11--36--04 anomallyFrameTracker resetted to 200
INFO:root:2021-07-21-11--36--04 Colour Conversion Completed
INFO:root:2021-07-21-11--36--04 Sleep Check Completed
INFO:root:2021-07-21-11--36--04 Frame manipulations completed
INFO:root:2021-07-21-11--36--04 Bounding Box Drawn
INFO:root:2021-07-21-11--36--04 MovingFrameQueue Appended
INFO:root:2021-07-21-11--36--04 anomallyFrameTracker resetted to 200
INFO:root:2021-07-21-11--36--04 Colour Conversion Completed
INFO:root:2021-07-21-11--36--05 Sleep Check Completed
INFO:root:2021-07-21-11--36--05 Frame manipulations completed
INFO:root:2021-07-21-11--36--05 Bounding Box Drawn
INFO:root:2021-07-21-11--36--05 MovingFrameQueue Appended
INFO:root:2021-07-21-11--36--05 anomallyFrameTracker resetted to 200
INFO:root:2021-07-21-11--36--05 Colour Conversion Completed
INFO:root:2021-07-21-11--36--05 Sleep Check Completed
INFO:root:2021-07-21-11--36--05 Frame manipulations completed
INFO:root:2021-07-21-11--36--05 Bounding Box Drawn
INFO:root:2021-07-21-11--36--05 MovingFrameQueue Appended
INFO:root:2021-07-21-11--36--05 anomallyFrameTracker resetted to 200
INFO:root:2021-07-21-11--36--05 Colour Conversion Completed
INFO:root:2021-07-21-11--36--05 Sleep Check Completed
INFO:root:2021-07-21-11--36--05 Frame manipulations completed
INFO:root:2021-07-21-11--36--05 Bounding Box Drawn
INFO:root:2021-07-21-11--36--05 MovingFrameQueue Appended
INFO:root:2021-07-21-11--36--05 anomallyFrameTracker resetted to 200
INFO:root:2021-07-21-11--36--05 Colour Conversion Completed
INFO:root:2021-07-21-11--36--05 Sleep Check Completed
INFO:root:2021-07-21-11--36--05 Frame manipulations completed
INFO:root:2021-07-21-11--36--05 Bounding Box Drawn
INFO:root:2021-07-21-11--36--05 MovingFrameQueue Appended
INFO:root:2021-07-21-11--36--05 anomallyFrameTracker resetted to 200
INFO:root:2021-07-21-11--36--05 Colour Conversion Completed
INFO:root:2021-07-21-11--36--05 Sleep Check Completed
INFO:root:2021-07-21-11--36--05 Frame manipulations completed
INFO:root:2021-07-21-11--36--05 Bounding Box Drawn
INFO:root:2021-07-21-11--36--05[INFO] elapsed time: 9.66
INFO:root:2021-07-21-11--36--05[INFO] approx. FPS: 2.90
INFO:root:2021-07-21-11--36--06 Getting Auth Token Success
INFO:root:2021-07-21-11--36--06 BedTime Upload Completed
