INFO:root:2021-07-27-10--44--27 Parameter Generation Success
INFO:root:2021-07-27-10--44--27 Colour Conversion Completed
INFO:root:2021-07-27-10--44--27 Sleep Check Completed
INFO:root:2021-07-27-10--44--27 Frame manipulations completed
INFO:root:2021-07-27-10--44--27 Bounding Box Drawn
INFO:root:2021-07-27-10--44--33 MovingFrameQueue Appended
INFO:root:2021-07-27-10--44--33 anomallyFrameTracker resetted to 200
INFO:root:2021-07-27-10--44--33 Colour Conversion Completed
INFO:root:2021-07-27-10--44--33 Sleep Check Completed
INFO:root:2021-07-27-10--44--33 Frame manipulations completed
INFO:root:2021-07-27-10--44--33 Bounding Box Drawn
INFO:root:2021-07-27-10--44--33 MovingFrameQueue Appended
INFO:root:2021-07-27-10--44--33 anomallyFrameTracker resetted to 200
INFO:root:2021-07-27-10--44--33 Colour Conversion Completed
INFO:root:2021-07-27-10--44--33 Sleep Check Completed
INFO:root:2021-07-27-10--44--33 Frame manipulations completed
INFO:root:2021-07-27-10--44--33 Bounding Box Drawn
INFO:root:2021-07-27-10--44--33 MovingFrameQueue Appended
INFO:root:2021-07-27-10--44--33 anomallyFrameTracker resetted to 200
INFO:root:2021-07-27-10--44--33 Colour Conversion Completed
INFO:root:2021-07-27-10--44--33 Sleep Check Completed
INFO:root:2021-07-27-10--44--33 Frame manipulations completed
INFO:root:2021-07-27-10--44--33 Bounding Box Drawn
INFO:root:2021-07-27-10--44--33 MovingFrameQueue Appended
INFO:root:2021-07-27-10--44--33 anomallyFrameTracker resetted to 200
INFO:root:2021-07-27-10--44--33 Colour Conversion Completed
INFO:root:2021-07-27-10--44--33 Sleep Check Completed
INFO:root:2021-07-27-10--44--33 Frame manipulations completed
INFO:root:2021-07-27-10--44--33 Bounding Box Drawn
INFO:root:2021-07-27-10--44--33 MovingFrameQueue Appended
INFO:root:2021-07-27-10--44--33 anomallyFrameTracker resetted to 200
INFO:root:2021-07-27-10--44--33 Colour Conversion Completed
INFO:root:2021-07-27-10--44--33 Sleep Check Completed
INFO:root:2021-07-27-10--44--33 Frame manipulations completed
INFO:root:2021-07-27-10--44--33 Bounding Box Drawn
INFO:root:2021-07-27-10--44--33 MovingFrameQueue Appended
INFO:root:2021-07-27-10--44--33 anomallyFrameTracker resetted to 200
INFO:root:2021-07-27-10--44--33 Colour Conversion Completed
INFO:root:2021-07-27-10--44--33 Sleep Check Completed
INFO:root:2021-07-27-10--44--33 Frame manipulations completed
INFO:root:2021-07-27-10--44--33 Bounding Box Drawn
INFO:root:2021-07-27-10--44--34 MovingFrameQueue Appended
INFO:root:2021-07-27-10--44--34 anomallyFrameTracker resetted to 200
INFO:root:2021-07-27-10--44--34 Colour Conversion Completed
INFO:root:2021-07-27-10--44--34 Sleep Check Completed
INFO:root:2021-07-27-10--44--34 Frame manipulations completed
INFO:root:2021-07-27-10--44--34 Bounding Box Drawn
INFO:root:2021-07-27-10--44--34 MovingFrameQueue Appended
INFO:root:2021-07-27-10--44--34 anomallyFrameTracker resetted to 200
INFO:root:2021-07-27-10--44--34 Colour Conversion Completed
INFO:root:2021-07-27-10--44--34 Sleep Check Completed
INFO:root:2021-07-27-10--44--34 Frame manipulations completed
INFO:root:2021-07-27-10--44--34 Bounding Box Drawn
INFO:root:2021-07-27-10--44--34 MovingFrameQueue Appended
INFO:root:2021-07-27-10--44--34 anomallyFrameTracker resetted to 200
INFO:root:2021-07-27-10--44--34 Colour Conversion Completed
INFO:root:2021-07-27-10--44--34 Sleep Check Completed
INFO:root:2021-07-27-10--44--34 Frame manipulations completed
INFO:root:2021-07-27-10--44--34 Bounding Box Drawn
INFO:root:2021-07-27-10--44--35 MovingFrameQueue Appended
INFO:root:2021-07-27-10--44--35 anomallyFrameTracker resetted to 200
INFO:root:2021-07-27-10--44--35 Colour Conversion Completed
INFO:root:2021-07-27-10--44--35 Sleep Check Completed
INFO:root:2021-07-27-10--44--35 Frame manipulations completed
INFO:root:2021-07-27-10--44--35 Bounding Box Drawn
INFO:root:2021-07-27-10--44--35 MovingFrameQueue Appended
INFO:root:2021-07-27-10--44--35 anomallyFrameTracker resetted to 200
INFO:root:2021-07-27-10--44--35 Colour Conversion Completed
INFO:root:2021-07-27-10--44--35 Sleep Check Completed
INFO:root:2021-07-27-10--44--35 Frame manipulations completed
INFO:root:2021-07-27-10--44--35 Bounding Box Drawn
INFO:root:2021-07-27-10--44--36 MovingFrameQueue Appended
INFO:root:2021-07-27-10--44--36 anomallyFrameTracker resetted to 200
INFO:root:2021-07-27-10--44--36 Colour Conversion Completed
INFO:root:2021-07-27-10--44--36 Sleep Check Completed
INFO:root:2021-07-27-10--44--36 Frame manipulations completed
INFO:root:2021-07-27-10--44--36 Bounding Box Drawn
INFO:root:2021-07-27-10--44--36 MovingFrameQueue Appended
INFO:root:2021-07-27-10--44--36 anomallyFrameTracker resetted to 200
INFO:root:2021-07-27-10--44--36 Colour Conversion Completed
INFO:root:2021-07-27-10--44--36 Sleep Check Completed
INFO:root:2021-07-27-10--44--36 Frame manipulations completed
INFO:root:2021-07-27-10--44--36 Bounding Box Drawn
INFO:root:2021-07-27-10--44--37 MovingFrameQueue Appended
INFO:root:2021-07-27-10--44--37 anomallyFrameTracker resetted to 200
INFO:root:2021-07-27-10--44--37 Colour Conversion Completed
INFO:root:2021-07-27-10--44--37 Sleep Check Completed
INFO:root:2021-07-27-10--44--37 Frame manipulations completed
INFO:root:2021-07-27-10--44--37 Bounding Box Drawn
INFO:root:2021-07-27-10--44--37 MovingFrameQueue Appended
INFO:root:2021-07-27-10--44--37 anomallyFrameTracker resetted to 200
INFO:root:2021-07-27-10--44--37 Colour Conversion Completed
INFO:root:2021-07-27-10--44--38 Sleep Check Completed
INFO:root:2021-07-27-10--44--38 Frame manipulations completed
INFO:root:2021-07-27-10--44--38 Bounding Box Drawn
INFO:root:2021-07-27-10--44--38 MovingFrameQueue Appended
INFO:root:2021-07-27-10--44--38 anomallyFrameTracker resetted to 200
INFO:root:2021-07-27-10--44--38 Colour Conversion Completed
INFO:root:2021-07-27-10--44--38 Sleep Check Completed
INFO:root:2021-07-27-10--44--38 Frame manipulations completed
INFO:root:2021-07-27-10--44--38 Bounding Box Drawn
INFO:root:2021-07-27-10--44--38 MovingFrameQueue Appended
INFO:root:2021-07-27-10--44--38 anomallyFrameTracker resetted to 200
INFO:root:2021-07-27-10--44--38 Colour Conversion Completed
INFO:root:2021-07-27-10--44--38 Sleep Check Completed
INFO:root:2021-07-27-10--44--38 Frame manipulations completed
INFO:root:2021-07-27-10--44--38 Bounding Box Drawn
INFO:root:2021-07-27-10--44--39 MovingFrameQueue Appended
INFO:root:2021-07-27-10--44--39 anomallyFrameTracker resetted to 200
INFO:root:2021-07-27-10--44--39 Colour Conversion Completed
INFO:root:2021-07-27-10--44--39 Sleep Check Completed
INFO:root:2021-07-27-10--44--39 Frame manipulations completed
INFO:root:2021-07-27-10--44--39 Bounding Box Drawn
INFO:root:2021-07-27-10--44--39 MovingFrameQueue Appended
INFO:root:2021-07-27-10--44--39 anomallyFrameTracker resetted to 200
INFO:root:2021-07-27-10--44--39 Colour Conversion Completed
INFO:root:2021-07-27-10--44--39 Sleep Check Completed
INFO:root:2021-07-27-10--44--39 Frame manipulations completed
INFO:root:2021-07-27-10--44--39 Bounding Box Drawn
INFO:root:2021-07-27-10--44--40 MovingFrameQueue Appended
INFO:root:2021-07-27-10--44--40 anomallyFrameTracker resetted to 200
INFO:root:2021-07-27-10--44--40 Colour Conversion Completed
INFO:root:2021-07-27-10--44--40 Sleep Check Completed
INFO:root:2021-07-27-10--44--40 Frame manipulations completed
INFO:root:2021-07-27-10--44--40 Bounding Box Drawn
INFO:root:2021-07-27-10--44--40 MovingFrameQueue Appended
INFO:root:2021-07-27-10--44--40 anomallyFrameTracker resetted to 200
INFO:root:2021-07-27-10--44--40 Colour Conversion Completed
INFO:root:2021-07-27-10--44--40 Sleep Check Completed
INFO:root:2021-07-27-10--44--40 Frame manipulations completed
INFO:root:2021-07-27-10--44--40 Bounding Box Drawn
INFO:root:2021-07-27-10--44--40 MovingFrameQueue Appended
INFO:root:2021-07-27-10--44--40 anomallyFrameTracker resetted to 200
INFO:root:2021-07-27-10--44--40 Colour Conversion Completed
INFO:root:2021-07-27-10--44--40 Sleep Check Completed
INFO:root:2021-07-27-10--44--40 Frame manipulations completed
INFO:root:2021-07-27-10--44--40 Bounding Box Drawn
INFO:root:2021-07-27-10--44--41 MovingFrameQueue Appended
INFO:root:2021-07-27-10--44--41 anomallyFrameTracker resetted to 200
INFO:root:2021-07-27-10--44--41 Colour Conversion Completed
INFO:root:2021-07-27-10--44--41 Sleep Check Completed
INFO:root:2021-07-27-10--44--41 Frame manipulations completed
INFO:root:2021-07-27-10--44--41 Bounding Box Drawn
INFO:root:2021-07-27-10--44--41 MovingFrameQueue Appended
INFO:root:2021-07-27-10--44--41 anomallyFrameTracker resetted to 200
INFO:root:2021-07-27-10--44--41 Colour Conversion Completed
INFO:root:2021-07-27-10--44--41 Sleep Check Completed
INFO:root:2021-07-27-10--44--41 Frame manipulations completed
INFO:root:2021-07-27-10--44--41 Bounding Box Drawn
INFO:root:2021-07-27-10--44--42 MovingFrameQueue Appended
INFO:root:2021-07-27-10--44--42 anomallyFrameTracker resetted to 200
INFO:root:2021-07-27-10--44--42 Colour Conversion Completed
INFO:root:2021-07-27-10--44--42 Sleep Check Completed
INFO:root:2021-07-27-10--44--42 Frame manipulations completed
INFO:root:2021-07-27-10--44--42 Bounding Box Drawn
INFO:root:2021-07-27-10--44--42 MovingFrameQueue Appended
INFO:root:2021-07-27-10--44--42 anomallyFrameTracker resetted to 200
INFO:root:2021-07-27-10--44--42 Colour Conversion Completed
INFO:root:2021-07-27-10--44--42 Sleep Check Completed
INFO:root:2021-07-27-10--44--42 Frame manipulations completed
INFO:root:2021-07-27-10--44--42 Bounding Box Drawn
INFO:root:2021-07-27-10--44--43 MovingFrameQueue Appended
INFO:root:2021-07-27-10--44--43 anomallyFrameTracker resetted to 200
INFO:root:2021-07-27-10--44--43 Colour Conversion Completed
INFO:root:2021-07-27-10--44--43 Sleep Check Completed
INFO:root:2021-07-27-10--44--43 Frame manipulations completed
INFO:root:2021-07-27-10--44--43 Bounding Box Drawn
INFO:root:2021-07-27-10--44--43 MovingFrameQueue Appended
INFO:root:2021-07-27-10--44--43 anomallyFrameTracker resetted to 200
INFO:root:2021-07-27-10--44--43 Colour Conversion Completed
INFO:root:2021-07-27-10--44--43 Sleep Check Completed
INFO:root:2021-07-27-10--44--43 Frame manipulations completed
INFO:root:2021-07-27-10--44--43 Bounding Box Drawn
INFO:root:2021-07-27-10--44--44 MovingFrameQueue Appended
INFO:root:2021-07-27-10--44--44 anomallyFrameTracker resetted to 200
INFO:root:2021-07-27-10--44--44 Colour Conversion Completed
INFO:root:2021-07-27-10--44--44 Sleep Check Completed
INFO:root:2021-07-27-10--44--44 Frame manipulations completed
INFO:root:2021-07-27-10--44--44 Bounding Box Drawn
INFO:root:2021-07-27-10--44--44 MovingFrameQueue Appended
INFO:root:2021-07-27-10--44--44 anomallyFrameTracker resetted to 200
INFO:root:2021-07-27-10--44--44 Colour Conversion Completed
INFO:root:2021-07-27-10--44--44 Sleep Check Completed
INFO:root:2021-07-27-10--44--44 Frame manipulations completed
INFO:root:2021-07-27-10--44--44 Bounding Box Drawn
INFO:root:2021-07-27-10--44--45 MovingFrameQueue Appended
INFO:root:2021-07-27-10--44--45 anomallyFrameTracker resetted to 200
INFO:root:2021-07-27-10--44--45 Colour Conversion Completed
INFO:root:2021-07-27-10--44--45 Sleep Check Completed
INFO:root:2021-07-27-10--44--45 Frame manipulations completed
INFO:root:2021-07-27-10--44--45 Bounding Box Drawn
INFO:root:2021-07-27-10--44--46 MovingFrameQueue Appended
INFO:root:2021-07-27-10--44--46 anomallyFrameTracker resetted to 200
INFO:root:2021-07-27-10--44--46 Colour Conversion Completed
INFO:root:2021-07-27-10--44--46 Sleep Check Completed
INFO:root:2021-07-27-10--44--46 Frame manipulations completed
INFO:root:2021-07-27-10--44--46 Bounding Box Drawn
INFO:root:2021-07-27-10--44--46 MovingFrameQueue Appended
INFO:root:2021-07-27-10--44--46 anomallyFrameTracker resetted to 200
INFO:root:2021-07-27-10--44--46 Colour Conversion Completed
INFO:root:2021-07-27-10--44--46 Sleep Check Completed
INFO:root:2021-07-27-10--44--46 Frame manipulations completed
INFO:root:2021-07-27-10--44--46 Bounding Box Drawn
INFO:root:2021-07-27-10--44--47 MovingFrameQueue Appended
INFO:root:2021-07-27-10--44--47 anomallyFrameTracker resetted to 200
INFO:root:2021-07-27-10--44--47 Colour Conversion Completed
INFO:root:2021-07-27-10--44--47 Sleep Check Completed
INFO:root:2021-07-27-10--44--47 Frame manipulations completed
INFO:root:2021-07-27-10--44--47 Bounding Box Drawn
INFO:root:2021-07-27-10--44--48 MovingFrameQueue Appended
INFO:root:2021-07-27-10--44--48 anomallyFrameTracker resetted to 200
INFO:root:2021-07-27-10--44--48 Colour Conversion Completed
INFO:root:2021-07-27-10--44--48 Sleep Check Completed
INFO:root:2021-07-27-10--44--48 Frame manipulations completed
INFO:root:2021-07-27-10--44--48 Bounding Box Drawn
INFO:root:2021-07-27-10--44--49 MovingFrameQueue Appended
INFO:root:2021-07-27-10--44--49 anomallyFrameTracker resetted to 200
INFO:root:2021-07-27-10--44--49 Colour Conversion Completed
INFO:root:2021-07-27-10--44--49 Sleep Check Completed
INFO:root:2021-07-27-10--44--49 Frame manipulations completed
INFO:root:2021-07-27-10--44--49 Bounding Box Drawn
INFO:root:2021-07-27-10--44--49 MovingFrameQueue Appended
INFO:root:2021-07-27-10--44--49 anomallyFrameTracker resetted to 200
INFO:root:2021-07-27-10--44--49 Colour Conversion Completed
INFO:root:2021-07-27-10--44--49 Sleep Check Completed
INFO:root:2021-07-27-10--44--49 Frame manipulations completed
INFO:root:2021-07-27-10--44--49 Bounding Box Drawn
INFO:root:2021-07-27-10--44--50 MovingFrameQueue Appended
INFO:root:2021-07-27-10--44--50 anomallyFrameTracker resetted to 200
INFO:root:2021-07-27-10--44--50 Colour Conversion Completed
INFO:root:2021-07-27-10--44--50 Sleep Check Completed
INFO:root:2021-07-27-10--44--50 Frame manipulations completed
INFO:root:2021-07-27-10--44--50 Bounding Box Drawn
INFO:root:2021-07-27-10--44--51 MovingFrameQueue Appended
INFO:root:2021-07-27-10--44--51 anomallyFrameTracker resetted to 200
INFO:root:2021-07-27-10--44--51 Colour Conversion Completed
INFO:root:2021-07-27-10--44--51 Sleep Check Completed
INFO:root:2021-07-27-10--44--51 Frame manipulations completed
INFO:root:2021-07-27-10--44--51 Bounding Box Drawn
INFO:root:2021-07-27-10--44--52 MovingFrameQueue Appended
INFO:root:2021-07-27-10--44--52 anomallyFrameTracker resetted to 200
INFO:root:2021-07-27-10--44--52 Colour Conversion Completed
INFO:root:2021-07-27-10--44--52 Sleep Check Completed
INFO:root:2021-07-27-10--44--52 Frame manipulations completed
INFO:root:2021-07-27-10--44--52 Bounding Box Drawn
INFO:root:2021-07-27-10--44--52 MovingFrameQueue Appended
INFO:root:2021-07-27-10--44--52 anomallyFrameTracker resetted to 200
INFO:root:2021-07-27-10--44--52 Colour Conversion Completed
INFO:root:2021-07-27-10--44--52 Sleep Check Completed
INFO:root:2021-07-27-10--44--52 Frame manipulations completed
INFO:root:2021-07-27-10--44--52 Bounding Box Drawn
INFO:root:2021-07-27-10--44--53 MovingFrameQueue Appended
INFO:root:2021-07-27-10--44--53 anomallyFrameTracker resetted to 200
INFO:root:2021-07-27-10--44--53 Colour Conversion Completed
INFO:root:2021-07-27-10--44--53 Sleep Check Completed
INFO:root:2021-07-27-10--44--53 Frame manipulations completed
INFO:root:2021-07-27-10--44--53 Bounding Box Drawn
INFO:root:2021-07-27-10--44--54 MovingFrameQueue Appended
INFO:root:2021-07-27-10--44--54 anomallyFrameTracker resetted to 200
INFO:root:2021-07-27-10--44--54 Colour Conversion Completed
INFO:root:2021-07-27-10--44--54 Sleep Check Completed
INFO:root:2021-07-27-10--44--54 Frame manipulations completed
INFO:root:2021-07-27-10--44--54 Bounding Box Drawn
INFO:root:2021-07-27-10--44--54 MovingFrameQueue Appended
INFO:root:2021-07-27-10--44--54 anomallyFrameTracker resetted to 200
INFO:root:2021-07-27-10--44--54 Colour Conversion Completed
INFO:root:2021-07-27-10--44--54 Sleep Check Completed
INFO:root:2021-07-27-10--44--54 Frame manipulations completed
INFO:root:2021-07-27-10--44--54 Bounding Box Drawn
INFO:root:2021-07-27-10--44--54 MovingFrameQueue Appended
INFO:root:2021-07-27-10--44--54 anomallyFrameTracker resetted to 200
INFO:root:2021-07-27-10--44--54 Colour Conversion Completed
INFO:root:2021-07-27-10--44--54 Sleep Check Completed
INFO:root:2021-07-27-10--44--54 Frame manipulations completed
INFO:root:2021-07-27-10--44--54 Bounding Box Drawn
INFO:root:2021-07-27-10--44--55 MovingFrameQueue Appended
INFO:root:2021-07-27-10--44--55 anomallyFrameTracker resetted to 200
INFO:root:2021-07-27-10--44--55 Colour Conversion Completed
INFO:root:2021-07-27-10--44--55 Sleep Check Completed
INFO:root:2021-07-27-10--44--55 Frame manipulations completed
INFO:root:2021-07-27-10--44--55 Bounding Box Drawn
INFO:root:2021-07-27-10--44--56[INFO] elapsed time: 29.67
INFO:root:2021-07-27-10--44--56[INFO] approx. FPS: 1.55
INFO:root:2021-07-27-10--44--57 Getting Auth Token Success
INFO:root:2021-07-27-10--44--57 BedTime Upload Completed
