INFO:root:2021-08-02-11--50--26 Parameter Generation Success
INFO:root:2021-08-02-11--50--26 Colour Conversion Completed
INFO:root:2021-08-02-11--50--26 Sleep Check Completed
INFO:root:2021-08-02-11--50--26 Frame manipulations completed
INFO:root:2021-08-02-11--50--26 Bounding Box Drawn
INFO:root:2021-08-02-11--50--31 MovingFrameQueue Appended
INFO:root:2021-08-02-11--50--31 Colour Conversion Completed
INFO:root:2021-08-02-11--50--32 Sleep Check Completed
INFO:root:2021-08-02-11--50--32 Frame manipulations completed
INFO:root:2021-08-02-11--50--32 Bounding Box Drawn
INFO:root:2021-08-02-11--50--32 MovingFrameQueue Appended
INFO:root:2021-08-02-11--50--32 Colour Conversion Completed
INFO:root:2021-08-02-11--50--32 Sleep Check Completed
INFO:root:2021-08-02-11--50--32 Frame manipulations completed
INFO:root:2021-08-02-11--50--32 Bounding Box Drawn
INFO:root:2021-08-02-11--50--32 MovingFrameQueue Appended
INFO:root:2021-08-02-11--50--32 Colour Conversion Completed
INFO:root:2021-08-02-11--50--32 Sleep Check Completed
INFO:root:2021-08-02-11--50--32 Frame manipulations completed
INFO:root:2021-08-02-11--50--32 Bounding Box Drawn
INFO:root:2021-08-02-11--50--32 MovingFrameQueue Appended
INFO:root:2021-08-02-11--50--32 Colour Conversion Completed
INFO:root:2021-08-02-11--50--32 Sleep Check Completed
INFO:root:2021-08-02-11--50--32 Frame manipulations completed
INFO:root:2021-08-02-11--50--32 Bounding Box Drawn
INFO:root:2021-08-02-11--50--32 MovingFrameQueue Appended
INFO:root:2021-08-02-11--50--32 Colour Conversion Completed
INFO:root:2021-08-02-11--50--32 Sleep Check Completed
INFO:root:2021-08-02-11--50--32 Frame manipulations completed
INFO:root:2021-08-02-11--50--32 Bounding Box Drawn
INFO:root:2021-08-02-11--50--32 MovingFrameQueue Appended
INFO:root:2021-08-02-11--50--32 Colour Conversion Completed
INFO:root:2021-08-02-11--50--32 Sleep Check Completed
INFO:root:2021-08-02-11--50--32 Frame manipulations completed
INFO:root:2021-08-02-11--50--32 Bounding Box Drawn
INFO:root:2021-08-02-11--50--32 MovingFrameQueue Appended
INFO:root:2021-08-02-11--50--32 Colour Conversion Completed
INFO:root:2021-08-02-11--50--32 Sleep Check Completed
INFO:root:2021-08-02-11--50--32 Frame manipulations completed
INFO:root:2021-08-02-11--50--32 Bounding Box Drawn
INFO:root:2021-08-02-11--50--33 MovingFrameQueue Appended
INFO:root:2021-08-02-11--50--33 Colour Conversion Completed
INFO:root:2021-08-02-11--50--33 Sleep Check Completed
INFO:root:2021-08-02-11--50--33 Frame manipulations completed
INFO:root:2021-08-02-11--50--33 Bounding Box Drawn
INFO:root:2021-08-02-11--50--33 MovingFrameQueue Appended
INFO:root:2021-08-02-11--50--33 Colour Conversion Completed
INFO:root:2021-08-02-11--50--33 Sleep Check Completed
INFO:root:2021-08-02-11--50--33 Frame manipulations completed
INFO:root:2021-08-02-11--50--33 Bounding Box Drawn
INFO:root:2021-08-02-11--50--33 MovingFrameQueue Appended
INFO:root:2021-08-02-11--50--33 Colour Conversion Completed
INFO:root:2021-08-02-11--50--33 Sleep Check Completed
INFO:root:2021-08-02-11--50--33 Frame manipulations completed
INFO:root:2021-08-02-11--50--33 Bounding Box Drawn
INFO:root:2021-08-02-11--50--34 MovingFrameQueue Appended
INFO:root:2021-08-02-11--50--34 Colour Conversion Completed
INFO:root:2021-08-02-11--50--34 Sleep Check Completed
INFO:root:2021-08-02-11--50--34 Frame manipulations completed
INFO:root:2021-08-02-11--50--34 Bounding Box Drawn
INFO:root:2021-08-02-11--50--34 MovingFrameQueue Appended
INFO:root:2021-08-02-11--50--34 Anomally Detected, starting call for more frames
