INFO:root:2021-07-21-11--33--00 Parameter Generation Success
INFO:root:2021-07-21-11--33--00 Colour Conversion Completed
INFO:root:2021-07-21-11--33--00 Sleep Check Completed
INFO:root:2021-07-21-11--33--00 Frame manipulations completed
INFO:root:2021-07-21-11--33--00 Bounding Box Drawn
INFO:root:2021-07-21-11--33--05 MovingFrameQueue Appended
INFO:root:2021-07-21-11--33--05 anomallyFrameTracker resetted to 200
INFO:root:2021-07-21-11--33--05 Colour Conversion Completed
INFO:root:2021-07-21-11--33--05 Sleep Check Completed
INFO:root:2021-07-21-11--33--05 Frame manipulations completed
INFO:root:2021-07-21-11--33--05 Bounding Box Drawn
INFO:root:2021-07-21-11--33--05 MovingFrameQueue Appended
INFO:root:2021-07-21-11--33--05 anomallyFrameTracker resetted to 200
INFO:root:2021-07-21-11--33--06 Colour Conversion Completed
INFO:root:2021-07-21-11--33--06 Sleep Check Completed
INFO:root:2021-07-21-11--33--06 Frame manipulations completed
INFO:root:2021-07-21-11--33--06 Bounding Box Drawn
INFO:root:2021-07-21-11--33--06 MovingFrameQueue Appended
INFO:root:2021-07-21-11--33--06 anomallyFrameTracker resetted to 200
INFO:root:2021-07-21-11--33--06 Colour Conversion Completed
INFO:root:2021-07-21-11--33--06 Sleep Check Completed
INFO:root:2021-07-21-11--33--06 Frame manipulations completed
INFO:root:2021-07-21-11--33--06 Bounding Box Drawn
INFO:root:2021-07-21-11--33--06 MovingFrameQueue Appended
INFO:root:2021-07-21-11--33--06 anomallyFrameTracker resetted to 200
INFO:root:2021-07-21-11--33--06 Colour Conversion Completed
INFO:root:2021-07-21-11--33--06 Sleep Check Completed
INFO:root:2021-07-21-11--33--06 Frame manipulations completed
INFO:root:2021-07-21-11--33--06 Bounding Box Drawn
INFO:root:2021-07-21-11--33--06 MovingFrameQueue Appended
INFO:root:2021-07-21-11--33--06 anomallyFrameTracker resetted to 200
INFO:root:2021-07-21-11--33--06 Colour Conversion Completed
INFO:root:2021-07-21-11--33--06 Sleep Check Completed
INFO:root:2021-07-21-11--33--06 Frame manipulations completed
INFO:root:2021-07-21-11--33--06 Bounding Box Drawn
INFO:root:2021-07-21-11--33--06 MovingFrameQueue Appended
INFO:root:2021-07-21-11--33--06 anomallyFrameTracker resetted to 200
INFO:root:2021-07-21-11--33--06 Colour Conversion Completed
INFO:root:2021-07-21-11--33--06 Sleep Check Completed
INFO:root:2021-07-21-11--33--06 Frame manipulations completed
INFO:root:2021-07-21-11--33--06 Bounding Box Drawn
INFO:root:2021-07-21-11--33--06 MovingFrameQueue Appended
INFO:root:2021-07-21-11--33--06 anomallyFrameTracker resetted to 200
INFO:root:2021-07-21-11--33--06 Colour Conversion Completed
INFO:root:2021-07-21-11--33--06 Sleep Check Completed
INFO:root:2021-07-21-11--33--06 Frame manipulations completed
INFO:root:2021-07-21-11--33--06 Bounding Box Drawn
INFO:root:2021-07-21-11--33--07 MovingFrameQueue Appended
INFO:root:2021-07-21-11--33--07 anomallyFrameTracker resetted to 200
INFO:root:2021-07-21-11--33--07 Colour Conversion Completed
INFO:root:2021-07-21-11--33--07 Sleep Check Completed
INFO:root:2021-07-21-11--33--07 Frame manipulations completed
INFO:root:2021-07-21-11--33--07 Bounding Box Drawn
INFO:root:2021-07-21-11--33--07 MovingFrameQueue Appended
INFO:root:2021-07-21-11--33--07 anomallyFrameTracker resetted to 200
INFO:root:2021-07-21-11--33--07 Colour Conversion Completed
INFO:root:2021-07-21-11--33--07 Sleep Check Completed
INFO:root:2021-07-21-11--33--07 Frame manipulations completed
INFO:root:2021-07-21-11--33--07 Bounding Box Drawn
INFO:root:2021-07-21-11--33--07 MovingFrameQueue Appended
INFO:root:2021-07-21-11--33--07 anomallyFrameTracker resetted to 200
INFO:root:2021-07-21-11--33--07 Colour Conversion Completed
INFO:root:2021-07-21-11--33--07 Sleep Check Completed
INFO:root:2021-07-21-11--33--07 Frame manipulations completed
INFO:root:2021-07-21-11--33--07 Bounding Box Drawn
INFO:root:2021-07-21-11--33--07 MovingFrameQueue Appended
INFO:root:2021-07-21-11--33--07 anomallyFrameTracker resetted to 200
INFO:root:2021-07-21-11--33--07 Colour Conversion Completed
INFO:root:2021-07-21-11--33--07 Sleep Check Completed
INFO:root:2021-07-21-11--33--07 Frame manipulations completed
INFO:root:2021-07-21-11--33--07 Bounding Box Drawn
INFO:root:2021-07-21-11--33--07 MovingFrameQueue Appended
INFO:root:2021-07-21-11--33--07 anomallyFrameTracker resetted to 200
INFO:root:2021-07-21-11--33--07 Colour Conversion Completed
INFO:root:2021-07-21-11--33--07 Sleep Check Completed
INFO:root:2021-07-21-11--33--07 Frame manipulations completed
INFO:root:2021-07-21-11--33--07 Bounding Box Drawn
INFO:root:2021-07-21-11--33--08 MovingFrameQueue Appended
INFO:root:2021-07-21-11--33--08 anomallyFrameTracker resetted to 200
INFO:root:2021-07-21-11--33--08 Colour Conversion Completed
INFO:root:2021-07-21-11--33--08 Sleep Check Completed
INFO:root:2021-07-21-11--33--08 Frame manipulations completed
INFO:root:2021-07-21-11--33--08 Bounding Box Drawn
INFO:root:2021-07-21-11--33--08 MovingFrameQueue Appended
INFO:root:2021-07-21-11--33--08 anomallyFrameTracker resetted to 200
INFO:root:2021-07-21-11--33--08 Colour Conversion Completed
INFO:root:2021-07-21-11--33--08 Sleep Check Completed
INFO:root:2021-07-21-11--33--08 Frame manipulations completed
INFO:root:2021-07-21-11--33--08 Bounding Box Drawn
INFO:root:2021-07-21-11--33--08 MovingFrameQueue Appended
INFO:root:2021-07-21-11--33--08 anomallyFrameTracker resetted to 200
INFO:root:2021-07-21-11--33--08 Colour Conversion Completed
INFO:root:2021-07-21-11--33--08 Sleep Check Completed
INFO:root:2021-07-21-11--33--08 Frame manipulations completed
INFO:root:2021-07-21-11--33--08 Bounding Box Drawn
INFO:root:2021-07-21-11--33--08 MovingFrameQueue Appended
INFO:root:2021-07-21-11--33--08 anomallyFrameTracker resetted to 200
INFO:root:2021-07-21-11--33--08 Colour Conversion Completed
INFO:root:2021-07-21-11--33--08 Sleep Check Completed
INFO:root:2021-07-21-11--33--08 Frame manipulations completed
INFO:root:2021-07-21-11--33--08 Bounding Box Drawn
INFO:root:2021-07-21-11--33--09 MovingFrameQueue Appended
INFO:root:2021-07-21-11--33--09 anomallyFrameTracker resetted to 200
INFO:root:2021-07-21-11--33--09 Colour Conversion Completed
INFO:root:2021-07-21-11--33--09 Sleep Check Completed
INFO:root:2021-07-21-11--33--09 Frame manipulations completed
INFO:root:2021-07-21-11--33--09 Bounding Box Drawn
INFO:root:2021-07-21-11--33--09 MovingFrameQueue Appended
INFO:root:2021-07-21-11--33--09 anomallyFrameTracker resetted to 200
INFO:root:2021-07-21-11--33--09 Colour Conversion Completed
INFO:root:2021-07-21-11--33--09 Sleep Check Completed
INFO:root:2021-07-21-11--33--09 Frame manipulations completed
INFO:root:2021-07-21-11--33--09 Bounding Box Drawn
INFO:root:2021-07-21-11--33--09 MovingFrameQueue Appended
INFO:root:2021-07-21-11--33--09 anomallyFrameTracker resetted to 200
INFO:root:2021-07-21-11--33--09 Colour Conversion Completed
INFO:root:2021-07-21-11--33--09 Sleep Check Completed
INFO:root:2021-07-21-11--33--09 Frame manipulations completed
INFO:root:2021-07-21-11--33--09 Bounding Box Drawn
INFO:root:2021-07-21-11--33--09 MovingFrameQueue Appended
INFO:root:2021-07-21-11--33--09 anomallyFrameTracker resetted to 200
INFO:root:2021-07-21-11--33--09 Colour Conversion Completed
INFO:root:2021-07-21-11--33--09 Sleep Check Completed
INFO:root:2021-07-21-11--33--09 Frame manipulations completed
INFO:root:2021-07-21-11--33--09 Bounding Box Drawn
INFO:root:2021-07-21-11--33--09 MovingFrameQueue Appended
INFO:root:2021-07-21-11--33--09 anomallyFrameTracker resetted to 200
INFO:root:2021-07-21-11--33--09 Colour Conversion Completed
INFO:root:2021-07-21-11--33--09 Sleep Check Completed
INFO:root:2021-07-21-11--33--09 Frame manipulations completed
INFO:root:2021-07-21-11--33--09 Bounding Box Drawn
INFO:root:2021-07-21-11--33--10 MovingFrameQueue Appended
INFO:root:2021-07-21-11--33--10 anomallyFrameTracker resetted to 200
INFO:root:2021-07-21-11--33--10 Colour Conversion Completed
INFO:root:2021-07-21-11--33--10 Sleep Check Completed
INFO:root:2021-07-21-11--33--10 Frame manipulations completed
INFO:root:2021-07-21-11--33--10 Bounding Box Drawn
INFO:root:2021-07-21-11--33--10 MovingFrameQueue Appended
INFO:root:2021-07-21-11--33--10 anomallyFrameTracker resetted to 200
INFO:root:2021-07-21-11--33--10 Colour Conversion Completed
INFO:root:2021-07-21-11--33--10 Sleep Check Completed
INFO:root:2021-07-21-11--33--10 Frame manipulations completed
INFO:root:2021-07-21-11--33--10 Bounding Box Drawn
INFO:root:2021-07-21-11--33--10 MovingFrameQueue Appended
INFO:root:2021-07-21-11--33--10 anomallyFrameTracker resetted to 200
INFO:root:2021-07-21-11--33--10 Colour Conversion Completed
INFO:root:2021-07-21-11--33--10 Sleep Check Completed
INFO:root:2021-07-21-11--33--10 Frame manipulations completed
INFO:root:2021-07-21-11--33--10 Bounding Box Drawn
INFO:root:2021-07-21-11--33--10 MovingFrameQueue Appended
INFO:root:2021-07-21-11--33--10 anomallyFrameTracker resetted to 200
INFO:root:2021-07-21-11--33--10 Colour Conversion Completed
INFO:root:2021-07-21-11--33--10 Sleep Check Completed
INFO:root:2021-07-21-11--33--10 Frame manipulations completed
INFO:root:2021-07-21-11--33--10 Bounding Box Drawn
INFO:root:2021-07-21-11--33--11 MovingFrameQueue Appended
INFO:root:2021-07-21-11--33--11 anomallyFrameTracker resetted to 200
INFO:root:2021-07-21-11--33--11 Colour Conversion Completed
INFO:root:2021-07-21-11--33--11 Sleep Check Completed
INFO:root:2021-07-21-11--33--11 Frame manipulations completed
INFO:root:2021-07-21-11--33--11 Bounding Box Drawn
INFO:root:2021-07-21-11--33--11 MovingFrameQueue Appended
INFO:root:2021-07-21-11--33--11 anomallyFrameTracker resetted to 200
INFO:root:2021-07-21-11--33--11 Colour Conversion Completed
INFO:root:2021-07-21-11--33--11 Sleep Check Completed
INFO:root:2021-07-21-11--33--11 Frame manipulations completed
INFO:root:2021-07-21-11--33--11 Bounding Box Drawn
INFO:root:2021-07-21-11--33--11 MovingFrameQueue Appended
INFO:root:2021-07-21-11--33--11 anomallyFrameTracker resetted to 200
INFO:root:2021-07-21-11--33--11 Colour Conversion Completed
INFO:root:2021-07-21-11--33--11 Sleep Check Completed
INFO:root:2021-07-21-11--33--11 Frame manipulations completed
INFO:root:2021-07-21-11--33--11 Bounding Box Drawn
INFO:root:2021-07-21-11--33--11 MovingFrameQueue Appended
INFO:root:2021-07-21-11--33--11 anomallyFrameTracker resetted to 200
INFO:root:2021-07-21-11--33--11 Colour Conversion Completed
INFO:root:2021-07-21-11--33--11 Sleep Check Completed
INFO:root:2021-07-21-11--33--11 Frame manipulations completed
INFO:root:2021-07-21-11--33--11 Bounding Box Drawn
INFO:root:2021-07-21-11--33--11 MovingFrameQueue Appended
INFO:root:2021-07-21-11--33--12 anomallyFrameTracker resetted to 200
INFO:root:2021-07-21-11--33--12 Colour Conversion Completed
INFO:root:2021-07-21-11--33--12 Sleep Check Completed
INFO:root:2021-07-21-11--33--12 Frame manipulations completed
INFO:root:2021-07-21-11--33--12 Bounding Box Drawn
INFO:root:2021-07-21-11--33--12 MovingFrameQueue Appended
INFO:root:2021-07-21-11--33--12 anomallyFrameTracker resetted to 200
INFO:root:2021-07-21-11--33--12 Colour Conversion Completed
INFO:root:2021-07-21-11--33--12 Sleep Check Completed
INFO:root:2021-07-21-11--33--12 Frame manipulations completed
INFO:root:2021-07-21-11--33--12 Bounding Box Drawn
INFO:root:2021-07-21-11--33--12 MovingFrameQueue Appended
INFO:root:2021-07-21-11--33--12 anomallyFrameTracker resetted to 200
INFO:root:2021-07-21-11--33--12 Colour Conversion Completed
INFO:root:2021-07-21-11--33--12 Sleep Check Completed
INFO:root:2021-07-21-11--33--12 Frame manipulations completed
INFO:root:2021-07-21-11--33--12 Bounding Box Drawn
INFO:root:2021-07-21-11--33--12 MovingFrameQueue Appended
INFO:root:2021-07-21-11--33--12 anomallyFrameTracker resetted to 200
INFO:root:2021-07-21-11--33--12 Colour Conversion Completed
INFO:root:2021-07-21-11--33--12 Sleep Check Completed
INFO:root:2021-07-21-11--33--12 Frame manipulations completed
INFO:root:2021-07-21-11--33--12 Bounding Box Drawn
INFO:root:2021-07-21-11--33--13 MovingFrameQueue Appended
INFO:root:2021-07-21-11--33--13 anomallyFrameTracker resetted to 200
INFO:root:2021-07-21-11--33--13 Colour Conversion Completed
INFO:root:2021-07-21-11--33--13 Sleep Check Completed
INFO:root:2021-07-21-11--33--13 Frame manipulations completed
INFO:root:2021-07-21-11--33--13 Bounding Box Drawn
INFO:root:2021-07-21-11--33--13 MovingFrameQueue Appended
INFO:root:2021-07-21-11--33--13 anomallyFrameTracker resetted to 200
INFO:root:2021-07-21-11--33--13 Colour Conversion Completed
INFO:root:2021-07-21-11--33--13 Sleep Check Completed
INFO:root:2021-07-21-11--33--13 Frame manipulations completed
INFO:root:2021-07-21-11--33--13 Bounding Box Drawn
INFO:root:2021-07-21-11--33--13 MovingFrameQueue Appended
INFO:root:2021-07-21-11--33--13 anomallyFrameTracker resetted to 200
INFO:root:2021-07-21-11--33--13 Colour Conversion Completed
INFO:root:2021-07-21-11--33--13 Sleep Check Completed
INFO:root:2021-07-21-11--33--13 Frame manipulations completed
INFO:root:2021-07-21-11--33--13 Bounding Box Drawn
INFO:root:2021-07-21-11--33--13 MovingFrameQueue Appended
INFO:root:2021-07-21-11--33--13 anomallyFrameTracker resetted to 200
INFO:root:2021-07-21-11--33--13 Colour Conversion Completed
INFO:root:2021-07-21-11--33--13 Sleep Check Completed
INFO:root:2021-07-21-11--33--13 Frame manipulations completed
INFO:root:2021-07-21-11--33--13 Bounding Box Drawn
INFO:root:2021-07-21-11--33--14 MovingFrameQueue Appended
INFO:root:2021-07-21-11--33--14 anomallyFrameTracker resetted to 200
INFO:root:2021-07-21-11--33--14 Colour Conversion Completed
INFO:root:2021-07-21-11--33--14 Sleep Check Completed
INFO:root:2021-07-21-11--33--14 Frame manipulations completed
INFO:root:2021-07-21-11--33--14 Bounding Box Drawn
INFO:root:2021-07-21-11--33--14 MovingFrameQueue Appended
INFO:root:2021-07-21-11--33--14 anomallyFrameTracker resetted to 200
INFO:root:2021-07-21-11--33--14 Colour Conversion Completed
INFO:root:2021-07-21-11--33--14 Sleep Check Completed
INFO:root:2021-07-21-11--33--14 Frame manipulations completed
INFO:root:2021-07-21-11--33--14 Bounding Box Drawn
INFO:root:2021-07-21-11--33--14 MovingFrameQueue Appended
INFO:root:2021-07-21-11--33--14 anomallyFrameTracker resetted to 200
INFO:root:2021-07-21-11--33--14 Colour Conversion Completed
INFO:root:2021-07-21-11--33--14 Sleep Check Completed
INFO:root:2021-07-21-11--33--14 Frame manipulations completed
INFO:root:2021-07-21-11--33--14 Bounding Box Drawn
INFO:root:2021-07-21-11--33--14 MovingFrameQueue Appended
INFO:root:2021-07-21-11--33--14 anomallyFrameTracker resetted to 200
INFO:root:2021-07-21-11--33--14 Colour Conversion Completed
INFO:root:2021-07-21-11--33--14 Sleep Check Completed
INFO:root:2021-07-21-11--33--14 Frame manipulations completed
INFO:root:2021-07-21-11--33--14 Bounding Box Drawn
INFO:root:2021-07-21-11--33--14 MovingFrameQueue Appended
INFO:root:2021-07-21-11--33--14 anomallyFrameTracker resetted to 200
INFO:root:2021-07-21-11--33--14 Colour Conversion Completed
INFO:root:2021-07-21-11--33--14 Sleep Check Completed
INFO:root:2021-07-21-11--33--14 Frame manipulations completed
INFO:root:2021-07-21-11--33--14 Bounding Box Drawn
INFO:root:2021-07-21-11--33--14 MovingFrameQueue Appended
INFO:root:2021-07-21-11--33--14 anomallyFrameTracker resetted to 200
INFO:root:2021-07-21-11--33--14 Colour Conversion Completed
INFO:root:2021-07-21-11--33--14 Sleep Check Completed
INFO:root:2021-07-21-11--33--14 Frame manipulations completed
INFO:root:2021-07-21-11--33--14 Bounding Box Drawn
INFO:root:2021-07-21-11--33--15 MovingFrameQueue Appended
INFO:root:2021-07-21-11--33--15 anomallyFrameTracker resetted to 200
INFO:root:2021-07-21-11--33--15 Colour Conversion Completed
INFO:root:2021-07-21-11--33--15 Sleep Check Completed
INFO:root:2021-07-21-11--33--15 Frame manipulations completed
INFO:root:2021-07-21-11--33--15 Bounding Box Drawn
INFO:root:2021-07-21-11--33--15 MovingFrameQueue Appended
INFO:root:2021-07-21-11--33--15 anomallyFrameTracker resetted to 200
INFO:root:2021-07-21-11--33--15 Colour Conversion Completed
INFO:root:2021-07-21-11--33--15 Sleep Check Completed
INFO:root:2021-07-21-11--33--15 Frame manipulations completed
INFO:root:2021-07-21-11--33--15 Bounding Box Drawn
INFO:root:2021-07-21-11--33--15 MovingFrameQueue Appended
INFO:root:2021-07-21-11--33--15 anomallyFrameTracker resetted to 200
INFO:root:2021-07-21-11--33--15 Colour Conversion Completed
INFO:root:2021-07-21-11--33--15 Sleep Check Completed
INFO:root:2021-07-21-11--33--15 Frame manipulations completed
INFO:root:2021-07-21-11--33--15 Bounding Box Drawn
INFO:root:2021-07-21-11--33--15 MovingFrameQueue Appended
INFO:root:2021-07-21-11--33--15 anomallyFrameTracker resetted to 200
INFO:root:2021-07-21-11--33--15 Colour Conversion Completed
INFO:root:2021-07-21-11--33--15 Sleep Check Completed
INFO:root:2021-07-21-11--33--15 Frame manipulations completed
INFO:root:2021-07-21-11--33--15 Bounding Box Drawn
INFO:root:2021-07-21-11--33--15 MovingFrameQueue Appended
INFO:root:2021-07-21-11--33--15 anomallyFrameTracker resetted to 200
INFO:root:2021-07-21-11--33--15 Colour Conversion Completed
INFO:root:2021-07-21-11--33--15 Sleep Check Completed
INFO:root:2021-07-21-11--33--15 Frame manipulations completed
INFO:root:2021-07-21-11--33--15 Bounding Box Drawn
INFO:root:2021-07-21-11--33--16 MovingFrameQueue Appended
INFO:root:2021-07-21-11--33--16 anomallyFrameTracker resetted to 200
INFO:root:2021-07-21-11--33--16 Colour Conversion Completed
INFO:root:2021-07-21-11--33--16 Sleep Check Completed
INFO:root:2021-07-21-11--33--16 Frame manipulations completed
INFO:root:2021-07-21-11--33--16 Bounding Box Drawn
INFO:root:2021-07-21-11--33--16 MovingFrameQueue Appended
INFO:root:2021-07-21-11--33--16 anomallyFrameTracker resetted to 200
INFO:root:2021-07-21-11--33--16 Colour Conversion Completed
INFO:root:2021-07-21-11--33--16 Sleep Check Completed
INFO:root:2021-07-21-11--33--16 Frame manipulations completed
INFO:root:2021-07-21-11--33--16 Bounding Box Drawn
INFO:root:2021-07-21-11--33--16 MovingFrameQueue Appended
INFO:root:2021-07-21-11--33--16 anomallyFrameTracker resetted to 200
INFO:root:2021-07-21-11--33--16 Colour Conversion Completed
INFO:root:2021-07-21-11--33--16 Sleep Check Completed
INFO:root:2021-07-21-11--33--16 Frame manipulations completed
INFO:root:2021-07-21-11--33--16 Bounding Box Drawn
INFO:root:2021-07-21-11--33--16 MovingFrameQueue Popped
INFO:root:2021-07-21-11--33--16 anomallyFrameTracker resetted to 200
INFO:root:2021-07-21-11--33--16 Colour Conversion Completed
INFO:root:2021-07-21-11--33--16 Sleep Check Completed
INFO:root:2021-07-21-11--33--16 Frame manipulations completed
INFO:root:2021-07-21-11--33--16 Bounding Box Drawn
INFO:root:2021-07-21-11--33--16 MovingFrameQueue Appended
INFO:root:2021-07-21-11--33--16 anomallyFrameTracker resetted to 200
INFO:root:2021-07-21-11--33--16 Colour Conversion Completed
INFO:root:2021-07-21-11--33--16 Sleep Check Completed
INFO:root:2021-07-21-11--33--16 Frame manipulations completed
INFO:root:2021-07-21-11--33--16 Bounding Box Drawn
INFO:root:2021-07-21-11--33--16 MovingFrameQueue Popped
INFO:root:2021-07-21-11--33--16 anomallyFrameTracker resetted to 200
INFO:root:2021-07-21-11--33--16 Colour Conversion Completed
INFO:root:2021-07-21-11--33--16 Sleep Check Completed
INFO:root:2021-07-21-11--33--16 Frame manipulations completed
INFO:root:2021-07-21-11--33--16 Bounding Box Drawn
INFO:root:2021-07-21-11--33--17 MovingFrameQueue Appended
INFO:root:2021-07-21-11--33--17 anomallyFrameTracker resetted to 200
INFO:root:2021-07-21-11--33--17 Colour Conversion Completed
INFO:root:2021-07-21-11--33--17 Sleep Check Completed
INFO:root:2021-07-21-11--33--17 Frame manipulations completed
INFO:root:2021-07-21-11--33--17 Bounding Box Drawn
INFO:root:2021-07-21-11--33--17 MovingFrameQueue Popped
INFO:root:2021-07-21-11--33--17 anomallyFrameTracker resetted to 200
INFO:root:2021-07-21-11--33--17 Colour Conversion Completed
INFO:root:2021-07-21-11--33--17 Sleep Check Completed
INFO:root:2021-07-21-11--33--17 Frame manipulations completed
INFO:root:2021-07-21-11--33--17 Bounding Box Drawn
INFO:root:2021-07-21-11--33--17 MovingFrameQueue Appended
INFO:root:2021-07-21-11--33--17 anomallyFrameTracker resetted to 200
INFO:root:2021-07-21-11--33--17 Colour Conversion Completed
INFO:root:2021-07-21-11--33--17 Sleep Check Completed
INFO:root:2021-07-21-11--33--17 Frame manipulations completed
INFO:root:2021-07-21-11--33--17 Bounding Box Drawn
INFO:root:2021-07-21-11--33--17 MovingFrameQueue Popped
INFO:root:2021-07-21-11--33--17 anomallyFrameTracker resetted to 200
INFO:root:2021-07-21-11--33--17 Colour Conversion Completed
INFO:root:2021-07-21-11--33--17 Sleep Check Completed
INFO:root:2021-07-21-11--33--17 Frame manipulations completed
INFO:root:2021-07-21-11--33--17 Bounding Box Drawn
INFO:root:2021-07-21-11--33--17 MovingFrameQueue Appended
INFO:root:2021-07-21-11--33--17 anomallyFrameTracker resetted to 200
INFO:root:2021-07-21-11--33--17 Colour Conversion Completed
INFO:root:2021-07-21-11--33--17 Sleep Check Completed
INFO:root:2021-07-21-11--33--17 Frame manipulations completed
INFO:root:2021-07-21-11--33--17 Bounding Box Drawn
INFO:root:2021-07-21-11--33--17 MovingFrameQueue Popped
INFO:root:2021-07-21-11--33--17 anomallyFrameTracker resetted to 200
INFO:root:2021-07-21-11--33--17 Colour Conversion Completed
INFO:root:2021-07-21-11--33--17 Sleep Check Completed
INFO:root:2021-07-21-11--33--17 Frame manipulations completed
INFO:root:2021-07-21-11--33--17 Bounding Box Drawn
INFO:root:2021-07-21-11--33--17 MovingFrameQueue Appended
INFO:root:2021-07-21-11--33--17 anomallyFrameTracker resetted to 200
INFO:root:2021-07-21-11--33--17 Colour Conversion Completed
INFO:root:2021-07-21-11--33--17 Sleep Check Completed
INFO:root:2021-07-21-11--33--17 Frame manipulations completed
INFO:root:2021-07-21-11--33--17 Bounding Box Drawn
INFO:root:2021-07-21-11--33--17 MovingFrameQueue Popped
INFO:root:2021-07-21-11--33--17 anomallyFrameTracker resetted to 200
INFO:root:2021-07-21-11--33--17 Colour Conversion Completed
INFO:root:2021-07-21-11--33--17 Sleep Check Completed
INFO:root:2021-07-21-11--33--17 Frame manipulations completed
INFO:root:2021-07-21-11--33--17 Bounding Box Drawn
INFO:root:2021-07-21-11--33--17 MovingFrameQueue Appended
INFO:root:2021-07-21-11--33--17 anomallyFrameTracker resetted to 200
INFO:root:2021-07-21-11--33--17 Colour Conversion Completed
INFO:root:2021-07-21-11--33--17 Sleep Check Completed
INFO:root:2021-07-21-11--33--17 Frame manipulations completed
INFO:root:2021-07-21-11--33--17 Bounding Box Drawn
INFO:root:2021-07-21-11--33--18 MovingFrameQueue Popped
INFO:root:2021-07-21-11--33--18 anomallyFrameTracker resetted to 200
INFO:root:2021-07-21-11--33--18 Colour Conversion Completed
INFO:root:2021-07-21-11--33--18 Sleep Check Completed
INFO:root:2021-07-21-11--33--18 Frame manipulations completed
INFO:root:2021-07-21-11--33--18 Bounding Box Drawn
INFO:root:2021-07-21-11--33--18 MovingFrameQueue Appended
INFO:root:2021-07-21-11--33--18 anomallyFrameTracker resetted to 200
INFO:root:2021-07-21-11--33--18 Colour Conversion Completed
INFO:root:2021-07-21-11--33--18 Sleep Check Completed
INFO:root:2021-07-21-11--33--18 Frame manipulations completed
INFO:root:2021-07-21-11--33--18 Bounding Box Drawn
INFO:root:2021-07-21-11--33--18 MovingFrameQueue Popped
INFO:root:2021-07-21-11--33--18 anomallyFrameTracker resetted to 200
INFO:root:2021-07-21-11--33--18 Colour Conversion Completed
INFO:root:2021-07-21-11--33--18 Sleep Check Completed
INFO:root:2021-07-21-11--33--18 Frame manipulations completed
INFO:root:2021-07-21-11--33--18 Bounding Box Drawn
INFO:root:2021-07-21-11--33--18 MovingFrameQueue Appended
INFO:root:2021-07-21-11--33--18 anomallyFrameTracker resetted to 200
INFO:root:2021-07-21-11--33--18 Colour Conversion Completed
INFO:root:2021-07-21-11--33--18 Sleep Check Completed
INFO:root:2021-07-21-11--33--18 Frame manipulations completed
INFO:root:2021-07-21-11--33--18 Bounding Box Drawn
INFO:root:2021-07-21-11--33--18 MovingFrameQueue Popped
INFO:root:2021-07-21-11--33--18 anomallyFrameTracker resetted to 200
INFO:root:2021-07-21-11--33--18 Colour Conversion Completed
INFO:root:2021-07-21-11--33--18 Sleep Check Completed
INFO:root:2021-07-21-11--33--18 Frame manipulations completed
INFO:root:2021-07-21-11--33--18 Bounding Box Drawn
INFO:root:2021-07-21-11--33--18 MovingFrameQueue Appended
INFO:root:2021-07-21-11--33--18 anomallyFrameTracker resetted to 200
INFO:root:2021-07-21-11--33--18 Colour Conversion Completed
INFO:root:2021-07-21-11--33--18 Sleep Check Completed
INFO:root:2021-07-21-11--33--18 Frame manipulations completed
INFO:root:2021-07-21-11--33--18 Bounding Box Drawn
INFO:root:2021-07-21-11--33--18 MovingFrameQueue Popped
INFO:root:2021-07-21-11--33--18 anomallyFrameTracker resetted to 200
INFO:root:2021-07-21-11--33--18 Colour Conversion Completed
INFO:root:2021-07-21-11--33--18 Sleep Check Completed
INFO:root:2021-07-21-11--33--18 Frame manipulations completed
INFO:root:2021-07-21-11--33--18 Bounding Box Drawn
INFO:root:2021-07-21-11--33--18 MovingFrameQueue Appended
INFO:root:2021-07-21-11--33--18 anomallyFrameTracker resetted to 200
INFO:root:2021-07-21-11--33--18 Colour Conversion Completed
INFO:root:2021-07-21-11--33--19 Sleep Check Completed
INFO:root:2021-07-21-11--33--19 Frame manipulations completed
INFO:root:2021-07-21-11--33--19 Bounding Box Drawn
INFO:root:2021-07-21-11--33--19 MovingFrameQueue Popped
INFO:root:2021-07-21-11--33--19 anomallyFrameTracker resetted to 200
INFO:root:2021-07-21-11--33--19 Colour Conversion Completed
INFO:root:2021-07-21-11--33--19 Sleep Check Completed
INFO:root:2021-07-21-11--33--19 Frame manipulations completed
INFO:root:2021-07-21-11--33--19 Bounding Box Drawn
INFO:root:2021-07-21-11--33--19 MovingFrameQueue Appended
INFO:root:2021-07-21-11--33--19 anomallyFrameTracker resetted to 200
INFO:root:2021-07-21-11--33--19 Colour Conversion Completed
INFO:root:2021-07-21-11--33--19 Sleep Check Completed
INFO:root:2021-07-21-11--33--19 Frame manipulations completed
INFO:root:2021-07-21-11--33--19 Bounding Box Drawn
INFO:root:2021-07-21-11--33--19 MovingFrameQueue Popped
INFO:root:2021-07-21-11--33--19 anomallyFrameTracker resetted to 200
INFO:root:2021-07-21-11--33--19 Colour Conversion Completed
INFO:root:2021-07-21-11--33--19 Sleep Check Completed
INFO:root:2021-07-21-11--33--19 Frame manipulations completed
INFO:root:2021-07-21-11--33--19 Bounding Box Drawn
INFO:root:2021-07-21-11--33--19 MovingFrameQueue Appended
INFO:root:2021-07-21-11--33--19 anomallyFrameTracker resetted to 200
INFO:root:2021-07-21-11--33--19 Colour Conversion Completed
INFO:root:2021-07-21-11--33--19 Sleep Check Completed
INFO:root:2021-07-21-11--33--19 Frame manipulations completed
INFO:root:2021-07-21-11--33--19 Bounding Box Drawn
INFO:root:2021-07-21-11--33--19 MovingFrameQueue Popped
INFO:root:2021-07-21-11--33--19 anomallyFrameTracker resetted to 200
INFO:root:2021-07-21-11--33--19 Colour Conversion Completed
INFO:root:2021-07-21-11--33--19 Sleep Check Completed
INFO:root:2021-07-21-11--33--19 Frame manipulations completed
INFO:root:2021-07-21-11--33--19 Bounding Box Drawn
INFO:root:2021-07-21-11--33--19 MovingFrameQueue Appended
INFO:root:2021-07-21-11--33--19 anomallyFrameTracker resetted to 200
INFO:root:2021-07-21-11--33--19 Colour Conversion Completed
INFO:root:2021-07-21-11--33--19 Sleep Check Completed
INFO:root:2021-07-21-11--33--19 Frame manipulations completed
INFO:root:2021-07-21-11--33--19 Bounding Box Drawn
INFO:root:2021-07-21-11--33--19 MovingFrameQueue Popped
INFO:root:2021-07-21-11--33--19 anomallyFrameTracker resetted to 200
INFO:root:2021-07-21-11--33--19 Colour Conversion Completed
INFO:root:2021-07-21-11--33--19 Sleep Check Completed
INFO:root:2021-07-21-11--33--19 Frame manipulations completed
INFO:root:2021-07-21-11--33--19 Bounding Box Drawn
INFO:root:2021-07-21-11--33--20 MovingFrameQueue Appended
INFO:root:2021-07-21-11--33--20 anomallyFrameTracker resetted to 200
INFO:root:2021-07-21-11--33--20 Colour Conversion Completed
INFO:root:2021-07-21-11--33--20 Sleep Check Completed
INFO:root:2021-07-21-11--33--20 Frame manipulations completed
INFO:root:2021-07-21-11--33--20 Bounding Box Drawn
INFO:root:2021-07-21-11--33--20 MovingFrameQueue Popped
INFO:root:2021-07-21-11--33--20 anomallyFrameTracker resetted to 200
INFO:root:2021-07-21-11--33--20 Colour Conversion Completed
INFO:root:2021-07-21-11--33--20 Sleep Check Completed
INFO:root:2021-07-21-11--33--20 Frame manipulations completed
INFO:root:2021-07-21-11--33--20 Bounding Box Drawn
INFO:root:2021-07-21-11--33--20 MovingFrameQueue Appended
INFO:root:2021-07-21-11--33--20 anomallyFrameTracker resetted to 200
INFO:root:2021-07-21-11--33--20 Colour Conversion Completed
INFO:root:2021-07-21-11--33--20 Sleep Check Completed
INFO:root:2021-07-21-11--33--20 Frame manipulations completed
INFO:root:2021-07-21-11--33--20 Bounding Box Drawn
INFO:root:2021-07-21-11--33--20 MovingFrameQueue Popped
INFO:root:2021-07-21-11--33--20 anomallyFrameTracker resetted to 200
INFO:root:2021-07-21-11--33--20 Colour Conversion Completed
INFO:root:2021-07-21-11--33--20 Sleep Check Completed
INFO:root:2021-07-21-11--33--20 Frame manipulations completed
INFO:root:2021-07-21-11--33--20 Bounding Box Drawn
INFO:root:2021-07-21-11--33--20 MovingFrameQueue Appended
INFO:root:2021-07-21-11--33--20 anomallyFrameTracker resetted to 200
INFO:root:2021-07-21-11--33--20 Colour Conversion Completed
INFO:root:2021-07-21-11--33--20 Sleep Check Completed
INFO:root:2021-07-21-11--33--20 Frame manipulations completed
INFO:root:2021-07-21-11--33--20 Bounding Box Drawn
INFO:root:2021-07-21-11--33--20 MovingFrameQueue Popped
INFO:root:2021-07-21-11--33--20 anomallyFrameTracker resetted to 200
INFO:root:2021-07-21-11--33--20 Colour Conversion Completed
INFO:root:2021-07-21-11--33--20 Sleep Check Completed
INFO:root:2021-07-21-11--33--20 Frame manipulations completed
INFO:root:2021-07-21-11--33--20 Bounding Box Drawn
INFO:root:2021-07-21-11--33--20 MovingFrameQueue Appended
INFO:root:2021-07-21-11--33--20 anomallyFrameTracker resetted to 200
INFO:root:2021-07-21-11--33--20 Colour Conversion Completed
INFO:root:2021-07-21-11--33--20 Sleep Check Completed
INFO:root:2021-07-21-11--33--20 Frame manipulations completed
INFO:root:2021-07-21-11--33--20 Bounding Box Drawn
INFO:root:2021-07-21-11--33--21 MovingFrameQueue Popped
INFO:root:2021-07-21-11--33--21 anomallyFrameTracker resetted to 200
INFO:root:2021-07-21-11--33--21 Colour Conversion Completed
INFO:root:2021-07-21-11--33--21 Sleep Check Completed
INFO:root:2021-07-21-11--33--21 Frame manipulations completed
INFO:root:2021-07-21-11--33--21 Bounding Box Drawn
INFO:root:2021-07-21-11--33--21 MovingFrameQueue Appended
INFO:root:2021-07-21-11--33--21 anomallyFrameTracker resetted to 200
INFO:root:2021-07-21-11--33--21 Colour Conversion Completed
INFO:root:2021-07-21-11--33--21 Sleep Check Completed
INFO:root:2021-07-21-11--33--21 Frame manipulations completed
INFO:root:2021-07-21-11--33--21 Bounding Box Drawn
INFO:root:2021-07-21-11--33--21 MovingFrameQueue Popped
INFO:root:2021-07-21-11--33--21 anomallyFrameTracker resetted to 200
INFO:root:2021-07-21-11--33--21 Colour Conversion Completed
INFO:root:2021-07-21-11--33--21 Sleep Check Completed
INFO:root:2021-07-21-11--33--21 Frame manipulations completed
INFO:root:2021-07-21-11--33--21 Bounding Box Drawn
INFO:root:2021-07-21-11--33--21 MovingFrameQueue Appended
INFO:root:2021-07-21-11--33--21 anomallyFrameTracker resetted to 200
INFO:root:2021-07-21-11--33--21 Colour Conversion Completed
INFO:root:2021-07-21-11--33--21 Sleep Check Completed
INFO:root:2021-07-21-11--33--21 Frame manipulations completed
INFO:root:2021-07-21-11--33--21 Bounding Box Drawn
INFO:root:2021-07-21-11--33--21 MovingFrameQueue Popped
INFO:root:2021-07-21-11--33--21 anomallyFrameTracker resetted to 200
INFO:root:2021-07-21-11--33--21 Colour Conversion Completed
INFO:root:2021-07-21-11--33--21 Sleep Check Completed
INFO:root:2021-07-21-11--33--21 Frame manipulations completed
INFO:root:2021-07-21-11--33--21 Bounding Box Drawn
INFO:root:2021-07-21-11--33--21 MovingFrameQueue Appended
INFO:root:2021-07-21-11--33--21 anomallyFrameTracker resetted to 200
INFO:root:2021-07-21-11--33--21 Colour Conversion Completed
INFO:root:2021-07-21-11--33--21 Sleep Check Completed
INFO:root:2021-07-21-11--33--21 Frame manipulations completed
INFO:root:2021-07-21-11--33--21 Bounding Box Drawn
INFO:root:2021-07-21-11--33--21 MovingFrameQueue Popped
INFO:root:2021-07-21-11--33--21 anomallyFrameTracker resetted to 200
INFO:root:2021-07-21-11--33--21 Colour Conversion Completed
INFO:root:2021-07-21-11--33--21 Sleep Check Completed
INFO:root:2021-07-21-11--33--21 Frame manipulations completed
INFO:root:2021-07-21-11--33--21 Bounding Box Drawn
INFO:root:2021-07-21-11--33--21 MovingFrameQueue Appended
INFO:root:2021-07-21-11--33--21 anomallyFrameTracker resetted to 200
INFO:root:2021-07-21-11--33--21 Colour Conversion Completed
INFO:root:2021-07-21-11--33--21 Sleep Check Completed
INFO:root:2021-07-21-11--33--21 Frame manipulations completed
INFO:root:2021-07-21-11--33--21 Bounding Box Drawn
INFO:root:2021-07-21-11--33--22 MovingFrameQueue Popped
INFO:root:2021-07-21-11--33--22 anomallyFrameTracker resetted to 200
INFO:root:2021-07-21-11--33--22 Colour Conversion Completed
INFO:root:2021-07-21-11--33--22 Sleep Check Completed
INFO:root:2021-07-21-11--33--22 Frame manipulations completed
INFO:root:2021-07-21-11--33--22 Bounding Box Drawn
INFO:root:2021-07-21-11--33--22 MovingFrameQueue Appended
INFO:root:2021-07-21-11--33--22 anomallyFrameTracker resetted to 200
INFO:root:2021-07-21-11--33--22 Colour Conversion Completed
INFO:root:2021-07-21-11--33--22 Sleep Check Completed
INFO:root:2021-07-21-11--33--22 Frame manipulations completed
INFO:root:2021-07-21-11--33--22 Bounding Box Drawn
INFO:root:2021-07-21-11--33--22 MovingFrameQueue Popped
INFO:root:2021-07-21-11--33--22 anomallyFrameTracker resetted to 200
INFO:root:2021-07-21-11--33--22 Colour Conversion Completed
INFO:root:2021-07-21-11--33--22 Sleep Check Completed
INFO:root:2021-07-21-11--33--22 Frame manipulations completed
INFO:root:2021-07-21-11--33--22 Bounding Box Drawn
INFO:root:2021-07-21-11--33--22 MovingFrameQueue Appended
INFO:root:2021-07-21-11--33--22 anomallyFrameTracker resetted to 200
INFO:root:2021-07-21-11--33--22 Colour Conversion Completed
INFO:root:2021-07-21-11--33--22 Sleep Check Completed
INFO:root:2021-07-21-11--33--22 Frame manipulations completed
INFO:root:2021-07-21-11--33--22 Bounding Box Drawn
INFO:root:2021-07-21-11--33--22 MovingFrameQueue Popped
INFO:root:2021-07-21-11--33--22 anomallyFrameTracker resetted to 200
INFO:root:2021-07-21-11--33--22 Colour Conversion Completed
INFO:root:2021-07-21-11--33--22 Sleep Check Completed
INFO:root:2021-07-21-11--33--22 Frame manipulations completed
INFO:root:2021-07-21-11--33--22 Bounding Box Drawn
INFO:root:2021-07-21-11--33--22 MovingFrameQueue Appended
INFO:root:2021-07-21-11--33--22 anomallyFrameTracker resetted to 200
INFO:root:2021-07-21-11--33--22 Colour Conversion Completed
INFO:root:2021-07-21-11--33--22 Sleep Check Completed
INFO:root:2021-07-21-11--33--22 Frame manipulations completed
INFO:root:2021-07-21-11--33--22 Bounding Box Drawn
INFO:root:2021-07-21-11--33--22 MovingFrameQueue Popped
INFO:root:2021-07-21-11--33--22 anomallyFrameTracker resetted to 200
INFO:root:2021-07-21-11--33--22 Colour Conversion Completed
INFO:root:2021-07-21-11--33--22 Sleep Check Completed
INFO:root:2021-07-21-11--33--22 Frame manipulations completed
INFO:root:2021-07-21-11--33--22 Bounding Box Drawn
INFO:root:2021-07-21-11--33--22 MovingFrameQueue Appended
INFO:root:2021-07-21-11--33--22 anomallyFrameTracker resetted to 200
INFO:root:2021-07-21-11--33--22 Colour Conversion Completed
INFO:root:2021-07-21-11--33--22 Sleep Check Completed
INFO:root:2021-07-21-11--33--22 Frame manipulations completed
INFO:root:2021-07-21-11--33--22 Bounding Box Drawn
INFO:root:2021-07-21-11--33--23 MovingFrameQueue Popped
INFO:root:2021-07-21-11--33--23 anomallyFrameTracker resetted to 200
INFO:root:2021-07-21-11--33--23 Colour Conversion Completed
INFO:root:2021-07-21-11--33--23 Sleep Check Completed
INFO:root:2021-07-21-11--33--23 Frame manipulations completed
INFO:root:2021-07-21-11--33--23 Bounding Box Drawn
INFO:root:2021-07-21-11--33--23 MovingFrameQueue Appended
INFO:root:2021-07-21-11--33--23 anomallyFrameTracker resetted to 200
INFO:root:2021-07-21-11--33--23 Colour Conversion Completed
INFO:root:2021-07-21-11--33--23 Sleep Check Completed
INFO:root:2021-07-21-11--33--23 Frame manipulations completed
INFO:root:2021-07-21-11--33--23 Bounding Box Drawn
INFO:root:2021-07-21-11--33--23 MovingFrameQueue Popped
INFO:root:2021-07-21-11--33--23 anomallyFrameTracker resetted to 200
INFO:root:2021-07-21-11--33--23 Colour Conversion Completed
INFO:root:2021-07-21-11--33--23 Sleep Check Completed
INFO:root:2021-07-21-11--33--23 Frame manipulations completed
INFO:root:2021-07-21-11--33--23 Bounding Box Drawn
INFO:root:2021-07-21-11--33--23 MovingFrameQueue Appended
INFO:root:2021-07-21-11--33--23 anomallyFrameTracker resetted to 200
INFO:root:2021-07-21-11--33--23 Colour Conversion Completed
INFO:root:2021-07-21-11--33--23 Sleep Check Completed
INFO:root:2021-07-21-11--33--23 Frame manipulations completed
INFO:root:2021-07-21-11--33--23 Bounding Box Drawn
INFO:root:2021-07-21-11--33--23 MovingFrameQueue Popped
INFO:root:2021-07-21-11--33--23 anomallyFrameTracker resetted to 200
INFO:root:2021-07-21-11--33--23 Colour Conversion Completed
INFO:root:2021-07-21-11--33--23 Sleep Check Completed
INFO:root:2021-07-21-11--33--23 Frame manipulations completed
INFO:root:2021-07-21-11--33--23 Bounding Box Drawn
INFO:root:2021-07-21-11--33--23 MovingFrameQueue Appended
INFO:root:2021-07-21-11--33--23 anomallyFrameTracker resetted to 200
INFO:root:2021-07-21-11--33--23 Colour Conversion Completed
INFO:root:2021-07-21-11--33--23 Sleep Check Completed
INFO:root:2021-07-21-11--33--23 Frame manipulations completed
INFO:root:2021-07-21-11--33--23 Bounding Box Drawn
INFO:root:2021-07-21-11--33--23 MovingFrameQueue Popped
INFO:root:2021-07-21-11--33--23 anomallyFrameTracker resetted to 200
INFO:root:2021-07-21-11--33--23 Colour Conversion Completed
INFO:root:2021-07-21-11--33--23 Sleep Check Completed
INFO:root:2021-07-21-11--33--23 Frame manipulations completed
INFO:root:2021-07-21-11--33--23 Bounding Box Drawn
INFO:root:2021-07-21-11--33--23 MovingFrameQueue Appended
INFO:root:2021-07-21-11--33--23 anomallyFrameTracker resetted to 200
INFO:root:2021-07-21-11--33--24 Colour Conversion Completed
INFO:root:2021-07-21-11--33--24 Sleep Check Completed
INFO:root:2021-07-21-11--33--24 Frame manipulations completed
INFO:root:2021-07-21-11--33--24 Bounding Box Drawn
INFO:root:2021-07-21-11--33--24 MovingFrameQueue Popped
INFO:root:2021-07-21-11--33--24 anomallyFrameTracker resetted to 200
INFO:root:2021-07-21-11--33--24 Colour Conversion Completed
INFO:root:2021-07-21-11--33--24 Sleep Check Completed
INFO:root:2021-07-21-11--33--24 Frame manipulations completed
INFO:root:2021-07-21-11--33--24 Bounding Box Drawn
INFO:root:2021-07-21-11--33--24 MovingFrameQueue Appended
INFO:root:2021-07-21-11--33--24 anomallyFrameTracker resetted to 200
INFO:root:2021-07-21-11--33--24 Colour Conversion Completed
INFO:root:2021-07-21-11--33--24 Sleep Check Completed
INFO:root:2021-07-21-11--33--24 Frame manipulations completed
INFO:root:2021-07-21-11--33--24 Bounding Box Drawn
INFO:root:2021-07-21-11--33--24 MovingFrameQueue Popped
INFO:root:2021-07-21-11--33--24 anomallyFrameTracker resetted to 200
INFO:root:2021-07-21-11--33--24 Colour Conversion Completed
INFO:root:2021-07-21-11--33--24 Sleep Check Completed
INFO:root:2021-07-21-11--33--24 Frame manipulations completed
INFO:root:2021-07-21-11--33--24 Bounding Box Drawn
INFO:root:2021-07-21-11--33--24 MovingFrameQueue Appended
INFO:root:2021-07-21-11--33--24 anomallyFrameTracker resetted to 200
INFO:root:2021-07-21-11--33--24 Colour Conversion Completed
INFO:root:2021-07-21-11--33--25 Sleep Check Completed
INFO:root:2021-07-21-11--33--25 Frame manipulations completed
INFO:root:2021-07-21-11--33--25 Bounding Box Drawn
INFO:root:2021-07-21-11--33--25 MovingFrameQueue Popped
INFO:root:2021-07-21-11--33--25 anomallyFrameTracker resetted to 200
INFO:root:2021-07-21-11--33--25 Colour Conversion Completed
INFO:root:2021-07-21-11--33--25 Sleep Check Completed
INFO:root:2021-07-21-11--33--25 Frame manipulations completed
INFO:root:2021-07-21-11--33--25 Bounding Box Drawn
INFO:root:2021-07-21-11--33--25 MovingFrameQueue Appended
INFO:root:2021-07-21-11--33--25 anomallyFrameTracker resetted to 200
INFO:root:2021-07-21-11--33--25 Colour Conversion Completed
INFO:root:2021-07-21-11--33--25 Sleep Check Completed
INFO:root:2021-07-21-11--33--25 Frame manipulations completed
INFO:root:2021-07-21-11--33--25 Bounding Box Drawn
INFO:root:2021-07-21-11--33--25 MovingFrameQueue Popped
INFO:root:2021-07-21-11--33--25 anomallyFrameTracker resetted to 200
INFO:root:2021-07-21-11--33--25 Colour Conversion Completed
INFO:root:2021-07-21-11--33--25 Sleep Check Completed
INFO:root:2021-07-21-11--33--25 Frame manipulations completed
INFO:root:2021-07-21-11--33--25 Bounding Box Drawn
INFO:root:2021-07-21-11--33--25 MovingFrameQueue Appended
INFO:root:2021-07-21-11--33--25 anomallyFrameTracker resetted to 200
INFO:root:2021-07-21-11--33--25 Colour Conversion Completed
INFO:root:2021-07-21-11--33--25 Sleep Check Completed
INFO:root:2021-07-21-11--33--25 Frame manipulations completed
INFO:root:2021-07-21-11--33--25 Bounding Box Drawn
INFO:root:2021-07-21-11--33--26 MovingFrameQueue Popped
INFO:root:2021-07-21-11--33--26 anomallyFrameTracker resetted to 200
INFO:root:2021-07-21-11--33--26 Colour Conversion Completed
INFO:root:2021-07-21-11--33--26 Sleep Check Completed
INFO:root:2021-07-21-11--33--26 Frame manipulations completed
INFO:root:2021-07-21-11--33--26 Bounding Box Drawn
INFO:root:2021-07-21-11--33--26 MovingFrameQueue Appended
INFO:root:2021-07-21-11--33--26 anomallyFrameTracker resetted to 200
INFO:root:2021-07-21-11--33--26 Colour Conversion Completed
INFO:root:2021-07-21-11--33--26 Sleep Check Completed
INFO:root:2021-07-21-11--33--26 Frame manipulations completed
INFO:root:2021-07-21-11--33--26 Bounding Box Drawn
INFO:root:2021-07-21-11--33--26 MovingFrameQueue Popped
INFO:root:2021-07-21-11--33--26 anomallyFrameTracker resetted to 200
INFO:root:2021-07-21-11--33--26 Colour Conversion Completed
INFO:root:2021-07-21-11--33--26 Sleep Check Completed
INFO:root:2021-07-21-11--33--26 Frame manipulations completed
INFO:root:2021-07-21-11--33--26 Bounding Box Drawn
INFO:root:2021-07-21-11--33--26 MovingFrameQueue Appended
INFO:root:2021-07-21-11--33--26 anomallyFrameTracker resetted to 200
INFO:root:2021-07-21-11--33--26 Colour Conversion Completed
INFO:root:2021-07-21-11--33--26 Sleep Check Completed
INFO:root:2021-07-21-11--33--26 Frame manipulations completed
INFO:root:2021-07-21-11--33--26 Bounding Box Drawn
INFO:root:2021-07-21-11--33--26 MovingFrameQueue Popped
INFO:root:2021-07-21-11--33--26 anomallyFrameTracker resetted to 200
INFO:root:2021-07-21-11--33--26 Colour Conversion Completed
INFO:root:2021-07-21-11--33--27 Sleep Check Completed
INFO:root:2021-07-21-11--33--27 Frame manipulations completed
INFO:root:2021-07-21-11--33--27 Bounding Box Drawn
INFO:root:2021-07-21-11--33--27 MovingFrameQueue Appended
INFO:root:2021-07-21-11--33--27 anomallyFrameTracker resetted to 200
INFO:root:2021-07-21-11--33--27 Colour Conversion Completed
INFO:root:2021-07-21-11--33--27 Sleep Check Completed
INFO:root:2021-07-21-11--33--27 Frame manipulations completed
INFO:root:2021-07-21-11--33--27 Bounding Box Drawn
INFO:root:2021-07-21-11--33--27 MovingFrameQueue Popped
INFO:root:2021-07-21-11--33--27 anomallyFrameTracker resetted to 200
INFO:root:2021-07-21-11--33--27 Colour Conversion Completed
INFO:root:2021-07-21-11--33--27 Sleep Check Completed
INFO:root:2021-07-21-11--33--27 Frame manipulations completed
INFO:root:2021-07-21-11--33--27 Bounding Box Drawn
INFO:root:2021-07-21-11--33--27 MovingFrameQueue Appended
INFO:root:2021-07-21-11--33--27 anomallyFrameTracker resetted to 200
INFO:root:2021-07-21-11--33--27 Colour Conversion Completed
INFO:root:2021-07-21-11--33--27 Sleep Check Completed
INFO:root:2021-07-21-11--33--27 Frame manipulations completed
INFO:root:2021-07-21-11--33--27 Bounding Box Drawn
INFO:root:2021-07-21-11--33--27 MovingFrameQueue Popped
INFO:root:2021-07-21-11--33--27 anomallyFrameTracker resetted to 200
INFO:root:2021-07-21-11--33--27 Colour Conversion Completed
INFO:root:2021-07-21-11--33--28 Sleep Check Completed
INFO:root:2021-07-21-11--33--28 Frame manipulations completed
INFO:root:2021-07-21-11--33--28 Bounding Box Drawn
INFO:root:2021-07-21-11--33--28 MovingFrameQueue Appended
INFO:root:2021-07-21-11--33--28 anomallyFrameTracker resetted to 200
INFO:root:2021-07-21-11--33--28 Colour Conversion Completed
INFO:root:2021-07-21-11--33--28 Sleep Check Completed
INFO:root:2021-07-21-11--33--28 Frame manipulations completed
INFO:root:2021-07-21-11--33--28 Bounding Box Drawn
INFO:root:2021-07-21-11--33--28 MovingFrameQueue Popped
INFO:root:2021-07-21-11--33--28 anomallyFrameTracker resetted to 200
INFO:root:2021-07-21-11--33--28 Colour Conversion Completed
INFO:root:2021-07-21-11--33--28 Sleep Check Completed
INFO:root:2021-07-21-11--33--28 Frame manipulations completed
INFO:root:2021-07-21-11--33--28 Bounding Box Drawn
INFO:root:2021-07-21-11--33--28 MovingFrameQueue Appended
INFO:root:2021-07-21-11--33--28 anomallyFrameTracker resetted to 200
INFO:root:2021-07-21-11--33--28 Colour Conversion Completed
INFO:root:2021-07-21-11--33--28 Sleep Check Completed
INFO:root:2021-07-21-11--33--28 Frame manipulations completed
INFO:root:2021-07-21-11--33--28 Bounding Box Drawn
INFO:root:2021-07-21-11--33--28 MovingFrameQueue Popped
INFO:root:2021-07-21-11--33--28 anomallyFrameTracker resetted to 200
INFO:root:2021-07-21-11--33--28 Colour Conversion Completed
INFO:root:2021-07-21-11--33--28 Sleep Check Completed
INFO:root:2021-07-21-11--33--28 Frame manipulations completed
INFO:root:2021-07-21-11--33--28 Bounding Box Drawn
INFO:root:2021-07-21-11--33--29 MovingFrameQueue Appended
INFO:root:2021-07-21-11--33--29 anomallyFrameTracker resetted to 200
INFO:root:2021-07-21-11--33--29 Colour Conversion Completed
INFO:root:2021-07-21-11--33--29 Sleep Check Completed
INFO:root:2021-07-21-11--33--29 Frame manipulations completed
INFO:root:2021-07-21-11--33--29 Bounding Box Drawn
INFO:root:2021-07-21-11--33--29 MovingFrameQueue Popped
INFO:root:2021-07-21-11--33--29 anomallyFrameTracker resetted to 200
INFO:root:2021-07-21-11--33--29 Colour Conversion Completed
INFO:root:2021-07-21-11--33--29 Sleep Check Completed
INFO:root:2021-07-21-11--33--29 Frame manipulations completed
INFO:root:2021-07-21-11--33--29 Bounding Box Drawn
INFO:root:2021-07-21-11--33--29 MovingFrameQueue Appended
INFO:root:2021-07-21-11--33--29 anomallyFrameTracker resetted to 200
INFO:root:2021-07-21-11--33--29 Colour Conversion Completed
INFO:root:2021-07-21-11--33--29 Sleep Check Completed
INFO:root:2021-07-21-11--33--29 Frame manipulations completed
INFO:root:2021-07-21-11--33--29 Bounding Box Drawn
INFO:root:2021-07-21-11--33--29 MovingFrameQueue Popped
INFO:root:2021-07-21-11--33--29 anomallyFrameTracker resetted to 200
INFO:root:2021-07-21-11--33--29 Colour Conversion Completed
INFO:root:2021-07-21-11--33--29 Sleep Check Completed
INFO:root:2021-07-21-11--33--29 Frame manipulations completed
INFO:root:2021-07-21-11--33--29 Bounding Box Drawn
INFO:root:2021-07-21-11--33--30 MovingFrameQueue Appended
INFO:root:2021-07-21-11--33--30 anomallyFrameTracker resetted to 200
INFO:root:2021-07-21-11--33--30 Colour Conversion Completed
INFO:root:2021-07-21-11--33--30 Sleep Check Completed
INFO:root:2021-07-21-11--33--30 Frame manipulations completed
INFO:root:2021-07-21-11--33--30 Bounding Box Drawn
INFO:root:2021-07-21-11--33--30 MovingFrameQueue Popped
INFO:root:2021-07-21-11--33--30 anomallyFrameTracker resetted to 200
INFO:root:2021-07-21-11--33--30 Colour Conversion Completed
INFO:root:2021-07-21-11--33--30 Sleep Check Completed
INFO:root:2021-07-21-11--33--30 Frame manipulations completed
INFO:root:2021-07-21-11--33--30 Bounding Box Drawn
INFO:root:2021-07-21-11--33--30 MovingFrameQueue Appended
INFO:root:2021-07-21-11--33--30 anomallyFrameTracker resetted to 200
INFO:root:2021-07-21-11--33--30 Colour Conversion Completed
INFO:root:2021-07-21-11--33--30 Sleep Check Completed
INFO:root:2021-07-21-11--33--30 Frame manipulations completed
INFO:root:2021-07-21-11--33--30 Bounding Box Drawn
INFO:root:2021-07-21-11--33--30 MovingFrameQueue Popped
INFO:root:2021-07-21-11--33--30 anomallyFrameTracker resetted to 200
INFO:root:2021-07-21-11--33--30 Colour Conversion Completed
INFO:root:2021-07-21-11--33--30 Sleep Check Completed
INFO:root:2021-07-21-11--33--30 Frame manipulations completed
INFO:root:2021-07-21-11--33--30 Bounding Box Drawn
INFO:root:2021-07-21-11--33--31 MovingFrameQueue Appended
INFO:root:2021-07-21-11--33--31 anomallyFrameTracker resetted to 200
INFO:root:2021-07-21-11--33--31 Colour Conversion Completed
INFO:root:2021-07-21-11--33--31 Sleep Check Completed
INFO:root:2021-07-21-11--33--31 Frame manipulations completed
INFO:root:2021-07-21-11--33--31 Bounding Box Drawn
INFO:root:2021-07-21-11--33--31 MovingFrameQueue Popped
INFO:root:2021-07-21-11--33--31 anomallyFrameTracker resetted to 200
INFO:root:2021-07-21-11--33--31 Colour Conversion Completed
INFO:root:2021-07-21-11--33--31 Sleep Check Completed
INFO:root:2021-07-21-11--33--31 Frame manipulations completed
INFO:root:2021-07-21-11--33--31 Bounding Box Drawn
INFO:root:2021-07-21-11--33--31 MovingFrameQueue Appended
INFO:root:2021-07-21-11--33--31 anomallyFrameTracker resetted to 200
INFO:root:2021-07-21-11--33--31 Colour Conversion Completed
INFO:root:2021-07-21-11--33--31 Sleep Check Completed
INFO:root:2021-07-21-11--33--31 Frame manipulations completed
INFO:root:2021-07-21-11--33--31 Bounding Box Drawn
INFO:root:2021-07-21-11--33--31 MovingFrameQueue Popped
INFO:root:2021-07-21-11--33--31 anomallyFrameTracker resetted to 200
INFO:root:2021-07-21-11--33--31 Colour Conversion Completed
INFO:root:2021-07-21-11--33--31 Sleep Check Completed
INFO:root:2021-07-21-11--33--31 Frame manipulations completed
INFO:root:2021-07-21-11--33--31 Bounding Box Drawn
INFO:root:2021-07-21-11--33--31 MovingFrameQueue Appended
INFO:root:2021-07-21-11--33--31 anomallyFrameTracker resetted to 200
INFO:root:2021-07-21-11--33--31 Colour Conversion Completed
INFO:root:2021-07-21-11--33--32 Sleep Check Completed
INFO:root:2021-07-21-11--33--32 Frame manipulations completed
INFO:root:2021-07-21-11--33--32 Bounding Box Drawn
INFO:root:2021-07-21-11--33--32 MovingFrameQueue Popped
INFO:root:2021-07-21-11--33--32 anomallyFrameTracker resetted to 200
INFO:root:2021-07-21-11--33--32 Colour Conversion Completed
INFO:root:2021-07-21-11--33--32 Sleep Check Completed
INFO:root:2021-07-21-11--33--32 Frame manipulations completed
INFO:root:2021-07-21-11--33--32 Bounding Box Drawn
INFO:root:2021-07-21-11--33--32 MovingFrameQueue Appended
INFO:root:2021-07-21-11--33--32 anomallyFrameTracker resetted to 200
INFO:root:2021-07-21-11--33--32 Colour Conversion Completed
INFO:root:2021-07-21-11--33--32 Sleep Check Completed
INFO:root:2021-07-21-11--33--32 Frame manipulations completed
INFO:root:2021-07-21-11--33--32 Bounding Box Drawn
INFO:root:2021-07-21-11--33--32 MovingFrameQueue Popped
INFO:root:2021-07-21-11--33--32 anomallyFrameTracker resetted to 200
INFO:root:2021-07-21-11--33--32 Colour Conversion Completed
INFO:root:2021-07-21-11--33--32 Sleep Check Completed
INFO:root:2021-07-21-11--33--32 Frame manipulations completed
INFO:root:2021-07-21-11--33--32 Bounding Box Drawn
INFO:root:2021-07-21-11--33--32 MovingFrameQueue Appended
INFO:root:2021-07-21-11--33--32 anomallyFrameTracker resetted to 200
INFO:root:2021-07-21-11--33--32 Colour Conversion Completed
INFO:root:2021-07-21-11--33--32 Sleep Check Completed
INFO:root:2021-07-21-11--33--32 Frame manipulations completed
INFO:root:2021-07-21-11--33--32 Bounding Box Drawn
INFO:root:2021-07-21-11--33--32 MovingFrameQueue Popped
INFO:root:2021-07-21-11--33--32 anomallyFrameTracker resetted to 200
INFO:root:2021-07-21-11--33--32 Colour Conversion Completed
INFO:root:2021-07-21-11--33--32 Sleep Check Completed
INFO:root:2021-07-21-11--33--32 Frame manipulations completed
INFO:root:2021-07-21-11--33--32 Bounding Box Drawn
INFO:root:2021-07-21-11--33--32 MovingFrameQueue Appended
INFO:root:2021-07-21-11--33--32 anomallyFrameTracker resetted to 200
INFO:root:2021-07-21-11--33--32 Colour Conversion Completed
INFO:root:2021-07-21-11--33--32 Sleep Check Completed
INFO:root:2021-07-21-11--33--32 Frame manipulations completed
INFO:root:2021-07-21-11--33--32 Bounding Box Drawn
INFO:root:2021-07-21-11--33--32 MovingFrameQueue Popped
INFO:root:2021-07-21-11--33--32 anomallyFrameTracker resetted to 200
INFO:root:2021-07-21-11--33--32 Colour Conversion Completed
INFO:root:2021-07-21-11--33--32 Sleep Check Completed
INFO:root:2021-07-21-11--33--32 Frame manipulations completed
INFO:root:2021-07-21-11--33--32 Bounding Box Drawn
INFO:root:2021-07-21-11--33--32 MovingFrameQueue Appended
INFO:root:2021-07-21-11--33--32 anomallyFrameTracker resetted to 200
INFO:root:2021-07-21-11--33--32 Colour Conversion Completed
INFO:root:2021-07-21-11--33--32 Sleep Check Completed
INFO:root:2021-07-21-11--33--32 Frame manipulations completed
INFO:root:2021-07-21-11--33--32 Bounding Box Drawn
INFO:root:2021-07-21-11--33--33 MovingFrameQueue Popped
INFO:root:2021-07-21-11--33--33 anomallyFrameTracker resetted to 200
INFO:root:2021-07-21-11--33--33 Colour Conversion Completed
INFO:root:2021-07-21-11--33--33 Sleep Check Completed
INFO:root:2021-07-21-11--33--33 Frame manipulations completed
INFO:root:2021-07-21-11--33--33 Bounding Box Drawn
INFO:root:2021-07-21-11--33--33 MovingFrameQueue Appended
INFO:root:2021-07-21-11--33--33 anomallyFrameTracker resetted to 200
INFO:root:2021-07-21-11--33--33 Colour Conversion Completed
INFO:root:2021-07-21-11--33--33 Sleep Check Completed
INFO:root:2021-07-21-11--33--33 Frame manipulations completed
INFO:root:2021-07-21-11--33--33 Bounding Box Drawn
INFO:root:2021-07-21-11--33--33 MovingFrameQueue Popped
INFO:root:2021-07-21-11--33--33 anomallyFrameTracker resetted to 200
INFO:root:2021-07-21-11--33--33 Colour Conversion Completed
INFO:root:2021-07-21-11--33--33 Sleep Check Completed
INFO:root:2021-07-21-11--33--33 Frame manipulations completed
INFO:root:2021-07-21-11--33--33 Bounding Box Drawn
INFO:root:2021-07-21-11--33--33 MovingFrameQueue Appended
INFO:root:2021-07-21-11--33--33 anomallyFrameTracker resetted to 200
INFO:root:2021-07-21-11--33--33 Colour Conversion Completed
INFO:root:2021-07-21-11--33--33 Sleep Check Completed
INFO:root:2021-07-21-11--33--33 Frame manipulations completed
INFO:root:2021-07-21-11--33--33 Bounding Box Drawn
INFO:root:2021-07-21-11--33--33 MovingFrameQueue Popped
INFO:root:2021-07-21-11--33--33 anomallyFrameTracker resetted to 200
INFO:root:2021-07-21-11--33--34 Colour Conversion Completed
INFO:root:2021-07-21-11--33--34 Sleep Check Completed
INFO:root:2021-07-21-11--33--34 Frame manipulations completed
INFO:root:2021-07-21-11--33--34 Bounding Box Drawn
INFO:root:2021-07-21-11--33--34 MovingFrameQueue Appended
INFO:root:2021-07-21-11--33--34 anomallyFrameTracker resetted to 200
INFO:root:2021-07-21-11--33--34 Colour Conversion Completed
INFO:root:2021-07-21-11--33--34 Sleep Check Completed
INFO:root:2021-07-21-11--33--34 Frame manipulations completed
INFO:root:2021-07-21-11--33--34 Bounding Box Drawn
INFO:root:2021-07-21-11--33--34 MovingFrameQueue Popped
INFO:root:2021-07-21-11--33--34 anomallyFrameTracker resetted to 200
INFO:root:2021-07-21-11--33--34 Colour Conversion Completed
INFO:root:2021-07-21-11--33--34 Sleep Check Completed
INFO:root:2021-07-21-11--33--34 Frame manipulations completed
INFO:root:2021-07-21-11--33--34 Bounding Box Drawn
INFO:root:2021-07-21-11--33--34 MovingFrameQueue Appended
INFO:root:2021-07-21-11--33--34 anomallyFrameTracker resetted to 200
INFO:root:2021-07-21-11--33--34 Colour Conversion Completed
INFO:root:2021-07-21-11--33--34 Sleep Check Completed
INFO:root:2021-07-21-11--33--34 Frame manipulations completed
INFO:root:2021-07-21-11--33--34 Bounding Box Drawn
INFO:root:2021-07-21-11--33--34 MovingFrameQueue Popped
INFO:root:2021-07-21-11--33--34 anomallyFrameTracker resetted to 200
INFO:root:2021-07-21-11--33--34 Colour Conversion Completed
INFO:root:2021-07-21-11--33--34 Sleep Check Completed
INFO:root:2021-07-21-11--33--34 Frame manipulations completed
INFO:root:2021-07-21-11--33--34 Bounding Box Drawn
INFO:root:2021-07-21-11--33--34 MovingFrameQueue Appended
INFO:root:2021-07-21-11--33--35 anomallyFrameTracker resetted to 200
INFO:root:2021-07-21-11--33--35 Colour Conversion Completed
INFO:root:2021-07-21-11--33--35 Sleep Check Completed
INFO:root:2021-07-21-11--33--35 Frame manipulations completed
INFO:root:2021-07-21-11--33--35 Bounding Box Drawn
INFO:root:2021-07-21-11--33--35 MovingFrameQueue Popped
INFO:root:2021-07-21-11--33--35 anomallyFrameTracker resetted to 200
INFO:root:2021-07-21-11--33--35 Colour Conversion Completed
INFO:root:2021-07-21-11--33--35 Sleep Check Completed
INFO:root:2021-07-21-11--33--35 Frame manipulations completed
INFO:root:2021-07-21-11--33--35 Bounding Box Drawn
INFO:root:2021-07-21-11--33--35 MovingFrameQueue Appended
INFO:root:2021-07-21-11--33--35 anomallyFrameTracker resetted to 200
INFO:root:2021-07-21-11--33--35 Colour Conversion Completed
INFO:root:2021-07-21-11--33--35 Sleep Check Completed
INFO:root:2021-07-21-11--33--35 Frame manipulations completed
INFO:root:2021-07-21-11--33--35 Bounding Box Drawn
INFO:root:2021-07-21-11--33--35 MovingFrameQueue Popped
INFO:root:2021-07-21-11--33--35 anomallyFrameTracker resetted to 200
INFO:root:2021-07-21-11--33--35 Colour Conversion Completed
INFO:root:2021-07-21-11--33--35 Sleep Check Completed
INFO:root:2021-07-21-11--33--35 Frame manipulations completed
INFO:root:2021-07-21-11--33--35 Bounding Box Drawn
INFO:root:2021-07-21-11--33--35 MovingFrameQueue Appended
INFO:root:2021-07-21-11--33--35 anomallyFrameTracker resetted to 200
INFO:root:2021-07-21-11--33--35 Colour Conversion Completed
INFO:root:2021-07-21-11--33--35 Sleep Check Completed
INFO:root:2021-07-21-11--33--35 Frame manipulations completed
INFO:root:2021-07-21-11--33--35 Bounding Box Drawn
INFO:root:2021-07-21-11--33--36 MovingFrameQueue Popped
INFO:root:2021-07-21-11--33--36 anomallyFrameTracker resetted to 200
INFO:root:2021-07-21-11--33--36 Colour Conversion Completed
INFO:root:2021-07-21-11--33--36 Sleep Check Completed
INFO:root:2021-07-21-11--33--36 Frame manipulations completed
INFO:root:2021-07-21-11--33--36 Bounding Box Drawn
INFO:root:2021-07-21-11--33--36 MovingFrameQueue Appended
INFO:root:2021-07-21-11--33--36 anomallyFrameTracker resetted to 200
INFO:root:2021-07-21-11--33--36 Colour Conversion Completed
INFO:root:2021-07-21-11--33--36 Sleep Check Completed
INFO:root:2021-07-21-11--33--36 Frame manipulations completed
INFO:root:2021-07-21-11--33--36 Bounding Box Drawn
INFO:root:2021-07-21-11--33--36 MovingFrameQueue Popped
INFO:root:2021-07-21-11--33--36 anomallyFrameTracker resetted to 200
INFO:root:2021-07-21-11--33--36 Colour Conversion Completed
INFO:root:2021-07-21-11--33--36 Sleep Check Completed
INFO:root:2021-07-21-11--33--36 Frame manipulations completed
INFO:root:2021-07-21-11--33--36 Bounding Box Drawn
INFO:root:2021-07-21-11--33--36 MovingFrameQueue Appended
INFO:root:2021-07-21-11--33--36 anomallyFrameTracker resetted to 200
INFO:root:2021-07-21-11--33--36 Colour Conversion Completed
INFO:root:2021-07-21-11--33--36 Sleep Check Completed
INFO:root:2021-07-21-11--33--36 Frame manipulations completed
INFO:root:2021-07-21-11--33--36 Bounding Box Drawn
INFO:root:2021-07-21-11--33--36 MovingFrameQueue Popped
INFO:root:2021-07-21-11--33--36 anomallyFrameTracker resetted to 200
INFO:root:2021-07-21-11--33--36 Colour Conversion Completed
INFO:root:2021-07-21-11--33--36 Sleep Check Completed
INFO:root:2021-07-21-11--33--36 Frame manipulations completed
INFO:root:2021-07-21-11--33--36 Bounding Box Drawn
INFO:root:2021-07-21-11--33--36 MovingFrameQueue Appended
INFO:root:2021-07-21-11--33--36 anomallyFrameTracker resetted to 200
INFO:root:2021-07-21-11--33--36 Colour Conversion Completed
INFO:root:2021-07-21-11--33--36 Sleep Check Completed
INFO:root:2021-07-21-11--33--36 Frame manipulations completed
INFO:root:2021-07-21-11--33--36 Bounding Box Drawn
INFO:root:2021-07-21-11--33--36 MovingFrameQueue Popped
INFO:root:2021-07-21-11--33--36 anomallyFrameTracker resetted to 200
INFO:root:2021-07-21-11--33--36 Colour Conversion Completed
INFO:root:2021-07-21-11--33--36 Sleep Check Completed
INFO:root:2021-07-21-11--33--36 Frame manipulations completed
INFO:root:2021-07-21-11--33--36 Bounding Box Drawn
INFO:root:2021-07-21-11--33--36 MovingFrameQueue Appended
INFO:root:2021-07-21-11--33--36 anomallyFrameTracker resetted to 200
INFO:root:2021-07-21-11--33--36 Colour Conversion Completed
INFO:root:2021-07-21-11--33--36 Sleep Check Completed
INFO:root:2021-07-21-11--33--36 Frame manipulations completed
INFO:root:2021-07-21-11--33--36 Bounding Box Drawn
INFO:root:2021-07-21-11--33--37 MovingFrameQueue Popped
INFO:root:2021-07-21-11--33--37 anomallyFrameTracker resetted to 200
INFO:root:2021-07-21-11--33--37 Colour Conversion Completed
INFO:root:2021-07-21-11--33--37 Sleep Check Completed
INFO:root:2021-07-21-11--33--37 Frame manipulations completed
INFO:root:2021-07-21-11--33--37 Bounding Box Drawn
INFO:root:2021-07-21-11--33--37 MovingFrameQueue Appended
INFO:root:2021-07-21-11--33--37 anomallyFrameTracker resetted to 200
INFO:root:2021-07-21-11--33--37 Colour Conversion Completed
INFO:root:2021-07-21-11--33--37 Sleep Check Completed
INFO:root:2021-07-21-11--33--37 Frame manipulations completed
INFO:root:2021-07-21-11--33--37 Bounding Box Drawn
INFO:root:2021-07-21-11--33--37 MovingFrameQueue Popped
INFO:root:2021-07-21-11--33--37 anomallyFrameTracker resetted to 200
INFO:root:2021-07-21-11--33--37 Colour Conversion Completed
INFO:root:2021-07-21-11--33--37 Sleep Check Completed
INFO:root:2021-07-21-11--33--37 Frame manipulations completed
INFO:root:2021-07-21-11--33--37 Bounding Box Drawn
INFO:root:2021-07-21-11--33--37 MovingFrameQueue Appended
INFO:root:2021-07-21-11--33--37 anomallyFrameTracker resetted to 200
INFO:root:2021-07-21-11--33--37 Colour Conversion Completed
INFO:root:2021-07-21-11--33--37 Sleep Check Completed
INFO:root:2021-07-21-11--33--37 Frame manipulations completed
INFO:root:2021-07-21-11--33--37 Bounding Box Drawn
INFO:root:2021-07-21-11--33--37 MovingFrameQueue Popped
INFO:root:2021-07-21-11--33--37 anomallyFrameTracker resetted to 200
INFO:root:2021-07-21-11--33--37 Colour Conversion Completed
INFO:root:2021-07-21-11--33--37 Sleep Check Completed
INFO:root:2021-07-21-11--33--37 Frame manipulations completed
INFO:root:2021-07-21-11--33--37 Bounding Box Drawn
INFO:root:2021-07-21-11--33--37 MovingFrameQueue Appended
INFO:root:2021-07-21-11--33--37 anomallyFrameTracker resetted to 200
INFO:root:2021-07-21-11--33--37 Colour Conversion Completed
INFO:root:2021-07-21-11--33--37 Sleep Check Completed
INFO:root:2021-07-21-11--33--37 Frame manipulations completed
INFO:root:2021-07-21-11--33--37 Bounding Box Drawn
INFO:root:2021-07-21-11--33--37 MovingFrameQueue Popped
INFO:root:2021-07-21-11--33--37 anomallyFrameTracker resetted to 200
INFO:root:2021-07-21-11--33--37 Colour Conversion Completed
INFO:root:2021-07-21-11--33--37 Sleep Check Completed
INFO:root:2021-07-21-11--33--37 Frame manipulations completed
INFO:root:2021-07-21-11--33--37 Bounding Box Drawn
INFO:root:2021-07-21-11--33--37 MovingFrameQueue Appended
INFO:root:2021-07-21-11--33--37 anomallyFrameTracker resetted to 200
INFO:root:2021-07-21-11--33--37 Colour Conversion Completed
INFO:root:2021-07-21-11--33--37 Sleep Check Completed
INFO:root:2021-07-21-11--33--37 Frame manipulations completed
INFO:root:2021-07-21-11--33--37 Bounding Box Drawn
INFO:root:2021-07-21-11--33--37 MovingFrameQueue Popped
INFO:root:2021-07-21-11--33--37 anomallyFrameTracker resetted to 200
INFO:root:2021-07-21-11--33--38 Colour Conversion Completed
INFO:root:2021-07-21-11--33--38 Sleep Check Completed
INFO:root:2021-07-21-11--33--38 Frame manipulations completed
INFO:root:2021-07-21-11--33--38 Bounding Box Drawn
INFO:root:2021-07-21-11--33--38 MovingFrameQueue Appended
INFO:root:2021-07-21-11--33--38 anomallyFrameTracker resetted to 200
INFO:root:2021-07-21-11--33--38 Colour Conversion Completed
INFO:root:2021-07-21-11--33--38 Sleep Check Completed
INFO:root:2021-07-21-11--33--38 Frame manipulations completed
INFO:root:2021-07-21-11--33--38 Bounding Box Drawn
INFO:root:2021-07-21-11--33--38 MovingFrameQueue Popped
INFO:root:2021-07-21-11--33--38 anomallyFrameTracker resetted to 200
INFO:root:2021-07-21-11--33--38 Colour Conversion Completed
INFO:root:2021-07-21-11--33--38 Sleep Check Completed
INFO:root:2021-07-21-11--33--38 Frame manipulations completed
INFO:root:2021-07-21-11--33--38 Bounding Box Drawn
INFO:root:2021-07-21-11--33--38 MovingFrameQueue Appended
INFO:root:2021-07-21-11--33--38 anomallyFrameTracker resetted to 200
INFO:root:2021-07-21-11--33--38 Colour Conversion Completed
INFO:root:2021-07-21-11--33--38 Sleep Check Completed
INFO:root:2021-07-21-11--33--38 Frame manipulations completed
INFO:root:2021-07-21-11--33--38 Bounding Box Drawn
INFO:root:2021-07-21-11--33--38 MovingFrameQueue Popped
INFO:root:2021-07-21-11--33--38 anomallyFrameTracker resetted to 200
INFO:root:2021-07-21-11--33--38 Colour Conversion Completed
INFO:root:2021-07-21-11--33--38 Sleep Check Completed
INFO:root:2021-07-21-11--33--38 Frame manipulations completed
INFO:root:2021-07-21-11--33--38 Bounding Box Drawn
INFO:root:2021-07-21-11--33--38 MovingFrameQueue Appended
INFO:root:2021-07-21-11--33--38 anomallyFrameTracker resetted to 200
INFO:root:2021-07-21-11--33--38 Colour Conversion Completed
INFO:root:2021-07-21-11--33--38 Sleep Check Completed
INFO:root:2021-07-21-11--33--38 Frame manipulations completed
INFO:root:2021-07-21-11--33--38 Bounding Box Drawn
INFO:root:2021-07-21-11--33--38 MovingFrameQueue Popped
INFO:root:2021-07-21-11--33--38 anomallyFrameTracker resetted to 200
INFO:root:2021-07-21-11--33--38 Colour Conversion Completed
INFO:root:2021-07-21-11--33--38 Sleep Check Completed
INFO:root:2021-07-21-11--33--38 Frame manipulations completed
INFO:root:2021-07-21-11--33--38 Bounding Box Drawn
INFO:root:2021-07-21-11--33--38 MovingFrameQueue Appended
INFO:root:2021-07-21-11--33--38 anomallyFrameTracker resetted to 200
INFO:root:2021-07-21-11--33--38 Colour Conversion Completed
INFO:root:2021-07-21-11--33--39 Sleep Check Completed
INFO:root:2021-07-21-11--33--39 Frame manipulations completed
INFO:root:2021-07-21-11--33--39 Bounding Box Drawn
INFO:root:2021-07-21-11--33--39 MovingFrameQueue Popped
INFO:root:2021-07-21-11--33--39 anomallyFrameTracker resetted to 200
INFO:root:2021-07-21-11--33--39 Colour Conversion Completed
INFO:root:2021-07-21-11--33--39 Sleep Check Completed
INFO:root:2021-07-21-11--33--39 Frame manipulations completed
INFO:root:2021-07-21-11--33--39 Bounding Box Drawn
INFO:root:2021-07-21-11--33--39 MovingFrameQueue Appended
INFO:root:2021-07-21-11--33--39 anomallyFrameTracker resetted to 200
INFO:root:2021-07-21-11--33--39 Colour Conversion Completed
INFO:root:2021-07-21-11--33--39 Sleep Check Completed
INFO:root:2021-07-21-11--33--39 Frame manipulations completed
INFO:root:2021-07-21-11--33--39 Bounding Box Drawn
INFO:root:2021-07-21-11--33--39 MovingFrameQueue Popped
INFO:root:2021-07-21-11--33--39 anomallyFrameTracker resetted to 200
INFO:root:2021-07-21-11--33--39 Colour Conversion Completed
INFO:root:2021-07-21-11--33--39 Sleep Check Completed
INFO:root:2021-07-21-11--33--39 Frame manipulations completed
INFO:root:2021-07-21-11--33--39 Bounding Box Drawn
INFO:root:2021-07-21-11--33--39 MovingFrameQueue Appended
INFO:root:2021-07-21-11--33--39 anomallyFrameTracker resetted to 200
INFO:root:2021-07-21-11--33--39 Colour Conversion Completed
INFO:root:2021-07-21-11--33--39 Sleep Check Completed
INFO:root:2021-07-21-11--33--39 Frame manipulations completed
INFO:root:2021-07-21-11--33--39 Bounding Box Drawn
INFO:root:2021-07-21-11--33--39 MovingFrameQueue Popped
INFO:root:2021-07-21-11--33--39 anomallyFrameTracker resetted to 200
INFO:root:2021-07-21-11--33--39 Colour Conversion Completed
INFO:root:2021-07-21-11--33--39 Sleep Check Completed
INFO:root:2021-07-21-11--33--39 Frame manipulations completed
INFO:root:2021-07-21-11--33--39 Bounding Box Drawn
INFO:root:2021-07-21-11--33--40 MovingFrameQueue Appended
INFO:root:2021-07-21-11--33--40 anomallyFrameTracker resetted to 200
INFO:root:2021-07-21-11--33--40 Colour Conversion Completed
INFO:root:2021-07-21-11--33--40 Sleep Check Completed
INFO:root:2021-07-21-11--33--40 Frame manipulations completed
INFO:root:2021-07-21-11--33--40 Bounding Box Drawn
INFO:root:2021-07-21-11--33--40 MovingFrameQueue Popped
INFO:root:2021-07-21-11--33--40 anomallyFrameTracker resetted to 200
INFO:root:2021-07-21-11--33--40 Colour Conversion Completed
INFO:root:2021-07-21-11--33--40 Sleep Check Completed
INFO:root:2021-07-21-11--33--40 Frame manipulations completed
INFO:root:2021-07-21-11--33--40 Bounding Box Drawn
INFO:root:2021-07-21-11--33--40 MovingFrameQueue Appended
INFO:root:2021-07-21-11--33--40 anomallyFrameTracker resetted to 200
INFO:root:2021-07-21-11--33--40 Colour Conversion Completed
INFO:root:2021-07-21-11--33--40 Sleep Check Completed
INFO:root:2021-07-21-11--33--40 Frame manipulations completed
INFO:root:2021-07-21-11--33--40 Bounding Box Drawn
INFO:root:2021-07-21-11--33--40 MovingFrameQueue Popped
INFO:root:2021-07-21-11--33--40 anomallyFrameTracker resetted to 200
INFO:root:2021-07-21-11--33--40 Colour Conversion Completed
INFO:root:2021-07-21-11--33--40 Sleep Check Completed
INFO:root:2021-07-21-11--33--40 Frame manipulations completed
INFO:root:2021-07-21-11--33--40 Bounding Box Drawn
INFO:root:2021-07-21-11--33--40 MovingFrameQueue Appended
INFO:root:2021-07-21-11--33--40 anomallyFrameTracker resetted to 200
INFO:root:2021-07-21-11--33--40 Colour Conversion Completed
INFO:root:2021-07-21-11--33--40 Sleep Check Completed
INFO:root:2021-07-21-11--33--40 Frame manipulations completed
INFO:root:2021-07-21-11--33--40 Bounding Box Drawn
INFO:root:2021-07-21-11--33--40 MovingFrameQueue Popped
INFO:root:2021-07-21-11--33--40 anomallyFrameTracker resetted to 200
INFO:root:2021-07-21-11--33--40 Colour Conversion Completed
INFO:root:2021-07-21-11--33--40 Sleep Check Completed
INFO:root:2021-07-21-11--33--40 Frame manipulations completed
INFO:root:2021-07-21-11--33--40 Bounding Box Drawn
INFO:root:2021-07-21-11--33--40 MovingFrameQueue Appended
INFO:root:2021-07-21-11--33--40 anomallyFrameTracker resetted to 200
INFO:root:2021-07-21-11--33--40 Colour Conversion Completed
INFO:root:2021-07-21-11--33--40 Sleep Check Completed
INFO:root:2021-07-21-11--33--40 Frame manipulations completed
INFO:root:2021-07-21-11--33--40 Bounding Box Drawn
INFO:root:2021-07-21-11--33--40 MovingFrameQueue Popped
INFO:root:2021-07-21-11--33--40 anomallyFrameTracker resetted to 200
INFO:root:2021-07-21-11--33--40 Colour Conversion Completed
INFO:root:2021-07-21-11--33--41 Sleep Check Completed
INFO:root:2021-07-21-11--33--41 Frame manipulations completed
INFO:root:2021-07-21-11--33--41 Bounding Box Drawn
INFO:root:2021-07-21-11--33--41 MovingFrameQueue Appended
INFO:root:2021-07-21-11--33--41 anomallyFrameTracker resetted to 200
INFO:root:2021-07-21-11--33--41 Colour Conversion Completed
INFO:root:2021-07-21-11--33--41 Sleep Check Completed
INFO:root:2021-07-21-11--33--41 Frame manipulations completed
INFO:root:2021-07-21-11--33--41 Bounding Box Drawn
INFO:root:2021-07-21-11--33--41 MovingFrameQueue Popped
INFO:root:2021-07-21-11--33--41 anomallyFrameTracker resetted to 200
INFO:root:2021-07-21-11--33--41 Colour Conversion Completed
INFO:root:2021-07-21-11--33--41 Sleep Check Completed
INFO:root:2021-07-21-11--33--41 Frame manipulations completed
INFO:root:2021-07-21-11--33--41 Bounding Box Drawn
INFO:root:2021-07-21-11--33--41 MovingFrameQueue Appended
INFO:root:2021-07-21-11--33--41 anomallyFrameTracker resetted to 200
INFO:root:2021-07-21-11--33--41 Colour Conversion Completed
INFO:root:2021-07-21-11--33--41 Sleep Check Completed
INFO:root:2021-07-21-11--33--41 Frame manipulations completed
INFO:root:2021-07-21-11--33--41 Bounding Box Drawn
INFO:root:2021-07-21-11--33--41 MovingFrameQueue Popped
INFO:root:2021-07-21-11--33--41 anomallyFrameTracker resetted to 200
INFO:root:2021-07-21-11--33--41 Colour Conversion Completed
INFO:root:2021-07-21-11--33--41 Sleep Check Completed
INFO:root:2021-07-21-11--33--41 Frame manipulations completed
INFO:root:2021-07-21-11--33--41 Bounding Box Drawn
INFO:root:2021-07-21-11--33--41 MovingFrameQueue Appended
INFO:root:2021-07-21-11--33--41 anomallyFrameTracker resetted to 200
INFO:root:2021-07-21-11--33--41 Colour Conversion Completed
INFO:root:2021-07-21-11--33--41 Sleep Check Completed
INFO:root:2021-07-21-11--33--41 Frame manipulations completed
INFO:root:2021-07-21-11--33--41 Bounding Box Drawn
INFO:root:2021-07-21-11--33--41 MovingFrameQueue Popped
INFO:root:2021-07-21-11--33--41 anomallyFrameTracker resetted to 200
INFO:root:2021-07-21-11--33--41 Colour Conversion Completed
INFO:root:2021-07-21-11--33--41 Sleep Check Completed
INFO:root:2021-07-21-11--33--41 Frame manipulations completed
INFO:root:2021-07-21-11--33--41 Bounding Box Drawn
INFO:root:2021-07-21-11--33--41 MovingFrameQueue Appended
INFO:root:2021-07-21-11--33--41 anomallyFrameTracker resetted to 200
INFO:root:2021-07-21-11--33--41 Colour Conversion Completed
INFO:root:2021-07-21-11--33--41 Sleep Check Completed
INFO:root:2021-07-21-11--33--41 Frame manipulations completed
INFO:root:2021-07-21-11--33--41 Bounding Box Drawn
INFO:root:2021-07-21-11--33--41 MovingFrameQueue Popped
INFO:root:2021-07-21-11--33--41 anomallyFrameTracker resetted to 200
INFO:root:2021-07-21-11--33--41 Colour Conversion Completed
INFO:root:2021-07-21-11--33--41 Sleep Check Completed
INFO:root:2021-07-21-11--33--41 Frame manipulations completed
INFO:root:2021-07-21-11--33--41 Bounding Box Drawn
INFO:root:2021-07-21-11--33--41 MovingFrameQueue Appended
INFO:root:2021-07-21-11--33--41 anomallyFrameTracker resetted to 200
INFO:root:2021-07-21-11--33--41 Colour Conversion Completed
INFO:root:2021-07-21-11--33--41 Sleep Check Completed
INFO:root:2021-07-21-11--33--41 Frame manipulations completed
INFO:root:2021-07-21-11--33--41 Bounding Box Drawn
INFO:root:2021-07-21-11--33--42 MovingFrameQueue Popped
INFO:root:2021-07-21-11--33--42 anomallyFrameTracker resetted to 200
INFO:root:2021-07-21-11--33--42 Colour Conversion Completed
INFO:root:2021-07-21-11--33--42 Sleep Check Completed
INFO:root:2021-07-21-11--33--42 Frame manipulations completed
INFO:root:2021-07-21-11--33--42 Bounding Box Drawn
INFO:root:2021-07-21-11--33--42 MovingFrameQueue Appended
INFO:root:2021-07-21-11--33--42 anomallyFrameTracker resetted to 200
INFO:root:2021-07-21-11--33--42 Colour Conversion Completed
INFO:root:2021-07-21-11--33--42 Sleep Check Completed
INFO:root:2021-07-21-11--33--42 Frame manipulations completed
INFO:root:2021-07-21-11--33--42 Bounding Box Drawn
INFO:root:2021-07-21-11--33--42 MovingFrameQueue Popped
INFO:root:2021-07-21-11--33--42 anomallyFrameTracker resetted to 200
INFO:root:2021-07-21-11--33--42 Colour Conversion Completed
INFO:root:2021-07-21-11--33--42 Sleep Check Completed
INFO:root:2021-07-21-11--33--42 Frame manipulations completed
INFO:root:2021-07-21-11--33--42 Bounding Box Drawn
INFO:root:2021-07-21-11--33--42 MovingFrameQueue Appended
INFO:root:2021-07-21-11--33--42 anomallyFrameTracker resetted to 200
INFO:root:2021-07-21-11--33--42 Colour Conversion Completed
INFO:root:2021-07-21-11--33--42 Sleep Check Completed
INFO:root:2021-07-21-11--33--42 Frame manipulations completed
INFO:root:2021-07-21-11--33--42 Bounding Box Drawn
INFO:root:2021-07-21-11--33--42 MovingFrameQueue Popped
INFO:root:2021-07-21-11--33--42 anomallyFrameTracker resetted to 200
INFO:root:2021-07-21-11--33--42 Colour Conversion Completed
INFO:root:2021-07-21-11--33--42 Sleep Check Completed
INFO:root:2021-07-21-11--33--42 Frame manipulations completed
INFO:root:2021-07-21-11--33--42 Bounding Box Drawn
INFO:root:2021-07-21-11--33--42 MovingFrameQueue Appended
INFO:root:2021-07-21-11--33--42 anomallyFrameTracker resetted to 200
INFO:root:2021-07-21-11--33--42 Colour Conversion Completed
INFO:root:2021-07-21-11--33--42 Sleep Check Completed
INFO:root:2021-07-21-11--33--42 Frame manipulations completed
INFO:root:2021-07-21-11--33--42 Bounding Box Drawn
INFO:root:2021-07-21-11--33--42 MovingFrameQueue Popped
INFO:root:2021-07-21-11--33--42 anomallyFrameTracker resetted to 200
INFO:root:2021-07-21-11--33--42 Colour Conversion Completed
INFO:root:2021-07-21-11--33--42 Sleep Check Completed
INFO:root:2021-07-21-11--33--42 Frame manipulations completed
INFO:root:2021-07-21-11--33--42 Bounding Box Drawn
INFO:root:2021-07-21-11--33--42 MovingFrameQueue Appended
INFO:root:2021-07-21-11--33--42 anomallyFrameTracker resetted to 200
INFO:root:2021-07-21-11--33--42 Colour Conversion Completed
INFO:root:2021-07-21-11--33--43 Sleep Check Completed
INFO:root:2021-07-21-11--33--43 Frame manipulations completed
INFO:root:2021-07-21-11--33--43 Bounding Box Drawn
INFO:root:2021-07-21-11--33--43 MovingFrameQueue Popped
INFO:root:2021-07-21-11--33--43 anomallyFrameTracker resetted to 200
INFO:root:2021-07-21-11--33--43 Colour Conversion Completed
INFO:root:2021-07-21-11--33--43 Sleep Check Completed
INFO:root:2021-07-21-11--33--43 Frame manipulations completed
INFO:root:2021-07-21-11--33--43 Bounding Box Drawn
INFO:root:2021-07-21-11--33--43 MovingFrameQueue Appended
INFO:root:2021-07-21-11--33--43 anomallyFrameTracker resetted to 200
INFO:root:2021-07-21-11--33--43 Colour Conversion Completed
INFO:root:2021-07-21-11--33--43 Sleep Check Completed
INFO:root:2021-07-21-11--33--43 Frame manipulations completed
INFO:root:2021-07-21-11--33--43 Bounding Box Drawn
INFO:root:2021-07-21-11--33--43 MovingFrameQueue Popped
INFO:root:2021-07-21-11--33--43 anomallyFrameTracker resetted to 200
INFO:root:2021-07-21-11--33--43 Colour Conversion Completed
INFO:root:2021-07-21-11--33--43 Sleep Check Completed
INFO:root:2021-07-21-11--33--43 Frame manipulations completed
INFO:root:2021-07-21-11--33--43 Bounding Box Drawn
INFO:root:2021-07-21-11--33--43 MovingFrameQueue Appended
INFO:root:2021-07-21-11--33--43 anomallyFrameTracker resetted to 200
INFO:root:2021-07-21-11--33--43 Colour Conversion Completed
INFO:root:2021-07-21-11--33--43 Sleep Check Completed
INFO:root:2021-07-21-11--33--43 Frame manipulations completed
INFO:root:2021-07-21-11--33--43 Bounding Box Drawn
INFO:root:2021-07-21-11--33--43 MovingFrameQueue Popped
INFO:root:2021-07-21-11--33--43 anomallyFrameTracker resetted to 200
INFO:root:2021-07-21-11--33--43 Colour Conversion Completed
INFO:root:2021-07-21-11--33--43 Sleep Check Completed
INFO:root:2021-07-21-11--33--43 Frame manipulations completed
INFO:root:2021-07-21-11--33--43 Bounding Box Drawn
INFO:root:2021-07-21-11--33--43 MovingFrameQueue Appended
INFO:root:2021-07-21-11--33--43 anomallyFrameTracker resetted to 200
INFO:root:2021-07-21-11--33--43 Colour Conversion Completed
INFO:root:2021-07-21-11--33--43 Sleep Check Completed
INFO:root:2021-07-21-11--33--43 Frame manipulations completed
INFO:root:2021-07-21-11--33--43 Bounding Box Drawn
INFO:root:2021-07-21-11--33--43 MovingFrameQueue Popped
INFO:root:2021-07-21-11--33--43 anomallyFrameTracker resetted to 200
INFO:root:2021-07-21-11--33--43 Colour Conversion Completed
INFO:root:2021-07-21-11--33--43 Sleep Check Completed
INFO:root:2021-07-21-11--33--43 Frame manipulations completed
INFO:root:2021-07-21-11--33--43 Bounding Box Drawn
INFO:root:2021-07-21-11--33--43 MovingFrameQueue Appended
INFO:root:2021-07-21-11--33--43 anomallyFrameTracker resetted to 200
INFO:root:2021-07-21-11--33--43 Colour Conversion Completed
INFO:root:2021-07-21-11--33--43 Sleep Check Completed
INFO:root:2021-07-21-11--33--43 Frame manipulations completed
INFO:root:2021-07-21-11--33--43 Bounding Box Drawn
INFO:root:2021-07-21-11--33--44 MovingFrameQueue Popped
INFO:root:2021-07-21-11--33--44 anomallyFrameTracker resetted to 200
INFO:root:2021-07-21-11--33--44 Colour Conversion Completed
INFO:root:2021-07-21-11--33--44 Sleep Check Completed
INFO:root:2021-07-21-11--33--44 Frame manipulations completed
INFO:root:2021-07-21-11--33--44 Bounding Box Drawn
INFO:root:2021-07-21-11--33--44[INFO] elapsed time: 44.00
INFO:root:2021-07-21-11--33--44[INFO] approx. FPS: 5.18
INFO:root:2021-07-21-11--33--44 Getting Auth Token Success
INFO:root:2021-07-21-11--33--44 BedTime Upload Completed
