INFO:root:2021-07-26-15--18--38 Parameter Generation Success
INFO:root:2021-07-26-15--18--39 Colour Conversion Completed
INFO:root:2021-07-26-15--18--39 Sleep Check Completed
INFO:root:2021-07-26-15--18--39 Frame manipulations completed
INFO:root:2021-07-26-15--18--39 Bounding Box Drawn
INFO:root:2021-07-26-15--18--44 MovingFrameQueue Appended
INFO:root:2021-07-26-15--18--44 anomallyFrameTracker resetted to 200
INFO:root:2021-07-26-15--18--44 Colour Conversion Completed
INFO:root:2021-07-26-15--18--44 Sleep Check Completed
INFO:root:2021-07-26-15--18--44 Frame manipulations completed
INFO:root:2021-07-26-15--18--44 Bounding Box Drawn
INFO:root:2021-07-26-15--18--44 MovingFrameQueue Appended
INFO:root:2021-07-26-15--18--44 anomallyFrameTracker resetted to 200
INFO:root:2021-07-26-15--18--44 Colour Conversion Completed
INFO:root:2021-07-26-15--18--44 Sleep Check Completed
INFO:root:2021-07-26-15--18--44 Frame manipulations completed
INFO:root:2021-07-26-15--18--44 Bounding Box Drawn
INFO:root:2021-07-26-15--18--44 MovingFrameQueue Appended
INFO:root:2021-07-26-15--18--44 anomallyFrameTracker resetted to 200
INFO:root:2021-07-26-15--18--44 Colour Conversion Completed
INFO:root:2021-07-26-15--18--44 Sleep Check Completed
INFO:root:2021-07-26-15--18--44 Frame manipulations completed
INFO:root:2021-07-26-15--18--44 Bounding Box Drawn
INFO:root:2021-07-26-15--18--44 MovingFrameQueue Appended
INFO:root:2021-07-26-15--18--44 anomallyFrameTracker resetted to 200
INFO:root:2021-07-26-15--18--44 Colour Conversion Completed
INFO:root:2021-07-26-15--18--44 Sleep Check Completed
INFO:root:2021-07-26-15--18--44 Frame manipulations completed
INFO:root:2021-07-26-15--18--44 Bounding Box Drawn
INFO:root:2021-07-26-15--18--44 MovingFrameQueue Appended
INFO:root:2021-07-26-15--18--44 anomallyFrameTracker resetted to 200
INFO:root:2021-07-26-15--18--44 Colour Conversion Completed
INFO:root:2021-07-26-15--18--44 Sleep Check Completed
INFO:root:2021-07-26-15--18--44 Frame manipulations completed
INFO:root:2021-07-26-15--18--44 Bounding Box Drawn
INFO:root:2021-07-26-15--18--44 MovingFrameQueue Appended
INFO:root:2021-07-26-15--18--44 anomallyFrameTracker resetted to 200
INFO:root:2021-07-26-15--18--44 Colour Conversion Completed
INFO:root:2021-07-26-15--18--44 Sleep Check Completed
INFO:root:2021-07-26-15--18--44 Frame manipulations completed
INFO:root:2021-07-26-15--18--44 Bounding Box Drawn
INFO:root:2021-07-26-15--18--45 MovingFrameQueue Appended
INFO:root:2021-07-26-15--18--45 anomallyFrameTracker resetted to 200
INFO:root:2021-07-26-15--18--45 Colour Conversion Completed
INFO:root:2021-07-26-15--18--45 Sleep Check Completed
INFO:root:2021-07-26-15--18--45 Frame manipulations completed
INFO:root:2021-07-26-15--18--45 Bounding Box Drawn
INFO:root:2021-07-26-15--18--45 MovingFrameQueue Appended
INFO:root:2021-07-26-15--18--45 anomallyFrameTracker resetted to 200
INFO:root:2021-07-26-15--18--45 Colour Conversion Completed
INFO:root:2021-07-26-15--18--45 Sleep Check Completed
INFO:root:2021-07-26-15--18--45 Frame manipulations completed
INFO:root:2021-07-26-15--18--45 Bounding Box Drawn
INFO:root:2021-07-26-15--18--45 MovingFrameQueue Appended
INFO:root:2021-07-26-15--18--45 anomallyFrameTracker resetted to 200
INFO:root:2021-07-26-15--18--45 Colour Conversion Completed
INFO:root:2021-07-26-15--18--45 Sleep Check Completed
INFO:root:2021-07-26-15--18--45 Frame manipulations completed
INFO:root:2021-07-26-15--18--45 Bounding Box Drawn
INFO:root:2021-07-26-15--18--45 MovingFrameQueue Appended
INFO:root:2021-07-26-15--18--45 anomallyFrameTracker resetted to 200
INFO:root:2021-07-26-15--18--45 Colour Conversion Completed
INFO:root:2021-07-26-15--18--45 Sleep Check Completed
INFO:root:2021-07-26-15--18--45 Frame manipulations completed
INFO:root:2021-07-26-15--18--45 Bounding Box Drawn
INFO:root:2021-07-26-15--18--45 MovingFrameQueue Appended
INFO:root:2021-07-26-15--18--45 anomallyFrameTracker resetted to 200
INFO:root:2021-07-26-15--18--45 Colour Conversion Completed
INFO:root:2021-07-26-15--18--45 Sleep Check Completed
INFO:root:2021-07-26-15--18--45 Frame manipulations completed
INFO:root:2021-07-26-15--18--45 Bounding Box Drawn
INFO:root:2021-07-26-15--18--45 MovingFrameQueue Appended
INFO:root:2021-07-26-15--18--45 anomallyFrameTracker resetted to 200
INFO:root:2021-07-26-15--18--45 Colour Conversion Completed
INFO:root:2021-07-26-15--18--45 Sleep Check Completed
INFO:root:2021-07-26-15--18--45 Frame manipulations completed
INFO:root:2021-07-26-15--18--45 Bounding Box Drawn
INFO:root:2021-07-26-15--18--45 MovingFrameQueue Appended
INFO:root:2021-07-26-15--18--45 anomallyFrameTracker resetted to 200
INFO:root:2021-07-26-15--18--45 Colour Conversion Completed
INFO:root:2021-07-26-15--18--45 Sleep Check Completed
INFO:root:2021-07-26-15--18--45 Frame manipulations completed
INFO:root:2021-07-26-15--18--45 Bounding Box Drawn
INFO:root:2021-07-26-15--18--46 MovingFrameQueue Appended
INFO:root:2021-07-26-15--18--46 anomallyFrameTracker resetted to 200
INFO:root:2021-07-26-15--18--46 Colour Conversion Completed
INFO:root:2021-07-26-15--18--46 Sleep Check Completed
INFO:root:2021-07-26-15--18--46 Frame manipulations completed
INFO:root:2021-07-26-15--18--46 Bounding Box Drawn
INFO:root:2021-07-26-15--18--46 MovingFrameQueue Appended
INFO:root:2021-07-26-15--18--46 anomallyFrameTracker resetted to 200
INFO:root:2021-07-26-15--18--46 Colour Conversion Completed
INFO:root:2021-07-26-15--18--46 Sleep Check Completed
INFO:root:2021-07-26-15--18--46 Frame manipulations completed
INFO:root:2021-07-26-15--18--46 Bounding Box Drawn
INFO:root:2021-07-26-15--18--46 MovingFrameQueue Appended
INFO:root:2021-07-26-15--18--46 anomallyFrameTracker resetted to 200
INFO:root:2021-07-26-15--18--46 Colour Conversion Completed
INFO:root:2021-07-26-15--18--46 Sleep Check Completed
INFO:root:2021-07-26-15--18--46 Frame manipulations completed
INFO:root:2021-07-26-15--18--46 Bounding Box Drawn
INFO:root:2021-07-26-15--18--46 MovingFrameQueue Appended
INFO:root:2021-07-26-15--18--46 anomallyFrameTracker resetted to 200
INFO:root:2021-07-26-15--18--46 Colour Conversion Completed
INFO:root:2021-07-26-15--18--46 Sleep Check Completed
INFO:root:2021-07-26-15--18--46 Frame manipulations completed
INFO:root:2021-07-26-15--18--46 Bounding Box Drawn
INFO:root:2021-07-26-15--18--46 MovingFrameQueue Appended
INFO:root:2021-07-26-15--18--46 anomallyFrameTracker resetted to 200
INFO:root:2021-07-26-15--18--46 Colour Conversion Completed
INFO:root:2021-07-26-15--18--46 Sleep Check Completed
INFO:root:2021-07-26-15--18--46 Frame manipulations completed
INFO:root:2021-07-26-15--18--46 Bounding Box Drawn
INFO:root:2021-07-26-15--18--46 MovingFrameQueue Appended
INFO:root:2021-07-26-15--18--46 anomallyFrameTracker resetted to 200
INFO:root:2021-07-26-15--18--46 Colour Conversion Completed
INFO:root:2021-07-26-15--18--46 Sleep Check Completed
INFO:root:2021-07-26-15--18--46 Frame manipulations completed
INFO:root:2021-07-26-15--18--46 Bounding Box Drawn
INFO:root:2021-07-26-15--18--46 MovingFrameQueue Appended
INFO:root:2021-07-26-15--18--46 anomallyFrameTracker resetted to 200
INFO:root:2021-07-26-15--18--46 Colour Conversion Completed
INFO:root:2021-07-26-15--18--46 Sleep Check Completed
INFO:root:2021-07-26-15--18--46 Frame manipulations completed
INFO:root:2021-07-26-15--18--46 Bounding Box Drawn
INFO:root:2021-07-26-15--18--47 MovingFrameQueue Appended
INFO:root:2021-07-26-15--18--47 anomallyFrameTracker resetted to 200
INFO:root:2021-07-26-15--18--47 Colour Conversion Completed
INFO:root:2021-07-26-15--18--47 Sleep Check Completed
INFO:root:2021-07-26-15--18--47 Frame manipulations completed
INFO:root:2021-07-26-15--18--47 Bounding Box Drawn
INFO:root:2021-07-26-15--18--47 MovingFrameQueue Appended
INFO:root:2021-07-26-15--18--47 anomallyFrameTracker resetted to 200
INFO:root:2021-07-26-15--18--47 Colour Conversion Completed
INFO:root:2021-07-26-15--18--47 Sleep Check Completed
INFO:root:2021-07-26-15--18--47 Frame manipulations completed
INFO:root:2021-07-26-15--18--47 Bounding Box Drawn
INFO:root:2021-07-26-15--18--47 MovingFrameQueue Appended
INFO:root:2021-07-26-15--18--47 anomallyFrameTracker resetted to 200
INFO:root:2021-07-26-15--18--47 Colour Conversion Completed
INFO:root:2021-07-26-15--18--47 Sleep Check Completed
INFO:root:2021-07-26-15--18--47 Frame manipulations completed
INFO:root:2021-07-26-15--18--47 Bounding Box Drawn
INFO:root:2021-07-26-15--18--47 MovingFrameQueue Appended
INFO:root:2021-07-26-15--18--47 anomallyFrameTracker resetted to 200
INFO:root:2021-07-26-15--18--47 Colour Conversion Completed
INFO:root:2021-07-26-15--18--47 Sleep Check Completed
INFO:root:2021-07-26-15--18--47 Frame manipulations completed
INFO:root:2021-07-26-15--18--47 Bounding Box Drawn
INFO:root:2021-07-26-15--18--47 MovingFrameQueue Appended
INFO:root:2021-07-26-15--18--47 anomallyFrameTracker resetted to 200
INFO:root:2021-07-26-15--18--47 Colour Conversion Completed
INFO:root:2021-07-26-15--18--47 Sleep Check Completed
INFO:root:2021-07-26-15--18--47 Frame manipulations completed
INFO:root:2021-07-26-15--18--47 Bounding Box Drawn
INFO:root:2021-07-26-15--18--47 MovingFrameQueue Appended
INFO:root:2021-07-26-15--18--47 anomallyFrameTracker resetted to 200
INFO:root:2021-07-26-15--18--47 Colour Conversion Completed
INFO:root:2021-07-26-15--18--47 Sleep Check Completed
INFO:root:2021-07-26-15--18--47 Frame manipulations completed
INFO:root:2021-07-26-15--18--47 Bounding Box Drawn
INFO:root:2021-07-26-15--18--48 MovingFrameQueue Appended
INFO:root:2021-07-26-15--18--48 anomallyFrameTracker resetted to 200
INFO:root:2021-07-26-15--18--48 Colour Conversion Completed
INFO:root:2021-07-26-15--18--48 Sleep Check Completed
INFO:root:2021-07-26-15--18--48 Frame manipulations completed
INFO:root:2021-07-26-15--18--48 Bounding Box Drawn
INFO:root:2021-07-26-15--18--48 MovingFrameQueue Appended
INFO:root:2021-07-26-15--18--48 anomallyFrameTracker resetted to 200
INFO:root:2021-07-26-15--18--48 Colour Conversion Completed
INFO:root:2021-07-26-15--18--48 Sleep Check Completed
INFO:root:2021-07-26-15--18--48 Frame manipulations completed
INFO:root:2021-07-26-15--18--48 Bounding Box Drawn
INFO:root:2021-07-26-15--18--48 MovingFrameQueue Appended
INFO:root:2021-07-26-15--18--48 anomallyFrameTracker resetted to 200
INFO:root:2021-07-26-15--18--48 Colour Conversion Completed
INFO:root:2021-07-26-15--18--48 Sleep Check Completed
INFO:root:2021-07-26-15--18--48 Frame manipulations completed
INFO:root:2021-07-26-15--18--48 Bounding Box Drawn
INFO:root:2021-07-26-15--18--48 MovingFrameQueue Appended
INFO:root:2021-07-26-15--18--48 anomallyFrameTracker resetted to 200
INFO:root:2021-07-26-15--18--48 Colour Conversion Completed
INFO:root:2021-07-26-15--18--48 Sleep Check Completed
INFO:root:2021-07-26-15--18--48 Frame manipulations completed
INFO:root:2021-07-26-15--18--48 Bounding Box Drawn
INFO:root:2021-07-26-15--18--48 MovingFrameQueue Appended
INFO:root:2021-07-26-15--18--48 anomallyFrameTracker resetted to 200
INFO:root:2021-07-26-15--18--48 Colour Conversion Completed
INFO:root:2021-07-26-15--18--48 Sleep Check Completed
INFO:root:2021-07-26-15--18--48 Frame manipulations completed
INFO:root:2021-07-26-15--18--48 Bounding Box Drawn
INFO:root:2021-07-26-15--18--48 MovingFrameQueue Appended
INFO:root:2021-07-26-15--18--48 anomallyFrameTracker resetted to 200
INFO:root:2021-07-26-15--18--48 Colour Conversion Completed
INFO:root:2021-07-26-15--18--48 Sleep Check Completed
INFO:root:2021-07-26-15--18--48 Frame manipulations completed
INFO:root:2021-07-26-15--18--48 Bounding Box Drawn
INFO:root:2021-07-26-15--18--48 MovingFrameQueue Appended
INFO:root:2021-07-26-15--18--48 anomallyFrameTracker resetted to 200
INFO:root:2021-07-26-15--18--48 Colour Conversion Completed
INFO:root:2021-07-26-15--18--48 Sleep Check Completed
INFO:root:2021-07-26-15--18--48 Frame manipulations completed
INFO:root:2021-07-26-15--18--48 Bounding Box Drawn
INFO:root:2021-07-26-15--18--49 MovingFrameQueue Appended
INFO:root:2021-07-26-15--18--49 anomallyFrameTracker resetted to 200
INFO:root:2021-07-26-15--18--49 Colour Conversion Completed
INFO:root:2021-07-26-15--18--49 Sleep Check Completed
INFO:root:2021-07-26-15--18--49 Frame manipulations completed
INFO:root:2021-07-26-15--18--49 Bounding Box Drawn
INFO:root:2021-07-26-15--18--49 MovingFrameQueue Appended
INFO:root:2021-07-26-15--18--49 anomallyFrameTracker resetted to 200
INFO:root:2021-07-26-15--18--49 Colour Conversion Completed
INFO:root:2021-07-26-15--18--49 Sleep Check Completed
INFO:root:2021-07-26-15--18--49 Frame manipulations completed
INFO:root:2021-07-26-15--18--49 Bounding Box Drawn
INFO:root:2021-07-26-15--18--49 MovingFrameQueue Appended
INFO:root:2021-07-26-15--18--49 anomallyFrameTracker resetted to 200
INFO:root:2021-07-26-15--18--49 Colour Conversion Completed
INFO:root:2021-07-26-15--18--49 Sleep Check Completed
INFO:root:2021-07-26-15--18--49 Frame manipulations completed
INFO:root:2021-07-26-15--18--49 Bounding Box Drawn
INFO:root:2021-07-26-15--18--49 MovingFrameQueue Appended
INFO:root:2021-07-26-15--18--49 anomallyFrameTracker resetted to 200
INFO:root:2021-07-26-15--18--49 Colour Conversion Completed
INFO:root:2021-07-26-15--18--49 Sleep Check Completed
INFO:root:2021-07-26-15--18--49 Frame manipulations completed
INFO:root:2021-07-26-15--18--49 Bounding Box Drawn
INFO:root:2021-07-26-15--18--49 MovingFrameQueue Appended
INFO:root:2021-07-26-15--18--49 anomallyFrameTracker resetted to 200
INFO:root:2021-07-26-15--18--49 Colour Conversion Completed
INFO:root:2021-07-26-15--18--49 Sleep Check Completed
INFO:root:2021-07-26-15--18--49 Frame manipulations completed
INFO:root:2021-07-26-15--18--49 Bounding Box Drawn
INFO:root:2021-07-26-15--18--49 MovingFrameQueue Appended
INFO:root:2021-07-26-15--18--49 anomallyFrameTracker resetted to 200
INFO:root:2021-07-26-15--18--49 Colour Conversion Completed
INFO:root:2021-07-26-15--18--49 Sleep Check Completed
INFO:root:2021-07-26-15--18--49 Frame manipulations completed
INFO:root:2021-07-26-15--18--49 Bounding Box Drawn
INFO:root:2021-07-26-15--18--50 MovingFrameQueue Appended
INFO:root:2021-07-26-15--18--50 anomallyFrameTracker resetted to 200
INFO:root:2021-07-26-15--18--50 Colour Conversion Completed
INFO:root:2021-07-26-15--18--50 Sleep Check Completed
INFO:root:2021-07-26-15--18--50 Frame manipulations completed
INFO:root:2021-07-26-15--18--50 Bounding Box Drawn
INFO:root:2021-07-26-15--18--50 MovingFrameQueue Appended
INFO:root:2021-07-26-15--18--50 anomallyFrameTracker resetted to 200
INFO:root:2021-07-26-15--18--50 Colour Conversion Completed
INFO:root:2021-07-26-15--18--50 Sleep Check Completed
INFO:root:2021-07-26-15--18--50 Frame manipulations completed
INFO:root:2021-07-26-15--18--50 Bounding Box Drawn
INFO:root:2021-07-26-15--18--50 MovingFrameQueue Appended
INFO:root:2021-07-26-15--18--50 anomallyFrameTracker resetted to 200
INFO:root:2021-07-26-15--18--50 Colour Conversion Completed
INFO:root:2021-07-26-15--18--50 Sleep Check Completed
INFO:root:2021-07-26-15--18--50 Frame manipulations completed
INFO:root:2021-07-26-15--18--50 Bounding Box Drawn
INFO:root:2021-07-26-15--18--50 MovingFrameQueue Appended
INFO:root:2021-07-26-15--18--50 anomallyFrameTracker resetted to 200
INFO:root:2021-07-26-15--18--50 Colour Conversion Completed
INFO:root:2021-07-26-15--18--50 Sleep Check Completed
INFO:root:2021-07-26-15--18--50 Frame manipulations completed
INFO:root:2021-07-26-15--18--50 Bounding Box Drawn
INFO:root:2021-07-26-15--18--50 MovingFrameQueue Appended
INFO:root:2021-07-26-15--18--50 anomallyFrameTracker resetted to 200
INFO:root:2021-07-26-15--18--50 Colour Conversion Completed
INFO:root:2021-07-26-15--18--50 Sleep Check Completed
INFO:root:2021-07-26-15--18--50 Frame manipulations completed
INFO:root:2021-07-26-15--18--50 Bounding Box Drawn
INFO:root:2021-07-26-15--18--51 MovingFrameQueue Appended
INFO:root:2021-07-26-15--18--51 anomallyFrameTracker resetted to 200
INFO:root:2021-07-26-15--18--51 Colour Conversion Completed
INFO:root:2021-07-26-15--18--51 Sleep Check Completed
INFO:root:2021-07-26-15--18--51 Frame manipulations completed
INFO:root:2021-07-26-15--18--51 Bounding Box Drawn
INFO:root:2021-07-26-15--18--51 MovingFrameQueue Appended
INFO:root:2021-07-26-15--18--51 anomallyFrameTracker resetted to 200
INFO:root:2021-07-26-15--18--51 Colour Conversion Completed
INFO:root:2021-07-26-15--18--51 Sleep Check Completed
INFO:root:2021-07-26-15--18--51 Frame manipulations completed
INFO:root:2021-07-26-15--18--51 Bounding Box Drawn
INFO:root:2021-07-26-15--18--51 MovingFrameQueue Appended
INFO:root:2021-07-26-15--18--51 anomallyFrameTracker resetted to 200
INFO:root:2021-07-26-15--18--51 Colour Conversion Completed
INFO:root:2021-07-26-15--18--51 Sleep Check Completed
INFO:root:2021-07-26-15--18--51 Frame manipulations completed
INFO:root:2021-07-26-15--18--51 Bounding Box Drawn
INFO:root:2021-07-26-15--18--51 MovingFrameQueue Appended
INFO:root:2021-07-26-15--18--51 anomallyFrameTracker resetted to 200
INFO:root:2021-07-26-15--18--51 Colour Conversion Completed
INFO:root:2021-07-26-15--18--51 Sleep Check Completed
INFO:root:2021-07-26-15--18--51 Frame manipulations completed
INFO:root:2021-07-26-15--18--51 Bounding Box Drawn
INFO:root:2021-07-26-15--18--51 MovingFrameQueue Appended
INFO:root:2021-07-26-15--18--51 anomallyFrameTracker resetted to 200
INFO:root:2021-07-26-15--18--51 Colour Conversion Completed
INFO:root:2021-07-26-15--18--51 Sleep Check Completed
INFO:root:2021-07-26-15--18--51 Frame manipulations completed
INFO:root:2021-07-26-15--18--51 Bounding Box Drawn
INFO:root:2021-07-26-15--18--51 MovingFrameQueue Appended
INFO:root:2021-07-26-15--18--51 anomallyFrameTracker resetted to 200
INFO:root:2021-07-26-15--18--51 Colour Conversion Completed
INFO:root:2021-07-26-15--18--51 Sleep Check Completed
INFO:root:2021-07-26-15--18--51 Frame manipulations completed
INFO:root:2021-07-26-15--18--51 Bounding Box Drawn
INFO:root:2021-07-26-15--18--52 MovingFrameQueue Appended
INFO:root:2021-07-26-15--18--52 anomallyFrameTracker resetted to 200
INFO:root:2021-07-26-15--18--52 Colour Conversion Completed
INFO:root:2021-07-26-15--18--52 Sleep Check Completed
INFO:root:2021-07-26-15--18--52 Frame manipulations completed
INFO:root:2021-07-26-15--18--52 Bounding Box Drawn
INFO:root:2021-07-26-15--18--52 MovingFrameQueue Popped
INFO:root:2021-07-26-15--18--52 anomallyFrameTracker resetted to 200
INFO:root:2021-07-26-15--18--52 Colour Conversion Completed
INFO:root:2021-07-26-15--18--52 Sleep Check Completed
INFO:root:2021-07-26-15--18--52 Frame manipulations completed
INFO:root:2021-07-26-15--18--52 Bounding Box Drawn
INFO:root:2021-07-26-15--18--52 MovingFrameQueue Appended
INFO:root:2021-07-26-15--18--52 anomallyFrameTracker resetted to 200
INFO:root:2021-07-26-15--18--52 Colour Conversion Completed
INFO:root:2021-07-26-15--18--52 Sleep Check Completed
INFO:root:2021-07-26-15--18--52 Frame manipulations completed
INFO:root:2021-07-26-15--18--52 Bounding Box Drawn
INFO:root:2021-07-26-15--18--52 MovingFrameQueue Popped
INFO:root:2021-07-26-15--18--52 anomallyFrameTracker resetted to 200
INFO:root:2021-07-26-15--18--52 Colour Conversion Completed
INFO:root:2021-07-26-15--18--52 Sleep Check Completed
INFO:root:2021-07-26-15--18--52 Frame manipulations completed
INFO:root:2021-07-26-15--18--52 Bounding Box Drawn
INFO:root:2021-07-26-15--18--52 MovingFrameQueue Appended
INFO:root:2021-07-26-15--18--52 anomallyFrameTracker resetted to 200
INFO:root:2021-07-26-15--18--52 Colour Conversion Completed
INFO:root:2021-07-26-15--18--52 Sleep Check Completed
INFO:root:2021-07-26-15--18--52 Frame manipulations completed
INFO:root:2021-07-26-15--18--52 Bounding Box Drawn
INFO:root:2021-07-26-15--18--52 MovingFrameQueue Popped
INFO:root:2021-07-26-15--18--52 anomallyFrameTracker resetted to 200
INFO:root:2021-07-26-15--18--52 Colour Conversion Completed
INFO:root:2021-07-26-15--18--52 Sleep Check Completed
INFO:root:2021-07-26-15--18--52 Frame manipulations completed
INFO:root:2021-07-26-15--18--52 Bounding Box Drawn
INFO:root:2021-07-26-15--18--53 MovingFrameQueue Appended
INFO:root:2021-07-26-15--18--53 anomallyFrameTracker resetted to 200
INFO:root:2021-07-26-15--18--53 Colour Conversion Completed
INFO:root:2021-07-26-15--18--53 Sleep Check Completed
INFO:root:2021-07-26-15--18--53 Frame manipulations completed
INFO:root:2021-07-26-15--18--53 Bounding Box Drawn
INFO:root:2021-07-26-15--18--53 MovingFrameQueue Popped
INFO:root:2021-07-26-15--18--53 anomallyFrameTracker resetted to 200
INFO:root:2021-07-26-15--18--53 Colour Conversion Completed
INFO:root:2021-07-26-15--18--53 Sleep Check Completed
INFO:root:2021-07-26-15--18--53 Frame manipulations completed
INFO:root:2021-07-26-15--18--53 Bounding Box Drawn
INFO:root:2021-07-26-15--18--53 MovingFrameQueue Appended
INFO:root:2021-07-26-15--18--53 anomallyFrameTracker resetted to 200
INFO:root:2021-07-26-15--18--53 Colour Conversion Completed
INFO:root:2021-07-26-15--18--53 Sleep Check Completed
INFO:root:2021-07-26-15--18--53 Frame manipulations completed
INFO:root:2021-07-26-15--18--53 Bounding Box Drawn
INFO:root:2021-07-26-15--18--53 MovingFrameQueue Popped
INFO:root:2021-07-26-15--18--53 anomallyFrameTracker resetted to 200
INFO:root:2021-07-26-15--18--53 Colour Conversion Completed
INFO:root:2021-07-26-15--18--53 Sleep Check Completed
INFO:root:2021-07-26-15--18--53 Frame manipulations completed
INFO:root:2021-07-26-15--18--53 Bounding Box Drawn
INFO:root:2021-07-26-15--18--53 MovingFrameQueue Appended
INFO:root:2021-07-26-15--18--53 anomallyFrameTracker resetted to 200
INFO:root:2021-07-26-15--18--53 Colour Conversion Completed
INFO:root:2021-07-26-15--18--53 Sleep Check Completed
INFO:root:2021-07-26-15--18--53 Frame manipulations completed
INFO:root:2021-07-26-15--18--53 Bounding Box Drawn
INFO:root:2021-07-26-15--18--53 MovingFrameQueue Popped
INFO:root:2021-07-26-15--18--53 anomallyFrameTracker resetted to 200
INFO:root:2021-07-26-15--18--53 Colour Conversion Completed
INFO:root:2021-07-26-15--18--53 Sleep Check Completed
INFO:root:2021-07-26-15--18--53 Frame manipulations completed
INFO:root:2021-07-26-15--18--53 Bounding Box Drawn
INFO:root:2021-07-26-15--18--54 MovingFrameQueue Appended
INFO:root:2021-07-26-15--18--54 anomallyFrameTracker resetted to 200
INFO:root:2021-07-26-15--18--54 Colour Conversion Completed
INFO:root:2021-07-26-15--18--54 Sleep Check Completed
INFO:root:2021-07-26-15--18--54 Frame manipulations completed
INFO:root:2021-07-26-15--18--54 Bounding Box Drawn
INFO:root:2021-07-26-15--18--54 MovingFrameQueue Popped
INFO:root:2021-07-26-15--18--54 anomallyFrameTracker resetted to 200
INFO:root:2021-07-26-15--18--54 Colour Conversion Completed
INFO:root:2021-07-26-15--18--54 Sleep Check Completed
INFO:root:2021-07-26-15--18--54 Frame manipulations completed
INFO:root:2021-07-26-15--18--54 Bounding Box Drawn
INFO:root:2021-07-26-15--18--54 MovingFrameQueue Appended
INFO:root:2021-07-26-15--18--54 anomallyFrameTracker resetted to 200
INFO:root:2021-07-26-15--18--54 Colour Conversion Completed
INFO:root:2021-07-26-15--18--54 Sleep Check Completed
INFO:root:2021-07-26-15--18--54 Frame manipulations completed
INFO:root:2021-07-26-15--18--54 Bounding Box Drawn
INFO:root:2021-07-26-15--18--54 MovingFrameQueue Popped
INFO:root:2021-07-26-15--18--54 anomallyFrameTracker resetted to 200
INFO:root:2021-07-26-15--18--54 Colour Conversion Completed
INFO:root:2021-07-26-15--18--54 Sleep Check Completed
INFO:root:2021-07-26-15--18--54 Frame manipulations completed
INFO:root:2021-07-26-15--18--54 Bounding Box Drawn
INFO:root:2021-07-26-15--18--54 MovingFrameQueue Appended
INFO:root:2021-07-26-15--18--54 anomallyFrameTracker resetted to 200
INFO:root:2021-07-26-15--18--54 Colour Conversion Completed
INFO:root:2021-07-26-15--18--54 Sleep Check Completed
INFO:root:2021-07-26-15--18--54 Frame manipulations completed
INFO:root:2021-07-26-15--18--54 Bounding Box Drawn
INFO:root:2021-07-26-15--18--55 MovingFrameQueue Popped
INFO:root:2021-07-26-15--18--55 anomallyFrameTracker resetted to 200
INFO:root:2021-07-26-15--18--55 Colour Conversion Completed
INFO:root:2021-07-26-15--18--55 Sleep Check Completed
INFO:root:2021-07-26-15--18--55 Frame manipulations completed
INFO:root:2021-07-26-15--18--55 Bounding Box Drawn
INFO:root:2021-07-26-15--18--55 MovingFrameQueue Appended
INFO:root:2021-07-26-15--18--55 anomallyFrameTracker resetted to 200
INFO:root:2021-07-26-15--18--55 Colour Conversion Completed
INFO:root:2021-07-26-15--18--55 Sleep Check Completed
INFO:root:2021-07-26-15--18--55 Frame manipulations completed
INFO:root:2021-07-26-15--18--55 Bounding Box Drawn
INFO:root:2021-07-26-15--18--55 MovingFrameQueue Popped
INFO:root:2021-07-26-15--18--55 anomallyFrameTracker resetted to 200
INFO:root:2021-07-26-15--18--55 Colour Conversion Completed
INFO:root:2021-07-26-15--18--55 Sleep Check Completed
INFO:root:2021-07-26-15--18--55 Frame manipulations completed
INFO:root:2021-07-26-15--18--55 Bounding Box Drawn
INFO:root:2021-07-26-15--18--55 MovingFrameQueue Appended
INFO:root:2021-07-26-15--18--55 anomallyFrameTracker resetted to 200
INFO:root:2021-07-26-15--18--55 Colour Conversion Completed
INFO:root:2021-07-26-15--18--55 Sleep Check Completed
INFO:root:2021-07-26-15--18--55 Frame manipulations completed
INFO:root:2021-07-26-15--18--55 Bounding Box Drawn
INFO:root:2021-07-26-15--18--55 MovingFrameQueue Popped
INFO:root:2021-07-26-15--18--55 anomallyFrameTracker resetted to 200
INFO:root:2021-07-26-15--18--55 Colour Conversion Completed
INFO:root:2021-07-26-15--18--55 Sleep Check Completed
INFO:root:2021-07-26-15--18--55 Frame manipulations completed
INFO:root:2021-07-26-15--18--55 Bounding Box Drawn
INFO:root:2021-07-26-15--18--55 MovingFrameQueue Appended
INFO:root:2021-07-26-15--18--55 anomallyFrameTracker resetted to 200
INFO:root:2021-07-26-15--18--55 Colour Conversion Completed
INFO:root:2021-07-26-15--18--55 Sleep Check Completed
INFO:root:2021-07-26-15--18--55 Frame manipulations completed
INFO:root:2021-07-26-15--18--55 Bounding Box Drawn
INFO:root:2021-07-26-15--18--55 MovingFrameQueue Popped
INFO:root:2021-07-26-15--18--55 anomallyFrameTracker resetted to 200
INFO:root:2021-07-26-15--18--55 Colour Conversion Completed
INFO:root:2021-07-26-15--18--56 Sleep Check Completed
INFO:root:2021-07-26-15--18--56 Frame manipulations completed
INFO:root:2021-07-26-15--18--56 Bounding Box Drawn
INFO:root:2021-07-26-15--18--56 MovingFrameQueue Appended
INFO:root:2021-07-26-15--18--56 anomallyFrameTracker resetted to 200
INFO:root:2021-07-26-15--18--56 Colour Conversion Completed
INFO:root:2021-07-26-15--18--56 Sleep Check Completed
INFO:root:2021-07-26-15--18--56 Frame manipulations completed
INFO:root:2021-07-26-15--18--56 Bounding Box Drawn
INFO:root:2021-07-26-15--18--56 MovingFrameQueue Popped
INFO:root:2021-07-26-15--18--56 anomallyFrameTracker resetted to 200
INFO:root:2021-07-26-15--18--56 Colour Conversion Completed
INFO:root:2021-07-26-15--18--56 Sleep Check Completed
INFO:root:2021-07-26-15--18--56 Frame manipulations completed
INFO:root:2021-07-26-15--18--56 Bounding Box Drawn
INFO:root:2021-07-26-15--18--56 MovingFrameQueue Appended
INFO:root:2021-07-26-15--18--56 anomallyFrameTracker resetted to 200
INFO:root:2021-07-26-15--18--56 Colour Conversion Completed
INFO:root:2021-07-26-15--18--56 Sleep Check Completed
INFO:root:2021-07-26-15--18--56 Frame manipulations completed
INFO:root:2021-07-26-15--18--56 Bounding Box Drawn
INFO:root:2021-07-26-15--18--56 MovingFrameQueue Popped
INFO:root:2021-07-26-15--18--56 anomallyFrameTracker resetted to 200
INFO:root:2021-07-26-15--18--56 Colour Conversion Completed
INFO:root:2021-07-26-15--18--56 Sleep Check Completed
INFO:root:2021-07-26-15--18--56 Frame manipulations completed
INFO:root:2021-07-26-15--18--56 Bounding Box Drawn
INFO:root:2021-07-26-15--18--56 MovingFrameQueue Appended
INFO:root:2021-07-26-15--18--56 anomallyFrameTracker resetted to 200
INFO:root:2021-07-26-15--18--56 Colour Conversion Completed
INFO:root:2021-07-26-15--18--56 Sleep Check Completed
INFO:root:2021-07-26-15--18--56 Frame manipulations completed
INFO:root:2021-07-26-15--18--56 Bounding Box Drawn
INFO:root:2021-07-26-15--18--57 MovingFrameQueue Popped
INFO:root:2021-07-26-15--18--57 anomallyFrameTracker resetted to 200
INFO:root:2021-07-26-15--18--57 Colour Conversion Completed
INFO:root:2021-07-26-15--18--57 Sleep Check Completed
INFO:root:2021-07-26-15--18--57 Frame manipulations completed
INFO:root:2021-07-26-15--18--57 Bounding Box Drawn
INFO:root:2021-07-26-15--18--57 MovingFrameQueue Appended
INFO:root:2021-07-26-15--18--57 anomallyFrameTracker resetted to 200
INFO:root:2021-07-26-15--18--57 Colour Conversion Completed
INFO:root:2021-07-26-15--18--57 Sleep Check Completed
INFO:root:2021-07-26-15--18--57 Frame manipulations completed
INFO:root:2021-07-26-15--18--57 Bounding Box Drawn
INFO:root:2021-07-26-15--18--57 MovingFrameQueue Popped
INFO:root:2021-07-26-15--18--57 anomallyFrameTracker resetted to 200
INFO:root:2021-07-26-15--18--57 Colour Conversion Completed
INFO:root:2021-07-26-15--18--57 Sleep Check Completed
INFO:root:2021-07-26-15--18--57 Frame manipulations completed
INFO:root:2021-07-26-15--18--57 Bounding Box Drawn
INFO:root:2021-07-26-15--18--57 MovingFrameQueue Appended
INFO:root:2021-07-26-15--18--57 anomallyFrameTracker resetted to 200
INFO:root:2021-07-26-15--18--57 Colour Conversion Completed
INFO:root:2021-07-26-15--18--57 Sleep Check Completed
INFO:root:2021-07-26-15--18--57 Frame manipulations completed
INFO:root:2021-07-26-15--18--57 Bounding Box Drawn
INFO:root:2021-07-26-15--18--57 MovingFrameQueue Popped
INFO:root:2021-07-26-15--18--57 anomallyFrameTracker resetted to 200
INFO:root:2021-07-26-15--18--57 Colour Conversion Completed
INFO:root:2021-07-26-15--18--57 Sleep Check Completed
INFO:root:2021-07-26-15--18--57 Frame manipulations completed
INFO:root:2021-07-26-15--18--57 Bounding Box Drawn
INFO:root:2021-07-26-15--18--57 MovingFrameQueue Appended
INFO:root:2021-07-26-15--18--57 anomallyFrameTracker resetted to 200
INFO:root:2021-07-26-15--18--57 Colour Conversion Completed
INFO:root:2021-07-26-15--18--57 Sleep Check Completed
INFO:root:2021-07-26-15--18--57 Frame manipulations completed
INFO:root:2021-07-26-15--18--57 Bounding Box Drawn
INFO:root:2021-07-26-15--18--58 MovingFrameQueue Popped
INFO:root:2021-07-26-15--18--58 anomallyFrameTracker resetted to 200
INFO:root:2021-07-26-15--18--58 Colour Conversion Completed
INFO:root:2021-07-26-15--18--58 Sleep Check Completed
INFO:root:2021-07-26-15--18--58 Frame manipulations completed
INFO:root:2021-07-26-15--18--58 Bounding Box Drawn
INFO:root:2021-07-26-15--18--58 MovingFrameQueue Appended
INFO:root:2021-07-26-15--18--58 anomallyFrameTracker resetted to 200
INFO:root:2021-07-26-15--18--58 Colour Conversion Completed
INFO:root:2021-07-26-15--18--58 Sleep Check Completed
INFO:root:2021-07-26-15--18--58 Frame manipulations completed
INFO:root:2021-07-26-15--18--58 Bounding Box Drawn
INFO:root:2021-07-26-15--18--58 MovingFrameQueue Popped
INFO:root:2021-07-26-15--18--58 anomallyFrameTracker resetted to 200
INFO:root:2021-07-26-15--18--58 Colour Conversion Completed
INFO:root:2021-07-26-15--18--58 Sleep Check Completed
INFO:root:2021-07-26-15--18--58 Frame manipulations completed
INFO:root:2021-07-26-15--18--58 Bounding Box Drawn
INFO:root:2021-07-26-15--18--58 MovingFrameQueue Appended
INFO:root:2021-07-26-15--18--58 anomallyFrameTracker resetted to 200
INFO:root:2021-07-26-15--18--58 Colour Conversion Completed
INFO:root:2021-07-26-15--18--58 Sleep Check Completed
INFO:root:2021-07-26-15--18--58 Frame manipulations completed
INFO:root:2021-07-26-15--18--58 Bounding Box Drawn
INFO:root:2021-07-26-15--18--58 MovingFrameQueue Popped
INFO:root:2021-07-26-15--18--58 anomallyFrameTracker resetted to 200
INFO:root:2021-07-26-15--18--58 Colour Conversion Completed
INFO:root:2021-07-26-15--18--58 Sleep Check Completed
INFO:root:2021-07-26-15--18--58 Frame manipulations completed
INFO:root:2021-07-26-15--18--58 Bounding Box Drawn
INFO:root:2021-07-26-15--18--58 MovingFrameQueue Appended
INFO:root:2021-07-26-15--18--58 anomallyFrameTracker resetted to 200
INFO:root:2021-07-26-15--18--58 Colour Conversion Completed
INFO:root:2021-07-26-15--18--58 Sleep Check Completed
INFO:root:2021-07-26-15--18--58 Frame manipulations completed
INFO:root:2021-07-26-15--18--58 Bounding Box Drawn
INFO:root:2021-07-26-15--18--59 MovingFrameQueue Popped
INFO:root:2021-07-26-15--18--59 anomallyFrameTracker resetted to 200
INFO:root:2021-07-26-15--18--59 Colour Conversion Completed
INFO:root:2021-07-26-15--18--59 Sleep Check Completed
INFO:root:2021-07-26-15--18--59 Frame manipulations completed
INFO:root:2021-07-26-15--18--59 Bounding Box Drawn
INFO:root:2021-07-26-15--18--59 MovingFrameQueue Appended
INFO:root:2021-07-26-15--18--59 anomallyFrameTracker resetted to 200
INFO:root:2021-07-26-15--18--59 Colour Conversion Completed
INFO:root:2021-07-26-15--18--59 Sleep Check Completed
INFO:root:2021-07-26-15--18--59 Frame manipulations completed
INFO:root:2021-07-26-15--18--59 Bounding Box Drawn
INFO:root:2021-07-26-15--18--59 MovingFrameQueue Popped
INFO:root:2021-07-26-15--18--59 anomallyFrameTracker resetted to 200
INFO:root:2021-07-26-15--18--59 Colour Conversion Completed
INFO:root:2021-07-26-15--18--59 Sleep Check Completed
INFO:root:2021-07-26-15--18--59 Frame manipulations completed
INFO:root:2021-07-26-15--18--59 Bounding Box Drawn
INFO:root:2021-07-26-15--18--59 MovingFrameQueue Appended
INFO:root:2021-07-26-15--18--59 anomallyFrameTracker resetted to 200
INFO:root:2021-07-26-15--18--59 Colour Conversion Completed
INFO:root:2021-07-26-15--18--59 Sleep Check Completed
INFO:root:2021-07-26-15--18--59 Frame manipulations completed
INFO:root:2021-07-26-15--18--59 Bounding Box Drawn
INFO:root:2021-07-26-15--18--59 MovingFrameQueue Popped
INFO:root:2021-07-26-15--18--59 anomallyFrameTracker resetted to 200
INFO:root:2021-07-26-15--18--59 Colour Conversion Completed
INFO:root:2021-07-26-15--18--59 Sleep Check Completed
INFO:root:2021-07-26-15--18--59 Frame manipulations completed
INFO:root:2021-07-26-15--18--59 Bounding Box Drawn
INFO:root:2021-07-26-15--18--59 MovingFrameQueue Appended
INFO:root:2021-07-26-15--18--59 anomallyFrameTracker resetted to 200
INFO:root:2021-07-26-15--18--59 Colour Conversion Completed
INFO:root:2021-07-26-15--18--59 Sleep Check Completed
INFO:root:2021-07-26-15--18--59 Frame manipulations completed
INFO:root:2021-07-26-15--18--59 Bounding Box Drawn
INFO:root:2021-07-26-15--19--00 MovingFrameQueue Popped
INFO:root:2021-07-26-15--19--00 anomallyFrameTracker resetted to 200
INFO:root:2021-07-26-15--19--00 Colour Conversion Completed
INFO:root:2021-07-26-15--19--00 Sleep Check Completed
INFO:root:2021-07-26-15--19--00 Frame manipulations completed
INFO:root:2021-07-26-15--19--00 Bounding Box Drawn
INFO:root:2021-07-26-15--19--00 MovingFrameQueue Appended
INFO:root:2021-07-26-15--19--00 anomallyFrameTracker resetted to 200
INFO:root:2021-07-26-15--19--00 Colour Conversion Completed
INFO:root:2021-07-26-15--19--00 Sleep Check Completed
INFO:root:2021-07-26-15--19--00 Frame manipulations completed
INFO:root:2021-07-26-15--19--00 Bounding Box Drawn
INFO:root:2021-07-26-15--19--00 MovingFrameQueue Popped
INFO:root:2021-07-26-15--19--00 anomallyFrameTracker resetted to 200
INFO:root:2021-07-26-15--19--00 Colour Conversion Completed
INFO:root:2021-07-26-15--19--00 Sleep Check Completed
INFO:root:2021-07-26-15--19--00 Frame manipulations completed
INFO:root:2021-07-26-15--19--00 Bounding Box Drawn
INFO:root:2021-07-26-15--19--00 MovingFrameQueue Appended
INFO:root:2021-07-26-15--19--00 anomallyFrameTracker resetted to 200
INFO:root:2021-07-26-15--19--00 Colour Conversion Completed
INFO:root:2021-07-26-15--19--00 Sleep Check Completed
INFO:root:2021-07-26-15--19--00 Frame manipulations completed
INFO:root:2021-07-26-15--19--00 Bounding Box Drawn
INFO:root:2021-07-26-15--19--00 MovingFrameQueue Popped
INFO:root:2021-07-26-15--19--00 anomallyFrameTracker resetted to 200
INFO:root:2021-07-26-15--19--00 Colour Conversion Completed
INFO:root:2021-07-26-15--19--00 Sleep Check Completed
INFO:root:2021-07-26-15--19--00 Frame manipulations completed
INFO:root:2021-07-26-15--19--00 Bounding Box Drawn
INFO:root:2021-07-26-15--19--00 MovingFrameQueue Appended
INFO:root:2021-07-26-15--19--00 anomallyFrameTracker resetted to 200
INFO:root:2021-07-26-15--19--00 Colour Conversion Completed
INFO:root:2021-07-26-15--19--00 Sleep Check Completed
INFO:root:2021-07-26-15--19--00 Frame manipulations completed
INFO:root:2021-07-26-15--19--00 Bounding Box Drawn
INFO:root:2021-07-26-15--19--00 MovingFrameQueue Popped
INFO:root:2021-07-26-15--19--00 anomallyFrameTracker resetted to 200
INFO:root:2021-07-26-15--19--01 Colour Conversion Completed
INFO:root:2021-07-26-15--19--01 Sleep Check Completed
INFO:root:2021-07-26-15--19--01 Frame manipulations completed
INFO:root:2021-07-26-15--19--01 Bounding Box Drawn
INFO:root:2021-07-26-15--19--01 MovingFrameQueue Appended
INFO:root:2021-07-26-15--19--01 anomallyFrameTracker resetted to 200
INFO:root:2021-07-26-15--19--01 Colour Conversion Completed
INFO:root:2021-07-26-15--19--01 Sleep Check Completed
INFO:root:2021-07-26-15--19--01 Frame manipulations completed
INFO:root:2021-07-26-15--19--01 Bounding Box Drawn
INFO:root:2021-07-26-15--19--01 MovingFrameQueue Popped
INFO:root:2021-07-26-15--19--01 anomallyFrameTracker resetted to 200
INFO:root:2021-07-26-15--19--01 Colour Conversion Completed
INFO:root:2021-07-26-15--19--01 Sleep Check Completed
INFO:root:2021-07-26-15--19--01 Frame manipulations completed
INFO:root:2021-07-26-15--19--01 Bounding Box Drawn
INFO:root:2021-07-26-15--19--01 MovingFrameQueue Appended
INFO:root:2021-07-26-15--19--01 anomallyFrameTracker resetted to 200
INFO:root:2021-07-26-15--19--01 Colour Conversion Completed
INFO:root:2021-07-26-15--19--01 Sleep Check Completed
INFO:root:2021-07-26-15--19--01 Frame manipulations completed
INFO:root:2021-07-26-15--19--01 Bounding Box Drawn
INFO:root:2021-07-26-15--19--01 MovingFrameQueue Popped
INFO:root:2021-07-26-15--19--01 anomallyFrameTracker resetted to 200
INFO:root:2021-07-26-15--19--01 Colour Conversion Completed
INFO:root:2021-07-26-15--19--01 Sleep Check Completed
INFO:root:2021-07-26-15--19--01 Frame manipulations completed
INFO:root:2021-07-26-15--19--01 Bounding Box Drawn
INFO:root:2021-07-26-15--19--01 MovingFrameQueue Appended
INFO:root:2021-07-26-15--19--01 anomallyFrameTracker resetted to 200
INFO:root:2021-07-26-15--19--01 Colour Conversion Completed
INFO:root:2021-07-26-15--19--01 Sleep Check Completed
INFO:root:2021-07-26-15--19--01 Frame manipulations completed
INFO:root:2021-07-26-15--19--01 Bounding Box Drawn
INFO:root:2021-07-26-15--19--01 MovingFrameQueue Popped
INFO:root:2021-07-26-15--19--01 anomallyFrameTracker resetted to 200
INFO:root:2021-07-26-15--19--01 Colour Conversion Completed
INFO:root:2021-07-26-15--19--01 Sleep Check Completed
INFO:root:2021-07-26-15--19--01 Frame manipulations completed
INFO:root:2021-07-26-15--19--01 Bounding Box Drawn
INFO:root:2021-07-26-15--19--02 MovingFrameQueue Appended
INFO:root:2021-07-26-15--19--02 anomallyFrameTracker resetted to 200
INFO:root:2021-07-26-15--19--02 Colour Conversion Completed
INFO:root:2021-07-26-15--19--02 Sleep Check Completed
INFO:root:2021-07-26-15--19--02 Frame manipulations completed
INFO:root:2021-07-26-15--19--02 Bounding Box Drawn
INFO:root:2021-07-26-15--19--02 MovingFrameQueue Popped
INFO:root:2021-07-26-15--19--02 anomallyFrameTracker resetted to 200
INFO:root:2021-07-26-15--19--02 Colour Conversion Completed
INFO:root:2021-07-26-15--19--02 Sleep Check Completed
INFO:root:2021-07-26-15--19--02 Frame manipulations completed
INFO:root:2021-07-26-15--19--02 Bounding Box Drawn
INFO:root:2021-07-26-15--19--02 MovingFrameQueue Appended
INFO:root:2021-07-26-15--19--02 anomallyFrameTracker resetted to 200
INFO:root:2021-07-26-15--19--02 Colour Conversion Completed
INFO:root:2021-07-26-15--19--02 Sleep Check Completed
INFO:root:2021-07-26-15--19--02 Frame manipulations completed
INFO:root:2021-07-26-15--19--02 Bounding Box Drawn
INFO:root:2021-07-26-15--19--02 MovingFrameQueue Popped
INFO:root:2021-07-26-15--19--02 anomallyFrameTracker resetted to 200
INFO:root:2021-07-26-15--19--02 Colour Conversion Completed
INFO:root:2021-07-26-15--19--02 Sleep Check Completed
INFO:root:2021-07-26-15--19--02 Frame manipulations completed
INFO:root:2021-07-26-15--19--02 Bounding Box Drawn
INFO:root:2021-07-26-15--19--02 MovingFrameQueue Appended
INFO:root:2021-07-26-15--19--02 anomallyFrameTracker resetted to 200
INFO:root:2021-07-26-15--19--02 Colour Conversion Completed
INFO:root:2021-07-26-15--19--02 Sleep Check Completed
INFO:root:2021-07-26-15--19--02 Frame manipulations completed
INFO:root:2021-07-26-15--19--02 Bounding Box Drawn
INFO:root:2021-07-26-15--19--02 MovingFrameQueue Popped
INFO:root:2021-07-26-15--19--02 anomallyFrameTracker resetted to 200
INFO:root:2021-07-26-15--19--02 Colour Conversion Completed
INFO:root:2021-07-26-15--19--02 Sleep Check Completed
INFO:root:2021-07-26-15--19--02 Frame manipulations completed
INFO:root:2021-07-26-15--19--02 Bounding Box Drawn
INFO:root:2021-07-26-15--19--03 MovingFrameQueue Appended
INFO:root:2021-07-26-15--19--03 anomallyFrameTracker resetted to 200
INFO:root:2021-07-26-15--19--03 Colour Conversion Completed
INFO:root:2021-07-26-15--19--03 Sleep Check Completed
INFO:root:2021-07-26-15--19--03 Frame manipulations completed
INFO:root:2021-07-26-15--19--03 Bounding Box Drawn
INFO:root:2021-07-26-15--19--03 MovingFrameQueue Popped
INFO:root:2021-07-26-15--19--03 anomallyFrameTracker resetted to 200
INFO:root:2021-07-26-15--19--03 Colour Conversion Completed
INFO:root:2021-07-26-15--19--03 Sleep Check Completed
INFO:root:2021-07-26-15--19--03 Frame manipulations completed
INFO:root:2021-07-26-15--19--03 Bounding Box Drawn
INFO:root:2021-07-26-15--19--03 MovingFrameQueue Appended
INFO:root:2021-07-26-15--19--03 anomallyFrameTracker resetted to 200
INFO:root:2021-07-26-15--19--03 Colour Conversion Completed
INFO:root:2021-07-26-15--19--03 Sleep Check Completed
INFO:root:2021-07-26-15--19--03 Frame manipulations completed
INFO:root:2021-07-26-15--19--03 Bounding Box Drawn
INFO:root:2021-07-26-15--19--03 MovingFrameQueue Popped
INFO:root:2021-07-26-15--19--03 anomallyFrameTracker resetted to 200
INFO:root:2021-07-26-15--19--03 Colour Conversion Completed
INFO:root:2021-07-26-15--19--03 Sleep Check Completed
INFO:root:2021-07-26-15--19--03 Frame manipulations completed
INFO:root:2021-07-26-15--19--03 Bounding Box Drawn
INFO:root:2021-07-26-15--19--03 MovingFrameQueue Appended
INFO:root:2021-07-26-15--19--03 anomallyFrameTracker resetted to 200
INFO:root:2021-07-26-15--19--03 Colour Conversion Completed
INFO:root:2021-07-26-15--19--03 Sleep Check Completed
INFO:root:2021-07-26-15--19--03 Frame manipulations completed
INFO:root:2021-07-26-15--19--03 Bounding Box Drawn
INFO:root:2021-07-26-15--19--03 MovingFrameQueue Popped
INFO:root:2021-07-26-15--19--03 anomallyFrameTracker resetted to 200
INFO:root:2021-07-26-15--19--03 Colour Conversion Completed
INFO:root:2021-07-26-15--19--03 Sleep Check Completed
INFO:root:2021-07-26-15--19--03 Frame manipulations completed
INFO:root:2021-07-26-15--19--03 Bounding Box Drawn
INFO:root:2021-07-26-15--19--03 MovingFrameQueue Appended
INFO:root:2021-07-26-15--19--03 anomallyFrameTracker resetted to 200
INFO:root:2021-07-26-15--19--03 Colour Conversion Completed
INFO:root:2021-07-26-15--19--03 Sleep Check Completed
INFO:root:2021-07-26-15--19--03 Frame manipulations completed
INFO:root:2021-07-26-15--19--03 Bounding Box Drawn
INFO:root:2021-07-26-15--19--04 MovingFrameQueue Popped
INFO:root:2021-07-26-15--19--04 anomallyFrameTracker resetted to 200
INFO:root:2021-07-26-15--19--04 Colour Conversion Completed
INFO:root:2021-07-26-15--19--04 Sleep Check Completed
INFO:root:2021-07-26-15--19--04 Frame manipulations completed
INFO:root:2021-07-26-15--19--04 Bounding Box Drawn
INFO:root:2021-07-26-15--19--04 MovingFrameQueue Appended
INFO:root:2021-07-26-15--19--04 anomallyFrameTracker resetted to 200
INFO:root:2021-07-26-15--19--04 Colour Conversion Completed
INFO:root:2021-07-26-15--19--04 Sleep Check Completed
INFO:root:2021-07-26-15--19--04 Frame manipulations completed
INFO:root:2021-07-26-15--19--04 Bounding Box Drawn
INFO:root:2021-07-26-15--19--04 MovingFrameQueue Popped
INFO:root:2021-07-26-15--19--04 anomallyFrameTracker resetted to 200
INFO:root:2021-07-26-15--19--04 Colour Conversion Completed
INFO:root:2021-07-26-15--19--04 Sleep Check Completed
INFO:root:2021-07-26-15--19--04 Frame manipulations completed
INFO:root:2021-07-26-15--19--04 Bounding Box Drawn
INFO:root:2021-07-26-15--19--04 MovingFrameQueue Appended
INFO:root:2021-07-26-15--19--04 anomallyFrameTracker resetted to 200
INFO:root:2021-07-26-15--19--04 Colour Conversion Completed
INFO:root:2021-07-26-15--19--04 Sleep Check Completed
INFO:root:2021-07-26-15--19--04 Frame manipulations completed
INFO:root:2021-07-26-15--19--04 Bounding Box Drawn
INFO:root:2021-07-26-15--19--04 MovingFrameQueue Popped
INFO:root:2021-07-26-15--19--04 anomallyFrameTracker resetted to 200
INFO:root:2021-07-26-15--19--04 Colour Conversion Completed
INFO:root:2021-07-26-15--19--04 Sleep Check Completed
INFO:root:2021-07-26-15--19--04 Frame manipulations completed
INFO:root:2021-07-26-15--19--04 Bounding Box Drawn
INFO:root:2021-07-26-15--19--04 MovingFrameQueue Appended
INFO:root:2021-07-26-15--19--04 anomallyFrameTracker resetted to 200
INFO:root:2021-07-26-15--19--04 Colour Conversion Completed
INFO:root:2021-07-26-15--19--04 Sleep Check Completed
INFO:root:2021-07-26-15--19--04 Frame manipulations completed
INFO:root:2021-07-26-15--19--04 Bounding Box Drawn
INFO:root:2021-07-26-15--19--04 MovingFrameQueue Popped
INFO:root:2021-07-26-15--19--04 anomallyFrameTracker resetted to 200
INFO:root:2021-07-26-15--19--04 Colour Conversion Completed
INFO:root:2021-07-26-15--19--04 Sleep Check Completed
INFO:root:2021-07-26-15--19--04 Frame manipulations completed
INFO:root:2021-07-26-15--19--04 Bounding Box Drawn
INFO:root:2021-07-26-15--19--05 MovingFrameQueue Appended
INFO:root:2021-07-26-15--19--05 anomallyFrameTracker resetted to 200
INFO:root:2021-07-26-15--19--05 Colour Conversion Completed
INFO:root:2021-07-26-15--19--05 Sleep Check Completed
INFO:root:2021-07-26-15--19--05 Frame manipulations completed
INFO:root:2021-07-26-15--19--05 Bounding Box Drawn
INFO:root:2021-07-26-15--19--05 MovingFrameQueue Popped
INFO:root:2021-07-26-15--19--05 anomallyFrameTracker resetted to 200
INFO:root:2021-07-26-15--19--05 Colour Conversion Completed
INFO:root:2021-07-26-15--19--05 Sleep Check Completed
INFO:root:2021-07-26-15--19--05 Frame manipulations completed
INFO:root:2021-07-26-15--19--05 Bounding Box Drawn
INFO:root:2021-07-26-15--19--05 MovingFrameQueue Appended
INFO:root:2021-07-26-15--19--05 anomallyFrameTracker resetted to 200
INFO:root:2021-07-26-15--19--05 Colour Conversion Completed
INFO:root:2021-07-26-15--19--05 Sleep Check Completed
INFO:root:2021-07-26-15--19--05 Frame manipulations completed
INFO:root:2021-07-26-15--19--05 Bounding Box Drawn
INFO:root:2021-07-26-15--19--05 MovingFrameQueue Popped
INFO:root:2021-07-26-15--19--05 anomallyFrameTracker resetted to 200
INFO:root:2021-07-26-15--19--05 Colour Conversion Completed
INFO:root:2021-07-26-15--19--05 Sleep Check Completed
INFO:root:2021-07-26-15--19--05 Frame manipulations completed
INFO:root:2021-07-26-15--19--05 Bounding Box Drawn
INFO:root:2021-07-26-15--19--05 MovingFrameQueue Appended
INFO:root:2021-07-26-15--19--05 anomallyFrameTracker resetted to 200
INFO:root:2021-07-26-15--19--05 Colour Conversion Completed
INFO:root:2021-07-26-15--19--05 Sleep Check Completed
INFO:root:2021-07-26-15--19--05 Frame manipulations completed
INFO:root:2021-07-26-15--19--05 Bounding Box Drawn
INFO:root:2021-07-26-15--19--05 MovingFrameQueue Popped
INFO:root:2021-07-26-15--19--05 anomallyFrameTracker resetted to 200
INFO:root:2021-07-26-15--19--05 Colour Conversion Completed
INFO:root:2021-07-26-15--19--05 Sleep Check Completed
INFO:root:2021-07-26-15--19--05 Frame manipulations completed
INFO:root:2021-07-26-15--19--05 Bounding Box Drawn
INFO:root:2021-07-26-15--19--06 MovingFrameQueue Appended
INFO:root:2021-07-26-15--19--06 anomallyFrameTracker resetted to 200
INFO:root:2021-07-26-15--19--06 Colour Conversion Completed
INFO:root:2021-07-26-15--19--06 Sleep Check Completed
INFO:root:2021-07-26-15--19--06 Frame manipulations completed
INFO:root:2021-07-26-15--19--06 Bounding Box Drawn
INFO:root:2021-07-26-15--19--06 MovingFrameQueue Popped
INFO:root:2021-07-26-15--19--06 anomallyFrameTracker resetted to 200
INFO:root:2021-07-26-15--19--06 Colour Conversion Completed
INFO:root:2021-07-26-15--19--06 Sleep Check Completed
INFO:root:2021-07-26-15--19--06 Frame manipulations completed
INFO:root:2021-07-26-15--19--06 Bounding Box Drawn
INFO:root:2021-07-26-15--19--06 MovingFrameQueue Appended
INFO:root:2021-07-26-15--19--06 anomallyFrameTracker resetted to 200
INFO:root:2021-07-26-15--19--06 Colour Conversion Completed
INFO:root:2021-07-26-15--19--06 Sleep Check Completed
INFO:root:2021-07-26-15--19--06 Frame manipulations completed
INFO:root:2021-07-26-15--19--06 Bounding Box Drawn
INFO:root:2021-07-26-15--19--06 MovingFrameQueue Popped
INFO:root:2021-07-26-15--19--06 anomallyFrameTracker resetted to 200
INFO:root:2021-07-26-15--19--06 Colour Conversion Completed
INFO:root:2021-07-26-15--19--06 Sleep Check Completed
INFO:root:2021-07-26-15--19--06 Frame manipulations completed
INFO:root:2021-07-26-15--19--06 Bounding Box Drawn
INFO:root:2021-07-26-15--19--06 MovingFrameQueue Appended
INFO:root:2021-07-26-15--19--06 anomallyFrameTracker resetted to 200
INFO:root:2021-07-26-15--19--06 Colour Conversion Completed
INFO:root:2021-07-26-15--19--06 Sleep Check Completed
INFO:root:2021-07-26-15--19--06 Frame manipulations completed
INFO:root:2021-07-26-15--19--06 Bounding Box Drawn
INFO:root:2021-07-26-15--19--06 MovingFrameQueue Popped
INFO:root:2021-07-26-15--19--06 anomallyFrameTracker resetted to 200
INFO:root:2021-07-26-15--19--06 Colour Conversion Completed
INFO:root:2021-07-26-15--19--06 Sleep Check Completed
INFO:root:2021-07-26-15--19--06 Frame manipulations completed
INFO:root:2021-07-26-15--19--06 Bounding Box Drawn
INFO:root:2021-07-26-15--19--07 MovingFrameQueue Appended
INFO:root:2021-07-26-15--19--07 anomallyFrameTracker resetted to 200
INFO:root:2021-07-26-15--19--07 Colour Conversion Completed
INFO:root:2021-07-26-15--19--07 Sleep Check Completed
INFO:root:2021-07-26-15--19--07 Frame manipulations completed
INFO:root:2021-07-26-15--19--07 Bounding Box Drawn
INFO:root:2021-07-26-15--19--07 MovingFrameQueue Popped
INFO:root:2021-07-26-15--19--07 anomallyFrameTracker resetted to 200
INFO:root:2021-07-26-15--19--07 Colour Conversion Completed
INFO:root:2021-07-26-15--19--07 Sleep Check Completed
INFO:root:2021-07-26-15--19--07 Frame manipulations completed
INFO:root:2021-07-26-15--19--07 Bounding Box Drawn
INFO:root:2021-07-26-15--19--07 MovingFrameQueue Appended
INFO:root:2021-07-26-15--19--07 anomallyFrameTracker resetted to 200
INFO:root:2021-07-26-15--19--07 Colour Conversion Completed
INFO:root:2021-07-26-15--19--07 Sleep Check Completed
INFO:root:2021-07-26-15--19--07 Frame manipulations completed
INFO:root:2021-07-26-15--19--07 Bounding Box Drawn
INFO:root:2021-07-26-15--19--07 MovingFrameQueue Popped
INFO:root:2021-07-26-15--19--07 anomallyFrameTracker resetted to 200
INFO:root:2021-07-26-15--19--07 Colour Conversion Completed
INFO:root:2021-07-26-15--19--07 Sleep Check Completed
INFO:root:2021-07-26-15--19--07 Frame manipulations completed
INFO:root:2021-07-26-15--19--07 Bounding Box Drawn
INFO:root:2021-07-26-15--19--07 MovingFrameQueue Appended
INFO:root:2021-07-26-15--19--07 anomallyFrameTracker resetted to 200
INFO:root:2021-07-26-15--19--07 Colour Conversion Completed
INFO:root:2021-07-26-15--19--07 Sleep Check Completed
INFO:root:2021-07-26-15--19--07 Frame manipulations completed
INFO:root:2021-07-26-15--19--07 Bounding Box Drawn
INFO:root:2021-07-26-15--19--07 MovingFrameQueue Popped
INFO:root:2021-07-26-15--19--07 anomallyFrameTracker resetted to 200
INFO:root:2021-07-26-15--19--07 Colour Conversion Completed
INFO:root:2021-07-26-15--19--07 Sleep Check Completed
INFO:root:2021-07-26-15--19--07 Frame manipulations completed
INFO:root:2021-07-26-15--19--07 Bounding Box Drawn
INFO:root:2021-07-26-15--19--08 MovingFrameQueue Appended
INFO:root:2021-07-26-15--19--08 anomallyFrameTracker resetted to 200
INFO:root:2021-07-26-15--19--08 Colour Conversion Completed
INFO:root:2021-07-26-15--19--08 Sleep Check Completed
INFO:root:2021-07-26-15--19--08 Frame manipulations completed
INFO:root:2021-07-26-15--19--08 Bounding Box Drawn
INFO:root:2021-07-26-15--19--08 MovingFrameQueue Popped
INFO:root:2021-07-26-15--19--08 anomallyFrameTracker resetted to 200
INFO:root:2021-07-26-15--19--08 Colour Conversion Completed
INFO:root:2021-07-26-15--19--08 Sleep Check Completed
INFO:root:2021-07-26-15--19--08 Frame manipulations completed
INFO:root:2021-07-26-15--19--08 Bounding Box Drawn
INFO:root:2021-07-26-15--19--08 MovingFrameQueue Appended
INFO:root:2021-07-26-15--19--08 anomallyFrameTracker resetted to 200
INFO:root:2021-07-26-15--19--08 Colour Conversion Completed
INFO:root:2021-07-26-15--19--08 Sleep Check Completed
INFO:root:2021-07-26-15--19--08 Frame manipulations completed
INFO:root:2021-07-26-15--19--08 Bounding Box Drawn
INFO:root:2021-07-26-15--19--08 MovingFrameQueue Popped
INFO:root:2021-07-26-15--19--08 anomallyFrameTracker resetted to 200
INFO:root:2021-07-26-15--19--08 Colour Conversion Completed
INFO:root:2021-07-26-15--19--08 Sleep Check Completed
INFO:root:2021-07-26-15--19--08 Frame manipulations completed
INFO:root:2021-07-26-15--19--08 Bounding Box Drawn
INFO:root:2021-07-26-15--19--08 MovingFrameQueue Appended
INFO:root:2021-07-26-15--19--08 anomallyFrameTracker resetted to 200
INFO:root:2021-07-26-15--19--08 Colour Conversion Completed
INFO:root:2021-07-26-15--19--08 Sleep Check Completed
INFO:root:2021-07-26-15--19--08 Frame manipulations completed
INFO:root:2021-07-26-15--19--08 Bounding Box Drawn
INFO:root:2021-07-26-15--19--08 MovingFrameQueue Popped
INFO:root:2021-07-26-15--19--08 anomallyFrameTracker resetted to 200
INFO:root:2021-07-26-15--19--08 Colour Conversion Completed
INFO:root:2021-07-26-15--19--08 Sleep Check Completed
INFO:root:2021-07-26-15--19--08 Frame manipulations completed
INFO:root:2021-07-26-15--19--08 Bounding Box Drawn
INFO:root:2021-07-26-15--19--09 MovingFrameQueue Appended
INFO:root:2021-07-26-15--19--09 anomallyFrameTracker resetted to 200
INFO:root:2021-07-26-15--19--09 Colour Conversion Completed
INFO:root:2021-07-26-15--19--09 Sleep Check Completed
INFO:root:2021-07-26-15--19--09 Frame manipulations completed
INFO:root:2021-07-26-15--19--09 Bounding Box Drawn
INFO:root:2021-07-26-15--19--09 MovingFrameQueue Popped
INFO:root:2021-07-26-15--19--09 anomallyFrameTracker resetted to 200
INFO:root:2021-07-26-15--19--09 Colour Conversion Completed
INFO:root:2021-07-26-15--19--09 Sleep Check Completed
INFO:root:2021-07-26-15--19--09 Frame manipulations completed
INFO:root:2021-07-26-15--19--09 Bounding Box Drawn
INFO:root:2021-07-26-15--19--09 MovingFrameQueue Appended
INFO:root:2021-07-26-15--19--09 anomallyFrameTracker resetted to 200
INFO:root:2021-07-26-15--19--09 Colour Conversion Completed
INFO:root:2021-07-26-15--19--09 Sleep Check Completed
INFO:root:2021-07-26-15--19--09 Frame manipulations completed
INFO:root:2021-07-26-15--19--09 Bounding Box Drawn
INFO:root:2021-07-26-15--19--09 MovingFrameQueue Popped
INFO:root:2021-07-26-15--19--09 anomallyFrameTracker resetted to 200
INFO:root:2021-07-26-15--19--09 Colour Conversion Completed
INFO:root:2021-07-26-15--19--09 Sleep Check Completed
INFO:root:2021-07-26-15--19--09 Frame manipulations completed
INFO:root:2021-07-26-15--19--09 Bounding Box Drawn
INFO:root:2021-07-26-15--19--09 MovingFrameQueue Appended
INFO:root:2021-07-26-15--19--09 anomallyFrameTracker resetted to 200
INFO:root:2021-07-26-15--19--09 Colour Conversion Completed
INFO:root:2021-07-26-15--19--09 Sleep Check Completed
INFO:root:2021-07-26-15--19--09 Frame manipulations completed
INFO:root:2021-07-26-15--19--09 Bounding Box Drawn
INFO:root:2021-07-26-15--19--09 MovingFrameQueue Popped
INFO:root:2021-07-26-15--19--09 anomallyFrameTracker resetted to 200
INFO:root:2021-07-26-15--19--09 Colour Conversion Completed
INFO:root:2021-07-26-15--19--09 Sleep Check Completed
INFO:root:2021-07-26-15--19--09 Frame manipulations completed
INFO:root:2021-07-26-15--19--09 Bounding Box Drawn
INFO:root:2021-07-26-15--19--09 MovingFrameQueue Appended
INFO:root:2021-07-26-15--19--09 anomallyFrameTracker resetted to 200
INFO:root:2021-07-26-15--19--09 Colour Conversion Completed
INFO:root:2021-07-26-15--19--09 Sleep Check Completed
INFO:root:2021-07-26-15--19--09 Frame manipulations completed
INFO:root:2021-07-26-15--19--09 Bounding Box Drawn
INFO:root:2021-07-26-15--19--10 MovingFrameQueue Popped
INFO:root:2021-07-26-15--19--10 anomallyFrameTracker resetted to 200
INFO:root:2021-07-26-15--19--10 Colour Conversion Completed
INFO:root:2021-07-26-15--19--10 Sleep Check Completed
INFO:root:2021-07-26-15--19--10 Frame manipulations completed
INFO:root:2021-07-26-15--19--10 Bounding Box Drawn
INFO:root:2021-07-26-15--19--10 MovingFrameQueue Appended
INFO:root:2021-07-26-15--19--10 anomallyFrameTracker resetted to 200
INFO:root:2021-07-26-15--19--10 Colour Conversion Completed
INFO:root:2021-07-26-15--19--10 Sleep Check Completed
INFO:root:2021-07-26-15--19--10 Frame manipulations completed
INFO:root:2021-07-26-15--19--10 Bounding Box Drawn
INFO:root:2021-07-26-15--19--10 MovingFrameQueue Popped
INFO:root:2021-07-26-15--19--10 anomallyFrameTracker resetted to 200
INFO:root:2021-07-26-15--19--10 Colour Conversion Completed
INFO:root:2021-07-26-15--19--10 Sleep Check Completed
INFO:root:2021-07-26-15--19--10 Frame manipulations completed
INFO:root:2021-07-26-15--19--10 Bounding Box Drawn
INFO:root:2021-07-26-15--19--10 MovingFrameQueue Appended
INFO:root:2021-07-26-15--19--10 anomallyFrameTracker resetted to 200
INFO:root:2021-07-26-15--19--10 Colour Conversion Completed
INFO:root:2021-07-26-15--19--10 Sleep Check Completed
INFO:root:2021-07-26-15--19--10 Frame manipulations completed
INFO:root:2021-07-26-15--19--10 Bounding Box Drawn
INFO:root:2021-07-26-15--19--10 MovingFrameQueue Popped
INFO:root:2021-07-26-15--19--10 anomallyFrameTracker resetted to 200
INFO:root:2021-07-26-15--19--10 Colour Conversion Completed
INFO:root:2021-07-26-15--19--10 Sleep Check Completed
INFO:root:2021-07-26-15--19--10 Frame manipulations completed
INFO:root:2021-07-26-15--19--10 Bounding Box Drawn
INFO:root:2021-07-26-15--19--10 MovingFrameQueue Appended
INFO:root:2021-07-26-15--19--10 anomallyFrameTracker resetted to 200
INFO:root:2021-07-26-15--19--10 Colour Conversion Completed
INFO:root:2021-07-26-15--19--10 Sleep Check Completed
INFO:root:2021-07-26-15--19--10 Frame manipulations completed
INFO:root:2021-07-26-15--19--10 Bounding Box Drawn
INFO:root:2021-07-26-15--19--11 MovingFrameQueue Popped
INFO:root:2021-07-26-15--19--11 anomallyFrameTracker resetted to 200
INFO:root:2021-07-26-15--19--11 Colour Conversion Completed
INFO:root:2021-07-26-15--19--11 Sleep Check Completed
INFO:root:2021-07-26-15--19--11 Frame manipulations completed
INFO:root:2021-07-26-15--19--11 Bounding Box Drawn
INFO:root:2021-07-26-15--19--11 MovingFrameQueue Appended
INFO:root:2021-07-26-15--19--11 anomallyFrameTracker resetted to 200
INFO:root:2021-07-26-15--19--11 Colour Conversion Completed
INFO:root:2021-07-26-15--19--11 Sleep Check Completed
INFO:root:2021-07-26-15--19--11 Frame manipulations completed
INFO:root:2021-07-26-15--19--11 Bounding Box Drawn
INFO:root:2021-07-26-15--19--11 MovingFrameQueue Popped
INFO:root:2021-07-26-15--19--11 anomallyFrameTracker resetted to 200
INFO:root:2021-07-26-15--19--11 Colour Conversion Completed
INFO:root:2021-07-26-15--19--11 Sleep Check Completed
INFO:root:2021-07-26-15--19--11 Frame manipulations completed
INFO:root:2021-07-26-15--19--11 Bounding Box Drawn
INFO:root:2021-07-26-15--19--11 MovingFrameQueue Appended
INFO:root:2021-07-26-15--19--11 anomallyFrameTracker resetted to 200
INFO:root:2021-07-26-15--19--11 Colour Conversion Completed
INFO:root:2021-07-26-15--19--11 Sleep Check Completed
INFO:root:2021-07-26-15--19--11 Frame manipulations completed
INFO:root:2021-07-26-15--19--11 Bounding Box Drawn
INFO:root:2021-07-26-15--19--11 MovingFrameQueue Popped
INFO:root:2021-07-26-15--19--11 anomallyFrameTracker resetted to 200
INFO:root:2021-07-26-15--19--11 Colour Conversion Completed
INFO:root:2021-07-26-15--19--11 Sleep Check Completed
INFO:root:2021-07-26-15--19--11 Frame manipulations completed
INFO:root:2021-07-26-15--19--11 Bounding Box Drawn
INFO:root:2021-07-26-15--19--11 MovingFrameQueue Appended
INFO:root:2021-07-26-15--19--11 anomallyFrameTracker resetted to 200
INFO:root:2021-07-26-15--19--11 Colour Conversion Completed
INFO:root:2021-07-26-15--19--11 Sleep Check Completed
INFO:root:2021-07-26-15--19--11 Frame manipulations completed
INFO:root:2021-07-26-15--19--11 Bounding Box Drawn
INFO:root:2021-07-26-15--19--12 MovingFrameQueue Popped
INFO:root:2021-07-26-15--19--12 anomallyFrameTracker resetted to 200
INFO:root:2021-07-26-15--19--12 Colour Conversion Completed
INFO:root:2021-07-26-15--19--12 Sleep Check Completed
INFO:root:2021-07-26-15--19--12 Frame manipulations completed
INFO:root:2021-07-26-15--19--12 Bounding Box Drawn
INFO:root:2021-07-26-15--19--12 MovingFrameQueue Appended
INFO:root:2021-07-26-15--19--12 anomallyFrameTracker resetted to 200
INFO:root:2021-07-26-15--19--12 Colour Conversion Completed
INFO:root:2021-07-26-15--19--12 Sleep Check Completed
INFO:root:2021-07-26-15--19--12 Frame manipulations completed
INFO:root:2021-07-26-15--19--12 Bounding Box Drawn
INFO:root:2021-07-26-15--19--12 MovingFrameQueue Popped
INFO:root:2021-07-26-15--19--12 anomallyFrameTracker resetted to 200
INFO:root:2021-07-26-15--19--12 Colour Conversion Completed
INFO:root:2021-07-26-15--19--12 Sleep Check Completed
INFO:root:2021-07-26-15--19--12 Frame manipulations completed
INFO:root:2021-07-26-15--19--12 Bounding Box Drawn
INFO:root:2021-07-26-15--19--12 MovingFrameQueue Appended
INFO:root:2021-07-26-15--19--12 anomallyFrameTracker resetted to 200
INFO:root:2021-07-26-15--19--12 Colour Conversion Completed
INFO:root:2021-07-26-15--19--12 Sleep Check Completed
INFO:root:2021-07-26-15--19--12 Frame manipulations completed
INFO:root:2021-07-26-15--19--12 Bounding Box Drawn
INFO:root:2021-07-26-15--19--12 MovingFrameQueue Popped
INFO:root:2021-07-26-15--19--12 anomallyFrameTracker resetted to 200
INFO:root:2021-07-26-15--19--12 Colour Conversion Completed
INFO:root:2021-07-26-15--19--12 Sleep Check Completed
INFO:root:2021-07-26-15--19--12 Frame manipulations completed
INFO:root:2021-07-26-15--19--12 Bounding Box Drawn
INFO:root:2021-07-26-15--19--12 MovingFrameQueue Appended
INFO:root:2021-07-26-15--19--12 anomallyFrameTracker resetted to 200
INFO:root:2021-07-26-15--19--12 Colour Conversion Completed
INFO:root:2021-07-26-15--19--12 Sleep Check Completed
INFO:root:2021-07-26-15--19--12 Frame manipulations completed
INFO:root:2021-07-26-15--19--12 Bounding Box Drawn
INFO:root:2021-07-26-15--19--12 MovingFrameQueue Popped
INFO:root:2021-07-26-15--19--12 anomallyFrameTracker resetted to 200
INFO:root:2021-07-26-15--19--12 Colour Conversion Completed
INFO:root:2021-07-26-15--19--12 Sleep Check Completed
INFO:root:2021-07-26-15--19--12 Frame manipulations completed
INFO:root:2021-07-26-15--19--12 Bounding Box Drawn
INFO:root:2021-07-26-15--19--13 MovingFrameQueue Appended
INFO:root:2021-07-26-15--19--13 anomallyFrameTracker resetted to 200
INFO:root:2021-07-26-15--19--13 Colour Conversion Completed
INFO:root:2021-07-26-15--19--13 Sleep Check Completed
INFO:root:2021-07-26-15--19--13 Frame manipulations completed
INFO:root:2021-07-26-15--19--13 Bounding Box Drawn
INFO:root:2021-07-26-15--19--13 MovingFrameQueue Popped
INFO:root:2021-07-26-15--19--13 anomallyFrameTracker resetted to 200
INFO:root:2021-07-26-15--19--13 Colour Conversion Completed
INFO:root:2021-07-26-15--19--13 Sleep Check Completed
INFO:root:2021-07-26-15--19--13 Frame manipulations completed
INFO:root:2021-07-26-15--19--13 Bounding Box Drawn
INFO:root:2021-07-26-15--19--13 MovingFrameQueue Appended
INFO:root:2021-07-26-15--19--13 anomallyFrameTracker resetted to 200
INFO:root:2021-07-26-15--19--13 Colour Conversion Completed
INFO:root:2021-07-26-15--19--13 Sleep Check Completed
INFO:root:2021-07-26-15--19--13 Frame manipulations completed
INFO:root:2021-07-26-15--19--13 Bounding Box Drawn
INFO:root:2021-07-26-15--19--13 MovingFrameQueue Popped
INFO:root:2021-07-26-15--19--13 anomallyFrameTracker resetted to 200
INFO:root:2021-07-26-15--19--13 Colour Conversion Completed
INFO:root:2021-07-26-15--19--13 Sleep Check Completed
INFO:root:2021-07-26-15--19--13 Frame manipulations completed
INFO:root:2021-07-26-15--19--13 Bounding Box Drawn
INFO:root:2021-07-26-15--19--13 MovingFrameQueue Appended
INFO:root:2021-07-26-15--19--13 anomallyFrameTracker resetted to 200
INFO:root:2021-07-26-15--19--13 Colour Conversion Completed
INFO:root:2021-07-26-15--19--13 Sleep Check Completed
INFO:root:2021-07-26-15--19--13 Frame manipulations completed
INFO:root:2021-07-26-15--19--13 Bounding Box Drawn
INFO:root:2021-07-26-15--19--13 MovingFrameQueue Popped
INFO:root:2021-07-26-15--19--13 anomallyFrameTracker resetted to 200
INFO:root:2021-07-26-15--19--13 Colour Conversion Completed
INFO:root:2021-07-26-15--19--13 Sleep Check Completed
INFO:root:2021-07-26-15--19--13 Frame manipulations completed
INFO:root:2021-07-26-15--19--13 Bounding Box Drawn
INFO:root:2021-07-26-15--19--14 MovingFrameQueue Appended
INFO:root:2021-07-26-15--19--14 anomallyFrameTracker resetted to 200
INFO:root:2021-07-26-15--19--14 Colour Conversion Completed
INFO:root:2021-07-26-15--19--14 Sleep Check Completed
INFO:root:2021-07-26-15--19--14 Frame manipulations completed
INFO:root:2021-07-26-15--19--14 Bounding Box Drawn
INFO:root:2021-07-26-15--19--14 MovingFrameQueue Popped
INFO:root:2021-07-26-15--19--14 anomallyFrameTracker resetted to 200
INFO:root:2021-07-26-15--19--14 Colour Conversion Completed
INFO:root:2021-07-26-15--19--14 Sleep Check Completed
INFO:root:2021-07-26-15--19--14 Frame manipulations completed
INFO:root:2021-07-26-15--19--14 Bounding Box Drawn
INFO:root:2021-07-26-15--19--14 MovingFrameQueue Appended
INFO:root:2021-07-26-15--19--14 anomallyFrameTracker resetted to 200
INFO:root:2021-07-26-15--19--14 Colour Conversion Completed
INFO:root:2021-07-26-15--19--14 Sleep Check Completed
INFO:root:2021-07-26-15--19--14 Frame manipulations completed
INFO:root:2021-07-26-15--19--14 Bounding Box Drawn
INFO:root:2021-07-26-15--19--14 MovingFrameQueue Popped
INFO:root:2021-07-26-15--19--14 anomallyFrameTracker resetted to 200
INFO:root:2021-07-26-15--19--14 Colour Conversion Completed
INFO:root:2021-07-26-15--19--14 Sleep Check Completed
INFO:root:2021-07-26-15--19--14 Frame manipulations completed
INFO:root:2021-07-26-15--19--14 Bounding Box Drawn
INFO:root:2021-07-26-15--19--14 MovingFrameQueue Appended
INFO:root:2021-07-26-15--19--14 anomallyFrameTracker resetted to 200
INFO:root:2021-07-26-15--19--14 Colour Conversion Completed
INFO:root:2021-07-26-15--19--14 Sleep Check Completed
INFO:root:2021-07-26-15--19--14 Frame manipulations completed
INFO:root:2021-07-26-15--19--14 Bounding Box Drawn
INFO:root:2021-07-26-15--19--14 MovingFrameQueue Popped
INFO:root:2021-07-26-15--19--14 anomallyFrameTracker resetted to 200
INFO:root:2021-07-26-15--19--14 Colour Conversion Completed
INFO:root:2021-07-26-15--19--14 Sleep Check Completed
INFO:root:2021-07-26-15--19--14 Frame manipulations completed
INFO:root:2021-07-26-15--19--14 Bounding Box Drawn
INFO:root:2021-07-26-15--19--14 MovingFrameQueue Appended
INFO:root:2021-07-26-15--19--14 anomallyFrameTracker resetted to 200
INFO:root:2021-07-26-15--19--14 Colour Conversion Completed
INFO:root:2021-07-26-15--19--15 Sleep Check Completed
INFO:root:2021-07-26-15--19--15 Frame manipulations completed
INFO:root:2021-07-26-15--19--15 Bounding Box Drawn
INFO:root:2021-07-26-15--19--15 MovingFrameQueue Popped
INFO:root:2021-07-26-15--19--15 anomallyFrameTracker resetted to 200
INFO:root:2021-07-26-15--19--15 Colour Conversion Completed
INFO:root:2021-07-26-15--19--15 Sleep Check Completed
INFO:root:2021-07-26-15--19--15 Frame manipulations completed
INFO:root:2021-07-26-15--19--15 Bounding Box Drawn
INFO:root:2021-07-26-15--19--15 MovingFrameQueue Appended
INFO:root:2021-07-26-15--19--15 anomallyFrameTracker resetted to 200
INFO:root:2021-07-26-15--19--15 Colour Conversion Completed
INFO:root:2021-07-26-15--19--15 Sleep Check Completed
INFO:root:2021-07-26-15--19--15 Frame manipulations completed
INFO:root:2021-07-26-15--19--15 Bounding Box Drawn
INFO:root:2021-07-26-15--19--15 MovingFrameQueue Popped
INFO:root:2021-07-26-15--19--15 anomallyFrameTracker resetted to 200
INFO:root:2021-07-26-15--19--15 Colour Conversion Completed
INFO:root:2021-07-26-15--19--15 Sleep Check Completed
INFO:root:2021-07-26-15--19--15 Frame manipulations completed
INFO:root:2021-07-26-15--19--15 Bounding Box Drawn
INFO:root:2021-07-26-15--19--15 MovingFrameQueue Appended
INFO:root:2021-07-26-15--19--15 anomallyFrameTracker resetted to 200
INFO:root:2021-07-26-15--19--15 Colour Conversion Completed
INFO:root:2021-07-26-15--19--15 Sleep Check Completed
INFO:root:2021-07-26-15--19--15 Frame manipulations completed
INFO:root:2021-07-26-15--19--15 Bounding Box Drawn
INFO:root:2021-07-26-15--19--15 MovingFrameQueue Popped
INFO:root:2021-07-26-15--19--15 anomallyFrameTracker resetted to 200
INFO:root:2021-07-26-15--19--15 Colour Conversion Completed
INFO:root:2021-07-26-15--19--15 Sleep Check Completed
INFO:root:2021-07-26-15--19--15 Frame manipulations completed
INFO:root:2021-07-26-15--19--15 Bounding Box Drawn
INFO:root:2021-07-26-15--19--15 MovingFrameQueue Appended
INFO:root:2021-07-26-15--19--15 anomallyFrameTracker resetted to 200
INFO:root:2021-07-26-15--19--15 Colour Conversion Completed
INFO:root:2021-07-26-15--19--15 Sleep Check Completed
INFO:root:2021-07-26-15--19--15 Frame manipulations completed
INFO:root:2021-07-26-15--19--15 Bounding Box Drawn
INFO:root:2021-07-26-15--19--16 MovingFrameQueue Popped
INFO:root:2021-07-26-15--19--16 anomallyFrameTracker resetted to 200
INFO:root:2021-07-26-15--19--16 Colour Conversion Completed
INFO:root:2021-07-26-15--19--16 Sleep Check Completed
INFO:root:2021-07-26-15--19--16 Frame manipulations completed
INFO:root:2021-07-26-15--19--16 Bounding Box Drawn
INFO:root:2021-07-26-15--19--16 MovingFrameQueue Appended
INFO:root:2021-07-26-15--19--16 anomallyFrameTracker resetted to 200
INFO:root:2021-07-26-15--19--16 Colour Conversion Completed
INFO:root:2021-07-26-15--19--16 Sleep Check Completed
INFO:root:2021-07-26-15--19--16 Frame manipulations completed
INFO:root:2021-07-26-15--19--16 Bounding Box Drawn
INFO:root:2021-07-26-15--19--16 MovingFrameQueue Popped
INFO:root:2021-07-26-15--19--16 anomallyFrameTracker resetted to 200
INFO:root:2021-07-26-15--19--16 Colour Conversion Completed
INFO:root:2021-07-26-15--19--16 Sleep Check Completed
INFO:root:2021-07-26-15--19--16 Frame manipulations completed
INFO:root:2021-07-26-15--19--16 Bounding Box Drawn
INFO:root:2021-07-26-15--19--16 MovingFrameQueue Appended
INFO:root:2021-07-26-15--19--16 anomallyFrameTracker resetted to 200
INFO:root:2021-07-26-15--19--16 Colour Conversion Completed
INFO:root:2021-07-26-15--19--16 Sleep Check Completed
INFO:root:2021-07-26-15--19--16 Frame manipulations completed
INFO:root:2021-07-26-15--19--16 Bounding Box Drawn
INFO:root:2021-07-26-15--19--16 MovingFrameQueue Popped
INFO:root:2021-07-26-15--19--16 anomallyFrameTracker resetted to 200
INFO:root:2021-07-26-15--19--16 Colour Conversion Completed
INFO:root:2021-07-26-15--19--16 Sleep Check Completed
INFO:root:2021-07-26-15--19--16 Frame manipulations completed
INFO:root:2021-07-26-15--19--16 Bounding Box Drawn
INFO:root:2021-07-26-15--19--16 MovingFrameQueue Appended
INFO:root:2021-07-26-15--19--16 anomallyFrameTracker resetted to 200
INFO:root:2021-07-26-15--19--16 Colour Conversion Completed
INFO:root:2021-07-26-15--19--16 Sleep Check Completed
INFO:root:2021-07-26-15--19--16 Frame manipulations completed
INFO:root:2021-07-26-15--19--16 Bounding Box Drawn
INFO:root:2021-07-26-15--19--17 MovingFrameQueue Popped
INFO:root:2021-07-26-15--19--17 anomallyFrameTracker resetted to 200
INFO:root:2021-07-26-15--19--17 Colour Conversion Completed
INFO:root:2021-07-26-15--19--17 Sleep Check Completed
INFO:root:2021-07-26-15--19--17 Frame manipulations completed
INFO:root:2021-07-26-15--19--17 Bounding Box Drawn
INFO:root:2021-07-26-15--19--17 MovingFrameQueue Appended
INFO:root:2021-07-26-15--19--17 anomallyFrameTracker resetted to 200
INFO:root:2021-07-26-15--19--17 Colour Conversion Completed
INFO:root:2021-07-26-15--19--17 Sleep Check Completed
INFO:root:2021-07-26-15--19--17 Frame manipulations completed
INFO:root:2021-07-26-15--19--17 Bounding Box Drawn
INFO:root:2021-07-26-15--19--17 MovingFrameQueue Popped
INFO:root:2021-07-26-15--19--17 anomallyFrameTracker resetted to 200
INFO:root:2021-07-26-15--19--17 Colour Conversion Completed
INFO:root:2021-07-26-15--19--17 Sleep Check Completed
INFO:root:2021-07-26-15--19--17 Frame manipulations completed
INFO:root:2021-07-26-15--19--17 Bounding Box Drawn
INFO:root:2021-07-26-15--19--17 MovingFrameQueue Appended
INFO:root:2021-07-26-15--19--17 anomallyFrameTracker resetted to 200
INFO:root:2021-07-26-15--19--17 Colour Conversion Completed
INFO:root:2021-07-26-15--19--17 Sleep Check Completed
INFO:root:2021-07-26-15--19--17 Frame manipulations completed
INFO:root:2021-07-26-15--19--17 Bounding Box Drawn
INFO:root:2021-07-26-15--19--17 MovingFrameQueue Popped
INFO:root:2021-07-26-15--19--17 anomallyFrameTracker resetted to 200
INFO:root:2021-07-26-15--19--17 Colour Conversion Completed
INFO:root:2021-07-26-15--19--17 Sleep Check Completed
INFO:root:2021-07-26-15--19--17 Frame manipulations completed
INFO:root:2021-07-26-15--19--17 Bounding Box Drawn
INFO:root:2021-07-26-15--19--17 MovingFrameQueue Appended
INFO:root:2021-07-26-15--19--17 anomallyFrameTracker resetted to 200
INFO:root:2021-07-26-15--19--17 Colour Conversion Completed
INFO:root:2021-07-26-15--19--17 Sleep Check Completed
INFO:root:2021-07-26-15--19--17 Frame manipulations completed
INFO:root:2021-07-26-15--19--17 Bounding Box Drawn
INFO:root:2021-07-26-15--19--18 MovingFrameQueue Popped
INFO:root:2021-07-26-15--19--18 anomallyFrameTracker resetted to 200
INFO:root:2021-07-26-15--19--18 Colour Conversion Completed
INFO:root:2021-07-26-15--19--18 Sleep Check Completed
INFO:root:2021-07-26-15--19--18 Frame manipulations completed
INFO:root:2021-07-26-15--19--18 Bounding Box Drawn
INFO:root:2021-07-26-15--19--18 MovingFrameQueue Appended
INFO:root:2021-07-26-15--19--18 anomallyFrameTracker resetted to 200
INFO:root:2021-07-26-15--19--18 Colour Conversion Completed
INFO:root:2021-07-26-15--19--18 Sleep Check Completed
INFO:root:2021-07-26-15--19--18 Frame manipulations completed
INFO:root:2021-07-26-15--19--18 Bounding Box Drawn
INFO:root:2021-07-26-15--19--18 MovingFrameQueue Popped
INFO:root:2021-07-26-15--19--18 anomallyFrameTracker resetted to 200
INFO:root:2021-07-26-15--19--18 Colour Conversion Completed
INFO:root:2021-07-26-15--19--18 Sleep Check Completed
INFO:root:2021-07-26-15--19--18 Frame manipulations completed
INFO:root:2021-07-26-15--19--18 Bounding Box Drawn
INFO:root:2021-07-26-15--19--18 MovingFrameQueue Appended
INFO:root:2021-07-26-15--19--18 anomallyFrameTracker resetted to 200
INFO:root:2021-07-26-15--19--18 Colour Conversion Completed
INFO:root:2021-07-26-15--19--18 Sleep Check Completed
INFO:root:2021-07-26-15--19--18 Frame manipulations completed
INFO:root:2021-07-26-15--19--18 Bounding Box Drawn
INFO:root:2021-07-26-15--19--18 MovingFrameQueue Popped
INFO:root:2021-07-26-15--19--18 anomallyFrameTracker resetted to 200
INFO:root:2021-07-26-15--19--18 Colour Conversion Completed
INFO:root:2021-07-26-15--19--18 Sleep Check Completed
INFO:root:2021-07-26-15--19--18 Frame manipulations completed
INFO:root:2021-07-26-15--19--18 Bounding Box Drawn
INFO:root:2021-07-26-15--19--18 MovingFrameQueue Appended
INFO:root:2021-07-26-15--19--18 anomallyFrameTracker resetted to 200
INFO:root:2021-07-26-15--19--18 Colour Conversion Completed
INFO:root:2021-07-26-15--19--18 Sleep Check Completed
INFO:root:2021-07-26-15--19--18 Frame manipulations completed
INFO:root:2021-07-26-15--19--18 Bounding Box Drawn
INFO:root:2021-07-26-15--19--19 MovingFrameQueue Popped
INFO:root:2021-07-26-15--19--19 anomallyFrameTracker resetted to 200
INFO:root:2021-07-26-15--19--19 Colour Conversion Completed
INFO:root:2021-07-26-15--19--19 Sleep Check Completed
INFO:root:2021-07-26-15--19--19 Frame manipulations completed
INFO:root:2021-07-26-15--19--19 Bounding Box Drawn
INFO:root:2021-07-26-15--19--19 MovingFrameQueue Appended
INFO:root:2021-07-26-15--19--19 anomallyFrameTracker resetted to 200
INFO:root:2021-07-26-15--19--19 Colour Conversion Completed
INFO:root:2021-07-26-15--19--19 Sleep Check Completed
INFO:root:2021-07-26-15--19--19 Frame manipulations completed
INFO:root:2021-07-26-15--19--19 Bounding Box Drawn
INFO:root:2021-07-26-15--19--19 MovingFrameQueue Popped
INFO:root:2021-07-26-15--19--19 anomallyFrameTracker resetted to 200
INFO:root:2021-07-26-15--19--19 Colour Conversion Completed
INFO:root:2021-07-26-15--19--19 Sleep Check Completed
INFO:root:2021-07-26-15--19--19 Frame manipulations completed
INFO:root:2021-07-26-15--19--19 Bounding Box Drawn
INFO:root:2021-07-26-15--19--19 MovingFrameQueue Appended
INFO:root:2021-07-26-15--19--19 anomallyFrameTracker resetted to 200
INFO:root:2021-07-26-15--19--19 Colour Conversion Completed
INFO:root:2021-07-26-15--19--19 Sleep Check Completed
INFO:root:2021-07-26-15--19--19 Frame manipulations completed
INFO:root:2021-07-26-15--19--19 Bounding Box Drawn
INFO:root:2021-07-26-15--19--19 MovingFrameQueue Popped
INFO:root:2021-07-26-15--19--19 anomallyFrameTracker resetted to 200
INFO:root:2021-07-26-15--19--19 Colour Conversion Completed
INFO:root:2021-07-26-15--19--19 Sleep Check Completed
INFO:root:2021-07-26-15--19--19 Frame manipulations completed
INFO:root:2021-07-26-15--19--19 Bounding Box Drawn
INFO:root:2021-07-26-15--19--19 MovingFrameQueue Appended
INFO:root:2021-07-26-15--19--19 anomallyFrameTracker resetted to 200
INFO:root:2021-07-26-15--19--19 Colour Conversion Completed
INFO:root:2021-07-26-15--19--19 Sleep Check Completed
INFO:root:2021-07-26-15--19--19 Frame manipulations completed
INFO:root:2021-07-26-15--19--19 Bounding Box Drawn
INFO:root:2021-07-26-15--19--20 MovingFrameQueue Popped
INFO:root:2021-07-26-15--19--20 anomallyFrameTracker resetted to 200
INFO:root:2021-07-26-15--19--20 Colour Conversion Completed
INFO:root:2021-07-26-15--19--20 Sleep Check Completed
INFO:root:2021-07-26-15--19--20 Frame manipulations completed
INFO:root:2021-07-26-15--19--20 Bounding Box Drawn
INFO:root:2021-07-26-15--19--20 MovingFrameQueue Appended
INFO:root:2021-07-26-15--19--20 anomallyFrameTracker resetted to 200
INFO:root:2021-07-26-15--19--20 Colour Conversion Completed
INFO:root:2021-07-26-15--19--20 Sleep Check Completed
INFO:root:2021-07-26-15--19--20 Frame manipulations completed
INFO:root:2021-07-26-15--19--20 Bounding Box Drawn
INFO:root:2021-07-26-15--19--20 MovingFrameQueue Popped
INFO:root:2021-07-26-15--19--20 anomallyFrameTracker resetted to 200
INFO:root:2021-07-26-15--19--20 Colour Conversion Completed
INFO:root:2021-07-26-15--19--20 Sleep Check Completed
INFO:root:2021-07-26-15--19--20 Frame manipulations completed
INFO:root:2021-07-26-15--19--20 Bounding Box Drawn
INFO:root:2021-07-26-15--19--20 MovingFrameQueue Appended
INFO:root:2021-07-26-15--19--20 anomallyFrameTracker resetted to 200
INFO:root:2021-07-26-15--19--20 Colour Conversion Completed
INFO:root:2021-07-26-15--19--20 Sleep Check Completed
INFO:root:2021-07-26-15--19--20 Frame manipulations completed
INFO:root:2021-07-26-15--19--20 Bounding Box Drawn
INFO:root:2021-07-26-15--19--20 MovingFrameQueue Popped
INFO:root:2021-07-26-15--19--20 anomallyFrameTracker resetted to 200
INFO:root:2021-07-26-15--19--20 Colour Conversion Completed
INFO:root:2021-07-26-15--19--20 Sleep Check Completed
INFO:root:2021-07-26-15--19--20 Frame manipulations completed
INFO:root:2021-07-26-15--19--20 Bounding Box Drawn
INFO:root:2021-07-26-15--19--20 MovingFrameQueue Appended
INFO:root:2021-07-26-15--19--20 anomallyFrameTracker resetted to 200
INFO:root:2021-07-26-15--19--20 Colour Conversion Completed
INFO:root:2021-07-26-15--19--20 Sleep Check Completed
INFO:root:2021-07-26-15--19--20 Frame manipulations completed
INFO:root:2021-07-26-15--19--20 Bounding Box Drawn
INFO:root:2021-07-26-15--19--20 MovingFrameQueue Popped
INFO:root:2021-07-26-15--19--20 anomallyFrameTracker resetted to 200
INFO:root:2021-07-26-15--19--20 Colour Conversion Completed
INFO:root:2021-07-26-15--19--21 Sleep Check Completed
INFO:root:2021-07-26-15--19--21 Frame manipulations completed
INFO:root:2021-07-26-15--19--21 Bounding Box Drawn
INFO:root:2021-07-26-15--19--21 MovingFrameQueue Appended
INFO:root:2021-07-26-15--19--21 anomallyFrameTracker resetted to 200
INFO:root:2021-07-26-15--19--21 Colour Conversion Completed
INFO:root:2021-07-26-15--19--21 Sleep Check Completed
INFO:root:2021-07-26-15--19--21 Frame manipulations completed
INFO:root:2021-07-26-15--19--21 Bounding Box Drawn
INFO:root:2021-07-26-15--19--21 MovingFrameQueue Popped
INFO:root:2021-07-26-15--19--21 anomallyFrameTracker resetted to 200
INFO:root:2021-07-26-15--19--21 Colour Conversion Completed
INFO:root:2021-07-26-15--19--21 Sleep Check Completed
INFO:root:2021-07-26-15--19--21 Frame manipulations completed
INFO:root:2021-07-26-15--19--21 Bounding Box Drawn
INFO:root:2021-07-26-15--19--21 MovingFrameQueue Appended
INFO:root:2021-07-26-15--19--21 anomallyFrameTracker resetted to 200
INFO:root:2021-07-26-15--19--21 Colour Conversion Completed
INFO:root:2021-07-26-15--19--21 Sleep Check Completed
INFO:root:2021-07-26-15--19--21 Frame manipulations completed
INFO:root:2021-07-26-15--19--21 Bounding Box Drawn
INFO:root:2021-07-26-15--19--21 MovingFrameQueue Popped
INFO:root:2021-07-26-15--19--21 anomallyFrameTracker resetted to 200
INFO:root:2021-07-26-15--19--21 Colour Conversion Completed
INFO:root:2021-07-26-15--19--21 Sleep Check Completed
INFO:root:2021-07-26-15--19--21 Frame manipulations completed
INFO:root:2021-07-26-15--19--21 Bounding Box Drawn
INFO:root:2021-07-26-15--19--21 MovingFrameQueue Appended
INFO:root:2021-07-26-15--19--21 anomallyFrameTracker resetted to 200
INFO:root:2021-07-26-15--19--21 Colour Conversion Completed
INFO:root:2021-07-26-15--19--21 Sleep Check Completed
INFO:root:2021-07-26-15--19--21 Frame manipulations completed
INFO:root:2021-07-26-15--19--21 Bounding Box Drawn
INFO:root:2021-07-26-15--19--21 MovingFrameQueue Popped
INFO:root:2021-07-26-15--19--21 anomallyFrameTracker resetted to 200
INFO:root:2021-07-26-15--19--21 Colour Conversion Completed
INFO:root:2021-07-26-15--19--21 Sleep Check Completed
INFO:root:2021-07-26-15--19--21 Frame manipulations completed
INFO:root:2021-07-26-15--19--21 Bounding Box Drawn
INFO:root:2021-07-26-15--19--22 MovingFrameQueue Appended
INFO:root:2021-07-26-15--19--22 anomallyFrameTracker resetted to 200
INFO:root:2021-07-26-15--19--22 Colour Conversion Completed
INFO:root:2021-07-26-15--19--22 Sleep Check Completed
INFO:root:2021-07-26-15--19--22 Frame manipulations completed
INFO:root:2021-07-26-15--19--22 Bounding Box Drawn
INFO:root:2021-07-26-15--19--22 MovingFrameQueue Popped
INFO:root:2021-07-26-15--19--22 anomallyFrameTracker resetted to 200
INFO:root:2021-07-26-15--19--22 Colour Conversion Completed
INFO:root:2021-07-26-15--19--22 Sleep Check Completed
INFO:root:2021-07-26-15--19--22 Frame manipulations completed
INFO:root:2021-07-26-15--19--22 Bounding Box Drawn
INFO:root:2021-07-26-15--19--22 MovingFrameQueue Appended
INFO:root:2021-07-26-15--19--22 anomallyFrameTracker resetted to 200
INFO:root:2021-07-26-15--19--22 Colour Conversion Completed
INFO:root:2021-07-26-15--19--22 Sleep Check Completed
INFO:root:2021-07-26-15--19--22 Frame manipulations completed
INFO:root:2021-07-26-15--19--22 Bounding Box Drawn
INFO:root:2021-07-26-15--19--22 MovingFrameQueue Popped
INFO:root:2021-07-26-15--19--22 anomallyFrameTracker resetted to 200
INFO:root:2021-07-26-15--19--22 Colour Conversion Completed
INFO:root:2021-07-26-15--19--22 Sleep Check Completed
INFO:root:2021-07-26-15--19--22 Frame manipulations completed
INFO:root:2021-07-26-15--19--22 Bounding Box Drawn
INFO:root:2021-07-26-15--19--22 MovingFrameQueue Appended
INFO:root:2021-07-26-15--19--22 anomallyFrameTracker resetted to 200
INFO:root:2021-07-26-15--19--22 Colour Conversion Completed
INFO:root:2021-07-26-15--19--22 Sleep Check Completed
INFO:root:2021-07-26-15--19--22 Frame manipulations completed
INFO:root:2021-07-26-15--19--22 Bounding Box Drawn
INFO:root:2021-07-26-15--19--22 MovingFrameQueue Popped
INFO:root:2021-07-26-15--19--22 anomallyFrameTracker resetted to 200
INFO:root:2021-07-26-15--19--22 Colour Conversion Completed
INFO:root:2021-07-26-15--19--22 Sleep Check Completed
INFO:root:2021-07-26-15--19--22 Frame manipulations completed
INFO:root:2021-07-26-15--19--22 Bounding Box Drawn
INFO:root:2021-07-26-15--19--22 MovingFrameQueue Appended
INFO:root:2021-07-26-15--19--22 anomallyFrameTracker resetted to 200
INFO:root:2021-07-26-15--19--22 Colour Conversion Completed
INFO:root:2021-07-26-15--19--22 Sleep Check Completed
INFO:root:2021-07-26-15--19--22 Frame manipulations completed
INFO:root:2021-07-26-15--19--22 Bounding Box Drawn
INFO:root:2021-07-26-15--19--23 MovingFrameQueue Popped
INFO:root:2021-07-26-15--19--23 anomallyFrameTracker resetted to 200
INFO:root:2021-07-26-15--19--23 Colour Conversion Completed
INFO:root:2021-07-26-15--19--23 Sleep Check Completed
INFO:root:2021-07-26-15--19--23 Frame manipulations completed
INFO:root:2021-07-26-15--19--23 Bounding Box Drawn
INFO:root:2021-07-26-15--19--23 MovingFrameQueue Appended
INFO:root:2021-07-26-15--19--23 anomallyFrameTracker resetted to 200
INFO:root:2021-07-26-15--19--23 Colour Conversion Completed
INFO:root:2021-07-26-15--19--23 Sleep Check Completed
INFO:root:2021-07-26-15--19--23 Frame manipulations completed
INFO:root:2021-07-26-15--19--23 Bounding Box Drawn
INFO:root:2021-07-26-15--19--23 MovingFrameQueue Popped
INFO:root:2021-07-26-15--19--23 anomallyFrameTracker resetted to 200
INFO:root:2021-07-26-15--19--23 Colour Conversion Completed
INFO:root:2021-07-26-15--19--23 Sleep Check Completed
INFO:root:2021-07-26-15--19--23 Frame manipulations completed
INFO:root:2021-07-26-15--19--23 Bounding Box Drawn
INFO:root:2021-07-26-15--19--23 MovingFrameQueue Appended
INFO:root:2021-07-26-15--19--23 anomallyFrameTracker resetted to 200
INFO:root:2021-07-26-15--19--23 Colour Conversion Completed
INFO:root:2021-07-26-15--19--23 Sleep Check Completed
INFO:root:2021-07-26-15--19--23 Frame manipulations completed
INFO:root:2021-07-26-15--19--23 Bounding Box Drawn
INFO:root:2021-07-26-15--19--23 MovingFrameQueue Popped
INFO:root:2021-07-26-15--19--23 anomallyFrameTracker resetted to 200
INFO:root:2021-07-26-15--19--23 Colour Conversion Completed
INFO:root:2021-07-26-15--19--23 Sleep Check Completed
INFO:root:2021-07-26-15--19--23 Frame manipulations completed
INFO:root:2021-07-26-15--19--23 Bounding Box Drawn
INFO:root:2021-07-26-15--19--23 MovingFrameQueue Appended
INFO:root:2021-07-26-15--19--23 anomallyFrameTracker resetted to 200
INFO:root:2021-07-26-15--19--23 Colour Conversion Completed
INFO:root:2021-07-26-15--19--23 Sleep Check Completed
INFO:root:2021-07-26-15--19--23 Frame manipulations completed
INFO:root:2021-07-26-15--19--23 Bounding Box Drawn
INFO:root:2021-07-26-15--19--24 MovingFrameQueue Popped
INFO:root:2021-07-26-15--19--24 anomallyFrameTracker resetted to 200
INFO:root:2021-07-26-15--19--24 Colour Conversion Completed
INFO:root:2021-07-26-15--19--24 Sleep Check Completed
INFO:root:2021-07-26-15--19--24 Frame manipulations completed
INFO:root:2021-07-26-15--19--24 Bounding Box Drawn
INFO:root:2021-07-26-15--19--24 MovingFrameQueue Appended
INFO:root:2021-07-26-15--19--24 anomallyFrameTracker resetted to 200
INFO:root:2021-07-26-15--19--24 Colour Conversion Completed
INFO:root:2021-07-26-15--19--24 Sleep Check Completed
INFO:root:2021-07-26-15--19--24 Frame manipulations completed
INFO:root:2021-07-26-15--19--24 Bounding Box Drawn
INFO:root:2021-07-26-15--19--24 MovingFrameQueue Popped
INFO:root:2021-07-26-15--19--24 anomallyFrameTracker resetted to 200
INFO:root:2021-07-26-15--19--24 Colour Conversion Completed
INFO:root:2021-07-26-15--19--24 Sleep Check Completed
INFO:root:2021-07-26-15--19--24 Frame manipulations completed
INFO:root:2021-07-26-15--19--24 Bounding Box Drawn
INFO:root:2021-07-26-15--19--24 MovingFrameQueue Appended
INFO:root:2021-07-26-15--19--24 anomallyFrameTracker resetted to 200
INFO:root:2021-07-26-15--19--24 Colour Conversion Completed
INFO:root:2021-07-26-15--19--24 Sleep Check Completed
INFO:root:2021-07-26-15--19--24 Frame manipulations completed
INFO:root:2021-07-26-15--19--24 Bounding Box Drawn
INFO:root:2021-07-26-15--19--24 MovingFrameQueue Popped
INFO:root:2021-07-26-15--19--24 anomallyFrameTracker resetted to 200
INFO:root:2021-07-26-15--19--24 Colour Conversion Completed
INFO:root:2021-07-26-15--19--24 Sleep Check Completed
INFO:root:2021-07-26-15--19--24 Frame manipulations completed
INFO:root:2021-07-26-15--19--24 Bounding Box Drawn
INFO:root:2021-07-26-15--19--24 MovingFrameQueue Appended
INFO:root:2021-07-26-15--19--24 anomallyFrameTracker resetted to 200
INFO:root:2021-07-26-15--19--24 Colour Conversion Completed
INFO:root:2021-07-26-15--19--24 Sleep Check Completed
INFO:root:2021-07-26-15--19--24 Frame manipulations completed
INFO:root:2021-07-26-15--19--24 Bounding Box Drawn
INFO:root:2021-07-26-15--19--24 MovingFrameQueue Popped
INFO:root:2021-07-26-15--19--24 anomallyFrameTracker resetted to 200
INFO:root:2021-07-26-15--19--24 Colour Conversion Completed
INFO:root:2021-07-26-15--19--25 Sleep Check Completed
INFO:root:2021-07-26-15--19--25 Frame manipulations completed
INFO:root:2021-07-26-15--19--25 Bounding Box Drawn
INFO:root:2021-07-26-15--19--25 MovingFrameQueue Appended
INFO:root:2021-07-26-15--19--25 anomallyFrameTracker resetted to 200
INFO:root:2021-07-26-15--19--25 Colour Conversion Completed
INFO:root:2021-07-26-15--19--25 Sleep Check Completed
INFO:root:2021-07-26-15--19--25 Frame manipulations completed
INFO:root:2021-07-26-15--19--25 Bounding Box Drawn
INFO:root:2021-07-26-15--19--25 MovingFrameQueue Popped
INFO:root:2021-07-26-15--19--25 anomallyFrameTracker resetted to 200
INFO:root:2021-07-26-15--19--25 Colour Conversion Completed
INFO:root:2021-07-26-15--19--25 Sleep Check Completed
INFO:root:2021-07-26-15--19--25 Frame manipulations completed
INFO:root:2021-07-26-15--19--25 Bounding Box Drawn
INFO:root:2021-07-26-15--19--25 MovingFrameQueue Appended
INFO:root:2021-07-26-15--19--25 anomallyFrameTracker resetted to 200
INFO:root:2021-07-26-15--19--25 Colour Conversion Completed
INFO:root:2021-07-26-15--19--25 Sleep Check Completed
INFO:root:2021-07-26-15--19--25 Frame manipulations completed
INFO:root:2021-07-26-15--19--25 Bounding Box Drawn
INFO:root:2021-07-26-15--19--25 MovingFrameQueue Popped
INFO:root:2021-07-26-15--19--25 anomallyFrameTracker resetted to 200
INFO:root:2021-07-26-15--19--25 Colour Conversion Completed
INFO:root:2021-07-26-15--19--25 Sleep Check Completed
INFO:root:2021-07-26-15--19--25 Frame manipulations completed
INFO:root:2021-07-26-15--19--25 Bounding Box Drawn
INFO:root:2021-07-26-15--19--25 MovingFrameQueue Appended
INFO:root:2021-07-26-15--19--25 anomallyFrameTracker resetted to 200
INFO:root:2021-07-26-15--19--25 Colour Conversion Completed
INFO:root:2021-07-26-15--19--25 Sleep Check Completed
INFO:root:2021-07-26-15--19--25 Frame manipulations completed
INFO:root:2021-07-26-15--19--25 Bounding Box Drawn
INFO:root:2021-07-26-15--19--25 MovingFrameQueue Popped
INFO:root:2021-07-26-15--19--25 anomallyFrameTracker resetted to 200
INFO:root:2021-07-26-15--19--25 Colour Conversion Completed
INFO:root:2021-07-26-15--19--25 Sleep Check Completed
INFO:root:2021-07-26-15--19--25 Frame manipulations completed
INFO:root:2021-07-26-15--19--25 Bounding Box Drawn
INFO:root:2021-07-26-15--19--26 MovingFrameQueue Appended
INFO:root:2021-07-26-15--19--26 anomallyFrameTracker resetted to 200
INFO:root:2021-07-26-15--19--26 Colour Conversion Completed
INFO:root:2021-07-26-15--19--26 Sleep Check Completed
INFO:root:2021-07-26-15--19--26 Frame manipulations completed
INFO:root:2021-07-26-15--19--26 Bounding Box Drawn
INFO:root:2021-07-26-15--19--26 MovingFrameQueue Popped
INFO:root:2021-07-26-15--19--26 anomallyFrameTracker resetted to 200
INFO:root:2021-07-26-15--19--26 Colour Conversion Completed
INFO:root:2021-07-26-15--19--26 Sleep Check Completed
INFO:root:2021-07-26-15--19--26 Frame manipulations completed
INFO:root:2021-07-26-15--19--26 Bounding Box Drawn
INFO:root:2021-07-26-15--19--26 MovingFrameQueue Appended
INFO:root:2021-07-26-15--19--26 anomallyFrameTracker resetted to 200
INFO:root:2021-07-26-15--19--26 Colour Conversion Completed
INFO:root:2021-07-26-15--19--26 Sleep Check Completed
INFO:root:2021-07-26-15--19--26 Frame manipulations completed
INFO:root:2021-07-26-15--19--26 Bounding Box Drawn
INFO:root:2021-07-26-15--19--26 MovingFrameQueue Popped
INFO:root:2021-07-26-15--19--26 anomallyFrameTracker resetted to 200
INFO:root:2021-07-26-15--19--26 Colour Conversion Completed
INFO:root:2021-07-26-15--19--26 Sleep Check Completed
INFO:root:2021-07-26-15--19--26 Frame manipulations completed
INFO:root:2021-07-26-15--19--26 Bounding Box Drawn
INFO:root:2021-07-26-15--19--26 MovingFrameQueue Appended
INFO:root:2021-07-26-15--19--26 anomallyFrameTracker resetted to 200
INFO:root:2021-07-26-15--19--26 Colour Conversion Completed
INFO:root:2021-07-26-15--19--26 Sleep Check Completed
INFO:root:2021-07-26-15--19--26 Frame manipulations completed
INFO:root:2021-07-26-15--19--26 Bounding Box Drawn
INFO:root:2021-07-26-15--19--26 MovingFrameQueue Popped
INFO:root:2021-07-26-15--19--26 anomallyFrameTracker resetted to 200
INFO:root:2021-07-26-15--19--26 Colour Conversion Completed
INFO:root:2021-07-26-15--19--26 Sleep Check Completed
INFO:root:2021-07-26-15--19--26 Frame manipulations completed
INFO:root:2021-07-26-15--19--26 Bounding Box Drawn
INFO:root:2021-07-26-15--19--26 MovingFrameQueue Appended
INFO:root:2021-07-26-15--19--26 anomallyFrameTracker resetted to 200
INFO:root:2021-07-26-15--19--27 Colour Conversion Completed
INFO:root:2021-07-26-15--19--27 Sleep Check Completed
INFO:root:2021-07-26-15--19--27 Frame manipulations completed
INFO:root:2021-07-26-15--19--27 Bounding Box Drawn
INFO:root:2021-07-26-15--19--27 MovingFrameQueue Popped
INFO:root:2021-07-26-15--19--27 anomallyFrameTracker resetted to 200
INFO:root:2021-07-26-15--19--27 Colour Conversion Completed
INFO:root:2021-07-26-15--19--27 Sleep Check Completed
INFO:root:2021-07-26-15--19--27 Frame manipulations completed
INFO:root:2021-07-26-15--19--27 Bounding Box Drawn
INFO:root:2021-07-26-15--19--27 MovingFrameQueue Appended
INFO:root:2021-07-26-15--19--27 anomallyFrameTracker resetted to 200
INFO:root:2021-07-26-15--19--27 Colour Conversion Completed
INFO:root:2021-07-26-15--19--27 Sleep Check Completed
INFO:root:2021-07-26-15--19--27 Frame manipulations completed
INFO:root:2021-07-26-15--19--27 Bounding Box Drawn
INFO:root:2021-07-26-15--19--27 MovingFrameQueue Popped
INFO:root:2021-07-26-15--19--27 anomallyFrameTracker resetted to 200
INFO:root:2021-07-26-15--19--27 Colour Conversion Completed
INFO:root:2021-07-26-15--19--27 Sleep Check Completed
INFO:root:2021-07-26-15--19--27 Frame manipulations completed
INFO:root:2021-07-26-15--19--27 Bounding Box Drawn
INFO:root:2021-07-26-15--19--27 MovingFrameQueue Appended
INFO:root:2021-07-26-15--19--27 anomallyFrameTracker resetted to 200
INFO:root:2021-07-26-15--19--27 Colour Conversion Completed
INFO:root:2021-07-26-15--19--27 Sleep Check Completed
INFO:root:2021-07-26-15--19--27 Frame manipulations completed
INFO:root:2021-07-26-15--19--27 Bounding Box Drawn
INFO:root:2021-07-26-15--19--27[INFO] elapsed time: 48.82
INFO:root:2021-07-26-15--19--27[INFO] approx. FPS: 5.59
INFO:root:2021-07-26-15--19--28 Getting Auth Token Success
INFO:root:2021-07-26-15--19--28 BedTime Upload Completed
