INFO:root:2021-07-13-10--43--19 Parameter Generation Success
INFO:root:2021-07-13-10--43--19 Colour Conversion Completed
INFO:root:2021-07-13-10--43--19 Sleep Check Completed
INFO:root:2021-07-13-10--43--19 Frame manipulations completed
INFO:root:2021-07-13-10--43--19 Writer Initialized
INFO:root:2021-07-13-10--43--19 Bounding Box Drawn
INFO:root:2021-07-13-10--43--19 MovingFrameQueue Appended
INFO:root:2021-07-13-10--43--19 Anomally Detected, starting call for more frames
INFO:root:2021-07-13-10--43--19 anomallyFrameTracker resetted to 200
INFO:root:2021-07-13-10--43--19 Colour Conversion Completed
INFO:root:2021-07-13-10--43--19 Sleep Check Completed
INFO:root:2021-07-13-10--43--19 Frame manipulations completed
INFO:root:2021-07-13-10--43--19 Bounding Box Drawn
INFO:root:2021-07-13-10--43--19 MovingFrameQueue Appended
INFO:root:2021-07-13-10--43--19 Anomally Detected, starting call for more frames
INFO:root:2021-07-13-10--43--19 anomallyFrameTracker resetted to 200
INFO:root:2021-07-13-10--43--19 Colour Conversion Completed
INFO:root:2021-07-13-10--43--19 Sleep Check Completed
INFO:root:2021-07-13-10--43--19 Frame manipulations completed
INFO:root:2021-07-13-10--43--19 Bounding Box Drawn
INFO:root:2021-07-13-10--43--19 MovingFrameQueue Appended
INFO:root:2021-07-13-10--43--19 Anomally Detected, starting call for more frames
INFO:root:2021-07-13-10--43--19 anomallyFrameTracker resetted to 200
INFO:root:2021-07-13-10--43--19 Colour Conversion Completed
INFO:root:2021-07-13-10--43--19 Sleep Check Completed
INFO:root:2021-07-13-10--43--19 Frame manipulations completed
INFO:root:2021-07-13-10--43--19 Bounding Box Drawn
INFO:root:2021-07-13-10--43--19 MovingFrameQueue Appended
INFO:root:2021-07-13-10--43--19 Anomally Detected, starting call for more frames
INFO:root:2021-07-13-10--43--19 anomallyFrameTracker resetted to 200
INFO:root:2021-07-13-10--43--19 Colour Conversion Completed
INFO:root:2021-07-13-10--43--19 Sleep Check Completed
INFO:root:2021-07-13-10--43--19 Frame manipulations completed
INFO:root:2021-07-13-10--43--19 Bounding Box Drawn
INFO:root:2021-07-13-10--43--19 MovingFrameQueue Appended
INFO:root:2021-07-13-10--43--19 Anomally Detected, starting call for more frames
INFO:root:2021-07-13-10--43--19 anomallyFrameTracker resetted to 200
INFO:root:2021-07-13-10--43--19 Colour Conversion Completed
INFO:root:2021-07-13-10--43--19 Sleep Check Completed
INFO:root:2021-07-13-10--43--19 Frame manipulations completed
INFO:root:2021-07-13-10--43--19 Bounding Box Drawn
INFO:root:2021-07-13-10--43--19 MovingFrameQueue Appended
INFO:root:2021-07-13-10--43--19 Anomally Detected, starting call for more frames
INFO:root:2021-07-13-10--43--19 anomallyFrameTracker resetted to 200
INFO:root:2021-07-13-10--43--19 Colour Conversion Completed
INFO:root:2021-07-13-10--43--19 Sleep Check Completed
INFO:root:2021-07-13-10--43--19 Frame manipulations completed
INFO:root:2021-07-13-10--43--19 Bounding Box Drawn
INFO:root:2021-07-13-10--43--19 MovingFrameQueue Appended
INFO:root:2021-07-13-10--43--19 Anomally Detected, starting call for more frames
INFO:root:2021-07-13-10--43--19 anomallyFrameTracker resetted to 200
INFO:root:2021-07-13-10--43--20 Colour Conversion Completed
INFO:root:2021-07-13-10--43--20 Sleep Check Completed
INFO:root:2021-07-13-10--43--20 Frame manipulations completed
INFO:root:2021-07-13-10--43--20 Bounding Box Drawn
INFO:root:2021-07-13-10--43--20 MovingFrameQueue Appended
INFO:root:2021-07-13-10--43--20 Anomally Detected, starting call for more frames
INFO:root:2021-07-13-10--43--20 anomallyFrameTracker resetted to 200
INFO:root:2021-07-13-10--43--20 Colour Conversion Completed
INFO:root:2021-07-13-10--43--20 Sleep Check Completed
INFO:root:2021-07-13-10--43--20 Frame manipulations completed
INFO:root:2021-07-13-10--43--20 Bounding Box Drawn
INFO:root:2021-07-13-10--43--20 MovingFrameQueue Appended
INFO:root:2021-07-13-10--43--20 Anomally Detected, starting call for more frames
INFO:root:2021-07-13-10--43--20 anomallyFrameTracker resetted to 200
INFO:root:2021-07-13-10--43--20 Colour Conversion Completed
INFO:root:2021-07-13-10--43--20 Sleep Check Completed
INFO:root:2021-07-13-10--43--20 Frame manipulations completed
INFO:root:2021-07-13-10--43--20 Bounding Box Drawn
INFO:root:2021-07-13-10--43--20 MovingFrameQueue Appended
INFO:root:2021-07-13-10--43--20 Anomally Detected, starting call for more frames
INFO:root:2021-07-13-10--43--20 anomallyFrameTracker resetted to 200
INFO:root:2021-07-13-10--43--20 Colour Conversion Completed
INFO:root:2021-07-13-10--43--20 Sleep Check Completed
INFO:root:2021-07-13-10--43--20 Frame manipulations completed
INFO:root:2021-07-13-10--43--20 Bounding Box Drawn
INFO:root:2021-07-13-10--43--20 MovingFrameQueue Appended
INFO:root:2021-07-13-10--43--20 Anomally Detected, starting call for more frames
INFO:root:2021-07-13-10--43--20 anomallyFrameTracker resetted to 200
INFO:root:2021-07-13-10--43--20 Colour Conversion Completed
INFO:root:2021-07-13-10--43--20 Sleep Check Completed
INFO:root:2021-07-13-10--43--20 Frame manipulations completed
INFO:root:2021-07-13-10--43--20 Bounding Box Drawn
INFO:root:2021-07-13-10--43--20 MovingFrameQueue Appended
INFO:root:2021-07-13-10--43--20 Anomally Detected, starting call for more frames
INFO:root:2021-07-13-10--43--20 anomallyFrameTracker resetted to 200
INFO:root:2021-07-13-10--43--20 Colour Conversion Completed
INFO:root:2021-07-13-10--43--20 Sleep Check Completed
INFO:root:2021-07-13-10--43--20 Frame manipulations completed
INFO:root:2021-07-13-10--43--20 Bounding Box Drawn
INFO:root:2021-07-13-10--43--20 MovingFrameQueue Appended
INFO:root:2021-07-13-10--43--20 Anomally Detected, starting call for more frames
INFO:root:2021-07-13-10--43--20 anomallyFrameTracker resetted to 200
INFO:root:2021-07-13-10--43--20 Colour Conversion Completed
INFO:root:2021-07-13-10--43--20 Sleep Check Completed
INFO:root:2021-07-13-10--43--20 Frame manipulations completed
INFO:root:2021-07-13-10--43--20 Bounding Box Drawn
INFO:root:2021-07-13-10--43--20 MovingFrameQueue Appended
INFO:root:2021-07-13-10--43--20 Anomally Detected, starting call for more frames
INFO:root:2021-07-13-10--43--20 anomallyFrameTracker resetted to 200
INFO:root:2021-07-13-10--43--20 Colour Conversion Completed
INFO:root:2021-07-13-10--43--20 Sleep Check Completed
INFO:root:2021-07-13-10--43--20 Frame manipulations completed
INFO:root:2021-07-13-10--43--20 Bounding Box Drawn
INFO:root:2021-07-13-10--43--20 MovingFrameQueue Appended
INFO:root:2021-07-13-10--43--20 Anomally Detected, starting call for more frames
INFO:root:2021-07-13-10--43--20 anomallyFrameTracker resetted to 200
INFO:root:2021-07-13-10--43--20 Colour Conversion Completed
INFO:root:2021-07-13-10--43--21 Sleep Check Completed
INFO:root:2021-07-13-10--43--21 Frame manipulations completed
INFO:root:2021-07-13-10--43--21 Bounding Box Drawn
INFO:root:2021-07-13-10--43--21 MovingFrameQueue Appended
INFO:root:2021-07-13-10--43--21 Anomally Detected, starting call for more frames
INFO:root:2021-07-13-10--43--21 anomallyFrameTracker resetted to 200
INFO:root:2021-07-13-10--43--21 Colour Conversion Completed
INFO:root:2021-07-13-10--43--21 Sleep Check Completed
INFO:root:2021-07-13-10--43--21 Frame manipulations completed
INFO:root:2021-07-13-10--43--21 Bounding Box Drawn
INFO:root:2021-07-13-10--43--21 MovingFrameQueue Appended
INFO:root:2021-07-13-10--43--21 Anomally Detected, starting call for more frames
INFO:root:2021-07-13-10--43--21 anomallyFrameTracker resetted to 200
INFO:root:2021-07-13-10--43--21 Colour Conversion Completed
INFO:root:2021-07-13-10--43--21 Sleep Check Completed
INFO:root:2021-07-13-10--43--21 Frame manipulations completed
INFO:root:2021-07-13-10--43--21 Bounding Box Drawn
INFO:root:2021-07-13-10--43--21 MovingFrameQueue Appended
INFO:root:2021-07-13-10--43--21 Anomally Detected, starting call for more frames
INFO:root:2021-07-13-10--43--21 anomallyFrameTracker resetted to 200
INFO:root:2021-07-13-10--43--21 Colour Conversion Completed
INFO:root:2021-07-13-10--43--21 Sleep Check Completed
INFO:root:2021-07-13-10--43--21 Frame manipulations completed
INFO:root:2021-07-13-10--43--21 Bounding Box Drawn
INFO:root:2021-07-13-10--43--21 MovingFrameQueue Appended
INFO:root:2021-07-13-10--43--21 Anomally Detected, starting call for more frames
INFO:root:2021-07-13-10--43--21 anomallyFrameTracker resetted to 200
INFO:root:2021-07-13-10--43--21 Colour Conversion Completed
INFO:root:2021-07-13-10--43--21 Sleep Check Completed
INFO:root:2021-07-13-10--43--21 Frame manipulations completed
INFO:root:2021-07-13-10--43--21 Bounding Box Drawn
INFO:root:2021-07-13-10--43--21 MovingFrameQueue Appended
INFO:root:2021-07-13-10--43--21 Anomally Detected, starting call for more frames
INFO:root:2021-07-13-10--43--21 anomallyFrameTracker resetted to 200
INFO:root:2021-07-13-10--43--21 Colour Conversion Completed
INFO:root:2021-07-13-10--43--21 Sleep Check Completed
INFO:root:2021-07-13-10--43--21 Frame manipulations completed
INFO:root:2021-07-13-10--43--21 Bounding Box Drawn
INFO:root:2021-07-13-10--43--21 MovingFrameQueue Appended
INFO:root:2021-07-13-10--43--21 Anomally Detected, starting call for more frames
INFO:root:2021-07-13-10--43--21 anomallyFrameTracker resetted to 200
INFO:root:2021-07-13-10--43--21 Colour Conversion Completed
INFO:root:2021-07-13-10--43--21 Sleep Check Completed
INFO:root:2021-07-13-10--43--21 Frame manipulations completed
INFO:root:2021-07-13-10--43--21 Bounding Box Drawn
INFO:root:2021-07-13-10--43--21 MovingFrameQueue Appended
INFO:root:2021-07-13-10--43--21 Colour Conversion Completed
INFO:root:2021-07-13-10--43--21 Sleep Check Completed
INFO:root:2021-07-13-10--43--21 Frame manipulations completed
INFO:root:2021-07-13-10--43--21 Bounding Box Drawn
INFO:root:2021-07-13-10--43--21 MovingFrameQueue Appended
INFO:root:2021-07-13-10--43--21 Colour Conversion Completed
INFO:root:2021-07-13-10--43--21 Sleep Check Completed
INFO:root:2021-07-13-10--43--21 Frame manipulations completed
INFO:root:2021-07-13-10--43--21 Bounding Box Drawn
INFO:root:2021-07-13-10--43--21 MovingFrameQueue Appended
INFO:root:2021-07-13-10--43--21 Anomally Detected, starting call for more frames
INFO:root:2021-07-13-10--43--21 anomallyFrameTracker resetted to 200
INFO:root:2021-07-13-10--43--22 Colour Conversion Completed
INFO:root:2021-07-13-10--43--22 Sleep Check Completed
INFO:root:2021-07-13-10--43--22 Frame manipulations completed
INFO:root:2021-07-13-10--43--22 Bounding Box Drawn
INFO:root:2021-07-13-10--43--22 MovingFrameQueue Appended
INFO:root:2021-07-13-10--43--22 Anomally Detected, starting call for more frames
INFO:root:2021-07-13-10--43--22 anomallyFrameTracker resetted to 200
INFO:root:2021-07-13-10--43--22 Colour Conversion Completed
INFO:root:2021-07-13-10--43--22 Sleep Check Completed
INFO:root:2021-07-13-10--43--22 Frame manipulations completed
INFO:root:2021-07-13-10--43--22 Bounding Box Drawn
INFO:root:2021-07-13-10--43--22 MovingFrameQueue Appended
INFO:root:2021-07-13-10--43--22 Anomally Detected, starting call for more frames
INFO:root:2021-07-13-10--43--22 anomallyFrameTracker resetted to 200
INFO:root:2021-07-13-10--43--22 Colour Conversion Completed
INFO:root:2021-07-13-10--43--22 Sleep Check Completed
INFO:root:2021-07-13-10--43--22 Frame manipulations completed
INFO:root:2021-07-13-10--43--22 Bounding Box Drawn
INFO:root:2021-07-13-10--43--22 MovingFrameQueue Appended
INFO:root:2021-07-13-10--43--22 Anomally Detected, starting call for more frames
INFO:root:2021-07-13-10--43--22 anomallyFrameTracker resetted to 200
INFO:root:2021-07-13-10--43--22 Colour Conversion Completed
INFO:root:2021-07-13-10--43--22 Sleep Check Completed
INFO:root:2021-07-13-10--43--22 Frame manipulations completed
INFO:root:2021-07-13-10--43--22 Bounding Box Drawn
INFO:root:2021-07-13-10--43--22 MovingFrameQueue Appended
INFO:root:2021-07-13-10--43--22 Anomally Detected, starting call for more frames
INFO:root:2021-07-13-10--43--22 anomallyFrameTracker resetted to 200
INFO:root:2021-07-13-10--43--22 Colour Conversion Completed
INFO:root:2021-07-13-10--43--22 Sleep Check Completed
INFO:root:2021-07-13-10--43--22 Frame manipulations completed
INFO:root:2021-07-13-10--43--22 Bounding Box Drawn
INFO:root:2021-07-13-10--43--22 MovingFrameQueue Appended
INFO:root:2021-07-13-10--43--22 Anomally Detected, starting call for more frames
INFO:root:2021-07-13-10--43--22 Anomally Detected, starting call for more frames
INFO:root:2021-07-13-10--43--22 anomallyFrameTracker resetted to 200
INFO:root:2021-07-13-10--43--22 Colour Conversion Completed
INFO:root:2021-07-13-10--43--22 Sleep Check Completed
INFO:root:2021-07-13-10--43--22 Frame manipulations completed
INFO:root:2021-07-13-10--43--22 Bounding Box Drawn
INFO:root:2021-07-13-10--43--22 MovingFrameQueue Appended
INFO:root:2021-07-13-10--43--22 Anomally Detected, starting call for more frames
INFO:root:2021-07-13-10--43--22 anomallyFrameTracker resetted to 200
INFO:root:2021-07-13-10--43--22 Colour Conversion Completed
INFO:root:2021-07-13-10--43--22 Sleep Check Completed
INFO:root:2021-07-13-10--43--22 Frame manipulations completed
INFO:root:2021-07-13-10--43--22 Bounding Box Drawn
INFO:root:2021-07-13-10--43--22 MovingFrameQueue Appended
INFO:root:2021-07-13-10--43--22 Anomally Detected, starting call for more frames
INFO:root:2021-07-13-10--43--22 anomallyFrameTracker resetted to 200
INFO:root:2021-07-13-10--43--22 Colour Conversion Completed
INFO:root:2021-07-13-10--43--22 Sleep Check Completed
INFO:root:2021-07-13-10--43--22 Frame manipulations completed
INFO:root:2021-07-13-10--43--22 Bounding Box Drawn
INFO:root:2021-07-13-10--43--22 MovingFrameQueue Appended
INFO:root:2021-07-13-10--43--22 Anomally Detected, starting call for more frames
INFO:root:2021-07-13-10--43--22 anomallyFrameTracker resetted to 200
INFO:root:2021-07-13-10--43--22 Colour Conversion Completed
INFO:root:2021-07-13-10--43--22 Sleep Check Completed
INFO:root:2021-07-13-10--43--22 Frame manipulations completed
INFO:root:2021-07-13-10--43--22 Bounding Box Drawn
INFO:root:2021-07-13-10--43--22 MovingFrameQueue Appended
INFO:root:2021-07-13-10--43--22 Anomally Detected, starting call for more frames
INFO:root:2021-07-13-10--43--22 anomallyFrameTracker resetted to 200
INFO:root:2021-07-13-10--43--23 Colour Conversion Completed
INFO:root:2021-07-13-10--43--23 Sleep Check Completed
INFO:root:2021-07-13-10--43--23 Frame manipulations completed
INFO:root:2021-07-13-10--43--23 Bounding Box Drawn
INFO:root:2021-07-13-10--43--23 MovingFrameQueue Appended
INFO:root:2021-07-13-10--43--23 Anomally Detected, starting call for more frames
INFO:root:2021-07-13-10--43--23 anomallyFrameTracker resetted to 200
INFO:root:2021-07-13-10--43--23 Colour Conversion Completed
INFO:root:2021-07-13-10--43--23 Sleep Check Completed
INFO:root:2021-07-13-10--43--23 Frame manipulations completed
INFO:root:2021-07-13-10--43--23 Bounding Box Drawn
INFO:root:2021-07-13-10--43--23 MovingFrameQueue Appended
INFO:root:2021-07-13-10--43--23 Anomally Detected, starting call for more frames
INFO:root:2021-07-13-10--43--23 anomallyFrameTracker resetted to 200
INFO:root:2021-07-13-10--43--23 Colour Conversion Completed
INFO:root:2021-07-13-10--43--23 Sleep Check Completed
INFO:root:2021-07-13-10--43--23 Frame manipulations completed
INFO:root:2021-07-13-10--43--23 Bounding Box Drawn
INFO:root:2021-07-13-10--43--23 MovingFrameQueue Appended
INFO:root:2021-07-13-10--43--23 Anomally Detected, starting call for more frames
INFO:root:2021-07-13-10--43--23 anomallyFrameTracker resetted to 200
INFO:root:2021-07-13-10--43--23 Colour Conversion Completed
INFO:root:2021-07-13-10--43--23 Sleep Check Completed
INFO:root:2021-07-13-10--43--23 Frame manipulations completed
INFO:root:2021-07-13-10--43--23 Bounding Box Drawn
INFO:root:2021-07-13-10--43--23 MovingFrameQueue Appended
INFO:root:2021-07-13-10--43--23 Anomally Detected, starting call for more frames
INFO:root:2021-07-13-10--43--23 anomallyFrameTracker resetted to 200
INFO:root:2021-07-13-10--43--23 Colour Conversion Completed
INFO:root:2021-07-13-10--43--23 Sleep Check Completed
INFO:root:2021-07-13-10--43--23 Frame manipulations completed
INFO:root:2021-07-13-10--43--23 Bounding Box Drawn
INFO:root:2021-07-13-10--43--23 MovingFrameQueue Appended
INFO:root:2021-07-13-10--43--23 Anomally Detected, starting call for more frames
INFO:root:2021-07-13-10--43--23 anomallyFrameTracker resetted to 200
INFO:root:2021-07-13-10--43--23 Colour Conversion Completed
INFO:root:2021-07-13-10--43--23 Sleep Check Completed
INFO:root:2021-07-13-10--43--23 Frame manipulations completed
INFO:root:2021-07-13-10--43--23 Bounding Box Drawn
INFO:root:2021-07-13-10--43--23 MovingFrameQueue Appended
INFO:root:2021-07-13-10--43--23 Colour Conversion Completed
INFO:root:2021-07-13-10--43--23 Sleep Check Completed
INFO:root:2021-07-13-10--43--23 Frame manipulations completed
INFO:root:2021-07-13-10--43--23 Bounding Box Drawn
INFO:root:2021-07-13-10--43--23 MovingFrameQueue Appended
INFO:root:2021-07-13-10--43--23 Anomally Detected, starting call for more frames
INFO:root:2021-07-13-10--43--23 anomallyFrameTracker resetted to 200
INFO:root:2021-07-13-10--43--23 Colour Conversion Completed
INFO:root:2021-07-13-10--43--23 Sleep Check Completed
INFO:root:2021-07-13-10--43--23 Frame manipulations completed
INFO:root:2021-07-13-10--43--23 Bounding Box Drawn
INFO:root:2021-07-13-10--43--23 MovingFrameQueue Appended
INFO:root:2021-07-13-10--43--23 Anomally Detected, starting call for more frames
INFO:root:2021-07-13-10--43--23 anomallyFrameTracker resetted to 200
INFO:root:2021-07-13-10--43--23 Colour Conversion Completed
INFO:root:2021-07-13-10--43--23 Sleep Check Completed
INFO:root:2021-07-13-10--43--23 Frame manipulations completed
INFO:root:2021-07-13-10--43--23 Bounding Box Drawn
INFO:root:2021-07-13-10--43--23 MovingFrameQueue Appended
INFO:root:2021-07-13-10--43--23 Anomally Detected, starting call for more frames
INFO:root:2021-07-13-10--43--23 anomallyFrameTracker resetted to 200
INFO:root:2021-07-13-10--43--24 Colour Conversion Completed
INFO:root:2021-07-13-10--43--24 Sleep Check Completed
INFO:root:2021-07-13-10--43--24 Frame manipulations completed
INFO:root:2021-07-13-10--43--24 Bounding Box Drawn
INFO:root:2021-07-13-10--43--24 MovingFrameQueue Appended
INFO:root:2021-07-13-10--43--24 Anomally Detected, starting call for more frames
INFO:root:2021-07-13-10--43--24 anomallyFrameTracker resetted to 200
INFO:root:2021-07-13-10--43--24 Colour Conversion Completed
INFO:root:2021-07-13-10--43--24 Sleep Check Completed
INFO:root:2021-07-13-10--43--24 Frame manipulations completed
INFO:root:2021-07-13-10--43--24 Bounding Box Drawn
INFO:root:2021-07-13-10--43--24 MovingFrameQueue Appended
INFO:root:2021-07-13-10--43--24 Anomally Detected, starting call for more frames
INFO:root:2021-07-13-10--43--24 anomallyFrameTracker resetted to 200
INFO:root:2021-07-13-10--43--24 Colour Conversion Completed
INFO:root:2021-07-13-10--43--24 Sleep Check Completed
INFO:root:2021-07-13-10--43--24 Frame manipulations completed
INFO:root:2021-07-13-10--43--24 Bounding Box Drawn
INFO:root:2021-07-13-10--43--24 MovingFrameQueue Appended
INFO:root:2021-07-13-10--43--24 Anomally Detected, starting call for more frames
INFO:root:2021-07-13-10--43--24 anomallyFrameTracker resetted to 200
INFO:root:2021-07-13-10--43--24 Colour Conversion Completed
INFO:root:2021-07-13-10--43--24 Sleep Check Completed
INFO:root:2021-07-13-10--43--24 Frame manipulations completed
INFO:root:2021-07-13-10--43--24 Bounding Box Drawn
INFO:root:2021-07-13-10--43--24 MovingFrameQueue Appended
INFO:root:2021-07-13-10--43--24 Anomally Detected, starting call for more frames
INFO:root:2021-07-13-10--43--24 anomallyFrameTracker resetted to 200
INFO:root:2021-07-13-10--43--24 Colour Conversion Completed
INFO:root:2021-07-13-10--43--24 Sleep Check Completed
INFO:root:2021-07-13-10--43--24 Frame manipulations completed
INFO:root:2021-07-13-10--43--24 Bounding Box Drawn
INFO:root:2021-07-13-10--43--24 MovingFrameQueue Appended
INFO:root:2021-07-13-10--43--24 Anomally Detected, starting call for more frames
INFO:root:2021-07-13-10--43--24 anomallyFrameTracker resetted to 200
INFO:root:2021-07-13-10--43--24 Colour Conversion Completed
INFO:root:2021-07-13-10--43--24 Sleep Check Completed
INFO:root:2021-07-13-10--43--24 Frame manipulations completed
INFO:root:2021-07-13-10--43--24 Bounding Box Drawn
INFO:root:2021-07-13-10--43--24 MovingFrameQueue Appended
INFO:root:2021-07-13-10--43--24 Anomally Detected, starting call for more frames
INFO:root:2021-07-13-10--43--24 anomallyFrameTracker resetted to 200
INFO:root:2021-07-13-10--43--24 Colour Conversion Completed
INFO:root:2021-07-13-10--43--24 Sleep Check Completed
INFO:root:2021-07-13-10--43--24 Frame manipulations completed
INFO:root:2021-07-13-10--43--24 Bounding Box Drawn
INFO:root:2021-07-13-10--43--24 MovingFrameQueue Appended
INFO:root:2021-07-13-10--43--24 Anomally Detected, starting call for more frames
INFO:root:2021-07-13-10--43--24 anomallyFrameTracker resetted to 200
INFO:root:2021-07-13-10--43--24 Colour Conversion Completed
INFO:root:2021-07-13-10--43--24 Sleep Check Completed
INFO:root:2021-07-13-10--43--24 Frame manipulations completed
INFO:root:2021-07-13-10--43--24 Bounding Box Drawn
INFO:root:2021-07-13-10--43--24 MovingFrameQueue Appended
INFO:root:2021-07-13-10--43--24 Anomally Detected, starting call for more frames
INFO:root:2021-07-13-10--43--24 anomallyFrameTracker resetted to 200
INFO:root:2021-07-13-10--43--24 Colour Conversion Completed
INFO:root:2021-07-13-10--43--25 Sleep Check Completed
INFO:root:2021-07-13-10--43--25 Frame manipulations completed
INFO:root:2021-07-13-10--43--25 Bounding Box Drawn
INFO:root:2021-07-13-10--43--25 MovingFrameQueue Appended
INFO:root:2021-07-13-10--43--25 Anomally Detected, starting call for more frames
INFO:root:2021-07-13-10--43--25 anomallyFrameTracker resetted to 200
INFO:root:2021-07-13-10--43--25 Colour Conversion Completed
INFO:root:2021-07-13-10--43--25 Sleep Check Completed
INFO:root:2021-07-13-10--43--25 Frame manipulations completed
INFO:root:2021-07-13-10--43--25 Bounding Box Drawn
INFO:root:2021-07-13-10--43--25 MovingFrameQueue Popped
INFO:root:2021-07-13-10--43--25 Anomally Detected, starting call for more frames
INFO:root:2021-07-13-10--43--25 anomallyFrameTracker resetted to 200
INFO:root:2021-07-13-10--43--25 Colour Conversion Completed
INFO:root:2021-07-13-10--43--25 Sleep Check Completed
INFO:root:2021-07-13-10--43--25 Frame manipulations completed
INFO:root:2021-07-13-10--43--25 Bounding Box Drawn
INFO:root:2021-07-13-10--43--25 MovingFrameQueue Appended
INFO:root:2021-07-13-10--43--25 Anomally Detected, starting call for more frames
INFO:root:2021-07-13-10--43--25 anomallyFrameTracker resetted to 200
INFO:root:2021-07-13-10--43--25 Colour Conversion Completed
INFO:root:2021-07-13-10--43--25 Sleep Check Completed
INFO:root:2021-07-13-10--43--25 Frame manipulations completed
INFO:root:2021-07-13-10--43--25 Bounding Box Drawn
INFO:root:2021-07-13-10--43--25 MovingFrameQueue Popped
INFO:root:2021-07-13-10--43--25 Anomally Detected, starting call for more frames
INFO:root:2021-07-13-10--43--25 anomallyFrameTracker resetted to 200
INFO:root:2021-07-13-10--43--25 Colour Conversion Completed
INFO:root:2021-07-13-10--43--25 Sleep Check Completed
INFO:root:2021-07-13-10--43--25 Frame manipulations completed
INFO:root:2021-07-13-10--43--25 Bounding Box Drawn
INFO:root:2021-07-13-10--43--25 MovingFrameQueue Appended
INFO:root:2021-07-13-10--43--25 Anomally Detected, starting call for more frames
INFO:root:2021-07-13-10--43--25 anomallyFrameTracker resetted to 200
INFO:root:2021-07-13-10--43--25 Colour Conversion Completed
INFO:root:2021-07-13-10--43--25 Sleep Check Completed
INFO:root:2021-07-13-10--43--25 Frame manipulations completed
INFO:root:2021-07-13-10--43--25 Bounding Box Drawn
INFO:root:2021-07-13-10--43--25 MovingFrameQueue Popped
INFO:root:2021-07-13-10--43--25 Anomally Detected, starting call for more frames
INFO:root:2021-07-13-10--43--25 anomallyFrameTracker resetted to 200
INFO:root:2021-07-13-10--43--25 Colour Conversion Completed
INFO:root:2021-07-13-10--43--25 Sleep Check Completed
INFO:root:2021-07-13-10--43--25 Frame manipulations completed
INFO:root:2021-07-13-10--43--25 Bounding Box Drawn
INFO:root:2021-07-13-10--43--25 MovingFrameQueue Appended
INFO:root:2021-07-13-10--43--25 Anomally Detected, starting call for more frames
INFO:root:2021-07-13-10--43--25 anomallyFrameTracker resetted to 200
INFO:root:2021-07-13-10--43--25 Colour Conversion Completed
INFO:root:2021-07-13-10--43--25 Sleep Check Completed
INFO:root:2021-07-13-10--43--25 Frame manipulations completed
INFO:root:2021-07-13-10--43--25 Bounding Box Drawn
INFO:root:2021-07-13-10--43--25 MovingFrameQueue Popped
INFO:root:2021-07-13-10--43--25 Anomally Detected, starting call for more frames
INFO:root:2021-07-13-10--43--25 anomallyFrameTracker resetted to 200
INFO:root:2021-07-13-10--43--25 Colour Conversion Completed
INFO:root:2021-07-13-10--43--25 Sleep Check Completed
INFO:root:2021-07-13-10--43--25 Frame manipulations completed
INFO:root:2021-07-13-10--43--25 Bounding Box Drawn
INFO:root:2021-07-13-10--43--25 MovingFrameQueue Appended
INFO:root:2021-07-13-10--43--25 Anomally Detected, starting call for more frames
INFO:root:2021-07-13-10--43--25 anomallyFrameTracker resetted to 200
INFO:root:2021-07-13-10--43--26 Colour Conversion Completed
INFO:root:2021-07-13-10--43--26 Sleep Check Completed
INFO:root:2021-07-13-10--43--26 Frame manipulations completed
INFO:root:2021-07-13-10--43--26 Bounding Box Drawn
INFO:root:2021-07-13-10--43--26 MovingFrameQueue Popped
INFO:root:2021-07-13-10--43--26 Anomally Detected, starting call for more frames
INFO:root:2021-07-13-10--43--26 anomallyFrameTracker resetted to 200
INFO:root:2021-07-13-10--43--26 Colour Conversion Completed
INFO:root:2021-07-13-10--43--26 Sleep Check Completed
INFO:root:2021-07-13-10--43--26 Frame manipulations completed
INFO:root:2021-07-13-10--43--26 Bounding Box Drawn
INFO:root:2021-07-13-10--43--26 MovingFrameQueue Appended
INFO:root:2021-07-13-10--43--26 Anomally Detected, starting call for more frames
INFO:root:2021-07-13-10--43--26 anomallyFrameTracker resetted to 200
INFO:root:2021-07-13-10--43--26 Colour Conversion Completed
INFO:root:2021-07-13-10--43--26 Sleep Check Completed
INFO:root:2021-07-13-10--43--26 Frame manipulations completed
INFO:root:2021-07-13-10--43--26 Bounding Box Drawn
INFO:root:2021-07-13-10--43--26 MovingFrameQueue Popped
INFO:root:2021-07-13-10--43--26 Anomally Detected, starting call for more frames
INFO:root:2021-07-13-10--43--26 anomallyFrameTracker resetted to 200
INFO:root:2021-07-13-10--43--26 Colour Conversion Completed
INFO:root:2021-07-13-10--43--26 Sleep Check Completed
INFO:root:2021-07-13-10--43--26 Frame manipulations completed
INFO:root:2021-07-13-10--43--26 Bounding Box Drawn
INFO:root:2021-07-13-10--43--26 MovingFrameQueue Appended
INFO:root:2021-07-13-10--43--26 Anomally Detected, starting call for more frames
INFO:root:2021-07-13-10--43--26 anomallyFrameTracker resetted to 200
INFO:root:2021-07-13-10--43--26 Colour Conversion Completed
INFO:root:2021-07-13-10--43--26 Sleep Check Completed
INFO:root:2021-07-13-10--43--26 Frame manipulations completed
INFO:root:2021-07-13-10--43--26 Bounding Box Drawn
INFO:root:2021-07-13-10--43--26 MovingFrameQueue Popped
INFO:root:2021-07-13-10--43--26 Anomally Detected, starting call for more frames
INFO:root:2021-07-13-10--43--26 anomallyFrameTracker resetted to 200
INFO:root:2021-07-13-10--43--26 Colour Conversion Completed
INFO:root:2021-07-13-10--43--26 Sleep Check Completed
INFO:root:2021-07-13-10--43--26 Frame manipulations completed
INFO:root:2021-07-13-10--43--26 Bounding Box Drawn
INFO:root:2021-07-13-10--43--26[INFO] elapsed time: 7.38
INFO:root:2021-07-13-10--43--26[INFO] approx. FPS: 8.67
INFO:root:2021-07-13-10--43--26 Getting Auth Token Success
ERROR:root:2021-07-13-10--43--26 Anomalous Detection Video Upload Failed
INFO:root:2021-07-13-10--43--27 Getting Auth Token Success
INFO:root:2021-07-13-10--43--27 BedTime Upload Completed

"user_id":"D429F794-C889-4FC2-8439-00ABD9BC5F3C"
"user_id":"24CB2FD9-B15C-49D7-9C8F-0DF7F3DB14D9"
"user_id":"74922366-AA42-437F-9E6E-EFBEDF9700B6"
