INFO:root:2021-07-21-11--05--37 Parameter Generation Success
INFO:root:2021-07-21-11--05--37 Colour Conversion Completed
INFO:root:2021-07-21-11--05--37 Sleep Check Completed
INFO:root:2021-07-21-11--05--37 Frame manipulations completed
INFO:root:2021-07-21-11--05--37 Bounding Box Drawn
INFO:root:2021-07-21-11--05--43 MovingFrameQueue Appended
INFO:root:2021-07-21-11--05--43 anomallyFrameTracker resetted to 200
INFO:root:2021-07-21-11--05--43 Colour Conversion Completed
INFO:root:2021-07-21-11--05--43 Sleep Check Completed
INFO:root:2021-07-21-11--05--43 Frame manipulations completed
INFO:root:2021-07-21-11--05--43 Bounding Box Drawn
INFO:root:2021-07-21-11--05--43 MovingFrameQueue Appended
INFO:root:2021-07-21-11--05--43 anomallyFrameTracker resetted to 200
INFO:root:2021-07-21-11--05--43 Colour Conversion Completed
INFO:root:2021-07-21-11--05--43 Sleep Check Completed
INFO:root:2021-07-21-11--05--43 Frame manipulations completed
INFO:root:2021-07-21-11--05--43 Bounding Box Drawn
INFO:root:2021-07-21-11--05--43 MovingFrameQueue Appended
INFO:root:2021-07-21-11--05--43 anomallyFrameTracker resetted to 200
INFO:root:2021-07-21-11--05--43 Colour Conversion Completed
INFO:root:2021-07-21-11--05--43 Sleep Check Completed
INFO:root:2021-07-21-11--05--43 Frame manipulations completed
INFO:root:2021-07-21-11--05--43 Bounding Box Drawn
INFO:root:2021-07-21-11--05--43 MovingFrameQueue Appended
INFO:root:2021-07-21-11--05--43 anomallyFrameTracker resetted to 200
INFO:root:2021-07-21-11--05--43 Colour Conversion Completed
INFO:root:2021-07-21-11--05--43 Sleep Check Completed
INFO:root:2021-07-21-11--05--43 Frame manipulations completed
INFO:root:2021-07-21-11--05--43 Bounding Box Drawn
INFO:root:2021-07-21-11--05--43 MovingFrameQueue Appended
INFO:root:2021-07-21-11--05--43 anomallyFrameTracker resetted to 200
INFO:root:2021-07-21-11--05--43 Colour Conversion Completed
INFO:root:2021-07-21-11--05--43 Sleep Check Completed
INFO:root:2021-07-21-11--05--43 Frame manipulations completed
INFO:root:2021-07-21-11--05--43 Bounding Box Drawn
INFO:root:2021-07-21-11--05--43 MovingFrameQueue Appended
INFO:root:2021-07-21-11--05--43 anomallyFrameTracker resetted to 200
INFO:root:2021-07-21-11--05--43 Colour Conversion Completed
INFO:root:2021-07-21-11--05--43 Sleep Check Completed
INFO:root:2021-07-21-11--05--43 Frame manipulations completed
INFO:root:2021-07-21-11--05--43 Bounding Box Drawn
INFO:root:2021-07-21-11--05--44 MovingFrameQueue Appended
INFO:root:2021-07-21-11--05--44 anomallyFrameTracker resetted to 200
INFO:root:2021-07-21-11--05--44 Colour Conversion Completed
INFO:root:2021-07-21-11--05--44 Sleep Check Completed
INFO:root:2021-07-21-11--05--44 Frame manipulations completed
INFO:root:2021-07-21-11--05--44 Bounding Box Drawn
INFO:root:2021-07-21-11--05--44 MovingFrameQueue Appended
INFO:root:2021-07-21-11--05--44 anomallyFrameTracker resetted to 200
INFO:root:2021-07-21-11--05--44 Colour Conversion Completed
INFO:root:2021-07-21-11--05--44 Sleep Check Completed
INFO:root:2021-07-21-11--05--44 Frame manipulations completed
INFO:root:2021-07-21-11--05--44 Bounding Box Drawn
INFO:root:2021-07-21-11--05--44 MovingFrameQueue Appended
INFO:root:2021-07-21-11--05--44 anomallyFrameTracker resetted to 200
INFO:root:2021-07-21-11--05--44 Colour Conversion Completed
INFO:root:2021-07-21-11--05--44 Sleep Check Completed
INFO:root:2021-07-21-11--05--44 Frame manipulations completed
INFO:root:2021-07-21-11--05--44 Bounding Box Drawn
INFO:root:2021-07-21-11--05--45 MovingFrameQueue Appended
INFO:root:2021-07-21-11--05--45 anomallyFrameTracker resetted to 200
INFO:root:2021-07-21-11--05--45 Colour Conversion Completed
INFO:root:2021-07-21-11--05--45 Sleep Check Completed
INFO:root:2021-07-21-11--05--45 Frame manipulations completed
INFO:root:2021-07-21-11--05--45 Bounding Box Drawn
INFO:root:2021-07-21-11--05--45 MovingFrameQueue Appended
INFO:root:2021-07-21-11--05--45 anomallyFrameTracker resetted to 200
INFO:root:2021-07-21-11--05--45 Colour Conversion Completed
INFO:root:2021-07-21-11--05--45 Sleep Check Completed
INFO:root:2021-07-21-11--05--45 Frame manipulations completed
INFO:root:2021-07-21-11--05--45 Bounding Box Drawn
INFO:root:2021-07-21-11--05--45 MovingFrameQueue Appended
INFO:root:2021-07-21-11--05--45 anomallyFrameTracker resetted to 200
INFO:root:2021-07-21-11--05--45 Colour Conversion Completed
INFO:root:2021-07-21-11--05--45 Sleep Check Completed
INFO:root:2021-07-21-11--05--45 Frame manipulations completed
INFO:root:2021-07-21-11--05--45 Bounding Box Drawn
INFO:root:2021-07-21-11--05--45 MovingFrameQueue Appended
INFO:root:2021-07-21-11--05--45 anomallyFrameTracker resetted to 200
INFO:root:2021-07-21-11--05--45 Colour Conversion Completed
INFO:root:2021-07-21-11--05--45 Sleep Check Completed
INFO:root:2021-07-21-11--05--45 Frame manipulations completed
INFO:root:2021-07-21-11--05--45 Bounding Box Drawn
INFO:root:2021-07-21-11--05--45 MovingFrameQueue Appended
INFO:root:2021-07-21-11--05--45 anomallyFrameTracker resetted to 200
INFO:root:2021-07-21-11--05--45 Colour Conversion Completed
INFO:root:2021-07-21-11--05--45 Sleep Check Completed
INFO:root:2021-07-21-11--05--45 Frame manipulations completed
INFO:root:2021-07-21-11--05--45 Bounding Box Drawn
INFO:root:2021-07-21-11--05--46 MovingFrameQueue Appended
INFO:root:2021-07-21-11--05--46 anomallyFrameTracker resetted to 200
INFO:root:2021-07-21-11--05--46 Colour Conversion Completed
INFO:root:2021-07-21-11--05--46 Sleep Check Completed
INFO:root:2021-07-21-11--05--46 Frame manipulations completed
INFO:root:2021-07-21-11--05--46 Bounding Box Drawn
INFO:root:2021-07-21-11--05--46 MovingFrameQueue Appended
INFO:root:2021-07-21-11--05--46 anomallyFrameTracker resetted to 200
INFO:root:2021-07-21-11--05--46 Colour Conversion Completed
INFO:root:2021-07-21-11--05--46 Sleep Check Completed
INFO:root:2021-07-21-11--05--46 Frame manipulations completed
INFO:root:2021-07-21-11--05--46 Bounding Box Drawn
INFO:root:2021-07-21-11--05--46 MovingFrameQueue Appended
INFO:root:2021-07-21-11--05--46 anomallyFrameTracker resetted to 200
INFO:root:2021-07-21-11--05--46 Colour Conversion Completed
INFO:root:2021-07-21-11--05--46 Sleep Check Completed
INFO:root:2021-07-21-11--05--46 Frame manipulations completed
INFO:root:2021-07-21-11--05--46 Bounding Box Drawn
INFO:root:2021-07-21-11--05--46 MovingFrameQueue Appended
INFO:root:2021-07-21-11--05--46 anomallyFrameTracker resetted to 200
INFO:root:2021-07-21-11--05--46 Colour Conversion Completed
INFO:root:2021-07-21-11--05--46 Sleep Check Completed
INFO:root:2021-07-21-11--05--46 Frame manipulations completed
INFO:root:2021-07-21-11--05--46 Bounding Box Drawn
INFO:root:2021-07-21-11--05--46 MovingFrameQueue Appended
INFO:root:2021-07-21-11--05--46 anomallyFrameTracker resetted to 200
INFO:root:2021-07-21-11--05--46 Colour Conversion Completed
INFO:root:2021-07-21-11--05--46 Sleep Check Completed
INFO:root:2021-07-21-11--05--46 Frame manipulations completed
INFO:root:2021-07-21-11--05--46 Bounding Box Drawn
INFO:root:2021-07-21-11--05--46 MovingFrameQueue Appended
INFO:root:2021-07-21-11--05--46 anomallyFrameTracker resetted to 200
INFO:root:2021-07-21-11--05--46 Colour Conversion Completed
INFO:root:2021-07-21-11--05--46 Sleep Check Completed
INFO:root:2021-07-21-11--05--46 Frame manipulations completed
INFO:root:2021-07-21-11--05--46 Bounding Box Drawn
INFO:root:2021-07-21-11--05--47 MovingFrameQueue Appended
INFO:root:2021-07-21-11--05--47 anomallyFrameTracker resetted to 200
INFO:root:2021-07-21-11--05--47 Colour Conversion Completed
INFO:root:2021-07-21-11--05--47 Sleep Check Completed
INFO:root:2021-07-21-11--05--47 Frame manipulations completed
INFO:root:2021-07-21-11--05--47 Bounding Box Drawn
INFO:root:2021-07-21-11--05--47 MovingFrameQueue Appended
INFO:root:2021-07-21-11--05--47 anomallyFrameTracker resetted to 200
INFO:root:2021-07-21-11--05--47 Colour Conversion Completed
INFO:root:2021-07-21-11--05--47 Sleep Check Completed
INFO:root:2021-07-21-11--05--47 Frame manipulations completed
INFO:root:2021-07-21-11--05--47 Bounding Box Drawn
INFO:root:2021-07-21-11--05--47 MovingFrameQueue Appended
INFO:root:2021-07-21-11--05--47 anomallyFrameTracker resetted to 200
INFO:root:2021-07-21-11--05--47 Colour Conversion Completed
INFO:root:2021-07-21-11--05--47 Sleep Check Completed
INFO:root:2021-07-21-11--05--47 Frame manipulations completed
INFO:root:2021-07-21-11--05--47 Bounding Box Drawn
INFO:root:2021-07-21-11--05--47 MovingFrameQueue Appended
INFO:root:2021-07-21-11--05--47 anomallyFrameTracker resetted to 200
INFO:root:2021-07-21-11--05--47 Colour Conversion Completed
INFO:root:2021-07-21-11--05--47 Sleep Check Completed
INFO:root:2021-07-21-11--05--47 Frame manipulations completed
INFO:root:2021-07-21-11--05--47 Bounding Box Drawn
INFO:root:2021-07-21-11--05--47 MovingFrameQueue Appended
INFO:root:2021-07-21-11--05--47 anomallyFrameTracker resetted to 200
INFO:root:2021-07-21-11--05--47 Colour Conversion Completed
INFO:root:2021-07-21-11--05--47 Sleep Check Completed
INFO:root:2021-07-21-11--05--47 Frame manipulations completed
INFO:root:2021-07-21-11--05--47 Bounding Box Drawn
INFO:root:2021-07-21-11--05--48 MovingFrameQueue Appended
INFO:root:2021-07-21-11--05--48 anomallyFrameTracker resetted to 200
INFO:root:2021-07-21-11--05--48 Colour Conversion Completed
INFO:root:2021-07-21-11--05--48 Sleep Check Completed
INFO:root:2021-07-21-11--05--48 Frame manipulations completed
INFO:root:2021-07-21-11--05--48 Bounding Box Drawn
INFO:root:2021-07-21-11--05--48 MovingFrameQueue Appended
INFO:root:2021-07-21-11--05--48 anomallyFrameTracker resetted to 200
INFO:root:2021-07-21-11--05--48 Colour Conversion Completed
INFO:root:2021-07-21-11--05--48 Sleep Check Completed
INFO:root:2021-07-21-11--05--48 Frame manipulations completed
INFO:root:2021-07-21-11--05--48 Bounding Box Drawn
INFO:root:2021-07-21-11--05--48 MovingFrameQueue Appended
INFO:root:2021-07-21-11--05--48 anomallyFrameTracker resetted to 200
INFO:root:2021-07-21-11--05--48 Colour Conversion Completed
INFO:root:2021-07-21-11--05--48 Sleep Check Completed
INFO:root:2021-07-21-11--05--48 Frame manipulations completed
INFO:root:2021-07-21-11--05--48 Bounding Box Drawn
INFO:root:2021-07-21-11--05--48 MovingFrameQueue Appended
INFO:root:2021-07-21-11--05--48 anomallyFrameTracker resetted to 200
INFO:root:2021-07-21-11--05--48 Colour Conversion Completed
INFO:root:2021-07-21-11--05--48 Sleep Check Completed
INFO:root:2021-07-21-11--05--48 Frame manipulations completed
INFO:root:2021-07-21-11--05--48 Bounding Box Drawn
INFO:root:2021-07-21-11--05--48 MovingFrameQueue Appended
INFO:root:2021-07-21-11--05--48 anomallyFrameTracker resetted to 200
INFO:root:2021-07-21-11--05--48 Colour Conversion Completed
INFO:root:2021-07-21-11--05--48 Sleep Check Completed
INFO:root:2021-07-21-11--05--48 Frame manipulations completed
INFO:root:2021-07-21-11--05--48 Bounding Box Drawn
INFO:root:2021-07-21-11--05--48 MovingFrameQueue Appended
INFO:root:2021-07-21-11--05--48 anomallyFrameTracker resetted to 200
INFO:root:2021-07-21-11--05--48 Colour Conversion Completed
INFO:root:2021-07-21-11--05--48 Sleep Check Completed
INFO:root:2021-07-21-11--05--48 Frame manipulations completed
INFO:root:2021-07-21-11--05--48 Bounding Box Drawn
INFO:root:2021-07-21-11--05--49 MovingFrameQueue Appended
INFO:root:2021-07-21-11--05--49 anomallyFrameTracker resetted to 200
INFO:root:2021-07-21-11--05--49 Colour Conversion Completed
INFO:root:2021-07-21-11--05--49 Sleep Check Completed
INFO:root:2021-07-21-11--05--49 Frame manipulations completed
INFO:root:2021-07-21-11--05--49 Bounding Box Drawn
INFO:root:2021-07-21-11--05--49 MovingFrameQueue Appended
INFO:root:2021-07-21-11--05--49 anomallyFrameTracker resetted to 200
INFO:root:2021-07-21-11--05--49 Colour Conversion Completed
INFO:root:2021-07-21-11--05--49 Sleep Check Completed
INFO:root:2021-07-21-11--05--49 Frame manipulations completed
INFO:root:2021-07-21-11--05--49 Bounding Box Drawn
INFO:root:2021-07-21-11--05--49 MovingFrameQueue Appended
INFO:root:2021-07-21-11--05--49 anomallyFrameTracker resetted to 200
INFO:root:2021-07-21-11--05--49 Colour Conversion Completed
INFO:root:2021-07-21-11--05--49 Sleep Check Completed
INFO:root:2021-07-21-11--05--49 Frame manipulations completed
INFO:root:2021-07-21-11--05--49 Bounding Box Drawn
INFO:root:2021-07-21-11--05--49 MovingFrameQueue Appended
INFO:root:2021-07-21-11--05--49 anomallyFrameTracker resetted to 200
INFO:root:2021-07-21-11--05--49 Colour Conversion Completed
INFO:root:2021-07-21-11--05--49 Sleep Check Completed
INFO:root:2021-07-21-11--05--49 Frame manipulations completed
INFO:root:2021-07-21-11--05--49 Bounding Box Drawn
INFO:root:2021-07-21-11--05--49 MovingFrameQueue Appended
INFO:root:2021-07-21-11--05--49 anomallyFrameTracker resetted to 200
INFO:root:2021-07-21-11--05--49 Colour Conversion Completed
INFO:root:2021-07-21-11--05--49 Sleep Check Completed
INFO:root:2021-07-21-11--05--49 Frame manipulations completed
INFO:root:2021-07-21-11--05--49 Bounding Box Drawn
INFO:root:2021-07-21-11--05--49 MovingFrameQueue Appended
INFO:root:2021-07-21-11--05--49 anomallyFrameTracker resetted to 200
INFO:root:2021-07-21-11--05--49 Colour Conversion Completed
INFO:root:2021-07-21-11--05--49 Sleep Check Completed
INFO:root:2021-07-21-11--05--49 Frame manipulations completed
INFO:root:2021-07-21-11--05--49 Bounding Box Drawn
INFO:root:2021-07-21-11--05--50 MovingFrameQueue Appended
INFO:root:2021-07-21-11--05--50 anomallyFrameTracker resetted to 200
INFO:root:2021-07-21-11--05--50 Colour Conversion Completed
INFO:root:2021-07-21-11--05--50 Sleep Check Completed
INFO:root:2021-07-21-11--05--50 Frame manipulations completed
INFO:root:2021-07-21-11--05--50 Bounding Box Drawn
INFO:root:2021-07-21-11--05--50 MovingFrameQueue Appended
INFO:root:2021-07-21-11--05--50 anomallyFrameTracker resetted to 200
INFO:root:2021-07-21-11--05--50 Colour Conversion Completed
INFO:root:2021-07-21-11--05--50 Sleep Check Completed
INFO:root:2021-07-21-11--05--50 Frame manipulations completed
INFO:root:2021-07-21-11--05--50 Bounding Box Drawn
INFO:root:2021-07-21-11--05--50 MovingFrameQueue Appended
INFO:root:2021-07-21-11--05--50 anomallyFrameTracker resetted to 200
INFO:root:2021-07-21-11--05--50 Colour Conversion Completed
INFO:root:2021-07-21-11--05--50 Sleep Check Completed
INFO:root:2021-07-21-11--05--50 Frame manipulations completed
INFO:root:2021-07-21-11--05--50 Bounding Box Drawn
INFO:root:2021-07-21-11--05--50 MovingFrameQueue Appended
INFO:root:2021-07-21-11--05--50 anomallyFrameTracker resetted to 200
INFO:root:2021-07-21-11--05--50 Colour Conversion Completed
INFO:root:2021-07-21-11--05--50 Sleep Check Completed
INFO:root:2021-07-21-11--05--50 Frame manipulations completed
INFO:root:2021-07-21-11--05--50 Bounding Box Drawn
INFO:root:2021-07-21-11--05--50 MovingFrameQueue Appended
INFO:root:2021-07-21-11--05--50 anomallyFrameTracker resetted to 200
INFO:root:2021-07-21-11--05--50 Colour Conversion Completed
INFO:root:2021-07-21-11--05--50 Sleep Check Completed
INFO:root:2021-07-21-11--05--50 Frame manipulations completed
INFO:root:2021-07-21-11--05--50 Bounding Box Drawn
INFO:root:2021-07-21-11--05--50 MovingFrameQueue Appended
INFO:root:2021-07-21-11--05--50 anomallyFrameTracker resetted to 200
INFO:root:2021-07-21-11--05--50 Colour Conversion Completed
INFO:root:2021-07-21-11--05--50 Sleep Check Completed
INFO:root:2021-07-21-11--05--50 Frame manipulations completed
INFO:root:2021-07-21-11--05--50 Bounding Box Drawn
INFO:root:2021-07-21-11--05--51 MovingFrameQueue Appended
INFO:root:2021-07-21-11--05--51 anomallyFrameTracker resetted to 200
INFO:root:2021-07-21-11--05--51 Colour Conversion Completed
INFO:root:2021-07-21-11--05--51 Sleep Check Completed
INFO:root:2021-07-21-11--05--51 Frame manipulations completed
INFO:root:2021-07-21-11--05--51 Bounding Box Drawn
INFO:root:2021-07-21-11--05--51 MovingFrameQueue Appended
INFO:root:2021-07-21-11--05--51 anomallyFrameTracker resetted to 200
INFO:root:2021-07-21-11--05--51 Colour Conversion Completed
INFO:root:2021-07-21-11--05--51 Sleep Check Completed
INFO:root:2021-07-21-11--05--51 Frame manipulations completed
INFO:root:2021-07-21-11--05--51 Bounding Box Drawn
INFO:root:2021-07-21-11--05--51 MovingFrameQueue Appended
INFO:root:2021-07-21-11--05--51 anomallyFrameTracker resetted to 200
INFO:root:2021-07-21-11--05--51 Colour Conversion Completed
INFO:root:2021-07-21-11--05--51 Sleep Check Completed
INFO:root:2021-07-21-11--05--51 Frame manipulations completed
INFO:root:2021-07-21-11--05--51 Bounding Box Drawn
INFO:root:2021-07-21-11--05--51 MovingFrameQueue Appended
INFO:root:2021-07-21-11--05--51 anomallyFrameTracker resetted to 200
INFO:root:2021-07-21-11--05--51 Colour Conversion Completed
INFO:root:2021-07-21-11--05--51 Sleep Check Completed
INFO:root:2021-07-21-11--05--51 Frame manipulations completed
INFO:root:2021-07-21-11--05--51 Bounding Box Drawn
INFO:root:2021-07-21-11--05--51 MovingFrameQueue Appended
INFO:root:2021-07-21-11--05--51 anomallyFrameTracker resetted to 200
INFO:root:2021-07-21-11--05--51 Colour Conversion Completed
INFO:root:2021-07-21-11--05--51 Sleep Check Completed
INFO:root:2021-07-21-11--05--51 Frame manipulations completed
INFO:root:2021-07-21-11--05--51 Bounding Box Drawn
INFO:root:2021-07-21-11--05--51 MovingFrameQueue Appended
INFO:root:2021-07-21-11--05--51 anomallyFrameTracker resetted to 200
INFO:root:2021-07-21-11--05--51 Colour Conversion Completed
INFO:root:2021-07-21-11--05--51 Sleep Check Completed
INFO:root:2021-07-21-11--05--51 Frame manipulations completed
INFO:root:2021-07-21-11--05--51 Bounding Box Drawn
INFO:root:2021-07-21-11--05--52 MovingFrameQueue Appended
INFO:root:2021-07-21-11--05--52 anomallyFrameTracker resetted to 200
INFO:root:2021-07-21-11--05--52 Colour Conversion Completed
INFO:root:2021-07-21-11--05--52 Sleep Check Completed
INFO:root:2021-07-21-11--05--52 Frame manipulations completed
INFO:root:2021-07-21-11--05--52 Bounding Box Drawn
INFO:root:2021-07-21-11--05--52 MovingFrameQueue Appended
INFO:root:2021-07-21-11--05--52 anomallyFrameTracker resetted to 200
INFO:root:2021-07-21-11--05--52 Colour Conversion Completed
INFO:root:2021-07-21-11--05--52 Sleep Check Completed
INFO:root:2021-07-21-11--05--52 Frame manipulations completed
INFO:root:2021-07-21-11--05--52 Bounding Box Drawn
INFO:root:2021-07-21-11--05--52 MovingFrameQueue Popped
INFO:root:2021-07-21-11--05--52 anomallyFrameTracker resetted to 200
INFO:root:2021-07-21-11--05--52 Colour Conversion Completed
INFO:root:2021-07-21-11--05--52 Sleep Check Completed
INFO:root:2021-07-21-11--05--52 Frame manipulations completed
INFO:root:2021-07-21-11--05--52 Bounding Box Drawn
INFO:root:2021-07-21-11--05--52 MovingFrameQueue Appended
INFO:root:2021-07-21-11--05--52 anomallyFrameTracker resetted to 200
INFO:root:2021-07-21-11--05--52 Colour Conversion Completed
INFO:root:2021-07-21-11--05--52 Sleep Check Completed
INFO:root:2021-07-21-11--05--52 Frame manipulations completed
INFO:root:2021-07-21-11--05--52 Bounding Box Drawn
INFO:root:2021-07-21-11--05--52 MovingFrameQueue Popped
INFO:root:2021-07-21-11--05--52 anomallyFrameTracker resetted to 200
INFO:root:2021-07-21-11--05--52 Colour Conversion Completed
INFO:root:2021-07-21-11--05--52 Sleep Check Completed
INFO:root:2021-07-21-11--05--52 Frame manipulations completed
INFO:root:2021-07-21-11--05--52 Bounding Box Drawn
INFO:root:2021-07-21-11--05--53 MovingFrameQueue Appended
INFO:root:2021-07-21-11--05--53 anomallyFrameTracker resetted to 200
INFO:root:2021-07-21-11--05--53 Colour Conversion Completed
INFO:root:2021-07-21-11--05--53 Sleep Check Completed
INFO:root:2021-07-21-11--05--53 Frame manipulations completed
INFO:root:2021-07-21-11--05--53 Bounding Box Drawn
INFO:root:2021-07-21-11--05--53 MovingFrameQueue Popped
INFO:root:2021-07-21-11--05--53 anomallyFrameTracker resetted to 200
INFO:root:2021-07-21-11--05--53 Colour Conversion Completed
INFO:root:2021-07-21-11--05--53 Sleep Check Completed
INFO:root:2021-07-21-11--05--53 Frame manipulations completed
INFO:root:2021-07-21-11--05--53 Bounding Box Drawn
INFO:root:2021-07-21-11--05--53 MovingFrameQueue Appended
INFO:root:2021-07-21-11--05--53 anomallyFrameTracker resetted to 200
INFO:root:2021-07-21-11--05--53 Colour Conversion Completed
INFO:root:2021-07-21-11--05--53 Sleep Check Completed
INFO:root:2021-07-21-11--05--53 Frame manipulations completed
INFO:root:2021-07-21-11--05--53 Bounding Box Drawn
INFO:root:2021-07-21-11--05--53 MovingFrameQueue Popped
INFO:root:2021-07-21-11--05--53 anomallyFrameTracker resetted to 200
INFO:root:2021-07-21-11--05--53 Colour Conversion Completed
INFO:root:2021-07-21-11--05--53 Sleep Check Completed
INFO:root:2021-07-21-11--05--53 Frame manipulations completed
INFO:root:2021-07-21-11--05--53 Bounding Box Drawn
INFO:root:2021-07-21-11--05--53 MovingFrameQueue Appended
INFO:root:2021-07-21-11--05--53 anomallyFrameTracker resetted to 200
INFO:root:2021-07-21-11--05--53 Colour Conversion Completed
INFO:root:2021-07-21-11--05--53 Sleep Check Completed
INFO:root:2021-07-21-11--05--53 Frame manipulations completed
INFO:root:2021-07-21-11--05--53 Bounding Box Drawn
INFO:root:2021-07-21-11--05--53 MovingFrameQueue Popped
INFO:root:2021-07-21-11--05--53 anomallyFrameTracker resetted to 200
INFO:root:2021-07-21-11--05--53 Colour Conversion Completed
INFO:root:2021-07-21-11--05--53 Sleep Check Completed
INFO:root:2021-07-21-11--05--53 Frame manipulations completed
INFO:root:2021-07-21-11--05--53 Bounding Box Drawn
INFO:root:2021-07-21-11--05--54 MovingFrameQueue Appended
INFO:root:2021-07-21-11--05--54 anomallyFrameTracker resetted to 200
INFO:root:2021-07-21-11--05--54 Colour Conversion Completed
INFO:root:2021-07-21-11--05--54 Sleep Check Completed
INFO:root:2021-07-21-11--05--54 Frame manipulations completed
INFO:root:2021-07-21-11--05--54 Bounding Box Drawn
INFO:root:2021-07-21-11--05--54 MovingFrameQueue Popped
INFO:root:2021-07-21-11--05--54 anomallyFrameTracker resetted to 200
INFO:root:2021-07-21-11--05--54 Colour Conversion Completed
INFO:root:2021-07-21-11--05--54 Sleep Check Completed
INFO:root:2021-07-21-11--05--54 Frame manipulations completed
INFO:root:2021-07-21-11--05--54 Bounding Box Drawn
INFO:root:2021-07-21-11--05--54 MovingFrameQueue Appended
INFO:root:2021-07-21-11--05--54 anomallyFrameTracker resetted to 200
INFO:root:2021-07-21-11--05--54 Colour Conversion Completed
INFO:root:2021-07-21-11--05--54 Sleep Check Completed
INFO:root:2021-07-21-11--05--54 Frame manipulations completed
INFO:root:2021-07-21-11--05--54 Bounding Box Drawn
INFO:root:2021-07-21-11--05--54 MovingFrameQueue Popped
INFO:root:2021-07-21-11--05--54 anomallyFrameTracker resetted to 200
INFO:root:2021-07-21-11--05--54 Colour Conversion Completed
INFO:root:2021-07-21-11--05--54 Sleep Check Completed
INFO:root:2021-07-21-11--05--54 Frame manipulations completed
INFO:root:2021-07-21-11--05--54 Bounding Box Drawn
INFO:root:2021-07-21-11--05--54 MovingFrameQueue Appended
INFO:root:2021-07-21-11--05--54 anomallyFrameTracker resetted to 200
INFO:root:2021-07-21-11--05--54 Colour Conversion Completed
INFO:root:2021-07-21-11--05--54 Sleep Check Completed
INFO:root:2021-07-21-11--05--54 Frame manipulations completed
INFO:root:2021-07-21-11--05--54 Bounding Box Drawn
INFO:root:2021-07-21-11--05--55 MovingFrameQueue Popped
INFO:root:2021-07-21-11--05--55 anomallyFrameTracker resetted to 200
INFO:root:2021-07-21-11--05--55 Colour Conversion Completed
INFO:root:2021-07-21-11--05--55 Sleep Check Completed
INFO:root:2021-07-21-11--05--55 Frame manipulations completed
INFO:root:2021-07-21-11--05--55 Bounding Box Drawn
INFO:root:2021-07-21-11--05--55 MovingFrameQueue Appended
INFO:root:2021-07-21-11--05--55 anomallyFrameTracker resetted to 200
INFO:root:2021-07-21-11--05--55 Colour Conversion Completed
INFO:root:2021-07-21-11--05--55 Sleep Check Completed
INFO:root:2021-07-21-11--05--55 Frame manipulations completed
INFO:root:2021-07-21-11--05--55 Bounding Box Drawn
INFO:root:2021-07-21-11--05--55 MovingFrameQueue Popped
INFO:root:2021-07-21-11--05--55 anomallyFrameTracker resetted to 200
INFO:root:2021-07-21-11--05--55 Colour Conversion Completed
INFO:root:2021-07-21-11--05--55 Sleep Check Completed
INFO:root:2021-07-21-11--05--55 Frame manipulations completed
INFO:root:2021-07-21-11--05--55 Bounding Box Drawn
INFO:root:2021-07-21-11--05--55 MovingFrameQueue Appended
INFO:root:2021-07-21-11--05--55 anomallyFrameTracker resetted to 200
INFO:root:2021-07-21-11--05--55 Colour Conversion Completed
INFO:root:2021-07-21-11--05--55 Sleep Check Completed
INFO:root:2021-07-21-11--05--55 Frame manipulations completed
INFO:root:2021-07-21-11--05--55 Bounding Box Drawn
INFO:root:2021-07-21-11--05--55 MovingFrameQueue Popped
INFO:root:2021-07-21-11--05--55 anomallyFrameTracker resetted to 200
INFO:root:2021-07-21-11--05--55 Colour Conversion Completed
INFO:root:2021-07-21-11--05--55 Sleep Check Completed
INFO:root:2021-07-21-11--05--55 Frame manipulations completed
INFO:root:2021-07-21-11--05--55 Bounding Box Drawn
INFO:root:2021-07-21-11--05--55 MovingFrameQueue Appended
INFO:root:2021-07-21-11--05--55 anomallyFrameTracker resetted to 200
INFO:root:2021-07-21-11--05--55 Colour Conversion Completed
INFO:root:2021-07-21-11--05--55 Sleep Check Completed
INFO:root:2021-07-21-11--05--55 Frame manipulations completed
INFO:root:2021-07-21-11--05--55 Bounding Box Drawn
INFO:root:2021-07-21-11--05--56 MovingFrameQueue Popped
INFO:root:2021-07-21-11--05--56 anomallyFrameTracker resetted to 200
INFO:root:2021-07-21-11--05--56 Colour Conversion Completed
INFO:root:2021-07-21-11--05--56 Sleep Check Completed
INFO:root:2021-07-21-11--05--56 Frame manipulations completed
INFO:root:2021-07-21-11--05--56 Bounding Box Drawn
INFO:root:2021-07-21-11--05--56 MovingFrameQueue Appended
INFO:root:2021-07-21-11--05--56 anomallyFrameTracker resetted to 200
INFO:root:2021-07-21-11--05--56 Colour Conversion Completed
INFO:root:2021-07-21-11--05--56 Sleep Check Completed
INFO:root:2021-07-21-11--05--56 Frame manipulations completed
INFO:root:2021-07-21-11--05--56 Bounding Box Drawn
INFO:root:2021-07-21-11--05--56 MovingFrameQueue Popped
INFO:root:2021-07-21-11--05--56 anomallyFrameTracker resetted to 200
INFO:root:2021-07-21-11--05--56 Colour Conversion Completed
INFO:root:2021-07-21-11--05--56 Sleep Check Completed
INFO:root:2021-07-21-11--05--56 Frame manipulations completed
INFO:root:2021-07-21-11--05--56 Bounding Box Drawn
INFO:root:2021-07-21-11--05--56 MovingFrameQueue Appended
INFO:root:2021-07-21-11--05--56 anomallyFrameTracker resetted to 200
INFO:root:2021-07-21-11--05--56 Colour Conversion Completed
INFO:root:2021-07-21-11--05--56 Sleep Check Completed
INFO:root:2021-07-21-11--05--56 Frame manipulations completed
INFO:root:2021-07-21-11--05--56 Bounding Box Drawn
INFO:root:2021-07-21-11--05--56 MovingFrameQueue Popped
INFO:root:2021-07-21-11--05--56 anomallyFrameTracker resetted to 200
INFO:root:2021-07-21-11--05--56 Colour Conversion Completed
INFO:root:2021-07-21-11--05--56 Sleep Check Completed
INFO:root:2021-07-21-11--05--56 Frame manipulations completed
INFO:root:2021-07-21-11--05--56 Bounding Box Drawn
INFO:root:2021-07-21-11--05--57 MovingFrameQueue Appended
INFO:root:2021-07-21-11--05--57 anomallyFrameTracker resetted to 200
INFO:root:2021-07-21-11--05--57 Colour Conversion Completed
INFO:root:2021-07-21-11--05--57 Sleep Check Completed
INFO:root:2021-07-21-11--05--57 Frame manipulations completed
INFO:root:2021-07-21-11--05--57 Bounding Box Drawn
INFO:root:2021-07-21-11--05--57 MovingFrameQueue Popped
INFO:root:2021-07-21-11--05--57 anomallyFrameTracker resetted to 200
INFO:root:2021-07-21-11--05--57 Colour Conversion Completed
INFO:root:2021-07-21-11--05--57 Sleep Check Completed
INFO:root:2021-07-21-11--05--57 Frame manipulations completed
INFO:root:2021-07-21-11--05--57 Bounding Box Drawn
INFO:root:2021-07-21-11--05--57 MovingFrameQueue Appended
INFO:root:2021-07-21-11--05--57 anomallyFrameTracker resetted to 200
INFO:root:2021-07-21-11--05--57 Colour Conversion Completed
INFO:root:2021-07-21-11--05--57 Sleep Check Completed
INFO:root:2021-07-21-11--05--57 Frame manipulations completed
INFO:root:2021-07-21-11--05--57 Bounding Box Drawn
INFO:root:2021-07-21-11--05--57 MovingFrameQueue Popped
INFO:root:2021-07-21-11--05--57 anomallyFrameTracker resetted to 200
INFO:root:2021-07-21-11--05--57 Colour Conversion Completed
INFO:root:2021-07-21-11--05--57 Sleep Check Completed
INFO:root:2021-07-21-11--05--57 Frame manipulations completed
INFO:root:2021-07-21-11--05--57 Bounding Box Drawn
INFO:root:2021-07-21-11--05--57 MovingFrameQueue Appended
INFO:root:2021-07-21-11--05--57 anomallyFrameTracker resetted to 200
INFO:root:2021-07-21-11--05--57 Colour Conversion Completed
INFO:root:2021-07-21-11--05--57 Sleep Check Completed
INFO:root:2021-07-21-11--05--57 Frame manipulations completed
INFO:root:2021-07-21-11--05--57 Bounding Box Drawn
INFO:root:2021-07-21-11--05--58 MovingFrameQueue Popped
INFO:root:2021-07-21-11--05--58 anomallyFrameTracker resetted to 200
INFO:root:2021-07-21-11--05--58 Colour Conversion Completed
INFO:root:2021-07-21-11--05--58 Sleep Check Completed
INFO:root:2021-07-21-11--05--58 Frame manipulations completed
INFO:root:2021-07-21-11--05--58 Bounding Box Drawn
INFO:root:2021-07-21-11--05--58 MovingFrameQueue Appended
INFO:root:2021-07-21-11--05--58 anomallyFrameTracker resetted to 200
INFO:root:2021-07-21-11--05--58 Colour Conversion Completed
INFO:root:2021-07-21-11--05--58 Sleep Check Completed
INFO:root:2021-07-21-11--05--58 Frame manipulations completed
INFO:root:2021-07-21-11--05--58 Bounding Box Drawn
INFO:root:2021-07-21-11--05--58 MovingFrameQueue Popped
INFO:root:2021-07-21-11--05--58 anomallyFrameTracker resetted to 200
INFO:root:2021-07-21-11--05--58 Colour Conversion Completed
INFO:root:2021-07-21-11--05--58 Sleep Check Completed
INFO:root:2021-07-21-11--05--58 Frame manipulations completed
INFO:root:2021-07-21-11--05--58 Bounding Box Drawn
INFO:root:2021-07-21-11--05--58 MovingFrameQueue Appended
INFO:root:2021-07-21-11--05--58 anomallyFrameTracker resetted to 200
INFO:root:2021-07-21-11--05--58 Colour Conversion Completed
INFO:root:2021-07-21-11--05--58 Sleep Check Completed
INFO:root:2021-07-21-11--05--58 Frame manipulations completed
INFO:root:2021-07-21-11--05--58 Bounding Box Drawn
INFO:root:2021-07-21-11--05--59 MovingFrameQueue Popped
INFO:root:2021-07-21-11--05--59 anomallyFrameTracker resetted to 200
INFO:root:2021-07-21-11--05--59 Colour Conversion Completed
INFO:root:2021-07-21-11--05--59 Sleep Check Completed
INFO:root:2021-07-21-11--05--59 Frame manipulations completed
INFO:root:2021-07-21-11--05--59 Bounding Box Drawn
INFO:root:2021-07-21-11--05--59 MovingFrameQueue Appended
INFO:root:2021-07-21-11--05--59 anomallyFrameTracker resetted to 200
INFO:root:2021-07-21-11--05--59 Colour Conversion Completed
INFO:root:2021-07-21-11--05--59 Sleep Check Completed
INFO:root:2021-07-21-11--05--59 Frame manipulations completed
INFO:root:2021-07-21-11--05--59 Bounding Box Drawn
INFO:root:2021-07-21-11--05--59 MovingFrameQueue Popped
INFO:root:2021-07-21-11--05--59 anomallyFrameTracker resetted to 200
INFO:root:2021-07-21-11--05--59 Colour Conversion Completed
INFO:root:2021-07-21-11--05--59 Sleep Check Completed
INFO:root:2021-07-21-11--05--59 Frame manipulations completed
INFO:root:2021-07-21-11--05--59 Bounding Box Drawn
INFO:root:2021-07-21-11--05--59 MovingFrameQueue Appended
INFO:root:2021-07-21-11--05--59 anomallyFrameTracker resetted to 200
INFO:root:2021-07-21-11--05--59 Colour Conversion Completed
INFO:root:2021-07-21-11--05--59 Sleep Check Completed
INFO:root:2021-07-21-11--05--59 Frame manipulations completed
INFO:root:2021-07-21-11--05--59 Bounding Box Drawn
INFO:root:2021-07-21-11--05--59 MovingFrameQueue Popped
INFO:root:2021-07-21-11--05--59 anomallyFrameTracker resetted to 200
INFO:root:2021-07-21-11--05--59 Colour Conversion Completed
INFO:root:2021-07-21-11--06--00 Sleep Check Completed
INFO:root:2021-07-21-11--06--00 Frame manipulations completed
INFO:root:2021-07-21-11--06--00 Bounding Box Drawn
INFO:root:2021-07-21-11--06--00 MovingFrameQueue Appended
INFO:root:2021-07-21-11--06--00 anomallyFrameTracker resetted to 200
INFO:root:2021-07-21-11--06--00 Colour Conversion Completed
INFO:root:2021-07-21-11--06--00 Sleep Check Completed
INFO:root:2021-07-21-11--06--00 Frame manipulations completed
INFO:root:2021-07-21-11--06--00 Bounding Box Drawn
INFO:root:2021-07-21-11--06--00 MovingFrameQueue Popped
INFO:root:2021-07-21-11--06--00 anomallyFrameTracker resetted to 200
INFO:root:2021-07-21-11--06--00 Colour Conversion Completed
INFO:root:2021-07-21-11--06--00 Sleep Check Completed
INFO:root:2021-07-21-11--06--00 Frame manipulations completed
INFO:root:2021-07-21-11--06--00 Bounding Box Drawn
INFO:root:2021-07-21-11--06--00 MovingFrameQueue Appended
INFO:root:2021-07-21-11--06--00 anomallyFrameTracker resetted to 200
INFO:root:2021-07-21-11--06--00 Colour Conversion Completed
INFO:root:2021-07-21-11--06--00 Sleep Check Completed
INFO:root:2021-07-21-11--06--00 Frame manipulations completed
INFO:root:2021-07-21-11--06--00 Bounding Box Drawn
INFO:root:2021-07-21-11--06--01 MovingFrameQueue Popped
INFO:root:2021-07-21-11--06--01 anomallyFrameTracker resetted to 200
INFO:root:2021-07-21-11--06--01 Colour Conversion Completed
INFO:root:2021-07-21-11--06--01 Sleep Check Completed
INFO:root:2021-07-21-11--06--01 Frame manipulations completed
INFO:root:2021-07-21-11--06--01 Bounding Box Drawn
INFO:root:2021-07-21-11--06--01 MovingFrameQueue Appended
INFO:root:2021-07-21-11--06--01 anomallyFrameTracker resetted to 200
INFO:root:2021-07-21-11--06--01 Colour Conversion Completed
INFO:root:2021-07-21-11--06--01 Sleep Check Completed
INFO:root:2021-07-21-11--06--01 Frame manipulations completed
INFO:root:2021-07-21-11--06--01 Bounding Box Drawn
INFO:root:2021-07-21-11--06--01 MovingFrameQueue Popped
INFO:root:2021-07-21-11--06--01 anomallyFrameTracker resetted to 200
INFO:root:2021-07-21-11--06--01 Colour Conversion Completed
INFO:root:2021-07-21-11--06--01 Sleep Check Completed
INFO:root:2021-07-21-11--06--01 Frame manipulations completed
INFO:root:2021-07-21-11--06--01 Bounding Box Drawn
INFO:root:2021-07-21-11--06--01 MovingFrameQueue Appended
INFO:root:2021-07-21-11--06--01 anomallyFrameTracker resetted to 200
INFO:root:2021-07-21-11--06--01 Colour Conversion Completed
INFO:root:2021-07-21-11--06--01 Sleep Check Completed
INFO:root:2021-07-21-11--06--01 Frame manipulations completed
INFO:root:2021-07-21-11--06--01 Bounding Box Drawn
INFO:root:2021-07-21-11--06--02 MovingFrameQueue Popped
INFO:root:2021-07-21-11--06--02 anomallyFrameTracker resetted to 200
INFO:root:2021-07-21-11--06--02 Colour Conversion Completed
INFO:root:2021-07-21-11--06--02 Sleep Check Completed
INFO:root:2021-07-21-11--06--02 Frame manipulations completed
INFO:root:2021-07-21-11--06--02 Bounding Box Drawn
INFO:root:2021-07-21-11--06--02 MovingFrameQueue Appended
INFO:root:2021-07-21-11--06--02 anomallyFrameTracker resetted to 200
INFO:root:2021-07-21-11--06--02 Colour Conversion Completed
INFO:root:2021-07-21-11--06--02 Sleep Check Completed
INFO:root:2021-07-21-11--06--02 Frame manipulations completed
INFO:root:2021-07-21-11--06--02 Bounding Box Drawn
INFO:root:2021-07-21-11--06--02 MovingFrameQueue Popped
INFO:root:2021-07-21-11--06--02 anomallyFrameTracker resetted to 200
INFO:root:2021-07-21-11--06--02 Colour Conversion Completed
INFO:root:2021-07-21-11--06--02 Sleep Check Completed
INFO:root:2021-07-21-11--06--02 Frame manipulations completed
INFO:root:2021-07-21-11--06--02 Bounding Box Drawn
INFO:root:2021-07-21-11--06--02 MovingFrameQueue Appended
INFO:root:2021-07-21-11--06--02 anomallyFrameTracker resetted to 200
INFO:root:2021-07-21-11--06--02 Colour Conversion Completed
INFO:root:2021-07-21-11--06--02 Sleep Check Completed
INFO:root:2021-07-21-11--06--02 Frame manipulations completed
INFO:root:2021-07-21-11--06--02 Bounding Box Drawn
INFO:root:2021-07-21-11--06--02 MovingFrameQueue Popped
INFO:root:2021-07-21-11--06--02 anomallyFrameTracker resetted to 200
INFO:root:2021-07-21-11--06--02 Colour Conversion Completed
INFO:root:2021-07-21-11--06--03 Sleep Check Completed
INFO:root:2021-07-21-11--06--03 Frame manipulations completed
INFO:root:2021-07-21-11--06--03 Bounding Box Drawn
INFO:root:2021-07-21-11--06--03 MovingFrameQueue Appended
INFO:root:2021-07-21-11--06--03 anomallyFrameTracker resetted to 200
INFO:root:2021-07-21-11--06--03 Colour Conversion Completed
INFO:root:2021-07-21-11--06--03 Sleep Check Completed
INFO:root:2021-07-21-11--06--03 Frame manipulations completed
INFO:root:2021-07-21-11--06--03 Bounding Box Drawn
INFO:root:2021-07-21-11--06--03 MovingFrameQueue Popped
INFO:root:2021-07-21-11--06--03 anomallyFrameTracker resetted to 200
INFO:root:2021-07-21-11--06--03 Colour Conversion Completed
INFO:root:2021-07-21-11--06--03 Sleep Check Completed
INFO:root:2021-07-21-11--06--03 Frame manipulations completed
INFO:root:2021-07-21-11--06--03 Bounding Box Drawn
INFO:root:2021-07-21-11--06--03 MovingFrameQueue Appended
INFO:root:2021-07-21-11--06--03 anomallyFrameTracker resetted to 200
INFO:root:2021-07-21-11--06--03 Colour Conversion Completed
INFO:root:2021-07-21-11--06--03 Sleep Check Completed
INFO:root:2021-07-21-11--06--03 Frame manipulations completed
INFO:root:2021-07-21-11--06--03 Bounding Box Drawn
INFO:root:2021-07-21-11--06--03 MovingFrameQueue Popped
INFO:root:2021-07-21-11--06--03 anomallyFrameTracker resetted to 200
INFO:root:2021-07-21-11--06--03 Colour Conversion Completed
INFO:root:2021-07-21-11--06--04 Sleep Check Completed
INFO:root:2021-07-21-11--06--04 Frame manipulations completed
INFO:root:2021-07-21-11--06--04 Bounding Box Drawn
INFO:root:2021-07-21-11--06--04 MovingFrameQueue Appended
INFO:root:2021-07-21-11--06--04 anomallyFrameTracker resetted to 200
INFO:root:2021-07-21-11--06--04 Colour Conversion Completed
INFO:root:2021-07-21-11--06--04 Sleep Check Completed
INFO:root:2021-07-21-11--06--04 Frame manipulations completed
INFO:root:2021-07-21-11--06--04 Bounding Box Drawn
INFO:root:2021-07-21-11--06--04 MovingFrameQueue Popped
INFO:root:2021-07-21-11--06--04 anomallyFrameTracker resetted to 200
INFO:root:2021-07-21-11--06--04 Colour Conversion Completed
INFO:root:2021-07-21-11--06--04 Sleep Check Completed
INFO:root:2021-07-21-11--06--04 Frame manipulations completed
INFO:root:2021-07-21-11--06--04 Bounding Box Drawn
INFO:root:2021-07-21-11--06--04 MovingFrameQueue Appended
INFO:root:2021-07-21-11--06--04 anomallyFrameTracker resetted to 200
INFO:root:2021-07-21-11--06--04 Colour Conversion Completed
INFO:root:2021-07-21-11--06--04 Sleep Check Completed
INFO:root:2021-07-21-11--06--04 Frame manipulations completed
INFO:root:2021-07-21-11--06--04 Bounding Box Drawn
INFO:root:2021-07-21-11--06--04 MovingFrameQueue Popped
INFO:root:2021-07-21-11--06--04 anomallyFrameTracker resetted to 200
INFO:root:2021-07-21-11--06--04 Colour Conversion Completed
INFO:root:2021-07-21-11--06--04 Sleep Check Completed
INFO:root:2021-07-21-11--06--04 Frame manipulations completed
INFO:root:2021-07-21-11--06--04 Bounding Box Drawn
INFO:root:2021-07-21-11--06--05 MovingFrameQueue Appended
INFO:root:2021-07-21-11--06--05 anomallyFrameTracker resetted to 200
INFO:root:2021-07-21-11--06--05 Colour Conversion Completed
INFO:root:2021-07-21-11--06--05 Sleep Check Completed
INFO:root:2021-07-21-11--06--05 Frame manipulations completed
INFO:root:2021-07-21-11--06--05 Bounding Box Drawn
INFO:root:2021-07-21-11--06--05 MovingFrameQueue Popped
INFO:root:2021-07-21-11--06--05 anomallyFrameTracker resetted to 200
INFO:root:2021-07-21-11--06--05 Colour Conversion Completed
INFO:root:2021-07-21-11--06--05 Sleep Check Completed
INFO:root:2021-07-21-11--06--05 Frame manipulations completed
INFO:root:2021-07-21-11--06--05 Bounding Box Drawn
INFO:root:2021-07-21-11--06--05 MovingFrameQueue Appended
INFO:root:2021-07-21-11--06--05 anomallyFrameTracker resetted to 200
INFO:root:2021-07-21-11--06--05 Colour Conversion Completed
INFO:root:2021-07-21-11--06--05 Sleep Check Completed
INFO:root:2021-07-21-11--06--05 Frame manipulations completed
INFO:root:2021-07-21-11--06--05 Bounding Box Drawn
INFO:root:2021-07-21-11--06--05 MovingFrameQueue Popped
INFO:root:2021-07-21-11--06--05 anomallyFrameTracker resetted to 200
INFO:root:2021-07-21-11--06--05 Colour Conversion Completed
INFO:root:2021-07-21-11--06--05 Sleep Check Completed
INFO:root:2021-07-21-11--06--05 Frame manipulations completed
INFO:root:2021-07-21-11--06--05 Bounding Box Drawn
INFO:root:2021-07-21-11--06--05 MovingFrameQueue Appended
INFO:root:2021-07-21-11--06--05 anomallyFrameTracker resetted to 200
INFO:root:2021-07-21-11--06--05 Colour Conversion Completed
INFO:root:2021-07-21-11--06--05 Sleep Check Completed
INFO:root:2021-07-21-11--06--05 Frame manipulations completed
INFO:root:2021-07-21-11--06--05 Bounding Box Drawn
INFO:root:2021-07-21-11--06--06 MovingFrameQueue Popped
INFO:root:2021-07-21-11--06--06 anomallyFrameTracker resetted to 200
INFO:root:2021-07-21-11--06--06 Colour Conversion Completed
INFO:root:2021-07-21-11--06--06 Sleep Check Completed
INFO:root:2021-07-21-11--06--06 Frame manipulations completed
INFO:root:2021-07-21-11--06--06 Bounding Box Drawn
INFO:root:2021-07-21-11--06--06 MovingFrameQueue Appended
INFO:root:2021-07-21-11--06--06 anomallyFrameTracker resetted to 200
INFO:root:2021-07-21-11--06--06 Colour Conversion Completed
INFO:root:2021-07-21-11--06--06 Sleep Check Completed
INFO:root:2021-07-21-11--06--06 Frame manipulations completed
INFO:root:2021-07-21-11--06--06 Bounding Box Drawn
INFO:root:2021-07-21-11--06--06 MovingFrameQueue Popped
INFO:root:2021-07-21-11--06--06 anomallyFrameTracker resetted to 200
INFO:root:2021-07-21-11--06--06 Colour Conversion Completed
INFO:root:2021-07-21-11--06--06 Sleep Check Completed
INFO:root:2021-07-21-11--06--06 Frame manipulations completed
INFO:root:2021-07-21-11--06--06 Bounding Box Drawn
INFO:root:2021-07-21-11--06--06 MovingFrameQueue Appended
INFO:root:2021-07-21-11--06--06 anomallyFrameTracker resetted to 200
INFO:root:2021-07-21-11--06--06 Colour Conversion Completed
INFO:root:2021-07-21-11--06--06 Sleep Check Completed
INFO:root:2021-07-21-11--06--06 Frame manipulations completed
INFO:root:2021-07-21-11--06--06 Bounding Box Drawn
INFO:root:2021-07-21-11--06--06 MovingFrameQueue Popped
INFO:root:2021-07-21-11--06--06 anomallyFrameTracker resetted to 200
INFO:root:2021-07-21-11--06--06 Colour Conversion Completed
INFO:root:2021-07-21-11--06--06 Sleep Check Completed
INFO:root:2021-07-21-11--06--06 Frame manipulations completed
INFO:root:2021-07-21-11--06--06 Bounding Box Drawn
INFO:root:2021-07-21-11--06--06 MovingFrameQueue Appended
INFO:root:2021-07-21-11--06--06 anomallyFrameTracker resetted to 200
INFO:root:2021-07-21-11--06--06 Colour Conversion Completed
INFO:root:2021-07-21-11--06--06 Sleep Check Completed
INFO:root:2021-07-21-11--06--06 Frame manipulations completed
INFO:root:2021-07-21-11--06--06 Bounding Box Drawn
INFO:root:2021-07-21-11--06--06 MovingFrameQueue Popped
INFO:root:2021-07-21-11--06--06 anomallyFrameTracker resetted to 200
INFO:root:2021-07-21-11--06--06 Colour Conversion Completed
INFO:root:2021-07-21-11--06--06 Sleep Check Completed
INFO:root:2021-07-21-11--06--06 Frame manipulations completed
INFO:root:2021-07-21-11--06--06 Bounding Box Drawn
INFO:root:2021-07-21-11--06--07 MovingFrameQueue Appended
INFO:root:2021-07-21-11--06--07 anomallyFrameTracker resetted to 200
INFO:root:2021-07-21-11--06--07 Colour Conversion Completed
INFO:root:2021-07-21-11--06--07 Sleep Check Completed
INFO:root:2021-07-21-11--06--07 Frame manipulations completed
INFO:root:2021-07-21-11--06--07 Bounding Box Drawn
INFO:root:2021-07-21-11--06--07 MovingFrameQueue Popped
INFO:root:2021-07-21-11--06--07 anomallyFrameTracker resetted to 200
INFO:root:2021-07-21-11--06--07 Colour Conversion Completed
INFO:root:2021-07-21-11--06--07 Sleep Check Completed
INFO:root:2021-07-21-11--06--07 Frame manipulations completed
INFO:root:2021-07-21-11--06--07 Bounding Box Drawn
INFO:root:2021-07-21-11--06--07 MovingFrameQueue Appended
INFO:root:2021-07-21-11--06--07 anomallyFrameTracker resetted to 200
INFO:root:2021-07-21-11--06--07 Colour Conversion Completed
INFO:root:2021-07-21-11--06--07 Sleep Check Completed
INFO:root:2021-07-21-11--06--07 Frame manipulations completed
INFO:root:2021-07-21-11--06--07 Bounding Box Drawn
INFO:root:2021-07-21-11--06--07 MovingFrameQueue Popped
INFO:root:2021-07-21-11--06--07 anomallyFrameTracker resetted to 200
INFO:root:2021-07-21-11--06--07 Colour Conversion Completed
INFO:root:2021-07-21-11--06--07 Sleep Check Completed
INFO:root:2021-07-21-11--06--07 Frame manipulations completed
INFO:root:2021-07-21-11--06--07 Bounding Box Drawn
INFO:root:2021-07-21-11--06--07 MovingFrameQueue Appended
INFO:root:2021-07-21-11--06--07 anomallyFrameTracker resetted to 200
INFO:root:2021-07-21-11--06--07 Colour Conversion Completed
INFO:root:2021-07-21-11--06--07 Sleep Check Completed
INFO:root:2021-07-21-11--06--07 Frame manipulations completed
INFO:root:2021-07-21-11--06--07 Bounding Box Drawn
INFO:root:2021-07-21-11--06--07 MovingFrameQueue Popped
INFO:root:2021-07-21-11--06--07 anomallyFrameTracker resetted to 200
INFO:root:2021-07-21-11--06--07 Colour Conversion Completed
INFO:root:2021-07-21-11--06--07 Sleep Check Completed
INFO:root:2021-07-21-11--06--07 Frame manipulations completed
INFO:root:2021-07-21-11--06--07 Bounding Box Drawn
INFO:root:2021-07-21-11--06--08 MovingFrameQueue Appended
INFO:root:2021-07-21-11--06--08 anomallyFrameTracker resetted to 200
INFO:root:2021-07-21-11--06--08 Colour Conversion Completed
INFO:root:2021-07-21-11--06--08 Sleep Check Completed
INFO:root:2021-07-21-11--06--08 Frame manipulations completed
INFO:root:2021-07-21-11--06--08 Bounding Box Drawn
INFO:root:2021-07-21-11--06--08 MovingFrameQueue Popped
INFO:root:2021-07-21-11--06--08 anomallyFrameTracker resetted to 200
INFO:root:2021-07-21-11--06--08 Colour Conversion Completed
INFO:root:2021-07-21-11--06--08 Sleep Check Completed
INFO:root:2021-07-21-11--06--08 Frame manipulations completed
INFO:root:2021-07-21-11--06--08 Bounding Box Drawn
INFO:root:2021-07-21-11--06--08 MovingFrameQueue Appended
INFO:root:2021-07-21-11--06--08 anomallyFrameTracker resetted to 200
INFO:root:2021-07-21-11--06--08 Colour Conversion Completed
INFO:root:2021-07-21-11--06--08 Sleep Check Completed
INFO:root:2021-07-21-11--06--08 Frame manipulations completed
INFO:root:2021-07-21-11--06--08 Bounding Box Drawn
INFO:root:2021-07-21-11--06--08 MovingFrameQueue Popped
INFO:root:2021-07-21-11--06--08 anomallyFrameTracker resetted to 200
INFO:root:2021-07-21-11--06--08 Colour Conversion Completed
INFO:root:2021-07-21-11--06--08 Sleep Check Completed
INFO:root:2021-07-21-11--06--08 Frame manipulations completed
INFO:root:2021-07-21-11--06--08 Bounding Box Drawn
INFO:root:2021-07-21-11--06--08 MovingFrameQueue Appended
INFO:root:2021-07-21-11--06--08 anomallyFrameTracker resetted to 200
INFO:root:2021-07-21-11--06--08 Colour Conversion Completed
INFO:root:2021-07-21-11--06--08 Sleep Check Completed
INFO:root:2021-07-21-11--06--08 Frame manipulations completed
INFO:root:2021-07-21-11--06--08 Bounding Box Drawn
INFO:root:2021-07-21-11--06--09 MovingFrameQueue Popped
INFO:root:2021-07-21-11--06--09 anomallyFrameTracker resetted to 200
INFO:root:2021-07-21-11--06--09 Colour Conversion Completed
INFO:root:2021-07-21-11--06--09 Sleep Check Completed
INFO:root:2021-07-21-11--06--09 Frame manipulations completed
INFO:root:2021-07-21-11--06--09 Bounding Box Drawn
INFO:root:2021-07-21-11--06--09 MovingFrameQueue Appended
INFO:root:2021-07-21-11--06--09 anomallyFrameTracker resetted to 200
INFO:root:2021-07-21-11--06--09 Colour Conversion Completed
INFO:root:2021-07-21-11--06--09 Sleep Check Completed
INFO:root:2021-07-21-11--06--09 Frame manipulations completed
INFO:root:2021-07-21-11--06--09 Bounding Box Drawn
INFO:root:2021-07-21-11--06--09 MovingFrameQueue Popped
INFO:root:2021-07-21-11--06--09 anomallyFrameTracker resetted to 200
INFO:root:2021-07-21-11--06--09 Colour Conversion Completed
INFO:root:2021-07-21-11--06--09 Sleep Check Completed
INFO:root:2021-07-21-11--06--09 Frame manipulations completed
INFO:root:2021-07-21-11--06--09 Bounding Box Drawn
INFO:root:2021-07-21-11--06--09 MovingFrameQueue Appended
INFO:root:2021-07-21-11--06--09 anomallyFrameTracker resetted to 200
INFO:root:2021-07-21-11--06--09 Colour Conversion Completed
INFO:root:2021-07-21-11--06--09 Sleep Check Completed
INFO:root:2021-07-21-11--06--09 Frame manipulations completed
INFO:root:2021-07-21-11--06--09 Bounding Box Drawn
INFO:root:2021-07-21-11--06--09 MovingFrameQueue Popped
INFO:root:2021-07-21-11--06--09 anomallyFrameTracker resetted to 200
INFO:root:2021-07-21-11--06--09 Colour Conversion Completed
INFO:root:2021-07-21-11--06--09 Sleep Check Completed
INFO:root:2021-07-21-11--06--09 Frame manipulations completed
INFO:root:2021-07-21-11--06--09 Bounding Box Drawn
INFO:root:2021-07-21-11--06--09 MovingFrameQueue Appended
INFO:root:2021-07-21-11--06--09 anomallyFrameTracker resetted to 200
INFO:root:2021-07-21-11--06--09 Colour Conversion Completed
INFO:root:2021-07-21-11--06--09 Sleep Check Completed
INFO:root:2021-07-21-11--06--09 Frame manipulations completed
INFO:root:2021-07-21-11--06--09 Bounding Box Drawn
INFO:root:2021-07-21-11--06--10 MovingFrameQueue Popped
INFO:root:2021-07-21-11--06--10 anomallyFrameTracker resetted to 200
INFO:root:2021-07-21-11--06--10 Colour Conversion Completed
INFO:root:2021-07-21-11--06--10 Sleep Check Completed
INFO:root:2021-07-21-11--06--10 Frame manipulations completed
INFO:root:2021-07-21-11--06--10 Bounding Box Drawn
INFO:root:2021-07-21-11--06--10 MovingFrameQueue Appended
INFO:root:2021-07-21-11--06--10 anomallyFrameTracker resetted to 200
INFO:root:2021-07-21-11--06--10 Colour Conversion Completed
INFO:root:2021-07-21-11--06--10 Sleep Check Completed
INFO:root:2021-07-21-11--06--10 Frame manipulations completed
INFO:root:2021-07-21-11--06--10 Bounding Box Drawn
INFO:root:2021-07-21-11--06--10 MovingFrameQueue Popped
INFO:root:2021-07-21-11--06--10 anomallyFrameTracker resetted to 200
INFO:root:2021-07-21-11--06--10 Colour Conversion Completed
INFO:root:2021-07-21-11--06--10 Sleep Check Completed
INFO:root:2021-07-21-11--06--10 Frame manipulations completed
INFO:root:2021-07-21-11--06--10 Bounding Box Drawn
INFO:root:2021-07-21-11--06--10 MovingFrameQueue Appended
INFO:root:2021-07-21-11--06--10 anomallyFrameTracker resetted to 200
INFO:root:2021-07-21-11--06--10 Colour Conversion Completed
INFO:root:2021-07-21-11--06--10 Sleep Check Completed
INFO:root:2021-07-21-11--06--10 Frame manipulations completed
INFO:root:2021-07-21-11--06--10 Bounding Box Drawn
INFO:root:2021-07-21-11--06--10 MovingFrameQueue Popped
INFO:root:2021-07-21-11--06--10 anomallyFrameTracker resetted to 200
INFO:root:2021-07-21-11--06--10 Colour Conversion Completed
INFO:root:2021-07-21-11--06--10 Sleep Check Completed
INFO:root:2021-07-21-11--06--10 Frame manipulations completed
INFO:root:2021-07-21-11--06--10 Bounding Box Drawn
INFO:root:2021-07-21-11--06--11 MovingFrameQueue Appended
INFO:root:2021-07-21-11--06--11 anomallyFrameTracker resetted to 200
INFO:root:2021-07-21-11--06--11 Colour Conversion Completed
INFO:root:2021-07-21-11--06--11 Sleep Check Completed
INFO:root:2021-07-21-11--06--11 Frame manipulations completed
INFO:root:2021-07-21-11--06--11 Bounding Box Drawn
INFO:root:2021-07-21-11--06--11 MovingFrameQueue Popped
INFO:root:2021-07-21-11--06--11 anomallyFrameTracker resetted to 200
INFO:root:2021-07-21-11--06--11 Colour Conversion Completed
INFO:root:2021-07-21-11--06--11 Sleep Check Completed
INFO:root:2021-07-21-11--06--11 Frame manipulations completed
INFO:root:2021-07-21-11--06--11 Bounding Box Drawn
INFO:root:2021-07-21-11--06--11 MovingFrameQueue Appended
INFO:root:2021-07-21-11--06--11 anomallyFrameTracker resetted to 200
INFO:root:2021-07-21-11--06--11 Colour Conversion Completed
INFO:root:2021-07-21-11--06--11 Sleep Check Completed
INFO:root:2021-07-21-11--06--11 Frame manipulations completed
INFO:root:2021-07-21-11--06--11 Bounding Box Drawn
INFO:root:2021-07-21-11--06--11 MovingFrameQueue Popped
INFO:root:2021-07-21-11--06--11 anomallyFrameTracker resetted to 200
INFO:root:2021-07-21-11--06--11 Colour Conversion Completed
INFO:root:2021-07-21-11--06--11 Sleep Check Completed
INFO:root:2021-07-21-11--06--11 Frame manipulations completed
INFO:root:2021-07-21-11--06--11 Bounding Box Drawn
INFO:root:2021-07-21-11--06--11 MovingFrameQueue Appended
INFO:root:2021-07-21-11--06--11 anomallyFrameTracker resetted to 200
INFO:root:2021-07-21-11--06--11 Colour Conversion Completed
INFO:root:2021-07-21-11--06--11 Sleep Check Completed
INFO:root:2021-07-21-11--06--11 Frame manipulations completed
INFO:root:2021-07-21-11--06--11 Bounding Box Drawn
INFO:root:2021-07-21-11--06--12 MovingFrameQueue Popped
INFO:root:2021-07-21-11--06--12 anomallyFrameTracker resetted to 200
INFO:root:2021-07-21-11--06--12 Colour Conversion Completed
INFO:root:2021-07-21-11--06--12 Sleep Check Completed
INFO:root:2021-07-21-11--06--12 Frame manipulations completed
INFO:root:2021-07-21-11--06--12 Bounding Box Drawn
INFO:root:2021-07-21-11--06--12 MovingFrameQueue Appended
INFO:root:2021-07-21-11--06--12 anomallyFrameTracker resetted to 200
INFO:root:2021-07-21-11--06--12 Colour Conversion Completed
INFO:root:2021-07-21-11--06--12 Sleep Check Completed
INFO:root:2021-07-21-11--06--12 Frame manipulations completed
INFO:root:2021-07-21-11--06--12 Bounding Box Drawn
INFO:root:2021-07-21-11--06--12 MovingFrameQueue Popped
INFO:root:2021-07-21-11--06--12 anomallyFrameTracker resetted to 200
INFO:root:2021-07-21-11--06--12 Colour Conversion Completed
INFO:root:2021-07-21-11--06--12 Sleep Check Completed
INFO:root:2021-07-21-11--06--12 Frame manipulations completed
INFO:root:2021-07-21-11--06--12 Bounding Box Drawn
INFO:root:2021-07-21-11--06--12 MovingFrameQueue Appended
INFO:root:2021-07-21-11--06--12 anomallyFrameTracker resetted to 200
INFO:root:2021-07-21-11--06--12 Colour Conversion Completed
INFO:root:2021-07-21-11--06--12 Sleep Check Completed
INFO:root:2021-07-21-11--06--12 Frame manipulations completed
INFO:root:2021-07-21-11--06--12 Bounding Box Drawn
INFO:root:2021-07-21-11--06--12 MovingFrameQueue Popped
INFO:root:2021-07-21-11--06--12 anomallyFrameTracker resetted to 200
INFO:root:2021-07-21-11--06--12 Colour Conversion Completed
INFO:root:2021-07-21-11--06--12 Sleep Check Completed
INFO:root:2021-07-21-11--06--12 Frame manipulations completed
INFO:root:2021-07-21-11--06--12 Bounding Box Drawn
INFO:root:2021-07-21-11--06--12 MovingFrameQueue Appended
INFO:root:2021-07-21-11--06--12 anomallyFrameTracker resetted to 200
INFO:root:2021-07-21-11--06--12 Colour Conversion Completed
INFO:root:2021-07-21-11--06--12 Sleep Check Completed
INFO:root:2021-07-21-11--06--12 Frame manipulations completed
INFO:root:2021-07-21-11--06--12 Bounding Box Drawn
INFO:root:2021-07-21-11--06--12 MovingFrameQueue Popped
INFO:root:2021-07-21-11--06--12 anomallyFrameTracker resetted to 200
INFO:root:2021-07-21-11--06--12 Colour Conversion Completed
INFO:root:2021-07-21-11--06--12 Sleep Check Completed
INFO:root:2021-07-21-11--06--12 Frame manipulations completed
INFO:root:2021-07-21-11--06--12 Bounding Box Drawn
INFO:root:2021-07-21-11--06--13 MovingFrameQueue Appended
INFO:root:2021-07-21-11--06--13 anomallyFrameTracker resetted to 200
INFO:root:2021-07-21-11--06--13 Colour Conversion Completed
INFO:root:2021-07-21-11--06--13 Sleep Check Completed
INFO:root:2021-07-21-11--06--13 Frame manipulations completed
INFO:root:2021-07-21-11--06--13 Bounding Box Drawn
INFO:root:2021-07-21-11--06--13[INFO] elapsed time: 35.99
INFO:root:2021-07-21-11--06--13[INFO] approx. FPS: 4.36
INFO:root:2021-07-21-11--06--19 Getting Auth Token Success
INFO:root:2021-07-21-11--06--19 BedTime Upload Completed
