INFO:root:2021-08-10-14--48--33 Parameter Generation Success
INFO:root:2021-08-10-14--48--33 Colour Conversion Completed
INFO:root:2021-08-10-14--48--33 Sleep Check Completed
INFO:root:2021-08-10-14--48--33 Frame manipulations completed
INFO:root:2021-08-10-14--48--33 Bounding Box Drawn
INFO:root:2021-08-10-14--48--39 MovingFrameQueue Appended
INFO:root:2021-08-10-14--48--39 Colour Conversion Completed
INFO:root:2021-08-10-14--48--39 Sleep Check Completed
INFO:root:2021-08-10-14--48--39 Frame manipulations completed
INFO:root:2021-08-10-14--48--39 Bounding Box Drawn
INFO:root:2021-08-10-14--48--39 MovingFrameQueue Appended
INFO:root:2021-08-10-14--48--39 Colour Conversion Completed
INFO:root:2021-08-10-14--48--39 Sleep Check Completed
INFO:root:2021-08-10-14--48--39 Frame manipulations completed
INFO:root:2021-08-10-14--48--39 Bounding Box Drawn
INFO:root:2021-08-10-14--48--39 MovingFrameQueue Appended
INFO:root:2021-08-10-14--48--39 Colour Conversion Completed
INFO:root:2021-08-10-14--48--39 Sleep Check Completed
INFO:root:2021-08-10-14--48--39 Frame manipulations completed
INFO:root:2021-08-10-14--48--39 Bounding Box Drawn
INFO:root:2021-08-10-14--48--39 MovingFrameQueue Appended
INFO:root:2021-08-10-14--48--39 Colour Conversion Completed
INFO:root:2021-08-10-14--48--39 Sleep Check Completed
INFO:root:2021-08-10-14--48--39 Frame manipulations completed
INFO:root:2021-08-10-14--48--39 Bounding Box Drawn
INFO:root:2021-08-10-14--48--39 MovingFrameQueue Appended
INFO:root:2021-08-10-14--48--39 Colour Conversion Completed
INFO:root:2021-08-10-14--48--40 Sleep Check Completed
INFO:root:2021-08-10-14--48--40 Frame manipulations completed
INFO:root:2021-08-10-14--48--40 Bounding Box Drawn
INFO:root:2021-08-10-14--48--40 MovingFrameQueue Appended
INFO:root:2021-08-10-14--48--40 Colour Conversion Completed
INFO:root:2021-08-10-14--48--40 Sleep Check Completed
INFO:root:2021-08-10-14--48--40 Frame manipulations completed
INFO:root:2021-08-10-14--48--40 Bounding Box Drawn
INFO:root:2021-08-10-14--48--40 MovingFrameQueue Appended
INFO:root:2021-08-10-14--48--40 Colour Conversion Completed
INFO:root:2021-08-10-14--48--40 Sleep Check Completed
INFO:root:2021-08-10-14--48--40 Frame manipulations completed
INFO:root:2021-08-10-14--48--40 Bounding Box Drawn
INFO:root:2021-08-10-14--48--40 MovingFrameQueue Appended
INFO:root:2021-08-10-14--48--40 Colour Conversion Completed
INFO:root:2021-08-10-14--48--40 Sleep Check Completed
INFO:root:2021-08-10-14--48--40 Frame manipulations completed
INFO:root:2021-08-10-14--48--40 Bounding Box Drawn
INFO:root:2021-08-10-14--48--40 MovingFrameQueue Appended
INFO:root:2021-08-10-14--48--40 Colour Conversion Completed
INFO:root:2021-08-10-14--48--40 Sleep Check Completed
INFO:root:2021-08-10-14--48--40 Frame manipulations completed
INFO:root:2021-08-10-14--48--40 Bounding Box Drawn
INFO:root:2021-08-10-14--48--40 MovingFrameQueue Appended
INFO:root:2021-08-10-14--48--40 Colour Conversion Completed
INFO:root:2021-08-10-14--48--40 Sleep Check Completed
INFO:root:2021-08-10-14--48--40 Frame manipulations completed
INFO:root:2021-08-10-14--48--40 Bounding Box Drawn
INFO:root:2021-08-10-14--48--40 MovingFrameQueue Appended
INFO:root:2021-08-10-14--48--40 Colour Conversion Completed
INFO:root:2021-08-10-14--48--40 Sleep Check Completed
INFO:root:2021-08-10-14--48--40 Frame manipulations completed
INFO:root:2021-08-10-14--48--40 Bounding Box Drawn
INFO:root:2021-08-10-14--48--41 MovingFrameQueue Appended
INFO:root:2021-08-10-14--48--41 Colour Conversion Completed
INFO:root:2021-08-10-14--48--41 Sleep Check Completed
INFO:root:2021-08-10-14--48--41 Frame manipulations completed
INFO:root:2021-08-10-14--48--41 Bounding Box Drawn
INFO:root:2021-08-10-14--48--41 MovingFrameQueue Appended
INFO:root:2021-08-10-14--48--41 Colour Conversion Completed
INFO:root:2021-08-10-14--48--41 Sleep Check Completed
INFO:root:2021-08-10-14--48--41 Frame manipulations completed
INFO:root:2021-08-10-14--48--41 Bounding Box Drawn
INFO:root:2021-08-10-14--48--41 MovingFrameQueue Appended
INFO:root:2021-08-10-14--48--41 Colour Conversion Completed
INFO:root:2021-08-10-14--48--41 Sleep Check Completed
INFO:root:2021-08-10-14--48--41 Frame manipulations completed
INFO:root:2021-08-10-14--48--41 Bounding Box Drawn
INFO:root:2021-08-10-14--48--41 MovingFrameQueue Appended
INFO:root:2021-08-10-14--48--41 Colour Conversion Completed
INFO:root:2021-08-10-14--48--41 Sleep Check Completed
INFO:root:2021-08-10-14--48--41 Frame manipulations completed
INFO:root:2021-08-10-14--48--41 Bounding Box Drawn
INFO:root:2021-08-10-14--48--41 MovingFrameQueue Appended
INFO:root:2021-08-10-14--48--41 Colour Conversion Completed
INFO:root:2021-08-10-14--48--41 Sleep Check Completed
INFO:root:2021-08-10-14--48--41 Frame manipulations completed
INFO:root:2021-08-10-14--48--41 Bounding Box Drawn
INFO:root:2021-08-10-14--48--41 MovingFrameQueue Appended
INFO:root:2021-08-10-14--48--41 Colour Conversion Completed
INFO:root:2021-08-10-14--48--41 Sleep Check Completed
INFO:root:2021-08-10-14--48--41 Frame manipulations completed
INFO:root:2021-08-10-14--48--41 Bounding Box Drawn
INFO:root:2021-08-10-14--48--42 MovingFrameQueue Appended
INFO:root:2021-08-10-14--48--42 Colour Conversion Completed
INFO:root:2021-08-10-14--48--42 Sleep Check Completed
INFO:root:2021-08-10-14--48--42 Frame manipulations completed
INFO:root:2021-08-10-14--48--42 Bounding Box Drawn
INFO:root:2021-08-10-14--48--42 MovingFrameQueue Appended
INFO:root:2021-08-10-14--48--42 Colour Conversion Completed
INFO:root:2021-08-10-14--48--42 Sleep Check Completed
INFO:root:2021-08-10-14--48--42 Frame manipulations completed
INFO:root:2021-08-10-14--48--42 Bounding Box Drawn
INFO:root:2021-08-10-14--48--42 MovingFrameQueue Appended
INFO:root:2021-08-10-14--48--42 Colour Conversion Completed
INFO:root:2021-08-10-14--48--42 Sleep Check Completed
INFO:root:2021-08-10-14--48--42 Frame manipulations completed
INFO:root:2021-08-10-14--48--42 Bounding Box Drawn
INFO:root:2021-08-10-14--48--42 MovingFrameQueue Appended
INFO:root:2021-08-10-14--48--42 Colour Conversion Completed
INFO:root:2021-08-10-14--48--42 Sleep Check Completed
INFO:root:2021-08-10-14--48--42 Frame manipulations completed
INFO:root:2021-08-10-14--48--42 Bounding Box Drawn
INFO:root:2021-08-10-14--48--42 MovingFrameQueue Appended
INFO:root:2021-08-10-14--48--42 Colour Conversion Completed
INFO:root:2021-08-10-14--48--42 Sleep Check Completed
INFO:root:2021-08-10-14--48--42 Frame manipulations completed
INFO:root:2021-08-10-14--48--42 Bounding Box Drawn
INFO:root:2021-08-10-14--48--42 MovingFrameQueue Appended
INFO:root:2021-08-10-14--48--42 Colour Conversion Completed
INFO:root:2021-08-10-14--48--42 Sleep Check Completed
INFO:root:2021-08-10-14--48--42 Frame manipulations completed
INFO:root:2021-08-10-14--48--42 Bounding Box Drawn
INFO:root:2021-08-10-14--48--42 MovingFrameQueue Appended
INFO:root:2021-08-10-14--48--42 Colour Conversion Completed
INFO:root:2021-08-10-14--48--42 Sleep Check Completed
INFO:root:2021-08-10-14--48--42 Frame manipulations completed
INFO:root:2021-08-10-14--48--42 Bounding Box Drawn
INFO:root:2021-08-10-14--48--43 MovingFrameQueue Appended
INFO:root:2021-08-10-14--48--43 Colour Conversion Completed
INFO:root:2021-08-10-14--48--43 Sleep Check Completed
INFO:root:2021-08-10-14--48--43 Frame manipulations completed
INFO:root:2021-08-10-14--48--43 Bounding Box Drawn
INFO:root:2021-08-10-14--48--43 MovingFrameQueue Appended
INFO:root:2021-08-10-14--48--43 Colour Conversion Completed
INFO:root:2021-08-10-14--48--43 Sleep Check Completed
INFO:root:2021-08-10-14--48--43 Frame manipulations completed
INFO:root:2021-08-10-14--48--43 Bounding Box Drawn
INFO:root:2021-08-10-14--48--43 MovingFrameQueue Appended
INFO:root:2021-08-10-14--48--43 Colour Conversion Completed
INFO:root:2021-08-10-14--48--43 Sleep Check Completed
INFO:root:2021-08-10-14--48--43 Frame manipulations completed
INFO:root:2021-08-10-14--48--43 Bounding Box Drawn
INFO:root:2021-08-10-14--48--43 MovingFrameQueue Appended
INFO:root:2021-08-10-14--48--43 Colour Conversion Completed
INFO:root:2021-08-10-14--48--43 Sleep Check Completed
INFO:root:2021-08-10-14--48--43 Frame manipulations completed
INFO:root:2021-08-10-14--48--43 Bounding Box Drawn
INFO:root:2021-08-10-14--48--43 MovingFrameQueue Appended
INFO:root:2021-08-10-14--48--43 Colour Conversion Completed
INFO:root:2021-08-10-14--48--43 Sleep Check Completed
INFO:root:2021-08-10-14--48--43 Frame manipulations completed
INFO:root:2021-08-10-14--48--43 Bounding Box Drawn
INFO:root:2021-08-10-14--48--43 MovingFrameQueue Appended
INFO:root:2021-08-10-14--48--43 Colour Conversion Completed
INFO:root:2021-08-10-14--48--43 Sleep Check Completed
INFO:root:2021-08-10-14--48--43 Frame manipulations completed
INFO:root:2021-08-10-14--48--43 Bounding Box Drawn
INFO:root:2021-08-10-14--48--43 MovingFrameQueue Appended
INFO:root:2021-08-10-14--48--43 Colour Conversion Completed
INFO:root:2021-08-10-14--48--43 Sleep Check Completed
INFO:root:2021-08-10-14--48--43 Frame manipulations completed
INFO:root:2021-08-10-14--48--43 Bounding Box Drawn
INFO:root:2021-08-10-14--48--43 MovingFrameQueue Appended
INFO:root:2021-08-10-14--48--43 Colour Conversion Completed
INFO:root:2021-08-10-14--48--43 Sleep Check Completed
INFO:root:2021-08-10-14--48--43 Frame manipulations completed
INFO:root:2021-08-10-14--48--43 Bounding Box Drawn
INFO:root:2021-08-10-14--48--44 MovingFrameQueue Appended
INFO:root:2021-08-10-14--48--44 Colour Conversion Completed
INFO:root:2021-08-10-14--48--44 Sleep Check Completed
INFO:root:2021-08-10-14--48--44 Frame manipulations completed
INFO:root:2021-08-10-14--48--44 Bounding Box Drawn
INFO:root:2021-08-10-14--48--44 MovingFrameQueue Appended
INFO:root:2021-08-10-14--48--44 Colour Conversion Completed
INFO:root:2021-08-10-14--48--44 Sleep Check Completed
INFO:root:2021-08-10-14--48--44 Frame manipulations completed
INFO:root:2021-08-10-14--48--44 Bounding Box Drawn
INFO:root:2021-08-10-14--48--44 MovingFrameQueue Appended
INFO:root:2021-08-10-14--48--44 Colour Conversion Completed
INFO:root:2021-08-10-14--48--44 Sleep Check Completed
INFO:root:2021-08-10-14--48--44 Frame manipulations completed
INFO:root:2021-08-10-14--48--44 Bounding Box Drawn
INFO:root:2021-08-10-14--48--44 MovingFrameQueue Appended
INFO:root:2021-08-10-14--48--44 Colour Conversion Completed
INFO:root:2021-08-10-14--48--44 Sleep Check Completed
INFO:root:2021-08-10-14--48--44 Frame manipulations completed
INFO:root:2021-08-10-14--48--44 Bounding Box Drawn
INFO:root:2021-08-10-14--48--44 MovingFrameQueue Appended
INFO:root:2021-08-10-14--48--44 Colour Conversion Completed
INFO:root:2021-08-10-14--48--44 Sleep Check Completed
INFO:root:2021-08-10-14--48--44 Frame manipulations completed
INFO:root:2021-08-10-14--48--44 Bounding Box Drawn
INFO:root:2021-08-10-14--48--44 MovingFrameQueue Appended
INFO:root:2021-08-10-14--48--44 Colour Conversion Completed
INFO:root:2021-08-10-14--48--44 Sleep Check Completed
INFO:root:2021-08-10-14--48--44 Frame manipulations completed
INFO:root:2021-08-10-14--48--44 Bounding Box Drawn
INFO:root:2021-08-10-14--48--44 MovingFrameQueue Appended
INFO:root:2021-08-10-14--48--44 Colour Conversion Completed
INFO:root:2021-08-10-14--48--44 Sleep Check Completed
INFO:root:2021-08-10-14--48--44 Frame manipulations completed
INFO:root:2021-08-10-14--48--44 Bounding Box Drawn
INFO:root:2021-08-10-14--48--44 MovingFrameQueue Appended
INFO:root:2021-08-10-14--48--44 Colour Conversion Completed
INFO:root:2021-08-10-14--48--44 Sleep Check Completed
INFO:root:2021-08-10-14--48--44 Frame manipulations completed
INFO:root:2021-08-10-14--48--44 Bounding Box Drawn
INFO:root:2021-08-10-14--48--46 MovingFrameQueue Appended
INFO:root:2021-08-10-14--48--46 Colour Conversion Completed
INFO:root:2021-08-10-14--48--46 Sleep Check Completed
INFO:root:2021-08-10-14--48--46 Frame manipulations completed
INFO:root:2021-08-10-14--48--46 Bounding Box Drawn
INFO:root:2021-08-10-14--48--46 MovingFrameQueue Appended
INFO:root:2021-08-10-14--48--46 Colour Conversion Completed
INFO:root:2021-08-10-14--48--46 Sleep Check Completed
INFO:root:2021-08-10-14--48--46 Frame manipulations completed
INFO:root:2021-08-10-14--48--46 Bounding Box Drawn
INFO:root:2021-08-10-14--48--46 MovingFrameQueue Appended
INFO:root:2021-08-10-14--48--46 Colour Conversion Completed
INFO:root:2021-08-10-14--48--46 Sleep Check Completed
INFO:root:2021-08-10-14--48--46 Frame manipulations completed
INFO:root:2021-08-10-14--48--46 Bounding Box Drawn
INFO:root:2021-08-10-14--48--46 MovingFrameQueue Appended
INFO:root:2021-08-10-14--48--46 Colour Conversion Completed
INFO:root:2021-08-10-14--48--46 Sleep Check Completed
INFO:root:2021-08-10-14--48--46 Frame manipulations completed
INFO:root:2021-08-10-14--48--46 Bounding Box Drawn
INFO:root:2021-08-10-14--48--46 MovingFrameQueue Appended
INFO:root:2021-08-10-14--48--46 Colour Conversion Completed
INFO:root:2021-08-10-14--48--46 Sleep Check Completed
INFO:root:2021-08-10-14--48--46 Frame manipulations completed
INFO:root:2021-08-10-14--48--46 Bounding Box Drawn
INFO:root:2021-08-10-14--48--46 MovingFrameQueue Appended
INFO:root:2021-08-10-14--48--46 Colour Conversion Completed
INFO:root:2021-08-10-14--48--46 Sleep Check Completed
INFO:root:2021-08-10-14--48--46 Frame manipulations completed
INFO:root:2021-08-10-14--48--46 Bounding Box Drawn
INFO:root:2021-08-10-14--48--47 MovingFrameQueue Appended
INFO:root:2021-08-10-14--48--47 Colour Conversion Completed
INFO:root:2021-08-10-14--48--47 Sleep Check Completed
INFO:root:2021-08-10-14--48--47 Frame manipulations completed
INFO:root:2021-08-10-14--48--47 Bounding Box Drawn
INFO:root:2021-08-10-14--48--47 MovingFrameQueue Appended
INFO:root:2021-08-10-14--48--47 Colour Conversion Completed
INFO:root:2021-08-10-14--48--47 Sleep Check Completed
INFO:root:2021-08-10-14--48--47 Frame manipulations completed
INFO:root:2021-08-10-14--48--47 Bounding Box Drawn
INFO:root:2021-08-10-14--48--47 MovingFrameQueue Appended
INFO:root:2021-08-10-14--48--47 Colour Conversion Completed
INFO:root:2021-08-10-14--48--47 Sleep Check Completed
INFO:root:2021-08-10-14--48--47 Frame manipulations completed
INFO:root:2021-08-10-14--48--47 Bounding Box Drawn
INFO:root:2021-08-10-14--48--47 MovingFrameQueue Appended
INFO:root:2021-08-10-14--48--47 Colour Conversion Completed
INFO:root:2021-08-10-14--48--47 Sleep Check Completed
INFO:root:2021-08-10-14--48--47 Frame manipulations completed
INFO:root:2021-08-10-14--48--47 Bounding Box Drawn
INFO:root:2021-08-10-14--48--47 MovingFrameQueue Appended
INFO:root:2021-08-10-14--48--47 Colour Conversion Completed
INFO:root:2021-08-10-14--48--47 Sleep Check Completed
INFO:root:2021-08-10-14--48--47 Frame manipulations completed
INFO:root:2021-08-10-14--48--47 Bounding Box Drawn
INFO:root:2021-08-10-14--48--47 MovingFrameQueue Popped
INFO:root:2021-08-10-14--48--47 Colour Conversion Completed
INFO:root:2021-08-10-14--48--47 Sleep Check Completed
INFO:root:2021-08-10-14--48--47 Frame manipulations completed
INFO:root:2021-08-10-14--48--47 Bounding Box Drawn
INFO:root:2021-08-10-14--48--47 MovingFrameQueue Appended
INFO:root:2021-08-10-14--48--47 Colour Conversion Completed
INFO:root:2021-08-10-14--48--47 Sleep Check Completed
INFO:root:2021-08-10-14--48--47 Frame manipulations completed
INFO:root:2021-08-10-14--48--47 Bounding Box Drawn
INFO:root:2021-08-10-14--48--47 MovingFrameQueue Popped
INFO:root:2021-08-10-14--48--47 Colour Conversion Completed
INFO:root:2021-08-10-14--48--47 Sleep Check Completed
INFO:root:2021-08-10-14--48--47 Frame manipulations completed
INFO:root:2021-08-10-14--48--47 Bounding Box Drawn
INFO:root:2021-08-10-14--48--47 MovingFrameQueue Appended
INFO:root:2021-08-10-14--48--47 Colour Conversion Completed
INFO:root:2021-08-10-14--48--48 Sleep Check Completed
INFO:root:2021-08-10-14--48--48 Frame manipulations completed
INFO:root:2021-08-10-14--48--48 Bounding Box Drawn
INFO:root:2021-08-10-14--48--48 MovingFrameQueue Popped
INFO:root:2021-08-10-14--48--48 Colour Conversion Completed
INFO:root:2021-08-10-14--48--48 Sleep Check Completed
INFO:root:2021-08-10-14--48--48 Frame manipulations completed
INFO:root:2021-08-10-14--48--48 Bounding Box Drawn
INFO:root:2021-08-10-14--48--48 MovingFrameQueue Appended
INFO:root:2021-08-10-14--48--48 Colour Conversion Completed
INFO:root:2021-08-10-14--48--48 Sleep Check Completed
INFO:root:2021-08-10-14--48--48 Frame manipulations completed
INFO:root:2021-08-10-14--48--48 Bounding Box Drawn
INFO:root:2021-08-10-14--48--48 MovingFrameQueue Popped
INFO:root:2021-08-10-14--48--48 Colour Conversion Completed
INFO:root:2021-08-10-14--48--48 Sleep Check Completed
INFO:root:2021-08-10-14--48--48 Frame manipulations completed
INFO:root:2021-08-10-14--48--48 Bounding Box Drawn
INFO:root:2021-08-10-14--48--48 MovingFrameQueue Appended
INFO:root:2021-08-10-14--48--48 Colour Conversion Completed
INFO:root:2021-08-10-14--48--48 Sleep Check Completed
INFO:root:2021-08-10-14--48--48 Frame manipulations completed
INFO:root:2021-08-10-14--48--48 Bounding Box Drawn
INFO:root:2021-08-10-14--48--48 MovingFrameQueue Popped
INFO:root:2021-08-10-14--48--48 Colour Conversion Completed
INFO:root:2021-08-10-14--48--48 Sleep Check Completed
INFO:root:2021-08-10-14--48--48 Frame manipulations completed
INFO:root:2021-08-10-14--48--48 Bounding Box Drawn
INFO:root:2021-08-10-14--48--48 MovingFrameQueue Appended
INFO:root:2021-08-10-14--48--48 Colour Conversion Completed
INFO:root:2021-08-10-14--48--48 Sleep Check Completed
INFO:root:2021-08-10-14--48--48 Frame manipulations completed
INFO:root:2021-08-10-14--48--48 Bounding Box Drawn
INFO:root:2021-08-10-14--48--48 MovingFrameQueue Popped
INFO:root:2021-08-10-14--48--48 Colour Conversion Completed
INFO:root:2021-08-10-14--48--48 Sleep Check Completed
INFO:root:2021-08-10-14--48--48 Frame manipulations completed
INFO:root:2021-08-10-14--48--48 Bounding Box Drawn
INFO:root:2021-08-10-14--48--48 MovingFrameQueue Appended
INFO:root:2021-08-10-14--48--48 Colour Conversion Completed
INFO:root:2021-08-10-14--48--48 Sleep Check Completed
INFO:root:2021-08-10-14--48--48 Frame manipulations completed
INFO:root:2021-08-10-14--48--49 Bounding Box Drawn
INFO:root:2021-08-10-14--48--49 MovingFrameQueue Popped
INFO:root:2021-08-10-14--48--49 Colour Conversion Completed
INFO:root:2021-08-10-14--48--49 Sleep Check Completed
INFO:root:2021-08-10-14--48--49 Frame manipulations completed
INFO:root:2021-08-10-14--48--49 Bounding Box Drawn
INFO:root:2021-08-10-14--48--49 MovingFrameQueue Appended
INFO:root:2021-08-10-14--48--49 Colour Conversion Completed
INFO:root:2021-08-10-14--48--49 Sleep Check Completed
INFO:root:2021-08-10-14--48--49 Frame manipulations completed
INFO:root:2021-08-10-14--48--49 Bounding Box Drawn
INFO:root:2021-08-10-14--48--49 MovingFrameQueue Popped
INFO:root:2021-08-10-14--48--49 Colour Conversion Completed
INFO:root:2021-08-10-14--48--49 Sleep Check Completed
INFO:root:2021-08-10-14--48--49 Frame manipulations completed
INFO:root:2021-08-10-14--48--49 Bounding Box Drawn
INFO:root:2021-08-10-14--48--49 MovingFrameQueue Appended
INFO:root:2021-08-10-14--48--49 Colour Conversion Completed
INFO:root:2021-08-10-14--48--49 Sleep Check Completed
INFO:root:2021-08-10-14--48--49 Frame manipulations completed
INFO:root:2021-08-10-14--48--49 Bounding Box Drawn
INFO:root:2021-08-10-14--48--49 MovingFrameQueue Popped
INFO:root:2021-08-10-14--48--49 Colour Conversion Completed
INFO:root:2021-08-10-14--48--49 Sleep Check Completed
INFO:root:2021-08-10-14--48--49 Frame manipulations completed
INFO:root:2021-08-10-14--48--49 Bounding Box Drawn
INFO:root:2021-08-10-14--48--49 MovingFrameQueue Appended
INFO:root:2021-08-10-14--48--49 Colour Conversion Completed
INFO:root:2021-08-10-14--48--49 Sleep Check Completed
INFO:root:2021-08-10-14--48--49 Frame manipulations completed
INFO:root:2021-08-10-14--48--49 Bounding Box Drawn
INFO:root:2021-08-10-14--48--49 MovingFrameQueue Popped
INFO:root:2021-08-10-14--48--49 Colour Conversion Completed
INFO:root:2021-08-10-14--48--49 Sleep Check Completed
INFO:root:2021-08-10-14--48--49 Frame manipulations completed
INFO:root:2021-08-10-14--48--49 Bounding Box Drawn
INFO:root:2021-08-10-14--48--49 MovingFrameQueue Appended
INFO:root:2021-08-10-14--48--49 Colour Conversion Completed
INFO:root:2021-08-10-14--48--49 Sleep Check Completed
INFO:root:2021-08-10-14--48--49 Frame manipulations completed
INFO:root:2021-08-10-14--48--49 Bounding Box Drawn
INFO:root:2021-08-10-14--48--50[INFO] elapsed time: 16.19
INFO:root:2021-08-10-14--48--50[INFO] approx. FPS: 4.39
ERROR:root:2021-08-10-14--48--50 Getting Auth Token Failure
ERROR:root:2021-08-10-14--48--50 BedTime Upload Failed
