INFO:root:2021-07-21-11--04--17 Parameter Generation Success
INFO:root:2021-07-21-11--04--17 Colour Conversion Completed
INFO:root:2021-07-21-11--04--17 Sleep Check Completed
INFO:root:2021-07-21-11--04--17 Frame manipulations completed
INFO:root:2021-07-21-11--04--17 Bounding Box Drawn
INFO:root:2021-07-21-11--04--23 MovingFrameQueue Appended
INFO:root:2021-07-21-11--04--23 anomallyFrameTracker resetted to 200
INFO:root:2021-07-21-11--04--23 Colour Conversion Completed
INFO:root:2021-07-21-11--04--23 Sleep Check Completed
INFO:root:2021-07-21-11--04--23 Frame manipulations completed
INFO:root:2021-07-21-11--04--23 Bounding Box Drawn
INFO:root:2021-07-21-11--04--23 MovingFrameQueue Appended
INFO:root:2021-07-21-11--04--23 anomallyFrameTracker resetted to 200
INFO:root:2021-07-21-11--04--23 Colour Conversion Completed
INFO:root:2021-07-21-11--04--23 Sleep Check Completed
INFO:root:2021-07-21-11--04--23 Frame manipulations completed
INFO:root:2021-07-21-11--04--23 Bounding Box Drawn
INFO:root:2021-07-21-11--04--23 MovingFrameQueue Appended
INFO:root:2021-07-21-11--04--23 anomallyFrameTracker resetted to 200
INFO:root:2021-07-21-11--04--23 Colour Conversion Completed
INFO:root:2021-07-21-11--04--23 Sleep Check Completed
INFO:root:2021-07-21-11--04--23 Frame manipulations completed
INFO:root:2021-07-21-11--04--23 Bounding Box Drawn
INFO:root:2021-07-21-11--04--23 MovingFrameQueue Appended
INFO:root:2021-07-21-11--04--23 anomallyFrameTracker resetted to 200
INFO:root:2021-07-21-11--04--23 Colour Conversion Completed
INFO:root:2021-07-21-11--04--23 Sleep Check Completed
INFO:root:2021-07-21-11--04--23 Frame manipulations completed
INFO:root:2021-07-21-11--04--23 Bounding Box Drawn
INFO:root:2021-07-21-11--04--23 MovingFrameQueue Appended
INFO:root:2021-07-21-11--04--23 anomallyFrameTracker resetted to 200
INFO:root:2021-07-21-11--04--23 Colour Conversion Completed
INFO:root:2021-07-21-11--04--23 Sleep Check Completed
INFO:root:2021-07-21-11--04--23 Frame manipulations completed
INFO:root:2021-07-21-11--04--23 Bounding Box Drawn
INFO:root:2021-07-21-11--04--23 MovingFrameQueue Appended
INFO:root:2021-07-21-11--04--23 anomallyFrameTracker resetted to 200
INFO:root:2021-07-21-11--04--23 Colour Conversion Completed
INFO:root:2021-07-21-11--04--23 Sleep Check Completed
INFO:root:2021-07-21-11--04--23 Frame manipulations completed
INFO:root:2021-07-21-11--04--23 Bounding Box Drawn
INFO:root:2021-07-21-11--04--24 MovingFrameQueue Appended
INFO:root:2021-07-21-11--04--24 anomallyFrameTracker resetted to 200
INFO:root:2021-07-21-11--04--24 Colour Conversion Completed
INFO:root:2021-07-21-11--04--24 Sleep Check Completed
INFO:root:2021-07-21-11--04--24 Frame manipulations completed
INFO:root:2021-07-21-11--04--24 Bounding Box Drawn
INFO:root:2021-07-21-11--04--24 MovingFrameQueue Appended
INFO:root:2021-07-21-11--04--24 anomallyFrameTracker resetted to 200
INFO:root:2021-07-21-11--04--24 Colour Conversion Completed
INFO:root:2021-07-21-11--04--24 Sleep Check Completed
INFO:root:2021-07-21-11--04--24 Frame manipulations completed
INFO:root:2021-07-21-11--04--24 Bounding Box Drawn
INFO:root:2021-07-21-11--04--24 MovingFrameQueue Appended
INFO:root:2021-07-21-11--04--24 anomallyFrameTracker resetted to 200
INFO:root:2021-07-21-11--04--24 Colour Conversion Completed
INFO:root:2021-07-21-11--04--24 Sleep Check Completed
INFO:root:2021-07-21-11--04--24 Frame manipulations completed
INFO:root:2021-07-21-11--04--24 Bounding Box Drawn
INFO:root:2021-07-21-11--04--24 MovingFrameQueue Appended
INFO:root:2021-07-21-11--04--24 anomallyFrameTracker resetted to 200
INFO:root:2021-07-21-11--04--24 Colour Conversion Completed
INFO:root:2021-07-21-11--04--24 Sleep Check Completed
INFO:root:2021-07-21-11--04--24 Frame manipulations completed
INFO:root:2021-07-21-11--04--24 Bounding Box Drawn
INFO:root:2021-07-21-11--04--25 MovingFrameQueue Appended
INFO:root:2021-07-21-11--04--25 anomallyFrameTracker resetted to 200
INFO:root:2021-07-21-11--04--25 Colour Conversion Completed
INFO:root:2021-07-21-11--04--25 Sleep Check Completed
INFO:root:2021-07-21-11--04--25 Frame manipulations completed
INFO:root:2021-07-21-11--04--25 Bounding Box Drawn
INFO:root:2021-07-21-11--04--25 MovingFrameQueue Appended
INFO:root:2021-07-21-11--04--25 anomallyFrameTracker resetted to 200
INFO:root:2021-07-21-11--04--25 Colour Conversion Completed
INFO:root:2021-07-21-11--04--25 Sleep Check Completed
INFO:root:2021-07-21-11--04--25 Frame manipulations completed
INFO:root:2021-07-21-11--04--25 Bounding Box Drawn
INFO:root:2021-07-21-11--04--25 MovingFrameQueue Appended
INFO:root:2021-07-21-11--04--25 anomallyFrameTracker resetted to 200
INFO:root:2021-07-21-11--04--25 Colour Conversion Completed
INFO:root:2021-07-21-11--04--25 Sleep Check Completed
INFO:root:2021-07-21-11--04--25 Frame manipulations completed
INFO:root:2021-07-21-11--04--25 Bounding Box Drawn
INFO:root:2021-07-21-11--04--25 MovingFrameQueue Appended
INFO:root:2021-07-21-11--04--25 anomallyFrameTracker resetted to 200
INFO:root:2021-07-21-11--04--25 Colour Conversion Completed
INFO:root:2021-07-21-11--04--25 Sleep Check Completed
INFO:root:2021-07-21-11--04--25 Frame manipulations completed
INFO:root:2021-07-21-11--04--25 Bounding Box Drawn
INFO:root:2021-07-21-11--04--25 MovingFrameQueue Appended
INFO:root:2021-07-21-11--04--25 anomallyFrameTracker resetted to 200
INFO:root:2021-07-21-11--04--25 Colour Conversion Completed
INFO:root:2021-07-21-11--04--25 Sleep Check Completed
INFO:root:2021-07-21-11--04--25 Frame manipulations completed
INFO:root:2021-07-21-11--04--25 Bounding Box Drawn
INFO:root:2021-07-21-11--04--25 MovingFrameQueue Appended
INFO:root:2021-07-21-11--04--25 anomallyFrameTracker resetted to 200
INFO:root:2021-07-21-11--04--25 Colour Conversion Completed
INFO:root:2021-07-21-11--04--25 Sleep Check Completed
INFO:root:2021-07-21-11--04--25 Frame manipulations completed
INFO:root:2021-07-21-11--04--25 Bounding Box Drawn
INFO:root:2021-07-21-11--04--26 MovingFrameQueue Appended
INFO:root:2021-07-21-11--04--26 anomallyFrameTracker resetted to 200
INFO:root:2021-07-21-11--04--26 Colour Conversion Completed
INFO:root:2021-07-21-11--04--26 Sleep Check Completed
INFO:root:2021-07-21-11--04--26 Frame manipulations completed
INFO:root:2021-07-21-11--04--26 Bounding Box Drawn
INFO:root:2021-07-21-11--04--26 MovingFrameQueue Appended
INFO:root:2021-07-21-11--04--26 anomallyFrameTracker resetted to 200
INFO:root:2021-07-21-11--04--26 Colour Conversion Completed
INFO:root:2021-07-21-11--04--26 Sleep Check Completed
INFO:root:2021-07-21-11--04--26 Frame manipulations completed
INFO:root:2021-07-21-11--04--26 Bounding Box Drawn
INFO:root:2021-07-21-11--04--26 MovingFrameQueue Appended
INFO:root:2021-07-21-11--04--26 anomallyFrameTracker resetted to 200
INFO:root:2021-07-21-11--04--26 Colour Conversion Completed
INFO:root:2021-07-21-11--04--26 Sleep Check Completed
INFO:root:2021-07-21-11--04--26 Frame manipulations completed
INFO:root:2021-07-21-11--04--26 Bounding Box Drawn
INFO:root:2021-07-21-11--04--26 MovingFrameQueue Appended
INFO:root:2021-07-21-11--04--26 anomallyFrameTracker resetted to 200
INFO:root:2021-07-21-11--04--26 Colour Conversion Completed
INFO:root:2021-07-21-11--04--26 Sleep Check Completed
INFO:root:2021-07-21-11--04--26 Frame manipulations completed
INFO:root:2021-07-21-11--04--26 Bounding Box Drawn
INFO:root:2021-07-21-11--04--26 MovingFrameQueue Appended
INFO:root:2021-07-21-11--04--26 anomallyFrameTracker resetted to 200
INFO:root:2021-07-21-11--04--26 Colour Conversion Completed
INFO:root:2021-07-21-11--04--26 Sleep Check Completed
INFO:root:2021-07-21-11--04--26 Frame manipulations completed
INFO:root:2021-07-21-11--04--26 Bounding Box Drawn
INFO:root:2021-07-21-11--04--27 MovingFrameQueue Appended
INFO:root:2021-07-21-11--04--27 anomallyFrameTracker resetted to 200
INFO:root:2021-07-21-11--04--27 Colour Conversion Completed
INFO:root:2021-07-21-11--04--27 Sleep Check Completed
INFO:root:2021-07-21-11--04--27 Frame manipulations completed
INFO:root:2021-07-21-11--04--27 Bounding Box Drawn
INFO:root:2021-07-21-11--04--27 MovingFrameQueue Appended
INFO:root:2021-07-21-11--04--27 anomallyFrameTracker resetted to 200
INFO:root:2021-07-21-11--04--27 Colour Conversion Completed
INFO:root:2021-07-21-11--04--27 Sleep Check Completed
INFO:root:2021-07-21-11--04--27 Frame manipulations completed
INFO:root:2021-07-21-11--04--27 Bounding Box Drawn
INFO:root:2021-07-21-11--04--27 MovingFrameQueue Appended
INFO:root:2021-07-21-11--04--27 anomallyFrameTracker resetted to 200
INFO:root:2021-07-21-11--04--27 Colour Conversion Completed
INFO:root:2021-07-21-11--04--27 Sleep Check Completed
INFO:root:2021-07-21-11--04--27 Frame manipulations completed
INFO:root:2021-07-21-11--04--27 Bounding Box Drawn
INFO:root:2021-07-21-11--04--27 MovingFrameQueue Appended
INFO:root:2021-07-21-11--04--27 anomallyFrameTracker resetted to 200
INFO:root:2021-07-21-11--04--27 Colour Conversion Completed
INFO:root:2021-07-21-11--04--27 Sleep Check Completed
INFO:root:2021-07-21-11--04--27 Frame manipulations completed
INFO:root:2021-07-21-11--04--27 Bounding Box Drawn
INFO:root:2021-07-21-11--04--27 MovingFrameQueue Appended
INFO:root:2021-07-21-11--04--27 anomallyFrameTracker resetted to 200
INFO:root:2021-07-21-11--04--27 Colour Conversion Completed
INFO:root:2021-07-21-11--04--27 Sleep Check Completed
INFO:root:2021-07-21-11--04--27 Frame manipulations completed
INFO:root:2021-07-21-11--04--27 Bounding Box Drawn
INFO:root:2021-07-21-11--04--27 MovingFrameQueue Appended
INFO:root:2021-07-21-11--04--27 anomallyFrameTracker resetted to 200
INFO:root:2021-07-21-11--04--27 Colour Conversion Completed
INFO:root:2021-07-21-11--04--27 Sleep Check Completed
INFO:root:2021-07-21-11--04--27 Frame manipulations completed
INFO:root:2021-07-21-11--04--27 Bounding Box Drawn
INFO:root:2021-07-21-11--04--28 MovingFrameQueue Appended
INFO:root:2021-07-21-11--04--28 anomallyFrameTracker resetted to 200
INFO:root:2021-07-21-11--04--28 Colour Conversion Completed
INFO:root:2021-07-21-11--04--28 Sleep Check Completed
INFO:root:2021-07-21-11--04--28 Frame manipulations completed
INFO:root:2021-07-21-11--04--28 Bounding Box Drawn
INFO:root:2021-07-21-11--04--28 MovingFrameQueue Appended
INFO:root:2021-07-21-11--04--28 anomallyFrameTracker resetted to 200
INFO:root:2021-07-21-11--04--28 Colour Conversion Completed
INFO:root:2021-07-21-11--04--28 Sleep Check Completed
INFO:root:2021-07-21-11--04--28 Frame manipulations completed
INFO:root:2021-07-21-11--04--28 Bounding Box Drawn
INFO:root:2021-07-21-11--04--28 MovingFrameQueue Appended
INFO:root:2021-07-21-11--04--28 anomallyFrameTracker resetted to 200
INFO:root:2021-07-21-11--04--28 Colour Conversion Completed
INFO:root:2021-07-21-11--04--28 Sleep Check Completed
INFO:root:2021-07-21-11--04--28 Frame manipulations completed
INFO:root:2021-07-21-11--04--28 Bounding Box Drawn
INFO:root:2021-07-21-11--04--28 MovingFrameQueue Appended
INFO:root:2021-07-21-11--04--28 anomallyFrameTracker resetted to 200
INFO:root:2021-07-21-11--04--28 Colour Conversion Completed
INFO:root:2021-07-21-11--04--28 Sleep Check Completed
INFO:root:2021-07-21-11--04--28 Frame manipulations completed
INFO:root:2021-07-21-11--04--28 Bounding Box Drawn
INFO:root:2021-07-21-11--04--28 MovingFrameQueue Appended
INFO:root:2021-07-21-11--04--28 anomallyFrameTracker resetted to 200
INFO:root:2021-07-21-11--04--28 Colour Conversion Completed
INFO:root:2021-07-21-11--04--28 Sleep Check Completed
INFO:root:2021-07-21-11--04--28 Frame manipulations completed
INFO:root:2021-07-21-11--04--28 Bounding Box Drawn
INFO:root:2021-07-21-11--04--28 MovingFrameQueue Appended
INFO:root:2021-07-21-11--04--28 anomallyFrameTracker resetted to 200
INFO:root:2021-07-21-11--04--28 Colour Conversion Completed
INFO:root:2021-07-21-11--04--29 Sleep Check Completed
INFO:root:2021-07-21-11--04--29 Frame manipulations completed
INFO:root:2021-07-21-11--04--29 Bounding Box Drawn
INFO:root:2021-07-21-11--04--29 MovingFrameQueue Appended
INFO:root:2021-07-21-11--04--29 anomallyFrameTracker resetted to 200
INFO:root:2021-07-21-11--04--29 Colour Conversion Completed
INFO:root:2021-07-21-11--04--29 Sleep Check Completed
INFO:root:2021-07-21-11--04--29 Frame manipulations completed
INFO:root:2021-07-21-11--04--29 Bounding Box Drawn
INFO:root:2021-07-21-11--04--29 MovingFrameQueue Appended
INFO:root:2021-07-21-11--04--29 anomallyFrameTracker resetted to 200
INFO:root:2021-07-21-11--04--29 Colour Conversion Completed
INFO:root:2021-07-21-11--04--29 Sleep Check Completed
INFO:root:2021-07-21-11--04--29 Frame manipulations completed
INFO:root:2021-07-21-11--04--29 Bounding Box Drawn
INFO:root:2021-07-21-11--04--29 MovingFrameQueue Appended
INFO:root:2021-07-21-11--04--29 anomallyFrameTracker resetted to 200
INFO:root:2021-07-21-11--04--29 Colour Conversion Completed
INFO:root:2021-07-21-11--04--29 Sleep Check Completed
INFO:root:2021-07-21-11--04--29 Frame manipulations completed
INFO:root:2021-07-21-11--04--29 Bounding Box Drawn
INFO:root:2021-07-21-11--04--29 MovingFrameQueue Appended
INFO:root:2021-07-21-11--04--29 anomallyFrameTracker resetted to 200
INFO:root:2021-07-21-11--04--29 Colour Conversion Completed
INFO:root:2021-07-21-11--04--29 Sleep Check Completed
INFO:root:2021-07-21-11--04--29 Frame manipulations completed
INFO:root:2021-07-21-11--04--29 Bounding Box Drawn
INFO:root:2021-07-21-11--04--29 MovingFrameQueue Appended
INFO:root:2021-07-21-11--04--29 anomallyFrameTracker resetted to 200
INFO:root:2021-07-21-11--04--29 Colour Conversion Completed
INFO:root:2021-07-21-11--04--29 Sleep Check Completed
INFO:root:2021-07-21-11--04--29 Frame manipulations completed
INFO:root:2021-07-21-11--04--29 Bounding Box Drawn
INFO:root:2021-07-21-11--04--30 MovingFrameQueue Appended
INFO:root:2021-07-21-11--04--30 anomallyFrameTracker resetted to 200
INFO:root:2021-07-21-11--04--30 Colour Conversion Completed
INFO:root:2021-07-21-11--04--30 Sleep Check Completed
INFO:root:2021-07-21-11--04--30 Frame manipulations completed
INFO:root:2021-07-21-11--04--30 Bounding Box Drawn
INFO:root:2021-07-21-11--04--30 MovingFrameQueue Appended
INFO:root:2021-07-21-11--04--30 anomallyFrameTracker resetted to 200
INFO:root:2021-07-21-11--04--30 Colour Conversion Completed
INFO:root:2021-07-21-11--04--30 Sleep Check Completed
INFO:root:2021-07-21-11--04--30 Frame manipulations completed
INFO:root:2021-07-21-11--04--30 Bounding Box Drawn
INFO:root:2021-07-21-11--04--30 MovingFrameQueue Appended
INFO:root:2021-07-21-11--04--30 anomallyFrameTracker resetted to 200
INFO:root:2021-07-21-11--04--30 Colour Conversion Completed
INFO:root:2021-07-21-11--04--30 Sleep Check Completed
INFO:root:2021-07-21-11--04--30 Frame manipulations completed
INFO:root:2021-07-21-11--04--30 Bounding Box Drawn
INFO:root:2021-07-21-11--04--30 MovingFrameQueue Appended
INFO:root:2021-07-21-11--04--30 anomallyFrameTracker resetted to 200
INFO:root:2021-07-21-11--04--30 Colour Conversion Completed
INFO:root:2021-07-21-11--04--30 Sleep Check Completed
INFO:root:2021-07-21-11--04--30 Frame manipulations completed
INFO:root:2021-07-21-11--04--30 Bounding Box Drawn
INFO:root:2021-07-21-11--04--30 MovingFrameQueue Appended
INFO:root:2021-07-21-11--04--30 anomallyFrameTracker resetted to 200
INFO:root:2021-07-21-11--04--30 Colour Conversion Completed
INFO:root:2021-07-21-11--04--30 Sleep Check Completed
INFO:root:2021-07-21-11--04--30 Frame manipulations completed
INFO:root:2021-07-21-11--04--30 Bounding Box Drawn
INFO:root:2021-07-21-11--04--30 MovingFrameQueue Appended
INFO:root:2021-07-21-11--04--30 anomallyFrameTracker resetted to 200
INFO:root:2021-07-21-11--04--30 Colour Conversion Completed
INFO:root:2021-07-21-11--04--30 Sleep Check Completed
INFO:root:2021-07-21-11--04--30 Frame manipulations completed
INFO:root:2021-07-21-11--04--30 Bounding Box Drawn
INFO:root:2021-07-21-11--04--30 MovingFrameQueue Appended
INFO:root:2021-07-21-11--04--30 anomallyFrameTracker resetted to 200
INFO:root:2021-07-21-11--04--30 Colour Conversion Completed
INFO:root:2021-07-21-11--04--30 Sleep Check Completed
INFO:root:2021-07-21-11--04--30 Frame manipulations completed
INFO:root:2021-07-21-11--04--30 Bounding Box Drawn
INFO:root:2021-07-21-11--04--31 MovingFrameQueue Appended
INFO:root:2021-07-21-11--04--31 anomallyFrameTracker resetted to 200
INFO:root:2021-07-21-11--04--31 Colour Conversion Completed
INFO:root:2021-07-21-11--04--31 Sleep Check Completed
INFO:root:2021-07-21-11--04--31 Frame manipulations completed
INFO:root:2021-07-21-11--04--31 Bounding Box Drawn
INFO:root:2021-07-21-11--04--31 MovingFrameQueue Appended
INFO:root:2021-07-21-11--04--31 anomallyFrameTracker resetted to 200
INFO:root:2021-07-21-11--04--31 Colour Conversion Completed
INFO:root:2021-07-21-11--04--31 Sleep Check Completed
INFO:root:2021-07-21-11--04--31 Frame manipulations completed
INFO:root:2021-07-21-11--04--31 Bounding Box Drawn
INFO:root:2021-07-21-11--04--31 MovingFrameQueue Appended
INFO:root:2021-07-21-11--04--31 anomallyFrameTracker resetted to 200
INFO:root:2021-07-21-11--04--31 Colour Conversion Completed
INFO:root:2021-07-21-11--04--31 Sleep Check Completed
INFO:root:2021-07-21-11--04--31 Frame manipulations completed
INFO:root:2021-07-21-11--04--31 Bounding Box Drawn
INFO:root:2021-07-21-11--04--31 MovingFrameQueue Appended
INFO:root:2021-07-21-11--04--31 anomallyFrameTracker resetted to 200
INFO:root:2021-07-21-11--04--31 Colour Conversion Completed
INFO:root:2021-07-21-11--04--31 Sleep Check Completed
INFO:root:2021-07-21-11--04--31 Frame manipulations completed
INFO:root:2021-07-21-11--04--31 Bounding Box Drawn
INFO:root:2021-07-21-11--04--32 MovingFrameQueue Appended
INFO:root:2021-07-21-11--04--32 anomallyFrameTracker resetted to 200
INFO:root:2021-07-21-11--04--32 Colour Conversion Completed
INFO:root:2021-07-21-11--04--32 Sleep Check Completed
INFO:root:2021-07-21-11--04--32 Frame manipulations completed
INFO:root:2021-07-21-11--04--32 Bounding Box Drawn
INFO:root:2021-07-21-11--04--32 MovingFrameQueue Appended
INFO:root:2021-07-21-11--04--32 anomallyFrameTracker resetted to 200
INFO:root:2021-07-21-11--04--32 Colour Conversion Completed
INFO:root:2021-07-21-11--04--32 Sleep Check Completed
INFO:root:2021-07-21-11--04--32 Frame manipulations completed
INFO:root:2021-07-21-11--04--32 Bounding Box Drawn
INFO:root:2021-07-21-11--04--32 MovingFrameQueue Popped
INFO:root:2021-07-21-11--04--32 anomallyFrameTracker resetted to 200
INFO:root:2021-07-21-11--04--32 Colour Conversion Completed
INFO:root:2021-07-21-11--04--32 Sleep Check Completed
INFO:root:2021-07-21-11--04--32 Frame manipulations completed
INFO:root:2021-07-21-11--04--32 Bounding Box Drawn
INFO:root:2021-07-21-11--04--32 MovingFrameQueue Appended
INFO:root:2021-07-21-11--04--32 anomallyFrameTracker resetted to 200
INFO:root:2021-07-21-11--04--32 Colour Conversion Completed
INFO:root:2021-07-21-11--04--32 Sleep Check Completed
INFO:root:2021-07-21-11--04--32 Frame manipulations completed
INFO:root:2021-07-21-11--04--32 Bounding Box Drawn
INFO:root:2021-07-21-11--04--32 MovingFrameQueue Popped
INFO:root:2021-07-21-11--04--32 anomallyFrameTracker resetted to 200
INFO:root:2021-07-21-11--04--32 Colour Conversion Completed
INFO:root:2021-07-21-11--04--32 Sleep Check Completed
INFO:root:2021-07-21-11--04--32 Frame manipulations completed
INFO:root:2021-07-21-11--04--32 Bounding Box Drawn
INFO:root:2021-07-21-11--04--33 MovingFrameQueue Appended
INFO:root:2021-07-21-11--04--33 anomallyFrameTracker resetted to 200
INFO:root:2021-07-21-11--04--33 Colour Conversion Completed
INFO:root:2021-07-21-11--04--33 Sleep Check Completed
INFO:root:2021-07-21-11--04--33 Frame manipulations completed
INFO:root:2021-07-21-11--04--33 Bounding Box Drawn
INFO:root:2021-07-21-11--04--33 MovingFrameQueue Popped
INFO:root:2021-07-21-11--04--33 anomallyFrameTracker resetted to 200
INFO:root:2021-07-21-11--04--33 Colour Conversion Completed
INFO:root:2021-07-21-11--04--33 Sleep Check Completed
INFO:root:2021-07-21-11--04--33 Frame manipulations completed
INFO:root:2021-07-21-11--04--33 Bounding Box Drawn
INFO:root:2021-07-21-11--04--33 MovingFrameQueue Appended
INFO:root:2021-07-21-11--04--33 anomallyFrameTracker resetted to 200
INFO:root:2021-07-21-11--04--33 Colour Conversion Completed
INFO:root:2021-07-21-11--04--33 Sleep Check Completed
INFO:root:2021-07-21-11--04--33 Frame manipulations completed
INFO:root:2021-07-21-11--04--33 Bounding Box Drawn
INFO:root:2021-07-21-11--04--33 MovingFrameQueue Popped
INFO:root:2021-07-21-11--04--33 anomallyFrameTracker resetted to 200
INFO:root:2021-07-21-11--04--33 Colour Conversion Completed
INFO:root:2021-07-21-11--04--33 Sleep Check Completed
INFO:root:2021-07-21-11--04--33 Frame manipulations completed
INFO:root:2021-07-21-11--04--33 Bounding Box Drawn
INFO:root:2021-07-21-11--04--33 MovingFrameQueue Appended
INFO:root:2021-07-21-11--04--33 anomallyFrameTracker resetted to 200
INFO:root:2021-07-21-11--04--33 Colour Conversion Completed
INFO:root:2021-07-21-11--04--33 Sleep Check Completed
INFO:root:2021-07-21-11--04--33 Frame manipulations completed
INFO:root:2021-07-21-11--04--33 Bounding Box Drawn
INFO:root:2021-07-21-11--04--34 MovingFrameQueue Popped
INFO:root:2021-07-21-11--04--34 anomallyFrameTracker resetted to 200
INFO:root:2021-07-21-11--04--34 Colour Conversion Completed
INFO:root:2021-07-21-11--04--34 Sleep Check Completed
INFO:root:2021-07-21-11--04--34 Frame manipulations completed
INFO:root:2021-07-21-11--04--34 Bounding Box Drawn
INFO:root:2021-07-21-11--04--34 MovingFrameQueue Appended
INFO:root:2021-07-21-11--04--34 anomallyFrameTracker resetted to 200
INFO:root:2021-07-21-11--04--34 Colour Conversion Completed
INFO:root:2021-07-21-11--04--34 Sleep Check Completed
INFO:root:2021-07-21-11--04--34 Frame manipulations completed
INFO:root:2021-07-21-11--04--34 Bounding Box Drawn
INFO:root:2021-07-21-11--04--34 MovingFrameQueue Popped
INFO:root:2021-07-21-11--04--34 anomallyFrameTracker resetted to 200
INFO:root:2021-07-21-11--04--34 Colour Conversion Completed
INFO:root:2021-07-21-11--04--34 Sleep Check Completed
INFO:root:2021-07-21-11--04--34 Frame manipulations completed
INFO:root:2021-07-21-11--04--34 Bounding Box Drawn
INFO:root:2021-07-21-11--04--34 MovingFrameQueue Appended
INFO:root:2021-07-21-11--04--34 anomallyFrameTracker resetted to 200
INFO:root:2021-07-21-11--04--34 Colour Conversion Completed
INFO:root:2021-07-21-11--04--34 Sleep Check Completed
INFO:root:2021-07-21-11--04--34 Frame manipulations completed
INFO:root:2021-07-21-11--04--34 Bounding Box Drawn
INFO:root:2021-07-21-11--04--34 MovingFrameQueue Popped
INFO:root:2021-07-21-11--04--34 anomallyFrameTracker resetted to 200
INFO:root:2021-07-21-11--04--34 Colour Conversion Completed
INFO:root:2021-07-21-11--04--34 Sleep Check Completed
INFO:root:2021-07-21-11--04--34 Frame manipulations completed
INFO:root:2021-07-21-11--04--34 Bounding Box Drawn
INFO:root:2021-07-21-11--04--34 MovingFrameQueue Appended
INFO:root:2021-07-21-11--04--34 anomallyFrameTracker resetted to 200
INFO:root:2021-07-21-11--04--34 Colour Conversion Completed
INFO:root:2021-07-21-11--04--34 Sleep Check Completed
INFO:root:2021-07-21-11--04--34 Frame manipulations completed
INFO:root:2021-07-21-11--04--34 Bounding Box Drawn
INFO:root:2021-07-21-11--04--35 MovingFrameQueue Popped
INFO:root:2021-07-21-11--04--35 anomallyFrameTracker resetted to 200
INFO:root:2021-07-21-11--04--35 Colour Conversion Completed
INFO:root:2021-07-21-11--04--35 Sleep Check Completed
INFO:root:2021-07-21-11--04--35 Frame manipulations completed
INFO:root:2021-07-21-11--04--35 Bounding Box Drawn
INFO:root:2021-07-21-11--04--35 MovingFrameQueue Appended
INFO:root:2021-07-21-11--04--35 anomallyFrameTracker resetted to 200
INFO:root:2021-07-21-11--04--35 Colour Conversion Completed
INFO:root:2021-07-21-11--04--35 Sleep Check Completed
INFO:root:2021-07-21-11--04--35 Frame manipulations completed
INFO:root:2021-07-21-11--04--35 Bounding Box Drawn
INFO:root:2021-07-21-11--04--35 MovingFrameQueue Popped
INFO:root:2021-07-21-11--04--35 anomallyFrameTracker resetted to 200
INFO:root:2021-07-21-11--04--35 Colour Conversion Completed
INFO:root:2021-07-21-11--04--35 Sleep Check Completed
INFO:root:2021-07-21-11--04--35 Frame manipulations completed
INFO:root:2021-07-21-11--04--35 Bounding Box Drawn
INFO:root:2021-07-21-11--04--35 MovingFrameQueue Appended
INFO:root:2021-07-21-11--04--35 anomallyFrameTracker resetted to 200
INFO:root:2021-07-21-11--04--35 Colour Conversion Completed
INFO:root:2021-07-21-11--04--35 Sleep Check Completed
INFO:root:2021-07-21-11--04--35 Frame manipulations completed
INFO:root:2021-07-21-11--04--35 Bounding Box Drawn
INFO:root:2021-07-21-11--04--35 MovingFrameQueue Popped
INFO:root:2021-07-21-11--04--35 anomallyFrameTracker resetted to 200
INFO:root:2021-07-21-11--04--35 Colour Conversion Completed
INFO:root:2021-07-21-11--04--35 Sleep Check Completed
INFO:root:2021-07-21-11--04--35 Frame manipulations completed
INFO:root:2021-07-21-11--04--35 Bounding Box Drawn
INFO:root:2021-07-21-11--04--35 MovingFrameQueue Appended
INFO:root:2021-07-21-11--04--35 anomallyFrameTracker resetted to 200
INFO:root:2021-07-21-11--04--35 Colour Conversion Completed
INFO:root:2021-07-21-11--04--35 Sleep Check Completed
INFO:root:2021-07-21-11--04--35 Frame manipulations completed
INFO:root:2021-07-21-11--04--35 Bounding Box Drawn
INFO:root:2021-07-21-11--04--36 MovingFrameQueue Popped
INFO:root:2021-07-21-11--04--36 anomallyFrameTracker resetted to 200
INFO:root:2021-07-21-11--04--36 Colour Conversion Completed
INFO:root:2021-07-21-11--04--36 Sleep Check Completed
INFO:root:2021-07-21-11--04--36 Frame manipulations completed
INFO:root:2021-07-21-11--04--36 Bounding Box Drawn
INFO:root:2021-07-21-11--04--36 MovingFrameQueue Appended
INFO:root:2021-07-21-11--04--36 anomallyFrameTracker resetted to 200
INFO:root:2021-07-21-11--04--36 Colour Conversion Completed
INFO:root:2021-07-21-11--04--36 Sleep Check Completed
INFO:root:2021-07-21-11--04--36 Frame manipulations completed
INFO:root:2021-07-21-11--04--36 Bounding Box Drawn
INFO:root:2021-07-21-11--04--36 MovingFrameQueue Popped
INFO:root:2021-07-21-11--04--36 anomallyFrameTracker resetted to 200
INFO:root:2021-07-21-11--04--36 Colour Conversion Completed
INFO:root:2021-07-21-11--04--36 Sleep Check Completed
INFO:root:2021-07-21-11--04--36 Frame manipulations completed
INFO:root:2021-07-21-11--04--36 Bounding Box Drawn
INFO:root:2021-07-21-11--04--36 MovingFrameQueue Appended
INFO:root:2021-07-21-11--04--36 anomallyFrameTracker resetted to 200
INFO:root:2021-07-21-11--04--37 Colour Conversion Completed
INFO:root:2021-07-21-11--04--37 Sleep Check Completed
INFO:root:2021-07-21-11--04--37 Frame manipulations completed
INFO:root:2021-07-21-11--04--37 Bounding Box Drawn
INFO:root:2021-07-21-11--04--37 MovingFrameQueue Popped
INFO:root:2021-07-21-11--04--37 anomallyFrameTracker resetted to 200
INFO:root:2021-07-21-11--04--37 Colour Conversion Completed
INFO:root:2021-07-21-11--04--37 Sleep Check Completed
INFO:root:2021-07-21-11--04--37 Frame manipulations completed
INFO:root:2021-07-21-11--04--37 Bounding Box Drawn
INFO:root:2021-07-21-11--04--37 MovingFrameQueue Appended
INFO:root:2021-07-21-11--04--37 anomallyFrameTracker resetted to 200
INFO:root:2021-07-21-11--04--37 Colour Conversion Completed
INFO:root:2021-07-21-11--04--37 Sleep Check Completed
INFO:root:2021-07-21-11--04--37 Frame manipulations completed
INFO:root:2021-07-21-11--04--37 Bounding Box Drawn
INFO:root:2021-07-21-11--04--38 MovingFrameQueue Popped
INFO:root:2021-07-21-11--04--38 anomallyFrameTracker resetted to 200
INFO:root:2021-07-21-11--04--38 Colour Conversion Completed
INFO:root:2021-07-21-11--04--38 Sleep Check Completed
INFO:root:2021-07-21-11--04--38 Frame manipulations completed
INFO:root:2021-07-21-11--04--38 Bounding Box Drawn
INFO:root:2021-07-21-11--04--38 MovingFrameQueue Appended
INFO:root:2021-07-21-11--04--38 anomallyFrameTracker resetted to 200
INFO:root:2021-07-21-11--04--38 Colour Conversion Completed
INFO:root:2021-07-21-11--04--38 Sleep Check Completed
INFO:root:2021-07-21-11--04--38 Frame manipulations completed
INFO:root:2021-07-21-11--04--38 Bounding Box Drawn
INFO:root:2021-07-21-11--04--38 MovingFrameQueue Popped
INFO:root:2021-07-21-11--04--38 anomallyFrameTracker resetted to 200
INFO:root:2021-07-21-11--04--38 Colour Conversion Completed
INFO:root:2021-07-21-11--04--38 Sleep Check Completed
INFO:root:2021-07-21-11--04--38 Frame manipulations completed
INFO:root:2021-07-21-11--04--38 Bounding Box Drawn
INFO:root:2021-07-21-11--04--39 MovingFrameQueue Appended
INFO:root:2021-07-21-11--04--39 anomallyFrameTracker resetted to 200
INFO:root:2021-07-21-11--04--39 Colour Conversion Completed
INFO:root:2021-07-21-11--04--39 Sleep Check Completed
INFO:root:2021-07-21-11--04--39 Frame manipulations completed
INFO:root:2021-07-21-11--04--39 Bounding Box Drawn
INFO:root:2021-07-21-11--04--39 MovingFrameQueue Popped
INFO:root:2021-07-21-11--04--39 anomallyFrameTracker resetted to 200
INFO:root:2021-07-21-11--04--39 Colour Conversion Completed
INFO:root:2021-07-21-11--04--39 Sleep Check Completed
INFO:root:2021-07-21-11--04--39 Frame manipulations completed
INFO:root:2021-07-21-11--04--39 Bounding Box Drawn
INFO:root:2021-07-21-11--04--39 MovingFrameQueue Appended
INFO:root:2021-07-21-11--04--39 anomallyFrameTracker resetted to 200
INFO:root:2021-07-21-11--04--39 Colour Conversion Completed
INFO:root:2021-07-21-11--04--39 Sleep Check Completed
INFO:root:2021-07-21-11--04--39 Frame manipulations completed
INFO:root:2021-07-21-11--04--39 Bounding Box Drawn
INFO:root:2021-07-21-11--04--39 MovingFrameQueue Popped
INFO:root:2021-07-21-11--04--39 anomallyFrameTracker resetted to 200
INFO:root:2021-07-21-11--04--39 Colour Conversion Completed
INFO:root:2021-07-21-11--04--39 Sleep Check Completed
INFO:root:2021-07-21-11--04--39 Frame manipulations completed
INFO:root:2021-07-21-11--04--39 Bounding Box Drawn
INFO:root:2021-07-21-11--04--39 MovingFrameQueue Appended
INFO:root:2021-07-21-11--04--39 anomallyFrameTracker resetted to 200
INFO:root:2021-07-21-11--04--39 Colour Conversion Completed
INFO:root:2021-07-21-11--04--40 Sleep Check Completed
INFO:root:2021-07-21-11--04--40 Frame manipulations completed
INFO:root:2021-07-21-11--04--40 Bounding Box Drawn
INFO:root:2021-07-21-11--04--40 MovingFrameQueue Popped
INFO:root:2021-07-21-11--04--40 anomallyFrameTracker resetted to 200
INFO:root:2021-07-21-11--04--40 Colour Conversion Completed
INFO:root:2021-07-21-11--04--40 Sleep Check Completed
INFO:root:2021-07-21-11--04--40 Frame manipulations completed
INFO:root:2021-07-21-11--04--40 Bounding Box Drawn
INFO:root:2021-07-21-11--04--40 MovingFrameQueue Appended
INFO:root:2021-07-21-11--04--40 anomallyFrameTracker resetted to 200
INFO:root:2021-07-21-11--04--40 Colour Conversion Completed
INFO:root:2021-07-21-11--04--40 Sleep Check Completed
INFO:root:2021-07-21-11--04--40 Frame manipulations completed
INFO:root:2021-07-21-11--04--40 Bounding Box Drawn
INFO:root:2021-07-21-11--04--40 MovingFrameQueue Popped
INFO:root:2021-07-21-11--04--40 anomallyFrameTracker resetted to 200
INFO:root:2021-07-21-11--04--40 Colour Conversion Completed
INFO:root:2021-07-21-11--04--40 Sleep Check Completed
INFO:root:2021-07-21-11--04--40 Frame manipulations completed
INFO:root:2021-07-21-11--04--40 Bounding Box Drawn
INFO:root:2021-07-21-11--04--41 MovingFrameQueue Appended
INFO:root:2021-07-21-11--04--41 anomallyFrameTracker resetted to 200
INFO:root:2021-07-21-11--04--41 Colour Conversion Completed
INFO:root:2021-07-21-11--04--41 Sleep Check Completed
INFO:root:2021-07-21-11--04--41 Frame manipulations completed
INFO:root:2021-07-21-11--04--41 Bounding Box Drawn
INFO:root:2021-07-21-11--04--41 MovingFrameQueue Popped
INFO:root:2021-07-21-11--04--41 anomallyFrameTracker resetted to 200
INFO:root:2021-07-21-11--04--41 Colour Conversion Completed
INFO:root:2021-07-21-11--04--41 Sleep Check Completed
INFO:root:2021-07-21-11--04--41 Frame manipulations completed
INFO:root:2021-07-21-11--04--41 Bounding Box Drawn
INFO:root:2021-07-21-11--04--41 MovingFrameQueue Appended
INFO:root:2021-07-21-11--04--41 anomallyFrameTracker resetted to 200
INFO:root:2021-07-21-11--04--41 Colour Conversion Completed
INFO:root:2021-07-21-11--04--41 Sleep Check Completed
INFO:root:2021-07-21-11--04--41 Frame manipulations completed
INFO:root:2021-07-21-11--04--41 Bounding Box Drawn
INFO:root:2021-07-21-11--04--41 MovingFrameQueue Popped
INFO:root:2021-07-21-11--04--41 anomallyFrameTracker resetted to 200
INFO:root:2021-07-21-11--04--41 Colour Conversion Completed
INFO:root:2021-07-21-11--04--41 Sleep Check Completed
INFO:root:2021-07-21-11--04--41 Frame manipulations completed
INFO:root:2021-07-21-11--04--41 Bounding Box Drawn
INFO:root:2021-07-21-11--04--42 MovingFrameQueue Appended
INFO:root:2021-07-21-11--04--42 anomallyFrameTracker resetted to 200
INFO:root:2021-07-21-11--04--42 Colour Conversion Completed
INFO:root:2021-07-21-11--04--42 Sleep Check Completed
INFO:root:2021-07-21-11--04--42 Frame manipulations completed
INFO:root:2021-07-21-11--04--42 Bounding Box Drawn
INFO:root:2021-07-21-11--04--42 MovingFrameQueue Popped
INFO:root:2021-07-21-11--04--42 anomallyFrameTracker resetted to 200
INFO:root:2021-07-21-11--04--42 Colour Conversion Completed
INFO:root:2021-07-21-11--04--42 Sleep Check Completed
INFO:root:2021-07-21-11--04--42 Frame manipulations completed
INFO:root:2021-07-21-11--04--42 Bounding Box Drawn
INFO:root:2021-07-21-11--04--42 MovingFrameQueue Appended
INFO:root:2021-07-21-11--04--42 anomallyFrameTracker resetted to 200
INFO:root:2021-07-21-11--04--42 Colour Conversion Completed
INFO:root:2021-07-21-11--04--42 Sleep Check Completed
INFO:root:2021-07-21-11--04--42 Frame manipulations completed
INFO:root:2021-07-21-11--04--42 Bounding Box Drawn
INFO:root:2021-07-21-11--04--42 MovingFrameQueue Popped
INFO:root:2021-07-21-11--04--42 anomallyFrameTracker resetted to 200
INFO:root:2021-07-21-11--04--42 Colour Conversion Completed
INFO:root:2021-07-21-11--04--43 Sleep Check Completed
INFO:root:2021-07-21-11--04--43 Frame manipulations completed
INFO:root:2021-07-21-11--04--43 Bounding Box Drawn
INFO:root:2021-07-21-11--04--43 MovingFrameQueue Appended
INFO:root:2021-07-21-11--04--43 anomallyFrameTracker resetted to 200
INFO:root:2021-07-21-11--04--43 Colour Conversion Completed
INFO:root:2021-07-21-11--04--43 Sleep Check Completed
INFO:root:2021-07-21-11--04--43 Frame manipulations completed
INFO:root:2021-07-21-11--04--43 Bounding Box Drawn
INFO:root:2021-07-21-11--04--43 MovingFrameQueue Popped
INFO:root:2021-07-21-11--04--43 anomallyFrameTracker resetted to 200
INFO:root:2021-07-21-11--04--43 Colour Conversion Completed
INFO:root:2021-07-21-11--04--43 Sleep Check Completed
INFO:root:2021-07-21-11--04--43 Frame manipulations completed
INFO:root:2021-07-21-11--04--43 Bounding Box Drawn
INFO:root:2021-07-21-11--04--43 MovingFrameQueue Appended
INFO:root:2021-07-21-11--04--43 anomallyFrameTracker resetted to 200
INFO:root:2021-07-21-11--04--43 Colour Conversion Completed
INFO:root:2021-07-21-11--04--43 Sleep Check Completed
INFO:root:2021-07-21-11--04--43 Frame manipulations completed
INFO:root:2021-07-21-11--04--43 Bounding Box Drawn
INFO:root:2021-07-21-11--04--44 MovingFrameQueue Popped
INFO:root:2021-07-21-11--04--44 anomallyFrameTracker resetted to 200
INFO:root:2021-07-21-11--04--44 Colour Conversion Completed
INFO:root:2021-07-21-11--04--44 Sleep Check Completed
INFO:root:2021-07-21-11--04--44 Frame manipulations completed
INFO:root:2021-07-21-11--04--44 Bounding Box Drawn
INFO:root:2021-07-21-11--04--44 MovingFrameQueue Appended
INFO:root:2021-07-21-11--04--44 anomallyFrameTracker resetted to 200
INFO:root:2021-07-21-11--04--44 Colour Conversion Completed
INFO:root:2021-07-21-11--04--44 Sleep Check Completed
INFO:root:2021-07-21-11--04--44 Frame manipulations completed
INFO:root:2021-07-21-11--04--44 Bounding Box Drawn
INFO:root:2021-07-21-11--04--44 MovingFrameQueue Popped
INFO:root:2021-07-21-11--04--44 anomallyFrameTracker resetted to 200
INFO:root:2021-07-21-11--04--44 Colour Conversion Completed
INFO:root:2021-07-21-11--04--44 Sleep Check Completed
INFO:root:2021-07-21-11--04--44 Frame manipulations completed
INFO:root:2021-07-21-11--04--44 Bounding Box Drawn
INFO:root:2021-07-21-11--04--44 MovingFrameQueue Appended
INFO:root:2021-07-21-11--04--44 anomallyFrameTracker resetted to 200
INFO:root:2021-07-21-11--04--44 Colour Conversion Completed
INFO:root:2021-07-21-11--04--44 Sleep Check Completed
INFO:root:2021-07-21-11--04--44 Frame manipulations completed
INFO:root:2021-07-21-11--04--44 Bounding Box Drawn
INFO:root:2021-07-21-11--04--45 MovingFrameQueue Popped
INFO:root:2021-07-21-11--04--45 anomallyFrameTracker resetted to 200
INFO:root:2021-07-21-11--04--45 Colour Conversion Completed
INFO:root:2021-07-21-11--04--45 Sleep Check Completed
INFO:root:2021-07-21-11--04--45 Frame manipulations completed
INFO:root:2021-07-21-11--04--45 Bounding Box Drawn
INFO:root:2021-07-21-11--04--45 MovingFrameQueue Appended
INFO:root:2021-07-21-11--04--45 anomallyFrameTracker resetted to 200
INFO:root:2021-07-21-11--04--45 Colour Conversion Completed
INFO:root:2021-07-21-11--04--45 Sleep Check Completed
INFO:root:2021-07-21-11--04--45 Frame manipulations completed
INFO:root:2021-07-21-11--04--45 Bounding Box Drawn
INFO:root:2021-07-21-11--04--45 MovingFrameQueue Popped
INFO:root:2021-07-21-11--04--45 anomallyFrameTracker resetted to 200
INFO:root:2021-07-21-11--04--45 Colour Conversion Completed
INFO:root:2021-07-21-11--04--45 Sleep Check Completed
INFO:root:2021-07-21-11--04--45 Frame manipulations completed
INFO:root:2021-07-21-11--04--45 Bounding Box Drawn
INFO:root:2021-07-21-11--04--46 MovingFrameQueue Appended
INFO:root:2021-07-21-11--04--46 anomallyFrameTracker resetted to 200
INFO:root:2021-07-21-11--04--46 Colour Conversion Completed
INFO:root:2021-07-21-11--04--46 Sleep Check Completed
INFO:root:2021-07-21-11--04--46 Frame manipulations completed
INFO:root:2021-07-21-11--04--46 Bounding Box Drawn
INFO:root:2021-07-21-11--04--46 MovingFrameQueue Popped
INFO:root:2021-07-21-11--04--46 anomallyFrameTracker resetted to 200
INFO:root:2021-07-21-11--04--46 Colour Conversion Completed
INFO:root:2021-07-21-11--04--46 Sleep Check Completed
INFO:root:2021-07-21-11--04--46 Frame manipulations completed
INFO:root:2021-07-21-11--04--46 Bounding Box Drawn
INFO:root:2021-07-21-11--04--46 MovingFrameQueue Appended
INFO:root:2021-07-21-11--04--46 anomallyFrameTracker resetted to 200
INFO:root:2021-07-21-11--04--46 Colour Conversion Completed
INFO:root:2021-07-21-11--04--46 Sleep Check Completed
INFO:root:2021-07-21-11--04--46 Frame manipulations completed
INFO:root:2021-07-21-11--04--46 Bounding Box Drawn
INFO:root:2021-07-21-11--04--46 MovingFrameQueue Popped
INFO:root:2021-07-21-11--04--46 anomallyFrameTracker resetted to 200
INFO:root:2021-07-21-11--04--46 Colour Conversion Completed
INFO:root:2021-07-21-11--04--46 Sleep Check Completed
INFO:root:2021-07-21-11--04--46 Frame manipulations completed
INFO:root:2021-07-21-11--04--46 Bounding Box Drawn
INFO:root:2021-07-21-11--04--46 MovingFrameQueue Appended
INFO:root:2021-07-21-11--04--46 anomallyFrameTracker resetted to 200
INFO:root:2021-07-21-11--04--46 Colour Conversion Completed
INFO:root:2021-07-21-11--04--46 Sleep Check Completed
INFO:root:2021-07-21-11--04--46 Frame manipulations completed
INFO:root:2021-07-21-11--04--46 Bounding Box Drawn
INFO:root:2021-07-21-11--04--46 MovingFrameQueue Popped
INFO:root:2021-07-21-11--04--46 anomallyFrameTracker resetted to 200
INFO:root:2021-07-21-11--04--46 Colour Conversion Completed
INFO:root:2021-07-21-11--04--46 Sleep Check Completed
INFO:root:2021-07-21-11--04--46 Frame manipulations completed
INFO:root:2021-07-21-11--04--46 Bounding Box Drawn
INFO:root:2021-07-21-11--04--47 MovingFrameQueue Appended
INFO:root:2021-07-21-11--04--47 anomallyFrameTracker resetted to 200
INFO:root:2021-07-21-11--04--47 Colour Conversion Completed
INFO:root:2021-07-21-11--04--47 Sleep Check Completed
INFO:root:2021-07-21-11--04--47 Frame manipulations completed
INFO:root:2021-07-21-11--04--47 Bounding Box Drawn
INFO:root:2021-07-21-11--04--47 MovingFrameQueue Popped
INFO:root:2021-07-21-11--04--47 anomallyFrameTracker resetted to 200
INFO:root:2021-07-21-11--04--47 Colour Conversion Completed
INFO:root:2021-07-21-11--04--47 Sleep Check Completed
INFO:root:2021-07-21-11--04--47 Frame manipulations completed
INFO:root:2021-07-21-11--04--47 Bounding Box Drawn
INFO:root:2021-07-21-11--04--47 MovingFrameQueue Appended
INFO:root:2021-07-21-11--04--47 anomallyFrameTracker resetted to 200
INFO:root:2021-07-21-11--04--47 Colour Conversion Completed
INFO:root:2021-07-21-11--04--47 Sleep Check Completed
INFO:root:2021-07-21-11--04--47 Frame manipulations completed
INFO:root:2021-07-21-11--04--47 Bounding Box Drawn
INFO:root:2021-07-21-11--04--47 MovingFrameQueue Popped
INFO:root:2021-07-21-11--04--47 anomallyFrameTracker resetted to 200
INFO:root:2021-07-21-11--04--47 Colour Conversion Completed
INFO:root:2021-07-21-11--04--47 Sleep Check Completed
INFO:root:2021-07-21-11--04--47 Frame manipulations completed
INFO:root:2021-07-21-11--04--47 Bounding Box Drawn
INFO:root:2021-07-21-11--04--47 MovingFrameQueue Appended
INFO:root:2021-07-21-11--04--47 anomallyFrameTracker resetted to 200
INFO:root:2021-07-21-11--04--47 Colour Conversion Completed
INFO:root:2021-07-21-11--04--47 Sleep Check Completed
INFO:root:2021-07-21-11--04--47 Frame manipulations completed
INFO:root:2021-07-21-11--04--47 Bounding Box Drawn
INFO:root:2021-07-21-11--04--47 MovingFrameQueue Popped
INFO:root:2021-07-21-11--04--47 anomallyFrameTracker resetted to 200
INFO:root:2021-07-21-11--04--47 Colour Conversion Completed
INFO:root:2021-07-21-11--04--47 Sleep Check Completed
INFO:root:2021-07-21-11--04--47 Frame manipulations completed
INFO:root:2021-07-21-11--04--47 Bounding Box Drawn
INFO:root:2021-07-21-11--04--48 MovingFrameQueue Appended
INFO:root:2021-07-21-11--04--48 anomallyFrameTracker resetted to 200
INFO:root:2021-07-21-11--04--48 Colour Conversion Completed
INFO:root:2021-07-21-11--04--48 Sleep Check Completed
INFO:root:2021-07-21-11--04--48 Frame manipulations completed
INFO:root:2021-07-21-11--04--48 Bounding Box Drawn
INFO:root:2021-07-21-11--04--48 MovingFrameQueue Popped
INFO:root:2021-07-21-11--04--48 anomallyFrameTracker resetted to 200
INFO:root:2021-07-21-11--04--48 Colour Conversion Completed
INFO:root:2021-07-21-11--04--48 Sleep Check Completed
INFO:root:2021-07-21-11--04--48 Frame manipulations completed
INFO:root:2021-07-21-11--04--48 Bounding Box Drawn
INFO:root:2021-07-21-11--04--48 MovingFrameQueue Appended
INFO:root:2021-07-21-11--04--48 anomallyFrameTracker resetted to 200
INFO:root:2021-07-21-11--04--48 Colour Conversion Completed
INFO:root:2021-07-21-11--04--48 Sleep Check Completed
INFO:root:2021-07-21-11--04--48 Frame manipulations completed
INFO:root:2021-07-21-11--04--48 Bounding Box Drawn
INFO:root:2021-07-21-11--04--48 MovingFrameQueue Popped
INFO:root:2021-07-21-11--04--48 anomallyFrameTracker resetted to 200
INFO:root:2021-07-21-11--04--48 Colour Conversion Completed
INFO:root:2021-07-21-11--04--48 Sleep Check Completed
INFO:root:2021-07-21-11--04--48 Frame manipulations completed
INFO:root:2021-07-21-11--04--48 Bounding Box Drawn
INFO:root:2021-07-21-11--04--49 MovingFrameQueue Appended
INFO:root:2021-07-21-11--04--49 anomallyFrameTracker resetted to 200
INFO:root:2021-07-21-11--04--49 Colour Conversion Completed
INFO:root:2021-07-21-11--04--49 Sleep Check Completed
INFO:root:2021-07-21-11--04--49 Frame manipulations completed
INFO:root:2021-07-21-11--04--49 Bounding Box Drawn
INFO:root:2021-07-21-11--04--49 MovingFrameQueue Popped
INFO:root:2021-07-21-11--04--49 anomallyFrameTracker resetted to 200
INFO:root:2021-07-21-11--04--49 Colour Conversion Completed
INFO:root:2021-07-21-11--04--49 Sleep Check Completed
INFO:root:2021-07-21-11--04--49 Frame manipulations completed
INFO:root:2021-07-21-11--04--49 Bounding Box Drawn
INFO:root:2021-07-21-11--04--49 MovingFrameQueue Appended
INFO:root:2021-07-21-11--04--49 anomallyFrameTracker resetted to 200
INFO:root:2021-07-21-11--04--49 Colour Conversion Completed
INFO:root:2021-07-21-11--04--49 Sleep Check Completed
INFO:root:2021-07-21-11--04--49 Frame manipulations completed
INFO:root:2021-07-21-11--04--49 Bounding Box Drawn
INFO:root:2021-07-21-11--04--49 MovingFrameQueue Popped
INFO:root:2021-07-21-11--04--49 anomallyFrameTracker resetted to 200
INFO:root:2021-07-21-11--04--49 Colour Conversion Completed
INFO:root:2021-07-21-11--04--49 Sleep Check Completed
INFO:root:2021-07-21-11--04--49 Frame manipulations completed
INFO:root:2021-07-21-11--04--49 Bounding Box Drawn
INFO:root:2021-07-21-11--04--49 MovingFrameQueue Appended
INFO:root:2021-07-21-11--04--49 anomallyFrameTracker resetted to 200
INFO:root:2021-07-21-11--04--49 Colour Conversion Completed
INFO:root:2021-07-21-11--04--49 Sleep Check Completed
INFO:root:2021-07-21-11--04--49 Frame manipulations completed
INFO:root:2021-07-21-11--04--49 Bounding Box Drawn
INFO:root:2021-07-21-11--04--49 MovingFrameQueue Popped
INFO:root:2021-07-21-11--04--49 anomallyFrameTracker resetted to 200
INFO:root:2021-07-21-11--04--49 Colour Conversion Completed
INFO:root:2021-07-21-11--04--49 Sleep Check Completed
INFO:root:2021-07-21-11--04--49 Frame manipulations completed
INFO:root:2021-07-21-11--04--49 Bounding Box Drawn
INFO:root:2021-07-21-11--04--49 MovingFrameQueue Appended
INFO:root:2021-07-21-11--04--49 anomallyFrameTracker resetted to 200
INFO:root:2021-07-21-11--04--49 Colour Conversion Completed
INFO:root:2021-07-21-11--04--49 Sleep Check Completed
INFO:root:2021-07-21-11--04--49 Frame manipulations completed
INFO:root:2021-07-21-11--04--49 Bounding Box Drawn
INFO:root:2021-07-21-11--04--50 MovingFrameQueue Popped
INFO:root:2021-07-21-11--04--50 anomallyFrameTracker resetted to 200
INFO:root:2021-07-21-11--04--50 Colour Conversion Completed
INFO:root:2021-07-21-11--04--50 Sleep Check Completed
INFO:root:2021-07-21-11--04--50 Frame manipulations completed
INFO:root:2021-07-21-11--04--50 Bounding Box Drawn
INFO:root:2021-07-21-11--04--50 MovingFrameQueue Appended
INFO:root:2021-07-21-11--04--50 anomallyFrameTracker resetted to 200
INFO:root:2021-07-21-11--04--50 Colour Conversion Completed
INFO:root:2021-07-21-11--04--50 Sleep Check Completed
INFO:root:2021-07-21-11--04--50 Frame manipulations completed
INFO:root:2021-07-21-11--04--50 Bounding Box Drawn
INFO:root:2021-07-21-11--04--50 MovingFrameQueue Popped
INFO:root:2021-07-21-11--04--50 anomallyFrameTracker resetted to 200
INFO:root:2021-07-21-11--04--50 Colour Conversion Completed
INFO:root:2021-07-21-11--04--50 Sleep Check Completed
INFO:root:2021-07-21-11--04--50 Frame manipulations completed
INFO:root:2021-07-21-11--04--50 Bounding Box Drawn
INFO:root:2021-07-21-11--04--50 MovingFrameQueue Appended
INFO:root:2021-07-21-11--04--50 anomallyFrameTracker resetted to 200
INFO:root:2021-07-21-11--04--50 Colour Conversion Completed
INFO:root:2021-07-21-11--04--50 Sleep Check Completed
INFO:root:2021-07-21-11--04--50 Frame manipulations completed
INFO:root:2021-07-21-11--04--50 Bounding Box Drawn
INFO:root:2021-07-21-11--04--50 MovingFrameQueue Popped
INFO:root:2021-07-21-11--04--50 anomallyFrameTracker resetted to 200
INFO:root:2021-07-21-11--04--50 Colour Conversion Completed
INFO:root:2021-07-21-11--04--50 Sleep Check Completed
INFO:root:2021-07-21-11--04--50 Frame manipulations completed
INFO:root:2021-07-21-11--04--50 Bounding Box Drawn
INFO:root:2021-07-21-11--04--50 MovingFrameQueue Appended
INFO:root:2021-07-21-11--04--50 anomallyFrameTracker resetted to 200
INFO:root:2021-07-21-11--04--50 Colour Conversion Completed
INFO:root:2021-07-21-11--04--50 Sleep Check Completed
INFO:root:2021-07-21-11--04--50 Frame manipulations completed
INFO:root:2021-07-21-11--04--50 Bounding Box Drawn
INFO:root:2021-07-21-11--04--51 MovingFrameQueue Popped
INFO:root:2021-07-21-11--04--51 anomallyFrameTracker resetted to 200
INFO:root:2021-07-21-11--04--51 Colour Conversion Completed
INFO:root:2021-07-21-11--04--51 Sleep Check Completed
INFO:root:2021-07-21-11--04--51 Frame manipulations completed
INFO:root:2021-07-21-11--04--51 Bounding Box Drawn
INFO:root:2021-07-21-11--04--51 MovingFrameQueue Appended
INFO:root:2021-07-21-11--04--51 anomallyFrameTracker resetted to 200
INFO:root:2021-07-21-11--04--51 Colour Conversion Completed
INFO:root:2021-07-21-11--04--51 Sleep Check Completed
INFO:root:2021-07-21-11--04--51 Frame manipulations completed
INFO:root:2021-07-21-11--04--51 Bounding Box Drawn
INFO:root:2021-07-21-11--04--51 MovingFrameQueue Popped
INFO:root:2021-07-21-11--04--51 anomallyFrameTracker resetted to 200
INFO:root:2021-07-21-11--04--51 Colour Conversion Completed
INFO:root:2021-07-21-11--04--51 Sleep Check Completed
INFO:root:2021-07-21-11--04--51 Frame manipulations completed
INFO:root:2021-07-21-11--04--51 Bounding Box Drawn
INFO:root:2021-07-21-11--04--51 MovingFrameQueue Appended
INFO:root:2021-07-21-11--04--51 anomallyFrameTracker resetted to 200
INFO:root:2021-07-21-11--04--51 Colour Conversion Completed
INFO:root:2021-07-21-11--04--51 Sleep Check Completed
INFO:root:2021-07-21-11--04--51 Frame manipulations completed
INFO:root:2021-07-21-11--04--51 Bounding Box Drawn
INFO:root:2021-07-21-11--04--51 MovingFrameQueue Popped
INFO:root:2021-07-21-11--04--51 anomallyFrameTracker resetted to 200
INFO:root:2021-07-21-11--04--51 Colour Conversion Completed
INFO:root:2021-07-21-11--04--51 Sleep Check Completed
INFO:root:2021-07-21-11--04--51 Frame manipulations completed
INFO:root:2021-07-21-11--04--51 Bounding Box Drawn
INFO:root:2021-07-21-11--04--51 MovingFrameQueue Appended
INFO:root:2021-07-21-11--04--51 anomallyFrameTracker resetted to 200
INFO:root:2021-07-21-11--04--51 Colour Conversion Completed
INFO:root:2021-07-21-11--04--51 Sleep Check Completed
INFO:root:2021-07-21-11--04--51 Frame manipulations completed
INFO:root:2021-07-21-11--04--51 Bounding Box Drawn
INFO:root:2021-07-21-11--04--51 MovingFrameQueue Popped
INFO:root:2021-07-21-11--04--51 anomallyFrameTracker resetted to 200
INFO:root:2021-07-21-11--04--51 Colour Conversion Completed
INFO:root:2021-07-21-11--04--51 Sleep Check Completed
INFO:root:2021-07-21-11--04--51 Frame manipulations completed
INFO:root:2021-07-21-11--04--51 Bounding Box Drawn
INFO:root:2021-07-21-11--04--52 MovingFrameQueue Appended
INFO:root:2021-07-21-11--04--52 anomallyFrameTracker resetted to 200
INFO:root:2021-07-21-11--04--52 Colour Conversion Completed
INFO:root:2021-07-21-11--04--52 Sleep Check Completed
INFO:root:2021-07-21-11--04--52 Frame manipulations completed
INFO:root:2021-07-21-11--04--52 Bounding Box Drawn
INFO:root:2021-07-21-11--04--52 MovingFrameQueue Popped
INFO:root:2021-07-21-11--04--52 anomallyFrameTracker resetted to 200
INFO:root:2021-07-21-11--04--52 Colour Conversion Completed
INFO:root:2021-07-21-11--04--52 Sleep Check Completed
INFO:root:2021-07-21-11--04--52 Frame manipulations completed
INFO:root:2021-07-21-11--04--52 Bounding Box Drawn
INFO:root:2021-07-21-11--04--52 MovingFrameQueue Appended
INFO:root:2021-07-21-11--04--52 anomallyFrameTracker resetted to 200
INFO:root:2021-07-21-11--04--52 Colour Conversion Completed
INFO:root:2021-07-21-11--04--52 Sleep Check Completed
INFO:root:2021-07-21-11--04--52 Frame manipulations completed
INFO:root:2021-07-21-11--04--52 Bounding Box Drawn
INFO:root:2021-07-21-11--04--52 MovingFrameQueue Popped
INFO:root:2021-07-21-11--04--52 anomallyFrameTracker resetted to 200
INFO:root:2021-07-21-11--04--52 Colour Conversion Completed
INFO:root:2021-07-21-11--04--52 Sleep Check Completed
INFO:root:2021-07-21-11--04--52 Frame manipulations completed
INFO:root:2021-07-21-11--04--52 Bounding Box Drawn
INFO:root:2021-07-21-11--04--52 MovingFrameQueue Appended
INFO:root:2021-07-21-11--04--52 anomallyFrameTracker resetted to 200
INFO:root:2021-07-21-11--04--52 Colour Conversion Completed
INFO:root:2021-07-21-11--04--52 Sleep Check Completed
INFO:root:2021-07-21-11--04--52 Frame manipulations completed
INFO:root:2021-07-21-11--04--52 Bounding Box Drawn
INFO:root:2021-07-21-11--04--52 MovingFrameQueue Popped
INFO:root:2021-07-21-11--04--52 anomallyFrameTracker resetted to 200
INFO:root:2021-07-21-11--04--52 Colour Conversion Completed
INFO:root:2021-07-21-11--04--52 Sleep Check Completed
INFO:root:2021-07-21-11--04--52 Frame manipulations completed
INFO:root:2021-07-21-11--04--52 Bounding Box Drawn
INFO:root:2021-07-21-11--04--53 MovingFrameQueue Appended
INFO:root:2021-07-21-11--04--53 anomallyFrameTracker resetted to 200
INFO:root:2021-07-21-11--04--53 Colour Conversion Completed
INFO:root:2021-07-21-11--04--53 Sleep Check Completed
INFO:root:2021-07-21-11--04--53 Frame manipulations completed
INFO:root:2021-07-21-11--04--53 Bounding Box Drawn
INFO:root:2021-07-21-11--04--53 MovingFrameQueue Popped
INFO:root:2021-07-21-11--04--53 anomallyFrameTracker resetted to 200
INFO:root:2021-07-21-11--04--53 Colour Conversion Completed
INFO:root:2021-07-21-11--04--53 Sleep Check Completed
INFO:root:2021-07-21-11--04--53 Frame manipulations completed
INFO:root:2021-07-21-11--04--53 Bounding Box Drawn
INFO:root:2021-07-21-11--04--53 MovingFrameQueue Appended
INFO:root:2021-07-21-11--04--53 anomallyFrameTracker resetted to 200
INFO:root:2021-07-21-11--04--53 Colour Conversion Completed
INFO:root:2021-07-21-11--04--53 Sleep Check Completed
INFO:root:2021-07-21-11--04--53 Frame manipulations completed
INFO:root:2021-07-21-11--04--53 Bounding Box Drawn
INFO:root:2021-07-21-11--04--53 MovingFrameQueue Popped
INFO:root:2021-07-21-11--04--53 anomallyFrameTracker resetted to 200
INFO:root:2021-07-21-11--04--53 Colour Conversion Completed
INFO:root:2021-07-21-11--04--53 Sleep Check Completed
INFO:root:2021-07-21-11--04--53 Frame manipulations completed
INFO:root:2021-07-21-11--04--53 Bounding Box Drawn
INFO:root:2021-07-21-11--04--53 MovingFrameQueue Appended
INFO:root:2021-07-21-11--04--53 anomallyFrameTracker resetted to 200
INFO:root:2021-07-21-11--04--53 Colour Conversion Completed
INFO:root:2021-07-21-11--04--53 Sleep Check Completed
INFO:root:2021-07-21-11--04--53 Frame manipulations completed
INFO:root:2021-07-21-11--04--53 Bounding Box Drawn
INFO:root:2021-07-21-11--04--54 MovingFrameQueue Popped
INFO:root:2021-07-21-11--04--54 anomallyFrameTracker resetted to 200
INFO:root:2021-07-21-11--04--54 Colour Conversion Completed
INFO:root:2021-07-21-11--04--54 Sleep Check Completed
INFO:root:2021-07-21-11--04--54 Frame manipulations completed
INFO:root:2021-07-21-11--04--54 Bounding Box Drawn
INFO:root:2021-07-21-11--04--54 MovingFrameQueue Appended
INFO:root:2021-07-21-11--04--54 anomallyFrameTracker resetted to 200
INFO:root:2021-07-21-11--04--54 Colour Conversion Completed
INFO:root:2021-07-21-11--04--54 Sleep Check Completed
INFO:root:2021-07-21-11--04--54 Frame manipulations completed
INFO:root:2021-07-21-11--04--54 Bounding Box Drawn
INFO:root:2021-07-21-11--04--54 MovingFrameQueue Popped
INFO:root:2021-07-21-11--04--54 anomallyFrameTracker resetted to 200
INFO:root:2021-07-21-11--04--54 Colour Conversion Completed
INFO:root:2021-07-21-11--04--54 Sleep Check Completed
INFO:root:2021-07-21-11--04--54 Frame manipulations completed
INFO:root:2021-07-21-11--04--54 Bounding Box Drawn
INFO:root:2021-07-21-11--04--54 MovingFrameQueue Appended
INFO:root:2021-07-21-11--04--54 anomallyFrameTracker resetted to 200
INFO:root:2021-07-21-11--04--54 Colour Conversion Completed
INFO:root:2021-07-21-11--04--54 Sleep Check Completed
INFO:root:2021-07-21-11--04--54 Frame manipulations completed
INFO:root:2021-07-21-11--04--54 Bounding Box Drawn
INFO:root:2021-07-21-11--04--54 MovingFrameQueue Popped
INFO:root:2021-07-21-11--04--54 anomallyFrameTracker resetted to 200
INFO:root:2021-07-21-11--04--54 Colour Conversion Completed
INFO:root:2021-07-21-11--04--54 Sleep Check Completed
INFO:root:2021-07-21-11--04--54 Frame manipulations completed
INFO:root:2021-07-21-11--04--54 Bounding Box Drawn
INFO:root:2021-07-21-11--04--55 MovingFrameQueue Appended
INFO:root:2021-07-21-11--04--55 anomallyFrameTracker resetted to 200
INFO:root:2021-07-21-11--04--55 Colour Conversion Completed
INFO:root:2021-07-21-11--04--55 Sleep Check Completed
INFO:root:2021-07-21-11--04--55 Frame manipulations completed
INFO:root:2021-07-21-11--04--55 Bounding Box Drawn
INFO:root:2021-07-21-11--04--55 MovingFrameQueue Popped
INFO:root:2021-07-21-11--04--55 anomallyFrameTracker resetted to 200
INFO:root:2021-07-21-11--04--55 Colour Conversion Completed
INFO:root:2021-07-21-11--04--55 Sleep Check Completed
INFO:root:2021-07-21-11--04--55 Frame manipulations completed
INFO:root:2021-07-21-11--04--55 Bounding Box Drawn
INFO:root:2021-07-21-11--04--55 MovingFrameQueue Appended
INFO:root:2021-07-21-11--04--55 anomallyFrameTracker resetted to 200
INFO:root:2021-07-21-11--04--55 Colour Conversion Completed
INFO:root:2021-07-21-11--04--55 Sleep Check Completed
INFO:root:2021-07-21-11--04--55 Frame manipulations completed
INFO:root:2021-07-21-11--04--55 Bounding Box Drawn
INFO:root:2021-07-21-11--04--55 MovingFrameQueue Popped
INFO:root:2021-07-21-11--04--55 anomallyFrameTracker resetted to 200
INFO:root:2021-07-21-11--04--55 Colour Conversion Completed
INFO:root:2021-07-21-11--04--55 Sleep Check Completed
INFO:root:2021-07-21-11--04--55 Frame manipulations completed
INFO:root:2021-07-21-11--04--55 Bounding Box Drawn
INFO:root:2021-07-21-11--04--55 MovingFrameQueue Appended
INFO:root:2021-07-21-11--04--55 anomallyFrameTracker resetted to 200
INFO:root:2021-07-21-11--04--55 Colour Conversion Completed
INFO:root:2021-07-21-11--04--55 Sleep Check Completed
INFO:root:2021-07-21-11--04--55 Frame manipulations completed
INFO:root:2021-07-21-11--04--55 Bounding Box Drawn
INFO:root:2021-07-21-11--04--55 MovingFrameQueue Popped
INFO:root:2021-07-21-11--04--55 anomallyFrameTracker resetted to 200
INFO:root:2021-07-21-11--04--55 Colour Conversion Completed
INFO:root:2021-07-21-11--04--55 Sleep Check Completed
INFO:root:2021-07-21-11--04--55 Frame manipulations completed
INFO:root:2021-07-21-11--04--55 Bounding Box Drawn
INFO:root:2021-07-21-11--04--56 MovingFrameQueue Appended
INFO:root:2021-07-21-11--04--56 anomallyFrameTracker resetted to 200
INFO:root:2021-07-21-11--04--56 Colour Conversion Completed
INFO:root:2021-07-21-11--04--56 Sleep Check Completed
INFO:root:2021-07-21-11--04--56 Frame manipulations completed
INFO:root:2021-07-21-11--04--56 Bounding Box Drawn
INFO:root:2021-07-21-11--04--56 MovingFrameQueue Popped
INFO:root:2021-07-21-11--04--56 anomallyFrameTracker resetted to 200
INFO:root:2021-07-21-11--04--56 Colour Conversion Completed
INFO:root:2021-07-21-11--04--56 Sleep Check Completed
INFO:root:2021-07-21-11--04--56 Frame manipulations completed
INFO:root:2021-07-21-11--04--56 Bounding Box Drawn
INFO:root:2021-07-21-11--04--56 MovingFrameQueue Appended
INFO:root:2021-07-21-11--04--56 anomallyFrameTracker resetted to 200
INFO:root:2021-07-21-11--04--56 Colour Conversion Completed
INFO:root:2021-07-21-11--04--56 Sleep Check Completed
INFO:root:2021-07-21-11--04--56 Frame manipulations completed
INFO:root:2021-07-21-11--04--56 Bounding Box Drawn
INFO:root:2021-07-21-11--04--56 MovingFrameQueue Popped
INFO:root:2021-07-21-11--04--56 anomallyFrameTracker resetted to 200
INFO:root:2021-07-21-11--04--56 Colour Conversion Completed
INFO:root:2021-07-21-11--04--57 Sleep Check Completed
INFO:root:2021-07-21-11--04--57 Frame manipulations completed
INFO:root:2021-07-21-11--04--57 Bounding Box Drawn
INFO:root:2021-07-21-11--04--57 MovingFrameQueue Appended
INFO:root:2021-07-21-11--04--57 anomallyFrameTracker resetted to 200
INFO:root:2021-07-21-11--04--57 Colour Conversion Completed
INFO:root:2021-07-21-11--04--57 Sleep Check Completed
INFO:root:2021-07-21-11--04--57 Frame manipulations completed
INFO:root:2021-07-21-11--04--57 Bounding Box Drawn
INFO:root:2021-07-21-11--04--57 MovingFrameQueue Popped
INFO:root:2021-07-21-11--04--57 anomallyFrameTracker resetted to 200
INFO:root:2021-07-21-11--04--57 Colour Conversion Completed
INFO:root:2021-07-21-11--04--57 Sleep Check Completed
INFO:root:2021-07-21-11--04--57 Frame manipulations completed
INFO:root:2021-07-21-11--04--57 Bounding Box Drawn
INFO:root:2021-07-21-11--04--57 MovingFrameQueue Appended
INFO:root:2021-07-21-11--04--57 anomallyFrameTracker resetted to 200
INFO:root:2021-07-21-11--04--57 Colour Conversion Completed
INFO:root:2021-07-21-11--04--57 Sleep Check Completed
INFO:root:2021-07-21-11--04--57 Frame manipulations completed
INFO:root:2021-07-21-11--04--57 Bounding Box Drawn
INFO:root:2021-07-21-11--04--58 MovingFrameQueue Popped
INFO:root:2021-07-21-11--04--58 anomallyFrameTracker resetted to 200
INFO:root:2021-07-21-11--04--58 Colour Conversion Completed
INFO:root:2021-07-21-11--04--58 Sleep Check Completed
INFO:root:2021-07-21-11--04--58 Frame manipulations completed
INFO:root:2021-07-21-11--04--58 Bounding Box Drawn
INFO:root:2021-07-21-11--04--58 MovingFrameQueue Appended
INFO:root:2021-07-21-11--04--58 anomallyFrameTracker resetted to 200
INFO:root:2021-07-21-11--04--58 Colour Conversion Completed
INFO:root:2021-07-21-11--04--58 Sleep Check Completed
INFO:root:2021-07-21-11--04--58 Frame manipulations completed
INFO:root:2021-07-21-11--04--58 Bounding Box Drawn
INFO:root:2021-07-21-11--04--58 MovingFrameQueue Popped
INFO:root:2021-07-21-11--04--58 anomallyFrameTracker resetted to 200
INFO:root:2021-07-21-11--04--58 Colour Conversion Completed
INFO:root:2021-07-21-11--04--58 Sleep Check Completed
INFO:root:2021-07-21-11--04--58 Frame manipulations completed
INFO:root:2021-07-21-11--04--58 Bounding Box Drawn
INFO:root:2021-07-21-11--04--58 MovingFrameQueue Appended
INFO:root:2021-07-21-11--04--58 anomallyFrameTracker resetted to 200
INFO:root:2021-07-21-11--04--58 Colour Conversion Completed
INFO:root:2021-07-21-11--04--58 Sleep Check Completed
INFO:root:2021-07-21-11--04--58 Frame manipulations completed
INFO:root:2021-07-21-11--04--58 Bounding Box Drawn
INFO:root:2021-07-21-11--04--58 MovingFrameQueue Popped
INFO:root:2021-07-21-11--04--58 anomallyFrameTracker resetted to 200
INFO:root:2021-07-21-11--04--58 Colour Conversion Completed
INFO:root:2021-07-21-11--04--59 Sleep Check Completed
INFO:root:2021-07-21-11--04--59 Frame manipulations completed
INFO:root:2021-07-21-11--04--59 Bounding Box Drawn
INFO:root:2021-07-21-11--04--59 MovingFrameQueue Appended
INFO:root:2021-07-21-11--04--59 anomallyFrameTracker resetted to 200
INFO:root:2021-07-21-11--04--59 Colour Conversion Completed
INFO:root:2021-07-21-11--04--59 Sleep Check Completed
INFO:root:2021-07-21-11--04--59 Frame manipulations completed
INFO:root:2021-07-21-11--04--59 Bounding Box Drawn
INFO:root:2021-07-21-11--04--59 MovingFrameQueue Popped
INFO:root:2021-07-21-11--04--59 anomallyFrameTracker resetted to 200
INFO:root:2021-07-21-11--04--59 Colour Conversion Completed
INFO:root:2021-07-21-11--04--59 Sleep Check Completed
INFO:root:2021-07-21-11--04--59 Frame manipulations completed
INFO:root:2021-07-21-11--04--59 Bounding Box Drawn
INFO:root:2021-07-21-11--04--59 MovingFrameQueue Appended
INFO:root:2021-07-21-11--04--59 anomallyFrameTracker resetted to 200
INFO:root:2021-07-21-11--04--59 Colour Conversion Completed
INFO:root:2021-07-21-11--04--59 Sleep Check Completed
INFO:root:2021-07-21-11--04--59 Frame manipulations completed
INFO:root:2021-07-21-11--04--59 Bounding Box Drawn
INFO:root:2021-07-21-11--05--00 MovingFrameQueue Popped
INFO:root:2021-07-21-11--05--00 anomallyFrameTracker resetted to 200
INFO:root:2021-07-21-11--05--00 Colour Conversion Completed
INFO:root:2021-07-21-11--05--00 Sleep Check Completed
INFO:root:2021-07-21-11--05--00 Frame manipulations completed
INFO:root:2021-07-21-11--05--00 Bounding Box Drawn
INFO:root:2021-07-21-11--05--00 MovingFrameQueue Appended
INFO:root:2021-07-21-11--05--00 anomallyFrameTracker resetted to 200
INFO:root:2021-07-21-11--05--00 Colour Conversion Completed
INFO:root:2021-07-21-11--05--00 Sleep Check Completed
INFO:root:2021-07-21-11--05--00 Frame manipulations completed
INFO:root:2021-07-21-11--05--00 Bounding Box Drawn
INFO:root:2021-07-21-11--05--00 MovingFrameQueue Popped
INFO:root:2021-07-21-11--05--00 anomallyFrameTracker resetted to 200
INFO:root:2021-07-21-11--05--00 Colour Conversion Completed
INFO:root:2021-07-21-11--05--00 Sleep Check Completed
INFO:root:2021-07-21-11--05--00 Frame manipulations completed
INFO:root:2021-07-21-11--05--00 Bounding Box Drawn
INFO:root:2021-07-21-11--05--00 MovingFrameQueue Appended
INFO:root:2021-07-21-11--05--00 anomallyFrameTracker resetted to 200
INFO:root:2021-07-21-11--05--00 Colour Conversion Completed
INFO:root:2021-07-21-11--05--00 Sleep Check Completed
INFO:root:2021-07-21-11--05--00 Frame manipulations completed
INFO:root:2021-07-21-11--05--00 Bounding Box Drawn
INFO:root:2021-07-21-11--05--01 MovingFrameQueue Popped
INFO:root:2021-07-21-11--05--01 anomallyFrameTracker resetted to 200
INFO:root:2021-07-21-11--05--01 Colour Conversion Completed
INFO:root:2021-07-21-11--05--01 Sleep Check Completed
INFO:root:2021-07-21-11--05--01 Frame manipulations completed
INFO:root:2021-07-21-11--05--01 Bounding Box Drawn
INFO:root:2021-07-21-11--05--01 MovingFrameQueue Appended
INFO:root:2021-07-21-11--05--01 anomallyFrameTracker resetted to 200
INFO:root:2021-07-21-11--05--01 Colour Conversion Completed
INFO:root:2021-07-21-11--05--01 Sleep Check Completed
INFO:root:2021-07-21-11--05--01 Frame manipulations completed
INFO:root:2021-07-21-11--05--01 Bounding Box Drawn
INFO:root:2021-07-21-11--05--01 MovingFrameQueue Popped
INFO:root:2021-07-21-11--05--01 anomallyFrameTracker resetted to 200
INFO:root:2021-07-21-11--05--01 Colour Conversion Completed
INFO:root:2021-07-21-11--05--01 Sleep Check Completed
INFO:root:2021-07-21-11--05--01 Frame manipulations completed
INFO:root:2021-07-21-11--05--01 Bounding Box Drawn
INFO:root:2021-07-21-11--05--01 MovingFrameQueue Appended
INFO:root:2021-07-21-11--05--01 anomallyFrameTracker resetted to 200
INFO:root:2021-07-21-11--05--01 Colour Conversion Completed
INFO:root:2021-07-21-11--05--01 Sleep Check Completed
INFO:root:2021-07-21-11--05--01 Frame manipulations completed
INFO:root:2021-07-21-11--05--01 Bounding Box Drawn
INFO:root:2021-07-21-11--05--02 MovingFrameQueue Popped
INFO:root:2021-07-21-11--05--02 anomallyFrameTracker resetted to 200
INFO:root:2021-07-21-11--05--02 Colour Conversion Completed
INFO:root:2021-07-21-11--05--02 Sleep Check Completed
INFO:root:2021-07-21-11--05--02 Frame manipulations completed
INFO:root:2021-07-21-11--05--02 Bounding Box Drawn
INFO:root:2021-07-21-11--05--02 MovingFrameQueue Appended
INFO:root:2021-07-21-11--05--02 anomallyFrameTracker resetted to 200
INFO:root:2021-07-21-11--05--02 Colour Conversion Completed
INFO:root:2021-07-21-11--05--02 Sleep Check Completed
INFO:root:2021-07-21-11--05--02 Frame manipulations completed
INFO:root:2021-07-21-11--05--02 Bounding Box Drawn
INFO:root:2021-07-21-11--05--02 MovingFrameQueue Popped
INFO:root:2021-07-21-11--05--02 anomallyFrameTracker resetted to 200
INFO:root:2021-07-21-11--05--02 Colour Conversion Completed
INFO:root:2021-07-21-11--05--02 Sleep Check Completed
INFO:root:2021-07-21-11--05--02 Frame manipulations completed
INFO:root:2021-07-21-11--05--02 Bounding Box Drawn
INFO:root:2021-07-21-11--05--02 MovingFrameQueue Appended
INFO:root:2021-07-21-11--05--02 anomallyFrameTracker resetted to 200
INFO:root:2021-07-21-11--05--02 Colour Conversion Completed
INFO:root:2021-07-21-11--05--02 Sleep Check Completed
INFO:root:2021-07-21-11--05--02 Frame manipulations completed
INFO:root:2021-07-21-11--05--02 Bounding Box Drawn
INFO:root:2021-07-21-11--05--03[INFO] elapsed time: 45.54
INFO:root:2021-07-21-11--05--03[INFO] approx. FPS: 4.19
INFO:root:2021-07-21-11--05--03 Getting Auth Token Success
INFO:root:2021-07-21-11--05--03 BedTime Upload Completed
