INFO:root:2021-07-13-11--09--10 Parameter Generation Success
INFO:root:2021-07-13-11--09--10 Colour Conversion Completed
INFO:root:2021-07-13-11--09--10 Sleep Check Completed
INFO:root:2021-07-13-11--09--10 Frame manipulations completed
INFO:root:2021-07-13-11--09--10 Writer Initialized
INFO:root:2021-07-13-11--09--10 Bounding Box Drawn
INFO:root:2021-07-13-11--09--10 MovingFrameQueue Appended
INFO:root:2021-07-13-11--09--10 Anomally Detected, starting call for more frames
INFO:root:2021-07-13-11--09--10 anomallyFrameTracker resetted to 200
INFO:root:2021-07-13-11--09--10 Colour Conversion Completed
INFO:root:2021-07-13-11--09--10 Sleep Check Completed
INFO:root:2021-07-13-11--09--10 Frame manipulations completed
INFO:root:2021-07-13-11--09--10 Bounding Box Drawn
INFO:root:2021-07-13-11--09--10 MovingFrameQueue Appended
INFO:root:2021-07-13-11--09--10 Anomally Detected, starting call for more frames
INFO:root:2021-07-13-11--09--10 anomallyFrameTracker resetted to 200
INFO:root:2021-07-13-11--09--10 Colour Conversion Completed
INFO:root:2021-07-13-11--09--10 Sleep Check Completed
INFO:root:2021-07-13-11--09--10 Frame manipulations completed
INFO:root:2021-07-13-11--09--10 Bounding Box Drawn
INFO:root:2021-07-13-11--09--10 MovingFrameQueue Appended
INFO:root:2021-07-13-11--09--10 Colour Conversion Completed
INFO:root:2021-07-13-11--09--11 Sleep Check Completed
INFO:root:2021-07-13-11--09--11 Frame manipulations completed
INFO:root:2021-07-13-11--09--11 Bounding Box Drawn
INFO:root:2021-07-13-11--09--11 MovingFrameQueue Appended
INFO:root:2021-07-13-11--09--11 Colour Conversion Completed
INFO:root:2021-07-13-11--09--11 Sleep Check Completed
INFO:root:2021-07-13-11--09--11 Frame manipulations completed
INFO:root:2021-07-13-11--09--11 Bounding Box Drawn
INFO:root:2021-07-13-11--09--11 MovingFrameQueue Appended
INFO:root:2021-07-13-11--09--11 Colour Conversion Completed
INFO:root:2021-07-13-11--09--11 Sleep Check Completed
INFO:root:2021-07-13-11--09--11 Frame manipulations completed
INFO:root:2021-07-13-11--09--11 Bounding Box Drawn
INFO:root:2021-07-13-11--09--11 MovingFrameQueue Appended
INFO:root:2021-07-13-11--09--11 Colour Conversion Completed
INFO:root:2021-07-13-11--09--11 Sleep Check Completed
INFO:root:2021-07-13-11--09--11 Frame manipulations completed
INFO:root:2021-07-13-11--09--11 Bounding Box Drawn
INFO:root:2021-07-13-11--09--11 MovingFrameQueue Appended
INFO:root:2021-07-13-11--09--11 Colour Conversion Completed
INFO:root:2021-07-13-11--09--11 Sleep Check Completed
INFO:root:2021-07-13-11--09--11 Frame manipulations completed
INFO:root:2021-07-13-11--09--11 Bounding Box Drawn
INFO:root:2021-07-13-11--09--11 MovingFrameQueue Appended
INFO:root:2021-07-13-11--09--11 Colour Conversion Completed
INFO:root:2021-07-13-11--09--11 Sleep Check Completed
INFO:root:2021-07-13-11--09--11 Frame manipulations completed
INFO:root:2021-07-13-11--09--11 Bounding Box Drawn
INFO:root:2021-07-13-11--09--11 MovingFrameQueue Appended
INFO:root:2021-07-13-11--09--11 Colour Conversion Completed
INFO:root:2021-07-13-11--09--11 Sleep Check Completed
INFO:root:2021-07-13-11--09--11 Frame manipulations completed
INFO:root:2021-07-13-11--09--11 Bounding Box Drawn
INFO:root:2021-07-13-11--09--11 MovingFrameQueue Appended
INFO:root:2021-07-13-11--09--11 Colour Conversion Completed
INFO:root:2021-07-13-11--09--11 Sleep Check Completed
INFO:root:2021-07-13-11--09--11 Frame manipulations completed
INFO:root:2021-07-13-11--09--11 Bounding Box Drawn
INFO:root:2021-07-13-11--09--11 MovingFrameQueue Appended
INFO:root:2021-07-13-11--09--11 Anomally Detected, starting call for more frames
INFO:root:2021-07-13-11--09--11 anomallyFrameTracker resetted to 200
INFO:root:2021-07-13-11--09--11 Colour Conversion Completed
INFO:root:2021-07-13-11--09--11 Sleep Check Completed
INFO:root:2021-07-13-11--09--11 Frame manipulations completed
INFO:root:2021-07-13-11--09--11 Bounding Box Drawn
INFO:root:2021-07-13-11--09--11 MovingFrameQueue Appended
INFO:root:2021-07-13-11--09--11 Anomally Detected, starting call for more frames
INFO:root:2021-07-13-11--09--11 anomallyFrameTracker resetted to 200
INFO:root:2021-07-13-11--09--12 Colour Conversion Completed
INFO:root:2021-07-13-11--09--12 Sleep Check Completed
INFO:root:2021-07-13-11--09--12 Frame manipulations completed
INFO:root:2021-07-13-11--09--12 Bounding Box Drawn
INFO:root:2021-07-13-11--09--12 MovingFrameQueue Appended
INFO:root:2021-07-13-11--09--12 Anomally Detected, starting call for more frames
INFO:root:2021-07-13-11--09--12 anomallyFrameTracker resetted to 200
INFO:root:2021-07-13-11--09--12 Colour Conversion Completed
INFO:root:2021-07-13-11--09--12 Sleep Check Completed
INFO:root:2021-07-13-11--09--12 Frame manipulations completed
INFO:root:2021-07-13-11--09--12 Bounding Box Drawn
INFO:root:2021-07-13-11--09--12 MovingFrameQueue Appended
INFO:root:2021-07-13-11--09--12 Anomally Detected, starting call for more frames
INFO:root:2021-07-13-11--09--12 anomallyFrameTracker resetted to 200
INFO:root:2021-07-13-11--09--12 Colour Conversion Completed
INFO:root:2021-07-13-11--09--12 Sleep Check Completed
INFO:root:2021-07-13-11--09--12 Frame manipulations completed
INFO:root:2021-07-13-11--09--12 Bounding Box Drawn
INFO:root:2021-07-13-11--09--12 MovingFrameQueue Appended
INFO:root:2021-07-13-11--09--12 Anomally Detected, starting call for more frames
INFO:root:2021-07-13-11--09--12 anomallyFrameTracker resetted to 200
INFO:root:2021-07-13-11--09--12 Colour Conversion Completed
INFO:root:2021-07-13-11--09--12 Sleep Check Completed
INFO:root:2021-07-13-11--09--12 Frame manipulations completed
INFO:root:2021-07-13-11--09--12 Bounding Box Drawn
INFO:root:2021-07-13-11--09--12 MovingFrameQueue Appended
INFO:root:2021-07-13-11--09--12 Anomally Detected, starting call for more frames
INFO:root:2021-07-13-11--09--12 anomallyFrameTracker resetted to 200
INFO:root:2021-07-13-11--09--12 Colour Conversion Completed
INFO:root:2021-07-13-11--09--12 Sleep Check Completed
INFO:root:2021-07-13-11--09--12 Frame manipulations completed
INFO:root:2021-07-13-11--09--12 Bounding Box Drawn
INFO:root:2021-07-13-11--09--12 MovingFrameQueue Appended
INFO:root:2021-07-13-11--09--12 Anomally Detected, starting call for more frames
INFO:root:2021-07-13-11--09--12 anomallyFrameTracker resetted to 200
INFO:root:2021-07-13-11--09--12 Colour Conversion Completed
INFO:root:2021-07-13-11--09--12 Sleep Check Completed
INFO:root:2021-07-13-11--09--12 Frame manipulations completed
INFO:root:2021-07-13-11--09--12 Bounding Box Drawn
INFO:root:2021-07-13-11--09--12 MovingFrameQueue Appended
INFO:root:2021-07-13-11--09--12 Anomally Detected, starting call for more frames
INFO:root:2021-07-13-11--09--12 anomallyFrameTracker resetted to 200
INFO:root:2021-07-13-11--09--12 Colour Conversion Completed
INFO:root:2021-07-13-11--09--12 Sleep Check Completed
INFO:root:2021-07-13-11--09--12 Frame manipulations completed
INFO:root:2021-07-13-11--09--12 Bounding Box Drawn
INFO:root:2021-07-13-11--09--12 MovingFrameQueue Appended
INFO:root:2021-07-13-11--09--12 Anomally Detected, starting call for more frames
INFO:root:2021-07-13-11--09--12 anomallyFrameTracker resetted to 200
INFO:root:2021-07-13-11--09--12 Colour Conversion Completed
INFO:root:2021-07-13-11--09--12 Sleep Check Completed
INFO:root:2021-07-13-11--09--12 Frame manipulations completed
INFO:root:2021-07-13-11--09--12 Bounding Box Drawn
INFO:root:2021-07-13-11--09--12 MovingFrameQueue Appended
INFO:root:2021-07-13-11--09--12 Anomally Detected, starting call for more frames
INFO:root:2021-07-13-11--09--12 anomallyFrameTracker resetted to 200
INFO:root:2021-07-13-11--09--12 Colour Conversion Completed
INFO:root:2021-07-13-11--09--12 Sleep Check Completed
INFO:root:2021-07-13-11--09--12 Frame manipulations completed
INFO:root:2021-07-13-11--09--12 Bounding Box Drawn
INFO:root:2021-07-13-11--09--12 MovingFrameQueue Appended
INFO:root:2021-07-13-11--09--12 Anomally Detected, starting call for more frames
INFO:root:2021-07-13-11--09--12 anomallyFrameTracker resetted to 200
INFO:root:2021-07-13-11--09--13 Colour Conversion Completed
INFO:root:2021-07-13-11--09--13 Sleep Check Completed
INFO:root:2021-07-13-11--09--13 Frame manipulations completed
INFO:root:2021-07-13-11--09--13 Bounding Box Drawn
INFO:root:2021-07-13-11--09--13 MovingFrameQueue Appended
INFO:root:2021-07-13-11--09--13 Anomally Detected, starting call for more frames
INFO:root:2021-07-13-11--09--13 anomallyFrameTracker resetted to 200
INFO:root:2021-07-13-11--09--13 Colour Conversion Completed
INFO:root:2021-07-13-11--09--13 Sleep Check Completed
INFO:root:2021-07-13-11--09--13 Frame manipulations completed
INFO:root:2021-07-13-11--09--13 Bounding Box Drawn
INFO:root:2021-07-13-11--09--13 MovingFrameQueue Appended
INFO:root:2021-07-13-11--09--13 Anomally Detected, starting call for more frames
INFO:root:2021-07-13-11--09--13 anomallyFrameTracker resetted to 200
INFO:root:2021-07-13-11--09--13 Colour Conversion Completed
INFO:root:2021-07-13-11--09--13 Sleep Check Completed
INFO:root:2021-07-13-11--09--13 Frame manipulations completed
INFO:root:2021-07-13-11--09--13 Bounding Box Drawn
INFO:root:2021-07-13-11--09--13 MovingFrameQueue Appended
INFO:root:2021-07-13-11--09--13 Anomally Detected, starting call for more frames
INFO:root:2021-07-13-11--09--13 anomallyFrameTracker resetted to 200
INFO:root:2021-07-13-11--09--13 Colour Conversion Completed
INFO:root:2021-07-13-11--09--13 Sleep Check Completed
INFO:root:2021-07-13-11--09--13 Frame manipulations completed
INFO:root:2021-07-13-11--09--13 Bounding Box Drawn
INFO:root:2021-07-13-11--09--13 MovingFrameQueue Appended
INFO:root:2021-07-13-11--09--13 Anomally Detected, starting call for more frames
INFO:root:2021-07-13-11--09--13 anomallyFrameTracker resetted to 200
INFO:root:2021-07-13-11--09--13 Colour Conversion Completed
INFO:root:2021-07-13-11--09--13 Sleep Check Completed
INFO:root:2021-07-13-11--09--13 Frame manipulations completed
INFO:root:2021-07-13-11--09--13 Bounding Box Drawn
INFO:root:2021-07-13-11--09--13 MovingFrameQueue Appended
INFO:root:2021-07-13-11--09--13 Anomally Detected, starting call for more frames
INFO:root:2021-07-13-11--09--13 anomallyFrameTracker resetted to 200
INFO:root:2021-07-13-11--09--13 Colour Conversion Completed
INFO:root:2021-07-13-11--09--13 Sleep Check Completed
INFO:root:2021-07-13-11--09--13 Frame manipulations completed
INFO:root:2021-07-13-11--09--13 Bounding Box Drawn
INFO:root:2021-07-13-11--09--13 MovingFrameQueue Appended
INFO:root:2021-07-13-11--09--13 Anomally Detected, starting call for more frames
INFO:root:2021-07-13-11--09--13 anomallyFrameTracker resetted to 200
INFO:root:2021-07-13-11--09--13 Colour Conversion Completed
INFO:root:2021-07-13-11--09--13 Sleep Check Completed
INFO:root:2021-07-13-11--09--13 Frame manipulations completed
INFO:root:2021-07-13-11--09--13 Bounding Box Drawn
INFO:root:2021-07-13-11--09--13 MovingFrameQueue Appended
INFO:root:2021-07-13-11--09--13 Anomally Detected, starting call for more frames
INFO:root:2021-07-13-11--09--13 anomallyFrameTracker resetted to 200
INFO:root:2021-07-13-11--09--13 Colour Conversion Completed
INFO:root:2021-07-13-11--09--13 Sleep Check Completed
INFO:root:2021-07-13-11--09--13 Frame manipulations completed
INFO:root:2021-07-13-11--09--13 Bounding Box Drawn
INFO:root:2021-07-13-11--09--13 MovingFrameQueue Appended
INFO:root:2021-07-13-11--09--13 Anomally Detected, starting call for more frames
INFO:root:2021-07-13-11--09--13 anomallyFrameTracker resetted to 200
INFO:root:2021-07-13-11--09--13 Colour Conversion Completed
INFO:root:2021-07-13-11--09--13 Sleep Check Completed
INFO:root:2021-07-13-11--09--13 Frame manipulations completed
INFO:root:2021-07-13-11--09--13 Bounding Box Drawn
INFO:root:2021-07-13-11--09--13 MovingFrameQueue Appended
INFO:root:2021-07-13-11--09--13 Anomally Detected, starting call for more frames
INFO:root:2021-07-13-11--09--13 anomallyFrameTracker resetted to 200
INFO:root:2021-07-13-11--09--14 Colour Conversion Completed
INFO:root:2021-07-13-11--09--14 Sleep Check Completed
INFO:root:2021-07-13-11--09--14 Frame manipulations completed
INFO:root:2021-07-13-11--09--14 Bounding Box Drawn
INFO:root:2021-07-13-11--09--14 MovingFrameQueue Appended
INFO:root:2021-07-13-11--09--14 Anomally Detected, starting call for more frames
INFO:root:2021-07-13-11--09--14 anomallyFrameTracker resetted to 200
INFO:root:2021-07-13-11--09--14 Colour Conversion Completed
INFO:root:2021-07-13-11--09--14 Sleep Check Completed
INFO:root:2021-07-13-11--09--14 Frame manipulations completed
INFO:root:2021-07-13-11--09--14 Bounding Box Drawn
INFO:root:2021-07-13-11--09--14 MovingFrameQueue Appended
INFO:root:2021-07-13-11--09--14 Anomally Detected, starting call for more frames
INFO:root:2021-07-13-11--09--14 anomallyFrameTracker resetted to 200
INFO:root:2021-07-13-11--09--14 Colour Conversion Completed
INFO:root:2021-07-13-11--09--14 Sleep Check Completed
INFO:root:2021-07-13-11--09--14 Frame manipulations completed
INFO:root:2021-07-13-11--09--14 Bounding Box Drawn
INFO:root:2021-07-13-11--09--14 MovingFrameQueue Appended
INFO:root:2021-07-13-11--09--14 Anomally Detected, starting call for more frames
INFO:root:2021-07-13-11--09--14 anomallyFrameTracker resetted to 200
INFO:root:2021-07-13-11--09--14 Colour Conversion Completed
INFO:root:2021-07-13-11--09--14 Sleep Check Completed
INFO:root:2021-07-13-11--09--14 Frame manipulations completed
INFO:root:2021-07-13-11--09--14 Bounding Box Drawn
INFO:root:2021-07-13-11--09--14 MovingFrameQueue Appended
INFO:root:2021-07-13-11--09--14 Colour Conversion Completed
INFO:root:2021-07-13-11--09--14 Sleep Check Completed
INFO:root:2021-07-13-11--09--14 Frame manipulations completed
INFO:root:2021-07-13-11--09--14 Bounding Box Drawn
INFO:root:2021-07-13-11--09--14 MovingFrameQueue Appended
INFO:root:2021-07-13-11--09--14 Colour Conversion Completed
INFO:root:2021-07-13-11--09--14 Sleep Check Completed
INFO:root:2021-07-13-11--09--14 Frame manipulations completed
INFO:root:2021-07-13-11--09--14 Bounding Box Drawn
INFO:root:2021-07-13-11--09--14 MovingFrameQueue Appended
INFO:root:2021-07-13-11--09--14 Colour Conversion Completed
INFO:root:2021-07-13-11--09--14 Sleep Check Completed
INFO:root:2021-07-13-11--09--14 Frame manipulations completed
INFO:root:2021-07-13-11--09--14 Bounding Box Drawn
INFO:root:2021-07-13-11--09--14 MovingFrameQueue Appended
INFO:root:2021-07-13-11--09--14 Anomally Detected, starting call for more frames
INFO:root:2021-07-13-11--09--14 anomallyFrameTracker resetted to 200
INFO:root:2021-07-13-11--09--14 Colour Conversion Completed
INFO:root:2021-07-13-11--09--14 Sleep Check Completed
INFO:root:2021-07-13-11--09--14 Frame manipulations completed
INFO:root:2021-07-13-11--09--14 Bounding Box Drawn
INFO:root:2021-07-13-11--09--14 MovingFrameQueue Appended
INFO:root:2021-07-13-11--09--14 Anomally Detected, starting call for more frames
INFO:root:2021-07-13-11--09--14 Anomally Detected, starting call for more frames
INFO:root:2021-07-13-11--09--14 anomallyFrameTracker resetted to 200
INFO:root:2021-07-13-11--09--14 Colour Conversion Completed
INFO:root:2021-07-13-11--09--15 Sleep Check Completed
INFO:root:2021-07-13-11--09--15 Frame manipulations completed
INFO:root:2021-07-13-11--09--15 Bounding Box Drawn
INFO:root:2021-07-13-11--09--15 MovingFrameQueue Appended
INFO:root:2021-07-13-11--09--15 Anomally Detected, starting call for more frames
INFO:root:2021-07-13-11--09--15 Anomally Detected, starting call for more frames
INFO:root:2021-07-13-11--09--15 anomallyFrameTracker resetted to 200
INFO:root:2021-07-13-11--09--15 Colour Conversion Completed
INFO:root:2021-07-13-11--09--15 Sleep Check Completed
INFO:root:2021-07-13-11--09--15 Frame manipulations completed
INFO:root:2021-07-13-11--09--15 Bounding Box Drawn
INFO:root:2021-07-13-11--09--15 MovingFrameQueue Appended
INFO:root:2021-07-13-11--09--15 Anomally Detected, starting call for more frames
INFO:root:2021-07-13-11--09--15 anomallyFrameTracker resetted to 200
INFO:root:2021-07-13-11--09--15 Colour Conversion Completed
INFO:root:2021-07-13-11--09--15 Sleep Check Completed
INFO:root:2021-07-13-11--09--15 Frame manipulations completed
INFO:root:2021-07-13-11--09--15 Bounding Box Drawn
INFO:root:2021-07-13-11--09--15 MovingFrameQueue Appended
INFO:root:2021-07-13-11--09--15 Anomally Detected, starting call for more frames
INFO:root:2021-07-13-11--09--15 Anomally Detected, starting call for more frames
INFO:root:2021-07-13-11--09--15 anomallyFrameTracker resetted to 200
INFO:root:2021-07-13-11--09--15 Colour Conversion Completed
INFO:root:2021-07-13-11--09--15 Sleep Check Completed
INFO:root:2021-07-13-11--09--15 Frame manipulations completed
INFO:root:2021-07-13-11--09--15 Bounding Box Drawn
INFO:root:2021-07-13-11--09--15 MovingFrameQueue Appended
INFO:root:2021-07-13-11--09--15 Anomally Detected, starting call for more frames
INFO:root:2021-07-13-11--09--15 anomallyFrameTracker resetted to 200
INFO:root:2021-07-13-11--09--15 Colour Conversion Completed
INFO:root:2021-07-13-11--09--15 Sleep Check Completed
INFO:root:2021-07-13-11--09--15 Frame manipulations completed
INFO:root:2021-07-13-11--09--15 Bounding Box Drawn
INFO:root:2021-07-13-11--09--15 MovingFrameQueue Appended
INFO:root:2021-07-13-11--09--15 Anomally Detected, starting call for more frames
INFO:root:2021-07-13-11--09--15 anomallyFrameTracker resetted to 200
INFO:root:2021-07-13-11--09--15 Colour Conversion Completed
INFO:root:2021-07-13-11--09--15 Sleep Check Completed
INFO:root:2021-07-13-11--09--15 Frame manipulations completed
INFO:root:2021-07-13-11--09--15 Bounding Box Drawn
INFO:root:2021-07-13-11--09--15 MovingFrameQueue Appended
INFO:root:2021-07-13-11--09--15 Anomally Detected, starting call for more frames
INFO:root:2021-07-13-11--09--15 Anomally Detected, starting call for more frames
INFO:root:2021-07-13-11--09--15 anomallyFrameTracker resetted to 200
INFO:root:2021-07-13-11--09--15 Colour Conversion Completed
INFO:root:2021-07-13-11--09--15 Sleep Check Completed
INFO:root:2021-07-13-11--09--15 Frame manipulations completed
INFO:root:2021-07-13-11--09--15 Bounding Box Drawn
INFO:root:2021-07-13-11--09--15 MovingFrameQueue Appended
INFO:root:2021-07-13-11--09--15 Anomally Detected, starting call for more frames
INFO:root:2021-07-13-11--09--15 anomallyFrameTracker resetted to 200
INFO:root:2021-07-13-11--09--15 Colour Conversion Completed
INFO:root:2021-07-13-11--09--15 Sleep Check Completed
INFO:root:2021-07-13-11--09--15 Frame manipulations completed
INFO:root:2021-07-13-11--09--15 Bounding Box Drawn
INFO:root:2021-07-13-11--09--15 MovingFrameQueue Appended
INFO:root:2021-07-13-11--09--15 Anomally Detected, starting call for more frames
INFO:root:2021-07-13-11--09--15 anomallyFrameTracker resetted to 200
INFO:root:2021-07-13-11--09--15 Colour Conversion Completed
INFO:root:2021-07-13-11--09--15 Sleep Check Completed
INFO:root:2021-07-13-11--09--15 Frame manipulations completed
INFO:root:2021-07-13-11--09--15 Bounding Box Drawn
INFO:root:2021-07-13-11--09--15 MovingFrameQueue Appended
INFO:root:2021-07-13-11--09--15 Anomally Detected, starting call for more frames
INFO:root:2021-07-13-11--09--15 Anomally Detected, starting call for more frames
INFO:root:2021-07-13-11--09--15 anomallyFrameTracker resetted to 200
INFO:root:2021-07-13-11--09--16 Colour Conversion Completed
INFO:root:2021-07-13-11--09--16 Sleep Check Completed
INFO:root:2021-07-13-11--09--16 Frame manipulations completed
INFO:root:2021-07-13-11--09--16 Bounding Box Drawn
INFO:root:2021-07-13-11--09--16 MovingFrameQueue Appended
INFO:root:2021-07-13-11--09--16 Anomally Detected, starting call for more frames
INFO:root:2021-07-13-11--09--16 Anomally Detected, starting call for more frames
INFO:root:2021-07-13-11--09--16 anomallyFrameTracker resetted to 200
INFO:root:2021-07-13-11--09--16 Colour Conversion Completed
INFO:root:2021-07-13-11--09--16 Sleep Check Completed
INFO:root:2021-07-13-11--09--16 Frame manipulations completed
INFO:root:2021-07-13-11--09--16 Bounding Box Drawn
INFO:root:2021-07-13-11--09--16 MovingFrameQueue Appended
INFO:root:2021-07-13-11--09--16 Anomally Detected, starting call for more frames
INFO:root:2021-07-13-11--09--16 Anomally Detected, starting call for more frames
INFO:root:2021-07-13-11--09--16 Anomally Detected, starting call for more frames
INFO:root:2021-07-13-11--09--16 anomallyFrameTracker resetted to 200
INFO:root:2021-07-13-11--09--16 Colour Conversion Completed
INFO:root:2021-07-13-11--09--16 Sleep Check Completed
INFO:root:2021-07-13-11--09--16 Frame manipulations completed
INFO:root:2021-07-13-11--09--16 Bounding Box Drawn
INFO:root:2021-07-13-11--09--16 MovingFrameQueue Appended
INFO:root:2021-07-13-11--09--16 Colour Conversion Completed
INFO:root:2021-07-13-11--09--16 Sleep Check Completed
INFO:root:2021-07-13-11--09--16 Frame manipulations completed
INFO:root:2021-07-13-11--09--16 Bounding Box Drawn
INFO:root:2021-07-13-11--09--16 MovingFrameQueue Appended
INFO:root:2021-07-13-11--09--16 Colour Conversion Completed
INFO:root:2021-07-13-11--09--16 Sleep Check Completed
INFO:root:2021-07-13-11--09--16 Frame manipulations completed
INFO:root:2021-07-13-11--09--16 Bounding Box Drawn
INFO:root:2021-07-13-11--09--16 MovingFrameQueue Popped
INFO:root:2021-07-13-11--09--16 Anomally Detected, starting call for more frames
INFO:root:2021-07-13-11--09--16 Anomally Detected, starting call for more frames
INFO:root:2021-07-13-11--09--16 Anomally Detected, starting call for more frames
INFO:root:2021-07-13-11--09--16 anomallyFrameTracker resetted to 200
INFO:root:2021-07-13-11--09--16 Colour Conversion Completed
INFO:root:2021-07-13-11--09--16 Sleep Check Completed
INFO:root:2021-07-13-11--09--16 Frame manipulations completed
INFO:root:2021-07-13-11--09--16 Bounding Box Drawn
INFO:root:2021-07-13-11--09--16 MovingFrameQueue Appended
INFO:root:2021-07-13-11--09--16 Anomally Detected, starting call for more frames
INFO:root:2021-07-13-11--09--16 Anomally Detected, starting call for more frames
INFO:root:2021-07-13-11--09--16 Anomally Detected, starting call for more frames
INFO:root:2021-07-13-11--09--16 anomallyFrameTracker resetted to 200
INFO:root:2021-07-13-11--09--16 Colour Conversion Completed
INFO:root:2021-07-13-11--09--16 Sleep Check Completed
INFO:root:2021-07-13-11--09--16 Frame manipulations completed
INFO:root:2021-07-13-11--09--16 Bounding Box Drawn
INFO:root:2021-07-13-11--09--16 MovingFrameQueue Popped
INFO:root:2021-07-13-11--09--16 Anomally Detected, starting call for more frames
INFO:root:2021-07-13-11--09--16 Anomally Detected, starting call for more frames
INFO:root:2021-07-13-11--09--16 Anomally Detected, starting call for more frames
INFO:root:2021-07-13-11--09--16 anomallyFrameTracker resetted to 200
INFO:root:2021-07-13-11--09--16 Colour Conversion Completed
INFO:root:2021-07-13-11--09--16 Sleep Check Completed
INFO:root:2021-07-13-11--09--16 Frame manipulations completed
INFO:root:2021-07-13-11--09--16 Bounding Box Drawn
INFO:root:2021-07-13-11--09--16 MovingFrameQueue Appended
INFO:root:2021-07-13-11--09--16 Anomally Detected, starting call for more frames
INFO:root:2021-07-13-11--09--16 Anomally Detected, starting call for more frames
INFO:root:2021-07-13-11--09--16 Anomally Detected, starting call for more frames
INFO:root:2021-07-13-11--09--16 anomallyFrameTracker resetted to 200
INFO:root:2021-07-13-11--09--16 Colour Conversion Completed
INFO:root:2021-07-13-11--09--16 Sleep Check Completed
INFO:root:2021-07-13-11--09--16 Frame manipulations completed
INFO:root:2021-07-13-11--09--16 Bounding Box Drawn
INFO:root:2021-07-13-11--09--16 MovingFrameQueue Popped
INFO:root:2021-07-13-11--09--16 Anomally Detected, starting call for more frames
INFO:root:2021-07-13-11--09--16 Anomally Detected, starting call for more frames
INFO:root:2021-07-13-11--09--16 Anomally Detected, starting call for more frames
INFO:root:2021-07-13-11--09--16 anomallyFrameTracker resetted to 200
INFO:root:2021-07-13-11--09--17 Colour Conversion Completed
INFO:root:2021-07-13-11--09--17 Sleep Check Completed
INFO:root:2021-07-13-11--09--17 Frame manipulations completed
INFO:root:2021-07-13-11--09--17 Bounding Box Drawn
INFO:root:2021-07-13-11--09--17 MovingFrameQueue Appended
INFO:root:2021-07-13-11--09--17 Anomally Detected, starting call for more frames
INFO:root:2021-07-13-11--09--17 Anomally Detected, starting call for more frames
INFO:root:2021-07-13-11--09--17 Anomally Detected, starting call for more frames
INFO:root:2021-07-13-11--09--17 anomallyFrameTracker resetted to 200
INFO:root:2021-07-13-11--09--17 Colour Conversion Completed
INFO:root:2021-07-13-11--09--17 Sleep Check Completed
INFO:root:2021-07-13-11--09--17 Frame manipulations completed
INFO:root:2021-07-13-11--09--17 Bounding Box Drawn
INFO:root:2021-07-13-11--09--17 MovingFrameQueue Popped
INFO:root:2021-07-13-11--09--17 Anomally Detected, starting call for more frames
INFO:root:2021-07-13-11--09--17 Anomally Detected, starting call for more frames
INFO:root:2021-07-13-11--09--17 Anomally Detected, starting call for more frames
INFO:root:2021-07-13-11--09--17 anomallyFrameTracker resetted to 200
INFO:root:2021-07-13-11--09--17 Colour Conversion Completed
INFO:root:2021-07-13-11--09--17 Sleep Check Completed
INFO:root:2021-07-13-11--09--17 Frame manipulations completed
INFO:root:2021-07-13-11--09--17 Bounding Box Drawn
INFO:root:2021-07-13-11--09--17 MovingFrameQueue Appended
INFO:root:2021-07-13-11--09--17 Anomally Detected, starting call for more frames
INFO:root:2021-07-13-11--09--17 Anomally Detected, starting call for more frames
INFO:root:2021-07-13-11--09--17 Anomally Detected, starting call for more frames
INFO:root:2021-07-13-11--09--17 anomallyFrameTracker resetted to 200
INFO:root:2021-07-13-11--09--17 Colour Conversion Completed
INFO:root:2021-07-13-11--09--17 Sleep Check Completed
INFO:root:2021-07-13-11--09--17 Frame manipulations completed
INFO:root:2021-07-13-11--09--17 Bounding Box Drawn
INFO:root:2021-07-13-11--09--17 MovingFrameQueue Popped
INFO:root:2021-07-13-11--09--17 Anomally Detected, starting call for more frames
INFO:root:2021-07-13-11--09--17 Anomally Detected, starting call for more frames
INFO:root:2021-07-13-11--09--17 Anomally Detected, starting call for more frames
INFO:root:2021-07-13-11--09--17 anomallyFrameTracker resetted to 200
INFO:root:2021-07-13-11--09--17 Colour Conversion Completed
INFO:root:2021-07-13-11--09--17 Sleep Check Completed
INFO:root:2021-07-13-11--09--17 Frame manipulations completed
INFO:root:2021-07-13-11--09--17 Bounding Box Drawn
INFO:root:2021-07-13-11--09--17 MovingFrameQueue Appended
INFO:root:2021-07-13-11--09--17 Anomally Detected, starting call for more frames
INFO:root:2021-07-13-11--09--17 Anomally Detected, starting call for more frames
INFO:root:2021-07-13-11--09--17 Anomally Detected, starting call for more frames
INFO:root:2021-07-13-11--09--17 anomallyFrameTracker resetted to 200
INFO:root:2021-07-13-11--09--17 Colour Conversion Completed
INFO:root:2021-07-13-11--09--17 Sleep Check Completed
INFO:root:2021-07-13-11--09--17 Frame manipulations completed
INFO:root:2021-07-13-11--09--17 Bounding Box Drawn
INFO:root:2021-07-13-11--09--17 MovingFrameQueue Popped
INFO:root:2021-07-13-11--09--17 Anomally Detected, starting call for more frames
INFO:root:2021-07-13-11--09--17 Anomally Detected, starting call for more frames
INFO:root:2021-07-13-11--09--17 Anomally Detected, starting call for more frames
INFO:root:2021-07-13-11--09--17 anomallyFrameTracker resetted to 200
INFO:root:2021-07-13-11--09--17 Colour Conversion Completed
INFO:root:2021-07-13-11--09--17 Sleep Check Completed
INFO:root:2021-07-13-11--09--17 Frame manipulations completed
INFO:root:2021-07-13-11--09--17 Bounding Box Drawn
INFO:root:2021-07-13-11--09--17 MovingFrameQueue Appended
INFO:root:2021-07-13-11--09--17 Anomally Detected, starting call for more frames
INFO:root:2021-07-13-11--09--17 Anomally Detected, starting call for more frames
INFO:root:2021-07-13-11--09--17 Anomally Detected, starting call for more frames
INFO:root:2021-07-13-11--09--17 anomallyFrameTracker resetted to 200
INFO:root:2021-07-13-11--09--17 Colour Conversion Completed
INFO:root:2021-07-13-11--09--17 Sleep Check Completed
INFO:root:2021-07-13-11--09--17 Frame manipulations completed
INFO:root:2021-07-13-11--09--17 Bounding Box Drawn
INFO:root:2021-07-13-11--09--17 MovingFrameQueue Popped
INFO:root:2021-07-13-11--09--17 Anomally Detected, starting call for more frames
INFO:root:2021-07-13-11--09--17 Anomally Detected, starting call for more frames
INFO:root:2021-07-13-11--09--17 Anomally Detected, starting call for more frames
INFO:root:2021-07-13-11--09--17 anomallyFrameTracker resetted to 200
INFO:root:2021-07-13-11--09--17 Colour Conversion Completed
INFO:root:2021-07-13-11--09--17 Sleep Check Completed
INFO:root:2021-07-13-11--09--17 Frame manipulations completed
INFO:root:2021-07-13-11--09--17 Bounding Box Drawn
INFO:root:2021-07-13-11--09--17 MovingFrameQueue Appended
INFO:root:2021-07-13-11--09--17 Anomally Detected, starting call for more frames
INFO:root:2021-07-13-11--09--17 Anomally Detected, starting call for more frames
INFO:root:2021-07-13-11--09--17 Anomally Detected, starting call for more frames
INFO:root:2021-07-13-11--09--17 anomallyFrameTracker resetted to 200
INFO:root:2021-07-13-11--09--18 Colour Conversion Completed
INFO:root:2021-07-13-11--09--18 Sleep Check Completed
INFO:root:2021-07-13-11--09--18 Frame manipulations completed
INFO:root:2021-07-13-11--09--18 Bounding Box Drawn
INFO:root:2021-07-13-11--09--18 MovingFrameQueue Popped
INFO:root:2021-07-13-11--09--18 Anomally Detected, starting call for more frames
INFO:root:2021-07-13-11--09--18 Anomally Detected, starting call for more frames
INFO:root:2021-07-13-11--09--18 Anomally Detected, starting call for more frames
INFO:root:2021-07-13-11--09--18 anomallyFrameTracker resetted to 200
INFO:root:2021-07-13-11--09--18 Colour Conversion Completed
INFO:root:2021-07-13-11--09--18 Sleep Check Completed
INFO:root:2021-07-13-11--09--18 Frame manipulations completed
INFO:root:2021-07-13-11--09--18 Bounding Box Drawn
INFO:root:2021-07-13-11--09--18 MovingFrameQueue Appended
INFO:root:2021-07-13-11--09--18 Anomally Detected, starting call for more frames
INFO:root:2021-07-13-11--09--18 Anomally Detected, starting call for more frames
INFO:root:2021-07-13-11--09--18 Anomally Detected, starting call for more frames
INFO:root:2021-07-13-11--09--18 anomallyFrameTracker resetted to 200
INFO:root:2021-07-13-11--09--18 Colour Conversion Completed
INFO:root:2021-07-13-11--09--18 Sleep Check Completed
INFO:root:2021-07-13-11--09--18 Frame manipulations completed
INFO:root:2021-07-13-11--09--18 Bounding Box Drawn
INFO:root:2021-07-13-11--09--18 MovingFrameQueue Popped
INFO:root:2021-07-13-11--09--18 Anomally Detected, starting call for more frames
INFO:root:2021-07-13-11--09--18 Anomally Detected, starting call for more frames
INFO:root:2021-07-13-11--09--18 Anomally Detected, starting call for more frames
INFO:root:2021-07-13-11--09--18 anomallyFrameTracker resetted to 200
