INFO:root:2021-07-27-10--47--10 Parameter Generation Success
INFO:root:2021-07-27-10--47--10 Colour Conversion Completed
INFO:root:2021-07-27-10--47--10 Sleep Check Completed
INFO:root:2021-07-27-10--47--10 Frame manipulations completed
INFO:root:2021-07-27-10--47--10 Bounding Box Drawn
INFO:root:2021-07-27-10--47--16 MovingFrameQueue Appended
INFO:root:2021-07-27-10--47--16 anomallyFrameTracker resetted to 200
INFO:root:2021-07-27-10--47--16 Colour Conversion Completed
INFO:root:2021-07-27-10--47--16 Sleep Check Completed
INFO:root:2021-07-27-10--47--16 Frame manipulations completed
INFO:root:2021-07-27-10--47--16 Bounding Box Drawn
INFO:root:2021-07-27-10--47--16 MovingFrameQueue Appended
INFO:root:2021-07-27-10--47--16 anomallyFrameTracker resetted to 200
INFO:root:2021-07-27-10--47--16 Colour Conversion Completed
INFO:root:2021-07-27-10--47--16 Sleep Check Completed
INFO:root:2021-07-27-10--47--16 Frame manipulations completed
INFO:root:2021-07-27-10--47--16 Bounding Box Drawn
INFO:root:2021-07-27-10--47--16 MovingFrameQueue Appended
INFO:root:2021-07-27-10--47--16 anomallyFrameTracker resetted to 200
INFO:root:2021-07-27-10--47--16 Colour Conversion Completed
INFO:root:2021-07-27-10--47--16 Sleep Check Completed
INFO:root:2021-07-27-10--47--16 Frame manipulations completed
INFO:root:2021-07-27-10--47--16 Bounding Box Drawn
INFO:root:2021-07-27-10--47--16 MovingFrameQueue Appended
INFO:root:2021-07-27-10--47--16 anomallyFrameTracker resetted to 200
INFO:root:2021-07-27-10--47--17 Colour Conversion Completed
INFO:root:2021-07-27-10--47--17 Sleep Check Completed
INFO:root:2021-07-27-10--47--17 Frame manipulations completed
INFO:root:2021-07-27-10--47--17 Bounding Box Drawn
INFO:root:2021-07-27-10--47--17 MovingFrameQueue Appended
INFO:root:2021-07-27-10--47--17 anomallyFrameTracker resetted to 200
INFO:root:2021-07-27-10--47--17 Colour Conversion Completed
INFO:root:2021-07-27-10--47--17 Sleep Check Completed
INFO:root:2021-07-27-10--47--17 Frame manipulations completed
INFO:root:2021-07-27-10--47--17 Bounding Box Drawn
INFO:root:2021-07-27-10--47--17 MovingFrameQueue Appended
INFO:root:2021-07-27-10--47--17 anomallyFrameTracker resetted to 200
INFO:root:2021-07-27-10--47--17 Colour Conversion Completed
INFO:root:2021-07-27-10--47--17 Sleep Check Completed
INFO:root:2021-07-27-10--47--17 Frame manipulations completed
INFO:root:2021-07-27-10--47--17 Bounding Box Drawn
INFO:root:2021-07-27-10--47--17 MovingFrameQueue Appended
INFO:root:2021-07-27-10--47--17 anomallyFrameTracker resetted to 200
INFO:root:2021-07-27-10--47--17 Colour Conversion Completed
INFO:root:2021-07-27-10--47--17 Sleep Check Completed
INFO:root:2021-07-27-10--47--17 Frame manipulations completed
INFO:root:2021-07-27-10--47--17 Bounding Box Drawn
INFO:root:2021-07-27-10--47--18 MovingFrameQueue Appended
INFO:root:2021-07-27-10--47--18 anomallyFrameTracker resetted to 200
INFO:root:2021-07-27-10--47--18 Colour Conversion Completed
INFO:root:2021-07-27-10--47--18 Sleep Check Completed
INFO:root:2021-07-27-10--47--18 Frame manipulations completed
INFO:root:2021-07-27-10--47--18 Bounding Box Drawn
INFO:root:2021-07-27-10--47--19 MovingFrameQueue Appended
INFO:root:2021-07-27-10--47--19 anomallyFrameTracker resetted to 200
INFO:root:2021-07-27-10--47--19 Colour Conversion Completed
INFO:root:2021-07-27-10--47--19 Sleep Check Completed
INFO:root:2021-07-27-10--47--19 Frame manipulations completed
INFO:root:2021-07-27-10--47--19 Bounding Box Drawn
INFO:root:2021-07-27-10--47--19 MovingFrameQueue Appended
INFO:root:2021-07-27-10--47--19 anomallyFrameTracker resetted to 200
INFO:root:2021-07-27-10--47--19 Colour Conversion Completed
INFO:root:2021-07-27-10--47--19 Sleep Check Completed
INFO:root:2021-07-27-10--47--19 Frame manipulations completed
INFO:root:2021-07-27-10--47--19 Bounding Box Drawn
INFO:root:2021-07-27-10--47--20 MovingFrameQueue Appended
INFO:root:2021-07-27-10--47--20 anomallyFrameTracker resetted to 200
INFO:root:2021-07-27-10--47--20 Colour Conversion Completed
INFO:root:2021-07-27-10--47--20 Sleep Check Completed
INFO:root:2021-07-27-10--47--20 Frame manipulations completed
INFO:root:2021-07-27-10--47--20 Bounding Box Drawn
INFO:root:2021-07-27-10--47--20 MovingFrameQueue Appended
INFO:root:2021-07-27-10--47--20 anomallyFrameTracker resetted to 200
INFO:root:2021-07-27-10--47--20 Colour Conversion Completed
INFO:root:2021-07-27-10--47--20 Sleep Check Completed
INFO:root:2021-07-27-10--47--20 Frame manipulations completed
INFO:root:2021-07-27-10--47--20 Bounding Box Drawn
INFO:root:2021-07-27-10--47--21 MovingFrameQueue Appended
INFO:root:2021-07-27-10--47--21 anomallyFrameTracker resetted to 200
INFO:root:2021-07-27-10--47--21 Colour Conversion Completed
INFO:root:2021-07-27-10--47--21 Sleep Check Completed
INFO:root:2021-07-27-10--47--21 Frame manipulations completed
INFO:root:2021-07-27-10--47--21 Bounding Box Drawn
INFO:root:2021-07-27-10--47--21 MovingFrameQueue Appended
INFO:root:2021-07-27-10--47--21 anomallyFrameTracker resetted to 200
INFO:root:2021-07-27-10--47--21 Colour Conversion Completed
INFO:root:2021-07-27-10--47--21 Sleep Check Completed
INFO:root:2021-07-27-10--47--21 Frame manipulations completed
INFO:root:2021-07-27-10--47--21 Bounding Box Drawn
INFO:root:2021-07-27-10--47--22 MovingFrameQueue Appended
INFO:root:2021-07-27-10--47--22 anomallyFrameTracker resetted to 200
INFO:root:2021-07-27-10--47--22 Colour Conversion Completed
INFO:root:2021-07-27-10--47--22 Sleep Check Completed
INFO:root:2021-07-27-10--47--22 Frame manipulations completed
INFO:root:2021-07-27-10--47--22 Bounding Box Drawn
INFO:root:2021-07-27-10--47--23 MovingFrameQueue Appended
INFO:root:2021-07-27-10--47--23 anomallyFrameTracker resetted to 200
INFO:root:2021-07-27-10--47--23 Colour Conversion Completed
INFO:root:2021-07-27-10--47--23 Sleep Check Completed
INFO:root:2021-07-27-10--47--23 Frame manipulations completed
INFO:root:2021-07-27-10--47--23 Bounding Box Drawn
INFO:root:2021-07-27-10--47--23 MovingFrameQueue Appended
INFO:root:2021-07-27-10--47--23 anomallyFrameTracker resetted to 200
INFO:root:2021-07-27-10--47--23 Colour Conversion Completed
INFO:root:2021-07-27-10--47--23 Sleep Check Completed
INFO:root:2021-07-27-10--47--23 Frame manipulations completed
INFO:root:2021-07-27-10--47--23 Bounding Box Drawn
INFO:root:2021-07-27-10--47--24 MovingFrameQueue Appended
INFO:root:2021-07-27-10--47--24 anomallyFrameTracker resetted to 200
INFO:root:2021-07-27-10--47--24 Colour Conversion Completed
INFO:root:2021-07-27-10--47--24 Sleep Check Completed
INFO:root:2021-07-27-10--47--24 Frame manipulations completed
INFO:root:2021-07-27-10--47--24 Bounding Box Drawn
INFO:root:2021-07-27-10--47--24 MovingFrameQueue Appended
INFO:root:2021-07-27-10--47--24 anomallyFrameTracker resetted to 200
INFO:root:2021-07-27-10--47--24 Colour Conversion Completed
INFO:root:2021-07-27-10--47--24 Sleep Check Completed
INFO:root:2021-07-27-10--47--24 Frame manipulations completed
INFO:root:2021-07-27-10--47--24 Bounding Box Drawn
INFO:root:2021-07-27-10--47--25 MovingFrameQueue Appended
INFO:root:2021-07-27-10--47--25 anomallyFrameTracker resetted to 200
INFO:root:2021-07-27-10--47--25 Colour Conversion Completed
INFO:root:2021-07-27-10--47--25 Sleep Check Completed
INFO:root:2021-07-27-10--47--25 Frame manipulations completed
INFO:root:2021-07-27-10--47--25 Bounding Box Drawn
INFO:root:2021-07-27-10--47--26 MovingFrameQueue Appended
INFO:root:2021-07-27-10--47--26 anomallyFrameTracker resetted to 200
INFO:root:2021-07-27-10--47--26 Colour Conversion Completed
INFO:root:2021-07-27-10--47--26 Sleep Check Completed
INFO:root:2021-07-27-10--47--26 Frame manipulations completed
INFO:root:2021-07-27-10--47--26 Bounding Box Drawn
INFO:root:2021-07-27-10--47--26 MovingFrameQueue Appended
INFO:root:2021-07-27-10--47--26 anomallyFrameTracker resetted to 200
INFO:root:2021-07-27-10--47--26 Colour Conversion Completed
INFO:root:2021-07-27-10--47--26 Sleep Check Completed
INFO:root:2021-07-27-10--47--26 Frame manipulations completed
INFO:root:2021-07-27-10--47--26 Bounding Box Drawn
INFO:root:2021-07-27-10--47--27 MovingFrameQueue Appended
INFO:root:2021-07-27-10--47--27 anomallyFrameTracker resetted to 200
INFO:root:2021-07-27-10--47--27 Colour Conversion Completed
INFO:root:2021-07-27-10--47--27 Sleep Check Completed
INFO:root:2021-07-27-10--47--27 Frame manipulations completed
INFO:root:2021-07-27-10--47--27 Bounding Box Drawn
INFO:root:2021-07-27-10--47--27 MovingFrameQueue Appended
INFO:root:2021-07-27-10--47--27 anomallyFrameTracker resetted to 200
INFO:root:2021-07-27-10--47--27 Colour Conversion Completed
INFO:root:2021-07-27-10--47--27 Sleep Check Completed
INFO:root:2021-07-27-10--47--27 Frame manipulations completed
INFO:root:2021-07-27-10--47--27 Bounding Box Drawn
INFO:root:2021-07-27-10--47--27 MovingFrameQueue Appended
INFO:root:2021-07-27-10--47--27 anomallyFrameTracker resetted to 200
INFO:root:2021-07-27-10--47--27 Colour Conversion Completed
INFO:root:2021-07-27-10--47--27 Sleep Check Completed
INFO:root:2021-07-27-10--47--27 Frame manipulations completed
INFO:root:2021-07-27-10--47--27 Bounding Box Drawn
INFO:root:2021-07-27-10--47--27 MovingFrameQueue Appended
INFO:root:2021-07-27-10--47--27 anomallyFrameTracker resetted to 200
INFO:root:2021-07-27-10--47--27 Colour Conversion Completed
INFO:root:2021-07-27-10--47--27 Sleep Check Completed
INFO:root:2021-07-27-10--47--27 Frame manipulations completed
INFO:root:2021-07-27-10--47--27 Bounding Box Drawn
INFO:root:2021-07-27-10--47--27 MovingFrameQueue Appended
INFO:root:2021-07-27-10--47--27 anomallyFrameTracker resetted to 200
INFO:root:2021-07-27-10--47--27 Colour Conversion Completed
INFO:root:2021-07-27-10--47--27 Sleep Check Completed
INFO:root:2021-07-27-10--47--27 Frame manipulations completed
INFO:root:2021-07-27-10--47--27 Bounding Box Drawn
INFO:root:2021-07-27-10--47--27 MovingFrameQueue Appended
INFO:root:2021-07-27-10--47--27 anomallyFrameTracker resetted to 200
INFO:root:2021-07-27-10--47--27 Colour Conversion Completed
INFO:root:2021-07-27-10--47--27 Sleep Check Completed
INFO:root:2021-07-27-10--47--27 Frame manipulations completed
INFO:root:2021-07-27-10--47--27 Bounding Box Drawn
INFO:root:2021-07-27-10--47--28 MovingFrameQueue Appended
INFO:root:2021-07-27-10--47--28 anomallyFrameTracker resetted to 200
INFO:root:2021-07-27-10--47--28 Colour Conversion Completed
INFO:root:2021-07-27-10--47--28 Sleep Check Completed
INFO:root:2021-07-27-10--47--28 Frame manipulations completed
INFO:root:2021-07-27-10--47--28 Bounding Box Drawn
INFO:root:2021-07-27-10--47--28 MovingFrameQueue Appended
INFO:root:2021-07-27-10--47--28 anomallyFrameTracker resetted to 200
INFO:root:2021-07-27-10--47--28 Colour Conversion Completed
INFO:root:2021-07-27-10--47--28 Sleep Check Completed
INFO:root:2021-07-27-10--47--28 Frame manipulations completed
INFO:root:2021-07-27-10--47--28 Bounding Box Drawn
INFO:root:2021-07-27-10--47--28 MovingFrameQueue Appended
INFO:root:2021-07-27-10--47--28 anomallyFrameTracker resetted to 200
INFO:root:2021-07-27-10--47--28 Colour Conversion Completed
INFO:root:2021-07-27-10--47--28 Sleep Check Completed
INFO:root:2021-07-27-10--47--28 Frame manipulations completed
INFO:root:2021-07-27-10--47--28 Bounding Box Drawn
INFO:root:2021-07-27-10--47--28 MovingFrameQueue Appended
INFO:root:2021-07-27-10--47--28 anomallyFrameTracker resetted to 200
INFO:root:2021-07-27-10--47--28 Colour Conversion Completed
INFO:root:2021-07-27-10--47--28 Sleep Check Completed
INFO:root:2021-07-27-10--47--28 Frame manipulations completed
INFO:root:2021-07-27-10--47--28 Bounding Box Drawn
INFO:root:2021-07-27-10--47--28 MovingFrameQueue Appended
INFO:root:2021-07-27-10--47--28 anomallyFrameTracker resetted to 200
INFO:root:2021-07-27-10--47--28 Colour Conversion Completed
INFO:root:2021-07-27-10--47--28 Sleep Check Completed
INFO:root:2021-07-27-10--47--28 Frame manipulations completed
INFO:root:2021-07-27-10--47--28 Bounding Box Drawn
INFO:root:2021-07-27-10--47--28 MovingFrameQueue Appended
INFO:root:2021-07-27-10--47--28 anomallyFrameTracker resetted to 200
INFO:root:2021-07-27-10--47--28 Colour Conversion Completed
INFO:root:2021-07-27-10--47--28 Sleep Check Completed
INFO:root:2021-07-27-10--47--28 Frame manipulations completed
INFO:root:2021-07-27-10--47--28 Bounding Box Drawn
INFO:root:2021-07-27-10--47--28 MovingFrameQueue Appended
INFO:root:2021-07-27-10--47--28 anomallyFrameTracker resetted to 200
INFO:root:2021-07-27-10--47--28 Colour Conversion Completed
INFO:root:2021-07-27-10--47--28 Sleep Check Completed
INFO:root:2021-07-27-10--47--28 Frame manipulations completed
INFO:root:2021-07-27-10--47--28 Bounding Box Drawn
INFO:root:2021-07-27-10--47--28 MovingFrameQueue Appended
INFO:root:2021-07-27-10--47--28 anomallyFrameTracker resetted to 200
INFO:root:2021-07-27-10--47--28 Colour Conversion Completed
INFO:root:2021-07-27-10--47--28 Sleep Check Completed
INFO:root:2021-07-27-10--47--28 Frame manipulations completed
INFO:root:2021-07-27-10--47--28 Bounding Box Drawn
INFO:root:2021-07-27-10--47--28 MovingFrameQueue Appended
INFO:root:2021-07-27-10--47--28 anomallyFrameTracker resetted to 200
INFO:root:2021-07-27-10--47--28 Colour Conversion Completed
INFO:root:2021-07-27-10--47--28 Sleep Check Completed
INFO:root:2021-07-27-10--47--28 Frame manipulations completed
INFO:root:2021-07-27-10--47--28 Bounding Box Drawn
INFO:root:2021-07-27-10--47--29 MovingFrameQueue Appended
INFO:root:2021-07-27-10--47--29 anomallyFrameTracker resetted to 200
INFO:root:2021-07-27-10--47--29 Colour Conversion Completed
INFO:root:2021-07-27-10--47--29 Sleep Check Completed
INFO:root:2021-07-27-10--47--29 Frame manipulations completed
INFO:root:2021-07-27-10--47--29 Bounding Box Drawn
INFO:root:2021-07-27-10--47--29 MovingFrameQueue Appended
INFO:root:2021-07-27-10--47--29 anomallyFrameTracker resetted to 200
INFO:root:2021-07-27-10--47--29 Colour Conversion Completed
INFO:root:2021-07-27-10--47--29 Sleep Check Completed
INFO:root:2021-07-27-10--47--29 Frame manipulations completed
INFO:root:2021-07-27-10--47--29 Bounding Box Drawn
INFO:root:2021-07-27-10--47--29 MovingFrameQueue Appended
INFO:root:2021-07-27-10--47--29 anomallyFrameTracker resetted to 200
INFO:root:2021-07-27-10--47--29 Colour Conversion Completed
INFO:root:2021-07-27-10--47--29 Sleep Check Completed
INFO:root:2021-07-27-10--47--29 Frame manipulations completed
INFO:root:2021-07-27-10--47--29 Bounding Box Drawn
INFO:root:2021-07-27-10--47--29 MovingFrameQueue Appended
INFO:root:2021-07-27-10--47--29 anomallyFrameTracker resetted to 200
INFO:root:2021-07-27-10--47--29 Colour Conversion Completed
INFO:root:2021-07-27-10--47--29 Sleep Check Completed
INFO:root:2021-07-27-10--47--29 Frame manipulations completed
INFO:root:2021-07-27-10--47--29 Bounding Box Drawn
INFO:root:2021-07-27-10--47--29 MovingFrameQueue Appended
INFO:root:2021-07-27-10--47--29 anomallyFrameTracker resetted to 200
INFO:root:2021-07-27-10--47--29 Colour Conversion Completed
INFO:root:2021-07-27-10--47--29 Sleep Check Completed
INFO:root:2021-07-27-10--47--29 Frame manipulations completed
INFO:root:2021-07-27-10--47--29 Bounding Box Drawn
INFO:root:2021-07-27-10--47--29 MovingFrameQueue Appended
INFO:root:2021-07-27-10--47--29 anomallyFrameTracker resetted to 200
INFO:root:2021-07-27-10--47--29 Colour Conversion Completed
INFO:root:2021-07-27-10--47--29 Sleep Check Completed
INFO:root:2021-07-27-10--47--29 Frame manipulations completed
INFO:root:2021-07-27-10--47--29 Bounding Box Drawn
INFO:root:2021-07-27-10--47--29 MovingFrameQueue Appended
INFO:root:2021-07-27-10--47--29 anomallyFrameTracker resetted to 200
INFO:root:2021-07-27-10--47--29 Colour Conversion Completed
INFO:root:2021-07-27-10--47--29 Sleep Check Completed
INFO:root:2021-07-27-10--47--29 Frame manipulations completed
INFO:root:2021-07-27-10--47--29 Bounding Box Drawn
INFO:root:2021-07-27-10--47--29 MovingFrameQueue Appended
INFO:root:2021-07-27-10--47--29 anomallyFrameTracker resetted to 200
INFO:root:2021-07-27-10--47--29 Colour Conversion Completed
INFO:root:2021-07-27-10--47--29 Sleep Check Completed
INFO:root:2021-07-27-10--47--29 Frame manipulations completed
INFO:root:2021-07-27-10--47--29 Bounding Box Drawn
INFO:root:2021-07-27-10--47--29 MovingFrameQueue Appended
INFO:root:2021-07-27-10--47--29 anomallyFrameTracker resetted to 200
INFO:root:2021-07-27-10--47--30 Colour Conversion Completed
INFO:root:2021-07-27-10--47--30 Sleep Check Completed
INFO:root:2021-07-27-10--47--30 Frame manipulations completed
INFO:root:2021-07-27-10--47--30 Bounding Box Drawn
INFO:root:2021-07-27-10--47--30 MovingFrameQueue Appended
INFO:root:2021-07-27-10--47--30 anomallyFrameTracker resetted to 200
INFO:root:2021-07-27-10--47--30 Colour Conversion Completed
INFO:root:2021-07-27-10--47--30 Sleep Check Completed
INFO:root:2021-07-27-10--47--30 Frame manipulations completed
INFO:root:2021-07-27-10--47--30 Bounding Box Drawn
INFO:root:2021-07-27-10--47--30 MovingFrameQueue Appended
INFO:root:2021-07-27-10--47--30 anomallyFrameTracker resetted to 200
INFO:root:2021-07-27-10--47--30 Colour Conversion Completed
INFO:root:2021-07-27-10--47--30 Sleep Check Completed
INFO:root:2021-07-27-10--47--30 Frame manipulations completed
INFO:root:2021-07-27-10--47--30 Bounding Box Drawn
INFO:root:2021-07-27-10--47--31 MovingFrameQueue Appended
INFO:root:2021-07-27-10--47--31 anomallyFrameTracker resetted to 200
INFO:root:2021-07-27-10--47--31 Colour Conversion Completed
INFO:root:2021-07-27-10--47--31 Sleep Check Completed
INFO:root:2021-07-27-10--47--31 Frame manipulations completed
INFO:root:2021-07-27-10--47--31 Bounding Box Drawn
INFO:root:2021-07-27-10--47--31 MovingFrameQueue Appended
INFO:root:2021-07-27-10--47--31 anomallyFrameTracker resetted to 200
INFO:root:2021-07-27-10--47--31 Colour Conversion Completed
INFO:root:2021-07-27-10--47--31 Sleep Check Completed
INFO:root:2021-07-27-10--47--31 Frame manipulations completed
INFO:root:2021-07-27-10--47--31 Bounding Box Drawn
INFO:root:2021-07-27-10--47--32 MovingFrameQueue Appended
INFO:root:2021-07-27-10--47--32 anomallyFrameTracker resetted to 200
INFO:root:2021-07-27-10--47--32 Colour Conversion Completed
INFO:root:2021-07-27-10--47--32 Sleep Check Completed
INFO:root:2021-07-27-10--47--32 Frame manipulations completed
INFO:root:2021-07-27-10--47--32 Bounding Box Drawn
INFO:root:2021-07-27-10--47--32 MovingFrameQueue Popped
INFO:root:2021-07-27-10--47--32 anomallyFrameTracker resetted to 200
INFO:root:2021-07-27-10--47--32 Colour Conversion Completed
INFO:root:2021-07-27-10--47--32 Sleep Check Completed
INFO:root:2021-07-27-10--47--32 Frame manipulations completed
INFO:root:2021-07-27-10--47--32 Bounding Box Drawn
INFO:root:2021-07-27-10--47--33 MovingFrameQueue Appended
INFO:root:2021-07-27-10--47--33 anomallyFrameTracker resetted to 200
INFO:root:2021-07-27-10--47--33 Colour Conversion Completed
INFO:root:2021-07-27-10--47--33 Sleep Check Completed
INFO:root:2021-07-27-10--47--33 Frame manipulations completed
INFO:root:2021-07-27-10--47--33 Bounding Box Drawn
INFO:root:2021-07-27-10--47--33 MovingFrameQueue Popped
INFO:root:2021-07-27-10--47--33 anomallyFrameTracker resetted to 200
INFO:root:2021-07-27-10--47--33 Colour Conversion Completed
INFO:root:2021-07-27-10--47--33 Sleep Check Completed
INFO:root:2021-07-27-10--47--33 Frame manipulations completed
INFO:root:2021-07-27-10--47--33 Bounding Box Drawn
INFO:root:2021-07-27-10--47--34 MovingFrameQueue Appended
INFO:root:2021-07-27-10--47--34 anomallyFrameTracker resetted to 200
INFO:root:2021-07-27-10--47--34 Colour Conversion Completed
INFO:root:2021-07-27-10--47--34 Sleep Check Completed
INFO:root:2021-07-27-10--47--34 Frame manipulations completed
INFO:root:2021-07-27-10--47--34 Bounding Box Drawn
INFO:root:2021-07-27-10--47--34 MovingFrameQueue Popped
INFO:root:2021-07-27-10--47--34 anomallyFrameTracker resetted to 200
INFO:root:2021-07-27-10--47--34 Colour Conversion Completed
INFO:root:2021-07-27-10--47--34 Sleep Check Completed
INFO:root:2021-07-27-10--47--34 Frame manipulations completed
INFO:root:2021-07-27-10--47--34 Bounding Box Drawn
INFO:root:2021-07-27-10--47--35 MovingFrameQueue Appended
INFO:root:2021-07-27-10--47--35 anomallyFrameTracker resetted to 200
INFO:root:2021-07-27-10--47--35 Colour Conversion Completed
INFO:root:2021-07-27-10--47--35 Sleep Check Completed
INFO:root:2021-07-27-10--47--35 Frame manipulations completed
INFO:root:2021-07-27-10--47--35 Bounding Box Drawn
INFO:root:2021-07-27-10--47--35 MovingFrameQueue Popped
INFO:root:2021-07-27-10--47--35 anomallyFrameTracker resetted to 200
INFO:root:2021-07-27-10--47--35 Colour Conversion Completed
INFO:root:2021-07-27-10--47--35 Sleep Check Completed
INFO:root:2021-07-27-10--47--35 Frame manipulations completed
INFO:root:2021-07-27-10--47--35 Bounding Box Drawn
INFO:root:2021-07-27-10--47--36 MovingFrameQueue Appended
INFO:root:2021-07-27-10--47--36 anomallyFrameTracker resetted to 200
INFO:root:2021-07-27-10--47--36 Colour Conversion Completed
INFO:root:2021-07-27-10--47--36 Sleep Check Completed
INFO:root:2021-07-27-10--47--36 Frame manipulations completed
INFO:root:2021-07-27-10--47--36 Bounding Box Drawn
INFO:root:2021-07-27-10--47--36[INFO] elapsed time: 25.86
INFO:root:2021-07-27-10--47--36[INFO] approx. FPS: 2.28
INFO:root:2021-07-27-10--47--36 Getting Auth Token Success
INFO:root:2021-07-27-10--47--36 BedTime Upload Completed
