INFO:root:2021-07-27-10--35--31 Parameter Generation Success
INFO:root:2021-07-27-10--35--34 Colour Conversion Completed
INFO:root:2021-07-27-10--35--34 Sleep Check Completed
INFO:root:2021-07-27-10--35--34 Frame manipulations completed
INFO:root:2021-07-27-10--35--34 Writer Initialized
INFO:root:2021-07-27-10--35--34 Bounding Box Drawn
INFO:root:2021-07-27-10--35--35 MovingFrameQueue Appended
INFO:root:2021-07-27-10--35--35 anomallyFrameTracker resetted to 200
INFO:root:2021-07-27-10--35--35 Colour Conversion Completed
INFO:root:2021-07-27-10--35--35 Sleep Check Completed
INFO:root:2021-07-27-10--35--35 Frame manipulations completed
INFO:root:2021-07-27-10--35--35 Bounding Box Drawn
INFO:root:2021-07-27-10--35--35 MovingFrameQueue Appended
INFO:root:2021-07-27-10--35--35 anomallyFrameTracker resetted to 200
INFO:root:2021-07-27-10--35--35 Colour Conversion Completed
INFO:root:2021-07-27-10--35--35 Sleep Check Completed
INFO:root:2021-07-27-10--35--35 Frame manipulations completed
INFO:root:2021-07-27-10--35--35 Bounding Box Drawn
INFO:root:2021-07-27-10--35--35 MovingFrameQueue Appended
INFO:root:2021-07-27-10--35--35 anomallyFrameTracker resetted to 200
INFO:root:2021-07-27-10--35--35 Colour Conversion Completed
INFO:root:2021-07-27-10--35--35 Sleep Check Completed
INFO:root:2021-07-27-10--35--35 Frame manipulations completed
INFO:root:2021-07-27-10--35--35 Bounding Box Drawn
INFO:root:2021-07-27-10--35--35 MovingFrameQueue Appended
INFO:root:2021-07-27-10--35--35 anomallyFrameTracker resetted to 200
INFO:root:2021-07-27-10--35--35 Colour Conversion Completed
INFO:root:2021-07-27-10--35--35 Sleep Check Completed
INFO:root:2021-07-27-10--35--35 Frame manipulations completed
INFO:root:2021-07-27-10--35--35 Bounding Box Drawn
INFO:root:2021-07-27-10--35--35 MovingFrameQueue Appended
INFO:root:2021-07-27-10--35--35 anomallyFrameTracker resetted to 200
INFO:root:2021-07-27-10--35--35 Colour Conversion Completed
INFO:root:2021-07-27-10--35--35 Sleep Check Completed
INFO:root:2021-07-27-10--35--35 Frame manipulations completed
INFO:root:2021-07-27-10--35--35 Bounding Box Drawn
INFO:root:2021-07-27-10--35--35 MovingFrameQueue Appended
INFO:root:2021-07-27-10--35--35 anomallyFrameTracker resetted to 200
INFO:root:2021-07-27-10--35--35 Colour Conversion Completed
INFO:root:2021-07-27-10--35--35 Sleep Check Completed
INFO:root:2021-07-27-10--35--35 Frame manipulations completed
INFO:root:2021-07-27-10--35--35 Bounding Box Drawn
INFO:root:2021-07-27-10--35--36 MovingFrameQueue Appended
INFO:root:2021-07-27-10--35--36 anomallyFrameTracker resetted to 200
INFO:root:2021-07-27-10--35--36 Colour Conversion Completed
INFO:root:2021-07-27-10--35--36 Sleep Check Completed
INFO:root:2021-07-27-10--35--36 Frame manipulations completed
INFO:root:2021-07-27-10--35--36 Bounding Box Drawn
INFO:root:2021-07-27-10--35--36 MovingFrameQueue Appended
INFO:root:2021-07-27-10--35--36 anomallyFrameTracker resetted to 200
INFO:root:2021-07-27-10--35--36 Colour Conversion Completed
INFO:root:2021-07-27-10--35--36 Sleep Check Completed
INFO:root:2021-07-27-10--35--36 Frame manipulations completed
INFO:root:2021-07-27-10--35--36 Bounding Box Drawn
INFO:root:2021-07-27-10--35--37 MovingFrameQueue Appended
INFO:root:2021-07-27-10--35--37 anomallyFrameTracker resetted to 200
INFO:root:2021-07-27-10--35--37 Colour Conversion Completed
INFO:root:2021-07-27-10--35--37 Sleep Check Completed
INFO:root:2021-07-27-10--35--37 Frame manipulations completed
INFO:root:2021-07-27-10--35--37 Bounding Box Drawn
INFO:root:2021-07-27-10--35--37 MovingFrameQueue Appended
INFO:root:2021-07-27-10--35--37 anomallyFrameTracker resetted to 200
INFO:root:2021-07-27-10--35--37 Colour Conversion Completed
INFO:root:2021-07-27-10--35--37 Sleep Check Completed
INFO:root:2021-07-27-10--35--37 Frame manipulations completed
INFO:root:2021-07-27-10--35--37 Bounding Box Drawn
INFO:root:2021-07-27-10--35--38 MovingFrameQueue Appended
INFO:root:2021-07-27-10--35--38 anomallyFrameTracker resetted to 200
INFO:root:2021-07-27-10--35--38 Colour Conversion Completed
INFO:root:2021-07-27-10--35--38 Sleep Check Completed
INFO:root:2021-07-27-10--35--38 Frame manipulations completed
INFO:root:2021-07-27-10--35--38 Bounding Box Drawn
INFO:root:2021-07-27-10--35--40 MovingFrameQueue Appended
INFO:root:2021-07-27-10--35--40 anomallyFrameTracker resetted to 200
INFO:root:2021-07-27-10--35--40 Colour Conversion Completed
INFO:root:2021-07-27-10--35--40 Sleep Check Completed
INFO:root:2021-07-27-10--35--40 Frame manipulations completed
INFO:root:2021-07-27-10--35--40 Bounding Box Drawn
INFO:root:2021-07-27-10--35--40 MovingFrameQueue Appended
INFO:root:2021-07-27-10--35--40 anomallyFrameTracker resetted to 200
INFO:root:2021-07-27-10--35--40 Colour Conversion Completed
INFO:root:2021-07-27-10--35--40 Sleep Check Completed
INFO:root:2021-07-27-10--35--40 Frame manipulations completed
INFO:root:2021-07-27-10--35--40 Bounding Box Drawn
INFO:root:2021-07-27-10--35--40 MovingFrameQueue Appended
INFO:root:2021-07-27-10--35--40 anomallyFrameTracker resetted to 200
INFO:root:2021-07-27-10--35--40 Colour Conversion Completed
INFO:root:2021-07-27-10--35--40 Sleep Check Completed
INFO:root:2021-07-27-10--35--40 Frame manipulations completed
INFO:root:2021-07-27-10--35--40 Bounding Box Drawn
INFO:root:2021-07-27-10--35--40 MovingFrameQueue Appended
INFO:root:2021-07-27-10--35--40 anomallyFrameTracker resetted to 200
INFO:root:2021-07-27-10--35--40 Colour Conversion Completed
INFO:root:2021-07-27-10--35--40 Sleep Check Completed
INFO:root:2021-07-27-10--35--40 Frame manipulations completed
INFO:root:2021-07-27-10--35--40 Bounding Box Drawn
INFO:root:2021-07-27-10--35--40 MovingFrameQueue Appended
INFO:root:2021-07-27-10--35--40 anomallyFrameTracker resetted to 200
INFO:root:2021-07-27-10--35--40 Colour Conversion Completed
INFO:root:2021-07-27-10--35--40 Sleep Check Completed
INFO:root:2021-07-27-10--35--40 Frame manipulations completed
INFO:root:2021-07-27-10--35--40 Bounding Box Drawn
INFO:root:2021-07-27-10--35--40 MovingFrameQueue Appended
INFO:root:2021-07-27-10--35--40 anomallyFrameTracker resetted to 200
INFO:root:2021-07-27-10--35--40 Colour Conversion Completed
INFO:root:2021-07-27-10--35--40 Sleep Check Completed
INFO:root:2021-07-27-10--35--40 Frame manipulations completed
INFO:root:2021-07-27-10--35--40 Bounding Box Drawn
INFO:root:2021-07-27-10--35--40 MovingFrameQueue Appended
INFO:root:2021-07-27-10--35--40 anomallyFrameTracker resetted to 200
INFO:root:2021-07-27-10--35--40 Colour Conversion Completed
INFO:root:2021-07-27-10--35--40 Sleep Check Completed
INFO:root:2021-07-27-10--35--40 Frame manipulations completed
INFO:root:2021-07-27-10--35--40 Bounding Box Drawn
INFO:root:2021-07-27-10--35--40 MovingFrameQueue Appended
INFO:root:2021-07-27-10--35--40 anomallyFrameTracker resetted to 200
INFO:root:2021-07-27-10--35--40 Colour Conversion Completed
INFO:root:2021-07-27-10--35--40 Sleep Check Completed
INFO:root:2021-07-27-10--35--40 Frame manipulations completed
INFO:root:2021-07-27-10--35--40 Bounding Box Drawn
INFO:root:2021-07-27-10--35--40 MovingFrameQueue Appended
INFO:root:2021-07-27-10--35--40 anomallyFrameTracker resetted to 200
INFO:root:2021-07-27-10--35--40 Colour Conversion Completed
INFO:root:2021-07-27-10--35--40 Sleep Check Completed
INFO:root:2021-07-27-10--35--40 Frame manipulations completed
INFO:root:2021-07-27-10--35--40 Bounding Box Drawn
INFO:root:2021-07-27-10--35--40 MovingFrameQueue Appended
INFO:root:2021-07-27-10--35--40 anomallyFrameTracker resetted to 200
INFO:root:2021-07-27-10--35--41 Colour Conversion Completed
INFO:root:2021-07-27-10--35--41 Sleep Check Completed
INFO:root:2021-07-27-10--35--41 Frame manipulations completed
INFO:root:2021-07-27-10--35--41 Bounding Box Drawn
INFO:root:2021-07-27-10--35--41 MovingFrameQueue Appended
INFO:root:2021-07-27-10--35--41 anomallyFrameTracker resetted to 200
INFO:root:2021-07-27-10--35--41 Colour Conversion Completed
INFO:root:2021-07-27-10--35--41 Sleep Check Completed
INFO:root:2021-07-27-10--35--41 Frame manipulations completed
INFO:root:2021-07-27-10--35--41 Bounding Box Drawn
INFO:root:2021-07-27-10--35--41 MovingFrameQueue Appended
INFO:root:2021-07-27-10--35--41 anomallyFrameTracker resetted to 200
INFO:root:2021-07-27-10--35--41 Colour Conversion Completed
INFO:root:2021-07-27-10--35--41 Sleep Check Completed
INFO:root:2021-07-27-10--35--41 Frame manipulations completed
INFO:root:2021-07-27-10--35--41 Bounding Box Drawn
INFO:root:2021-07-27-10--35--41 MovingFrameQueue Appended
INFO:root:2021-07-27-10--35--41 anomallyFrameTracker resetted to 200
INFO:root:2021-07-27-10--35--41 Colour Conversion Completed
INFO:root:2021-07-27-10--35--41 Sleep Check Completed
INFO:root:2021-07-27-10--35--41 Frame manipulations completed
INFO:root:2021-07-27-10--35--41 Bounding Box Drawn
INFO:root:2021-07-27-10--35--41 MovingFrameQueue Appended
INFO:root:2021-07-27-10--35--41 anomallyFrameTracker resetted to 200
INFO:root:2021-07-27-10--35--41 Colour Conversion Completed
INFO:root:2021-07-27-10--35--41 Sleep Check Completed
INFO:root:2021-07-27-10--35--41 Frame manipulations completed
INFO:root:2021-07-27-10--35--41 Bounding Box Drawn
INFO:root:2021-07-27-10--35--41 MovingFrameQueue Appended
INFO:root:2021-07-27-10--35--41 anomallyFrameTracker resetted to 200
INFO:root:2021-07-27-10--35--41 Colour Conversion Completed
INFO:root:2021-07-27-10--35--41 Sleep Check Completed
INFO:root:2021-07-27-10--35--41 Frame manipulations completed
INFO:root:2021-07-27-10--35--41 Bounding Box Drawn
INFO:root:2021-07-27-10--35--41 MovingFrameQueue Appended
INFO:root:2021-07-27-10--35--41 anomallyFrameTracker resetted to 200
INFO:root:2021-07-27-10--35--41 Colour Conversion Completed
INFO:root:2021-07-27-10--35--41 Sleep Check Completed
INFO:root:2021-07-27-10--35--41 Frame manipulations completed
INFO:root:2021-07-27-10--35--41 Bounding Box Drawn
INFO:root:2021-07-27-10--35--41 MovingFrameQueue Appended
INFO:root:2021-07-27-10--35--41 anomallyFrameTracker resetted to 200
INFO:root:2021-07-27-10--35--41 Colour Conversion Completed
INFO:root:2021-07-27-10--35--41 Sleep Check Completed
INFO:root:2021-07-27-10--35--41 Frame manipulations completed
INFO:root:2021-07-27-10--35--41 Bounding Box Drawn
INFO:root:2021-07-27-10--35--42 MovingFrameQueue Appended
INFO:root:2021-07-27-10--35--42 anomallyFrameTracker resetted to 200
INFO:root:2021-07-27-10--35--42 Colour Conversion Completed
INFO:root:2021-07-27-10--35--42 Sleep Check Completed
INFO:root:2021-07-27-10--35--42 Frame manipulations completed
INFO:root:2021-07-27-10--35--42 Bounding Box Drawn
INFO:root:2021-07-27-10--35--42 MovingFrameQueue Appended
INFO:root:2021-07-27-10--35--42 anomallyFrameTracker resetted to 200
INFO:root:2021-07-27-10--35--42 Colour Conversion Completed
INFO:root:2021-07-27-10--35--43 Sleep Check Completed
INFO:root:2021-07-27-10--35--43 Frame manipulations completed
INFO:root:2021-07-27-10--35--43 Bounding Box Drawn
INFO:root:2021-07-27-10--35--43 MovingFrameQueue Appended
INFO:root:2021-07-27-10--35--43 anomallyFrameTracker resetted to 200
INFO:root:2021-07-27-10--35--43 Colour Conversion Completed
INFO:root:2021-07-27-10--35--43 Sleep Check Completed
INFO:root:2021-07-27-10--35--43 Frame manipulations completed
INFO:root:2021-07-27-10--35--43 Bounding Box Drawn
INFO:root:2021-07-27-10--35--44 MovingFrameQueue Appended
INFO:root:2021-07-27-10--35--44 anomallyFrameTracker resetted to 200
INFO:root:2021-07-27-10--35--44 Colour Conversion Completed
INFO:root:2021-07-27-10--35--44 Sleep Check Completed
INFO:root:2021-07-27-10--35--44 Frame manipulations completed
INFO:root:2021-07-27-10--35--44 Bounding Box Drawn
INFO:root:2021-07-27-10--35--44 MovingFrameQueue Appended
INFO:root:2021-07-27-10--35--44 anomallyFrameTracker resetted to 200
INFO:root:2021-07-27-10--35--44 Colour Conversion Completed
INFO:root:2021-07-27-10--35--44 Sleep Check Completed
INFO:root:2021-07-27-10--35--44 Frame manipulations completed
INFO:root:2021-07-27-10--35--44 Bounding Box Drawn
INFO:root:2021-07-27-10--35--45 MovingFrameQueue Appended
INFO:root:2021-07-27-10--35--45 anomallyFrameTracker resetted to 200
INFO:root:2021-07-27-10--35--45 Colour Conversion Completed
INFO:root:2021-07-27-10--35--45 Sleep Check Completed
INFO:root:2021-07-27-10--35--45 Frame manipulations completed
INFO:root:2021-07-27-10--35--45 Bounding Box Drawn
INFO:root:2021-07-27-10--35--45 MovingFrameQueue Appended
INFO:root:2021-07-27-10--35--45 anomallyFrameTracker resetted to 200
INFO:root:2021-07-27-10--35--45 Colour Conversion Completed
INFO:root:2021-07-27-10--35--45 Sleep Check Completed
INFO:root:2021-07-27-10--35--45 Frame manipulations completed
INFO:root:2021-07-27-10--35--45 Bounding Box Drawn
INFO:root:2021-07-27-10--35--46 MovingFrameQueue Appended
INFO:root:2021-07-27-10--35--46 anomallyFrameTracker resetted to 200
INFO:root:2021-07-27-10--35--46 Colour Conversion Completed
INFO:root:2021-07-27-10--35--46 Sleep Check Completed
INFO:root:2021-07-27-10--35--46 Frame manipulations completed
INFO:root:2021-07-27-10--35--46 Bounding Box Drawn
INFO:root:2021-07-27-10--35--46 MovingFrameQueue Appended
INFO:root:2021-07-27-10--35--46 anomallyFrameTracker resetted to 200
INFO:root:2021-07-27-10--35--46 Colour Conversion Completed
INFO:root:2021-07-27-10--35--46 Sleep Check Completed
INFO:root:2021-07-27-10--35--46 Frame manipulations completed
INFO:root:2021-07-27-10--35--46 Bounding Box Drawn
INFO:root:2021-07-27-10--35--47 MovingFrameQueue Appended
INFO:root:2021-07-27-10--35--47 anomallyFrameTracker resetted to 200
INFO:root:2021-07-27-10--35--47 Colour Conversion Completed
INFO:root:2021-07-27-10--35--47 Sleep Check Completed
INFO:root:2021-07-27-10--35--47 Frame manipulations completed
INFO:root:2021-07-27-10--35--47 Bounding Box Drawn
INFO:root:2021-07-27-10--35--48 MovingFrameQueue Appended
INFO:root:2021-07-27-10--35--48 anomallyFrameTracker resetted to 200
INFO:root:2021-07-27-10--35--48 Colour Conversion Completed
INFO:root:2021-07-27-10--35--48 Sleep Check Completed
INFO:root:2021-07-27-10--35--48 Frame manipulations completed
INFO:root:2021-07-27-10--35--48 Bounding Box Drawn
INFO:root:2021-07-27-10--35--48 MovingFrameQueue Appended
INFO:root:2021-07-27-10--35--48 anomallyFrameTracker resetted to 200
INFO:root:2021-07-27-10--35--48 Colour Conversion Completed
INFO:root:2021-07-27-10--35--48 Sleep Check Completed
INFO:root:2021-07-27-10--35--48 Frame manipulations completed
INFO:root:2021-07-27-10--35--48 Bounding Box Drawn
INFO:root:2021-07-27-10--35--49 MovingFrameQueue Appended
INFO:root:2021-07-27-10--35--49 anomallyFrameTracker resetted to 200
INFO:root:2021-07-27-10--35--49 Colour Conversion Completed
INFO:root:2021-07-27-10--35--49 Sleep Check Completed
INFO:root:2021-07-27-10--35--49 Frame manipulations completed
INFO:root:2021-07-27-10--35--49 Bounding Box Drawn
INFO:root:2021-07-27-10--35--49 MovingFrameQueue Appended
INFO:root:2021-07-27-10--35--49 anomallyFrameTracker resetted to 200
INFO:root:2021-07-27-10--35--49 Colour Conversion Completed
INFO:root:2021-07-27-10--35--49 Sleep Check Completed
INFO:root:2021-07-27-10--35--49 Frame manipulations completed
INFO:root:2021-07-27-10--35--49 Bounding Box Drawn
INFO:root:2021-07-27-10--35--50 MovingFrameQueue Appended
INFO:root:2021-07-27-10--35--50 anomallyFrameTracker resetted to 200
INFO:root:2021-07-27-10--35--50 Colour Conversion Completed
INFO:root:2021-07-27-10--35--50 Sleep Check Completed
INFO:root:2021-07-27-10--35--50 Frame manipulations completed
INFO:root:2021-07-27-10--35--50 Bounding Box Drawn
INFO:root:2021-07-27-10--35--50 MovingFrameQueue Appended
INFO:root:2021-07-27-10--35--50 anomallyFrameTracker resetted to 200
INFO:root:2021-07-27-10--35--50 Colour Conversion Completed
INFO:root:2021-07-27-10--35--50 Sleep Check Completed
INFO:root:2021-07-27-10--35--50 Frame manipulations completed
INFO:root:2021-07-27-10--35--50 Bounding Box Drawn
INFO:root:2021-07-27-10--35--51 MovingFrameQueue Appended
INFO:root:2021-07-27-10--35--51 anomallyFrameTracker resetted to 200
INFO:root:2021-07-27-10--35--51 Colour Conversion Completed
INFO:root:2021-07-27-10--35--51 Sleep Check Completed
INFO:root:2021-07-27-10--35--51 Frame manipulations completed
INFO:root:2021-07-27-10--35--51 Bounding Box Drawn
INFO:root:2021-07-27-10--35--51 MovingFrameQueue Appended
INFO:root:2021-07-27-10--35--51 anomallyFrameTracker resetted to 200
INFO:root:2021-07-27-10--35--52 Colour Conversion Completed
INFO:root:2021-07-27-10--35--52 Sleep Check Completed
INFO:root:2021-07-27-10--35--52 Frame manipulations completed
INFO:root:2021-07-27-10--35--52 Bounding Box Drawn
INFO:root:2021-07-27-10--35--52 MovingFrameQueue Appended
INFO:root:2021-07-27-10--35--52 anomallyFrameTracker resetted to 200
INFO:root:2021-07-27-10--35--52 Colour Conversion Completed
INFO:root:2021-07-27-10--35--52 Sleep Check Completed
INFO:root:2021-07-27-10--35--52 Frame manipulations completed
INFO:root:2021-07-27-10--35--52 Bounding Box Drawn
INFO:root:2021-07-27-10--35--53 MovingFrameQueue Appended
INFO:root:2021-07-27-10--35--53 anomallyFrameTracker resetted to 200
INFO:root:2021-07-27-10--35--53 Colour Conversion Completed
INFO:root:2021-07-27-10--35--53 Sleep Check Completed
INFO:root:2021-07-27-10--35--53 Frame manipulations completed
INFO:root:2021-07-27-10--35--53 Bounding Box Drawn
INFO:root:2021-07-27-10--35--53 MovingFrameQueue Appended
INFO:root:2021-07-27-10--35--53 anomallyFrameTracker resetted to 200
INFO:root:2021-07-27-10--35--53 Colour Conversion Completed
INFO:root:2021-07-27-10--35--53 Sleep Check Completed
INFO:root:2021-07-27-10--35--53 Frame manipulations completed
INFO:root:2021-07-27-10--35--53 Bounding Box Drawn
INFO:root:2021-07-27-10--35--54 MovingFrameQueue Appended
INFO:root:2021-07-27-10--35--54 anomallyFrameTracker resetted to 200
INFO:root:2021-07-27-10--35--57 Colour Conversion Completed
INFO:root:2021-07-27-10--35--57 Sleep Check Completed
INFO:root:2021-07-27-10--35--57 Frame manipulations completed
INFO:root:2021-07-27-10--35--57 Bounding Box Drawn
INFO:root:2021-07-27-10--35--57 MovingFrameQueue Appended
INFO:root:2021-07-27-10--35--57 anomallyFrameTracker resetted to 200
INFO:root:2021-07-27-10--35--57 Colour Conversion Completed
INFO:root:2021-07-27-10--35--57 Sleep Check Completed
INFO:root:2021-07-27-10--35--57 Frame manipulations completed
INFO:root:2021-07-27-10--35--57 Bounding Box Drawn
INFO:root:2021-07-27-10--35--57 MovingFrameQueue Popped
INFO:root:2021-07-27-10--35--57 anomallyFrameTracker resetted to 200
INFO:root:2021-07-27-10--35--57 Colour Conversion Completed
INFO:root:2021-07-27-10--35--57 Sleep Check Completed
INFO:root:2021-07-27-10--35--57 Frame manipulations completed
INFO:root:2021-07-27-10--35--57 Bounding Box Drawn
INFO:root:2021-07-27-10--35--58 MovingFrameQueue Appended
INFO:root:2021-07-27-10--35--58 anomallyFrameTracker resetted to 200
INFO:root:2021-07-27-10--35--58 Colour Conversion Completed
INFO:root:2021-07-27-10--35--58 Sleep Check Completed
INFO:root:2021-07-27-10--35--58 Frame manipulations completed
INFO:root:2021-07-27-10--35--58 Bounding Box Drawn
INFO:root:2021-07-27-10--35--58 MovingFrameQueue Popped
INFO:root:2021-07-27-10--35--58 anomallyFrameTracker resetted to 200
INFO:root:2021-07-27-10--35--58 Colour Conversion Completed
INFO:root:2021-07-27-10--35--58 Sleep Check Completed
INFO:root:2021-07-27-10--35--58 Frame manipulations completed
INFO:root:2021-07-27-10--35--58 Bounding Box Drawn
INFO:root:2021-07-27-10--35--59 MovingFrameQueue Appended
INFO:root:2021-07-27-10--35--59 anomallyFrameTracker resetted to 200
INFO:root:2021-07-27-10--35--59 Colour Conversion Completed
INFO:root:2021-07-27-10--35--59 Sleep Check Completed
INFO:root:2021-07-27-10--35--59 Frame manipulations completed
INFO:root:2021-07-27-10--35--59 Bounding Box Drawn
INFO:root:2021-07-27-10--35--59 MovingFrameQueue Popped
INFO:root:2021-07-27-10--35--59 anomallyFrameTracker resetted to 200
INFO:root:2021-07-27-10--35--59 Colour Conversion Completed
INFO:root:2021-07-27-10--35--59 Sleep Check Completed
INFO:root:2021-07-27-10--35--59 Frame manipulations completed
INFO:root:2021-07-27-10--35--59 Bounding Box Drawn
INFO:root:2021-07-27-10--36--00 MovingFrameQueue Appended
INFO:root:2021-07-27-10--36--00 anomallyFrameTracker resetted to 200
INFO:root:2021-07-27-10--36--00 Colour Conversion Completed
INFO:root:2021-07-27-10--36--00 Sleep Check Completed
INFO:root:2021-07-27-10--36--00 Frame manipulations completed
INFO:root:2021-07-27-10--36--00 Bounding Box Drawn
INFO:root:2021-07-27-10--36--01 MovingFrameQueue Popped
INFO:root:2021-07-27-10--36--01 anomallyFrameTracker resetted to 200
INFO:root:2021-07-27-10--36--01 Colour Conversion Completed
INFO:root:2021-07-27-10--36--01 Sleep Check Completed
INFO:root:2021-07-27-10--36--01 Frame manipulations completed
INFO:root:2021-07-27-10--36--01 Bounding Box Drawn
INFO:root:2021-07-27-10--36--01 MovingFrameQueue Appended
INFO:root:2021-07-27-10--36--01 anomallyFrameTracker resetted to 200
INFO:root:2021-07-27-10--36--01 Colour Conversion Completed
INFO:root:2021-07-27-10--36--01 Sleep Check Completed
INFO:root:2021-07-27-10--36--01 Frame manipulations completed
INFO:root:2021-07-27-10--36--01 Bounding Box Drawn
INFO:root:2021-07-27-10--36--02 MovingFrameQueue Popped
INFO:root:2021-07-27-10--36--02 anomallyFrameTracker resetted to 200
INFO:root:2021-07-27-10--36--02 Colour Conversion Completed
INFO:root:2021-07-27-10--36--02 Sleep Check Completed
INFO:root:2021-07-27-10--36--02 Frame manipulations completed
INFO:root:2021-07-27-10--36--02 Bounding Box Drawn
INFO:root:2021-07-27-10--36--02 MovingFrameQueue Appended
INFO:root:2021-07-27-10--36--02 anomallyFrameTracker resetted to 200
INFO:root:2021-07-27-10--36--02 Colour Conversion Completed
INFO:root:2021-07-27-10--36--02 Sleep Check Completed
INFO:root:2021-07-27-10--36--02 Frame manipulations completed
INFO:root:2021-07-27-10--36--02 Bounding Box Drawn
INFO:root:2021-07-27-10--36--03 MovingFrameQueue Popped
INFO:root:2021-07-27-10--36--03 anomallyFrameTracker resetted to 200
INFO:root:2021-07-27-10--36--03 Colour Conversion Completed
INFO:root:2021-07-27-10--36--03 Sleep Check Completed
INFO:root:2021-07-27-10--36--03 Frame manipulations completed
INFO:root:2021-07-27-10--36--03 Bounding Box Drawn
INFO:root:2021-07-27-10--36--04 MovingFrameQueue Appended
INFO:root:2021-07-27-10--36--04 anomallyFrameTracker resetted to 200
INFO:root:2021-07-27-10--36--04 Colour Conversion Completed
INFO:root:2021-07-27-10--36--04 Sleep Check Completed
INFO:root:2021-07-27-10--36--04 Frame manipulations completed
INFO:root:2021-07-27-10--36--04 Bounding Box Drawn
INFO:root:2021-07-27-10--36--04 MovingFrameQueue Popped
INFO:root:2021-07-27-10--36--04 anomallyFrameTracker resetted to 200
INFO:root:2021-07-27-10--36--04 Colour Conversion Completed
INFO:root:2021-07-27-10--36--04 Sleep Check Completed
INFO:root:2021-07-27-10--36--04 Frame manipulations completed
INFO:root:2021-07-27-10--36--04 Bounding Box Drawn
INFO:root:2021-07-27-10--36--05 MovingFrameQueue Appended
INFO:root:2021-07-27-10--36--05 anomallyFrameTracker resetted to 200
INFO:root:2021-07-27-10--36--05 Colour Conversion Completed
INFO:root:2021-07-27-10--36--05 Sleep Check Completed
INFO:root:2021-07-27-10--36--05 Frame manipulations completed
INFO:root:2021-07-27-10--36--05 Bounding Box Drawn
INFO:root:2021-07-27-10--36--05 MovingFrameQueue Popped
INFO:root:2021-07-27-10--36--05 anomallyFrameTracker resetted to 200
INFO:root:2021-07-27-10--36--05 Colour Conversion Completed
INFO:root:2021-07-27-10--36--05 Sleep Check Completed
INFO:root:2021-07-27-10--36--05 Frame manipulations completed
INFO:root:2021-07-27-10--36--05 Bounding Box Drawn
INFO:root:2021-07-27-10--36--05 MovingFrameQueue Appended
INFO:root:2021-07-27-10--36--05 anomallyFrameTracker resetted to 200
INFO:root:2021-07-27-10--36--05 Colour Conversion Completed
INFO:root:2021-07-27-10--36--06 Sleep Check Completed
INFO:root:2021-07-27-10--36--06 Frame manipulations completed
INFO:root:2021-07-27-10--36--06 Bounding Box Drawn
INFO:root:2021-07-27-10--36--06 MovingFrameQueue Popped
INFO:root:2021-07-27-10--36--06 anomallyFrameTracker resetted to 200
INFO:root:2021-07-27-10--36--06 Colour Conversion Completed
INFO:root:2021-07-27-10--36--06 Sleep Check Completed
INFO:root:2021-07-27-10--36--06 Frame manipulations completed
INFO:root:2021-07-27-10--36--06 Bounding Box Drawn
INFO:root:2021-07-27-10--36--07 MovingFrameQueue Appended
INFO:root:2021-07-27-10--36--07 anomallyFrameTracker resetted to 200
INFO:root:2021-07-27-10--36--07 Colour Conversion Completed
INFO:root:2021-07-27-10--36--07 Sleep Check Completed
INFO:root:2021-07-27-10--36--07 Frame manipulations completed
INFO:root:2021-07-27-10--36--07 Bounding Box Drawn
INFO:root:2021-07-27-10--36--07 MovingFrameQueue Popped
INFO:root:2021-07-27-10--36--07 anomallyFrameTracker resetted to 200
INFO:root:2021-07-27-10--36--07 Colour Conversion Completed
INFO:root:2021-07-27-10--36--07 Sleep Check Completed
INFO:root:2021-07-27-10--36--07 Frame manipulations completed
INFO:root:2021-07-27-10--36--07 Bounding Box Drawn
INFO:root:2021-07-27-10--36--08 MovingFrameQueue Appended
INFO:root:2021-07-27-10--36--08 anomallyFrameTracker resetted to 200
INFO:root:2021-07-27-10--36--08 Colour Conversion Completed
INFO:root:2021-07-27-10--36--08 Sleep Check Completed
INFO:root:2021-07-27-10--36--08 Frame manipulations completed
INFO:root:2021-07-27-10--36--08 Bounding Box Drawn
INFO:root:2021-07-27-10--36--08 MovingFrameQueue Popped
INFO:root:2021-07-27-10--36--08 anomallyFrameTracker resetted to 200
INFO:root:2021-07-27-10--36--08 Colour Conversion Completed
INFO:root:2021-07-27-10--36--08 Sleep Check Completed
INFO:root:2021-07-27-10--36--08 Frame manipulations completed
INFO:root:2021-07-27-10--36--08 Bounding Box Drawn
INFO:root:2021-07-27-10--36--09 MovingFrameQueue Appended
INFO:root:2021-07-27-10--36--09 anomallyFrameTracker resetted to 200
INFO:root:2021-07-27-10--36--09 Colour Conversion Completed
INFO:root:2021-07-27-10--36--09 Sleep Check Completed
INFO:root:2021-07-27-10--36--09 Frame manipulations completed
INFO:root:2021-07-27-10--36--09 Bounding Box Drawn
INFO:root:2021-07-27-10--36--09 MovingFrameQueue Popped
INFO:root:2021-07-27-10--36--09 anomallyFrameTracker resetted to 200
INFO:root:2021-07-27-10--36--09 Colour Conversion Completed
INFO:root:2021-07-27-10--36--09 Sleep Check Completed
INFO:root:2021-07-27-10--36--09 Frame manipulations completed
INFO:root:2021-07-27-10--36--09 Bounding Box Drawn
INFO:root:2021-07-27-10--36--10 MovingFrameQueue Appended
INFO:root:2021-07-27-10--36--10 anomallyFrameTracker resetted to 200
INFO:root:2021-07-27-10--36--10 Colour Conversion Completed
INFO:root:2021-07-27-10--36--10 Sleep Check Completed
INFO:root:2021-07-27-10--36--10 Frame manipulations completed
INFO:root:2021-07-27-10--36--10 Bounding Box Drawn
INFO:root:2021-07-27-10--36--10 MovingFrameQueue Popped
INFO:root:2021-07-27-10--36--10 anomallyFrameTracker resetted to 200
INFO:root:2021-07-27-10--36--10 Colour Conversion Completed
INFO:root:2021-07-27-10--36--10 Sleep Check Completed
INFO:root:2021-07-27-10--36--10 Frame manipulations completed
INFO:root:2021-07-27-10--36--10 Bounding Box Drawn
INFO:root:2021-07-27-10--36--11 MovingFrameQueue Appended
INFO:root:2021-07-27-10--36--11 anomallyFrameTracker resetted to 200
INFO:root:2021-07-27-10--36--11 Colour Conversion Completed
INFO:root:2021-07-27-10--36--11 Sleep Check Completed
INFO:root:2021-07-27-10--36--11 Frame manipulations completed
INFO:root:2021-07-27-10--36--11 Bounding Box Drawn
INFO:root:2021-07-27-10--36--12 MovingFrameQueue Popped
INFO:root:2021-07-27-10--36--12 anomallyFrameTracker resetted to 200
INFO:root:2021-07-27-10--36--12 Colour Conversion Completed
INFO:root:2021-07-27-10--36--12 Sleep Check Completed
INFO:root:2021-07-27-10--36--12 Frame manipulations completed
INFO:root:2021-07-27-10--36--12 Bounding Box Drawn
INFO:root:2021-07-27-10--36--12 MovingFrameQueue Appended
INFO:root:2021-07-27-10--36--12 anomallyFrameTracker resetted to 200
INFO:root:2021-07-27-10--36--12 Colour Conversion Completed
INFO:root:2021-07-27-10--36--12 Sleep Check Completed
INFO:root:2021-07-27-10--36--12 Frame manipulations completed
INFO:root:2021-07-27-10--36--12 Bounding Box Drawn
INFO:root:2021-07-27-10--36--12[INFO] elapsed time: 41.00
INFO:root:2021-07-27-10--36--12[INFO] approx. FPS: 1.93
INFO:root:2021-07-27-10--36--13 Getting Auth Token Success
INFO:root:2021-07-27-10--36--13 BedTime Upload Completed
