INFO:root:2021-07-13-10--53--16 Parameter Generation Success
INFO:root:2021-07-13-10--53--16 Colour Conversion Completed
INFO:root:2021-07-13-10--53--16 Sleep Check Completed
INFO:root:2021-07-13-10--53--16 Frame manipulations completed
INFO:root:2021-07-13-10--53--16 Writer Initialized
INFO:root:2021-07-13-10--53--16 Bounding Box Drawn
INFO:root:2021-07-13-10--53--16 MovingFrameQueue Appended
INFO:root:2021-07-13-10--53--16 Anomally Detected, starting call for more frames
INFO:root:2021-07-13-10--53--16 anomallyFrameTracker resetted to 200
INFO:root:2021-07-13-10--53--16 Colour Conversion Completed
INFO:root:2021-07-13-10--53--16 Sleep Check Completed
INFO:root:2021-07-13-10--53--16 Frame manipulations completed
INFO:root:2021-07-13-10--53--16 Bounding Box Drawn
INFO:root:2021-07-13-10--53--16 MovingFrameQueue Appended
INFO:root:2021-07-13-10--53--16 Anomally Detected, starting call for more frames
INFO:root:2021-07-13-10--53--16 anomallyFrameTracker resetted to 200
INFO:root:2021-07-13-10--53--16 Colour Conversion Completed
INFO:root:2021-07-13-10--53--16 Sleep Check Completed
INFO:root:2021-07-13-10--53--16 Frame manipulations completed
INFO:root:2021-07-13-10--53--16 Bounding Box Drawn
INFO:root:2021-07-13-10--53--16 MovingFrameQueue Appended
INFO:root:2021-07-13-10--53--16 Anomally Detected, starting call for more frames
INFO:root:2021-07-13-10--53--16 anomallyFrameTracker resetted to 200
INFO:root:2021-07-13-10--53--16 Colour Conversion Completed
INFO:root:2021-07-13-10--53--16 Sleep Check Completed
INFO:root:2021-07-13-10--53--16 Frame manipulations completed
INFO:root:2021-07-13-10--53--16 Bounding Box Drawn
INFO:root:2021-07-13-10--53--16 MovingFrameQueue Appended
INFO:root:2021-07-13-10--53--16 Anomally Detected, starting call for more frames
INFO:root:2021-07-13-10--53--16 anomallyFrameTracker resetted to 200
INFO:root:2021-07-13-10--53--17 Colour Conversion Completed
INFO:root:2021-07-13-10--53--17 Sleep Check Completed
INFO:root:2021-07-13-10--53--17 Frame manipulations completed
INFO:root:2021-07-13-10--53--17 Bounding Box Drawn
INFO:root:2021-07-13-10--53--17 MovingFrameQueue Appended
INFO:root:2021-07-13-10--53--17 Anomally Detected, starting call for more frames
INFO:root:2021-07-13-10--53--17 Anomally Detected, starting call for more frames
INFO:root:2021-07-13-10--53--17 anomallyFrameTracker resetted to 200
INFO:root:2021-07-13-10--53--17 Colour Conversion Completed
INFO:root:2021-07-13-10--53--17 Sleep Check Completed
INFO:root:2021-07-13-10--53--17 Frame manipulations completed
INFO:root:2021-07-13-10--53--17 Bounding Box Drawn
INFO:root:2021-07-13-10--53--17 MovingFrameQueue Appended
INFO:root:2021-07-13-10--53--17 Anomally Detected, starting call for more frames
INFO:root:2021-07-13-10--53--17 Anomally Detected, starting call for more frames
INFO:root:2021-07-13-10--53--17 anomallyFrameTracker resetted to 200
INFO:root:2021-07-13-10--53--17 Colour Conversion Completed
INFO:root:2021-07-13-10--53--17 Sleep Check Completed
INFO:root:2021-07-13-10--53--17 Frame manipulations completed
INFO:root:2021-07-13-10--53--17 Bounding Box Drawn
INFO:root:2021-07-13-10--53--17 MovingFrameQueue Appended
INFO:root:2021-07-13-10--53--17 Anomally Detected, starting call for more frames
INFO:root:2021-07-13-10--53--17 anomallyFrameTracker resetted to 200
INFO:root:2021-07-13-10--53--17 Colour Conversion Completed
INFO:root:2021-07-13-10--53--17 Sleep Check Completed
INFO:root:2021-07-13-10--53--17 Frame manipulations completed
INFO:root:2021-07-13-10--53--17 Bounding Box Drawn
INFO:root:2021-07-13-10--53--17 MovingFrameQueue Appended
INFO:root:2021-07-13-10--53--17 Anomally Detected, starting call for more frames
INFO:root:2021-07-13-10--53--17 anomallyFrameTracker resetted to 200
INFO:root:2021-07-13-10--53--17 Colour Conversion Completed
INFO:root:2021-07-13-10--53--17 Sleep Check Completed
INFO:root:2021-07-13-10--53--17 Frame manipulations completed
INFO:root:2021-07-13-10--53--17 Bounding Box Drawn
INFO:root:2021-07-13-10--53--17 MovingFrameQueue Appended
INFO:root:2021-07-13-10--53--17 Anomally Detected, starting call for more frames
INFO:root:2021-07-13-10--53--17 anomallyFrameTracker resetted to 200
INFO:root:2021-07-13-10--53--17 Colour Conversion Completed
INFO:root:2021-07-13-10--53--17 Sleep Check Completed
INFO:root:2021-07-13-10--53--17 Frame manipulations completed
INFO:root:2021-07-13-10--53--17 Bounding Box Drawn
INFO:root:2021-07-13-10--53--17 MovingFrameQueue Appended
INFO:root:2021-07-13-10--53--17 Anomally Detected, starting call for more frames
INFO:root:2021-07-13-10--53--17 anomallyFrameTracker resetted to 200
INFO:root:2021-07-13-10--53--17 Colour Conversion Completed
INFO:root:2021-07-13-10--53--17 Sleep Check Completed
INFO:root:2021-07-13-10--53--17 Frame manipulations completed
INFO:root:2021-07-13-10--53--17 Bounding Box Drawn
INFO:root:2021-07-13-10--53--17 MovingFrameQueue Appended
INFO:root:2021-07-13-10--53--17 Anomally Detected, starting call for more frames
INFO:root:2021-07-13-10--53--17 anomallyFrameTracker resetted to 200
INFO:root:2021-07-13-10--53--17 Colour Conversion Completed
INFO:root:2021-07-13-10--53--17 Sleep Check Completed
INFO:root:2021-07-13-10--53--17 Frame manipulations completed
INFO:root:2021-07-13-10--53--17 Bounding Box Drawn
INFO:root:2021-07-13-10--53--17 MovingFrameQueue Appended
INFO:root:2021-07-13-10--53--17 Anomally Detected, starting call for more frames
INFO:root:2021-07-13-10--53--17 anomallyFrameTracker resetted to 200
INFO:root:2021-07-13-10--53--17 Colour Conversion Completed
INFO:root:2021-07-13-10--53--17 Sleep Check Completed
INFO:root:2021-07-13-10--53--17 Frame manipulations completed
INFO:root:2021-07-13-10--53--17 Bounding Box Drawn
INFO:root:2021-07-13-10--53--17 MovingFrameQueue Appended
INFO:root:2021-07-13-10--53--17 Anomally Detected, starting call for more frames
INFO:root:2021-07-13-10--53--17 anomallyFrameTracker resetted to 200
INFO:root:2021-07-13-10--53--18 Colour Conversion Completed
INFO:root:2021-07-13-10--53--18 Sleep Check Completed
INFO:root:2021-07-13-10--53--18 Frame manipulations completed
INFO:root:2021-07-13-10--53--18 Bounding Box Drawn
INFO:root:2021-07-13-10--53--18 MovingFrameQueue Appended
INFO:root:2021-07-13-10--53--18 Anomally Detected, starting call for more frames
INFO:root:2021-07-13-10--53--18 anomallyFrameTracker resetted to 200
INFO:root:2021-07-13-10--53--18 Colour Conversion Completed
INFO:root:2021-07-13-10--53--18 Sleep Check Completed
INFO:root:2021-07-13-10--53--18 Frame manipulations completed
INFO:root:2021-07-13-10--53--18 Bounding Box Drawn
INFO:root:2021-07-13-10--53--18 MovingFrameQueue Appended
INFO:root:2021-07-13-10--53--18 Anomally Detected, starting call for more frames
INFO:root:2021-07-13-10--53--18 anomallyFrameTracker resetted to 200
INFO:root:2021-07-13-10--53--18 Colour Conversion Completed
INFO:root:2021-07-13-10--53--18 Sleep Check Completed
INFO:root:2021-07-13-10--53--18 Frame manipulations completed
INFO:root:2021-07-13-10--53--18 Bounding Box Drawn
INFO:root:2021-07-13-10--53--18 MovingFrameQueue Appended
INFO:root:2021-07-13-10--53--18 Anomally Detected, starting call for more frames
INFO:root:2021-07-13-10--53--18 anomallyFrameTracker resetted to 200
INFO:root:2021-07-13-10--53--18 Colour Conversion Completed
INFO:root:2021-07-13-10--53--18 Sleep Check Completed
INFO:root:2021-07-13-10--53--18 Frame manipulations completed
INFO:root:2021-07-13-10--53--18 Bounding Box Drawn
INFO:root:2021-07-13-10--53--18 MovingFrameQueue Appended
INFO:root:2021-07-13-10--53--18 Anomally Detected, starting call for more frames
INFO:root:2021-07-13-10--53--18 anomallyFrameTracker resetted to 200
INFO:root:2021-07-13-10--53--18 Colour Conversion Completed
INFO:root:2021-07-13-10--53--18 Sleep Check Completed
INFO:root:2021-07-13-10--53--18 Frame manipulations completed
INFO:root:2021-07-13-10--53--18 Bounding Box Drawn
INFO:root:2021-07-13-10--53--18[INFO] elapsed time: 2.01
INFO:root:2021-07-13-10--53--18[INFO] approx. FPS: 8.47
INFO:root:2021-07-13-10--53--18 Getting Auth Token Success
INFO:root:2021-07-13-10--53--19 Anomalous Detection Video Upload Completed
INFO:root:2021-07-13-10--53--19 Getting Auth Token Success
INFO:root:2021-07-13-10--53--19 BedTime Upload Completed
