INFO:root:2021-08-02-10--05--05 Parameter Generation Success
INFO:root:2021-08-02-10--05--05 Colour Conversion Completed
INFO:root:2021-08-02-10--05--05 Sleep Check Completed
INFO:root:2021-08-02-10--05--05 Frame manipulations completed
INFO:root:2021-08-02-10--05--05 Bounding Box Drawn
INFO:root:2021-08-02-10--05--11 MovingFrameQueue Appended
INFO:root:2021-08-02-10--05--11 anomallyFrameTracker resetted to 200
INFO:root:2021-08-02-10--05--11 Colour Conversion Completed
INFO:root:2021-08-02-10--05--11 Sleep Check Completed
INFO:root:2021-08-02-10--05--11 Frame manipulations completed
INFO:root:2021-08-02-10--05--11 Bounding Box Drawn
INFO:root:2021-08-02-10--05--11 MovingFrameQueue Appended
INFO:root:2021-08-02-10--05--11 anomallyFrameTracker resetted to 200
INFO:root:2021-08-02-10--05--11 Colour Conversion Completed
INFO:root:2021-08-02-10--05--11 Sleep Check Completed
INFO:root:2021-08-02-10--05--11 Frame manipulations completed
INFO:root:2021-08-02-10--05--11 Bounding Box Drawn
INFO:root:2021-08-02-10--05--11 MovingFrameQueue Appended
INFO:root:2021-08-02-10--05--11 anomallyFrameTracker resetted to 200
INFO:root:2021-08-02-10--05--11 Colour Conversion Completed
INFO:root:2021-08-02-10--05--11 Sleep Check Completed
INFO:root:2021-08-02-10--05--11 Frame manipulations completed
INFO:root:2021-08-02-10--05--11 Bounding Box Drawn
INFO:root:2021-08-02-10--05--11 MovingFrameQueue Appended
INFO:root:2021-08-02-10--05--11 anomallyFrameTracker resetted to 200
INFO:root:2021-08-02-10--05--11 Colour Conversion Completed
INFO:root:2021-08-02-10--05--11 Sleep Check Completed
INFO:root:2021-08-02-10--05--11 Frame manipulations completed
INFO:root:2021-08-02-10--05--11 Bounding Box Drawn
INFO:root:2021-08-02-10--05--11 MovingFrameQueue Appended
INFO:root:2021-08-02-10--05--11 anomallyFrameTracker resetted to 200
INFO:root:2021-08-02-10--05--11 Colour Conversion Completed
INFO:root:2021-08-02-10--05--12 Sleep Check Completed
INFO:root:2021-08-02-10--05--12 Frame manipulations completed
INFO:root:2021-08-02-10--05--12 Bounding Box Drawn
INFO:root:2021-08-02-10--05--12 MovingFrameQueue Appended
INFO:root:2021-08-02-10--05--12 anomallyFrameTracker resetted to 200
INFO:root:2021-08-02-10--05--12 Colour Conversion Completed
INFO:root:2021-08-02-10--05--12 Sleep Check Completed
INFO:root:2021-08-02-10--05--12 Frame manipulations completed
INFO:root:2021-08-02-10--05--12 Bounding Box Drawn
INFO:root:2021-08-02-10--05--12 MovingFrameQueue Appended
INFO:root:2021-08-02-10--05--12 anomallyFrameTracker resetted to 200
INFO:root:2021-08-02-10--05--12 Colour Conversion Completed
INFO:root:2021-08-02-10--05--12 Sleep Check Completed
INFO:root:2021-08-02-10--05--12 Frame manipulations completed
INFO:root:2021-08-02-10--05--12 Bounding Box Drawn
INFO:root:2021-08-02-10--05--12 MovingFrameQueue Appended
INFO:root:2021-08-02-10--05--12 anomallyFrameTracker resetted to 200
INFO:root:2021-08-02-10--05--12 Colour Conversion Completed
INFO:root:2021-08-02-10--05--12 Sleep Check Completed
INFO:root:2021-08-02-10--05--12 Frame manipulations completed
INFO:root:2021-08-02-10--05--12 Bounding Box Drawn
INFO:root:2021-08-02-10--05--12 MovingFrameQueue Appended
INFO:root:2021-08-02-10--05--12 anomallyFrameTracker resetted to 200
INFO:root:2021-08-02-10--05--12 Colour Conversion Completed
INFO:root:2021-08-02-10--05--12 Sleep Check Completed
INFO:root:2021-08-02-10--05--12 Frame manipulations completed
INFO:root:2021-08-02-10--05--12 Bounding Box Drawn
INFO:root:2021-08-02-10--05--12 MovingFrameQueue Appended
INFO:root:2021-08-02-10--05--12 anomallyFrameTracker resetted to 200
INFO:root:2021-08-02-10--05--12 Colour Conversion Completed
INFO:root:2021-08-02-10--05--12 Sleep Check Completed
INFO:root:2021-08-02-10--05--12 Frame manipulations completed
INFO:root:2021-08-02-10--05--12 Bounding Box Drawn
INFO:root:2021-08-02-10--05--13 MovingFrameQueue Appended
INFO:root:2021-08-02-10--05--13 anomallyFrameTracker resetted to 200
INFO:root:2021-08-02-10--05--13 Colour Conversion Completed
INFO:root:2021-08-02-10--05--13 Sleep Check Completed
INFO:root:2021-08-02-10--05--13 Frame manipulations completed
INFO:root:2021-08-02-10--05--13 Bounding Box Drawn
INFO:root:2021-08-02-10--05--13 MovingFrameQueue Appended
INFO:root:2021-08-02-10--05--13 anomallyFrameTracker resetted to 200
INFO:root:2021-08-02-10--05--13 Colour Conversion Completed
INFO:root:2021-08-02-10--05--13 Sleep Check Completed
INFO:root:2021-08-02-10--05--13 Frame manipulations completed
INFO:root:2021-08-02-10--05--13 Bounding Box Drawn
INFO:root:2021-08-02-10--05--13 MovingFrameQueue Appended
INFO:root:2021-08-02-10--05--13 anomallyFrameTracker resetted to 200
INFO:root:2021-08-02-10--05--13 Colour Conversion Completed
INFO:root:2021-08-02-10--05--13 Sleep Check Completed
INFO:root:2021-08-02-10--05--13 Frame manipulations completed
INFO:root:2021-08-02-10--05--13 Bounding Box Drawn
INFO:root:2021-08-02-10--05--13 MovingFrameQueue Appended
INFO:root:2021-08-02-10--05--13 anomallyFrameTracker resetted to 200
INFO:root:2021-08-02-10--05--13 Colour Conversion Completed
INFO:root:2021-08-02-10--05--13 Sleep Check Completed
INFO:root:2021-08-02-10--05--13 Frame manipulations completed
INFO:root:2021-08-02-10--05--13 Bounding Box Drawn
INFO:root:2021-08-02-10--05--13 MovingFrameQueue Appended
INFO:root:2021-08-02-10--05--13 anomallyFrameTracker resetted to 200
INFO:root:2021-08-02-10--05--13 Colour Conversion Completed
INFO:root:2021-08-02-10--05--13 Sleep Check Completed
INFO:root:2021-08-02-10--05--13 Frame manipulations completed
INFO:root:2021-08-02-10--05--13 Bounding Box Drawn
INFO:root:2021-08-02-10--05--14 MovingFrameQueue Appended
INFO:root:2021-08-02-10--05--14 anomallyFrameTracker resetted to 200
INFO:root:2021-08-02-10--05--14 Colour Conversion Completed
INFO:root:2021-08-02-10--05--14 Sleep Check Completed
INFO:root:2021-08-02-10--05--14 Frame manipulations completed
INFO:root:2021-08-02-10--05--14 Bounding Box Drawn
INFO:root:2021-08-02-10--05--14 MovingFrameQueue Appended
INFO:root:2021-08-02-10--05--14 anomallyFrameTracker resetted to 200
INFO:root:2021-08-02-10--05--14 Colour Conversion Completed
INFO:root:2021-08-02-10--05--14 Sleep Check Completed
INFO:root:2021-08-02-10--05--14 Frame manipulations completed
INFO:root:2021-08-02-10--05--14 Bounding Box Drawn
INFO:root:2021-08-02-10--05--14 MovingFrameQueue Appended
INFO:root:2021-08-02-10--05--14 anomallyFrameTracker resetted to 200
INFO:root:2021-08-02-10--05--14 Colour Conversion Completed
INFO:root:2021-08-02-10--05--14 Sleep Check Completed
INFO:root:2021-08-02-10--05--14 Frame manipulations completed
INFO:root:2021-08-02-10--05--14 Bounding Box Drawn
INFO:root:2021-08-02-10--05--14 MovingFrameQueue Appended
INFO:root:2021-08-02-10--05--14 anomallyFrameTracker resetted to 200
INFO:root:2021-08-02-10--05--14 Colour Conversion Completed
INFO:root:2021-08-02-10--05--14 Sleep Check Completed
INFO:root:2021-08-02-10--05--14 Frame manipulations completed
INFO:root:2021-08-02-10--05--14 Bounding Box Drawn
INFO:root:2021-08-02-10--05--14 MovingFrameQueue Appended
INFO:root:2021-08-02-10--05--14 anomallyFrameTracker resetted to 200
INFO:root:2021-08-02-10--05--14 Colour Conversion Completed
INFO:root:2021-08-02-10--05--14 Sleep Check Completed
INFO:root:2021-08-02-10--05--14 Frame manipulations completed
INFO:root:2021-08-02-10--05--14 Bounding Box Drawn
INFO:root:2021-08-02-10--05--14 MovingFrameQueue Appended
INFO:root:2021-08-02-10--05--14 anomallyFrameTracker resetted to 200
INFO:root:2021-08-02-10--05--14 Colour Conversion Completed
INFO:root:2021-08-02-10--05--14 Sleep Check Completed
INFO:root:2021-08-02-10--05--14 Frame manipulations completed
INFO:root:2021-08-02-10--05--14 Bounding Box Drawn
INFO:root:2021-08-02-10--05--14 MovingFrameQueue Appended
INFO:root:2021-08-02-10--05--14 anomallyFrameTracker resetted to 200
INFO:root:2021-08-02-10--05--15 Colour Conversion Completed
INFO:root:2021-08-02-10--05--15 Sleep Check Completed
INFO:root:2021-08-02-10--05--15 Frame manipulations completed
INFO:root:2021-08-02-10--05--15 Bounding Box Drawn
INFO:root:2021-08-02-10--05--15 MovingFrameQueue Appended
INFO:root:2021-08-02-10--05--15 anomallyFrameTracker resetted to 200
INFO:root:2021-08-02-10--05--15 Colour Conversion Completed
INFO:root:2021-08-02-10--05--15 Sleep Check Completed
INFO:root:2021-08-02-10--05--15 Frame manipulations completed
INFO:root:2021-08-02-10--05--15 Bounding Box Drawn
INFO:root:2021-08-02-10--05--15 MovingFrameQueue Appended
INFO:root:2021-08-02-10--05--15 anomallyFrameTracker resetted to 200
INFO:root:2021-08-02-10--05--15 Colour Conversion Completed
INFO:root:2021-08-02-10--05--15 Sleep Check Completed
INFO:root:2021-08-02-10--05--15 Frame manipulations completed
INFO:root:2021-08-02-10--05--15 Bounding Box Drawn
INFO:root:2021-08-02-10--05--15 MovingFrameQueue Appended
INFO:root:2021-08-02-10--05--15 anomallyFrameTracker resetted to 200
INFO:root:2021-08-02-10--05--15 Colour Conversion Completed
INFO:root:2021-08-02-10--05--15 Sleep Check Completed
INFO:root:2021-08-02-10--05--15 Frame manipulations completed
INFO:root:2021-08-02-10--05--15 Bounding Box Drawn
INFO:root:2021-08-02-10--05--15 MovingFrameQueue Appended
INFO:root:2021-08-02-10--05--15 anomallyFrameTracker resetted to 200
INFO:root:2021-08-02-10--05--15 Colour Conversion Completed
INFO:root:2021-08-02-10--05--15 Sleep Check Completed
INFO:root:2021-08-02-10--05--15 Frame manipulations completed
INFO:root:2021-08-02-10--05--15 Bounding Box Drawn
INFO:root:2021-08-02-10--05--15 MovingFrameQueue Appended
INFO:root:2021-08-02-10--05--15 anomallyFrameTracker resetted to 200
INFO:root:2021-08-02-10--05--15 Colour Conversion Completed
INFO:root:2021-08-02-10--05--15 Sleep Check Completed
INFO:root:2021-08-02-10--05--15 Frame manipulations completed
INFO:root:2021-08-02-10--05--15 Bounding Box Drawn
INFO:root:2021-08-02-10--05--15 MovingFrameQueue Appended
INFO:root:2021-08-02-10--05--15 anomallyFrameTracker resetted to 200
INFO:root:2021-08-02-10--05--15 Colour Conversion Completed
INFO:root:2021-08-02-10--05--15 Sleep Check Completed
INFO:root:2021-08-02-10--05--15 Frame manipulations completed
INFO:root:2021-08-02-10--05--15 Bounding Box Drawn
INFO:root:2021-08-02-10--05--15 MovingFrameQueue Appended
INFO:root:2021-08-02-10--05--15 anomallyFrameTracker resetted to 200
INFO:root:2021-08-02-10--05--15 Colour Conversion Completed
INFO:root:2021-08-02-10--05--15 Sleep Check Completed
INFO:root:2021-08-02-10--05--15 Frame manipulations completed
INFO:root:2021-08-02-10--05--15 Bounding Box Drawn
INFO:root:2021-08-02-10--05--16 MovingFrameQueue Appended
INFO:root:2021-08-02-10--05--16 anomallyFrameTracker resetted to 200
INFO:root:2021-08-02-10--05--16 Colour Conversion Completed
INFO:root:2021-08-02-10--05--16 Sleep Check Completed
INFO:root:2021-08-02-10--05--16 Frame manipulations completed
INFO:root:2021-08-02-10--05--16 Bounding Box Drawn
INFO:root:2021-08-02-10--05--16 MovingFrameQueue Appended
INFO:root:2021-08-02-10--05--16 anomallyFrameTracker resetted to 200
INFO:root:2021-08-02-10--05--16 Colour Conversion Completed
INFO:root:2021-08-02-10--05--16 Sleep Check Completed
INFO:root:2021-08-02-10--05--16 Frame manipulations completed
INFO:root:2021-08-02-10--05--16 Bounding Box Drawn
INFO:root:2021-08-02-10--05--16 MovingFrameQueue Appended
INFO:root:2021-08-02-10--05--16 anomallyFrameTracker resetted to 200
INFO:root:2021-08-02-10--05--16 Colour Conversion Completed
INFO:root:2021-08-02-10--05--16 Sleep Check Completed
INFO:root:2021-08-02-10--05--16 Frame manipulations completed
INFO:root:2021-08-02-10--05--16 Bounding Box Drawn
INFO:root:2021-08-02-10--05--16 MovingFrameQueue Appended
INFO:root:2021-08-02-10--05--16 anomallyFrameTracker resetted to 200
INFO:root:2021-08-02-10--05--16 Colour Conversion Completed
INFO:root:2021-08-02-10--05--16 Sleep Check Completed
INFO:root:2021-08-02-10--05--16 Frame manipulations completed
INFO:root:2021-08-02-10--05--16 Bounding Box Drawn
INFO:root:2021-08-02-10--05--16 MovingFrameQueue Appended
INFO:root:2021-08-02-10--05--16 anomallyFrameTracker resetted to 200
INFO:root:2021-08-02-10--05--16 Colour Conversion Completed
INFO:root:2021-08-02-10--05--16 Sleep Check Completed
INFO:root:2021-08-02-10--05--16 Frame manipulations completed
INFO:root:2021-08-02-10--05--16 Bounding Box Drawn
INFO:root:2021-08-02-10--05--17 MovingFrameQueue Appended
INFO:root:2021-08-02-10--05--17 anomallyFrameTracker resetted to 200
INFO:root:2021-08-02-10--05--17 Colour Conversion Completed
INFO:root:2021-08-02-10--05--17 Sleep Check Completed
INFO:root:2021-08-02-10--05--17 Frame manipulations completed
INFO:root:2021-08-02-10--05--17 Bounding Box Drawn
INFO:root:2021-08-02-10--05--17 MovingFrameQueue Appended
INFO:root:2021-08-02-10--05--17 anomallyFrameTracker resetted to 200
INFO:root:2021-08-02-10--05--17 Colour Conversion Completed
INFO:root:2021-08-02-10--05--17 Sleep Check Completed
INFO:root:2021-08-02-10--05--17 Frame manipulations completed
INFO:root:2021-08-02-10--05--17 Bounding Box Drawn
INFO:root:2021-08-02-10--05--17 MovingFrameQueue Appended
INFO:root:2021-08-02-10--05--17 anomallyFrameTracker resetted to 200
INFO:root:2021-08-02-10--05--17 Colour Conversion Completed
INFO:root:2021-08-02-10--05--17 Sleep Check Completed
INFO:root:2021-08-02-10--05--17 Frame manipulations completed
INFO:root:2021-08-02-10--05--17 Bounding Box Drawn
INFO:root:2021-08-02-10--05--17 MovingFrameQueue Appended
INFO:root:2021-08-02-10--05--17 anomallyFrameTracker resetted to 200
INFO:root:2021-08-02-10--05--17 Colour Conversion Completed
INFO:root:2021-08-02-10--05--17 Sleep Check Completed
INFO:root:2021-08-02-10--05--17 Frame manipulations completed
INFO:root:2021-08-02-10--05--17 Bounding Box Drawn
INFO:root:2021-08-02-10--05--17 MovingFrameQueue Appended
INFO:root:2021-08-02-10--05--17 anomallyFrameTracker resetted to 200
INFO:root:2021-08-02-10--05--17 Colour Conversion Completed
INFO:root:2021-08-02-10--05--17 Sleep Check Completed
INFO:root:2021-08-02-10--05--17 Frame manipulations completed
INFO:root:2021-08-02-10--05--17 Bounding Box Drawn
INFO:root:2021-08-02-10--05--17 MovingFrameQueue Appended
INFO:root:2021-08-02-10--05--17 anomallyFrameTracker resetted to 200
INFO:root:2021-08-02-10--05--17 Colour Conversion Completed
INFO:root:2021-08-02-10--05--18 Sleep Check Completed
INFO:root:2021-08-02-10--05--18 Frame manipulations completed
INFO:root:2021-08-02-10--05--18 Bounding Box Drawn
INFO:root:2021-08-02-10--05--18 MovingFrameQueue Appended
INFO:root:2021-08-02-10--05--18 anomallyFrameTracker resetted to 200
INFO:root:2021-08-02-10--05--18 Colour Conversion Completed
INFO:root:2021-08-02-10--05--18 Sleep Check Completed
INFO:root:2021-08-02-10--05--18 Frame manipulations completed
INFO:root:2021-08-02-10--05--18 Bounding Box Drawn
INFO:root:2021-08-02-10--05--18 MovingFrameQueue Appended
INFO:root:2021-08-02-10--05--18 anomallyFrameTracker resetted to 200
INFO:root:2021-08-02-10--05--18 Colour Conversion Completed
INFO:root:2021-08-02-10--05--18 Sleep Check Completed
INFO:root:2021-08-02-10--05--18 Frame manipulations completed
INFO:root:2021-08-02-10--05--18 Bounding Box Drawn
INFO:root:2021-08-02-10--05--18 MovingFrameQueue Appended
INFO:root:2021-08-02-10--05--18 anomallyFrameTracker resetted to 200
INFO:root:2021-08-02-10--05--18 Colour Conversion Completed
INFO:root:2021-08-02-10--05--18 Sleep Check Completed
INFO:root:2021-08-02-10--05--18 Frame manipulations completed
INFO:root:2021-08-02-10--05--18 Bounding Box Drawn
INFO:root:2021-08-02-10--05--18 MovingFrameQueue Appended
INFO:root:2021-08-02-10--05--18 anomallyFrameTracker resetted to 200
INFO:root:2021-08-02-10--05--18 Colour Conversion Completed
INFO:root:2021-08-02-10--05--18 Sleep Check Completed
INFO:root:2021-08-02-10--05--18 Frame manipulations completed
INFO:root:2021-08-02-10--05--18 Bounding Box Drawn
INFO:root:2021-08-02-10--05--18 MovingFrameQueue Appended
INFO:root:2021-08-02-10--05--18 anomallyFrameTracker resetted to 200
INFO:root:2021-08-02-10--05--18 Colour Conversion Completed
INFO:root:2021-08-02-10--05--18 Sleep Check Completed
INFO:root:2021-08-02-10--05--18 Frame manipulations completed
INFO:root:2021-08-02-10--05--18 Bounding Box Drawn
INFO:root:2021-08-02-10--05--18 MovingFrameQueue Appended
INFO:root:2021-08-02-10--05--18 anomallyFrameTracker resetted to 200
INFO:root:2021-08-02-10--05--18 Colour Conversion Completed
INFO:root:2021-08-02-10--05--18 Sleep Check Completed
INFO:root:2021-08-02-10--05--18 Frame manipulations completed
INFO:root:2021-08-02-10--05--18 Bounding Box Drawn
INFO:root:2021-08-02-10--05--19 MovingFrameQueue Appended
INFO:root:2021-08-02-10--05--19 anomallyFrameTracker resetted to 200
INFO:root:2021-08-02-10--05--19 Colour Conversion Completed
INFO:root:2021-08-02-10--05--19 Sleep Check Completed
INFO:root:2021-08-02-10--05--19 Frame manipulations completed
INFO:root:2021-08-02-10--05--19 Bounding Box Drawn
INFO:root:2021-08-02-10--05--19 MovingFrameQueue Appended
INFO:root:2021-08-02-10--05--19 anomallyFrameTracker resetted to 200
INFO:root:2021-08-02-10--05--19 Colour Conversion Completed
INFO:root:2021-08-02-10--05--19 Sleep Check Completed
INFO:root:2021-08-02-10--05--19 Frame manipulations completed
INFO:root:2021-08-02-10--05--19 Bounding Box Drawn
INFO:root:2021-08-02-10--05--19 MovingFrameQueue Appended
INFO:root:2021-08-02-10--05--19 anomallyFrameTracker resetted to 200
INFO:root:2021-08-02-10--05--19 Colour Conversion Completed
INFO:root:2021-08-02-10--05--19 Sleep Check Completed
INFO:root:2021-08-02-10--05--19 Frame manipulations completed
INFO:root:2021-08-02-10--05--19 Bounding Box Drawn
INFO:root:2021-08-02-10--05--19 MovingFrameQueue Appended
INFO:root:2021-08-02-10--05--19 anomallyFrameTracker resetted to 200
INFO:root:2021-08-02-10--05--19 Colour Conversion Completed
INFO:root:2021-08-02-10--05--19 Sleep Check Completed
INFO:root:2021-08-02-10--05--19 Frame manipulations completed
INFO:root:2021-08-02-10--05--19 Bounding Box Drawn
INFO:root:2021-08-02-10--05--19 MovingFrameQueue Appended
INFO:root:2021-08-02-10--05--19 anomallyFrameTracker resetted to 200
INFO:root:2021-08-02-10--05--19 Colour Conversion Completed
INFO:root:2021-08-02-10--05--19 Sleep Check Completed
INFO:root:2021-08-02-10--05--19 Frame manipulations completed
INFO:root:2021-08-02-10--05--19 Bounding Box Drawn
INFO:root:2021-08-02-10--05--19 MovingFrameQueue Popped
INFO:root:2021-08-02-10--05--19 anomallyFrameTracker resetted to 200
INFO:root:2021-08-02-10--05--19 Colour Conversion Completed
INFO:root:2021-08-02-10--05--19 Sleep Check Completed
INFO:root:2021-08-02-10--05--19 Frame manipulations completed
INFO:root:2021-08-02-10--05--19 Bounding Box Drawn
INFO:root:2021-08-02-10--05--19 MovingFrameQueue Appended
INFO:root:2021-08-02-10--05--19 anomallyFrameTracker resetted to 200
INFO:root:2021-08-02-10--05--19 Colour Conversion Completed
INFO:root:2021-08-02-10--05--20 Sleep Check Completed
INFO:root:2021-08-02-10--05--20 Frame manipulations completed
INFO:root:2021-08-02-10--05--20 Bounding Box Drawn
INFO:root:2021-08-02-10--05--20 MovingFrameQueue Popped
INFO:root:2021-08-02-10--05--20 anomallyFrameTracker resetted to 200
INFO:root:2021-08-02-10--05--20 Colour Conversion Completed
INFO:root:2021-08-02-10--05--20 Sleep Check Completed
INFO:root:2021-08-02-10--05--20 Frame manipulations completed
INFO:root:2021-08-02-10--05--20 Bounding Box Drawn
INFO:root:2021-08-02-10--05--21 MovingFrameQueue Appended
INFO:root:2021-08-02-10--05--21 anomallyFrameTracker resetted to 200
INFO:root:2021-08-02-10--05--21 Colour Conversion Completed
INFO:root:2021-08-02-10--05--21 Sleep Check Completed
INFO:root:2021-08-02-10--05--21 Frame manipulations completed
INFO:root:2021-08-02-10--05--21 Bounding Box Drawn
INFO:root:2021-08-02-10--05--22 MovingFrameQueue Popped
INFO:root:2021-08-02-10--05--22 anomallyFrameTracker resetted to 200
INFO:root:2021-08-02-10--05--22 Colour Conversion Completed
INFO:root:2021-08-02-10--05--22 Sleep Check Completed
INFO:root:2021-08-02-10--05--22 Frame manipulations completed
INFO:root:2021-08-02-10--05--22 Bounding Box Drawn
INFO:root:2021-08-02-10--05--22 MovingFrameQueue Appended
INFO:root:2021-08-02-10--05--22 anomallyFrameTracker resetted to 200
INFO:root:2021-08-02-10--05--22 Colour Conversion Completed
INFO:root:2021-08-02-10--05--22 Sleep Check Completed
INFO:root:2021-08-02-10--05--22 Frame manipulations completed
INFO:root:2021-08-02-10--05--22 Bounding Box Drawn
INFO:root:2021-08-02-10--05--22 MovingFrameQueue Popped
INFO:root:2021-08-02-10--05--22 anomallyFrameTracker resetted to 200
INFO:root:2021-08-02-10--05--22 Colour Conversion Completed
INFO:root:2021-08-02-10--05--22 Sleep Check Completed
INFO:root:2021-08-02-10--05--22 Frame manipulations completed
INFO:root:2021-08-02-10--05--22 Bounding Box Drawn
INFO:root:2021-08-02-10--05--23 MovingFrameQueue Appended
INFO:root:2021-08-02-10--05--23 anomallyFrameTracker resetted to 200
INFO:root:2021-08-02-10--05--23 Colour Conversion Completed
INFO:root:2021-08-02-10--05--23 Sleep Check Completed
INFO:root:2021-08-02-10--05--23 Frame manipulations completed
INFO:root:2021-08-02-10--05--23 Bounding Box Drawn
INFO:root:2021-08-02-10--05--24 MovingFrameQueue Popped
INFO:root:2021-08-02-10--05--24 anomallyFrameTracker resetted to 200
INFO:root:2021-08-02-10--05--24 Colour Conversion Completed
INFO:root:2021-08-02-10--05--24 Sleep Check Completed
INFO:root:2021-08-02-10--05--24 Frame manipulations completed
INFO:root:2021-08-02-10--05--24 Bounding Box Drawn
INFO:root:2021-08-02-10--05--24 MovingFrameQueue Appended
INFO:root:2021-08-02-10--05--24 anomallyFrameTracker resetted to 200
INFO:root:2021-08-02-10--05--24 Colour Conversion Completed
INFO:root:2021-08-02-10--05--24 Sleep Check Completed
INFO:root:2021-08-02-10--05--24 Frame manipulations completed
INFO:root:2021-08-02-10--05--24 Bounding Box Drawn
INFO:root:2021-08-02-10--05--24 MovingFrameQueue Popped
INFO:root:2021-08-02-10--05--24 anomallyFrameTracker resetted to 200
INFO:root:2021-08-02-10--05--24 Colour Conversion Completed
INFO:root:2021-08-02-10--05--24 Sleep Check Completed
INFO:root:2021-08-02-10--05--24 Frame manipulations completed
INFO:root:2021-08-02-10--05--24 Bounding Box Drawn
INFO:root:2021-08-02-10--05--24 MovingFrameQueue Appended
INFO:root:2021-08-02-10--05--24 anomallyFrameTracker resetted to 200
INFO:root:2021-08-02-10--05--24 Colour Conversion Completed
INFO:root:2021-08-02-10--05--24 Sleep Check Completed
INFO:root:2021-08-02-10--05--24 Frame manipulations completed
INFO:root:2021-08-02-10--05--24 Bounding Box Drawn
INFO:root:2021-08-02-10--05--24 MovingFrameQueue Popped
INFO:root:2021-08-02-10--05--24 anomallyFrameTracker resetted to 200
INFO:root:2021-08-02-10--05--24 Colour Conversion Completed
INFO:root:2021-08-02-10--05--24 Sleep Check Completed
INFO:root:2021-08-02-10--05--24 Frame manipulations completed
INFO:root:2021-08-02-10--05--24 Bounding Box Drawn
INFO:root:2021-08-02-10--05--24 MovingFrameQueue Appended
INFO:root:2021-08-02-10--05--24 anomallyFrameTracker resetted to 200
INFO:root:2021-08-02-10--05--24 Colour Conversion Completed
INFO:root:2021-08-02-10--05--24 Sleep Check Completed
INFO:root:2021-08-02-10--05--24 Frame manipulations completed
INFO:root:2021-08-02-10--05--24 Bounding Box Drawn
INFO:root:2021-08-02-10--05--24 MovingFrameQueue Popped
INFO:root:2021-08-02-10--05--24 anomallyFrameTracker resetted to 200
INFO:root:2021-08-02-10--05--24 Colour Conversion Completed
INFO:root:2021-08-02-10--05--24 Sleep Check Completed
INFO:root:2021-08-02-10--05--24 Frame manipulations completed
INFO:root:2021-08-02-10--05--24 Bounding Box Drawn
INFO:root:2021-08-02-10--05--25 MovingFrameQueue Appended
INFO:root:2021-08-02-10--05--25 anomallyFrameTracker resetted to 200
INFO:root:2021-08-02-10--05--25 Colour Conversion Completed
INFO:root:2021-08-02-10--05--25 Sleep Check Completed
INFO:root:2021-08-02-10--05--25 Frame manipulations completed
INFO:root:2021-08-02-10--05--25 Bounding Box Drawn
INFO:root:2021-08-02-10--05--25 MovingFrameQueue Popped
INFO:root:2021-08-02-10--05--25 anomallyFrameTracker resetted to 200
INFO:root:2021-08-02-10--05--25 Colour Conversion Completed
INFO:root:2021-08-02-10--05--25 Sleep Check Completed
INFO:root:2021-08-02-10--05--25 Frame manipulations completed
INFO:root:2021-08-02-10--05--25 Bounding Box Drawn
INFO:root:2021-08-02-10--05--25 MovingFrameQueue Appended
INFO:root:2021-08-02-10--05--25 anomallyFrameTracker resetted to 200
INFO:root:2021-08-02-10--05--25 Colour Conversion Completed
INFO:root:2021-08-02-10--05--25 Sleep Check Completed
INFO:root:2021-08-02-10--05--25 Frame manipulations completed
INFO:root:2021-08-02-10--05--25 Bounding Box Drawn
INFO:root:2021-08-02-10--05--25 MovingFrameQueue Popped
INFO:root:2021-08-02-10--05--25 anomallyFrameTracker resetted to 200
INFO:root:2021-08-02-10--05--25 Colour Conversion Completed
INFO:root:2021-08-02-10--05--25 Sleep Check Completed
INFO:root:2021-08-02-10--05--25 Frame manipulations completed
INFO:root:2021-08-02-10--05--25 Bounding Box Drawn
INFO:root:2021-08-02-10--05--25 MovingFrameQueue Appended
INFO:root:2021-08-02-10--05--25 anomallyFrameTracker resetted to 200
INFO:root:2021-08-02-10--05--25 Colour Conversion Completed
INFO:root:2021-08-02-10--05--25 Sleep Check Completed
INFO:root:2021-08-02-10--05--25 Frame manipulations completed
INFO:root:2021-08-02-10--05--25 Bounding Box Drawn
INFO:root:2021-08-02-10--05--25 MovingFrameQueue Popped
INFO:root:2021-08-02-10--05--25 anomallyFrameTracker resetted to 200
INFO:root:2021-08-02-10--05--25 Colour Conversion Completed
INFO:root:2021-08-02-10--05--25 Sleep Check Completed
INFO:root:2021-08-02-10--05--25 Frame manipulations completed
INFO:root:2021-08-02-10--05--25 Bounding Box Drawn
INFO:root:2021-08-02-10--05--25 MovingFrameQueue Appended
INFO:root:2021-08-02-10--05--25 anomallyFrameTracker resetted to 200
INFO:root:2021-08-02-10--05--25 Colour Conversion Completed
INFO:root:2021-08-02-10--05--25 Sleep Check Completed
INFO:root:2021-08-02-10--05--25 Frame manipulations completed
INFO:root:2021-08-02-10--05--25 Bounding Box Drawn
INFO:root:2021-08-02-10--05--26 MovingFrameQueue Popped
INFO:root:2021-08-02-10--05--26 anomallyFrameTracker resetted to 200
INFO:root:2021-08-02-10--05--26 Colour Conversion Completed
INFO:root:2021-08-02-10--05--26 Sleep Check Completed
INFO:root:2021-08-02-10--05--26 Frame manipulations completed
INFO:root:2021-08-02-10--05--26 Bounding Box Drawn
INFO:root:2021-08-02-10--05--26 MovingFrameQueue Appended
INFO:root:2021-08-02-10--05--26 anomallyFrameTracker resetted to 200
INFO:root:2021-08-02-10--05--26 Colour Conversion Completed
INFO:root:2021-08-02-10--05--26 Sleep Check Completed
INFO:root:2021-08-02-10--05--26 Frame manipulations completed
INFO:root:2021-08-02-10--05--26 Bounding Box Drawn
INFO:root:2021-08-02-10--05--26 MovingFrameQueue Popped
INFO:root:2021-08-02-10--05--26 anomallyFrameTracker resetted to 200
INFO:root:2021-08-02-10--05--26 Colour Conversion Completed
INFO:root:2021-08-02-10--05--26 Sleep Check Completed
INFO:root:2021-08-02-10--05--26 Frame manipulations completed
INFO:root:2021-08-02-10--05--26 Bounding Box Drawn
INFO:root:2021-08-02-10--05--26 MovingFrameQueue Appended
INFO:root:2021-08-02-10--05--26 anomallyFrameTracker resetted to 200
INFO:root:2021-08-02-10--05--26 Colour Conversion Completed
INFO:root:2021-08-02-10--05--26 Sleep Check Completed
INFO:root:2021-08-02-10--05--26 Frame manipulations completed
INFO:root:2021-08-02-10--05--26 Bounding Box Drawn
INFO:root:2021-08-02-10--05--26 MovingFrameQueue Popped
INFO:root:2021-08-02-10--05--26 anomallyFrameTracker resetted to 200
INFO:root:2021-08-02-10--05--26 Colour Conversion Completed
INFO:root:2021-08-02-10--05--26 Sleep Check Completed
INFO:root:2021-08-02-10--05--26 Frame manipulations completed
INFO:root:2021-08-02-10--05--26 Bounding Box Drawn
INFO:root:2021-08-02-10--05--26 MovingFrameQueue Appended
INFO:root:2021-08-02-10--05--26 anomallyFrameTracker resetted to 200
INFO:root:2021-08-02-10--05--26 Colour Conversion Completed
INFO:root:2021-08-02-10--05--26 Sleep Check Completed
INFO:root:2021-08-02-10--05--26 Frame manipulations completed
INFO:root:2021-08-02-10--05--26 Bounding Box Drawn
INFO:root:2021-08-02-10--05--26 MovingFrameQueue Popped
INFO:root:2021-08-02-10--05--26 anomallyFrameTracker resetted to 200
INFO:root:2021-08-02-10--05--26 Colour Conversion Completed
INFO:root:2021-08-02-10--05--26 Sleep Check Completed
INFO:root:2021-08-02-10--05--26 Frame manipulations completed
INFO:root:2021-08-02-10--05--26 Bounding Box Drawn
INFO:root:2021-08-02-10--05--27 MovingFrameQueue Appended
INFO:root:2021-08-02-10--05--27 anomallyFrameTracker resetted to 200
INFO:root:2021-08-02-10--05--28 Colour Conversion Completed
INFO:root:2021-08-02-10--05--28 Sleep Check Completed
INFO:root:2021-08-02-10--05--28 Frame manipulations completed
INFO:root:2021-08-02-10--05--28 Bounding Box Drawn
INFO:root:2021-08-02-10--05--28 MovingFrameQueue Popped
INFO:root:2021-08-02-10--05--28 anomallyFrameTracker resetted to 200
INFO:root:2021-08-02-10--05--28 Colour Conversion Completed
INFO:root:2021-08-02-10--05--28 Sleep Check Completed
INFO:root:2021-08-02-10--05--28 Frame manipulations completed
INFO:root:2021-08-02-10--05--28 Bounding Box Drawn
INFO:root:2021-08-02-10--05--28 MovingFrameQueue Appended
INFO:root:2021-08-02-10--05--28 anomallyFrameTracker resetted to 200
INFO:root:2021-08-02-10--05--28 Colour Conversion Completed
INFO:root:2021-08-02-10--05--28 Sleep Check Completed
INFO:root:2021-08-02-10--05--28 Frame manipulations completed
INFO:root:2021-08-02-10--05--28 Bounding Box Drawn
INFO:root:2021-08-02-10--05--28 MovingFrameQueue Popped
INFO:root:2021-08-02-10--05--28 anomallyFrameTracker resetted to 200
INFO:root:2021-08-02-10--05--28 Colour Conversion Completed
INFO:root:2021-08-02-10--05--29 Sleep Check Completed
INFO:root:2021-08-02-10--05--29 Frame manipulations completed
INFO:root:2021-08-02-10--05--29 Bounding Box Drawn
INFO:root:2021-08-02-10--05--29 MovingFrameQueue Appended
INFO:root:2021-08-02-10--05--29 anomallyFrameTracker resetted to 200
INFO:root:2021-08-02-10--05--29 Colour Conversion Completed
INFO:root:2021-08-02-10--05--29 Sleep Check Completed
INFO:root:2021-08-02-10--05--29 Frame manipulations completed
INFO:root:2021-08-02-10--05--29 Bounding Box Drawn
INFO:root:2021-08-02-10--05--29 MovingFrameQueue Popped
INFO:root:2021-08-02-10--05--29 anomallyFrameTracker resetted to 200
INFO:root:2021-08-02-10--05--29 Colour Conversion Completed
INFO:root:2021-08-02-10--05--29 Sleep Check Completed
INFO:root:2021-08-02-10--05--29 Frame manipulations completed
INFO:root:2021-08-02-10--05--29 Bounding Box Drawn
INFO:root:2021-08-02-10--05--29 MovingFrameQueue Appended
INFO:root:2021-08-02-10--05--29 anomallyFrameTracker resetted to 200
INFO:root:2021-08-02-10--05--29 Colour Conversion Completed
INFO:root:2021-08-02-10--05--29 Sleep Check Completed
INFO:root:2021-08-02-10--05--29 Frame manipulations completed
INFO:root:2021-08-02-10--05--29 Bounding Box Drawn
INFO:root:2021-08-02-10--05--29 MovingFrameQueue Popped
INFO:root:2021-08-02-10--05--29 anomallyFrameTracker resetted to 200
INFO:root:2021-08-02-10--05--29 Colour Conversion Completed
INFO:root:2021-08-02-10--05--29 Sleep Check Completed
INFO:root:2021-08-02-10--05--29 Frame manipulations completed
INFO:root:2021-08-02-10--05--29 Bounding Box Drawn
INFO:root:2021-08-02-10--05--29 MovingFrameQueue Appended
INFO:root:2021-08-02-10--05--29 anomallyFrameTracker resetted to 200
INFO:root:2021-08-02-10--05--29 Colour Conversion Completed
INFO:root:2021-08-02-10--05--29 Sleep Check Completed
INFO:root:2021-08-02-10--05--29 Frame manipulations completed
INFO:root:2021-08-02-10--05--29 Bounding Box Drawn
INFO:root:2021-08-02-10--05--29 MovingFrameQueue Popped
INFO:root:2021-08-02-10--05--29 anomallyFrameTracker resetted to 200
INFO:root:2021-08-02-10--05--29 Colour Conversion Completed
INFO:root:2021-08-02-10--05--29 Sleep Check Completed
INFO:root:2021-08-02-10--05--29 Frame manipulations completed
INFO:root:2021-08-02-10--05--29 Bounding Box Drawn
INFO:root:2021-08-02-10--05--29 MovingFrameQueue Appended
INFO:root:2021-08-02-10--05--29 anomallyFrameTracker resetted to 200
INFO:root:2021-08-02-10--05--29 Colour Conversion Completed
INFO:root:2021-08-02-10--05--29 Sleep Check Completed
INFO:root:2021-08-02-10--05--29 Frame manipulations completed
INFO:root:2021-08-02-10--05--29 Bounding Box Drawn
INFO:root:2021-08-02-10--05--30 MovingFrameQueue Popped
INFO:root:2021-08-02-10--05--30 anomallyFrameTracker resetted to 200
INFO:root:2021-08-02-10--05--30 Colour Conversion Completed
INFO:root:2021-08-02-10--05--30 Sleep Check Completed
INFO:root:2021-08-02-10--05--30 Frame manipulations completed
INFO:root:2021-08-02-10--05--30 Bounding Box Drawn
INFO:root:2021-08-02-10--05--30 MovingFrameQueue Appended
INFO:root:2021-08-02-10--05--30 anomallyFrameTracker resetted to 200
INFO:root:2021-08-02-10--05--30 Colour Conversion Completed
INFO:root:2021-08-02-10--05--30 Sleep Check Completed
INFO:root:2021-08-02-10--05--30 Frame manipulations completed
INFO:root:2021-08-02-10--05--30 Bounding Box Drawn
INFO:root:2021-08-02-10--05--30 MovingFrameQueue Popped
INFO:root:2021-08-02-10--05--30 anomallyFrameTracker resetted to 200
INFO:root:2021-08-02-10--05--30 Colour Conversion Completed
INFO:root:2021-08-02-10--05--30 Sleep Check Completed
INFO:root:2021-08-02-10--05--30 Frame manipulations completed
INFO:root:2021-08-02-10--05--30 Bounding Box Drawn
INFO:root:2021-08-02-10--05--30 MovingFrameQueue Appended
INFO:root:2021-08-02-10--05--30 anomallyFrameTracker resetted to 200
INFO:root:2021-08-02-10--05--30 Colour Conversion Completed
INFO:root:2021-08-02-10--05--30 Sleep Check Completed
INFO:root:2021-08-02-10--05--30 Frame manipulations completed
INFO:root:2021-08-02-10--05--30 Bounding Box Drawn
INFO:root:2021-08-02-10--05--30 MovingFrameQueue Popped
INFO:root:2021-08-02-10--05--30 anomallyFrameTracker resetted to 200
INFO:root:2021-08-02-10--05--30 Colour Conversion Completed
INFO:root:2021-08-02-10--05--30 Sleep Check Completed
INFO:root:2021-08-02-10--05--30 Frame manipulations completed
INFO:root:2021-08-02-10--05--30 Bounding Box Drawn
INFO:root:2021-08-02-10--05--30 MovingFrameQueue Appended
INFO:root:2021-08-02-10--05--30 anomallyFrameTracker resetted to 200
INFO:root:2021-08-02-10--05--30 Colour Conversion Completed
INFO:root:2021-08-02-10--05--30 Sleep Check Completed
INFO:root:2021-08-02-10--05--30 Frame manipulations completed
INFO:root:2021-08-02-10--05--30 Bounding Box Drawn
INFO:root:2021-08-02-10--05--30 MovingFrameQueue Popped
INFO:root:2021-08-02-10--05--30 anomallyFrameTracker resetted to 200
INFO:root:2021-08-02-10--05--30 Colour Conversion Completed
INFO:root:2021-08-02-10--05--30 Sleep Check Completed
INFO:root:2021-08-02-10--05--30 Frame manipulations completed
INFO:root:2021-08-02-10--05--30 Bounding Box Drawn
INFO:root:2021-08-02-10--05--30 MovingFrameQueue Appended
INFO:root:2021-08-02-10--05--30 anomallyFrameTracker resetted to 200
INFO:root:2021-08-02-10--05--30 Colour Conversion Completed
INFO:root:2021-08-02-10--05--30 Sleep Check Completed
INFO:root:2021-08-02-10--05--30 Frame manipulations completed
INFO:root:2021-08-02-10--05--30 Bounding Box Drawn
INFO:root:2021-08-02-10--05--31 MovingFrameQueue Popped
INFO:root:2021-08-02-10--05--31 anomallyFrameTracker resetted to 200
INFO:root:2021-08-02-10--05--31 Colour Conversion Completed
INFO:root:2021-08-02-10--05--31 Sleep Check Completed
INFO:root:2021-08-02-10--05--31 Frame manipulations completed
INFO:root:2021-08-02-10--05--31 Bounding Box Drawn
INFO:root:2021-08-02-10--05--31 MovingFrameQueue Appended
INFO:root:2021-08-02-10--05--31 anomallyFrameTracker resetted to 200
INFO:root:2021-08-02-10--05--31 Colour Conversion Completed
INFO:root:2021-08-02-10--05--31 Sleep Check Completed
INFO:root:2021-08-02-10--05--31 Frame manipulations completed
INFO:root:2021-08-02-10--05--31 Bounding Box Drawn
INFO:root:2021-08-02-10--05--31 MovingFrameQueue Popped
INFO:root:2021-08-02-10--05--31 anomallyFrameTracker resetted to 200
INFO:root:2021-08-02-10--05--31 Colour Conversion Completed
INFO:root:2021-08-02-10--05--31 Sleep Check Completed
INFO:root:2021-08-02-10--05--31 Frame manipulations completed
INFO:root:2021-08-02-10--05--31 Bounding Box Drawn
INFO:root:2021-08-02-10--05--31 MovingFrameQueue Appended
INFO:root:2021-08-02-10--05--31 anomallyFrameTracker resetted to 200
INFO:root:2021-08-02-10--05--31 Colour Conversion Completed
INFO:root:2021-08-02-10--05--31 Sleep Check Completed
INFO:root:2021-08-02-10--05--31 Frame manipulations completed
INFO:root:2021-08-02-10--05--31 Bounding Box Drawn
INFO:root:2021-08-02-10--05--31 MovingFrameQueue Popped
INFO:root:2021-08-02-10--05--31 anomallyFrameTracker resetted to 200
INFO:root:2021-08-02-10--05--31 Colour Conversion Completed
INFO:root:2021-08-02-10--05--31 Sleep Check Completed
INFO:root:2021-08-02-10--05--31 Frame manipulations completed
INFO:root:2021-08-02-10--05--31 Bounding Box Drawn
INFO:root:2021-08-02-10--05--31 MovingFrameQueue Appended
INFO:root:2021-08-02-10--05--31 anomallyFrameTracker resetted to 200
INFO:root:2021-08-02-10--05--31 Colour Conversion Completed
INFO:root:2021-08-02-10--05--31 Sleep Check Completed
INFO:root:2021-08-02-10--05--31 Frame manipulations completed
INFO:root:2021-08-02-10--05--31 Bounding Box Drawn
INFO:root:2021-08-02-10--05--31 MovingFrameQueue Popped
INFO:root:2021-08-02-10--05--31 anomallyFrameTracker resetted to 200
INFO:root:2021-08-02-10--05--31 Colour Conversion Completed
INFO:root:2021-08-02-10--05--31 Sleep Check Completed
INFO:root:2021-08-02-10--05--31 Frame manipulations completed
INFO:root:2021-08-02-10--05--31 Bounding Box Drawn
INFO:root:2021-08-02-10--05--31 MovingFrameQueue Appended
INFO:root:2021-08-02-10--05--31 anomallyFrameTracker resetted to 200
INFO:root:2021-08-02-10--05--31 Colour Conversion Completed
INFO:root:2021-08-02-10--05--31 Sleep Check Completed
INFO:root:2021-08-02-10--05--31 Frame manipulations completed
INFO:root:2021-08-02-10--05--31 Bounding Box Drawn
INFO:root:2021-08-02-10--05--31 MovingFrameQueue Popped
INFO:root:2021-08-02-10--05--31 anomallyFrameTracker resetted to 200
INFO:root:2021-08-02-10--05--31 Colour Conversion Completed
INFO:root:2021-08-02-10--05--31 Sleep Check Completed
INFO:root:2021-08-02-10--05--31 Frame manipulations completed
INFO:root:2021-08-02-10--05--31 Bounding Box Drawn
INFO:root:2021-08-02-10--05--32 MovingFrameQueue Appended
INFO:root:2021-08-02-10--05--32 anomallyFrameTracker resetted to 200
INFO:root:2021-08-02-10--05--32 Colour Conversion Completed
INFO:root:2021-08-02-10--05--32 Sleep Check Completed
INFO:root:2021-08-02-10--05--32 Frame manipulations completed
INFO:root:2021-08-02-10--05--32 Bounding Box Drawn
INFO:root:2021-08-02-10--05--32 MovingFrameQueue Popped
INFO:root:2021-08-02-10--05--32 anomallyFrameTracker resetted to 200
INFO:root:2021-08-02-10--05--32 Colour Conversion Completed
INFO:root:2021-08-02-10--05--32 Sleep Check Completed
INFO:root:2021-08-02-10--05--32 Frame manipulations completed
INFO:root:2021-08-02-10--05--32 Bounding Box Drawn
INFO:root:2021-08-02-10--05--32 MovingFrameQueue Appended
INFO:root:2021-08-02-10--05--32 anomallyFrameTracker resetted to 200
INFO:root:2021-08-02-10--05--32 Colour Conversion Completed
INFO:root:2021-08-02-10--05--32 Sleep Check Completed
INFO:root:2021-08-02-10--05--32 Frame manipulations completed
INFO:root:2021-08-02-10--05--32 Bounding Box Drawn
INFO:root:2021-08-02-10--05--32 MovingFrameQueue Popped
INFO:root:2021-08-02-10--05--32 anomallyFrameTracker resetted to 200
INFO:root:2021-08-02-10--05--32 Colour Conversion Completed
INFO:root:2021-08-02-10--05--32 Sleep Check Completed
INFO:root:2021-08-02-10--05--32 Frame manipulations completed
INFO:root:2021-08-02-10--05--32 Bounding Box Drawn
INFO:root:2021-08-02-10--05--32 MovingFrameQueue Appended
INFO:root:2021-08-02-10--05--32 anomallyFrameTracker resetted to 200
INFO:root:2021-08-02-10--05--32 Colour Conversion Completed
INFO:root:2021-08-02-10--05--32 Sleep Check Completed
INFO:root:2021-08-02-10--05--32 Frame manipulations completed
INFO:root:2021-08-02-10--05--32 Bounding Box Drawn
INFO:root:2021-08-02-10--05--32 MovingFrameQueue Popped
INFO:root:2021-08-02-10--05--32 anomallyFrameTracker resetted to 200
INFO:root:2021-08-02-10--05--32 Colour Conversion Completed
INFO:root:2021-08-02-10--05--32 Sleep Check Completed
INFO:root:2021-08-02-10--05--32 Frame manipulations completed
INFO:root:2021-08-02-10--05--32 Bounding Box Drawn
INFO:root:2021-08-02-10--05--32[INFO] elapsed time: 27.41
INFO:root:2021-08-02-10--05--32[INFO] approx. FPS: 4.16
