INFO:root:2021-08-02-12--06--13 Parameter Generation Success
INFO:root:2021-08-02-12--06--13 Colour Conversion Completed
INFO:root:2021-08-02-12--06--13 Sleep Check Completed
INFO:root:2021-08-02-12--06--13 Frame manipulations completed
INFO:root:2021-08-02-12--06--13 Bounding Box Drawn
INFO:root:2021-08-02-12--06--19 MovingFrameQueue Appended
INFO:root:2021-08-02-12--06--19 Colour Conversion Completed
INFO:root:2021-08-02-12--06--19 Sleep Check Completed
INFO:root:2021-08-02-12--06--19 Frame manipulations completed
INFO:root:2021-08-02-12--06--19 Bounding Box Drawn
INFO:root:2021-08-02-12--06--19 MovingFrameQueue Appended
INFO:root:2021-08-02-12--06--19 Colour Conversion Completed
INFO:root:2021-08-02-12--06--19 Sleep Check Completed
INFO:root:2021-08-02-12--06--19 Frame manipulations completed
INFO:root:2021-08-02-12--06--19 Bounding Box Drawn
INFO:root:2021-08-02-12--06--19 MovingFrameQueue Appended
INFO:root:2021-08-02-12--06--19 Colour Conversion Completed
INFO:root:2021-08-02-12--06--19 Sleep Check Completed
INFO:root:2021-08-02-12--06--19 Frame manipulations completed
INFO:root:2021-08-02-12--06--19 Bounding Box Drawn
INFO:root:2021-08-02-12--06--19 MovingFrameQueue Appended
INFO:root:2021-08-02-12--06--19 Colour Conversion Completed
INFO:root:2021-08-02-12--06--19 Sleep Check Completed
INFO:root:2021-08-02-12--06--19 Frame manipulations completed
INFO:root:2021-08-02-12--06--19 Bounding Box Drawn
INFO:root:2021-08-02-12--06--19 MovingFrameQueue Appended
INFO:root:2021-08-02-12--06--19 Colour Conversion Completed
INFO:root:2021-08-02-12--06--19 Sleep Check Completed
INFO:root:2021-08-02-12--06--19 Frame manipulations completed
INFO:root:2021-08-02-12--06--19 Bounding Box Drawn
INFO:root:2021-08-02-12--06--19 MovingFrameQueue Appended
INFO:root:2021-08-02-12--06--19 Colour Conversion Completed
INFO:root:2021-08-02-12--06--19 Sleep Check Completed
INFO:root:2021-08-02-12--06--19 Frame manipulations completed
INFO:root:2021-08-02-12--06--19 Bounding Box Drawn
INFO:root:2021-08-02-12--06--19 MovingFrameQueue Appended
INFO:root:2021-08-02-12--06--20 Colour Conversion Completed
INFO:root:2021-08-02-12--06--20 Sleep Check Completed
INFO:root:2021-08-02-12--06--20 Frame manipulations completed
INFO:root:2021-08-02-12--06--20 Bounding Box Drawn
INFO:root:2021-08-02-12--06--20 MovingFrameQueue Appended
INFO:root:2021-08-02-12--06--20 Colour Conversion Completed
INFO:root:2021-08-02-12--06--20 Sleep Check Completed
INFO:root:2021-08-02-12--06--20 Frame manipulations completed
INFO:root:2021-08-02-12--06--20 Bounding Box Drawn
INFO:root:2021-08-02-12--06--20 MovingFrameQueue Appended
INFO:root:2021-08-02-12--06--20 Colour Conversion Completed
INFO:root:2021-08-02-12--06--20 Sleep Check Completed
INFO:root:2021-08-02-12--06--20 Frame manipulations completed
INFO:root:2021-08-02-12--06--20 Bounding Box Drawn
INFO:root:2021-08-02-12--06--20 MovingFrameQueue Appended
INFO:root:2021-08-02-12--06--20 Colour Conversion Completed
INFO:root:2021-08-02-12--06--20 Sleep Check Completed
INFO:root:2021-08-02-12--06--20 Frame manipulations completed
INFO:root:2021-08-02-12--06--20 Bounding Box Drawn
INFO:root:2021-08-02-12--06--20 MovingFrameQueue Appended
INFO:root:2021-08-02-12--06--20 Colour Conversion Completed
INFO:root:2021-08-02-12--06--20 Sleep Check Completed
INFO:root:2021-08-02-12--06--20 Frame manipulations completed
INFO:root:2021-08-02-12--06--20 Bounding Box Drawn
INFO:root:2021-08-02-12--06--21 MovingFrameQueue Appended
INFO:root:2021-08-02-12--06--21 Colour Conversion Completed
INFO:root:2021-08-02-12--06--21 Sleep Check Completed
INFO:root:2021-08-02-12--06--21 Frame manipulations completed
INFO:root:2021-08-02-12--06--21 Bounding Box Drawn
INFO:root:2021-08-02-12--06--21 MovingFrameQueue Appended
INFO:root:2021-08-02-12--06--21 Colour Conversion Completed
INFO:root:2021-08-02-12--06--21 Sleep Check Completed
INFO:root:2021-08-02-12--06--21 Frame manipulations completed
INFO:root:2021-08-02-12--06--21 Bounding Box Drawn
INFO:root:2021-08-02-12--06--21 MovingFrameQueue Appended
INFO:root:2021-08-02-12--06--21 Colour Conversion Completed
INFO:root:2021-08-02-12--06--21 Sleep Check Completed
INFO:root:2021-08-02-12--06--21 Frame manipulations completed
INFO:root:2021-08-02-12--06--21 Bounding Box Drawn
INFO:root:2021-08-02-12--06--21 MovingFrameQueue Appended
INFO:root:2021-08-02-12--06--21 Colour Conversion Completed
INFO:root:2021-08-02-12--06--21 Sleep Check Completed
INFO:root:2021-08-02-12--06--21 Frame manipulations completed
INFO:root:2021-08-02-12--06--21 Bounding Box Drawn
INFO:root:2021-08-02-12--06--21 MovingFrameQueue Appended
INFO:root:2021-08-02-12--06--21 Colour Conversion Completed
INFO:root:2021-08-02-12--06--21 Sleep Check Completed
INFO:root:2021-08-02-12--06--21 Frame manipulations completed
INFO:root:2021-08-02-12--06--21 Bounding Box Drawn
INFO:root:2021-08-02-12--06--22 MovingFrameQueue Appended
INFO:root:2021-08-02-12--06--22 Anomally Detected, starting call for more frames
INFO:root:2021-08-02-12--06--22 anomallyFrameTracker resetted to 50
INFO:root:2021-08-02-12--06--22 Colour Conversion Completed
INFO:root:2021-08-02-12--06--22 Sleep Check Completed
INFO:root:2021-08-02-12--06--22 Frame manipulations completed
INFO:root:2021-08-02-12--06--22 Bounding Box Drawn
INFO:root:2021-08-02-12--06--22 MovingFrameQueue Appended
INFO:root:2021-08-02-12--06--22 Anomally Detected, starting call for more frames
INFO:root:2021-08-02-12--06--22 Colour Conversion Completed
INFO:root:2021-08-02-12--06--22 Sleep Check Completed
INFO:root:2021-08-02-12--06--22 Frame manipulations completed
INFO:root:2021-08-02-12--06--22 Bounding Box Drawn
INFO:root:2021-08-02-12--06--22 MovingFrameQueue Appended
INFO:root:2021-08-02-12--06--22 Anomally Detected, starting call for more frames
INFO:root:2021-08-02-12--06--22 Colour Conversion Completed
INFO:root:2021-08-02-12--06--22 Sleep Check Completed
INFO:root:2021-08-02-12--06--22 Frame manipulations completed
INFO:root:2021-08-02-12--06--22 Bounding Box Drawn
INFO:root:2021-08-02-12--06--22 MovingFrameQueue Appended
INFO:root:2021-08-02-12--06--22 Anomally Detected, starting call for more frames
INFO:root:2021-08-02-12--06--22 Colour Conversion Completed
INFO:root:2021-08-02-12--06--22 Sleep Check Completed
INFO:root:2021-08-02-12--06--22 Frame manipulations completed
INFO:root:2021-08-02-12--06--22 Bounding Box Drawn
INFO:root:2021-08-02-12--06--22 MovingFrameQueue Appended
INFO:root:2021-08-02-12--06--22 Anomally Detected, starting call for more frames
INFO:root:2021-08-02-12--06--22 Colour Conversion Completed
INFO:root:2021-08-02-12--06--22 Sleep Check Completed
INFO:root:2021-08-02-12--06--22 Frame manipulations completed
INFO:root:2021-08-02-12--06--22 Bounding Box Drawn
INFO:root:2021-08-02-12--06--22 MovingFrameQueue Appended
INFO:root:2021-08-02-12--06--22 Anomally Detected, starting call for more frames
INFO:root:2021-08-02-12--06--22 Colour Conversion Completed
INFO:root:2021-08-02-12--06--22 Sleep Check Completed
INFO:root:2021-08-02-12--06--22 Frame manipulations completed
INFO:root:2021-08-02-12--06--22 Bounding Box Drawn
INFO:root:2021-08-02-12--06--23 MovingFrameQueue Appended
INFO:root:2021-08-02-12--06--23 Anomally Detected, starting call for more frames
INFO:root:2021-08-02-12--06--23 Colour Conversion Completed
INFO:root:2021-08-02-12--06--23 Sleep Check Completed
INFO:root:2021-08-02-12--06--23 Frame manipulations completed
INFO:root:2021-08-02-12--06--23 Bounding Box Drawn
INFO:root:2021-08-02-12--06--23 MovingFrameQueue Appended
INFO:root:2021-08-02-12--06--23 Anomally Detected, starting call for more frames
INFO:root:2021-08-02-12--06--23 Colour Conversion Completed
INFO:root:2021-08-02-12--06--23 Sleep Check Completed
INFO:root:2021-08-02-12--06--23 Frame manipulations completed
INFO:root:2021-08-02-12--06--23 Bounding Box Drawn
INFO:root:2021-08-02-12--06--23 MovingFrameQueue Appended
INFO:root:2021-08-02-12--06--23 Colour Conversion Completed
INFO:root:2021-08-02-12--06--23 Sleep Check Completed
INFO:root:2021-08-02-12--06--23 Frame manipulations completed
INFO:root:2021-08-02-12--06--23 Bounding Box Drawn
INFO:root:2021-08-02-12--06--23 MovingFrameQueue Appended
INFO:root:2021-08-02-12--06--23 Colour Conversion Completed
INFO:root:2021-08-02-12--06--23 Sleep Check Completed
INFO:root:2021-08-02-12--06--23 Frame manipulations completed
INFO:root:2021-08-02-12--06--23 Bounding Box Drawn
INFO:root:2021-08-02-12--06--23 MovingFrameQueue Appended
INFO:root:2021-08-02-12--06--23 Colour Conversion Completed
INFO:root:2021-08-02-12--06--23 Sleep Check Completed
INFO:root:2021-08-02-12--06--23 Frame manipulations completed
INFO:root:2021-08-02-12--06--23 Bounding Box Drawn
INFO:root:2021-08-02-12--06--24 MovingFrameQueue Appended
INFO:root:2021-08-02-12--06--24 Colour Conversion Completed
INFO:root:2021-08-02-12--06--24 Sleep Check Completed
INFO:root:2021-08-02-12--06--24 Frame manipulations completed
INFO:root:2021-08-02-12--06--24 Bounding Box Drawn
INFO:root:2021-08-02-12--06--24 MovingFrameQueue Appended
INFO:root:2021-08-02-12--06--24 Colour Conversion Completed
INFO:root:2021-08-02-12--06--24 Sleep Check Completed
INFO:root:2021-08-02-12--06--24 Frame manipulations completed
INFO:root:2021-08-02-12--06--24 Bounding Box Drawn
INFO:root:2021-08-02-12--06--24 MovingFrameQueue Appended
INFO:root:2021-08-02-12--06--24 Colour Conversion Completed
INFO:root:2021-08-02-12--06--24 Sleep Check Completed
INFO:root:2021-08-02-12--06--24 Frame manipulations completed
INFO:root:2021-08-02-12--06--24 Bounding Box Drawn
INFO:root:2021-08-02-12--06--24 MovingFrameQueue Appended
INFO:root:2021-08-02-12--06--24 Colour Conversion Completed
INFO:root:2021-08-02-12--06--24 Sleep Check Completed
INFO:root:2021-08-02-12--06--24 Frame manipulations completed
INFO:root:2021-08-02-12--06--24 Bounding Box Drawn
INFO:root:2021-08-02-12--06--24 MovingFrameQueue Appended
INFO:root:2021-08-02-12--06--24 Colour Conversion Completed
INFO:root:2021-08-02-12--06--24 Sleep Check Completed
INFO:root:2021-08-02-12--06--24 Frame manipulations completed
INFO:root:2021-08-02-12--06--24 Bounding Box Drawn
INFO:root:2021-08-02-12--06--24 MovingFrameQueue Appended
INFO:root:2021-08-02-12--06--24 Colour Conversion Completed
INFO:root:2021-08-02-12--06--24 Sleep Check Completed
INFO:root:2021-08-02-12--06--24 Frame manipulations completed
INFO:root:2021-08-02-12--06--24 Bounding Box Drawn
INFO:root:2021-08-02-12--06--25 MovingFrameQueue Appended
INFO:root:2021-08-02-12--06--25 Colour Conversion Completed
INFO:root:2021-08-02-12--06--25 Sleep Check Completed
INFO:root:2021-08-02-12--06--25 Frame manipulations completed
INFO:root:2021-08-02-12--06--25 Bounding Box Drawn
INFO:root:2021-08-02-12--06--25 MovingFrameQueue Appended
INFO:root:2021-08-02-12--06--25 Colour Conversion Completed
INFO:root:2021-08-02-12--06--25 Sleep Check Completed
INFO:root:2021-08-02-12--06--25 Frame manipulations completed
INFO:root:2021-08-02-12--06--25 Bounding Box Drawn
INFO:root:2021-08-02-12--06--25 MovingFrameQueue Appended
INFO:root:2021-08-02-12--06--25 Colour Conversion Completed
INFO:root:2021-08-02-12--06--25 Sleep Check Completed
INFO:root:2021-08-02-12--06--25 Frame manipulations completed
INFO:root:2021-08-02-12--06--25 Bounding Box Drawn
INFO:root:2021-08-02-12--06--25 MovingFrameQueue Appended
INFO:root:2021-08-02-12--06--25 Colour Conversion Completed
INFO:root:2021-08-02-12--06--25 Sleep Check Completed
INFO:root:2021-08-02-12--06--25 Frame manipulations completed
INFO:root:2021-08-02-12--06--25 Bounding Box Drawn
INFO:root:2021-08-02-12--06--25 MovingFrameQueue Appended
INFO:root:2021-08-02-12--06--25 Colour Conversion Completed
INFO:root:2021-08-02-12--06--25 Sleep Check Completed
INFO:root:2021-08-02-12--06--25 Frame manipulations completed
INFO:root:2021-08-02-12--06--25 Bounding Box Drawn
INFO:root:2021-08-02-12--06--26 MovingFrameQueue Appended
INFO:root:2021-08-02-12--06--26 Colour Conversion Completed
INFO:root:2021-08-02-12--06--26 Sleep Check Completed
INFO:root:2021-08-02-12--06--26 Frame manipulations completed
INFO:root:2021-08-02-12--06--26 Bounding Box Drawn
INFO:root:2021-08-02-12--06--26[INFO] elapsed time: 12.47
INFO:root:2021-08-02-12--06--26[INFO] approx. FPS: 3.13
INFO:root:2021-08-02-12--06--26 Getting Auth Token Success
INFO:root:2021-08-02-12--06--27 Anomalous Detection Video Upload Completed
INFO:root:2021-08-02-12--06--27 Getting Auth Token Success
INFO:root:2021-08-02-12--06--27 BedTime Upload Completed
