INFO:root:2021-07-21-11--29--24 Parameter Generation Success
INFO:root:2021-07-21-11--29--24 Colour Conversion Completed
INFO:root:2021-07-21-11--29--24 Sleep Check Completed
INFO:root:2021-07-21-11--29--24 Frame manipulations completed
INFO:root:2021-07-21-11--29--24 Bounding Box Drawn
INFO:root:2021-07-21-11--29--29 MovingFrameQueue Appended
INFO:root:2021-07-21-11--29--29 anomallyFrameTracker resetted to 200
INFO:root:2021-07-21-11--29--29 Colour Conversion Completed
INFO:root:2021-07-21-11--29--29 Sleep Check Completed
INFO:root:2021-07-21-11--29--29 Frame manipulations completed
INFO:root:2021-07-21-11--29--29 Bounding Box Drawn
INFO:root:2021-07-21-11--29--29 MovingFrameQueue Appended
INFO:root:2021-07-21-11--29--29 anomallyFrameTracker resetted to 200
INFO:root:2021-07-21-11--29--29 Colour Conversion Completed
INFO:root:2021-07-21-11--29--29 Sleep Check Completed
INFO:root:2021-07-21-11--29--29 Frame manipulations completed
INFO:root:2021-07-21-11--29--29 Bounding Box Drawn
INFO:root:2021-07-21-11--29--29 MovingFrameQueue Appended
INFO:root:2021-07-21-11--29--29 anomallyFrameTracker resetted to 200
INFO:root:2021-07-21-11--29--29 Colour Conversion Completed
INFO:root:2021-07-21-11--29--29 Sleep Check Completed
INFO:root:2021-07-21-11--29--29 Frame manipulations completed
INFO:root:2021-07-21-11--29--29 Bounding Box Drawn
INFO:root:2021-07-21-11--29--29 MovingFrameQueue Appended
INFO:root:2021-07-21-11--29--29 anomallyFrameTracker resetted to 200
INFO:root:2021-07-21-11--29--30 Colour Conversion Completed
INFO:root:2021-07-21-11--29--30 Sleep Check Completed
INFO:root:2021-07-21-11--29--30 Frame manipulations completed
INFO:root:2021-07-21-11--29--30 Bounding Box Drawn
INFO:root:2021-07-21-11--29--30 MovingFrameQueue Appended
INFO:root:2021-07-21-11--29--30 anomallyFrameTracker resetted to 200
INFO:root:2021-07-21-11--29--30 Colour Conversion Completed
INFO:root:2021-07-21-11--29--30 Sleep Check Completed
INFO:root:2021-07-21-11--29--30 Frame manipulations completed
INFO:root:2021-07-21-11--29--30 Bounding Box Drawn
INFO:root:2021-07-21-11--29--30 MovingFrameQueue Appended
INFO:root:2021-07-21-11--29--30 anomallyFrameTracker resetted to 200
INFO:root:2021-07-21-11--29--30 Colour Conversion Completed
INFO:root:2021-07-21-11--29--30 Sleep Check Completed
INFO:root:2021-07-21-11--29--30 Frame manipulations completed
INFO:root:2021-07-21-11--29--30 Bounding Box Drawn
INFO:root:2021-07-21-11--29--30 MovingFrameQueue Appended
INFO:root:2021-07-21-11--29--30 anomallyFrameTracker resetted to 200
INFO:root:2021-07-21-11--29--30 Colour Conversion Completed
INFO:root:2021-07-21-11--29--30 Sleep Check Completed
INFO:root:2021-07-21-11--29--30 Frame manipulations completed
INFO:root:2021-07-21-11--29--30 Bounding Box Drawn
INFO:root:2021-07-21-11--29--30 MovingFrameQueue Appended
INFO:root:2021-07-21-11--29--30 anomallyFrameTracker resetted to 200
INFO:root:2021-07-21-11--29--30 Colour Conversion Completed
INFO:root:2021-07-21-11--29--30 Sleep Check Completed
INFO:root:2021-07-21-11--29--30 Frame manipulations completed
INFO:root:2021-07-21-11--29--30 Bounding Box Drawn
INFO:root:2021-07-21-11--29--30 MovingFrameQueue Appended
INFO:root:2021-07-21-11--29--30 anomallyFrameTracker resetted to 200
INFO:root:2021-07-21-11--29--30 Colour Conversion Completed
INFO:root:2021-07-21-11--29--30 Sleep Check Completed
INFO:root:2021-07-21-11--29--30 Frame manipulations completed
INFO:root:2021-07-21-11--29--30 Bounding Box Drawn
INFO:root:2021-07-21-11--29--30 MovingFrameQueue Appended
INFO:root:2021-07-21-11--29--30 anomallyFrameTracker resetted to 200
INFO:root:2021-07-21-11--29--30 Colour Conversion Completed
INFO:root:2021-07-21-11--29--30 Sleep Check Completed
INFO:root:2021-07-21-11--29--30 Frame manipulations completed
INFO:root:2021-07-21-11--29--30 Bounding Box Drawn
INFO:root:2021-07-21-11--29--31 MovingFrameQueue Appended
INFO:root:2021-07-21-11--29--31 anomallyFrameTracker resetted to 200
INFO:root:2021-07-21-11--29--31 Colour Conversion Completed
INFO:root:2021-07-21-11--29--31 Sleep Check Completed
INFO:root:2021-07-21-11--29--31 Frame manipulations completed
INFO:root:2021-07-21-11--29--31 Bounding Box Drawn
INFO:root:2021-07-21-11--29--31 MovingFrameQueue Appended
INFO:root:2021-07-21-11--29--31 anomallyFrameTracker resetted to 200
INFO:root:2021-07-21-11--29--31 Colour Conversion Completed
INFO:root:2021-07-21-11--29--31 Sleep Check Completed
INFO:root:2021-07-21-11--29--31 Frame manipulations completed
INFO:root:2021-07-21-11--29--31 Bounding Box Drawn
INFO:root:2021-07-21-11--29--31 MovingFrameQueue Appended
INFO:root:2021-07-21-11--29--31 anomallyFrameTracker resetted to 200
INFO:root:2021-07-21-11--29--31 Colour Conversion Completed
INFO:root:2021-07-21-11--29--31 Sleep Check Completed
INFO:root:2021-07-21-11--29--31 Frame manipulations completed
INFO:root:2021-07-21-11--29--31 Bounding Box Drawn
INFO:root:2021-07-21-11--29--31 MovingFrameQueue Appended
INFO:root:2021-07-21-11--29--31 anomallyFrameTracker resetted to 200
INFO:root:2021-07-21-11--29--31 Colour Conversion Completed
INFO:root:2021-07-21-11--29--31 Sleep Check Completed
INFO:root:2021-07-21-11--29--31 Frame manipulations completed
INFO:root:2021-07-21-11--29--31 Bounding Box Drawn
INFO:root:2021-07-21-11--29--31 MovingFrameQueue Appended
INFO:root:2021-07-21-11--29--31 anomallyFrameTracker resetted to 200
INFO:root:2021-07-21-11--29--31 Colour Conversion Completed
INFO:root:2021-07-21-11--29--31 Sleep Check Completed
INFO:root:2021-07-21-11--29--31 Frame manipulations completed
INFO:root:2021-07-21-11--29--31 Bounding Box Drawn
INFO:root:2021-07-21-11--29--31 MovingFrameQueue Appended
INFO:root:2021-07-21-11--29--31 anomallyFrameTracker resetted to 200
INFO:root:2021-07-21-11--29--31 Colour Conversion Completed
INFO:root:2021-07-21-11--29--31 Sleep Check Completed
INFO:root:2021-07-21-11--29--31 Frame manipulations completed
INFO:root:2021-07-21-11--29--31 Bounding Box Drawn
INFO:root:2021-07-21-11--29--31 MovingFrameQueue Appended
INFO:root:2021-07-21-11--29--31 anomallyFrameTracker resetted to 200
INFO:root:2021-07-21-11--29--31 Colour Conversion Completed
INFO:root:2021-07-21-11--29--31 Sleep Check Completed
INFO:root:2021-07-21-11--29--31 Frame manipulations completed
INFO:root:2021-07-21-11--29--31 Bounding Box Drawn
INFO:root:2021-07-21-11--29--31 MovingFrameQueue Appended
INFO:root:2021-07-21-11--29--31 anomallyFrameTracker resetted to 200
INFO:root:2021-07-21-11--29--31 Colour Conversion Completed
INFO:root:2021-07-21-11--29--31 Sleep Check Completed
INFO:root:2021-07-21-11--29--31 Frame manipulations completed
INFO:root:2021-07-21-11--29--31 Bounding Box Drawn
INFO:root:2021-07-21-11--29--32 MovingFrameQueue Appended
INFO:root:2021-07-21-11--29--32 anomallyFrameTracker resetted to 200
INFO:root:2021-07-21-11--29--32 Colour Conversion Completed
INFO:root:2021-07-21-11--29--32 Sleep Check Completed
INFO:root:2021-07-21-11--29--32 Frame manipulations completed
INFO:root:2021-07-21-11--29--32 Bounding Box Drawn
INFO:root:2021-07-21-11--29--32 MovingFrameQueue Appended
INFO:root:2021-07-21-11--29--32 anomallyFrameTracker resetted to 200
INFO:root:2021-07-21-11--29--32 Colour Conversion Completed
INFO:root:2021-07-21-11--29--32 Sleep Check Completed
INFO:root:2021-07-21-11--29--32 Frame manipulations completed
INFO:root:2021-07-21-11--29--32 Bounding Box Drawn
INFO:root:2021-07-21-11--29--33 MovingFrameQueue Appended
INFO:root:2021-07-21-11--29--33 anomallyFrameTracker resetted to 200
INFO:root:2021-07-21-11--29--33 Colour Conversion Completed
INFO:root:2021-07-21-11--29--33 Sleep Check Completed
INFO:root:2021-07-21-11--29--33 Frame manipulations completed
INFO:root:2021-07-21-11--29--33 Bounding Box Drawn
INFO:root:2021-07-21-11--29--33 MovingFrameQueue Appended
INFO:root:2021-07-21-11--29--33 anomallyFrameTracker resetted to 200
INFO:root:2021-07-21-11--29--33 Colour Conversion Completed
INFO:root:2021-07-21-11--29--33 Sleep Check Completed
INFO:root:2021-07-21-11--29--33 Frame manipulations completed
INFO:root:2021-07-21-11--29--33 Bounding Box Drawn
INFO:root:2021-07-21-11--29--33 MovingFrameQueue Appended
INFO:root:2021-07-21-11--29--33 anomallyFrameTracker resetted to 200
INFO:root:2021-07-21-11--29--33 Colour Conversion Completed
INFO:root:2021-07-21-11--29--33 Sleep Check Completed
INFO:root:2021-07-21-11--29--33 Frame manipulations completed
INFO:root:2021-07-21-11--29--33 Bounding Box Drawn
INFO:root:2021-07-21-11--29--33 MovingFrameQueue Appended
INFO:root:2021-07-21-11--29--33 anomallyFrameTracker resetted to 200
INFO:root:2021-07-21-11--29--33 Colour Conversion Completed
INFO:root:2021-07-21-11--29--33 Sleep Check Completed
INFO:root:2021-07-21-11--29--33 Frame manipulations completed
INFO:root:2021-07-21-11--29--33 Bounding Box Drawn
INFO:root:2021-07-21-11--29--33 MovingFrameQueue Appended
INFO:root:2021-07-21-11--29--33 anomallyFrameTracker resetted to 200
INFO:root:2021-07-21-11--29--33 Colour Conversion Completed
INFO:root:2021-07-21-11--29--33 Sleep Check Completed
INFO:root:2021-07-21-11--29--33 Frame manipulations completed
INFO:root:2021-07-21-11--29--33 Bounding Box Drawn
INFO:root:2021-07-21-11--29--33 MovingFrameQueue Appended
INFO:root:2021-07-21-11--29--33 anomallyFrameTracker resetted to 200
INFO:root:2021-07-21-11--29--33 Colour Conversion Completed
INFO:root:2021-07-21-11--29--33 Sleep Check Completed
INFO:root:2021-07-21-11--29--33 Frame manipulations completed
INFO:root:2021-07-21-11--29--33 Bounding Box Drawn
INFO:root:2021-07-21-11--29--33 MovingFrameQueue Appended
INFO:root:2021-07-21-11--29--33 anomallyFrameTracker resetted to 200
INFO:root:2021-07-21-11--29--33 Colour Conversion Completed
INFO:root:2021-07-21-11--29--33 Sleep Check Completed
INFO:root:2021-07-21-11--29--33 Frame manipulations completed
INFO:root:2021-07-21-11--29--33 Bounding Box Drawn
INFO:root:2021-07-21-11--29--33 MovingFrameQueue Appended
INFO:root:2021-07-21-11--29--33 anomallyFrameTracker resetted to 200
INFO:root:2021-07-21-11--29--33 Colour Conversion Completed
INFO:root:2021-07-21-11--29--33 Sleep Check Completed
INFO:root:2021-07-21-11--29--33 Frame manipulations completed
INFO:root:2021-07-21-11--29--33 Bounding Box Drawn
INFO:root:2021-07-21-11--29--33 MovingFrameQueue Appended
INFO:root:2021-07-21-11--29--33 anomallyFrameTracker resetted to 200
INFO:root:2021-07-21-11--29--34 Colour Conversion Completed
INFO:root:2021-07-21-11--29--34 Sleep Check Completed
INFO:root:2021-07-21-11--29--34 Frame manipulations completed
INFO:root:2021-07-21-11--29--34 Bounding Box Drawn
INFO:root:2021-07-21-11--29--34 MovingFrameQueue Appended
INFO:root:2021-07-21-11--29--34 anomallyFrameTracker resetted to 200
INFO:root:2021-07-21-11--29--34 Colour Conversion Completed
INFO:root:2021-07-21-11--29--34 Sleep Check Completed
INFO:root:2021-07-21-11--29--34 Frame manipulations completed
INFO:root:2021-07-21-11--29--34 Bounding Box Drawn
INFO:root:2021-07-21-11--29--34 MovingFrameQueue Appended
INFO:root:2021-07-21-11--29--34 anomallyFrameTracker resetted to 200
INFO:root:2021-07-21-11--29--34 Colour Conversion Completed
INFO:root:2021-07-21-11--29--34 Sleep Check Completed
INFO:root:2021-07-21-11--29--34 Frame manipulations completed
INFO:root:2021-07-21-11--29--34 Bounding Box Drawn
INFO:root:2021-07-21-11--29--34 MovingFrameQueue Appended
INFO:root:2021-07-21-11--29--34 anomallyFrameTracker resetted to 200
INFO:root:2021-07-21-11--29--34 Colour Conversion Completed
INFO:root:2021-07-21-11--29--34 Sleep Check Completed
INFO:root:2021-07-21-11--29--34 Frame manipulations completed
INFO:root:2021-07-21-11--29--34 Bounding Box Drawn
INFO:root:2021-07-21-11--29--34 MovingFrameQueue Appended
INFO:root:2021-07-21-11--29--34 anomallyFrameTracker resetted to 200
INFO:root:2021-07-21-11--29--34 Colour Conversion Completed
INFO:root:2021-07-21-11--29--34 Sleep Check Completed
INFO:root:2021-07-21-11--29--34 Frame manipulations completed
INFO:root:2021-07-21-11--29--34 Bounding Box Drawn
INFO:root:2021-07-21-11--29--34 MovingFrameQueue Appended
INFO:root:2021-07-21-11--29--34 anomallyFrameTracker resetted to 200
INFO:root:2021-07-21-11--29--34 Colour Conversion Completed
INFO:root:2021-07-21-11--29--34 Sleep Check Completed
INFO:root:2021-07-21-11--29--34 Frame manipulations completed
INFO:root:2021-07-21-11--29--34 Bounding Box Drawn
INFO:root:2021-07-21-11--29--34 MovingFrameQueue Appended
INFO:root:2021-07-21-11--29--34 anomallyFrameTracker resetted to 200
INFO:root:2021-07-21-11--29--34 Colour Conversion Completed
INFO:root:2021-07-21-11--29--34 Sleep Check Completed
INFO:root:2021-07-21-11--29--34 Frame manipulations completed
INFO:root:2021-07-21-11--29--34 Bounding Box Drawn
INFO:root:2021-07-21-11--29--34 MovingFrameQueue Appended
INFO:root:2021-07-21-11--29--34 anomallyFrameTracker resetted to 200
INFO:root:2021-07-21-11--29--34 Colour Conversion Completed
INFO:root:2021-07-21-11--29--34 Sleep Check Completed
INFO:root:2021-07-21-11--29--34 Frame manipulations completed
INFO:root:2021-07-21-11--29--34 Bounding Box Drawn
INFO:root:2021-07-21-11--29--34 MovingFrameQueue Appended
INFO:root:2021-07-21-11--29--34 anomallyFrameTracker resetted to 200
INFO:root:2021-07-21-11--29--34 Colour Conversion Completed
INFO:root:2021-07-21-11--29--34 Sleep Check Completed
INFO:root:2021-07-21-11--29--34 Frame manipulations completed
INFO:root:2021-07-21-11--29--34 Bounding Box Drawn
INFO:root:2021-07-21-11--29--35 MovingFrameQueue Appended
INFO:root:2021-07-21-11--29--35 anomallyFrameTracker resetted to 200
INFO:root:2021-07-21-11--29--35 Colour Conversion Completed
INFO:root:2021-07-21-11--29--35 Sleep Check Completed
INFO:root:2021-07-21-11--29--35 Frame manipulations completed
INFO:root:2021-07-21-11--29--35 Bounding Box Drawn
INFO:root:2021-07-21-11--29--35 MovingFrameQueue Appended
INFO:root:2021-07-21-11--29--35 anomallyFrameTracker resetted to 200
INFO:root:2021-07-21-11--29--35 Colour Conversion Completed
INFO:root:2021-07-21-11--29--35 Sleep Check Completed
INFO:root:2021-07-21-11--29--35 Frame manipulations completed
INFO:root:2021-07-21-11--29--35 Bounding Box Drawn
INFO:root:2021-07-21-11--29--35 MovingFrameQueue Appended
INFO:root:2021-07-21-11--29--35 anomallyFrameTracker resetted to 200
INFO:root:2021-07-21-11--29--35 Colour Conversion Completed
INFO:root:2021-07-21-11--29--35 Sleep Check Completed
INFO:root:2021-07-21-11--29--35 Frame manipulations completed
INFO:root:2021-07-21-11--29--35 Bounding Box Drawn
INFO:root:2021-07-21-11--29--35 MovingFrameQueue Appended
INFO:root:2021-07-21-11--29--35 anomallyFrameTracker resetted to 200
INFO:root:2021-07-21-11--29--35 Colour Conversion Completed
INFO:root:2021-07-21-11--29--35 Sleep Check Completed
INFO:root:2021-07-21-11--29--35 Frame manipulations completed
INFO:root:2021-07-21-11--29--35 Bounding Box Drawn
INFO:root:2021-07-21-11--29--35 MovingFrameQueue Appended
INFO:root:2021-07-21-11--29--35 anomallyFrameTracker resetted to 200
INFO:root:2021-07-21-11--29--35 Colour Conversion Completed
INFO:root:2021-07-21-11--29--35 Sleep Check Completed
INFO:root:2021-07-21-11--29--35 Frame manipulations completed
INFO:root:2021-07-21-11--29--35 Bounding Box Drawn
INFO:root:2021-07-21-11--29--35 MovingFrameQueue Appended
INFO:root:2021-07-21-11--29--35 anomallyFrameTracker resetted to 200
INFO:root:2021-07-21-11--29--35 Colour Conversion Completed
INFO:root:2021-07-21-11--29--35 Sleep Check Completed
INFO:root:2021-07-21-11--29--35 Frame manipulations completed
INFO:root:2021-07-21-11--29--35 Bounding Box Drawn
INFO:root:2021-07-21-11--29--35 MovingFrameQueue Appended
INFO:root:2021-07-21-11--29--35 anomallyFrameTracker resetted to 200
INFO:root:2021-07-21-11--29--35 Colour Conversion Completed
INFO:root:2021-07-21-11--29--35 Sleep Check Completed
INFO:root:2021-07-21-11--29--35 Frame manipulations completed
INFO:root:2021-07-21-11--29--35 Bounding Box Drawn
INFO:root:2021-07-21-11--29--35 MovingFrameQueue Appended
INFO:root:2021-07-21-11--29--35 anomallyFrameTracker resetted to 200
INFO:root:2021-07-21-11--29--35 Colour Conversion Completed
INFO:root:2021-07-21-11--29--35 Sleep Check Completed
INFO:root:2021-07-21-11--29--35 Frame manipulations completed
INFO:root:2021-07-21-11--29--35 Bounding Box Drawn
INFO:root:2021-07-21-11--29--36 MovingFrameQueue Appended
INFO:root:2021-07-21-11--29--36 anomallyFrameTracker resetted to 200
INFO:root:2021-07-21-11--29--36 Colour Conversion Completed
INFO:root:2021-07-21-11--29--36 Sleep Check Completed
INFO:root:2021-07-21-11--29--36 Frame manipulations completed
INFO:root:2021-07-21-11--29--36 Bounding Box Drawn
INFO:root:2021-07-21-11--29--36 MovingFrameQueue Appended
INFO:root:2021-07-21-11--29--36 anomallyFrameTracker resetted to 200
INFO:root:2021-07-21-11--29--36 Colour Conversion Completed
INFO:root:2021-07-21-11--29--36 Sleep Check Completed
INFO:root:2021-07-21-11--29--36 Frame manipulations completed
INFO:root:2021-07-21-11--29--36 Bounding Box Drawn
INFO:root:2021-07-21-11--29--36 MovingFrameQueue Appended
INFO:root:2021-07-21-11--29--36 anomallyFrameTracker resetted to 200
INFO:root:2021-07-21-11--29--36 Colour Conversion Completed
INFO:root:2021-07-21-11--29--36 Sleep Check Completed
INFO:root:2021-07-21-11--29--36 Frame manipulations completed
INFO:root:2021-07-21-11--29--36 Bounding Box Drawn
INFO:root:2021-07-21-11--29--36 MovingFrameQueue Appended
INFO:root:2021-07-21-11--29--36 anomallyFrameTracker resetted to 200
INFO:root:2021-07-21-11--29--36 Colour Conversion Completed
INFO:root:2021-07-21-11--29--36 Sleep Check Completed
INFO:root:2021-07-21-11--29--36 Frame manipulations completed
INFO:root:2021-07-21-11--29--36 Bounding Box Drawn
INFO:root:2021-07-21-11--29--36 MovingFrameQueue Appended
INFO:root:2021-07-21-11--29--36 anomallyFrameTracker resetted to 200
INFO:root:2021-07-21-11--29--36 Colour Conversion Completed
INFO:root:2021-07-21-11--29--36 Sleep Check Completed
INFO:root:2021-07-21-11--29--36 Frame manipulations completed
INFO:root:2021-07-21-11--29--36 Bounding Box Drawn
INFO:root:2021-07-21-11--29--36 MovingFrameQueue Appended
INFO:root:2021-07-21-11--29--36 anomallyFrameTracker resetted to 200
INFO:root:2021-07-21-11--29--36 Colour Conversion Completed
INFO:root:2021-07-21-11--29--36 Sleep Check Completed
INFO:root:2021-07-21-11--29--36 Frame manipulations completed
INFO:root:2021-07-21-11--29--36 Bounding Box Drawn
INFO:root:2021-07-21-11--29--37 MovingFrameQueue Popped
INFO:root:2021-07-21-11--29--37 anomallyFrameTracker resetted to 200
INFO:root:2021-07-21-11--29--37 Colour Conversion Completed
INFO:root:2021-07-21-11--29--37 Sleep Check Completed
INFO:root:2021-07-21-11--29--37 Frame manipulations completed
INFO:root:2021-07-21-11--29--37 Bounding Box Drawn
INFO:root:2021-07-21-11--29--37 MovingFrameQueue Appended
INFO:root:2021-07-21-11--29--37 anomallyFrameTracker resetted to 200
INFO:root:2021-07-21-11--29--37 Colour Conversion Completed
INFO:root:2021-07-21-11--29--37 Sleep Check Completed
INFO:root:2021-07-21-11--29--37 Frame manipulations completed
INFO:root:2021-07-21-11--29--37 Bounding Box Drawn
INFO:root:2021-07-21-11--29--37 MovingFrameQueue Popped
INFO:root:2021-07-21-11--29--37 anomallyFrameTracker resetted to 200
INFO:root:2021-07-21-11--29--37 Colour Conversion Completed
INFO:root:2021-07-21-11--29--37 Sleep Check Completed
INFO:root:2021-07-21-11--29--37 Frame manipulations completed
INFO:root:2021-07-21-11--29--37 Bounding Box Drawn
INFO:root:2021-07-21-11--29--37 MovingFrameQueue Appended
INFO:root:2021-07-21-11--29--37 anomallyFrameTracker resetted to 200
INFO:root:2021-07-21-11--29--37 Colour Conversion Completed
INFO:root:2021-07-21-11--29--37 Sleep Check Completed
INFO:root:2021-07-21-11--29--37 Frame manipulations completed
INFO:root:2021-07-21-11--29--37 Bounding Box Drawn
INFO:root:2021-07-21-11--29--37 MovingFrameQueue Popped
INFO:root:2021-07-21-11--29--37 anomallyFrameTracker resetted to 200
INFO:root:2021-07-21-11--29--37 Colour Conversion Completed
INFO:root:2021-07-21-11--29--37 Sleep Check Completed
INFO:root:2021-07-21-11--29--37 Frame manipulations completed
INFO:root:2021-07-21-11--29--37 Bounding Box Drawn
INFO:root:2021-07-21-11--29--37 MovingFrameQueue Appended
INFO:root:2021-07-21-11--29--37 anomallyFrameTracker resetted to 200
INFO:root:2021-07-21-11--29--37 Colour Conversion Completed
INFO:root:2021-07-21-11--29--37 Sleep Check Completed
INFO:root:2021-07-21-11--29--37 Frame manipulations completed
INFO:root:2021-07-21-11--29--37 Bounding Box Drawn
INFO:root:2021-07-21-11--29--37 MovingFrameQueue Popped
INFO:root:2021-07-21-11--29--37 anomallyFrameTracker resetted to 200
INFO:root:2021-07-21-11--29--37 Colour Conversion Completed
INFO:root:2021-07-21-11--29--37 Sleep Check Completed
INFO:root:2021-07-21-11--29--37 Frame manipulations completed
INFO:root:2021-07-21-11--29--37 Bounding Box Drawn
INFO:root:2021-07-21-11--29--38 MovingFrameQueue Appended
INFO:root:2021-07-21-11--29--38 anomallyFrameTracker resetted to 200
INFO:root:2021-07-21-11--29--38 Colour Conversion Completed
INFO:root:2021-07-21-11--29--38 Sleep Check Completed
INFO:root:2021-07-21-11--29--38 Frame manipulations completed
INFO:root:2021-07-21-11--29--38 Bounding Box Drawn
INFO:root:2021-07-21-11--29--38 MovingFrameQueue Popped
INFO:root:2021-07-21-11--29--38 anomallyFrameTracker resetted to 200
INFO:root:2021-07-21-11--29--38 Colour Conversion Completed
INFO:root:2021-07-21-11--29--38 Sleep Check Completed
INFO:root:2021-07-21-11--29--38 Frame manipulations completed
INFO:root:2021-07-21-11--29--38 Bounding Box Drawn
INFO:root:2021-07-21-11--29--38 MovingFrameQueue Appended
INFO:root:2021-07-21-11--29--38 anomallyFrameTracker resetted to 200
INFO:root:2021-07-21-11--29--38 Colour Conversion Completed
INFO:root:2021-07-21-11--29--38 Sleep Check Completed
INFO:root:2021-07-21-11--29--38 Frame manipulations completed
INFO:root:2021-07-21-11--29--38 Bounding Box Drawn
INFO:root:2021-07-21-11--29--38 MovingFrameQueue Popped
INFO:root:2021-07-21-11--29--38 anomallyFrameTracker resetted to 200
INFO:root:2021-07-21-11--29--38 Colour Conversion Completed
INFO:root:2021-07-21-11--29--38 Sleep Check Completed
INFO:root:2021-07-21-11--29--38 Frame manipulations completed
INFO:root:2021-07-21-11--29--38 Bounding Box Drawn
INFO:root:2021-07-21-11--29--38 MovingFrameQueue Appended
INFO:root:2021-07-21-11--29--38 anomallyFrameTracker resetted to 200
INFO:root:2021-07-21-11--29--38 Colour Conversion Completed
INFO:root:2021-07-21-11--29--38 Sleep Check Completed
INFO:root:2021-07-21-11--29--38 Frame manipulations completed
INFO:root:2021-07-21-11--29--38 Bounding Box Drawn
INFO:root:2021-07-21-11--29--38 MovingFrameQueue Popped
INFO:root:2021-07-21-11--29--38 anomallyFrameTracker resetted to 200
INFO:root:2021-07-21-11--29--38 Colour Conversion Completed
INFO:root:2021-07-21-11--29--38 Sleep Check Completed
INFO:root:2021-07-21-11--29--38 Frame manipulations completed
INFO:root:2021-07-21-11--29--38 Bounding Box Drawn
INFO:root:2021-07-21-11--29--38 MovingFrameQueue Appended
INFO:root:2021-07-21-11--29--38 anomallyFrameTracker resetted to 200
INFO:root:2021-07-21-11--29--38 Colour Conversion Completed
INFO:root:2021-07-21-11--29--38 Sleep Check Completed
INFO:root:2021-07-21-11--29--38 Frame manipulations completed
INFO:root:2021-07-21-11--29--38 Bounding Box Drawn
INFO:root:2021-07-21-11--29--38 MovingFrameQueue Popped
INFO:root:2021-07-21-11--29--38 anomallyFrameTracker resetted to 200
INFO:root:2021-07-21-11--29--38 Colour Conversion Completed
INFO:root:2021-07-21-11--29--38 Sleep Check Completed
INFO:root:2021-07-21-11--29--38 Frame manipulations completed
INFO:root:2021-07-21-11--29--38 Bounding Box Drawn
INFO:root:2021-07-21-11--29--38 MovingFrameQueue Appended
INFO:root:2021-07-21-11--29--38 anomallyFrameTracker resetted to 200
INFO:root:2021-07-21-11--29--38 Colour Conversion Completed
INFO:root:2021-07-21-11--29--38 Sleep Check Completed
INFO:root:2021-07-21-11--29--38 Frame manipulations completed
INFO:root:2021-07-21-11--29--38 Bounding Box Drawn
INFO:root:2021-07-21-11--29--38 MovingFrameQueue Popped
INFO:root:2021-07-21-11--29--38 anomallyFrameTracker resetted to 200
INFO:root:2021-07-21-11--29--39 Colour Conversion Completed
INFO:root:2021-07-21-11--29--39 Sleep Check Completed
INFO:root:2021-07-21-11--29--39 Frame manipulations completed
INFO:root:2021-07-21-11--29--39 Bounding Box Drawn
INFO:root:2021-07-21-11--29--39 MovingFrameQueue Appended
INFO:root:2021-07-21-11--29--39 anomallyFrameTracker resetted to 200
INFO:root:2021-07-21-11--29--39 Colour Conversion Completed
INFO:root:2021-07-21-11--29--39 Sleep Check Completed
INFO:root:2021-07-21-11--29--39 Frame manipulations completed
INFO:root:2021-07-21-11--29--39 Bounding Box Drawn
INFO:root:2021-07-21-11--29--39 MovingFrameQueue Popped
INFO:root:2021-07-21-11--29--39 anomallyFrameTracker resetted to 200
INFO:root:2021-07-21-11--29--39 Colour Conversion Completed
INFO:root:2021-07-21-11--29--39 Sleep Check Completed
INFO:root:2021-07-21-11--29--39 Frame manipulations completed
INFO:root:2021-07-21-11--29--39 Bounding Box Drawn
INFO:root:2021-07-21-11--29--39 MovingFrameQueue Appended
INFO:root:2021-07-21-11--29--39 anomallyFrameTracker resetted to 200
INFO:root:2021-07-21-11--29--39 Colour Conversion Completed
INFO:root:2021-07-21-11--29--39 Sleep Check Completed
INFO:root:2021-07-21-11--29--39 Frame manipulations completed
INFO:root:2021-07-21-11--29--39 Bounding Box Drawn
INFO:root:2021-07-21-11--29--39 MovingFrameQueue Popped
INFO:root:2021-07-21-11--29--39 anomallyFrameTracker resetted to 200
INFO:root:2021-07-21-11--29--39 Colour Conversion Completed
INFO:root:2021-07-21-11--29--39 Sleep Check Completed
INFO:root:2021-07-21-11--29--39 Frame manipulations completed
INFO:root:2021-07-21-11--29--39 Bounding Box Drawn
INFO:root:2021-07-21-11--29--39 MovingFrameQueue Appended
INFO:root:2021-07-21-11--29--39 anomallyFrameTracker resetted to 200
INFO:root:2021-07-21-11--29--39 Colour Conversion Completed
INFO:root:2021-07-21-11--29--39 Sleep Check Completed
INFO:root:2021-07-21-11--29--39 Frame manipulations completed
INFO:root:2021-07-21-11--29--39 Bounding Box Drawn
INFO:root:2021-07-21-11--29--39 MovingFrameQueue Popped
INFO:root:2021-07-21-11--29--39 anomallyFrameTracker resetted to 200
INFO:root:2021-07-21-11--29--41 Colour Conversion Completed
INFO:root:2021-07-21-11--29--41 Sleep Check Completed
INFO:root:2021-07-21-11--29--41 Frame manipulations completed
INFO:root:2021-07-21-11--29--41 Bounding Box Drawn
INFO:root:2021-07-21-11--29--41 MovingFrameQueue Appended
INFO:root:2021-07-21-11--29--41 anomallyFrameTracker resetted to 200
INFO:root:2021-07-21-11--29--41 Colour Conversion Completed
INFO:root:2021-07-21-11--29--41 Sleep Check Completed
INFO:root:2021-07-21-11--29--41 Frame manipulations completed
INFO:root:2021-07-21-11--29--41 Bounding Box Drawn
INFO:root:2021-07-21-11--29--41 MovingFrameQueue Popped
INFO:root:2021-07-21-11--29--41 anomallyFrameTracker resetted to 200
INFO:root:2021-07-21-11--29--41 Colour Conversion Completed
INFO:root:2021-07-21-11--29--41 Sleep Check Completed
INFO:root:2021-07-21-11--29--41 Frame manipulations completed
INFO:root:2021-07-21-11--29--41 Bounding Box Drawn
INFO:root:2021-07-21-11--29--42 MovingFrameQueue Appended
INFO:root:2021-07-21-11--29--42 anomallyFrameTracker resetted to 200
INFO:root:2021-07-21-11--29--42 Colour Conversion Completed
INFO:root:2021-07-21-11--29--42 Sleep Check Completed
INFO:root:2021-07-21-11--29--42 Frame manipulations completed
INFO:root:2021-07-21-11--29--42 Bounding Box Drawn
INFO:root:2021-07-21-11--29--42 MovingFrameQueue Popped
INFO:root:2021-07-21-11--29--42 anomallyFrameTracker resetted to 200
INFO:root:2021-07-21-11--29--42 Colour Conversion Completed
INFO:root:2021-07-21-11--29--42 Sleep Check Completed
INFO:root:2021-07-21-11--29--42 Frame manipulations completed
INFO:root:2021-07-21-11--29--42 Bounding Box Drawn
INFO:root:2021-07-21-11--29--42 MovingFrameQueue Appended
INFO:root:2021-07-21-11--29--42 anomallyFrameTracker resetted to 200
INFO:root:2021-07-21-11--29--42 Colour Conversion Completed
INFO:root:2021-07-21-11--29--42 Sleep Check Completed
INFO:root:2021-07-21-11--29--42 Frame manipulations completed
INFO:root:2021-07-21-11--29--42 Bounding Box Drawn
INFO:root:2021-07-21-11--29--42 MovingFrameQueue Popped
INFO:root:2021-07-21-11--29--42 anomallyFrameTracker resetted to 200
INFO:root:2021-07-21-11--29--42 Colour Conversion Completed
INFO:root:2021-07-21-11--29--42 Sleep Check Completed
INFO:root:2021-07-21-11--29--42 Frame manipulations completed
INFO:root:2021-07-21-11--29--42 Bounding Box Drawn
INFO:root:2021-07-21-11--29--42 MovingFrameQueue Appended
INFO:root:2021-07-21-11--29--42 anomallyFrameTracker resetted to 200
INFO:root:2021-07-21-11--29--42 Colour Conversion Completed
INFO:root:2021-07-21-11--29--42 Sleep Check Completed
INFO:root:2021-07-21-11--29--42 Frame manipulations completed
INFO:root:2021-07-21-11--29--42 Bounding Box Drawn
INFO:root:2021-07-21-11--29--42 MovingFrameQueue Popped
INFO:root:2021-07-21-11--29--42 anomallyFrameTracker resetted to 200
INFO:root:2021-07-21-11--29--42 Colour Conversion Completed
INFO:root:2021-07-21-11--29--42 Sleep Check Completed
INFO:root:2021-07-21-11--29--42 Frame manipulations completed
INFO:root:2021-07-21-11--29--42 Bounding Box Drawn
INFO:root:2021-07-21-11--29--42 MovingFrameQueue Appended
INFO:root:2021-07-21-11--29--42 anomallyFrameTracker resetted to 200
INFO:root:2021-07-21-11--29--42 Colour Conversion Completed
INFO:root:2021-07-21-11--29--42 Sleep Check Completed
INFO:root:2021-07-21-11--29--42 Frame manipulations completed
INFO:root:2021-07-21-11--29--42 Bounding Box Drawn
INFO:root:2021-07-21-11--29--42 MovingFrameQueue Popped
INFO:root:2021-07-21-11--29--42 anomallyFrameTracker resetted to 200
INFO:root:2021-07-21-11--29--42 Colour Conversion Completed
INFO:root:2021-07-21-11--29--42 Sleep Check Completed
INFO:root:2021-07-21-11--29--42 Frame manipulations completed
INFO:root:2021-07-21-11--29--42 Bounding Box Drawn
INFO:root:2021-07-21-11--29--43 MovingFrameQueue Appended
INFO:root:2021-07-21-11--29--43 anomallyFrameTracker resetted to 200
INFO:root:2021-07-21-11--29--43 Colour Conversion Completed
INFO:root:2021-07-21-11--29--43 Sleep Check Completed
INFO:root:2021-07-21-11--29--43 Frame manipulations completed
INFO:root:2021-07-21-11--29--43 Bounding Box Drawn
INFO:root:2021-07-21-11--29--43 MovingFrameQueue Popped
INFO:root:2021-07-21-11--29--43 anomallyFrameTracker resetted to 200
INFO:root:2021-07-21-11--29--43 Colour Conversion Completed
INFO:root:2021-07-21-11--29--43 Sleep Check Completed
INFO:root:2021-07-21-11--29--43 Frame manipulations completed
INFO:root:2021-07-21-11--29--43 Bounding Box Drawn
INFO:root:2021-07-21-11--29--43 MovingFrameQueue Appended
INFO:root:2021-07-21-11--29--43 anomallyFrameTracker resetted to 200
INFO:root:2021-07-21-11--29--43 Colour Conversion Completed
INFO:root:2021-07-21-11--29--43 Sleep Check Completed
INFO:root:2021-07-21-11--29--43 Frame manipulations completed
INFO:root:2021-07-21-11--29--43 Bounding Box Drawn
INFO:root:2021-07-21-11--29--43 MovingFrameQueue Popped
INFO:root:2021-07-21-11--29--43 anomallyFrameTracker resetted to 200
INFO:root:2021-07-21-11--29--43 Colour Conversion Completed
INFO:root:2021-07-21-11--29--43 Sleep Check Completed
INFO:root:2021-07-21-11--29--43 Frame manipulations completed
INFO:root:2021-07-21-11--29--43 Bounding Box Drawn
INFO:root:2021-07-21-11--29--43 MovingFrameQueue Appended
INFO:root:2021-07-21-11--29--43 anomallyFrameTracker resetted to 200
INFO:root:2021-07-21-11--29--43 Colour Conversion Completed
INFO:root:2021-07-21-11--29--43 Sleep Check Completed
INFO:root:2021-07-21-11--29--43 Frame manipulations completed
INFO:root:2021-07-21-11--29--43 Bounding Box Drawn
INFO:root:2021-07-21-11--29--43 MovingFrameQueue Popped
INFO:root:2021-07-21-11--29--43 anomallyFrameTracker resetted to 200
INFO:root:2021-07-21-11--29--43 Colour Conversion Completed
INFO:root:2021-07-21-11--29--43 Sleep Check Completed
INFO:root:2021-07-21-11--29--43 Frame manipulations completed
INFO:root:2021-07-21-11--29--43 Bounding Box Drawn
INFO:root:2021-07-21-11--29--43 MovingFrameQueue Appended
INFO:root:2021-07-21-11--29--43 anomallyFrameTracker resetted to 200
INFO:root:2021-07-21-11--29--43 Colour Conversion Completed
INFO:root:2021-07-21-11--29--43 Sleep Check Completed
INFO:root:2021-07-21-11--29--43 Frame manipulations completed
INFO:root:2021-07-21-11--29--43 Bounding Box Drawn
INFO:root:2021-07-21-11--29--44 MovingFrameQueue Popped
INFO:root:2021-07-21-11--29--44 anomallyFrameTracker resetted to 200
INFO:root:2021-07-21-11--29--44 Colour Conversion Completed
INFO:root:2021-07-21-11--29--44 Sleep Check Completed
INFO:root:2021-07-21-11--29--44 Frame manipulations completed
INFO:root:2021-07-21-11--29--44 Bounding Box Drawn
INFO:root:2021-07-21-11--29--44 MovingFrameQueue Appended
INFO:root:2021-07-21-11--29--44 anomallyFrameTracker resetted to 200
INFO:root:2021-07-21-11--29--44 Colour Conversion Completed
INFO:root:2021-07-21-11--29--44 Sleep Check Completed
INFO:root:2021-07-21-11--29--44 Frame manipulations completed
INFO:root:2021-07-21-11--29--44 Bounding Box Drawn
INFO:root:2021-07-21-11--29--44 MovingFrameQueue Popped
INFO:root:2021-07-21-11--29--44 anomallyFrameTracker resetted to 200
INFO:root:2021-07-21-11--29--44 Colour Conversion Completed
INFO:root:2021-07-21-11--29--44 Sleep Check Completed
INFO:root:2021-07-21-11--29--44 Frame manipulations completed
INFO:root:2021-07-21-11--29--44 Bounding Box Drawn
INFO:root:2021-07-21-11--29--44 MovingFrameQueue Appended
INFO:root:2021-07-21-11--29--44 anomallyFrameTracker resetted to 200
INFO:root:2021-07-21-11--29--44 Colour Conversion Completed
INFO:root:2021-07-21-11--29--44 Sleep Check Completed
INFO:root:2021-07-21-11--29--44 Frame manipulations completed
INFO:root:2021-07-21-11--29--44 Bounding Box Drawn
INFO:root:2021-07-21-11--29--44 MovingFrameQueue Popped
INFO:root:2021-07-21-11--29--44 anomallyFrameTracker resetted to 200
INFO:root:2021-07-21-11--29--44 Colour Conversion Completed
INFO:root:2021-07-21-11--29--44 Sleep Check Completed
INFO:root:2021-07-21-11--29--44 Frame manipulations completed
INFO:root:2021-07-21-11--29--44 Bounding Box Drawn
INFO:root:2021-07-21-11--29--44 MovingFrameQueue Appended
INFO:root:2021-07-21-11--29--44 anomallyFrameTracker resetted to 200
INFO:root:2021-07-21-11--29--44 Colour Conversion Completed
INFO:root:2021-07-21-11--29--44 Sleep Check Completed
INFO:root:2021-07-21-11--29--44 Frame manipulations completed
INFO:root:2021-07-21-11--29--44 Bounding Box Drawn
INFO:root:2021-07-21-11--29--44 MovingFrameQueue Popped
INFO:root:2021-07-21-11--29--44 anomallyFrameTracker resetted to 200
INFO:root:2021-07-21-11--29--44 Colour Conversion Completed
INFO:root:2021-07-21-11--29--44 Sleep Check Completed
INFO:root:2021-07-21-11--29--44 Frame manipulations completed
INFO:root:2021-07-21-11--29--44 Bounding Box Drawn
INFO:root:2021-07-21-11--29--44 MovingFrameQueue Appended
INFO:root:2021-07-21-11--29--44 anomallyFrameTracker resetted to 200
INFO:root:2021-07-21-11--29--44 Colour Conversion Completed
INFO:root:2021-07-21-11--29--44 Sleep Check Completed
INFO:root:2021-07-21-11--29--44 Frame manipulations completed
INFO:root:2021-07-21-11--29--44 Bounding Box Drawn
INFO:root:2021-07-21-11--29--45 MovingFrameQueue Popped
INFO:root:2021-07-21-11--29--45 anomallyFrameTracker resetted to 200
INFO:root:2021-07-21-11--29--45 Colour Conversion Completed
INFO:root:2021-07-21-11--29--45 Sleep Check Completed
INFO:root:2021-07-21-11--29--45 Frame manipulations completed
INFO:root:2021-07-21-11--29--45 Bounding Box Drawn
INFO:root:2021-07-21-11--29--45 MovingFrameQueue Appended
INFO:root:2021-07-21-11--29--45 anomallyFrameTracker resetted to 200
INFO:root:2021-07-21-11--29--45 Colour Conversion Completed
INFO:root:2021-07-21-11--29--45 Sleep Check Completed
INFO:root:2021-07-21-11--29--45 Frame manipulations completed
INFO:root:2021-07-21-11--29--45 Bounding Box Drawn
INFO:root:2021-07-21-11--29--45 MovingFrameQueue Popped
INFO:root:2021-07-21-11--29--45 anomallyFrameTracker resetted to 200
INFO:root:2021-07-21-11--29--45 Colour Conversion Completed
INFO:root:2021-07-21-11--29--45 Sleep Check Completed
INFO:root:2021-07-21-11--29--45 Frame manipulations completed
INFO:root:2021-07-21-11--29--45 Bounding Box Drawn
INFO:root:2021-07-21-11--29--45 MovingFrameQueue Appended
INFO:root:2021-07-21-11--29--45 anomallyFrameTracker resetted to 200
INFO:root:2021-07-21-11--29--45 Colour Conversion Completed
INFO:root:2021-07-21-11--29--45 Sleep Check Completed
INFO:root:2021-07-21-11--29--45 Frame manipulations completed
INFO:root:2021-07-21-11--29--45 Bounding Box Drawn
INFO:root:2021-07-21-11--29--45 MovingFrameQueue Popped
INFO:root:2021-07-21-11--29--45 anomallyFrameTracker resetted to 200
INFO:root:2021-07-21-11--29--45 Colour Conversion Completed
INFO:root:2021-07-21-11--29--45 Sleep Check Completed
INFO:root:2021-07-21-11--29--45 Frame manipulations completed
INFO:root:2021-07-21-11--29--45 Bounding Box Drawn
INFO:root:2021-07-21-11--29--45 MovingFrameQueue Appended
INFO:root:2021-07-21-11--29--45 anomallyFrameTracker resetted to 200
INFO:root:2021-07-21-11--29--45 Colour Conversion Completed
INFO:root:2021-07-21-11--29--45 Sleep Check Completed
INFO:root:2021-07-21-11--29--45 Frame manipulations completed
INFO:root:2021-07-21-11--29--45 Bounding Box Drawn
INFO:root:2021-07-21-11--29--45 MovingFrameQueue Popped
INFO:root:2021-07-21-11--29--45 anomallyFrameTracker resetted to 200
INFO:root:2021-07-21-11--29--45 Colour Conversion Completed
INFO:root:2021-07-21-11--29--45 Sleep Check Completed
INFO:root:2021-07-21-11--29--45 Frame manipulations completed
INFO:root:2021-07-21-11--29--45 Bounding Box Drawn
INFO:root:2021-07-21-11--29--45 MovingFrameQueue Appended
INFO:root:2021-07-21-11--29--45 anomallyFrameTracker resetted to 200
INFO:root:2021-07-21-11--29--45 Colour Conversion Completed
INFO:root:2021-07-21-11--29--45 Sleep Check Completed
INFO:root:2021-07-21-11--29--45 Frame manipulations completed
INFO:root:2021-07-21-11--29--45 Bounding Box Drawn
INFO:root:2021-07-21-11--29--45 MovingFrameQueue Popped
INFO:root:2021-07-21-11--29--45 anomallyFrameTracker resetted to 200
INFO:root:2021-07-21-11--29--45 Colour Conversion Completed
INFO:root:2021-07-21-11--29--46 Sleep Check Completed
INFO:root:2021-07-21-11--29--46 Frame manipulations completed
INFO:root:2021-07-21-11--29--46 Bounding Box Drawn
INFO:root:2021-07-21-11--29--46 MovingFrameQueue Appended
INFO:root:2021-07-21-11--29--46 anomallyFrameTracker resetted to 200
INFO:root:2021-07-21-11--29--46 Colour Conversion Completed
INFO:root:2021-07-21-11--29--46 Sleep Check Completed
INFO:root:2021-07-21-11--29--46 Frame manipulations completed
INFO:root:2021-07-21-11--29--46 Bounding Box Drawn
INFO:root:2021-07-21-11--29--46 MovingFrameQueue Popped
INFO:root:2021-07-21-11--29--46 anomallyFrameTracker resetted to 200
INFO:root:2021-07-21-11--29--46 Colour Conversion Completed
INFO:root:2021-07-21-11--29--46 Sleep Check Completed
INFO:root:2021-07-21-11--29--46 Frame manipulations completed
INFO:root:2021-07-21-11--29--46 Bounding Box Drawn
INFO:root:2021-07-21-11--29--46 MovingFrameQueue Appended
INFO:root:2021-07-21-11--29--46 anomallyFrameTracker resetted to 200
INFO:root:2021-07-21-11--29--46 Colour Conversion Completed
INFO:root:2021-07-21-11--29--46 Sleep Check Completed
INFO:root:2021-07-21-11--29--46 Frame manipulations completed
INFO:root:2021-07-21-11--29--46 Bounding Box Drawn
INFO:root:2021-07-21-11--29--46 MovingFrameQueue Popped
INFO:root:2021-07-21-11--29--46 anomallyFrameTracker resetted to 200
INFO:root:2021-07-21-11--29--46 Colour Conversion Completed
INFO:root:2021-07-21-11--29--46 Sleep Check Completed
INFO:root:2021-07-21-11--29--46 Frame manipulations completed
INFO:root:2021-07-21-11--29--46 Bounding Box Drawn
INFO:root:2021-07-21-11--29--46 MovingFrameQueue Appended
INFO:root:2021-07-21-11--29--46 anomallyFrameTracker resetted to 200
INFO:root:2021-07-21-11--29--46 Colour Conversion Completed
INFO:root:2021-07-21-11--29--47 Sleep Check Completed
INFO:root:2021-07-21-11--29--47 Frame manipulations completed
INFO:root:2021-07-21-11--29--47 Bounding Box Drawn
INFO:root:2021-07-21-11--29--47 MovingFrameQueue Popped
INFO:root:2021-07-21-11--29--47 anomallyFrameTracker resetted to 200
INFO:root:2021-07-21-11--29--47 Colour Conversion Completed
INFO:root:2021-07-21-11--29--47 Sleep Check Completed
INFO:root:2021-07-21-11--29--47 Frame manipulations completed
INFO:root:2021-07-21-11--29--47 Bounding Box Drawn
INFO:root:2021-07-21-11--29--47 MovingFrameQueue Appended
INFO:root:2021-07-21-11--29--47 anomallyFrameTracker resetted to 200
INFO:root:2021-07-21-11--29--47 Colour Conversion Completed
INFO:root:2021-07-21-11--29--47 Sleep Check Completed
INFO:root:2021-07-21-11--29--47 Frame manipulations completed
INFO:root:2021-07-21-11--29--47 Bounding Box Drawn
INFO:root:2021-07-21-11--29--47 MovingFrameQueue Popped
INFO:root:2021-07-21-11--29--47 anomallyFrameTracker resetted to 200
INFO:root:2021-07-21-11--29--47 Colour Conversion Completed
INFO:root:2021-07-21-11--29--47 Sleep Check Completed
INFO:root:2021-07-21-11--29--47 Frame manipulations completed
INFO:root:2021-07-21-11--29--47 Bounding Box Drawn
INFO:root:2021-07-21-11--29--47 MovingFrameQueue Appended
INFO:root:2021-07-21-11--29--47 anomallyFrameTracker resetted to 200
INFO:root:2021-07-21-11--29--47 Colour Conversion Completed
INFO:root:2021-07-21-11--29--48 Sleep Check Completed
INFO:root:2021-07-21-11--29--48 Frame manipulations completed
INFO:root:2021-07-21-11--29--48 Bounding Box Drawn
INFO:root:2021-07-21-11--29--48 MovingFrameQueue Popped
INFO:root:2021-07-21-11--29--48 anomallyFrameTracker resetted to 200
INFO:root:2021-07-21-11--29--48 Colour Conversion Completed
INFO:root:2021-07-21-11--29--48 Sleep Check Completed
INFO:root:2021-07-21-11--29--48 Frame manipulations completed
INFO:root:2021-07-21-11--29--48 Bounding Box Drawn
INFO:root:2021-07-21-11--29--48 MovingFrameQueue Appended
INFO:root:2021-07-21-11--29--48 anomallyFrameTracker resetted to 200
INFO:root:2021-07-21-11--29--48 Colour Conversion Completed
INFO:root:2021-07-21-11--29--48 Sleep Check Completed
INFO:root:2021-07-21-11--29--48 Frame manipulations completed
INFO:root:2021-07-21-11--29--48 Bounding Box Drawn
INFO:root:2021-07-21-11--29--48 MovingFrameQueue Popped
INFO:root:2021-07-21-11--29--48 anomallyFrameTracker resetted to 200
INFO:root:2021-07-21-11--29--48 Colour Conversion Completed
INFO:root:2021-07-21-11--29--48 Sleep Check Completed
INFO:root:2021-07-21-11--29--48 Frame manipulations completed
INFO:root:2021-07-21-11--29--48 Bounding Box Drawn
INFO:root:2021-07-21-11--29--48[INFO] elapsed time: 24.23
INFO:root:2021-07-21-11--29--48[INFO] approx. FPS: 4.95
INFO:root:2021-07-21-11--29--49 Getting Auth Token Success
INFO:root:2021-07-21-11--29--49 BedTime Upload Completed
