INFO:root:2021-07-27-10--49--39 Parameter Generation Success
INFO:root:2021-07-27-10--49--39 Colour Conversion Completed
INFO:root:2021-07-27-10--49--39 Sleep Check Completed
INFO:root:2021-07-27-10--49--39 Frame manipulations completed
INFO:root:2021-07-27-10--49--39 Bounding Box Drawn
INFO:root:2021-07-27-10--49--44 MovingFrameQueue Appended
INFO:root:2021-07-27-10--49--44 anomallyFrameTracker resetted to 200
INFO:root:2021-07-27-10--49--44 Colour Conversion Completed
INFO:root:2021-07-27-10--49--44 Sleep Check Completed
INFO:root:2021-07-27-10--49--44 Frame manipulations completed
INFO:root:2021-07-27-10--49--44 Bounding Box Drawn
INFO:root:2021-07-27-10--49--44 MovingFrameQueue Appended
INFO:root:2021-07-27-10--49--44 anomallyFrameTracker resetted to 200
INFO:root:2021-07-27-10--49--44 Colour Conversion Completed
INFO:root:2021-07-27-10--49--44 Sleep Check Completed
INFO:root:2021-07-27-10--49--44 Frame manipulations completed
INFO:root:2021-07-27-10--49--44 Bounding Box Drawn
INFO:root:2021-07-27-10--49--44 MovingFrameQueue Appended
INFO:root:2021-07-27-10--49--44 anomallyFrameTracker resetted to 200
INFO:root:2021-07-27-10--49--44 Colour Conversion Completed
INFO:root:2021-07-27-10--49--44 Sleep Check Completed
INFO:root:2021-07-27-10--49--44 Frame manipulations completed
INFO:root:2021-07-27-10--49--44 Bounding Box Drawn
INFO:root:2021-07-27-10--49--44 MovingFrameQueue Appended
INFO:root:2021-07-27-10--49--44 anomallyFrameTracker resetted to 200
INFO:root:2021-07-27-10--49--44 Colour Conversion Completed
INFO:root:2021-07-27-10--49--44 Sleep Check Completed
INFO:root:2021-07-27-10--49--44 Frame manipulations completed
INFO:root:2021-07-27-10--49--44 Bounding Box Drawn
INFO:root:2021-07-27-10--49--45 MovingFrameQueue Appended
INFO:root:2021-07-27-10--49--45 anomallyFrameTracker resetted to 200
INFO:root:2021-07-27-10--49--45 Colour Conversion Completed
INFO:root:2021-07-27-10--49--45 Sleep Check Completed
INFO:root:2021-07-27-10--49--45 Frame manipulations completed
INFO:root:2021-07-27-10--49--45 Bounding Box Drawn
INFO:root:2021-07-27-10--49--45 MovingFrameQueue Appended
INFO:root:2021-07-27-10--49--45 anomallyFrameTracker resetted to 200
INFO:root:2021-07-27-10--49--45 Colour Conversion Completed
INFO:root:2021-07-27-10--49--45 Sleep Check Completed
INFO:root:2021-07-27-10--49--45 Frame manipulations completed
INFO:root:2021-07-27-10--49--45 Bounding Box Drawn
INFO:root:2021-07-27-10--49--45 MovingFrameQueue Appended
INFO:root:2021-07-27-10--49--45 anomallyFrameTracker resetted to 200
INFO:root:2021-07-27-10--49--45 Colour Conversion Completed
INFO:root:2021-07-27-10--49--45 Sleep Check Completed
INFO:root:2021-07-27-10--49--45 Frame manipulations completed
INFO:root:2021-07-27-10--49--45 Bounding Box Drawn
INFO:root:2021-07-27-10--49--45 MovingFrameQueue Appended
INFO:root:2021-07-27-10--49--45 anomallyFrameTracker resetted to 200
INFO:root:2021-07-27-10--49--45 Colour Conversion Completed
INFO:root:2021-07-27-10--49--45 Sleep Check Completed
INFO:root:2021-07-27-10--49--45 Frame manipulations completed
INFO:root:2021-07-27-10--49--45 Bounding Box Drawn
INFO:root:2021-07-27-10--49--46 MovingFrameQueue Appended
INFO:root:2021-07-27-10--49--46 anomallyFrameTracker resetted to 200
INFO:root:2021-07-27-10--49--46 Colour Conversion Completed
INFO:root:2021-07-27-10--49--46 Sleep Check Completed
INFO:root:2021-07-27-10--49--46 Frame manipulations completed
INFO:root:2021-07-27-10--49--46 Bounding Box Drawn
INFO:root:2021-07-27-10--49--46 MovingFrameQueue Appended
INFO:root:2021-07-27-10--49--46 anomallyFrameTracker resetted to 200
INFO:root:2021-07-27-10--49--46 Colour Conversion Completed
INFO:root:2021-07-27-10--49--46 Sleep Check Completed
INFO:root:2021-07-27-10--49--46 Frame manipulations completed
INFO:root:2021-07-27-10--49--46 Bounding Box Drawn
INFO:root:2021-07-27-10--49--47 MovingFrameQueue Appended
INFO:root:2021-07-27-10--49--47 anomallyFrameTracker resetted to 200
INFO:root:2021-07-27-10--49--47 Colour Conversion Completed
INFO:root:2021-07-27-10--49--47 Sleep Check Completed
INFO:root:2021-07-27-10--49--47 Frame manipulations completed
INFO:root:2021-07-27-10--49--47 Bounding Box Drawn
INFO:root:2021-07-27-10--49--47 MovingFrameQueue Appended
INFO:root:2021-07-27-10--49--47 anomallyFrameTracker resetted to 200
INFO:root:2021-07-27-10--49--47 Colour Conversion Completed
INFO:root:2021-07-27-10--49--47 Sleep Check Completed
INFO:root:2021-07-27-10--49--47 Frame manipulations completed
INFO:root:2021-07-27-10--49--47 Bounding Box Drawn
INFO:root:2021-07-27-10--49--47 MovingFrameQueue Appended
INFO:root:2021-07-27-10--49--47 anomallyFrameTracker resetted to 200
INFO:root:2021-07-27-10--49--47 Colour Conversion Completed
INFO:root:2021-07-27-10--49--47 Sleep Check Completed
INFO:root:2021-07-27-10--49--47 Frame manipulations completed
INFO:root:2021-07-27-10--49--47 Bounding Box Drawn
INFO:root:2021-07-27-10--49--49 MovingFrameQueue Appended
INFO:root:2021-07-27-10--49--49 anomallyFrameTracker resetted to 200
INFO:root:2021-07-27-10--49--49 Colour Conversion Completed
INFO:root:2021-07-27-10--49--49 Sleep Check Completed
INFO:root:2021-07-27-10--49--49 Frame manipulations completed
INFO:root:2021-07-27-10--49--49 Bounding Box Drawn
INFO:root:2021-07-27-10--49--49 MovingFrameQueue Appended
INFO:root:2021-07-27-10--49--49 anomallyFrameTracker resetted to 200
INFO:root:2021-07-27-10--49--49 Colour Conversion Completed
INFO:root:2021-07-27-10--49--49 Sleep Check Completed
INFO:root:2021-07-27-10--49--49 Frame manipulations completed
INFO:root:2021-07-27-10--49--49 Bounding Box Drawn
INFO:root:2021-07-27-10--49--49 MovingFrameQueue Appended
INFO:root:2021-07-27-10--49--49 anomallyFrameTracker resetted to 200
INFO:root:2021-07-27-10--49--49 Colour Conversion Completed
INFO:root:2021-07-27-10--49--49 Sleep Check Completed
INFO:root:2021-07-27-10--49--49 Frame manipulations completed
INFO:root:2021-07-27-10--49--49 Bounding Box Drawn
INFO:root:2021-07-27-10--49--49 MovingFrameQueue Appended
INFO:root:2021-07-27-10--49--49 anomallyFrameTracker resetted to 200
INFO:root:2021-07-27-10--49--49 Colour Conversion Completed
INFO:root:2021-07-27-10--49--49 Sleep Check Completed
INFO:root:2021-07-27-10--49--49 Frame manipulations completed
INFO:root:2021-07-27-10--49--49 Bounding Box Drawn
INFO:root:2021-07-27-10--49--49 MovingFrameQueue Appended
INFO:root:2021-07-27-10--49--49 anomallyFrameTracker resetted to 200
INFO:root:2021-07-27-10--49--49 Colour Conversion Completed
INFO:root:2021-07-27-10--49--49 Sleep Check Completed
INFO:root:2021-07-27-10--49--49 Frame manipulations completed
INFO:root:2021-07-27-10--49--49 Bounding Box Drawn
INFO:root:2021-07-27-10--49--49 MovingFrameQueue Appended
INFO:root:2021-07-27-10--49--49 anomallyFrameTracker resetted to 200
INFO:root:2021-07-27-10--49--49 Colour Conversion Completed
INFO:root:2021-07-27-10--49--49 Sleep Check Completed
INFO:root:2021-07-27-10--49--49 Frame manipulations completed
INFO:root:2021-07-27-10--49--49 Bounding Box Drawn
INFO:root:2021-07-27-10--49--49 MovingFrameQueue Appended
INFO:root:2021-07-27-10--49--49 anomallyFrameTracker resetted to 200
INFO:root:2021-07-27-10--49--49 Colour Conversion Completed
INFO:root:2021-07-27-10--49--49 Sleep Check Completed
INFO:root:2021-07-27-10--49--49 Frame manipulations completed
INFO:root:2021-07-27-10--49--49 Bounding Box Drawn
INFO:root:2021-07-27-10--49--50 MovingFrameQueue Appended
INFO:root:2021-07-27-10--49--50 anomallyFrameTracker resetted to 200
INFO:root:2021-07-27-10--49--50 Colour Conversion Completed
INFO:root:2021-07-27-10--49--50 Sleep Check Completed
INFO:root:2021-07-27-10--49--50 Frame manipulations completed
INFO:root:2021-07-27-10--49--50 Bounding Box Drawn
INFO:root:2021-07-27-10--49--51 MovingFrameQueue Appended
INFO:root:2021-07-27-10--49--51 anomallyFrameTracker resetted to 200
INFO:root:2021-07-27-10--49--51 Colour Conversion Completed
INFO:root:2021-07-27-10--49--51 Sleep Check Completed
INFO:root:2021-07-27-10--49--51 Frame manipulations completed
INFO:root:2021-07-27-10--49--51 Bounding Box Drawn
INFO:root:2021-07-27-10--49--51 MovingFrameQueue Appended
INFO:root:2021-07-27-10--49--51 anomallyFrameTracker resetted to 200
INFO:root:2021-07-27-10--49--51 Colour Conversion Completed
INFO:root:2021-07-27-10--49--51 Sleep Check Completed
INFO:root:2021-07-27-10--49--51 Frame manipulations completed
INFO:root:2021-07-27-10--49--51 Bounding Box Drawn
INFO:root:2021-07-27-10--49--51 MovingFrameQueue Appended
INFO:root:2021-07-27-10--49--51 anomallyFrameTracker resetted to 200
INFO:root:2021-07-27-10--49--51 Colour Conversion Completed
INFO:root:2021-07-27-10--49--51 Sleep Check Completed
INFO:root:2021-07-27-10--49--51 Frame manipulations completed
INFO:root:2021-07-27-10--49--51 Bounding Box Drawn
INFO:root:2021-07-27-10--49--51 MovingFrameQueue Appended
INFO:root:2021-07-27-10--49--51 anomallyFrameTracker resetted to 200
INFO:root:2021-07-27-10--49--51 Colour Conversion Completed
INFO:root:2021-07-27-10--49--51 Sleep Check Completed
INFO:root:2021-07-27-10--49--51 Frame manipulations completed
INFO:root:2021-07-27-10--49--51 Bounding Box Drawn
INFO:root:2021-07-27-10--49--51 MovingFrameQueue Appended
INFO:root:2021-07-27-10--49--51 anomallyFrameTracker resetted to 200
INFO:root:2021-07-27-10--49--51 Colour Conversion Completed
INFO:root:2021-07-27-10--49--51 Sleep Check Completed
INFO:root:2021-07-27-10--49--51 Frame manipulations completed
INFO:root:2021-07-27-10--49--51 Bounding Box Drawn
INFO:root:2021-07-27-10--49--53 MovingFrameQueue Appended
INFO:root:2021-07-27-10--49--53 anomallyFrameTracker resetted to 200
INFO:root:2021-07-27-10--49--53 Colour Conversion Completed
INFO:root:2021-07-27-10--49--53 Sleep Check Completed
INFO:root:2021-07-27-10--49--53 Frame manipulations completed
INFO:root:2021-07-27-10--49--53 Bounding Box Drawn
INFO:root:2021-07-27-10--49--53 MovingFrameQueue Appended
INFO:root:2021-07-27-10--49--53 anomallyFrameTracker resetted to 200
INFO:root:2021-07-27-10--49--53 Colour Conversion Completed
INFO:root:2021-07-27-10--49--53 Sleep Check Completed
INFO:root:2021-07-27-10--49--53 Frame manipulations completed
INFO:root:2021-07-27-10--49--53 Bounding Box Drawn
INFO:root:2021-07-27-10--49--53 MovingFrameQueue Appended
INFO:root:2021-07-27-10--49--53 anomallyFrameTracker resetted to 200
INFO:root:2021-07-27-10--49--53 Colour Conversion Completed
INFO:root:2021-07-27-10--49--53 Sleep Check Completed
INFO:root:2021-07-27-10--49--53 Frame manipulations completed
INFO:root:2021-07-27-10--49--53 Bounding Box Drawn
INFO:root:2021-07-27-10--49--53 MovingFrameQueue Appended
INFO:root:2021-07-27-10--49--53 anomallyFrameTracker resetted to 200
INFO:root:2021-07-27-10--49--53 Colour Conversion Completed
INFO:root:2021-07-27-10--49--53 Sleep Check Completed
INFO:root:2021-07-27-10--49--53 Frame manipulations completed
INFO:root:2021-07-27-10--49--53 Bounding Box Drawn
INFO:root:2021-07-27-10--49--54 MovingFrameQueue Appended
INFO:root:2021-07-27-10--49--54 anomallyFrameTracker resetted to 200
INFO:root:2021-07-27-10--49--54 Colour Conversion Completed
INFO:root:2021-07-27-10--49--54 Sleep Check Completed
INFO:root:2021-07-27-10--49--54 Frame manipulations completed
INFO:root:2021-07-27-10--49--54 Bounding Box Drawn
INFO:root:2021-07-27-10--49--54 MovingFrameQueue Appended
INFO:root:2021-07-27-10--49--54 anomallyFrameTracker resetted to 200
INFO:root:2021-07-27-10--49--54 Colour Conversion Completed
INFO:root:2021-07-27-10--49--54 Sleep Check Completed
INFO:root:2021-07-27-10--49--54 Frame manipulations completed
INFO:root:2021-07-27-10--49--54 Bounding Box Drawn
INFO:root:2021-07-27-10--49--54 MovingFrameQueue Appended
INFO:root:2021-07-27-10--49--54 anomallyFrameTracker resetted to 200
INFO:root:2021-07-27-10--49--54 Colour Conversion Completed
INFO:root:2021-07-27-10--49--54 Sleep Check Completed
INFO:root:2021-07-27-10--49--54 Frame manipulations completed
INFO:root:2021-07-27-10--49--54 Bounding Box Drawn
INFO:root:2021-07-27-10--49--54 MovingFrameQueue Appended
INFO:root:2021-07-27-10--49--54 anomallyFrameTracker resetted to 200
INFO:root:2021-07-27-10--49--54 Colour Conversion Completed
INFO:root:2021-07-27-10--49--54 Sleep Check Completed
INFO:root:2021-07-27-10--49--54 Frame manipulations completed
INFO:root:2021-07-27-10--49--54 Bounding Box Drawn
INFO:root:2021-07-27-10--49--54 MovingFrameQueue Appended
INFO:root:2021-07-27-10--49--54 anomallyFrameTracker resetted to 200
INFO:root:2021-07-27-10--49--54 Colour Conversion Completed
INFO:root:2021-07-27-10--49--54 Sleep Check Completed
INFO:root:2021-07-27-10--49--54 Frame manipulations completed
INFO:root:2021-07-27-10--49--54 Bounding Box Drawn
INFO:root:2021-07-27-10--49--54 MovingFrameQueue Appended
INFO:root:2021-07-27-10--49--54 anomallyFrameTracker resetted to 200
INFO:root:2021-07-27-10--49--54 Colour Conversion Completed
INFO:root:2021-07-27-10--49--54 Sleep Check Completed
INFO:root:2021-07-27-10--49--54 Frame manipulations completed
INFO:root:2021-07-27-10--49--54 Bounding Box Drawn
INFO:root:2021-07-27-10--49--54 MovingFrameQueue Appended
INFO:root:2021-07-27-10--49--54 anomallyFrameTracker resetted to 200
INFO:root:2021-07-27-10--49--54 Colour Conversion Completed
INFO:root:2021-07-27-10--49--54 Sleep Check Completed
INFO:root:2021-07-27-10--49--54 Frame manipulations completed
INFO:root:2021-07-27-10--49--54 Bounding Box Drawn
INFO:root:2021-07-27-10--49--54 MovingFrameQueue Appended
INFO:root:2021-07-27-10--49--54 anomallyFrameTracker resetted to 200
INFO:root:2021-07-27-10--49--54 Colour Conversion Completed
INFO:root:2021-07-27-10--49--54 Sleep Check Completed
INFO:root:2021-07-27-10--49--54 Frame manipulations completed
INFO:root:2021-07-27-10--49--54 Bounding Box Drawn
INFO:root:2021-07-27-10--49--54 MovingFrameQueue Appended
INFO:root:2021-07-27-10--49--54 anomallyFrameTracker resetted to 200
INFO:root:2021-07-27-10--49--54 Colour Conversion Completed
INFO:root:2021-07-27-10--49--55 Sleep Check Completed
INFO:root:2021-07-27-10--49--55 Frame manipulations completed
INFO:root:2021-07-27-10--49--55 Bounding Box Drawn
INFO:root:2021-07-27-10--49--55 MovingFrameQueue Appended
INFO:root:2021-07-27-10--49--55 anomallyFrameTracker resetted to 200
INFO:root:2021-07-27-10--49--55 Colour Conversion Completed
INFO:root:2021-07-27-10--49--55 Sleep Check Completed
INFO:root:2021-07-27-10--49--55 Frame manipulations completed
INFO:root:2021-07-27-10--49--55 Bounding Box Drawn
INFO:root:2021-07-27-10--49--55 MovingFrameQueue Appended
INFO:root:2021-07-27-10--49--55 anomallyFrameTracker resetted to 200
INFO:root:2021-07-27-10--49--55 Colour Conversion Completed
INFO:root:2021-07-27-10--49--55 Sleep Check Completed
INFO:root:2021-07-27-10--49--55 Frame manipulations completed
INFO:root:2021-07-27-10--49--55 Bounding Box Drawn
INFO:root:2021-07-27-10--49--55 MovingFrameQueue Appended
INFO:root:2021-07-27-10--49--55 anomallyFrameTracker resetted to 200
INFO:root:2021-07-27-10--49--55 Colour Conversion Completed
INFO:root:2021-07-27-10--49--55 Sleep Check Completed
INFO:root:2021-07-27-10--49--55 Frame manipulations completed
INFO:root:2021-07-27-10--49--55 Bounding Box Drawn
INFO:root:2021-07-27-10--49--55 MovingFrameQueue Appended
INFO:root:2021-07-27-10--49--55 anomallyFrameTracker resetted to 200
INFO:root:2021-07-27-10--49--55 Colour Conversion Completed
INFO:root:2021-07-27-10--49--55 Sleep Check Completed
INFO:root:2021-07-27-10--49--55 Frame manipulations completed
INFO:root:2021-07-27-10--49--55 Bounding Box Drawn
INFO:root:2021-07-27-10--49--55 MovingFrameQueue Appended
INFO:root:2021-07-27-10--49--55 anomallyFrameTracker resetted to 200
INFO:root:2021-07-27-10--49--55 Colour Conversion Completed
INFO:root:2021-07-27-10--49--55 Sleep Check Completed
INFO:root:2021-07-27-10--49--55 Frame manipulations completed
INFO:root:2021-07-27-10--49--55 Bounding Box Drawn
INFO:root:2021-07-27-10--49--55 MovingFrameQueue Appended
INFO:root:2021-07-27-10--49--55 anomallyFrameTracker resetted to 200
INFO:root:2021-07-27-10--49--55 Colour Conversion Completed
INFO:root:2021-07-27-10--49--55 Sleep Check Completed
INFO:root:2021-07-27-10--49--55 Frame manipulations completed
INFO:root:2021-07-27-10--49--55 Bounding Box Drawn
INFO:root:2021-07-27-10--49--55 MovingFrameQueue Appended
INFO:root:2021-07-27-10--49--55 anomallyFrameTracker resetted to 200
INFO:root:2021-07-27-10--49--55 Colour Conversion Completed
INFO:root:2021-07-27-10--49--55 Sleep Check Completed
INFO:root:2021-07-27-10--49--55 Frame manipulations completed
INFO:root:2021-07-27-10--49--55 Bounding Box Drawn
INFO:root:2021-07-27-10--49--55 MovingFrameQueue Appended
INFO:root:2021-07-27-10--49--55 anomallyFrameTracker resetted to 200
INFO:root:2021-07-27-10--49--55 Colour Conversion Completed
INFO:root:2021-07-27-10--49--55 Sleep Check Completed
INFO:root:2021-07-27-10--49--55 Frame manipulations completed
INFO:root:2021-07-27-10--49--55 Bounding Box Drawn
INFO:root:2021-07-27-10--49--55 MovingFrameQueue Appended
INFO:root:2021-07-27-10--49--55 anomallyFrameTracker resetted to 200
INFO:root:2021-07-27-10--49--56 Colour Conversion Completed
INFO:root:2021-07-27-10--49--56 Sleep Check Completed
INFO:root:2021-07-27-10--49--56 Frame manipulations completed
INFO:root:2021-07-27-10--49--56 Bounding Box Drawn
INFO:root:2021-07-27-10--49--56 MovingFrameQueue Appended
INFO:root:2021-07-27-10--49--56 anomallyFrameTracker resetted to 200
INFO:root:2021-07-27-10--49--56 Colour Conversion Completed
INFO:root:2021-07-27-10--49--56 Sleep Check Completed
INFO:root:2021-07-27-10--49--56 Frame manipulations completed
INFO:root:2021-07-27-10--49--56 Bounding Box Drawn
INFO:root:2021-07-27-10--49--56 MovingFrameQueue Appended
INFO:root:2021-07-27-10--49--56 anomallyFrameTracker resetted to 200
INFO:root:2021-07-27-10--49--56 Colour Conversion Completed
INFO:root:2021-07-27-10--49--56 Sleep Check Completed
INFO:root:2021-07-27-10--49--56 Frame manipulations completed
INFO:root:2021-07-27-10--49--56 Bounding Box Drawn
INFO:root:2021-07-27-10--49--56 MovingFrameQueue Appended
INFO:root:2021-07-27-10--49--56 anomallyFrameTracker resetted to 200
INFO:root:2021-07-27-10--49--56 Colour Conversion Completed
INFO:root:2021-07-27-10--49--56 Sleep Check Completed
INFO:root:2021-07-27-10--49--56 Frame manipulations completed
INFO:root:2021-07-27-10--49--56 Bounding Box Drawn
INFO:root:2021-07-27-10--49--56 MovingFrameQueue Popped
INFO:root:2021-07-27-10--49--56 anomallyFrameTracker resetted to 200
INFO:root:2021-07-27-10--49--56 Colour Conversion Completed
INFO:root:2021-07-27-10--49--56 Sleep Check Completed
INFO:root:2021-07-27-10--49--56 Frame manipulations completed
INFO:root:2021-07-27-10--49--56 Bounding Box Drawn
INFO:root:2021-07-27-10--49--56 MovingFrameQueue Appended
INFO:root:2021-07-27-10--49--56 anomallyFrameTracker resetted to 200
INFO:root:2021-07-27-10--49--56 Colour Conversion Completed
INFO:root:2021-07-27-10--49--56 Sleep Check Completed
INFO:root:2021-07-27-10--49--56 Frame manipulations completed
INFO:root:2021-07-27-10--49--56 Bounding Box Drawn
INFO:root:2021-07-27-10--49--56 MovingFrameQueue Popped
INFO:root:2021-07-27-10--49--56 anomallyFrameTracker resetted to 200
INFO:root:2021-07-27-10--49--56 Colour Conversion Completed
INFO:root:2021-07-27-10--49--56 Sleep Check Completed
INFO:root:2021-07-27-10--49--56 Frame manipulations completed
INFO:root:2021-07-27-10--49--56 Bounding Box Drawn
INFO:root:2021-07-27-10--49--56 MovingFrameQueue Appended
INFO:root:2021-07-27-10--49--56 anomallyFrameTracker resetted to 200
INFO:root:2021-07-27-10--49--56 Colour Conversion Completed
INFO:root:2021-07-27-10--49--56 Sleep Check Completed
INFO:root:2021-07-27-10--49--56 Frame manipulations completed
INFO:root:2021-07-27-10--49--56 Bounding Box Drawn
INFO:root:2021-07-27-10--49--56 MovingFrameQueue Popped
INFO:root:2021-07-27-10--49--56 anomallyFrameTracker resetted to 200
INFO:root:2021-07-27-10--49--56 Colour Conversion Completed
INFO:root:2021-07-27-10--49--56 Sleep Check Completed
INFO:root:2021-07-27-10--49--56 Frame manipulations completed
INFO:root:2021-07-27-10--49--56 Bounding Box Drawn
INFO:root:2021-07-27-10--49--56 MovingFrameQueue Appended
INFO:root:2021-07-27-10--49--56 anomallyFrameTracker resetted to 200
INFO:root:2021-07-27-10--49--57 Colour Conversion Completed
INFO:root:2021-07-27-10--49--57 Sleep Check Completed
INFO:root:2021-07-27-10--49--57 Frame manipulations completed
INFO:root:2021-07-27-10--49--57 Bounding Box Drawn
INFO:root:2021-07-27-10--49--57 MovingFrameQueue Popped
INFO:root:2021-07-27-10--49--57 anomallyFrameTracker resetted to 200
INFO:root:2021-07-27-10--49--57 Colour Conversion Completed
INFO:root:2021-07-27-10--49--57 Sleep Check Completed
INFO:root:2021-07-27-10--49--57 Frame manipulations completed
INFO:root:2021-07-27-10--49--57 Bounding Box Drawn
INFO:root:2021-07-27-10--49--57 MovingFrameQueue Appended
INFO:root:2021-07-27-10--49--57 anomallyFrameTracker resetted to 200
INFO:root:2021-07-27-10--49--57 Colour Conversion Completed
INFO:root:2021-07-27-10--49--57 Sleep Check Completed
INFO:root:2021-07-27-10--49--57 Frame manipulations completed
INFO:root:2021-07-27-10--49--57 Bounding Box Drawn
INFO:root:2021-07-27-10--49--57 MovingFrameQueue Popped
INFO:root:2021-07-27-10--49--57 anomallyFrameTracker resetted to 200
INFO:root:2021-07-27-10--49--57 Colour Conversion Completed
INFO:root:2021-07-27-10--49--57 Sleep Check Completed
INFO:root:2021-07-27-10--49--57 Frame manipulations completed
INFO:root:2021-07-27-10--49--57 Bounding Box Drawn
INFO:root:2021-07-27-10--49--57 MovingFrameQueue Appended
INFO:root:2021-07-27-10--49--57 anomallyFrameTracker resetted to 200
INFO:root:2021-07-27-10--49--57 Colour Conversion Completed
INFO:root:2021-07-27-10--49--57 Sleep Check Completed
INFO:root:2021-07-27-10--49--57 Frame manipulations completed
INFO:root:2021-07-27-10--49--57 Bounding Box Drawn
INFO:root:2021-07-27-10--49--57 MovingFrameQueue Popped
INFO:root:2021-07-27-10--49--57 anomallyFrameTracker resetted to 200
INFO:root:2021-07-27-10--49--57 Colour Conversion Completed
INFO:root:2021-07-27-10--49--57 Sleep Check Completed
INFO:root:2021-07-27-10--49--57 Frame manipulations completed
INFO:root:2021-07-27-10--49--57 Bounding Box Drawn
INFO:root:2021-07-27-10--49--57 MovingFrameQueue Appended
INFO:root:2021-07-27-10--49--57 anomallyFrameTracker resetted to 200
INFO:root:2021-07-27-10--49--57 Colour Conversion Completed
INFO:root:2021-07-27-10--49--57 Sleep Check Completed
INFO:root:2021-07-27-10--49--57 Frame manipulations completed
INFO:root:2021-07-27-10--49--57 Bounding Box Drawn
INFO:root:2021-07-27-10--49--57 MovingFrameQueue Popped
INFO:root:2021-07-27-10--49--57 anomallyFrameTracker resetted to 200
INFO:root:2021-07-27-10--49--57 Colour Conversion Completed
INFO:root:2021-07-27-10--49--57 Sleep Check Completed
INFO:root:2021-07-27-10--49--57 Frame manipulations completed
INFO:root:2021-07-27-10--49--57 Bounding Box Drawn
INFO:root:2021-07-27-10--49--57 MovingFrameQueue Appended
INFO:root:2021-07-27-10--49--57 anomallyFrameTracker resetted to 200
INFO:root:2021-07-27-10--49--57 Colour Conversion Completed
INFO:root:2021-07-27-10--49--57 Sleep Check Completed
INFO:root:2021-07-27-10--49--57 Frame manipulations completed
INFO:root:2021-07-27-10--49--57 Bounding Box Drawn
INFO:root:2021-07-27-10--49--58 MovingFrameQueue Popped
INFO:root:2021-07-27-10--49--58 anomallyFrameTracker resetted to 200
INFO:root:2021-07-27-10--49--58 Colour Conversion Completed
INFO:root:2021-07-27-10--49--58 Sleep Check Completed
INFO:root:2021-07-27-10--49--58 Frame manipulations completed
INFO:root:2021-07-27-10--49--58 Bounding Box Drawn
INFO:root:2021-07-27-10--49--58 MovingFrameQueue Appended
INFO:root:2021-07-27-10--49--58 anomallyFrameTracker resetted to 200
INFO:root:2021-07-27-10--49--58 Colour Conversion Completed
INFO:root:2021-07-27-10--49--58 Sleep Check Completed
INFO:root:2021-07-27-10--49--58 Frame manipulations completed
INFO:root:2021-07-27-10--49--58 Bounding Box Drawn
INFO:root:2021-07-27-10--49--58 MovingFrameQueue Popped
INFO:root:2021-07-27-10--49--58 anomallyFrameTracker resetted to 200
INFO:root:2021-07-27-10--49--58 Colour Conversion Completed
INFO:root:2021-07-27-10--49--59 Sleep Check Completed
INFO:root:2021-07-27-10--49--59 Frame manipulations completed
INFO:root:2021-07-27-10--49--59 Bounding Box Drawn
INFO:root:2021-07-27-10--49--59 MovingFrameQueue Appended
INFO:root:2021-07-27-10--49--59 anomallyFrameTracker resetted to 200
INFO:root:2021-07-27-10--49--59 Colour Conversion Completed
INFO:root:2021-07-27-10--49--59 Sleep Check Completed
INFO:root:2021-07-27-10--49--59 Frame manipulations completed
INFO:root:2021-07-27-10--49--59 Bounding Box Drawn
INFO:root:2021-07-27-10--49--59 MovingFrameQueue Popped
INFO:root:2021-07-27-10--49--59 anomallyFrameTracker resetted to 200
INFO:root:2021-07-27-10--49--59 Colour Conversion Completed
INFO:root:2021-07-27-10--49--59 Sleep Check Completed
INFO:root:2021-07-27-10--49--59 Frame manipulations completed
INFO:root:2021-07-27-10--49--59 Bounding Box Drawn
INFO:root:2021-07-27-10--49--59 MovingFrameQueue Appended
INFO:root:2021-07-27-10--49--59 anomallyFrameTracker resetted to 200
INFO:root:2021-07-27-10--49--59 Colour Conversion Completed
INFO:root:2021-07-27-10--49--59 Sleep Check Completed
INFO:root:2021-07-27-10--49--59 Frame manipulations completed
INFO:root:2021-07-27-10--49--59 Bounding Box Drawn
INFO:root:2021-07-27-10--49--59 MovingFrameQueue Popped
INFO:root:2021-07-27-10--49--59 anomallyFrameTracker resetted to 200
INFO:root:2021-07-27-10--49--59 Colour Conversion Completed
INFO:root:2021-07-27-10--49--59 Sleep Check Completed
INFO:root:2021-07-27-10--49--59 Frame manipulations completed
INFO:root:2021-07-27-10--49--59 Bounding Box Drawn
INFO:root:2021-07-27-10--49--59 MovingFrameQueue Appended
INFO:root:2021-07-27-10--49--59 anomallyFrameTracker resetted to 200
INFO:root:2021-07-27-10--49--59 Colour Conversion Completed
INFO:root:2021-07-27-10--49--59 Sleep Check Completed
INFO:root:2021-07-27-10--49--59 Frame manipulations completed
INFO:root:2021-07-27-10--49--59 Bounding Box Drawn
INFO:root:2021-07-27-10--49--59 MovingFrameQueue Popped
INFO:root:2021-07-27-10--49--59 anomallyFrameTracker resetted to 200
INFO:root:2021-07-27-10--49--59 Colour Conversion Completed
INFO:root:2021-07-27-10--49--59 Sleep Check Completed
INFO:root:2021-07-27-10--49--59 Frame manipulations completed
INFO:root:2021-07-27-10--49--59 Bounding Box Drawn
INFO:root:2021-07-27-10--49--59 MovingFrameQueue Appended
INFO:root:2021-07-27-10--49--59 anomallyFrameTracker resetted to 200
INFO:root:2021-07-27-10--49--59 Colour Conversion Completed
INFO:root:2021-07-27-10--49--59 Sleep Check Completed
INFO:root:2021-07-27-10--49--59 Frame manipulations completed
INFO:root:2021-07-27-10--49--59 Bounding Box Drawn
INFO:root:2021-07-27-10--49--59 MovingFrameQueue Popped
INFO:root:2021-07-27-10--49--59 anomallyFrameTracker resetted to 200
INFO:root:2021-07-27-10--49--59 Colour Conversion Completed
INFO:root:2021-07-27-10--49--59 Sleep Check Completed
INFO:root:2021-07-27-10--49--59 Frame manipulations completed
INFO:root:2021-07-27-10--49--59 Bounding Box Drawn
INFO:root:2021-07-27-10--49--59 MovingFrameQueue Appended
INFO:root:2021-07-27-10--49--59 anomallyFrameTracker resetted to 200
INFO:root:2021-07-27-10--50--00 Colour Conversion Completed
INFO:root:2021-07-27-10--50--00 Sleep Check Completed
INFO:root:2021-07-27-10--50--00 Frame manipulations completed
INFO:root:2021-07-27-10--50--00 Bounding Box Drawn
INFO:root:2021-07-27-10--50--00 MovingFrameQueue Popped
INFO:root:2021-07-27-10--50--00 anomallyFrameTracker resetted to 200
INFO:root:2021-07-27-10--50--00 Colour Conversion Completed
INFO:root:2021-07-27-10--50--00 Sleep Check Completed
INFO:root:2021-07-27-10--50--00 Frame manipulations completed
INFO:root:2021-07-27-10--50--00 Bounding Box Drawn
INFO:root:2021-07-27-10--50--00 MovingFrameQueue Appended
INFO:root:2021-07-27-10--50--00 anomallyFrameTracker resetted to 200
INFO:root:2021-07-27-10--50--00 Colour Conversion Completed
INFO:root:2021-07-27-10--50--00 Sleep Check Completed
INFO:root:2021-07-27-10--50--00 Frame manipulations completed
INFO:root:2021-07-27-10--50--00 Bounding Box Drawn
INFO:root:2021-07-27-10--50--00 MovingFrameQueue Popped
INFO:root:2021-07-27-10--50--00 anomallyFrameTracker resetted to 200
INFO:root:2021-07-27-10--50--00 Colour Conversion Completed
INFO:root:2021-07-27-10--50--00 Sleep Check Completed
INFO:root:2021-07-27-10--50--00 Frame manipulations completed
INFO:root:2021-07-27-10--50--00 Bounding Box Drawn
INFO:root:2021-07-27-10--50--00 MovingFrameQueue Appended
INFO:root:2021-07-27-10--50--00 anomallyFrameTracker resetted to 200
INFO:root:2021-07-27-10--50--00 Colour Conversion Completed
INFO:root:2021-07-27-10--50--00 Sleep Check Completed
INFO:root:2021-07-27-10--50--00 Frame manipulations completed
INFO:root:2021-07-27-10--50--00 Bounding Box Drawn
INFO:root:2021-07-27-10--50--01 MovingFrameQueue Popped
INFO:root:2021-07-27-10--50--01 anomallyFrameTracker resetted to 200
INFO:root:2021-07-27-10--50--01 Colour Conversion Completed
INFO:root:2021-07-27-10--50--01 Sleep Check Completed
INFO:root:2021-07-27-10--50--01 Frame manipulations completed
INFO:root:2021-07-27-10--50--01 Bounding Box Drawn
INFO:root:2021-07-27-10--50--01 MovingFrameQueue Appended
INFO:root:2021-07-27-10--50--01 anomallyFrameTracker resetted to 200
INFO:root:2021-07-27-10--50--01 Colour Conversion Completed
INFO:root:2021-07-27-10--50--01 Sleep Check Completed
INFO:root:2021-07-27-10--50--01 Frame manipulations completed
INFO:root:2021-07-27-10--50--01 Bounding Box Drawn
INFO:root:2021-07-27-10--50--02 MovingFrameQueue Popped
INFO:root:2021-07-27-10--50--02 anomallyFrameTracker resetted to 200
INFO:root:2021-07-27-10--50--02 Colour Conversion Completed
INFO:root:2021-07-27-10--50--02 Sleep Check Completed
INFO:root:2021-07-27-10--50--02 Frame manipulations completed
INFO:root:2021-07-27-10--50--02 Bounding Box Drawn
INFO:root:2021-07-27-10--50--02 MovingFrameQueue Appended
INFO:root:2021-07-27-10--50--02 anomallyFrameTracker resetted to 200
INFO:root:2021-07-27-10--50--02 Colour Conversion Completed
INFO:root:2021-07-27-10--50--02 Sleep Check Completed
INFO:root:2021-07-27-10--50--02 Frame manipulations completed
INFO:root:2021-07-27-10--50--02 Bounding Box Drawn
INFO:root:2021-07-27-10--50--03 MovingFrameQueue Popped
INFO:root:2021-07-27-10--50--03 anomallyFrameTracker resetted to 200
INFO:root:2021-07-27-10--50--03 Colour Conversion Completed
INFO:root:2021-07-27-10--50--03 Sleep Check Completed
INFO:root:2021-07-27-10--50--03 Frame manipulations completed
INFO:root:2021-07-27-10--50--03 Bounding Box Drawn
INFO:root:2021-07-27-10--50--03 MovingFrameQueue Appended
INFO:root:2021-07-27-10--50--03 anomallyFrameTracker resetted to 200
INFO:root:2021-07-27-10--50--03 Colour Conversion Completed
INFO:root:2021-07-27-10--50--03 Sleep Check Completed
INFO:root:2021-07-27-10--50--03 Frame manipulations completed
INFO:root:2021-07-27-10--50--03 Bounding Box Drawn
INFO:root:2021-07-27-10--50--03 MovingFrameQueue Popped
INFO:root:2021-07-27-10--50--03 anomallyFrameTracker resetted to 200
INFO:root:2021-07-27-10--50--03 Colour Conversion Completed
INFO:root:2021-07-27-10--50--03 Sleep Check Completed
INFO:root:2021-07-27-10--50--03 Frame manipulations completed
INFO:root:2021-07-27-10--50--03 Bounding Box Drawn
INFO:root:2021-07-27-10--50--04 MovingFrameQueue Appended
INFO:root:2021-07-27-10--50--04 anomallyFrameTracker resetted to 200
INFO:root:2021-07-27-10--50--04 Colour Conversion Completed
INFO:root:2021-07-27-10--50--04 Sleep Check Completed
INFO:root:2021-07-27-10--50--04 Frame manipulations completed
INFO:root:2021-07-27-10--50--04 Bounding Box Drawn
INFO:root:2021-07-27-10--50--05 MovingFrameQueue Popped
INFO:root:2021-07-27-10--50--05 anomallyFrameTracker resetted to 200
INFO:root:2021-07-27-10--50--05 Colour Conversion Completed
INFO:root:2021-07-27-10--50--05 Sleep Check Completed
INFO:root:2021-07-27-10--50--05 Frame manipulations completed
INFO:root:2021-07-27-10--50--05 Bounding Box Drawn
INFO:root:2021-07-27-10--50--05 MovingFrameQueue Appended
INFO:root:2021-07-27-10--50--05 anomallyFrameTracker resetted to 200
INFO:root:2021-07-27-10--50--05 Colour Conversion Completed
INFO:root:2021-07-27-10--50--05 Sleep Check Completed
INFO:root:2021-07-27-10--50--05 Frame manipulations completed
INFO:root:2021-07-27-10--50--05 Bounding Box Drawn
INFO:root:2021-07-27-10--50--06 MovingFrameQueue Popped
INFO:root:2021-07-27-10--50--06 anomallyFrameTracker resetted to 200
INFO:root:2021-07-27-10--50--06 Colour Conversion Completed
INFO:root:2021-07-27-10--50--06 Sleep Check Completed
INFO:root:2021-07-27-10--50--06 Frame manipulations completed
INFO:root:2021-07-27-10--50--06 Bounding Box Drawn
INFO:root:2021-07-27-10--50--06 MovingFrameQueue Appended
INFO:root:2021-07-27-10--50--06 anomallyFrameTracker resetted to 200
INFO:root:2021-07-27-10--50--06 Colour Conversion Completed
INFO:root:2021-07-27-10--50--06 Sleep Check Completed
INFO:root:2021-07-27-10--50--06 Frame manipulations completed
INFO:root:2021-07-27-10--50--06 Bounding Box Drawn
INFO:root:2021-07-27-10--50--07 MovingFrameQueue Popped
INFO:root:2021-07-27-10--50--07 anomallyFrameTracker resetted to 200
INFO:root:2021-07-27-10--50--07 Colour Conversion Completed
INFO:root:2021-07-27-10--50--07 Sleep Check Completed
INFO:root:2021-07-27-10--50--07 Frame manipulations completed
INFO:root:2021-07-27-10--50--07 Bounding Box Drawn
INFO:root:2021-07-27-10--50--07 MovingFrameQueue Appended
INFO:root:2021-07-27-10--50--07 anomallyFrameTracker resetted to 200
INFO:root:2021-07-27-10--50--07 Colour Conversion Completed
INFO:root:2021-07-27-10--50--07 Sleep Check Completed
INFO:root:2021-07-27-10--50--07 Frame manipulations completed
INFO:root:2021-07-27-10--50--07 Bounding Box Drawn
INFO:root:2021-07-27-10--50--08 MovingFrameQueue Popped
INFO:root:2021-07-27-10--50--08 anomallyFrameTracker resetted to 200
INFO:root:2021-07-27-10--50--08 Colour Conversion Completed
INFO:root:2021-07-27-10--50--08 Sleep Check Completed
INFO:root:2021-07-27-10--50--08 Frame manipulations completed
INFO:root:2021-07-27-10--50--08 Bounding Box Drawn
INFO:root:2021-07-27-10--50--08 MovingFrameQueue Appended
INFO:root:2021-07-27-10--50--08 anomallyFrameTracker resetted to 200
INFO:root:2021-07-27-10--50--08 Colour Conversion Completed
INFO:root:2021-07-27-10--50--08 Sleep Check Completed
INFO:root:2021-07-27-10--50--08 Frame manipulations completed
INFO:root:2021-07-27-10--50--08 Bounding Box Drawn
INFO:root:2021-07-27-10--50--09 MovingFrameQueue Popped
INFO:root:2021-07-27-10--50--09 anomallyFrameTracker resetted to 200
INFO:root:2021-07-27-10--50--09 Colour Conversion Completed
INFO:root:2021-07-27-10--50--09 Sleep Check Completed
INFO:root:2021-07-27-10--50--09 Frame manipulations completed
INFO:root:2021-07-27-10--50--09 Bounding Box Drawn
INFO:root:2021-07-27-10--50--09 MovingFrameQueue Appended
INFO:root:2021-07-27-10--50--09 anomallyFrameTracker resetted to 200
INFO:root:2021-07-27-10--50--09 Colour Conversion Completed
INFO:root:2021-07-27-10--50--09 Sleep Check Completed
INFO:root:2021-07-27-10--50--09 Frame manipulations completed
INFO:root:2021-07-27-10--50--09 Bounding Box Drawn
INFO:root:2021-07-27-10--50--10 MovingFrameQueue Popped
INFO:root:2021-07-27-10--50--10 anomallyFrameTracker resetted to 200
INFO:root:2021-07-27-10--50--10 Colour Conversion Completed
INFO:root:2021-07-27-10--50--10 Sleep Check Completed
INFO:root:2021-07-27-10--50--10 Frame manipulations completed
INFO:root:2021-07-27-10--50--10 Bounding Box Drawn
INFO:root:2021-07-27-10--50--10 MovingFrameQueue Appended
INFO:root:2021-07-27-10--50--10 anomallyFrameTracker resetted to 200
INFO:root:2021-07-27-10--50--10 Colour Conversion Completed
INFO:root:2021-07-27-10--50--10 Sleep Check Completed
INFO:root:2021-07-27-10--50--10 Frame manipulations completed
INFO:root:2021-07-27-10--50--10 Bounding Box Drawn
INFO:root:2021-07-27-10--50--11 MovingFrameQueue Popped
INFO:root:2021-07-27-10--50--11 anomallyFrameTracker resetted to 200
INFO:root:2021-07-27-10--50--11 Colour Conversion Completed
INFO:root:2021-07-27-10--50--11 Sleep Check Completed
INFO:root:2021-07-27-10--50--11 Frame manipulations completed
INFO:root:2021-07-27-10--50--11 Bounding Box Drawn
INFO:root:2021-07-27-10--50--12 MovingFrameQueue Appended
INFO:root:2021-07-27-10--50--12 anomallyFrameTracker resetted to 200
INFO:root:2021-07-27-10--50--12 Colour Conversion Completed
INFO:root:2021-07-27-10--50--12 Sleep Check Completed
INFO:root:2021-07-27-10--50--12 Frame manipulations completed
INFO:root:2021-07-27-10--50--12 Bounding Box Drawn
INFO:root:2021-07-27-10--50--12 MovingFrameQueue Popped
INFO:root:2021-07-27-10--50--12 anomallyFrameTracker resetted to 200
INFO:root:2021-07-27-10--50--12 Colour Conversion Completed
INFO:root:2021-07-27-10--50--12 Sleep Check Completed
INFO:root:2021-07-27-10--50--12 Frame manipulations completed
INFO:root:2021-07-27-10--50--12 Bounding Box Drawn
INFO:root:2021-07-27-10--50--12 MovingFrameQueue Appended
INFO:root:2021-07-27-10--50--12 anomallyFrameTracker resetted to 200
INFO:root:2021-07-27-10--50--12 Colour Conversion Completed
INFO:root:2021-07-27-10--50--13 Sleep Check Completed
INFO:root:2021-07-27-10--50--13 Frame manipulations completed
INFO:root:2021-07-27-10--50--13 Bounding Box Drawn
INFO:root:2021-07-27-10--50--13 MovingFrameQueue Popped
INFO:root:2021-07-27-10--50--13 anomallyFrameTracker resetted to 200
INFO:root:2021-07-27-10--50--13 Colour Conversion Completed
INFO:root:2021-07-27-10--50--13 Sleep Check Completed
INFO:root:2021-07-27-10--50--13 Frame manipulations completed
INFO:root:2021-07-27-10--50--13 Bounding Box Drawn
INFO:root:2021-07-27-10--50--13 MovingFrameQueue Appended
INFO:root:2021-07-27-10--50--13 anomallyFrameTracker resetted to 200
INFO:root:2021-07-27-10--50--13 Colour Conversion Completed
INFO:root:2021-07-27-10--50--13 Sleep Check Completed
INFO:root:2021-07-27-10--50--13 Frame manipulations completed
INFO:root:2021-07-27-10--50--13 Bounding Box Drawn
INFO:root:2021-07-27-10--50--14 MovingFrameQueue Popped
INFO:root:2021-07-27-10--50--14 anomallyFrameTracker resetted to 200
INFO:root:2021-07-27-10--50--14 Colour Conversion Completed
INFO:root:2021-07-27-10--50--14 Sleep Check Completed
INFO:root:2021-07-27-10--50--14 Frame manipulations completed
INFO:root:2021-07-27-10--50--14 Bounding Box Drawn
INFO:root:2021-07-27-10--50--14 MovingFrameQueue Appended
INFO:root:2021-07-27-10--50--14 anomallyFrameTracker resetted to 200
INFO:root:2021-07-27-10--50--14 Colour Conversion Completed
INFO:root:2021-07-27-10--50--14 Sleep Check Completed
INFO:root:2021-07-27-10--50--14 Frame manipulations completed
INFO:root:2021-07-27-10--50--14 Bounding Box Drawn
INFO:root:2021-07-27-10--50--15 MovingFrameQueue Popped
INFO:root:2021-07-27-10--50--15 anomallyFrameTracker resetted to 200
INFO:root:2021-07-27-10--50--15 Colour Conversion Completed
INFO:root:2021-07-27-10--50--15 Sleep Check Completed
INFO:root:2021-07-27-10--50--15 Frame manipulations completed
INFO:root:2021-07-27-10--50--15 Bounding Box Drawn
INFO:root:2021-07-27-10--50--15 MovingFrameQueue Appended
INFO:root:2021-07-27-10--50--15 anomallyFrameTracker resetted to 200
INFO:root:2021-07-27-10--50--15 Colour Conversion Completed
INFO:root:2021-07-27-10--50--15 Sleep Check Completed
INFO:root:2021-07-27-10--50--15 Frame manipulations completed
INFO:root:2021-07-27-10--50--15 Bounding Box Drawn
INFO:root:2021-07-27-10--50--16 MovingFrameQueue Popped
INFO:root:2021-07-27-10--50--16 anomallyFrameTracker resetted to 200
INFO:root:2021-07-27-10--50--16 Colour Conversion Completed
INFO:root:2021-07-27-10--50--16 Sleep Check Completed
INFO:root:2021-07-27-10--50--16 Frame manipulations completed
INFO:root:2021-07-27-10--50--16 Bounding Box Drawn
INFO:root:2021-07-27-10--50--16 MovingFrameQueue Appended
INFO:root:2021-07-27-10--50--16 anomallyFrameTracker resetted to 200
INFO:root:2021-07-27-10--50--16 Colour Conversion Completed
INFO:root:2021-07-27-10--50--16 Sleep Check Completed
INFO:root:2021-07-27-10--50--16 Frame manipulations completed
INFO:root:2021-07-27-10--50--16 Bounding Box Drawn
INFO:root:2021-07-27-10--50--17 MovingFrameQueue Popped
INFO:root:2021-07-27-10--50--17 anomallyFrameTracker resetted to 200
INFO:root:2021-07-27-10--50--17 Colour Conversion Completed
INFO:root:2021-07-27-10--50--17 Sleep Check Completed
INFO:root:2021-07-27-10--50--17 Frame manipulations completed
INFO:root:2021-07-27-10--50--17 Bounding Box Drawn
INFO:root:2021-07-27-10--50--17 MovingFrameQueue Appended
INFO:root:2021-07-27-10--50--17 anomallyFrameTracker resetted to 200
INFO:root:2021-07-27-10--50--17 Colour Conversion Completed
INFO:root:2021-07-27-10--50--17 Sleep Check Completed
INFO:root:2021-07-27-10--50--17 Frame manipulations completed
INFO:root:2021-07-27-10--50--17 Bounding Box Drawn
INFO:root:2021-07-27-10--50--18 MovingFrameQueue Popped
INFO:root:2021-07-27-10--50--18 anomallyFrameTracker resetted to 200
INFO:root:2021-07-27-10--50--18 Colour Conversion Completed
INFO:root:2021-07-27-10--50--18 Sleep Check Completed
INFO:root:2021-07-27-10--50--18 Frame manipulations completed
INFO:root:2021-07-27-10--50--18 Bounding Box Drawn
INFO:root:2021-07-27-10--50--18 MovingFrameQueue Appended
INFO:root:2021-07-27-10--50--18 anomallyFrameTracker resetted to 200
INFO:root:2021-07-27-10--50--18 Colour Conversion Completed
INFO:root:2021-07-27-10--50--18 Sleep Check Completed
INFO:root:2021-07-27-10--50--18 Frame manipulations completed
INFO:root:2021-07-27-10--50--18 Bounding Box Drawn
INFO:root:2021-07-27-10--50--19 MovingFrameQueue Popped
INFO:root:2021-07-27-10--50--19 anomallyFrameTracker resetted to 200
INFO:root:2021-07-27-10--50--19 Colour Conversion Completed
INFO:root:2021-07-27-10--50--19 Sleep Check Completed
INFO:root:2021-07-27-10--50--19 Frame manipulations completed
INFO:root:2021-07-27-10--50--19 Bounding Box Drawn
INFO:root:2021-07-27-10--50--19 MovingFrameQueue Appended
INFO:root:2021-07-27-10--50--19 anomallyFrameTracker resetted to 200
INFO:root:2021-07-27-10--50--19 Colour Conversion Completed
INFO:root:2021-07-27-10--50--19 Sleep Check Completed
INFO:root:2021-07-27-10--50--19 Frame manipulations completed
INFO:root:2021-07-27-10--50--19 Bounding Box Drawn
INFO:root:2021-07-27-10--50--20 MovingFrameQueue Popped
INFO:root:2021-07-27-10--50--20 anomallyFrameTracker resetted to 200
INFO:root:2021-07-27-10--50--20 Colour Conversion Completed
INFO:root:2021-07-27-10--50--20 Sleep Check Completed
INFO:root:2021-07-27-10--50--20 Frame manipulations completed
INFO:root:2021-07-27-10--50--20 Bounding Box Drawn
INFO:root:2021-07-27-10--50--21 MovingFrameQueue Appended
INFO:root:2021-07-27-10--50--21 anomallyFrameTracker resetted to 200
INFO:root:2021-07-27-10--50--21 Colour Conversion Completed
INFO:root:2021-07-27-10--50--21 Sleep Check Completed
INFO:root:2021-07-27-10--50--21 Frame manipulations completed
INFO:root:2021-07-27-10--50--21 Bounding Box Drawn
INFO:root:2021-07-27-10--50--21 MovingFrameQueue Popped
INFO:root:2021-07-27-10--50--21 anomallyFrameTracker resetted to 200
INFO:root:2021-07-27-10--50--21 Colour Conversion Completed
INFO:root:2021-07-27-10--50--21 Sleep Check Completed
INFO:root:2021-07-27-10--50--21 Frame manipulations completed
INFO:root:2021-07-27-10--50--21 Bounding Box Drawn
INFO:root:2021-07-27-10--50--21 MovingFrameQueue Appended
INFO:root:2021-07-27-10--50--21 Anomally Detected, starting call for more frames
INFO:root:2021-07-27-10--50--21 anomallyFrameTracker resetted to 200
INFO:root:2021-07-27-10--50--21 Colour Conversion Completed
INFO:root:2021-07-27-10--50--21 Sleep Check Completed
INFO:root:2021-07-27-10--50--21 Frame manipulations completed
INFO:root:2021-07-27-10--50--21 Bounding Box Drawn
INFO:root:2021-07-27-10--50--22 MovingFrameQueue Popped
INFO:root:2021-07-27-10--50--22 Anomally Detected, starting call for more frames
INFO:root:2021-07-27-10--50--22 anomallyFrameTracker resetted to 200
INFO:root:2021-07-27-10--50--22 Colour Conversion Completed
INFO:root:2021-07-27-10--50--22 Sleep Check Completed
INFO:root:2021-07-27-10--50--22 Frame manipulations completed
INFO:root:2021-07-27-10--50--22 Bounding Box Drawn
INFO:root:2021-07-27-10--50--22 MovingFrameQueue Appended
INFO:root:2021-07-27-10--50--22 Anomally Detected, starting call for more frames
INFO:root:2021-07-27-10--50--22 anomallyFrameTracker resetted to 200
INFO:root:2021-07-27-10--50--22 Colour Conversion Completed
INFO:root:2021-07-27-10--50--22 Sleep Check Completed
INFO:root:2021-07-27-10--50--22 Frame manipulations completed
INFO:root:2021-07-27-10--50--22 Bounding Box Drawn
INFO:root:2021-07-27-10--50--23 MovingFrameQueue Popped
INFO:root:2021-07-27-10--50--23 Anomally Detected, starting call for more frames
INFO:root:2021-07-27-10--50--23 anomallyFrameTracker resetted to 200
INFO:root:2021-07-27-10--50--23 Colour Conversion Completed
INFO:root:2021-07-27-10--50--23 Sleep Check Completed
INFO:root:2021-07-27-10--50--23 Frame manipulations completed
INFO:root:2021-07-27-10--50--23 Bounding Box Drawn
INFO:root:2021-07-27-10--50--23 MovingFrameQueue Appended
INFO:root:2021-07-27-10--50--23 Anomally Detected, starting call for more frames
INFO:root:2021-07-27-10--50--23 anomallyFrameTracker resetted to 200
INFO:root:2021-07-27-10--50--23 Colour Conversion Completed
INFO:root:2021-07-27-10--50--23 Sleep Check Completed
INFO:root:2021-07-27-10--50--23 Frame manipulations completed
INFO:root:2021-07-27-10--50--23 Bounding Box Drawn
INFO:root:2021-07-27-10--50--24 MovingFrameQueue Popped
INFO:root:2021-07-27-10--50--24 Anomally Detected, starting call for more frames
INFO:root:2021-07-27-10--50--24 anomallyFrameTracker resetted to 200
INFO:root:2021-07-27-10--50--24 Colour Conversion Completed
INFO:root:2021-07-27-10--50--24 Sleep Check Completed
INFO:root:2021-07-27-10--50--24 Frame manipulations completed
INFO:root:2021-07-27-10--50--24 Bounding Box Drawn
INFO:root:2021-07-27-10--50--24 MovingFrameQueue Appended
INFO:root:2021-07-27-10--50--24 Anomally Detected, starting call for more frames
INFO:root:2021-07-27-10--50--24 anomallyFrameTracker resetted to 200
INFO:root:2021-07-27-10--50--24 Colour Conversion Completed
INFO:root:2021-07-27-10--50--24 Sleep Check Completed
INFO:root:2021-07-27-10--50--24 Frame manipulations completed
INFO:root:2021-07-27-10--50--24 Bounding Box Drawn
INFO:root:2021-07-27-10--50--25 MovingFrameQueue Popped
INFO:root:2021-07-27-10--50--25 Anomally Detected, starting call for more frames
INFO:root:2021-07-27-10--50--25 anomallyFrameTracker resetted to 200
INFO:root:2021-07-27-10--50--25 Colour Conversion Completed
INFO:root:2021-07-27-10--50--25 Sleep Check Completed
INFO:root:2021-07-27-10--50--25 Frame manipulations completed
INFO:root:2021-07-27-10--50--25 Bounding Box Drawn
INFO:root:2021-07-27-10--50--25 MovingFrameQueue Appended
INFO:root:2021-07-27-10--50--25 Anomally Detected, starting call for more frames
INFO:root:2021-07-27-10--50--25 anomallyFrameTracker resetted to 200
INFO:root:2021-07-27-10--50--25 Colour Conversion Completed
INFO:root:2021-07-27-10--50--25 Sleep Check Completed
INFO:root:2021-07-27-10--50--25 Frame manipulations completed
INFO:root:2021-07-27-10--50--25 Bounding Box Drawn
INFO:root:2021-07-27-10--50--26 MovingFrameQueue Popped
INFO:root:2021-07-27-10--50--26 Anomally Detected, starting call for more frames
INFO:root:2021-07-27-10--50--26 anomallyFrameTracker resetted to 200
INFO:root:2021-07-27-10--50--26 Colour Conversion Completed
INFO:root:2021-07-27-10--50--26 Sleep Check Completed
INFO:root:2021-07-27-10--50--26 Frame manipulations completed
INFO:root:2021-07-27-10--50--26 Bounding Box Drawn
INFO:root:2021-07-27-10--50--26 MovingFrameQueue Appended
INFO:root:2021-07-27-10--50--26 Anomally Detected, starting call for more frames
INFO:root:2021-07-27-10--50--26 anomallyFrameTracker resetted to 200
INFO:root:2021-07-27-10--50--26 Colour Conversion Completed
INFO:root:2021-07-27-10--50--26 Sleep Check Completed
INFO:root:2021-07-27-10--50--26 Frame manipulations completed
INFO:root:2021-07-27-10--50--26 Bounding Box Drawn
INFO:root:2021-07-27-10--50--27 MovingFrameQueue Popped
INFO:root:2021-07-27-10--50--27 Anomally Detected, starting call for more frames
INFO:root:2021-07-27-10--50--27 anomallyFrameTracker resetted to 200
INFO:root:2021-07-27-10--50--27 Colour Conversion Completed
INFO:root:2021-07-27-10--50--27 Sleep Check Completed
INFO:root:2021-07-27-10--50--27 Frame manipulations completed
INFO:root:2021-07-27-10--50--27 Bounding Box Drawn
INFO:root:2021-07-27-10--50--27 MovingFrameQueue Appended
INFO:root:2021-07-27-10--50--27 Anomally Detected, starting call for more frames
INFO:root:2021-07-27-10--50--27 anomallyFrameTracker resetted to 200
INFO:root:2021-07-27-10--50--27 Colour Conversion Completed
INFO:root:2021-07-27-10--50--27 Sleep Check Completed
INFO:root:2021-07-27-10--50--27 Frame manipulations completed
INFO:root:2021-07-27-10--50--27 Bounding Box Drawn
INFO:root:2021-07-27-10--50--28 MovingFrameQueue Popped
INFO:root:2021-07-27-10--50--28 Anomally Detected, starting call for more frames
INFO:root:2021-07-27-10--50--28 anomallyFrameTracker resetted to 200
INFO:root:2021-07-27-10--50--28 Colour Conversion Completed
INFO:root:2021-07-27-10--50--28 Sleep Check Completed
INFO:root:2021-07-27-10--50--28 Frame manipulations completed
INFO:root:2021-07-27-10--50--28 Bounding Box Drawn
INFO:root:2021-07-27-10--50--28 MovingFrameQueue Appended
INFO:root:2021-07-27-10--50--28 Anomally Detected, starting call for more frames
INFO:root:2021-07-27-10--50--28 anomallyFrameTracker resetted to 200
INFO:root:2021-07-27-10--50--28 Colour Conversion Completed
INFO:root:2021-07-27-10--50--28 Sleep Check Completed
INFO:root:2021-07-27-10--50--28 Frame manipulations completed
INFO:root:2021-07-27-10--50--28 Bounding Box Drawn
INFO:root:2021-07-27-10--50--28 MovingFrameQueue Popped
INFO:root:2021-07-27-10--50--28 Anomally Detected, starting call for more frames
INFO:root:2021-07-27-10--50--28 anomallyFrameTracker resetted to 200
INFO:root:2021-07-27-10--50--28 Colour Conversion Completed
INFO:root:2021-07-27-10--50--28 Sleep Check Completed
INFO:root:2021-07-27-10--50--28 Frame manipulations completed
INFO:root:2021-07-27-10--50--28 Bounding Box Drawn
INFO:root:2021-07-27-10--50--29 MovingFrameQueue Appended
INFO:root:2021-07-27-10--50--29 Anomally Detected, starting call for more frames
INFO:root:2021-07-27-10--50--29 anomallyFrameTracker resetted to 200
INFO:root:2021-07-27-10--50--29 Colour Conversion Completed
INFO:root:2021-07-27-10--50--29 Sleep Check Completed
INFO:root:2021-07-27-10--50--29 Frame manipulations completed
INFO:root:2021-07-27-10--50--29 Bounding Box Drawn
INFO:root:2021-07-27-10--50--30 MovingFrameQueue Popped
INFO:root:2021-07-27-10--50--30 Anomally Detected, starting call for more frames
INFO:root:2021-07-27-10--50--30 anomallyFrameTracker resetted to 200
INFO:root:2021-07-27-10--50--30 Colour Conversion Completed
INFO:root:2021-07-27-10--50--30 Sleep Check Completed
INFO:root:2021-07-27-10--50--30 Frame manipulations completed
INFO:root:2021-07-27-10--50--30 Bounding Box Drawn
INFO:root:2021-07-27-10--50--31 MovingFrameQueue Appended
INFO:root:2021-07-27-10--50--31 Anomally Detected, starting call for more frames
INFO:root:2021-07-27-10--50--31 anomallyFrameTracker resetted to 200
INFO:root:2021-07-27-10--50--31 Colour Conversion Completed
INFO:root:2021-07-27-10--50--31 Sleep Check Completed
INFO:root:2021-07-27-10--50--31 Frame manipulations completed
INFO:root:2021-07-27-10--50--31 Bounding Box Drawn
INFO:root:2021-07-27-10--50--32 MovingFrameQueue Popped
INFO:root:2021-07-27-10--50--32 anomallyFrameTracker resetted to 200
INFO:root:2021-07-27-10--50--32 Colour Conversion Completed
INFO:root:2021-07-27-10--50--32 Sleep Check Completed
INFO:root:2021-07-27-10--50--32 Frame manipulations completed
INFO:root:2021-07-27-10--50--32 Bounding Box Drawn
INFO:root:2021-07-27-10--50--32 MovingFrameQueue Appended
INFO:root:2021-07-27-10--50--32 anomallyFrameTracker resetted to 200
INFO:root:2021-07-27-10--50--32 Colour Conversion Completed
INFO:root:2021-07-27-10--50--32 Sleep Check Completed
INFO:root:2021-07-27-10--50--32 Frame manipulations completed
INFO:root:2021-07-27-10--50--32 Bounding Box Drawn
INFO:root:2021-07-27-10--50--33 MovingFrameQueue Popped
INFO:root:2021-07-27-10--50--33 anomallyFrameTracker resetted to 200
INFO:root:2021-07-27-10--50--33 Colour Conversion Completed
INFO:root:2021-07-27-10--50--33 Sleep Check Completed
INFO:root:2021-07-27-10--50--33 Frame manipulations completed
INFO:root:2021-07-27-10--50--33 Bounding Box Drawn
INFO:root:2021-07-27-10--50--33 MovingFrameQueue Appended
INFO:root:2021-07-27-10--50--33 anomallyFrameTracker resetted to 200
INFO:root:2021-07-27-10--50--33 Colour Conversion Completed
INFO:root:2021-07-27-10--50--33 Sleep Check Completed
INFO:root:2021-07-27-10--50--33 Frame manipulations completed
INFO:root:2021-07-27-10--50--33 Bounding Box Drawn
INFO:root:2021-07-27-10--50--33[INFO] elapsed time: 54.61
INFO:root:2021-07-27-10--50--33[INFO] approx. FPS: 2.66
INFO:root:2021-07-27-10--50--34 Getting Auth Token Success
INFO:root:2021-07-27-10--50--34 Anomalous Detection Video Upload Completed
INFO:root:2021-07-27-10--50--34 Getting Auth Token Success
INFO:root:2021-07-27-10--50--34 BedTime Upload Completed
