INFO:root:2021-08-05-14--38--49 Parameter Generation Success
INFO:root:2021-08-05-14--38--50 Colour Conversion Completed
INFO:root:2021-08-05-14--38--50 Sleep Check Completed
INFO:root:2021-08-05-14--38--50 Frame manipulations completed
INFO:root:2021-08-05-14--38--50 Bounding Box Drawn
INFO:root:2021-08-05-14--38--56 MovingFrameQueue Appended
INFO:root:2021-08-05-14--38--56 Colour Conversion Completed
INFO:root:2021-08-05-14--38--56 Sleep Check Completed
INFO:root:2021-08-05-14--38--56 Frame manipulations completed
INFO:root:2021-08-05-14--38--56 Bounding Box Drawn
INFO:root:2021-08-05-14--38--56 MovingFrameQueue Appended
INFO:root:2021-08-05-14--38--56 Colour Conversion Completed
INFO:root:2021-08-05-14--38--56 Sleep Check Completed
INFO:root:2021-08-05-14--38--56 Frame manipulations completed
INFO:root:2021-08-05-14--38--56 Bounding Box Drawn
INFO:root:2021-08-05-14--38--56 MovingFrameQueue Appended
INFO:root:2021-08-05-14--38--56 Colour Conversion Completed
INFO:root:2021-08-05-14--38--56 Sleep Check Completed
INFO:root:2021-08-05-14--38--56 Frame manipulations completed
INFO:root:2021-08-05-14--38--56 Bounding Box Drawn
INFO:root:2021-08-05-14--38--56 MovingFrameQueue Appended
INFO:root:2021-08-05-14--38--56 Colour Conversion Completed
INFO:root:2021-08-05-14--38--56 Sleep Check Completed
INFO:root:2021-08-05-14--38--56 Frame manipulations completed
INFO:root:2021-08-05-14--38--56 Bounding Box Drawn
INFO:root:2021-08-05-14--38--56 MovingFrameQueue Appended
INFO:root:2021-08-05-14--38--56 Colour Conversion Completed
INFO:root:2021-08-05-14--38--56 Sleep Check Completed
INFO:root:2021-08-05-14--38--56 Frame manipulations completed
INFO:root:2021-08-05-14--38--56 Bounding Box Drawn
INFO:root:2021-08-05-14--38--56 MovingFrameQueue Appended
INFO:root:2021-08-05-14--38--56 Colour Conversion Completed
INFO:root:2021-08-05-14--38--56 Sleep Check Completed
INFO:root:2021-08-05-14--38--56 Frame manipulations completed
INFO:root:2021-08-05-14--38--56 Bounding Box Drawn
INFO:root:2021-08-05-14--38--56 MovingFrameQueue Appended
INFO:root:2021-08-05-14--38--56 Colour Conversion Completed
INFO:root:2021-08-05-14--38--56 Sleep Check Completed
INFO:root:2021-08-05-14--38--56 Frame manipulations completed
INFO:root:2021-08-05-14--38--56 Bounding Box Drawn
INFO:root:2021-08-05-14--38--56 MovingFrameQueue Appended
INFO:root:2021-08-05-14--38--56 Colour Conversion Completed
INFO:root:2021-08-05-14--38--56 Sleep Check Completed
INFO:root:2021-08-05-14--38--56 Frame manipulations completed
INFO:root:2021-08-05-14--38--56 Bounding Box Drawn
INFO:root:2021-08-05-14--38--57 MovingFrameQueue Appended
INFO:root:2021-08-05-14--38--57 Colour Conversion Completed
INFO:root:2021-08-05-14--38--57 Sleep Check Completed
INFO:root:2021-08-05-14--38--57 Frame manipulations completed
INFO:root:2021-08-05-14--38--57 Bounding Box Drawn
INFO:root:2021-08-05-14--38--57 MovingFrameQueue Appended
INFO:root:2021-08-05-14--38--57 Colour Conversion Completed
INFO:root:2021-08-05-14--38--57 Sleep Check Completed
INFO:root:2021-08-05-14--38--57 Frame manipulations completed
INFO:root:2021-08-05-14--38--57 Bounding Box Drawn
INFO:root:2021-08-05-14--38--57 MovingFrameQueue Appended
INFO:root:2021-08-05-14--38--57 Colour Conversion Completed
INFO:root:2021-08-05-14--38--57 Sleep Check Completed
INFO:root:2021-08-05-14--38--57 Frame manipulations completed
INFO:root:2021-08-05-14--38--57 Bounding Box Drawn
INFO:root:2021-08-05-14--38--57 MovingFrameQueue Appended
INFO:root:2021-08-05-14--38--57 Colour Conversion Completed
INFO:root:2021-08-05-14--38--57 Sleep Check Completed
INFO:root:2021-08-05-14--38--57 Frame manipulations completed
INFO:root:2021-08-05-14--38--57 Bounding Box Drawn
INFO:root:2021-08-05-14--38--57 MovingFrameQueue Appended
INFO:root:2021-08-05-14--38--57 Colour Conversion Completed
INFO:root:2021-08-05-14--38--57 Sleep Check Completed
INFO:root:2021-08-05-14--38--57 Frame manipulations completed
INFO:root:2021-08-05-14--38--57 Bounding Box Drawn
INFO:root:2021-08-05-14--38--57 MovingFrameQueue Appended
INFO:root:2021-08-05-14--38--57 Colour Conversion Completed
INFO:root:2021-08-05-14--38--57 Sleep Check Completed
INFO:root:2021-08-05-14--38--57 Frame manipulations completed
INFO:root:2021-08-05-14--38--57 Bounding Box Drawn
INFO:root:2021-08-05-14--38--57 MovingFrameQueue Appended
INFO:root:2021-08-05-14--38--57 Colour Conversion Completed
INFO:root:2021-08-05-14--38--57 Sleep Check Completed
INFO:root:2021-08-05-14--38--57 Frame manipulations completed
INFO:root:2021-08-05-14--38--57 Bounding Box Drawn
INFO:root:2021-08-05-14--38--57 MovingFrameQueue Appended
INFO:root:2021-08-05-14--38--57 Colour Conversion Completed
INFO:root:2021-08-05-14--38--57 Sleep Check Completed
INFO:root:2021-08-05-14--38--57 Frame manipulations completed
INFO:root:2021-08-05-14--38--57 Bounding Box Drawn
INFO:root:2021-08-05-14--38--57 MovingFrameQueue Appended
INFO:root:2021-08-05-14--38--57 Colour Conversion Completed
INFO:root:2021-08-05-14--38--57 Sleep Check Completed
INFO:root:2021-08-05-14--38--58 Frame manipulations completed
INFO:root:2021-08-05-14--38--58 Bounding Box Drawn
INFO:root:2021-08-05-14--38--58 MovingFrameQueue Appended
INFO:root:2021-08-05-14--38--58 Colour Conversion Completed
INFO:root:2021-08-05-14--38--58 Sleep Check Completed
INFO:root:2021-08-05-14--38--58 Frame manipulations completed
INFO:root:2021-08-05-14--38--58 Bounding Box Drawn
INFO:root:2021-08-05-14--38--58 MovingFrameQueue Appended
INFO:root:2021-08-05-14--38--58 Colour Conversion Completed
INFO:root:2021-08-05-14--38--58 Sleep Check Completed
INFO:root:2021-08-05-14--38--58 Frame manipulations completed
INFO:root:2021-08-05-14--38--58 Bounding Box Drawn
INFO:root:2021-08-05-14--38--58 MovingFrameQueue Appended
INFO:root:2021-08-05-14--38--58 Colour Conversion Completed
INFO:root:2021-08-05-14--38--58 Sleep Check Completed
INFO:root:2021-08-05-14--38--58 Frame manipulations completed
INFO:root:2021-08-05-14--38--58 Bounding Box Drawn
INFO:root:2021-08-05-14--38--58 MovingFrameQueue Appended
INFO:root:2021-08-05-14--38--58 Colour Conversion Completed
INFO:root:2021-08-05-14--38--58 Sleep Check Completed
INFO:root:2021-08-05-14--38--58 Frame manipulations completed
INFO:root:2021-08-05-14--38--58 Bounding Box Drawn
INFO:root:2021-08-05-14--38--58 MovingFrameQueue Appended
INFO:root:2021-08-05-14--38--58 Colour Conversion Completed
INFO:root:2021-08-05-14--38--58 Sleep Check Completed
INFO:root:2021-08-05-14--38--58 Frame manipulations completed
INFO:root:2021-08-05-14--38--58 Bounding Box Drawn
INFO:root:2021-08-05-14--38--58 MovingFrameQueue Appended
INFO:root:2021-08-05-14--38--58 Colour Conversion Completed
INFO:root:2021-08-05-14--38--58 Sleep Check Completed
INFO:root:2021-08-05-14--38--58 Frame manipulations completed
INFO:root:2021-08-05-14--38--58 Bounding Box Drawn
INFO:root:2021-08-05-14--38--58 MovingFrameQueue Appended
INFO:root:2021-08-05-14--38--58 Colour Conversion Completed
INFO:root:2021-08-05-14--38--58 Sleep Check Completed
INFO:root:2021-08-05-14--38--58 Frame manipulations completed
INFO:root:2021-08-05-14--38--58 Bounding Box Drawn
INFO:root:2021-08-05-14--38--58 MovingFrameQueue Appended
INFO:root:2021-08-05-14--38--58 Colour Conversion Completed
INFO:root:2021-08-05-14--38--58 Sleep Check Completed
INFO:root:2021-08-05-14--38--58 Frame manipulations completed
INFO:root:2021-08-05-14--38--58 Bounding Box Drawn
INFO:root:2021-08-05-14--38--59 MovingFrameQueue Appended
INFO:root:2021-08-05-14--38--59 Colour Conversion Completed
INFO:root:2021-08-05-14--38--59 Sleep Check Completed
INFO:root:2021-08-05-14--38--59 Frame manipulations completed
INFO:root:2021-08-05-14--38--59 Bounding Box Drawn
INFO:root:2021-08-05-14--38--59 MovingFrameQueue Appended
INFO:root:2021-08-05-14--38--59 Colour Conversion Completed
INFO:root:2021-08-05-14--38--59 Sleep Check Completed
INFO:root:2021-08-05-14--38--59 Frame manipulations completed
INFO:root:2021-08-05-14--38--59 Bounding Box Drawn
INFO:root:2021-08-05-14--38--59 MovingFrameQueue Appended
INFO:root:2021-08-05-14--38--59 Colour Conversion Completed
INFO:root:2021-08-05-14--38--59 Sleep Check Completed
INFO:root:2021-08-05-14--38--59 Frame manipulations completed
INFO:root:2021-08-05-14--38--59 Bounding Box Drawn
INFO:root:2021-08-05-14--38--59 MovingFrameQueue Appended
INFO:root:2021-08-05-14--38--59 Colour Conversion Completed
INFO:root:2021-08-05-14--38--59 Sleep Check Completed
INFO:root:2021-08-05-14--38--59 Frame manipulations completed
INFO:root:2021-08-05-14--38--59 Bounding Box Drawn
INFO:root:2021-08-05-14--38--59 MovingFrameQueue Appended
INFO:root:2021-08-05-14--38--59 Colour Conversion Completed
INFO:root:2021-08-05-14--38--59 Sleep Check Completed
INFO:root:2021-08-05-14--38--59 Frame manipulations completed
INFO:root:2021-08-05-14--38--59 Bounding Box Drawn
INFO:root:2021-08-05-14--38--59 MovingFrameQueue Appended
INFO:root:2021-08-05-14--38--59 Colour Conversion Completed
INFO:root:2021-08-05-14--38--59 Sleep Check Completed
INFO:root:2021-08-05-14--38--59 Frame manipulations completed
INFO:root:2021-08-05-14--38--59 Bounding Box Drawn
INFO:root:2021-08-05-14--38--59 MovingFrameQueue Appended
INFO:root:2021-08-05-14--38--59 Colour Conversion Completed
INFO:root:2021-08-05-14--38--59 Sleep Check Completed
INFO:root:2021-08-05-14--38--59 Frame manipulations completed
INFO:root:2021-08-05-14--38--59 Bounding Box Drawn
INFO:root:2021-08-05-14--38--59 MovingFrameQueue Appended
INFO:root:2021-08-05-14--38--59 Colour Conversion Completed
INFO:root:2021-08-05-14--38--59 Sleep Check Completed
INFO:root:2021-08-05-14--38--59 Frame manipulations completed
INFO:root:2021-08-05-14--38--59 Bounding Box Drawn
INFO:root:2021-08-05-14--39--00 MovingFrameQueue Appended
INFO:root:2021-08-05-14--39--00 Colour Conversion Completed
INFO:root:2021-08-05-14--39--00 Sleep Check Completed
INFO:root:2021-08-05-14--39--00 Frame manipulations completed
INFO:root:2021-08-05-14--39--00 Bounding Box Drawn
INFO:root:2021-08-05-14--39--00 MovingFrameQueue Appended
INFO:root:2021-08-05-14--39--00 Colour Conversion Completed
INFO:root:2021-08-05-14--39--00 Sleep Check Completed
INFO:root:2021-08-05-14--39--00 Frame manipulations completed
INFO:root:2021-08-05-14--39--00 Bounding Box Drawn
INFO:root:2021-08-05-14--39--00 MovingFrameQueue Appended
INFO:root:2021-08-05-14--39--00 Colour Conversion Completed
INFO:root:2021-08-05-14--39--00 Sleep Check Completed
INFO:root:2021-08-05-14--39--00 Frame manipulations completed
INFO:root:2021-08-05-14--39--00 Bounding Box Drawn
INFO:root:2021-08-05-14--39--00 MovingFrameQueue Appended
INFO:root:2021-08-05-14--39--00 Colour Conversion Completed
INFO:root:2021-08-05-14--39--00 Sleep Check Completed
INFO:root:2021-08-05-14--39--00 Frame manipulations completed
INFO:root:2021-08-05-14--39--00 Bounding Box Drawn
INFO:root:2021-08-05-14--39--00 MovingFrameQueue Appended
INFO:root:2021-08-05-14--39--00 Colour Conversion Completed
INFO:root:2021-08-05-14--39--00 Sleep Check Completed
INFO:root:2021-08-05-14--39--00 Frame manipulations completed
INFO:root:2021-08-05-14--39--00 Bounding Box Drawn
INFO:root:2021-08-05-14--39--00 MovingFrameQueue Appended
INFO:root:2021-08-05-14--39--00 Colour Conversion Completed
INFO:root:2021-08-05-14--39--00 Sleep Check Completed
INFO:root:2021-08-05-14--39--00 Frame manipulations completed
INFO:root:2021-08-05-14--39--00 Bounding Box Drawn
INFO:root:2021-08-05-14--39--00 MovingFrameQueue Appended
INFO:root:2021-08-05-14--39--00 Colour Conversion Completed
INFO:root:2021-08-05-14--39--00 Sleep Check Completed
INFO:root:2021-08-05-14--39--00 Frame manipulations completed
INFO:root:2021-08-05-14--39--00 Bounding Box Drawn
INFO:root:2021-08-05-14--39--00 MovingFrameQueue Appended
INFO:root:2021-08-05-14--39--00 Colour Conversion Completed
INFO:root:2021-08-05-14--39--00 Sleep Check Completed
INFO:root:2021-08-05-14--39--00 Frame manipulations completed
INFO:root:2021-08-05-14--39--00 Bounding Box Drawn
INFO:root:2021-08-05-14--39--00 MovingFrameQueue Appended
INFO:root:2021-08-05-14--39--00 Colour Conversion Completed
INFO:root:2021-08-05-14--39--00 Sleep Check Completed
INFO:root:2021-08-05-14--39--00 Frame manipulations completed
INFO:root:2021-08-05-14--39--00 Bounding Box Drawn
INFO:root:2021-08-05-14--39--01 MovingFrameQueue Appended
INFO:root:2021-08-05-14--39--01 Colour Conversion Completed
INFO:root:2021-08-05-14--39--01 Sleep Check Completed
INFO:root:2021-08-05-14--39--01 Frame manipulations completed
INFO:root:2021-08-05-14--39--01 Bounding Box Drawn
INFO:root:2021-08-05-14--39--01 MovingFrameQueue Appended
INFO:root:2021-08-05-14--39--01 Colour Conversion Completed
INFO:root:2021-08-05-14--39--01 Sleep Check Completed
INFO:root:2021-08-05-14--39--01 Frame manipulations completed
INFO:root:2021-08-05-14--39--01 Bounding Box Drawn
INFO:root:2021-08-05-14--39--01 MovingFrameQueue Appended
INFO:root:2021-08-05-14--39--01 Colour Conversion Completed
INFO:root:2021-08-05-14--39--01 Sleep Check Completed
INFO:root:2021-08-05-14--39--01 Frame manipulations completed
INFO:root:2021-08-05-14--39--01 Bounding Box Drawn
INFO:root:2021-08-05-14--39--01 MovingFrameQueue Appended
INFO:root:2021-08-05-14--39--01 Colour Conversion Completed
INFO:root:2021-08-05-14--39--01 Sleep Check Completed
INFO:root:2021-08-05-14--39--01 Frame manipulations completed
INFO:root:2021-08-05-14--39--01 Bounding Box Drawn
INFO:root:2021-08-05-14--39--01 MovingFrameQueue Appended
INFO:root:2021-08-05-14--39--01 Colour Conversion Completed
INFO:root:2021-08-05-14--39--01 Sleep Check Completed
INFO:root:2021-08-05-14--39--01 Frame manipulations completed
INFO:root:2021-08-05-14--39--01 Bounding Box Drawn
INFO:root:2021-08-05-14--39--01 MovingFrameQueue Appended
INFO:root:2021-08-05-14--39--01 Colour Conversion Completed
INFO:root:2021-08-05-14--39--01 Sleep Check Completed
INFO:root:2021-08-05-14--39--01 Frame manipulations completed
INFO:root:2021-08-05-14--39--01 Bounding Box Drawn
INFO:root:2021-08-05-14--39--01 MovingFrameQueue Appended
INFO:root:2021-08-05-14--39--01 Colour Conversion Completed
INFO:root:2021-08-05-14--39--01 Sleep Check Completed
INFO:root:2021-08-05-14--39--01 Frame manipulations completed
INFO:root:2021-08-05-14--39--01 Bounding Box Drawn
INFO:root:2021-08-05-14--39--01 MovingFrameQueue Appended
INFO:root:2021-08-05-14--39--01 Colour Conversion Completed
INFO:root:2021-08-05-14--39--01 Sleep Check Completed
INFO:root:2021-08-05-14--39--01 Frame manipulations completed
INFO:root:2021-08-05-14--39--01 Bounding Box Drawn
INFO:root:2021-08-05-14--39--01 MovingFrameQueue Appended
INFO:root:2021-08-05-14--39--01 Colour Conversion Completed
INFO:root:2021-08-05-14--39--01 Sleep Check Completed
INFO:root:2021-08-05-14--39--01 Frame manipulations completed
INFO:root:2021-08-05-14--39--01 Bounding Box Drawn
INFO:root:2021-08-05-14--39--02 MovingFrameQueue Popped
INFO:root:2021-08-05-14--39--02 Colour Conversion Completed
INFO:root:2021-08-05-14--39--02 Sleep Check Completed
INFO:root:2021-08-05-14--39--02 Frame manipulations completed
INFO:root:2021-08-05-14--39--02 Bounding Box Drawn
INFO:root:2021-08-05-14--39--02 MovingFrameQueue Appended
INFO:root:2021-08-05-14--39--02 Colour Conversion Completed
INFO:root:2021-08-05-14--39--02 Sleep Check Completed
INFO:root:2021-08-05-14--39--02 Frame manipulations completed
INFO:root:2021-08-05-14--39--02 Bounding Box Drawn
INFO:root:2021-08-05-14--39--02 MovingFrameQueue Popped
INFO:root:2021-08-05-14--39--02 Colour Conversion Completed
INFO:root:2021-08-05-14--39--02 Sleep Check Completed
INFO:root:2021-08-05-14--39--02 Frame manipulations completed
INFO:root:2021-08-05-14--39--02 Bounding Box Drawn
INFO:root:2021-08-05-14--39--02 MovingFrameQueue Appended
INFO:root:2021-08-05-14--39--02 Colour Conversion Completed
INFO:root:2021-08-05-14--39--02 Sleep Check Completed
INFO:root:2021-08-05-14--39--02 Frame manipulations completed
INFO:root:2021-08-05-14--39--02 Bounding Box Drawn
INFO:root:2021-08-05-14--39--02 MovingFrameQueue Popped
INFO:root:2021-08-05-14--39--02 Colour Conversion Completed
INFO:root:2021-08-05-14--39--03 Sleep Check Completed
INFO:root:2021-08-05-14--39--03 Frame manipulations completed
INFO:root:2021-08-05-14--39--03 Bounding Box Drawn
INFO:root:2021-08-05-14--39--03 MovingFrameQueue Appended
INFO:root:2021-08-05-14--39--03 Colour Conversion Completed
INFO:root:2021-08-05-14--39--03 Sleep Check Completed
INFO:root:2021-08-05-14--39--03 Frame manipulations completed
INFO:root:2021-08-05-14--39--03 Bounding Box Drawn
INFO:root:2021-08-05-14--39--03 MovingFrameQueue Popped
INFO:root:2021-08-05-14--39--03 Colour Conversion Completed
INFO:root:2021-08-05-14--39--03 Sleep Check Completed
INFO:root:2021-08-05-14--39--03 Frame manipulations completed
INFO:root:2021-08-05-14--39--03 Bounding Box Drawn
INFO:root:2021-08-05-14--39--03 MovingFrameQueue Appended
INFO:root:2021-08-05-14--39--03 Colour Conversion Completed
INFO:root:2021-08-05-14--39--03 Sleep Check Completed
INFO:root:2021-08-05-14--39--03 Frame manipulations completed
INFO:root:2021-08-05-14--39--03 Bounding Box Drawn
INFO:root:2021-08-05-14--39--03 MovingFrameQueue Popped
INFO:root:2021-08-05-14--39--03 Colour Conversion Completed
INFO:root:2021-08-05-14--39--03 Sleep Check Completed
INFO:root:2021-08-05-14--39--03 Frame manipulations completed
INFO:root:2021-08-05-14--39--03 Bounding Box Drawn
INFO:root:2021-08-05-14--39--03 MovingFrameQueue Appended
INFO:root:2021-08-05-14--39--03 Colour Conversion Completed
INFO:root:2021-08-05-14--39--03 Sleep Check Completed
INFO:root:2021-08-05-14--39--03 Frame manipulations completed
INFO:root:2021-08-05-14--39--03 Bounding Box Drawn
INFO:root:2021-08-05-14--39--03 MovingFrameQueue Popped
INFO:root:2021-08-05-14--39--03 Colour Conversion Completed
INFO:root:2021-08-05-14--39--03 Sleep Check Completed
INFO:root:2021-08-05-14--39--03 Frame manipulations completed
INFO:root:2021-08-05-14--39--03 Bounding Box Drawn
INFO:root:2021-08-05-14--39--03 MovingFrameQueue Appended
INFO:root:2021-08-05-14--39--03 Colour Conversion Completed
INFO:root:2021-08-05-14--39--03 Sleep Check Completed
INFO:root:2021-08-05-14--39--03 Frame manipulations completed
INFO:root:2021-08-05-14--39--03 Bounding Box Drawn
INFO:root:2021-08-05-14--39--03 MovingFrameQueue Popped
INFO:root:2021-08-05-14--39--03 Colour Conversion Completed
INFO:root:2021-08-05-14--39--03 Sleep Check Completed
INFO:root:2021-08-05-14--39--03 Frame manipulations completed
INFO:root:2021-08-05-14--39--03 Bounding Box Drawn
INFO:root:2021-08-05-14--39--04 MovingFrameQueue Appended
INFO:root:2021-08-05-14--39--04 Colour Conversion Completed
INFO:root:2021-08-05-14--39--04 Sleep Check Completed
INFO:root:2021-08-05-14--39--04 Frame manipulations completed
INFO:root:2021-08-05-14--39--04 Bounding Box Drawn
INFO:root:2021-08-05-14--39--04 MovingFrameQueue Popped
INFO:root:2021-08-05-14--39--04 Colour Conversion Completed
INFO:root:2021-08-05-14--39--04 Sleep Check Completed
INFO:root:2021-08-05-14--39--04 Frame manipulations completed
INFO:root:2021-08-05-14--39--04 Bounding Box Drawn
INFO:root:2021-08-05-14--39--04 MovingFrameQueue Appended
INFO:root:2021-08-05-14--39--04 Colour Conversion Completed
INFO:root:2021-08-05-14--39--04 Sleep Check Completed
INFO:root:2021-08-05-14--39--04 Frame manipulations completed
INFO:root:2021-08-05-14--39--04 Bounding Box Drawn
INFO:root:2021-08-05-14--39--04 MovingFrameQueue Popped
INFO:root:2021-08-05-14--39--04 Colour Conversion Completed
INFO:root:2021-08-05-14--39--04 Sleep Check Completed
INFO:root:2021-08-05-14--39--04 Frame manipulations completed
INFO:root:2021-08-05-14--39--04 Bounding Box Drawn
INFO:root:2021-08-05-14--39--04 MovingFrameQueue Appended
INFO:root:2021-08-05-14--39--04 Colour Conversion Completed
INFO:root:2021-08-05-14--39--04 Sleep Check Completed
INFO:root:2021-08-05-14--39--04 Frame manipulations completed
INFO:root:2021-08-05-14--39--04 Bounding Box Drawn
INFO:root:2021-08-05-14--39--04 MovingFrameQueue Popped
INFO:root:2021-08-05-14--39--04 Colour Conversion Completed
INFO:root:2021-08-05-14--39--04 Sleep Check Completed
INFO:root:2021-08-05-14--39--04 Frame manipulations completed
INFO:root:2021-08-05-14--39--04 Bounding Box Drawn
INFO:root:2021-08-05-14--39--04 MovingFrameQueue Appended
INFO:root:2021-08-05-14--39--04 Colour Conversion Completed
INFO:root:2021-08-05-14--39--04 Sleep Check Completed
INFO:root:2021-08-05-14--39--04 Frame manipulations completed
INFO:root:2021-08-05-14--39--04 Bounding Box Drawn
INFO:root:2021-08-05-14--39--04 MovingFrameQueue Popped
INFO:root:2021-08-05-14--39--04 Colour Conversion Completed
INFO:root:2021-08-05-14--39--04 Sleep Check Completed
INFO:root:2021-08-05-14--39--04 Frame manipulations completed
INFO:root:2021-08-05-14--39--04 Bounding Box Drawn
INFO:root:2021-08-05-14--39--05 MovingFrameQueue Appended
INFO:root:2021-08-05-14--39--05 Colour Conversion Completed
INFO:root:2021-08-05-14--39--05 Sleep Check Completed
INFO:root:2021-08-05-14--39--05 Frame manipulations completed
INFO:root:2021-08-05-14--39--05 Bounding Box Drawn
INFO:root:2021-08-05-14--39--05 MovingFrameQueue Popped
INFO:root:2021-08-05-14--39--05 Colour Conversion Completed
INFO:root:2021-08-05-14--39--05 Sleep Check Completed
INFO:root:2021-08-05-14--39--05 Frame manipulations completed
INFO:root:2021-08-05-14--39--05 Bounding Box Drawn
INFO:root:2021-08-05-14--39--05 MovingFrameQueue Appended
INFO:root:2021-08-05-14--39--05 Colour Conversion Completed
INFO:root:2021-08-05-14--39--05 Sleep Check Completed
INFO:root:2021-08-05-14--39--05 Frame manipulations completed
INFO:root:2021-08-05-14--39--05 Bounding Box Drawn
INFO:root:2021-08-05-14--39--05 MovingFrameQueue Popped
INFO:root:2021-08-05-14--39--05 Colour Conversion Completed
INFO:root:2021-08-05-14--39--05 Sleep Check Completed
INFO:root:2021-08-05-14--39--05 Frame manipulations completed
INFO:root:2021-08-05-14--39--05 Bounding Box Drawn
INFO:root:2021-08-05-14--39--05 MovingFrameQueue Appended
INFO:root:2021-08-05-14--39--05 Colour Conversion Completed
INFO:root:2021-08-05-14--39--05 Sleep Check Completed
INFO:root:2021-08-05-14--39--05 Frame manipulations completed
INFO:root:2021-08-05-14--39--05 Bounding Box Drawn
INFO:root:2021-08-05-14--39--05 MovingFrameQueue Popped
INFO:root:2021-08-05-14--39--05 Colour Conversion Completed
INFO:root:2021-08-05-14--39--05 Sleep Check Completed
INFO:root:2021-08-05-14--39--05 Frame manipulations completed
INFO:root:2021-08-05-14--39--05 Bounding Box Drawn
INFO:root:2021-08-05-14--39--05 MovingFrameQueue Appended
INFO:root:2021-08-05-14--39--05 Colour Conversion Completed
INFO:root:2021-08-05-14--39--05 Sleep Check Completed
INFO:root:2021-08-05-14--39--05 Frame manipulations completed
INFO:root:2021-08-05-14--39--05 Bounding Box Drawn
INFO:root:2021-08-05-14--39--05 MovingFrameQueue Popped
INFO:root:2021-08-05-14--39--05 Colour Conversion Completed
INFO:root:2021-08-05-14--39--05 Sleep Check Completed
INFO:root:2021-08-05-14--39--05 Frame manipulations completed
INFO:root:2021-08-05-14--39--05 Bounding Box Drawn
INFO:root:2021-08-05-14--39--05 MovingFrameQueue Appended
INFO:root:2021-08-05-14--39--05 Colour Conversion Completed
INFO:root:2021-08-05-14--39--05 Sleep Check Completed
INFO:root:2021-08-05-14--39--05 Frame manipulations completed
INFO:root:2021-08-05-14--39--05 Bounding Box Drawn
INFO:root:2021-08-05-14--39--06 MovingFrameQueue Popped
INFO:root:2021-08-05-14--39--06 Colour Conversion Completed
INFO:root:2021-08-05-14--39--06 Sleep Check Completed
INFO:root:2021-08-05-14--39--06 Frame manipulations completed
INFO:root:2021-08-05-14--39--06 Bounding Box Drawn
INFO:root:2021-08-05-14--39--06 MovingFrameQueue Appended
INFO:root:2021-08-05-14--39--06 Colour Conversion Completed
INFO:root:2021-08-05-14--39--06 Sleep Check Completed
INFO:root:2021-08-05-14--39--06 Frame manipulations completed
INFO:root:2021-08-05-14--39--06 Bounding Box Drawn
INFO:root:2021-08-05-14--39--06 MovingFrameQueue Popped
INFO:root:2021-08-05-14--39--06 Colour Conversion Completed
INFO:root:2021-08-05-14--39--06 Sleep Check Completed
INFO:root:2021-08-05-14--39--06 Frame manipulations completed
INFO:root:2021-08-05-14--39--06 Bounding Box Drawn
INFO:root:2021-08-05-14--39--06 MovingFrameQueue Appended
INFO:root:2021-08-05-14--39--06 Colour Conversion Completed
INFO:root:2021-08-05-14--39--06 Sleep Check Completed
INFO:root:2021-08-05-14--39--06 Frame manipulations completed
INFO:root:2021-08-05-14--39--06 Bounding Box Drawn
INFO:root:2021-08-05-14--39--06 MovingFrameQueue Popped
INFO:root:2021-08-05-14--39--06 Colour Conversion Completed
INFO:root:2021-08-05-14--39--06 Sleep Check Completed
INFO:root:2021-08-05-14--39--06 Frame manipulations completed
INFO:root:2021-08-05-14--39--06 Bounding Box Drawn
INFO:root:2021-08-05-14--39--06 MovingFrameQueue Appended
INFO:root:2021-08-05-14--39--06 Colour Conversion Completed
INFO:root:2021-08-05-14--39--06 Sleep Check Completed
INFO:root:2021-08-05-14--39--06 Frame manipulations completed
INFO:root:2021-08-05-14--39--06 Bounding Box Drawn
INFO:root:2021-08-05-14--39--06 MovingFrameQueue Popped
INFO:root:2021-08-05-14--39--06 Colour Conversion Completed
INFO:root:2021-08-05-14--39--06 Sleep Check Completed
INFO:root:2021-08-05-14--39--06 Frame manipulations completed
INFO:root:2021-08-05-14--39--06 Bounding Box Drawn
INFO:root:2021-08-05-14--39--06 MovingFrameQueue Appended
INFO:root:2021-08-05-14--39--06 Colour Conversion Completed
INFO:root:2021-08-05-14--39--06 Sleep Check Completed
INFO:root:2021-08-05-14--39--06 Frame manipulations completed
INFO:root:2021-08-05-14--39--06 Bounding Box Drawn
INFO:root:2021-08-05-14--39--06 MovingFrameQueue Popped
INFO:root:2021-08-05-14--39--06 Colour Conversion Completed
INFO:root:2021-08-05-14--39--06 Sleep Check Completed
INFO:root:2021-08-05-14--39--06 Frame manipulations completed
INFO:root:2021-08-05-14--39--06 Bounding Box Drawn
INFO:root:2021-08-05-14--39--07 MovingFrameQueue Appended
INFO:root:2021-08-05-14--39--07 Colour Conversion Completed
INFO:root:2021-08-05-14--39--07 Sleep Check Completed
INFO:root:2021-08-05-14--39--07 Frame manipulations completed
INFO:root:2021-08-05-14--39--07 Bounding Box Drawn
INFO:root:2021-08-05-14--39--07 MovingFrameQueue Popped
INFO:root:2021-08-05-14--39--07 Colour Conversion Completed
INFO:root:2021-08-05-14--39--07 Sleep Check Completed
INFO:root:2021-08-05-14--39--07 Frame manipulations completed
INFO:root:2021-08-05-14--39--07 Bounding Box Drawn
INFO:root:2021-08-05-14--39--07 MovingFrameQueue Appended
INFO:root:2021-08-05-14--39--07 Colour Conversion Completed
INFO:root:2021-08-05-14--39--07 Sleep Check Completed
INFO:root:2021-08-05-14--39--07 Frame manipulations completed
INFO:root:2021-08-05-14--39--07 Bounding Box Drawn
INFO:root:2021-08-05-14--39--07 MovingFrameQueue Popped
INFO:root:2021-08-05-14--39--07 Colour Conversion Completed
INFO:root:2021-08-05-14--39--07 Sleep Check Completed
INFO:root:2021-08-05-14--39--07 Frame manipulations completed
INFO:root:2021-08-05-14--39--07 Bounding Box Drawn
INFO:root:2021-08-05-14--39--07 MovingFrameQueue Appended
INFO:root:2021-08-05-14--39--07 Colour Conversion Completed
INFO:root:2021-08-05-14--39--07 Sleep Check Completed
INFO:root:2021-08-05-14--39--07 Frame manipulations completed
INFO:root:2021-08-05-14--39--07 Bounding Box Drawn
INFO:root:2021-08-05-14--39--07 MovingFrameQueue Popped
INFO:root:2021-08-05-14--39--07 Colour Conversion Completed
INFO:root:2021-08-05-14--39--07 Sleep Check Completed
INFO:root:2021-08-05-14--39--07 Frame manipulations completed
INFO:root:2021-08-05-14--39--07 Bounding Box Drawn
INFO:root:2021-08-05-14--39--07 MovingFrameQueue Appended
INFO:root:2021-08-05-14--39--07 Colour Conversion Completed
INFO:root:2021-08-05-14--39--07 Sleep Check Completed
INFO:root:2021-08-05-14--39--07 Frame manipulations completed
INFO:root:2021-08-05-14--39--07 Bounding Box Drawn
INFO:root:2021-08-05-14--39--07 MovingFrameQueue Popped
INFO:root:2021-08-05-14--39--07 Colour Conversion Completed
INFO:root:2021-08-05-14--39--07 Sleep Check Completed
INFO:root:2021-08-05-14--39--07 Frame manipulations completed
INFO:root:2021-08-05-14--39--07 Bounding Box Drawn
INFO:root:2021-08-05-14--39--07 MovingFrameQueue Appended
INFO:root:2021-08-05-14--39--07 Colour Conversion Completed
INFO:root:2021-08-05-14--39--07 Sleep Check Completed
INFO:root:2021-08-05-14--39--07 Frame manipulations completed
INFO:root:2021-08-05-14--39--07 Bounding Box Drawn
INFO:root:2021-08-05-14--39--08 MovingFrameQueue Popped
INFO:root:2021-08-05-14--39--08 Colour Conversion Completed
INFO:root:2021-08-05-14--39--08 Sleep Check Completed
INFO:root:2021-08-05-14--39--08 Frame manipulations completed
INFO:root:2021-08-05-14--39--08 Bounding Box Drawn
INFO:root:2021-08-05-14--39--08 MovingFrameQueue Appended
INFO:root:2021-08-05-14--39--08 Colour Conversion Completed
INFO:root:2021-08-05-14--39--08 Sleep Check Completed
INFO:root:2021-08-05-14--39--08 Frame manipulations completed
INFO:root:2021-08-05-14--39--08 Bounding Box Drawn
INFO:root:2021-08-05-14--39--08 MovingFrameQueue Popped
INFO:root:2021-08-05-14--39--08 Colour Conversion Completed
INFO:root:2021-08-05-14--39--08 Sleep Check Completed
INFO:root:2021-08-05-14--39--08 Frame manipulations completed
INFO:root:2021-08-05-14--39--08 Bounding Box Drawn
INFO:root:2021-08-05-14--39--08 MovingFrameQueue Appended
INFO:root:2021-08-05-14--39--08 Colour Conversion Completed
INFO:root:2021-08-05-14--39--08 Sleep Check Completed
INFO:root:2021-08-05-14--39--08 Frame manipulations completed
INFO:root:2021-08-05-14--39--08 Bounding Box Drawn
INFO:root:2021-08-05-14--39--08 MovingFrameQueue Popped
INFO:root:2021-08-05-14--39--08 Colour Conversion Completed
INFO:root:2021-08-05-14--39--08 Sleep Check Completed
INFO:root:2021-08-05-14--39--08 Frame manipulations completed
INFO:root:2021-08-05-14--39--08 Bounding Box Drawn
INFO:root:2021-08-05-14--39--08 MovingFrameQueue Appended
INFO:root:2021-08-05-14--39--08 Colour Conversion Completed
INFO:root:2021-08-05-14--39--08 Sleep Check Completed
INFO:root:2021-08-05-14--39--08 Frame manipulations completed
INFO:root:2021-08-05-14--39--08 Bounding Box Drawn
INFO:root:2021-08-05-14--39--08 MovingFrameQueue Popped
INFO:root:2021-08-05-14--39--08 Colour Conversion Completed
INFO:root:2021-08-05-14--39--08 Sleep Check Completed
INFO:root:2021-08-05-14--39--08 Frame manipulations completed
INFO:root:2021-08-05-14--39--08 Bounding Box Drawn
INFO:root:2021-08-05-14--39--08 MovingFrameQueue Appended
INFO:root:2021-08-05-14--39--08 Colour Conversion Completed
INFO:root:2021-08-05-14--39--08 Sleep Check Completed
INFO:root:2021-08-05-14--39--08 Frame manipulations completed
INFO:root:2021-08-05-14--39--08 Bounding Box Drawn
INFO:root:2021-08-05-14--39--09 MovingFrameQueue Popped
INFO:root:2021-08-05-14--39--09 Colour Conversion Completed
INFO:root:2021-08-05-14--39--09 Sleep Check Completed
INFO:root:2021-08-05-14--39--09 Frame manipulations completed
INFO:root:2021-08-05-14--39--09 Bounding Box Drawn
INFO:root:2021-08-05-14--39--09 MovingFrameQueue Appended
INFO:root:2021-08-05-14--39--09 Colour Conversion Completed
INFO:root:2021-08-05-14--39--09 Sleep Check Completed
INFO:root:2021-08-05-14--39--09 Frame manipulations completed
INFO:root:2021-08-05-14--39--09 Bounding Box Drawn
INFO:root:2021-08-05-14--39--09 MovingFrameQueue Popped
INFO:root:2021-08-05-14--39--09 Colour Conversion Completed
INFO:root:2021-08-05-14--39--09 Sleep Check Completed
INFO:root:2021-08-05-14--39--09 Frame manipulations completed
INFO:root:2021-08-05-14--39--09 Bounding Box Drawn
INFO:root:2021-08-05-14--39--09 MovingFrameQueue Appended
INFO:root:2021-08-05-14--39--09 Colour Conversion Completed
INFO:root:2021-08-05-14--39--09 Sleep Check Completed
INFO:root:2021-08-05-14--39--09 Frame manipulations completed
INFO:root:2021-08-05-14--39--09 Bounding Box Drawn
INFO:root:2021-08-05-14--39--09 MovingFrameQueue Popped
INFO:root:2021-08-05-14--39--09 Colour Conversion Completed
INFO:root:2021-08-05-14--39--09 Sleep Check Completed
INFO:root:2021-08-05-14--39--09 Frame manipulations completed
INFO:root:2021-08-05-14--39--09 Bounding Box Drawn
INFO:root:2021-08-05-14--39--09 MovingFrameQueue Appended
INFO:root:2021-08-05-14--39--09 Colour Conversion Completed
INFO:root:2021-08-05-14--39--09 Sleep Check Completed
INFO:root:2021-08-05-14--39--09 Frame manipulations completed
INFO:root:2021-08-05-14--39--09 Bounding Box Drawn
INFO:root:2021-08-05-14--39--09 MovingFrameQueue Popped
INFO:root:2021-08-05-14--39--09 Colour Conversion Completed
INFO:root:2021-08-05-14--39--09 Sleep Check Completed
INFO:root:2021-08-05-14--39--09 Frame manipulations completed
INFO:root:2021-08-05-14--39--09 Bounding Box Drawn
INFO:root:2021-08-05-14--39--09 MovingFrameQueue Appended
INFO:root:2021-08-05-14--39--09 Colour Conversion Completed
INFO:root:2021-08-05-14--39--09 Sleep Check Completed
INFO:root:2021-08-05-14--39--09 Frame manipulations completed
INFO:root:2021-08-05-14--39--09 Bounding Box Drawn
INFO:root:2021-08-05-14--39--09 MovingFrameQueue Popped
INFO:root:2021-08-05-14--39--09 Colour Conversion Completed
INFO:root:2021-08-05-14--39--09 Sleep Check Completed
INFO:root:2021-08-05-14--39--09 Frame manipulations completed
INFO:root:2021-08-05-14--39--09 Bounding Box Drawn
INFO:root:2021-08-05-14--39--10 MovingFrameQueue Appended
INFO:root:2021-08-05-14--39--10 Colour Conversion Completed
INFO:root:2021-08-05-14--39--10 Sleep Check Completed
INFO:root:2021-08-05-14--39--10 Frame manipulations completed
INFO:root:2021-08-05-14--39--10 Bounding Box Drawn
INFO:root:2021-08-05-14--39--10 MovingFrameQueue Popped
INFO:root:2021-08-05-14--39--10 Colour Conversion Completed
INFO:root:2021-08-05-14--39--10 Sleep Check Completed
INFO:root:2021-08-05-14--39--10 Frame manipulations completed
INFO:root:2021-08-05-14--39--10 Bounding Box Drawn
INFO:root:2021-08-05-14--39--10 MovingFrameQueue Appended
INFO:root:2021-08-05-14--39--10 Colour Conversion Completed
INFO:root:2021-08-05-14--39--10 Sleep Check Completed
INFO:root:2021-08-05-14--39--10 Frame manipulations completed
INFO:root:2021-08-05-14--39--10 Bounding Box Drawn
INFO:root:2021-08-05-14--39--10 MovingFrameQueue Popped
INFO:root:2021-08-05-14--39--10 Colour Conversion Completed
INFO:root:2021-08-05-14--39--10 Sleep Check Completed
INFO:root:2021-08-05-14--39--10 Frame manipulations completed
INFO:root:2021-08-05-14--39--10 Bounding Box Drawn
INFO:root:2021-08-05-14--39--10 MovingFrameQueue Appended
INFO:root:2021-08-05-14--39--10 Colour Conversion Completed
INFO:root:2021-08-05-14--39--10 Sleep Check Completed
INFO:root:2021-08-05-14--39--10 Frame manipulations completed
INFO:root:2021-08-05-14--39--10 Bounding Box Drawn
INFO:root:2021-08-05-14--39--10 MovingFrameQueue Popped
INFO:root:2021-08-05-14--39--10 Colour Conversion Completed
INFO:root:2021-08-05-14--39--10 Sleep Check Completed
INFO:root:2021-08-05-14--39--10 Frame manipulations completed
INFO:root:2021-08-05-14--39--10 Bounding Box Drawn
INFO:root:2021-08-05-14--39--10 MovingFrameQueue Appended
INFO:root:2021-08-05-14--39--10 Colour Conversion Completed
INFO:root:2021-08-05-14--39--10 Sleep Check Completed
INFO:root:2021-08-05-14--39--10 Frame manipulations completed
INFO:root:2021-08-05-14--39--10 Bounding Box Drawn
INFO:root:2021-08-05-14--39--10 MovingFrameQueue Popped
INFO:root:2021-08-05-14--39--10 Colour Conversion Completed
INFO:root:2021-08-05-14--39--10 Sleep Check Completed
INFO:root:2021-08-05-14--39--10 Frame manipulations completed
INFO:root:2021-08-05-14--39--10 Bounding Box Drawn
INFO:root:2021-08-05-14--39--10 MovingFrameQueue Appended
INFO:root:2021-08-05-14--39--10 Colour Conversion Completed
INFO:root:2021-08-05-14--39--10 Sleep Check Completed
INFO:root:2021-08-05-14--39--10 Frame manipulations completed
INFO:root:2021-08-05-14--39--10 Bounding Box Drawn
INFO:root:2021-08-05-14--39--11 MovingFrameQueue Popped
INFO:root:2021-08-05-14--39--11 Colour Conversion Completed
INFO:root:2021-08-05-14--39--11 Sleep Check Completed
INFO:root:2021-08-05-14--39--11 Frame manipulations completed
INFO:root:2021-08-05-14--39--11 Bounding Box Drawn
INFO:root:2021-08-05-14--39--11 MovingFrameQueue Appended
INFO:root:2021-08-05-14--39--11 Colour Conversion Completed
INFO:root:2021-08-05-14--39--11 Sleep Check Completed
INFO:root:2021-08-05-14--39--11 Frame manipulations completed
INFO:root:2021-08-05-14--39--11 Bounding Box Drawn
INFO:root:2021-08-05-14--39--11 MovingFrameQueue Popped
INFO:root:2021-08-05-14--39--11 Colour Conversion Completed
INFO:root:2021-08-05-14--39--11 Sleep Check Completed
INFO:root:2021-08-05-14--39--11 Frame manipulations completed
INFO:root:2021-08-05-14--39--11 Bounding Box Drawn
INFO:root:2021-08-05-14--39--11 MovingFrameQueue Appended
INFO:root:2021-08-05-14--39--11 Colour Conversion Completed
INFO:root:2021-08-05-14--39--11 Sleep Check Completed
INFO:root:2021-08-05-14--39--11 Frame manipulations completed
INFO:root:2021-08-05-14--39--11 Bounding Box Drawn
INFO:root:2021-08-05-14--39--11 MovingFrameQueue Popped
INFO:root:2021-08-05-14--39--11 Colour Conversion Completed
INFO:root:2021-08-05-14--39--11 Sleep Check Completed
INFO:root:2021-08-05-14--39--11 Frame manipulations completed
INFO:root:2021-08-05-14--39--11 Bounding Box Drawn
INFO:root:2021-08-05-14--39--11 MovingFrameQueue Appended
INFO:root:2021-08-05-14--39--11 Colour Conversion Completed
INFO:root:2021-08-05-14--39--11 Sleep Check Completed
INFO:root:2021-08-05-14--39--11 Frame manipulations completed
INFO:root:2021-08-05-14--39--11 Bounding Box Drawn
INFO:root:2021-08-05-14--39--11 MovingFrameQueue Popped
INFO:root:2021-08-05-14--39--11 Colour Conversion Completed
INFO:root:2021-08-05-14--39--11 Sleep Check Completed
INFO:root:2021-08-05-14--39--11 Frame manipulations completed
INFO:root:2021-08-05-14--39--11 Bounding Box Drawn
INFO:root:2021-08-05-14--39--11 MovingFrameQueue Appended
INFO:root:2021-08-05-14--39--11 Colour Conversion Completed
INFO:root:2021-08-05-14--39--11 Sleep Check Completed
INFO:root:2021-08-05-14--39--11 Frame manipulations completed
INFO:root:2021-08-05-14--39--11 Bounding Box Drawn
INFO:root:2021-08-05-14--39--12 MovingFrameQueue Popped
INFO:root:2021-08-05-14--39--12 Colour Conversion Completed
INFO:root:2021-08-05-14--39--12 Sleep Check Completed
INFO:root:2021-08-05-14--39--12 Frame manipulations completed
INFO:root:2021-08-05-14--39--12 Bounding Box Drawn
INFO:root:2021-08-05-14--39--12 MovingFrameQueue Appended
INFO:root:2021-08-05-14--39--12 Colour Conversion Completed
INFO:root:2021-08-05-14--39--12 Sleep Check Completed
INFO:root:2021-08-05-14--39--12 Frame manipulations completed
INFO:root:2021-08-05-14--39--12 Bounding Box Drawn
INFO:root:2021-08-05-14--39--12 MovingFrameQueue Popped
INFO:root:2021-08-05-14--39--12 Colour Conversion Completed
INFO:root:2021-08-05-14--39--12 Sleep Check Completed
INFO:root:2021-08-05-14--39--12 Frame manipulations completed
INFO:root:2021-08-05-14--39--12 Bounding Box Drawn
INFO:root:2021-08-05-14--39--12 MovingFrameQueue Appended
INFO:root:2021-08-05-14--39--12 Colour Conversion Completed
INFO:root:2021-08-05-14--39--12 Sleep Check Completed
INFO:root:2021-08-05-14--39--12 Frame manipulations completed
INFO:root:2021-08-05-14--39--12 Bounding Box Drawn
INFO:root:2021-08-05-14--39--12 MovingFrameQueue Popped
INFO:root:2021-08-05-14--39--12 Colour Conversion Completed
INFO:root:2021-08-05-14--39--12 Sleep Check Completed
INFO:root:2021-08-05-14--39--12 Frame manipulations completed
INFO:root:2021-08-05-14--39--12 Bounding Box Drawn
INFO:root:2021-08-05-14--39--12 MovingFrameQueue Appended
INFO:root:2021-08-05-14--39--12 Colour Conversion Completed
INFO:root:2021-08-05-14--39--12 Sleep Check Completed
INFO:root:2021-08-05-14--39--12 Frame manipulations completed
INFO:root:2021-08-05-14--39--12 Bounding Box Drawn
INFO:root:2021-08-05-14--39--12 MovingFrameQueue Popped
INFO:root:2021-08-05-14--39--12 Colour Conversion Completed
INFO:root:2021-08-05-14--39--12 Sleep Check Completed
INFO:root:2021-08-05-14--39--12 Frame manipulations completed
INFO:root:2021-08-05-14--39--12 Bounding Box Drawn
INFO:root:2021-08-05-14--39--12 MovingFrameQueue Appended
INFO:root:2021-08-05-14--39--12 Colour Conversion Completed
INFO:root:2021-08-05-14--39--12 Sleep Check Completed
INFO:root:2021-08-05-14--39--12 Frame manipulations completed
INFO:root:2021-08-05-14--39--12 Bounding Box Drawn
INFO:root:2021-08-05-14--39--12 MovingFrameQueue Popped
INFO:root:2021-08-05-14--39--12 Colour Conversion Completed
INFO:root:2021-08-05-14--39--12 Sleep Check Completed
INFO:root:2021-08-05-14--39--12 Frame manipulations completed
INFO:root:2021-08-05-14--39--12 Bounding Box Drawn
INFO:root:2021-08-05-14--39--13 MovingFrameQueue Appended
INFO:root:2021-08-05-14--39--13 Colour Conversion Completed
INFO:root:2021-08-05-14--39--13 Sleep Check Completed
INFO:root:2021-08-05-14--39--13 Frame manipulations completed
INFO:root:2021-08-05-14--39--13 Bounding Box Drawn
INFO:root:2021-08-05-14--39--13 MovingFrameQueue Popped
INFO:root:2021-08-05-14--39--13 Colour Conversion Completed
INFO:root:2021-08-05-14--39--13 Sleep Check Completed
INFO:root:2021-08-05-14--39--13 Frame manipulations completed
INFO:root:2021-08-05-14--39--13 Bounding Box Drawn
INFO:root:2021-08-05-14--39--13 MovingFrameQueue Appended
INFO:root:2021-08-05-14--39--13 Colour Conversion Completed
INFO:root:2021-08-05-14--39--13 Sleep Check Completed
INFO:root:2021-08-05-14--39--13 Frame manipulations completed
INFO:root:2021-08-05-14--39--13 Bounding Box Drawn
INFO:root:2021-08-05-14--39--13 MovingFrameQueue Popped
INFO:root:2021-08-05-14--39--13 Colour Conversion Completed
INFO:root:2021-08-05-14--39--13 Sleep Check Completed
INFO:root:2021-08-05-14--39--13 Frame manipulations completed
INFO:root:2021-08-05-14--39--13 Bounding Box Drawn
INFO:root:2021-08-05-14--39--13 MovingFrameQueue Appended
INFO:root:2021-08-05-14--39--13 Colour Conversion Completed
INFO:root:2021-08-05-14--39--13 Sleep Check Completed
INFO:root:2021-08-05-14--39--13 Frame manipulations completed
INFO:root:2021-08-05-14--39--13 Bounding Box Drawn
INFO:root:2021-08-05-14--39--13 MovingFrameQueue Popped
INFO:root:2021-08-05-14--39--13 Colour Conversion Completed
INFO:root:2021-08-05-14--39--13 Sleep Check Completed
INFO:root:2021-08-05-14--39--13 Frame manipulations completed
INFO:root:2021-08-05-14--39--13 Bounding Box Drawn
INFO:root:2021-08-05-14--39--13 MovingFrameQueue Appended
INFO:root:2021-08-05-14--39--13 Colour Conversion Completed
INFO:root:2021-08-05-14--39--13 Sleep Check Completed
INFO:root:2021-08-05-14--39--13 Frame manipulations completed
INFO:root:2021-08-05-14--39--13 Bounding Box Drawn
INFO:root:2021-08-05-14--39--13 MovingFrameQueue Popped
INFO:root:2021-08-05-14--39--13 Colour Conversion Completed
INFO:root:2021-08-05-14--39--13 Sleep Check Completed
INFO:root:2021-08-05-14--39--13 Frame manipulations completed
INFO:root:2021-08-05-14--39--13 Bounding Box Drawn
INFO:root:2021-08-05-14--39--14 MovingFrameQueue Appended
INFO:root:2021-08-05-14--39--14 Colour Conversion Completed
INFO:root:2021-08-05-14--39--14 Sleep Check Completed
INFO:root:2021-08-05-14--39--14 Frame manipulations completed
INFO:root:2021-08-05-14--39--14 Bounding Box Drawn
INFO:root:2021-08-05-14--39--14 MovingFrameQueue Popped
INFO:root:2021-08-05-14--39--14 Colour Conversion Completed
INFO:root:2021-08-05-14--39--14 Sleep Check Completed
INFO:root:2021-08-05-14--39--14 Frame manipulations completed
INFO:root:2021-08-05-14--39--14 Bounding Box Drawn
INFO:root:2021-08-05-14--39--14 MovingFrameQueue Appended
INFO:root:2021-08-05-14--39--14 Colour Conversion Completed
INFO:root:2021-08-05-14--39--14 Sleep Check Completed
INFO:root:2021-08-05-14--39--14 Frame manipulations completed
INFO:root:2021-08-05-14--39--14 Bounding Box Drawn
INFO:root:2021-08-05-14--39--14 MovingFrameQueue Popped
INFO:root:2021-08-05-14--39--14 Colour Conversion Completed
INFO:root:2021-08-05-14--39--14 Sleep Check Completed
INFO:root:2021-08-05-14--39--14 Frame manipulations completed
INFO:root:2021-08-05-14--39--14 Bounding Box Drawn
INFO:root:2021-08-05-14--39--14 MovingFrameQueue Appended
INFO:root:2021-08-05-14--39--14 Colour Conversion Completed
INFO:root:2021-08-05-14--39--14 Sleep Check Completed
INFO:root:2021-08-05-14--39--14 Frame manipulations completed
INFO:root:2021-08-05-14--39--14 Bounding Box Drawn
INFO:root:2021-08-05-14--39--14 MovingFrameQueue Popped
INFO:root:2021-08-05-14--39--14 Colour Conversion Completed
INFO:root:2021-08-05-14--39--14 Sleep Check Completed
INFO:root:2021-08-05-14--39--14 Frame manipulations completed
INFO:root:2021-08-05-14--39--14 Bounding Box Drawn
INFO:root:2021-08-05-14--39--14 MovingFrameQueue Appended
INFO:root:2021-08-05-14--39--14 Colour Conversion Completed
INFO:root:2021-08-05-14--39--14 Sleep Check Completed
INFO:root:2021-08-05-14--39--14 Frame manipulations completed
INFO:root:2021-08-05-14--39--14 Bounding Box Drawn
INFO:root:2021-08-05-14--39--14 MovingFrameQueue Popped
INFO:root:2021-08-05-14--39--14 Colour Conversion Completed
INFO:root:2021-08-05-14--39--14 Sleep Check Completed
INFO:root:2021-08-05-14--39--14 Frame manipulations completed
INFO:root:2021-08-05-14--39--14 Bounding Box Drawn
INFO:root:2021-08-05-14--39--14 MovingFrameQueue Appended
INFO:root:2021-08-05-14--39--14 Colour Conversion Completed
INFO:root:2021-08-05-14--39--14 Sleep Check Completed
INFO:root:2021-08-05-14--39--14 Frame manipulations completed
INFO:root:2021-08-05-14--39--14 Bounding Box Drawn
INFO:root:2021-08-05-14--39--15 MovingFrameQueue Popped
INFO:root:2021-08-05-14--39--15 Colour Conversion Completed
INFO:root:2021-08-05-14--39--15 Sleep Check Completed
INFO:root:2021-08-05-14--39--15 Frame manipulations completed
INFO:root:2021-08-05-14--39--15 Bounding Box Drawn
INFO:root:2021-08-05-14--39--15 MovingFrameQueue Appended
INFO:root:2021-08-05-14--39--15 Colour Conversion Completed
INFO:root:2021-08-05-14--39--15 Sleep Check Completed
INFO:root:2021-08-05-14--39--15 Frame manipulations completed
INFO:root:2021-08-05-14--39--15 Bounding Box Drawn
INFO:root:2021-08-05-14--39--15 MovingFrameQueue Popped
INFO:root:2021-08-05-14--39--15 Colour Conversion Completed
INFO:root:2021-08-05-14--39--15 Sleep Check Completed
INFO:root:2021-08-05-14--39--15 Frame manipulations completed
INFO:root:2021-08-05-14--39--15 Bounding Box Drawn
INFO:root:2021-08-05-14--39--15 MovingFrameQueue Appended
INFO:root:2021-08-05-14--39--15 Colour Conversion Completed
INFO:root:2021-08-05-14--39--15 Sleep Check Completed
INFO:root:2021-08-05-14--39--15 Frame manipulations completed
INFO:root:2021-08-05-14--39--15 Bounding Box Drawn
INFO:root:2021-08-05-14--39--15 MovingFrameQueue Popped
INFO:root:2021-08-05-14--39--15 Colour Conversion Completed
INFO:root:2021-08-05-14--39--15 Sleep Check Completed
INFO:root:2021-08-05-14--39--15 Frame manipulations completed
INFO:root:2021-08-05-14--39--15 Bounding Box Drawn
INFO:root:2021-08-05-14--39--15 MovingFrameQueue Appended
INFO:root:2021-08-05-14--39--15 Colour Conversion Completed
INFO:root:2021-08-05-14--39--15 Sleep Check Completed
INFO:root:2021-08-05-14--39--15 Frame manipulations completed
INFO:root:2021-08-05-14--39--15 Bounding Box Drawn
INFO:root:2021-08-05-14--39--15 MovingFrameQueue Popped
INFO:root:2021-08-05-14--39--15 Colour Conversion Completed
INFO:root:2021-08-05-14--39--15 Sleep Check Completed
INFO:root:2021-08-05-14--39--15 Frame manipulations completed
INFO:root:2021-08-05-14--39--15 Bounding Box Drawn
INFO:root:2021-08-05-14--39--15 MovingFrameQueue Appended
INFO:root:2021-08-05-14--39--15 Colour Conversion Completed
INFO:root:2021-08-05-14--39--15 Sleep Check Completed
INFO:root:2021-08-05-14--39--15 Frame manipulations completed
INFO:root:2021-08-05-14--39--15 Bounding Box Drawn
INFO:root:2021-08-05-14--39--15 MovingFrameQueue Popped
INFO:root:2021-08-05-14--39--15 Colour Conversion Completed
INFO:root:2021-08-05-14--39--15 Sleep Check Completed
INFO:root:2021-08-05-14--39--15 Frame manipulations completed
INFO:root:2021-08-05-14--39--15 Bounding Box Drawn
INFO:root:2021-08-05-14--39--16 MovingFrameQueue Appended
INFO:root:2021-08-05-14--39--16 Colour Conversion Completed
INFO:root:2021-08-05-14--39--16 Sleep Check Completed
INFO:root:2021-08-05-14--39--16 Frame manipulations completed
INFO:root:2021-08-05-14--39--16 Bounding Box Drawn
INFO:root:2021-08-05-14--39--16 MovingFrameQueue Popped
INFO:root:2021-08-05-14--39--16 Colour Conversion Completed
INFO:root:2021-08-05-14--39--16 Sleep Check Completed
INFO:root:2021-08-05-14--39--16 Frame manipulations completed
INFO:root:2021-08-05-14--39--16 Bounding Box Drawn
INFO:root:2021-08-05-14--39--16 MovingFrameQueue Appended
INFO:root:2021-08-05-14--39--16 Colour Conversion Completed
INFO:root:2021-08-05-14--39--16 Sleep Check Completed
INFO:root:2021-08-05-14--39--16 Frame manipulations completed
INFO:root:2021-08-05-14--39--16 Bounding Box Drawn
INFO:root:2021-08-05-14--39--16 MovingFrameQueue Popped
INFO:root:2021-08-05-14--39--16 Colour Conversion Completed
INFO:root:2021-08-05-14--39--16 Sleep Check Completed
INFO:root:2021-08-05-14--39--16 Frame manipulations completed
INFO:root:2021-08-05-14--39--16 Bounding Box Drawn
INFO:root:2021-08-05-14--39--16 MovingFrameQueue Appended
INFO:root:2021-08-05-14--39--16 Colour Conversion Completed
INFO:root:2021-08-05-14--39--16 Sleep Check Completed
INFO:root:2021-08-05-14--39--16 Frame manipulations completed
INFO:root:2021-08-05-14--39--16 Bounding Box Drawn
INFO:root:2021-08-05-14--39--16 MovingFrameQueue Popped
INFO:root:2021-08-05-14--39--16 Colour Conversion Completed
INFO:root:2021-08-05-14--39--16 Sleep Check Completed
INFO:root:2021-08-05-14--39--16 Frame manipulations completed
INFO:root:2021-08-05-14--39--16 Bounding Box Drawn
INFO:root:2021-08-05-14--39--16 MovingFrameQueue Appended
INFO:root:2021-08-05-14--39--16 Colour Conversion Completed
INFO:root:2021-08-05-14--39--16 Sleep Check Completed
INFO:root:2021-08-05-14--39--16 Frame manipulations completed
INFO:root:2021-08-05-14--39--16 Bounding Box Drawn
INFO:root:2021-08-05-14--39--16 MovingFrameQueue Popped
INFO:root:2021-08-05-14--39--16 Colour Conversion Completed
INFO:root:2021-08-05-14--39--16 Sleep Check Completed
INFO:root:2021-08-05-14--39--16 Frame manipulations completed
INFO:root:2021-08-05-14--39--16 Bounding Box Drawn
INFO:root:2021-08-05-14--39--17 MovingFrameQueue Appended
INFO:root:2021-08-05-14--39--17 Colour Conversion Completed
INFO:root:2021-08-05-14--39--17 Sleep Check Completed
INFO:root:2021-08-05-14--39--17 Frame manipulations completed
INFO:root:2021-08-05-14--39--17 Bounding Box Drawn
INFO:root:2021-08-05-14--39--17 MovingFrameQueue Popped
INFO:root:2021-08-05-14--39--17 Colour Conversion Completed
INFO:root:2021-08-05-14--39--17 Sleep Check Completed
INFO:root:2021-08-05-14--39--17 Frame manipulations completed
INFO:root:2021-08-05-14--39--17 Bounding Box Drawn
INFO:root:2021-08-05-14--39--17 MovingFrameQueue Appended
INFO:root:2021-08-05-14--39--17 Colour Conversion Completed
INFO:root:2021-08-05-14--39--17 Sleep Check Completed
INFO:root:2021-08-05-14--39--17 Frame manipulations completed
INFO:root:2021-08-05-14--39--17 Bounding Box Drawn
INFO:root:2021-08-05-14--39--17 MovingFrameQueue Popped
INFO:root:2021-08-05-14--39--17 Colour Conversion Completed
INFO:root:2021-08-05-14--39--17 Sleep Check Completed
INFO:root:2021-08-05-14--39--17 Frame manipulations completed
INFO:root:2021-08-05-14--39--17 Bounding Box Drawn
INFO:root:2021-08-05-14--39--17 MovingFrameQueue Appended
INFO:root:2021-08-05-14--39--17 Colour Conversion Completed
INFO:root:2021-08-05-14--39--17 Sleep Check Completed
INFO:root:2021-08-05-14--39--17 Frame manipulations completed
INFO:root:2021-08-05-14--39--17 Bounding Box Drawn
INFO:root:2021-08-05-14--39--17 MovingFrameQueue Popped
INFO:root:2021-08-05-14--39--17 Colour Conversion Completed
INFO:root:2021-08-05-14--39--17 Sleep Check Completed
INFO:root:2021-08-05-14--39--17 Frame manipulations completed
INFO:root:2021-08-05-14--39--17 Bounding Box Drawn
INFO:root:2021-08-05-14--39--17 MovingFrameQueue Appended
INFO:root:2021-08-05-14--39--17 Colour Conversion Completed
INFO:root:2021-08-05-14--39--17 Sleep Check Completed
INFO:root:2021-08-05-14--39--17 Frame manipulations completed
INFO:root:2021-08-05-14--39--17 Bounding Box Drawn
INFO:root:2021-08-05-14--39--17 MovingFrameQueue Popped
INFO:root:2021-08-05-14--39--17 Colour Conversion Completed
INFO:root:2021-08-05-14--39--17 Sleep Check Completed
INFO:root:2021-08-05-14--39--17 Frame manipulations completed
INFO:root:2021-08-05-14--39--17 Bounding Box Drawn
INFO:root:2021-08-05-14--39--17 MovingFrameQueue Appended
INFO:root:2021-08-05-14--39--17 Colour Conversion Completed
INFO:root:2021-08-05-14--39--18 Sleep Check Completed
INFO:root:2021-08-05-14--39--18 Frame manipulations completed
INFO:root:2021-08-05-14--39--18 Bounding Box Drawn
INFO:root:2021-08-05-14--39--18 MovingFrameQueue Popped
INFO:root:2021-08-05-14--39--18 Colour Conversion Completed
INFO:root:2021-08-05-14--39--18 Sleep Check Completed
INFO:root:2021-08-05-14--39--18 Frame manipulations completed
INFO:root:2021-08-05-14--39--18 Bounding Box Drawn
INFO:root:2021-08-05-14--39--18 MovingFrameQueue Appended
INFO:root:2021-08-05-14--39--18 Colour Conversion Completed
INFO:root:2021-08-05-14--39--18 Sleep Check Completed
INFO:root:2021-08-05-14--39--18 Frame manipulations completed
INFO:root:2021-08-05-14--39--18 Bounding Box Drawn
INFO:root:2021-08-05-14--39--18 MovingFrameQueue Popped
INFO:root:2021-08-05-14--39--18 Colour Conversion Completed
INFO:root:2021-08-05-14--39--18 Sleep Check Completed
INFO:root:2021-08-05-14--39--18 Frame manipulations completed
INFO:root:2021-08-05-14--39--18 Bounding Box Drawn
INFO:root:2021-08-05-14--39--18 MovingFrameQueue Appended
INFO:root:2021-08-05-14--39--18 Colour Conversion Completed
INFO:root:2021-08-05-14--39--18 Sleep Check Completed
INFO:root:2021-08-05-14--39--18 Frame manipulations completed
INFO:root:2021-08-05-14--39--18 Bounding Box Drawn
INFO:root:2021-08-05-14--39--18 MovingFrameQueue Popped
INFO:root:2021-08-05-14--39--18 Colour Conversion Completed
INFO:root:2021-08-05-14--39--18 Sleep Check Completed
INFO:root:2021-08-05-14--39--18 Frame manipulations completed
INFO:root:2021-08-05-14--39--18 Bounding Box Drawn
INFO:root:2021-08-05-14--39--18 MovingFrameQueue Appended
INFO:root:2021-08-05-14--39--18 Colour Conversion Completed
INFO:root:2021-08-05-14--39--18 Sleep Check Completed
INFO:root:2021-08-05-14--39--18 Frame manipulations completed
INFO:root:2021-08-05-14--39--18 Bounding Box Drawn
INFO:root:2021-08-05-14--39--18 MovingFrameQueue Popped
INFO:root:2021-08-05-14--39--18 Colour Conversion Completed
INFO:root:2021-08-05-14--39--18 Sleep Check Completed
INFO:root:2021-08-05-14--39--18 Frame manipulations completed
INFO:root:2021-08-05-14--39--18 Bounding Box Drawn
INFO:root:2021-08-05-14--39--18 MovingFrameQueue Appended
INFO:root:2021-08-05-14--39--18 Colour Conversion Completed
INFO:root:2021-08-05-14--39--18 Sleep Check Completed
INFO:root:2021-08-05-14--39--18 Frame manipulations completed
INFO:root:2021-08-05-14--39--18 Bounding Box Drawn
INFO:root:2021-08-05-14--39--18 MovingFrameQueue Popped
INFO:root:2021-08-05-14--39--18 Colour Conversion Completed
INFO:root:2021-08-05-14--39--18 Sleep Check Completed
INFO:root:2021-08-05-14--39--18 Frame manipulations completed
INFO:root:2021-08-05-14--39--18 Bounding Box Drawn
INFO:root:2021-08-05-14--39--19 MovingFrameQueue Appended
INFO:root:2021-08-05-14--39--19 Colour Conversion Completed
INFO:root:2021-08-05-14--39--19 Sleep Check Completed
INFO:root:2021-08-05-14--39--19 Frame manipulations completed
INFO:root:2021-08-05-14--39--19 Bounding Box Drawn
INFO:root:2021-08-05-14--39--19 MovingFrameQueue Popped
INFO:root:2021-08-05-14--39--19 Colour Conversion Completed
INFO:root:2021-08-05-14--39--19 Sleep Check Completed
INFO:root:2021-08-05-14--39--19 Frame manipulations completed
INFO:root:2021-08-05-14--39--19 Bounding Box Drawn
INFO:root:2021-08-05-14--39--19 MovingFrameQueue Appended
INFO:root:2021-08-05-14--39--19 Colour Conversion Completed
INFO:root:2021-08-05-14--39--19 Sleep Check Completed
INFO:root:2021-08-05-14--39--19 Frame manipulations completed
INFO:root:2021-08-05-14--39--19 Bounding Box Drawn
INFO:root:2021-08-05-14--39--19 MovingFrameQueue Popped
INFO:root:2021-08-05-14--39--19 Colour Conversion Completed
INFO:root:2021-08-05-14--39--19 Sleep Check Completed
INFO:root:2021-08-05-14--39--19 Frame manipulations completed
INFO:root:2021-08-05-14--39--19 Bounding Box Drawn
INFO:root:2021-08-05-14--39--19 MovingFrameQueue Appended
INFO:root:2021-08-05-14--39--19 Colour Conversion Completed
INFO:root:2021-08-05-14--39--19 Sleep Check Completed
INFO:root:2021-08-05-14--39--19 Frame manipulations completed
INFO:root:2021-08-05-14--39--19 Bounding Box Drawn
INFO:root:2021-08-05-14--39--19 MovingFrameQueue Popped
INFO:root:2021-08-05-14--39--19 Colour Conversion Completed
INFO:root:2021-08-05-14--39--19 Sleep Check Completed
INFO:root:2021-08-05-14--39--19 Frame manipulations completed
INFO:root:2021-08-05-14--39--19 Bounding Box Drawn
INFO:root:2021-08-05-14--39--19 MovingFrameQueue Appended
INFO:root:2021-08-05-14--39--19 Colour Conversion Completed
INFO:root:2021-08-05-14--39--19 Sleep Check Completed
INFO:root:2021-08-05-14--39--19 Frame manipulations completed
INFO:root:2021-08-05-14--39--19 Bounding Box Drawn
INFO:root:2021-08-05-14--39--20 MovingFrameQueue Popped
INFO:root:2021-08-05-14--39--20 Colour Conversion Completed
INFO:root:2021-08-05-14--39--20 Sleep Check Completed
INFO:root:2021-08-05-14--39--20 Frame manipulations completed
INFO:root:2021-08-05-14--39--20 Bounding Box Drawn
INFO:root:2021-08-05-14--39--20 MovingFrameQueue Appended
INFO:root:2021-08-05-14--39--20 Colour Conversion Completed
INFO:root:2021-08-05-14--39--20 Sleep Check Completed
INFO:root:2021-08-05-14--39--20 Frame manipulations completed
INFO:root:2021-08-05-14--39--20 Bounding Box Drawn
INFO:root:2021-08-05-14--39--20 MovingFrameQueue Popped
INFO:root:2021-08-05-14--39--20 Colour Conversion Completed
INFO:root:2021-08-05-14--39--20 Sleep Check Completed
INFO:root:2021-08-05-14--39--20 Frame manipulations completed
INFO:root:2021-08-05-14--39--20 Bounding Box Drawn
INFO:root:2021-08-05-14--39--20 MovingFrameQueue Appended
INFO:root:2021-08-05-14--39--20 Colour Conversion Completed
INFO:root:2021-08-05-14--39--20 Sleep Check Completed
INFO:root:2021-08-05-14--39--20 Frame manipulations completed
INFO:root:2021-08-05-14--39--20 Bounding Box Drawn
INFO:root:2021-08-05-14--39--20 MovingFrameQueue Popped
INFO:root:2021-08-05-14--39--20 Colour Conversion Completed
INFO:root:2021-08-05-14--39--20 Sleep Check Completed
INFO:root:2021-08-05-14--39--20 Frame manipulations completed
INFO:root:2021-08-05-14--39--20 Bounding Box Drawn
INFO:root:2021-08-05-14--39--20 MovingFrameQueue Appended
INFO:root:2021-08-05-14--39--20 Colour Conversion Completed
INFO:root:2021-08-05-14--39--20 Sleep Check Completed
INFO:root:2021-08-05-14--39--20 Frame manipulations completed
INFO:root:2021-08-05-14--39--20 Bounding Box Drawn
INFO:root:2021-08-05-14--39--20 MovingFrameQueue Popped
INFO:root:2021-08-05-14--39--20 Colour Conversion Completed
INFO:root:2021-08-05-14--39--20 Sleep Check Completed
INFO:root:2021-08-05-14--39--20 Frame manipulations completed
INFO:root:2021-08-05-14--39--20 Bounding Box Drawn
INFO:root:2021-08-05-14--39--20 MovingFrameQueue Appended
INFO:root:2021-08-05-14--39--20 Colour Conversion Completed
INFO:root:2021-08-05-14--39--20 Sleep Check Completed
INFO:root:2021-08-05-14--39--20 Frame manipulations completed
INFO:root:2021-08-05-14--39--20 Bounding Box Drawn
INFO:root:2021-08-05-14--39--20 MovingFrameQueue Popped
INFO:root:2021-08-05-14--39--20 Colour Conversion Completed
INFO:root:2021-08-05-14--39--20 Sleep Check Completed
INFO:root:2021-08-05-14--39--20 Frame manipulations completed
INFO:root:2021-08-05-14--39--20 Bounding Box Drawn
INFO:root:2021-08-05-14--39--21 MovingFrameQueue Appended
INFO:root:2021-08-05-14--39--21 Colour Conversion Completed
INFO:root:2021-08-05-14--39--21 Sleep Check Completed
INFO:root:2021-08-05-14--39--21 Frame manipulations completed
INFO:root:2021-08-05-14--39--21 Bounding Box Drawn
INFO:root:2021-08-05-14--39--21 MovingFrameQueue Popped
INFO:root:2021-08-05-14--39--21 Colour Conversion Completed
INFO:root:2021-08-05-14--39--21 Sleep Check Completed
INFO:root:2021-08-05-14--39--21 Frame manipulations completed
INFO:root:2021-08-05-14--39--21 Bounding Box Drawn
INFO:root:2021-08-05-14--39--21 MovingFrameQueue Appended
INFO:root:2021-08-05-14--39--21 Colour Conversion Completed
INFO:root:2021-08-05-14--39--21 Sleep Check Completed
INFO:root:2021-08-05-14--39--21 Frame manipulations completed
INFO:root:2021-08-05-14--39--21 Bounding Box Drawn
INFO:root:2021-08-05-14--39--21 MovingFrameQueue Popped
INFO:root:2021-08-05-14--39--21 Colour Conversion Completed
INFO:root:2021-08-05-14--39--21 Sleep Check Completed
INFO:root:2021-08-05-14--39--21 Frame manipulations completed
INFO:root:2021-08-05-14--39--21 Bounding Box Drawn
INFO:root:2021-08-05-14--39--21 MovingFrameQueue Appended
INFO:root:2021-08-05-14--39--21 Colour Conversion Completed
INFO:root:2021-08-05-14--39--21 Sleep Check Completed
INFO:root:2021-08-05-14--39--21 Frame manipulations completed
INFO:root:2021-08-05-14--39--21 Bounding Box Drawn
INFO:root:2021-08-05-14--39--21 MovingFrameQueue Popped
INFO:root:2021-08-05-14--39--21 Colour Conversion Completed
INFO:root:2021-08-05-14--39--21 Sleep Check Completed
INFO:root:2021-08-05-14--39--21 Frame manipulations completed
INFO:root:2021-08-05-14--39--21 Bounding Box Drawn
INFO:root:2021-08-05-14--39--21 MovingFrameQueue Appended
INFO:root:2021-08-05-14--39--21 Colour Conversion Completed
INFO:root:2021-08-05-14--39--21 Sleep Check Completed
INFO:root:2021-08-05-14--39--21 Frame manipulations completed
INFO:root:2021-08-05-14--39--21 Bounding Box Drawn
INFO:root:2021-08-05-14--39--21 MovingFrameQueue Popped
INFO:root:2021-08-05-14--39--21 Colour Conversion Completed
INFO:root:2021-08-05-14--39--21 Sleep Check Completed
INFO:root:2021-08-05-14--39--21 Frame manipulations completed
INFO:root:2021-08-05-14--39--21 Bounding Box Drawn
INFO:root:2021-08-05-14--39--22 MovingFrameQueue Appended
INFO:root:2021-08-05-14--39--22 Colour Conversion Completed
INFO:root:2021-08-05-14--39--22 Sleep Check Completed
INFO:root:2021-08-05-14--39--22 Frame manipulations completed
INFO:root:2021-08-05-14--39--22 Bounding Box Drawn
INFO:root:2021-08-05-14--39--22 MovingFrameQueue Popped
INFO:root:2021-08-05-14--39--22 Colour Conversion Completed
INFO:root:2021-08-05-14--39--22 Sleep Check Completed
INFO:root:2021-08-05-14--39--22 Frame manipulations completed
INFO:root:2021-08-05-14--39--22 Bounding Box Drawn
INFO:root:2021-08-05-14--39--22 MovingFrameQueue Appended
INFO:root:2021-08-05-14--39--22 Colour Conversion Completed
INFO:root:2021-08-05-14--39--22 Sleep Check Completed
INFO:root:2021-08-05-14--39--22 Frame manipulations completed
INFO:root:2021-08-05-14--39--22 Bounding Box Drawn
INFO:root:2021-08-05-14--39--22 MovingFrameQueue Popped
INFO:root:2021-08-05-14--39--22 Colour Conversion Completed
INFO:root:2021-08-05-14--39--22 Sleep Check Completed
INFO:root:2021-08-05-14--39--22 Frame manipulations completed
INFO:root:2021-08-05-14--39--22 Bounding Box Drawn
INFO:root:2021-08-05-14--39--22 MovingFrameQueue Appended
INFO:root:2021-08-05-14--39--22 Colour Conversion Completed
INFO:root:2021-08-05-14--39--22 Sleep Check Completed
INFO:root:2021-08-05-14--39--22 Frame manipulations completed
INFO:root:2021-08-05-14--39--22 Bounding Box Drawn
INFO:root:2021-08-05-14--39--22 MovingFrameQueue Popped
INFO:root:2021-08-05-14--39--22 Colour Conversion Completed
INFO:root:2021-08-05-14--39--22 Sleep Check Completed
INFO:root:2021-08-05-14--39--22 Frame manipulations completed
INFO:root:2021-08-05-14--39--22 Bounding Box Drawn
INFO:root:2021-08-05-14--39--22 MovingFrameQueue Appended
INFO:root:2021-08-05-14--39--22 Colour Conversion Completed
INFO:root:2021-08-05-14--39--22 Sleep Check Completed
INFO:root:2021-08-05-14--39--22 Frame manipulations completed
INFO:root:2021-08-05-14--39--22 Bounding Box Drawn
INFO:root:2021-08-05-14--39--22 MovingFrameQueue Popped
INFO:root:2021-08-05-14--39--22 Colour Conversion Completed
INFO:root:2021-08-05-14--39--22 Sleep Check Completed
INFO:root:2021-08-05-14--39--22 Frame manipulations completed
INFO:root:2021-08-05-14--39--22 Bounding Box Drawn
INFO:root:2021-08-05-14--39--22 MovingFrameQueue Appended
INFO:root:2021-08-05-14--39--22 Colour Conversion Completed
INFO:root:2021-08-05-14--39--22 Sleep Check Completed
INFO:root:2021-08-05-14--39--22 Frame manipulations completed
INFO:root:2021-08-05-14--39--22 Bounding Box Drawn
INFO:root:2021-08-05-14--39--23 MovingFrameQueue Popped
INFO:root:2021-08-05-14--39--23 Colour Conversion Completed
INFO:root:2021-08-05-14--39--23 Sleep Check Completed
INFO:root:2021-08-05-14--39--23 Frame manipulations completed
INFO:root:2021-08-05-14--39--23 Bounding Box Drawn
INFO:root:2021-08-05-14--39--23 MovingFrameQueue Appended
INFO:root:2021-08-05-14--39--23 Colour Conversion Completed
INFO:root:2021-08-05-14--39--23 Sleep Check Completed
INFO:root:2021-08-05-14--39--23 Frame manipulations completed
INFO:root:2021-08-05-14--39--23 Bounding Box Drawn
INFO:root:2021-08-05-14--39--23 MovingFrameQueue Popped
INFO:root:2021-08-05-14--39--23 Colour Conversion Completed
INFO:root:2021-08-05-14--39--23 Sleep Check Completed
INFO:root:2021-08-05-14--39--23 Frame manipulations completed
INFO:root:2021-08-05-14--39--23 Bounding Box Drawn
INFO:root:2021-08-05-14--39--23 MovingFrameQueue Appended
INFO:root:2021-08-05-14--39--23 Colour Conversion Completed
INFO:root:2021-08-05-14--39--23 Sleep Check Completed
INFO:root:2021-08-05-14--39--23 Frame manipulations completed
INFO:root:2021-08-05-14--39--23 Bounding Box Drawn
INFO:root:2021-08-05-14--39--23 MovingFrameQueue Popped
INFO:root:2021-08-05-14--39--23 Colour Conversion Completed
INFO:root:2021-08-05-14--39--23 Sleep Check Completed
INFO:root:2021-08-05-14--39--23 Frame manipulations completed
INFO:root:2021-08-05-14--39--23 Bounding Box Drawn
INFO:root:2021-08-05-14--39--23 MovingFrameQueue Appended
INFO:root:2021-08-05-14--39--23 Colour Conversion Completed
INFO:root:2021-08-05-14--39--23 Sleep Check Completed
INFO:root:2021-08-05-14--39--23 Frame manipulations completed
INFO:root:2021-08-05-14--39--23 Bounding Box Drawn
INFO:root:2021-08-05-14--39--23 MovingFrameQueue Popped
INFO:root:2021-08-05-14--39--23 Colour Conversion Completed
INFO:root:2021-08-05-14--39--23 Sleep Check Completed
INFO:root:2021-08-05-14--39--23 Frame manipulations completed
INFO:root:2021-08-05-14--39--23 Bounding Box Drawn
INFO:root:2021-08-05-14--39--23 MovingFrameQueue Appended
INFO:root:2021-08-05-14--39--23 Colour Conversion Completed
INFO:root:2021-08-05-14--39--23 Sleep Check Completed
INFO:root:2021-08-05-14--39--23 Frame manipulations completed
INFO:root:2021-08-05-14--39--23 Bounding Box Drawn
INFO:root:2021-08-05-14--39--24 MovingFrameQueue Popped
INFO:root:2021-08-05-14--39--24 Colour Conversion Completed
INFO:root:2021-08-05-14--39--24 Sleep Check Completed
INFO:root:2021-08-05-14--39--24 Frame manipulations completed
INFO:root:2021-08-05-14--39--24 Bounding Box Drawn
INFO:root:2021-08-05-14--39--24 MovingFrameQueue Appended
INFO:root:2021-08-05-14--39--24 Colour Conversion Completed
INFO:root:2021-08-05-14--39--24 Sleep Check Completed
INFO:root:2021-08-05-14--39--24 Frame manipulations completed
INFO:root:2021-08-05-14--39--24 Bounding Box Drawn
INFO:root:2021-08-05-14--39--24 MovingFrameQueue Popped
INFO:root:2021-08-05-14--39--24 Colour Conversion Completed
INFO:root:2021-08-05-14--39--24 Sleep Check Completed
INFO:root:2021-08-05-14--39--24 Frame manipulations completed
INFO:root:2021-08-05-14--39--24 Bounding Box Drawn
INFO:root:2021-08-05-14--39--24 MovingFrameQueue Appended
INFO:root:2021-08-05-14--39--24 Colour Conversion Completed
INFO:root:2021-08-05-14--39--24 Sleep Check Completed
INFO:root:2021-08-05-14--39--24 Frame manipulations completed
INFO:root:2021-08-05-14--39--24 Bounding Box Drawn
INFO:root:2021-08-05-14--39--24 MovingFrameQueue Popped
INFO:root:2021-08-05-14--39--24 Colour Conversion Completed
INFO:root:2021-08-05-14--39--24 Sleep Check Completed
INFO:root:2021-08-05-14--39--24 Frame manipulations completed
INFO:root:2021-08-05-14--39--24 Bounding Box Drawn
INFO:root:2021-08-05-14--39--24 MovingFrameQueue Appended
INFO:root:2021-08-05-14--39--24 Colour Conversion Completed
INFO:root:2021-08-05-14--39--24 Sleep Check Completed
INFO:root:2021-08-05-14--39--24 Frame manipulations completed
INFO:root:2021-08-05-14--39--24 Bounding Box Drawn
INFO:root:2021-08-05-14--39--24 MovingFrameQueue Popped
INFO:root:2021-08-05-14--39--24 Colour Conversion Completed
INFO:root:2021-08-05-14--39--24 Sleep Check Completed
INFO:root:2021-08-05-14--39--24 Frame manipulations completed
INFO:root:2021-08-05-14--39--24 Bounding Box Drawn
INFO:root:2021-08-05-14--39--24 MovingFrameQueue Appended
INFO:root:2021-08-05-14--39--24 Colour Conversion Completed
INFO:root:2021-08-05-14--39--24 Sleep Check Completed
INFO:root:2021-08-05-14--39--24 Frame manipulations completed
INFO:root:2021-08-05-14--39--24 Bounding Box Drawn
INFO:root:2021-08-05-14--39--24 MovingFrameQueue Popped
INFO:root:2021-08-05-14--39--24 Colour Conversion Completed
INFO:root:2021-08-05-14--39--24 Sleep Check Completed
INFO:root:2021-08-05-14--39--24 Frame manipulations completed
INFO:root:2021-08-05-14--39--24 Bounding Box Drawn
INFO:root:2021-08-05-14--39--25 MovingFrameQueue Appended
INFO:root:2021-08-05-14--39--25 Colour Conversion Completed
INFO:root:2021-08-05-14--39--25 Sleep Check Completed
INFO:root:2021-08-05-14--39--25 Frame manipulations completed
INFO:root:2021-08-05-14--39--25 Bounding Box Drawn
INFO:root:2021-08-05-14--39--25 MovingFrameQueue Popped
INFO:root:2021-08-05-14--39--25 Colour Conversion Completed
INFO:root:2021-08-05-14--39--25 Sleep Check Completed
INFO:root:2021-08-05-14--39--25 Frame manipulations completed
INFO:root:2021-08-05-14--39--25 Bounding Box Drawn
INFO:root:2021-08-05-14--39--25[INFO] elapsed time: 35.00
INFO:root:2021-08-05-14--39--25[INFO] approx. FPS: 7.03
ERROR:root:2021-08-05-14--39--25 Getting Auth Token Failure
ERROR:root:2021-08-05-14--39--25 BedTime Upload Failed
