INFO:root:2021-07-13-11--08--49 Parameter Generation Success
INFO:root:2021-07-13-11--08--49 Colour Conversion Completed
INFO:root:2021-07-13-11--08--49 Sleep Check Completed
INFO:root:2021-07-13-11--08--49 Frame manipulations completed
INFO:root:2021-07-13-11--08--49 Writer Initialized
INFO:root:2021-07-13-11--08--49 Bounding Box Drawn
INFO:root:2021-07-13-11--08--49 MovingFrameQueue Appended
INFO:root:2021-07-13-11--08--49 Anomally Detected, starting call for more frames
INFO:root:2021-07-13-11--08--49 Anomally Detected, starting call for more frames
INFO:root:2021-07-13-11--08--49 Anomally Detected, starting call for more frames
INFO:root:2021-07-13-11--08--49 anomallyFrameTracker resetted to 200
INFO:root:2021-07-13-11--08--49 Colour Conversion Completed
INFO:root:2021-07-13-11--08--49 Sleep Check Completed
INFO:root:2021-07-13-11--08--49 Frame manipulations completed
INFO:root:2021-07-13-11--08--49 Bounding Box Drawn
INFO:root:2021-07-13-11--08--49 MovingFrameQueue Appended
INFO:root:2021-07-13-11--08--49 Anomally Detected, starting call for more frames
INFO:root:2021-07-13-11--08--49 Anomally Detected, starting call for more frames
INFO:root:2021-07-13-11--08--49 Anomally Detected, starting call for more frames
INFO:root:2021-07-13-11--08--49 anomallyFrameTracker resetted to 200
INFO:root:2021-07-13-11--08--49 Colour Conversion Completed
INFO:root:2021-07-13-11--08--49 Sleep Check Completed
INFO:root:2021-07-13-11--08--49 Frame manipulations completed
INFO:root:2021-07-13-11--08--49 Bounding Box Drawn
INFO:root:2021-07-13-11--08--49 MovingFrameQueue Appended
INFO:root:2021-07-13-11--08--49 Anomally Detected, starting call for more frames
INFO:root:2021-07-13-11--08--49 Anomally Detected, starting call for more frames
INFO:root:2021-07-13-11--08--49 Anomally Detected, starting call for more frames
INFO:root:2021-07-13-11--08--49 anomallyFrameTracker resetted to 200
INFO:root:2021-07-13-11--08--49 Colour Conversion Completed
INFO:root:2021-07-13-11--08--49 Sleep Check Completed
INFO:root:2021-07-13-11--08--49 Frame manipulations completed
INFO:root:2021-07-13-11--08--49 Bounding Box Drawn
INFO:root:2021-07-13-11--08--49 MovingFrameQueue Appended
INFO:root:2021-07-13-11--08--49 Anomally Detected, starting call for more frames
INFO:root:2021-07-13-11--08--49 Anomally Detected, starting call for more frames
INFO:root:2021-07-13-11--08--49 Anomally Detected, starting call for more frames
INFO:root:2021-07-13-11--08--49 anomallyFrameTracker resetted to 200
INFO:root:2021-07-13-11--08--50 Colour Conversion Completed
INFO:root:2021-07-13-11--08--50 Sleep Check Completed
INFO:root:2021-07-13-11--08--50 Frame manipulations completed
INFO:root:2021-07-13-11--08--50 Bounding Box Drawn
INFO:root:2021-07-13-11--08--50 MovingFrameQueue Appended
INFO:root:2021-07-13-11--08--50 Anomally Detected, starting call for more frames
INFO:root:2021-07-13-11--08--50 Anomally Detected, starting call for more frames
INFO:root:2021-07-13-11--08--50 Anomally Detected, starting call for more frames
INFO:root:2021-07-13-11--08--50 anomallyFrameTracker resetted to 200
INFO:root:2021-07-13-11--08--50 Colour Conversion Completed
INFO:root:2021-07-13-11--08--50 Sleep Check Completed
INFO:root:2021-07-13-11--08--50 Frame manipulations completed
INFO:root:2021-07-13-11--08--50 Bounding Box Drawn
INFO:root:2021-07-13-11--08--50 MovingFrameQueue Appended
INFO:root:2021-07-13-11--08--50 Anomally Detected, starting call for more frames
INFO:root:2021-07-13-11--08--50 Anomally Detected, starting call for more frames
INFO:root:2021-07-13-11--08--50 Anomally Detected, starting call for more frames
INFO:root:2021-07-13-11--08--50 anomallyFrameTracker resetted to 200
INFO:root:2021-07-13-11--08--50 Colour Conversion Completed
INFO:root:2021-07-13-11--08--50 Sleep Check Completed
INFO:root:2021-07-13-11--08--50 Frame manipulations completed
INFO:root:2021-07-13-11--08--50 Bounding Box Drawn
INFO:root:2021-07-13-11--08--50 MovingFrameQueue Appended
INFO:root:2021-07-13-11--08--50 Anomally Detected, starting call for more frames
INFO:root:2021-07-13-11--08--50 Anomally Detected, starting call for more frames
INFO:root:2021-07-13-11--08--50 Anomally Detected, starting call for more frames
INFO:root:2021-07-13-11--08--50 anomallyFrameTracker resetted to 200
INFO:root:2021-07-13-11--08--50 Colour Conversion Completed
INFO:root:2021-07-13-11--08--50 Sleep Check Completed
INFO:root:2021-07-13-11--08--50 Frame manipulations completed
INFO:root:2021-07-13-11--08--50 Bounding Box Drawn
INFO:root:2021-07-13-11--08--50 MovingFrameQueue Appended
INFO:root:2021-07-13-11--08--50 Anomally Detected, starting call for more frames
INFO:root:2021-07-13-11--08--50 Anomally Detected, starting call for more frames
INFO:root:2021-07-13-11--08--50 Anomally Detected, starting call for more frames
INFO:root:2021-07-13-11--08--50 anomallyFrameTracker resetted to 200
INFO:root:2021-07-13-11--08--50 Colour Conversion Completed
INFO:root:2021-07-13-11--08--50 Sleep Check Completed
INFO:root:2021-07-13-11--08--50 Frame manipulations completed
INFO:root:2021-07-13-11--08--50 Bounding Box Drawn
INFO:root:2021-07-13-11--08--50 MovingFrameQueue Appended
INFO:root:2021-07-13-11--08--50 Anomally Detected, starting call for more frames
INFO:root:2021-07-13-11--08--50 Anomally Detected, starting call for more frames
INFO:root:2021-07-13-11--08--50 Anomally Detected, starting call for more frames
INFO:root:2021-07-13-11--08--50 anomallyFrameTracker resetted to 200
INFO:root:2021-07-13-11--08--50 Colour Conversion Completed
INFO:root:2021-07-13-11--08--50 Sleep Check Completed
INFO:root:2021-07-13-11--08--50 Frame manipulations completed
INFO:root:2021-07-13-11--08--50 Bounding Box Drawn
INFO:root:2021-07-13-11--08--50 MovingFrameQueue Appended
INFO:root:2021-07-13-11--08--50 Anomally Detected, starting call for more frames
INFO:root:2021-07-13-11--08--50 Anomally Detected, starting call for more frames
INFO:root:2021-07-13-11--08--50 Anomally Detected, starting call for more frames
INFO:root:2021-07-13-11--08--50 anomallyFrameTracker resetted to 200
INFO:root:2021-07-13-11--08--50 Colour Conversion Completed
INFO:root:2021-07-13-11--08--50 Sleep Check Completed
INFO:root:2021-07-13-11--08--50 Frame manipulations completed
INFO:root:2021-07-13-11--08--50 Bounding Box Drawn
INFO:root:2021-07-13-11--08--50 MovingFrameQueue Appended
INFO:root:2021-07-13-11--08--50 Anomally Detected, starting call for more frames
INFO:root:2021-07-13-11--08--50 Anomally Detected, starting call for more frames
INFO:root:2021-07-13-11--08--50 Anomally Detected, starting call for more frames
INFO:root:2021-07-13-11--08--50 anomallyFrameTracker resetted to 200
INFO:root:2021-07-13-11--08--50 Colour Conversion Completed
INFO:root:2021-07-13-11--08--50 Sleep Check Completed
INFO:root:2021-07-13-11--08--50 Frame manipulations completed
INFO:root:2021-07-13-11--08--50 Bounding Box Drawn
INFO:root:2021-07-13-11--08--50 MovingFrameQueue Appended
INFO:root:2021-07-13-11--08--50 Anomally Detected, starting call for more frames
INFO:root:2021-07-13-11--08--50 Anomally Detected, starting call for more frames
INFO:root:2021-07-13-11--08--50 Anomally Detected, starting call for more frames
INFO:root:2021-07-13-11--08--50 anomallyFrameTracker resetted to 200
INFO:root:2021-07-13-11--08--50 Colour Conversion Completed
INFO:root:2021-07-13-11--08--50 Sleep Check Completed
INFO:root:2021-07-13-11--08--50 Frame manipulations completed
INFO:root:2021-07-13-11--08--50 Bounding Box Drawn
INFO:root:2021-07-13-11--08--50 MovingFrameQueue Appended
INFO:root:2021-07-13-11--08--50 Anomally Detected, starting call for more frames
INFO:root:2021-07-13-11--08--50 Anomally Detected, starting call for more frames
INFO:root:2021-07-13-11--08--50 Anomally Detected, starting call for more frames
INFO:root:2021-07-13-11--08--50 anomallyFrameTracker resetted to 200
INFO:root:2021-07-13-11--08--51 Colour Conversion Completed
INFO:root:2021-07-13-11--08--51 Sleep Check Completed
INFO:root:2021-07-13-11--08--51 Frame manipulations completed
INFO:root:2021-07-13-11--08--51 Bounding Box Drawn
INFO:root:2021-07-13-11--08--51 MovingFrameQueue Appended
INFO:root:2021-07-13-11--08--51 Colour Conversion Completed
INFO:root:2021-07-13-11--08--51 Sleep Check Completed
INFO:root:2021-07-13-11--08--51 Frame manipulations completed
INFO:root:2021-07-13-11--08--51 Bounding Box Drawn
INFO:root:2021-07-13-11--08--51 MovingFrameQueue Appended
INFO:root:2021-07-13-11--08--51 Colour Conversion Completed
INFO:root:2021-07-13-11--08--51 Sleep Check Completed
INFO:root:2021-07-13-11--08--51 Frame manipulations completed
INFO:root:2021-07-13-11--08--51 Bounding Box Drawn
INFO:root:2021-07-13-11--08--51 MovingFrameQueue Appended
INFO:root:2021-07-13-11--08--51 Anomally Detected, starting call for more frames
INFO:root:2021-07-13-11--08--51 Anomally Detected, starting call for more frames
INFO:root:2021-07-13-11--08--51 anomallyFrameTracker resetted to 200
INFO:root:2021-07-13-11--08--51 Colour Conversion Completed
INFO:root:2021-07-13-11--08--51 Sleep Check Completed
INFO:root:2021-07-13-11--08--51 Frame manipulations completed
INFO:root:2021-07-13-11--08--51 Bounding Box Drawn
INFO:root:2021-07-13-11--08--51 MovingFrameQueue Appended
INFO:root:2021-07-13-11--08--51 Anomally Detected, starting call for more frames
INFO:root:2021-07-13-11--08--51 Anomally Detected, starting call for more frames
INFO:root:2021-07-13-11--08--51 anomallyFrameTracker resetted to 200
INFO:root:2021-07-13-11--08--51 Colour Conversion Completed
INFO:root:2021-07-13-11--08--51 Sleep Check Completed
INFO:root:2021-07-13-11--08--51 Frame manipulations completed
INFO:root:2021-07-13-11--08--51 Bounding Box Drawn
INFO:root:2021-07-13-11--08--51 MovingFrameQueue Appended
INFO:root:2021-07-13-11--08--51 Anomally Detected, starting call for more frames
INFO:root:2021-07-13-11--08--51 Anomally Detected, starting call for more frames
INFO:root:2021-07-13-11--08--51 anomallyFrameTracker resetted to 200
INFO:root:2021-07-13-11--08--51 Colour Conversion Completed
INFO:root:2021-07-13-11--08--51 Sleep Check Completed
INFO:root:2021-07-13-11--08--51 Frame manipulations completed
INFO:root:2021-07-13-11--08--51 Bounding Box Drawn
INFO:root:2021-07-13-11--08--51 MovingFrameQueue Appended
INFO:root:2021-07-13-11--08--51 Anomally Detected, starting call for more frames
INFO:root:2021-07-13-11--08--51 Anomally Detected, starting call for more frames
INFO:root:2021-07-13-11--08--51 anomallyFrameTracker resetted to 200
INFO:root:2021-07-13-11--08--51 Colour Conversion Completed
INFO:root:2021-07-13-11--08--51 Sleep Check Completed
INFO:root:2021-07-13-11--08--51 Frame manipulations completed
INFO:root:2021-07-13-11--08--51 Bounding Box Drawn
INFO:root:2021-07-13-11--08--51 MovingFrameQueue Appended
INFO:root:2021-07-13-11--08--51 Anomally Detected, starting call for more frames
INFO:root:2021-07-13-11--08--51 Anomally Detected, starting call for more frames
INFO:root:2021-07-13-11--08--51 Anomally Detected, starting call for more frames
INFO:root:2021-07-13-11--08--51 anomallyFrameTracker resetted to 200
INFO:root:2021-07-13-11--08--51 Colour Conversion Completed
INFO:root:2021-07-13-11--08--51 Sleep Check Completed
INFO:root:2021-07-13-11--08--51 Frame manipulations completed
INFO:root:2021-07-13-11--08--51 Bounding Box Drawn
INFO:root:2021-07-13-11--08--51 MovingFrameQueue Appended
INFO:root:2021-07-13-11--08--51 Anomally Detected, starting call for more frames
INFO:root:2021-07-13-11--08--51 Anomally Detected, starting call for more frames
INFO:root:2021-07-13-11--08--51 Anomally Detected, starting call for more frames
INFO:root:2021-07-13-11--08--51 anomallyFrameTracker resetted to 200
INFO:root:2021-07-13-11--08--51 Colour Conversion Completed
INFO:root:2021-07-13-11--08--51 Sleep Check Completed
INFO:root:2021-07-13-11--08--51 Frame manipulations completed
INFO:root:2021-07-13-11--08--51 Bounding Box Drawn
INFO:root:2021-07-13-11--08--51 MovingFrameQueue Appended
INFO:root:2021-07-13-11--08--51 Anomally Detected, starting call for more frames
INFO:root:2021-07-13-11--08--51 Anomally Detected, starting call for more frames
INFO:root:2021-07-13-11--08--51 Anomally Detected, starting call for more frames
INFO:root:2021-07-13-11--08--51 anomallyFrameTracker resetted to 200
INFO:root:2021-07-13-11--08--52 Colour Conversion Completed
INFO:root:2021-07-13-11--08--52 Sleep Check Completed
INFO:root:2021-07-13-11--08--52 Frame manipulations completed
INFO:root:2021-07-13-11--08--52 Bounding Box Drawn
INFO:root:2021-07-13-11--08--52 MovingFrameQueue Appended
INFO:root:2021-07-13-11--08--52 Anomally Detected, starting call for more frames
INFO:root:2021-07-13-11--08--52 Anomally Detected, starting call for more frames
INFO:root:2021-07-13-11--08--52 anomallyFrameTracker resetted to 200
INFO:root:2021-07-13-11--08--52 Colour Conversion Completed
INFO:root:2021-07-13-11--08--52 Sleep Check Completed
INFO:root:2021-07-13-11--08--52 Frame manipulations completed
INFO:root:2021-07-13-11--08--52 Bounding Box Drawn
INFO:root:2021-07-13-11--08--52 MovingFrameQueue Appended
INFO:root:2021-07-13-11--08--52 Anomally Detected, starting call for more frames
INFO:root:2021-07-13-11--08--52 anomallyFrameTracker resetted to 200
INFO:root:2021-07-13-11--08--52 Colour Conversion Completed
INFO:root:2021-07-13-11--08--52 Sleep Check Completed
INFO:root:2021-07-13-11--08--52 Frame manipulations completed
INFO:root:2021-07-13-11--08--52 Bounding Box Drawn
INFO:root:2021-07-13-11--08--52 MovingFrameQueue Appended
INFO:root:2021-07-13-11--08--52 Anomally Detected, starting call for more frames
INFO:root:2021-07-13-11--08--52 anomallyFrameTracker resetted to 200
INFO:root:2021-07-13-11--08--52 Colour Conversion Completed
INFO:root:2021-07-13-11--08--52 Sleep Check Completed
INFO:root:2021-07-13-11--08--52 Frame manipulations completed
INFO:root:2021-07-13-11--08--52 Bounding Box Drawn
INFO:root:2021-07-13-11--08--52 MovingFrameQueue Appended
INFO:root:2021-07-13-11--08--52 Anomally Detected, starting call for more frames
INFO:root:2021-07-13-11--08--52 Anomally Detected, starting call for more frames
INFO:root:2021-07-13-11--08--52 anomallyFrameTracker resetted to 200
INFO:root:2021-07-13-11--08--52 Colour Conversion Completed
INFO:root:2021-07-13-11--08--52 Sleep Check Completed
INFO:root:2021-07-13-11--08--52 Frame manipulations completed
INFO:root:2021-07-13-11--08--52 Bounding Box Drawn
INFO:root:2021-07-13-11--08--52 MovingFrameQueue Appended
INFO:root:2021-07-13-11--08--52 Anomally Detected, starting call for more frames
INFO:root:2021-07-13-11--08--52 anomallyFrameTracker resetted to 200
INFO:root:2021-07-13-11--08--52 Colour Conversion Completed
INFO:root:2021-07-13-11--08--52 Sleep Check Completed
INFO:root:2021-07-13-11--08--52 Frame manipulations completed
INFO:root:2021-07-13-11--08--52 Bounding Box Drawn
INFO:root:2021-07-13-11--08--52[INFO] elapsed time: 3.16
INFO:root:2021-07-13-11--08--52[INFO] approx. FPS: 8.54
INFO:root:2021-07-13-11--08--53 Getting Auth Token Success
INFO:root:2021-07-13-11--08--53 Anomalous Detection Video Upload Completed
INFO:root:2021-07-13-11--08--53 Getting Auth Token Success
INFO:root:2021-07-13-11--08--53 BedTime Upload Completed
INFO:root:2021-07-13-11--08--53 BedTime Upload Completed
INFO:root:2021-07-13-11--08--53 BedTime Upload Completed
