INFO:root:2021-07-23-14--28--08 Parameter Generation Success
INFO:root:2021-07-23-14--28--12 Colour Conversion Completed
INFO:root:2021-07-23-14--28--12 Sleep Check Completed
INFO:root:2021-07-23-14--28--12 Frame manipulations completed
INFO:root:2021-07-23-14--28--12 Bounding Box Drawn
INFO:root:2021-07-23-14--28--13 MovingFrameQueue Appended
INFO:root:2021-07-23-14--28--13 anomallyFrameTracker resetted to 200
INFO:root:2021-07-23-14--28--13 Colour Conversion Completed
INFO:root:2021-07-23-14--28--13 Sleep Check Completed
INFO:root:2021-07-23-14--28--13 Frame manipulations completed
INFO:root:2021-07-23-14--28--13 Bounding Box Drawn
INFO:root:2021-07-23-14--28--13 MovingFrameQueue Appended
INFO:root:2021-07-23-14--28--13 anomallyFrameTracker resetted to 200
INFO:root:2021-07-23-14--28--13 Colour Conversion Completed
INFO:root:2021-07-23-14--28--13 Sleep Check Completed
INFO:root:2021-07-23-14--28--13 Frame manipulations completed
INFO:root:2021-07-23-14--28--13 Bounding Box Drawn
INFO:root:2021-07-23-14--28--13 MovingFrameQueue Appended
INFO:root:2021-07-23-14--28--13 anomallyFrameTracker resetted to 200
INFO:root:2021-07-23-14--28--13 Colour Conversion Completed
INFO:root:2021-07-23-14--28--13 Sleep Check Completed
INFO:root:2021-07-23-14--28--13 Frame manipulations completed
INFO:root:2021-07-23-14--28--13 Bounding Box Drawn
INFO:root:2021-07-23-14--28--13 MovingFrameQueue Appended
INFO:root:2021-07-23-14--28--13 anomallyFrameTracker resetted to 200
INFO:root:2021-07-23-14--28--13 Colour Conversion Completed
INFO:root:2021-07-23-14--28--13 Sleep Check Completed
INFO:root:2021-07-23-14--28--13 Frame manipulations completed
INFO:root:2021-07-23-14--28--13 Bounding Box Drawn
INFO:root:2021-07-23-14--28--13 MovingFrameQueue Appended
INFO:root:2021-07-23-14--28--13 anomallyFrameTracker resetted to 200
INFO:root:2021-07-23-14--28--13 Colour Conversion Completed
INFO:root:2021-07-23-14--28--13 Sleep Check Completed
INFO:root:2021-07-23-14--28--13 Frame manipulations completed
INFO:root:2021-07-23-14--28--13 Bounding Box Drawn
INFO:root:2021-07-23-14--28--13 MovingFrameQueue Appended
INFO:root:2021-07-23-14--28--13 anomallyFrameTracker resetted to 200
INFO:root:2021-07-23-14--28--13 Colour Conversion Completed
INFO:root:2021-07-23-14--28--13 Sleep Check Completed
INFO:root:2021-07-23-14--28--13 Frame manipulations completed
INFO:root:2021-07-23-14--28--13 Bounding Box Drawn
INFO:root:2021-07-23-14--28--13 MovingFrameQueue Appended
INFO:root:2021-07-23-14--28--13 anomallyFrameTracker resetted to 200
INFO:root:2021-07-23-14--28--13 Colour Conversion Completed
INFO:root:2021-07-23-14--28--13 Sleep Check Completed
INFO:root:2021-07-23-14--28--13 Frame manipulations completed
INFO:root:2021-07-23-14--28--13 Bounding Box Drawn
INFO:root:2021-07-23-14--28--13 MovingFrameQueue Appended
INFO:root:2021-07-23-14--28--13 anomallyFrameTracker resetted to 200
INFO:root:2021-07-23-14--28--13 Colour Conversion Completed
INFO:root:2021-07-23-14--28--13 Sleep Check Completed
INFO:root:2021-07-23-14--28--13 Frame manipulations completed
INFO:root:2021-07-23-14--28--13 Bounding Box Drawn
INFO:root:2021-07-23-14--28--13 MovingFrameQueue Appended
INFO:root:2021-07-23-14--28--13 anomallyFrameTracker resetted to 200
INFO:root:2021-07-23-14--28--13 Colour Conversion Completed
INFO:root:2021-07-23-14--28--13 Sleep Check Completed
INFO:root:2021-07-23-14--28--13 Frame manipulations completed
INFO:root:2021-07-23-14--28--13 Bounding Box Drawn
INFO:root:2021-07-23-14--28--13 MovingFrameQueue Appended
INFO:root:2021-07-23-14--28--13 anomallyFrameTracker resetted to 200
INFO:root:2021-07-23-14--28--13 Colour Conversion Completed
INFO:root:2021-07-23-14--28--13 Sleep Check Completed
INFO:root:2021-07-23-14--28--13 Frame manipulations completed
INFO:root:2021-07-23-14--28--13 Bounding Box Drawn
INFO:root:2021-07-23-14--28--13 MovingFrameQueue Appended
INFO:root:2021-07-23-14--28--13 anomallyFrameTracker resetted to 200
INFO:root:2021-07-23-14--28--13 Colour Conversion Completed
INFO:root:2021-07-23-14--28--13 Sleep Check Completed
INFO:root:2021-07-23-14--28--13 Frame manipulations completed
INFO:root:2021-07-23-14--28--13 Bounding Box Drawn
INFO:root:2021-07-23-14--28--13 MovingFrameQueue Appended
INFO:root:2021-07-23-14--28--13 anomallyFrameTracker resetted to 200
INFO:root:2021-07-23-14--28--13 Colour Conversion Completed
INFO:root:2021-07-23-14--28--14 Sleep Check Completed
INFO:root:2021-07-23-14--28--14 Frame manipulations completed
INFO:root:2021-07-23-14--28--14 Bounding Box Drawn
INFO:root:2021-07-23-14--28--14 MovingFrameQueue Appended
INFO:root:2021-07-23-14--28--14 anomallyFrameTracker resetted to 200
INFO:root:2021-07-23-14--28--14 Colour Conversion Completed
INFO:root:2021-07-23-14--28--14 Sleep Check Completed
INFO:root:2021-07-23-14--28--14 Frame manipulations completed
INFO:root:2021-07-23-14--28--14 Bounding Box Drawn
INFO:root:2021-07-23-14--28--14 MovingFrameQueue Appended
INFO:root:2021-07-23-14--28--14 anomallyFrameTracker resetted to 200
INFO:root:2021-07-23-14--28--14 Colour Conversion Completed
INFO:root:2021-07-23-14--28--14 Sleep Check Completed
INFO:root:2021-07-23-14--28--14 Frame manipulations completed
INFO:root:2021-07-23-14--28--14 Bounding Box Drawn
INFO:root:2021-07-23-14--28--14 MovingFrameQueue Appended
INFO:root:2021-07-23-14--28--14 anomallyFrameTracker resetted to 200
INFO:root:2021-07-23-14--28--14 Colour Conversion Completed
INFO:root:2021-07-23-14--28--14 Sleep Check Completed
INFO:root:2021-07-23-14--28--14 Frame manipulations completed
INFO:root:2021-07-23-14--28--14 Bounding Box Drawn
INFO:root:2021-07-23-14--28--14 MovingFrameQueue Appended
INFO:root:2021-07-23-14--28--14 anomallyFrameTracker resetted to 200
INFO:root:2021-07-23-14--28--14 Colour Conversion Completed
INFO:root:2021-07-23-14--28--14 Sleep Check Completed
INFO:root:2021-07-23-14--28--14 Frame manipulations completed
INFO:root:2021-07-23-14--28--14 Bounding Box Drawn
INFO:root:2021-07-23-14--28--14 MovingFrameQueue Appended
INFO:root:2021-07-23-14--28--14 anomallyFrameTracker resetted to 200
INFO:root:2021-07-23-14--28--14 Colour Conversion Completed
INFO:root:2021-07-23-14--28--14 Sleep Check Completed
INFO:root:2021-07-23-14--28--14 Frame manipulations completed
INFO:root:2021-07-23-14--28--14 Bounding Box Drawn
INFO:root:2021-07-23-14--28--14 MovingFrameQueue Appended
INFO:root:2021-07-23-14--28--14 anomallyFrameTracker resetted to 200
INFO:root:2021-07-23-14--28--14 Colour Conversion Completed
INFO:root:2021-07-23-14--28--14 Sleep Check Completed
INFO:root:2021-07-23-14--28--14 Frame manipulations completed
INFO:root:2021-07-23-14--28--14 Bounding Box Drawn
INFO:root:2021-07-23-14--28--14 MovingFrameQueue Appended
INFO:root:2021-07-23-14--28--14 anomallyFrameTracker resetted to 200
INFO:root:2021-07-23-14--28--14 Colour Conversion Completed
INFO:root:2021-07-23-14--28--14 Sleep Check Completed
INFO:root:2021-07-23-14--28--14 Frame manipulations completed
INFO:root:2021-07-23-14--28--14 Bounding Box Drawn
INFO:root:2021-07-23-14--28--14 MovingFrameQueue Appended
INFO:root:2021-07-23-14--28--14 anomallyFrameTracker resetted to 200
INFO:root:2021-07-23-14--28--14 Colour Conversion Completed
INFO:root:2021-07-23-14--28--14 Sleep Check Completed
INFO:root:2021-07-23-14--28--14 Frame manipulations completed
INFO:root:2021-07-23-14--28--14 Bounding Box Drawn
INFO:root:2021-07-23-14--28--15 MovingFrameQueue Appended
INFO:root:2021-07-23-14--28--15 anomallyFrameTracker resetted to 200
INFO:root:2021-07-23-14--28--15 Colour Conversion Completed
INFO:root:2021-07-23-14--28--15 Sleep Check Completed
INFO:root:2021-07-23-14--28--15 Frame manipulations completed
INFO:root:2021-07-23-14--28--15 Bounding Box Drawn
INFO:root:2021-07-23-14--28--15 MovingFrameQueue Appended
INFO:root:2021-07-23-14--28--15 anomallyFrameTracker resetted to 200
INFO:root:2021-07-23-14--28--15 Colour Conversion Completed
INFO:root:2021-07-23-14--28--15 Sleep Check Completed
INFO:root:2021-07-23-14--28--15 Frame manipulations completed
INFO:root:2021-07-23-14--28--15 Bounding Box Drawn
INFO:root:2021-07-23-14--28--15 MovingFrameQueue Appended
INFO:root:2021-07-23-14--28--15 anomallyFrameTracker resetted to 200
INFO:root:2021-07-23-14--28--15 Colour Conversion Completed
INFO:root:2021-07-23-14--28--15 Sleep Check Completed
INFO:root:2021-07-23-14--28--15 Frame manipulations completed
INFO:root:2021-07-23-14--28--15 Bounding Box Drawn
INFO:root:2021-07-23-14--28--15 MovingFrameQueue Appended
INFO:root:2021-07-23-14--28--15 anomallyFrameTracker resetted to 200
INFO:root:2021-07-23-14--28--15 Colour Conversion Completed
INFO:root:2021-07-23-14--28--15 Sleep Check Completed
INFO:root:2021-07-23-14--28--15 Frame manipulations completed
INFO:root:2021-07-23-14--28--15 Bounding Box Drawn
INFO:root:2021-07-23-14--28--15 MovingFrameQueue Appended
INFO:root:2021-07-23-14--28--15 anomallyFrameTracker resetted to 200
INFO:root:2021-07-23-14--28--18 Colour Conversion Completed
INFO:root:2021-07-23-14--28--18 Sleep Check Completed
INFO:root:2021-07-23-14--28--18 Frame manipulations completed
INFO:root:2021-07-23-14--28--18 Bounding Box Drawn
INFO:root:2021-07-23-14--28--18 MovingFrameQueue Appended
INFO:root:2021-07-23-14--28--18 anomallyFrameTracker resetted to 200
INFO:root:2021-07-23-14--28--18 Colour Conversion Completed
INFO:root:2021-07-23-14--28--18 Sleep Check Completed
INFO:root:2021-07-23-14--28--18 Frame manipulations completed
INFO:root:2021-07-23-14--28--18 Bounding Box Drawn
INFO:root:2021-07-23-14--28--18 MovingFrameQueue Appended
INFO:root:2021-07-23-14--28--18 anomallyFrameTracker resetted to 200
INFO:root:2021-07-23-14--28--18 Colour Conversion Completed
INFO:root:2021-07-23-14--28--18 Sleep Check Completed
INFO:root:2021-07-23-14--28--18 Frame manipulations completed
INFO:root:2021-07-23-14--28--18 Bounding Box Drawn
INFO:root:2021-07-23-14--28--18 MovingFrameQueue Appended
INFO:root:2021-07-23-14--28--18 anomallyFrameTracker resetted to 200
INFO:root:2021-07-23-14--28--18 Colour Conversion Completed
INFO:root:2021-07-23-14--28--18 Sleep Check Completed
INFO:root:2021-07-23-14--28--18 Frame manipulations completed
INFO:root:2021-07-23-14--28--18 Bounding Box Drawn
INFO:root:2021-07-23-14--28--18 MovingFrameQueue Appended
INFO:root:2021-07-23-14--28--18 anomallyFrameTracker resetted to 200
INFO:root:2021-07-23-14--28--18 Colour Conversion Completed
INFO:root:2021-07-23-14--28--18 Sleep Check Completed
INFO:root:2021-07-23-14--28--18 Frame manipulations completed
INFO:root:2021-07-23-14--28--18 Bounding Box Drawn
INFO:root:2021-07-23-14--28--18 MovingFrameQueue Appended
INFO:root:2021-07-23-14--28--18 anomallyFrameTracker resetted to 200
INFO:root:2021-07-23-14--28--18 Colour Conversion Completed
INFO:root:2021-07-23-14--28--18 Sleep Check Completed
INFO:root:2021-07-23-14--28--18 Frame manipulations completed
INFO:root:2021-07-23-14--28--18 Bounding Box Drawn
INFO:root:2021-07-23-14--28--19 MovingFrameQueue Appended
INFO:root:2021-07-23-14--28--19 anomallyFrameTracker resetted to 200
INFO:root:2021-07-23-14--28--19 Colour Conversion Completed
INFO:root:2021-07-23-14--28--19 Sleep Check Completed
INFO:root:2021-07-23-14--28--19 Frame manipulations completed
INFO:root:2021-07-23-14--28--19 Bounding Box Drawn
INFO:root:2021-07-23-14--28--19 MovingFrameQueue Appended
INFO:root:2021-07-23-14--28--19 anomallyFrameTracker resetted to 200
INFO:root:2021-07-23-14--28--19 Colour Conversion Completed
INFO:root:2021-07-23-14--28--19 Sleep Check Completed
INFO:root:2021-07-23-14--28--19 Frame manipulations completed
INFO:root:2021-07-23-14--28--19 Bounding Box Drawn
INFO:root:2021-07-23-14--28--19 MovingFrameQueue Appended
INFO:root:2021-07-23-14--28--19 anomallyFrameTracker resetted to 200
INFO:root:2021-07-23-14--28--19 Colour Conversion Completed
INFO:root:2021-07-23-14--28--19 Sleep Check Completed
INFO:root:2021-07-23-14--28--19 Frame manipulations completed
INFO:root:2021-07-23-14--28--19 Bounding Box Drawn
INFO:root:2021-07-23-14--28--19 MovingFrameQueue Appended
INFO:root:2021-07-23-14--28--19 anomallyFrameTracker resetted to 200
INFO:root:2021-07-23-14--28--19 Colour Conversion Completed
INFO:root:2021-07-23-14--28--19 Sleep Check Completed
INFO:root:2021-07-23-14--28--19 Frame manipulations completed
INFO:root:2021-07-23-14--28--19 Bounding Box Drawn
INFO:root:2021-07-23-14--28--19 MovingFrameQueue Appended
INFO:root:2021-07-23-14--28--19 anomallyFrameTracker resetted to 200
INFO:root:2021-07-23-14--28--19 Colour Conversion Completed
INFO:root:2021-07-23-14--28--19 Sleep Check Completed
INFO:root:2021-07-23-14--28--19 Frame manipulations completed
INFO:root:2021-07-23-14--28--19 Bounding Box Drawn
INFO:root:2021-07-23-14--28--19 MovingFrameQueue Appended
INFO:root:2021-07-23-14--28--19 anomallyFrameTracker resetted to 200
INFO:root:2021-07-23-14--28--19 Colour Conversion Completed
INFO:root:2021-07-23-14--28--19 Sleep Check Completed
INFO:root:2021-07-23-14--28--19 Frame manipulations completed
INFO:root:2021-07-23-14--28--19 Bounding Box Drawn
INFO:root:2021-07-23-14--28--19 MovingFrameQueue Appended
INFO:root:2021-07-23-14--28--19 anomallyFrameTracker resetted to 200
INFO:root:2021-07-23-14--28--19 Colour Conversion Completed
INFO:root:2021-07-23-14--28--19 Sleep Check Completed
INFO:root:2021-07-23-14--28--19 Frame manipulations completed
INFO:root:2021-07-23-14--28--19 Bounding Box Drawn
INFO:root:2021-07-23-14--28--19 MovingFrameQueue Appended
INFO:root:2021-07-23-14--28--19 anomallyFrameTracker resetted to 200
INFO:root:2021-07-23-14--28--19 Colour Conversion Completed
INFO:root:2021-07-23-14--28--19 Sleep Check Completed
INFO:root:2021-07-23-14--28--19 Frame manipulations completed
INFO:root:2021-07-23-14--28--19 Bounding Box Drawn
INFO:root:2021-07-23-14--28--20 MovingFrameQueue Appended
INFO:root:2021-07-23-14--28--20 anomallyFrameTracker resetted to 200
INFO:root:2021-07-23-14--28--20 Colour Conversion Completed
INFO:root:2021-07-23-14--28--20 Sleep Check Completed
INFO:root:2021-07-23-14--28--20 Frame manipulations completed
INFO:root:2021-07-23-14--28--20 Bounding Box Drawn
INFO:root:2021-07-23-14--28--20 MovingFrameQueue Appended
INFO:root:2021-07-23-14--28--20 anomallyFrameTracker resetted to 200
INFO:root:2021-07-23-14--28--20 Colour Conversion Completed
INFO:root:2021-07-23-14--28--20 Sleep Check Completed
INFO:root:2021-07-23-14--28--20 Frame manipulations completed
INFO:root:2021-07-23-14--28--20 Bounding Box Drawn
INFO:root:2021-07-23-14--28--20 MovingFrameQueue Appended
INFO:root:2021-07-23-14--28--20 anomallyFrameTracker resetted to 200
INFO:root:2021-07-23-14--28--20 Colour Conversion Completed
INFO:root:2021-07-23-14--28--20 Sleep Check Completed
INFO:root:2021-07-23-14--28--20 Frame manipulations completed
INFO:root:2021-07-23-14--28--20 Bounding Box Drawn
INFO:root:2021-07-23-14--28--21 MovingFrameQueue Appended
INFO:root:2021-07-23-14--28--21 anomallyFrameTracker resetted to 200
INFO:root:2021-07-23-14--28--21 Colour Conversion Completed
INFO:root:2021-07-23-14--28--21 Sleep Check Completed
INFO:root:2021-07-23-14--28--21 Frame manipulations completed
INFO:root:2021-07-23-14--28--21 Bounding Box Drawn
INFO:root:2021-07-23-14--28--21 MovingFrameQueue Appended
INFO:root:2021-07-23-14--28--21 anomallyFrameTracker resetted to 200
INFO:root:2021-07-23-14--28--21 Colour Conversion Completed
INFO:root:2021-07-23-14--28--21 Sleep Check Completed
INFO:root:2021-07-23-14--28--21 Frame manipulations completed
INFO:root:2021-07-23-14--28--21 Bounding Box Drawn
INFO:root:2021-07-23-14--28--21 MovingFrameQueue Appended
INFO:root:2021-07-23-14--28--21 anomallyFrameTracker resetted to 200
INFO:root:2021-07-23-14--28--21 Colour Conversion Completed
INFO:root:2021-07-23-14--28--21 Sleep Check Completed
INFO:root:2021-07-23-14--28--21 Frame manipulations completed
INFO:root:2021-07-23-14--28--21 Bounding Box Drawn
INFO:root:2021-07-23-14--28--21 MovingFrameQueue Appended
INFO:root:2021-07-23-14--28--21 anomallyFrameTracker resetted to 200
INFO:root:2021-07-23-14--28--21 Colour Conversion Completed
INFO:root:2021-07-23-14--28--21 Sleep Check Completed
INFO:root:2021-07-23-14--28--21 Frame manipulations completed
INFO:root:2021-07-23-14--28--21 Bounding Box Drawn
INFO:root:2021-07-23-14--28--21 MovingFrameQueue Appended
INFO:root:2021-07-23-14--28--21 anomallyFrameTracker resetted to 200
INFO:root:2021-07-23-14--28--21 Colour Conversion Completed
INFO:root:2021-07-23-14--28--21 Sleep Check Completed
INFO:root:2021-07-23-14--28--21 Frame manipulations completed
INFO:root:2021-07-23-14--28--21 Bounding Box Drawn
INFO:root:2021-07-23-14--28--21 MovingFrameQueue Appended
INFO:root:2021-07-23-14--28--21 anomallyFrameTracker resetted to 200
INFO:root:2021-07-23-14--28--21 Colour Conversion Completed
INFO:root:2021-07-23-14--28--21 Sleep Check Completed
INFO:root:2021-07-23-14--28--21 Frame manipulations completed
INFO:root:2021-07-23-14--28--21 Bounding Box Drawn
INFO:root:2021-07-23-14--28--21 MovingFrameQueue Appended
INFO:root:2021-07-23-14--28--21 anomallyFrameTracker resetted to 200
INFO:root:2021-07-23-14--28--21 Colour Conversion Completed
INFO:root:2021-07-23-14--28--21 Sleep Check Completed
INFO:root:2021-07-23-14--28--21 Frame manipulations completed
INFO:root:2021-07-23-14--28--21 Bounding Box Drawn
INFO:root:2021-07-23-14--28--21 MovingFrameQueue Appended
INFO:root:2021-07-23-14--28--21 anomallyFrameTracker resetted to 200
INFO:root:2021-07-23-14--28--21 Colour Conversion Completed
INFO:root:2021-07-23-14--28--21 Sleep Check Completed
INFO:root:2021-07-23-14--28--21 Frame manipulations completed
INFO:root:2021-07-23-14--28--21 Bounding Box Drawn
INFO:root:2021-07-23-14--28--21 MovingFrameQueue Appended
INFO:root:2021-07-23-14--28--21 anomallyFrameTracker resetted to 200
