INFO:root:2021-07-26-15--20--25 Parameter Generation Success
INFO:root:2021-07-26-15--20--25 Colour Conversion Completed
INFO:root:2021-07-26-15--20--25 Sleep Check Completed
INFO:root:2021-07-26-15--20--25 Frame manipulations completed
INFO:root:2021-07-26-15--20--25 Bounding Box Drawn
INFO:root:2021-07-26-15--20--30 MovingFrameQueue Appended
INFO:root:2021-07-26-15--20--30 anomallyFrameTracker resetted to 200
INFO:root:2021-07-26-15--20--30 Colour Conversion Completed
INFO:root:2021-07-26-15--20--30 Sleep Check Completed
INFO:root:2021-07-26-15--20--30 Frame manipulations completed
INFO:root:2021-07-26-15--20--30 Bounding Box Drawn
INFO:root:2021-07-26-15--20--30 MovingFrameQueue Appended
INFO:root:2021-07-26-15--20--30 anomallyFrameTracker resetted to 200
INFO:root:2021-07-26-15--20--30 Colour Conversion Completed
INFO:root:2021-07-26-15--20--30 Sleep Check Completed
INFO:root:2021-07-26-15--20--30 Frame manipulations completed
INFO:root:2021-07-26-15--20--30 Bounding Box Drawn
INFO:root:2021-07-26-15--20--30 MovingFrameQueue Appended
INFO:root:2021-07-26-15--20--30 anomallyFrameTracker resetted to 200
INFO:root:2021-07-26-15--20--30 Colour Conversion Completed
INFO:root:2021-07-26-15--20--30 Sleep Check Completed
INFO:root:2021-07-26-15--20--30 Frame manipulations completed
INFO:root:2021-07-26-15--20--30 Bounding Box Drawn
INFO:root:2021-07-26-15--20--30 MovingFrameQueue Appended
INFO:root:2021-07-26-15--20--30 anomallyFrameTracker resetted to 200
INFO:root:2021-07-26-15--20--30 Colour Conversion Completed
INFO:root:2021-07-26-15--20--30 Sleep Check Completed
INFO:root:2021-07-26-15--20--30 Frame manipulations completed
INFO:root:2021-07-26-15--20--30 Bounding Box Drawn
INFO:root:2021-07-26-15--20--30 MovingFrameQueue Appended
INFO:root:2021-07-26-15--20--30 anomallyFrameTracker resetted to 200
INFO:root:2021-07-26-15--20--30 Colour Conversion Completed
INFO:root:2021-07-26-15--20--30 Sleep Check Completed
INFO:root:2021-07-26-15--20--30 Frame manipulations completed
INFO:root:2021-07-26-15--20--30 Bounding Box Drawn
INFO:root:2021-07-26-15--20--30 MovingFrameQueue Appended
INFO:root:2021-07-26-15--20--30 anomallyFrameTracker resetted to 200
INFO:root:2021-07-26-15--20--30 Colour Conversion Completed
INFO:root:2021-07-26-15--20--30 Sleep Check Completed
INFO:root:2021-07-26-15--20--30 Frame manipulations completed
INFO:root:2021-07-26-15--20--30 Bounding Box Drawn
INFO:root:2021-07-26-15--20--31 MovingFrameQueue Appended
INFO:root:2021-07-26-15--20--31 anomallyFrameTracker resetted to 200
INFO:root:2021-07-26-15--20--31 Colour Conversion Completed
INFO:root:2021-07-26-15--20--31 Sleep Check Completed
INFO:root:2021-07-26-15--20--31 Frame manipulations completed
INFO:root:2021-07-26-15--20--31 Bounding Box Drawn
INFO:root:2021-07-26-15--20--31 MovingFrameQueue Appended
INFO:root:2021-07-26-15--20--31 anomallyFrameTracker resetted to 200
INFO:root:2021-07-26-15--20--31 Colour Conversion Completed
INFO:root:2021-07-26-15--20--31 Sleep Check Completed
INFO:root:2021-07-26-15--20--31 Frame manipulations completed
INFO:root:2021-07-26-15--20--31 Bounding Box Drawn
INFO:root:2021-07-26-15--20--31 MovingFrameQueue Appended
INFO:root:2021-07-26-15--20--31 anomallyFrameTracker resetted to 200
INFO:root:2021-07-26-15--20--31 Colour Conversion Completed
INFO:root:2021-07-26-15--20--31 Sleep Check Completed
INFO:root:2021-07-26-15--20--31 Frame manipulations completed
INFO:root:2021-07-26-15--20--31 Bounding Box Drawn
INFO:root:2021-07-26-15--20--31 MovingFrameQueue Appended
INFO:root:2021-07-26-15--20--31 anomallyFrameTracker resetted to 200
INFO:root:2021-07-26-15--20--31 Colour Conversion Completed
INFO:root:2021-07-26-15--20--31 Sleep Check Completed
INFO:root:2021-07-26-15--20--31 Frame manipulations completed
INFO:root:2021-07-26-15--20--31 Bounding Box Drawn
INFO:root:2021-07-26-15--20--32 MovingFrameQueue Appended
INFO:root:2021-07-26-15--20--32 anomallyFrameTracker resetted to 200
INFO:root:2021-07-26-15--20--32 Colour Conversion Completed
INFO:root:2021-07-26-15--20--32 Sleep Check Completed
INFO:root:2021-07-26-15--20--32 Frame manipulations completed
INFO:root:2021-07-26-15--20--32 Bounding Box Drawn
INFO:root:2021-07-26-15--20--32 MovingFrameQueue Appended
INFO:root:2021-07-26-15--20--32 anomallyFrameTracker resetted to 200
INFO:root:2021-07-26-15--20--32 Colour Conversion Completed
INFO:root:2021-07-26-15--20--32 Sleep Check Completed
INFO:root:2021-07-26-15--20--32 Frame manipulations completed
INFO:root:2021-07-26-15--20--32 Bounding Box Drawn
INFO:root:2021-07-26-15--20--32 MovingFrameQueue Appended
INFO:root:2021-07-26-15--20--32 anomallyFrameTracker resetted to 200
INFO:root:2021-07-26-15--20--32 Colour Conversion Completed
INFO:root:2021-07-26-15--20--32 Sleep Check Completed
INFO:root:2021-07-26-15--20--32 Frame manipulations completed
INFO:root:2021-07-26-15--20--32 Bounding Box Drawn
INFO:root:2021-07-26-15--20--32 MovingFrameQueue Appended
INFO:root:2021-07-26-15--20--32 anomallyFrameTracker resetted to 200
INFO:root:2021-07-26-15--20--32 Colour Conversion Completed
INFO:root:2021-07-26-15--20--32 Sleep Check Completed
INFO:root:2021-07-26-15--20--32 Frame manipulations completed
INFO:root:2021-07-26-15--20--32 Bounding Box Drawn
INFO:root:2021-07-26-15--20--32 MovingFrameQueue Appended
INFO:root:2021-07-26-15--20--32 anomallyFrameTracker resetted to 200
INFO:root:2021-07-26-15--20--32 Colour Conversion Completed
INFO:root:2021-07-26-15--20--32 Sleep Check Completed
INFO:root:2021-07-26-15--20--32 Frame manipulations completed
INFO:root:2021-07-26-15--20--32 Bounding Box Drawn
INFO:root:2021-07-26-15--20--32[INFO] elapsed time: 7.32
INFO:root:2021-07-26-15--20--32[INFO] approx. FPS: 2.05
INFO:root:2021-07-26-15--20--32 Getting Auth Token Success
INFO:root:2021-07-26-15--20--33 BedTime Upload Completed
