INFO:root:2021-08-02-10--27--40 Parameter Generation Success
INFO:root:2021-08-02-10--27--40 Colour Conversion Completed
INFO:root:2021-08-02-10--27--40 Sleep Check Completed
INFO:root:2021-08-02-10--27--40 Frame manipulations completed
INFO:root:2021-08-02-10--27--40 Bounding Box Drawn
INFO:root:2021-08-02-10--27--45 MovingFrameQueue Appended
INFO:root:2021-08-02-10--27--45 anomallyFrameTracker resetted to 200
INFO:root:2021-08-02-10--27--45 Colour Conversion Completed
INFO:root:2021-08-02-10--27--45 Sleep Check Completed
INFO:root:2021-08-02-10--27--45 Frame manipulations completed
INFO:root:2021-08-02-10--27--45 Bounding Box Drawn
INFO:root:2021-08-02-10--27--45 MovingFrameQueue Appended
INFO:root:2021-08-02-10--27--45 anomallyFrameTracker resetted to 200
INFO:root:2021-08-02-10--27--45 Colour Conversion Completed
INFO:root:2021-08-02-10--27--45 Sleep Check Completed
INFO:root:2021-08-02-10--27--45 Frame manipulations completed
INFO:root:2021-08-02-10--27--45 Bounding Box Drawn
INFO:root:2021-08-02-10--27--45 MovingFrameQueue Appended
INFO:root:2021-08-02-10--27--45 anomallyFrameTracker resetted to 200
INFO:root:2021-08-02-10--27--45 Colour Conversion Completed
INFO:root:2021-08-02-10--27--45 Sleep Check Completed
INFO:root:2021-08-02-10--27--45 Frame manipulations completed
INFO:root:2021-08-02-10--27--45 Bounding Box Drawn
INFO:root:2021-08-02-10--27--45 MovingFrameQueue Appended
INFO:root:2021-08-02-10--27--45 anomallyFrameTracker resetted to 200
INFO:root:2021-08-02-10--27--45 Colour Conversion Completed
INFO:root:2021-08-02-10--27--45 Sleep Check Completed
INFO:root:2021-08-02-10--27--45 Frame manipulations completed
INFO:root:2021-08-02-10--27--45 Bounding Box Drawn
INFO:root:2021-08-02-10--27--45 MovingFrameQueue Appended
INFO:root:2021-08-02-10--27--45 anomallyFrameTracker resetted to 200
INFO:root:2021-08-02-10--27--45 Colour Conversion Completed
INFO:root:2021-08-02-10--27--45 Sleep Check Completed
INFO:root:2021-08-02-10--27--45 Frame manipulations completed
INFO:root:2021-08-02-10--27--45 Bounding Box Drawn
INFO:root:2021-08-02-10--27--45 MovingFrameQueue Appended
INFO:root:2021-08-02-10--27--45 anomallyFrameTracker resetted to 200
INFO:root:2021-08-02-10--27--46 Colour Conversion Completed
INFO:root:2021-08-02-10--27--46 Sleep Check Completed
INFO:root:2021-08-02-10--27--46 Frame manipulations completed
INFO:root:2021-08-02-10--27--46 Bounding Box Drawn
INFO:root:2021-08-02-10--27--46 MovingFrameQueue Appended
INFO:root:2021-08-02-10--27--46 anomallyFrameTracker resetted to 200
INFO:root:2021-08-02-10--27--46 Colour Conversion Completed
INFO:root:2021-08-02-10--27--46 Sleep Check Completed
INFO:root:2021-08-02-10--27--46 Frame manipulations completed
INFO:root:2021-08-02-10--27--46 Bounding Box Drawn
INFO:root:2021-08-02-10--27--46 MovingFrameQueue Appended
INFO:root:2021-08-02-10--27--46 anomallyFrameTracker resetted to 200
INFO:root:2021-08-02-10--27--46 Colour Conversion Completed
INFO:root:2021-08-02-10--27--46 Sleep Check Completed
INFO:root:2021-08-02-10--27--46 Frame manipulations completed
INFO:root:2021-08-02-10--27--46 Bounding Box Drawn
INFO:root:2021-08-02-10--27--46 MovingFrameQueue Appended
INFO:root:2021-08-02-10--27--46 anomallyFrameTracker resetted to 200
INFO:root:2021-08-02-10--27--46 Colour Conversion Completed
INFO:root:2021-08-02-10--27--46 Sleep Check Completed
INFO:root:2021-08-02-10--27--46 Frame manipulations completed
INFO:root:2021-08-02-10--27--46 Bounding Box Drawn
INFO:root:2021-08-02-10--27--46 MovingFrameQueue Appended
INFO:root:2021-08-02-10--27--46 anomallyFrameTracker resetted to 200
INFO:root:2021-08-02-10--27--46 Colour Conversion Completed
INFO:root:2021-08-02-10--27--46 Sleep Check Completed
INFO:root:2021-08-02-10--27--46 Frame manipulations completed
INFO:root:2021-08-02-10--27--46 Bounding Box Drawn
INFO:root:2021-08-02-10--27--46 MovingFrameQueue Appended
INFO:root:2021-08-02-10--27--46 anomallyFrameTracker resetted to 200
INFO:root:2021-08-02-10--27--46 Colour Conversion Completed
INFO:root:2021-08-02-10--27--47 Sleep Check Completed
INFO:root:2021-08-02-10--27--47 Frame manipulations completed
INFO:root:2021-08-02-10--27--47 Bounding Box Drawn
INFO:root:2021-08-02-10--27--47 MovingFrameQueue Appended
INFO:root:2021-08-02-10--27--47 anomallyFrameTracker resetted to 200
INFO:root:2021-08-02-10--27--47 Colour Conversion Completed
INFO:root:2021-08-02-10--27--47 Sleep Check Completed
INFO:root:2021-08-02-10--27--47 Frame manipulations completed
INFO:root:2021-08-02-10--27--47 Bounding Box Drawn
INFO:root:2021-08-02-10--27--47 MovingFrameQueue Appended
INFO:root:2021-08-02-10--27--47 anomallyFrameTracker resetted to 200
INFO:root:2021-08-02-10--27--47 Colour Conversion Completed
INFO:root:2021-08-02-10--27--47 Sleep Check Completed
INFO:root:2021-08-02-10--27--47 Frame manipulations completed
INFO:root:2021-08-02-10--27--47 Bounding Box Drawn
INFO:root:2021-08-02-10--27--47 MovingFrameQueue Appended
INFO:root:2021-08-02-10--27--47 anomallyFrameTracker resetted to 200
INFO:root:2021-08-02-10--27--47 Colour Conversion Completed
INFO:root:2021-08-02-10--27--47 Sleep Check Completed
INFO:root:2021-08-02-10--27--47 Frame manipulations completed
INFO:root:2021-08-02-10--27--47 Bounding Box Drawn
INFO:root:2021-08-02-10--27--47 MovingFrameQueue Appended
INFO:root:2021-08-02-10--27--47 anomallyFrameTracker resetted to 200
INFO:root:2021-08-02-10--27--47 Colour Conversion Completed
INFO:root:2021-08-02-10--27--47 Sleep Check Completed
INFO:root:2021-08-02-10--27--47 Frame manipulations completed
INFO:root:2021-08-02-10--27--47 Bounding Box Drawn
INFO:root:2021-08-02-10--27--47 MovingFrameQueue Appended
INFO:root:2021-08-02-10--27--47 anomallyFrameTracker resetted to 200
INFO:root:2021-08-02-10--27--47 Colour Conversion Completed
INFO:root:2021-08-02-10--27--47 Sleep Check Completed
INFO:root:2021-08-02-10--27--47 Frame manipulations completed
INFO:root:2021-08-02-10--27--47 Bounding Box Drawn
INFO:root:2021-08-02-10--27--47 MovingFrameQueue Appended
INFO:root:2021-08-02-10--27--47 anomallyFrameTracker resetted to 200
INFO:root:2021-08-02-10--27--47 Colour Conversion Completed
INFO:root:2021-08-02-10--27--47 Sleep Check Completed
INFO:root:2021-08-02-10--27--47 Frame manipulations completed
INFO:root:2021-08-02-10--27--47 Bounding Box Drawn
INFO:root:2021-08-02-10--27--48 MovingFrameQueue Appended
INFO:root:2021-08-02-10--27--48 anomallyFrameTracker resetted to 200
INFO:root:2021-08-02-10--27--48 Colour Conversion Completed
INFO:root:2021-08-02-10--27--48 Sleep Check Completed
INFO:root:2021-08-02-10--27--48 Frame manipulations completed
INFO:root:2021-08-02-10--27--48 Bounding Box Drawn
INFO:root:2021-08-02-10--27--48 MovingFrameQueue Appended
INFO:root:2021-08-02-10--27--48 anomallyFrameTracker resetted to 200
INFO:root:2021-08-02-10--27--48 Colour Conversion Completed
INFO:root:2021-08-02-10--27--48 Sleep Check Completed
INFO:root:2021-08-02-10--27--48 Frame manipulations completed
INFO:root:2021-08-02-10--27--48 Bounding Box Drawn
INFO:root:2021-08-02-10--27--48 MovingFrameQueue Appended
INFO:root:2021-08-02-10--27--48 anomallyFrameTracker resetted to 200
INFO:root:2021-08-02-10--27--48 Colour Conversion Completed
INFO:root:2021-08-02-10--27--48 Sleep Check Completed
INFO:root:2021-08-02-10--27--48 Frame manipulations completed
INFO:root:2021-08-02-10--27--48 Bounding Box Drawn
INFO:root:2021-08-02-10--27--49 MovingFrameQueue Appended
INFO:root:2021-08-02-10--27--49 anomallyFrameTracker resetted to 200
INFO:root:2021-08-02-10--27--49 Colour Conversion Completed
INFO:root:2021-08-02-10--27--49 Sleep Check Completed
INFO:root:2021-08-02-10--27--49 Frame manipulations completed
INFO:root:2021-08-02-10--27--49 Bounding Box Drawn
INFO:root:2021-08-02-10--27--49 MovingFrameQueue Appended
INFO:root:2021-08-02-10--27--49 anomallyFrameTracker resetted to 200
INFO:root:2021-08-02-10--27--49 Colour Conversion Completed
INFO:root:2021-08-02-10--27--49 Sleep Check Completed
INFO:root:2021-08-02-10--27--49 Frame manipulations completed
INFO:root:2021-08-02-10--27--49 Bounding Box Drawn
INFO:root:2021-08-02-10--27--49 MovingFrameQueue Appended
INFO:root:2021-08-02-10--27--49 anomallyFrameTracker resetted to 200
INFO:root:2021-08-02-10--27--49 Colour Conversion Completed
INFO:root:2021-08-02-10--27--49 Sleep Check Completed
INFO:root:2021-08-02-10--27--49 Frame manipulations completed
INFO:root:2021-08-02-10--27--49 Bounding Box Drawn
INFO:root:2021-08-02-10--27--49 MovingFrameQueue Appended
INFO:root:2021-08-02-10--27--49 anomallyFrameTracker resetted to 200
INFO:root:2021-08-02-10--27--49 Colour Conversion Completed
INFO:root:2021-08-02-10--27--49 Sleep Check Completed
INFO:root:2021-08-02-10--27--49 Frame manipulations completed
INFO:root:2021-08-02-10--27--49 Bounding Box Drawn
INFO:root:2021-08-02-10--27--49 MovingFrameQueue Appended
INFO:root:2021-08-02-10--27--49 anomallyFrameTracker resetted to 200
INFO:root:2021-08-02-10--27--49 Colour Conversion Completed
INFO:root:2021-08-02-10--27--49 Sleep Check Completed
INFO:root:2021-08-02-10--27--49 Frame manipulations completed
INFO:root:2021-08-02-10--27--49 Bounding Box Drawn
INFO:root:2021-08-02-10--27--49 MovingFrameQueue Appended
INFO:root:2021-08-02-10--27--49 anomallyFrameTracker resetted to 200
INFO:root:2021-08-02-10--27--49 Colour Conversion Completed
INFO:root:2021-08-02-10--27--49 Sleep Check Completed
INFO:root:2021-08-02-10--27--49 Frame manipulations completed
INFO:root:2021-08-02-10--27--49 Bounding Box Drawn
INFO:root:2021-08-02-10--27--49 MovingFrameQueue Appended
INFO:root:2021-08-02-10--27--49 anomallyFrameTracker resetted to 200
INFO:root:2021-08-02-10--27--49 Colour Conversion Completed
INFO:root:2021-08-02-10--27--49 Sleep Check Completed
INFO:root:2021-08-02-10--27--49 Frame manipulations completed
INFO:root:2021-08-02-10--27--49 Bounding Box Drawn
INFO:root:2021-08-02-10--27--49 MovingFrameQueue Appended
INFO:root:2021-08-02-10--27--49 anomallyFrameTracker resetted to 200
INFO:root:2021-08-02-10--27--49 Colour Conversion Completed
INFO:root:2021-08-02-10--27--49 Sleep Check Completed
INFO:root:2021-08-02-10--27--49 Frame manipulations completed
INFO:root:2021-08-02-10--27--49 Bounding Box Drawn
INFO:root:2021-08-02-10--27--49 MovingFrameQueue Appended
INFO:root:2021-08-02-10--27--49 anomallyFrameTracker resetted to 200
INFO:root:2021-08-02-10--27--49 Colour Conversion Completed
INFO:root:2021-08-02-10--27--49 Sleep Check Completed
INFO:root:2021-08-02-10--27--49 Frame manipulations completed
INFO:root:2021-08-02-10--27--49 Bounding Box Drawn
INFO:root:2021-08-02-10--27--50 MovingFrameQueue Appended
INFO:root:2021-08-02-10--27--50 anomallyFrameTracker resetted to 200
INFO:root:2021-08-02-10--27--50 Colour Conversion Completed
INFO:root:2021-08-02-10--27--50 Sleep Check Completed
INFO:root:2021-08-02-10--27--50 Frame manipulations completed
INFO:root:2021-08-02-10--27--50 Bounding Box Drawn
INFO:root:2021-08-02-10--27--50 MovingFrameQueue Appended
INFO:root:2021-08-02-10--27--50 anomallyFrameTracker resetted to 200
INFO:root:2021-08-02-10--27--50 Colour Conversion Completed
INFO:root:2021-08-02-10--27--50 Sleep Check Completed
INFO:root:2021-08-02-10--27--50 Frame manipulations completed
INFO:root:2021-08-02-10--27--50 Bounding Box Drawn
INFO:root:2021-08-02-10--27--50 MovingFrameQueue Appended
INFO:root:2021-08-02-10--27--50 anomallyFrameTracker resetted to 200
INFO:root:2021-08-02-10--27--50 Colour Conversion Completed
INFO:root:2021-08-02-10--27--50 Sleep Check Completed
INFO:root:2021-08-02-10--27--50 Frame manipulations completed
INFO:root:2021-08-02-10--27--50 Bounding Box Drawn
INFO:root:2021-08-02-10--27--50 MovingFrameQueue Appended
INFO:root:2021-08-02-10--27--50 anomallyFrameTracker resetted to 200
INFO:root:2021-08-02-10--27--50 Colour Conversion Completed
INFO:root:2021-08-02-10--27--50 Sleep Check Completed
INFO:root:2021-08-02-10--27--50 Frame manipulations completed
INFO:root:2021-08-02-10--27--50 Bounding Box Drawn
INFO:root:2021-08-02-10--27--50 MovingFrameQueue Appended
INFO:root:2021-08-02-10--27--50 anomallyFrameTracker resetted to 200
INFO:root:2021-08-02-10--27--50 Colour Conversion Completed
INFO:root:2021-08-02-10--27--50 Sleep Check Completed
INFO:root:2021-08-02-10--27--50 Frame manipulations completed
INFO:root:2021-08-02-10--27--50 Bounding Box Drawn
INFO:root:2021-08-02-10--27--50 MovingFrameQueue Appended
INFO:root:2021-08-02-10--27--50 anomallyFrameTracker resetted to 200
INFO:root:2021-08-02-10--27--50 Colour Conversion Completed
INFO:root:2021-08-02-10--27--50 Sleep Check Completed
INFO:root:2021-08-02-10--27--50 Frame manipulations completed
INFO:root:2021-08-02-10--27--50 Bounding Box Drawn
INFO:root:2021-08-02-10--27--50 MovingFrameQueue Appended
INFO:root:2021-08-02-10--27--50 anomallyFrameTracker resetted to 200
INFO:root:2021-08-02-10--27--50 Colour Conversion Completed
INFO:root:2021-08-02-10--27--50 Sleep Check Completed
INFO:root:2021-08-02-10--27--50 Frame manipulations completed
INFO:root:2021-08-02-10--27--50 Bounding Box Drawn
INFO:root:2021-08-02-10--27--50 MovingFrameQueue Appended
INFO:root:2021-08-02-10--27--50 anomallyFrameTracker resetted to 200
INFO:root:2021-08-02-10--27--50 Colour Conversion Completed
INFO:root:2021-08-02-10--27--50 Sleep Check Completed
INFO:root:2021-08-02-10--27--50 Frame manipulations completed
INFO:root:2021-08-02-10--27--50 Bounding Box Drawn
INFO:root:2021-08-02-10--27--51 MovingFrameQueue Appended
INFO:root:2021-08-02-10--27--51 anomallyFrameTracker resetted to 200
INFO:root:2021-08-02-10--27--51 Colour Conversion Completed
INFO:root:2021-08-02-10--27--51 Sleep Check Completed
INFO:root:2021-08-02-10--27--51 Frame manipulations completed
INFO:root:2021-08-02-10--27--51 Bounding Box Drawn
INFO:root:2021-08-02-10--27--51 MovingFrameQueue Appended
INFO:root:2021-08-02-10--27--51 anomallyFrameTracker resetted to 200
INFO:root:2021-08-02-10--27--51 Colour Conversion Completed
INFO:root:2021-08-02-10--27--51 Sleep Check Completed
INFO:root:2021-08-02-10--27--51 Frame manipulations completed
INFO:root:2021-08-02-10--27--51 Bounding Box Drawn
INFO:root:2021-08-02-10--27--51 MovingFrameQueue Appended
INFO:root:2021-08-02-10--27--51 anomallyFrameTracker resetted to 200
INFO:root:2021-08-02-10--27--51 Colour Conversion Completed
INFO:root:2021-08-02-10--27--51 Sleep Check Completed
INFO:root:2021-08-02-10--27--51 Frame manipulations completed
INFO:root:2021-08-02-10--27--51 Bounding Box Drawn
INFO:root:2021-08-02-10--27--51 MovingFrameQueue Appended
INFO:root:2021-08-02-10--27--51 anomallyFrameTracker resetted to 200
INFO:root:2021-08-02-10--27--51 Colour Conversion Completed
INFO:root:2021-08-02-10--27--51 Sleep Check Completed
INFO:root:2021-08-02-10--27--51 Frame manipulations completed
INFO:root:2021-08-02-10--27--51 Bounding Box Drawn
INFO:root:2021-08-02-10--27--51 MovingFrameQueue Appended
INFO:root:2021-08-02-10--27--51 anomallyFrameTracker resetted to 200
INFO:root:2021-08-02-10--27--51 Colour Conversion Completed
INFO:root:2021-08-02-10--27--51 Sleep Check Completed
INFO:root:2021-08-02-10--27--51 Frame manipulations completed
INFO:root:2021-08-02-10--27--51 Bounding Box Drawn
INFO:root:2021-08-02-10--27--51 MovingFrameQueue Appended
INFO:root:2021-08-02-10--27--51 anomallyFrameTracker resetted to 200
INFO:root:2021-08-02-10--27--51 Colour Conversion Completed
INFO:root:2021-08-02-10--27--51 Sleep Check Completed
INFO:root:2021-08-02-10--27--51 Frame manipulations completed
INFO:root:2021-08-02-10--27--51 Bounding Box Drawn
INFO:root:2021-08-02-10--27--51 MovingFrameQueue Appended
INFO:root:2021-08-02-10--27--51 anomallyFrameTracker resetted to 200
INFO:root:2021-08-02-10--27--51 Colour Conversion Completed
INFO:root:2021-08-02-10--27--51 Sleep Check Completed
INFO:root:2021-08-02-10--27--51 Frame manipulations completed
INFO:root:2021-08-02-10--27--51 Bounding Box Drawn
INFO:root:2021-08-02-10--27--52 MovingFrameQueue Appended
INFO:root:2021-08-02-10--27--52 anomallyFrameTracker resetted to 200
INFO:root:2021-08-02-10--27--52 Colour Conversion Completed
INFO:root:2021-08-02-10--27--52 Sleep Check Completed
INFO:root:2021-08-02-10--27--52 Frame manipulations completed
INFO:root:2021-08-02-10--27--52 Bounding Box Drawn
INFO:root:2021-08-02-10--27--52 MovingFrameQueue Appended
INFO:root:2021-08-02-10--27--52 anomallyFrameTracker resetted to 200
INFO:root:2021-08-02-10--27--52 Colour Conversion Completed
INFO:root:2021-08-02-10--27--52 Sleep Check Completed
INFO:root:2021-08-02-10--27--52 Frame manipulations completed
INFO:root:2021-08-02-10--27--52 Bounding Box Drawn
INFO:root:2021-08-02-10--27--52 MovingFrameQueue Appended
INFO:root:2021-08-02-10--27--52 anomallyFrameTracker resetted to 200
INFO:root:2021-08-02-10--27--52 Colour Conversion Completed
INFO:root:2021-08-02-10--27--52 Sleep Check Completed
INFO:root:2021-08-02-10--27--52 Frame manipulations completed
INFO:root:2021-08-02-10--27--52 Bounding Box Drawn
INFO:root:2021-08-02-10--27--52 MovingFrameQueue Appended
INFO:root:2021-08-02-10--27--52 anomallyFrameTracker resetted to 200
INFO:root:2021-08-02-10--27--52 Colour Conversion Completed
INFO:root:2021-08-02-10--27--52 Sleep Check Completed
INFO:root:2021-08-02-10--27--52 Frame manipulations completed
INFO:root:2021-08-02-10--27--52 Bounding Box Drawn
INFO:root:2021-08-02-10--27--52 MovingFrameQueue Appended
INFO:root:2021-08-02-10--27--52 anomallyFrameTracker resetted to 200
INFO:root:2021-08-02-10--27--52 Colour Conversion Completed
INFO:root:2021-08-02-10--27--52 Sleep Check Completed
INFO:root:2021-08-02-10--27--52 Frame manipulations completed
INFO:root:2021-08-02-10--27--52 Bounding Box Drawn
INFO:root:2021-08-02-10--27--52 MovingFrameQueue Appended
INFO:root:2021-08-02-10--27--52 anomallyFrameTracker resetted to 200
INFO:root:2021-08-02-10--27--52 Colour Conversion Completed
INFO:root:2021-08-02-10--27--52 Sleep Check Completed
INFO:root:2021-08-02-10--27--52 Frame manipulations completed
INFO:root:2021-08-02-10--27--52 Bounding Box Drawn
INFO:root:2021-08-02-10--27--52 MovingFrameQueue Appended
INFO:root:2021-08-02-10--27--52 anomallyFrameTracker resetted to 200
INFO:root:2021-08-02-10--27--52 Colour Conversion Completed
INFO:root:2021-08-02-10--27--52 Sleep Check Completed
INFO:root:2021-08-02-10--27--52 Frame manipulations completed
INFO:root:2021-08-02-10--27--52 Bounding Box Drawn
INFO:root:2021-08-02-10--27--52 MovingFrameQueue Popped
INFO:root:2021-08-02-10--27--52 anomallyFrameTracker resetted to 200
INFO:root:2021-08-02-10--27--52 Colour Conversion Completed
INFO:root:2021-08-02-10--27--52 Sleep Check Completed
INFO:root:2021-08-02-10--27--52 Frame manipulations completed
INFO:root:2021-08-02-10--27--52 Bounding Box Drawn
INFO:root:2021-08-02-10--27--52 MovingFrameQueue Appended
INFO:root:2021-08-02-10--27--52 anomallyFrameTracker resetted to 200
INFO:root:2021-08-02-10--27--52 Colour Conversion Completed
INFO:root:2021-08-02-10--27--52 Sleep Check Completed
INFO:root:2021-08-02-10--27--52 Frame manipulations completed
INFO:root:2021-08-02-10--27--52 Bounding Box Drawn
INFO:root:2021-08-02-10--27--53 MovingFrameQueue Popped
INFO:root:2021-08-02-10--27--53 anomallyFrameTracker resetted to 200
INFO:root:2021-08-02-10--27--53 Colour Conversion Completed
INFO:root:2021-08-02-10--27--53 Sleep Check Completed
INFO:root:2021-08-02-10--27--53 Frame manipulations completed
INFO:root:2021-08-02-10--27--53 Bounding Box Drawn
INFO:root:2021-08-02-10--27--53 MovingFrameQueue Appended
INFO:root:2021-08-02-10--27--53 anomallyFrameTracker resetted to 200
INFO:root:2021-08-02-10--27--53 Colour Conversion Completed
INFO:root:2021-08-02-10--27--53 Sleep Check Completed
INFO:root:2021-08-02-10--27--53 Frame manipulations completed
INFO:root:2021-08-02-10--27--53 Bounding Box Drawn
INFO:root:2021-08-02-10--27--53 MovingFrameQueue Popped
INFO:root:2021-08-02-10--27--53 anomallyFrameTracker resetted to 200
INFO:root:2021-08-02-10--27--53 Colour Conversion Completed
INFO:root:2021-08-02-10--27--53 Sleep Check Completed
INFO:root:2021-08-02-10--27--53 Frame manipulations completed
INFO:root:2021-08-02-10--27--53 Bounding Box Drawn
INFO:root:2021-08-02-10--27--53 MovingFrameQueue Appended
INFO:root:2021-08-02-10--27--53 anomallyFrameTracker resetted to 200
INFO:root:2021-08-02-10--27--53 Colour Conversion Completed
INFO:root:2021-08-02-10--27--53 Sleep Check Completed
INFO:root:2021-08-02-10--27--53 Frame manipulations completed
INFO:root:2021-08-02-10--27--53 Bounding Box Drawn
INFO:root:2021-08-02-10--27--53 MovingFrameQueue Popped
INFO:root:2021-08-02-10--27--53 anomallyFrameTracker resetted to 200
INFO:root:2021-08-02-10--27--53 Colour Conversion Completed
INFO:root:2021-08-02-10--27--53 Sleep Check Completed
INFO:root:2021-08-02-10--27--53 Frame manipulations completed
INFO:root:2021-08-02-10--27--53 Bounding Box Drawn
INFO:root:2021-08-02-10--27--53 MovingFrameQueue Appended
INFO:root:2021-08-02-10--27--53 anomallyFrameTracker resetted to 200
INFO:root:2021-08-02-10--27--53 Colour Conversion Completed
INFO:root:2021-08-02-10--27--53 Sleep Check Completed
INFO:root:2021-08-02-10--27--53 Frame manipulations completed
INFO:root:2021-08-02-10--27--53 Bounding Box Drawn
INFO:root:2021-08-02-10--27--53 MovingFrameQueue Popped
INFO:root:2021-08-02-10--27--53 anomallyFrameTracker resetted to 200
INFO:root:2021-08-02-10--27--53 Colour Conversion Completed
INFO:root:2021-08-02-10--27--53 Sleep Check Completed
INFO:root:2021-08-02-10--27--53 Frame manipulations completed
INFO:root:2021-08-02-10--27--53 Bounding Box Drawn
INFO:root:2021-08-02-10--27--53 MovingFrameQueue Appended
INFO:root:2021-08-02-10--27--53 anomallyFrameTracker resetted to 200
INFO:root:2021-08-02-10--27--53 Colour Conversion Completed
INFO:root:2021-08-02-10--27--53 Sleep Check Completed
INFO:root:2021-08-02-10--27--53 Frame manipulations completed
INFO:root:2021-08-02-10--27--53 Bounding Box Drawn
INFO:root:2021-08-02-10--27--54 MovingFrameQueue Popped
INFO:root:2021-08-02-10--27--54 anomallyFrameTracker resetted to 200
INFO:root:2021-08-02-10--27--54 Colour Conversion Completed
INFO:root:2021-08-02-10--27--54 Sleep Check Completed
INFO:root:2021-08-02-10--27--54 Frame manipulations completed
INFO:root:2021-08-02-10--27--54 Bounding Box Drawn
INFO:root:2021-08-02-10--27--54 MovingFrameQueue Appended
INFO:root:2021-08-02-10--27--54 anomallyFrameTracker resetted to 200
INFO:root:2021-08-02-10--27--54 Colour Conversion Completed
INFO:root:2021-08-02-10--27--54 Sleep Check Completed
INFO:root:2021-08-02-10--27--54 Frame manipulations completed
INFO:root:2021-08-02-10--27--54 Bounding Box Drawn
INFO:root:2021-08-02-10--27--54 MovingFrameQueue Popped
INFO:root:2021-08-02-10--27--54 anomallyFrameTracker resetted to 200
INFO:root:2021-08-02-10--27--54 Colour Conversion Completed
INFO:root:2021-08-02-10--27--54 Sleep Check Completed
INFO:root:2021-08-02-10--27--54 Frame manipulations completed
INFO:root:2021-08-02-10--27--54 Bounding Box Drawn
INFO:root:2021-08-02-10--27--55 MovingFrameQueue Appended
INFO:root:2021-08-02-10--27--55 anomallyFrameTracker resetted to 200
INFO:root:2021-08-02-10--27--55 Colour Conversion Completed
INFO:root:2021-08-02-10--27--55 Sleep Check Completed
INFO:root:2021-08-02-10--27--55 Frame manipulations completed
INFO:root:2021-08-02-10--27--55 Bounding Box Drawn
INFO:root:2021-08-02-10--27--55 MovingFrameQueue Popped
INFO:root:2021-08-02-10--27--55 anomallyFrameTracker resetted to 200
INFO:root:2021-08-02-10--27--55 Colour Conversion Completed
INFO:root:2021-08-02-10--27--55 Sleep Check Completed
INFO:root:2021-08-02-10--27--55 Frame manipulations completed
INFO:root:2021-08-02-10--27--55 Bounding Box Drawn
INFO:root:2021-08-02-10--27--55 MovingFrameQueue Appended
INFO:root:2021-08-02-10--27--55 anomallyFrameTracker resetted to 200
INFO:root:2021-08-02-10--27--55 Colour Conversion Completed
INFO:root:2021-08-02-10--27--55 Sleep Check Completed
INFO:root:2021-08-02-10--27--55 Frame manipulations completed
INFO:root:2021-08-02-10--27--55 Bounding Box Drawn
INFO:root:2021-08-02-10--27--55 MovingFrameQueue Popped
INFO:root:2021-08-02-10--27--55 anomallyFrameTracker resetted to 200
INFO:root:2021-08-02-10--27--55 Colour Conversion Completed
INFO:root:2021-08-02-10--27--55 Sleep Check Completed
INFO:root:2021-08-02-10--27--55 Frame manipulations completed
INFO:root:2021-08-02-10--27--55 Bounding Box Drawn
INFO:root:2021-08-02-10--27--55 MovingFrameQueue Appended
INFO:root:2021-08-02-10--27--55 anomallyFrameTracker resetted to 200
INFO:root:2021-08-02-10--27--55 Colour Conversion Completed
INFO:root:2021-08-02-10--27--56 Sleep Check Completed
INFO:root:2021-08-02-10--27--56 Frame manipulations completed
INFO:root:2021-08-02-10--27--56 Bounding Box Drawn
INFO:root:2021-08-02-10--27--56 MovingFrameQueue Popped
INFO:root:2021-08-02-10--27--56 anomallyFrameTracker resetted to 200
INFO:root:2021-08-02-10--27--56 Colour Conversion Completed
INFO:root:2021-08-02-10--27--56 Sleep Check Completed
INFO:root:2021-08-02-10--27--56 Frame manipulations completed
INFO:root:2021-08-02-10--27--56 Bounding Box Drawn
INFO:root:2021-08-02-10--27--56 MovingFrameQueue Appended
INFO:root:2021-08-02-10--27--56 anomallyFrameTracker resetted to 200
INFO:root:2021-08-02-10--27--56 Colour Conversion Completed
INFO:root:2021-08-02-10--27--56 Sleep Check Completed
INFO:root:2021-08-02-10--27--56 Frame manipulations completed
INFO:root:2021-08-02-10--27--56 Bounding Box Drawn
INFO:root:2021-08-02-10--27--56 MovingFrameQueue Popped
INFO:root:2021-08-02-10--27--56 anomallyFrameTracker resetted to 200
INFO:root:2021-08-02-10--27--56 Colour Conversion Completed
INFO:root:2021-08-02-10--27--56 Sleep Check Completed
INFO:root:2021-08-02-10--27--56 Frame manipulations completed
INFO:root:2021-08-02-10--27--56 Bounding Box Drawn
INFO:root:2021-08-02-10--27--56 MovingFrameQueue Appended
INFO:root:2021-08-02-10--27--56 anomallyFrameTracker resetted to 200
INFO:root:2021-08-02-10--27--56 Colour Conversion Completed
INFO:root:2021-08-02-10--27--56 Sleep Check Completed
INFO:root:2021-08-02-10--27--56 Frame manipulations completed
INFO:root:2021-08-02-10--27--56 Bounding Box Drawn
INFO:root:2021-08-02-10--27--56 MovingFrameQueue Popped
INFO:root:2021-08-02-10--27--56 anomallyFrameTracker resetted to 200
INFO:root:2021-08-02-10--27--56 Colour Conversion Completed
INFO:root:2021-08-02-10--27--56 Sleep Check Completed
INFO:root:2021-08-02-10--27--56 Frame manipulations completed
INFO:root:2021-08-02-10--27--56 Bounding Box Drawn
INFO:root:2021-08-02-10--27--56 MovingFrameQueue Appended
INFO:root:2021-08-02-10--27--56 anomallyFrameTracker resetted to 200
INFO:root:2021-08-02-10--27--56 Colour Conversion Completed
INFO:root:2021-08-02-10--27--56 Sleep Check Completed
INFO:root:2021-08-02-10--27--56 Frame manipulations completed
INFO:root:2021-08-02-10--27--56 Bounding Box Drawn
INFO:root:2021-08-02-10--27--56 MovingFrameQueue Popped
INFO:root:2021-08-02-10--27--56 anomallyFrameTracker resetted to 200
INFO:root:2021-08-02-10--27--56 Colour Conversion Completed
INFO:root:2021-08-02-10--27--56 Sleep Check Completed
INFO:root:2021-08-02-10--27--56 Frame manipulations completed
INFO:root:2021-08-02-10--27--56 Bounding Box Drawn
INFO:root:2021-08-02-10--27--57 MovingFrameQueue Appended
INFO:root:2021-08-02-10--27--57 anomallyFrameTracker resetted to 200
INFO:root:2021-08-02-10--27--57 Colour Conversion Completed
INFO:root:2021-08-02-10--27--57 Sleep Check Completed
INFO:root:2021-08-02-10--27--57 Frame manipulations completed
INFO:root:2021-08-02-10--27--57 Bounding Box Drawn
INFO:root:2021-08-02-10--27--57 MovingFrameQueue Popped
INFO:root:2021-08-02-10--27--57 anomallyFrameTracker resetted to 200
INFO:root:2021-08-02-10--27--57 Colour Conversion Completed
INFO:root:2021-08-02-10--27--57 Sleep Check Completed
INFO:root:2021-08-02-10--27--57 Frame manipulations completed
INFO:root:2021-08-02-10--27--57 Bounding Box Drawn
INFO:root:2021-08-02-10--27--57 MovingFrameQueue Appended
INFO:root:2021-08-02-10--27--57 anomallyFrameTracker resetted to 200
INFO:root:2021-08-02-10--27--57 Colour Conversion Completed
INFO:root:2021-08-02-10--27--57 Sleep Check Completed
INFO:root:2021-08-02-10--27--57 Frame manipulations completed
INFO:root:2021-08-02-10--27--57 Bounding Box Drawn
INFO:root:2021-08-02-10--27--57 MovingFrameQueue Popped
INFO:root:2021-08-02-10--27--57 anomallyFrameTracker resetted to 200
INFO:root:2021-08-02-10--27--57 Colour Conversion Completed
INFO:root:2021-08-02-10--27--57 Sleep Check Completed
INFO:root:2021-08-02-10--27--57 Frame manipulations completed
INFO:root:2021-08-02-10--27--57 Bounding Box Drawn
INFO:root:2021-08-02-10--27--57 MovingFrameQueue Appended
INFO:root:2021-08-02-10--27--57 anomallyFrameTracker resetted to 200
INFO:root:2021-08-02-10--27--57 Colour Conversion Completed
INFO:root:2021-08-02-10--27--57 Sleep Check Completed
INFO:root:2021-08-02-10--27--57 Frame manipulations completed
INFO:root:2021-08-02-10--27--57 Bounding Box Drawn
INFO:root:2021-08-02-10--27--57 MovingFrameQueue Popped
INFO:root:2021-08-02-10--27--57 anomallyFrameTracker resetted to 200
INFO:root:2021-08-02-10--27--57 Colour Conversion Completed
INFO:root:2021-08-02-10--27--57 Sleep Check Completed
INFO:root:2021-08-02-10--27--57 Frame manipulations completed
INFO:root:2021-08-02-10--27--57 Bounding Box Drawn
INFO:root:2021-08-02-10--27--57 MovingFrameQueue Appended
INFO:root:2021-08-02-10--27--57 anomallyFrameTracker resetted to 200
INFO:root:2021-08-02-10--27--57 Colour Conversion Completed
INFO:root:2021-08-02-10--27--57 Sleep Check Completed
INFO:root:2021-08-02-10--27--57 Frame manipulations completed
INFO:root:2021-08-02-10--27--57 Bounding Box Drawn
INFO:root:2021-08-02-10--27--57 MovingFrameQueue Popped
INFO:root:2021-08-02-10--27--57 anomallyFrameTracker resetted to 200
INFO:root:2021-08-02-10--27--57 Colour Conversion Completed
INFO:root:2021-08-02-10--27--57 Sleep Check Completed
INFO:root:2021-08-02-10--27--57 Frame manipulations completed
INFO:root:2021-08-02-10--27--57 Bounding Box Drawn
INFO:root:2021-08-02-10--27--58 MovingFrameQueue Appended
INFO:root:2021-08-02-10--27--58 anomallyFrameTracker resetted to 200
INFO:root:2021-08-02-10--27--58 Colour Conversion Completed
INFO:root:2021-08-02-10--27--58 Sleep Check Completed
INFO:root:2021-08-02-10--27--58 Frame manipulations completed
INFO:root:2021-08-02-10--27--58 Bounding Box Drawn
INFO:root:2021-08-02-10--27--58 MovingFrameQueue Popped
INFO:root:2021-08-02-10--27--58 anomallyFrameTracker resetted to 200
INFO:root:2021-08-02-10--27--58 Colour Conversion Completed
INFO:root:2021-08-02-10--27--58 Sleep Check Completed
INFO:root:2021-08-02-10--27--58 Frame manipulations completed
INFO:root:2021-08-02-10--27--58 Bounding Box Drawn
INFO:root:2021-08-02-10--27--58 MovingFrameQueue Appended
INFO:root:2021-08-02-10--27--58 anomallyFrameTracker resetted to 200
INFO:root:2021-08-02-10--27--58 Colour Conversion Completed
INFO:root:2021-08-02-10--27--58 Sleep Check Completed
INFO:root:2021-08-02-10--27--58 Frame manipulations completed
INFO:root:2021-08-02-10--27--58 Bounding Box Drawn
INFO:root:2021-08-02-10--27--58 MovingFrameQueue Popped
INFO:root:2021-08-02-10--27--58 anomallyFrameTracker resetted to 200
INFO:root:2021-08-02-10--27--58 Colour Conversion Completed
INFO:root:2021-08-02-10--27--58 Sleep Check Completed
INFO:root:2021-08-02-10--27--58 Frame manipulations completed
INFO:root:2021-08-02-10--27--58 Bounding Box Drawn
INFO:root:2021-08-02-10--27--58 MovingFrameQueue Appended
INFO:root:2021-08-02-10--27--58 anomallyFrameTracker resetted to 200
INFO:root:2021-08-02-10--27--58 Colour Conversion Completed
INFO:root:2021-08-02-10--27--58 Sleep Check Completed
INFO:root:2021-08-02-10--27--58 Frame manipulations completed
INFO:root:2021-08-02-10--27--58 Bounding Box Drawn
INFO:root:2021-08-02-10--27--58 MovingFrameQueue Popped
INFO:root:2021-08-02-10--27--58 anomallyFrameTracker resetted to 200
INFO:root:2021-08-02-10--27--58 Colour Conversion Completed
INFO:root:2021-08-02-10--27--58 Sleep Check Completed
INFO:root:2021-08-02-10--27--58 Frame manipulations completed
INFO:root:2021-08-02-10--27--58 Bounding Box Drawn
INFO:root:2021-08-02-10--27--58 MovingFrameQueue Appended
INFO:root:2021-08-02-10--27--58 anomallyFrameTracker resetted to 200
INFO:root:2021-08-02-10--27--58 Colour Conversion Completed
INFO:root:2021-08-02-10--27--58 Sleep Check Completed
INFO:root:2021-08-02-10--27--58 Frame manipulations completed
INFO:root:2021-08-02-10--27--58 Bounding Box Drawn
INFO:root:2021-08-02-10--27--58 MovingFrameQueue Popped
INFO:root:2021-08-02-10--27--58 anomallyFrameTracker resetted to 200
INFO:root:2021-08-02-10--27--58 Colour Conversion Completed
INFO:root:2021-08-02-10--27--58 Sleep Check Completed
INFO:root:2021-08-02-10--27--58 Frame manipulations completed
INFO:root:2021-08-02-10--27--58 Bounding Box Drawn
INFO:root:2021-08-02-10--27--59 MovingFrameQueue Appended
INFO:root:2021-08-02-10--27--59 anomallyFrameTracker resetted to 200
INFO:root:2021-08-02-10--27--59 Colour Conversion Completed
INFO:root:2021-08-02-10--27--59 Sleep Check Completed
INFO:root:2021-08-02-10--27--59 Frame manipulations completed
INFO:root:2021-08-02-10--27--59 Bounding Box Drawn
INFO:root:2021-08-02-10--27--59 MovingFrameQueue Popped
INFO:root:2021-08-02-10--27--59 anomallyFrameTracker resetted to 200
INFO:root:2021-08-02-10--27--59 Colour Conversion Completed
INFO:root:2021-08-02-10--27--59 Sleep Check Completed
INFO:root:2021-08-02-10--27--59 Frame manipulations completed
INFO:root:2021-08-02-10--27--59 Bounding Box Drawn
INFO:root:2021-08-02-10--27--59 MovingFrameQueue Appended
INFO:root:2021-08-02-10--27--59 anomallyFrameTracker resetted to 200
INFO:root:2021-08-02-10--27--59 Colour Conversion Completed
INFO:root:2021-08-02-10--27--59 Sleep Check Completed
INFO:root:2021-08-02-10--27--59 Frame manipulations completed
INFO:root:2021-08-02-10--27--59 Bounding Box Drawn
INFO:root:2021-08-02-10--27--59 MovingFrameQueue Popped
INFO:root:2021-08-02-10--27--59 anomallyFrameTracker resetted to 200
INFO:root:2021-08-02-10--27--59 Colour Conversion Completed
INFO:root:2021-08-02-10--27--59 Sleep Check Completed
INFO:root:2021-08-02-10--27--59 Frame manipulations completed
INFO:root:2021-08-02-10--27--59 Bounding Box Drawn
INFO:root:2021-08-02-10--27--59 MovingFrameQueue Appended
INFO:root:2021-08-02-10--27--59 anomallyFrameTracker resetted to 200
INFO:root:2021-08-02-10--27--59 Colour Conversion Completed
INFO:root:2021-08-02-10--27--59 Sleep Check Completed
INFO:root:2021-08-02-10--27--59 Frame manipulations completed
INFO:root:2021-08-02-10--27--59 Bounding Box Drawn
INFO:root:2021-08-02-10--27--59 MovingFrameQueue Popped
INFO:root:2021-08-02-10--27--59 anomallyFrameTracker resetted to 200
INFO:root:2021-08-02-10--27--59 Colour Conversion Completed
INFO:root:2021-08-02-10--27--59 Sleep Check Completed
INFO:root:2021-08-02-10--27--59 Frame manipulations completed
INFO:root:2021-08-02-10--27--59 Bounding Box Drawn
INFO:root:2021-08-02-10--28--00 MovingFrameQueue Appended
INFO:root:2021-08-02-10--28--00 anomallyFrameTracker resetted to 200
INFO:root:2021-08-02-10--28--00 Colour Conversion Completed
INFO:root:2021-08-02-10--28--00 Sleep Check Completed
INFO:root:2021-08-02-10--28--00 Frame manipulations completed
INFO:root:2021-08-02-10--28--00 Bounding Box Drawn
INFO:root:2021-08-02-10--28--00 MovingFrameQueue Popped
INFO:root:2021-08-02-10--28--00 anomallyFrameTracker resetted to 200
INFO:root:2021-08-02-10--28--00 Colour Conversion Completed
INFO:root:2021-08-02-10--28--00 Sleep Check Completed
INFO:root:2021-08-02-10--28--00 Frame manipulations completed
INFO:root:2021-08-02-10--28--00 Bounding Box Drawn
INFO:root:2021-08-02-10--28--00 MovingFrameQueue Appended
INFO:root:2021-08-02-10--28--00 anomallyFrameTracker resetted to 200
INFO:root:2021-08-02-10--28--00 Colour Conversion Completed
INFO:root:2021-08-02-10--28--00 Sleep Check Completed
INFO:root:2021-08-02-10--28--00 Frame manipulations completed
INFO:root:2021-08-02-10--28--00 Bounding Box Drawn
INFO:root:2021-08-02-10--28--00 MovingFrameQueue Popped
INFO:root:2021-08-02-10--28--00 anomallyFrameTracker resetted to 200
INFO:root:2021-08-02-10--28--00 Colour Conversion Completed
INFO:root:2021-08-02-10--28--00 Sleep Check Completed
INFO:root:2021-08-02-10--28--00 Frame manipulations completed
INFO:root:2021-08-02-10--28--00 Bounding Box Drawn
INFO:root:2021-08-02-10--28--00 MovingFrameQueue Appended
INFO:root:2021-08-02-10--28--00 anomallyFrameTracker resetted to 200
INFO:root:2021-08-02-10--28--00 Colour Conversion Completed
INFO:root:2021-08-02-10--28--00 Sleep Check Completed
INFO:root:2021-08-02-10--28--00 Frame manipulations completed
INFO:root:2021-08-02-10--28--00 Bounding Box Drawn
INFO:root:2021-08-02-10--28--00 MovingFrameQueue Popped
INFO:root:2021-08-02-10--28--00 anomallyFrameTracker resetted to 200
INFO:root:2021-08-02-10--28--00 Colour Conversion Completed
INFO:root:2021-08-02-10--28--00 Sleep Check Completed
INFO:root:2021-08-02-10--28--00 Frame manipulations completed
INFO:root:2021-08-02-10--28--00 Bounding Box Drawn
INFO:root:2021-08-02-10--28--01 MovingFrameQueue Appended
INFO:root:2021-08-02-10--28--01 anomallyFrameTracker resetted to 200
INFO:root:2021-08-02-10--28--01 Colour Conversion Completed
INFO:root:2021-08-02-10--28--01 Sleep Check Completed
INFO:root:2021-08-02-10--28--01 Frame manipulations completed
INFO:root:2021-08-02-10--28--01 Bounding Box Drawn
INFO:root:2021-08-02-10--28--01 MovingFrameQueue Popped
INFO:root:2021-08-02-10--28--01 anomallyFrameTracker resetted to 200
INFO:root:2021-08-02-10--28--01 Colour Conversion Completed
INFO:root:2021-08-02-10--28--01 Sleep Check Completed
INFO:root:2021-08-02-10--28--01 Frame manipulations completed
INFO:root:2021-08-02-10--28--01 Bounding Box Drawn
INFO:root:2021-08-02-10--28--01 MovingFrameQueue Appended
INFO:root:2021-08-02-10--28--01 anomallyFrameTracker resetted to 200
INFO:root:2021-08-02-10--28--01 Colour Conversion Completed
INFO:root:2021-08-02-10--28--01 Sleep Check Completed
INFO:root:2021-08-02-10--28--01 Frame manipulations completed
INFO:root:2021-08-02-10--28--01 Bounding Box Drawn
INFO:root:2021-08-02-10--28--01 MovingFrameQueue Popped
INFO:root:2021-08-02-10--28--01 anomallyFrameTracker resetted to 200
INFO:root:2021-08-02-10--28--01 Colour Conversion Completed
INFO:root:2021-08-02-10--28--01 Sleep Check Completed
INFO:root:2021-08-02-10--28--01 Frame manipulations completed
INFO:root:2021-08-02-10--28--01 Bounding Box Drawn
INFO:root:2021-08-02-10--28--01 MovingFrameQueue Appended
INFO:root:2021-08-02-10--28--01 anomallyFrameTracker resetted to 200
INFO:root:2021-08-02-10--28--01 Colour Conversion Completed
INFO:root:2021-08-02-10--28--01 Sleep Check Completed
INFO:root:2021-08-02-10--28--01 Frame manipulations completed
INFO:root:2021-08-02-10--28--01 Bounding Box Drawn
INFO:root:2021-08-02-10--28--01 MovingFrameQueue Popped
INFO:root:2021-08-02-10--28--01 anomallyFrameTracker resetted to 200
INFO:root:2021-08-02-10--28--01 Colour Conversion Completed
INFO:root:2021-08-02-10--28--01 Sleep Check Completed
INFO:root:2021-08-02-10--28--01 Frame manipulations completed
INFO:root:2021-08-02-10--28--01 Bounding Box Drawn
INFO:root:2021-08-02-10--28--01 MovingFrameQueue Appended
INFO:root:2021-08-02-10--28--01 anomallyFrameTracker resetted to 200
INFO:root:2021-08-02-10--28--01 Colour Conversion Completed
INFO:root:2021-08-02-10--28--01 Sleep Check Completed
INFO:root:2021-08-02-10--28--01 Frame manipulations completed
INFO:root:2021-08-02-10--28--01 Bounding Box Drawn
INFO:root:2021-08-02-10--28--01 MovingFrameQueue Popped
INFO:root:2021-08-02-10--28--01 anomallyFrameTracker resetted to 200
INFO:root:2021-08-02-10--28--01 Colour Conversion Completed
INFO:root:2021-08-02-10--28--01 Sleep Check Completed
INFO:root:2021-08-02-10--28--01 Frame manipulations completed
INFO:root:2021-08-02-10--28--01 Bounding Box Drawn
INFO:root:2021-08-02-10--28--01 MovingFrameQueue Appended
INFO:root:2021-08-02-10--28--01 anomallyFrameTracker resetted to 200
INFO:root:2021-08-02-10--28--02 Colour Conversion Completed
INFO:root:2021-08-02-10--28--02 Sleep Check Completed
INFO:root:2021-08-02-10--28--02 Frame manipulations completed
INFO:root:2021-08-02-10--28--02 Bounding Box Drawn
INFO:root:2021-08-02-10--28--02 MovingFrameQueue Popped
INFO:root:2021-08-02-10--28--02 anomallyFrameTracker resetted to 200
INFO:root:2021-08-02-10--28--02 Colour Conversion Completed
INFO:root:2021-08-02-10--28--02 Sleep Check Completed
INFO:root:2021-08-02-10--28--02 Frame manipulations completed
INFO:root:2021-08-02-10--28--02 Bounding Box Drawn
INFO:root:2021-08-02-10--28--02 MovingFrameQueue Appended
INFO:root:2021-08-02-10--28--02 anomallyFrameTracker resetted to 200
INFO:root:2021-08-02-10--28--02 Colour Conversion Completed
INFO:root:2021-08-02-10--28--02 Sleep Check Completed
INFO:root:2021-08-02-10--28--02 Frame manipulations completed
INFO:root:2021-08-02-10--28--02 Bounding Box Drawn
INFO:root:2021-08-02-10--28--02 MovingFrameQueue Popped
INFO:root:2021-08-02-10--28--02 anomallyFrameTracker resetted to 200
INFO:root:2021-08-02-10--28--02 Colour Conversion Completed
INFO:root:2021-08-02-10--28--02 Sleep Check Completed
INFO:root:2021-08-02-10--28--02 Frame manipulations completed
INFO:root:2021-08-02-10--28--02 Bounding Box Drawn
INFO:root:2021-08-02-10--28--02 MovingFrameQueue Appended
INFO:root:2021-08-02-10--28--02 anomallyFrameTracker resetted to 200
INFO:root:2021-08-02-10--28--02 Colour Conversion Completed
INFO:root:2021-08-02-10--28--02 Sleep Check Completed
INFO:root:2021-08-02-10--28--02 Frame manipulations completed
INFO:root:2021-08-02-10--28--02 Bounding Box Drawn
INFO:root:2021-08-02-10--28--02 MovingFrameQueue Popped
INFO:root:2021-08-02-10--28--02 anomallyFrameTracker resetted to 200
INFO:root:2021-08-02-10--28--02 Colour Conversion Completed
INFO:root:2021-08-02-10--28--02 Sleep Check Completed
INFO:root:2021-08-02-10--28--02 Frame manipulations completed
INFO:root:2021-08-02-10--28--02 Bounding Box Drawn
INFO:root:2021-08-02-10--28--02 MovingFrameQueue Appended
INFO:root:2021-08-02-10--28--02 anomallyFrameTracker resetted to 200
INFO:root:2021-08-02-10--28--02 Colour Conversion Completed
INFO:root:2021-08-02-10--28--02 Sleep Check Completed
INFO:root:2021-08-02-10--28--02 Frame manipulations completed
INFO:root:2021-08-02-10--28--02 Bounding Box Drawn
INFO:root:2021-08-02-10--28--02 MovingFrameQueue Popped
INFO:root:2021-08-02-10--28--02 anomallyFrameTracker resetted to 200
INFO:root:2021-08-02-10--28--02 Colour Conversion Completed
INFO:root:2021-08-02-10--28--02 Sleep Check Completed
INFO:root:2021-08-02-10--28--02 Frame manipulations completed
INFO:root:2021-08-02-10--28--02 Bounding Box Drawn
INFO:root:2021-08-02-10--28--03 MovingFrameQueue Appended
INFO:root:2021-08-02-10--28--03 anomallyFrameTracker resetted to 200
INFO:root:2021-08-02-10--28--03 Colour Conversion Completed
INFO:root:2021-08-02-10--28--03 Sleep Check Completed
INFO:root:2021-08-02-10--28--03 Frame manipulations completed
INFO:root:2021-08-02-10--28--03 Bounding Box Drawn
INFO:root:2021-08-02-10--28--03 MovingFrameQueue Popped
INFO:root:2021-08-02-10--28--03 anomallyFrameTracker resetted to 200
INFO:root:2021-08-02-10--28--03 Colour Conversion Completed
INFO:root:2021-08-02-10--28--03 Sleep Check Completed
INFO:root:2021-08-02-10--28--03 Frame manipulations completed
INFO:root:2021-08-02-10--28--03 Bounding Box Drawn
INFO:root:2021-08-02-10--28--03 MovingFrameQueue Appended
INFO:root:2021-08-02-10--28--03 anomallyFrameTracker resetted to 200
INFO:root:2021-08-02-10--28--03 Colour Conversion Completed
INFO:root:2021-08-02-10--28--03 Sleep Check Completed
INFO:root:2021-08-02-10--28--03 Frame manipulations completed
INFO:root:2021-08-02-10--28--03 Bounding Box Drawn
INFO:root:2021-08-02-10--28--03 MovingFrameQueue Popped
INFO:root:2021-08-02-10--28--03 anomallyFrameTracker resetted to 200
INFO:root:2021-08-02-10--28--03 Colour Conversion Completed
INFO:root:2021-08-02-10--28--03 Sleep Check Completed
INFO:root:2021-08-02-10--28--03 Frame manipulations completed
INFO:root:2021-08-02-10--28--03 Bounding Box Drawn
INFO:root:2021-08-02-10--28--03 MovingFrameQueue Appended
INFO:root:2021-08-02-10--28--03 anomallyFrameTracker resetted to 200
INFO:root:2021-08-02-10--28--03 Colour Conversion Completed
INFO:root:2021-08-02-10--28--03 Sleep Check Completed
INFO:root:2021-08-02-10--28--03 Frame manipulations completed
INFO:root:2021-08-02-10--28--03 Bounding Box Drawn
INFO:root:2021-08-02-10--28--03 MovingFrameQueue Popped
INFO:root:2021-08-02-10--28--03 anomallyFrameTracker resetted to 200
INFO:root:2021-08-02-10--28--03 Colour Conversion Completed
INFO:root:2021-08-02-10--28--03 Sleep Check Completed
INFO:root:2021-08-02-10--28--03 Frame manipulations completed
INFO:root:2021-08-02-10--28--03 Bounding Box Drawn
INFO:root:2021-08-02-10--28--03 MovingFrameQueue Appended
INFO:root:2021-08-02-10--28--03 anomallyFrameTracker resetted to 200
INFO:root:2021-08-02-10--28--03 Colour Conversion Completed
INFO:root:2021-08-02-10--28--03 Sleep Check Completed
INFO:root:2021-08-02-10--28--03 Frame manipulations completed
INFO:root:2021-08-02-10--28--03 Bounding Box Drawn
INFO:root:2021-08-02-10--28--03 MovingFrameQueue Popped
INFO:root:2021-08-02-10--28--03 anomallyFrameTracker resetted to 200
INFO:root:2021-08-02-10--28--03 Colour Conversion Completed
INFO:root:2021-08-02-10--28--03 Sleep Check Completed
INFO:root:2021-08-02-10--28--03 Frame manipulations completed
INFO:root:2021-08-02-10--28--03 Bounding Box Drawn
INFO:root:2021-08-02-10--28--04 MovingFrameQueue Appended
INFO:root:2021-08-02-10--28--04 anomallyFrameTracker resetted to 200
INFO:root:2021-08-02-10--28--04 Colour Conversion Completed
INFO:root:2021-08-02-10--28--04 Sleep Check Completed
INFO:root:2021-08-02-10--28--04 Frame manipulations completed
INFO:root:2021-08-02-10--28--04 Bounding Box Drawn
INFO:root:2021-08-02-10--28--04 MovingFrameQueue Popped
INFO:root:2021-08-02-10--28--04 anomallyFrameTracker resetted to 200
INFO:root:2021-08-02-10--28--04 Colour Conversion Completed
INFO:root:2021-08-02-10--28--04 Sleep Check Completed
INFO:root:2021-08-02-10--28--04 Frame manipulations completed
INFO:root:2021-08-02-10--28--04 Bounding Box Drawn
INFO:root:2021-08-02-10--28--05 MovingFrameQueue Appended
INFO:root:2021-08-02-10--28--05 anomallyFrameTracker resetted to 200
INFO:root:2021-08-02-10--28--05 Colour Conversion Completed
INFO:root:2021-08-02-10--28--05 Sleep Check Completed
INFO:root:2021-08-02-10--28--05 Frame manipulations completed
INFO:root:2021-08-02-10--28--05 Bounding Box Drawn
INFO:root:2021-08-02-10--28--05 MovingFrameQueue Popped
INFO:root:2021-08-02-10--28--05 anomallyFrameTracker resetted to 200
INFO:root:2021-08-02-10--28--05 Colour Conversion Completed
INFO:root:2021-08-02-10--28--05 Sleep Check Completed
INFO:root:2021-08-02-10--28--05 Frame manipulations completed
INFO:root:2021-08-02-10--28--05 Bounding Box Drawn
INFO:root:2021-08-02-10--28--06 MovingFrameQueue Appended
INFO:root:2021-08-02-10--28--06 anomallyFrameTracker resetted to 200
INFO:root:2021-08-02-10--28--06 Colour Conversion Completed
INFO:root:2021-08-02-10--28--06 Sleep Check Completed
INFO:root:2021-08-02-10--28--06 Frame manipulations completed
INFO:root:2021-08-02-10--28--06 Bounding Box Drawn
INFO:root:2021-08-02-10--28--06 MovingFrameQueue Popped
INFO:root:2021-08-02-10--28--06 anomallyFrameTracker resetted to 200
INFO:root:2021-08-02-10--28--06 Colour Conversion Completed
INFO:root:2021-08-02-10--28--06 Sleep Check Completed
INFO:root:2021-08-02-10--28--06 Frame manipulations completed
INFO:root:2021-08-02-10--28--06 Bounding Box Drawn
INFO:root:2021-08-02-10--28--06 MovingFrameQueue Appended
INFO:root:2021-08-02-10--28--06 anomallyFrameTracker resetted to 200
INFO:root:2021-08-02-10--28--06 Colour Conversion Completed
INFO:root:2021-08-02-10--28--06 Sleep Check Completed
INFO:root:2021-08-02-10--28--06 Frame manipulations completed
INFO:root:2021-08-02-10--28--06 Bounding Box Drawn
INFO:root:2021-08-02-10--28--07 MovingFrameQueue Popped
INFO:root:2021-08-02-10--28--07 anomallyFrameTracker resetted to 200
INFO:root:2021-08-02-10--28--07 Colour Conversion Completed
INFO:root:2021-08-02-10--28--07 Sleep Check Completed
INFO:root:2021-08-02-10--28--07 Frame manipulations completed
INFO:root:2021-08-02-10--28--07 Bounding Box Drawn
INFO:root:2021-08-02-10--28--07 MovingFrameQueue Appended
INFO:root:2021-08-02-10--28--07 anomallyFrameTracker resetted to 200
INFO:root:2021-08-02-10--28--07 Colour Conversion Completed
INFO:root:2021-08-02-10--28--07 Sleep Check Completed
INFO:root:2021-08-02-10--28--07 Frame manipulations completed
INFO:root:2021-08-02-10--28--07 Bounding Box Drawn
INFO:root:2021-08-02-10--28--07 MovingFrameQueue Popped
INFO:root:2021-08-02-10--28--07 anomallyFrameTracker resetted to 200
INFO:root:2021-08-02-10--28--07 Colour Conversion Completed
INFO:root:2021-08-02-10--28--07 Sleep Check Completed
INFO:root:2021-08-02-10--28--07 Frame manipulations completed
INFO:root:2021-08-02-10--28--07 Bounding Box Drawn
INFO:root:2021-08-02-10--28--08[INFO] elapsed time: 27.69
INFO:root:2021-08-02-10--28--08[INFO] approx. FPS: 4.98
