INFO:root:2021-07-21-11--16--38 Parameter Generation Success
INFO:root:2021-07-21-11--16--38 Colour Conversion Completed
INFO:root:2021-07-21-11--16--38 Sleep Check Completed
INFO:root:2021-07-21-11--16--38 Frame manipulations completed
INFO:root:2021-07-21-11--16--38 Bounding Box Drawn
INFO:root:2021-07-21-11--16--43 MovingFrameQueue Appended
INFO:root:2021-07-21-11--16--43 anomallyFrameTracker resetted to 200
INFO:root:2021-07-21-11--16--44 Colour Conversion Completed
INFO:root:2021-07-21-11--16--44 Sleep Check Completed
INFO:root:2021-07-21-11--16--44 Frame manipulations completed
INFO:root:2021-07-21-11--16--44 Bounding Box Drawn
INFO:root:2021-07-21-11--16--44 MovingFrameQueue Appended
INFO:root:2021-07-21-11--16--44 anomallyFrameTracker resetted to 200
INFO:root:2021-07-21-11--16--44 Colour Conversion Completed
INFO:root:2021-07-21-11--16--44 Sleep Check Completed
INFO:root:2021-07-21-11--16--44 Frame manipulations completed
INFO:root:2021-07-21-11--16--44 Bounding Box Drawn
INFO:root:2021-07-21-11--16--44 MovingFrameQueue Appended
INFO:root:2021-07-21-11--16--44 anomallyFrameTracker resetted to 200
INFO:root:2021-07-21-11--16--44 Colour Conversion Completed
INFO:root:2021-07-21-11--16--44 Sleep Check Completed
INFO:root:2021-07-21-11--16--44 Frame manipulations completed
INFO:root:2021-07-21-11--16--44 Bounding Box Drawn
INFO:root:2021-07-21-11--16--44 MovingFrameQueue Appended
INFO:root:2021-07-21-11--16--44 anomallyFrameTracker resetted to 200
INFO:root:2021-07-21-11--16--44 Colour Conversion Completed
INFO:root:2021-07-21-11--16--44 Sleep Check Completed
INFO:root:2021-07-21-11--16--44 Frame manipulations completed
INFO:root:2021-07-21-11--16--44 Bounding Box Drawn
INFO:root:2021-07-21-11--16--44 MovingFrameQueue Appended
INFO:root:2021-07-21-11--16--44 anomallyFrameTracker resetted to 200
INFO:root:2021-07-21-11--16--44 Colour Conversion Completed
INFO:root:2021-07-21-11--16--44 Sleep Check Completed
INFO:root:2021-07-21-11--16--44 Frame manipulations completed
INFO:root:2021-07-21-11--16--44 Bounding Box Drawn
INFO:root:2021-07-21-11--16--44 MovingFrameQueue Appended
INFO:root:2021-07-21-11--16--44 anomallyFrameTracker resetted to 200
INFO:root:2021-07-21-11--16--44 Colour Conversion Completed
INFO:root:2021-07-21-11--16--45 Sleep Check Completed
INFO:root:2021-07-21-11--16--45 Frame manipulations completed
INFO:root:2021-07-21-11--16--45 Bounding Box Drawn
INFO:root:2021-07-21-11--16--45 MovingFrameQueue Appended
INFO:root:2021-07-21-11--16--45 anomallyFrameTracker resetted to 200
INFO:root:2021-07-21-11--16--45 Colour Conversion Completed
INFO:root:2021-07-21-11--16--45 Sleep Check Completed
INFO:root:2021-07-21-11--16--45 Frame manipulations completed
INFO:root:2021-07-21-11--16--45 Bounding Box Drawn
INFO:root:2021-07-21-11--16--45 MovingFrameQueue Appended
INFO:root:2021-07-21-11--16--45 anomallyFrameTracker resetted to 200
INFO:root:2021-07-21-11--16--45 Colour Conversion Completed
INFO:root:2021-07-21-11--16--45 Sleep Check Completed
INFO:root:2021-07-21-11--16--45 Frame manipulations completed
INFO:root:2021-07-21-11--16--45 Bounding Box Drawn
INFO:root:2021-07-21-11--16--45 MovingFrameQueue Appended
INFO:root:2021-07-21-11--16--45 anomallyFrameTracker resetted to 200
INFO:root:2021-07-21-11--16--45 Colour Conversion Completed
INFO:root:2021-07-21-11--16--45 Sleep Check Completed
INFO:root:2021-07-21-11--16--45 Frame manipulations completed
INFO:root:2021-07-21-11--16--45 Bounding Box Drawn
INFO:root:2021-07-21-11--16--46 MovingFrameQueue Appended
INFO:root:2021-07-21-11--16--46 anomallyFrameTracker resetted to 200
INFO:root:2021-07-21-11--16--46 Colour Conversion Completed
INFO:root:2021-07-21-11--16--46 Sleep Check Completed
INFO:root:2021-07-21-11--16--46 Frame manipulations completed
INFO:root:2021-07-21-11--16--46 Bounding Box Drawn
INFO:root:2021-07-21-11--16--46 MovingFrameQueue Appended
INFO:root:2021-07-21-11--16--46 anomallyFrameTracker resetted to 200
INFO:root:2021-07-21-11--16--46 Colour Conversion Completed
INFO:root:2021-07-21-11--16--46 Sleep Check Completed
INFO:root:2021-07-21-11--16--46 Frame manipulations completed
INFO:root:2021-07-21-11--16--46 Bounding Box Drawn
INFO:root:2021-07-21-11--16--46 MovingFrameQueue Appended
INFO:root:2021-07-21-11--16--46 anomallyFrameTracker resetted to 200
INFO:root:2021-07-21-11--16--46 Colour Conversion Completed
INFO:root:2021-07-21-11--16--46 Sleep Check Completed
INFO:root:2021-07-21-11--16--46 Frame manipulations completed
INFO:root:2021-07-21-11--16--46 Bounding Box Drawn
INFO:root:2021-07-21-11--16--46 MovingFrameQueue Appended
INFO:root:2021-07-21-11--16--46 anomallyFrameTracker resetted to 200
INFO:root:2021-07-21-11--16--46 Colour Conversion Completed
INFO:root:2021-07-21-11--16--46 Sleep Check Completed
INFO:root:2021-07-21-11--16--46 Frame manipulations completed
INFO:root:2021-07-21-11--16--46 Bounding Box Drawn
INFO:root:2021-07-21-11--16--47 MovingFrameQueue Appended
INFO:root:2021-07-21-11--16--47 anomallyFrameTracker resetted to 200
INFO:root:2021-07-21-11--16--47 Colour Conversion Completed
INFO:root:2021-07-21-11--16--47 Sleep Check Completed
INFO:root:2021-07-21-11--16--47 Frame manipulations completed
INFO:root:2021-07-21-11--16--47 Bounding Box Drawn
INFO:root:2021-07-21-11--16--47 MovingFrameQueue Appended
INFO:root:2021-07-21-11--16--47 anomallyFrameTracker resetted to 200
INFO:root:2021-07-21-11--16--47 Colour Conversion Completed
INFO:root:2021-07-21-11--16--47 Sleep Check Completed
INFO:root:2021-07-21-11--16--47 Frame manipulations completed
INFO:root:2021-07-21-11--16--47 Bounding Box Drawn
INFO:root:2021-07-21-11--16--47 MovingFrameQueue Appended
INFO:root:2021-07-21-11--16--47 anomallyFrameTracker resetted to 200
INFO:root:2021-07-21-11--16--47 Colour Conversion Completed
INFO:root:2021-07-21-11--16--47 Sleep Check Completed
INFO:root:2021-07-21-11--16--47 Frame manipulations completed
INFO:root:2021-07-21-11--16--47 Bounding Box Drawn
INFO:root:2021-07-21-11--16--47 MovingFrameQueue Appended
INFO:root:2021-07-21-11--16--47 anomallyFrameTracker resetted to 200
INFO:root:2021-07-21-11--16--47 Colour Conversion Completed
INFO:root:2021-07-21-11--16--47 Sleep Check Completed
INFO:root:2021-07-21-11--16--47 Frame manipulations completed
INFO:root:2021-07-21-11--16--47 Bounding Box Drawn
INFO:root:2021-07-21-11--16--48 MovingFrameQueue Appended
INFO:root:2021-07-21-11--16--48 anomallyFrameTracker resetted to 200
INFO:root:2021-07-21-11--16--48 Colour Conversion Completed
INFO:root:2021-07-21-11--16--48 Sleep Check Completed
INFO:root:2021-07-21-11--16--48 Frame manipulations completed
INFO:root:2021-07-21-11--16--48 Bounding Box Drawn
INFO:root:2021-07-21-11--16--48 MovingFrameQueue Appended
INFO:root:2021-07-21-11--16--48 anomallyFrameTracker resetted to 200
INFO:root:2021-07-21-11--16--48 Colour Conversion Completed
INFO:root:2021-07-21-11--16--48 Sleep Check Completed
INFO:root:2021-07-21-11--16--48 Frame manipulations completed
INFO:root:2021-07-21-11--16--48 Bounding Box Drawn
INFO:root:2021-07-21-11--16--48 MovingFrameQueue Appended
INFO:root:2021-07-21-11--16--48 anomallyFrameTracker resetted to 200
INFO:root:2021-07-21-11--16--48 Colour Conversion Completed
INFO:root:2021-07-21-11--16--48 Sleep Check Completed
INFO:root:2021-07-21-11--16--48 Frame manipulations completed
INFO:root:2021-07-21-11--16--48 Bounding Box Drawn
INFO:root:2021-07-21-11--16--48 MovingFrameQueue Appended
INFO:root:2021-07-21-11--16--48 anomallyFrameTracker resetted to 200
INFO:root:2021-07-21-11--16--48 Colour Conversion Completed
INFO:root:2021-07-21-11--16--48 Sleep Check Completed
INFO:root:2021-07-21-11--16--48 Frame manipulations completed
INFO:root:2021-07-21-11--16--48 Bounding Box Drawn
INFO:root:2021-07-21-11--16--48 MovingFrameQueue Appended
INFO:root:2021-07-21-11--16--48 anomallyFrameTracker resetted to 200
INFO:root:2021-07-21-11--16--48 Colour Conversion Completed
INFO:root:2021-07-21-11--16--48 Sleep Check Completed
INFO:root:2021-07-21-11--16--48 Frame manipulations completed
INFO:root:2021-07-21-11--16--48 Bounding Box Drawn
INFO:root:2021-07-21-11--16--49 MovingFrameQueue Appended
INFO:root:2021-07-21-11--16--49 anomallyFrameTracker resetted to 200
INFO:root:2021-07-21-11--16--49 Colour Conversion Completed
INFO:root:2021-07-21-11--16--49 Sleep Check Completed
INFO:root:2021-07-21-11--16--49 Frame manipulations completed
INFO:root:2021-07-21-11--16--49 Bounding Box Drawn
INFO:root:2021-07-21-11--16--49 MovingFrameQueue Appended
INFO:root:2021-07-21-11--16--49 anomallyFrameTracker resetted to 200
INFO:root:2021-07-21-11--16--49 Colour Conversion Completed
INFO:root:2021-07-21-11--16--49 Sleep Check Completed
INFO:root:2021-07-21-11--16--49 Frame manipulations completed
INFO:root:2021-07-21-11--16--49 Bounding Box Drawn
INFO:root:2021-07-21-11--16--49 MovingFrameQueue Appended
INFO:root:2021-07-21-11--16--49 anomallyFrameTracker resetted to 200
INFO:root:2021-07-21-11--16--49 Colour Conversion Completed
INFO:root:2021-07-21-11--16--49 Sleep Check Completed
INFO:root:2021-07-21-11--16--49 Frame manipulations completed
INFO:root:2021-07-21-11--16--49 Bounding Box Drawn
INFO:root:2021-07-21-11--16--49 MovingFrameQueue Appended
INFO:root:2021-07-21-11--16--49 anomallyFrameTracker resetted to 200
INFO:root:2021-07-21-11--16--49 Colour Conversion Completed
INFO:root:2021-07-21-11--16--49 Sleep Check Completed
INFO:root:2021-07-21-11--16--49 Frame manipulations completed
INFO:root:2021-07-21-11--16--49 Bounding Box Drawn
INFO:root:2021-07-21-11--16--49 MovingFrameQueue Appended
INFO:root:2021-07-21-11--16--49 anomallyFrameTracker resetted to 200
INFO:root:2021-07-21-11--16--49 Colour Conversion Completed
INFO:root:2021-07-21-11--16--49 Sleep Check Completed
INFO:root:2021-07-21-11--16--49 Frame manipulations completed
INFO:root:2021-07-21-11--16--49 Bounding Box Drawn
INFO:root:2021-07-21-11--16--49 MovingFrameQueue Appended
INFO:root:2021-07-21-11--16--49 anomallyFrameTracker resetted to 200
INFO:root:2021-07-21-11--16--49 Colour Conversion Completed
INFO:root:2021-07-21-11--16--49 Sleep Check Completed
INFO:root:2021-07-21-11--16--49 Frame manipulations completed
INFO:root:2021-07-21-11--16--49 Bounding Box Drawn
INFO:root:2021-07-21-11--16--50 MovingFrameQueue Appended
INFO:root:2021-07-21-11--16--50 anomallyFrameTracker resetted to 200
INFO:root:2021-07-21-11--16--50 Colour Conversion Completed
INFO:root:2021-07-21-11--16--50 Sleep Check Completed
INFO:root:2021-07-21-11--16--50 Frame manipulations completed
INFO:root:2021-07-21-11--16--50 Bounding Box Drawn
INFO:root:2021-07-21-11--16--50 MovingFrameQueue Appended
INFO:root:2021-07-21-11--16--50 anomallyFrameTracker resetted to 200
INFO:root:2021-07-21-11--16--50 Colour Conversion Completed
INFO:root:2021-07-21-11--16--50 Sleep Check Completed
INFO:root:2021-07-21-11--16--50 Frame manipulations completed
INFO:root:2021-07-21-11--16--50 Bounding Box Drawn
INFO:root:2021-07-21-11--16--50 MovingFrameQueue Appended
INFO:root:2021-07-21-11--16--50 anomallyFrameTracker resetted to 200
INFO:root:2021-07-21-11--16--50 Colour Conversion Completed
INFO:root:2021-07-21-11--16--50 Sleep Check Completed
INFO:root:2021-07-21-11--16--50 Frame manipulations completed
INFO:root:2021-07-21-11--16--50 Bounding Box Drawn
INFO:root:2021-07-21-11--16--50 MovingFrameQueue Appended
INFO:root:2021-07-21-11--16--50 anomallyFrameTracker resetted to 200
INFO:root:2021-07-21-11--16--50 Colour Conversion Completed
INFO:root:2021-07-21-11--16--50 Sleep Check Completed
INFO:root:2021-07-21-11--16--50 Frame manipulations completed
INFO:root:2021-07-21-11--16--50 Bounding Box Drawn
INFO:root:2021-07-21-11--16--50 MovingFrameQueue Appended
INFO:root:2021-07-21-11--16--50 anomallyFrameTracker resetted to 200
INFO:root:2021-07-21-11--16--50 Colour Conversion Completed
INFO:root:2021-07-21-11--16--50 Sleep Check Completed
INFO:root:2021-07-21-11--16--50 Frame manipulations completed
INFO:root:2021-07-21-11--16--50 Bounding Box Drawn
INFO:root:2021-07-21-11--16--50 MovingFrameQueue Appended
INFO:root:2021-07-21-11--16--50 anomallyFrameTracker resetted to 200
INFO:root:2021-07-21-11--16--50 Colour Conversion Completed
INFO:root:2021-07-21-11--16--50 Sleep Check Completed
INFO:root:2021-07-21-11--16--50 Frame manipulations completed
INFO:root:2021-07-21-11--16--50 Bounding Box Drawn
INFO:root:2021-07-21-11--16--51 MovingFrameQueue Appended
INFO:root:2021-07-21-11--16--51 anomallyFrameTracker resetted to 200
INFO:root:2021-07-21-11--16--51 Colour Conversion Completed
INFO:root:2021-07-21-11--16--51 Sleep Check Completed
INFO:root:2021-07-21-11--16--51 Frame manipulations completed
INFO:root:2021-07-21-11--16--51 Bounding Box Drawn
INFO:root:2021-07-21-11--16--51 MovingFrameQueue Appended
INFO:root:2021-07-21-11--16--51 anomallyFrameTracker resetted to 200
INFO:root:2021-07-21-11--16--51 Colour Conversion Completed
INFO:root:2021-07-21-11--16--51 Sleep Check Completed
INFO:root:2021-07-21-11--16--51 Frame manipulations completed
INFO:root:2021-07-21-11--16--51 Bounding Box Drawn
INFO:root:2021-07-21-11--16--51 MovingFrameQueue Appended
INFO:root:2021-07-21-11--16--51 anomallyFrameTracker resetted to 200
INFO:root:2021-07-21-11--16--51 Colour Conversion Completed
INFO:root:2021-07-21-11--16--51 Sleep Check Completed
INFO:root:2021-07-21-11--16--51 Frame manipulations completed
INFO:root:2021-07-21-11--16--51 Bounding Box Drawn
INFO:root:2021-07-21-11--16--51 MovingFrameQueue Appended
INFO:root:2021-07-21-11--16--51 anomallyFrameTracker resetted to 200
INFO:root:2021-07-21-11--16--51 Colour Conversion Completed
INFO:root:2021-07-21-11--16--51 Sleep Check Completed
INFO:root:2021-07-21-11--16--51 Frame manipulations completed
INFO:root:2021-07-21-11--16--51 Bounding Box Drawn
INFO:root:2021-07-21-11--16--51 MovingFrameQueue Appended
INFO:root:2021-07-21-11--16--51 anomallyFrameTracker resetted to 200
INFO:root:2021-07-21-11--16--51 Colour Conversion Completed
INFO:root:2021-07-21-11--16--51 Sleep Check Completed
INFO:root:2021-07-21-11--16--51 Frame manipulations completed
INFO:root:2021-07-21-11--16--51 Bounding Box Drawn
INFO:root:2021-07-21-11--16--52 MovingFrameQueue Appended
INFO:root:2021-07-21-11--16--52 anomallyFrameTracker resetted to 200
INFO:root:2021-07-21-11--16--52 Colour Conversion Completed
INFO:root:2021-07-21-11--16--52 Sleep Check Completed
INFO:root:2021-07-21-11--16--52 Frame manipulations completed
INFO:root:2021-07-21-11--16--52 Bounding Box Drawn
INFO:root:2021-07-21-11--16--52 MovingFrameQueue Appended
INFO:root:2021-07-21-11--16--52 anomallyFrameTracker resetted to 200
INFO:root:2021-07-21-11--16--52 Colour Conversion Completed
INFO:root:2021-07-21-11--16--52 Sleep Check Completed
INFO:root:2021-07-21-11--16--52 Frame manipulations completed
INFO:root:2021-07-21-11--16--52 Bounding Box Drawn
INFO:root:2021-07-21-11--16--52 MovingFrameQueue Appended
INFO:root:2021-07-21-11--16--52 anomallyFrameTracker resetted to 200
INFO:root:2021-07-21-11--16--52 Colour Conversion Completed
INFO:root:2021-07-21-11--16--52 Sleep Check Completed
INFO:root:2021-07-21-11--16--52 Frame manipulations completed
INFO:root:2021-07-21-11--16--52 Bounding Box Drawn
INFO:root:2021-07-21-11--16--52 MovingFrameQueue Appended
INFO:root:2021-07-21-11--16--52 anomallyFrameTracker resetted to 200
INFO:root:2021-07-21-11--16--52 Colour Conversion Completed
INFO:root:2021-07-21-11--16--52 Sleep Check Completed
INFO:root:2021-07-21-11--16--52 Frame manipulations completed
INFO:root:2021-07-21-11--16--52 Bounding Box Drawn
INFO:root:2021-07-21-11--16--52 MovingFrameQueue Appended
INFO:root:2021-07-21-11--16--52 anomallyFrameTracker resetted to 200
INFO:root:2021-07-21-11--16--52 Colour Conversion Completed
INFO:root:2021-07-21-11--16--52 Sleep Check Completed
INFO:root:2021-07-21-11--16--52 Frame manipulations completed
INFO:root:2021-07-21-11--16--52 Bounding Box Drawn
INFO:root:2021-07-21-11--16--52 MovingFrameQueue Appended
INFO:root:2021-07-21-11--16--52 anomallyFrameTracker resetted to 200
INFO:root:2021-07-21-11--16--52 Colour Conversion Completed
INFO:root:2021-07-21-11--16--52 Sleep Check Completed
INFO:root:2021-07-21-11--16--52 Frame manipulations completed
INFO:root:2021-07-21-11--16--52 Bounding Box Drawn
INFO:root:2021-07-21-11--16--53 MovingFrameQueue Appended
INFO:root:2021-07-21-11--16--53 anomallyFrameTracker resetted to 200
INFO:root:2021-07-21-11--16--53 Colour Conversion Completed
INFO:root:2021-07-21-11--16--53 Sleep Check Completed
INFO:root:2021-07-21-11--16--53 Frame manipulations completed
INFO:root:2021-07-21-11--16--53 Bounding Box Drawn
INFO:root:2021-07-21-11--16--53 MovingFrameQueue Appended
INFO:root:2021-07-21-11--16--53 anomallyFrameTracker resetted to 200
INFO:root:2021-07-21-11--16--53 Colour Conversion Completed
INFO:root:2021-07-21-11--16--53 Sleep Check Completed
INFO:root:2021-07-21-11--16--53 Frame manipulations completed
INFO:root:2021-07-21-11--16--53 Bounding Box Drawn
INFO:root:2021-07-21-11--16--53 MovingFrameQueue Appended
INFO:root:2021-07-21-11--16--53 anomallyFrameTracker resetted to 200
INFO:root:2021-07-21-11--16--53 Colour Conversion Completed
INFO:root:2021-07-21-11--16--53 Sleep Check Completed
INFO:root:2021-07-21-11--16--53 Frame manipulations completed
INFO:root:2021-07-21-11--16--53 Bounding Box Drawn
INFO:root:2021-07-21-11--16--53 MovingFrameQueue Appended
INFO:root:2021-07-21-11--16--53 anomallyFrameTracker resetted to 200
INFO:root:2021-07-21-11--16--53 Colour Conversion Completed
INFO:root:2021-07-21-11--16--53 Sleep Check Completed
INFO:root:2021-07-21-11--16--53 Frame manipulations completed
INFO:root:2021-07-21-11--16--53 Bounding Box Drawn
INFO:root:2021-07-21-11--16--53 MovingFrameQueue Appended
INFO:root:2021-07-21-11--16--53 anomallyFrameTracker resetted to 200
INFO:root:2021-07-21-11--16--53 Colour Conversion Completed
INFO:root:2021-07-21-11--16--53 Sleep Check Completed
INFO:root:2021-07-21-11--16--53 Frame manipulations completed
INFO:root:2021-07-21-11--16--53 Bounding Box Drawn
INFO:root:2021-07-21-11--16--53 MovingFrameQueue Appended
INFO:root:2021-07-21-11--16--53 anomallyFrameTracker resetted to 200
INFO:root:2021-07-21-11--16--53 Colour Conversion Completed
INFO:root:2021-07-21-11--16--53 Sleep Check Completed
INFO:root:2021-07-21-11--16--53 Frame manipulations completed
INFO:root:2021-07-21-11--16--53 Bounding Box Drawn
INFO:root:2021-07-21-11--16--54 MovingFrameQueue Popped
INFO:root:2021-07-21-11--16--54 anomallyFrameTracker resetted to 200
INFO:root:2021-07-21-11--16--54 Colour Conversion Completed
INFO:root:2021-07-21-11--16--54 Sleep Check Completed
INFO:root:2021-07-21-11--16--54 Frame manipulations completed
INFO:root:2021-07-21-11--16--54 Bounding Box Drawn
INFO:root:2021-07-21-11--16--54 MovingFrameQueue Appended
INFO:root:2021-07-21-11--16--54 anomallyFrameTracker resetted to 200
INFO:root:2021-07-21-11--16--54 Colour Conversion Completed
INFO:root:2021-07-21-11--16--54 Sleep Check Completed
INFO:root:2021-07-21-11--16--54 Frame manipulations completed
INFO:root:2021-07-21-11--16--54 Bounding Box Drawn
INFO:root:2021-07-21-11--16--54 MovingFrameQueue Popped
INFO:root:2021-07-21-11--16--54 anomallyFrameTracker resetted to 200
INFO:root:2021-07-21-11--16--54 Colour Conversion Completed
INFO:root:2021-07-21-11--16--54 Sleep Check Completed
INFO:root:2021-07-21-11--16--54 Frame manipulations completed
INFO:root:2021-07-21-11--16--54 Bounding Box Drawn
INFO:root:2021-07-21-11--16--54 MovingFrameQueue Appended
INFO:root:2021-07-21-11--16--54 anomallyFrameTracker resetted to 200
INFO:root:2021-07-21-11--16--54 Colour Conversion Completed
INFO:root:2021-07-21-11--16--54 Sleep Check Completed
INFO:root:2021-07-21-11--16--54 Frame manipulations completed
INFO:root:2021-07-21-11--16--54 Bounding Box Drawn
INFO:root:2021-07-21-11--16--54 MovingFrameQueue Popped
INFO:root:2021-07-21-11--16--54 anomallyFrameTracker resetted to 200
INFO:root:2021-07-21-11--16--54 Colour Conversion Completed
INFO:root:2021-07-21-11--16--54 Sleep Check Completed
INFO:root:2021-07-21-11--16--54 Frame manipulations completed
INFO:root:2021-07-21-11--16--54 Bounding Box Drawn
INFO:root:2021-07-21-11--16--55 MovingFrameQueue Appended
INFO:root:2021-07-21-11--16--55 anomallyFrameTracker resetted to 200
INFO:root:2021-07-21-11--16--55 Colour Conversion Completed
INFO:root:2021-07-21-11--16--55 Sleep Check Completed
INFO:root:2021-07-21-11--16--55 Frame manipulations completed
INFO:root:2021-07-21-11--16--55 Bounding Box Drawn
INFO:root:2021-07-21-11--16--55 MovingFrameQueue Popped
INFO:root:2021-07-21-11--16--55 anomallyFrameTracker resetted to 200
INFO:root:2021-07-21-11--16--55 Colour Conversion Completed
INFO:root:2021-07-21-11--16--55 Sleep Check Completed
INFO:root:2021-07-21-11--16--55 Frame manipulations completed
INFO:root:2021-07-21-11--16--55 Bounding Box Drawn
INFO:root:2021-07-21-11--16--55 MovingFrameQueue Appended
INFO:root:2021-07-21-11--16--55 anomallyFrameTracker resetted to 200
INFO:root:2021-07-21-11--16--55 Colour Conversion Completed
INFO:root:2021-07-21-11--16--55 Sleep Check Completed
INFO:root:2021-07-21-11--16--55 Frame manipulations completed
INFO:root:2021-07-21-11--16--55 Bounding Box Drawn
INFO:root:2021-07-21-11--16--55 MovingFrameQueue Popped
INFO:root:2021-07-21-11--16--55 anomallyFrameTracker resetted to 200
INFO:root:2021-07-21-11--16--55 Colour Conversion Completed
INFO:root:2021-07-21-11--16--55 Sleep Check Completed
INFO:root:2021-07-21-11--16--55 Frame manipulations completed
INFO:root:2021-07-21-11--16--55 Bounding Box Drawn
INFO:root:2021-07-21-11--16--55 MovingFrameQueue Appended
INFO:root:2021-07-21-11--16--55 anomallyFrameTracker resetted to 200
INFO:root:2021-07-21-11--16--55 Colour Conversion Completed
INFO:root:2021-07-21-11--16--55 Sleep Check Completed
INFO:root:2021-07-21-11--16--55 Frame manipulations completed
INFO:root:2021-07-21-11--16--55 Bounding Box Drawn
INFO:root:2021-07-21-11--16--56 MovingFrameQueue Popped
INFO:root:2021-07-21-11--16--56 anomallyFrameTracker resetted to 200
INFO:root:2021-07-21-11--16--56 Colour Conversion Completed
INFO:root:2021-07-21-11--16--56 Sleep Check Completed
INFO:root:2021-07-21-11--16--56 Frame manipulations completed
INFO:root:2021-07-21-11--16--56 Bounding Box Drawn
INFO:root:2021-07-21-11--16--56 MovingFrameQueue Appended
INFO:root:2021-07-21-11--16--56 anomallyFrameTracker resetted to 200
INFO:root:2021-07-21-11--16--56 Colour Conversion Completed
INFO:root:2021-07-21-11--16--56 Sleep Check Completed
INFO:root:2021-07-21-11--16--56 Frame manipulations completed
INFO:root:2021-07-21-11--16--56 Bounding Box Drawn
INFO:root:2021-07-21-11--16--56 MovingFrameQueue Popped
INFO:root:2021-07-21-11--16--56 anomallyFrameTracker resetted to 200
INFO:root:2021-07-21-11--16--56 Colour Conversion Completed
INFO:root:2021-07-21-11--16--56 Sleep Check Completed
INFO:root:2021-07-21-11--16--56 Frame manipulations completed
INFO:root:2021-07-21-11--16--56 Bounding Box Drawn
INFO:root:2021-07-21-11--16--57 MovingFrameQueue Appended
INFO:root:2021-07-21-11--16--57 anomallyFrameTracker resetted to 200
INFO:root:2021-07-21-11--16--57 Colour Conversion Completed
INFO:root:2021-07-21-11--16--57 Sleep Check Completed
INFO:root:2021-07-21-11--16--57 Frame manipulations completed
INFO:root:2021-07-21-11--16--57 Bounding Box Drawn
INFO:root:2021-07-21-11--16--57 MovingFrameQueue Popped
INFO:root:2021-07-21-11--16--57 anomallyFrameTracker resetted to 200
INFO:root:2021-07-21-11--16--57 Colour Conversion Completed
INFO:root:2021-07-21-11--16--57 Sleep Check Completed
INFO:root:2021-07-21-11--16--57 Frame manipulations completed
INFO:root:2021-07-21-11--16--57 Bounding Box Drawn
INFO:root:2021-07-21-11--16--57 MovingFrameQueue Appended
INFO:root:2021-07-21-11--16--57 anomallyFrameTracker resetted to 200
INFO:root:2021-07-21-11--16--57 Colour Conversion Completed
INFO:root:2021-07-21-11--16--57 Sleep Check Completed
INFO:root:2021-07-21-11--16--57 Frame manipulations completed
INFO:root:2021-07-21-11--16--57 Bounding Box Drawn
INFO:root:2021-07-21-11--16--57 MovingFrameQueue Popped
INFO:root:2021-07-21-11--16--57 anomallyFrameTracker resetted to 200
INFO:root:2021-07-21-11--16--57 Colour Conversion Completed
INFO:root:2021-07-21-11--16--58 Sleep Check Completed
INFO:root:2021-07-21-11--16--58 Frame manipulations completed
INFO:root:2021-07-21-11--16--58 Bounding Box Drawn
INFO:root:2021-07-21-11--16--58 MovingFrameQueue Appended
INFO:root:2021-07-21-11--16--58 anomallyFrameTracker resetted to 200
INFO:root:2021-07-21-11--16--58 Colour Conversion Completed
INFO:root:2021-07-21-11--16--58 Sleep Check Completed
INFO:root:2021-07-21-11--16--58 Frame manipulations completed
INFO:root:2021-07-21-11--16--58 Bounding Box Drawn
INFO:root:2021-07-21-11--16--58 MovingFrameQueue Popped
INFO:root:2021-07-21-11--16--58 anomallyFrameTracker resetted to 200
INFO:root:2021-07-21-11--16--58 Colour Conversion Completed
INFO:root:2021-07-21-11--16--58 Sleep Check Completed
INFO:root:2021-07-21-11--16--58 Frame manipulations completed
INFO:root:2021-07-21-11--16--58 Bounding Box Drawn
INFO:root:2021-07-21-11--16--58 MovingFrameQueue Appended
INFO:root:2021-07-21-11--16--58 anomallyFrameTracker resetted to 200
INFO:root:2021-07-21-11--16--58 Colour Conversion Completed
INFO:root:2021-07-21-11--16--58 Sleep Check Completed
INFO:root:2021-07-21-11--16--58 Frame manipulations completed
INFO:root:2021-07-21-11--16--58 Bounding Box Drawn
INFO:root:2021-07-21-11--16--59 MovingFrameQueue Popped
INFO:root:2021-07-21-11--16--59 anomallyFrameTracker resetted to 200
INFO:root:2021-07-21-11--16--59 Colour Conversion Completed
INFO:root:2021-07-21-11--16--59 Sleep Check Completed
INFO:root:2021-07-21-11--16--59 Frame manipulations completed
INFO:root:2021-07-21-11--16--59 Bounding Box Drawn
INFO:root:2021-07-21-11--16--59 MovingFrameQueue Appended
INFO:root:2021-07-21-11--16--59 anomallyFrameTracker resetted to 200
INFO:root:2021-07-21-11--16--59 Colour Conversion Completed
INFO:root:2021-07-21-11--16--59 Sleep Check Completed
INFO:root:2021-07-21-11--16--59 Frame manipulations completed
INFO:root:2021-07-21-11--16--59 Bounding Box Drawn
INFO:root:2021-07-21-11--16--59 MovingFrameQueue Popped
INFO:root:2021-07-21-11--16--59 anomallyFrameTracker resetted to 200
INFO:root:2021-07-21-11--16--59 Colour Conversion Completed
INFO:root:2021-07-21-11--16--59 Sleep Check Completed
INFO:root:2021-07-21-11--16--59 Frame manipulations completed
INFO:root:2021-07-21-11--16--59 Bounding Box Drawn
INFO:root:2021-07-21-11--16--59 MovingFrameQueue Appended
INFO:root:2021-07-21-11--16--59 anomallyFrameTracker resetted to 200
INFO:root:2021-07-21-11--16--59 Colour Conversion Completed
INFO:root:2021-07-21-11--17--00 Sleep Check Completed
INFO:root:2021-07-21-11--17--00 Frame manipulations completed
INFO:root:2021-07-21-11--17--00 Bounding Box Drawn
INFO:root:2021-07-21-11--17--00 MovingFrameQueue Popped
INFO:root:2021-07-21-11--17--00 anomallyFrameTracker resetted to 200
INFO:root:2021-07-21-11--17--00 Colour Conversion Completed
INFO:root:2021-07-21-11--17--00 Sleep Check Completed
INFO:root:2021-07-21-11--17--00 Frame manipulations completed
INFO:root:2021-07-21-11--17--00 Bounding Box Drawn
INFO:root:2021-07-21-11--17--00 MovingFrameQueue Appended
INFO:root:2021-07-21-11--17--00 anomallyFrameTracker resetted to 200
INFO:root:2021-07-21-11--17--00 Colour Conversion Completed
INFO:root:2021-07-21-11--17--00 Sleep Check Completed
INFO:root:2021-07-21-11--17--00 Frame manipulations completed
INFO:root:2021-07-21-11--17--00 Bounding Box Drawn
INFO:root:2021-07-21-11--17--00 MovingFrameQueue Popped
INFO:root:2021-07-21-11--17--00 anomallyFrameTracker resetted to 200
INFO:root:2021-07-21-11--17--00 Colour Conversion Completed
INFO:root:2021-07-21-11--17--00 Sleep Check Completed
INFO:root:2021-07-21-11--17--00 Frame manipulations completed
INFO:root:2021-07-21-11--17--00 Bounding Box Drawn
INFO:root:2021-07-21-11--17--01 MovingFrameQueue Appended
INFO:root:2021-07-21-11--17--01 anomallyFrameTracker resetted to 200
INFO:root:2021-07-21-11--17--01 Colour Conversion Completed
INFO:root:2021-07-21-11--17--01 Sleep Check Completed
INFO:root:2021-07-21-11--17--01 Frame manipulations completed
INFO:root:2021-07-21-11--17--01 Bounding Box Drawn
INFO:root:2021-07-21-11--17--01 MovingFrameQueue Popped
INFO:root:2021-07-21-11--17--01 anomallyFrameTracker resetted to 200
INFO:root:2021-07-21-11--17--01 Colour Conversion Completed
INFO:root:2021-07-21-11--17--01 Sleep Check Completed
INFO:root:2021-07-21-11--17--01 Frame manipulations completed
INFO:root:2021-07-21-11--17--01 Bounding Box Drawn
INFO:root:2021-07-21-11--17--01 MovingFrameQueue Appended
INFO:root:2021-07-21-11--17--01 anomallyFrameTracker resetted to 200
INFO:root:2021-07-21-11--17--01 Colour Conversion Completed
INFO:root:2021-07-21-11--17--01 Sleep Check Completed
INFO:root:2021-07-21-11--17--01 Frame manipulations completed
INFO:root:2021-07-21-11--17--01 Bounding Box Drawn
INFO:root:2021-07-21-11--17--01 MovingFrameQueue Popped
INFO:root:2021-07-21-11--17--01 anomallyFrameTracker resetted to 200
INFO:root:2021-07-21-11--17--01 Colour Conversion Completed
INFO:root:2021-07-21-11--17--02 Sleep Check Completed
INFO:root:2021-07-21-11--17--02 Frame manipulations completed
INFO:root:2021-07-21-11--17--02 Bounding Box Drawn
INFO:root:2021-07-21-11--17--02 MovingFrameQueue Appended
INFO:root:2021-07-21-11--17--02 anomallyFrameTracker resetted to 200
INFO:root:2021-07-21-11--17--02 Colour Conversion Completed
INFO:root:2021-07-21-11--17--02 Sleep Check Completed
INFO:root:2021-07-21-11--17--02 Frame manipulations completed
INFO:root:2021-07-21-11--17--02 Bounding Box Drawn
INFO:root:2021-07-21-11--17--02 MovingFrameQueue Popped
INFO:root:2021-07-21-11--17--02 anomallyFrameTracker resetted to 200
INFO:root:2021-07-21-11--17--02 Colour Conversion Completed
INFO:root:2021-07-21-11--17--02 Sleep Check Completed
INFO:root:2021-07-21-11--17--02 Frame manipulations completed
INFO:root:2021-07-21-11--17--02 Bounding Box Drawn
INFO:root:2021-07-21-11--17--02 MovingFrameQueue Appended
INFO:root:2021-07-21-11--17--02 anomallyFrameTracker resetted to 200
INFO:root:2021-07-21-11--17--02 Colour Conversion Completed
INFO:root:2021-07-21-11--17--02 Sleep Check Completed
INFO:root:2021-07-21-11--17--02 Frame manipulations completed
INFO:root:2021-07-21-11--17--02 Bounding Box Drawn
INFO:root:2021-07-21-11--17--03 MovingFrameQueue Popped
INFO:root:2021-07-21-11--17--03 anomallyFrameTracker resetted to 200
INFO:root:2021-07-21-11--17--03 Colour Conversion Completed
INFO:root:2021-07-21-11--17--03 Sleep Check Completed
INFO:root:2021-07-21-11--17--03 Frame manipulations completed
INFO:root:2021-07-21-11--17--03 Bounding Box Drawn
INFO:root:2021-07-21-11--17--03 MovingFrameQueue Appended
INFO:root:2021-07-21-11--17--03 anomallyFrameTracker resetted to 200
INFO:root:2021-07-21-11--17--03 Colour Conversion Completed
INFO:root:2021-07-21-11--17--03 Sleep Check Completed
INFO:root:2021-07-21-11--17--03 Frame manipulations completed
INFO:root:2021-07-21-11--17--03 Bounding Box Drawn
INFO:root:2021-07-21-11--17--03 MovingFrameQueue Popped
INFO:root:2021-07-21-11--17--03 anomallyFrameTracker resetted to 200
INFO:root:2021-07-21-11--17--03 Colour Conversion Completed
INFO:root:2021-07-21-11--17--03 Sleep Check Completed
INFO:root:2021-07-21-11--17--03 Frame manipulations completed
INFO:root:2021-07-21-11--17--03 Bounding Box Drawn
INFO:root:2021-07-21-11--17--04 MovingFrameQueue Appended
INFO:root:2021-07-21-11--17--04 anomallyFrameTracker resetted to 200
INFO:root:2021-07-21-11--17--04 Colour Conversion Completed
INFO:root:2021-07-21-11--17--04 Sleep Check Completed
INFO:root:2021-07-21-11--17--04 Frame manipulations completed
INFO:root:2021-07-21-11--17--04 Bounding Box Drawn
INFO:root:2021-07-21-11--17--04 MovingFrameQueue Popped
INFO:root:2021-07-21-11--17--04 anomallyFrameTracker resetted to 200
INFO:root:2021-07-21-11--17--04 Colour Conversion Completed
INFO:root:2021-07-21-11--17--04 Sleep Check Completed
INFO:root:2021-07-21-11--17--04 Frame manipulations completed
INFO:root:2021-07-21-11--17--04 Bounding Box Drawn
INFO:root:2021-07-21-11--17--04 MovingFrameQueue Appended
INFO:root:2021-07-21-11--17--04 anomallyFrameTracker resetted to 200
INFO:root:2021-07-21-11--17--04 Colour Conversion Completed
INFO:root:2021-07-21-11--17--04 Sleep Check Completed
INFO:root:2021-07-21-11--17--04 Frame manipulations completed
INFO:root:2021-07-21-11--17--04 Bounding Box Drawn
INFO:root:2021-07-21-11--17--04 MovingFrameQueue Popped
INFO:root:2021-07-21-11--17--04 anomallyFrameTracker resetted to 200
INFO:root:2021-07-21-11--17--04 Colour Conversion Completed
INFO:root:2021-07-21-11--17--05 Sleep Check Completed
INFO:root:2021-07-21-11--17--05 Frame manipulations completed
INFO:root:2021-07-21-11--17--05 Bounding Box Drawn
INFO:root:2021-07-21-11--17--05[INFO] elapsed time: 26.90
INFO:root:2021-07-21-11--17--05[INFO] approx. FPS: 3.42
INFO:root:2021-07-21-11--17--05 Getting Auth Token Success
INFO:root:2021-07-21-11--17--05 BedTime Upload Completed
