INFO:root:2021-07-27-12--01--30 Parameter Generation Success
INFO:root:2021-07-27-12--01--30 Colour Conversion Completed
INFO:root:2021-07-27-12--01--30 Sleep Check Completed
INFO:root:2021-07-27-12--01--30 Frame manipulations completed
INFO:root:2021-07-27-12--01--30 Bounding Box Drawn
INFO:root:2021-07-27-12--01--35 MovingFrameQueue Appended
INFO:root:2021-07-27-12--01--35 anomallyFrameTracker resetted to 200
INFO:root:2021-07-27-12--01--35 Colour Conversion Completed
INFO:root:2021-07-27-12--01--35 Sleep Check Completed
INFO:root:2021-07-27-12--01--35 Frame manipulations completed
INFO:root:2021-07-27-12--01--35 Bounding Box Drawn
INFO:root:2021-07-27-12--01--35 MovingFrameQueue Appended
INFO:root:2021-07-27-12--01--35 anomallyFrameTracker resetted to 200
INFO:root:2021-07-27-12--01--35 Colour Conversion Completed
INFO:root:2021-07-27-12--01--35 Sleep Check Completed
INFO:root:2021-07-27-12--01--35 Frame manipulations completed
INFO:root:2021-07-27-12--01--35 Bounding Box Drawn
INFO:root:2021-07-27-12--01--35 MovingFrameQueue Appended
INFO:root:2021-07-27-12--01--35 anomallyFrameTracker resetted to 200
INFO:root:2021-07-27-12--01--35 Colour Conversion Completed
INFO:root:2021-07-27-12--01--35 Sleep Check Completed
INFO:root:2021-07-27-12--01--35 Frame manipulations completed
INFO:root:2021-07-27-12--01--35 Bounding Box Drawn
INFO:root:2021-07-27-12--01--35 MovingFrameQueue Appended
INFO:root:2021-07-27-12--01--35 anomallyFrameTracker resetted to 200
INFO:root:2021-07-27-12--01--35 Colour Conversion Completed
INFO:root:2021-07-27-12--01--35 Sleep Check Completed
INFO:root:2021-07-27-12--01--35 Frame manipulations completed
INFO:root:2021-07-27-12--01--35 Bounding Box Drawn
INFO:root:2021-07-27-12--01--35 MovingFrameQueue Appended
INFO:root:2021-07-27-12--01--35 anomallyFrameTracker resetted to 200
INFO:root:2021-07-27-12--01--35 Colour Conversion Completed
INFO:root:2021-07-27-12--01--35 Sleep Check Completed
INFO:root:2021-07-27-12--01--35 Frame manipulations completed
INFO:root:2021-07-27-12--01--35 Bounding Box Drawn
INFO:root:2021-07-27-12--01--35 MovingFrameQueue Appended
INFO:root:2021-07-27-12--01--35 anomallyFrameTracker resetted to 200
INFO:root:2021-07-27-12--01--35 Colour Conversion Completed
INFO:root:2021-07-27-12--01--35 Sleep Check Completed
INFO:root:2021-07-27-12--01--35 Frame manipulations completed
INFO:root:2021-07-27-12--01--35 Bounding Box Drawn
INFO:root:2021-07-27-12--01--36 MovingFrameQueue Appended
INFO:root:2021-07-27-12--01--36 anomallyFrameTracker resetted to 200
INFO:root:2021-07-27-12--01--36 Colour Conversion Completed
INFO:root:2021-07-27-12--01--36 Sleep Check Completed
INFO:root:2021-07-27-12--01--36 Frame manipulations completed
INFO:root:2021-07-27-12--01--36 Bounding Box Drawn
INFO:root:2021-07-27-12--01--36 MovingFrameQueue Appended
INFO:root:2021-07-27-12--01--36 anomallyFrameTracker resetted to 200
INFO:root:2021-07-27-12--01--36 Colour Conversion Completed
INFO:root:2021-07-27-12--01--36 Sleep Check Completed
INFO:root:2021-07-27-12--01--36 Frame manipulations completed
INFO:root:2021-07-27-12--01--36 Bounding Box Drawn
INFO:root:2021-07-27-12--01--37 MovingFrameQueue Appended
INFO:root:2021-07-27-12--01--37 anomallyFrameTracker resetted to 200
INFO:root:2021-07-27-12--01--37 Colour Conversion Completed
INFO:root:2021-07-27-12--01--37 Sleep Check Completed
INFO:root:2021-07-27-12--01--37 Frame manipulations completed
INFO:root:2021-07-27-12--01--37 Bounding Box Drawn
INFO:root:2021-07-27-12--01--37 MovingFrameQueue Appended
INFO:root:2021-07-27-12--01--37 anomallyFrameTracker resetted to 200
INFO:root:2021-07-27-12--01--37 Colour Conversion Completed
INFO:root:2021-07-27-12--01--37 Sleep Check Completed
INFO:root:2021-07-27-12--01--37 Frame manipulations completed
INFO:root:2021-07-27-12--01--37 Bounding Box Drawn
INFO:root:2021-07-27-12--01--38 MovingFrameQueue Appended
INFO:root:2021-07-27-12--01--38 anomallyFrameTracker resetted to 200
INFO:root:2021-07-27-12--01--38 Colour Conversion Completed
INFO:root:2021-07-27-12--01--38 Sleep Check Completed
INFO:root:2021-07-27-12--01--38 Frame manipulations completed
INFO:root:2021-07-27-12--01--38 Bounding Box Drawn
INFO:root:2021-07-27-12--01--38 MovingFrameQueue Appended
INFO:root:2021-07-27-12--01--38 anomallyFrameTracker resetted to 200
INFO:root:2021-07-27-12--01--38 Colour Conversion Completed
INFO:root:2021-07-27-12--01--38 Sleep Check Completed
INFO:root:2021-07-27-12--01--38 Frame manipulations completed
INFO:root:2021-07-27-12--01--38 Bounding Box Drawn
INFO:root:2021-07-27-12--01--39 MovingFrameQueue Appended
INFO:root:2021-07-27-12--01--39 anomallyFrameTracker resetted to 200
INFO:root:2021-07-27-12--01--39 Colour Conversion Completed
INFO:root:2021-07-27-12--01--39 Sleep Check Completed
INFO:root:2021-07-27-12--01--39 Frame manipulations completed
INFO:root:2021-07-27-12--01--39 Bounding Box Drawn
INFO:root:2021-07-27-12--01--39 MovingFrameQueue Appended
INFO:root:2021-07-27-12--01--39 anomallyFrameTracker resetted to 200
INFO:root:2021-07-27-12--01--39 Colour Conversion Completed
INFO:root:2021-07-27-12--01--39 Sleep Check Completed
INFO:root:2021-07-27-12--01--39 Frame manipulations completed
INFO:root:2021-07-27-12--01--39 Bounding Box Drawn
INFO:root:2021-07-27-12--01--39 MovingFrameQueue Appended
INFO:root:2021-07-27-12--01--39 anomallyFrameTracker resetted to 200
INFO:root:2021-07-27-12--01--39 Colour Conversion Completed
INFO:root:2021-07-27-12--01--39 Sleep Check Completed
INFO:root:2021-07-27-12--01--39 Frame manipulations completed
INFO:root:2021-07-27-12--01--39 Bounding Box Drawn
INFO:root:2021-07-27-12--01--40 MovingFrameQueue Appended
INFO:root:2021-07-27-12--01--40 anomallyFrameTracker resetted to 200
INFO:root:2021-07-27-12--01--40 Colour Conversion Completed
INFO:root:2021-07-27-12--01--40 Sleep Check Completed
INFO:root:2021-07-27-12--01--40 Frame manipulations completed
INFO:root:2021-07-27-12--01--40 Bounding Box Drawn
INFO:root:2021-07-27-12--01--40 MovingFrameQueue Appended
INFO:root:2021-07-27-12--01--40 anomallyFrameTracker resetted to 200
INFO:root:2021-07-27-12--01--40 Colour Conversion Completed
INFO:root:2021-07-27-12--01--40 Sleep Check Completed
INFO:root:2021-07-27-12--01--40 Frame manipulations completed
INFO:root:2021-07-27-12--01--40 Bounding Box Drawn
INFO:root:2021-07-27-12--01--40 MovingFrameQueue Appended
INFO:root:2021-07-27-12--01--40 anomallyFrameTracker resetted to 200
INFO:root:2021-07-27-12--01--40 Colour Conversion Completed
INFO:root:2021-07-27-12--01--40 Sleep Check Completed
INFO:root:2021-07-27-12--01--40 Frame manipulations completed
INFO:root:2021-07-27-12--01--40 Bounding Box Drawn
INFO:root:2021-07-27-12--01--41 MovingFrameQueue Appended
INFO:root:2021-07-27-12--01--41 anomallyFrameTracker resetted to 200
INFO:root:2021-07-27-12--01--41 Colour Conversion Completed
INFO:root:2021-07-27-12--01--41 Sleep Check Completed
INFO:root:2021-07-27-12--01--41 Frame manipulations completed
INFO:root:2021-07-27-12--01--41 Bounding Box Drawn
INFO:root:2021-07-27-12--01--41 MovingFrameQueue Appended
INFO:root:2021-07-27-12--01--41 anomallyFrameTracker resetted to 200
INFO:root:2021-07-27-12--01--41 Colour Conversion Completed
INFO:root:2021-07-27-12--01--41 Sleep Check Completed
INFO:root:2021-07-27-12--01--41 Frame manipulations completed
INFO:root:2021-07-27-12--01--41 Bounding Box Drawn
INFO:root:2021-07-27-12--01--41 MovingFrameQueue Appended
INFO:root:2021-07-27-12--01--41 anomallyFrameTracker resetted to 200
INFO:root:2021-07-27-12--01--41 Colour Conversion Completed
INFO:root:2021-07-27-12--01--41 Sleep Check Completed
INFO:root:2021-07-27-12--01--41 Frame manipulations completed
INFO:root:2021-07-27-12--01--41 Bounding Box Drawn
INFO:root:2021-07-27-12--01--42 MovingFrameQueue Appended
INFO:root:2021-07-27-12--01--42 anomallyFrameTracker resetted to 200
INFO:root:2021-07-27-12--01--42 Colour Conversion Completed
INFO:root:2021-07-27-12--01--42 Sleep Check Completed
INFO:root:2021-07-27-12--01--42 Frame manipulations completed
INFO:root:2021-07-27-12--01--42 Bounding Box Drawn
INFO:root:2021-07-27-12--01--42 MovingFrameQueue Appended
INFO:root:2021-07-27-12--01--42 anomallyFrameTracker resetted to 200
INFO:root:2021-07-27-12--01--42 Colour Conversion Completed
INFO:root:2021-07-27-12--01--42 Sleep Check Completed
INFO:root:2021-07-27-12--01--42 Frame manipulations completed
INFO:root:2021-07-27-12--01--42 Bounding Box Drawn
INFO:root:2021-07-27-12--01--43 MovingFrameQueue Appended
INFO:root:2021-07-27-12--01--43 anomallyFrameTracker resetted to 200
INFO:root:2021-07-27-12--01--43 Colour Conversion Completed
INFO:root:2021-07-27-12--01--43 Sleep Check Completed
INFO:root:2021-07-27-12--01--43 Frame manipulations completed
INFO:root:2021-07-27-12--01--43 Bounding Box Drawn
INFO:root:2021-07-27-12--01--43 MovingFrameQueue Appended
INFO:root:2021-07-27-12--01--43 anomallyFrameTracker resetted to 200
INFO:root:2021-07-27-12--01--43 Colour Conversion Completed
INFO:root:2021-07-27-12--01--43 Sleep Check Completed
INFO:root:2021-07-27-12--01--43 Frame manipulations completed
INFO:root:2021-07-27-12--01--43 Bounding Box Drawn
INFO:root:2021-07-27-12--01--43 MovingFrameQueue Appended
INFO:root:2021-07-27-12--01--43 anomallyFrameTracker resetted to 200
INFO:root:2021-07-27-12--01--43 Colour Conversion Completed
INFO:root:2021-07-27-12--01--43 Sleep Check Completed
INFO:root:2021-07-27-12--01--43 Frame manipulations completed
INFO:root:2021-07-27-12--01--43 Bounding Box Drawn
INFO:root:2021-07-27-12--01--44 MovingFrameQueue Appended
INFO:root:2021-07-27-12--01--44 anomallyFrameTracker resetted to 200
INFO:root:2021-07-27-12--01--44 Colour Conversion Completed
INFO:root:2021-07-27-12--01--44 Sleep Check Completed
INFO:root:2021-07-27-12--01--44 Frame manipulations completed
INFO:root:2021-07-27-12--01--44 Bounding Box Drawn
INFO:root:2021-07-27-12--01--44 MovingFrameQueue Appended
INFO:root:2021-07-27-12--01--44 anomallyFrameTracker resetted to 200
INFO:root:2021-07-27-12--01--44 Colour Conversion Completed
INFO:root:2021-07-27-12--01--44 Sleep Check Completed
INFO:root:2021-07-27-12--01--44 Frame manipulations completed
INFO:root:2021-07-27-12--01--44 Bounding Box Drawn
INFO:root:2021-07-27-12--01--44 MovingFrameQueue Appended
INFO:root:2021-07-27-12--01--44 anomallyFrameTracker resetted to 200
INFO:root:2021-07-27-12--01--44 Colour Conversion Completed
INFO:root:2021-07-27-12--01--44 Sleep Check Completed
INFO:root:2021-07-27-12--01--44 Frame manipulations completed
INFO:root:2021-07-27-12--01--44 Bounding Box Drawn
INFO:root:2021-07-27-12--01--45 MovingFrameQueue Appended
INFO:root:2021-07-27-12--01--45 anomallyFrameTracker resetted to 200
INFO:root:2021-07-27-12--01--45 Colour Conversion Completed
INFO:root:2021-07-27-12--01--45 Sleep Check Completed
INFO:root:2021-07-27-12--01--45 Frame manipulations completed
INFO:root:2021-07-27-12--01--45 Bounding Box Drawn
INFO:root:2021-07-27-12--01--45 MovingFrameQueue Appended
INFO:root:2021-07-27-12--01--45 anomallyFrameTracker resetted to 200
INFO:root:2021-07-27-12--01--45 Colour Conversion Completed
INFO:root:2021-07-27-12--01--45 Sleep Check Completed
INFO:root:2021-07-27-12--01--45 Frame manipulations completed
INFO:root:2021-07-27-12--01--45 Bounding Box Drawn
INFO:root:2021-07-27-12--01--46 MovingFrameQueue Appended
INFO:root:2021-07-27-12--01--46 anomallyFrameTracker resetted to 200
INFO:root:2021-07-27-12--01--46 Colour Conversion Completed
INFO:root:2021-07-27-12--01--46 Sleep Check Completed
INFO:root:2021-07-27-12--01--46 Frame manipulations completed
INFO:root:2021-07-27-12--01--46 Bounding Box Drawn
INFO:root:2021-07-27-12--01--47 MovingFrameQueue Appended
INFO:root:2021-07-27-12--01--47 anomallyFrameTracker resetted to 200
INFO:root:2021-07-27-12--01--47 Colour Conversion Completed
INFO:root:2021-07-27-12--01--47 Sleep Check Completed
INFO:root:2021-07-27-12--01--47 Frame manipulations completed
INFO:root:2021-07-27-12--01--47 Bounding Box Drawn
INFO:root:2021-07-27-12--01--47 MovingFrameQueue Appended
INFO:root:2021-07-27-12--01--47 anomallyFrameTracker resetted to 200
INFO:root:2021-07-27-12--01--47 Colour Conversion Completed
INFO:root:2021-07-27-12--01--47 Sleep Check Completed
INFO:root:2021-07-27-12--01--47 Frame manipulations completed
INFO:root:2021-07-27-12--01--47 Bounding Box Drawn
INFO:root:2021-07-27-12--01--47 MovingFrameQueue Appended
INFO:root:2021-07-27-12--01--47 anomallyFrameTracker resetted to 200
INFO:root:2021-07-27-12--01--47 Colour Conversion Completed
INFO:root:2021-07-27-12--01--47 Sleep Check Completed
INFO:root:2021-07-27-12--01--47 Frame manipulations completed
INFO:root:2021-07-27-12--01--47 Bounding Box Drawn
INFO:root:2021-07-27-12--01--47 MovingFrameQueue Appended
INFO:root:2021-07-27-12--01--47 anomallyFrameTracker resetted to 200
INFO:root:2021-07-27-12--01--47 Colour Conversion Completed
INFO:root:2021-07-27-12--01--47 Sleep Check Completed
INFO:root:2021-07-27-12--01--47 Frame manipulations completed
INFO:root:2021-07-27-12--01--47 Bounding Box Drawn
INFO:root:2021-07-27-12--01--47 MovingFrameQueue Appended
INFO:root:2021-07-27-12--01--47 anomallyFrameTracker resetted to 200
INFO:root:2021-07-27-12--01--47 Colour Conversion Completed
INFO:root:2021-07-27-12--01--47 Sleep Check Completed
INFO:root:2021-07-27-12--01--47 Frame manipulations completed
INFO:root:2021-07-27-12--01--47 Bounding Box Drawn
INFO:root:2021-07-27-12--01--47 MovingFrameQueue Appended
INFO:root:2021-07-27-12--01--47 anomallyFrameTracker resetted to 200
INFO:root:2021-07-27-12--01--47 Colour Conversion Completed
INFO:root:2021-07-27-12--01--47 Sleep Check Completed
INFO:root:2021-07-27-12--01--47 Frame manipulations completed
INFO:root:2021-07-27-12--01--47 Bounding Box Drawn
INFO:root:2021-07-27-12--01--47 MovingFrameQueue Appended
INFO:root:2021-07-27-12--01--47 anomallyFrameTracker resetted to 200
INFO:root:2021-07-27-12--01--47 Colour Conversion Completed
INFO:root:2021-07-27-12--01--47 Sleep Check Completed
INFO:root:2021-07-27-12--01--47 Frame manipulations completed
INFO:root:2021-07-27-12--01--47 Bounding Box Drawn
INFO:root:2021-07-27-12--01--47 MovingFrameQueue Appended
INFO:root:2021-07-27-12--01--47 anomallyFrameTracker resetted to 200
INFO:root:2021-07-27-12--01--47 Colour Conversion Completed
INFO:root:2021-07-27-12--01--47 Sleep Check Completed
INFO:root:2021-07-27-12--01--47 Frame manipulations completed
INFO:root:2021-07-27-12--01--47 Bounding Box Drawn
INFO:root:2021-07-27-12--01--47 MovingFrameQueue Appended
INFO:root:2021-07-27-12--01--47 anomallyFrameTracker resetted to 200
INFO:root:2021-07-27-12--01--48 Colour Conversion Completed
INFO:root:2021-07-27-12--01--48 Sleep Check Completed
INFO:root:2021-07-27-12--01--48 Frame manipulations completed
INFO:root:2021-07-27-12--01--48 Bounding Box Drawn
INFO:root:2021-07-27-12--01--48 MovingFrameQueue Appended
INFO:root:2021-07-27-12--01--48 anomallyFrameTracker resetted to 200
INFO:root:2021-07-27-12--01--48 Colour Conversion Completed
INFO:root:2021-07-27-12--01--48 Sleep Check Completed
INFO:root:2021-07-27-12--01--48 Frame manipulations completed
INFO:root:2021-07-27-12--01--48 Bounding Box Drawn
INFO:root:2021-07-27-12--01--48 MovingFrameQueue Appended
INFO:root:2021-07-27-12--01--48 anomallyFrameTracker resetted to 200
INFO:root:2021-07-27-12--01--48 Colour Conversion Completed
INFO:root:2021-07-27-12--01--48 Sleep Check Completed
INFO:root:2021-07-27-12--01--48 Frame manipulations completed
INFO:root:2021-07-27-12--01--48 Bounding Box Drawn
INFO:root:2021-07-27-12--01--48 MovingFrameQueue Appended
INFO:root:2021-07-27-12--01--48 anomallyFrameTracker resetted to 200
INFO:root:2021-07-27-12--01--48 Colour Conversion Completed
INFO:root:2021-07-27-12--01--48 Sleep Check Completed
INFO:root:2021-07-27-12--01--48 Frame manipulations completed
INFO:root:2021-07-27-12--01--48 Bounding Box Drawn
INFO:root:2021-07-27-12--01--48 MovingFrameQueue Appended
INFO:root:2021-07-27-12--01--48 anomallyFrameTracker resetted to 200
INFO:root:2021-07-27-12--01--48 Colour Conversion Completed
INFO:root:2021-07-27-12--01--48 Sleep Check Completed
INFO:root:2021-07-27-12--01--48 Frame manipulations completed
INFO:root:2021-07-27-12--01--48 Bounding Box Drawn
INFO:root:2021-07-27-12--01--48 MovingFrameQueue Appended
INFO:root:2021-07-27-12--01--48 anomallyFrameTracker resetted to 200
INFO:root:2021-07-27-12--01--48 Colour Conversion Completed
INFO:root:2021-07-27-12--01--48 Sleep Check Completed
INFO:root:2021-07-27-12--01--48 Frame manipulations completed
INFO:root:2021-07-27-12--01--48 Bounding Box Drawn
INFO:root:2021-07-27-12--01--49 MovingFrameQueue Appended
INFO:root:2021-07-27-12--01--49 anomallyFrameTracker resetted to 200
INFO:root:2021-07-27-12--01--49 Colour Conversion Completed
INFO:root:2021-07-27-12--01--49 Sleep Check Completed
INFO:root:2021-07-27-12--01--49 Frame manipulations completed
INFO:root:2021-07-27-12--01--49 Bounding Box Drawn
INFO:root:2021-07-27-12--01--49 MovingFrameQueue Appended
INFO:root:2021-07-27-12--01--49 anomallyFrameTracker resetted to 200
INFO:root:2021-07-27-12--01--49 Colour Conversion Completed
INFO:root:2021-07-27-12--01--49 Sleep Check Completed
INFO:root:2021-07-27-12--01--49 Frame manipulations completed
INFO:root:2021-07-27-12--01--49 Bounding Box Drawn
INFO:root:2021-07-27-12--01--49 MovingFrameQueue Appended
INFO:root:2021-07-27-12--01--49 anomallyFrameTracker resetted to 200
INFO:root:2021-07-27-12--01--49 Colour Conversion Completed
INFO:root:2021-07-27-12--01--49 Sleep Check Completed
INFO:root:2021-07-27-12--01--49 Frame manipulations completed
INFO:root:2021-07-27-12--01--49 Bounding Box Drawn
INFO:root:2021-07-27-12--01--50 MovingFrameQueue Appended
INFO:root:2021-07-27-12--01--50 anomallyFrameTracker resetted to 200
INFO:root:2021-07-27-12--01--50 Colour Conversion Completed
INFO:root:2021-07-27-12--01--50 Sleep Check Completed
INFO:root:2021-07-27-12--01--50 Frame manipulations completed
INFO:root:2021-07-27-12--01--50 Bounding Box Drawn
INFO:root:2021-07-27-12--01--51 MovingFrameQueue Appended
INFO:root:2021-07-27-12--01--51 anomallyFrameTracker resetted to 200
INFO:root:2021-07-27-12--01--51 Colour Conversion Completed
INFO:root:2021-07-27-12--01--51 Sleep Check Completed
INFO:root:2021-07-27-12--01--51 Frame manipulations completed
INFO:root:2021-07-27-12--01--51 Bounding Box Drawn
INFO:root:2021-07-27-12--01--51 MovingFrameQueue Popped
INFO:root:2021-07-27-12--01--51 anomallyFrameTracker resetted to 200
INFO:root:2021-07-27-12--01--51 Colour Conversion Completed
INFO:root:2021-07-27-12--01--51 Sleep Check Completed
INFO:root:2021-07-27-12--01--51 Frame manipulations completed
INFO:root:2021-07-27-12--01--51 Bounding Box Drawn
INFO:root:2021-07-27-12--01--52 MovingFrameQueue Appended
INFO:root:2021-07-27-12--01--52 anomallyFrameTracker resetted to 200
INFO:root:2021-07-27-12--01--52 Colour Conversion Completed
INFO:root:2021-07-27-12--01--52 Sleep Check Completed
INFO:root:2021-07-27-12--01--52 Frame manipulations completed
INFO:root:2021-07-27-12--01--52 Bounding Box Drawn
INFO:root:2021-07-27-12--01--52 MovingFrameQueue Popped
INFO:root:2021-07-27-12--01--52 anomallyFrameTracker resetted to 200
INFO:root:2021-07-27-12--01--52 Colour Conversion Completed
INFO:root:2021-07-27-12--01--52 Sleep Check Completed
INFO:root:2021-07-27-12--01--52 Frame manipulations completed
INFO:root:2021-07-27-12--01--52 Bounding Box Drawn
INFO:root:2021-07-27-12--01--53 MovingFrameQueue Appended
INFO:root:2021-07-27-12--01--53 anomallyFrameTracker resetted to 200
INFO:root:2021-07-27-12--01--53 Colour Conversion Completed
INFO:root:2021-07-27-12--01--53 Sleep Check Completed
INFO:root:2021-07-27-12--01--53 Frame manipulations completed
INFO:root:2021-07-27-12--01--53 Bounding Box Drawn
INFO:root:2021-07-27-12--01--53 MovingFrameQueue Popped
INFO:root:2021-07-27-12--01--53 anomallyFrameTracker resetted to 200
INFO:root:2021-07-27-12--01--53 Colour Conversion Completed
INFO:root:2021-07-27-12--01--53 Sleep Check Completed
INFO:root:2021-07-27-12--01--53 Frame manipulations completed
INFO:root:2021-07-27-12--01--53 Bounding Box Drawn
INFO:root:2021-07-27-12--01--53 MovingFrameQueue Appended
INFO:root:2021-07-27-12--01--53 anomallyFrameTracker resetted to 200
INFO:root:2021-07-27-12--01--53 Colour Conversion Completed
INFO:root:2021-07-27-12--01--53 Sleep Check Completed
INFO:root:2021-07-27-12--01--53 Frame manipulations completed
INFO:root:2021-07-27-12--01--53 Bounding Box Drawn
INFO:root:2021-07-27-12--01--54 MovingFrameQueue Popped
INFO:root:2021-07-27-12--01--54 anomallyFrameTracker resetted to 200
INFO:root:2021-07-27-12--01--54 Colour Conversion Completed
INFO:root:2021-07-27-12--01--54 Sleep Check Completed
INFO:root:2021-07-27-12--01--54 Frame manipulations completed
INFO:root:2021-07-27-12--01--54 Bounding Box Drawn
INFO:root:2021-07-27-12--01--54 MovingFrameQueue Appended
INFO:root:2021-07-27-12--01--54 anomallyFrameTracker resetted to 200
INFO:root:2021-07-27-12--01--54 Colour Conversion Completed
INFO:root:2021-07-27-12--01--54 Sleep Check Completed
INFO:root:2021-07-27-12--01--54 Frame manipulations completed
INFO:root:2021-07-27-12--01--54 Bounding Box Drawn
INFO:root:2021-07-27-12--01--55 MovingFrameQueue Popped
INFO:root:2021-07-27-12--01--55 anomallyFrameTracker resetted to 200
INFO:root:2021-07-27-12--01--55 Colour Conversion Completed
INFO:root:2021-07-27-12--01--55 Sleep Check Completed
INFO:root:2021-07-27-12--01--55 Frame manipulations completed
INFO:root:2021-07-27-12--01--55 Bounding Box Drawn
INFO:root:2021-07-27-12--01--55 MovingFrameQueue Appended
INFO:root:2021-07-27-12--01--55 anomallyFrameTracker resetted to 200
INFO:root:2021-07-27-12--01--55 Colour Conversion Completed
INFO:root:2021-07-27-12--01--55 Sleep Check Completed
INFO:root:2021-07-27-12--01--55 Frame manipulations completed
INFO:root:2021-07-27-12--01--55 Bounding Box Drawn
INFO:root:2021-07-27-12--01--56 MovingFrameQueue Popped
INFO:root:2021-07-27-12--01--56 anomallyFrameTracker resetted to 200
INFO:root:2021-07-27-12--01--56 Colour Conversion Completed
INFO:root:2021-07-27-12--01--56 Sleep Check Completed
INFO:root:2021-07-27-12--01--56 Frame manipulations completed
INFO:root:2021-07-27-12--01--56 Bounding Box Drawn
INFO:root:2021-07-27-12--01--56 MovingFrameQueue Appended
INFO:root:2021-07-27-12--01--56 anomallyFrameTracker resetted to 200
INFO:root:2021-07-27-12--01--56 Colour Conversion Completed
INFO:root:2021-07-27-12--01--56 Sleep Check Completed
INFO:root:2021-07-27-12--01--56 Frame manipulations completed
INFO:root:2021-07-27-12--01--56 Bounding Box Drawn
INFO:root:2021-07-27-12--01--57 MovingFrameQueue Popped
INFO:root:2021-07-27-12--01--57 anomallyFrameTracker resetted to 200
INFO:root:2021-07-27-12--01--57 Colour Conversion Completed
INFO:root:2021-07-27-12--01--57 Sleep Check Completed
INFO:root:2021-07-27-12--01--57 Frame manipulations completed
INFO:root:2021-07-27-12--01--57 Bounding Box Drawn
INFO:root:2021-07-27-12--01--57 MovingFrameQueue Appended
INFO:root:2021-07-27-12--01--57 anomallyFrameTracker resetted to 200
INFO:root:2021-07-27-12--01--57 Colour Conversion Completed
INFO:root:2021-07-27-12--01--57 Sleep Check Completed
INFO:root:2021-07-27-12--01--57 Frame manipulations completed
INFO:root:2021-07-27-12--01--57 Bounding Box Drawn
INFO:root:2021-07-27-12--01--58 MovingFrameQueue Popped
INFO:root:2021-07-27-12--01--58 anomallyFrameTracker resetted to 200
INFO:root:2021-07-27-12--01--58 Colour Conversion Completed
INFO:root:2021-07-27-12--01--58 Sleep Check Completed
INFO:root:2021-07-27-12--01--58 Frame manipulations completed
INFO:root:2021-07-27-12--01--58 Bounding Box Drawn
INFO:root:2021-07-27-12--01--58 MovingFrameQueue Appended
INFO:root:2021-07-27-12--01--58 anomallyFrameTracker resetted to 200
INFO:root:2021-07-27-12--01--58 Colour Conversion Completed
INFO:root:2021-07-27-12--01--58 Sleep Check Completed
INFO:root:2021-07-27-12--01--58 Frame manipulations completed
INFO:root:2021-07-27-12--01--58 Bounding Box Drawn
INFO:root:2021-07-27-12--01--58 MovingFrameQueue Popped
INFO:root:2021-07-27-12--01--58 anomallyFrameTracker resetted to 200
INFO:root:2021-07-27-12--01--58 Colour Conversion Completed
INFO:root:2021-07-27-12--01--58 Sleep Check Completed
INFO:root:2021-07-27-12--01--58 Frame manipulations completed
INFO:root:2021-07-27-12--01--58 Bounding Box Drawn
INFO:root:2021-07-27-12--01--59 MovingFrameQueue Appended
INFO:root:2021-07-27-12--01--59 anomallyFrameTracker resetted to 200
INFO:root:2021-07-27-12--01--59 Colour Conversion Completed
INFO:root:2021-07-27-12--01--59 Sleep Check Completed
INFO:root:2021-07-27-12--01--59 Frame manipulations completed
INFO:root:2021-07-27-12--01--59 Bounding Box Drawn
INFO:root:2021-07-27-12--01--59 MovingFrameQueue Popped
INFO:root:2021-07-27-12--01--59 anomallyFrameTracker resetted to 200
INFO:root:2021-07-27-12--01--59 Colour Conversion Completed
INFO:root:2021-07-27-12--01--59 Sleep Check Completed
INFO:root:2021-07-27-12--01--59 Frame manipulations completed
INFO:root:2021-07-27-12--01--59 Bounding Box Drawn
INFO:root:2021-07-27-12--01--59 MovingFrameQueue Appended
INFO:root:2021-07-27-12--01--59 anomallyFrameTracker resetted to 200
INFO:root:2021-07-27-12--01--59 Colour Conversion Completed
INFO:root:2021-07-27-12--01--59 Sleep Check Completed
INFO:root:2021-07-27-12--01--59 Frame manipulations completed
INFO:root:2021-07-27-12--01--59 Bounding Box Drawn
INFO:root:2021-07-27-12--02--00 MovingFrameQueue Popped
INFO:root:2021-07-27-12--02--00 anomallyFrameTracker resetted to 200
INFO:root:2021-07-27-12--02--00 Colour Conversion Completed
INFO:root:2021-07-27-12--02--00 Sleep Check Completed
INFO:root:2021-07-27-12--02--00 Frame manipulations completed
INFO:root:2021-07-27-12--02--00 Bounding Box Drawn
INFO:root:2021-07-27-12--02--00 MovingFrameQueue Appended
INFO:root:2021-07-27-12--02--00 anomallyFrameTracker resetted to 200
INFO:root:2021-07-27-12--02--00 Colour Conversion Completed
INFO:root:2021-07-27-12--02--00 Sleep Check Completed
INFO:root:2021-07-27-12--02--00 Frame manipulations completed
INFO:root:2021-07-27-12--02--00 Bounding Box Drawn
INFO:root:2021-07-27-12--02--01 MovingFrameQueue Popped
INFO:root:2021-07-27-12--02--01 anomallyFrameTracker resetted to 200
INFO:root:2021-07-27-12--02--01 Colour Conversion Completed
INFO:root:2021-07-27-12--02--01 Sleep Check Completed
INFO:root:2021-07-27-12--02--01 Frame manipulations completed
INFO:root:2021-07-27-12--02--01 Bounding Box Drawn
INFO:root:2021-07-27-12--02--01 MovingFrameQueue Appended
INFO:root:2021-07-27-12--02--01 anomallyFrameTracker resetted to 200
INFO:root:2021-07-27-12--02--01 Colour Conversion Completed
INFO:root:2021-07-27-12--02--01 Sleep Check Completed
INFO:root:2021-07-27-12--02--01 Frame manipulations completed
INFO:root:2021-07-27-12--02--01 Bounding Box Drawn
INFO:root:2021-07-27-12--02--01 MovingFrameQueue Popped
INFO:root:2021-07-27-12--02--01 anomallyFrameTracker resetted to 200
INFO:root:2021-07-27-12--02--01 Colour Conversion Completed
INFO:root:2021-07-27-12--02--01 Sleep Check Completed
INFO:root:2021-07-27-12--02--01 Frame manipulations completed
INFO:root:2021-07-27-12--02--01 Bounding Box Drawn
INFO:root:2021-07-27-12--02--02 MovingFrameQueue Appended
INFO:root:2021-07-27-12--02--02 anomallyFrameTracker resetted to 200
INFO:root:2021-07-27-12--02--02 Colour Conversion Completed
INFO:root:2021-07-27-12--02--02 Sleep Check Completed
INFO:root:2021-07-27-12--02--02 Frame manipulations completed
INFO:root:2021-07-27-12--02--02 Bounding Box Drawn
INFO:root:2021-07-27-12--02--02 MovingFrameQueue Popped
INFO:root:2021-07-27-12--02--02 anomallyFrameTracker resetted to 200
INFO:root:2021-07-27-12--02--02 Colour Conversion Completed
INFO:root:2021-07-27-12--02--02 Sleep Check Completed
INFO:root:2021-07-27-12--02--02 Frame manipulations completed
INFO:root:2021-07-27-12--02--02 Bounding Box Drawn
INFO:root:2021-07-27-12--02--03 MovingFrameQueue Appended
INFO:root:2021-07-27-12--02--03 anomallyFrameTracker resetted to 200
INFO:root:2021-07-27-12--02--03 Colour Conversion Completed
INFO:root:2021-07-27-12--02--03 Sleep Check Completed
INFO:root:2021-07-27-12--02--03 Frame manipulations completed
INFO:root:2021-07-27-12--02--03 Bounding Box Drawn
INFO:root:2021-07-27-12--02--03 MovingFrameQueue Popped
INFO:root:2021-07-27-12--02--03 anomallyFrameTracker resetted to 200
INFO:root:2021-07-27-12--02--03 Colour Conversion Completed
INFO:root:2021-07-27-12--02--03 Sleep Check Completed
INFO:root:2021-07-27-12--02--03 Frame manipulations completed
INFO:root:2021-07-27-12--02--03 Bounding Box Drawn
INFO:root:2021-07-27-12--02--03 MovingFrameQueue Appended
INFO:root:2021-07-27-12--02--03 anomallyFrameTracker resetted to 200
INFO:root:2021-07-27-12--02--03 Colour Conversion Completed
INFO:root:2021-07-27-12--02--03 Sleep Check Completed
INFO:root:2021-07-27-12--02--03 Frame manipulations completed
INFO:root:2021-07-27-12--02--03 Bounding Box Drawn
INFO:root:2021-07-27-12--02--04 MovingFrameQueue Popped
INFO:root:2021-07-27-12--02--04 anomallyFrameTracker resetted to 200
INFO:root:2021-07-27-12--02--04 Colour Conversion Completed
INFO:root:2021-07-27-12--02--04 Sleep Check Completed
INFO:root:2021-07-27-12--02--04 Frame manipulations completed
INFO:root:2021-07-27-12--02--04 Bounding Box Drawn
INFO:root:2021-07-27-12--02--04 MovingFrameQueue Appended
INFO:root:2021-07-27-12--02--04 anomallyFrameTracker resetted to 200
INFO:root:2021-07-27-12--02--04 Colour Conversion Completed
INFO:root:2021-07-27-12--02--04 Sleep Check Completed
INFO:root:2021-07-27-12--02--04 Frame manipulations completed
INFO:root:2021-07-27-12--02--04 Bounding Box Drawn
INFO:root:2021-07-27-12--02--05 MovingFrameQueue Popped
INFO:root:2021-07-27-12--02--05 anomallyFrameTracker resetted to 200
INFO:root:2021-07-27-12--02--05 Colour Conversion Completed
INFO:root:2021-07-27-12--02--05 Sleep Check Completed
INFO:root:2021-07-27-12--02--05 Frame manipulations completed
INFO:root:2021-07-27-12--02--05 Bounding Box Drawn
INFO:root:2021-07-27-12--02--05 MovingFrameQueue Appended
INFO:root:2021-07-27-12--02--05 anomallyFrameTracker resetted to 200
INFO:root:2021-07-27-12--02--05 Colour Conversion Completed
INFO:root:2021-07-27-12--02--05 Sleep Check Completed
INFO:root:2021-07-27-12--02--05 Frame manipulations completed
INFO:root:2021-07-27-12--02--05 Bounding Box Drawn
INFO:root:2021-07-27-12--02--05 MovingFrameQueue Popped
INFO:root:2021-07-27-12--02--05 anomallyFrameTracker resetted to 200
INFO:root:2021-07-27-12--02--05 Colour Conversion Completed
INFO:root:2021-07-27-12--02--05 Sleep Check Completed
INFO:root:2021-07-27-12--02--05 Frame manipulations completed
INFO:root:2021-07-27-12--02--05 Bounding Box Drawn
INFO:root:2021-07-27-12--02--06 MovingFrameQueue Appended
INFO:root:2021-07-27-12--02--06 anomallyFrameTracker resetted to 200
INFO:root:2021-07-27-12--02--06 Colour Conversion Completed
INFO:root:2021-07-27-12--02--06 Sleep Check Completed
INFO:root:2021-07-27-12--02--06 Frame manipulations completed
INFO:root:2021-07-27-12--02--06 Bounding Box Drawn
INFO:root:2021-07-27-12--02--06 MovingFrameQueue Popped
INFO:root:2021-07-27-12--02--06 anomallyFrameTracker resetted to 200
INFO:root:2021-07-27-12--02--06 Colour Conversion Completed
INFO:root:2021-07-27-12--02--06 Sleep Check Completed
INFO:root:2021-07-27-12--02--06 Frame manipulations completed
INFO:root:2021-07-27-12--02--06 Bounding Box Drawn
INFO:root:2021-07-27-12--02--07 MovingFrameQueue Appended
INFO:root:2021-07-27-12--02--07 anomallyFrameTracker resetted to 200
INFO:root:2021-07-27-12--02--07 Colour Conversion Completed
INFO:root:2021-07-27-12--02--07 Sleep Check Completed
INFO:root:2021-07-27-12--02--07 Frame manipulations completed
INFO:root:2021-07-27-12--02--07 Bounding Box Drawn
INFO:root:2021-07-27-12--02--07 MovingFrameQueue Popped
INFO:root:2021-07-27-12--02--07 anomallyFrameTracker resetted to 200
INFO:root:2021-07-27-12--02--07 Colour Conversion Completed
INFO:root:2021-07-27-12--02--07 Sleep Check Completed
INFO:root:2021-07-27-12--02--07 Frame manipulations completed
INFO:root:2021-07-27-12--02--07 Bounding Box Drawn
INFO:root:2021-07-27-12--02--08 MovingFrameQueue Appended
INFO:root:2021-07-27-12--02--08 anomallyFrameTracker resetted to 200
INFO:root:2021-07-27-12--02--08 Colour Conversion Completed
INFO:root:2021-07-27-12--02--08 Sleep Check Completed
INFO:root:2021-07-27-12--02--08 Frame manipulations completed
INFO:root:2021-07-27-12--02--08 Bounding Box Drawn
INFO:root:2021-07-27-12--02--08 MovingFrameQueue Popped
INFO:root:2021-07-27-12--02--08 anomallyFrameTracker resetted to 200
INFO:root:2021-07-27-12--02--08 Colour Conversion Completed
INFO:root:2021-07-27-12--02--08 Sleep Check Completed
INFO:root:2021-07-27-12--02--08 Frame manipulations completed
INFO:root:2021-07-27-12--02--08 Bounding Box Drawn
INFO:root:2021-07-27-12--02--08 MovingFrameQueue Appended
INFO:root:2021-07-27-12--02--08 anomallyFrameTracker resetted to 200
INFO:root:2021-07-27-12--02--08 Colour Conversion Completed
INFO:root:2021-07-27-12--02--08 Sleep Check Completed
INFO:root:2021-07-27-12--02--08 Frame manipulations completed
INFO:root:2021-07-27-12--02--08 Bounding Box Drawn
INFO:root:2021-07-27-12--02--09 MovingFrameQueue Popped
INFO:root:2021-07-27-12--02--09 anomallyFrameTracker resetted to 200
INFO:root:2021-07-27-12--02--09 Colour Conversion Completed
INFO:root:2021-07-27-12--02--09 Sleep Check Completed
INFO:root:2021-07-27-12--02--09 Frame manipulations completed
INFO:root:2021-07-27-12--02--09 Bounding Box Drawn
INFO:root:2021-07-27-12--02--09 MovingFrameQueue Appended
INFO:root:2021-07-27-12--02--09 anomallyFrameTracker resetted to 200
INFO:root:2021-07-27-12--02--09 Colour Conversion Completed
INFO:root:2021-07-27-12--02--09 Sleep Check Completed
INFO:root:2021-07-27-12--02--09 Frame manipulations completed
INFO:root:2021-07-27-12--02--09 Bounding Box Drawn
INFO:root:2021-07-27-12--02--10 MovingFrameQueue Popped
INFO:root:2021-07-27-12--02--10 anomallyFrameTracker resetted to 200
INFO:root:2021-07-27-12--02--10 Colour Conversion Completed
INFO:root:2021-07-27-12--02--10 Sleep Check Completed
INFO:root:2021-07-27-12--02--10 Frame manipulations completed
INFO:root:2021-07-27-12--02--10 Bounding Box Drawn
INFO:root:2021-07-27-12--02--10 MovingFrameQueue Appended
INFO:root:2021-07-27-12--02--10 anomallyFrameTracker resetted to 200
INFO:root:2021-07-27-12--02--10 Colour Conversion Completed
INFO:root:2021-07-27-12--02--10 Sleep Check Completed
INFO:root:2021-07-27-12--02--10 Frame manipulations completed
INFO:root:2021-07-27-12--02--10 Bounding Box Drawn
INFO:root:2021-07-27-12--02--11 MovingFrameQueue Popped
INFO:root:2021-07-27-12--02--11 anomallyFrameTracker resetted to 200
INFO:root:2021-07-27-12--02--11 Colour Conversion Completed
INFO:root:2021-07-27-12--02--11 Sleep Check Completed
INFO:root:2021-07-27-12--02--11 Frame manipulations completed
INFO:root:2021-07-27-12--02--11 Bounding Box Drawn
INFO:root:2021-07-27-12--02--11 MovingFrameQueue Appended
INFO:root:2021-07-27-12--02--11 anomallyFrameTracker resetted to 200
INFO:root:2021-07-27-12--02--11 Colour Conversion Completed
INFO:root:2021-07-27-12--02--11 Sleep Check Completed
INFO:root:2021-07-27-12--02--11 Frame manipulations completed
INFO:root:2021-07-27-12--02--11 Bounding Box Drawn
INFO:root:2021-07-27-12--02--12 MovingFrameQueue Popped
INFO:root:2021-07-27-12--02--12 anomallyFrameTracker resetted to 200
INFO:root:2021-07-27-12--02--12 Colour Conversion Completed
INFO:root:2021-07-27-12--02--12 Sleep Check Completed
INFO:root:2021-07-27-12--02--12 Frame manipulations completed
INFO:root:2021-07-27-12--02--12 Bounding Box Drawn
INFO:root:2021-07-27-12--02--12 MovingFrameQueue Appended
INFO:root:2021-07-27-12--02--12 anomallyFrameTracker resetted to 200
INFO:root:2021-07-27-12--02--12 Colour Conversion Completed
INFO:root:2021-07-27-12--02--12 Sleep Check Completed
INFO:root:2021-07-27-12--02--12 Frame manipulations completed
INFO:root:2021-07-27-12--02--12 Bounding Box Drawn
INFO:root:2021-07-27-12--02--12 MovingFrameQueue Popped
INFO:root:2021-07-27-12--02--12 anomallyFrameTracker resetted to 200
INFO:root:2021-07-27-12--02--13 Colour Conversion Completed
INFO:root:2021-07-27-12--02--13 Sleep Check Completed
INFO:root:2021-07-27-12--02--13 Frame manipulations completed
INFO:root:2021-07-27-12--02--13 Bounding Box Drawn
INFO:root:2021-07-27-12--02--13 MovingFrameQueue Appended
INFO:root:2021-07-27-12--02--13 anomallyFrameTracker resetted to 200
INFO:root:2021-07-27-12--02--13 Colour Conversion Completed
INFO:root:2021-07-27-12--02--13 Sleep Check Completed
INFO:root:2021-07-27-12--02--13 Frame manipulations completed
INFO:root:2021-07-27-12--02--13 Bounding Box Drawn
INFO:root:2021-07-27-12--02--14 MovingFrameQueue Popped
INFO:root:2021-07-27-12--02--14 anomallyFrameTracker resetted to 200
INFO:root:2021-07-27-12--02--14 Colour Conversion Completed
INFO:root:2021-07-27-12--02--14 Sleep Check Completed
INFO:root:2021-07-27-12--02--14 Frame manipulations completed
INFO:root:2021-07-27-12--02--14 Bounding Box Drawn
INFO:root:2021-07-27-12--02--14 MovingFrameQueue Appended
INFO:root:2021-07-27-12--02--14 anomallyFrameTracker resetted to 200
INFO:root:2021-07-27-12--02--14 Colour Conversion Completed
INFO:root:2021-07-27-12--02--14 Sleep Check Completed
INFO:root:2021-07-27-12--02--14 Frame manipulations completed
INFO:root:2021-07-27-12--02--14 Bounding Box Drawn
INFO:root:2021-07-27-12--02--15 MovingFrameQueue Popped
INFO:root:2021-07-27-12--02--15 anomallyFrameTracker resetted to 200
INFO:root:2021-07-27-12--02--15 Colour Conversion Completed
INFO:root:2021-07-27-12--02--15 Sleep Check Completed
INFO:root:2021-07-27-12--02--15 Frame manipulations completed
INFO:root:2021-07-27-12--02--15 Bounding Box Drawn
INFO:root:2021-07-27-12--02--15 MovingFrameQueue Appended
INFO:root:2021-07-27-12--02--15 anomallyFrameTracker resetted to 200
INFO:root:2021-07-27-12--02--15 Colour Conversion Completed
INFO:root:2021-07-27-12--02--15 Sleep Check Completed
INFO:root:2021-07-27-12--02--15 Frame manipulations completed
INFO:root:2021-07-27-12--02--15 Bounding Box Drawn
INFO:root:2021-07-27-12--02--15 MovingFrameQueue Popped
INFO:root:2021-07-27-12--02--15 anomallyFrameTracker resetted to 200
INFO:root:2021-07-27-12--02--15 Colour Conversion Completed
INFO:root:2021-07-27-12--02--15 Sleep Check Completed
INFO:root:2021-07-27-12--02--15 Frame manipulations completed
INFO:root:2021-07-27-12--02--15 Bounding Box Drawn
INFO:root:2021-07-27-12--02--16 MovingFrameQueue Appended
INFO:root:2021-07-27-12--02--16 anomallyFrameTracker resetted to 200
INFO:root:2021-07-27-12--02--16 Colour Conversion Completed
INFO:root:2021-07-27-12--02--16 Sleep Check Completed
INFO:root:2021-07-27-12--02--16 Frame manipulations completed
INFO:root:2021-07-27-12--02--16 Bounding Box Drawn
INFO:root:2021-07-27-12--02--16 MovingFrameQueue Popped
INFO:root:2021-07-27-12--02--16 anomallyFrameTracker resetted to 200
INFO:root:2021-07-27-12--02--16 Colour Conversion Completed
INFO:root:2021-07-27-12--02--16 Sleep Check Completed
INFO:root:2021-07-27-12--02--16 Frame manipulations completed
INFO:root:2021-07-27-12--02--16 Bounding Box Drawn
INFO:root:2021-07-27-12--02--17 MovingFrameQueue Appended
INFO:root:2021-07-27-12--02--17 anomallyFrameTracker resetted to 200
INFO:root:2021-07-27-12--02--17 Colour Conversion Completed
INFO:root:2021-07-27-12--02--17 Sleep Check Completed
INFO:root:2021-07-27-12--02--17 Frame manipulations completed
INFO:root:2021-07-27-12--02--17 Bounding Box Drawn
INFO:root:2021-07-27-12--02--17 MovingFrameQueue Popped
INFO:root:2021-07-27-12--02--17 anomallyFrameTracker resetted to 200
INFO:root:2021-07-27-12--02--17 Colour Conversion Completed
INFO:root:2021-07-27-12--02--17 Sleep Check Completed
INFO:root:2021-07-27-12--02--17 Frame manipulations completed
INFO:root:2021-07-27-12--02--17 Bounding Box Drawn
INFO:root:2021-07-27-12--02--17 MovingFrameQueue Appended
INFO:root:2021-07-27-12--02--17 anomallyFrameTracker resetted to 200
INFO:root:2021-07-27-12--02--17 Colour Conversion Completed
INFO:root:2021-07-27-12--02--17 Sleep Check Completed
INFO:root:2021-07-27-12--02--17 Frame manipulations completed
INFO:root:2021-07-27-12--02--17 Bounding Box Drawn
INFO:root:2021-07-27-12--02--18 MovingFrameQueue Popped
INFO:root:2021-07-27-12--02--18 anomallyFrameTracker resetted to 200
INFO:root:2021-07-27-12--02--18 Colour Conversion Completed
INFO:root:2021-07-27-12--02--18 Sleep Check Completed
INFO:root:2021-07-27-12--02--18 Frame manipulations completed
INFO:root:2021-07-27-12--02--18 Bounding Box Drawn
INFO:root:2021-07-27-12--02--18 MovingFrameQueue Appended
INFO:root:2021-07-27-12--02--18 anomallyFrameTracker resetted to 200
INFO:root:2021-07-27-12--02--18 Colour Conversion Completed
INFO:root:2021-07-27-12--02--18 Sleep Check Completed
INFO:root:2021-07-27-12--02--18 Frame manipulations completed
INFO:root:2021-07-27-12--02--18 Bounding Box Drawn
INFO:root:2021-07-27-12--02--19 MovingFrameQueue Popped
INFO:root:2021-07-27-12--02--19 anomallyFrameTracker resetted to 200
INFO:root:2021-07-27-12--02--19 Colour Conversion Completed
INFO:root:2021-07-27-12--02--19 Sleep Check Completed
INFO:root:2021-07-27-12--02--19 Frame manipulations completed
INFO:root:2021-07-27-12--02--19 Bounding Box Drawn
INFO:root:2021-07-27-12--02--19 MovingFrameQueue Appended
INFO:root:2021-07-27-12--02--19 anomallyFrameTracker resetted to 200
INFO:root:2021-07-27-12--02--19 Colour Conversion Completed
INFO:root:2021-07-27-12--02--19 Sleep Check Completed
INFO:root:2021-07-27-12--02--19 Frame manipulations completed
INFO:root:2021-07-27-12--02--19 Bounding Box Drawn
INFO:root:2021-07-27-12--02--20 MovingFrameQueue Popped
INFO:root:2021-07-27-12--02--20 anomallyFrameTracker resetted to 200
INFO:root:2021-07-27-12--02--20 Colour Conversion Completed
INFO:root:2021-07-27-12--02--20 Sleep Check Completed
INFO:root:2021-07-27-12--02--20 Frame manipulations completed
INFO:root:2021-07-27-12--02--20 Bounding Box Drawn
INFO:root:2021-07-27-12--02--20 MovingFrameQueue Appended
INFO:root:2021-07-27-12--02--20 anomallyFrameTracker resetted to 200
INFO:root:2021-07-27-12--02--20 Colour Conversion Completed
INFO:root:2021-07-27-12--02--20 Sleep Check Completed
INFO:root:2021-07-27-12--02--20 Frame manipulations completed
INFO:root:2021-07-27-12--02--20 Bounding Box Drawn
INFO:root:2021-07-27-12--02--20 MovingFrameQueue Popped
INFO:root:2021-07-27-12--02--20 anomallyFrameTracker resetted to 200
INFO:root:2021-07-27-12--02--20 Colour Conversion Completed
INFO:root:2021-07-27-12--02--20 Sleep Check Completed
INFO:root:2021-07-27-12--02--20 Frame manipulations completed
INFO:root:2021-07-27-12--02--20 Bounding Box Drawn
INFO:root:2021-07-27-12--02--21 MovingFrameQueue Appended
INFO:root:2021-07-27-12--02--21 anomallyFrameTracker resetted to 200
INFO:root:2021-07-27-12--02--21 Colour Conversion Completed
INFO:root:2021-07-27-12--02--21 Sleep Check Completed
INFO:root:2021-07-27-12--02--21 Frame manipulations completed
INFO:root:2021-07-27-12--02--21 Bounding Box Drawn
INFO:root:2021-07-27-12--02--21 MovingFrameQueue Popped
INFO:root:2021-07-27-12--02--21 anomallyFrameTracker resetted to 200
INFO:root:2021-07-27-12--02--21 Colour Conversion Completed
INFO:root:2021-07-27-12--02--21 Sleep Check Completed
INFO:root:2021-07-27-12--02--21 Frame manipulations completed
INFO:root:2021-07-27-12--02--21 Bounding Box Drawn
INFO:root:2021-07-27-12--02--22 MovingFrameQueue Appended
INFO:root:2021-07-27-12--02--22 anomallyFrameTracker resetted to 200
INFO:root:2021-07-27-12--02--22 Colour Conversion Completed
INFO:root:2021-07-27-12--02--22 Sleep Check Completed
INFO:root:2021-07-27-12--02--22 Frame manipulations completed
INFO:root:2021-07-27-12--02--22 Bounding Box Drawn
INFO:root:2021-07-27-12--02--22 MovingFrameQueue Popped
INFO:root:2021-07-27-12--02--22 anomallyFrameTracker resetted to 200
INFO:root:2021-07-27-12--02--22 Colour Conversion Completed
INFO:root:2021-07-27-12--02--22 Sleep Check Completed
INFO:root:2021-07-27-12--02--22 Frame manipulations completed
INFO:root:2021-07-27-12--02--22 Bounding Box Drawn
INFO:root:2021-07-27-12--02--22 MovingFrameQueue Appended
INFO:root:2021-07-27-12--02--22 anomallyFrameTracker resetted to 200
INFO:root:2021-07-27-12--02--22 Colour Conversion Completed
INFO:root:2021-07-27-12--02--22 Sleep Check Completed
INFO:root:2021-07-27-12--02--22 Frame manipulations completed
INFO:root:2021-07-27-12--02--22 Bounding Box Drawn
INFO:root:2021-07-27-12--02--23 MovingFrameQueue Popped
INFO:root:2021-07-27-12--02--23 anomallyFrameTracker resetted to 200
INFO:root:2021-07-27-12--02--23 Colour Conversion Completed
INFO:root:2021-07-27-12--02--23 Sleep Check Completed
INFO:root:2021-07-27-12--02--23 Frame manipulations completed
INFO:root:2021-07-27-12--02--23 Bounding Box Drawn
INFO:root:2021-07-27-12--02--23 MovingFrameQueue Appended
INFO:root:2021-07-27-12--02--23 anomallyFrameTracker resetted to 200
INFO:root:2021-07-27-12--02--23 Colour Conversion Completed
INFO:root:2021-07-27-12--02--23 Sleep Check Completed
INFO:root:2021-07-27-12--02--23 Frame manipulations completed
INFO:root:2021-07-27-12--02--23 Bounding Box Drawn
INFO:root:2021-07-27-12--02--24 MovingFrameQueue Popped
INFO:root:2021-07-27-12--02--24 anomallyFrameTracker resetted to 200
INFO:root:2021-07-27-12--02--24 Colour Conversion Completed
INFO:root:2021-07-27-12--02--24 Sleep Check Completed
INFO:root:2021-07-27-12--02--24 Frame manipulations completed
INFO:root:2021-07-27-12--02--24 Bounding Box Drawn
INFO:root:2021-07-27-12--02--24 MovingFrameQueue Appended
INFO:root:2021-07-27-12--02--24 anomallyFrameTracker resetted to 200
INFO:root:2021-07-27-12--02--24 Colour Conversion Completed
INFO:root:2021-07-27-12--02--24 Sleep Check Completed
INFO:root:2021-07-27-12--02--24 Frame manipulations completed
INFO:root:2021-07-27-12--02--24 Bounding Box Drawn
INFO:root:2021-07-27-12--02--25 MovingFrameQueue Popped
INFO:root:2021-07-27-12--02--25 anomallyFrameTracker resetted to 200
INFO:root:2021-07-27-12--02--25 Colour Conversion Completed
INFO:root:2021-07-27-12--02--25 Sleep Check Completed
INFO:root:2021-07-27-12--02--25 Frame manipulations completed
INFO:root:2021-07-27-12--02--25 Bounding Box Drawn
INFO:root:2021-07-27-12--02--25 MovingFrameQueue Appended
INFO:root:2021-07-27-12--02--25 anomallyFrameTracker resetted to 200
INFO:root:2021-07-27-12--02--25 Colour Conversion Completed
INFO:root:2021-07-27-12--02--25 Sleep Check Completed
INFO:root:2021-07-27-12--02--25 Frame manipulations completed
INFO:root:2021-07-27-12--02--25 Bounding Box Drawn
INFO:root:2021-07-27-12--02--26 MovingFrameQueue Popped
INFO:root:2021-07-27-12--02--26 anomallyFrameTracker resetted to 200
INFO:root:2021-07-27-12--02--26 Colour Conversion Completed
INFO:root:2021-07-27-12--02--26 Sleep Check Completed
INFO:root:2021-07-27-12--02--26 Frame manipulations completed
INFO:root:2021-07-27-12--02--26 Bounding Box Drawn
INFO:root:2021-07-27-12--02--26 MovingFrameQueue Appended
INFO:root:2021-07-27-12--02--26 anomallyFrameTracker resetted to 200
INFO:root:2021-07-27-12--02--26 Colour Conversion Completed
INFO:root:2021-07-27-12--02--26 Sleep Check Completed
INFO:root:2021-07-27-12--02--26 Frame manipulations completed
INFO:root:2021-07-27-12--02--26 Bounding Box Drawn
INFO:root:2021-07-27-12--02--27 MovingFrameQueue Popped
INFO:root:2021-07-27-12--02--27 anomallyFrameTracker resetted to 200
INFO:root:2021-07-27-12--02--27 Colour Conversion Completed
INFO:root:2021-07-27-12--02--27 Sleep Check Completed
INFO:root:2021-07-27-12--02--27 Frame manipulations completed
INFO:root:2021-07-27-12--02--27 Bounding Box Drawn
INFO:root:2021-07-27-12--02--27 MovingFrameQueue Appended
INFO:root:2021-07-27-12--02--27 anomallyFrameTracker resetted to 200
INFO:root:2021-07-27-12--02--27 Colour Conversion Completed
INFO:root:2021-07-27-12--02--27 Sleep Check Completed
INFO:root:2021-07-27-12--02--27 Frame manipulations completed
INFO:root:2021-07-27-12--02--27 Bounding Box Drawn
INFO:root:2021-07-27-12--02--28 MovingFrameQueue Popped
INFO:root:2021-07-27-12--02--28 anomallyFrameTracker resetted to 200
INFO:root:2021-07-27-12--02--28 Colour Conversion Completed
INFO:root:2021-07-27-12--02--28 Sleep Check Completed
INFO:root:2021-07-27-12--02--28 Frame manipulations completed
INFO:root:2021-07-27-12--02--28 Bounding Box Drawn
INFO:root:2021-07-27-12--02--28 MovingFrameQueue Appended
INFO:root:2021-07-27-12--02--28 anomallyFrameTracker resetted to 200
INFO:root:2021-07-27-12--02--28 Colour Conversion Completed
INFO:root:2021-07-27-12--02--28 Sleep Check Completed
INFO:root:2021-07-27-12--02--28 Frame manipulations completed
INFO:root:2021-07-27-12--02--28 Bounding Box Drawn
INFO:root:2021-07-27-12--02--29 MovingFrameQueue Popped
INFO:root:2021-07-27-12--02--29 anomallyFrameTracker resetted to 200
INFO:root:2021-07-27-12--02--29 Colour Conversion Completed
INFO:root:2021-07-27-12--02--29 Sleep Check Completed
INFO:root:2021-07-27-12--02--29 Frame manipulations completed
INFO:root:2021-07-27-12--02--29 Bounding Box Drawn
INFO:root:2021-07-27-12--02--29 MovingFrameQueue Appended
INFO:root:2021-07-27-12--02--29 anomallyFrameTracker resetted to 200
INFO:root:2021-07-27-12--02--29 Colour Conversion Completed
INFO:root:2021-07-27-12--02--29 Sleep Check Completed
INFO:root:2021-07-27-12--02--29 Frame manipulations completed
INFO:root:2021-07-27-12--02--29 Bounding Box Drawn
INFO:root:2021-07-27-12--02--30 MovingFrameQueue Popped
INFO:root:2021-07-27-12--02--30 anomallyFrameTracker resetted to 200
INFO:root:2021-07-27-12--02--30 Colour Conversion Completed
INFO:root:2021-07-27-12--02--30 Sleep Check Completed
INFO:root:2021-07-27-12--02--30 Frame manipulations completed
INFO:root:2021-07-27-12--02--30 Bounding Box Drawn
INFO:root:2021-07-27-12--02--30 MovingFrameQueue Appended
INFO:root:2021-07-27-12--02--30 anomallyFrameTracker resetted to 200
INFO:root:2021-07-27-12--02--30 Colour Conversion Completed
INFO:root:2021-07-27-12--02--30 Sleep Check Completed
INFO:root:2021-07-27-12--02--30 Frame manipulations completed
INFO:root:2021-07-27-12--02--30 Bounding Box Drawn
INFO:root:2021-07-27-12--02--30 MovingFrameQueue Popped
INFO:root:2021-07-27-12--02--30 anomallyFrameTracker resetted to 200
INFO:root:2021-07-27-12--02--30 Colour Conversion Completed
INFO:root:2021-07-27-12--02--30 Sleep Check Completed
INFO:root:2021-07-27-12--02--30 Frame manipulations completed
INFO:root:2021-07-27-12--02--30 Bounding Box Drawn
INFO:root:2021-07-27-12--02--31 MovingFrameQueue Appended
INFO:root:2021-07-27-12--02--31 anomallyFrameTracker resetted to 200
INFO:root:2021-07-27-12--02--31 Colour Conversion Completed
INFO:root:2021-07-27-12--02--31 Sleep Check Completed
INFO:root:2021-07-27-12--02--31 Frame manipulations completed
INFO:root:2021-07-27-12--02--31 Bounding Box Drawn
INFO:root:2021-07-27-12--02--31 MovingFrameQueue Popped
INFO:root:2021-07-27-12--02--31 anomallyFrameTracker resetted to 200
INFO:root:2021-07-27-12--02--31 Colour Conversion Completed
INFO:root:2021-07-27-12--02--31 Sleep Check Completed
INFO:root:2021-07-27-12--02--31 Frame manipulations completed
INFO:root:2021-07-27-12--02--31 Bounding Box Drawn
INFO:root:2021-07-27-12--02--32 MovingFrameQueue Appended
INFO:root:2021-07-27-12--02--32 anomallyFrameTracker resetted to 200
INFO:root:2021-07-27-12--02--32 Colour Conversion Completed
INFO:root:2021-07-27-12--02--32 Sleep Check Completed
INFO:root:2021-07-27-12--02--32 Frame manipulations completed
INFO:root:2021-07-27-12--02--32 Bounding Box Drawn
INFO:root:2021-07-27-12--02--32 MovingFrameQueue Popped
INFO:root:2021-07-27-12--02--32 anomallyFrameTracker resetted to 200
INFO:root:2021-07-27-12--02--32 Colour Conversion Completed
INFO:root:2021-07-27-12--02--32 Sleep Check Completed
INFO:root:2021-07-27-12--02--32 Frame manipulations completed
INFO:root:2021-07-27-12--02--32 Bounding Box Drawn
INFO:root:2021-07-27-12--02--33 MovingFrameQueue Appended
INFO:root:2021-07-27-12--02--33 anomallyFrameTracker resetted to 200
INFO:root:2021-07-27-12--02--33 Colour Conversion Completed
INFO:root:2021-07-27-12--02--33 Sleep Check Completed
INFO:root:2021-07-27-12--02--33 Frame manipulations completed
INFO:root:2021-07-27-12--02--33 Bounding Box Drawn
INFO:root:2021-07-27-12--02--33 MovingFrameQueue Popped
INFO:root:2021-07-27-12--02--33 anomallyFrameTracker resetted to 200
INFO:root:2021-07-27-12--02--33 Colour Conversion Completed
INFO:root:2021-07-27-12--02--33 Sleep Check Completed
INFO:root:2021-07-27-12--02--33 Frame manipulations completed
INFO:root:2021-07-27-12--02--33 Bounding Box Drawn
INFO:root:2021-07-27-12--02--34 MovingFrameQueue Appended
INFO:root:2021-07-27-12--02--34 anomallyFrameTracker resetted to 200
INFO:root:2021-07-27-12--02--34 Colour Conversion Completed
INFO:root:2021-07-27-12--02--34 Sleep Check Completed
INFO:root:2021-07-27-12--02--34 Frame manipulations completed
INFO:root:2021-07-27-12--02--34 Bounding Box Drawn
INFO:root:2021-07-27-12--02--34 MovingFrameQueue Popped
INFO:root:2021-07-27-12--02--34 anomallyFrameTracker resetted to 200
INFO:root:2021-07-27-12--02--34 Colour Conversion Completed
INFO:root:2021-07-27-12--02--34 Sleep Check Completed
INFO:root:2021-07-27-12--02--34 Frame manipulations completed
INFO:root:2021-07-27-12--02--34 Bounding Box Drawn
INFO:root:2021-07-27-12--02--35 MovingFrameQueue Appended
INFO:root:2021-07-27-12--02--35 anomallyFrameTracker resetted to 200
INFO:root:2021-07-27-12--02--35 Colour Conversion Completed
INFO:root:2021-07-27-12--02--35 Sleep Check Completed
INFO:root:2021-07-27-12--02--35 Frame manipulations completed
INFO:root:2021-07-27-12--02--35 Bounding Box Drawn
INFO:root:2021-07-27-12--02--35 MovingFrameQueue Popped
INFO:root:2021-07-27-12--02--35 anomallyFrameTracker resetted to 200
INFO:root:2021-07-27-12--02--35 Colour Conversion Completed
INFO:root:2021-07-27-12--02--35 Sleep Check Completed
INFO:root:2021-07-27-12--02--35 Frame manipulations completed
INFO:root:2021-07-27-12--02--35 Bounding Box Drawn
INFO:root:2021-07-27-12--02--36 MovingFrameQueue Appended
INFO:root:2021-07-27-12--02--36 anomallyFrameTracker resetted to 200
INFO:root:2021-07-27-12--02--36 Colour Conversion Completed
INFO:root:2021-07-27-12--02--36 Sleep Check Completed
INFO:root:2021-07-27-12--02--36 Frame manipulations completed
INFO:root:2021-07-27-12--02--36 Bounding Box Drawn
INFO:root:2021-07-27-12--02--36 MovingFrameQueue Popped
INFO:root:2021-07-27-12--02--36 anomallyFrameTracker resetted to 200
INFO:root:2021-07-27-12--02--36 Colour Conversion Completed
INFO:root:2021-07-27-12--02--36 Sleep Check Completed
INFO:root:2021-07-27-12--02--36 Frame manipulations completed
INFO:root:2021-07-27-12--02--36 Bounding Box Drawn
INFO:root:2021-07-27-12--02--37 MovingFrameQueue Appended
INFO:root:2021-07-27-12--02--37 anomallyFrameTracker resetted to 200
INFO:root:2021-07-27-12--02--37 Colour Conversion Completed
INFO:root:2021-07-27-12--02--37 Sleep Check Completed
INFO:root:2021-07-27-12--02--37 Frame manipulations completed
INFO:root:2021-07-27-12--02--37 Bounding Box Drawn
INFO:root:2021-07-27-12--02--37 MovingFrameQueue Popped
INFO:root:2021-07-27-12--02--37 anomallyFrameTracker resetted to 200
INFO:root:2021-07-27-12--02--37 Colour Conversion Completed
INFO:root:2021-07-27-12--02--37 Sleep Check Completed
INFO:root:2021-07-27-12--02--37 Frame manipulations completed
INFO:root:2021-07-27-12--02--37 Bounding Box Drawn
INFO:root:2021-07-27-12--02--37 MovingFrameQueue Appended
INFO:root:2021-07-27-12--02--37 anomallyFrameTracker resetted to 200
INFO:root:2021-07-27-12--02--37 Colour Conversion Completed
INFO:root:2021-07-27-12--02--37 Sleep Check Completed
INFO:root:2021-07-27-12--02--37 Frame manipulations completed
INFO:root:2021-07-27-12--02--37 Bounding Box Drawn
INFO:root:2021-07-27-12--02--38 MovingFrameQueue Popped
INFO:root:2021-07-27-12--02--38 anomallyFrameTracker resetted to 200
INFO:root:2021-07-27-12--02--38 Colour Conversion Completed
INFO:root:2021-07-27-12--02--38 Sleep Check Completed
INFO:root:2021-07-27-12--02--38 Frame manipulations completed
INFO:root:2021-07-27-12--02--38 Bounding Box Drawn
INFO:root:2021-07-27-12--02--39 MovingFrameQueue Appended
INFO:root:2021-07-27-12--02--39 anomallyFrameTracker resetted to 200
INFO:root:2021-07-27-12--02--39 Colour Conversion Completed
INFO:root:2021-07-27-12--02--39 Sleep Check Completed
INFO:root:2021-07-27-12--02--39 Frame manipulations completed
INFO:root:2021-07-27-12--02--39 Bounding Box Drawn
INFO:root:2021-07-27-12--02--39 MovingFrameQueue Popped
INFO:root:2021-07-27-12--02--39 anomallyFrameTracker resetted to 200
INFO:root:2021-07-27-12--02--39 Colour Conversion Completed
INFO:root:2021-07-27-12--02--39 Sleep Check Completed
INFO:root:2021-07-27-12--02--39 Frame manipulations completed
INFO:root:2021-07-27-12--02--39 Bounding Box Drawn
INFO:root:2021-07-27-12--02--39 MovingFrameQueue Appended
INFO:root:2021-07-27-12--02--39 anomallyFrameTracker resetted to 200
INFO:root:2021-07-27-12--02--39 Colour Conversion Completed
INFO:root:2021-07-27-12--02--39 Sleep Check Completed
INFO:root:2021-07-27-12--02--39 Frame manipulations completed
INFO:root:2021-07-27-12--02--39 Bounding Box Drawn
INFO:root:2021-07-27-12--02--40 MovingFrameQueue Popped
INFO:root:2021-07-27-12--02--40 anomallyFrameTracker resetted to 200
INFO:root:2021-07-27-12--02--40 Colour Conversion Completed
INFO:root:2021-07-27-12--02--40 Sleep Check Completed
INFO:root:2021-07-27-12--02--40 Frame manipulations completed
INFO:root:2021-07-27-12--02--40 Bounding Box Drawn
INFO:root:2021-07-27-12--02--40 MovingFrameQueue Appended
INFO:root:2021-07-27-12--02--40 anomallyFrameTracker resetted to 200
INFO:root:2021-07-27-12--02--40 Colour Conversion Completed
INFO:root:2021-07-27-12--02--40 Sleep Check Completed
INFO:root:2021-07-27-12--02--40 Frame manipulations completed
INFO:root:2021-07-27-12--02--40 Bounding Box Drawn
INFO:root:2021-07-27-12--02--41 MovingFrameQueue Popped
INFO:root:2021-07-27-12--02--41 anomallyFrameTracker resetted to 200
INFO:root:2021-07-27-12--02--41 Colour Conversion Completed
INFO:root:2021-07-27-12--02--41 Sleep Check Completed
INFO:root:2021-07-27-12--02--41 Frame manipulations completed
INFO:root:2021-07-27-12--02--41 Bounding Box Drawn
INFO:root:2021-07-27-12--02--42 MovingFrameQueue Appended
INFO:root:2021-07-27-12--02--42 anomallyFrameTracker resetted to 200
INFO:root:2021-07-27-12--02--42 Colour Conversion Completed
INFO:root:2021-07-27-12--02--42 Sleep Check Completed
INFO:root:2021-07-27-12--02--42 Frame manipulations completed
INFO:root:2021-07-27-12--02--42 Bounding Box Drawn
INFO:root:2021-07-27-12--02--42 MovingFrameQueue Popped
INFO:root:2021-07-27-12--02--42 anomallyFrameTracker resetted to 200
INFO:root:2021-07-27-12--02--43 Colour Conversion Completed
INFO:root:2021-07-27-12--02--43 Sleep Check Completed
INFO:root:2021-07-27-12--02--43 Frame manipulations completed
INFO:root:2021-07-27-12--02--43 Bounding Box Drawn
INFO:root:2021-07-27-12--02--43 MovingFrameQueue Appended
INFO:root:2021-07-27-12--02--43 anomallyFrameTracker resetted to 200
INFO:root:2021-07-27-12--02--43 Colour Conversion Completed
INFO:root:2021-07-27-12--02--44 Sleep Check Completed
INFO:root:2021-07-27-12--02--44 Frame manipulations completed
INFO:root:2021-07-27-12--02--44 Bounding Box Drawn
INFO:root:2021-07-27-12--02--44 MovingFrameQueue Popped
INFO:root:2021-07-27-12--02--44 anomallyFrameTracker resetted to 200
INFO:root:2021-07-27-12--02--44 Colour Conversion Completed
INFO:root:2021-07-27-12--02--44 Sleep Check Completed
INFO:root:2021-07-27-12--02--44 Frame manipulations completed
INFO:root:2021-07-27-12--02--44 Bounding Box Drawn
INFO:root:2021-07-27-12--02--45 MovingFrameQueue Appended
INFO:root:2021-07-27-12--02--45 anomallyFrameTracker resetted to 200
INFO:root:2021-07-27-12--02--45 Colour Conversion Completed
INFO:root:2021-07-27-12--02--45 Sleep Check Completed
INFO:root:2021-07-27-12--02--45 Frame manipulations completed
INFO:root:2021-07-27-12--02--45 Bounding Box Drawn
INFO:root:2021-07-27-12--02--45 MovingFrameQueue Popped
INFO:root:2021-07-27-12--02--45 anomallyFrameTracker resetted to 200
INFO:root:2021-07-27-12--02--45 Colour Conversion Completed
INFO:root:2021-07-27-12--02--45 Sleep Check Completed
INFO:root:2021-07-27-12--02--45 Frame manipulations completed
INFO:root:2021-07-27-12--02--45 Bounding Box Drawn
INFO:root:2021-07-27-12--02--45 MovingFrameQueue Appended
INFO:root:2021-07-27-12--02--45 anomallyFrameTracker resetted to 200
INFO:root:2021-07-27-12--02--45 Colour Conversion Completed
INFO:root:2021-07-27-12--02--45 Sleep Check Completed
INFO:root:2021-07-27-12--02--45 Frame manipulations completed
INFO:root:2021-07-27-12--02--45 Bounding Box Drawn
INFO:root:2021-07-27-12--02--46 MovingFrameQueue Popped
INFO:root:2021-07-27-12--02--46 anomallyFrameTracker resetted to 200
INFO:root:2021-07-27-12--02--46 Colour Conversion Completed
INFO:root:2021-07-27-12--02--46 Sleep Check Completed
INFO:root:2021-07-27-12--02--46 Frame manipulations completed
INFO:root:2021-07-27-12--02--46 Bounding Box Drawn
INFO:root:2021-07-27-12--02--46 MovingFrameQueue Appended
INFO:root:2021-07-27-12--02--46 anomallyFrameTracker resetted to 200
INFO:root:2021-07-27-12--02--46 Colour Conversion Completed
INFO:root:2021-07-27-12--02--46 Sleep Check Completed
INFO:root:2021-07-27-12--02--46 Frame manipulations completed
INFO:root:2021-07-27-12--02--46 Bounding Box Drawn
INFO:root:2021-07-27-12--02--47 MovingFrameQueue Popped
INFO:root:2021-07-27-12--02--47 anomallyFrameTracker resetted to 200
INFO:root:2021-07-27-12--02--47 Colour Conversion Completed
INFO:root:2021-07-27-12--02--47 Sleep Check Completed
INFO:root:2021-07-27-12--02--47 Frame manipulations completed
INFO:root:2021-07-27-12--02--47 Bounding Box Drawn
INFO:root:2021-07-27-12--02--47 MovingFrameQueue Appended
INFO:root:2021-07-27-12--02--47 anomallyFrameTracker resetted to 200
INFO:root:2021-07-27-12--02--47 Colour Conversion Completed
INFO:root:2021-07-27-12--02--47 Sleep Check Completed
INFO:root:2021-07-27-12--02--47 Frame manipulations completed
INFO:root:2021-07-27-12--02--47 Bounding Box Drawn
INFO:root:2021-07-27-12--02--48 MovingFrameQueue Popped
INFO:root:2021-07-27-12--02--48 anomallyFrameTracker resetted to 200
INFO:root:2021-07-27-12--02--48 Colour Conversion Completed
INFO:root:2021-07-27-12--02--48 Sleep Check Completed
INFO:root:2021-07-27-12--02--48 Frame manipulations completed
INFO:root:2021-07-27-12--02--48 Bounding Box Drawn
INFO:root:2021-07-27-12--02--48 MovingFrameQueue Appended
INFO:root:2021-07-27-12--02--48 anomallyFrameTracker resetted to 200
INFO:root:2021-07-27-12--02--48 Colour Conversion Completed
INFO:root:2021-07-27-12--02--48 Sleep Check Completed
INFO:root:2021-07-27-12--02--48 Frame manipulations completed
INFO:root:2021-07-27-12--02--48 Bounding Box Drawn
INFO:root:2021-07-27-12--02--49 MovingFrameQueue Popped
INFO:root:2021-07-27-12--02--49 anomallyFrameTracker resetted to 200
INFO:root:2021-07-27-12--02--49 Colour Conversion Completed
INFO:root:2021-07-27-12--02--49 Sleep Check Completed
INFO:root:2021-07-27-12--02--49 Frame manipulations completed
INFO:root:2021-07-27-12--02--49 Bounding Box Drawn
INFO:root:2021-07-27-12--02--49 MovingFrameQueue Appended
INFO:root:2021-07-27-12--02--49 anomallyFrameTracker resetted to 200
INFO:root:2021-07-27-12--02--49 Colour Conversion Completed
INFO:root:2021-07-27-12--02--49 Sleep Check Completed
INFO:root:2021-07-27-12--02--49 Frame manipulations completed
INFO:root:2021-07-27-12--02--49 Bounding Box Drawn
INFO:root:2021-07-27-12--02--50 MovingFrameQueue Popped
INFO:root:2021-07-27-12--02--50 anomallyFrameTracker resetted to 200
INFO:root:2021-07-27-12--02--50 Colour Conversion Completed
INFO:root:2021-07-27-12--02--50 Sleep Check Completed
INFO:root:2021-07-27-12--02--50 Frame manipulations completed
INFO:root:2021-07-27-12--02--50 Bounding Box Drawn
INFO:root:2021-07-27-12--02--50 MovingFrameQueue Appended
INFO:root:2021-07-27-12--02--50 anomallyFrameTracker resetted to 200
INFO:root:2021-07-27-12--02--50 Colour Conversion Completed
INFO:root:2021-07-27-12--02--50 Sleep Check Completed
INFO:root:2021-07-27-12--02--50 Frame manipulations completed
INFO:root:2021-07-27-12--02--50 Bounding Box Drawn
INFO:root:2021-07-27-12--02--50 MovingFrameQueue Popped
INFO:root:2021-07-27-12--02--50 anomallyFrameTracker resetted to 200
INFO:root:2021-07-27-12--02--50 Colour Conversion Completed
INFO:root:2021-07-27-12--02--50 Sleep Check Completed
INFO:root:2021-07-27-12--02--50 Frame manipulations completed
INFO:root:2021-07-27-12--02--50 Bounding Box Drawn
INFO:root:2021-07-27-12--02--51 MovingFrameQueue Appended
INFO:root:2021-07-27-12--02--51 anomallyFrameTracker resetted to 200
INFO:root:2021-07-27-12--02--51 Colour Conversion Completed
INFO:root:2021-07-27-12--02--51 Sleep Check Completed
INFO:root:2021-07-27-12--02--51 Frame manipulations completed
INFO:root:2021-07-27-12--02--51 Bounding Box Drawn
INFO:root:2021-07-27-12--02--51 MovingFrameQueue Popped
INFO:root:2021-07-27-12--02--51 anomallyFrameTracker resetted to 200
INFO:root:2021-07-27-12--02--51 Colour Conversion Completed
INFO:root:2021-07-27-12--02--51 Sleep Check Completed
INFO:root:2021-07-27-12--02--51 Frame manipulations completed
INFO:root:2021-07-27-12--02--51 Bounding Box Drawn
INFO:root:2021-07-27-12--02--52 MovingFrameQueue Appended
INFO:root:2021-07-27-12--02--52 anomallyFrameTracker resetted to 200
INFO:root:2021-07-27-12--02--52 Colour Conversion Completed
INFO:root:2021-07-27-12--02--52 Sleep Check Completed
INFO:root:2021-07-27-12--02--52 Frame manipulations completed
INFO:root:2021-07-27-12--02--52 Bounding Box Drawn
INFO:root:2021-07-27-12--02--52 MovingFrameQueue Popped
INFO:root:2021-07-27-12--02--52 anomallyFrameTracker resetted to 200
INFO:root:2021-07-27-12--02--52 Colour Conversion Completed
INFO:root:2021-07-27-12--02--52 Sleep Check Completed
INFO:root:2021-07-27-12--02--52 Frame manipulations completed
INFO:root:2021-07-27-12--02--52 Bounding Box Drawn
INFO:root:2021-07-27-12--02--52 MovingFrameQueue Appended
INFO:root:2021-07-27-12--02--52 anomallyFrameTracker resetted to 200
INFO:root:2021-07-27-12--02--52 Colour Conversion Completed
INFO:root:2021-07-27-12--02--52 Sleep Check Completed
INFO:root:2021-07-27-12--02--52 Frame manipulations completed
INFO:root:2021-07-27-12--02--52 Bounding Box Drawn
INFO:root:2021-07-27-12--02--53 MovingFrameQueue Popped
INFO:root:2021-07-27-12--02--53 anomallyFrameTracker resetted to 200
INFO:root:2021-07-27-12--02--53 Colour Conversion Completed
INFO:root:2021-07-27-12--02--53 Sleep Check Completed
INFO:root:2021-07-27-12--02--53 Frame manipulations completed
INFO:root:2021-07-27-12--02--53 Bounding Box Drawn
INFO:root:2021-07-27-12--02--53 MovingFrameQueue Appended
INFO:root:2021-07-27-12--02--53 anomallyFrameTracker resetted to 200
INFO:root:2021-07-27-12--02--53 Colour Conversion Completed
INFO:root:2021-07-27-12--02--53 Sleep Check Completed
INFO:root:2021-07-27-12--02--53 Frame manipulations completed
INFO:root:2021-07-27-12--02--53 Bounding Box Drawn
INFO:root:2021-07-27-12--02--54 MovingFrameQueue Popped
INFO:root:2021-07-27-12--02--54 anomallyFrameTracker resetted to 200
INFO:root:2021-07-27-12--02--54 Colour Conversion Completed
INFO:root:2021-07-27-12--02--54 Sleep Check Completed
INFO:root:2021-07-27-12--02--54 Frame manipulations completed
INFO:root:2021-07-27-12--02--54 Bounding Box Drawn
INFO:root:2021-07-27-12--02--54 MovingFrameQueue Appended
INFO:root:2021-07-27-12--02--54 anomallyFrameTracker resetted to 200
INFO:root:2021-07-27-12--02--54 Colour Conversion Completed
INFO:root:2021-07-27-12--02--54 Sleep Check Completed
INFO:root:2021-07-27-12--02--54 Frame manipulations completed
INFO:root:2021-07-27-12--02--54 Bounding Box Drawn
INFO:root:2021-07-27-12--02--55 MovingFrameQueue Popped
INFO:root:2021-07-27-12--02--55 anomallyFrameTracker resetted to 200
INFO:root:2021-07-27-12--02--55 Colour Conversion Completed
INFO:root:2021-07-27-12--02--55 Sleep Check Completed
INFO:root:2021-07-27-12--02--55 Frame manipulations completed
INFO:root:2021-07-27-12--02--55 Bounding Box Drawn
INFO:root:2021-07-27-12--02--55 MovingFrameQueue Appended
INFO:root:2021-07-27-12--02--55 anomallyFrameTracker resetted to 200
INFO:root:2021-07-27-12--02--55 Colour Conversion Completed
INFO:root:2021-07-27-12--02--55 Sleep Check Completed
INFO:root:2021-07-27-12--02--55 Frame manipulations completed
INFO:root:2021-07-27-12--02--55 Bounding Box Drawn
INFO:root:2021-07-27-12--02--55 MovingFrameQueue Popped
INFO:root:2021-07-27-12--02--55 anomallyFrameTracker resetted to 200
INFO:root:2021-07-27-12--02--55 Colour Conversion Completed
INFO:root:2021-07-27-12--02--55 Sleep Check Completed
INFO:root:2021-07-27-12--02--55 Frame manipulations completed
INFO:root:2021-07-27-12--02--55 Bounding Box Drawn
INFO:root:2021-07-27-12--02--56 MovingFrameQueue Appended
INFO:root:2021-07-27-12--02--56 anomallyFrameTracker resetted to 200
INFO:root:2021-07-27-12--02--56 Colour Conversion Completed
INFO:root:2021-07-27-12--02--56 Sleep Check Completed
INFO:root:2021-07-27-12--02--56 Frame manipulations completed
INFO:root:2021-07-27-12--02--56 Bounding Box Drawn
INFO:root:2021-07-27-12--02--56 MovingFrameQueue Popped
INFO:root:2021-07-27-12--02--56 anomallyFrameTracker resetted to 200
INFO:root:2021-07-27-12--02--56 Colour Conversion Completed
INFO:root:2021-07-27-12--02--56 Sleep Check Completed
INFO:root:2021-07-27-12--02--56 Frame manipulations completed
INFO:root:2021-07-27-12--02--56 Bounding Box Drawn
INFO:root:2021-07-27-12--02--57 MovingFrameQueue Appended
INFO:root:2021-07-27-12--02--57 anomallyFrameTracker resetted to 200
INFO:root:2021-07-27-12--02--57 Colour Conversion Completed
INFO:root:2021-07-27-12--02--57 Sleep Check Completed
INFO:root:2021-07-27-12--02--57 Frame manipulations completed
INFO:root:2021-07-27-12--02--57 Bounding Box Drawn
INFO:root:2021-07-27-12--02--57 MovingFrameQueue Popped
INFO:root:2021-07-27-12--02--57 anomallyFrameTracker resetted to 200
INFO:root:2021-07-27-12--02--57 Colour Conversion Completed
INFO:root:2021-07-27-12--02--57 Sleep Check Completed
INFO:root:2021-07-27-12--02--57 Frame manipulations completed
INFO:root:2021-07-27-12--02--57 Bounding Box Drawn
INFO:root:2021-07-27-12--02--58 MovingFrameQueue Appended
INFO:root:2021-07-27-12--02--58 anomallyFrameTracker resetted to 200
INFO:root:2021-07-27-12--02--58 Colour Conversion Completed
INFO:root:2021-07-27-12--02--58 Sleep Check Completed
INFO:root:2021-07-27-12--02--58 Frame manipulations completed
INFO:root:2021-07-27-12--02--58 Bounding Box Drawn
INFO:root:2021-07-27-12--02--58 MovingFrameQueue Popped
INFO:root:2021-07-27-12--02--58 anomallyFrameTracker resetted to 200
INFO:root:2021-07-27-12--02--58 Colour Conversion Completed
INFO:root:2021-07-27-12--02--58 Sleep Check Completed
INFO:root:2021-07-27-12--02--58 Frame manipulations completed
INFO:root:2021-07-27-12--02--58 Bounding Box Drawn
INFO:root:2021-07-27-12--02--59 MovingFrameQueue Appended
INFO:root:2021-07-27-12--02--59 anomallyFrameTracker resetted to 200
INFO:root:2021-07-27-12--02--59 Colour Conversion Completed
INFO:root:2021-07-27-12--02--59 Sleep Check Completed
INFO:root:2021-07-27-12--02--59 Frame manipulations completed
INFO:root:2021-07-27-12--02--59 Bounding Box Drawn
INFO:root:2021-07-27-12--02--59 MovingFrameQueue Popped
INFO:root:2021-07-27-12--02--59 anomallyFrameTracker resetted to 200
INFO:root:2021-07-27-12--02--59 Colour Conversion Completed
INFO:root:2021-07-27-12--02--59 Sleep Check Completed
INFO:root:2021-07-27-12--02--59 Frame manipulations completed
INFO:root:2021-07-27-12--02--59 Bounding Box Drawn
INFO:root:2021-07-27-12--03--00 MovingFrameQueue Appended
INFO:root:2021-07-27-12--03--00 anomallyFrameTracker resetted to 200
INFO:root:2021-07-27-12--03--00 Colour Conversion Completed
INFO:root:2021-07-27-12--03--00 Sleep Check Completed
INFO:root:2021-07-27-12--03--00 Frame manipulations completed
INFO:root:2021-07-27-12--03--00 Bounding Box Drawn
INFO:root:2021-07-27-12--03--00 MovingFrameQueue Popped
INFO:root:2021-07-27-12--03--00 anomallyFrameTracker resetted to 200
INFO:root:2021-07-27-12--03--00 Colour Conversion Completed
INFO:root:2021-07-27-12--03--00 Sleep Check Completed
INFO:root:2021-07-27-12--03--00 Frame manipulations completed
INFO:root:2021-07-27-12--03--00 Bounding Box Drawn
INFO:root:2021-07-27-12--03--00 MovingFrameQueue Appended
INFO:root:2021-07-27-12--03--00 anomallyFrameTracker resetted to 200
INFO:root:2021-07-27-12--03--00 Colour Conversion Completed
INFO:root:2021-07-27-12--03--00 Sleep Check Completed
INFO:root:2021-07-27-12--03--00 Frame manipulations completed
INFO:root:2021-07-27-12--03--00 Bounding Box Drawn
INFO:root:2021-07-27-12--03--01 MovingFrameQueue Popped
INFO:root:2021-07-27-12--03--01 anomallyFrameTracker resetted to 200
INFO:root:2021-07-27-12--03--01 Colour Conversion Completed
INFO:root:2021-07-27-12--03--01 Sleep Check Completed
INFO:root:2021-07-27-12--03--01 Frame manipulations completed
INFO:root:2021-07-27-12--03--01 Bounding Box Drawn
INFO:root:2021-07-27-12--03--01 MovingFrameQueue Appended
INFO:root:2021-07-27-12--03--01 anomallyFrameTracker resetted to 200
INFO:root:2021-07-27-12--03--01 Colour Conversion Completed
INFO:root:2021-07-27-12--03--01 Sleep Check Completed
INFO:root:2021-07-27-12--03--01 Frame manipulations completed
INFO:root:2021-07-27-12--03--01 Bounding Box Drawn
INFO:root:2021-07-27-12--03--02 MovingFrameQueue Popped
INFO:root:2021-07-27-12--03--02 anomallyFrameTracker resetted to 200
INFO:root:2021-07-27-12--03--02 Colour Conversion Completed
INFO:root:2021-07-27-12--03--02 Sleep Check Completed
INFO:root:2021-07-27-12--03--02 Frame manipulations completed
INFO:root:2021-07-27-12--03--02 Bounding Box Drawn
INFO:root:2021-07-27-12--03--02 MovingFrameQueue Appended
INFO:root:2021-07-27-12--03--02 anomallyFrameTracker resetted to 200
INFO:root:2021-07-27-12--03--02 Colour Conversion Completed
INFO:root:2021-07-27-12--03--02 Sleep Check Completed
INFO:root:2021-07-27-12--03--02 Frame manipulations completed
INFO:root:2021-07-27-12--03--02 Bounding Box Drawn
INFO:root:2021-07-27-12--03--03 MovingFrameQueue Popped
INFO:root:2021-07-27-12--03--03 anomallyFrameTracker resetted to 200
INFO:root:2021-07-27-12--03--03 Colour Conversion Completed
INFO:root:2021-07-27-12--03--03 Sleep Check Completed
INFO:root:2021-07-27-12--03--03 Frame manipulations completed
INFO:root:2021-07-27-12--03--03 Bounding Box Drawn
INFO:root:2021-07-27-12--03--03 MovingFrameQueue Appended
INFO:root:2021-07-27-12--03--03 anomallyFrameTracker resetted to 200
INFO:root:2021-07-27-12--03--03 Colour Conversion Completed
INFO:root:2021-07-27-12--03--03 Sleep Check Completed
INFO:root:2021-07-27-12--03--03 Frame manipulations completed
INFO:root:2021-07-27-12--03--03 Bounding Box Drawn
INFO:root:2021-07-27-12--03--04 MovingFrameQueue Popped
INFO:root:2021-07-27-12--03--04 anomallyFrameTracker resetted to 200
INFO:root:2021-07-27-12--03--04 Colour Conversion Completed
INFO:root:2021-07-27-12--03--04 Sleep Check Completed
INFO:root:2021-07-27-12--03--04 Frame manipulations completed
INFO:root:2021-07-27-12--03--04 Bounding Box Drawn
INFO:root:2021-07-27-12--03--04 MovingFrameQueue Appended
INFO:root:2021-07-27-12--03--04 anomallyFrameTracker resetted to 200
INFO:root:2021-07-27-12--03--04 Colour Conversion Completed
INFO:root:2021-07-27-12--03--04 Sleep Check Completed
INFO:root:2021-07-27-12--03--04 Frame manipulations completed
INFO:root:2021-07-27-12--03--04 Bounding Box Drawn
INFO:root:2021-07-27-12--03--05 MovingFrameQueue Popped
INFO:root:2021-07-27-12--03--05 anomallyFrameTracker resetted to 200
INFO:root:2021-07-27-12--03--05 Colour Conversion Completed
INFO:root:2021-07-27-12--03--05 Sleep Check Completed
INFO:root:2021-07-27-12--03--05 Frame manipulations completed
INFO:root:2021-07-27-12--03--05 Bounding Box Drawn
INFO:root:2021-07-27-12--03--05 MovingFrameQueue Appended
INFO:root:2021-07-27-12--03--05 anomallyFrameTracker resetted to 200
INFO:root:2021-07-27-12--03--05 Colour Conversion Completed
INFO:root:2021-07-27-12--03--05 Sleep Check Completed
INFO:root:2021-07-27-12--03--05 Frame manipulations completed
INFO:root:2021-07-27-12--03--05 Bounding Box Drawn
INFO:root:2021-07-27-12--03--06 MovingFrameQueue Popped
INFO:root:2021-07-27-12--03--06 anomallyFrameTracker resetted to 200
INFO:root:2021-07-27-12--03--06 Colour Conversion Completed
INFO:root:2021-07-27-12--03--06 Sleep Check Completed
INFO:root:2021-07-27-12--03--06 Frame manipulations completed
INFO:root:2021-07-27-12--03--06 Bounding Box Drawn
INFO:root:2021-07-27-12--03--06 MovingFrameQueue Appended
INFO:root:2021-07-27-12--03--06 anomallyFrameTracker resetted to 200
INFO:root:2021-07-27-12--03--06 Colour Conversion Completed
INFO:root:2021-07-27-12--03--06 Sleep Check Completed
INFO:root:2021-07-27-12--03--06 Frame manipulations completed
INFO:root:2021-07-27-12--03--06 Bounding Box Drawn
INFO:root:2021-07-27-12--03--07 MovingFrameQueue Popped
INFO:root:2021-07-27-12--03--07 anomallyFrameTracker resetted to 200
INFO:root:2021-07-27-12--03--07 Colour Conversion Completed
INFO:root:2021-07-27-12--03--07 Sleep Check Completed
INFO:root:2021-07-27-12--03--07 Frame manipulations completed
INFO:root:2021-07-27-12--03--07 Bounding Box Drawn
INFO:root:2021-07-27-12--03--07 MovingFrameQueue Appended
INFO:root:2021-07-27-12--03--07 anomallyFrameTracker resetted to 200
INFO:root:2021-07-27-12--03--07 Colour Conversion Completed
INFO:root:2021-07-27-12--03--07 Sleep Check Completed
INFO:root:2021-07-27-12--03--07 Frame manipulations completed
INFO:root:2021-07-27-12--03--07 Bounding Box Drawn
INFO:root:2021-07-27-12--03--07 MovingFrameQueue Popped
INFO:root:2021-07-27-12--03--07 anomallyFrameTracker resetted to 200
INFO:root:2021-07-27-12--03--07 Colour Conversion Completed
INFO:root:2021-07-27-12--03--08 Sleep Check Completed
INFO:root:2021-07-27-12--03--08 Frame manipulations completed
INFO:root:2021-07-27-12--03--08 Bounding Box Drawn
INFO:root:2021-07-27-12--03--08 MovingFrameQueue Appended
INFO:root:2021-07-27-12--03--08 anomallyFrameTracker resetted to 200
INFO:root:2021-07-27-12--03--08 Colour Conversion Completed
INFO:root:2021-07-27-12--03--08 Sleep Check Completed
INFO:root:2021-07-27-12--03--08 Frame manipulations completed
INFO:root:2021-07-27-12--03--08 Bounding Box Drawn
INFO:root:2021-07-27-12--03--08 MovingFrameQueue Popped
INFO:root:2021-07-27-12--03--08 anomallyFrameTracker resetted to 200
INFO:root:2021-07-27-12--03--08 Colour Conversion Completed
INFO:root:2021-07-27-12--03--08 Sleep Check Completed
INFO:root:2021-07-27-12--03--08 Frame manipulations completed
INFO:root:2021-07-27-12--03--08 Bounding Box Drawn
INFO:root:2021-07-27-12--03--09 MovingFrameQueue Appended
INFO:root:2021-07-27-12--03--09 anomallyFrameTracker resetted to 200
INFO:root:2021-07-27-12--03--09 Colour Conversion Completed
INFO:root:2021-07-27-12--03--09 Sleep Check Completed
INFO:root:2021-07-27-12--03--09 Frame manipulations completed
INFO:root:2021-07-27-12--03--09 Bounding Box Drawn
INFO:root:2021-07-27-12--03--09 MovingFrameQueue Popped
INFO:root:2021-07-27-12--03--09 anomallyFrameTracker resetted to 200
INFO:root:2021-07-27-12--03--09 Colour Conversion Completed
INFO:root:2021-07-27-12--03--09 Sleep Check Completed
INFO:root:2021-07-27-12--03--09 Frame manipulations completed
INFO:root:2021-07-27-12--03--09 Bounding Box Drawn
INFO:root:2021-07-27-12--03--09 MovingFrameQueue Appended
INFO:root:2021-07-27-12--03--09 anomallyFrameTracker resetted to 200
INFO:root:2021-07-27-12--03--09 Colour Conversion Completed
INFO:root:2021-07-27-12--03--09 Sleep Check Completed
INFO:root:2021-07-27-12--03--09 Frame manipulations completed
INFO:root:2021-07-27-12--03--09 Bounding Box Drawn
INFO:root:2021-07-27-12--03--09 MovingFrameQueue Popped
INFO:root:2021-07-27-12--03--09 anomallyFrameTracker resetted to 200
INFO:root:2021-07-27-12--03--09 Colour Conversion Completed
INFO:root:2021-07-27-12--03--09 Sleep Check Completed
INFO:root:2021-07-27-12--03--09 Frame manipulations completed
INFO:root:2021-07-27-12--03--09 Bounding Box Drawn
INFO:root:2021-07-27-12--03--10 MovingFrameQueue Appended
INFO:root:2021-07-27-12--03--10 anomallyFrameTracker resetted to 200
INFO:root:2021-07-27-12--03--10 Colour Conversion Completed
INFO:root:2021-07-27-12--03--10 Sleep Check Completed
INFO:root:2021-07-27-12--03--10 Frame manipulations completed
INFO:root:2021-07-27-12--03--10 Bounding Box Drawn
INFO:root:2021-07-27-12--03--10 MovingFrameQueue Popped
INFO:root:2021-07-27-12--03--10 anomallyFrameTracker resetted to 200
INFO:root:2021-07-27-12--03--10 Colour Conversion Completed
INFO:root:2021-07-27-12--03--10 Sleep Check Completed
INFO:root:2021-07-27-12--03--10 Frame manipulations completed
INFO:root:2021-07-27-12--03--10 Bounding Box Drawn
INFO:root:2021-07-27-12--03--11 MovingFrameQueue Appended
INFO:root:2021-07-27-12--03--11 anomallyFrameTracker resetted to 200
INFO:root:2021-07-27-12--03--11 Colour Conversion Completed
INFO:root:2021-07-27-12--03--11 Sleep Check Completed
INFO:root:2021-07-27-12--03--11 Frame manipulations completed
INFO:root:2021-07-27-12--03--11 Bounding Box Drawn
INFO:root:2021-07-27-12--03--11 MovingFrameQueue Popped
INFO:root:2021-07-27-12--03--11 anomallyFrameTracker resetted to 200
INFO:root:2021-07-27-12--03--11 Colour Conversion Completed
INFO:root:2021-07-27-12--03--11 Sleep Check Completed
INFO:root:2021-07-27-12--03--11 Frame manipulations completed
INFO:root:2021-07-27-12--03--11 Bounding Box Drawn
INFO:root:2021-07-27-12--03--11 MovingFrameQueue Appended
INFO:root:2021-07-27-12--03--11 anomallyFrameTracker resetted to 200
INFO:root:2021-07-27-12--03--11 Colour Conversion Completed
INFO:root:2021-07-27-12--03--11 Sleep Check Completed
INFO:root:2021-07-27-12--03--11 Frame manipulations completed
INFO:root:2021-07-27-12--03--11 Bounding Box Drawn
INFO:root:2021-07-27-12--03--12 MovingFrameQueue Popped
INFO:root:2021-07-27-12--03--12 anomallyFrameTracker resetted to 200
INFO:root:2021-07-27-12--03--12 Colour Conversion Completed
INFO:root:2021-07-27-12--03--12 Sleep Check Completed
INFO:root:2021-07-27-12--03--12 Frame manipulations completed
INFO:root:2021-07-27-12--03--12 Bounding Box Drawn
INFO:root:2021-07-27-12--03--12 MovingFrameQueue Appended
INFO:root:2021-07-27-12--03--12 anomallyFrameTracker resetted to 200
INFO:root:2021-07-27-12--03--12 Colour Conversion Completed
INFO:root:2021-07-27-12--03--12 Sleep Check Completed
INFO:root:2021-07-27-12--03--12 Frame manipulations completed
INFO:root:2021-07-27-12--03--12 Bounding Box Drawn
INFO:root:2021-07-27-12--03--13 MovingFrameQueue Popped
INFO:root:2021-07-27-12--03--13 anomallyFrameTracker resetted to 200
INFO:root:2021-07-27-12--03--13 Colour Conversion Completed
INFO:root:2021-07-27-12--03--13 Sleep Check Completed
INFO:root:2021-07-27-12--03--13 Frame manipulations completed
INFO:root:2021-07-27-12--03--13 Bounding Box Drawn
INFO:root:2021-07-27-12--03--13 MovingFrameQueue Appended
INFO:root:2021-07-27-12--03--13 anomallyFrameTracker resetted to 200
INFO:root:2021-07-27-12--03--13 Colour Conversion Completed
INFO:root:2021-07-27-12--03--13 Sleep Check Completed
INFO:root:2021-07-27-12--03--13 Frame manipulations completed
INFO:root:2021-07-27-12--03--13 Bounding Box Drawn
INFO:root:2021-07-27-12--03--14 MovingFrameQueue Popped
INFO:root:2021-07-27-12--03--14 anomallyFrameTracker resetted to 200
INFO:root:2021-07-27-12--03--14 Colour Conversion Completed
INFO:root:2021-07-27-12--03--14 Sleep Check Completed
INFO:root:2021-07-27-12--03--14 Frame manipulations completed
INFO:root:2021-07-27-12--03--14 Bounding Box Drawn
INFO:root:2021-07-27-12--03--14 MovingFrameQueue Appended
INFO:root:2021-07-27-12--03--14 anomallyFrameTracker resetted to 200
INFO:root:2021-07-27-12--03--14 Colour Conversion Completed
INFO:root:2021-07-27-12--03--14 Sleep Check Completed
INFO:root:2021-07-27-12--03--14 Frame manipulations completed
INFO:root:2021-07-27-12--03--14 Bounding Box Drawn
INFO:root:2021-07-27-12--03--15 MovingFrameQueue Popped
INFO:root:2021-07-27-12--03--15 anomallyFrameTracker resetted to 200
INFO:root:2021-07-27-12--03--15 Colour Conversion Completed
INFO:root:2021-07-27-12--03--15 Sleep Check Completed
INFO:root:2021-07-27-12--03--15 Frame manipulations completed
INFO:root:2021-07-27-12--03--15 Bounding Box Drawn
INFO:root:2021-07-27-12--03--15 MovingFrameQueue Appended
INFO:root:2021-07-27-12--03--15 anomallyFrameTracker resetted to 200
INFO:root:2021-07-27-12--03--15 Colour Conversion Completed
INFO:root:2021-07-27-12--03--15 Sleep Check Completed
INFO:root:2021-07-27-12--03--15 Frame manipulations completed
INFO:root:2021-07-27-12--03--15 Bounding Box Drawn
INFO:root:2021-07-27-12--03--16 MovingFrameQueue Popped
INFO:root:2021-07-27-12--03--16 anomallyFrameTracker resetted to 200
INFO:root:2021-07-27-12--03--16 Colour Conversion Completed
INFO:root:2021-07-27-12--03--16 Sleep Check Completed
INFO:root:2021-07-27-12--03--16 Frame manipulations completed
INFO:root:2021-07-27-12--03--16 Bounding Box Drawn
INFO:root:2021-07-27-12--03--16 MovingFrameQueue Appended
INFO:root:2021-07-27-12--03--16 anomallyFrameTracker resetted to 200
INFO:root:2021-07-27-12--03--16 Colour Conversion Completed
INFO:root:2021-07-27-12--03--16 Sleep Check Completed
INFO:root:2021-07-27-12--03--16 Frame manipulations completed
INFO:root:2021-07-27-12--03--16 Bounding Box Drawn
INFO:root:2021-07-27-12--03--17 MovingFrameQueue Popped
INFO:root:2021-07-27-12--03--17 anomallyFrameTracker resetted to 200
INFO:root:2021-07-27-12--03--17 Colour Conversion Completed
INFO:root:2021-07-27-12--03--17 Sleep Check Completed
INFO:root:2021-07-27-12--03--17 Frame manipulations completed
INFO:root:2021-07-27-12--03--17 Bounding Box Drawn
INFO:root:2021-07-27-12--03--17 MovingFrameQueue Appended
INFO:root:2021-07-27-12--03--17 anomallyFrameTracker resetted to 200
INFO:root:2021-07-27-12--03--17 Colour Conversion Completed
INFO:root:2021-07-27-12--03--17 Sleep Check Completed
INFO:root:2021-07-27-12--03--17 Frame manipulations completed
INFO:root:2021-07-27-12--03--17 Bounding Box Drawn
INFO:root:2021-07-27-12--03--17 MovingFrameQueue Popped
INFO:root:2021-07-27-12--03--17 anomallyFrameTracker resetted to 200
INFO:root:2021-07-27-12--03--17 Colour Conversion Completed
INFO:root:2021-07-27-12--03--17 Sleep Check Completed
INFO:root:2021-07-27-12--03--17 Frame manipulations completed
INFO:root:2021-07-27-12--03--17 Bounding Box Drawn
INFO:root:2021-07-27-12--03--18 MovingFrameQueue Appended
INFO:root:2021-07-27-12--03--18 anomallyFrameTracker resetted to 200
INFO:root:2021-07-27-12--03--18 Colour Conversion Completed
INFO:root:2021-07-27-12--03--18 Sleep Check Completed
INFO:root:2021-07-27-12--03--18 Frame manipulations completed
INFO:root:2021-07-27-12--03--18 Bounding Box Drawn
INFO:root:2021-07-27-12--03--18 MovingFrameQueue Popped
INFO:root:2021-07-27-12--03--18 anomallyFrameTracker resetted to 200
INFO:root:2021-07-27-12--03--18 Colour Conversion Completed
INFO:root:2021-07-27-12--03--18 Sleep Check Completed
INFO:root:2021-07-27-12--03--18 Frame manipulations completed
INFO:root:2021-07-27-12--03--18 Bounding Box Drawn
INFO:root:2021-07-27-12--03--19 MovingFrameQueue Appended
INFO:root:2021-07-27-12--03--19 anomallyFrameTracker resetted to 200
INFO:root:2021-07-27-12--03--19 Colour Conversion Completed
INFO:root:2021-07-27-12--03--19 Sleep Check Completed
INFO:root:2021-07-27-12--03--19 Frame manipulations completed
INFO:root:2021-07-27-12--03--19 Bounding Box Drawn
INFO:root:2021-07-27-12--03--19 MovingFrameQueue Popped
INFO:root:2021-07-27-12--03--19 anomallyFrameTracker resetted to 200
INFO:root:2021-07-27-12--03--19 Colour Conversion Completed
INFO:root:2021-07-27-12--03--19 Sleep Check Completed
INFO:root:2021-07-27-12--03--19 Frame manipulations completed
INFO:root:2021-07-27-12--03--19 Bounding Box Drawn
INFO:root:2021-07-27-12--03--20 MovingFrameQueue Appended
INFO:root:2021-07-27-12--03--20 anomallyFrameTracker resetted to 200
INFO:root:2021-07-27-12--03--20 Colour Conversion Completed
INFO:root:2021-07-27-12--03--20 Sleep Check Completed
INFO:root:2021-07-27-12--03--20 Frame manipulations completed
INFO:root:2021-07-27-12--03--20 Bounding Box Drawn
INFO:root:2021-07-27-12--03--20 MovingFrameQueue Popped
INFO:root:2021-07-27-12--03--20 anomallyFrameTracker resetted to 200
INFO:root:2021-07-27-12--03--20 Colour Conversion Completed
INFO:root:2021-07-27-12--03--20 Sleep Check Completed
INFO:root:2021-07-27-12--03--20 Frame manipulations completed
INFO:root:2021-07-27-12--03--20 Bounding Box Drawn
INFO:root:2021-07-27-12--03--21 MovingFrameQueue Appended
INFO:root:2021-07-27-12--03--21 anomallyFrameTracker resetted to 200
INFO:root:2021-07-27-12--03--21 Colour Conversion Completed
INFO:root:2021-07-27-12--03--21 Sleep Check Completed
INFO:root:2021-07-27-12--03--21 Frame manipulations completed
INFO:root:2021-07-27-12--03--21 Bounding Box Drawn
INFO:root:2021-07-27-12--03--21 MovingFrameQueue Popped
INFO:root:2021-07-27-12--03--21 anomallyFrameTracker resetted to 200
INFO:root:2021-07-27-12--03--21 Colour Conversion Completed
INFO:root:2021-07-27-12--03--21 Sleep Check Completed
INFO:root:2021-07-27-12--03--21 Frame manipulations completed
INFO:root:2021-07-27-12--03--21 Bounding Box Drawn
INFO:root:2021-07-27-12--03--22 MovingFrameQueue Appended
INFO:root:2021-07-27-12--03--22 anomallyFrameTracker resetted to 200
INFO:root:2021-07-27-12--03--22 Colour Conversion Completed
INFO:root:2021-07-27-12--03--22 Sleep Check Completed
INFO:root:2021-07-27-12--03--22 Frame manipulations completed
INFO:root:2021-07-27-12--03--22 Bounding Box Drawn
INFO:root:2021-07-27-12--03--23 MovingFrameQueue Popped
INFO:root:2021-07-27-12--03--23 anomallyFrameTracker resetted to 200
INFO:root:2021-07-27-12--03--23 Colour Conversion Completed
INFO:root:2021-07-27-12--03--23 Sleep Check Completed
INFO:root:2021-07-27-12--03--23 Frame manipulations completed
INFO:root:2021-07-27-12--03--23 Bounding Box Drawn
INFO:root:2021-07-27-12--03--23 MovingFrameQueue Appended
INFO:root:2021-07-27-12--03--23 anomallyFrameTracker resetted to 200
INFO:root:2021-07-27-12--03--23 Colour Conversion Completed
INFO:root:2021-07-27-12--03--23 Sleep Check Completed
INFO:root:2021-07-27-12--03--23 Frame manipulations completed
INFO:root:2021-07-27-12--03--23 Bounding Box Drawn
INFO:root:2021-07-27-12--03--23 MovingFrameQueue Popped
INFO:root:2021-07-27-12--03--23 anomallyFrameTracker resetted to 200
INFO:root:2021-07-27-12--03--23 Colour Conversion Completed
INFO:root:2021-07-27-12--03--23 Sleep Check Completed
INFO:root:2021-07-27-12--03--23 Frame manipulations completed
INFO:root:2021-07-27-12--03--23 Bounding Box Drawn
INFO:root:2021-07-27-12--03--24 MovingFrameQueue Appended
INFO:root:2021-07-27-12--03--24 anomallyFrameTracker resetted to 200
INFO:root:2021-07-27-12--03--24 Colour Conversion Completed
INFO:root:2021-07-27-12--03--24 Sleep Check Completed
INFO:root:2021-07-27-12--03--24 Frame manipulations completed
INFO:root:2021-07-27-12--03--24 Bounding Box Drawn
INFO:root:2021-07-27-12--03--24 MovingFrameQueue Popped
INFO:root:2021-07-27-12--03--24 anomallyFrameTracker resetted to 200
INFO:root:2021-07-27-12--03--24 Colour Conversion Completed
INFO:root:2021-07-27-12--03--24 Sleep Check Completed
INFO:root:2021-07-27-12--03--24 Frame manipulations completed
INFO:root:2021-07-27-12--03--24 Bounding Box Drawn
INFO:root:2021-07-27-12--03--25 MovingFrameQueue Appended
INFO:root:2021-07-27-12--03--25 anomallyFrameTracker resetted to 200
INFO:root:2021-07-27-12--03--25 Colour Conversion Completed
INFO:root:2021-07-27-12--03--25 Sleep Check Completed
INFO:root:2021-07-27-12--03--25 Frame manipulations completed
INFO:root:2021-07-27-12--03--25 Bounding Box Drawn
INFO:root:2021-07-27-12--03--25 MovingFrameQueue Popped
INFO:root:2021-07-27-12--03--25 anomallyFrameTracker resetted to 200
INFO:root:2021-07-27-12--03--25 Colour Conversion Completed
INFO:root:2021-07-27-12--03--25 Sleep Check Completed
INFO:root:2021-07-27-12--03--25 Frame manipulations completed
INFO:root:2021-07-27-12--03--25 Bounding Box Drawn
INFO:root:2021-07-27-12--03--25 MovingFrameQueue Appended
INFO:root:2021-07-27-12--03--25 anomallyFrameTracker resetted to 200
INFO:root:2021-07-27-12--03--25 Colour Conversion Completed
INFO:root:2021-07-27-12--03--25 Sleep Check Completed
INFO:root:2021-07-27-12--03--25 Frame manipulations completed
INFO:root:2021-07-27-12--03--25 Bounding Box Drawn
INFO:root:2021-07-27-12--03--26 MovingFrameQueue Popped
INFO:root:2021-07-27-12--03--26 anomallyFrameTracker resetted to 200
INFO:root:2021-07-27-12--03--26 Colour Conversion Completed
INFO:root:2021-07-27-12--03--26 Sleep Check Completed
INFO:root:2021-07-27-12--03--26 Frame manipulations completed
INFO:root:2021-07-27-12--03--26 Bounding Box Drawn
INFO:root:2021-07-27-12--03--26 MovingFrameQueue Appended
INFO:root:2021-07-27-12--03--26 anomallyFrameTracker resetted to 200
INFO:root:2021-07-27-12--03--26 Colour Conversion Completed
INFO:root:2021-07-27-12--03--26 Sleep Check Completed
INFO:root:2021-07-27-12--03--26 Frame manipulations completed
INFO:root:2021-07-27-12--03--26 Bounding Box Drawn
INFO:root:2021-07-27-12--03--27 MovingFrameQueue Popped
INFO:root:2021-07-27-12--03--27 anomallyFrameTracker resetted to 200
INFO:root:2021-07-27-12--03--27 Colour Conversion Completed
INFO:root:2021-07-27-12--03--27 Sleep Check Completed
INFO:root:2021-07-27-12--03--27 Frame manipulations completed
INFO:root:2021-07-27-12--03--27 Bounding Box Drawn
INFO:root:2021-07-27-12--03--27 MovingFrameQueue Appended
INFO:root:2021-07-27-12--03--27 anomallyFrameTracker resetted to 200
INFO:root:2021-07-27-12--03--27 Colour Conversion Completed
INFO:root:2021-07-27-12--03--27 Sleep Check Completed
INFO:root:2021-07-27-12--03--27 Frame manipulations completed
INFO:root:2021-07-27-12--03--27 Bounding Box Drawn
INFO:root:2021-07-27-12--03--28 MovingFrameQueue Popped
INFO:root:2021-07-27-12--03--28 anomallyFrameTracker resetted to 200
INFO:root:2021-07-27-12--03--28 Colour Conversion Completed
INFO:root:2021-07-27-12--03--28 Sleep Check Completed
INFO:root:2021-07-27-12--03--28 Frame manipulations completed
INFO:root:2021-07-27-12--03--28 Bounding Box Drawn
INFO:root:2021-07-27-12--03--28 MovingFrameQueue Appended
INFO:root:2021-07-27-12--03--28 anomallyFrameTracker resetted to 200
INFO:root:2021-07-27-12--03--28 Colour Conversion Completed
INFO:root:2021-07-27-12--03--28 Sleep Check Completed
INFO:root:2021-07-27-12--03--28 Frame manipulations completed
INFO:root:2021-07-27-12--03--28 Bounding Box Drawn
INFO:root:2021-07-27-12--03--29 MovingFrameQueue Popped
INFO:root:2021-07-27-12--03--29 anomallyFrameTracker resetted to 200
INFO:root:2021-07-27-12--03--29 Colour Conversion Completed
INFO:root:2021-07-27-12--03--29 Sleep Check Completed
INFO:root:2021-07-27-12--03--29 Frame manipulations completed
INFO:root:2021-07-27-12--03--29 Bounding Box Drawn
INFO:root:2021-07-27-12--03--29 MovingFrameQueue Appended
INFO:root:2021-07-27-12--03--29 anomallyFrameTracker resetted to 200
INFO:root:2021-07-27-12--03--29 Colour Conversion Completed
INFO:root:2021-07-27-12--03--29 Sleep Check Completed
INFO:root:2021-07-27-12--03--29 Frame manipulations completed
INFO:root:2021-07-27-12--03--29 Bounding Box Drawn
INFO:root:2021-07-27-12--03--30 MovingFrameQueue Popped
INFO:root:2021-07-27-12--03--30 anomallyFrameTracker resetted to 200
INFO:root:2021-07-27-12--03--30 Colour Conversion Completed
INFO:root:2021-07-27-12--03--30 Sleep Check Completed
INFO:root:2021-07-27-12--03--30 Frame manipulations completed
INFO:root:2021-07-27-12--03--30 Bounding Box Drawn
INFO:root:2021-07-27-12--03--30 MovingFrameQueue Appended
INFO:root:2021-07-27-12--03--30 anomallyFrameTracker resetted to 200
INFO:root:2021-07-27-12--03--30 Colour Conversion Completed
INFO:root:2021-07-27-12--03--30 Sleep Check Completed
INFO:root:2021-07-27-12--03--30 Frame manipulations completed
INFO:root:2021-07-27-12--03--30 Bounding Box Drawn
INFO:root:2021-07-27-12--03--31 MovingFrameQueue Popped
INFO:root:2021-07-27-12--03--31 anomallyFrameTracker resetted to 200
INFO:root:2021-07-27-12--03--31 Colour Conversion Completed
INFO:root:2021-07-27-12--03--31 Sleep Check Completed
INFO:root:2021-07-27-12--03--31 Frame manipulations completed
INFO:root:2021-07-27-12--03--31 Bounding Box Drawn
INFO:root:2021-07-27-12--03--31 MovingFrameQueue Appended
INFO:root:2021-07-27-12--03--31 anomallyFrameTracker resetted to 200
INFO:root:2021-07-27-12--03--31 Colour Conversion Completed
INFO:root:2021-07-27-12--03--31 Sleep Check Completed
INFO:root:2021-07-27-12--03--31 Frame manipulations completed
INFO:root:2021-07-27-12--03--31 Bounding Box Drawn
INFO:root:2021-07-27-12--03--32 MovingFrameQueue Popped
INFO:root:2021-07-27-12--03--32 anomallyFrameTracker resetted to 200
INFO:root:2021-07-27-12--03--32 Colour Conversion Completed
INFO:root:2021-07-27-12--03--32 Sleep Check Completed
INFO:root:2021-07-27-12--03--32 Frame manipulations completed
INFO:root:2021-07-27-12--03--32 Bounding Box Drawn
INFO:root:2021-07-27-12--03--32 MovingFrameQueue Appended
INFO:root:2021-07-27-12--03--32 anomallyFrameTracker resetted to 200
INFO:root:2021-07-27-12--03--32 Colour Conversion Completed
INFO:root:2021-07-27-12--03--32 Sleep Check Completed
INFO:root:2021-07-27-12--03--32 Frame manipulations completed
INFO:root:2021-07-27-12--03--32 Bounding Box Drawn
INFO:root:2021-07-27-12--03--33 MovingFrameQueue Popped
INFO:root:2021-07-27-12--03--33 anomallyFrameTracker resetted to 200
INFO:root:2021-07-27-12--03--33 Colour Conversion Completed
INFO:root:2021-07-27-12--03--33 Sleep Check Completed
INFO:root:2021-07-27-12--03--33 Frame manipulations completed
INFO:root:2021-07-27-12--03--33 Bounding Box Drawn
INFO:root:2021-07-27-12--03--33 MovingFrameQueue Appended
INFO:root:2021-07-27-12--03--33 anomallyFrameTracker resetted to 200
INFO:root:2021-07-27-12--03--33 Colour Conversion Completed
INFO:root:2021-07-27-12--03--33 Sleep Check Completed
INFO:root:2021-07-27-12--03--33 Frame manipulations completed
INFO:root:2021-07-27-12--03--33 Bounding Box Drawn
INFO:root:2021-07-27-12--03--33[INFO] elapsed time: 123.36
INFO:root:2021-07-27-12--03--33[INFO] approx. FPS: 2.25
INFO:root:2021-07-27-12--03--33 Getting Auth Token Success
INFO:root:2021-07-27-12--03--33 BedTime Upload Completed
