INFO:root:2021-07-28-14--45--08 Parameter Generation Success
INFO:root:2021-07-28-14--45--08 Colour Conversion Completed
INFO:root:2021-07-28-14--45--08 Sleep Check Completed
INFO:root:2021-07-28-14--45--08 Frame manipulations completed
INFO:root:2021-07-28-14--45--08 Bounding Box Drawn
INFO:root:2021-07-28-14--45--14 MovingFrameQueue Appended
INFO:root:2021-07-28-14--45--14 anomallyFrameTracker resetted to 200
INFO:root:2021-07-28-14--45--14 Colour Conversion Completed
INFO:root:2021-07-28-14--45--14 Sleep Check Completed
INFO:root:2021-07-28-14--45--14 Frame manipulations completed
INFO:root:2021-07-28-14--45--14 Bounding Box Drawn
INFO:root:2021-07-28-14--45--14 MovingFrameQueue Appended
INFO:root:2021-07-28-14--45--14 anomallyFrameTracker resetted to 200
INFO:root:2021-07-28-14--45--14 Colour Conversion Completed
INFO:root:2021-07-28-14--45--14 Sleep Check Completed
INFO:root:2021-07-28-14--45--14 Frame manipulations completed
INFO:root:2021-07-28-14--45--14 Bounding Box Drawn
INFO:root:2021-07-28-14--45--14 MovingFrameQueue Appended
INFO:root:2021-07-28-14--45--14 anomallyFrameTracker resetted to 200
INFO:root:2021-07-28-14--45--14 Colour Conversion Completed
INFO:root:2021-07-28-14--45--14 Sleep Check Completed
INFO:root:2021-07-28-14--45--14 Frame manipulations completed
INFO:root:2021-07-28-14--45--14 Bounding Box Drawn
INFO:root:2021-07-28-14--45--14 MovingFrameQueue Appended
INFO:root:2021-07-28-14--45--14 anomallyFrameTracker resetted to 200
INFO:root:2021-07-28-14--45--14 Colour Conversion Completed
INFO:root:2021-07-28-14--45--14 Sleep Check Completed
INFO:root:2021-07-28-14--45--14 Frame manipulations completed
INFO:root:2021-07-28-14--45--14 Bounding Box Drawn
INFO:root:2021-07-28-14--45--14 MovingFrameQueue Appended
INFO:root:2021-07-28-14--45--14 anomallyFrameTracker resetted to 200
INFO:root:2021-07-28-14--45--14 Colour Conversion Completed
INFO:root:2021-07-28-14--45--14 Sleep Check Completed
INFO:root:2021-07-28-14--45--14 Frame manipulations completed
INFO:root:2021-07-28-14--45--14 Bounding Box Drawn
INFO:root:2021-07-28-14--45--14 MovingFrameQueue Appended
INFO:root:2021-07-28-14--45--14 anomallyFrameTracker resetted to 200
INFO:root:2021-07-28-14--45--14 Colour Conversion Completed
INFO:root:2021-07-28-14--45--14 Sleep Check Completed
INFO:root:2021-07-28-14--45--14 Frame manipulations completed
INFO:root:2021-07-28-14--45--14 Bounding Box Drawn
INFO:root:2021-07-28-14--45--14 MovingFrameQueue Appended
INFO:root:2021-07-28-14--45--14 anomallyFrameTracker resetted to 200
INFO:root:2021-07-28-14--45--14 Colour Conversion Completed
INFO:root:2021-07-28-14--45--14 Sleep Check Completed
INFO:root:2021-07-28-14--45--14 Frame manipulations completed
INFO:root:2021-07-28-14--45--14 Bounding Box Drawn
INFO:root:2021-07-28-14--45--15 MovingFrameQueue Appended
INFO:root:2021-07-28-14--45--15 anomallyFrameTracker resetted to 200
INFO:root:2021-07-28-14--45--15 Colour Conversion Completed
INFO:root:2021-07-28-14--45--15 Sleep Check Completed
INFO:root:2021-07-28-14--45--15 Frame manipulations completed
INFO:root:2021-07-28-14--45--15 Bounding Box Drawn
INFO:root:2021-07-28-14--45--15 MovingFrameQueue Appended
INFO:root:2021-07-28-14--45--15 anomallyFrameTracker resetted to 200
INFO:root:2021-07-28-14--45--15 Colour Conversion Completed
INFO:root:2021-07-28-14--45--15 Sleep Check Completed
INFO:root:2021-07-28-14--45--15 Frame manipulations completed
INFO:root:2021-07-28-14--45--15 Bounding Box Drawn
INFO:root:2021-07-28-14--45--15 MovingFrameQueue Appended
INFO:root:2021-07-28-14--45--15 anomallyFrameTracker resetted to 200
INFO:root:2021-07-28-14--45--15 Colour Conversion Completed
INFO:root:2021-07-28-14--45--15 Sleep Check Completed
INFO:root:2021-07-28-14--45--15 Frame manipulations completed
INFO:root:2021-07-28-14--45--15 Bounding Box Drawn
INFO:root:2021-07-28-14--45--15 MovingFrameQueue Appended
INFO:root:2021-07-28-14--45--15 anomallyFrameTracker resetted to 200
INFO:root:2021-07-28-14--45--15 Colour Conversion Completed
INFO:root:2021-07-28-14--45--15 Sleep Check Completed
INFO:root:2021-07-28-14--45--15 Frame manipulations completed
INFO:root:2021-07-28-14--45--15 Bounding Box Drawn
INFO:root:2021-07-28-14--45--16 MovingFrameQueue Appended
INFO:root:2021-07-28-14--45--16 anomallyFrameTracker resetted to 200
INFO:root:2021-07-28-14--45--16 Colour Conversion Completed
INFO:root:2021-07-28-14--45--16 Sleep Check Completed
INFO:root:2021-07-28-14--45--16 Frame manipulations completed
INFO:root:2021-07-28-14--45--16 Bounding Box Drawn
INFO:root:2021-07-28-14--45--16 MovingFrameQueue Appended
INFO:root:2021-07-28-14--45--16 anomallyFrameTracker resetted to 200
INFO:root:2021-07-28-14--45--16 Colour Conversion Completed
INFO:root:2021-07-28-14--45--16 Sleep Check Completed
INFO:root:2021-07-28-14--45--16 Frame manipulations completed
INFO:root:2021-07-28-14--45--16 Bounding Box Drawn
INFO:root:2021-07-28-14--45--16 MovingFrameQueue Appended
INFO:root:2021-07-28-14--45--16 anomallyFrameTracker resetted to 200
INFO:root:2021-07-28-14--45--16 Colour Conversion Completed
INFO:root:2021-07-28-14--45--16 Sleep Check Completed
INFO:root:2021-07-28-14--45--16 Frame manipulations completed
INFO:root:2021-07-28-14--45--16 Bounding Box Drawn
INFO:root:2021-07-28-14--45--16 MovingFrameQueue Appended
INFO:root:2021-07-28-14--45--16 anomallyFrameTracker resetted to 200
INFO:root:2021-07-28-14--45--16 Colour Conversion Completed
INFO:root:2021-07-28-14--45--16 Sleep Check Completed
INFO:root:2021-07-28-14--45--16 Frame manipulations completed
INFO:root:2021-07-28-14--45--16 Bounding Box Drawn
INFO:root:2021-07-28-14--45--17 MovingFrameQueue Appended
INFO:root:2021-07-28-14--45--17 anomallyFrameTracker resetted to 200
INFO:root:2021-07-28-14--45--17 Colour Conversion Completed
INFO:root:2021-07-28-14--45--17 Sleep Check Completed
INFO:root:2021-07-28-14--45--17 Frame manipulations completed
INFO:root:2021-07-28-14--45--17 Bounding Box Drawn
INFO:root:2021-07-28-14--45--17 MovingFrameQueue Appended
INFO:root:2021-07-28-14--45--17 anomallyFrameTracker resetted to 200
INFO:root:2021-07-28-14--45--17 Colour Conversion Completed
INFO:root:2021-07-28-14--45--17 Sleep Check Completed
INFO:root:2021-07-28-14--45--17 Frame manipulations completed
INFO:root:2021-07-28-14--45--17 Bounding Box Drawn
INFO:root:2021-07-28-14--45--17 MovingFrameQueue Appended
INFO:root:2021-07-28-14--45--17 anomallyFrameTracker resetted to 200
INFO:root:2021-07-28-14--45--17 Colour Conversion Completed
INFO:root:2021-07-28-14--45--17 Sleep Check Completed
INFO:root:2021-07-28-14--45--17 Frame manipulations completed
INFO:root:2021-07-28-14--45--17 Bounding Box Drawn
INFO:root:2021-07-28-14--45--17 MovingFrameQueue Appended
INFO:root:2021-07-28-14--45--17 anomallyFrameTracker resetted to 200
INFO:root:2021-07-28-14--45--17 Colour Conversion Completed
INFO:root:2021-07-28-14--45--17 Sleep Check Completed
INFO:root:2021-07-28-14--45--17 Frame manipulations completed
INFO:root:2021-07-28-14--45--17 Bounding Box Drawn
INFO:root:2021-07-28-14--45--17 MovingFrameQueue Appended
INFO:root:2021-07-28-14--45--17 anomallyFrameTracker resetted to 200
INFO:root:2021-07-28-14--45--17 Colour Conversion Completed
INFO:root:2021-07-28-14--45--17 Sleep Check Completed
INFO:root:2021-07-28-14--45--17 Frame manipulations completed
INFO:root:2021-07-28-14--45--17 Bounding Box Drawn
INFO:root:2021-07-28-14--45--18 MovingFrameQueue Appended
INFO:root:2021-07-28-14--45--18 anomallyFrameTracker resetted to 200
INFO:root:2021-07-28-14--45--18 Colour Conversion Completed
INFO:root:2021-07-28-14--45--18 Sleep Check Completed
INFO:root:2021-07-28-14--45--18 Frame manipulations completed
INFO:root:2021-07-28-14--45--18 Bounding Box Drawn
INFO:root:2021-07-28-14--45--18 MovingFrameQueue Appended
INFO:root:2021-07-28-14--45--18 anomallyFrameTracker resetted to 200
INFO:root:2021-07-28-14--45--18 Colour Conversion Completed
INFO:root:2021-07-28-14--45--18 Sleep Check Completed
INFO:root:2021-07-28-14--45--18 Frame manipulations completed
INFO:root:2021-07-28-14--45--18 Bounding Box Drawn
INFO:root:2021-07-28-14--45--18 MovingFrameQueue Appended
INFO:root:2021-07-28-14--45--18 anomallyFrameTracker resetted to 200
INFO:root:2021-07-28-14--45--18 Colour Conversion Completed
INFO:root:2021-07-28-14--45--18 Sleep Check Completed
INFO:root:2021-07-28-14--45--18 Frame manipulations completed
INFO:root:2021-07-28-14--45--18 Bounding Box Drawn
INFO:root:2021-07-28-14--45--18 MovingFrameQueue Appended
INFO:root:2021-07-28-14--45--18 anomallyFrameTracker resetted to 200
INFO:root:2021-07-28-14--45--18 Colour Conversion Completed
INFO:root:2021-07-28-14--45--18 Sleep Check Completed
INFO:root:2021-07-28-14--45--18 Frame manipulations completed
INFO:root:2021-07-28-14--45--18 Bounding Box Drawn
INFO:root:2021-07-28-14--45--19 MovingFrameQueue Appended
INFO:root:2021-07-28-14--45--19 anomallyFrameTracker resetted to 200
INFO:root:2021-07-28-14--45--19 Colour Conversion Completed
INFO:root:2021-07-28-14--45--19 Sleep Check Completed
INFO:root:2021-07-28-14--45--19 Frame manipulations completed
INFO:root:2021-07-28-14--45--19 Bounding Box Drawn
INFO:root:2021-07-28-14--45--19 MovingFrameQueue Appended
INFO:root:2021-07-28-14--45--19 anomallyFrameTracker resetted to 200
INFO:root:2021-07-28-14--45--19 Colour Conversion Completed
INFO:root:2021-07-28-14--45--19 Sleep Check Completed
INFO:root:2021-07-28-14--45--19 Frame manipulations completed
INFO:root:2021-07-28-14--45--19 Bounding Box Drawn
INFO:root:2021-07-28-14--45--19 MovingFrameQueue Appended
INFO:root:2021-07-28-14--45--19 anomallyFrameTracker resetted to 200
INFO:root:2021-07-28-14--45--19 Colour Conversion Completed
INFO:root:2021-07-28-14--45--19 Sleep Check Completed
INFO:root:2021-07-28-14--45--19 Frame manipulations completed
INFO:root:2021-07-28-14--45--19 Bounding Box Drawn
INFO:root:2021-07-28-14--45--19 MovingFrameQueue Appended
INFO:root:2021-07-28-14--45--19 anomallyFrameTracker resetted to 200
INFO:root:2021-07-28-14--45--19 Colour Conversion Completed
INFO:root:2021-07-28-14--45--19 Sleep Check Completed
INFO:root:2021-07-28-14--45--19 Frame manipulations completed
INFO:root:2021-07-28-14--45--19 Bounding Box Drawn
INFO:root:2021-07-28-14--45--19 MovingFrameQueue Appended
INFO:root:2021-07-28-14--45--19 anomallyFrameTracker resetted to 200
INFO:root:2021-07-28-14--45--19 Colour Conversion Completed
INFO:root:2021-07-28-14--45--19 Sleep Check Completed
INFO:root:2021-07-28-14--45--19 Frame manipulations completed
INFO:root:2021-07-28-14--45--19 Bounding Box Drawn
INFO:root:2021-07-28-14--45--20 MovingFrameQueue Appended
INFO:root:2021-07-28-14--45--20 anomallyFrameTracker resetted to 200
INFO:root:2021-07-28-14--45--20 Colour Conversion Completed
INFO:root:2021-07-28-14--45--20 Sleep Check Completed
INFO:root:2021-07-28-14--45--20 Frame manipulations completed
INFO:root:2021-07-28-14--45--20 Bounding Box Drawn
INFO:root:2021-07-28-14--45--20 MovingFrameQueue Appended
INFO:root:2021-07-28-14--45--20 anomallyFrameTracker resetted to 200
INFO:root:2021-07-28-14--45--20 Colour Conversion Completed
INFO:root:2021-07-28-14--45--20 Sleep Check Completed
INFO:root:2021-07-28-14--45--20 Frame manipulations completed
INFO:root:2021-07-28-14--45--20 Bounding Box Drawn
INFO:root:2021-07-28-14--45--20 MovingFrameQueue Appended
INFO:root:2021-07-28-14--45--20 anomallyFrameTracker resetted to 200
INFO:root:2021-07-28-14--45--20 Colour Conversion Completed
INFO:root:2021-07-28-14--45--20 Sleep Check Completed
INFO:root:2021-07-28-14--45--20 Frame manipulations completed
INFO:root:2021-07-28-14--45--20 Bounding Box Drawn
INFO:root:2021-07-28-14--45--20 MovingFrameQueue Appended
INFO:root:2021-07-28-14--45--20 anomallyFrameTracker resetted to 200
INFO:root:2021-07-28-14--45--20 Colour Conversion Completed
INFO:root:2021-07-28-14--45--20 Sleep Check Completed
INFO:root:2021-07-28-14--45--20 Frame manipulations completed
INFO:root:2021-07-28-14--45--20 Bounding Box Drawn
INFO:root:2021-07-28-14--45--21 MovingFrameQueue Appended
INFO:root:2021-07-28-14--45--21 anomallyFrameTracker resetted to 200
INFO:root:2021-07-28-14--45--21 Colour Conversion Completed
INFO:root:2021-07-28-14--45--21 Sleep Check Completed
INFO:root:2021-07-28-14--45--21 Frame manipulations completed
INFO:root:2021-07-28-14--45--21 Bounding Box Drawn
INFO:root:2021-07-28-14--45--21 MovingFrameQueue Appended
INFO:root:2021-07-28-14--45--21 anomallyFrameTracker resetted to 200
INFO:root:2021-07-28-14--45--21 Colour Conversion Completed
INFO:root:2021-07-28-14--45--21 Sleep Check Completed
INFO:root:2021-07-28-14--45--21 Frame manipulations completed
INFO:root:2021-07-28-14--45--21 Bounding Box Drawn
INFO:root:2021-07-28-14--45--21 MovingFrameQueue Appended
INFO:root:2021-07-28-14--45--21 anomallyFrameTracker resetted to 200
INFO:root:2021-07-28-14--45--21 Colour Conversion Completed
INFO:root:2021-07-28-14--45--21 Sleep Check Completed
INFO:root:2021-07-28-14--45--21 Frame manipulations completed
INFO:root:2021-07-28-14--45--21 Bounding Box Drawn
INFO:root:2021-07-28-14--45--22 MovingFrameQueue Appended
INFO:root:2021-07-28-14--45--22 anomallyFrameTracker resetted to 200
INFO:root:2021-07-28-14--45--22 Colour Conversion Completed
INFO:root:2021-07-28-14--45--22 Sleep Check Completed
INFO:root:2021-07-28-14--45--22 Frame manipulations completed
INFO:root:2021-07-28-14--45--22 Bounding Box Drawn
INFO:root:2021-07-28-14--45--22 MovingFrameQueue Appended
INFO:root:2021-07-28-14--45--22 anomallyFrameTracker resetted to 200
INFO:root:2021-07-28-14--45--22 Colour Conversion Completed
INFO:root:2021-07-28-14--45--22 Sleep Check Completed
INFO:root:2021-07-28-14--45--22 Frame manipulations completed
INFO:root:2021-07-28-14--45--22 Bounding Box Drawn
INFO:root:2021-07-28-14--45--22 MovingFrameQueue Appended
INFO:root:2021-07-28-14--45--22 anomallyFrameTracker resetted to 200
INFO:root:2021-07-28-14--45--22 Colour Conversion Completed
INFO:root:2021-07-28-14--45--22 Sleep Check Completed
INFO:root:2021-07-28-14--45--22 Frame manipulations completed
INFO:root:2021-07-28-14--45--22 Bounding Box Drawn
INFO:root:2021-07-28-14--45--22 MovingFrameQueue Appended
INFO:root:2021-07-28-14--45--22 anomallyFrameTracker resetted to 200
INFO:root:2021-07-28-14--45--22 Colour Conversion Completed
INFO:root:2021-07-28-14--45--22 Sleep Check Completed
INFO:root:2021-07-28-14--45--22 Frame manipulations completed
INFO:root:2021-07-28-14--45--22 Bounding Box Drawn
INFO:root:2021-07-28-14--45--22 MovingFrameQueue Appended
INFO:root:2021-07-28-14--45--22 anomallyFrameTracker resetted to 200
INFO:root:2021-07-28-14--45--22 Colour Conversion Completed
INFO:root:2021-07-28-14--45--22 Sleep Check Completed
INFO:root:2021-07-28-14--45--22 Frame manipulations completed
INFO:root:2021-07-28-14--45--22 Bounding Box Drawn
INFO:root:2021-07-28-14--45--23 MovingFrameQueue Appended
INFO:root:2021-07-28-14--45--23 anomallyFrameTracker resetted to 200
INFO:root:2021-07-28-14--45--23 Colour Conversion Completed
INFO:root:2021-07-28-14--45--23 Sleep Check Completed
INFO:root:2021-07-28-14--45--23 Frame manipulations completed
INFO:root:2021-07-28-14--45--23 Bounding Box Drawn
INFO:root:2021-07-28-14--45--23 MovingFrameQueue Appended
INFO:root:2021-07-28-14--45--23 anomallyFrameTracker resetted to 200
INFO:root:2021-07-28-14--45--23 Colour Conversion Completed
INFO:root:2021-07-28-14--45--23 Sleep Check Completed
INFO:root:2021-07-28-14--45--23 Frame manipulations completed
INFO:root:2021-07-28-14--45--23 Bounding Box Drawn
INFO:root:2021-07-28-14--45--23 MovingFrameQueue Appended
INFO:root:2021-07-28-14--45--23 anomallyFrameTracker resetted to 200
INFO:root:2021-07-28-14--45--23 Colour Conversion Completed
INFO:root:2021-07-28-14--45--23 Sleep Check Completed
INFO:root:2021-07-28-14--45--23 Frame manipulations completed
INFO:root:2021-07-28-14--45--23 Bounding Box Drawn
INFO:root:2021-07-28-14--45--23 MovingFrameQueue Appended
INFO:root:2021-07-28-14--45--23 anomallyFrameTracker resetted to 200
INFO:root:2021-07-28-14--45--23 Colour Conversion Completed
INFO:root:2021-07-28-14--45--23 Sleep Check Completed
INFO:root:2021-07-28-14--45--23 Frame manipulations completed
INFO:root:2021-07-28-14--45--23 Bounding Box Drawn
INFO:root:2021-07-28-14--45--23 MovingFrameQueue Appended
INFO:root:2021-07-28-14--45--23 anomallyFrameTracker resetted to 200
INFO:root:2021-07-28-14--45--23 Colour Conversion Completed
INFO:root:2021-07-28-14--45--23 Sleep Check Completed
INFO:root:2021-07-28-14--45--23 Frame manipulations completed
INFO:root:2021-07-28-14--45--23 Bounding Box Drawn
INFO:root:2021-07-28-14--45--24 MovingFrameQueue Appended
INFO:root:2021-07-28-14--45--24 anomallyFrameTracker resetted to 200
INFO:root:2021-07-28-14--45--24 Colour Conversion Completed
INFO:root:2021-07-28-14--45--24 Sleep Check Completed
INFO:root:2021-07-28-14--45--24 Frame manipulations completed
INFO:root:2021-07-28-14--45--24 Bounding Box Drawn
INFO:root:2021-07-28-14--45--24 MovingFrameQueue Appended
INFO:root:2021-07-28-14--45--24 anomallyFrameTracker resetted to 200
INFO:root:2021-07-28-14--45--24 Colour Conversion Completed
INFO:root:2021-07-28-14--45--24 Sleep Check Completed
INFO:root:2021-07-28-14--45--24 Frame manipulations completed
INFO:root:2021-07-28-14--45--24 Bounding Box Drawn
INFO:root:2021-07-28-14--45--24 MovingFrameQueue Appended
INFO:root:2021-07-28-14--45--24 anomallyFrameTracker resetted to 200
INFO:root:2021-07-28-14--45--24 Colour Conversion Completed
INFO:root:2021-07-28-14--45--24 Sleep Check Completed
INFO:root:2021-07-28-14--45--24 Frame manipulations completed
INFO:root:2021-07-28-14--45--24 Bounding Box Drawn
INFO:root:2021-07-28-14--45--24 MovingFrameQueue Appended
INFO:root:2021-07-28-14--45--24 anomallyFrameTracker resetted to 200
INFO:root:2021-07-28-14--45--24 Colour Conversion Completed
INFO:root:2021-07-28-14--45--24 Sleep Check Completed
INFO:root:2021-07-28-14--45--24 Frame manipulations completed
INFO:root:2021-07-28-14--45--24 Bounding Box Drawn
INFO:root:2021-07-28-14--45--25 MovingFrameQueue Appended
INFO:root:2021-07-28-14--45--25 anomallyFrameTracker resetted to 200
INFO:root:2021-07-28-14--45--25 Colour Conversion Completed
INFO:root:2021-07-28-14--45--25 Sleep Check Completed
INFO:root:2021-07-28-14--45--25 Frame manipulations completed
INFO:root:2021-07-28-14--45--25 Bounding Box Drawn
INFO:root:2021-07-28-14--45--25 MovingFrameQueue Popped
INFO:root:2021-07-28-14--45--25 anomallyFrameTracker resetted to 200
INFO:root:2021-07-28-14--45--25 Colour Conversion Completed
INFO:root:2021-07-28-14--45--25 Sleep Check Completed
INFO:root:2021-07-28-14--45--25 Frame manipulations completed
INFO:root:2021-07-28-14--45--25 Bounding Box Drawn
INFO:root:2021-07-28-14--45--25 MovingFrameQueue Appended
INFO:root:2021-07-28-14--45--25 anomallyFrameTracker resetted to 200
INFO:root:2021-07-28-14--45--25 Colour Conversion Completed
INFO:root:2021-07-28-14--45--25 Sleep Check Completed
INFO:root:2021-07-28-14--45--25 Frame manipulations completed
INFO:root:2021-07-28-14--45--25 Bounding Box Drawn
INFO:root:2021-07-28-14--45--25 MovingFrameQueue Popped
INFO:root:2021-07-28-14--45--25 anomallyFrameTracker resetted to 200
INFO:root:2021-07-28-14--45--25 Colour Conversion Completed
INFO:root:2021-07-28-14--45--25 Sleep Check Completed
INFO:root:2021-07-28-14--45--25 Frame manipulations completed
INFO:root:2021-07-28-14--45--25 Bounding Box Drawn
INFO:root:2021-07-28-14--45--26 MovingFrameQueue Appended
INFO:root:2021-07-28-14--45--26 anomallyFrameTracker resetted to 200
INFO:root:2021-07-28-14--45--26 Colour Conversion Completed
INFO:root:2021-07-28-14--45--26 Sleep Check Completed
INFO:root:2021-07-28-14--45--26 Frame manipulations completed
INFO:root:2021-07-28-14--45--26 Bounding Box Drawn
INFO:root:2021-07-28-14--45--26 MovingFrameQueue Popped
INFO:root:2021-07-28-14--45--26 anomallyFrameTracker resetted to 200
INFO:root:2021-07-28-14--45--26 Colour Conversion Completed
INFO:root:2021-07-28-14--45--26 Sleep Check Completed
INFO:root:2021-07-28-14--45--26 Frame manipulations completed
INFO:root:2021-07-28-14--45--26 Bounding Box Drawn
INFO:root:2021-07-28-14--45--26 MovingFrameQueue Appended
INFO:root:2021-07-28-14--45--26 anomallyFrameTracker resetted to 200
INFO:root:2021-07-28-14--45--26 Colour Conversion Completed
INFO:root:2021-07-28-14--45--26 Sleep Check Completed
INFO:root:2021-07-28-14--45--26 Frame manipulations completed
INFO:root:2021-07-28-14--45--26 Bounding Box Drawn
INFO:root:2021-07-28-14--45--26 MovingFrameQueue Popped
INFO:root:2021-07-28-14--45--26 anomallyFrameTracker resetted to 200
INFO:root:2021-07-28-14--45--26 Colour Conversion Completed
INFO:root:2021-07-28-14--45--26 Sleep Check Completed
INFO:root:2021-07-28-14--45--26 Frame manipulations completed
INFO:root:2021-07-28-14--45--26 Bounding Box Drawn
INFO:root:2021-07-28-14--45--26 MovingFrameQueue Appended
INFO:root:2021-07-28-14--45--26 anomallyFrameTracker resetted to 200
INFO:root:2021-07-28-14--45--26 Colour Conversion Completed
INFO:root:2021-07-28-14--45--26 Sleep Check Completed
INFO:root:2021-07-28-14--45--26 Frame manipulations completed
INFO:root:2021-07-28-14--45--26 Bounding Box Drawn
INFO:root:2021-07-28-14--45--27 MovingFrameQueue Popped
INFO:root:2021-07-28-14--45--27 anomallyFrameTracker resetted to 200
INFO:root:2021-07-28-14--45--27 Colour Conversion Completed
INFO:root:2021-07-28-14--45--27 Sleep Check Completed
INFO:root:2021-07-28-14--45--27 Frame manipulations completed
INFO:root:2021-07-28-14--45--27 Bounding Box Drawn
INFO:root:2021-07-28-14--45--27 MovingFrameQueue Appended
INFO:root:2021-07-28-14--45--27 anomallyFrameTracker resetted to 200
INFO:root:2021-07-28-14--45--27 Colour Conversion Completed
INFO:root:2021-07-28-14--45--27 Sleep Check Completed
INFO:root:2021-07-28-14--45--27 Frame manipulations completed
INFO:root:2021-07-28-14--45--27 Bounding Box Drawn
INFO:root:2021-07-28-14--45--27 MovingFrameQueue Popped
INFO:root:2021-07-28-14--45--27 anomallyFrameTracker resetted to 200
INFO:root:2021-07-28-14--45--27 Colour Conversion Completed
INFO:root:2021-07-28-14--45--27 Sleep Check Completed
INFO:root:2021-07-28-14--45--27 Frame manipulations completed
INFO:root:2021-07-28-14--45--27 Bounding Box Drawn
INFO:root:2021-07-28-14--45--27 MovingFrameQueue Appended
INFO:root:2021-07-28-14--45--27 anomallyFrameTracker resetted to 200
INFO:root:2021-07-28-14--45--27 Colour Conversion Completed
INFO:root:2021-07-28-14--45--27 Sleep Check Completed
INFO:root:2021-07-28-14--45--27 Frame manipulations completed
INFO:root:2021-07-28-14--45--27 Bounding Box Drawn
INFO:root:2021-07-28-14--45--28 MovingFrameQueue Popped
INFO:root:2021-07-28-14--45--28 anomallyFrameTracker resetted to 200
INFO:root:2021-07-28-14--45--28 Colour Conversion Completed
INFO:root:2021-07-28-14--45--28 Sleep Check Completed
INFO:root:2021-07-28-14--45--28 Frame manipulations completed
INFO:root:2021-07-28-14--45--28 Bounding Box Drawn
INFO:root:2021-07-28-14--45--28 MovingFrameQueue Appended
INFO:root:2021-07-28-14--45--28 anomallyFrameTracker resetted to 200
INFO:root:2021-07-28-14--45--28 Colour Conversion Completed
INFO:root:2021-07-28-14--45--28 Sleep Check Completed
INFO:root:2021-07-28-14--45--28 Frame manipulations completed
INFO:root:2021-07-28-14--45--28 Bounding Box Drawn
INFO:root:2021-07-28-14--45--28 MovingFrameQueue Popped
INFO:root:2021-07-28-14--45--28 anomallyFrameTracker resetted to 200
INFO:root:2021-07-28-14--45--28 Colour Conversion Completed
INFO:root:2021-07-28-14--45--28 Sleep Check Completed
INFO:root:2021-07-28-14--45--28 Frame manipulations completed
INFO:root:2021-07-28-14--45--28 Bounding Box Drawn
INFO:root:2021-07-28-14--45--28 MovingFrameQueue Appended
INFO:root:2021-07-28-14--45--28 anomallyFrameTracker resetted to 200
INFO:root:2021-07-28-14--45--28 Colour Conversion Completed
INFO:root:2021-07-28-14--45--28 Sleep Check Completed
INFO:root:2021-07-28-14--45--28 Frame manipulations completed
INFO:root:2021-07-28-14--45--28 Bounding Box Drawn
INFO:root:2021-07-28-14--45--28 MovingFrameQueue Popped
INFO:root:2021-07-28-14--45--28 anomallyFrameTracker resetted to 200
INFO:root:2021-07-28-14--45--28 Colour Conversion Completed
INFO:root:2021-07-28-14--45--29 Sleep Check Completed
INFO:root:2021-07-28-14--45--29 Frame manipulations completed
INFO:root:2021-07-28-14--45--29 Bounding Box Drawn
INFO:root:2021-07-28-14--45--29 MovingFrameQueue Appended
INFO:root:2021-07-28-14--45--29 anomallyFrameTracker resetted to 200
INFO:root:2021-07-28-14--45--29 Colour Conversion Completed
INFO:root:2021-07-28-14--45--29 Sleep Check Completed
INFO:root:2021-07-28-14--45--29 Frame manipulations completed
INFO:root:2021-07-28-14--45--29 Bounding Box Drawn
INFO:root:2021-07-28-14--45--29 MovingFrameQueue Popped
INFO:root:2021-07-28-14--45--29 anomallyFrameTracker resetted to 200
INFO:root:2021-07-28-14--45--29 Colour Conversion Completed
INFO:root:2021-07-28-14--45--29 Sleep Check Completed
INFO:root:2021-07-28-14--45--29 Frame manipulations completed
INFO:root:2021-07-28-14--45--29 Bounding Box Drawn
INFO:root:2021-07-28-14--45--29 MovingFrameQueue Appended
INFO:root:2021-07-28-14--45--29 anomallyFrameTracker resetted to 200
INFO:root:2021-07-28-14--45--29 Colour Conversion Completed
INFO:root:2021-07-28-14--45--29 Sleep Check Completed
INFO:root:2021-07-28-14--45--29 Frame manipulations completed
INFO:root:2021-07-28-14--45--29 Bounding Box Drawn
INFO:root:2021-07-28-14--45--29 MovingFrameQueue Popped
INFO:root:2021-07-28-14--45--29 anomallyFrameTracker resetted to 200
INFO:root:2021-07-28-14--45--29 Colour Conversion Completed
INFO:root:2021-07-28-14--45--29 Sleep Check Completed
INFO:root:2021-07-28-14--45--29 Frame manipulations completed
INFO:root:2021-07-28-14--45--29 Bounding Box Drawn
INFO:root:2021-07-28-14--45--29 MovingFrameQueue Appended
INFO:root:2021-07-28-14--45--29 anomallyFrameTracker resetted to 200
INFO:root:2021-07-28-14--45--29 Colour Conversion Completed
INFO:root:2021-07-28-14--45--30 Sleep Check Completed
INFO:root:2021-07-28-14--45--30 Frame manipulations completed
INFO:root:2021-07-28-14--45--30 Bounding Box Drawn
INFO:root:2021-07-28-14--45--30 MovingFrameQueue Popped
INFO:root:2021-07-28-14--45--30 anomallyFrameTracker resetted to 200
INFO:root:2021-07-28-14--45--30 Colour Conversion Completed
INFO:root:2021-07-28-14--45--30 Sleep Check Completed
INFO:root:2021-07-28-14--45--30 Frame manipulations completed
INFO:root:2021-07-28-14--45--30 Bounding Box Drawn
INFO:root:2021-07-28-14--45--30 MovingFrameQueue Appended
INFO:root:2021-07-28-14--45--30 anomallyFrameTracker resetted to 200
INFO:root:2021-07-28-14--45--30 Colour Conversion Completed
INFO:root:2021-07-28-14--45--30 Sleep Check Completed
INFO:root:2021-07-28-14--45--30 Frame manipulations completed
INFO:root:2021-07-28-14--45--30 Bounding Box Drawn
INFO:root:2021-07-28-14--45--30 MovingFrameQueue Popped
INFO:root:2021-07-28-14--45--30 anomallyFrameTracker resetted to 200
INFO:root:2021-07-28-14--45--30 Colour Conversion Completed
INFO:root:2021-07-28-14--45--30 Sleep Check Completed
INFO:root:2021-07-28-14--45--30 Frame manipulations completed
INFO:root:2021-07-28-14--45--30 Bounding Box Drawn
INFO:root:2021-07-28-14--45--30 MovingFrameQueue Appended
INFO:root:2021-07-28-14--45--30 anomallyFrameTracker resetted to 200
INFO:root:2021-07-28-14--45--30 Colour Conversion Completed
INFO:root:2021-07-28-14--45--30 Sleep Check Completed
INFO:root:2021-07-28-14--45--30 Frame manipulations completed
INFO:root:2021-07-28-14--45--30 Bounding Box Drawn
INFO:root:2021-07-28-14--45--31 MovingFrameQueue Popped
INFO:root:2021-07-28-14--45--31 anomallyFrameTracker resetted to 200
INFO:root:2021-07-28-14--45--31 Colour Conversion Completed
INFO:root:2021-07-28-14--45--31 Sleep Check Completed
INFO:root:2021-07-28-14--45--31 Frame manipulations completed
INFO:root:2021-07-28-14--45--31 Bounding Box Drawn
INFO:root:2021-07-28-14--45--31 MovingFrameQueue Appended
INFO:root:2021-07-28-14--45--31 anomallyFrameTracker resetted to 200
INFO:root:2021-07-28-14--45--31 Colour Conversion Completed
INFO:root:2021-07-28-14--45--31 Sleep Check Completed
INFO:root:2021-07-28-14--45--31 Frame manipulations completed
INFO:root:2021-07-28-14--45--31 Bounding Box Drawn
INFO:root:2021-07-28-14--45--31 MovingFrameQueue Popped
INFO:root:2021-07-28-14--45--31 anomallyFrameTracker resetted to 200
INFO:root:2021-07-28-14--45--31 Colour Conversion Completed
INFO:root:2021-07-28-14--45--31 Sleep Check Completed
INFO:root:2021-07-28-14--45--31 Frame manipulations completed
INFO:root:2021-07-28-14--45--31 Bounding Box Drawn
INFO:root:2021-07-28-14--45--31 MovingFrameQueue Appended
INFO:root:2021-07-28-14--45--31 anomallyFrameTracker resetted to 200
INFO:root:2021-07-28-14--45--31 Colour Conversion Completed
INFO:root:2021-07-28-14--45--31 Sleep Check Completed
INFO:root:2021-07-28-14--45--31 Frame manipulations completed
INFO:root:2021-07-28-14--45--31 Bounding Box Drawn
INFO:root:2021-07-28-14--45--31 MovingFrameQueue Popped
INFO:root:2021-07-28-14--45--31 anomallyFrameTracker resetted to 200
INFO:root:2021-07-28-14--45--31 Colour Conversion Completed
INFO:root:2021-07-28-14--45--31 Sleep Check Completed
INFO:root:2021-07-28-14--45--31 Frame manipulations completed
INFO:root:2021-07-28-14--45--31 Bounding Box Drawn
INFO:root:2021-07-28-14--45--31 MovingFrameQueue Appended
INFO:root:2021-07-28-14--45--31 anomallyFrameTracker resetted to 200
INFO:root:2021-07-28-14--45--31 Colour Conversion Completed
INFO:root:2021-07-28-14--45--31 Sleep Check Completed
INFO:root:2021-07-28-14--45--31 Frame manipulations completed
INFO:root:2021-07-28-14--45--31 Bounding Box Drawn
INFO:root:2021-07-28-14--45--32 MovingFrameQueue Popped
INFO:root:2021-07-28-14--45--32 anomallyFrameTracker resetted to 200
INFO:root:2021-07-28-14--45--32 Colour Conversion Completed
INFO:root:2021-07-28-14--45--32 Sleep Check Completed
INFO:root:2021-07-28-14--45--32 Frame manipulations completed
INFO:root:2021-07-28-14--45--32 Bounding Box Drawn
INFO:root:2021-07-28-14--45--32 MovingFrameQueue Appended
INFO:root:2021-07-28-14--45--32 anomallyFrameTracker resetted to 200
INFO:root:2021-07-28-14--45--32 Colour Conversion Completed
INFO:root:2021-07-28-14--45--32 Sleep Check Completed
INFO:root:2021-07-28-14--45--32 Frame manipulations completed
INFO:root:2021-07-28-14--45--32 Bounding Box Drawn
INFO:root:2021-07-28-14--45--32 MovingFrameQueue Popped
INFO:root:2021-07-28-14--45--32 anomallyFrameTracker resetted to 200
INFO:root:2021-07-28-14--45--32 Colour Conversion Completed
INFO:root:2021-07-28-14--45--32 Sleep Check Completed
INFO:root:2021-07-28-14--45--32 Frame manipulations completed
INFO:root:2021-07-28-14--45--32 Bounding Box Drawn
INFO:root:2021-07-28-14--45--32 MovingFrameQueue Appended
INFO:root:2021-07-28-14--45--32 anomallyFrameTracker resetted to 200
INFO:root:2021-07-28-14--45--32 Colour Conversion Completed
INFO:root:2021-07-28-14--45--32 Sleep Check Completed
INFO:root:2021-07-28-14--45--32 Frame manipulations completed
INFO:root:2021-07-28-14--45--32 Bounding Box Drawn
INFO:root:2021-07-28-14--45--33 MovingFrameQueue Popped
INFO:root:2021-07-28-14--45--33 anomallyFrameTracker resetted to 200
INFO:root:2021-07-28-14--45--33 Colour Conversion Completed
INFO:root:2021-07-28-14--45--33 Sleep Check Completed
INFO:root:2021-07-28-14--45--33 Frame manipulations completed
INFO:root:2021-07-28-14--45--33 Bounding Box Drawn
INFO:root:2021-07-28-14--45--33 MovingFrameQueue Appended
INFO:root:2021-07-28-14--45--33 anomallyFrameTracker resetted to 200
INFO:root:2021-07-28-14--45--33 Colour Conversion Completed
INFO:root:2021-07-28-14--45--33 Sleep Check Completed
INFO:root:2021-07-28-14--45--33 Frame manipulations completed
INFO:root:2021-07-28-14--45--33 Bounding Box Drawn
INFO:root:2021-07-28-14--45--33 MovingFrameQueue Popped
INFO:root:2021-07-28-14--45--33 anomallyFrameTracker resetted to 200
INFO:root:2021-07-28-14--45--33 Colour Conversion Completed
INFO:root:2021-07-28-14--45--33 Sleep Check Completed
INFO:root:2021-07-28-14--45--33 Frame manipulations completed
INFO:root:2021-07-28-14--45--33 Bounding Box Drawn
INFO:root:2021-07-28-14--45--33 MovingFrameQueue Appended
INFO:root:2021-07-28-14--45--33 anomallyFrameTracker resetted to 200
INFO:root:2021-07-28-14--45--33 Colour Conversion Completed
INFO:root:2021-07-28-14--45--33 Sleep Check Completed
INFO:root:2021-07-28-14--45--33 Frame manipulations completed
INFO:root:2021-07-28-14--45--33 Bounding Box Drawn
INFO:root:2021-07-28-14--45--33 MovingFrameQueue Popped
INFO:root:2021-07-28-14--45--33 anomallyFrameTracker resetted to 200
INFO:root:2021-07-28-14--45--33 Colour Conversion Completed
INFO:root:2021-07-28-14--45--33 Sleep Check Completed
INFO:root:2021-07-28-14--45--33 Frame manipulations completed
INFO:root:2021-07-28-14--45--33 Bounding Box Drawn
INFO:root:2021-07-28-14--45--34 MovingFrameQueue Appended
INFO:root:2021-07-28-14--45--34 anomallyFrameTracker resetted to 200
INFO:root:2021-07-28-14--45--34 Colour Conversion Completed
INFO:root:2021-07-28-14--45--34 Sleep Check Completed
INFO:root:2021-07-28-14--45--34 Frame manipulations completed
INFO:root:2021-07-28-14--45--34 Bounding Box Drawn
INFO:root:2021-07-28-14--45--34 MovingFrameQueue Popped
INFO:root:2021-07-28-14--45--34 anomallyFrameTracker resetted to 200
INFO:root:2021-07-28-14--45--34 Colour Conversion Completed
INFO:root:2021-07-28-14--45--34 Sleep Check Completed
INFO:root:2021-07-28-14--45--34 Frame manipulations completed
INFO:root:2021-07-28-14--45--34 Bounding Box Drawn
INFO:root:2021-07-28-14--45--34 MovingFrameQueue Appended
INFO:root:2021-07-28-14--45--34 anomallyFrameTracker resetted to 200
INFO:root:2021-07-28-14--45--34 Colour Conversion Completed
INFO:root:2021-07-28-14--45--34 Sleep Check Completed
INFO:root:2021-07-28-14--45--34 Frame manipulations completed
INFO:root:2021-07-28-14--45--34 Bounding Box Drawn
INFO:root:2021-07-28-14--45--34 MovingFrameQueue Popped
INFO:root:2021-07-28-14--45--34 anomallyFrameTracker resetted to 200
INFO:root:2021-07-28-14--45--34 Colour Conversion Completed
INFO:root:2021-07-28-14--45--34 Sleep Check Completed
INFO:root:2021-07-28-14--45--34 Frame manipulations completed
INFO:root:2021-07-28-14--45--34 Bounding Box Drawn
INFO:root:2021-07-28-14--45--34 MovingFrameQueue Appended
INFO:root:2021-07-28-14--45--34 anomallyFrameTracker resetted to 200
INFO:root:2021-07-28-14--45--34 Colour Conversion Completed
INFO:root:2021-07-28-14--45--34 Sleep Check Completed
INFO:root:2021-07-28-14--45--34 Frame manipulations completed
INFO:root:2021-07-28-14--45--34 Bounding Box Drawn
INFO:root:2021-07-28-14--45--35 MovingFrameQueue Popped
INFO:root:2021-07-28-14--45--35 anomallyFrameTracker resetted to 200
INFO:root:2021-07-28-14--45--35 Colour Conversion Completed
INFO:root:2021-07-28-14--45--35 Sleep Check Completed
INFO:root:2021-07-28-14--45--35 Frame manipulations completed
INFO:root:2021-07-28-14--45--35 Bounding Box Drawn
INFO:root:2021-07-28-14--45--35 MovingFrameQueue Appended
INFO:root:2021-07-28-14--45--35 anomallyFrameTracker resetted to 200
INFO:root:2021-07-28-14--45--35 Colour Conversion Completed
INFO:root:2021-07-28-14--45--35 Sleep Check Completed
INFO:root:2021-07-28-14--45--35 Frame manipulations completed
INFO:root:2021-07-28-14--45--35 Bounding Box Drawn
INFO:root:2021-07-28-14--45--35 MovingFrameQueue Popped
INFO:root:2021-07-28-14--45--35 anomallyFrameTracker resetted to 200
INFO:root:2021-07-28-14--45--35 Colour Conversion Completed
INFO:root:2021-07-28-14--45--35 Sleep Check Completed
INFO:root:2021-07-28-14--45--35 Frame manipulations completed
INFO:root:2021-07-28-14--45--35 Bounding Box Drawn
INFO:root:2021-07-28-14--45--35 MovingFrameQueue Appended
INFO:root:2021-07-28-14--45--35 anomallyFrameTracker resetted to 200
INFO:root:2021-07-28-14--45--35 Colour Conversion Completed
INFO:root:2021-07-28-14--45--35 Sleep Check Completed
INFO:root:2021-07-28-14--45--35 Frame manipulations completed
INFO:root:2021-07-28-14--45--35 Bounding Box Drawn
INFO:root:2021-07-28-14--45--35 MovingFrameQueue Popped
INFO:root:2021-07-28-14--45--35 anomallyFrameTracker resetted to 200
INFO:root:2021-07-28-14--45--35 Colour Conversion Completed
INFO:root:2021-07-28-14--45--35 Sleep Check Completed
INFO:root:2021-07-28-14--45--35 Frame manipulations completed
INFO:root:2021-07-28-14--45--35 Bounding Box Drawn
INFO:root:2021-07-28-14--45--36 MovingFrameQueue Appended
INFO:root:2021-07-28-14--45--36 anomallyFrameTracker resetted to 200
INFO:root:2021-07-28-14--45--36 Colour Conversion Completed
INFO:root:2021-07-28-14--45--36 Sleep Check Completed
INFO:root:2021-07-28-14--45--36 Frame manipulations completed
INFO:root:2021-07-28-14--45--36 Bounding Box Drawn
INFO:root:2021-07-28-14--45--36 MovingFrameQueue Popped
INFO:root:2021-07-28-14--45--36 anomallyFrameTracker resetted to 200
INFO:root:2021-07-28-14--45--36 Colour Conversion Completed
INFO:root:2021-07-28-14--45--36 Sleep Check Completed
INFO:root:2021-07-28-14--45--36 Frame manipulations completed
INFO:root:2021-07-28-14--45--36 Bounding Box Drawn
INFO:root:2021-07-28-14--45--36 MovingFrameQueue Appended
INFO:root:2021-07-28-14--45--36 anomallyFrameTracker resetted to 200
INFO:root:2021-07-28-14--45--36 Colour Conversion Completed
INFO:root:2021-07-28-14--45--36 Sleep Check Completed
INFO:root:2021-07-28-14--45--36 Frame manipulations completed
INFO:root:2021-07-28-14--45--36 Bounding Box Drawn
INFO:root:2021-07-28-14--45--36 MovingFrameQueue Popped
INFO:root:2021-07-28-14--45--36 anomallyFrameTracker resetted to 200
INFO:root:2021-07-28-14--45--36 Colour Conversion Completed
INFO:root:2021-07-28-14--45--36 Sleep Check Completed
INFO:root:2021-07-28-14--45--36 Frame manipulations completed
INFO:root:2021-07-28-14--45--36 Bounding Box Drawn
INFO:root:2021-07-28-14--45--36 MovingFrameQueue Appended
INFO:root:2021-07-28-14--45--36 anomallyFrameTracker resetted to 200
INFO:root:2021-07-28-14--45--36 Colour Conversion Completed
INFO:root:2021-07-28-14--45--36 Sleep Check Completed
INFO:root:2021-07-28-14--45--36 Frame manipulations completed
INFO:root:2021-07-28-14--45--36 Bounding Box Drawn
INFO:root:2021-07-28-14--45--37 MovingFrameQueue Popped
INFO:root:2021-07-28-14--45--37 anomallyFrameTracker resetted to 200
INFO:root:2021-07-28-14--45--37 Colour Conversion Completed
INFO:root:2021-07-28-14--45--37 Sleep Check Completed
INFO:root:2021-07-28-14--45--37 Frame manipulations completed
INFO:root:2021-07-28-14--45--37 Bounding Box Drawn
INFO:root:2021-07-28-14--45--37 MovingFrameQueue Appended
INFO:root:2021-07-28-14--45--37 anomallyFrameTracker resetted to 200
INFO:root:2021-07-28-14--45--37 Colour Conversion Completed
INFO:root:2021-07-28-14--45--37 Sleep Check Completed
INFO:root:2021-07-28-14--45--37 Frame manipulations completed
INFO:root:2021-07-28-14--45--37 Bounding Box Drawn
INFO:root:2021-07-28-14--45--37 MovingFrameQueue Popped
INFO:root:2021-07-28-14--45--37 anomallyFrameTracker resetted to 200
INFO:root:2021-07-28-14--45--37 Colour Conversion Completed
INFO:root:2021-07-28-14--45--37 Sleep Check Completed
INFO:root:2021-07-28-14--45--37 Frame manipulations completed
INFO:root:2021-07-28-14--45--37 Bounding Box Drawn
INFO:root:2021-07-28-14--45--37 MovingFrameQueue Appended
INFO:root:2021-07-28-14--45--37 anomallyFrameTracker resetted to 200
INFO:root:2021-07-28-14--45--37 Colour Conversion Completed
INFO:root:2021-07-28-14--45--37 Sleep Check Completed
INFO:root:2021-07-28-14--45--37 Frame manipulations completed
INFO:root:2021-07-28-14--45--37 Bounding Box Drawn
INFO:root:2021-07-28-14--45--37 MovingFrameQueue Popped
INFO:root:2021-07-28-14--45--37 anomallyFrameTracker resetted to 200
INFO:root:2021-07-28-14--45--37 Colour Conversion Completed
INFO:root:2021-07-28-14--45--37 Sleep Check Completed
INFO:root:2021-07-28-14--45--37 Frame manipulations completed
INFO:root:2021-07-28-14--45--37 Bounding Box Drawn
INFO:root:2021-07-28-14--45--38 MovingFrameQueue Appended
INFO:root:2021-07-28-14--45--38 anomallyFrameTracker resetted to 200
INFO:root:2021-07-28-14--45--38 Colour Conversion Completed
INFO:root:2021-07-28-14--45--38 Sleep Check Completed
INFO:root:2021-07-28-14--45--38 Frame manipulations completed
INFO:root:2021-07-28-14--45--38 Bounding Box Drawn
INFO:root:2021-07-28-14--45--38 MovingFrameQueue Popped
INFO:root:2021-07-28-14--45--38 anomallyFrameTracker resetted to 200
INFO:root:2021-07-28-14--45--38 Colour Conversion Completed
INFO:root:2021-07-28-14--45--38 Sleep Check Completed
INFO:root:2021-07-28-14--45--38 Frame manipulations completed
INFO:root:2021-07-28-14--45--38 Bounding Box Drawn
INFO:root:2021-07-28-14--45--38 MovingFrameQueue Appended
INFO:root:2021-07-28-14--45--38 anomallyFrameTracker resetted to 200
INFO:root:2021-07-28-14--45--38 Colour Conversion Completed
INFO:root:2021-07-28-14--45--38 Sleep Check Completed
INFO:root:2021-07-28-14--45--38 Frame manipulations completed
INFO:root:2021-07-28-14--45--38 Bounding Box Drawn
INFO:root:2021-07-28-14--45--38 MovingFrameQueue Popped
INFO:root:2021-07-28-14--45--38 anomallyFrameTracker resetted to 200
INFO:root:2021-07-28-14--45--38 Colour Conversion Completed
INFO:root:2021-07-28-14--45--38 Sleep Check Completed
INFO:root:2021-07-28-14--45--38 Frame manipulations completed
INFO:root:2021-07-28-14--45--38 Bounding Box Drawn
INFO:root:2021-07-28-14--45--38 MovingFrameQueue Appended
INFO:root:2021-07-28-14--45--38 anomallyFrameTracker resetted to 200
INFO:root:2021-07-28-14--45--38 Colour Conversion Completed
INFO:root:2021-07-28-14--45--38 Sleep Check Completed
INFO:root:2021-07-28-14--45--38 Frame manipulations completed
INFO:root:2021-07-28-14--45--38 Bounding Box Drawn
INFO:root:2021-07-28-14--45--38 MovingFrameQueue Popped
INFO:root:2021-07-28-14--45--38 anomallyFrameTracker resetted to 200
INFO:root:2021-07-28-14--45--38 Colour Conversion Completed
INFO:root:2021-07-28-14--45--38 Sleep Check Completed
INFO:root:2021-07-28-14--45--38 Frame manipulations completed
INFO:root:2021-07-28-14--45--38 Bounding Box Drawn
INFO:root:2021-07-28-14--45--39 MovingFrameQueue Appended
INFO:root:2021-07-28-14--45--39 anomallyFrameTracker resetted to 200
INFO:root:2021-07-28-14--45--39 Colour Conversion Completed
INFO:root:2021-07-28-14--45--39 Sleep Check Completed
INFO:root:2021-07-28-14--45--39 Frame manipulations completed
INFO:root:2021-07-28-14--45--39 Bounding Box Drawn
INFO:root:2021-07-28-14--45--39 MovingFrameQueue Popped
INFO:root:2021-07-28-14--45--39 anomallyFrameTracker resetted to 200
INFO:root:2021-07-28-14--45--39 Colour Conversion Completed
INFO:root:2021-07-28-14--45--39 Sleep Check Completed
INFO:root:2021-07-28-14--45--39 Frame manipulations completed
INFO:root:2021-07-28-14--45--39 Bounding Box Drawn
INFO:root:2021-07-28-14--45--39 MovingFrameQueue Appended
INFO:root:2021-07-28-14--45--39 anomallyFrameTracker resetted to 200
INFO:root:2021-07-28-14--45--39 Colour Conversion Completed
INFO:root:2021-07-28-14--45--39 Sleep Check Completed
INFO:root:2021-07-28-14--45--39 Frame manipulations completed
INFO:root:2021-07-28-14--45--39 Bounding Box Drawn
INFO:root:2021-07-28-14--45--39 MovingFrameQueue Popped
INFO:root:2021-07-28-14--45--39 anomallyFrameTracker resetted to 200
INFO:root:2021-07-28-14--45--39 Colour Conversion Completed
INFO:root:2021-07-28-14--45--39 Sleep Check Completed
INFO:root:2021-07-28-14--45--39 Frame manipulations completed
INFO:root:2021-07-28-14--45--39 Bounding Box Drawn
INFO:root:2021-07-28-14--45--39 MovingFrameQueue Appended
INFO:root:2021-07-28-14--45--39 anomallyFrameTracker resetted to 200
INFO:root:2021-07-28-14--45--39 Colour Conversion Completed
INFO:root:2021-07-28-14--45--39 Sleep Check Completed
INFO:root:2021-07-28-14--45--39 Frame manipulations completed
INFO:root:2021-07-28-14--45--39 Bounding Box Drawn
INFO:root:2021-07-28-14--45--40 MovingFrameQueue Popped
INFO:root:2021-07-28-14--45--40 anomallyFrameTracker resetted to 200
INFO:root:2021-07-28-14--45--40 Colour Conversion Completed
INFO:root:2021-07-28-14--45--40 Sleep Check Completed
INFO:root:2021-07-28-14--45--40 Frame manipulations completed
INFO:root:2021-07-28-14--45--40 Bounding Box Drawn
INFO:root:2021-07-28-14--45--40 MovingFrameQueue Appended
INFO:root:2021-07-28-14--45--40 anomallyFrameTracker resetted to 200
INFO:root:2021-07-28-14--45--40 Colour Conversion Completed
INFO:root:2021-07-28-14--45--40 Sleep Check Completed
INFO:root:2021-07-28-14--45--40 Frame manipulations completed
INFO:root:2021-07-28-14--45--40 Bounding Box Drawn
INFO:root:2021-07-28-14--45--40 MovingFrameQueue Popped
INFO:root:2021-07-28-14--45--40 anomallyFrameTracker resetted to 200
INFO:root:2021-07-28-14--45--40 Colour Conversion Completed
INFO:root:2021-07-28-14--45--40 Sleep Check Completed
INFO:root:2021-07-28-14--45--40 Frame manipulations completed
INFO:root:2021-07-28-14--45--40 Bounding Box Drawn
INFO:root:2021-07-28-14--45--40 MovingFrameQueue Appended
INFO:root:2021-07-28-14--45--40 anomallyFrameTracker resetted to 200
INFO:root:2021-07-28-14--45--40 Colour Conversion Completed
INFO:root:2021-07-28-14--45--40 Sleep Check Completed
INFO:root:2021-07-28-14--45--40 Frame manipulations completed
INFO:root:2021-07-28-14--45--40 Bounding Box Drawn
INFO:root:2021-07-28-14--45--40 MovingFrameQueue Popped
INFO:root:2021-07-28-14--45--40 anomallyFrameTracker resetted to 200
INFO:root:2021-07-28-14--45--40 Colour Conversion Completed
INFO:root:2021-07-28-14--45--40 Sleep Check Completed
INFO:root:2021-07-28-14--45--40 Frame manipulations completed
INFO:root:2021-07-28-14--45--40 Bounding Box Drawn
INFO:root:2021-07-28-14--45--41 MovingFrameQueue Appended
INFO:root:2021-07-28-14--45--41 anomallyFrameTracker resetted to 200
INFO:root:2021-07-28-14--45--41 Colour Conversion Completed
INFO:root:2021-07-28-14--45--41 Sleep Check Completed
INFO:root:2021-07-28-14--45--41 Frame manipulations completed
INFO:root:2021-07-28-14--45--41 Bounding Box Drawn
INFO:root:2021-07-28-14--45--41 MovingFrameQueue Popped
INFO:root:2021-07-28-14--45--41 anomallyFrameTracker resetted to 200
INFO:root:2021-07-28-14--45--41 Colour Conversion Completed
INFO:root:2021-07-28-14--45--41 Sleep Check Completed
INFO:root:2021-07-28-14--45--41 Frame manipulations completed
INFO:root:2021-07-28-14--45--41 Bounding Box Drawn
INFO:root:2021-07-28-14--45--41 MovingFrameQueue Appended
INFO:root:2021-07-28-14--45--41 anomallyFrameTracker resetted to 200
INFO:root:2021-07-28-14--45--41 Colour Conversion Completed
INFO:root:2021-07-28-14--45--41 Sleep Check Completed
INFO:root:2021-07-28-14--45--41 Frame manipulations completed
INFO:root:2021-07-28-14--45--41 Bounding Box Drawn
INFO:root:2021-07-28-14--45--41 MovingFrameQueue Popped
INFO:root:2021-07-28-14--45--41 anomallyFrameTracker resetted to 200
INFO:root:2021-07-28-14--45--41 Colour Conversion Completed
INFO:root:2021-07-28-14--45--41 Sleep Check Completed
INFO:root:2021-07-28-14--45--41 Frame manipulations completed
INFO:root:2021-07-28-14--45--41 Bounding Box Drawn
INFO:root:2021-07-28-14--45--41 MovingFrameQueue Appended
INFO:root:2021-07-28-14--45--41 anomallyFrameTracker resetted to 200
INFO:root:2021-07-28-14--45--41 Colour Conversion Completed
INFO:root:2021-07-28-14--45--41 Sleep Check Completed
INFO:root:2021-07-28-14--45--41 Frame manipulations completed
INFO:root:2021-07-28-14--45--41 Bounding Box Drawn
INFO:root:2021-07-28-14--45--42 MovingFrameQueue Popped
INFO:root:2021-07-28-14--45--42 anomallyFrameTracker resetted to 200
INFO:root:2021-07-28-14--45--42 Colour Conversion Completed
INFO:root:2021-07-28-14--45--42 Sleep Check Completed
INFO:root:2021-07-28-14--45--42 Frame manipulations completed
INFO:root:2021-07-28-14--45--42 Bounding Box Drawn
INFO:root:2021-07-28-14--45--42 MovingFrameQueue Appended
INFO:root:2021-07-28-14--45--42 anomallyFrameTracker resetted to 200
INFO:root:2021-07-28-14--45--42 Colour Conversion Completed
INFO:root:2021-07-28-14--45--42 Sleep Check Completed
INFO:root:2021-07-28-14--45--42 Frame manipulations completed
INFO:root:2021-07-28-14--45--42 Bounding Box Drawn
INFO:root:2021-07-28-14--45--42 MovingFrameQueue Popped
INFO:root:2021-07-28-14--45--42 anomallyFrameTracker resetted to 200
INFO:root:2021-07-28-14--45--42 Colour Conversion Completed
INFO:root:2021-07-28-14--45--42 Sleep Check Completed
INFO:root:2021-07-28-14--45--42 Frame manipulations completed
INFO:root:2021-07-28-14--45--42 Bounding Box Drawn
INFO:root:2021-07-28-14--45--42 MovingFrameQueue Appended
INFO:root:2021-07-28-14--45--42 anomallyFrameTracker resetted to 200
INFO:root:2021-07-28-14--45--42 Colour Conversion Completed
INFO:root:2021-07-28-14--45--42 Sleep Check Completed
INFO:root:2021-07-28-14--45--42 Frame manipulations completed
INFO:root:2021-07-28-14--45--42 Bounding Box Drawn
INFO:root:2021-07-28-14--45--43 MovingFrameQueue Popped
INFO:root:2021-07-28-14--45--43 anomallyFrameTracker resetted to 200
INFO:root:2021-07-28-14--45--43 Colour Conversion Completed
INFO:root:2021-07-28-14--45--43 Sleep Check Completed
INFO:root:2021-07-28-14--45--43 Frame manipulations completed
INFO:root:2021-07-28-14--45--43 Bounding Box Drawn
INFO:root:2021-07-28-14--45--43 MovingFrameQueue Appended
INFO:root:2021-07-28-14--45--43 anomallyFrameTracker resetted to 200
INFO:root:2021-07-28-14--45--43 Colour Conversion Completed
INFO:root:2021-07-28-14--45--43 Sleep Check Completed
INFO:root:2021-07-28-14--45--43 Frame manipulations completed
INFO:root:2021-07-28-14--45--43 Bounding Box Drawn
INFO:root:2021-07-28-14--45--43 MovingFrameQueue Popped
INFO:root:2021-07-28-14--45--43 anomallyFrameTracker resetted to 200
INFO:root:2021-07-28-14--45--43 Colour Conversion Completed
INFO:root:2021-07-28-14--45--43 Sleep Check Completed
INFO:root:2021-07-28-14--45--43 Frame manipulations completed
INFO:root:2021-07-28-14--45--43 Bounding Box Drawn
INFO:root:2021-07-28-14--45--43 MovingFrameQueue Appended
INFO:root:2021-07-28-14--45--43 anomallyFrameTracker resetted to 200
INFO:root:2021-07-28-14--45--43 Colour Conversion Completed
INFO:root:2021-07-28-14--45--43 Sleep Check Completed
INFO:root:2021-07-28-14--45--43 Frame manipulations completed
INFO:root:2021-07-28-14--45--43 Bounding Box Drawn
INFO:root:2021-07-28-14--45--43 MovingFrameQueue Popped
INFO:root:2021-07-28-14--45--43 anomallyFrameTracker resetted to 200
INFO:root:2021-07-28-14--45--43 Colour Conversion Completed
INFO:root:2021-07-28-14--45--43 Sleep Check Completed
INFO:root:2021-07-28-14--45--43 Frame manipulations completed
INFO:root:2021-07-28-14--45--43 Bounding Box Drawn
INFO:root:2021-07-28-14--45--44 MovingFrameQueue Appended
INFO:root:2021-07-28-14--45--44 anomallyFrameTracker resetted to 200
INFO:root:2021-07-28-14--45--44 Colour Conversion Completed
INFO:root:2021-07-28-14--45--44 Sleep Check Completed
INFO:root:2021-07-28-14--45--44 Frame manipulations completed
INFO:root:2021-07-28-14--45--44 Bounding Box Drawn
INFO:root:2021-07-28-14--45--44 MovingFrameQueue Popped
INFO:root:2021-07-28-14--45--44 anomallyFrameTracker resetted to 200
INFO:root:2021-07-28-14--45--44 Colour Conversion Completed
INFO:root:2021-07-28-14--45--44 Sleep Check Completed
INFO:root:2021-07-28-14--45--44 Frame manipulations completed
INFO:root:2021-07-28-14--45--44 Bounding Box Drawn
INFO:root:2021-07-28-14--45--44 MovingFrameQueue Appended
INFO:root:2021-07-28-14--45--44 anomallyFrameTracker resetted to 200
INFO:root:2021-07-28-14--45--44 Colour Conversion Completed
INFO:root:2021-07-28-14--45--44 Sleep Check Completed
INFO:root:2021-07-28-14--45--44 Frame manipulations completed
INFO:root:2021-07-28-14--45--44 Bounding Box Drawn
INFO:root:2021-07-28-14--45--44 MovingFrameQueue Popped
INFO:root:2021-07-28-14--45--44 anomallyFrameTracker resetted to 200
INFO:root:2021-07-28-14--45--44 Colour Conversion Completed
INFO:root:2021-07-28-14--45--44 Sleep Check Completed
INFO:root:2021-07-28-14--45--44 Frame manipulations completed
INFO:root:2021-07-28-14--45--44 Bounding Box Drawn
INFO:root:2021-07-28-14--45--45 MovingFrameQueue Appended
INFO:root:2021-07-28-14--45--45 anomallyFrameTracker resetted to 200
INFO:root:2021-07-28-14--45--45 Colour Conversion Completed
INFO:root:2021-07-28-14--45--45 Sleep Check Completed
INFO:root:2021-07-28-14--45--45 Frame manipulations completed
INFO:root:2021-07-28-14--45--45 Bounding Box Drawn
INFO:root:2021-07-28-14--45--45 MovingFrameQueue Popped
INFO:root:2021-07-28-14--45--45 anomallyFrameTracker resetted to 200
INFO:root:2021-07-28-14--45--45 Colour Conversion Completed
INFO:root:2021-07-28-14--45--45 Sleep Check Completed
INFO:root:2021-07-28-14--45--45 Frame manipulations completed
INFO:root:2021-07-28-14--45--45 Bounding Box Drawn
INFO:root:2021-07-28-14--45--45 MovingFrameQueue Appended
INFO:root:2021-07-28-14--45--45 anomallyFrameTracker resetted to 200
INFO:root:2021-07-28-14--45--45 Colour Conversion Completed
INFO:root:2021-07-28-14--45--45 Sleep Check Completed
INFO:root:2021-07-28-14--45--45 Frame manipulations completed
INFO:root:2021-07-28-14--45--45 Bounding Box Drawn
INFO:root:2021-07-28-14--45--45 MovingFrameQueue Popped
INFO:root:2021-07-28-14--45--45 anomallyFrameTracker resetted to 200
INFO:root:2021-07-28-14--45--45 Colour Conversion Completed
INFO:root:2021-07-28-14--45--45 Sleep Check Completed
INFO:root:2021-07-28-14--45--45 Frame manipulations completed
INFO:root:2021-07-28-14--45--45 Bounding Box Drawn
INFO:root:2021-07-28-14--45--45 MovingFrameQueue Appended
INFO:root:2021-07-28-14--45--45 anomallyFrameTracker resetted to 200
INFO:root:2021-07-28-14--45--45 Colour Conversion Completed
INFO:root:2021-07-28-14--45--46 Sleep Check Completed
INFO:root:2021-07-28-14--45--46 Frame manipulations completed
INFO:root:2021-07-28-14--45--46 Bounding Box Drawn
INFO:root:2021-07-28-14--45--46 MovingFrameQueue Popped
INFO:root:2021-07-28-14--45--46 anomallyFrameTracker resetted to 200
INFO:root:2021-07-28-14--45--46 Colour Conversion Completed
INFO:root:2021-07-28-14--45--46 Sleep Check Completed
INFO:root:2021-07-28-14--45--46 Frame manipulations completed
INFO:root:2021-07-28-14--45--46 Bounding Box Drawn
INFO:root:2021-07-28-14--45--46 MovingFrameQueue Appended
INFO:root:2021-07-28-14--45--46 anomallyFrameTracker resetted to 200
INFO:root:2021-07-28-14--45--46 Colour Conversion Completed
INFO:root:2021-07-28-14--45--46 Sleep Check Completed
INFO:root:2021-07-28-14--45--46 Frame manipulations completed
INFO:root:2021-07-28-14--45--46 Bounding Box Drawn
INFO:root:2021-07-28-14--45--46 MovingFrameQueue Popped
INFO:root:2021-07-28-14--45--46 anomallyFrameTracker resetted to 200
INFO:root:2021-07-28-14--45--46 Colour Conversion Completed
INFO:root:2021-07-28-14--45--46 Sleep Check Completed
INFO:root:2021-07-28-14--45--46 Frame manipulations completed
INFO:root:2021-07-28-14--45--46 Bounding Box Drawn
INFO:root:2021-07-28-14--45--46 MovingFrameQueue Appended
INFO:root:2021-07-28-14--45--46 anomallyFrameTracker resetted to 200
INFO:root:2021-07-28-14--45--46 Colour Conversion Completed
INFO:root:2021-07-28-14--45--46 Sleep Check Completed
INFO:root:2021-07-28-14--45--46 Frame manipulations completed
INFO:root:2021-07-28-14--45--46 Bounding Box Drawn
INFO:root:2021-07-28-14--45--46 MovingFrameQueue Popped
INFO:root:2021-07-28-14--45--46 anomallyFrameTracker resetted to 200
INFO:root:2021-07-28-14--45--46 Colour Conversion Completed
INFO:root:2021-07-28-14--45--47 Sleep Check Completed
INFO:root:2021-07-28-14--45--47 Frame manipulations completed
INFO:root:2021-07-28-14--45--47 Bounding Box Drawn
INFO:root:2021-07-28-14--45--47 MovingFrameQueue Appended
INFO:root:2021-07-28-14--45--47 anomallyFrameTracker resetted to 200
INFO:root:2021-07-28-14--45--47 Colour Conversion Completed
INFO:root:2021-07-28-14--45--47 Sleep Check Completed
INFO:root:2021-07-28-14--45--47 Frame manipulations completed
INFO:root:2021-07-28-14--45--47 Bounding Box Drawn
INFO:root:2021-07-28-14--45--47 MovingFrameQueue Popped
INFO:root:2021-07-28-14--45--47 anomallyFrameTracker resetted to 200
INFO:root:2021-07-28-14--45--47 Colour Conversion Completed
INFO:root:2021-07-28-14--45--47 Sleep Check Completed
INFO:root:2021-07-28-14--45--47 Frame manipulations completed
INFO:root:2021-07-28-14--45--47 Bounding Box Drawn
INFO:root:2021-07-28-14--45--47 MovingFrameQueue Appended
INFO:root:2021-07-28-14--45--47 anomallyFrameTracker resetted to 200
INFO:root:2021-07-28-14--45--47 Colour Conversion Completed
INFO:root:2021-07-28-14--45--47 Sleep Check Completed
INFO:root:2021-07-28-14--45--47 Frame manipulations completed
INFO:root:2021-07-28-14--45--47 Bounding Box Drawn
INFO:root:2021-07-28-14--45--47 MovingFrameQueue Popped
INFO:root:2021-07-28-14--45--47 anomallyFrameTracker resetted to 200
INFO:root:2021-07-28-14--45--47 Colour Conversion Completed
INFO:root:2021-07-28-14--45--47 Sleep Check Completed
INFO:root:2021-07-28-14--45--47 Frame manipulations completed
INFO:root:2021-07-28-14--45--47 Bounding Box Drawn
INFO:root:2021-07-28-14--45--48 MovingFrameQueue Appended
INFO:root:2021-07-28-14--45--48 anomallyFrameTracker resetted to 200
INFO:root:2021-07-28-14--45--48 Colour Conversion Completed
INFO:root:2021-07-28-14--45--48 Sleep Check Completed
INFO:root:2021-07-28-14--45--48 Frame manipulations completed
INFO:root:2021-07-28-14--45--48 Bounding Box Drawn
INFO:root:2021-07-28-14--45--48 MovingFrameQueue Popped
INFO:root:2021-07-28-14--45--48 anomallyFrameTracker resetted to 200
INFO:root:2021-07-28-14--45--48 Colour Conversion Completed
INFO:root:2021-07-28-14--45--48 Sleep Check Completed
INFO:root:2021-07-28-14--45--48 Frame manipulations completed
INFO:root:2021-07-28-14--45--48 Bounding Box Drawn
INFO:root:2021-07-28-14--45--48 MovingFrameQueue Appended
INFO:root:2021-07-28-14--45--48 anomallyFrameTracker resetted to 200
INFO:root:2021-07-28-14--45--48 Colour Conversion Completed
INFO:root:2021-07-28-14--45--48 Sleep Check Completed
INFO:root:2021-07-28-14--45--48 Frame manipulations completed
INFO:root:2021-07-28-14--45--48 Bounding Box Drawn
INFO:root:2021-07-28-14--45--48 MovingFrameQueue Popped
INFO:root:2021-07-28-14--45--48 anomallyFrameTracker resetted to 200
INFO:root:2021-07-28-14--45--48 Colour Conversion Completed
INFO:root:2021-07-28-14--45--48 Sleep Check Completed
INFO:root:2021-07-28-14--45--48 Frame manipulations completed
INFO:root:2021-07-28-14--45--48 Bounding Box Drawn
INFO:root:2021-07-28-14--45--48 MovingFrameQueue Appended
INFO:root:2021-07-28-14--45--48 anomallyFrameTracker resetted to 200
INFO:root:2021-07-28-14--45--48 Colour Conversion Completed
INFO:root:2021-07-28-14--45--48 Sleep Check Completed
INFO:root:2021-07-28-14--45--48 Frame manipulations completed
INFO:root:2021-07-28-14--45--48 Bounding Box Drawn
INFO:root:2021-07-28-14--45--49 MovingFrameQueue Popped
INFO:root:2021-07-28-14--45--49 anomallyFrameTracker resetted to 200
INFO:root:2021-07-28-14--45--49 Colour Conversion Completed
INFO:root:2021-07-28-14--45--49 Sleep Check Completed
INFO:root:2021-07-28-14--45--49 Frame manipulations completed
INFO:root:2021-07-28-14--45--49 Bounding Box Drawn
INFO:root:2021-07-28-14--45--49 MovingFrameQueue Appended
INFO:root:2021-07-28-14--45--49 anomallyFrameTracker resetted to 200
INFO:root:2021-07-28-14--45--49 Colour Conversion Completed
INFO:root:2021-07-28-14--45--49 Sleep Check Completed
INFO:root:2021-07-28-14--45--49 Frame manipulations completed
INFO:root:2021-07-28-14--45--49 Bounding Box Drawn
INFO:root:2021-07-28-14--45--49 MovingFrameQueue Popped
INFO:root:2021-07-28-14--45--49 anomallyFrameTracker resetted to 200
INFO:root:2021-07-28-14--45--49 Colour Conversion Completed
INFO:root:2021-07-28-14--45--49 Sleep Check Completed
INFO:root:2021-07-28-14--45--49 Frame manipulations completed
INFO:root:2021-07-28-14--45--49 Bounding Box Drawn
INFO:root:2021-07-28-14--45--49 MovingFrameQueue Appended
INFO:root:2021-07-28-14--45--49 anomallyFrameTracker resetted to 200
INFO:root:2021-07-28-14--45--49 Colour Conversion Completed
INFO:root:2021-07-28-14--45--49 Sleep Check Completed
INFO:root:2021-07-28-14--45--49 Frame manipulations completed
INFO:root:2021-07-28-14--45--49 Bounding Box Drawn
INFO:root:2021-07-28-14--45--49 MovingFrameQueue Popped
INFO:root:2021-07-28-14--45--49 anomallyFrameTracker resetted to 200
INFO:root:2021-07-28-14--45--49 Colour Conversion Completed
INFO:root:2021-07-28-14--45--49 Sleep Check Completed
INFO:root:2021-07-28-14--45--49 Frame manipulations completed
INFO:root:2021-07-28-14--45--49 Bounding Box Drawn
INFO:root:2021-07-28-14--45--50 MovingFrameQueue Appended
INFO:root:2021-07-28-14--45--50 anomallyFrameTracker resetted to 200
INFO:root:2021-07-28-14--45--50 Colour Conversion Completed
INFO:root:2021-07-28-14--45--50 Sleep Check Completed
INFO:root:2021-07-28-14--45--50 Frame manipulations completed
INFO:root:2021-07-28-14--45--50 Bounding Box Drawn
INFO:root:2021-07-28-14--45--50 MovingFrameQueue Popped
INFO:root:2021-07-28-14--45--50 anomallyFrameTracker resetted to 200
INFO:root:2021-07-28-14--45--50 Colour Conversion Completed
INFO:root:2021-07-28-14--45--50 Sleep Check Completed
INFO:root:2021-07-28-14--45--50 Frame manipulations completed
INFO:root:2021-07-28-14--45--50 Bounding Box Drawn
INFO:root:2021-07-28-14--45--50 MovingFrameQueue Appended
INFO:root:2021-07-28-14--45--50 anomallyFrameTracker resetted to 200
INFO:root:2021-07-28-14--45--50 Colour Conversion Completed
INFO:root:2021-07-28-14--45--50 Sleep Check Completed
INFO:root:2021-07-28-14--45--50 Frame manipulations completed
INFO:root:2021-07-28-14--45--50 Bounding Box Drawn
INFO:root:2021-07-28-14--45--50 MovingFrameQueue Popped
INFO:root:2021-07-28-14--45--50 anomallyFrameTracker resetted to 200
INFO:root:2021-07-28-14--45--50 Colour Conversion Completed
INFO:root:2021-07-28-14--45--50 Sleep Check Completed
INFO:root:2021-07-28-14--45--50 Frame manipulations completed
INFO:root:2021-07-28-14--45--50 Bounding Box Drawn
INFO:root:2021-07-28-14--45--50 MovingFrameQueue Appended
INFO:root:2021-07-28-14--45--50 anomallyFrameTracker resetted to 200
INFO:root:2021-07-28-14--45--50 Colour Conversion Completed
INFO:root:2021-07-28-14--45--50 Sleep Check Completed
INFO:root:2021-07-28-14--45--50 Frame manipulations completed
INFO:root:2021-07-28-14--45--50 Bounding Box Drawn
INFO:root:2021-07-28-14--45--50 MovingFrameQueue Popped
INFO:root:2021-07-28-14--45--50 anomallyFrameTracker resetted to 200
INFO:root:2021-07-28-14--45--50 Colour Conversion Completed
INFO:root:2021-07-28-14--45--50 Sleep Check Completed
INFO:root:2021-07-28-14--45--50 Frame manipulations completed
INFO:root:2021-07-28-14--45--50 Bounding Box Drawn
INFO:root:2021-07-28-14--45--50 MovingFrameQueue Appended
INFO:root:2021-07-28-14--45--50 anomallyFrameTracker resetted to 200
INFO:root:2021-07-28-14--45--50 Colour Conversion Completed
INFO:root:2021-07-28-14--45--50 Sleep Check Completed
INFO:root:2021-07-28-14--45--50 Frame manipulations completed
INFO:root:2021-07-28-14--45--50 Bounding Box Drawn
INFO:root:2021-07-28-14--45--51 MovingFrameQueue Popped
INFO:root:2021-07-28-14--45--51 anomallyFrameTracker resetted to 200
INFO:root:2021-07-28-14--45--51 Colour Conversion Completed
INFO:root:2021-07-28-14--45--51 Sleep Check Completed
INFO:root:2021-07-28-14--45--51 Frame manipulations completed
INFO:root:2021-07-28-14--45--51 Bounding Box Drawn
INFO:root:2021-07-28-14--45--51 MovingFrameQueue Appended
INFO:root:2021-07-28-14--45--51 anomallyFrameTracker resetted to 200
INFO:root:2021-07-28-14--45--51 Colour Conversion Completed
INFO:root:2021-07-28-14--45--51 Sleep Check Completed
INFO:root:2021-07-28-14--45--51 Frame manipulations completed
INFO:root:2021-07-28-14--45--51 Bounding Box Drawn
INFO:root:2021-07-28-14--45--51 MovingFrameQueue Popped
INFO:root:2021-07-28-14--45--51 anomallyFrameTracker resetted to 200
INFO:root:2021-07-28-14--45--51 Colour Conversion Completed
INFO:root:2021-07-28-14--45--51 Sleep Check Completed
INFO:root:2021-07-28-14--45--51 Frame manipulations completed
INFO:root:2021-07-28-14--45--51 Bounding Box Drawn
INFO:root:2021-07-28-14--45--51 MovingFrameQueue Appended
INFO:root:2021-07-28-14--45--51 anomallyFrameTracker resetted to 200
INFO:root:2021-07-28-14--45--51 Colour Conversion Completed
INFO:root:2021-07-28-14--45--52 Sleep Check Completed
INFO:root:2021-07-28-14--45--52 Frame manipulations completed
INFO:root:2021-07-28-14--45--52 Bounding Box Drawn
INFO:root:2021-07-28-14--45--52 MovingFrameQueue Popped
INFO:root:2021-07-28-14--45--52 anomallyFrameTracker resetted to 200
INFO:root:2021-07-28-14--45--52 Colour Conversion Completed
INFO:root:2021-07-28-14--45--52 Sleep Check Completed
INFO:root:2021-07-28-14--45--52 Frame manipulations completed
INFO:root:2021-07-28-14--45--52 Bounding Box Drawn
INFO:root:2021-07-28-14--45--52 MovingFrameQueue Appended
INFO:root:2021-07-28-14--45--52 anomallyFrameTracker resetted to 200
INFO:root:2021-07-28-14--45--52 Colour Conversion Completed
INFO:root:2021-07-28-14--45--52 Sleep Check Completed
INFO:root:2021-07-28-14--45--52 Frame manipulations completed
INFO:root:2021-07-28-14--45--52 Bounding Box Drawn
INFO:root:2021-07-28-14--45--52[INFO] elapsed time: 44.41
INFO:root:2021-07-28-14--45--52[INFO] approx. FPS: 4.12
