INFO:root:2021-07-23-15--46--01 Parameter Generation Success
INFO:root:2021-07-23-15--46--01 Colour Conversion Completed
INFO:root:2021-07-23-15--46--01 Sleep Check Completed
INFO:root:2021-07-23-15--46--01 Frame manipulations completed
INFO:root:2021-07-23-15--46--01 Bounding Box Drawn
INFO:root:2021-07-23-15--46--06 MovingFrameQueue Appended
INFO:root:2021-07-23-15--46--06 anomallyFrameTracker resetted to 200
INFO:root:2021-07-23-15--46--06 Colour Conversion Completed
INFO:root:2021-07-23-15--46--06 Sleep Check Completed
INFO:root:2021-07-23-15--46--06 Frame manipulations completed
INFO:root:2021-07-23-15--46--06 Bounding Box Drawn
INFO:root:2021-07-23-15--46--06 MovingFrameQueue Appended
INFO:root:2021-07-23-15--46--06 anomallyFrameTracker resetted to 200
INFO:root:2021-07-23-15--46--06 Colour Conversion Completed
INFO:root:2021-07-23-15--46--06 Sleep Check Completed
INFO:root:2021-07-23-15--46--06 Frame manipulations completed
INFO:root:2021-07-23-15--46--06 Bounding Box Drawn
INFO:root:2021-07-23-15--46--06 MovingFrameQueue Appended
INFO:root:2021-07-23-15--46--06 anomallyFrameTracker resetted to 200
INFO:root:2021-07-23-15--46--07 Colour Conversion Completed
INFO:root:2021-07-23-15--46--07 Sleep Check Completed
INFO:root:2021-07-23-15--46--07 Frame manipulations completed
INFO:root:2021-07-23-15--46--07 Bounding Box Drawn
INFO:root:2021-07-23-15--46--07 MovingFrameQueue Appended
INFO:root:2021-07-23-15--46--07 anomallyFrameTracker resetted to 200
INFO:root:2021-07-23-15--46--07 Colour Conversion Completed
INFO:root:2021-07-23-15--46--07 Sleep Check Completed
INFO:root:2021-07-23-15--46--07 Frame manipulations completed
INFO:root:2021-07-23-15--46--07 Bounding Box Drawn
INFO:root:2021-07-23-15--46--07 MovingFrameQueue Appended
INFO:root:2021-07-23-15--46--07 anomallyFrameTracker resetted to 200
INFO:root:2021-07-23-15--46--07 Colour Conversion Completed
INFO:root:2021-07-23-15--46--07 Sleep Check Completed
INFO:root:2021-07-23-15--46--07 Frame manipulations completed
INFO:root:2021-07-23-15--46--07 Bounding Box Drawn
INFO:root:2021-07-23-15--46--07 MovingFrameQueue Appended
INFO:root:2021-07-23-15--46--07 anomallyFrameTracker resetted to 200
INFO:root:2021-07-23-15--46--07 Colour Conversion Completed
INFO:root:2021-07-23-15--46--07 Sleep Check Completed
INFO:root:2021-07-23-15--46--07 Frame manipulations completed
INFO:root:2021-07-23-15--46--07 Bounding Box Drawn
INFO:root:2021-07-23-15--46--07 MovingFrameQueue Appended
INFO:root:2021-07-23-15--46--07 anomallyFrameTracker resetted to 200
INFO:root:2021-07-23-15--46--07 Colour Conversion Completed
INFO:root:2021-07-23-15--46--07 Sleep Check Completed
INFO:root:2021-07-23-15--46--07 Frame manipulations completed
INFO:root:2021-07-23-15--46--07 Bounding Box Drawn
INFO:root:2021-07-23-15--46--07 MovingFrameQueue Appended
INFO:root:2021-07-23-15--46--07 anomallyFrameTracker resetted to 200
INFO:root:2021-07-23-15--46--07 Colour Conversion Completed
INFO:root:2021-07-23-15--46--07 Sleep Check Completed
INFO:root:2021-07-23-15--46--07 Frame manipulations completed
INFO:root:2021-07-23-15--46--07 Bounding Box Drawn
INFO:root:2021-07-23-15--46--07 MovingFrameQueue Appended
INFO:root:2021-07-23-15--46--07 anomallyFrameTracker resetted to 200
INFO:root:2021-07-23-15--46--07 Colour Conversion Completed
INFO:root:2021-07-23-15--46--07 Sleep Check Completed
INFO:root:2021-07-23-15--46--07 Frame manipulations completed
INFO:root:2021-07-23-15--46--07 Bounding Box Drawn
INFO:root:2021-07-23-15--46--08 MovingFrameQueue Appended
INFO:root:2021-07-23-15--46--08 anomallyFrameTracker resetted to 200
INFO:root:2021-07-23-15--46--08 Colour Conversion Completed
INFO:root:2021-07-23-15--46--08 Sleep Check Completed
INFO:root:2021-07-23-15--46--08 Frame manipulations completed
INFO:root:2021-07-23-15--46--08 Bounding Box Drawn
INFO:root:2021-07-23-15--46--08 MovingFrameQueue Appended
INFO:root:2021-07-23-15--46--08 anomallyFrameTracker resetted to 200
INFO:root:2021-07-23-15--46--08 Colour Conversion Completed
INFO:root:2021-07-23-15--46--08 Sleep Check Completed
INFO:root:2021-07-23-15--46--08 Frame manipulations completed
INFO:root:2021-07-23-15--46--08 Bounding Box Drawn
INFO:root:2021-07-23-15--46--08 MovingFrameQueue Appended
INFO:root:2021-07-23-15--46--08 anomallyFrameTracker resetted to 200
INFO:root:2021-07-23-15--46--08 Colour Conversion Completed
INFO:root:2021-07-23-15--46--08 Sleep Check Completed
INFO:root:2021-07-23-15--46--08 Frame manipulations completed
INFO:root:2021-07-23-15--46--08 Bounding Box Drawn
INFO:root:2021-07-23-15--46--08 MovingFrameQueue Appended
INFO:root:2021-07-23-15--46--08 anomallyFrameTracker resetted to 200
INFO:root:2021-07-23-15--46--08 Colour Conversion Completed
INFO:root:2021-07-23-15--46--08 Sleep Check Completed
INFO:root:2021-07-23-15--46--08 Frame manipulations completed
INFO:root:2021-07-23-15--46--08 Bounding Box Drawn
INFO:root:2021-07-23-15--46--08 MovingFrameQueue Appended
INFO:root:2021-07-23-15--46--08 anomallyFrameTracker resetted to 200
INFO:root:2021-07-23-15--46--08 Colour Conversion Completed
INFO:root:2021-07-23-15--46--08 Sleep Check Completed
INFO:root:2021-07-23-15--46--08 Frame manipulations completed
INFO:root:2021-07-23-15--46--08 Bounding Box Drawn
INFO:root:2021-07-23-15--46--08 MovingFrameQueue Appended
INFO:root:2021-07-23-15--46--08 anomallyFrameTracker resetted to 200
INFO:root:2021-07-23-15--46--08 Colour Conversion Completed
INFO:root:2021-07-23-15--46--08 Sleep Check Completed
INFO:root:2021-07-23-15--46--08 Frame manipulations completed
INFO:root:2021-07-23-15--46--08 Bounding Box Drawn
INFO:root:2021-07-23-15--46--08 MovingFrameQueue Appended
INFO:root:2021-07-23-15--46--08 anomallyFrameTracker resetted to 200
INFO:root:2021-07-23-15--46--08 Colour Conversion Completed
INFO:root:2021-07-23-15--46--08 Sleep Check Completed
INFO:root:2021-07-23-15--46--08 Frame manipulations completed
INFO:root:2021-07-23-15--46--08 Bounding Box Drawn
INFO:root:2021-07-23-15--46--08 MovingFrameQueue Appended
INFO:root:2021-07-23-15--46--08 anomallyFrameTracker resetted to 200
INFO:root:2021-07-23-15--46--08 Colour Conversion Completed
INFO:root:2021-07-23-15--46--08 Sleep Check Completed
INFO:root:2021-07-23-15--46--08 Frame manipulations completed
INFO:root:2021-07-23-15--46--08 Bounding Box Drawn
INFO:root:2021-07-23-15--46--08 MovingFrameQueue Appended
INFO:root:2021-07-23-15--46--08 anomallyFrameTracker resetted to 200
INFO:root:2021-07-23-15--46--08 Colour Conversion Completed
INFO:root:2021-07-23-15--46--08 Sleep Check Completed
INFO:root:2021-07-23-15--46--08 Frame manipulations completed
INFO:root:2021-07-23-15--46--08 Bounding Box Drawn
INFO:root:2021-07-23-15--46--08 MovingFrameQueue Appended
INFO:root:2021-07-23-15--46--08 anomallyFrameTracker resetted to 200
INFO:root:2021-07-23-15--46--08 Colour Conversion Completed
INFO:root:2021-07-23-15--46--09 Sleep Check Completed
INFO:root:2021-07-23-15--46--09 Frame manipulations completed
INFO:root:2021-07-23-15--46--09 Bounding Box Drawn
INFO:root:2021-07-23-15--46--09 MovingFrameQueue Appended
INFO:root:2021-07-23-15--46--09 anomallyFrameTracker resetted to 200
INFO:root:2021-07-23-15--46--09 Colour Conversion Completed
INFO:root:2021-07-23-15--46--09 Sleep Check Completed
INFO:root:2021-07-23-15--46--09 Frame manipulations completed
INFO:root:2021-07-23-15--46--09 Bounding Box Drawn
INFO:root:2021-07-23-15--46--09 MovingFrameQueue Appended
INFO:root:2021-07-23-15--46--09 anomallyFrameTracker resetted to 200
INFO:root:2021-07-23-15--46--09 Colour Conversion Completed
INFO:root:2021-07-23-15--46--09 Sleep Check Completed
INFO:root:2021-07-23-15--46--09 Frame manipulations completed
INFO:root:2021-07-23-15--46--09 Bounding Box Drawn
INFO:root:2021-07-23-15--46--09 MovingFrameQueue Appended
INFO:root:2021-07-23-15--46--09 anomallyFrameTracker resetted to 200
INFO:root:2021-07-23-15--46--09 Colour Conversion Completed
INFO:root:2021-07-23-15--46--09 Sleep Check Completed
INFO:root:2021-07-23-15--46--09 Frame manipulations completed
INFO:root:2021-07-23-15--46--09 Bounding Box Drawn
INFO:root:2021-07-23-15--46--09 MovingFrameQueue Appended
INFO:root:2021-07-23-15--46--09 anomallyFrameTracker resetted to 200
INFO:root:2021-07-23-15--46--09 Colour Conversion Completed
INFO:root:2021-07-23-15--46--09 Sleep Check Completed
INFO:root:2021-07-23-15--46--09 Frame manipulations completed
INFO:root:2021-07-23-15--46--09 Bounding Box Drawn
INFO:root:2021-07-23-15--46--09 MovingFrameQueue Appended
INFO:root:2021-07-23-15--46--09 anomallyFrameTracker resetted to 200
INFO:root:2021-07-23-15--46--09 Colour Conversion Completed
INFO:root:2021-07-23-15--46--09 Sleep Check Completed
INFO:root:2021-07-23-15--46--09 Frame manipulations completed
INFO:root:2021-07-23-15--46--09 Bounding Box Drawn
INFO:root:2021-07-23-15--46--09 MovingFrameQueue Appended
INFO:root:2021-07-23-15--46--09 anomallyFrameTracker resetted to 200
INFO:root:2021-07-23-15--46--09 Colour Conversion Completed
INFO:root:2021-07-23-15--46--09 Sleep Check Completed
INFO:root:2021-07-23-15--46--09 Frame manipulations completed
INFO:root:2021-07-23-15--46--09 Bounding Box Drawn
INFO:root:2021-07-23-15--46--09 MovingFrameQueue Appended
INFO:root:2021-07-23-15--46--09 anomallyFrameTracker resetted to 200
INFO:root:2021-07-23-15--46--09 Colour Conversion Completed
INFO:root:2021-07-23-15--46--09 Sleep Check Completed
INFO:root:2021-07-23-15--46--09 Frame manipulations completed
INFO:root:2021-07-23-15--46--09 Bounding Box Drawn
INFO:root:2021-07-23-15--46--09 MovingFrameQueue Appended
INFO:root:2021-07-23-15--46--09 anomallyFrameTracker resetted to 200
INFO:root:2021-07-23-15--46--09 Colour Conversion Completed
INFO:root:2021-07-23-15--46--09 Sleep Check Completed
INFO:root:2021-07-23-15--46--09 Frame manipulations completed
INFO:root:2021-07-23-15--46--09 Bounding Box Drawn
INFO:root:2021-07-23-15--46--10 MovingFrameQueue Appended
INFO:root:2021-07-23-15--46--10 anomallyFrameTracker resetted to 200
INFO:root:2021-07-23-15--46--10 Colour Conversion Completed
INFO:root:2021-07-23-15--46--10 Sleep Check Completed
INFO:root:2021-07-23-15--46--10 Frame manipulations completed
INFO:root:2021-07-23-15--46--10 Bounding Box Drawn
INFO:root:2021-07-23-15--46--10 MovingFrameQueue Appended
INFO:root:2021-07-23-15--46--10 anomallyFrameTracker resetted to 200
INFO:root:2021-07-23-15--46--10 Colour Conversion Completed
INFO:root:2021-07-23-15--46--10 Sleep Check Completed
INFO:root:2021-07-23-15--46--10 Frame manipulations completed
INFO:root:2021-07-23-15--46--10 Bounding Box Drawn
INFO:root:2021-07-23-15--46--10 MovingFrameQueue Appended
INFO:root:2021-07-23-15--46--10 anomallyFrameTracker resetted to 200
INFO:root:2021-07-23-15--46--10 Colour Conversion Completed
INFO:root:2021-07-23-15--46--10 Sleep Check Completed
INFO:root:2021-07-23-15--46--10 Frame manipulations completed
INFO:root:2021-07-23-15--46--10 Bounding Box Drawn
INFO:root:2021-07-23-15--46--10 MovingFrameQueue Appended
INFO:root:2021-07-23-15--46--10 anomallyFrameTracker resetted to 200
INFO:root:2021-07-23-15--46--10 Colour Conversion Completed
INFO:root:2021-07-23-15--46--10 Sleep Check Completed
INFO:root:2021-07-23-15--46--10 Frame manipulations completed
INFO:root:2021-07-23-15--46--10 Bounding Box Drawn
INFO:root:2021-07-23-15--46--10 MovingFrameQueue Appended
INFO:root:2021-07-23-15--46--10 anomallyFrameTracker resetted to 200
INFO:root:2021-07-23-15--46--10 Colour Conversion Completed
INFO:root:2021-07-23-15--46--10 Sleep Check Completed
INFO:root:2021-07-23-15--46--10 Frame manipulations completed
INFO:root:2021-07-23-15--46--10 Bounding Box Drawn
INFO:root:2021-07-23-15--46--10 MovingFrameQueue Appended
INFO:root:2021-07-23-15--46--10 anomallyFrameTracker resetted to 200
INFO:root:2021-07-23-15--46--10 Colour Conversion Completed
INFO:root:2021-07-23-15--46--10 Sleep Check Completed
INFO:root:2021-07-23-15--46--10 Frame manipulations completed
INFO:root:2021-07-23-15--46--10 Bounding Box Drawn
INFO:root:2021-07-23-15--46--10 MovingFrameQueue Appended
INFO:root:2021-07-23-15--46--10 anomallyFrameTracker resetted to 200
INFO:root:2021-07-23-15--46--10 Colour Conversion Completed
INFO:root:2021-07-23-15--46--10 Sleep Check Completed
INFO:root:2021-07-23-15--46--10 Frame manipulations completed
INFO:root:2021-07-23-15--46--10 Bounding Box Drawn
INFO:root:2021-07-23-15--46--10 MovingFrameQueue Appended
INFO:root:2021-07-23-15--46--10 anomallyFrameTracker resetted to 200
INFO:root:2021-07-23-15--46--10 Colour Conversion Completed
INFO:root:2021-07-23-15--46--10 Sleep Check Completed
INFO:root:2021-07-23-15--46--10 Frame manipulations completed
INFO:root:2021-07-23-15--46--10 Bounding Box Drawn
INFO:root:2021-07-23-15--46--10 MovingFrameQueue Appended
INFO:root:2021-07-23-15--46--10 anomallyFrameTracker resetted to 200
INFO:root:2021-07-23-15--46--10 Colour Conversion Completed
INFO:root:2021-07-23-15--46--10 Sleep Check Completed
INFO:root:2021-07-23-15--46--10 Frame manipulations completed
INFO:root:2021-07-23-15--46--10 Bounding Box Drawn
INFO:root:2021-07-23-15--46--11 MovingFrameQueue Appended
INFO:root:2021-07-23-15--46--11 anomallyFrameTracker resetted to 200
INFO:root:2021-07-23-15--46--11 Colour Conversion Completed
INFO:root:2021-07-23-15--46--11 Sleep Check Completed
INFO:root:2021-07-23-15--46--11 Frame manipulations completed
INFO:root:2021-07-23-15--46--11 Bounding Box Drawn
INFO:root:2021-07-23-15--46--11 MovingFrameQueue Appended
INFO:root:2021-07-23-15--46--11 anomallyFrameTracker resetted to 200
INFO:root:2021-07-23-15--46--11 Colour Conversion Completed
INFO:root:2021-07-23-15--46--11 Sleep Check Completed
INFO:root:2021-07-23-15--46--11 Frame manipulations completed
INFO:root:2021-07-23-15--46--11 Bounding Box Drawn
INFO:root:2021-07-23-15--46--11 MovingFrameQueue Appended
INFO:root:2021-07-23-15--46--11 anomallyFrameTracker resetted to 200
INFO:root:2021-07-23-15--46--11 Colour Conversion Completed
INFO:root:2021-07-23-15--46--11 Sleep Check Completed
INFO:root:2021-07-23-15--46--11 Frame manipulations completed
INFO:root:2021-07-23-15--46--11 Bounding Box Drawn
INFO:root:2021-07-23-15--46--11 MovingFrameQueue Appended
INFO:root:2021-07-23-15--46--11 anomallyFrameTracker resetted to 200
INFO:root:2021-07-23-15--46--11 Colour Conversion Completed
INFO:root:2021-07-23-15--46--11 Sleep Check Completed
INFO:root:2021-07-23-15--46--11 Frame manipulations completed
INFO:root:2021-07-23-15--46--11 Bounding Box Drawn
INFO:root:2021-07-23-15--46--11 MovingFrameQueue Appended
INFO:root:2021-07-23-15--46--11 anomallyFrameTracker resetted to 200
INFO:root:2021-07-23-15--46--11 Colour Conversion Completed
INFO:root:2021-07-23-15--46--11 Sleep Check Completed
INFO:root:2021-07-23-15--46--11 Frame manipulations completed
INFO:root:2021-07-23-15--46--11 Bounding Box Drawn
INFO:root:2021-07-23-15--46--11 MovingFrameQueue Appended
INFO:root:2021-07-23-15--46--11 anomallyFrameTracker resetted to 200
INFO:root:2021-07-23-15--46--11 Colour Conversion Completed
INFO:root:2021-07-23-15--46--11 Sleep Check Completed
INFO:root:2021-07-23-15--46--11 Frame manipulations completed
INFO:root:2021-07-23-15--46--11 Bounding Box Drawn
INFO:root:2021-07-23-15--46--11 MovingFrameQueue Appended
INFO:root:2021-07-23-15--46--11 anomallyFrameTracker resetted to 200
INFO:root:2021-07-23-15--46--11 Colour Conversion Completed
INFO:root:2021-07-23-15--46--11 Sleep Check Completed
INFO:root:2021-07-23-15--46--11 Frame manipulations completed
INFO:root:2021-07-23-15--46--11 Bounding Box Drawn
INFO:root:2021-07-23-15--46--12 MovingFrameQueue Appended
INFO:root:2021-07-23-15--46--12 anomallyFrameTracker resetted to 200
INFO:root:2021-07-23-15--46--12 Colour Conversion Completed
INFO:root:2021-07-23-15--46--12 Sleep Check Completed
INFO:root:2021-07-23-15--46--12 Frame manipulations completed
INFO:root:2021-07-23-15--46--12 Bounding Box Drawn
INFO:root:2021-07-23-15--46--12 MovingFrameQueue Appended
INFO:root:2021-07-23-15--46--12 anomallyFrameTracker resetted to 200
INFO:root:2021-07-23-15--46--12 Colour Conversion Completed
INFO:root:2021-07-23-15--46--12 Sleep Check Completed
INFO:root:2021-07-23-15--46--12 Frame manipulations completed
INFO:root:2021-07-23-15--46--12 Bounding Box Drawn
INFO:root:2021-07-23-15--46--12 MovingFrameQueue Appended
INFO:root:2021-07-23-15--46--12 anomallyFrameTracker resetted to 200
INFO:root:2021-07-23-15--46--12 Colour Conversion Completed
INFO:root:2021-07-23-15--46--12 Sleep Check Completed
INFO:root:2021-07-23-15--46--12 Frame manipulations completed
INFO:root:2021-07-23-15--46--12 Bounding Box Drawn
INFO:root:2021-07-23-15--46--12 MovingFrameQueue Appended
INFO:root:2021-07-23-15--46--12 anomallyFrameTracker resetted to 200
INFO:root:2021-07-23-15--46--12 Colour Conversion Completed
INFO:root:2021-07-23-15--46--12 Sleep Check Completed
INFO:root:2021-07-23-15--46--12 Frame manipulations completed
INFO:root:2021-07-23-15--46--12 Bounding Box Drawn
INFO:root:2021-07-23-15--46--12[INFO] elapsed time: 11.32
INFO:root:2021-07-23-15--46--12[INFO] approx. FPS: 4.15
INFO:root:2021-07-23-15--46--12 Getting Auth Token Success
INFO:root:2021-07-23-15--46--13 BedTime Upload Completed
